<!DOCTYPE html><html lang="en"><head><meta charset="utf-8" /><meta name="viewport" content="width=device-width, initial-scale=1, shrink-to-fit=no" /><link rel="stylesheet" href="https://stackpath.bootstrapcdn.com/bootstrap/4.3.1/css/bootstrap.min.css" integrity="sha384-ggOyR0iXCbMQv3Xipma34MD+dH/1fQ784/j6cY/iJTQUOhcWr7x9JvoRxT2MZw1T" crossorigin="anonymous" /><title>Cosmic Ray Report</title></head><body><div class="container"><h1><p class="text-dark">Cosmic Ray Report</p></h1></div><div class="container"><div class="mb-1" id="summary_info___accordion"><div class="card"><a data-toggle="collapse" data-target="#summary_info___collapse_1" aria-expanded="true" aria-controls="summary_info___collapse_1" href="#"><div class="card-header" id="summary_info___heading_1"><button class="btn btn-outline-dark"><h4 class="m-0">Summary info</h4></button></div></a><div aria-labelledby="summary_info___heading_1" data-parent="#summary_info___accordion" class="collapse show" id="summary_info___collapse_1"><div class="card-body"><p>Date time: 28/02/2024 18:24:36</p><p>Total jobs: 62</p><p>Complete: 62 (100.00%)</p><p>Surviving mutants: 9 (14.52%)</p></div></div></div></div><div class="mb-1" id="job_list___accordion"><div class="card"><a data-toggle="collapse" data-target="#job_list___collapse_1" aria-expanded="false" aria-controls="job_list___collapse_1" href="#"><div class="card-header" id="job_list___heading_1"><button class="btn btn-outline-dark"><h4 class="m-0">Job list</h4></button></div></a><div aria-labelledby="job_list___heading_1" data-parent="#job_list___accordion" class="collapse" id="job_list___collapse_1"><div class="card-body"><div class="text-right mb-1"><div class="mx-1" id="job_item_expand_all"><a href="#" onclick="$('div.job_list___sub_multi_collapse').collapse('show');"><button class="btn btn-outline-dark"><span>Expand All</span></button></a></div><div class="mx-1" id="job_item_collapse_all"><a href="#" onclick="$('div.job_list___sub_multi_collapse').collapse('hide');"><button class="btn btn-outline-dark"><span>Collapse All</span></button></a></div></div><div class="mb-1" id="job_list___sub_accordion_1"><div class="card"><a data-toggle="collapse" data-target="#job_list___sub_collapse_1_1" aria-expanded="false" aria-controls="job_list___sub_collapse_1_1" href="#" class="job_list___sub_multi_heading"><div role="alert" class="card-header alert-success" id="job_list___sub_heading_1_1"><button class="btn btn-outline-success"><span class="job_id">1 : Job ID a23e88b72386426d81d612ed5c162373</span></button></div></a><div aria-labelledby="job_list___sub_heading_1_1" data-parent="#job_list___sub_accordion_1" class="collapse job_list___sub_multi_collapse" id="job_list___sub_collapse_1_1"><div class="card-body"><div class="work-item"><div class="alert alert-success test-outcome" role="alert"><p>worker outcome: normal</p><p>test outcome: killed</p></div></div><pre class="location"><a href="pycharm://open?file=stack3.py&amp;line=24" class="text-secondary"><button class="btn btn-outline-dark">stack3.py, start pos: (24, 23), end pos: (24, 25)</button></a></pre><pre>operator: core/ReplaceComparisonOperator_Eq_NotEq, occurrence: 0</pre><div class="alert alert-secondary"><pre class="diff">--- mutation diff ---
--- astack3.py
+++ bstack3.py
@@ -21,7 +21,7 @@
         """Add element to linked list."""
 
         newNode = Node(value)
-        if self.__size == 0:
+        if self.__size != 0:
             self.__head.next = newNode
             self.__head = newNode
             self.__size += 1</pre></div><div class="alert alert-secondary"><pre class="diff">timeout</pre></div></div></div></div></div><div class="mb-1" id="job_list___sub_accordion_2"><div class="card"><a data-toggle="collapse" data-target="#job_list___sub_collapse_2_1" aria-expanded="false" aria-controls="job_list___sub_collapse_2_1" href="#" class="job_list___sub_multi_heading"><div role="alert" class="card-header alert-success" id="job_list___sub_heading_2_1"><button class="btn btn-outline-success"><span class="job_id">2 : Job ID cacb66f42e7142459b4722a724396b2e</span></button></div></a><div aria-labelledby="job_list___sub_heading_2_1" data-parent="#job_list___sub_accordion_2" class="collapse job_list___sub_multi_collapse" id="job_list___sub_collapse_2_1"><div class="card-body"><div class="work-item"><div class="alert alert-success test-outcome" role="alert"><p>worker outcome: normal</p><p>test outcome: killed</p></div></div><pre class="location"><a href="pycharm://open?file=stack3.py&amp;line=38" class="text-secondary"><button class="btn btn-outline-dark">stack3.py, start pos: (38, 23), end pos: (38, 25)</button></a></pre><pre>operator: core/ReplaceComparisonOperator_Eq_NotEq, occurrence: 1</pre><div class="alert alert-secondary"><pre class="diff">--- mutation diff ---
--- astack3.py
+++ bstack3.py
@@ -35,7 +35,7 @@
 
         """Remove node from linkedlist."""
 
-        if self.__size == 0:
+        if self.__size != 0:
             return None
         if self.__size == 1: # Alterado para corrigir comportamento
             nodeToRemove = self.__head</pre></div><div class="alert alert-secondary"><pre class="diff">============================= test session starts ==============================
platform linux -- Python 3.10.12, pytest-7.1.3, pluggy-1.0.0
rootdir: /home/lucca/desktop/ic/experimento/testes/python_experiments/stack3
plugins: Faker-15.1.1, hypothesis-6.56.3
collected 67 items

ALL-SMART-GPT-MUTATEST/test_stack3_DYNAMOSA.py .F..F....FF..F.FF         [ 25%]
ALL-SMART-GPT-MUTATEST/test_stack3_MIO.py ...F.................          [ 56%]
ALL-SMART-GPT-MUTATEST/test_stack3_MOSA.py .F..F....FF..F.FF             [ 82%]
ALL-SMART-GPT-MUTATEST/test_stack3_MUTATEST.py FF.                       [ 86%]
ALL-SMART-GPT-MUTATEST/test_stack3_WHOLE_SUITE.py .F..FF..F              [100%]

=========================== short test summary info ============================
FAILED ALL-SMART-GPT-MUTATEST/test_stack3_DYNAMOSA.py::test_case_1 - Assertio...
FAILED ALL-SMART-GPT-MUTATEST/test_stack3_DYNAMOSA.py::test_case_4 - assert &lt;...
FAILED ALL-SMART-GPT-MUTATEST/test_stack3_DYNAMOSA.py::test_case_9 - Assertio...
FAILED ALL-SMART-GPT-MUTATEST/test_stack3_DYNAMOSA.py::test_case_10 - Asserti...
FAILED ALL-SMART-GPT-MUTATEST/test_stack3_DYNAMOSA.py::test_case_13 - Asserti...
FAILED ALL-SMART-GPT-MUTATEST/test_stack3_DYNAMOSA.py::test_case_15 - Asserti...
FAILED ALL-SMART-GPT-MUTATEST/test_stack3_DYNAMOSA.py::test_case_16 - Asserti...
FAILED ALL-SMART-GPT-MUTATEST/test_stack3_MIO.py::test_case_3 - AssertionErro...
FAILED ALL-SMART-GPT-MUTATEST/test_stack3_MOSA.py::test_case_1 - AssertionErr...
FAILED ALL-SMART-GPT-MUTATEST/test_stack3_MOSA.py::test_case_4 - assert &lt;stac...
FAILED ALL-SMART-GPT-MUTATEST/test_stack3_MOSA.py::test_case_9 - AssertionErr...
FAILED ALL-SMART-GPT-MUTATEST/test_stack3_MOSA.py::test_case_10 - AssertionEr...
FAILED ALL-SMART-GPT-MUTATEST/test_stack3_MOSA.py::test_case_13 - AssertionEr...
FAILED ALL-SMART-GPT-MUTATEST/test_stack3_MOSA.py::test_case_15 - AssertionEr...
FAILED ALL-SMART-GPT-MUTATEST/test_stack3_MOSA.py::test_case_16 - AssertionEr...
FAILED ALL-SMART-GPT-MUTATEST/test_stack3_MUTATEST.py::test_remove_multiple_elements_small_list
FAILED ALL-SMART-GPT-MUTATEST/test_stack3_MUTATEST.py::test_remove_single_element
FAILED ALL-SMART-GPT-MUTATEST/test_stack3_WHOLE_SUITE.py::test_case_1 - Asser...
FAILED ALL-SMART-GPT-MUTATEST/test_stack3_WHOLE_SUITE.py::test_case_4 - Asser...
FAILED ALL-SMART-GPT-MUTATEST/test_stack3_WHOLE_SUITE.py::test_case_5 - asser...
FAILED ALL-SMART-GPT-MUTATEST/test_stack3_WHOLE_SUITE.py::test_case_8 - asser...
======================== 21 failed, 46 passed in 0.38s =========================
</pre></div></div></div></div></div><div class="mb-1" id="job_list___sub_accordion_3"><div class="card"><a data-toggle="collapse" data-target="#job_list___sub_collapse_3_1" aria-expanded="false" aria-controls="job_list___sub_collapse_3_1" href="#" class="job_list___sub_multi_heading"><div role="alert" class="card-header alert-success" id="job_list___sub_heading_3_1"><button class="btn btn-outline-success"><span class="job_id">3 : Job ID 52ab6288474a47908870c2206c51b1ba</span></button></div></a><div aria-labelledby="job_list___sub_heading_3_1" data-parent="#job_list___sub_accordion_3" class="collapse job_list___sub_multi_collapse" id="job_list___sub_collapse_3_1"><div class="card-body"><div class="work-item"><div class="alert alert-success test-outcome" role="alert"><p>worker outcome: normal</p><p>test outcome: killed</p></div></div><pre class="location"><a href="pycharm://open?file=stack3.py&amp;line=40" class="text-secondary"><button class="btn btn-outline-dark">stack3.py, start pos: (40, 23), end pos: (40, 25)</button></a></pre><pre>operator: core/ReplaceComparisonOperator_Eq_NotEq, occurrence: 2</pre><div class="alert alert-secondary"><pre class="diff">--- mutation diff ---
--- astack3.py
+++ bstack3.py
@@ -37,7 +37,7 @@
 
         if self.__size == 0:
             return None
-        if self.__size == 1: # Alterado para corrigir comportamento
+        if self.__size != 1: # Alterado para corrigir comportamento
             nodeToRemove = self.__head
             self.__sentinel.next = None
             self.__head = self.__sentinel</pre></div><div class="alert alert-secondary"><pre class="diff">============================= test session starts ==============================
platform linux -- Python 3.10.12, pytest-7.1.3, pluggy-1.0.0
rootdir: /home/lucca/desktop/ic/experimento/testes/python_experiments/stack3
plugins: Faker-15.1.1, hypothesis-6.56.3
collected 67 items

ALL-SMART-GPT-MUTATEST/test_stack3_DYNAMOSA.py .........F...F...         [ 25%]
ALL-SMART-GPT-MUTATEST/test_stack3_MIO.py .....................          [ 56%]
ALL-SMART-GPT-MUTATEST/test_stack3_MOSA.py .........F...F...             [ 82%]
ALL-SMART-GPT-MUTATEST/test_stack3_MUTATEST.py FF.                       [ 86%]
ALL-SMART-GPT-MUTATEST/test_stack3_WHOLE_SUITE.py .........              [100%]

=========================== short test summary info ============================
FAILED ALL-SMART-GPT-MUTATEST/test_stack3_DYNAMOSA.py::test_case_9 - Assertio...
FAILED ALL-SMART-GPT-MUTATEST/test_stack3_DYNAMOSA.py::test_case_13 - Attribu...
FAILED ALL-SMART-GPT-MUTATEST/test_stack3_MOSA.py::test_case_9 - AssertionErr...
FAILED ALL-SMART-GPT-MUTATEST/test_stack3_MOSA.py::test_case_13 - AttributeEr...
FAILED ALL-SMART-GPT-MUTATEST/test_stack3_MUTATEST.py::test_remove_multiple_elements_small_list
FAILED ALL-SMART-GPT-MUTATEST/test_stack3_MUTATEST.py::test_remove_single_element
========================= 6 failed, 61 passed in 0.39s =========================
</pre></div></div></div></div></div><div class="mb-1" id="job_list___sub_accordion_4"><div class="card"><a data-toggle="collapse" data-target="#job_list___sub_collapse_4_1" aria-expanded="false" aria-controls="job_list___sub_collapse_4_1" href="#" class="job_list___sub_multi_heading"><div role="alert" class="card-header alert-success" id="job_list___sub_heading_4_1"><button class="btn btn-outline-success"><span class="job_id">4 : Job ID 45b416cee409494780ccfa5055970e08</span></button></div></a><div aria-labelledby="job_list___sub_heading_4_1" data-parent="#job_list___sub_accordion_4" class="collapse job_list___sub_multi_collapse" id="job_list___sub_collapse_4_1"><div class="card-body"><div class="work-item"><div class="alert alert-success test-outcome" role="alert"><p>worker outcome: normal</p><p>test outcome: killed</p></div></div><pre class="location"><a href="pycharm://open?file=stack3.py&amp;line=75" class="text-secondary"><button class="btn btn-outline-dark">stack3.py, start pos: (75, 35), end pos: (75, 37)</button></a></pre><pre>operator: core/ReplaceComparisonOperator_Eq_NotEq, occurrence: 3</pre><div class="alert alert-secondary"><pre class="diff">--- mutation diff ---
--- astack3.py
+++ bstack3.py
@@ -72,7 +72,7 @@
 
         """Checks if linkedlist is empty."""
 
-        return True if self.__size == 0 else False
+        return True if self.__size != 0 else False
 
     def toArray(self) -&gt; list:
 </pre></div><div class="alert alert-secondary"><pre class="diff">============================= test session starts ==============================
platform linux -- Python 3.10.12, pytest-7.1.3, pluggy-1.0.0
rootdir: /home/lucca/desktop/ic/experimento/testes/python_experiments/stack3
plugins: Faker-15.1.1, hypothesis-6.56.3
collected 67 items

ALL-SMART-GPT-MUTATEST/test_stack3_DYNAMOSA.py ...FF..........FF         [ 25%]
ALL-SMART-GPT-MUTATEST/test_stack3_MIO.py .....FF..............          [ 56%]
ALL-SMART-GPT-MUTATEST/test_stack3_MOSA.py ...FF..........FF             [ 82%]
ALL-SMART-GPT-MUTATEST/test_stack3_MUTATEST.py .F.                       [ 86%]
ALL-SMART-GPT-MUTATEST/test_stack3_WHOLE_SUITE.py .F.....F.              [100%]

=========================== short test summary info ============================
FAILED ALL-SMART-GPT-MUTATEST/test_stack3_DYNAMOSA.py::test_case_3 - assert F...
FAILED ALL-SMART-GPT-MUTATEST/test_stack3_DYNAMOSA.py::test_case_4 - assert T...
FAILED ALL-SMART-GPT-MUTATEST/test_stack3_DYNAMOSA.py::test_case_15 - assert ...
FAILED ALL-SMART-GPT-MUTATEST/test_stack3_DYNAMOSA.py::test_case_16 - assert ...
FAILED ALL-SMART-GPT-MUTATEST/test_stack3_MIO.py::test_case_5 - assert False ...
FAILED ALL-SMART-GPT-MUTATEST/test_stack3_MIO.py::test_case_6 - assert True i...
FAILED ALL-SMART-GPT-MUTATEST/test_stack3_MOSA.py::test_case_3 - assert False...
FAILED ALL-SMART-GPT-MUTATEST/test_stack3_MOSA.py::test_case_4 - assert True ...
FAILED ALL-SMART-GPT-MUTATEST/test_stack3_MOSA.py::test_case_15 - assert True...
FAILED ALL-SMART-GPT-MUTATEST/test_stack3_MOSA.py::test_case_16 - assert True...
FAILED ALL-SMART-GPT-MUTATEST/test_stack3_MUTATEST.py::test_remove_single_element
FAILED ALL-SMART-GPT-MUTATEST/test_stack3_WHOLE_SUITE.py::test_case_1 - asser...
FAILED ALL-SMART-GPT-MUTATEST/test_stack3_WHOLE_SUITE.py::test_case_7 - asser...
======================== 13 failed, 54 passed in 0.42s =========================
</pre></div></div></div></div></div><div class="mb-1" id="job_list___sub_accordion_5"><div class="card"><a data-toggle="collapse" data-target="#job_list___sub_collapse_5_1" aria-expanded="false" aria-controls="job_list___sub_collapse_5_1" href="#" class="job_list___sub_multi_heading"><div role="alert" class="card-header alert-success" id="job_list___sub_heading_5_1"><button class="btn btn-outline-success"><span class="job_id">5 : Job ID e45933001a8c45588951c17f0c0f13e5</span></button></div></a><div aria-labelledby="job_list___sub_heading_5_1" data-parent="#job_list___sub_accordion_5" class="collapse job_list___sub_multi_collapse" id="job_list___sub_collapse_5_1"><div class="card-body"><div class="work-item"><div class="alert alert-success test-outcome" role="alert"><p>worker outcome: normal</p><p>test outcome: killed</p></div></div><pre class="location"><a href="pycharm://open?file=stack3.py&amp;line=125" class="text-secondary"><button class="btn btn-outline-dark">stack3.py, start pos: (125, 46), end pos: (125, 48)</button></a></pre><pre>operator: core/ReplaceComparisonOperator_Eq_NotEq, occurrence: 4</pre><div class="alert alert-secondary"><pre class="diff">--- mutation diff ---
--- astack3.py
+++ bstack3.py
@@ -122,7 +122,7 @@
 
         """Check if stack is empty."""
 
-        return True if self.__stack.getSize() == 0 else False
+        return True if self.__stack.getSize() != 0 else False
 
     def getSize(self) -&gt; int:
 </pre></div><div class="alert alert-secondary"><pre class="diff">============================= test session starts ==============================
platform linux -- Python 3.10.12, pytest-7.1.3, pluggy-1.0.0
rootdir: /home/lucca/desktop/ic/experimento/testes/python_experiments/stack3
plugins: Faker-15.1.1, hypothesis-6.56.3
collected 67 items

ALL-SMART-GPT-MUTATEST/test_stack3_DYNAMOSA.py .......F.....F...         [ 25%]
ALL-SMART-GPT-MUTATEST/test_stack3_MIO.py ...........FF........          [ 56%]
ALL-SMART-GPT-MUTATEST/test_stack3_MOSA.py .......F.....F...             [ 82%]
ALL-SMART-GPT-MUTATEST/test_stack3_MUTATEST.py ...                       [ 86%]
ALL-SMART-GPT-MUTATEST/test_stack3_WHOLE_SUITE.py ..FF.....              [100%]

=========================== short test summary info ============================
FAILED ALL-SMART-GPT-MUTATEST/test_stack3_DYNAMOSA.py::test_case_7 - assert F...
FAILED ALL-SMART-GPT-MUTATEST/test_stack3_DYNAMOSA.py::test_case_13 - assert ...
FAILED ALL-SMART-GPT-MUTATEST/test_stack3_MIO.py::test_case_11 - assert False...
FAILED ALL-SMART-GPT-MUTATEST/test_stack3_MIO.py::test_case_12 - assert True ...
FAILED ALL-SMART-GPT-MUTATEST/test_stack3_MOSA.py::test_case_7 - assert False...
FAILED ALL-SMART-GPT-MUTATEST/test_stack3_MOSA.py::test_case_13 - assert True...
FAILED ALL-SMART-GPT-MUTATEST/test_stack3_WHOLE_SUITE.py::test_case_2 - asser...
FAILED ALL-SMART-GPT-MUTATEST/test_stack3_WHOLE_SUITE.py::test_case_3 - asser...
========================= 8 failed, 59 passed in 0.37s =========================
</pre></div></div></div></div></div><div class="mb-1" id="job_list___sub_accordion_6"><div class="card"><a data-toggle="collapse" data-target="#job_list___sub_collapse_6_1" aria-expanded="false" aria-controls="job_list___sub_collapse_6_1" href="#" class="job_list___sub_multi_heading"><div role="alert" class="card-header alert-success" id="job_list___sub_heading_6_1"><button class="btn btn-outline-success"><span class="job_id">6 : Job ID 1c4f3efc9ee64ce2b209bbac44f34a2b</span></button></div></a><div aria-labelledby="job_list___sub_heading_6_1" data-parent="#job_list___sub_accordion_6" class="collapse job_list___sub_multi_collapse" id="job_list___sub_collapse_6_1"><div class="card-body"><div class="work-item"><div class="alert alert-success test-outcome" role="alert"><p>worker outcome: normal</p><p>test outcome: killed</p></div></div><pre class="location"><a href="pycharm://open?file=stack3.py&amp;line=24" class="text-secondary"><button class="btn btn-outline-dark">stack3.py, start pos: (24, 23), end pos: (24, 25)</button></a></pre><pre>operator: core/ReplaceComparisonOperator_Eq_Lt, occurrence: 0</pre><div class="alert alert-secondary"><pre class="diff">--- mutation diff ---
--- astack3.py
+++ bstack3.py
@@ -21,7 +21,7 @@
         """Add element to linked list."""
 
         newNode = Node(value)
-        if self.__size == 0:
+        if self.__size &lt; 0:
             self.__head.next = newNode
             self.__head = newNode
             self.__size += 1</pre></div><div class="alert alert-secondary"><pre class="diff">timeout</pre></div></div></div></div></div><div class="mb-1" id="job_list___sub_accordion_7"><div class="card"><a data-toggle="collapse" data-target="#job_list___sub_collapse_7_1" aria-expanded="false" aria-controls="job_list___sub_collapse_7_1" href="#" class="job_list___sub_multi_heading"><div role="alert" class="card-header alert-success" id="job_list___sub_heading_7_1"><button class="btn btn-outline-success"><span class="job_id">7 : Job ID ba87227b46f54bdfb9e4ba6be9a48248</span></button></div></a><div aria-labelledby="job_list___sub_heading_7_1" data-parent="#job_list___sub_accordion_7" class="collapse job_list___sub_multi_collapse" id="job_list___sub_collapse_7_1"><div class="card-body"><div class="work-item"><div class="alert alert-success test-outcome" role="alert"><p>worker outcome: normal</p><p>test outcome: killed</p></div></div><pre class="location"><a href="pycharm://open?file=stack3.py&amp;line=38" class="text-secondary"><button class="btn btn-outline-dark">stack3.py, start pos: (38, 23), end pos: (38, 25)</button></a></pre><pre>operator: core/ReplaceComparisonOperator_Eq_Lt, occurrence: 1</pre><div class="alert alert-secondary"><pre class="diff">--- mutation diff ---
--- astack3.py
+++ bstack3.py
@@ -35,7 +35,7 @@
 
         """Remove node from linkedlist."""
 
-        if self.__size == 0:
+        if self.__size &lt; 0:
             return None
         if self.__size == 1: # Alterado para corrigir comportamento
             nodeToRemove = self.__head</pre></div><div class="alert alert-secondary"><pre class="diff">============================= test session starts ==============================
platform linux -- Python 3.10.12, pytest-7.1.3, pluggy-1.0.0
rootdir: /home/lucca/desktop/ic/experimento/testes/python_experiments/stack3
plugins: Faker-15.1.1, hypothesis-6.56.3
collected 67 items

ALL-SMART-GPT-MUTATEST/test_stack3_DYNAMOSA.py .................         [ 25%]
ALL-SMART-GPT-MUTATEST/test_stack3_MIO.py .....................          [ 56%]
ALL-SMART-GPT-MUTATEST/test_stack3_MOSA.py .................             [ 82%]
ALL-SMART-GPT-MUTATEST/test_stack3_MUTATEST.py ...                       [ 86%]
ALL-SMART-GPT-MUTATEST/test_stack3_WHOLE_SUITE.py .....F..F              [100%]

=========================== short test summary info ============================
FAILED ALL-SMART-GPT-MUTATEST/test_stack3_WHOLE_SUITE.py::test_case_5 - asser...
FAILED ALL-SMART-GPT-MUTATEST/test_stack3_WHOLE_SUITE.py::test_case_8 - asser...
========================= 2 failed, 65 passed in 0.52s =========================
</pre></div></div></div></div></div><div class="mb-1" id="job_list___sub_accordion_8"><div class="card"><a data-toggle="collapse" data-target="#job_list___sub_collapse_8_1" aria-expanded="false" aria-controls="job_list___sub_collapse_8_1" href="#" class="job_list___sub_multi_heading"><div role="alert" class="card-header alert-success" id="job_list___sub_heading_8_1"><button class="btn btn-outline-success"><span class="job_id">8 : Job ID 13bd239ebc6341b5b0159634dd507c20</span></button></div></a><div aria-labelledby="job_list___sub_heading_8_1" data-parent="#job_list___sub_accordion_8" class="collapse job_list___sub_multi_collapse" id="job_list___sub_collapse_8_1"><div class="card-body"><div class="work-item"><div class="alert alert-success test-outcome" role="alert"><p>worker outcome: normal</p><p>test outcome: killed</p></div></div><pre class="location"><a href="pycharm://open?file=stack3.py&amp;line=40" class="text-secondary"><button class="btn btn-outline-dark">stack3.py, start pos: (40, 23), end pos: (40, 25)</button></a></pre><pre>operator: core/ReplaceComparisonOperator_Eq_Lt, occurrence: 2</pre><div class="alert alert-secondary"><pre class="diff">--- mutation diff ---
--- astack3.py
+++ bstack3.py
@@ -37,7 +37,7 @@
 
         if self.__size == 0:
             return None
-        if self.__size == 1: # Alterado para corrigir comportamento
+        if self.__size &lt; 1: # Alterado para corrigir comportamento
             nodeToRemove = self.__head
             self.__sentinel.next = None
             self.__head = self.__sentinel</pre></div><div class="alert alert-secondary"><pre class="diff">============================= test session starts ==============================
platform linux -- Python 3.10.12, pytest-7.1.3, pluggy-1.0.0
rootdir: /home/lucca/desktop/ic/experimento/testes/python_experiments/stack3
plugins: Faker-15.1.1, hypothesis-6.56.3
collected 67 items

ALL-SMART-GPT-MUTATEST/test_stack3_DYNAMOSA.py .........F...F...         [ 25%]
ALL-SMART-GPT-MUTATEST/test_stack3_MIO.py .....................          [ 56%]
ALL-SMART-GPT-MUTATEST/test_stack3_MOSA.py .........F...F...             [ 82%]
ALL-SMART-GPT-MUTATEST/test_stack3_MUTATEST.py .F.                       [ 86%]
ALL-SMART-GPT-MUTATEST/test_stack3_WHOLE_SUITE.py .........              [100%]

=========================== short test summary info ============================
FAILED ALL-SMART-GPT-MUTATEST/test_stack3_DYNAMOSA.py::test_case_9 - Assertio...
FAILED ALL-SMART-GPT-MUTATEST/test_stack3_DYNAMOSA.py::test_case_13 - Attribu...
FAILED ALL-SMART-GPT-MUTATEST/test_stack3_MOSA.py::test_case_9 - AssertionErr...
FAILED ALL-SMART-GPT-MUTATEST/test_stack3_MOSA.py::test_case_13 - AttributeEr...
FAILED ALL-SMART-GPT-MUTATEST/test_stack3_MUTATEST.py::test_remove_single_element
========================= 5 failed, 62 passed in 0.28s =========================
</pre></div></div></div></div></div><div class="mb-1" id="job_list___sub_accordion_9"><div class="card"><a data-toggle="collapse" data-target="#job_list___sub_collapse_9_1" aria-expanded="false" aria-controls="job_list___sub_collapse_9_1" href="#" class="job_list___sub_multi_heading"><div role="alert" class="card-header alert-success" id="job_list___sub_heading_9_1"><button class="btn btn-outline-success"><span class="job_id">9 : Job ID 5931c4fa775d40b2b5ff8a1c3df3c55f</span></button></div></a><div aria-labelledby="job_list___sub_heading_9_1" data-parent="#job_list___sub_accordion_9" class="collapse job_list___sub_multi_collapse" id="job_list___sub_collapse_9_1"><div class="card-body"><div class="work-item"><div class="alert alert-success test-outcome" role="alert"><p>worker outcome: normal</p><p>test outcome: killed</p></div></div><pre class="location"><a href="pycharm://open?file=stack3.py&amp;line=75" class="text-secondary"><button class="btn btn-outline-dark">stack3.py, start pos: (75, 35), end pos: (75, 37)</button></a></pre><pre>operator: core/ReplaceComparisonOperator_Eq_Lt, occurrence: 3</pre><div class="alert alert-secondary"><pre class="diff">--- mutation diff ---
--- astack3.py
+++ bstack3.py
@@ -72,7 +72,7 @@
 
         """Checks if linkedlist is empty."""
 
-        return True if self.__size == 0 else False
+        return True if self.__size &lt; 0 else False
 
     def toArray(self) -&gt; list:
 </pre></div><div class="alert alert-secondary"><pre class="diff">============================= test session starts ==============================
platform linux -- Python 3.10.12, pytest-7.1.3, pluggy-1.0.0
rootdir: /home/lucca/desktop/ic/experimento/testes/python_experiments/stack3
plugins: Faker-15.1.1, hypothesis-6.56.3
collected 67 items

ALL-SMART-GPT-MUTATEST/test_stack3_DYNAMOSA.py ...F.............         [ 25%]
ALL-SMART-GPT-MUTATEST/test_stack3_MIO.py .....F...............          [ 56%]
ALL-SMART-GPT-MUTATEST/test_stack3_MOSA.py ...F.............             [ 82%]
ALL-SMART-GPT-MUTATEST/test_stack3_MUTATEST.py .F.                       [ 86%]
ALL-SMART-GPT-MUTATEST/test_stack3_WHOLE_SUITE.py .......F.              [100%]

=========================== short test summary info ============================
FAILED ALL-SMART-GPT-MUTATEST/test_stack3_DYNAMOSA.py::test_case_3 - assert F...
FAILED ALL-SMART-GPT-MUTATEST/test_stack3_MIO.py::test_case_5 - assert False ...
FAILED ALL-SMART-GPT-MUTATEST/test_stack3_MOSA.py::test_case_3 - assert False...
FAILED ALL-SMART-GPT-MUTATEST/test_stack3_MUTATEST.py::test_remove_single_element
FAILED ALL-SMART-GPT-MUTATEST/test_stack3_WHOLE_SUITE.py::test_case_7 - asser...
========================= 5 failed, 62 passed in 0.39s =========================
</pre></div></div></div></div></div><div class="mb-1" id="job_list___sub_accordion_10"><div class="card"><a data-toggle="collapse" data-target="#job_list___sub_collapse_10_1" aria-expanded="false" aria-controls="job_list___sub_collapse_10_1" href="#" class="job_list___sub_multi_heading"><div role="alert" class="card-header alert-success" id="job_list___sub_heading_10_1"><button class="btn btn-outline-success"><span class="job_id">10 : Job ID 6c97a3daef8746d28d8e501a2866bb8e</span></button></div></a><div aria-labelledby="job_list___sub_heading_10_1" data-parent="#job_list___sub_accordion_10" class="collapse job_list___sub_multi_collapse" id="job_list___sub_collapse_10_1"><div class="card-body"><div class="work-item"><div class="alert alert-success test-outcome" role="alert"><p>worker outcome: normal</p><p>test outcome: killed</p></div></div><pre class="location"><a href="pycharm://open?file=stack3.py&amp;line=125" class="text-secondary"><button class="btn btn-outline-dark">stack3.py, start pos: (125, 46), end pos: (125, 48)</button></a></pre><pre>operator: core/ReplaceComparisonOperator_Eq_Lt, occurrence: 4</pre><div class="alert alert-secondary"><pre class="diff">--- mutation diff ---
--- astack3.py
+++ bstack3.py
@@ -122,7 +122,7 @@
 
         """Check if stack is empty."""
 
-        return True if self.__stack.getSize() == 0 else False
+        return True if self.__stack.getSize() &lt; 0 else False
 
     def getSize(self) -&gt; int:
 </pre></div><div class="alert alert-secondary"><pre class="diff">============================= test session starts ==============================
platform linux -- Python 3.10.12, pytest-7.1.3, pluggy-1.0.0
rootdir: /home/lucca/desktop/ic/experimento/testes/python_experiments/stack3
plugins: Faker-15.1.1, hypothesis-6.56.3
collected 67 items

ALL-SMART-GPT-MUTATEST/test_stack3_DYNAMOSA.py .......F.........         [ 25%]
ALL-SMART-GPT-MUTATEST/test_stack3_MIO.py ...........F.........          [ 56%]
ALL-SMART-GPT-MUTATEST/test_stack3_MOSA.py .......F.........             [ 82%]
ALL-SMART-GPT-MUTATEST/test_stack3_MUTATEST.py ...                       [ 86%]
ALL-SMART-GPT-MUTATEST/test_stack3_WHOLE_SUITE.py ..F......              [100%]

=========================== short test summary info ============================
FAILED ALL-SMART-GPT-MUTATEST/test_stack3_DYNAMOSA.py::test_case_7 - assert F...
FAILED ALL-SMART-GPT-MUTATEST/test_stack3_MIO.py::test_case_11 - assert False...
FAILED ALL-SMART-GPT-MUTATEST/test_stack3_MOSA.py::test_case_7 - assert False...
FAILED ALL-SMART-GPT-MUTATEST/test_stack3_WHOLE_SUITE.py::test_case_2 - asser...
========================= 4 failed, 63 passed in 0.44s =========================
</pre></div></div></div></div></div><div class="mb-1" id="job_list___sub_accordion_11"><div class="card"><a data-toggle="collapse" data-target="#job_list___sub_collapse_11_1" aria-expanded="false" aria-controls="job_list___sub_collapse_11_1" href="#" class="job_list___sub_multi_heading"><div role="alert" class="card-header alert-danger" id="job_list___sub_heading_11_1"><button class="btn btn-outline-danger"><span class="job_id">11 : Job ID 9a05ce6fd8a3480285bdd13d811ff764</span></button></div></a><div aria-labelledby="job_list___sub_heading_11_1" data-parent="#job_list___sub_accordion_11" class="collapse job_list___sub_multi_collapse" id="job_list___sub_collapse_11_1"><div class="card-body"><div class="work-item"><div class="alert alert-danger test-outcome" role="alert"><p>SURVIVED</p><p>worker outcome: normal</p><p>test outcome: survived</p></div></div><pre class="location"><a href="pycharm://open?file=stack3.py&amp;line=24" class="text-secondary"><button class="btn btn-outline-dark">stack3.py, start pos: (24, 23), end pos: (24, 25)</button></a></pre><pre>operator: core/ReplaceComparisonOperator_Eq_LtE, occurrence: 0</pre><div class="alert alert-secondary"><pre class="diff">--- mutation diff ---
--- astack3.py
+++ bstack3.py
@@ -21,7 +21,7 @@
         """Add element to linked list."""
 
         newNode = Node(value)
-        if self.__size == 0:
+        if self.__size &lt;= 0:
             self.__head.next = newNode
             self.__head = newNode
             self.__size += 1</pre></div><div class="alert alert-secondary"><pre class="diff">============================= test session starts ==============================
platform linux -- Python 3.10.12, pytest-7.1.3, pluggy-1.0.0
rootdir: /home/lucca/desktop/ic/experimento/testes/python_experiments/stack3
plugins: Faker-15.1.1, hypothesis-6.56.3
collected 67 items

ALL-SMART-GPT-MUTATEST/test_stack3_DYNAMOSA.py .................         [ 25%]
ALL-SMART-GPT-MUTATEST/test_stack3_MIO.py .....................          [ 56%]
ALL-SMART-GPT-MUTATEST/test_stack3_MOSA.py .................             [ 82%]
ALL-SMART-GPT-MUTATEST/test_stack3_MUTATEST.py ...                       [ 86%]
ALL-SMART-GPT-MUTATEST/test_stack3_WHOLE_SUITE.py .........              [100%]

============================== 67 passed in 0.41s ==============================
</pre></div></div></div></div></div><div class="mb-1" id="job_list___sub_accordion_12"><div class="card"><a data-toggle="collapse" data-target="#job_list___sub_collapse_12_1" aria-expanded="false" aria-controls="job_list___sub_collapse_12_1" href="#" class="job_list___sub_multi_heading"><div role="alert" class="card-header alert-danger" id="job_list___sub_heading_12_1"><button class="btn btn-outline-danger"><span class="job_id">12 : Job ID dd318c3cf511465c96f447ad177c1f34</span></button></div></a><div aria-labelledby="job_list___sub_heading_12_1" data-parent="#job_list___sub_accordion_12" class="collapse job_list___sub_multi_collapse" id="job_list___sub_collapse_12_1"><div class="card-body"><div class="work-item"><div class="alert alert-danger test-outcome" role="alert"><p>SURVIVED</p><p>worker outcome: normal</p><p>test outcome: survived</p></div></div><pre class="location"><a href="pycharm://open?file=stack3.py&amp;line=38" class="text-secondary"><button class="btn btn-outline-dark">stack3.py, start pos: (38, 23), end pos: (38, 25)</button></a></pre><pre>operator: core/ReplaceComparisonOperator_Eq_LtE, occurrence: 1</pre><div class="alert alert-secondary"><pre class="diff">--- mutation diff ---
--- astack3.py
+++ bstack3.py
@@ -35,7 +35,7 @@
 
         """Remove node from linkedlist."""
 
-        if self.__size == 0:
+        if self.__size &lt;= 0:
             return None
         if self.__size == 1: # Alterado para corrigir comportamento
             nodeToRemove = self.__head</pre></div><div class="alert alert-secondary"><pre class="diff">============================= test session starts ==============================
platform linux -- Python 3.10.12, pytest-7.1.3, pluggy-1.0.0
rootdir: /home/lucca/desktop/ic/experimento/testes/python_experiments/stack3
plugins: Faker-15.1.1, hypothesis-6.56.3
collected 67 items

ALL-SMART-GPT-MUTATEST/test_stack3_DYNAMOSA.py .................         [ 25%]
ALL-SMART-GPT-MUTATEST/test_stack3_MIO.py .....................          [ 56%]
ALL-SMART-GPT-MUTATEST/test_stack3_MOSA.py .................             [ 82%]
ALL-SMART-GPT-MUTATEST/test_stack3_MUTATEST.py ...                       [ 86%]
ALL-SMART-GPT-MUTATEST/test_stack3_WHOLE_SUITE.py .........              [100%]

============================== 67 passed in 0.47s ==============================
</pre></div></div></div></div></div><div class="mb-1" id="job_list___sub_accordion_13"><div class="card"><a data-toggle="collapse" data-target="#job_list___sub_collapse_13_1" aria-expanded="false" aria-controls="job_list___sub_collapse_13_1" href="#" class="job_list___sub_multi_heading"><div role="alert" class="card-header alert-danger" id="job_list___sub_heading_13_1"><button class="btn btn-outline-danger"><span class="job_id">13 : Job ID dbe14b66e3cd48148f56c0617818a8c5</span></button></div></a><div aria-labelledby="job_list___sub_heading_13_1" data-parent="#job_list___sub_accordion_13" class="collapse job_list___sub_multi_collapse" id="job_list___sub_collapse_13_1"><div class="card-body"><div class="work-item"><div class="alert alert-danger test-outcome" role="alert"><p>SURVIVED</p><p>worker outcome: normal</p><p>test outcome: survived</p></div></div><pre class="location"><a href="pycharm://open?file=stack3.py&amp;line=40" class="text-secondary"><button class="btn btn-outline-dark">stack3.py, start pos: (40, 23), end pos: (40, 25)</button></a></pre><pre>operator: core/ReplaceComparisonOperator_Eq_LtE, occurrence: 2</pre><div class="alert alert-secondary"><pre class="diff">--- mutation diff ---
--- astack3.py
+++ bstack3.py
@@ -37,7 +37,7 @@
 
         if self.__size == 0:
             return None
-        if self.__size == 1: # Alterado para corrigir comportamento
+        if self.__size &lt;= 1: # Alterado para corrigir comportamento
             nodeToRemove = self.__head
             self.__sentinel.next = None
             self.__head = self.__sentinel</pre></div><div class="alert alert-secondary"><pre class="diff">============================= test session starts ==============================
platform linux -- Python 3.10.12, pytest-7.1.3, pluggy-1.0.0
rootdir: /home/lucca/desktop/ic/experimento/testes/python_experiments/stack3
plugins: Faker-15.1.1, hypothesis-6.56.3
collected 67 items

ALL-SMART-GPT-MUTATEST/test_stack3_DYNAMOSA.py .................         [ 25%]
ALL-SMART-GPT-MUTATEST/test_stack3_MIO.py .....................          [ 56%]
ALL-SMART-GPT-MUTATEST/test_stack3_MOSA.py .................             [ 82%]
ALL-SMART-GPT-MUTATEST/test_stack3_MUTATEST.py ...                       [ 86%]
ALL-SMART-GPT-MUTATEST/test_stack3_WHOLE_SUITE.py .........              [100%]

============================== 67 passed in 0.48s ==============================
</pre></div></div></div></div></div><div class="mb-1" id="job_list___sub_accordion_14"><div class="card"><a data-toggle="collapse" data-target="#job_list___sub_collapse_14_1" aria-expanded="false" aria-controls="job_list___sub_collapse_14_1" href="#" class="job_list___sub_multi_heading"><div role="alert" class="card-header alert-danger" id="job_list___sub_heading_14_1"><button class="btn btn-outline-danger"><span class="job_id">14 : Job ID bf23115d33464a61a11d5c44279a7afb</span></button></div></a><div aria-labelledby="job_list___sub_heading_14_1" data-parent="#job_list___sub_accordion_14" class="collapse job_list___sub_multi_collapse" id="job_list___sub_collapse_14_1"><div class="card-body"><div class="work-item"><div class="alert alert-danger test-outcome" role="alert"><p>SURVIVED</p><p>worker outcome: normal</p><p>test outcome: survived</p></div></div><pre class="location"><a href="pycharm://open?file=stack3.py&amp;line=75" class="text-secondary"><button class="btn btn-outline-dark">stack3.py, start pos: (75, 35), end pos: (75, 37)</button></a></pre><pre>operator: core/ReplaceComparisonOperator_Eq_LtE, occurrence: 3</pre><div class="alert alert-secondary"><pre class="diff">--- mutation diff ---
--- astack3.py
+++ bstack3.py
@@ -72,7 +72,7 @@
 
         """Checks if linkedlist is empty."""
 
-        return True if self.__size == 0 else False
+        return True if self.__size &lt;= 0 else False
 
     def toArray(self) -&gt; list:
 </pre></div><div class="alert alert-secondary"><pre class="diff">============================= test session starts ==============================
platform linux -- Python 3.10.12, pytest-7.1.3, pluggy-1.0.0
rootdir: /home/lucca/desktop/ic/experimento/testes/python_experiments/stack3
plugins: Faker-15.1.1, hypothesis-6.56.3
collected 67 items

ALL-SMART-GPT-MUTATEST/test_stack3_DYNAMOSA.py .................         [ 25%]
ALL-SMART-GPT-MUTATEST/test_stack3_MIO.py .....................          [ 56%]
ALL-SMART-GPT-MUTATEST/test_stack3_MOSA.py .................             [ 82%]
ALL-SMART-GPT-MUTATEST/test_stack3_MUTATEST.py ...                       [ 86%]
ALL-SMART-GPT-MUTATEST/test_stack3_WHOLE_SUITE.py .........              [100%]

============================== 67 passed in 0.44s ==============================
</pre></div></div></div></div></div><div class="mb-1" id="job_list___sub_accordion_15"><div class="card"><a data-toggle="collapse" data-target="#job_list___sub_collapse_15_1" aria-expanded="false" aria-controls="job_list___sub_collapse_15_1" href="#" class="job_list___sub_multi_heading"><div role="alert" class="card-header alert-danger" id="job_list___sub_heading_15_1"><button class="btn btn-outline-danger"><span class="job_id">15 : Job ID 9aa27e5eddc64267a5923fc440a2b259</span></button></div></a><div aria-labelledby="job_list___sub_heading_15_1" data-parent="#job_list___sub_accordion_15" class="collapse job_list___sub_multi_collapse" id="job_list___sub_collapse_15_1"><div class="card-body"><div class="work-item"><div class="alert alert-danger test-outcome" role="alert"><p>SURVIVED</p><p>worker outcome: normal</p><p>test outcome: survived</p></div></div><pre class="location"><a href="pycharm://open?file=stack3.py&amp;line=125" class="text-secondary"><button class="btn btn-outline-dark">stack3.py, start pos: (125, 46), end pos: (125, 48)</button></a></pre><pre>operator: core/ReplaceComparisonOperator_Eq_LtE, occurrence: 4</pre><div class="alert alert-secondary"><pre class="diff">--- mutation diff ---
--- astack3.py
+++ bstack3.py
@@ -122,7 +122,7 @@
 
         """Check if stack is empty."""
 
-        return True if self.__stack.getSize() == 0 else False
+        return True if self.__stack.getSize() &lt;= 0 else False
 
     def getSize(self) -&gt; int:
 </pre></div><div class="alert alert-secondary"><pre class="diff">============================= test session starts ==============================
platform linux -- Python 3.10.12, pytest-7.1.3, pluggy-1.0.0
rootdir: /home/lucca/desktop/ic/experimento/testes/python_experiments/stack3
plugins: Faker-15.1.1, hypothesis-6.56.3
collected 67 items

ALL-SMART-GPT-MUTATEST/test_stack3_DYNAMOSA.py .................         [ 25%]
ALL-SMART-GPT-MUTATEST/test_stack3_MIO.py .....................          [ 56%]
ALL-SMART-GPT-MUTATEST/test_stack3_MOSA.py .................             [ 82%]
ALL-SMART-GPT-MUTATEST/test_stack3_MUTATEST.py ...                       [ 86%]
ALL-SMART-GPT-MUTATEST/test_stack3_WHOLE_SUITE.py .........              [100%]

============================== 67 passed in 0.45s ==============================
</pre></div></div></div></div></div><div class="mb-1" id="job_list___sub_accordion_16"><div class="card"><a data-toggle="collapse" data-target="#job_list___sub_collapse_16_1" aria-expanded="false" aria-controls="job_list___sub_collapse_16_1" href="#" class="job_list___sub_multi_heading"><div role="alert" class="card-header alert-success" id="job_list___sub_heading_16_1"><button class="btn btn-outline-success"><span class="job_id">16 : Job ID a513eccd7b814c4ab4d29b34c0d40faf</span></button></div></a><div aria-labelledby="job_list___sub_heading_16_1" data-parent="#job_list___sub_accordion_16" class="collapse job_list___sub_multi_collapse" id="job_list___sub_collapse_16_1"><div class="card-body"><div class="work-item"><div class="alert alert-success test-outcome" role="alert"><p>worker outcome: normal</p><p>test outcome: killed</p></div></div><pre class="location"><a href="pycharm://open?file=stack3.py&amp;line=24" class="text-secondary"><button class="btn btn-outline-dark">stack3.py, start pos: (24, 23), end pos: (24, 25)</button></a></pre><pre>operator: core/ReplaceComparisonOperator_Eq_Gt, occurrence: 0</pre><div class="alert alert-secondary"><pre class="diff">--- mutation diff ---
--- astack3.py
+++ bstack3.py
@@ -21,7 +21,7 @@
         """Add element to linked list."""
 
         newNode = Node(value)
-        if self.__size == 0:
+        if self.__size &gt; 0:
             self.__head.next = newNode
             self.__head = newNode
             self.__size += 1</pre></div><div class="alert alert-secondary"><pre class="diff">timeout</pre></div></div></div></div></div><div class="mb-1" id="job_list___sub_accordion_17"><div class="card"><a data-toggle="collapse" data-target="#job_list___sub_collapse_17_1" aria-expanded="false" aria-controls="job_list___sub_collapse_17_1" href="#" class="job_list___sub_multi_heading"><div role="alert" class="card-header alert-success" id="job_list___sub_heading_17_1"><button class="btn btn-outline-success"><span class="job_id">17 : Job ID a7da5f6cceee43fe9e38e2ce9a48f81f</span></button></div></a><div aria-labelledby="job_list___sub_heading_17_1" data-parent="#job_list___sub_accordion_17" class="collapse job_list___sub_multi_collapse" id="job_list___sub_collapse_17_1"><div class="card-body"><div class="work-item"><div class="alert alert-success test-outcome" role="alert"><p>worker outcome: normal</p><p>test outcome: killed</p></div></div><pre class="location"><a href="pycharm://open?file=stack3.py&amp;line=38" class="text-secondary"><button class="btn btn-outline-dark">stack3.py, start pos: (38, 23), end pos: (38, 25)</button></a></pre><pre>operator: core/ReplaceComparisonOperator_Eq_Gt, occurrence: 1</pre><div class="alert alert-secondary"><pre class="diff">--- mutation diff ---
--- astack3.py
+++ bstack3.py
@@ -35,7 +35,7 @@
 
         """Remove node from linkedlist."""
 
-        if self.__size == 0:
+        if self.__size &gt; 0:
             return None
         if self.__size == 1: # Alterado para corrigir comportamento
             nodeToRemove = self.__head</pre></div><div class="alert alert-secondary"><pre class="diff">============================= test session starts ==============================
platform linux -- Python 3.10.12, pytest-7.1.3, pluggy-1.0.0
rootdir: /home/lucca/desktop/ic/experimento/testes/python_experiments/stack3
plugins: Faker-15.1.1, hypothesis-6.56.3
collected 67 items

ALL-SMART-GPT-MUTATEST/test_stack3_DYNAMOSA.py .F..F....FF..F.FF         [ 25%]
ALL-SMART-GPT-MUTATEST/test_stack3_MIO.py ...F.................          [ 56%]
ALL-SMART-GPT-MUTATEST/test_stack3_MOSA.py .F..F....FF..F.FF             [ 82%]
ALL-SMART-GPT-MUTATEST/test_stack3_MUTATEST.py FF.                       [ 86%]
ALL-SMART-GPT-MUTATEST/test_stack3_WHOLE_SUITE.py .F..FF..F              [100%]

=========================== short test summary info ============================
FAILED ALL-SMART-GPT-MUTATEST/test_stack3_DYNAMOSA.py::test_case_1 - Assertio...
FAILED ALL-SMART-GPT-MUTATEST/test_stack3_DYNAMOSA.py::test_case_4 - assert &lt;...
FAILED ALL-SMART-GPT-MUTATEST/test_stack3_DYNAMOSA.py::test_case_9 - Assertio...
FAILED ALL-SMART-GPT-MUTATEST/test_stack3_DYNAMOSA.py::test_case_10 - Asserti...
FAILED ALL-SMART-GPT-MUTATEST/test_stack3_DYNAMOSA.py::test_case_13 - Asserti...
FAILED ALL-SMART-GPT-MUTATEST/test_stack3_DYNAMOSA.py::test_case_15 - Asserti...
FAILED ALL-SMART-GPT-MUTATEST/test_stack3_DYNAMOSA.py::test_case_16 - Asserti...
FAILED ALL-SMART-GPT-MUTATEST/test_stack3_MIO.py::test_case_3 - AssertionErro...
FAILED ALL-SMART-GPT-MUTATEST/test_stack3_MOSA.py::test_case_1 - AssertionErr...
FAILED ALL-SMART-GPT-MUTATEST/test_stack3_MOSA.py::test_case_4 - assert &lt;stac...
FAILED ALL-SMART-GPT-MUTATEST/test_stack3_MOSA.py::test_case_9 - AssertionErr...
FAILED ALL-SMART-GPT-MUTATEST/test_stack3_MOSA.py::test_case_10 - AssertionEr...
FAILED ALL-SMART-GPT-MUTATEST/test_stack3_MOSA.py::test_case_13 - AssertionEr...
FAILED ALL-SMART-GPT-MUTATEST/test_stack3_MOSA.py::test_case_15 - AssertionEr...
FAILED ALL-SMART-GPT-MUTATEST/test_stack3_MOSA.py::test_case_16 - AssertionEr...
FAILED ALL-SMART-GPT-MUTATEST/test_stack3_MUTATEST.py::test_remove_multiple_elements_small_list
FAILED ALL-SMART-GPT-MUTATEST/test_stack3_MUTATEST.py::test_remove_single_element
FAILED ALL-SMART-GPT-MUTATEST/test_stack3_WHOLE_SUITE.py::test_case_1 - Asser...
FAILED ALL-SMART-GPT-MUTATEST/test_stack3_WHOLE_SUITE.py::test_case_4 - Asser...
FAILED ALL-SMART-GPT-MUTATEST/test_stack3_WHOLE_SUITE.py::test_case_5 - asser...
FAILED ALL-SMART-GPT-MUTATEST/test_stack3_WHOLE_SUITE.py::test_case_8 - asser...
======================== 21 failed, 46 passed in 0.39s =========================
</pre></div></div></div></div></div><div class="mb-1" id="job_list___sub_accordion_18"><div class="card"><a data-toggle="collapse" data-target="#job_list___sub_collapse_18_1" aria-expanded="false" aria-controls="job_list___sub_collapse_18_1" href="#" class="job_list___sub_multi_heading"><div role="alert" class="card-header alert-success" id="job_list___sub_heading_18_1"><button class="btn btn-outline-success"><span class="job_id">18 : Job ID 659a255b2fe5497eab600ddc51f3b5a7</span></button></div></a><div aria-labelledby="job_list___sub_heading_18_1" data-parent="#job_list___sub_accordion_18" class="collapse job_list___sub_multi_collapse" id="job_list___sub_collapse_18_1"><div class="card-body"><div class="work-item"><div class="alert alert-success test-outcome" role="alert"><p>worker outcome: normal</p><p>test outcome: killed</p></div></div><pre class="location"><a href="pycharm://open?file=stack3.py&amp;line=40" class="text-secondary"><button class="btn btn-outline-dark">stack3.py, start pos: (40, 23), end pos: (40, 25)</button></a></pre><pre>operator: core/ReplaceComparisonOperator_Eq_Gt, occurrence: 2</pre><div class="alert alert-secondary"><pre class="diff">--- mutation diff ---
--- astack3.py
+++ bstack3.py
@@ -37,7 +37,7 @@
 
         if self.__size == 0:
             return None
-        if self.__size == 1: # Alterado para corrigir comportamento
+        if self.__size &gt; 1: # Alterado para corrigir comportamento
             nodeToRemove = self.__head
             self.__sentinel.next = None
             self.__head = self.__sentinel</pre></div><div class="alert alert-secondary"><pre class="diff">============================= test session starts ==============================
platform linux -- Python 3.10.12, pytest-7.1.3, pluggy-1.0.0
rootdir: /home/lucca/desktop/ic/experimento/testes/python_experiments/stack3
plugins: Faker-15.1.1, hypothesis-6.56.3
collected 67 items

ALL-SMART-GPT-MUTATEST/test_stack3_DYNAMOSA.py .........F...F...         [ 25%]
ALL-SMART-GPT-MUTATEST/test_stack3_MIO.py .....................          [ 56%]
ALL-SMART-GPT-MUTATEST/test_stack3_MOSA.py .........F...F...             [ 82%]
ALL-SMART-GPT-MUTATEST/test_stack3_MUTATEST.py FF.                       [ 86%]
ALL-SMART-GPT-MUTATEST/test_stack3_WHOLE_SUITE.py .........              [100%]

=========================== short test summary info ============================
FAILED ALL-SMART-GPT-MUTATEST/test_stack3_DYNAMOSA.py::test_case_9 - Assertio...
FAILED ALL-SMART-GPT-MUTATEST/test_stack3_DYNAMOSA.py::test_case_13 - Attribu...
FAILED ALL-SMART-GPT-MUTATEST/test_stack3_MOSA.py::test_case_9 - AssertionErr...
FAILED ALL-SMART-GPT-MUTATEST/test_stack3_MOSA.py::test_case_13 - AttributeEr...
FAILED ALL-SMART-GPT-MUTATEST/test_stack3_MUTATEST.py::test_remove_multiple_elements_small_list
FAILED ALL-SMART-GPT-MUTATEST/test_stack3_MUTATEST.py::test_remove_single_element
========================= 6 failed, 61 passed in 0.47s =========================
</pre></div></div></div></div></div><div class="mb-1" id="job_list___sub_accordion_19"><div class="card"><a data-toggle="collapse" data-target="#job_list___sub_collapse_19_1" aria-expanded="false" aria-controls="job_list___sub_collapse_19_1" href="#" class="job_list___sub_multi_heading"><div role="alert" class="card-header alert-success" id="job_list___sub_heading_19_1"><button class="btn btn-outline-success"><span class="job_id">19 : Job ID b318c00c48684768a4f10350ecaa515c</span></button></div></a><div aria-labelledby="job_list___sub_heading_19_1" data-parent="#job_list___sub_accordion_19" class="collapse job_list___sub_multi_collapse" id="job_list___sub_collapse_19_1"><div class="card-body"><div class="work-item"><div class="alert alert-success test-outcome" role="alert"><p>worker outcome: normal</p><p>test outcome: killed</p></div></div><pre class="location"><a href="pycharm://open?file=stack3.py&amp;line=75" class="text-secondary"><button class="btn btn-outline-dark">stack3.py, start pos: (75, 35), end pos: (75, 37)</button></a></pre><pre>operator: core/ReplaceComparisonOperator_Eq_Gt, occurrence: 3</pre><div class="alert alert-secondary"><pre class="diff">--- mutation diff ---
--- astack3.py
+++ bstack3.py
@@ -72,7 +72,7 @@
 
         """Checks if linkedlist is empty."""
 
-        return True if self.__size == 0 else False
+        return True if self.__size &gt; 0 else False
 
     def toArray(self) -&gt; list:
 </pre></div><div class="alert alert-secondary"><pre class="diff">============================= test session starts ==============================
platform linux -- Python 3.10.12, pytest-7.1.3, pluggy-1.0.0
rootdir: /home/lucca/desktop/ic/experimento/testes/python_experiments/stack3
plugins: Faker-15.1.1, hypothesis-6.56.3
collected 67 items

ALL-SMART-GPT-MUTATEST/test_stack3_DYNAMOSA.py ...FF..........FF         [ 25%]
ALL-SMART-GPT-MUTATEST/test_stack3_MIO.py .....FF..............          [ 56%]
ALL-SMART-GPT-MUTATEST/test_stack3_MOSA.py ...FF..........FF             [ 82%]
ALL-SMART-GPT-MUTATEST/test_stack3_MUTATEST.py .F.                       [ 86%]
ALL-SMART-GPT-MUTATEST/test_stack3_WHOLE_SUITE.py .F.....F.              [100%]

=========================== short test summary info ============================
FAILED ALL-SMART-GPT-MUTATEST/test_stack3_DYNAMOSA.py::test_case_3 - assert F...
FAILED ALL-SMART-GPT-MUTATEST/test_stack3_DYNAMOSA.py::test_case_4 - assert T...
FAILED ALL-SMART-GPT-MUTATEST/test_stack3_DYNAMOSA.py::test_case_15 - assert ...
FAILED ALL-SMART-GPT-MUTATEST/test_stack3_DYNAMOSA.py::test_case_16 - assert ...
FAILED ALL-SMART-GPT-MUTATEST/test_stack3_MIO.py::test_case_5 - assert False ...
FAILED ALL-SMART-GPT-MUTATEST/test_stack3_MIO.py::test_case_6 - assert True i...
FAILED ALL-SMART-GPT-MUTATEST/test_stack3_MOSA.py::test_case_3 - assert False...
FAILED ALL-SMART-GPT-MUTATEST/test_stack3_MOSA.py::test_case_4 - assert True ...
FAILED ALL-SMART-GPT-MUTATEST/test_stack3_MOSA.py::test_case_15 - assert True...
FAILED ALL-SMART-GPT-MUTATEST/test_stack3_MOSA.py::test_case_16 - assert True...
FAILED ALL-SMART-GPT-MUTATEST/test_stack3_MUTATEST.py::test_remove_single_element
FAILED ALL-SMART-GPT-MUTATEST/test_stack3_WHOLE_SUITE.py::test_case_1 - asser...
FAILED ALL-SMART-GPT-MUTATEST/test_stack3_WHOLE_SUITE.py::test_case_7 - asser...
======================== 13 failed, 54 passed in 0.47s =========================
</pre></div></div></div></div></div><div class="mb-1" id="job_list___sub_accordion_20"><div class="card"><a data-toggle="collapse" data-target="#job_list___sub_collapse_20_1" aria-expanded="false" aria-controls="job_list___sub_collapse_20_1" href="#" class="job_list___sub_multi_heading"><div role="alert" class="card-header alert-success" id="job_list___sub_heading_20_1"><button class="btn btn-outline-success"><span class="job_id">20 : Job ID b567a19be9ee4dcdb5676a9880ab05a1</span></button></div></a><div aria-labelledby="job_list___sub_heading_20_1" data-parent="#job_list___sub_accordion_20" class="collapse job_list___sub_multi_collapse" id="job_list___sub_collapse_20_1"><div class="card-body"><div class="work-item"><div class="alert alert-success test-outcome" role="alert"><p>worker outcome: normal</p><p>test outcome: killed</p></div></div><pre class="location"><a href="pycharm://open?file=stack3.py&amp;line=125" class="text-secondary"><button class="btn btn-outline-dark">stack3.py, start pos: (125, 46), end pos: (125, 48)</button></a></pre><pre>operator: core/ReplaceComparisonOperator_Eq_Gt, occurrence: 4</pre><div class="alert alert-secondary"><pre class="diff">--- mutation diff ---
--- astack3.py
+++ bstack3.py
@@ -122,7 +122,7 @@
 
         """Check if stack is empty."""
 
-        return True if self.__stack.getSize() == 0 else False
+        return True if self.__stack.getSize() &gt; 0 else False
 
     def getSize(self) -&gt; int:
 </pre></div><div class="alert alert-secondary"><pre class="diff">============================= test session starts ==============================
platform linux -- Python 3.10.12, pytest-7.1.3, pluggy-1.0.0
rootdir: /home/lucca/desktop/ic/experimento/testes/python_experiments/stack3
plugins: Faker-15.1.1, hypothesis-6.56.3
collected 67 items

ALL-SMART-GPT-MUTATEST/test_stack3_DYNAMOSA.py .......F.....F...         [ 25%]
ALL-SMART-GPT-MUTATEST/test_stack3_MIO.py ...........FF........          [ 56%]
ALL-SMART-GPT-MUTATEST/test_stack3_MOSA.py .......F.....F...             [ 82%]
ALL-SMART-GPT-MUTATEST/test_stack3_MUTATEST.py ...                       [ 86%]
ALL-SMART-GPT-MUTATEST/test_stack3_WHOLE_SUITE.py ..FF.....              [100%]

=========================== short test summary info ============================
FAILED ALL-SMART-GPT-MUTATEST/test_stack3_DYNAMOSA.py::test_case_7 - assert F...
FAILED ALL-SMART-GPT-MUTATEST/test_stack3_DYNAMOSA.py::test_case_13 - assert ...
FAILED ALL-SMART-GPT-MUTATEST/test_stack3_MIO.py::test_case_11 - assert False...
FAILED ALL-SMART-GPT-MUTATEST/test_stack3_MIO.py::test_case_12 - assert True ...
FAILED ALL-SMART-GPT-MUTATEST/test_stack3_MOSA.py::test_case_7 - assert False...
FAILED ALL-SMART-GPT-MUTATEST/test_stack3_MOSA.py::test_case_13 - assert True...
FAILED ALL-SMART-GPT-MUTATEST/test_stack3_WHOLE_SUITE.py::test_case_2 - asser...
FAILED ALL-SMART-GPT-MUTATEST/test_stack3_WHOLE_SUITE.py::test_case_3 - asser...
========================= 8 failed, 59 passed in 0.48s =========================
</pre></div></div></div></div></div><div class="mb-1" id="job_list___sub_accordion_21"><div class="card"><a data-toggle="collapse" data-target="#job_list___sub_collapse_21_1" aria-expanded="false" aria-controls="job_list___sub_collapse_21_1" href="#" class="job_list___sub_multi_heading"><div role="alert" class="card-header alert-success" id="job_list___sub_heading_21_1"><button class="btn btn-outline-success"><span class="job_id">21 : Job ID 5c99b6c336c44f13b4ad7e70d7bc3d15</span></button></div></a><div aria-labelledby="job_list___sub_heading_21_1" data-parent="#job_list___sub_accordion_21" class="collapse job_list___sub_multi_collapse" id="job_list___sub_collapse_21_1"><div class="card-body"><div class="work-item"><div class="alert alert-success test-outcome" role="alert"><p>worker outcome: normal</p><p>test outcome: killed</p></div></div><pre class="location"><a href="pycharm://open?file=stack3.py&amp;line=24" class="text-secondary"><button class="btn btn-outline-dark">stack3.py, start pos: (24, 23), end pos: (24, 25)</button></a></pre><pre>operator: core/ReplaceComparisonOperator_Eq_GtE, occurrence: 0</pre><div class="alert alert-secondary"><pre class="diff">--- mutation diff ---
--- astack3.py
+++ bstack3.py
@@ -21,7 +21,7 @@
         """Add element to linked list."""
 
         newNode = Node(value)
-        if self.__size == 0:
+        if self.__size &gt;= 0:
             self.__head.next = newNode
             self.__head = newNode
             self.__size += 1</pre></div><div class="alert alert-secondary"><pre class="diff">============================= test session starts ==============================
platform linux -- Python 3.10.12, pytest-7.1.3, pluggy-1.0.0
rootdir: /home/lucca/desktop/ic/experimento/testes/python_experiments/stack3
plugins: Faker-15.1.1, hypothesis-6.56.3
collected 67 items

ALL-SMART-GPT-MUTATEST/test_stack3_DYNAMOSA.py ...............FF         [ 25%]
ALL-SMART-GPT-MUTATEST/test_stack3_MIO.py .....................          [ 56%]
ALL-SMART-GPT-MUTATEST/test_stack3_MOSA.py ...............FF             [ 82%]
ALL-SMART-GPT-MUTATEST/test_stack3_MUTATEST.py F.F                       [ 86%]
ALL-SMART-GPT-MUTATEST/test_stack3_WHOLE_SUITE.py .F.......              [100%]

=========================== short test summary info ============================
FAILED ALL-SMART-GPT-MUTATEST/test_stack3_DYNAMOSA.py::test_case_15 - Asserti...
FAILED ALL-SMART-GPT-MUTATEST/test_stack3_DYNAMOSA.py::test_case_16 - Asserti...
FAILED ALL-SMART-GPT-MUTATEST/test_stack3_MOSA.py::test_case_15 - AssertionEr...
FAILED ALL-SMART-GPT-MUTATEST/test_stack3_MOSA.py::test_case_16 - AssertionEr...
FAILED ALL-SMART-GPT-MUTATEST/test_stack3_MUTATEST.py::test_remove_multiple_elements_small_list
FAILED ALL-SMART-GPT-MUTATEST/test_stack3_MUTATEST.py::test_singly_linked_list_next_values
FAILED ALL-SMART-GPT-MUTATEST/test_stack3_WHOLE_SUITE.py::test_case_1 - Asser...
========================= 7 failed, 60 passed in 0.40s =========================
</pre></div></div></div></div></div><div class="mb-1" id="job_list___sub_accordion_22"><div class="card"><a data-toggle="collapse" data-target="#job_list___sub_collapse_22_1" aria-expanded="false" aria-controls="job_list___sub_collapse_22_1" href="#" class="job_list___sub_multi_heading"><div role="alert" class="card-header alert-success" id="job_list___sub_heading_22_1"><button class="btn btn-outline-success"><span class="job_id">22 : Job ID 8cf030e252b14e70bee2c58f72edc6e6</span></button></div></a><div aria-labelledby="job_list___sub_heading_22_1" data-parent="#job_list___sub_accordion_22" class="collapse job_list___sub_multi_collapse" id="job_list___sub_collapse_22_1"><div class="card-body"><div class="work-item"><div class="alert alert-success test-outcome" role="alert"><p>worker outcome: normal</p><p>test outcome: killed</p></div></div><pre class="location"><a href="pycharm://open?file=stack3.py&amp;line=38" class="text-secondary"><button class="btn btn-outline-dark">stack3.py, start pos: (38, 23), end pos: (38, 25)</button></a></pre><pre>operator: core/ReplaceComparisonOperator_Eq_GtE, occurrence: 1</pre><div class="alert alert-secondary"><pre class="diff">--- mutation diff ---
--- astack3.py
+++ bstack3.py
@@ -35,7 +35,7 @@
 
         """Remove node from linkedlist."""
 
-        if self.__size == 0:
+        if self.__size &gt;= 0:
             return None
         if self.__size == 1: # Alterado para corrigir comportamento
             nodeToRemove = self.__head</pre></div><div class="alert alert-secondary"><pre class="diff">============================= test session starts ==============================
platform linux -- Python 3.10.12, pytest-7.1.3, pluggy-1.0.0
rootdir: /home/lucca/desktop/ic/experimento/testes/python_experiments/stack3
plugins: Faker-15.1.1, hypothesis-6.56.3
collected 67 items

ALL-SMART-GPT-MUTATEST/test_stack3_DYNAMOSA.py .F..F....FF..F.FF         [ 25%]
ALL-SMART-GPT-MUTATEST/test_stack3_MIO.py ...F.................          [ 56%]
ALL-SMART-GPT-MUTATEST/test_stack3_MOSA.py .F..F....FF..F.FF             [ 82%]
ALL-SMART-GPT-MUTATEST/test_stack3_MUTATEST.py FF.                       [ 86%]
ALL-SMART-GPT-MUTATEST/test_stack3_WHOLE_SUITE.py .F..F....              [100%]

=========================== short test summary info ============================
FAILED ALL-SMART-GPT-MUTATEST/test_stack3_DYNAMOSA.py::test_case_1 - Assertio...
FAILED ALL-SMART-GPT-MUTATEST/test_stack3_DYNAMOSA.py::test_case_4 - assert &lt;...
FAILED ALL-SMART-GPT-MUTATEST/test_stack3_DYNAMOSA.py::test_case_9 - Assertio...
FAILED ALL-SMART-GPT-MUTATEST/test_stack3_DYNAMOSA.py::test_case_10 - Asserti...
FAILED ALL-SMART-GPT-MUTATEST/test_stack3_DYNAMOSA.py::test_case_13 - Asserti...
FAILED ALL-SMART-GPT-MUTATEST/test_stack3_DYNAMOSA.py::test_case_15 - Asserti...
FAILED ALL-SMART-GPT-MUTATEST/test_stack3_DYNAMOSA.py::test_case_16 - Asserti...
FAILED ALL-SMART-GPT-MUTATEST/test_stack3_MIO.py::test_case_3 - AssertionErro...
FAILED ALL-SMART-GPT-MUTATEST/test_stack3_MOSA.py::test_case_1 - AssertionErr...
FAILED ALL-SMART-GPT-MUTATEST/test_stack3_MOSA.py::test_case_4 - assert &lt;stac...
FAILED ALL-SMART-GPT-MUTATEST/test_stack3_MOSA.py::test_case_9 - AssertionErr...
FAILED ALL-SMART-GPT-MUTATEST/test_stack3_MOSA.py::test_case_10 - AssertionEr...
FAILED ALL-SMART-GPT-MUTATEST/test_stack3_MOSA.py::test_case_13 - AssertionEr...
FAILED ALL-SMART-GPT-MUTATEST/test_stack3_MOSA.py::test_case_15 - AssertionEr...
FAILED ALL-SMART-GPT-MUTATEST/test_stack3_MOSA.py::test_case_16 - AssertionEr...
FAILED ALL-SMART-GPT-MUTATEST/test_stack3_MUTATEST.py::test_remove_multiple_elements_small_list
FAILED ALL-SMART-GPT-MUTATEST/test_stack3_MUTATEST.py::test_remove_single_element
FAILED ALL-SMART-GPT-MUTATEST/test_stack3_WHOLE_SUITE.py::test_case_1 - Asser...
FAILED ALL-SMART-GPT-MUTATEST/test_stack3_WHOLE_SUITE.py::test_case_4 - Asser...
======================== 19 failed, 48 passed in 0.49s =========================
</pre></div></div></div></div></div><div class="mb-1" id="job_list___sub_accordion_23"><div class="card"><a data-toggle="collapse" data-target="#job_list___sub_collapse_23_1" aria-expanded="false" aria-controls="job_list___sub_collapse_23_1" href="#" class="job_list___sub_multi_heading"><div role="alert" class="card-header alert-success" id="job_list___sub_heading_23_1"><button class="btn btn-outline-success"><span class="job_id">23 : Job ID 19888a1d2d60447795cf9b0ec9e36fea</span></button></div></a><div aria-labelledby="job_list___sub_heading_23_1" data-parent="#job_list___sub_accordion_23" class="collapse job_list___sub_multi_collapse" id="job_list___sub_collapse_23_1"><div class="card-body"><div class="work-item"><div class="alert alert-success test-outcome" role="alert"><p>worker outcome: normal</p><p>test outcome: killed</p></div></div><pre class="location"><a href="pycharm://open?file=stack3.py&amp;line=40" class="text-secondary"><button class="btn btn-outline-dark">stack3.py, start pos: (40, 23), end pos: (40, 25)</button></a></pre><pre>operator: core/ReplaceComparisonOperator_Eq_GtE, occurrence: 2</pre><div class="alert alert-secondary"><pre class="diff">--- mutation diff ---
--- astack3.py
+++ bstack3.py
@@ -37,7 +37,7 @@
 
         if self.__size == 0:
             return None
-        if self.__size == 1: # Alterado para corrigir comportamento
+        if self.__size &gt;= 1: # Alterado para corrigir comportamento
             nodeToRemove = self.__head
             self.__sentinel.next = None
             self.__head = self.__sentinel</pre></div><div class="alert alert-secondary"><pre class="diff">============================= test session starts ==============================
platform linux -- Python 3.10.12, pytest-7.1.3, pluggy-1.0.0
rootdir: /home/lucca/desktop/ic/experimento/testes/python_experiments/stack3
plugins: Faker-15.1.1, hypothesis-6.56.3
collected 67 items

ALL-SMART-GPT-MUTATEST/test_stack3_DYNAMOSA.py .................         [ 25%]
ALL-SMART-GPT-MUTATEST/test_stack3_MIO.py .....................          [ 56%]
ALL-SMART-GPT-MUTATEST/test_stack3_MOSA.py .................             [ 82%]
ALL-SMART-GPT-MUTATEST/test_stack3_MUTATEST.py F..                       [ 86%]
ALL-SMART-GPT-MUTATEST/test_stack3_WHOLE_SUITE.py .........              [100%]

=========================== short test summary info ============================
FAILED ALL-SMART-GPT-MUTATEST/test_stack3_MUTATEST.py::test_remove_multiple_elements_small_list
========================= 1 failed, 66 passed in 0.47s =========================
</pre></div></div></div></div></div><div class="mb-1" id="job_list___sub_accordion_24"><div class="card"><a data-toggle="collapse" data-target="#job_list___sub_collapse_24_1" aria-expanded="false" aria-controls="job_list___sub_collapse_24_1" href="#" class="job_list___sub_multi_heading"><div role="alert" class="card-header alert-success" id="job_list___sub_heading_24_1"><button class="btn btn-outline-success"><span class="job_id">24 : Job ID 068227adb91541dba262622ad5188243</span></button></div></a><div aria-labelledby="job_list___sub_heading_24_1" data-parent="#job_list___sub_accordion_24" class="collapse job_list___sub_multi_collapse" id="job_list___sub_collapse_24_1"><div class="card-body"><div class="work-item"><div class="alert alert-success test-outcome" role="alert"><p>worker outcome: normal</p><p>test outcome: killed</p></div></div><pre class="location"><a href="pycharm://open?file=stack3.py&amp;line=75" class="text-secondary"><button class="btn btn-outline-dark">stack3.py, start pos: (75, 35), end pos: (75, 37)</button></a></pre><pre>operator: core/ReplaceComparisonOperator_Eq_GtE, occurrence: 3</pre><div class="alert alert-secondary"><pre class="diff">--- mutation diff ---
--- astack3.py
+++ bstack3.py
@@ -72,7 +72,7 @@
 
         """Checks if linkedlist is empty."""
 
-        return True if self.__size == 0 else False
+        return True if self.__size &gt;= 0 else False
 
     def toArray(self) -&gt; list:
 </pre></div><div class="alert alert-secondary"><pre class="diff">============================= test session starts ==============================
platform linux -- Python 3.10.12, pytest-7.1.3, pluggy-1.0.0
rootdir: /home/lucca/desktop/ic/experimento/testes/python_experiments/stack3
plugins: Faker-15.1.1, hypothesis-6.56.3
collected 67 items

ALL-SMART-GPT-MUTATEST/test_stack3_DYNAMOSA.py ....F..........FF         [ 25%]
ALL-SMART-GPT-MUTATEST/test_stack3_MIO.py ......F..............          [ 56%]
ALL-SMART-GPT-MUTATEST/test_stack3_MOSA.py ....F..........FF             [ 82%]
ALL-SMART-GPT-MUTATEST/test_stack3_MUTATEST.py ...                       [ 86%]
ALL-SMART-GPT-MUTATEST/test_stack3_WHOLE_SUITE.py .F.......              [100%]

=========================== short test summary info ============================
FAILED ALL-SMART-GPT-MUTATEST/test_stack3_DYNAMOSA.py::test_case_4 - assert T...
FAILED ALL-SMART-GPT-MUTATEST/test_stack3_DYNAMOSA.py::test_case_15 - assert ...
FAILED ALL-SMART-GPT-MUTATEST/test_stack3_DYNAMOSA.py::test_case_16 - assert ...
FAILED ALL-SMART-GPT-MUTATEST/test_stack3_MIO.py::test_case_6 - assert True i...
FAILED ALL-SMART-GPT-MUTATEST/test_stack3_MOSA.py::test_case_4 - assert True ...
FAILED ALL-SMART-GPT-MUTATEST/test_stack3_MOSA.py::test_case_15 - assert True...
FAILED ALL-SMART-GPT-MUTATEST/test_stack3_MOSA.py::test_case_16 - assert True...
FAILED ALL-SMART-GPT-MUTATEST/test_stack3_WHOLE_SUITE.py::test_case_1 - asser...
========================= 8 failed, 59 passed in 0.51s =========================
</pre></div></div></div></div></div><div class="mb-1" id="job_list___sub_accordion_25"><div class="card"><a data-toggle="collapse" data-target="#job_list___sub_collapse_25_1" aria-expanded="false" aria-controls="job_list___sub_collapse_25_1" href="#" class="job_list___sub_multi_heading"><div role="alert" class="card-header alert-success" id="job_list___sub_heading_25_1"><button class="btn btn-outline-success"><span class="job_id">25 : Job ID 82d6105b5676467e95f53cae612a95e7</span></button></div></a><div aria-labelledby="job_list___sub_heading_25_1" data-parent="#job_list___sub_accordion_25" class="collapse job_list___sub_multi_collapse" id="job_list___sub_collapse_25_1"><div class="card-body"><div class="work-item"><div class="alert alert-success test-outcome" role="alert"><p>worker outcome: normal</p><p>test outcome: killed</p></div></div><pre class="location"><a href="pycharm://open?file=stack3.py&amp;line=125" class="text-secondary"><button class="btn btn-outline-dark">stack3.py, start pos: (125, 46), end pos: (125, 48)</button></a></pre><pre>operator: core/ReplaceComparisonOperator_Eq_GtE, occurrence: 4</pre><div class="alert alert-secondary"><pre class="diff">--- mutation diff ---
--- astack3.py
+++ bstack3.py
@@ -122,7 +122,7 @@
 
         """Check if stack is empty."""
 
-        return True if self.__stack.getSize() == 0 else False
+        return True if self.__stack.getSize() &gt;= 0 else False
 
     def getSize(self) -&gt; int:
 </pre></div><div class="alert alert-secondary"><pre class="diff">============================= test session starts ==============================
platform linux -- Python 3.10.12, pytest-7.1.3, pluggy-1.0.0
rootdir: /home/lucca/desktop/ic/experimento/testes/python_experiments/stack3
plugins: Faker-15.1.1, hypothesis-6.56.3
collected 67 items

ALL-SMART-GPT-MUTATEST/test_stack3_DYNAMOSA.py .............F...         [ 25%]
ALL-SMART-GPT-MUTATEST/test_stack3_MIO.py ............F........          [ 56%]
ALL-SMART-GPT-MUTATEST/test_stack3_MOSA.py .............F...             [ 82%]
ALL-SMART-GPT-MUTATEST/test_stack3_MUTATEST.py ...                       [ 86%]
ALL-SMART-GPT-MUTATEST/test_stack3_WHOLE_SUITE.py ...F.....              [100%]

=========================== short test summary info ============================
FAILED ALL-SMART-GPT-MUTATEST/test_stack3_DYNAMOSA.py::test_case_13 - assert ...
FAILED ALL-SMART-GPT-MUTATEST/test_stack3_MIO.py::test_case_12 - assert True ...
FAILED ALL-SMART-GPT-MUTATEST/test_stack3_MOSA.py::test_case_13 - assert True...
FAILED ALL-SMART-GPT-MUTATEST/test_stack3_WHOLE_SUITE.py::test_case_3 - asser...
========================= 4 failed, 63 passed in 0.45s =========================
</pre></div></div></div></div></div><div class="mb-1" id="job_list___sub_accordion_26"><div class="card"><a data-toggle="collapse" data-target="#job_list___sub_collapse_26_1" aria-expanded="false" aria-controls="job_list___sub_collapse_26_1" href="#" class="job_list___sub_multi_heading"><div role="alert" class="card-header alert-danger" id="job_list___sub_heading_26_1"><button class="btn btn-outline-danger"><span class="job_id">26 : Job ID 8c79b3cf16854686a6bdb2ad9b3bb881</span></button></div></a><div aria-labelledby="job_list___sub_heading_26_1" data-parent="#job_list___sub_accordion_26" class="collapse job_list___sub_multi_collapse" id="job_list___sub_collapse_26_1"><div class="card-body"><div class="work-item"><div class="alert alert-danger test-outcome" role="alert"><p>SURVIVED</p><p>worker outcome: normal</p><p>test outcome: survived</p></div></div><pre class="location"><a href="pycharm://open?file=stack3.py&amp;line=137" class="text-secondary"><button class="btn btn-outline-dark">stack3.py, start pos: (137, 44), end pos: (137, 45)</button></a></pre><pre>operator: core/ReplaceUnaryOperator_USub_UAdd, occurrence: 0</pre><div class="alert alert-secondary"><pre class="diff">--- mutation diff ---
--- astack3.py
+++ bstack3.py
@@ -134,5 +134,5 @@
 
         """Get string representation of the stack."""
 
-        return str(self.__stack.toArray()[::-1])
+        return str(self.__stack.toArray()[::+1])
 </pre></div><div class="alert alert-secondary"><pre class="diff">============================= test session starts ==============================
platform linux -- Python 3.10.12, pytest-7.1.3, pluggy-1.0.0
rootdir: /home/lucca/desktop/ic/experimento/testes/python_experiments/stack3
plugins: Faker-15.1.1, hypothesis-6.56.3
collected 67 items

ALL-SMART-GPT-MUTATEST/test_stack3_DYNAMOSA.py .................         [ 25%]
ALL-SMART-GPT-MUTATEST/test_stack3_MIO.py .....................          [ 56%]
ALL-SMART-GPT-MUTATEST/test_stack3_MOSA.py .................             [ 82%]
ALL-SMART-GPT-MUTATEST/test_stack3_MUTATEST.py ...                       [ 86%]
ALL-SMART-GPT-MUTATEST/test_stack3_WHOLE_SUITE.py .........              [100%]

============================== 67 passed in 0.45s ==============================
</pre></div></div></div></div></div><div class="mb-1" id="job_list___sub_accordion_27"><div class="card"><a data-toggle="collapse" data-target="#job_list___sub_collapse_27_1" aria-expanded="false" aria-controls="job_list___sub_collapse_27_1" href="#" class="job_list___sub_multi_heading"><div role="alert" class="card-header alert-danger" id="job_list___sub_heading_27_1"><button class="btn btn-outline-danger"><span class="job_id">27 : Job ID c153ed4e2511446cb524419c37f26293</span></button></div></a><div aria-labelledby="job_list___sub_heading_27_1" data-parent="#job_list___sub_accordion_27" class="collapse job_list___sub_multi_collapse" id="job_list___sub_collapse_27_1"><div class="card-body"><div class="work-item"><div class="alert alert-danger test-outcome" role="alert"><p>SURVIVED</p><p>worker outcome: normal</p><p>test outcome: survived</p></div></div><pre class="location"><a href="pycharm://open?file=stack3.py&amp;line=137" class="text-secondary"><button class="btn btn-outline-dark">stack3.py, start pos: (137, 44), end pos: (137, 45)</button></a></pre><pre>operator: core/ReplaceUnaryOperator_USub_Invert, occurrence: 0</pre><div class="alert alert-secondary"><pre class="diff">--- mutation diff ---
--- astack3.py
+++ bstack3.py
@@ -134,5 +134,5 @@
 
         """Get string representation of the stack."""
 
-        return str(self.__stack.toArray()[::-1])
+        return str(self.__stack.toArray()[::~1])
 </pre></div><div class="alert alert-secondary"><pre class="diff">============================= test session starts ==============================
platform linux -- Python 3.10.12, pytest-7.1.3, pluggy-1.0.0
rootdir: /home/lucca/desktop/ic/experimento/testes/python_experiments/stack3
plugins: Faker-15.1.1, hypothesis-6.56.3
collected 67 items

ALL-SMART-GPT-MUTATEST/test_stack3_DYNAMOSA.py .................         [ 25%]
ALL-SMART-GPT-MUTATEST/test_stack3_MIO.py .....................          [ 56%]
ALL-SMART-GPT-MUTATEST/test_stack3_MOSA.py .................             [ 82%]
ALL-SMART-GPT-MUTATEST/test_stack3_MUTATEST.py ...                       [ 86%]
ALL-SMART-GPT-MUTATEST/test_stack3_WHOLE_SUITE.py .........              [100%]

============================== 67 passed in 1.53s ==============================
</pre></div></div></div></div></div><div class="mb-1" id="job_list___sub_accordion_28"><div class="card"><a data-toggle="collapse" data-target="#job_list___sub_collapse_28_1" aria-expanded="false" aria-controls="job_list___sub_collapse_28_1" href="#" class="job_list___sub_multi_heading"><div role="alert" class="card-header alert-success" id="job_list___sub_heading_28_1"><button class="btn btn-outline-success"><span class="job_id">28 : Job ID ca8f0537ad704a2388f80ae2cc9fd8dd</span></button></div></a><div aria-labelledby="job_list___sub_heading_28_1" data-parent="#job_list___sub_accordion_28" class="collapse job_list___sub_multi_collapse" id="job_list___sub_collapse_28_1"><div class="card-body"><div class="work-item"><div class="alert alert-success test-outcome" role="alert"><p>worker outcome: normal</p><p>test outcome: killed</p></div></div><pre class="location"><a href="pycharm://open?file=stack3.py&amp;line=137" class="text-secondary"><button class="btn btn-outline-dark">stack3.py, start pos: (137, 44), end pos: (137, 45)</button></a></pre><pre>operator: core/ReplaceUnaryOperator_USub_Not, occurrence: 0</pre><div class="alert alert-secondary"><pre class="diff">--- mutation diff ---
--- astack3.py
+++ bstack3.py
@@ -134,5 +134,5 @@
 
         """Get string representation of the stack."""
 
-        return str(self.__stack.toArray()[::-1])
+        return str(self.__stack.toArray()[::not 1])
 </pre></div><div class="alert alert-secondary"><pre class="diff">============================= test session starts ==============================
platform linux -- Python 3.10.12, pytest-7.1.3, pluggy-1.0.0
rootdir: /home/lucca/desktop/ic/experimento/testes/python_experiments/stack3
plugins: Faker-15.1.1, hypothesis-6.56.3
collected 67 items

ALL-SMART-GPT-MUTATEST/test_stack3_DYNAMOSA.py .....F......F....         [ 25%]
ALL-SMART-GPT-MUTATEST/test_stack3_MIO.py ....................F          [ 56%]
ALL-SMART-GPT-MUTATEST/test_stack3_MOSA.py .....F......F....             [ 82%]
ALL-SMART-GPT-MUTATEST/test_stack3_MUTATEST.py ...                       [ 86%]
ALL-SMART-GPT-MUTATEST/test_stack3_WHOLE_SUITE.py ...F.....              [100%]

=========================== short test summary info ============================
FAILED ALL-SMART-GPT-MUTATEST/test_stack3_DYNAMOSA.py::test_case_5 - ValueErr...
FAILED ALL-SMART-GPT-MUTATEST/test_stack3_DYNAMOSA.py::test_case_12 - ValueEr...
FAILED ALL-SMART-GPT-MUTATEST/test_stack3_MIO.py::test_case_20 - ValueError: ...
FAILED ALL-SMART-GPT-MUTATEST/test_stack3_MOSA.py::test_case_5 - ValueError: ...
FAILED ALL-SMART-GPT-MUTATEST/test_stack3_MOSA.py::test_case_12 - ValueError:...
FAILED ALL-SMART-GPT-MUTATEST/test_stack3_WHOLE_SUITE.py::test_case_3 - Value...
========================= 6 failed, 61 passed in 0.41s =========================
</pre></div></div></div></div></div><div class="mb-1" id="job_list___sub_accordion_29"><div class="card"><a data-toggle="collapse" data-target="#job_list___sub_collapse_29_1" aria-expanded="false" aria-controls="job_list___sub_collapse_29_1" href="#" class="job_list___sub_multi_heading"><div role="alert" class="card-header alert-danger" id="job_list___sub_heading_29_1"><button class="btn btn-outline-danger"><span class="job_id">29 : Job ID 6ea6e3795d8242da9570627c6de43536</span></button></div></a><div aria-labelledby="job_list___sub_heading_29_1" data-parent="#job_list___sub_accordion_29" class="collapse job_list___sub_multi_collapse" id="job_list___sub_collapse_29_1"><div class="card-body"><div class="work-item"><div class="alert alert-danger test-outcome" role="alert"><p>SURVIVED</p><p>worker outcome: normal</p><p>test outcome: survived</p></div></div><pre class="location"><a href="pycharm://open?file=stack3.py&amp;line=137" class="text-secondary"><button class="btn btn-outline-dark">stack3.py, start pos: (137, 44), end pos: (137, 45)</button></a></pre><pre>operator: core/ReplaceUnaryOperator_Delete_USub, occurrence: 0</pre><div class="alert alert-secondary"><pre class="diff">--- mutation diff ---
--- astack3.py
+++ bstack3.py
@@ -134,5 +134,5 @@
 
         """Get string representation of the stack."""
 
-        return str(self.__stack.toArray()[::-1])
+        return str(self.__stack.toArray()[::1])
 </pre></div><div class="alert alert-secondary"><pre class="diff">============================= test session starts ==============================
platform linux -- Python 3.10.12, pytest-7.1.3, pluggy-1.0.0
rootdir: /home/lucca/desktop/ic/experimento/testes/python_experiments/stack3
plugins: Faker-15.1.1, hypothesis-6.56.3
collected 67 items

ALL-SMART-GPT-MUTATEST/test_stack3_DYNAMOSA.py .................         [ 25%]
ALL-SMART-GPT-MUTATEST/test_stack3_MIO.py .....................          [ 56%]
ALL-SMART-GPT-MUTATEST/test_stack3_MOSA.py .................             [ 82%]
ALL-SMART-GPT-MUTATEST/test_stack3_MUTATEST.py ...                       [ 86%]
ALL-SMART-GPT-MUTATEST/test_stack3_WHOLE_SUITE.py .........              [100%]

============================== 67 passed in 0.40s ==============================
</pre></div></div></div></div></div><div class="mb-1" id="job_list___sub_accordion_30"><div class="card"><a data-toggle="collapse" data-target="#job_list___sub_collapse_30_1" aria-expanded="false" aria-controls="job_list___sub_collapse_30_1" href="#" class="job_list___sub_multi_heading"><div role="alert" class="card-header alert-success" id="job_list___sub_heading_30_1"><button class="btn btn-outline-success"><span class="job_id">30 : Job ID 1d8142856aa34a99bb1315aecc66ce1a</span></button></div></a><div aria-labelledby="job_list___sub_heading_30_1" data-parent="#job_list___sub_accordion_30" class="collapse job_list___sub_multi_collapse" id="job_list___sub_collapse_30_1"><div class="card-body"><div class="work-item"><div class="alert alert-success test-outcome" role="alert"><p>worker outcome: normal</p><p>test outcome: killed</p></div></div><pre class="location"><a href="pycharm://open?file=stack3.py&amp;line=24" class="text-secondary"><button class="btn btn-outline-dark">stack3.py, start pos: (24, 11), end pos: (24, 27)</button></a></pre><pre>operator: core/AddNot, occurrence: 0</pre><div class="alert alert-secondary"><pre class="diff">--- mutation diff ---
--- astack3.py
+++ bstack3.py
@@ -21,7 +21,7 @@
         """Add element to linked list."""
 
         newNode = Node(value)
-        if self.__size == 0:
+        if not self.__size == 0:
             self.__head.next = newNode
             self.__head = newNode
             self.__size += 1</pre></div><div class="alert alert-secondary"><pre class="diff">timeout</pre></div></div></div></div></div><div class="mb-1" id="job_list___sub_accordion_31"><div class="card"><a data-toggle="collapse" data-target="#job_list___sub_collapse_31_1" aria-expanded="false" aria-controls="job_list___sub_collapse_31_1" href="#" class="job_list___sub_multi_heading"><div role="alert" class="card-header alert-success" id="job_list___sub_heading_31_1"><button class="btn btn-outline-success"><span class="job_id">31 : Job ID bfa4b7bd18c14bd1ad87d20a048f49a5</span></button></div></a><div aria-labelledby="job_list___sub_heading_31_1" data-parent="#job_list___sub_accordion_31" class="collapse job_list___sub_multi_collapse" id="job_list___sub_collapse_31_1"><div class="card-body"><div class="work-item"><div class="alert alert-success test-outcome" role="alert"><p>worker outcome: normal</p><p>test outcome: killed</p></div></div><pre class="location"><a href="pycharm://open?file=stack3.py&amp;line=38" class="text-secondary"><button class="btn btn-outline-dark">stack3.py, start pos: (38, 11), end pos: (38, 27)</button></a></pre><pre>operator: core/AddNot, occurrence: 1</pre><div class="alert alert-secondary"><pre class="diff">--- mutation diff ---
--- astack3.py
+++ bstack3.py
@@ -35,7 +35,7 @@
 
         """Remove node from linkedlist."""
 
-        if self.__size == 0:
+        if not self.__size == 0:
             return None
         if self.__size == 1: # Alterado para corrigir comportamento
             nodeToRemove = self.__head</pre></div><div class="alert alert-secondary"><pre class="diff">============================= test session starts ==============================
platform linux -- Python 3.10.12, pytest-7.1.3, pluggy-1.0.0
rootdir: /home/lucca/desktop/ic/experimento/testes/python_experiments/stack3
plugins: Faker-15.1.1, hypothesis-6.56.3
collected 67 items

ALL-SMART-GPT-MUTATEST/test_stack3_DYNAMOSA.py .F..F....FF..F.FF         [ 25%]
ALL-SMART-GPT-MUTATEST/test_stack3_MIO.py ...F.................          [ 56%]
ALL-SMART-GPT-MUTATEST/test_stack3_MOSA.py .F..F....FF..F.FF             [ 82%]
ALL-SMART-GPT-MUTATEST/test_stack3_MUTATEST.py FF.                       [ 86%]
ALL-SMART-GPT-MUTATEST/test_stack3_WHOLE_SUITE.py .F..FF..F              [100%]

=========================== short test summary info ============================
FAILED ALL-SMART-GPT-MUTATEST/test_stack3_DYNAMOSA.py::test_case_1 - Assertio...
FAILED ALL-SMART-GPT-MUTATEST/test_stack3_DYNAMOSA.py::test_case_4 - assert &lt;...
FAILED ALL-SMART-GPT-MUTATEST/test_stack3_DYNAMOSA.py::test_case_9 - Assertio...
FAILED ALL-SMART-GPT-MUTATEST/test_stack3_DYNAMOSA.py::test_case_10 - Asserti...
FAILED ALL-SMART-GPT-MUTATEST/test_stack3_DYNAMOSA.py::test_case_13 - Asserti...
FAILED ALL-SMART-GPT-MUTATEST/test_stack3_DYNAMOSA.py::test_case_15 - Asserti...
FAILED ALL-SMART-GPT-MUTATEST/test_stack3_DYNAMOSA.py::test_case_16 - Asserti...
FAILED ALL-SMART-GPT-MUTATEST/test_stack3_MIO.py::test_case_3 - AssertionErro...
FAILED ALL-SMART-GPT-MUTATEST/test_stack3_MOSA.py::test_case_1 - AssertionErr...
FAILED ALL-SMART-GPT-MUTATEST/test_stack3_MOSA.py::test_case_4 - assert &lt;stac...
FAILED ALL-SMART-GPT-MUTATEST/test_stack3_MOSA.py::test_case_9 - AssertionErr...
FAILED ALL-SMART-GPT-MUTATEST/test_stack3_MOSA.py::test_case_10 - AssertionEr...
FAILED ALL-SMART-GPT-MUTATEST/test_stack3_MOSA.py::test_case_13 - AssertionEr...
FAILED ALL-SMART-GPT-MUTATEST/test_stack3_MOSA.py::test_case_15 - AssertionEr...
FAILED ALL-SMART-GPT-MUTATEST/test_stack3_MOSA.py::test_case_16 - AssertionEr...
FAILED ALL-SMART-GPT-MUTATEST/test_stack3_MUTATEST.py::test_remove_multiple_elements_small_list
FAILED ALL-SMART-GPT-MUTATEST/test_stack3_MUTATEST.py::test_remove_single_element
FAILED ALL-SMART-GPT-MUTATEST/test_stack3_WHOLE_SUITE.py::test_case_1 - Asser...
FAILED ALL-SMART-GPT-MUTATEST/test_stack3_WHOLE_SUITE.py::test_case_4 - Asser...
FAILED ALL-SMART-GPT-MUTATEST/test_stack3_WHOLE_SUITE.py::test_case_5 - asser...
FAILED ALL-SMART-GPT-MUTATEST/test_stack3_WHOLE_SUITE.py::test_case_8 - asser...
======================== 21 failed, 46 passed in 0.55s =========================
</pre></div></div></div></div></div><div class="mb-1" id="job_list___sub_accordion_32"><div class="card"><a data-toggle="collapse" data-target="#job_list___sub_collapse_32_1" aria-expanded="false" aria-controls="job_list___sub_collapse_32_1" href="#" class="job_list___sub_multi_heading"><div role="alert" class="card-header alert-success" id="job_list___sub_heading_32_1"><button class="btn btn-outline-success"><span class="job_id">32 : Job ID 0ccb4ce5daef4586b499fa4d06e96f1f</span></button></div></a><div aria-labelledby="job_list___sub_heading_32_1" data-parent="#job_list___sub_accordion_32" class="collapse job_list___sub_multi_collapse" id="job_list___sub_collapse_32_1"><div class="card-body"><div class="work-item"><div class="alert alert-success test-outcome" role="alert"><p>worker outcome: normal</p><p>test outcome: killed</p></div></div><pre class="location"><a href="pycharm://open?file=stack3.py&amp;line=40" class="text-secondary"><button class="btn btn-outline-dark">stack3.py, start pos: (40, 11), end pos: (40, 27)</button></a></pre><pre>operator: core/AddNot, occurrence: 2</pre><div class="alert alert-secondary"><pre class="diff">--- mutation diff ---
--- astack3.py
+++ bstack3.py
@@ -37,7 +37,7 @@
 
         if self.__size == 0:
             return None
-        if self.__size == 1: # Alterado para corrigir comportamento
+        if not self.__size == 1: # Alterado para corrigir comportamento
             nodeToRemove = self.__head
             self.__sentinel.next = None
             self.__head = self.__sentinel</pre></div><div class="alert alert-secondary"><pre class="diff">============================= test session starts ==============================
platform linux -- Python 3.10.12, pytest-7.1.3, pluggy-1.0.0
rootdir: /home/lucca/desktop/ic/experimento/testes/python_experiments/stack3
plugins: Faker-15.1.1, hypothesis-6.56.3
collected 67 items

ALL-SMART-GPT-MUTATEST/test_stack3_DYNAMOSA.py .........F...F...         [ 25%]
ALL-SMART-GPT-MUTATEST/test_stack3_MIO.py .....................          [ 56%]
ALL-SMART-GPT-MUTATEST/test_stack3_MOSA.py .........F...F...             [ 82%]
ALL-SMART-GPT-MUTATEST/test_stack3_MUTATEST.py FF.                       [ 86%]
ALL-SMART-GPT-MUTATEST/test_stack3_WHOLE_SUITE.py .........              [100%]

=========================== short test summary info ============================
FAILED ALL-SMART-GPT-MUTATEST/test_stack3_DYNAMOSA.py::test_case_9 - Assertio...
FAILED ALL-SMART-GPT-MUTATEST/test_stack3_DYNAMOSA.py::test_case_13 - Attribu...
FAILED ALL-SMART-GPT-MUTATEST/test_stack3_MOSA.py::test_case_9 - AssertionErr...
FAILED ALL-SMART-GPT-MUTATEST/test_stack3_MOSA.py::test_case_13 - AttributeEr...
FAILED ALL-SMART-GPT-MUTATEST/test_stack3_MUTATEST.py::test_remove_multiple_elements_small_list
FAILED ALL-SMART-GPT-MUTATEST/test_stack3_MUTATEST.py::test_remove_single_element
========================= 6 failed, 61 passed in 0.49s =========================
</pre></div></div></div></div></div><div class="mb-1" id="job_list___sub_accordion_33"><div class="card"><a data-toggle="collapse" data-target="#job_list___sub_collapse_33_1" aria-expanded="false" aria-controls="job_list___sub_collapse_33_1" href="#" class="job_list___sub_multi_heading"><div role="alert" class="card-header alert-success" id="job_list___sub_heading_33_1"><button class="btn btn-outline-success"><span class="job_id">33 : Job ID 1285266c816c44858578e4fbae9734be</span></button></div></a><div aria-labelledby="job_list___sub_heading_33_1" data-parent="#job_list___sub_accordion_33" class="collapse job_list___sub_multi_collapse" id="job_list___sub_collapse_33_1"><div class="card-body"><div class="work-item"><div class="alert alert-success test-outcome" role="alert"><p>worker outcome: normal</p><p>test outcome: killed</p></div></div><pre class="location"><a href="pycharm://open?file=stack3.py&amp;line=75" class="text-secondary"><button class="btn btn-outline-dark">stack3.py, start pos: (75, 23), end pos: (75, 39)</button></a></pre><pre>operator: core/AddNot, occurrence: 3</pre><div class="alert alert-secondary"><pre class="diff">--- mutation diff ---
--- astack3.py
+++ bstack3.py
@@ -72,7 +72,7 @@
 
         """Checks if linkedlist is empty."""
 
-        return True if self.__size == 0 else False
+        return True if not self.__size == 0 else False
 
     def toArray(self) -&gt; list:
 </pre></div><div class="alert alert-secondary"><pre class="diff">============================= test session starts ==============================
platform linux -- Python 3.10.12, pytest-7.1.3, pluggy-1.0.0
rootdir: /home/lucca/desktop/ic/experimento/testes/python_experiments/stack3
plugins: Faker-15.1.1, hypothesis-6.56.3
collected 67 items

ALL-SMART-GPT-MUTATEST/test_stack3_DYNAMOSA.py ...FF..........FF         [ 25%]
ALL-SMART-GPT-MUTATEST/test_stack3_MIO.py .....FF..............          [ 56%]
ALL-SMART-GPT-MUTATEST/test_stack3_MOSA.py ...FF..........FF             [ 82%]
ALL-SMART-GPT-MUTATEST/test_stack3_MUTATEST.py .F.                       [ 86%]
ALL-SMART-GPT-MUTATEST/test_stack3_WHOLE_SUITE.py .F.....F.              [100%]

=========================== short test summary info ============================
FAILED ALL-SMART-GPT-MUTATEST/test_stack3_DYNAMOSA.py::test_case_3 - assert F...
FAILED ALL-SMART-GPT-MUTATEST/test_stack3_DYNAMOSA.py::test_case_4 - assert T...
FAILED ALL-SMART-GPT-MUTATEST/test_stack3_DYNAMOSA.py::test_case_15 - assert ...
FAILED ALL-SMART-GPT-MUTATEST/test_stack3_DYNAMOSA.py::test_case_16 - assert ...
FAILED ALL-SMART-GPT-MUTATEST/test_stack3_MIO.py::test_case_5 - assert False ...
FAILED ALL-SMART-GPT-MUTATEST/test_stack3_MIO.py::test_case_6 - assert True i...
FAILED ALL-SMART-GPT-MUTATEST/test_stack3_MOSA.py::test_case_3 - assert False...
FAILED ALL-SMART-GPT-MUTATEST/test_stack3_MOSA.py::test_case_4 - assert True ...
FAILED ALL-SMART-GPT-MUTATEST/test_stack3_MOSA.py::test_case_15 - assert True...
FAILED ALL-SMART-GPT-MUTATEST/test_stack3_MOSA.py::test_case_16 - assert True...
FAILED ALL-SMART-GPT-MUTATEST/test_stack3_MUTATEST.py::test_remove_single_element
FAILED ALL-SMART-GPT-MUTATEST/test_stack3_WHOLE_SUITE.py::test_case_1 - asser...
FAILED ALL-SMART-GPT-MUTATEST/test_stack3_WHOLE_SUITE.py::test_case_7 - asser...
======================== 13 failed, 54 passed in 0.53s =========================
</pre></div></div></div></div></div><div class="mb-1" id="job_list___sub_accordion_34"><div class="card"><a data-toggle="collapse" data-target="#job_list___sub_collapse_34_1" aria-expanded="false" aria-controls="job_list___sub_collapse_34_1" href="#" class="job_list___sub_multi_heading"><div role="alert" class="card-header alert-success" id="job_list___sub_heading_34_1"><button class="btn btn-outline-success"><span class="job_id">34 : Job ID 0780f2490f744d4c890c8203056a6b80</span></button></div></a><div aria-labelledby="job_list___sub_heading_34_1" data-parent="#job_list___sub_accordion_34" class="collapse job_list___sub_multi_collapse" id="job_list___sub_collapse_34_1"><div class="card-body"><div class="work-item"><div class="alert alert-success test-outcome" role="alert"><p>worker outcome: normal</p><p>test outcome: killed</p></div></div><pre class="location"><a href="pycharm://open?file=stack3.py&amp;line=83" class="text-secondary"><button class="btn btn-outline-dark">stack3.py, start pos: (83, 14), end pos: (83, 21)</button></a></pre><pre>operator: core/AddNot, occurrence: 4</pre><div class="alert alert-secondary"><pre class="diff">--- mutation diff ---
--- astack3.py
+++ bstack3.py
@@ -80,7 +80,7 @@
 
         arr = []
         current = self.__head
-        while current:
+        while not current:
             arr.append(current.value)
             current = current.next
         return arr</pre></div><div class="alert alert-secondary"><pre class="diff">============================= test session starts ==============================
platform linux -- Python 3.10.12, pytest-7.1.3, pluggy-1.0.0
rootdir: /home/lucca/desktop/ic/experimento/testes/python_experiments/stack3
plugins: Faker-15.1.1, hypothesis-6.56.3
collected 67 items

ALL-SMART-GPT-MUTATEST/test_stack3_DYNAMOSA.py ....FF......F..F.         [ 25%]
ALL-SMART-GPT-MUTATEST/test_stack3_MIO.py ....................F          [ 56%]
ALL-SMART-GPT-MUTATEST/test_stack3_MOSA.py ....FF......F..F.             [ 82%]
ALL-SMART-GPT-MUTATEST/test_stack3_MUTATEST.py ...                       [ 86%]
ALL-SMART-GPT-MUTATEST/test_stack3_WHOLE_SUITE.py ...F.....              [100%]

=========================== short test summary info ============================
FAILED ALL-SMART-GPT-MUTATEST/test_stack3_DYNAMOSA.py::test_case_4 - assert [...
FAILED ALL-SMART-GPT-MUTATEST/test_stack3_DYNAMOSA.py::test_case_5 - Assertio...
FAILED ALL-SMART-GPT-MUTATEST/test_stack3_DYNAMOSA.py::test_case_12 - Asserti...
FAILED ALL-SMART-GPT-MUTATEST/test_stack3_DYNAMOSA.py::test_case_15 - assert ...
FAILED ALL-SMART-GPT-MUTATEST/test_stack3_MIO.py::test_case_20 - AssertionErr...
FAILED ALL-SMART-GPT-MUTATEST/test_stack3_MOSA.py::test_case_4 - assert [] ==...
FAILED ALL-SMART-GPT-MUTATEST/test_stack3_MOSA.py::test_case_5 - AssertionErr...
FAILED ALL-SMART-GPT-MUTATEST/test_stack3_MOSA.py::test_case_12 - AssertionEr...
FAILED ALL-SMART-GPT-MUTATEST/test_stack3_MOSA.py::test_case_15 - assert [] =...
FAILED ALL-SMART-GPT-MUTATEST/test_stack3_WHOLE_SUITE.py::test_case_3 - Asser...
======================== 10 failed, 57 passed in 0.49s =========================
</pre></div></div></div></div></div><div class="mb-1" id="job_list___sub_accordion_35"><div class="card"><a data-toggle="collapse" data-target="#job_list___sub_collapse_35_1" aria-expanded="false" aria-controls="job_list___sub_collapse_35_1" href="#" class="job_list___sub_multi_heading"><div role="alert" class="card-header alert-success" id="job_list___sub_heading_35_1"><button class="btn btn-outline-success"><span class="job_id">35 : Job ID 42e2063122fd4342a0e4680c3873056d</span></button></div></a><div aria-labelledby="job_list___sub_heading_35_1" data-parent="#job_list___sub_accordion_35" class="collapse job_list___sub_multi_collapse" id="job_list___sub_collapse_35_1"><div class="card-body"><div class="work-item"><div class="alert alert-success test-outcome" role="alert"><p>worker outcome: normal</p><p>test outcome: killed</p></div></div><pre class="location"><a href="pycharm://open?file=stack3.py&amp;line=94" class="text-secondary"><button class="btn btn-outline-dark">stack3.py, start pos: (94, 14), end pos: (94, 21)</button></a></pre><pre>operator: core/AddNot, occurrence: 5</pre><div class="alert alert-secondary"><pre class="diff">--- mutation diff ---
--- astack3.py
+++ bstack3.py
@@ -91,7 +91,7 @@
 
         arr = []
         current = self.__head
-        while current:
+        while not current:
             arr.append(current.value)
             current = current.next
         return str(arr)</pre></div><div class="alert alert-secondary"><pre class="diff">============================= test session starts ==============================
platform linux -- Python 3.10.12, pytest-7.1.3, pluggy-1.0.0
rootdir: /home/lucca/desktop/ic/experimento/testes/python_experiments/stack3
plugins: Faker-15.1.1, hypothesis-6.56.3
collected 67 items

ALL-SMART-GPT-MUTATEST/test_stack3_DYNAMOSA.py ......F........FF         [ 25%]
ALL-SMART-GPT-MUTATEST/test_stack3_MIO.py ..........F..........          [ 56%]
ALL-SMART-GPT-MUTATEST/test_stack3_MOSA.py ......F........FF             [ 82%]
ALL-SMART-GPT-MUTATEST/test_stack3_MUTATEST.py ...                       [ 86%]
ALL-SMART-GPT-MUTATEST/test_stack3_WHOLE_SUITE.py .....F...              [100%]

=========================== short test summary info ============================
FAILED ALL-SMART-GPT-MUTATEST/test_stack3_DYNAMOSA.py::test_case_6 - Assertio...
FAILED ALL-SMART-GPT-MUTATEST/test_stack3_DYNAMOSA.py::test_case_15 - Asserti...
FAILED ALL-SMART-GPT-MUTATEST/test_stack3_DYNAMOSA.py::test_case_16 - Asserti...
FAILED ALL-SMART-GPT-MUTATEST/test_stack3_MIO.py::test_case_10 - AssertionErr...
FAILED ALL-SMART-GPT-MUTATEST/test_stack3_MOSA.py::test_case_6 - AssertionErr...
FAILED ALL-SMART-GPT-MUTATEST/test_stack3_MOSA.py::test_case_15 - AssertionEr...
FAILED ALL-SMART-GPT-MUTATEST/test_stack3_MOSA.py::test_case_16 - AssertionEr...
FAILED ALL-SMART-GPT-MUTATEST/test_stack3_WHOLE_SUITE.py::test_case_5 - Asser...
========================= 8 failed, 59 passed in 0.51s =========================
</pre></div></div></div></div></div><div class="mb-1" id="job_list___sub_accordion_36"><div class="card"><a data-toggle="collapse" data-target="#job_list___sub_collapse_36_1" aria-expanded="false" aria-controls="job_list___sub_collapse_36_1" href="#" class="job_list___sub_multi_heading"><div role="alert" class="card-header alert-success" id="job_list___sub_heading_36_1"><button class="btn btn-outline-success"><span class="job_id">36 : Job ID 31437244e30c42b5be6417de628cb2aa</span></button></div></a><div aria-labelledby="job_list___sub_heading_36_1" data-parent="#job_list___sub_accordion_36" class="collapse job_list___sub_multi_collapse" id="job_list___sub_collapse_36_1"><div class="card-body"><div class="work-item"><div class="alert alert-success test-outcome" role="alert"><p>worker outcome: normal</p><p>test outcome: killed</p></div></div><pre class="location"><a href="pycharm://open?file=stack3.py&amp;line=125" class="text-secondary"><button class="btn btn-outline-dark">stack3.py, start pos: (125, 23), end pos: (125, 50)</button></a></pre><pre>operator: core/AddNot, occurrence: 6</pre><div class="alert alert-secondary"><pre class="diff">--- mutation diff ---
--- astack3.py
+++ bstack3.py
@@ -122,7 +122,7 @@
 
         """Check if stack is empty."""
 
-        return True if self.__stack.getSize() == 0 else False
+        return True if not self.__stack.getSize() == 0 else False
 
     def getSize(self) -&gt; int:
 </pre></div><div class="alert alert-secondary"><pre class="diff">============================= test session starts ==============================
platform linux -- Python 3.10.12, pytest-7.1.3, pluggy-1.0.0
rootdir: /home/lucca/desktop/ic/experimento/testes/python_experiments/stack3
plugins: Faker-15.1.1, hypothesis-6.56.3
collected 67 items

ALL-SMART-GPT-MUTATEST/test_stack3_DYNAMOSA.py .......F.....F...         [ 25%]
ALL-SMART-GPT-MUTATEST/test_stack3_MIO.py ...........FF........          [ 56%]
ALL-SMART-GPT-MUTATEST/test_stack3_MOSA.py .......F.....F...             [ 82%]
ALL-SMART-GPT-MUTATEST/test_stack3_MUTATEST.py ...                       [ 86%]
ALL-SMART-GPT-MUTATEST/test_stack3_WHOLE_SUITE.py ..FF.....              [100%]

=========================== short test summary info ============================
FAILED ALL-SMART-GPT-MUTATEST/test_stack3_DYNAMOSA.py::test_case_7 - assert F...
FAILED ALL-SMART-GPT-MUTATEST/test_stack3_DYNAMOSA.py::test_case_13 - assert ...
FAILED ALL-SMART-GPT-MUTATEST/test_stack3_MIO.py::test_case_11 - assert False...
FAILED ALL-SMART-GPT-MUTATEST/test_stack3_MIO.py::test_case_12 - assert True ...
FAILED ALL-SMART-GPT-MUTATEST/test_stack3_MOSA.py::test_case_7 - assert False...
FAILED ALL-SMART-GPT-MUTATEST/test_stack3_MOSA.py::test_case_13 - assert True...
FAILED ALL-SMART-GPT-MUTATEST/test_stack3_WHOLE_SUITE.py::test_case_2 - asser...
FAILED ALL-SMART-GPT-MUTATEST/test_stack3_WHOLE_SUITE.py::test_case_3 - asser...
========================= 8 failed, 59 passed in 0.50s =========================
</pre></div></div></div></div></div><div class="mb-1" id="job_list___sub_accordion_37"><div class="card"><a data-toggle="collapse" data-target="#job_list___sub_collapse_37_1" aria-expanded="false" aria-controls="job_list___sub_collapse_37_1" href="#" class="job_list___sub_multi_heading"><div role="alert" class="card-header alert-success" id="job_list___sub_heading_37_1"><button class="btn btn-outline-success"><span class="job_id">37 : Job ID 56c44e5a1bee41ceaefa2ecfc78b7216</span></button></div></a><div aria-labelledby="job_list___sub_heading_37_1" data-parent="#job_list___sub_accordion_37" class="collapse job_list___sub_multi_collapse" id="job_list___sub_collapse_37_1"><div class="card-body"><div class="work-item"><div class="alert alert-success test-outcome" role="alert"><p>worker outcome: normal</p><p>test outcome: killed</p></div></div><pre class="location"><a href="pycharm://open?file=stack3.py&amp;line=75" class="text-secondary"><button class="btn btn-outline-dark">stack3.py, start pos: (75, 15), end pos: (75, 19)</button></a></pre><pre>operator: core/ReplaceTrueWithFalse, occurrence: 0</pre><div class="alert alert-secondary"><pre class="diff">--- mutation diff ---
--- astack3.py
+++ bstack3.py
@@ -72,7 +72,7 @@
 
         """Checks if linkedlist is empty."""
 
-        return True if self.__size == 0 else False
+        return False if self.__size == 0 else False
 
     def toArray(self) -&gt; list:
 </pre></div><div class="alert alert-secondary"><pre class="diff">============================= test session starts ==============================
platform linux -- Python 3.10.12, pytest-7.1.3, pluggy-1.0.0
rootdir: /home/lucca/desktop/ic/experimento/testes/python_experiments/stack3
plugins: Faker-15.1.1, hypothesis-6.56.3
collected 67 items

ALL-SMART-GPT-MUTATEST/test_stack3_DYNAMOSA.py ...F.............         [ 25%]
ALL-SMART-GPT-MUTATEST/test_stack3_MIO.py .....F...............          [ 56%]
ALL-SMART-GPT-MUTATEST/test_stack3_MOSA.py ...F.............             [ 82%]
ALL-SMART-GPT-MUTATEST/test_stack3_MUTATEST.py .F.                       [ 86%]
ALL-SMART-GPT-MUTATEST/test_stack3_WHOLE_SUITE.py .......F.              [100%]

=========================== short test summary info ============================
FAILED ALL-SMART-GPT-MUTATEST/test_stack3_DYNAMOSA.py::test_case_3 - assert F...
FAILED ALL-SMART-GPT-MUTATEST/test_stack3_MIO.py::test_case_5 - assert False ...
FAILED ALL-SMART-GPT-MUTATEST/test_stack3_MOSA.py::test_case_3 - assert False...
FAILED ALL-SMART-GPT-MUTATEST/test_stack3_MUTATEST.py::test_remove_single_element
FAILED ALL-SMART-GPT-MUTATEST/test_stack3_WHOLE_SUITE.py::test_case_7 - asser...
========================= 5 failed, 62 passed in 0.51s =========================
</pre></div></div></div></div></div><div class="mb-1" id="job_list___sub_accordion_38"><div class="card"><a data-toggle="collapse" data-target="#job_list___sub_collapse_38_1" aria-expanded="false" aria-controls="job_list___sub_collapse_38_1" href="#" class="job_list___sub_multi_heading"><div role="alert" class="card-header alert-success" id="job_list___sub_heading_38_1"><button class="btn btn-outline-success"><span class="job_id">38 : Job ID 26fbbb2977c94db48ec24e984dd31f32</span></button></div></a><div aria-labelledby="job_list___sub_heading_38_1" data-parent="#job_list___sub_accordion_38" class="collapse job_list___sub_multi_collapse" id="job_list___sub_collapse_38_1"><div class="card-body"><div class="work-item"><div class="alert alert-success test-outcome" role="alert"><p>worker outcome: normal</p><p>test outcome: killed</p></div></div><pre class="location"><a href="pycharm://open?file=stack3.py&amp;line=125" class="text-secondary"><button class="btn btn-outline-dark">stack3.py, start pos: (125, 15), end pos: (125, 19)</button></a></pre><pre>operator: core/ReplaceTrueWithFalse, occurrence: 1</pre><div class="alert alert-secondary"><pre class="diff">--- mutation diff ---
--- astack3.py
+++ bstack3.py
@@ -122,7 +122,7 @@
 
         """Check if stack is empty."""
 
-        return True if self.__stack.getSize() == 0 else False
+        return False if self.__stack.getSize() == 0 else False
 
     def getSize(self) -&gt; int:
 </pre></div><div class="alert alert-secondary"><pre class="diff">============================= test session starts ==============================
platform linux -- Python 3.10.12, pytest-7.1.3, pluggy-1.0.0
rootdir: /home/lucca/desktop/ic/experimento/testes/python_experiments/stack3
plugins: Faker-15.1.1, hypothesis-6.56.3
collected 67 items

ALL-SMART-GPT-MUTATEST/test_stack3_DYNAMOSA.py .......F.........         [ 25%]
ALL-SMART-GPT-MUTATEST/test_stack3_MIO.py ...........F.........          [ 56%]
ALL-SMART-GPT-MUTATEST/test_stack3_MOSA.py .......F.........             [ 82%]
ALL-SMART-GPT-MUTATEST/test_stack3_MUTATEST.py ...                       [ 86%]
ALL-SMART-GPT-MUTATEST/test_stack3_WHOLE_SUITE.py ..F......              [100%]

=========================== short test summary info ============================
FAILED ALL-SMART-GPT-MUTATEST/test_stack3_DYNAMOSA.py::test_case_7 - assert F...
FAILED ALL-SMART-GPT-MUTATEST/test_stack3_MIO.py::test_case_11 - assert False...
FAILED ALL-SMART-GPT-MUTATEST/test_stack3_MOSA.py::test_case_7 - assert False...
FAILED ALL-SMART-GPT-MUTATEST/test_stack3_WHOLE_SUITE.py::test_case_2 - asser...
========================= 4 failed, 63 passed in 0.45s =========================
</pre></div></div></div></div></div><div class="mb-1" id="job_list___sub_accordion_39"><div class="card"><a data-toggle="collapse" data-target="#job_list___sub_collapse_39_1" aria-expanded="false" aria-controls="job_list___sub_collapse_39_1" href="#" class="job_list___sub_multi_heading"><div role="alert" class="card-header alert-success" id="job_list___sub_heading_39_1"><button class="btn btn-outline-success"><span class="job_id">39 : Job ID e03429e025f448e9a751f1ee5a43fc68</span></button></div></a><div aria-labelledby="job_list___sub_heading_39_1" data-parent="#job_list___sub_accordion_39" class="collapse job_list___sub_multi_collapse" id="job_list___sub_collapse_39_1"><div class="card-body"><div class="work-item"><div class="alert alert-success test-outcome" role="alert"><p>worker outcome: normal</p><p>test outcome: killed</p></div></div><pre class="location"><a href="pycharm://open?file=stack3.py&amp;line=75" class="text-secondary"><button class="btn btn-outline-dark">stack3.py, start pos: (75, 45), end pos: (75, 50)</button></a></pre><pre>operator: core/ReplaceFalseWithTrue, occurrence: 0</pre><div class="alert alert-secondary"><pre class="diff">--- mutation diff ---
--- astack3.py
+++ bstack3.py
@@ -72,7 +72,7 @@
 
         """Checks if linkedlist is empty."""
 
-        return True if self.__size == 0 else False
+        return True if self.__size == 0 else True
 
     def toArray(self) -&gt; list:
 </pre></div><div class="alert alert-secondary"><pre class="diff">============================= test session starts ==============================
platform linux -- Python 3.10.12, pytest-7.1.3, pluggy-1.0.0
rootdir: /home/lucca/desktop/ic/experimento/testes/python_experiments/stack3
plugins: Faker-15.1.1, hypothesis-6.56.3
collected 67 items

ALL-SMART-GPT-MUTATEST/test_stack3_DYNAMOSA.py ....F..........FF         [ 25%]
ALL-SMART-GPT-MUTATEST/test_stack3_MIO.py ......F..............          [ 56%]
ALL-SMART-GPT-MUTATEST/test_stack3_MOSA.py ....F..........FF             [ 82%]
ALL-SMART-GPT-MUTATEST/test_stack3_MUTATEST.py ...                       [ 86%]
ALL-SMART-GPT-MUTATEST/test_stack3_WHOLE_SUITE.py .F.......              [100%]

=========================== short test summary info ============================
FAILED ALL-SMART-GPT-MUTATEST/test_stack3_DYNAMOSA.py::test_case_4 - assert T...
FAILED ALL-SMART-GPT-MUTATEST/test_stack3_DYNAMOSA.py::test_case_15 - assert ...
FAILED ALL-SMART-GPT-MUTATEST/test_stack3_DYNAMOSA.py::test_case_16 - assert ...
FAILED ALL-SMART-GPT-MUTATEST/test_stack3_MIO.py::test_case_6 - assert True i...
FAILED ALL-SMART-GPT-MUTATEST/test_stack3_MOSA.py::test_case_4 - assert True ...
FAILED ALL-SMART-GPT-MUTATEST/test_stack3_MOSA.py::test_case_15 - assert True...
FAILED ALL-SMART-GPT-MUTATEST/test_stack3_MOSA.py::test_case_16 - assert True...
FAILED ALL-SMART-GPT-MUTATEST/test_stack3_WHOLE_SUITE.py::test_case_1 - asser...
========================= 8 failed, 59 passed in 0.29s =========================
</pre></div></div></div></div></div><div class="mb-1" id="job_list___sub_accordion_40"><div class="card"><a data-toggle="collapse" data-target="#job_list___sub_collapse_40_1" aria-expanded="false" aria-controls="job_list___sub_collapse_40_1" href="#" class="job_list___sub_multi_heading"><div role="alert" class="card-header alert-success" id="job_list___sub_heading_40_1"><button class="btn btn-outline-success"><span class="job_id">40 : Job ID cee0340d256340af889ee31a5fbe1fc6</span></button></div></a><div aria-labelledby="job_list___sub_heading_40_1" data-parent="#job_list___sub_accordion_40" class="collapse job_list___sub_multi_collapse" id="job_list___sub_collapse_40_1"><div class="card-body"><div class="work-item"><div class="alert alert-success test-outcome" role="alert"><p>worker outcome: normal</p><p>test outcome: killed</p></div></div><pre class="location"><a href="pycharm://open?file=stack3.py&amp;line=125" class="text-secondary"><button class="btn btn-outline-dark">stack3.py, start pos: (125, 56), end pos: (125, 61)</button></a></pre><pre>operator: core/ReplaceFalseWithTrue, occurrence: 1</pre><div class="alert alert-secondary"><pre class="diff">--- mutation diff ---
--- astack3.py
+++ bstack3.py
@@ -122,7 +122,7 @@
 
         """Check if stack is empty."""
 
-        return True if self.__stack.getSize() == 0 else False
+        return True if self.__stack.getSize() == 0 else True
 
     def getSize(self) -&gt; int:
 </pre></div><div class="alert alert-secondary"><pre class="diff">============================= test session starts ==============================
platform linux -- Python 3.10.12, pytest-7.1.3, pluggy-1.0.0
rootdir: /home/lucca/desktop/ic/experimento/testes/python_experiments/stack3
plugins: Faker-15.1.1, hypothesis-6.56.3
collected 67 items

ALL-SMART-GPT-MUTATEST/test_stack3_DYNAMOSA.py .............F...         [ 25%]
ALL-SMART-GPT-MUTATEST/test_stack3_MIO.py ............F........          [ 56%]
ALL-SMART-GPT-MUTATEST/test_stack3_MOSA.py .............F...             [ 82%]
ALL-SMART-GPT-MUTATEST/test_stack3_MUTATEST.py ...                       [ 86%]
ALL-SMART-GPT-MUTATEST/test_stack3_WHOLE_SUITE.py ...F.....              [100%]

=========================== short test summary info ============================
FAILED ALL-SMART-GPT-MUTATEST/test_stack3_DYNAMOSA.py::test_case_13 - assert ...
FAILED ALL-SMART-GPT-MUTATEST/test_stack3_MIO.py::test_case_12 - assert True ...
FAILED ALL-SMART-GPT-MUTATEST/test_stack3_MOSA.py::test_case_13 - assert True...
FAILED ALL-SMART-GPT-MUTATEST/test_stack3_WHOLE_SUITE.py::test_case_3 - asser...
========================= 4 failed, 63 passed in 0.47s =========================
</pre></div></div></div></div></div><div class="mb-1" id="job_list___sub_accordion_41"><div class="card"><a data-toggle="collapse" data-target="#job_list___sub_collapse_41_1" aria-expanded="false" aria-controls="job_list___sub_collapse_41_1" href="#" class="job_list___sub_multi_heading"><div role="alert" class="card-header alert-success" id="job_list___sub_heading_41_1"><button class="btn btn-outline-success"><span class="job_id">41 : Job ID b3622b288d8149ecbb3871d08cfd493e</span></button></div></a><div aria-labelledby="job_list___sub_heading_41_1" data-parent="#job_list___sub_accordion_41" class="collapse job_list___sub_multi_collapse" id="job_list___sub_collapse_41_1"><div class="card-body"><div class="work-item"><div class="alert alert-success test-outcome" role="alert"><p>worker outcome: normal</p><p>test outcome: killed</p></div></div><pre class="location"><a href="pycharm://open?file=stack3.py&amp;line=17" class="text-secondary"><button class="btn btn-outline-dark">stack3.py, start pos: (17, 22), end pos: (17, 23)</button></a></pre><pre>operator: core/NumberReplacer, occurrence: 0</pre><div class="alert alert-secondary"><pre class="diff">--- mutation diff ---
--- astack3.py
+++ bstack3.py
@@ -14,7 +14,7 @@
     def __init__(self):
         self.__sentinel = Node(None)
         self.__head = self.__sentinel
-        self.__size = 0
+        self.__size = 1
 
     def add(self, value: T) -&gt; None:
 </pre></div><div class="alert alert-secondary"><pre class="diff">timeout</pre></div></div></div></div></div><div class="mb-1" id="job_list___sub_accordion_42"><div class="card"><a data-toggle="collapse" data-target="#job_list___sub_collapse_42_1" aria-expanded="false" aria-controls="job_list___sub_collapse_42_1" href="#" class="job_list___sub_multi_heading"><div role="alert" class="card-header alert-success" id="job_list___sub_heading_42_1"><button class="btn btn-outline-success"><span class="job_id">42 : Job ID 4c729cb6993a4267855a09f24b0aaf31</span></button></div></a><div aria-labelledby="job_list___sub_heading_42_1" data-parent="#job_list___sub_accordion_42" class="collapse job_list___sub_multi_collapse" id="job_list___sub_collapse_42_1"><div class="card-body"><div class="work-item"><div class="alert alert-success test-outcome" role="alert"><p>worker outcome: normal</p><p>test outcome: killed</p></div></div><pre class="location"><a href="pycharm://open?file=stack3.py&amp;line=17" class="text-secondary"><button class="btn btn-outline-dark">stack3.py, start pos: (17, 22), end pos: (17, 23)</button></a></pre><pre>operator: core/NumberReplacer, occurrence: 1</pre><div class="alert alert-secondary"><pre class="diff">--- mutation diff ---
--- astack3.py
+++ bstack3.py
@@ -14,7 +14,7 @@
     def __init__(self):
         self.__sentinel = Node(None)
         self.__head = self.__sentinel
-        self.__size = 0
+        self.__size = -1
 
     def add(self, value: T) -&gt; None:
 </pre></div><div class="alert alert-secondary"><pre class="diff">timeout</pre></div></div></div></div></div><div class="mb-1" id="job_list___sub_accordion_43"><div class="card"><a data-toggle="collapse" data-target="#job_list___sub_collapse_43_1" aria-expanded="false" aria-controls="job_list___sub_collapse_43_1" href="#" class="job_list___sub_multi_heading"><div role="alert" class="card-header alert-success" id="job_list___sub_heading_43_1"><button class="btn btn-outline-success"><span class="job_id">43 : Job ID 9d934eae08994d91bd99b2a827ebc5ca</span></button></div></a><div aria-labelledby="job_list___sub_heading_43_1" data-parent="#job_list___sub_accordion_43" class="collapse job_list___sub_multi_collapse" id="job_list___sub_collapse_43_1"><div class="card-body"><div class="work-item"><div class="alert alert-success test-outcome" role="alert"><p>worker outcome: normal</p><p>test outcome: killed</p></div></div><pre class="location"><a href="pycharm://open?file=stack3.py&amp;line=24" class="text-secondary"><button class="btn btn-outline-dark">stack3.py, start pos: (24, 26), end pos: (24, 27)</button></a></pre><pre>operator: core/NumberReplacer, occurrence: 2</pre><div class="alert alert-secondary"><pre class="diff">--- mutation diff ---
--- astack3.py
+++ bstack3.py
@@ -21,7 +21,7 @@
         """Add element to linked list."""
 
         newNode = Node(value)
-        if self.__size == 0:
+        if self.__size == 1:
             self.__head.next = newNode
             self.__head = newNode
             self.__size += 1</pre></div><div class="alert alert-secondary"><pre class="diff">timeout</pre></div></div></div></div></div><div class="mb-1" id="job_list___sub_accordion_44"><div class="card"><a data-toggle="collapse" data-target="#job_list___sub_collapse_44_1" aria-expanded="false" aria-controls="job_list___sub_collapse_44_1" href="#" class="job_list___sub_multi_heading"><div role="alert" class="card-header alert-success" id="job_list___sub_heading_44_1"><button class="btn btn-outline-success"><span class="job_id">44 : Job ID 08e1b7302dff45ccac70a0ea3367a21c</span></button></div></a><div aria-labelledby="job_list___sub_heading_44_1" data-parent="#job_list___sub_accordion_44" class="collapse job_list___sub_multi_collapse" id="job_list___sub_collapse_44_1"><div class="card-body"><div class="work-item"><div class="alert alert-success test-outcome" role="alert"><p>worker outcome: normal</p><p>test outcome: killed</p></div></div><pre class="location"><a href="pycharm://open?file=stack3.py&amp;line=24" class="text-secondary"><button class="btn btn-outline-dark">stack3.py, start pos: (24, 26), end pos: (24, 27)</button></a></pre><pre>operator: core/NumberReplacer, occurrence: 3</pre><div class="alert alert-secondary"><pre class="diff">--- mutation diff ---
--- astack3.py
+++ bstack3.py
@@ -21,7 +21,7 @@
         """Add element to linked list."""
 
         newNode = Node(value)
-        if self.__size == 0:
+        if self.__size == -1:
             self.__head.next = newNode
             self.__head = newNode
             self.__size += 1</pre></div><div class="alert alert-secondary"><pre class="diff">timeout</pre></div></div></div></div></div><div class="mb-1" id="job_list___sub_accordion_45"><div class="card"><a data-toggle="collapse" data-target="#job_list___sub_collapse_45_1" aria-expanded="false" aria-controls="job_list___sub_collapse_45_1" href="#" class="job_list___sub_multi_heading"><div role="alert" class="card-header alert-success" id="job_list___sub_heading_45_1"><button class="btn btn-outline-success"><span class="job_id">45 : Job ID f901996f8a7d4bd9b368d45f62823d46</span></button></div></a><div aria-labelledby="job_list___sub_heading_45_1" data-parent="#job_list___sub_accordion_45" class="collapse job_list___sub_multi_collapse" id="job_list___sub_collapse_45_1"><div class="card-body"><div class="work-item"><div class="alert alert-success test-outcome" role="alert"><p>worker outcome: normal</p><p>test outcome: killed</p></div></div><pre class="location"><a href="pycharm://open?file=stack3.py&amp;line=27" class="text-secondary"><button class="btn btn-outline-dark">stack3.py, start pos: (27, 27), end pos: (27, 28)</button></a></pre><pre>operator: core/NumberReplacer, occurrence: 4</pre><div class="alert alert-secondary"><pre class="diff">--- mutation diff ---
--- astack3.py
+++ bstack3.py
@@ -24,7 +24,7 @@
         if self.__size == 0:
             self.__head.next = newNode
             self.__head = newNode
-            self.__size += 1
+            self.__size += 2
         else:
             self.__sentinel.next = newNode
             newNode.next = self.__head</pre></div><div class="alert alert-secondary"><pre class="diff">============================= test session starts ==============================
platform linux -- Python 3.10.12, pytest-7.1.3, pluggy-1.0.0
rootdir: /home/lucca/desktop/ic/experimento/testes/python_experiments/stack3
plugins: Faker-15.1.1, hypothesis-6.56.3
collected 67 items

ALL-SMART-GPT-MUTATEST/test_stack3_DYNAMOSA.py .........F...F..F         [ 25%]
ALL-SMART-GPT-MUTATEST/test_stack3_MIO.py .....................          [ 56%]
ALL-SMART-GPT-MUTATEST/test_stack3_MOSA.py .........F...F..F             [ 82%]
ALL-SMART-GPT-MUTATEST/test_stack3_MUTATEST.py .F.                       [ 86%]
ALL-SMART-GPT-MUTATEST/test_stack3_WHOLE_SUITE.py .F.F.....              [100%]

=========================== short test summary info ============================
FAILED ALL-SMART-GPT-MUTATEST/test_stack3_DYNAMOSA.py::test_case_9 - Assertio...
FAILED ALL-SMART-GPT-MUTATEST/test_stack3_DYNAMOSA.py::test_case_13 - Attribu...
FAILED ALL-SMART-GPT-MUTATEST/test_stack3_DYNAMOSA.py::test_case_16 - assert ...
FAILED ALL-SMART-GPT-MUTATEST/test_stack3_MOSA.py::test_case_9 - AssertionErr...
FAILED ALL-SMART-GPT-MUTATEST/test_stack3_MOSA.py::test_case_13 - AttributeEr...
FAILED ALL-SMART-GPT-MUTATEST/test_stack3_MOSA.py::test_case_16 - assert 3 == 2
FAILED ALL-SMART-GPT-MUTATEST/test_stack3_MUTATEST.py::test_remove_single_element
FAILED ALL-SMART-GPT-MUTATEST/test_stack3_WHOLE_SUITE.py::test_case_1 - asser...
FAILED ALL-SMART-GPT-MUTATEST/test_stack3_WHOLE_SUITE.py::test_case_3 - asser...
========================= 9 failed, 58 passed in 0.46s =========================
</pre></div></div></div></div></div><div class="mb-1" id="job_list___sub_accordion_46"><div class="card"><a data-toggle="collapse" data-target="#job_list___sub_collapse_46_1" aria-expanded="false" aria-controls="job_list___sub_collapse_46_1" href="#" class="job_list___sub_multi_heading"><div role="alert" class="card-header alert-success" id="job_list___sub_heading_46_1"><button class="btn btn-outline-success"><span class="job_id">46 : Job ID 2369706fa3ea46e686d43aeef1e8509b</span></button></div></a><div aria-labelledby="job_list___sub_heading_46_1" data-parent="#job_list___sub_accordion_46" class="collapse job_list___sub_multi_collapse" id="job_list___sub_collapse_46_1"><div class="card-body"><div class="work-item"><div class="alert alert-success test-outcome" role="alert"><p>worker outcome: normal</p><p>test outcome: killed</p></div></div><pre class="location"><a href="pycharm://open?file=stack3.py&amp;line=27" class="text-secondary"><button class="btn btn-outline-dark">stack3.py, start pos: (27, 27), end pos: (27, 28)</button></a></pre><pre>operator: core/NumberReplacer, occurrence: 5</pre><div class="alert alert-secondary"><pre class="diff">--- mutation diff ---
--- astack3.py
+++ bstack3.py
@@ -24,7 +24,7 @@
         if self.__size == 0:
             self.__head.next = newNode
             self.__head = newNode
-            self.__size += 1
+            self.__size += 0
         else:
             self.__sentinel.next = newNode
             newNode.next = self.__head</pre></div><div class="alert alert-secondary"><pre class="diff">============================= test session starts ==============================
platform linux -- Python 3.10.12, pytest-7.1.3, pluggy-1.0.0
rootdir: /home/lucca/desktop/ic/experimento/testes/python_experiments/stack3
plugins: Faker-15.1.1, hypothesis-6.56.3
collected 67 items

ALL-SMART-GPT-MUTATEST/test_stack3_DYNAMOSA.py .F..F....FF..F.FF         [ 25%]
ALL-SMART-GPT-MUTATEST/test_stack3_MIO.py ...F..F.....F........          [ 56%]
ALL-SMART-GPT-MUTATEST/test_stack3_MOSA.py .F..F....FF..F.FF             [ 82%]
ALL-SMART-GPT-MUTATEST/test_stack3_MUTATEST.py FFF                       [ 86%]
ALL-SMART-GPT-MUTATEST/test_stack3_WHOLE_SUITE.py .F.FF....              [100%]

=========================== short test summary info ============================
FAILED ALL-SMART-GPT-MUTATEST/test_stack3_DYNAMOSA.py::test_case_1 - Assertio...
FAILED ALL-SMART-GPT-MUTATEST/test_stack3_DYNAMOSA.py::test_case_4 - assert T...
FAILED ALL-SMART-GPT-MUTATEST/test_stack3_DYNAMOSA.py::test_case_9 - Assertio...
FAILED ALL-SMART-GPT-MUTATEST/test_stack3_DYNAMOSA.py::test_case_10 - Asserti...
FAILED ALL-SMART-GPT-MUTATEST/test_stack3_DYNAMOSA.py::test_case_13 - assert ...
FAILED ALL-SMART-GPT-MUTATEST/test_stack3_DYNAMOSA.py::test_case_15 - assert ...
FAILED ALL-SMART-GPT-MUTATEST/test_stack3_DYNAMOSA.py::test_case_16 - assert ...
FAILED ALL-SMART-GPT-MUTATEST/test_stack3_MIO.py::test_case_3 - AssertionErro...
FAILED ALL-SMART-GPT-MUTATEST/test_stack3_MIO.py::test_case_6 - assert True i...
FAILED ALL-SMART-GPT-MUTATEST/test_stack3_MIO.py::test_case_12 - assert True ...
FAILED ALL-SMART-GPT-MUTATEST/test_stack3_MOSA.py::test_case_1 - AssertionErr...
FAILED ALL-SMART-GPT-MUTATEST/test_stack3_MOSA.py::test_case_4 - assert True ...
FAILED ALL-SMART-GPT-MUTATEST/test_stack3_MOSA.py::test_case_9 - AssertionErr...
FAILED ALL-SMART-GPT-MUTATEST/test_stack3_MOSA.py::test_case_10 - AssertionEr...
FAILED ALL-SMART-GPT-MUTATEST/test_stack3_MOSA.py::test_case_13 - assert True...
FAILED ALL-SMART-GPT-MUTATEST/test_stack3_MOSA.py::test_case_15 - assert True...
FAILED ALL-SMART-GPT-MUTATEST/test_stack3_MOSA.py::test_case_16 - assert True...
FAILED ALL-SMART-GPT-MUTATEST/test_stack3_MUTATEST.py::test_remove_multiple_elements_small_list
FAILED ALL-SMART-GPT-MUTATEST/test_stack3_MUTATEST.py::test_remove_single_element
FAILED ALL-SMART-GPT-MUTATEST/test_stack3_MUTATEST.py::test_singly_linked_list_next_values
FAILED ALL-SMART-GPT-MUTATEST/test_stack3_WHOLE_SUITE.py::test_case_1 - Asser...
FAILED ALL-SMART-GPT-MUTATEST/test_stack3_WHOLE_SUITE.py::test_case_3 - asser...
FAILED ALL-SMART-GPT-MUTATEST/test_stack3_WHOLE_SUITE.py::test_case_4 - Asser...
======================== 23 failed, 44 passed in 0.41s =========================
</pre></div></div></div></div></div><div class="mb-1" id="job_list___sub_accordion_47"><div class="card"><a data-toggle="collapse" data-target="#job_list___sub_collapse_47_1" aria-expanded="false" aria-controls="job_list___sub_collapse_47_1" href="#" class="job_list___sub_multi_heading"><div role="alert" class="card-header alert-success" id="job_list___sub_heading_47_1"><button class="btn btn-outline-success"><span class="job_id">47 : Job ID 3911608318bc4f79afa354995b3cab49</span></button></div></a><div aria-labelledby="job_list___sub_heading_47_1" data-parent="#job_list___sub_accordion_47" class="collapse job_list___sub_multi_collapse" id="job_list___sub_collapse_47_1"><div class="card-body"><div class="work-item"><div class="alert alert-success test-outcome" role="alert"><p>worker outcome: normal</p><p>test outcome: killed</p></div></div><pre class="location"><a href="pycharm://open?file=stack3.py&amp;line=32" class="text-secondary"><button class="btn btn-outline-dark">stack3.py, start pos: (32, 27), end pos: (32, 28)</button></a></pre><pre>operator: core/NumberReplacer, occurrence: 6</pre><div class="alert alert-secondary"><pre class="diff">--- mutation diff ---
--- astack3.py
+++ bstack3.py
@@ -29,7 +29,7 @@
             self.__sentinel.next = newNode
             newNode.next = self.__head
             self.__head = newNode
-            self.__size += 1
+            self.__size += 2
 
     def remove(self):
 </pre></div><div class="alert alert-secondary"><pre class="diff">============================= test session starts ==============================
platform linux -- Python 3.10.12, pytest-7.1.3, pluggy-1.0.0
rootdir: /home/lucca/desktop/ic/experimento/testes/python_experiments/stack3
plugins: Faker-15.1.1, hypothesis-6.56.3
collected 67 items

ALL-SMART-GPT-MUTATEST/test_stack3_DYNAMOSA.py ................F         [ 25%]
ALL-SMART-GPT-MUTATEST/test_stack3_MIO.py .....................          [ 56%]
ALL-SMART-GPT-MUTATEST/test_stack3_MOSA.py ................F             [ 82%]
ALL-SMART-GPT-MUTATEST/test_stack3_MUTATEST.py ...                       [ 86%]
ALL-SMART-GPT-MUTATEST/test_stack3_WHOLE_SUITE.py .F.F.....              [100%]

=========================== short test summary info ============================
FAILED ALL-SMART-GPT-MUTATEST/test_stack3_DYNAMOSA.py::test_case_16 - assert ...
FAILED ALL-SMART-GPT-MUTATEST/test_stack3_MOSA.py::test_case_16 - assert 3 == 2
FAILED ALL-SMART-GPT-MUTATEST/test_stack3_WHOLE_SUITE.py::test_case_1 - asser...
FAILED ALL-SMART-GPT-MUTATEST/test_stack3_WHOLE_SUITE.py::test_case_3 - asser...
========================= 4 failed, 63 passed in 0.41s =========================
</pre></div></div></div></div></div><div class="mb-1" id="job_list___sub_accordion_48"><div class="card"><a data-toggle="collapse" data-target="#job_list___sub_collapse_48_1" aria-expanded="false" aria-controls="job_list___sub_collapse_48_1" href="#" class="job_list___sub_multi_heading"><div role="alert" class="card-header alert-success" id="job_list___sub_heading_48_1"><button class="btn btn-outline-success"><span class="job_id">48 : Job ID 9ecc08d436034081b82fdec51b35022c</span></button></div></a><div aria-labelledby="job_list___sub_heading_48_1" data-parent="#job_list___sub_accordion_48" class="collapse job_list___sub_multi_collapse" id="job_list___sub_collapse_48_1"><div class="card-body"><div class="work-item"><div class="alert alert-success test-outcome" role="alert"><p>worker outcome: normal</p><p>test outcome: killed</p></div></div><pre class="location"><a href="pycharm://open?file=stack3.py&amp;line=32" class="text-secondary"><button class="btn btn-outline-dark">stack3.py, start pos: (32, 27), end pos: (32, 28)</button></a></pre><pre>operator: core/NumberReplacer, occurrence: 7</pre><div class="alert alert-secondary"><pre class="diff">--- mutation diff ---
--- astack3.py
+++ bstack3.py
@@ -29,7 +29,7 @@
             self.__sentinel.next = newNode
             newNode.next = self.__head
             self.__head = newNode
-            self.__size += 1
+            self.__size += 0
 
     def remove(self):
 </pre></div><div class="alert alert-secondary"><pre class="diff">============================= test session starts ==============================
platform linux -- Python 3.10.12, pytest-7.1.3, pluggy-1.0.0
rootdir: /home/lucca/desktop/ic/experimento/testes/python_experiments/stack3
plugins: Faker-15.1.1, hypothesis-6.56.3
collected 67 items

ALL-SMART-GPT-MUTATEST/test_stack3_DYNAMOSA.py ................F         [ 25%]
ALL-SMART-GPT-MUTATEST/test_stack3_MIO.py .....................          [ 56%]
ALL-SMART-GPT-MUTATEST/test_stack3_MOSA.py ................F             [ 82%]
ALL-SMART-GPT-MUTATEST/test_stack3_MUTATEST.py F..                       [ 86%]
ALL-SMART-GPT-MUTATEST/test_stack3_WHOLE_SUITE.py .F.F.....              [100%]

=========================== short test summary info ============================
FAILED ALL-SMART-GPT-MUTATEST/test_stack3_DYNAMOSA.py::test_case_16 - assert ...
FAILED ALL-SMART-GPT-MUTATEST/test_stack3_MOSA.py::test_case_16 - assert 1 == 2
FAILED ALL-SMART-GPT-MUTATEST/test_stack3_MUTATEST.py::test_remove_multiple_elements_small_list
FAILED ALL-SMART-GPT-MUTATEST/test_stack3_WHOLE_SUITE.py::test_case_1 - asser...
FAILED ALL-SMART-GPT-MUTATEST/test_stack3_WHOLE_SUITE.py::test_case_3 - asser...
========================= 5 failed, 62 passed in 0.41s =========================
</pre></div></div></div></div></div><div class="mb-1" id="job_list___sub_accordion_49"><div class="card"><a data-toggle="collapse" data-target="#job_list___sub_collapse_49_1" aria-expanded="false" aria-controls="job_list___sub_collapse_49_1" href="#" class="job_list___sub_multi_heading"><div role="alert" class="card-header alert-success" id="job_list___sub_heading_49_1"><button class="btn btn-outline-success"><span class="job_id">49 : Job ID 4f08423ca69d4a80abdd2a1da163afae</span></button></div></a><div aria-labelledby="job_list___sub_heading_49_1" data-parent="#job_list___sub_accordion_49" class="collapse job_list___sub_multi_collapse" id="job_list___sub_collapse_49_1"><div class="card-body"><div class="work-item"><div class="alert alert-success test-outcome" role="alert"><p>worker outcome: normal</p><p>test outcome: killed</p></div></div><pre class="location"><a href="pycharm://open?file=stack3.py&amp;line=38" class="text-secondary"><button class="btn btn-outline-dark">stack3.py, start pos: (38, 26), end pos: (38, 27)</button></a></pre><pre>operator: core/NumberReplacer, occurrence: 8</pre><div class="alert alert-secondary"><pre class="diff">--- mutation diff ---
--- astack3.py
+++ bstack3.py
@@ -35,7 +35,7 @@
 
         """Remove node from linkedlist."""
 
-        if self.__size == 0:
+        if self.__size == 1:
             return None
         if self.__size == 1: # Alterado para corrigir comportamento
             nodeToRemove = self.__head</pre></div><div class="alert alert-secondary"><pre class="diff">============================= test session starts ==============================
platform linux -- Python 3.10.12, pytest-7.1.3, pluggy-1.0.0
rootdir: /home/lucca/desktop/ic/experimento/testes/python_experiments/stack3
plugins: Faker-15.1.1, hypothesis-6.56.3
collected 67 items

ALL-SMART-GPT-MUTATEST/test_stack3_DYNAMOSA.py .F..F....FF..F...         [ 25%]
ALL-SMART-GPT-MUTATEST/test_stack3_MIO.py ...F.................          [ 56%]
ALL-SMART-GPT-MUTATEST/test_stack3_MOSA.py .F..F....FF..F...             [ 82%]
ALL-SMART-GPT-MUTATEST/test_stack3_MUTATEST.py .F.                       [ 86%]
ALL-SMART-GPT-MUTATEST/test_stack3_WHOLE_SUITE.py ....FF..F              [100%]

=========================== short test summary info ============================
FAILED ALL-SMART-GPT-MUTATEST/test_stack3_DYNAMOSA.py::test_case_1 - Assertio...
FAILED ALL-SMART-GPT-MUTATEST/test_stack3_DYNAMOSA.py::test_case_4 - assert &lt;...
FAILED ALL-SMART-GPT-MUTATEST/test_stack3_DYNAMOSA.py::test_case_9 - Assertio...
FAILED ALL-SMART-GPT-MUTATEST/test_stack3_DYNAMOSA.py::test_case_10 - Asserti...
FAILED ALL-SMART-GPT-MUTATEST/test_stack3_DYNAMOSA.py::test_case_13 - Asserti...
FAILED ALL-SMART-GPT-MUTATEST/test_stack3_MIO.py::test_case_3 - AssertionErro...
FAILED ALL-SMART-GPT-MUTATEST/test_stack3_MOSA.py::test_case_1 - AssertionErr...
FAILED ALL-SMART-GPT-MUTATEST/test_stack3_MOSA.py::test_case_4 - assert &lt;stac...
FAILED ALL-SMART-GPT-MUTATEST/test_stack3_MOSA.py::test_case_9 - AssertionErr...
FAILED ALL-SMART-GPT-MUTATEST/test_stack3_MOSA.py::test_case_10 - AssertionEr...
FAILED ALL-SMART-GPT-MUTATEST/test_stack3_MOSA.py::test_case_13 - AssertionEr...
FAILED ALL-SMART-GPT-MUTATEST/test_stack3_MUTATEST.py::test_remove_single_element
FAILED ALL-SMART-GPT-MUTATEST/test_stack3_WHOLE_SUITE.py::test_case_4 - Asser...
FAILED ALL-SMART-GPT-MUTATEST/test_stack3_WHOLE_SUITE.py::test_case_5 - asser...
FAILED ALL-SMART-GPT-MUTATEST/test_stack3_WHOLE_SUITE.py::test_case_8 - asser...
======================== 15 failed, 52 passed in 0.44s =========================
</pre></div></div></div></div></div><div class="mb-1" id="job_list___sub_accordion_50"><div class="card"><a data-toggle="collapse" data-target="#job_list___sub_collapse_50_1" aria-expanded="false" aria-controls="job_list___sub_collapse_50_1" href="#" class="job_list___sub_multi_heading"><div role="alert" class="card-header alert-success" id="job_list___sub_heading_50_1"><button class="btn btn-outline-success"><span class="job_id">50 : Job ID f23a05408e0944b8a2a2060b15e7ad0c</span></button></div></a><div aria-labelledby="job_list___sub_heading_50_1" data-parent="#job_list___sub_accordion_50" class="collapse job_list___sub_multi_collapse" id="job_list___sub_collapse_50_1"><div class="card-body"><div class="work-item"><div class="alert alert-success test-outcome" role="alert"><p>worker outcome: normal</p><p>test outcome: killed</p></div></div><pre class="location"><a href="pycharm://open?file=stack3.py&amp;line=38" class="text-secondary"><button class="btn btn-outline-dark">stack3.py, start pos: (38, 26), end pos: (38, 27)</button></a></pre><pre>operator: core/NumberReplacer, occurrence: 9</pre><div class="alert alert-secondary"><pre class="diff">--- mutation diff ---
--- astack3.py
+++ bstack3.py
@@ -35,7 +35,7 @@
 
         """Remove node from linkedlist."""
 
-        if self.__size == 0:
+        if self.__size == -1:
             return None
         if self.__size == 1: # Alterado para corrigir comportamento
             nodeToRemove = self.__head</pre></div><div class="alert alert-secondary"><pre class="diff">============================= test session starts ==============================
platform linux -- Python 3.10.12, pytest-7.1.3, pluggy-1.0.0
rootdir: /home/lucca/desktop/ic/experimento/testes/python_experiments/stack3
plugins: Faker-15.1.1, hypothesis-6.56.3
collected 67 items

ALL-SMART-GPT-MUTATEST/test_stack3_DYNAMOSA.py .................         [ 25%]
ALL-SMART-GPT-MUTATEST/test_stack3_MIO.py .....................          [ 56%]
ALL-SMART-GPT-MUTATEST/test_stack3_MOSA.py .................             [ 82%]
ALL-SMART-GPT-MUTATEST/test_stack3_MUTATEST.py ...                       [ 86%]
ALL-SMART-GPT-MUTATEST/test_stack3_WHOLE_SUITE.py .....F..F              [100%]

=========================== short test summary info ============================
FAILED ALL-SMART-GPT-MUTATEST/test_stack3_WHOLE_SUITE.py::test_case_5 - asser...
FAILED ALL-SMART-GPT-MUTATEST/test_stack3_WHOLE_SUITE.py::test_case_8 - asser...
========================= 2 failed, 65 passed in 0.40s =========================
</pre></div></div></div></div></div><div class="mb-1" id="job_list___sub_accordion_51"><div class="card"><a data-toggle="collapse" data-target="#job_list___sub_collapse_51_1" aria-expanded="false" aria-controls="job_list___sub_collapse_51_1" href="#" class="job_list___sub_multi_heading"><div role="alert" class="card-header alert-success" id="job_list___sub_heading_51_1"><button class="btn btn-outline-success"><span class="job_id">51 : Job ID 3d05aff2a6fc4d129caa8d9402333705</span></button></div></a><div aria-labelledby="job_list___sub_heading_51_1" data-parent="#job_list___sub_accordion_51" class="collapse job_list___sub_multi_collapse" id="job_list___sub_collapse_51_1"><div class="card-body"><div class="work-item"><div class="alert alert-success test-outcome" role="alert"><p>worker outcome: normal</p><p>test outcome: killed</p></div></div><pre class="location"><a href="pycharm://open?file=stack3.py&amp;line=40" class="text-secondary"><button class="btn btn-outline-dark">stack3.py, start pos: (40, 26), end pos: (40, 27)</button></a></pre><pre>operator: core/NumberReplacer, occurrence: 10</pre><div class="alert alert-secondary"><pre class="diff">--- mutation diff ---
--- astack3.py
+++ bstack3.py
@@ -37,7 +37,7 @@
 
         if self.__size == 0:
             return None
-        if self.__size == 1: # Alterado para corrigir comportamento
+        if self.__size == 2: # Alterado para corrigir comportamento
             nodeToRemove = self.__head
             self.__sentinel.next = None
             self.__head = self.__sentinel</pre></div><div class="alert alert-secondary"><pre class="diff">============================= test session starts ==============================
platform linux -- Python 3.10.12, pytest-7.1.3, pluggy-1.0.0
rootdir: /home/lucca/desktop/ic/experimento/testes/python_experiments/stack3
plugins: Faker-15.1.1, hypothesis-6.56.3
collected 67 items

ALL-SMART-GPT-MUTATEST/test_stack3_DYNAMOSA.py .........F...F...         [ 25%]
ALL-SMART-GPT-MUTATEST/test_stack3_MIO.py .....................          [ 56%]
ALL-SMART-GPT-MUTATEST/test_stack3_MOSA.py .........F...F...             [ 82%]
ALL-SMART-GPT-MUTATEST/test_stack3_MUTATEST.py .F.                       [ 86%]
ALL-SMART-GPT-MUTATEST/test_stack3_WHOLE_SUITE.py .........              [100%]

=========================== short test summary info ============================
FAILED ALL-SMART-GPT-MUTATEST/test_stack3_DYNAMOSA.py::test_case_9 - Assertio...
FAILED ALL-SMART-GPT-MUTATEST/test_stack3_DYNAMOSA.py::test_case_13 - Attribu...
FAILED ALL-SMART-GPT-MUTATEST/test_stack3_MOSA.py::test_case_9 - AssertionErr...
FAILED ALL-SMART-GPT-MUTATEST/test_stack3_MOSA.py::test_case_13 - AttributeEr...
FAILED ALL-SMART-GPT-MUTATEST/test_stack3_MUTATEST.py::test_remove_single_element
========================= 5 failed, 62 passed in 0.39s =========================
</pre></div></div></div></div></div><div class="mb-1" id="job_list___sub_accordion_52"><div class="card"><a data-toggle="collapse" data-target="#job_list___sub_collapse_52_1" aria-expanded="false" aria-controls="job_list___sub_collapse_52_1" href="#" class="job_list___sub_multi_heading"><div role="alert" class="card-header alert-success" id="job_list___sub_heading_52_1"><button class="btn btn-outline-success"><span class="job_id">52 : Job ID eef94d094267473aab01aa538acccee3</span></button></div></a><div aria-labelledby="job_list___sub_heading_52_1" data-parent="#job_list___sub_accordion_52" class="collapse job_list___sub_multi_collapse" id="job_list___sub_collapse_52_1"><div class="card-body"><div class="work-item"><div class="alert alert-success test-outcome" role="alert"><p>worker outcome: normal</p><p>test outcome: killed</p></div></div><pre class="location"><a href="pycharm://open?file=stack3.py&amp;line=40" class="text-secondary"><button class="btn btn-outline-dark">stack3.py, start pos: (40, 26), end pos: (40, 27)</button></a></pre><pre>operator: core/NumberReplacer, occurrence: 11</pre><div class="alert alert-secondary"><pre class="diff">--- mutation diff ---
--- astack3.py
+++ bstack3.py
@@ -37,7 +37,7 @@
 
         if self.__size == 0:
             return None
-        if self.__size == 1: # Alterado para corrigir comportamento
+        if self.__size == 0: # Alterado para corrigir comportamento
             nodeToRemove = self.__head
             self.__sentinel.next = None
             self.__head = self.__sentinel</pre></div><div class="alert alert-secondary"><pre class="diff">============================= test session starts ==============================
platform linux -- Python 3.10.12, pytest-7.1.3, pluggy-1.0.0
rootdir: /home/lucca/desktop/ic/experimento/testes/python_experiments/stack3
plugins: Faker-15.1.1, hypothesis-6.56.3
collected 67 items

ALL-SMART-GPT-MUTATEST/test_stack3_DYNAMOSA.py .........F...F...         [ 25%]
ALL-SMART-GPT-MUTATEST/test_stack3_MIO.py .....................          [ 56%]
ALL-SMART-GPT-MUTATEST/test_stack3_MOSA.py .........F...F...             [ 82%]
ALL-SMART-GPT-MUTATEST/test_stack3_MUTATEST.py .F.                       [ 86%]
ALL-SMART-GPT-MUTATEST/test_stack3_WHOLE_SUITE.py .........              [100%]

=========================== short test summary info ============================
FAILED ALL-SMART-GPT-MUTATEST/test_stack3_DYNAMOSA.py::test_case_9 - Assertio...
FAILED ALL-SMART-GPT-MUTATEST/test_stack3_DYNAMOSA.py::test_case_13 - Attribu...
FAILED ALL-SMART-GPT-MUTATEST/test_stack3_MOSA.py::test_case_9 - AssertionErr...
FAILED ALL-SMART-GPT-MUTATEST/test_stack3_MOSA.py::test_case_13 - AttributeEr...
FAILED ALL-SMART-GPT-MUTATEST/test_stack3_MUTATEST.py::test_remove_single_element
========================= 5 failed, 62 passed in 0.39s =========================
</pre></div></div></div></div></div><div class="mb-1" id="job_list___sub_accordion_53"><div class="card"><a data-toggle="collapse" data-target="#job_list___sub_collapse_53_1" aria-expanded="false" aria-controls="job_list___sub_collapse_53_1" href="#" class="job_list___sub_multi_heading"><div role="alert" class="card-header alert-success" id="job_list___sub_heading_53_1"><button class="btn btn-outline-success"><span class="job_id">53 : Job ID 707e55e8a39b459aaf7a779b9b7d4bfe</span></button></div></a><div aria-labelledby="job_list___sub_heading_53_1" data-parent="#job_list___sub_accordion_53" class="collapse job_list___sub_multi_collapse" id="job_list___sub_collapse_53_1"><div class="card-body"><div class="work-item"><div class="alert alert-success test-outcome" role="alert"><p>worker outcome: normal</p><p>test outcome: killed</p></div></div><pre class="location"><a href="pycharm://open?file=stack3.py&amp;line=44" class="text-secondary"><button class="btn btn-outline-dark">stack3.py, start pos: (44, 27), end pos: (44, 28)</button></a></pre><pre>operator: core/NumberReplacer, occurrence: 12</pre><div class="alert alert-secondary"><pre class="diff">--- mutation diff ---
--- astack3.py
+++ bstack3.py
@@ -41,7 +41,7 @@
             nodeToRemove = self.__head
             self.__sentinel.next = None
             self.__head = self.__sentinel
-            self.__size -= 1
+            self.__size -= 2
             return nodeToRemove
         else:
             nodeToRemove = self.__head</pre></div><div class="alert alert-secondary"><pre class="diff">============================= test session starts ==============================
platform linux -- Python 3.10.12, pytest-7.1.3, pluggy-1.0.0
rootdir: /home/lucca/desktop/ic/experimento/testes/python_experiments/stack3
plugins: Faker-15.1.1, hypothesis-6.56.3
collected 67 items

ALL-SMART-GPT-MUTATEST/test_stack3_DYNAMOSA.py .................         [ 25%]
ALL-SMART-GPT-MUTATEST/test_stack3_MIO.py .....................          [ 56%]
ALL-SMART-GPT-MUTATEST/test_stack3_MOSA.py .................             [ 82%]
ALL-SMART-GPT-MUTATEST/test_stack3_MUTATEST.py .F.                       [ 86%]
ALL-SMART-GPT-MUTATEST/test_stack3_WHOLE_SUITE.py .........              [100%]

=========================== short test summary info ============================
FAILED ALL-SMART-GPT-MUTATEST/test_stack3_MUTATEST.py::test_remove_single_element
========================= 1 failed, 66 passed in 0.46s =========================
</pre></div></div></div></div></div><div class="mb-1" id="job_list___sub_accordion_54"><div class="card"><a data-toggle="collapse" data-target="#job_list___sub_collapse_54_1" aria-expanded="false" aria-controls="job_list___sub_collapse_54_1" href="#" class="job_list___sub_multi_heading"><div role="alert" class="card-header alert-success" id="job_list___sub_heading_54_1"><button class="btn btn-outline-success"><span class="job_id">54 : Job ID c5102c0861224493817d8ce99167155a</span></button></div></a><div aria-labelledby="job_list___sub_heading_54_1" data-parent="#job_list___sub_accordion_54" class="collapse job_list___sub_multi_collapse" id="job_list___sub_collapse_54_1"><div class="card-body"><div class="work-item"><div class="alert alert-success test-outcome" role="alert"><p>worker outcome: normal</p><p>test outcome: killed</p></div></div><pre class="location"><a href="pycharm://open?file=stack3.py&amp;line=44" class="text-secondary"><button class="btn btn-outline-dark">stack3.py, start pos: (44, 27), end pos: (44, 28)</button></a></pre><pre>operator: core/NumberReplacer, occurrence: 13</pre><div class="alert alert-secondary"><pre class="diff">--- mutation diff ---
--- astack3.py
+++ bstack3.py
@@ -41,7 +41,7 @@
             nodeToRemove = self.__head
             self.__sentinel.next = None
             self.__head = self.__sentinel
-            self.__size -= 1
+            self.__size -= 0
             return nodeToRemove
         else:
             nodeToRemove = self.__head</pre></div><div class="alert alert-secondary"><pre class="diff">============================= test session starts ==============================
platform linux -- Python 3.10.12, pytest-7.1.3, pluggy-1.0.0
rootdir: /home/lucca/desktop/ic/experimento/testes/python_experiments/stack3
plugins: Faker-15.1.1, hypothesis-6.56.3
collected 67 items

ALL-SMART-GPT-MUTATEST/test_stack3_DYNAMOSA.py .................         [ 25%]
ALL-SMART-GPT-MUTATEST/test_stack3_MIO.py .....................          [ 56%]
ALL-SMART-GPT-MUTATEST/test_stack3_MOSA.py .................             [ 82%]
ALL-SMART-GPT-MUTATEST/test_stack3_MUTATEST.py .F.                       [ 86%]
ALL-SMART-GPT-MUTATEST/test_stack3_WHOLE_SUITE.py .........              [100%]

=========================== short test summary info ============================
FAILED ALL-SMART-GPT-MUTATEST/test_stack3_MUTATEST.py::test_remove_single_element
========================= 1 failed, 66 passed in 0.43s =========================
</pre></div></div></div></div></div><div class="mb-1" id="job_list___sub_accordion_55"><div class="card"><a data-toggle="collapse" data-target="#job_list___sub_collapse_55_1" aria-expanded="false" aria-controls="job_list___sub_collapse_55_1" href="#" class="job_list___sub_multi_heading"><div role="alert" class="card-header alert-success" id="job_list___sub_heading_55_1"><button class="btn btn-outline-success"><span class="job_id">55 : Job ID 194f7e088e3541bea669288c4dc55b9e</span></button></div></a><div aria-labelledby="job_list___sub_heading_55_1" data-parent="#job_list___sub_accordion_55" class="collapse job_list___sub_multi_collapse" id="job_list___sub_collapse_55_1"><div class="card-body"><div class="work-item"><div class="alert alert-success test-outcome" role="alert"><p>worker outcome: normal</p><p>test outcome: killed</p></div></div><pre class="location"><a href="pycharm://open?file=stack3.py&amp;line=50" class="text-secondary"><button class="btn btn-outline-dark">stack3.py, start pos: (50, 27), end pos: (50, 28)</button></a></pre><pre>operator: core/NumberReplacer, occurrence: 14</pre><div class="alert alert-secondary"><pre class="diff">--- mutation diff ---
--- astack3.py
+++ bstack3.py
@@ -47,7 +47,7 @@
             nodeToRemove = self.__head
             self.__sentinel.next = self.__head.next
             self.__head = self.__sentinel.next
-            self.__size -= 1
+            self.__size -= 2
             return nodeToRemove
 
     def getHead(self) -&gt; T:</pre></div><div class="alert alert-secondary"><pre class="diff">============================= test session starts ==============================
platform linux -- Python 3.10.12, pytest-7.1.3, pluggy-1.0.0
rootdir: /home/lucca/desktop/ic/experimento/testes/python_experiments/stack3
plugins: Faker-15.1.1, hypothesis-6.56.3
collected 67 items

ALL-SMART-GPT-MUTATEST/test_stack3_DYNAMOSA.py .................         [ 25%]
ALL-SMART-GPT-MUTATEST/test_stack3_MIO.py .....................          [ 56%]
ALL-SMART-GPT-MUTATEST/test_stack3_MOSA.py .................             [ 82%]
ALL-SMART-GPT-MUTATEST/test_stack3_MUTATEST.py ...                       [ 86%]
ALL-SMART-GPT-MUTATEST/test_stack3_WHOLE_SUITE.py .F.......              [100%]

=========================== short test summary info ============================
FAILED ALL-SMART-GPT-MUTATEST/test_stack3_WHOLE_SUITE.py::test_case_1 - asser...
========================= 1 failed, 66 passed in 0.39s =========================
</pre></div></div></div></div></div><div class="mb-1" id="job_list___sub_accordion_56"><div class="card"><a data-toggle="collapse" data-target="#job_list___sub_collapse_56_1" aria-expanded="false" aria-controls="job_list___sub_collapse_56_1" href="#" class="job_list___sub_multi_heading"><div role="alert" class="card-header alert-success" id="job_list___sub_heading_56_1"><button class="btn btn-outline-success"><span class="job_id">56 : Job ID fa5bb6828d214327a47f381f7d00958f</span></button></div></a><div aria-labelledby="job_list___sub_heading_56_1" data-parent="#job_list___sub_accordion_56" class="collapse job_list___sub_multi_collapse" id="job_list___sub_collapse_56_1"><div class="card-body"><div class="work-item"><div class="alert alert-success test-outcome" role="alert"><p>worker outcome: normal</p><p>test outcome: killed</p></div></div><pre class="location"><a href="pycharm://open?file=stack3.py&amp;line=50" class="text-secondary"><button class="btn btn-outline-dark">stack3.py, start pos: (50, 27), end pos: (50, 28)</button></a></pre><pre>operator: core/NumberReplacer, occurrence: 15</pre><div class="alert alert-secondary"><pre class="diff">--- mutation diff ---
--- astack3.py
+++ bstack3.py
@@ -47,7 +47,7 @@
             nodeToRemove = self.__head
             self.__sentinel.next = self.__head.next
             self.__head = self.__sentinel.next
-            self.__size -= 1
+            self.__size -= 0
             return nodeToRemove
 
     def getHead(self) -&gt; T:</pre></div><div class="alert alert-secondary"><pre class="diff">============================= test session starts ==============================
platform linux -- Python 3.10.12, pytest-7.1.3, pluggy-1.0.0
rootdir: /home/lucca/desktop/ic/experimento/testes/python_experiments/stack3
plugins: Faker-15.1.1, hypothesis-6.56.3
collected 67 items

ALL-SMART-GPT-MUTATEST/test_stack3_DYNAMOSA.py .................         [ 25%]
ALL-SMART-GPT-MUTATEST/test_stack3_MIO.py .....................          [ 56%]
ALL-SMART-GPT-MUTATEST/test_stack3_MOSA.py .................             [ 82%]
ALL-SMART-GPT-MUTATEST/test_stack3_MUTATEST.py ...                       [ 86%]
ALL-SMART-GPT-MUTATEST/test_stack3_WHOLE_SUITE.py .F.......              [100%]

=========================== short test summary info ============================
FAILED ALL-SMART-GPT-MUTATEST/test_stack3_WHOLE_SUITE.py::test_case_1 - asser...
========================= 1 failed, 66 passed in 0.38s =========================
</pre></div></div></div></div></div><div class="mb-1" id="job_list___sub_accordion_57"><div class="card"><a data-toggle="collapse" data-target="#job_list___sub_collapse_57_1" aria-expanded="false" aria-controls="job_list___sub_collapse_57_1" href="#" class="job_list___sub_multi_heading"><div role="alert" class="card-header alert-success" id="job_list___sub_heading_57_1"><button class="btn btn-outline-success"><span class="job_id">57 : Job ID f6ff54ab6ef445d7ac577c532abeecc7</span></button></div></a><div aria-labelledby="job_list___sub_heading_57_1" data-parent="#job_list___sub_accordion_57" class="collapse job_list___sub_multi_collapse" id="job_list___sub_collapse_57_1"><div class="card-body"><div class="work-item"><div class="alert alert-success test-outcome" role="alert"><p>worker outcome: normal</p><p>test outcome: killed</p></div></div><pre class="location"><a href="pycharm://open?file=stack3.py&amp;line=75" class="text-secondary"><button class="btn btn-outline-dark">stack3.py, start pos: (75, 38), end pos: (75, 39)</button></a></pre><pre>operator: core/NumberReplacer, occurrence: 16</pre><div class="alert alert-secondary"><pre class="diff">--- mutation diff ---
--- astack3.py
+++ bstack3.py
@@ -72,7 +72,7 @@
 
         """Checks if linkedlist is empty."""
 
-        return True if self.__size == 0 else False
+        return True if self.__size == 1 else False
 
     def toArray(self) -&gt; list:
 </pre></div><div class="alert alert-secondary"><pre class="diff">============================= test session starts ==============================
platform linux -- Python 3.10.12, pytest-7.1.3, pluggy-1.0.0
rootdir: /home/lucca/desktop/ic/experimento/testes/python_experiments/stack3
plugins: Faker-15.1.1, hypothesis-6.56.3
collected 67 items

ALL-SMART-GPT-MUTATEST/test_stack3_DYNAMOSA.py ...FF..........F.         [ 25%]
ALL-SMART-GPT-MUTATEST/test_stack3_MIO.py .....FF..............          [ 56%]
ALL-SMART-GPT-MUTATEST/test_stack3_MOSA.py ...FF..........F.             [ 82%]
ALL-SMART-GPT-MUTATEST/test_stack3_MUTATEST.py .F.                       [ 86%]
ALL-SMART-GPT-MUTATEST/test_stack3_WHOLE_SUITE.py .F.....F.              [100%]

=========================== short test summary info ============================
FAILED ALL-SMART-GPT-MUTATEST/test_stack3_DYNAMOSA.py::test_case_3 - assert F...
FAILED ALL-SMART-GPT-MUTATEST/test_stack3_DYNAMOSA.py::test_case_4 - assert T...
FAILED ALL-SMART-GPT-MUTATEST/test_stack3_DYNAMOSA.py::test_case_15 - assert ...
FAILED ALL-SMART-GPT-MUTATEST/test_stack3_MIO.py::test_case_5 - assert False ...
FAILED ALL-SMART-GPT-MUTATEST/test_stack3_MIO.py::test_case_6 - assert True i...
FAILED ALL-SMART-GPT-MUTATEST/test_stack3_MOSA.py::test_case_3 - assert False...
FAILED ALL-SMART-GPT-MUTATEST/test_stack3_MOSA.py::test_case_4 - assert True ...
FAILED ALL-SMART-GPT-MUTATEST/test_stack3_MOSA.py::test_case_15 - assert True...
FAILED ALL-SMART-GPT-MUTATEST/test_stack3_MUTATEST.py::test_remove_single_element
FAILED ALL-SMART-GPT-MUTATEST/test_stack3_WHOLE_SUITE.py::test_case_1 - asser...
FAILED ALL-SMART-GPT-MUTATEST/test_stack3_WHOLE_SUITE.py::test_case_7 - asser...
======================== 11 failed, 56 passed in 0.34s =========================
</pre></div></div></div></div></div><div class="mb-1" id="job_list___sub_accordion_58"><div class="card"><a data-toggle="collapse" data-target="#job_list___sub_collapse_58_1" aria-expanded="false" aria-controls="job_list___sub_collapse_58_1" href="#" class="job_list___sub_multi_heading"><div role="alert" class="card-header alert-success" id="job_list___sub_heading_58_1"><button class="btn btn-outline-success"><span class="job_id">58 : Job ID bf9d64a499144a8a8fe3eed0276aae20</span></button></div></a><div aria-labelledby="job_list___sub_heading_58_1" data-parent="#job_list___sub_accordion_58" class="collapse job_list___sub_multi_collapse" id="job_list___sub_collapse_58_1"><div class="card-body"><div class="work-item"><div class="alert alert-success test-outcome" role="alert"><p>worker outcome: normal</p><p>test outcome: killed</p></div></div><pre class="location"><a href="pycharm://open?file=stack3.py&amp;line=75" class="text-secondary"><button class="btn btn-outline-dark">stack3.py, start pos: (75, 38), end pos: (75, 39)</button></a></pre><pre>operator: core/NumberReplacer, occurrence: 17</pre><div class="alert alert-secondary"><pre class="diff">--- mutation diff ---
--- astack3.py
+++ bstack3.py
@@ -72,7 +72,7 @@
 
         """Checks if linkedlist is empty."""
 
-        return True if self.__size == 0 else False
+        return True if self.__size == -1 else False
 
     def toArray(self) -&gt; list:
 </pre></div><div class="alert alert-secondary"><pre class="diff">============================= test session starts ==============================
platform linux -- Python 3.10.12, pytest-7.1.3, pluggy-1.0.0
rootdir: /home/lucca/desktop/ic/experimento/testes/python_experiments/stack3
plugins: Faker-15.1.1, hypothesis-6.56.3
collected 67 items

ALL-SMART-GPT-MUTATEST/test_stack3_DYNAMOSA.py ...F.............         [ 25%]
ALL-SMART-GPT-MUTATEST/test_stack3_MIO.py .....F...............          [ 56%]
ALL-SMART-GPT-MUTATEST/test_stack3_MOSA.py ...F.............             [ 82%]
ALL-SMART-GPT-MUTATEST/test_stack3_MUTATEST.py .F.                       [ 86%]
ALL-SMART-GPT-MUTATEST/test_stack3_WHOLE_SUITE.py .......F.              [100%]

=========================== short test summary info ============================
FAILED ALL-SMART-GPT-MUTATEST/test_stack3_DYNAMOSA.py::test_case_3 - assert F...
FAILED ALL-SMART-GPT-MUTATEST/test_stack3_MIO.py::test_case_5 - assert False ...
FAILED ALL-SMART-GPT-MUTATEST/test_stack3_MOSA.py::test_case_3 - assert False...
FAILED ALL-SMART-GPT-MUTATEST/test_stack3_MUTATEST.py::test_remove_single_element
FAILED ALL-SMART-GPT-MUTATEST/test_stack3_WHOLE_SUITE.py::test_case_7 - asser...
========================= 5 failed, 62 passed in 0.32s =========================
</pre></div></div></div></div></div><div class="mb-1" id="job_list___sub_accordion_59"><div class="card"><a data-toggle="collapse" data-target="#job_list___sub_collapse_59_1" aria-expanded="false" aria-controls="job_list___sub_collapse_59_1" href="#" class="job_list___sub_multi_heading"><div role="alert" class="card-header alert-success" id="job_list___sub_heading_59_1"><button class="btn btn-outline-success"><span class="job_id">59 : Job ID c58ccd93e0eb4280b9e3d1c57850f1b6</span></button></div></a><div aria-labelledby="job_list___sub_heading_59_1" data-parent="#job_list___sub_accordion_59" class="collapse job_list___sub_multi_collapse" id="job_list___sub_collapse_59_1"><div class="card-body"><div class="work-item"><div class="alert alert-success test-outcome" role="alert"><p>worker outcome: normal</p><p>test outcome: killed</p></div></div><pre class="location"><a href="pycharm://open?file=stack3.py&amp;line=125" class="text-secondary"><button class="btn btn-outline-dark">stack3.py, start pos: (125, 49), end pos: (125, 50)</button></a></pre><pre>operator: core/NumberReplacer, occurrence: 18</pre><div class="alert alert-secondary"><pre class="diff">--- mutation diff ---
--- astack3.py
+++ bstack3.py
@@ -122,7 +122,7 @@
 
         """Check if stack is empty."""
 
-        return True if self.__stack.getSize() == 0 else False
+        return True if self.__stack.getSize() == 1 else False
 
     def getSize(self) -&gt; int:
 </pre></div><div class="alert alert-secondary"><pre class="diff">============================= test session starts ==============================
platform linux -- Python 3.10.12, pytest-7.1.3, pluggy-1.0.0
rootdir: /home/lucca/desktop/ic/experimento/testes/python_experiments/stack3
plugins: Faker-15.1.1, hypothesis-6.56.3
collected 67 items

ALL-SMART-GPT-MUTATEST/test_stack3_DYNAMOSA.py .......F.....F...         [ 25%]
ALL-SMART-GPT-MUTATEST/test_stack3_MIO.py ...........FF........          [ 56%]
ALL-SMART-GPT-MUTATEST/test_stack3_MOSA.py .......F.....F...             [ 82%]
ALL-SMART-GPT-MUTATEST/test_stack3_MUTATEST.py ...                       [ 86%]
ALL-SMART-GPT-MUTATEST/test_stack3_WHOLE_SUITE.py ..F......              [100%]

=========================== short test summary info ============================
FAILED ALL-SMART-GPT-MUTATEST/test_stack3_DYNAMOSA.py::test_case_7 - assert F...
FAILED ALL-SMART-GPT-MUTATEST/test_stack3_DYNAMOSA.py::test_case_13 - assert ...
FAILED ALL-SMART-GPT-MUTATEST/test_stack3_MIO.py::test_case_11 - assert False...
FAILED ALL-SMART-GPT-MUTATEST/test_stack3_MIO.py::test_case_12 - assert True ...
FAILED ALL-SMART-GPT-MUTATEST/test_stack3_MOSA.py::test_case_7 - assert False...
FAILED ALL-SMART-GPT-MUTATEST/test_stack3_MOSA.py::test_case_13 - assert True...
FAILED ALL-SMART-GPT-MUTATEST/test_stack3_WHOLE_SUITE.py::test_case_2 - asser...
========================= 7 failed, 60 passed in 0.41s =========================
</pre></div></div></div></div></div><div class="mb-1" id="job_list___sub_accordion_60"><div class="card"><a data-toggle="collapse" data-target="#job_list___sub_collapse_60_1" aria-expanded="false" aria-controls="job_list___sub_collapse_60_1" href="#" class="job_list___sub_multi_heading"><div role="alert" class="card-header alert-success" id="job_list___sub_heading_60_1"><button class="btn btn-outline-success"><span class="job_id">60 : Job ID ef5f755d49894764a99de1632fe082da</span></button></div></a><div aria-labelledby="job_list___sub_heading_60_1" data-parent="#job_list___sub_accordion_60" class="collapse job_list___sub_multi_collapse" id="job_list___sub_collapse_60_1"><div class="card-body"><div class="work-item"><div class="alert alert-success test-outcome" role="alert"><p>worker outcome: normal</p><p>test outcome: killed</p></div></div><pre class="location"><a href="pycharm://open?file=stack3.py&amp;line=125" class="text-secondary"><button class="btn btn-outline-dark">stack3.py, start pos: (125, 49), end pos: (125, 50)</button></a></pre><pre>operator: core/NumberReplacer, occurrence: 19</pre><div class="alert alert-secondary"><pre class="diff">--- mutation diff ---
--- astack3.py
+++ bstack3.py
@@ -122,7 +122,7 @@
 
         """Check if stack is empty."""
 
-        return True if self.__stack.getSize() == 0 else False
+        return True if self.__stack.getSize() == -1 else False
 
     def getSize(self) -&gt; int:
 </pre></div><div class="alert alert-secondary"><pre class="diff">============================= test session starts ==============================
platform linux -- Python 3.10.12, pytest-7.1.3, pluggy-1.0.0
rootdir: /home/lucca/desktop/ic/experimento/testes/python_experiments/stack3
plugins: Faker-15.1.1, hypothesis-6.56.3
collected 67 items

ALL-SMART-GPT-MUTATEST/test_stack3_DYNAMOSA.py .......F.........         [ 25%]
ALL-SMART-GPT-MUTATEST/test_stack3_MIO.py ...........F.........          [ 56%]
ALL-SMART-GPT-MUTATEST/test_stack3_MOSA.py .......F.........             [ 82%]
ALL-SMART-GPT-MUTATEST/test_stack3_MUTATEST.py ...                       [ 86%]
ALL-SMART-GPT-MUTATEST/test_stack3_WHOLE_SUITE.py ..F......              [100%]

=========================== short test summary info ============================
FAILED ALL-SMART-GPT-MUTATEST/test_stack3_DYNAMOSA.py::test_case_7 - assert F...
FAILED ALL-SMART-GPT-MUTATEST/test_stack3_MIO.py::test_case_11 - assert False...
FAILED ALL-SMART-GPT-MUTATEST/test_stack3_MOSA.py::test_case_7 - assert False...
FAILED ALL-SMART-GPT-MUTATEST/test_stack3_WHOLE_SUITE.py::test_case_2 - asser...
========================= 4 failed, 63 passed in 0.42s =========================
</pre></div></div></div></div></div><div class="mb-1" id="job_list___sub_accordion_61"><div class="card"><a data-toggle="collapse" data-target="#job_list___sub_collapse_61_1" aria-expanded="false" aria-controls="job_list___sub_collapse_61_1" href="#" class="job_list___sub_multi_heading"><div role="alert" class="card-header alert-danger" id="job_list___sub_heading_61_1"><button class="btn btn-outline-danger"><span class="job_id">61 : Job ID 54132bf8b1304f049c8d5b7312bd2040</span></button></div></a><div aria-labelledby="job_list___sub_heading_61_1" data-parent="#job_list___sub_accordion_61" class="collapse job_list___sub_multi_collapse" id="job_list___sub_collapse_61_1"><div class="card-body"><div class="work-item"><div class="alert alert-danger test-outcome" role="alert"><p>SURVIVED</p><p>worker outcome: normal</p><p>test outcome: survived</p></div></div><pre class="location"><a href="pycharm://open?file=stack3.py&amp;line=137" class="text-secondary"><button class="btn btn-outline-dark">stack3.py, start pos: (137, 45), end pos: (137, 46)</button></a></pre><pre>operator: core/NumberReplacer, occurrence: 20</pre><div class="alert alert-secondary"><pre class="diff">--- mutation diff ---
--- astack3.py
+++ bstack3.py
@@ -134,5 +134,5 @@
 
         """Get string representation of the stack."""
 
-        return str(self.__stack.toArray()[::-1])
+        return str(self.__stack.toArray()[::- 2])
 </pre></div><div class="alert alert-secondary"><pre class="diff">============================= test session starts ==============================
platform linux -- Python 3.10.12, pytest-7.1.3, pluggy-1.0.0
rootdir: /home/lucca/desktop/ic/experimento/testes/python_experiments/stack3
plugins: Faker-15.1.1, hypothesis-6.56.3
collected 67 items

ALL-SMART-GPT-MUTATEST/test_stack3_DYNAMOSA.py .................         [ 25%]
ALL-SMART-GPT-MUTATEST/test_stack3_MIO.py .....................          [ 56%]
ALL-SMART-GPT-MUTATEST/test_stack3_MOSA.py .................             [ 82%]
ALL-SMART-GPT-MUTATEST/test_stack3_MUTATEST.py ...                       [ 86%]
ALL-SMART-GPT-MUTATEST/test_stack3_WHOLE_SUITE.py .........              [100%]

============================== 67 passed in 0.44s ==============================
</pre></div></div></div></div></div><div class="mb-1" id="job_list___sub_accordion_62"><div class="card"><a data-toggle="collapse" data-target="#job_list___sub_collapse_62_1" aria-expanded="false" aria-controls="job_list___sub_collapse_62_1" href="#" class="job_list___sub_multi_heading"><div role="alert" class="card-header alert-success" id="job_list___sub_heading_62_1"><button class="btn btn-outline-success"><span class="job_id">62 : Job ID b09e43be010e4c5295b17af86922dd5d</span></button></div></a><div aria-labelledby="job_list___sub_heading_62_1" data-parent="#job_list___sub_accordion_62" class="collapse job_list___sub_multi_collapse" id="job_list___sub_collapse_62_1"><div class="card-body"><div class="work-item"><div class="alert alert-success test-outcome" role="alert"><p>worker outcome: normal</p><p>test outcome: killed</p></div></div><pre class="location"><a href="pycharm://open?file=stack3.py&amp;line=137" class="text-secondary"><button class="btn btn-outline-dark">stack3.py, start pos: (137, 45), end pos: (137, 46)</button></a></pre><pre>operator: core/NumberReplacer, occurrence: 21</pre><div class="alert alert-secondary"><pre class="diff">--- mutation diff ---
--- astack3.py
+++ bstack3.py
@@ -134,5 +134,5 @@
 
         """Get string representation of the stack."""
 
-        return str(self.__stack.toArray()[::-1])
+        return str(self.__stack.toArray()[::- 0])
 </pre></div><div class="alert alert-secondary"><pre class="diff">============================= test session starts ==============================
platform linux -- Python 3.10.12, pytest-7.1.3, pluggy-1.0.0
rootdir: /home/lucca/desktop/ic/experimento/testes/python_experiments/stack3
plugins: Faker-15.1.1, hypothesis-6.56.3
collected 67 items

ALL-SMART-GPT-MUTATEST/test_stack3_DYNAMOSA.py .....F......F....         [ 25%]
ALL-SMART-GPT-MUTATEST/test_stack3_MIO.py ....................F          [ 56%]
ALL-SMART-GPT-MUTATEST/test_stack3_MOSA.py .....F......F....             [ 82%]
ALL-SMART-GPT-MUTATEST/test_stack3_MUTATEST.py ...                       [ 86%]
ALL-SMART-GPT-MUTATEST/test_stack3_WHOLE_SUITE.py ...F.....              [100%]

=========================== short test summary info ============================
FAILED ALL-SMART-GPT-MUTATEST/test_stack3_DYNAMOSA.py::test_case_5 - ValueErr...
FAILED ALL-SMART-GPT-MUTATEST/test_stack3_DYNAMOSA.py::test_case_12 - ValueEr...
FAILED ALL-SMART-GPT-MUTATEST/test_stack3_MIO.py::test_case_20 - ValueError: ...
FAILED ALL-SMART-GPT-MUTATEST/test_stack3_MOSA.py::test_case_5 - ValueError: ...
FAILED ALL-SMART-GPT-MUTATEST/test_stack3_MOSA.py::test_case_12 - ValueError:...
FAILED ALL-SMART-GPT-MUTATEST/test_stack3_WHOLE_SUITE.py::test_case_3 - Value...
========================= 6 failed, 61 passed in 0.42s =========================
</pre></div></div></div></div></div></div></div></div></div></div><script src="https://code.jquery.com/jquery-3.3.1.slim.min.js" integrity="sha384-q8i/X+965DzO0rT7abK41JStQIAqVgRVzpbzo5smXKp4YfRvH+8abtTE1Pi6jizo" crossorigin="anonymous"></script><script src="https://cdnjs.cloudflare.com/ajax/libs/popper.js/1.14.7/umd/popper.min.js" integrity="sha384-UO2eT0CpHqdSJQ6hJty5KVphtPhzWj9WO1clHTMGa3JDZwrnQq4sF86dIHNDz0W1" crossorigin="anonymous"></script><script src="https://stackpath.bootstrapcdn.com/bootstrap/4.3.1/js/bootstrap.min.js" integrity="sha384-JjSmVgyd0p3pXB1rRibZUAYoIIy6OrQ6VrjIEaFf/nJGzIxFDsf4x0xIM+B07jRM" crossorigin="anonymous"></script><script type="text/javascript">$('div.job_list___sub_multi_collapse').on('shown.bs.collapse',  function () {    correct_behavior_functional_buttons();  });$('div.job_list___sub_multi_collapse').on('hidden.bs.collapse',  function () {    correct_behavior_functional_buttons();  });function correct_behavior_functional_buttons() {    var expand = false;    var collapse = false;    $('a.job_list___sub_multi_heading').each(function(index) {      if ($(this).attr('aria-expanded') == 'false') {        expand = true;        return false;      };    });    $('a.job_list___sub_multi_heading').each(function(index) {      if ($(this).attr('aria-expanded') == 'true') {        collapse = true;        return false;      };    });    if (expand) {      $('div#job_item_expand_all').css('display', 'inline-block');    } else {      $('div#job_item_expand_all').css('display', 'none');    };    if (collapse) {      $('div#job_item_collapse_all').css('display', 'inline-block');    } else {      $('div#job_item_collapse_all').css('display', 'none');    };  };correct_behavior_functional_buttons();</script></body></html>
