<!DOCTYPE html><html lang="en"><head><meta charset="utf-8" /><meta name="viewport" content="width=device-width, initial-scale=1, shrink-to-fit=no" /><link rel="stylesheet" href="https://stackpath.bootstrapcdn.com/bootstrap/4.3.1/css/bootstrap.min.css" integrity="sha384-ggOyR0iXCbMQv3Xipma34MD+dH/1fQ784/j6cY/iJTQUOhcWr7x9JvoRxT2MZw1T" crossorigin="anonymous" /><title>Cosmic Ray Report</title></head><body><div class="container"><h1><p class="text-dark">Cosmic Ray Report</p></h1></div><div class="container"><div class="mb-1" id="summary_info___accordion"><div class="card"><a data-toggle="collapse" data-target="#summary_info___collapse_1" aria-expanded="true" aria-controls="summary_info___collapse_1" href="#"><div class="card-header" id="summary_info___heading_1"><button class="btn btn-outline-dark"><h4 class="m-0">Summary info</h4></button></div></a><div aria-labelledby="summary_info___heading_1" data-parent="#summary_info___accordion" class="collapse show" id="summary_info___collapse_1"><div class="card-body"><p>Date time: 25/02/2024 18:16:00</p><p>Total jobs: 62</p><p>Complete: 62 (100.00%)</p><p>Surviving mutants: 2 (3.23%)</p></div></div></div></div><div class="mb-1" id="job_list___accordion"><div class="card"><a data-toggle="collapse" data-target="#job_list___collapse_1" aria-expanded="false" aria-controls="job_list___collapse_1" href="#"><div class="card-header" id="job_list___heading_1"><button class="btn btn-outline-dark"><h4 class="m-0">Job list</h4></button></div></a><div aria-labelledby="job_list___heading_1" data-parent="#job_list___accordion" class="collapse" id="job_list___collapse_1"><div class="card-body"><div class="text-right mb-1"><div class="mx-1" id="job_item_expand_all"><a href="#" onclick="$('div.job_list___sub_multi_collapse').collapse('show');"><button class="btn btn-outline-dark"><span>Expand All</span></button></a></div><div class="mx-1" id="job_item_collapse_all"><a href="#" onclick="$('div.job_list___sub_multi_collapse').collapse('hide');"><button class="btn btn-outline-dark"><span>Collapse All</span></button></a></div></div><div class="mb-1" id="job_list___sub_accordion_1"><div class="card"><a data-toggle="collapse" data-target="#job_list___sub_collapse_1_1" aria-expanded="false" aria-controls="job_list___sub_collapse_1_1" href="#" class="job_list___sub_multi_heading"><div role="alert" class="card-header alert-success" id="job_list___sub_heading_1_1"><button class="btn btn-outline-success"><span class="job_id">1 : Job ID 8ba0cfe0ceef4454a2e838a18012f030</span></button></div></a><div aria-labelledby="job_list___sub_heading_1_1" data-parent="#job_list___sub_accordion_1" class="collapse job_list___sub_multi_collapse" id="job_list___sub_collapse_1_1"><div class="card-body"><div class="work-item"><div class="alert alert-success test-outcome" role="alert"><p>worker outcome: normal</p><p>test outcome: killed</p></div></div><pre class="location"><a href="pycharm://open?file=queue2.py&amp;line=21" class="text-secondary"><button class="btn btn-outline-dark">queue2.py, start pos: (21, 18), end pos: (21, 20)</button></a></pre><pre>operator: core/ReplaceComparisonOperator_Eq_NotEq, occurrence: 0</pre><div class="alert alert-secondary"><pre class="diff">--- mutation diff ---
--- aqueue2.py
+++ bqueue2.py
@@ -18,7 +18,7 @@
             p1 = p1.next
             p2 = p2.next.next
             
-            if p1 == p2: return True
+            if p1 != p2: return True
         return False
 
 class LinkedList:</pre></div><div class="alert alert-secondary"><pre class="diff">============================= test session starts ==============================
platform linux -- Python 3.10.12, pytest-7.1.3, pluggy-1.0.0
rootdir: /home/lucca/desktop/ic/experimento/testes/python_experiments/queue2/ALL-SMART-GPT-COSMICRAY
plugins: Faker-15.1.1, hypothesis-6.56.3
collected 107 items

test_queue2_COSMICRAY.py ..                                              [  1%]
test_queue2_DYNAMOSA.py .............F.......F.......F                   [ 29%]
test_queue2_MIO.py ..F...............................                    [ 61%]
test_queue2_MOSA.py ...FF..........F.........F.                          [ 86%]
test_queue2_WHOLE_SUITE.py ..............                                [100%]

=========================== short test summary info ============================
FAILED test_queue2_DYNAMOSA.py::test_case_13 - assert True is False
FAILED test_queue2_DYNAMOSA.py::test_case_21 - assert True is False
FAILED test_queue2_DYNAMOSA.py::test_case_29 - assert True is False
FAILED test_queue2_MIO.py::test_case_2 - assert True is False
FAILED test_queue2_MOSA.py::test_case_3 - assert True is False
FAILED test_queue2_MOSA.py::test_case_4 - assert True is False
FAILED test_queue2_MOSA.py::test_case_15 - assert True is False
FAILED test_queue2_MOSA.py::test_case_25 - assert True is False
========================= 8 failed, 99 passed in 0.63s =========================
</pre></div></div></div></div></div><div class="mb-1" id="job_list___sub_accordion_2"><div class="card"><a data-toggle="collapse" data-target="#job_list___sub_collapse_2_1" aria-expanded="false" aria-controls="job_list___sub_collapse_2_1" href="#" class="job_list___sub_multi_heading"><div role="alert" class="card-header alert-success" id="job_list___sub_heading_2_1"><button class="btn btn-outline-success"><span class="job_id">2 : Job ID b538df8092ef4e1f873cedd43f6f2df9</span></button></div></a><div aria-labelledby="job_list___sub_heading_2_1" data-parent="#job_list___sub_accordion_2" class="collapse job_list___sub_multi_collapse" id="job_list___sub_collapse_2_1"><div class="card-body"><div class="work-item"><div class="alert alert-success test-outcome" role="alert"><p>worker outcome: normal</p><p>test outcome: killed</p></div></div><pre class="location"><a href="pycharm://open?file=queue2.py&amp;line=48" class="text-secondary"><button class="btn btn-outline-dark">queue2.py, start pos: (48, 23), end pos: (48, 25)</button></a></pre><pre>operator: core/ReplaceComparisonOperator_Eq_NotEq, occurrence: 1</pre><div class="alert alert-secondary"><pre class="diff">--- mutation diff ---
--- aqueue2.py
+++ bqueue2.py
@@ -45,7 +45,7 @@
         n = self.head
         last = None
         while n != None:
-            if n.value == value:
+            if n.value != value:
                 if last == None:
                     self.head = self.head.next
                 else:</pre></div><div class="alert alert-secondary"><pre class="diff">============================= test session starts ==============================
platform linux -- Python 3.10.12, pytest-7.1.3, pluggy-1.0.0
rootdir: /home/lucca/desktop/ic/experimento/testes/python_experiments/queue2/ALL-SMART-GPT-COSMICRAY
plugins: Faker-15.1.1, hypothesis-6.56.3
collected 107 items

test_queue2_COSMICRAY.py ..                                              [  1%]
test_queue2_DYNAMOSA.py .F................FF..F...F...                   [ 29%]
test_queue2_MIO.py ........FFF.......................                    [ 61%]
test_queue2_MOSA.py ..F..F.....F.F....F..F.FF..                          [ 86%]
test_queue2_WHOLE_SUITE.py ....F.....F...                                [100%]

=========================== short test summary info ============================
FAILED test_queue2_DYNAMOSA.py::test_case_1 - assert False is True
FAILED test_queue2_DYNAMOSA.py::test_case_18 - assert False is True
FAILED test_queue2_DYNAMOSA.py::test_case_19 - assert True is False
FAILED test_queue2_DYNAMOSA.py::test_case_22 - assert True is False
FAILED test_queue2_DYNAMOSA.py::test_case_26 - assert True is False
FAILED test_queue2_MIO.py::test_case_8 - assert False is True
FAILED test_queue2_MIO.py::test_case_9 - assert True is False
FAILED test_queue2_MIO.py::test_case_10 - assert True is False
FAILED test_queue2_MOSA.py::test_case_2 - assert False is True
FAILED test_queue2_MOSA.py::test_case_5 - assert False is True
FAILED test_queue2_MOSA.py::test_case_11 - assert False is True
FAILED test_queue2_MOSA.py::test_case_13 - assert False is True
FAILED test_queue2_MOSA.py::test_case_18 - assert True is False
FAILED test_queue2_MOSA.py::test_case_21 - assert False is True
FAILED test_queue2_MOSA.py::test_case_23 - assert True is False
FAILED test_queue2_MOSA.py::test_case_24 - assert True is False
FAILED test_queue2_WHOLE_SUITE.py::test_case_4 - assert True is False
FAILED test_queue2_WHOLE_SUITE.py::test_case_10 - assert True is False
======================== 18 failed, 89 passed in 0.64s =========================
</pre></div></div></div></div></div><div class="mb-1" id="job_list___sub_accordion_3"><div class="card"><a data-toggle="collapse" data-target="#job_list___sub_collapse_3_1" aria-expanded="false" aria-controls="job_list___sub_collapse_3_1" href="#" class="job_list___sub_multi_heading"><div role="alert" class="card-header alert-success" id="job_list___sub_heading_3_1"><button class="btn btn-outline-success"><span class="job_id">3 : Job ID da6dd71554bd47e1939d4f6491e495ce</span></button></div></a><div aria-labelledby="job_list___sub_heading_3_1" data-parent="#job_list___sub_accordion_3" class="collapse job_list___sub_multi_collapse" id="job_list___sub_collapse_3_1"><div class="card-body"><div class="work-item"><div class="alert alert-success test-outcome" role="alert"><p>worker outcome: normal</p><p>test outcome: killed</p></div></div><pre class="location"><a href="pycharm://open?file=queue2.py&amp;line=21" class="text-secondary"><button class="btn btn-outline-dark">queue2.py, start pos: (21, 18), end pos: (21, 20)</button></a></pre><pre>operator: core/ReplaceComparisonOperator_Eq_Lt, occurrence: 0</pre><div class="alert alert-secondary"><pre class="diff">--- mutation diff ---
--- aqueue2.py
+++ bqueue2.py
@@ -18,7 +18,7 @@
             p1 = p1.next
             p2 = p2.next.next
             
-            if p1 == p2: return True
+            if p1 &lt; p2: return True
         return False
 
 class LinkedList:</pre></div><div class="alert alert-secondary"><pre class="diff">============================= test session starts ==============================
platform linux -- Python 3.10.12, pytest-7.1.3, pluggy-1.0.0
rootdir: /home/lucca/desktop/ic/experimento/testes/python_experiments/queue2/ALL-SMART-GPT-COSMICRAY
plugins: Faker-15.1.1, hypothesis-6.56.3
collected 107 items

test_queue2_COSMICRAY.py F.                                              [  1%]
test_queue2_DYNAMOSA.py .............F.......F.......F                   [ 29%]
test_queue2_MIO.py ..F...............................                    [ 61%]
test_queue2_MOSA.py ...FF..........F.........F.                          [ 86%]
test_queue2_WHOLE_SUITE.py ..............                                [100%]

=========================== short test summary info ============================
FAILED test_queue2_COSMICRAY.py::test_check_infinite - TypeError: '&lt;' not sup...
FAILED test_queue2_DYNAMOSA.py::test_case_13 - TypeError: '&lt;' not supported b...
FAILED test_queue2_DYNAMOSA.py::test_case_21 - TypeError: '&lt;' not supported b...
FAILED test_queue2_DYNAMOSA.py::test_case_29 - TypeError: '&lt;' not supported b...
FAILED test_queue2_MIO.py::test_case_2 - TypeError: '&lt;' not supported between...
FAILED test_queue2_MOSA.py::test_case_3 - TypeError: '&lt;' not supported betwee...
FAILED test_queue2_MOSA.py::test_case_4 - TypeError: '&lt;' not supported betwee...
FAILED test_queue2_MOSA.py::test_case_15 - TypeError: '&lt;' not supported betwe...
FAILED test_queue2_MOSA.py::test_case_25 - TypeError: '&lt;' not supported betwe...
========================= 9 failed, 98 passed in 0.64s =========================
</pre></div></div></div></div></div><div class="mb-1" id="job_list___sub_accordion_4"><div class="card"><a data-toggle="collapse" data-target="#job_list___sub_collapse_4_1" aria-expanded="false" aria-controls="job_list___sub_collapse_4_1" href="#" class="job_list___sub_multi_heading"><div role="alert" class="card-header alert-success" id="job_list___sub_heading_4_1"><button class="btn btn-outline-success"><span class="job_id">4 : Job ID d08db2a038694a6abfa06c71bfb8aecd</span></button></div></a><div aria-labelledby="job_list___sub_heading_4_1" data-parent="#job_list___sub_accordion_4" class="collapse job_list___sub_multi_collapse" id="job_list___sub_collapse_4_1"><div class="card-body"><div class="work-item"><div class="alert alert-success test-outcome" role="alert"><p>worker outcome: normal</p><p>test outcome: killed</p></div></div><pre class="location"><a href="pycharm://open?file=queue2.py&amp;line=48" class="text-secondary"><button class="btn btn-outline-dark">queue2.py, start pos: (48, 23), end pos: (48, 25)</button></a></pre><pre>operator: core/ReplaceComparisonOperator_Eq_Lt, occurrence: 1</pre><div class="alert alert-secondary"><pre class="diff">--- mutation diff ---
--- aqueue2.py
+++ bqueue2.py
@@ -45,7 +45,7 @@
         n = self.head
         last = None
         while n != None:
-            if n.value == value:
+            if n.value &lt; value:
                 if last == None:
                     self.head = self.head.next
                 else:</pre></div><div class="alert alert-secondary"><pre class="diff">============================= test session starts ==============================
platform linux -- Python 3.10.12, pytest-7.1.3, pluggy-1.0.0
rootdir: /home/lucca/desktop/ic/experimento/testes/python_experiments/queue2/ALL-SMART-GPT-COSMICRAY
plugins: Faker-15.1.1, hypothesis-6.56.3
collected 107 items

test_queue2_COSMICRAY.py ..                                              [  1%]
test_queue2_DYNAMOSA.py .F................FF..F..FF...                   [ 29%]
test_queue2_MIO.py ........FFF.......................                    [ 61%]
test_queue2_MOSA.py ..F..F.....F.F....F..F.FF..                          [ 86%]
test_queue2_WHOLE_SUITE.py ..........F...                                [100%]

=========================== short test summary info ============================
FAILED test_queue2_DYNAMOSA.py::test_case_1 - TypeError: '&lt;' not supported be...
FAILED test_queue2_DYNAMOSA.py::test_case_18 - TypeError: '&lt;' not supported b...
FAILED test_queue2_DYNAMOSA.py::test_case_19 - TypeError: '&lt;' not supported b...
FAILED test_queue2_DYNAMOSA.py::test_case_22 - TypeError: '&lt;' not supported b...
FAILED test_queue2_DYNAMOSA.py::test_case_25 - TypeError: '&lt;' not supported b...
FAILED test_queue2_DYNAMOSA.py::test_case_26 - TypeError: '&lt;' not supported b...
FAILED test_queue2_MIO.py::test_case_8 - TypeError: '&lt;' not supported between...
FAILED test_queue2_MIO.py::test_case_9 - TypeError: '&lt;' not supported between...
FAILED test_queue2_MIO.py::test_case_10 - assert True is False
FAILED test_queue2_MOSA.py::test_case_2 - TypeError: '&lt;' not supported betwee...
FAILED test_queue2_MOSA.py::test_case_5 - TypeError: '&lt;' not supported betwee...
FAILED test_queue2_MOSA.py::test_case_11 - assert False is True
FAILED test_queue2_MOSA.py::test_case_13 - TypeError: '&lt;' not supported betwe...
FAILED test_queue2_MOSA.py::test_case_18 - TypeError: '&lt;' not supported betwe...
FAILED test_queue2_MOSA.py::test_case_21 - TypeError: '&lt;' not supported betwe...
FAILED test_queue2_MOSA.py::test_case_23 - TypeError: '&lt;' not supported betwe...
FAILED test_queue2_MOSA.py::test_case_24 - TypeError: '&lt;' not supported betwe...
FAILED test_queue2_WHOLE_SUITE.py::test_case_10 - TypeError: '&lt;' not supporte...
======================== 18 failed, 89 passed in 0.66s =========================
</pre></div></div></div></div></div><div class="mb-1" id="job_list___sub_accordion_5"><div class="card"><a data-toggle="collapse" data-target="#job_list___sub_collapse_5_1" aria-expanded="false" aria-controls="job_list___sub_collapse_5_1" href="#" class="job_list___sub_multi_heading"><div role="alert" class="card-header alert-success" id="job_list___sub_heading_5_1"><button class="btn btn-outline-success"><span class="job_id">5 : Job ID 8cf8ff096fc84b59bc6b6acd15f4fd09</span></button></div></a><div aria-labelledby="job_list___sub_heading_5_1" data-parent="#job_list___sub_accordion_5" class="collapse job_list___sub_multi_collapse" id="job_list___sub_collapse_5_1"><div class="card-body"><div class="work-item"><div class="alert alert-success test-outcome" role="alert"><p>worker outcome: normal</p><p>test outcome: killed</p></div></div><pre class="location"><a href="pycharm://open?file=queue2.py&amp;line=21" class="text-secondary"><button class="btn btn-outline-dark">queue2.py, start pos: (21, 18), end pos: (21, 20)</button></a></pre><pre>operator: core/ReplaceComparisonOperator_Eq_LtE, occurrence: 0</pre><div class="alert alert-secondary"><pre class="diff">--- mutation diff ---
--- aqueue2.py
+++ bqueue2.py
@@ -18,7 +18,7 @@
             p1 = p1.next
             p2 = p2.next.next
             
-            if p1 == p2: return True
+            if p1 &lt;= p2: return True
         return False
 
 class LinkedList:</pre></div><div class="alert alert-secondary"><pre class="diff">============================= test session starts ==============================
platform linux -- Python 3.10.12, pytest-7.1.3, pluggy-1.0.0
rootdir: /home/lucca/desktop/ic/experimento/testes/python_experiments/queue2/ALL-SMART-GPT-COSMICRAY
plugins: Faker-15.1.1, hypothesis-6.56.3
collected 107 items

test_queue2_COSMICRAY.py F.                                              [  1%]
test_queue2_DYNAMOSA.py .............F.......F.......F                   [ 29%]
test_queue2_MIO.py ..F...............................                    [ 61%]
test_queue2_MOSA.py ...FF..........F.........F.                          [ 86%]
test_queue2_WHOLE_SUITE.py ..............                                [100%]

=========================== short test summary info ============================
FAILED test_queue2_COSMICRAY.py::test_check_infinite - TypeError: '&lt;=' not su...
FAILED test_queue2_DYNAMOSA.py::test_case_13 - TypeError: '&lt;=' not supported ...
FAILED test_queue2_DYNAMOSA.py::test_case_21 - TypeError: '&lt;=' not supported ...
FAILED test_queue2_DYNAMOSA.py::test_case_29 - TypeError: '&lt;=' not supported ...
FAILED test_queue2_MIO.py::test_case_2 - TypeError: '&lt;=' not supported betwee...
FAILED test_queue2_MOSA.py::test_case_3 - TypeError: '&lt;=' not supported betwe...
FAILED test_queue2_MOSA.py::test_case_4 - TypeError: '&lt;=' not supported betwe...
FAILED test_queue2_MOSA.py::test_case_15 - TypeError: '&lt;=' not supported betw...
FAILED test_queue2_MOSA.py::test_case_25 - TypeError: '&lt;=' not supported betw...
========================= 9 failed, 98 passed in 0.66s =========================
</pre></div></div></div></div></div><div class="mb-1" id="job_list___sub_accordion_6"><div class="card"><a data-toggle="collapse" data-target="#job_list___sub_collapse_6_1" aria-expanded="false" aria-controls="job_list___sub_collapse_6_1" href="#" class="job_list___sub_multi_heading"><div role="alert" class="card-header alert-success" id="job_list___sub_heading_6_1"><button class="btn btn-outline-success"><span class="job_id">6 : Job ID fac88e6adbaa4befb883b2b505dc0144</span></button></div></a><div aria-labelledby="job_list___sub_heading_6_1" data-parent="#job_list___sub_accordion_6" class="collapse job_list___sub_multi_collapse" id="job_list___sub_collapse_6_1"><div class="card-body"><div class="work-item"><div class="alert alert-success test-outcome" role="alert"><p>worker outcome: normal</p><p>test outcome: killed</p></div></div><pre class="location"><a href="pycharm://open?file=queue2.py&amp;line=48" class="text-secondary"><button class="btn btn-outline-dark">queue2.py, start pos: (48, 23), end pos: (48, 25)</button></a></pre><pre>operator: core/ReplaceComparisonOperator_Eq_LtE, occurrence: 1</pre><div class="alert alert-secondary"><pre class="diff">--- mutation diff ---
--- aqueue2.py
+++ bqueue2.py
@@ -45,7 +45,7 @@
         n = self.head
         last = None
         while n != None:
-            if n.value == value:
+            if n.value &lt;= value:
                 if last == None:
                     self.head = self.head.next
                 else:</pre></div><div class="alert alert-secondary"><pre class="diff">============================= test session starts ==============================
platform linux -- Python 3.10.12, pytest-7.1.3, pluggy-1.0.0
rootdir: /home/lucca/desktop/ic/experimento/testes/python_experiments/queue2/ALL-SMART-GPT-COSMICRAY
plugins: Faker-15.1.1, hypothesis-6.56.3
collected 107 items

test_queue2_COSMICRAY.py ..                                              [  1%]
test_queue2_DYNAMOSA.py .F................FF..F..FF...                   [ 29%]
test_queue2_MIO.py ........FFF.......................                    [ 61%]
test_queue2_MOSA.py ..F..F.......F....F..F.FF..                          [ 86%]
test_queue2_WHOLE_SUITE.py ..........F...                                [100%]

=========================== short test summary info ============================
FAILED test_queue2_DYNAMOSA.py::test_case_1 - TypeError: '&lt;=' not supported b...
FAILED test_queue2_DYNAMOSA.py::test_case_18 - TypeError: '&lt;=' not supported ...
FAILED test_queue2_DYNAMOSA.py::test_case_19 - TypeError: '&lt;=' not supported ...
FAILED test_queue2_DYNAMOSA.py::test_case_22 - TypeError: '&lt;=' not supported ...
FAILED test_queue2_DYNAMOSA.py::test_case_25 - TypeError: '&lt;=' not supported ...
FAILED test_queue2_DYNAMOSA.py::test_case_26 - TypeError: '&lt;=' not supported ...
FAILED test_queue2_MIO.py::test_case_8 - TypeError: '&lt;=' not supported betwee...
FAILED test_queue2_MIO.py::test_case_9 - TypeError: '&lt;=' not supported betwee...
FAILED test_queue2_MIO.py::test_case_10 - assert True is False
FAILED test_queue2_MOSA.py::test_case_2 - TypeError: '&lt;=' not supported betwe...
FAILED test_queue2_MOSA.py::test_case_5 - TypeError: '&lt;=' not supported betwe...
FAILED test_queue2_MOSA.py::test_case_13 - TypeError: '&lt;=' not supported betw...
FAILED test_queue2_MOSA.py::test_case_18 - TypeError: '&lt;=' not supported betw...
FAILED test_queue2_MOSA.py::test_case_21 - TypeError: '&lt;=' not supported betw...
FAILED test_queue2_MOSA.py::test_case_23 - TypeError: '&lt;=' not supported betw...
FAILED test_queue2_MOSA.py::test_case_24 - TypeError: '&lt;=' not supported betw...
FAILED test_queue2_WHOLE_SUITE.py::test_case_10 - TypeError: '&lt;=' not support...
======================== 17 failed, 90 passed in 0.68s =========================
</pre></div></div></div></div></div><div class="mb-1" id="job_list___sub_accordion_7"><div class="card"><a data-toggle="collapse" data-target="#job_list___sub_collapse_7_1" aria-expanded="false" aria-controls="job_list___sub_collapse_7_1" href="#" class="job_list___sub_multi_heading"><div role="alert" class="card-header alert-success" id="job_list___sub_heading_7_1"><button class="btn btn-outline-success"><span class="job_id">7 : Job ID 3968b6f1c55a4da0b17eb1610ba54576</span></button></div></a><div aria-labelledby="job_list___sub_heading_7_1" data-parent="#job_list___sub_accordion_7" class="collapse job_list___sub_multi_collapse" id="job_list___sub_collapse_7_1"><div class="card-body"><div class="work-item"><div class="alert alert-success test-outcome" role="alert"><p>worker outcome: normal</p><p>test outcome: killed</p></div></div><pre class="location"><a href="pycharm://open?file=queue2.py&amp;line=21" class="text-secondary"><button class="btn btn-outline-dark">queue2.py, start pos: (21, 18), end pos: (21, 20)</button></a></pre><pre>operator: core/ReplaceComparisonOperator_Eq_Gt, occurrence: 0</pre><div class="alert alert-secondary"><pre class="diff">--- mutation diff ---
--- aqueue2.py
+++ bqueue2.py
@@ -18,7 +18,7 @@
             p1 = p1.next
             p2 = p2.next.next
             
-            if p1 == p2: return True
+            if p1 &gt; p2: return True
         return False
 
 class LinkedList:</pre></div><div class="alert alert-secondary"><pre class="diff">============================= test session starts ==============================
platform linux -- Python 3.10.12, pytest-7.1.3, pluggy-1.0.0
rootdir: /home/lucca/desktop/ic/experimento/testes/python_experiments/queue2/ALL-SMART-GPT-COSMICRAY
plugins: Faker-15.1.1, hypothesis-6.56.3
collected 107 items

test_queue2_COSMICRAY.py F.                                              [  1%]
test_queue2_DYNAMOSA.py .............F.......F.......F                   [ 29%]
test_queue2_MIO.py ..F...............................                    [ 61%]
test_queue2_MOSA.py ...FF..........F.........F.                          [ 86%]
test_queue2_WHOLE_SUITE.py ..............                                [100%]

=========================== short test summary info ============================
FAILED test_queue2_COSMICRAY.py::test_check_infinite - TypeError: '&gt;' not sup...
FAILED test_queue2_DYNAMOSA.py::test_case_13 - TypeError: '&gt;' not supported b...
FAILED test_queue2_DYNAMOSA.py::test_case_21 - TypeError: '&gt;' not supported b...
FAILED test_queue2_DYNAMOSA.py::test_case_29 - TypeError: '&gt;' not supported b...
FAILED test_queue2_MIO.py::test_case_2 - TypeError: '&gt;' not supported between...
FAILED test_queue2_MOSA.py::test_case_3 - TypeError: '&gt;' not supported betwee...
FAILED test_queue2_MOSA.py::test_case_4 - TypeError: '&gt;' not supported betwee...
FAILED test_queue2_MOSA.py::test_case_15 - TypeError: '&gt;' not supported betwe...
FAILED test_queue2_MOSA.py::test_case_25 - TypeError: '&gt;' not supported betwe...
========================= 9 failed, 98 passed in 0.63s =========================
</pre></div></div></div></div></div><div class="mb-1" id="job_list___sub_accordion_8"><div class="card"><a data-toggle="collapse" data-target="#job_list___sub_collapse_8_1" aria-expanded="false" aria-controls="job_list___sub_collapse_8_1" href="#" class="job_list___sub_multi_heading"><div role="alert" class="card-header alert-success" id="job_list___sub_heading_8_1"><button class="btn btn-outline-success"><span class="job_id">8 : Job ID c22d89891a4e4420b1c7c412fb0e77a0</span></button></div></a><div aria-labelledby="job_list___sub_heading_8_1" data-parent="#job_list___sub_accordion_8" class="collapse job_list___sub_multi_collapse" id="job_list___sub_collapse_8_1"><div class="card-body"><div class="work-item"><div class="alert alert-success test-outcome" role="alert"><p>worker outcome: normal</p><p>test outcome: killed</p></div></div><pre class="location"><a href="pycharm://open?file=queue2.py&amp;line=48" class="text-secondary"><button class="btn btn-outline-dark">queue2.py, start pos: (48, 23), end pos: (48, 25)</button></a></pre><pre>operator: core/ReplaceComparisonOperator_Eq_Gt, occurrence: 1</pre><div class="alert alert-secondary"><pre class="diff">--- mutation diff ---
--- aqueue2.py
+++ bqueue2.py
@@ -45,7 +45,7 @@
         n = self.head
         last = None
         while n != None:
-            if n.value == value:
+            if n.value &gt; value:
                 if last == None:
                     self.head = self.head.next
                 else:</pre></div><div class="alert alert-secondary"><pre class="diff">============================= test session starts ==============================
platform linux -- Python 3.10.12, pytest-7.1.3, pluggy-1.0.0
rootdir: /home/lucca/desktop/ic/experimento/testes/python_experiments/queue2/ALL-SMART-GPT-COSMICRAY
plugins: Faker-15.1.1, hypothesis-6.56.3
collected 107 items

test_queue2_COSMICRAY.py ..                                              [  1%]
test_queue2_DYNAMOSA.py .F................FF..F..FF...                   [ 29%]
test_queue2_MIO.py ........FF........................                    [ 61%]
test_queue2_MOSA.py ..F..F.....F.F....F..F.FF..                          [ 86%]
test_queue2_WHOLE_SUITE.py ....F.....F...                                [100%]

=========================== short test summary info ============================
FAILED test_queue2_DYNAMOSA.py::test_case_1 - TypeError: '&gt;' not supported be...
FAILED test_queue2_DYNAMOSA.py::test_case_18 - TypeError: '&gt;' not supported b...
FAILED test_queue2_DYNAMOSA.py::test_case_19 - TypeError: '&gt;' not supported b...
FAILED test_queue2_DYNAMOSA.py::test_case_22 - TypeError: '&gt;' not supported b...
FAILED test_queue2_DYNAMOSA.py::test_case_25 - TypeError: '&gt;' not supported b...
FAILED test_queue2_DYNAMOSA.py::test_case_26 - TypeError: '&gt;' not supported b...
FAILED test_queue2_MIO.py::test_case_8 - TypeError: '&gt;' not supported between...
FAILED test_queue2_MIO.py::test_case_9 - TypeError: '&gt;' not supported between...
FAILED test_queue2_MOSA.py::test_case_2 - TypeError: '&gt;' not supported betwee...
FAILED test_queue2_MOSA.py::test_case_5 - TypeError: '&gt;' not supported betwee...
FAILED test_queue2_MOSA.py::test_case_11 - assert False is True
FAILED test_queue2_MOSA.py::test_case_13 - TypeError: '&gt;' not supported betwe...
FAILED test_queue2_MOSA.py::test_case_18 - TypeError: '&gt;' not supported betwe...
FAILED test_queue2_MOSA.py::test_case_21 - TypeError: '&gt;' not supported betwe...
FAILED test_queue2_MOSA.py::test_case_23 - TypeError: '&gt;' not supported betwe...
FAILED test_queue2_MOSA.py::test_case_24 - TypeError: '&gt;' not supported betwe...
FAILED test_queue2_WHOLE_SUITE.py::test_case_4 - assert True is False
FAILED test_queue2_WHOLE_SUITE.py::test_case_10 - assert False is True
======================== 18 failed, 89 passed in 0.64s =========================
</pre></div></div></div></div></div><div class="mb-1" id="job_list___sub_accordion_9"><div class="card"><a data-toggle="collapse" data-target="#job_list___sub_collapse_9_1" aria-expanded="false" aria-controls="job_list___sub_collapse_9_1" href="#" class="job_list___sub_multi_heading"><div role="alert" class="card-header alert-success" id="job_list___sub_heading_9_1"><button class="btn btn-outline-success"><span class="job_id">9 : Job ID 5418052b5db64f2ea0ee35e7436c3c7a</span></button></div></a><div aria-labelledby="job_list___sub_heading_9_1" data-parent="#job_list___sub_accordion_9" class="collapse job_list___sub_multi_collapse" id="job_list___sub_collapse_9_1"><div class="card-body"><div class="work-item"><div class="alert alert-success test-outcome" role="alert"><p>worker outcome: normal</p><p>test outcome: killed</p></div></div><pre class="location"><a href="pycharm://open?file=queue2.py&amp;line=21" class="text-secondary"><button class="btn btn-outline-dark">queue2.py, start pos: (21, 18), end pos: (21, 20)</button></a></pre><pre>operator: core/ReplaceComparisonOperator_Eq_GtE, occurrence: 0</pre><div class="alert alert-secondary"><pre class="diff">--- mutation diff ---
--- aqueue2.py
+++ bqueue2.py
@@ -18,7 +18,7 @@
             p1 = p1.next
             p2 = p2.next.next
             
-            if p1 == p2: return True
+            if p1 &gt;= p2: return True
         return False
 
 class LinkedList:</pre></div><div class="alert alert-secondary"><pre class="diff">============================= test session starts ==============================
platform linux -- Python 3.10.12, pytest-7.1.3, pluggy-1.0.0
rootdir: /home/lucca/desktop/ic/experimento/testes/python_experiments/queue2/ALL-SMART-GPT-COSMICRAY
plugins: Faker-15.1.1, hypothesis-6.56.3
collected 107 items

test_queue2_COSMICRAY.py F.                                              [  1%]
test_queue2_DYNAMOSA.py .............F.......F.......F                   [ 29%]
test_queue2_MIO.py ..F...............................                    [ 61%]
test_queue2_MOSA.py ...FF..........F.........F.                          [ 86%]
test_queue2_WHOLE_SUITE.py ..............                                [100%]

=========================== short test summary info ============================
FAILED test_queue2_COSMICRAY.py::test_check_infinite - TypeError: '&gt;=' not su...
FAILED test_queue2_DYNAMOSA.py::test_case_13 - TypeError: '&gt;=' not supported ...
FAILED test_queue2_DYNAMOSA.py::test_case_21 - TypeError: '&gt;=' not supported ...
FAILED test_queue2_DYNAMOSA.py::test_case_29 - TypeError: '&gt;=' not supported ...
FAILED test_queue2_MIO.py::test_case_2 - TypeError: '&gt;=' not supported betwee...
FAILED test_queue2_MOSA.py::test_case_3 - TypeError: '&gt;=' not supported betwe...
FAILED test_queue2_MOSA.py::test_case_4 - TypeError: '&gt;=' not supported betwe...
FAILED test_queue2_MOSA.py::test_case_15 - TypeError: '&gt;=' not supported betw...
FAILED test_queue2_MOSA.py::test_case_25 - TypeError: '&gt;=' not supported betw...
========================= 9 failed, 98 passed in 0.64s =========================
</pre></div></div></div></div></div><div class="mb-1" id="job_list___sub_accordion_10"><div class="card"><a data-toggle="collapse" data-target="#job_list___sub_collapse_10_1" aria-expanded="false" aria-controls="job_list___sub_collapse_10_1" href="#" class="job_list___sub_multi_heading"><div role="alert" class="card-header alert-success" id="job_list___sub_heading_10_1"><button class="btn btn-outline-success"><span class="job_id">10 : Job ID 4904147874664a80bab2c9832a11a182</span></button></div></a><div aria-labelledby="job_list___sub_heading_10_1" data-parent="#job_list___sub_accordion_10" class="collapse job_list___sub_multi_collapse" id="job_list___sub_collapse_10_1"><div class="card-body"><div class="work-item"><div class="alert alert-success test-outcome" role="alert"><p>worker outcome: normal</p><p>test outcome: killed</p></div></div><pre class="location"><a href="pycharm://open?file=queue2.py&amp;line=48" class="text-secondary"><button class="btn btn-outline-dark">queue2.py, start pos: (48, 23), end pos: (48, 25)</button></a></pre><pre>operator: core/ReplaceComparisonOperator_Eq_GtE, occurrence: 1</pre><div class="alert alert-secondary"><pre class="diff">--- mutation diff ---
--- aqueue2.py
+++ bqueue2.py
@@ -45,7 +45,7 @@
         n = self.head
         last = None
         while n != None:
-            if n.value == value:
+            if n.value &gt;= value:
                 if last == None:
                     self.head = self.head.next
                 else:</pre></div><div class="alert alert-secondary"><pre class="diff">============================= test session starts ==============================
platform linux -- Python 3.10.12, pytest-7.1.3, pluggy-1.0.0
rootdir: /home/lucca/desktop/ic/experimento/testes/python_experiments/queue2/ALL-SMART-GPT-COSMICRAY
plugins: Faker-15.1.1, hypothesis-6.56.3
collected 107 items

test_queue2_COSMICRAY.py ..                                              [  1%]
test_queue2_DYNAMOSA.py .F................FF..F..FF...                   [ 29%]
test_queue2_MIO.py ........FF........................                    [ 61%]
test_queue2_MOSA.py ..F..F.......F....F..F.FF..                          [ 86%]
test_queue2_WHOLE_SUITE.py ....F.....F...                                [100%]

=========================== short test summary info ============================
FAILED test_queue2_DYNAMOSA.py::test_case_1 - TypeError: '&gt;=' not supported b...
FAILED test_queue2_DYNAMOSA.py::test_case_18 - TypeError: '&gt;=' not supported ...
FAILED test_queue2_DYNAMOSA.py::test_case_19 - TypeError: '&gt;=' not supported ...
FAILED test_queue2_DYNAMOSA.py::test_case_22 - TypeError: '&gt;=' not supported ...
FAILED test_queue2_DYNAMOSA.py::test_case_25 - TypeError: '&gt;=' not supported ...
FAILED test_queue2_DYNAMOSA.py::test_case_26 - TypeError: '&gt;=' not supported ...
FAILED test_queue2_MIO.py::test_case_8 - TypeError: '&gt;=' not supported betwee...
FAILED test_queue2_MIO.py::test_case_9 - TypeError: '&gt;=' not supported betwee...
FAILED test_queue2_MOSA.py::test_case_2 - TypeError: '&gt;=' not supported betwe...
FAILED test_queue2_MOSA.py::test_case_5 - TypeError: '&gt;=' not supported betwe...
FAILED test_queue2_MOSA.py::test_case_13 - TypeError: '&gt;=' not supported betw...
FAILED test_queue2_MOSA.py::test_case_18 - TypeError: '&gt;=' not supported betw...
FAILED test_queue2_MOSA.py::test_case_21 - TypeError: '&gt;=' not supported betw...
FAILED test_queue2_MOSA.py::test_case_23 - TypeError: '&gt;=' not supported betw...
FAILED test_queue2_MOSA.py::test_case_24 - TypeError: '&gt;=' not supported betw...
FAILED test_queue2_WHOLE_SUITE.py::test_case_4 - assert True is False
FAILED test_queue2_WHOLE_SUITE.py::test_case_10 - TypeError: '&gt;=' not support...
======================== 17 failed, 90 passed in 0.65s =========================
</pre></div></div></div></div></div><div class="mb-1" id="job_list___sub_accordion_11"><div class="card"><a data-toggle="collapse" data-target="#job_list___sub_collapse_11_1" aria-expanded="false" aria-controls="job_list___sub_collapse_11_1" href="#" class="job_list___sub_multi_heading"><div role="alert" class="card-header alert-danger" id="job_list___sub_heading_11_1"><button class="btn btn-outline-danger"><span class="job_id">11 : Job ID f28d231dee6240caa1e1591d183117ad</span></button></div></a><div aria-labelledby="job_list___sub_heading_11_1" data-parent="#job_list___sub_accordion_11" class="collapse job_list___sub_multi_collapse" id="job_list___sub_collapse_11_1"><div class="card-body"><div class="work-item"><div class="alert alert-danger test-outcome" role="alert"><p>SURVIVED</p><p>worker outcome: normal</p><p>test outcome: survived</p></div></div><pre class="location"><a href="pycharm://open?file=queue2.py&amp;line=21" class="text-secondary"><button class="btn btn-outline-dark">queue2.py, start pos: (21, 18), end pos: (21, 20)</button></a></pre><pre>operator: core/ReplaceComparisonOperator_Eq_Is, occurrence: 0</pre><div class="alert alert-secondary"><pre class="diff">--- mutation diff ---
--- aqueue2.py
+++ bqueue2.py
@@ -18,7 +18,7 @@
             p1 = p1.next
             p2 = p2.next.next
             
-            if p1 == p2: return True
+            if p1 is p2: return True
         return False
 
 class LinkedList:</pre></div><div class="alert alert-secondary"><pre class="diff">============================= test session starts ==============================
platform linux -- Python 3.10.12, pytest-7.1.3, pluggy-1.0.0
rootdir: /home/lucca/desktop/ic/experimento/testes/python_experiments/queue2/ALL-SMART-GPT-COSMICRAY
plugins: Faker-15.1.1, hypothesis-6.56.3
collected 107 items

test_queue2_COSMICRAY.py ..                                              [  1%]
test_queue2_DYNAMOSA.py ..............................                   [ 29%]
test_queue2_MIO.py ..................................                    [ 61%]
test_queue2_MOSA.py ...........................                          [ 86%]
test_queue2_WHOLE_SUITE.py ..............                                [100%]

============================= 107 passed in 0.62s ==============================
</pre></div></div></div></div></div><div class="mb-1" id="job_list___sub_accordion_12"><div class="card"><a data-toggle="collapse" data-target="#job_list___sub_collapse_12_1" aria-expanded="false" aria-controls="job_list___sub_collapse_12_1" href="#" class="job_list___sub_multi_heading"><div role="alert" class="card-header alert-danger" id="job_list___sub_heading_12_1"><button class="btn btn-outline-danger"><span class="job_id">12 : Job ID 444ebcc91f024ec5af1accb7e89b783a</span></button></div></a><div aria-labelledby="job_list___sub_heading_12_1" data-parent="#job_list___sub_accordion_12" class="collapse job_list___sub_multi_collapse" id="job_list___sub_collapse_12_1"><div class="card-body"><div class="work-item"><div class="alert alert-danger test-outcome" role="alert"><p>SURVIVED</p><p>worker outcome: normal</p><p>test outcome: survived</p></div></div><pre class="location"><a href="pycharm://open?file=queue2.py&amp;line=48" class="text-secondary"><button class="btn btn-outline-dark">queue2.py, start pos: (48, 23), end pos: (48, 25)</button></a></pre><pre>operator: core/ReplaceComparisonOperator_Eq_Is, occurrence: 1</pre><div class="alert alert-secondary"><pre class="diff">--- mutation diff ---
--- aqueue2.py
+++ bqueue2.py
@@ -45,7 +45,7 @@
         n = self.head
         last = None
         while n != None:
-            if n.value == value:
+            if n.value is value:
                 if last == None:
                     self.head = self.head.next
                 else:</pre></div><div class="alert alert-secondary"><pre class="diff">============================= test session starts ==============================
platform linux -- Python 3.10.12, pytest-7.1.3, pluggy-1.0.0
rootdir: /home/lucca/desktop/ic/experimento/testes/python_experiments/queue2/ALL-SMART-GPT-COSMICRAY
plugins: Faker-15.1.1, hypothesis-6.56.3
collected 107 items

test_queue2_COSMICRAY.py ..                                              [  1%]
test_queue2_DYNAMOSA.py ..............................                   [ 29%]
test_queue2_MIO.py ..................................                    [ 61%]
test_queue2_MOSA.py ...........................                          [ 86%]
test_queue2_WHOLE_SUITE.py ..............                                [100%]

============================= 107 passed in 0.64s ==============================
</pre></div></div></div></div></div><div class="mb-1" id="job_list___sub_accordion_13"><div class="card"><a data-toggle="collapse" data-target="#job_list___sub_collapse_13_1" aria-expanded="false" aria-controls="job_list___sub_collapse_13_1" href="#" class="job_list___sub_multi_heading"><div role="alert" class="card-header alert-success" id="job_list___sub_heading_13_1"><button class="btn btn-outline-success"><span class="job_id">13 : Job ID 2a459fe6f7bf4e868b5f3bb8630448fd</span></button></div></a><div aria-labelledby="job_list___sub_heading_13_1" data-parent="#job_list___sub_accordion_13" class="collapse job_list___sub_multi_collapse" id="job_list___sub_collapse_13_1"><div class="card-body"><div class="work-item"><div class="alert alert-success test-outcome" role="alert"><p>worker outcome: normal</p><p>test outcome: killed</p></div></div><pre class="location"><a href="pycharm://open?file=queue2.py&amp;line=16" class="text-secondary"><button class="btn btn-outline-dark">queue2.py, start pos: (16, 23), end pos: (16, 25)</button></a></pre><pre>operator: core/ReplaceComparisonOperator_Eq_IsNot, occurrence: 0</pre><div class="alert alert-secondary"><pre class="diff">--- mutation diff ---
--- aqueue2.py
+++ bqueue2.py
@@ -13,7 +13,7 @@
         """Check whether infinite loop via next."""
         p1 = p2 = self
         while p1 != None and p2 != None:
-            if p2.next == None: return False
+            if p2.next is not None: return False
 
             p1 = p1.next
             p2 = p2.next.next</pre></div><div class="alert alert-secondary"><pre class="diff">============================= test session starts ==============================
platform linux -- Python 3.10.12, pytest-7.1.3, pluggy-1.0.0
rootdir: /home/lucca/desktop/ic/experimento/testes/python_experiments/queue2/ALL-SMART-GPT-COSMICRAY
plugins: Faker-15.1.1, hypothesis-6.56.3
collected 107 items

test_queue2_COSMICRAY.py F.                                              [  1%]
test_queue2_DYNAMOSA.py F.F...........F............F..                   [ 29%]
test_queue2_MIO.py F.................................                    [ 61%]
test_queue2_MOSA.py F....F............F.FF.....                          [ 86%]
test_queue2_WHOLE_SUITE.py ..F...........                                [100%]

=========================== short test summary info ============================
FAILED test_queue2_COSMICRAY.py::test_check_infinite - assert False == True
FAILED test_queue2_DYNAMOSA.py::test_case_0 - AttributeError: 'NoneType' obje...
FAILED test_queue2_DYNAMOSA.py::test_case_2 - AttributeError: 'NoneType' obje...
FAILED test_queue2_DYNAMOSA.py::test_case_14 - AttributeError: 'NoneType' obj...
FAILED test_queue2_DYNAMOSA.py::test_case_27 - AttributeError: 'NoneType' obj...
FAILED test_queue2_MIO.py::test_case_0 - AttributeError: 'NoneType' object ha...
FAILED test_queue2_MOSA.py::test_case_0 - AttributeError: 'NoneType' object h...
FAILED test_queue2_MOSA.py::test_case_5 - AttributeError: 'NoneType' object h...
FAILED test_queue2_MOSA.py::test_case_18 - AttributeError: 'NoneType' object ...
FAILED test_queue2_MOSA.py::test_case_20 - AttributeError: 'NoneType' object ...
FAILED test_queue2_MOSA.py::test_case_21 - AttributeError: 'NoneType' object ...
FAILED test_queue2_WHOLE_SUITE.py::test_case_2 - AttributeError: 'NoneType' o...
======================== 12 failed, 95 passed in 0.62s =========================
</pre></div></div></div></div></div><div class="mb-1" id="job_list___sub_accordion_14"><div class="card"><a data-toggle="collapse" data-target="#job_list___sub_collapse_14_1" aria-expanded="false" aria-controls="job_list___sub_collapse_14_1" href="#" class="job_list___sub_multi_heading"><div role="alert" class="card-header alert-success" id="job_list___sub_heading_14_1"><button class="btn btn-outline-success"><span class="job_id">14 : Job ID 59b11b641ce34ffdb4a5dfcbd18b3942</span></button></div></a><div aria-labelledby="job_list___sub_heading_14_1" data-parent="#job_list___sub_accordion_14" class="collapse job_list___sub_multi_collapse" id="job_list___sub_collapse_14_1"><div class="card-body"><div class="work-item"><div class="alert alert-success test-outcome" role="alert"><p>worker outcome: normal</p><p>test outcome: killed</p></div></div><pre class="location"><a href="pycharm://open?file=queue2.py&amp;line=21" class="text-secondary"><button class="btn btn-outline-dark">queue2.py, start pos: (21, 18), end pos: (21, 20)</button></a></pre><pre>operator: core/ReplaceComparisonOperator_Eq_IsNot, occurrence: 1</pre><div class="alert alert-secondary"><pre class="diff">--- mutation diff ---
--- aqueue2.py
+++ bqueue2.py
@@ -18,7 +18,7 @@
             p1 = p1.next
             p2 = p2.next.next
             
-            if p1 == p2: return True
+            if p1 is not p2: return True
         return False
 
 class LinkedList:</pre></div><div class="alert alert-secondary"><pre class="diff">============================= test session starts ==============================
platform linux -- Python 3.10.12, pytest-7.1.3, pluggy-1.0.0
rootdir: /home/lucca/desktop/ic/experimento/testes/python_experiments/queue2/ALL-SMART-GPT-COSMICRAY
plugins: Faker-15.1.1, hypothesis-6.56.3
collected 107 items

test_queue2_COSMICRAY.py ..                                              [  1%]
test_queue2_DYNAMOSA.py .............F.......F.......F                   [ 29%]
test_queue2_MIO.py ..F...............................                    [ 61%]
test_queue2_MOSA.py ...FF..........F.........F.                          [ 86%]
test_queue2_WHOLE_SUITE.py ..............                                [100%]

=========================== short test summary info ============================
FAILED test_queue2_DYNAMOSA.py::test_case_13 - assert True is False
FAILED test_queue2_DYNAMOSA.py::test_case_21 - assert True is False
FAILED test_queue2_DYNAMOSA.py::test_case_29 - assert True is False
FAILED test_queue2_MIO.py::test_case_2 - assert True is False
FAILED test_queue2_MOSA.py::test_case_3 - assert True is False
FAILED test_queue2_MOSA.py::test_case_4 - assert True is False
FAILED test_queue2_MOSA.py::test_case_15 - assert True is False
FAILED test_queue2_MOSA.py::test_case_25 - assert True is False
========================= 8 failed, 99 passed in 0.64s =========================
</pre></div></div></div></div></div><div class="mb-1" id="job_list___sub_accordion_15"><div class="card"><a data-toggle="collapse" data-target="#job_list___sub_collapse_15_1" aria-expanded="false" aria-controls="job_list___sub_collapse_15_1" href="#" class="job_list___sub_multi_heading"><div role="alert" class="card-header alert-success" id="job_list___sub_heading_15_1"><button class="btn btn-outline-success"><span class="job_id">15 : Job ID a218bd25936f4abe86a47139a91a5ee6</span></button></div></a><div aria-labelledby="job_list___sub_heading_15_1" data-parent="#job_list___sub_accordion_15" class="collapse job_list___sub_multi_collapse" id="job_list___sub_collapse_15_1"><div class="card-body"><div class="work-item"><div class="alert alert-success test-outcome" role="alert"><p>worker outcome: normal</p><p>test outcome: killed</p></div></div><pre class="location"><a href="pycharm://open?file=queue2.py&amp;line=48" class="text-secondary"><button class="btn btn-outline-dark">queue2.py, start pos: (48, 23), end pos: (48, 25)</button></a></pre><pre>operator: core/ReplaceComparisonOperator_Eq_IsNot, occurrence: 2</pre><div class="alert alert-secondary"><pre class="diff">--- mutation diff ---
--- aqueue2.py
+++ bqueue2.py
@@ -45,7 +45,7 @@
         n = self.head
         last = None
         while n != None:
-            if n.value == value:
+            if n.value is not value:
                 if last == None:
                     self.head = self.head.next
                 else:</pre></div><div class="alert alert-secondary"><pre class="diff">============================= test session starts ==============================
platform linux -- Python 3.10.12, pytest-7.1.3, pluggy-1.0.0
rootdir: /home/lucca/desktop/ic/experimento/testes/python_experiments/queue2/ALL-SMART-GPT-COSMICRAY
plugins: Faker-15.1.1, hypothesis-6.56.3
collected 107 items

test_queue2_COSMICRAY.py ..                                              [  1%]
test_queue2_DYNAMOSA.py .F................FF..F...F...                   [ 29%]
test_queue2_MIO.py ........FFF.......................                    [ 61%]
test_queue2_MOSA.py ..F..F.....F.F....F..F.FF..                          [ 86%]
test_queue2_WHOLE_SUITE.py ....F.....F...                                [100%]

=========================== short test summary info ============================
FAILED test_queue2_DYNAMOSA.py::test_case_1 - assert False is True
FAILED test_queue2_DYNAMOSA.py::test_case_18 - assert False is True
FAILED test_queue2_DYNAMOSA.py::test_case_19 - assert True is False
FAILED test_queue2_DYNAMOSA.py::test_case_22 - assert True is False
FAILED test_queue2_DYNAMOSA.py::test_case_26 - assert True is False
FAILED test_queue2_MIO.py::test_case_8 - assert False is True
FAILED test_queue2_MIO.py::test_case_9 - assert True is False
FAILED test_queue2_MIO.py::test_case_10 - assert True is False
FAILED test_queue2_MOSA.py::test_case_2 - assert False is True
FAILED test_queue2_MOSA.py::test_case_5 - assert False is True
FAILED test_queue2_MOSA.py::test_case_11 - assert False is True
FAILED test_queue2_MOSA.py::test_case_13 - assert False is True
FAILED test_queue2_MOSA.py::test_case_18 - assert True is False
FAILED test_queue2_MOSA.py::test_case_21 - assert False is True
FAILED test_queue2_MOSA.py::test_case_23 - assert True is False
FAILED test_queue2_MOSA.py::test_case_24 - assert True is False
FAILED test_queue2_WHOLE_SUITE.py::test_case_4 - assert True is False
FAILED test_queue2_WHOLE_SUITE.py::test_case_10 - assert True is False
======================== 18 failed, 89 passed in 0.65s =========================
</pre></div></div></div></div></div><div class="mb-1" id="job_list___sub_accordion_16"><div class="card"><a data-toggle="collapse" data-target="#job_list___sub_collapse_16_1" aria-expanded="false" aria-controls="job_list___sub_collapse_16_1" href="#" class="job_list___sub_multi_heading"><div role="alert" class="card-header alert-success" id="job_list___sub_heading_16_1"><button class="btn btn-outline-success"><span class="job_id">16 : Job ID 3fcd4d5f8b224f3db472a72c07b46a5c</span></button></div></a><div aria-labelledby="job_list___sub_heading_16_1" data-parent="#job_list___sub_accordion_16" class="collapse job_list___sub_multi_collapse" id="job_list___sub_collapse_16_1"><div class="card-body"><div class="work-item"><div class="alert alert-success test-outcome" role="alert"><p>worker outcome: normal</p><p>test outcome: killed</p></div></div><pre class="location"><a href="pycharm://open?file=queue2.py&amp;line=49" class="text-secondary"><button class="btn btn-outline-dark">queue2.py, start pos: (49, 24), end pos: (49, 26)</button></a></pre><pre>operator: core/ReplaceComparisonOperator_Eq_IsNot, occurrence: 3</pre><div class="alert alert-secondary"><pre class="diff">--- mutation diff ---
--- aqueue2.py
+++ bqueue2.py
@@ -46,7 +46,7 @@
         last = None
         while n != None:
             if n.value == value:
-                if last == None:
+                if last is not None:
                     self.head = self.head.next
                 else:
                     last.next = n.next</pre></div><div class="alert alert-secondary"><pre class="diff">============================= test session starts ==============================
platform linux -- Python 3.10.12, pytest-7.1.3, pluggy-1.0.0
rootdir: /home/lucca/desktop/ic/experimento/testes/python_experiments/queue2/ALL-SMART-GPT-COSMICRAY
plugins: Faker-15.1.1, hypothesis-6.56.3
collected 107 items

test_queue2_COSMICRAY.py ..                                              [  1%]
test_queue2_DYNAMOSA.py .F................F...........                   [ 29%]
test_queue2_MIO.py ........F.........................                    [ 61%]
test_queue2_MOSA.py ..F..F.....F.F.......F.....                          [ 86%]
test_queue2_WHOLE_SUITE.py ..........F...                                [100%]

=========================== short test summary info ============================
FAILED test_queue2_DYNAMOSA.py::test_case_1 - AttributeError: 'NoneType' obje...
FAILED test_queue2_DYNAMOSA.py::test_case_18 - AttributeError: 'NoneType' obj...
FAILED test_queue2_MIO.py::test_case_8 - AttributeError: 'NoneType' object ha...
FAILED test_queue2_MOSA.py::test_case_2 - AttributeError: 'NoneType' object h...
FAILED test_queue2_MOSA.py::test_case_5 - AttributeError: 'NoneType' object h...
FAILED test_queue2_MOSA.py::test_case_11 - AttributeError: 'NoneType' object ...
FAILED test_queue2_MOSA.py::test_case_13 - AttributeError: 'NoneType' object ...
FAILED test_queue2_MOSA.py::test_case_21 - AttributeError: 'NoneType' object ...
FAILED test_queue2_WHOLE_SUITE.py::test_case_10 - AttributeError: 'NoneType' ...
========================= 9 failed, 98 passed in 0.64s =========================
</pre></div></div></div></div></div><div class="mb-1" id="job_list___sub_accordion_17"><div class="card"><a data-toggle="collapse" data-target="#job_list___sub_collapse_17_1" aria-expanded="false" aria-controls="job_list___sub_collapse_17_1" href="#" class="job_list___sub_multi_heading"><div role="alert" class="card-header alert-success" id="job_list___sub_heading_17_1"><button class="btn btn-outline-success"><span class="job_id">17 : Job ID 91210a947d4c4f269b68306c42f172c4</span></button></div></a><div aria-labelledby="job_list___sub_heading_17_1" data-parent="#job_list___sub_accordion_17" class="collapse job_list___sub_multi_collapse" id="job_list___sub_collapse_17_1"><div class="card-body"><div class="work-item"><div class="alert alert-success test-outcome" role="alert"><p>worker outcome: normal</p><p>test outcome: killed</p></div></div><pre class="location"><a href="pycharm://open?file=queue2.py&amp;line=100" class="text-secondary"><button class="btn btn-outline-dark">queue2.py, start pos: (100, 25), end pos: (100, 27)</button></a></pre><pre>operator: core/ReplaceComparisonOperator_Eq_IsNot, occurrence: 4</pre><div class="alert alert-secondary"><pre class="diff">--- mutation diff ---
--- aqueue2.py
+++ bqueue2.py
@@ -97,7 +97,7 @@
 
     def isEmpty(self):
         """Determine if queue is empty."""
-        return self.head == None
+        return self.head is not None
 
     def pop(self):
         """Remove first value from queue."""</pre></div><div class="alert alert-secondary"><pre class="diff">============================= test session starts ==============================
platform linux -- Python 3.10.12, pytest-7.1.3, pluggy-1.0.0
rootdir: /home/lucca/desktop/ic/experimento/testes/python_experiments/queue2/ALL-SMART-GPT-COSMICRAY
plugins: Faker-15.1.1, hypothesis-6.56.3
collected 107 items

test_queue2_COSMICRAY.py .F                                              [  1%]
test_queue2_DYNAMOSA.py ..............F...FF.FF...FF..                   [ 29%]
test_queue2_MIO.py .................................F                    [ 61%]
test_queue2_MOSA.py ...............F.F....F....                          [ 86%]
test_queue2_WHOLE_SUITE.py F.F..........F                                [100%]

=========================== short test summary info ============================
FAILED test_queue2_COSMICRAY.py::test_pop_multiple_items - assert not True
FAILED test_queue2_DYNAMOSA.py::test_case_14 - assert True is False
FAILED test_queue2_DYNAMOSA.py::test_case_18 - assert False is True
FAILED test_queue2_DYNAMOSA.py::test_case_19 - assert True is False
FAILED test_queue2_DYNAMOSA.py::test_case_21 - assert True is False
FAILED test_queue2_DYNAMOSA.py::test_case_22 - assert False is True
FAILED test_queue2_DYNAMOSA.py::test_case_26 - assert False is True
FAILED test_queue2_DYNAMOSA.py::test_case_27 - assert True is False
FAILED test_queue2_MIO.py::test_case_33 - assert False is True
FAILED test_queue2_MOSA.py::test_case_15 - assert False is True
FAILED test_queue2_MOSA.py::test_case_17 - assert False is True
FAILED test_queue2_MOSA.py::test_case_22 - assert False is True
FAILED test_queue2_WHOLE_SUITE.py::test_case_0 - assert False is True
FAILED test_queue2_WHOLE_SUITE.py::test_case_2 - assert False is True
FAILED test_queue2_WHOLE_SUITE.py::test_case_13 - assert False is True
======================== 15 failed, 92 passed in 0.64s =========================
</pre></div></div></div></div></div><div class="mb-1" id="job_list___sub_accordion_18"><div class="card"><a data-toggle="collapse" data-target="#job_list___sub_collapse_18_1" aria-expanded="false" aria-controls="job_list___sub_collapse_18_1" href="#" class="job_list___sub_multi_heading"><div role="alert" class="card-header alert-success" id="job_list___sub_heading_18_1"><button class="btn btn-outline-success"><span class="job_id">18 : Job ID 8cca9cb92e4e4caa9b13ab0356a9be8d</span></button></div></a><div aria-labelledby="job_list___sub_heading_18_1" data-parent="#job_list___sub_accordion_18" class="collapse job_list___sub_multi_collapse" id="job_list___sub_collapse_18_1"><div class="card-body"><div class="work-item"><div class="alert alert-success test-outcome" role="alert"><p>worker outcome: normal</p><p>test outcome: killed</p></div></div><pre class="location"><a href="pycharm://open?file=queue2.py&amp;line=15" class="text-secondary"><button class="btn btn-outline-dark">queue2.py, start pos: (15, 17), end pos: (15, 19)</button></a></pre><pre>operator: core/ReplaceComparisonOperator_NotEq_Is, occurrence: 0</pre><div class="alert alert-secondary"><pre class="diff">--- mutation diff ---
--- aqueue2.py
+++ bqueue2.py
@@ -12,7 +12,7 @@
     def checkInfinite(self):
         """Check whether infinite loop via next."""
         p1 = p2 = self
-        while p1 != None and p2 != None:
+        while p1 is None and p2 != None:
             if p2.next == None: return False
 
             p1 = p1.next</pre></div><div class="alert alert-secondary"><pre class="diff">============================= test session starts ==============================
platform linux -- Python 3.10.12, pytest-7.1.3, pluggy-1.0.0
rootdir: /home/lucca/desktop/ic/experimento/testes/python_experiments/queue2/ALL-SMART-GPT-COSMICRAY
plugins: Faker-15.1.1, hypothesis-6.56.3
collected 107 items

test_queue2_COSMICRAY.py F.                                              [  1%]
test_queue2_DYNAMOSA.py ..............................                   [ 29%]
test_queue2_MIO.py ..................................                    [ 61%]
test_queue2_MOSA.py ...........................                          [ 86%]
test_queue2_WHOLE_SUITE.py ..............                                [100%]

=========================== short test summary info ============================
FAILED test_queue2_COSMICRAY.py::test_check_infinite - assert False == True
======================== 1 failed, 106 passed in 0.65s =========================
</pre></div></div></div></div></div><div class="mb-1" id="job_list___sub_accordion_19"><div class="card"><a data-toggle="collapse" data-target="#job_list___sub_collapse_19_1" aria-expanded="false" aria-controls="job_list___sub_collapse_19_1" href="#" class="job_list___sub_multi_heading"><div role="alert" class="card-header alert-success" id="job_list___sub_heading_19_1"><button class="btn btn-outline-success"><span class="job_id">19 : Job ID bfcd5f67bc28443c9ea4957d23c31ffd</span></button></div></a><div aria-labelledby="job_list___sub_heading_19_1" data-parent="#job_list___sub_accordion_19" class="collapse job_list___sub_multi_collapse" id="job_list___sub_collapse_19_1"><div class="card-body"><div class="work-item"><div class="alert alert-success test-outcome" role="alert"><p>worker outcome: normal</p><p>test outcome: killed</p></div></div><pre class="location"><a href="pycharm://open?file=queue2.py&amp;line=15" class="text-secondary"><button class="btn btn-outline-dark">queue2.py, start pos: (15, 32), end pos: (15, 34)</button></a></pre><pre>operator: core/ReplaceComparisonOperator_NotEq_Is, occurrence: 1</pre><div class="alert alert-secondary"><pre class="diff">--- mutation diff ---
--- aqueue2.py
+++ bqueue2.py
@@ -12,7 +12,7 @@
     def checkInfinite(self):
         """Check whether infinite loop via next."""
         p1 = p2 = self
-        while p1 != None and p2 != None:
+        while p1 != None and p2 is None:
             if p2.next == None: return False
 
             p1 = p1.next</pre></div><div class="alert alert-secondary"><pre class="diff">============================= test session starts ==============================
platform linux -- Python 3.10.12, pytest-7.1.3, pluggy-1.0.0
rootdir: /home/lucca/desktop/ic/experimento/testes/python_experiments/queue2/ALL-SMART-GPT-COSMICRAY
plugins: Faker-15.1.1, hypothesis-6.56.3
collected 107 items

test_queue2_COSMICRAY.py F.                                              [  1%]
test_queue2_DYNAMOSA.py ..............................                   [ 29%]
test_queue2_MIO.py ..................................                    [ 61%]
test_queue2_MOSA.py ...........................                          [ 86%]
test_queue2_WHOLE_SUITE.py ..............                                [100%]

=========================== short test summary info ============================
FAILED test_queue2_COSMICRAY.py::test_check_infinite - assert False == True
======================== 1 failed, 106 passed in 0.65s =========================
</pre></div></div></div></div></div><div class="mb-1" id="job_list___sub_accordion_20"><div class="card"><a data-toggle="collapse" data-target="#job_list___sub_collapse_20_1" aria-expanded="false" aria-controls="job_list___sub_collapse_20_1" href="#" class="job_list___sub_multi_heading"><div role="alert" class="card-header alert-success" id="job_list___sub_heading_20_1"><button class="btn btn-outline-success"><span class="job_id">20 : Job ID 1a6041abb7be4417928b5d3b59b75cf5</span></button></div></a><div aria-labelledby="job_list___sub_heading_20_1" data-parent="#job_list___sub_accordion_20" class="collapse job_list___sub_multi_collapse" id="job_list___sub_collapse_20_1"><div class="card-body"><div class="work-item"><div class="alert alert-success test-outcome" role="alert"><p>worker outcome: normal</p><p>test outcome: killed</p></div></div><pre class="location"><a href="pycharm://open?file=queue2.py&amp;line=47" class="text-secondary"><button class="btn btn-outline-dark">queue2.py, start pos: (47, 16), end pos: (47, 18)</button></a></pre><pre>operator: core/ReplaceComparisonOperator_NotEq_Is, occurrence: 2</pre><div class="alert alert-secondary"><pre class="diff">--- mutation diff ---
--- aqueue2.py
+++ bqueue2.py
@@ -44,7 +44,7 @@
         """Remove value from list."""
         n = self.head
         last = None
-        while n != None:
+        while n is None:
             if n.value == value:
                 if last == None:
                     self.head = self.head.next</pre></div><div class="alert alert-secondary"><pre class="diff">============================= test session starts ==============================
platform linux -- Python 3.10.12, pytest-7.1.3, pluggy-1.0.0
rootdir: /home/lucca/desktop/ic/experimento/testes/python_experiments/queue2/ALL-SMART-GPT-COSMICRAY
plugins: Faker-15.1.1, hypothesis-6.56.3
collected 107 items

test_queue2_COSMICRAY.py ..                                              [  1%]
test_queue2_DYNAMOSA.py .F...F............F......F.F..                   [ 29%]
test_queue2_MIO.py ........F..F......................                    [ 61%]
test_queue2_MOSA.py ..F..F.....F.F.......F.....                          [ 86%]
test_queue2_WHOLE_SUITE.py .F........F...                                [100%]

=========================== short test summary info ============================
FAILED test_queue2_DYNAMOSA.py::test_case_1 - assert False is True
FAILED test_queue2_DYNAMOSA.py::test_case_5 - AttributeError: 'NoneType' obje...
FAILED test_queue2_DYNAMOSA.py::test_case_18 - assert False is True
FAILED test_queue2_DYNAMOSA.py::test_case_25 - assert False is True
FAILED test_queue2_DYNAMOSA.py::test_case_27 - AttributeError: 'NoneType' obj...
FAILED test_queue2_MIO.py::test_case_8 - assert False is True
FAILED test_queue2_MIO.py::test_case_11 - AttributeError: 'NoneType' object h...
FAILED test_queue2_MOSA.py::test_case_2 - assert False is True
FAILED test_queue2_MOSA.py::test_case_5 - assert False is True
FAILED test_queue2_MOSA.py::test_case_11 - assert False is True
FAILED test_queue2_MOSA.py::test_case_13 - assert False is True
FAILED test_queue2_MOSA.py::test_case_21 - assert False is True
FAILED test_queue2_WHOLE_SUITE.py::test_case_1 - AttributeError: 'NoneType' o...
FAILED test_queue2_WHOLE_SUITE.py::test_case_10 - assert False is True
======================== 14 failed, 93 passed in 0.67s =========================
</pre></div></div></div></div></div><div class="mb-1" id="job_list___sub_accordion_21"><div class="card"><a data-toggle="collapse" data-target="#job_list___sub_collapse_21_1" aria-expanded="false" aria-controls="job_list___sub_collapse_21_1" href="#" class="job_list___sub_multi_heading"><div role="alert" class="card-header alert-success" id="job_list___sub_heading_21_1"><button class="btn btn-outline-success"><span class="job_id">21 : Job ID 8374f2c6e098405891f057ab2b33b5c7</span></button></div></a><div aria-labelledby="job_list___sub_heading_21_1" data-parent="#job_list___sub_accordion_21" class="collapse job_list___sub_multi_collapse" id="job_list___sub_collapse_21_1"><div class="card-body"><div class="work-item"><div class="alert alert-success test-outcome" role="alert"><p>worker outcome: normal</p><p>test outcome: killed</p></div></div><pre class="location"><a href="pycharm://open?file=queue2.py&amp;line=61" class="text-secondary"><button class="btn btn-outline-dark">queue2.py, start pos: (61, 16), end pos: (61, 18)</button></a></pre><pre>operator: core/ReplaceComparisonOperator_NotEq_Is, occurrence: 3</pre><div class="alert alert-secondary"><pre class="diff">--- mutation diff ---
--- aqueue2.py
+++ bqueue2.py
@@ -58,7 +58,7 @@
     def __iter__(self):
         """Iterator of values in the list."""
         n = self.head
-        while n != None:
+        while n is None:
             yield n.value
             n = n.next
         </pre></div><div class="alert alert-secondary"><pre class="diff">============================= test session starts ==============================
platform linux -- Python 3.10.12, pytest-7.1.3, pluggy-1.0.0
rootdir: /home/lucca/desktop/ic/experimento/testes/python_experiments/queue2/ALL-SMART-GPT-COSMICRAY
plugins: Faker-15.1.1, hypothesis-6.56.3
collected 107 items

test_queue2_COSMICRAY.py ..                                              [  1%]
test_queue2_DYNAMOSA.py .......F...........FF.FF......                   [ 29%]
test_queue2_MIO.py ............FF....................                    [ 61%]
test_queue2_MOSA.py .F......F..................                          [ 86%]
test_queue2_WHOLE_SUITE.py ....F....F....                                [100%]

=========================== short test summary info ============================
FAILED test_queue2_DYNAMOSA.py::test_case_7 - assert 0 == 1
FAILED test_queue2_DYNAMOSA.py::test_case_19 - AssertionError: assert 'link:[...
FAILED test_queue2_DYNAMOSA.py::test_case_20 - AttributeError: 'NoneType' obj...
FAILED test_queue2_DYNAMOSA.py::test_case_22 - AssertionError: assert 'link:[...
FAILED test_queue2_DYNAMOSA.py::test_case_23 - AssertionError: assert 'link:[...
FAILED test_queue2_MIO.py::test_case_12 - AssertionError: assert 'link:[]' ==...
FAILED test_queue2_MIO.py::test_case_13 - AttributeError: 'NoneType' object h...
FAILED test_queue2_MOSA.py::test_case_1 - AssertionError: assert 'link:[]' ==...
FAILED test_queue2_MOSA.py::test_case_8 - AttributeError: 'NoneType' object h...
FAILED test_queue2_WHOLE_SUITE.py::test_case_4 - AssertionError: assert 'link...
FAILED test_queue2_WHOLE_SUITE.py::test_case_9 - AttributeError: 'NoneType' o...
======================== 11 failed, 96 passed in 0.64s =========================
</pre></div></div></div></div></div><div class="mb-1" id="job_list___sub_accordion_22"><div class="card"><a data-toggle="collapse" data-target="#job_list___sub_collapse_22_1" aria-expanded="false" aria-controls="job_list___sub_collapse_22_1" href="#" class="job_list___sub_multi_heading"><div role="alert" class="card-header alert-success" id="job_list___sub_heading_22_1"><button class="btn btn-outline-success"><span class="job_id">22 : Job ID 18d893c577db4860a92374502241eb25</span></button></div></a><div aria-labelledby="job_list___sub_heading_22_1" data-parent="#job_list___sub_accordion_22" class="collapse job_list___sub_multi_collapse" id="job_list___sub_collapse_22_1"><div class="card-body"><div class="work-item"><div class="alert alert-success test-outcome" role="alert"><p>worker outcome: normal</p><p>test outcome: killed</p></div></div><pre class="location"><a href="pycharm://open?file=queue2.py&amp;line=76" class="text-secondary"><button class="btn btn-outline-dark">queue2.py, start pos: (76, 16), end pos: (76, 18)</button></a></pre><pre>operator: core/ReplaceComparisonOperator_NotEq_Is, occurrence: 4</pre><div class="alert alert-secondary"><pre class="diff">--- mutation diff ---
--- aqueue2.py
+++ bqueue2.py
@@ -73,7 +73,7 @@
         """Count values in list."""
         n = self.head
         count = 0
-        while n != None:
+        while n is None:
             count += 1
             n = n.next
         return count</pre></div><div class="alert alert-secondary"><pre class="diff">============================= test session starts ==============================
platform linux -- Python 3.10.12, pytest-7.1.3, pluggy-1.0.0
rootdir: /home/lucca/desktop/ic/experimento/testes/python_experiments/queue2/ALL-SMART-GPT-COSMICRAY
plugins: Faker-15.1.1, hypothesis-6.56.3
collected 107 items

test_queue2_COSMICRAY.py ..                                              [  1%]
test_queue2_DYNAMOSA.py .FFFFFFFF....FF...FFF.FFFFFF..                   [ 29%]
test_queue2_MIO.py ....FFFFFFFFFFFFF...............F.                    [ 61%]
test_queue2_MOSA.py .FFFFFFFF..F.F.FF.F..FFFF..                          [ 86%]
test_queue2_WHOLE_SUITE.py .FF.F....FF.FF                                [100%]

=========================== short test summary info ============================
FAILED test_queue2_DYNAMOSA.py::test_case_1 - assert 0 == 2
FAILED test_queue2_DYNAMOSA.py::test_case_2 - AttributeError: 'NoneType' obje...
FAILED test_queue2_DYNAMOSA.py::test_case_3 - AttributeError: 'NoneType' obje...
FAILED test_queue2_DYNAMOSA.py::test_case_4 - AttributeError: 'NoneType' obje...
FAILED test_queue2_DYNAMOSA.py::test_case_5 - AttributeError: 'NoneType' obje...
FAILED test_queue2_DYNAMOSA.py::test_case_6 - AttributeError: 'NoneType' obje...
FAILED test_queue2_DYNAMOSA.py::test_case_7 - AttributeError: 'NoneType' obje...
FAILED test_queue2_DYNAMOSA.py::test_case_8 - AttributeError: 'NoneType' obje...
FAILED test_queue2_DYNAMOSA.py::test_case_13 - AttributeError: 'NoneType' obj...
FAILED test_queue2_DYNAMOSA.py::test_case_14 - AttributeError: 'NoneType' obj...
FAILED test_queue2_DYNAMOSA.py::test_case_18 - assert 0 == 2
FAILED test_queue2_DYNAMOSA.py::test_case_19 - AttributeError: 'NoneType' obj...
FAILED test_queue2_DYNAMOSA.py::test_case_20 - AttributeError: 'NoneType' obj...
FAILED test_queue2_DYNAMOSA.py::test_case_22 - AttributeError: 'NoneType' obj...
FAILED test_queue2_DYNAMOSA.py::test_case_23 - assert 0 == 3
FAILED test_queue2_DYNAMOSA.py::test_case_24 - assert 0 == 3
FAILED test_queue2_DYNAMOSA.py::test_case_25 - AssertionError: assert 0 == 4
FAILED test_queue2_DYNAMOSA.py::test_case_26 - AttributeError: 'NoneType' obj...
FAILED test_queue2_DYNAMOSA.py::test_case_27 - AttributeError: 'NoneType' obj...
FAILED test_queue2_MIO.py::test_case_4 - assert 0 == 6
FAILED test_queue2_MIO.py::test_case_5 - AttributeError: 'NoneType' object ha...
FAILED test_queue2_MIO.py::test_case_6 - AttributeError: 'NoneType' object ha...
FAILED test_queue2_MIO.py::test_case_7 - AttributeError: 'NoneType' object ha...
FAILED test_queue2_MIO.py::test_case_8 - AttributeError: 'NoneType' object ha...
FAILED test_queue2_MIO.py::test_case_9 - AttributeError: 'NoneType' object ha...
FAILED test_queue2_MIO.py::test_case_10 - assert 0 == 7
FAILED test_queue2_MIO.py::test_case_11 - AttributeError: 'NoneType' object h...
FAILED test_queue2_MIO.py::test_case_12 - assert 0 == 2
FAILED test_queue2_MIO.py::test_case_13 - AttributeError: 'NoneType' object h...
FAILED test_queue2_MIO.py::test_case_14 - AttributeError: 'NoneType' object h...
FAILED test_queue2_MIO.py::test_case_15 - assert 0 == 2
FAILED test_queue2_MIO.py::test_case_16 - AttributeError: 'NoneType' object h...
FAILED test_queue2_MIO.py::test_case_32 - AttributeError: 'NoneType' object h...
FAILED test_queue2_MOSA.py::test_case_1 - assert 0 == 3
FAILED test_queue2_MOSA.py::test_case_2 - AttributeError: 'NoneType' object h...
FAILED test_queue2_MOSA.py::test_case_3 - AttributeError: 'NoneType' object h...
FAILED test_queue2_MOSA.py::test_case_4 - AttributeError: 'NoneType' object h...
FAILED test_queue2_MOSA.py::test_case_5 - AttributeError: 'NoneType' object h...
FAILED test_queue2_MOSA.py::test_case_6 - AttributeError: 'NoneType' object h...
FAILED test_queue2_MOSA.py::test_case_7 - assert 0 == 1
FAILED test_queue2_MOSA.py::test_case_8 - AttributeError: 'NoneType' object h...
FAILED test_queue2_MOSA.py::test_case_11 - assert 0 == 1
FAILED test_queue2_MOSA.py::test_case_13 - AttributeError: 'NoneType' object ...
FAILED test_queue2_MOSA.py::test_case_15 - AttributeError: 'NoneType' object ...
FAILED test_queue2_MOSA.py::test_case_16 - AttributeError: 'NoneType' object ...
FAILED test_queue2_MOSA.py::test_case_18 - AttributeError: 'NoneType' object ...
FAILED test_queue2_MOSA.py::test_case_21 - AttributeError: 'NoneType' object ...
FAILED test_queue2_MOSA.py::test_case_22 - assert 0 == 4
FAILED test_queue2_MOSA.py::test_case_23 - AttributeError: 'NoneType' object ...
FAILED test_queue2_MOSA.py::test_case_24 - assert 0 == 3
FAILED test_queue2_WHOLE_SUITE.py::test_case_1 - AttributeError: 'NoneType' o...
FAILED test_queue2_WHOLE_SUITE.py::test_case_2 - AttributeError: 'NoneType' o...
FAILED test_queue2_WHOLE_SUITE.py::test_case_4 - assert 0 == 4
FAILED test_queue2_WHOLE_SUITE.py::test_case_9 - AttributeError: 'NoneType' o...
FAILED test_queue2_WHOLE_SUITE.py::test_case_10 - assert 0 == 4
FAILED test_queue2_WHOLE_SUITE.py::test_case_12 - AttributeError: 'NoneType' ...
FAILED test_queue2_WHOLE_SUITE.py::test_case_13 - AttributeError: 'NoneType' ...
======================== 57 failed, 50 passed in 0.68s =========================
</pre></div></div></div></div></div><div class="mb-1" id="job_list___sub_accordion_23"><div class="card"><a data-toggle="collapse" data-target="#job_list___sub_collapse_23_1" aria-expanded="false" aria-controls="job_list___sub_collapse_23_1" href="#" class="job_list___sub_multi_heading"><div role="alert" class="card-header alert-success" id="job_list___sub_heading_23_1"><button class="btn btn-outline-success"><span class="job_id">23 : Job ID a0121c29d9524af8bb74c6f3fb619a0b</span></button></div></a><div aria-labelledby="job_list___sub_heading_23_1" data-parent="#job_list___sub_accordion_23" class="collapse job_list___sub_multi_collapse" id="job_list___sub_collapse_23_1"><div class="card-body"><div class="work-item"><div class="alert alert-success test-outcome" role="alert"><p>worker outcome: normal</p><p>test outcome: killed</p></div></div><pre class="location"><a href="pycharm://open?file=queue2.py&amp;line=115" class="text-secondary"><button class="btn btn-outline-dark">queue2.py, start pos: (115, 16), end pos: (115, 18)</button></a></pre><pre>operator: core/ReplaceComparisonOperator_NotEq_Is, occurrence: 5</pre><div class="alert alert-secondary"><pre class="diff">--- mutation diff ---
--- aqueue2.py
+++ bqueue2.py
@@ -112,7 +112,7 @@
     def __iter__(self):
         """Iterator of values in queue."""
         n = self.head
-        while n != None:
+        while n is None:
             yield n.value
             n = n.next
         </pre></div><div class="alert alert-secondary"><pre class="diff">============================= test session starts ==============================
platform linux -- Python 3.10.12, pytest-7.1.3, pluggy-1.0.0
rootdir: /home/lucca/desktop/ic/experimento/testes/python_experiments/queue2/ALL-SMART-GPT-COSMICRAY
plugins: Faker-15.1.1, hypothesis-6.56.3
collected 107 items

test_queue2_COSMICRAY.py ..                                              [  1%]
test_queue2_DYNAMOSA.py ..............FF...........F..                   [ 29%]
test_queue2_MIO.py .........................F.F......                    [ 61%]
test_queue2_MOSA.py ....FF.....F.F.F..F..F.F...                          [ 86%]
test_queue2_WHOLE_SUITE.py .......F....FF                                [100%]

=========================== short test summary info ============================
FAILED test_queue2_DYNAMOSA.py::test_case_14 - assert 0 == 1
FAILED test_queue2_DYNAMOSA.py::test_case_15 - AttributeError: 'NoneType' obj...
FAILED test_queue2_DYNAMOSA.py::test_case_27 - assert 0 == 2
FAILED test_queue2_MIO.py::test_case_25 - AssertionError: assert 'queue:[]' =...
FAILED test_queue2_MIO.py::test_case_27 - AttributeError: 'NoneType' object h...
FAILED test_queue2_MOSA.py::test_case_4 - assert 0 == 1
FAILED test_queue2_MOSA.py::test_case_5 - AttributeError: 'NoneType' object h...
FAILED test_queue2_MOSA.py::test_case_11 - assert 0 == 1
FAILED test_queue2_MOSA.py::test_case_13 - AttributeError: 'NoneType' object ...
FAILED test_queue2_MOSA.py::test_case_15 - assert 0 == 1
FAILED test_queue2_MOSA.py::test_case_18 - assert 0 == 1
FAILED test_queue2_MOSA.py::test_case_21 - assert 0 == 1
FAILED test_queue2_MOSA.py::test_case_23 - assert 0 == 1
FAILED test_queue2_WHOLE_SUITE.py::test_case_7 - AssertionError: assert 'queu...
FAILED test_queue2_WHOLE_SUITE.py::test_case_12 - AssertionError: assert 'que...
FAILED test_queue2_WHOLE_SUITE.py::test_case_13 - AttributeError: 'NoneType' ...
======================== 16 failed, 91 passed in 0.65s =========================
</pre></div></div></div></div></div><div class="mb-1" id="job_list___sub_accordion_24"><div class="card"><a data-toggle="collapse" data-target="#job_list___sub_collapse_24_1" aria-expanded="false" aria-controls="job_list___sub_collapse_24_1" href="#" class="job_list___sub_multi_heading"><div role="alert" class="card-header alert-success" id="job_list___sub_heading_24_1"><button class="btn btn-outline-success"><span class="job_id">24 : Job ID 90fcd3e92d0e44ecaaadf9df9968a187</span></button></div></a><div aria-labelledby="job_list___sub_heading_24_1" data-parent="#job_list___sub_accordion_24" class="collapse job_list___sub_multi_collapse" id="job_list___sub_collapse_24_1"><div class="card-body"><div class="work-item"><div class="alert alert-success test-outcome" role="alert"><p>worker outcome: normal</p><p>test outcome: killed</p></div></div><pre class="location"><a href="pycharm://open?file=queue2.py&amp;line=130" class="text-secondary"><button class="btn btn-outline-dark">queue2.py, start pos: (130, 16), end pos: (130, 18)</button></a></pre><pre>operator: core/ReplaceComparisonOperator_NotEq_Is, occurrence: 6</pre><div class="alert alert-secondary"><pre class="diff">--- mutation diff ---
--- aqueue2.py
+++ bqueue2.py
@@ -127,7 +127,7 @@
         """Count values in queue."""
         n = self.head
         count = 0
-        while n != None:
+        while n is None:
             count += 1
             n = n.next
         return count</pre></div><div class="alert alert-secondary"><pre class="diff">============================= test session starts ==============================
platform linux -- Python 3.10.12, pytest-7.1.3, pluggy-1.0.0
rootdir: /home/lucca/desktop/ic/experimento/testes/python_experiments/queue2/ALL-SMART-GPT-COSMICRAY
plugins: Faker-15.1.1, hypothesis-6.56.3
collected 107 items

test_queue2_COSMICRAY.py .F                                              [  1%]
test_queue2_DYNAMOSA.py .F....FFF.FFFFFFFFFFFFF...FFFF                   [ 29%]
test_queue2_MIO.py ..................FFFFFFFFFFFFF..F                    [ 61%]
test_queue2_MOSA.py ....FFFFF.FFFFFFFFF.FFFF...                          [ 86%]
test_queue2_WHOLE_SUITE.py F.F..FFF..F.FF                                [100%]

=========================== short test summary info ============================
FAILED test_queue2_COSMICRAY.py::test_pop_multiple_items - assert 0 == 4
FAILED test_queue2_DYNAMOSA.py::test_case_1 - AttributeError: 'NoneType' obje...
FAILED test_queue2_DYNAMOSA.py::test_case_6 - AttributeError: 'NoneType' obje...
FAILED test_queue2_DYNAMOSA.py::test_case_7 - AttributeError: 'NoneType' obje...
FAILED test_queue2_DYNAMOSA.py::test_case_8 - AttributeError: 'NoneType' obje...
FAILED test_queue2_DYNAMOSA.py::test_case_10 - AttributeError: 'NoneType' obj...
FAILED test_queue2_DYNAMOSA.py::test_case_11 - AttributeError: 'NoneType' obj...
FAILED test_queue2_DYNAMOSA.py::test_case_12 - AttributeError: 'NoneType' obj...
FAILED test_queue2_DYNAMOSA.py::test_case_13 - AttributeError: 'NoneType' obj...
FAILED test_queue2_DYNAMOSA.py::test_case_14 - AttributeError: 'NoneType' obj...
FAILED test_queue2_DYNAMOSA.py::test_case_15 - AttributeError: 'NoneType' obj...
FAILED test_queue2_DYNAMOSA.py::test_case_16 - AttributeError: 'NoneType' obj...
FAILED test_queue2_DYNAMOSA.py::test_case_17 - AttributeError: 'NoneType' obj...
FAILED test_queue2_DYNAMOSA.py::test_case_18 - AttributeError: 'NoneType' obj...
FAILED test_queue2_DYNAMOSA.py::test_case_19 - AttributeError: 'NoneType' obj...
FAILED test_queue2_DYNAMOSA.py::test_case_20 - AttributeError: 'NoneType' obj...
FAILED test_queue2_DYNAMOSA.py::test_case_21 - AttributeError: 'NoneType' obj...
FAILED test_queue2_DYNAMOSA.py::test_case_22 - AttributeError: 'NoneType' obj...
FAILED test_queue2_DYNAMOSA.py::test_case_26 - AttributeError: 'NoneType' obj...
FAILED test_queue2_DYNAMOSA.py::test_case_27 - AttributeError: 'NoneType' obj...
FAILED test_queue2_DYNAMOSA.py::test_case_28 - AttributeError: 'NoneType' obj...
FAILED test_queue2_DYNAMOSA.py::test_case_29 - AttributeError: 'NoneType' obj...
FAILED test_queue2_MIO.py::test_case_18 - AttributeError: 'NoneType' object h...
FAILED test_queue2_MIO.py::test_case_19 - AttributeError: 'NoneType' object h...
FAILED test_queue2_MIO.py::test_case_20 - AttributeError: 'NoneType' object h...
FAILED test_queue2_MIO.py::test_case_21 - AttributeError: 'NoneType' object h...
FAILED test_queue2_MIO.py::test_case_22 - AttributeError: 'NoneType' object h...
FAILED test_queue2_MIO.py::test_case_23 - AttributeError: 'NoneType' object h...
FAILED test_queue2_MIO.py::test_case_24 - AttributeError: 'NoneType' object h...
FAILED test_queue2_MIO.py::test_case_25 - AttributeError: 'NoneType' object h...
FAILED test_queue2_MIO.py::test_case_26 - AttributeError: 'NoneType' object h...
FAILED test_queue2_MIO.py::test_case_27 - AttributeError: 'NoneType' object h...
FAILED test_queue2_MIO.py::test_case_28 - AttributeError: 'NoneType' object h...
FAILED test_queue2_MIO.py::test_case_29 - AttributeError: 'NoneType' object h...
FAILED test_queue2_MIO.py::test_case_30 - AttributeError: 'NoneType' object h...
FAILED test_queue2_MIO.py::test_case_33 - AttributeError: 'NoneType' object h...
FAILED test_queue2_MOSA.py::test_case_4 - AttributeError: 'NoneType' object h...
FAILED test_queue2_MOSA.py::test_case_5 - AttributeError: 'NoneType' object h...
FAILED test_queue2_MOSA.py::test_case_6 - AttributeError: 'NoneType' object h...
FAILED test_queue2_MOSA.py::test_case_7 - AttributeError: 'NoneType' object h...
FAILED test_queue2_MOSA.py::test_case_8 - AttributeError: 'NoneType' object h...
FAILED test_queue2_MOSA.py::test_case_10 - AttributeError: 'NoneType' object ...
FAILED test_queue2_MOSA.py::test_case_11 - AttributeError: 'NoneType' object ...
FAILED test_queue2_MOSA.py::test_case_12 - AttributeError: 'NoneType' object ...
FAILED test_queue2_MOSA.py::test_case_13 - AttributeError: 'NoneType' object ...
FAILED test_queue2_MOSA.py::test_case_14 - AttributeError: 'NoneType' object ...
FAILED test_queue2_MOSA.py::test_case_15 - AttributeError: 'NoneType' object ...
FAILED test_queue2_MOSA.py::test_case_16 - AttributeError: 'NoneType' object ...
FAILED test_queue2_MOSA.py::test_case_17 - AttributeError: 'NoneType' object ...
FAILED test_queue2_MOSA.py::test_case_18 - AttributeError: 'NoneType' object ...
FAILED test_queue2_MOSA.py::test_case_20 - AttributeError: 'NoneType' object ...
FAILED test_queue2_MOSA.py::test_case_21 - AttributeError: 'NoneType' object ...
FAILED test_queue2_MOSA.py::test_case_22 - AttributeError: 'NoneType' object ...
FAILED test_queue2_MOSA.py::test_case_23 - AttributeError: 'NoneType' object ...
FAILED test_queue2_WHOLE_SUITE.py::test_case_0 - AttributeError: 'NoneType' o...
FAILED test_queue2_WHOLE_SUITE.py::test_case_2 - AttributeError: 'NoneType' o...
FAILED test_queue2_WHOLE_SUITE.py::test_case_5 - AttributeError: 'NoneType' o...
FAILED test_queue2_WHOLE_SUITE.py::test_case_6 - AttributeError: 'NoneType' o...
FAILED test_queue2_WHOLE_SUITE.py::test_case_7 - AttributeError: 'NoneType' o...
FAILED test_queue2_WHOLE_SUITE.py::test_case_10 - AttributeError: 'NoneType' ...
FAILED test_queue2_WHOLE_SUITE.py::test_case_12 - AttributeError: 'NoneType' ...
FAILED test_queue2_WHOLE_SUITE.py::test_case_13 - AttributeError: 'NoneType' ...
======================== 62 failed, 45 passed in 0.68s =========================
</pre></div></div></div></div></div><div class="mb-1" id="job_list___sub_accordion_25"><div class="card"><a data-toggle="collapse" data-target="#job_list___sub_collapse_25_1" aria-expanded="false" aria-controls="job_list___sub_collapse_25_1" href="#" class="job_list___sub_multi_heading"><div role="alert" class="card-header alert-success" id="job_list___sub_heading_25_1"><button class="btn btn-outline-success"><span class="job_id">25 : Job ID 8f200e3fb9e6416d94b585ceb2441f6b</span></button></div></a><div aria-labelledby="job_list___sub_heading_25_1" data-parent="#job_list___sub_accordion_25" class="collapse job_list___sub_multi_collapse" id="job_list___sub_collapse_25_1"><div class="card-body"><div class="work-item"><div class="alert alert-success test-outcome" role="alert"><p>worker outcome: normal</p><p>test outcome: killed</p></div></div><pre class="location"><a href="pycharm://open?file=queue2.py&amp;line=37" class="text-secondary"><button class="btn btn-outline-dark">queue2.py, start pos: (37, 21), end pos: (37, 23)</button></a></pre><pre>operator: core/ReplaceComparisonOperator_Is_IsNot, occurrence: 0</pre><div class="alert alert-secondary"><pre class="diff">--- mutation diff ---
--- aqueue2.py
+++ bqueue2.py
@@ -34,7 +34,7 @@
 
     def pop(self):
         """Remove first value in list."""
-        if self.head is None:
+        if self.head is not None:
             raise Exception ("Linked list is empty.")
         val = self.head.value
         self.head = self.head.next</pre></div><div class="alert alert-secondary"><pre class="diff">============================= test session starts ==============================
platform linux -- Python 3.10.12, pytest-7.1.3, pluggy-1.0.0
rootdir: /home/lucca/desktop/ic/experimento/testes/python_experiments/queue2/ALL-SMART-GPT-COSMICRAY
plugins: Faker-15.1.1, hypothesis-6.56.3
collected 107 items

test_queue2_COSMICRAY.py ..                                              [  1%]
test_queue2_DYNAMOSA.py ....F.........................                   [ 29%]
test_queue2_MIO.py .......F..........................                    [ 61%]
test_queue2_MOSA.py ....F.................F....                          [ 86%]
test_queue2_WHOLE_SUITE.py ....F.........                                [100%]

=========================== short test summary info ============================
FAILED test_queue2_DYNAMOSA.py::test_case_4 - Exception: Linked list is empty.
FAILED test_queue2_MIO.py::test_case_7 - Exception: Linked list is empty.
FAILED test_queue2_MOSA.py::test_case_4 - Exception: Linked list is empty.
FAILED test_queue2_MOSA.py::test_case_22 - Exception: Linked list is empty.
FAILED test_queue2_WHOLE_SUITE.py::test_case_4 - Exception: Linked list is em...
======================== 5 failed, 102 passed in 0.65s =========================
</pre></div></div></div></div></div><div class="mb-1" id="job_list___sub_accordion_26"><div class="card"><a data-toggle="collapse" data-target="#job_list___sub_collapse_26_1" aria-expanded="false" aria-controls="job_list___sub_collapse_26_1" href="#" class="job_list___sub_multi_heading"><div role="alert" class="card-header alert-success" id="job_list___sub_heading_26_1"><button class="btn btn-outline-success"><span class="job_id">26 : Job ID 4a312a2220604db0af87c03b8ed59328</span></button></div></a><div aria-labelledby="job_list___sub_heading_26_1" data-parent="#job_list___sub_accordion_26" class="collapse job_list___sub_multi_collapse" id="job_list___sub_collapse_26_1"><div class="card-body"><div class="work-item"><div class="alert alert-success test-outcome" role="alert"><p>worker outcome: normal</p><p>test outcome: killed</p></div></div><pre class="location"><a href="pycharm://open?file=queue2.py&amp;line=67" class="text-secondary"><button class="btn btn-outline-dark">queue2.py, start pos: (67, 21), end pos: (67, 23)</button></a></pre><pre>operator: core/ReplaceComparisonOperator_Is_IsNot, occurrence: 1</pre><div class="alert alert-secondary"><pre class="diff">--- mutation diff ---
--- aqueue2.py
+++ bqueue2.py
@@ -64,7 +64,7 @@
         
     def __repr__(self):
         """String representation of linked list."""
-        if self.head is None:
+        if self.head is not None:
             return 'link:[]'
 
         return 'link:[{0:s}]'.format(','.join(map(str,self)))</pre></div><div class="alert alert-secondary"><pre class="diff">============================= test session starts ==============================
platform linux -- Python 3.10.12, pytest-7.1.3, pluggy-1.0.0
rootdir: /home/lucca/desktop/ic/experimento/testes/python_experiments/queue2/ALL-SMART-GPT-COSMICRAY
plugins: Faker-15.1.1, hypothesis-6.56.3
collected 107 items

test_queue2_COSMICRAY.py ..                                              [  1%]
test_queue2_DYNAMOSA.py ...................F..FF......                   [ 29%]
test_queue2_MIO.py ............F.....................                    [ 61%]
test_queue2_MOSA.py .F.........................                          [ 86%]
test_queue2_WHOLE_SUITE.py ....F.........                                [100%]

=========================== short test summary info ============================
FAILED test_queue2_DYNAMOSA.py::test_case_19 - AssertionError: assert 'link:[...
FAILED test_queue2_DYNAMOSA.py::test_case_22 - AssertionError: assert 'link:[...
FAILED test_queue2_DYNAMOSA.py::test_case_23 - AssertionError: assert 'link:[...
FAILED test_queue2_MIO.py::test_case_12 - AssertionError: assert 'link:[]' ==...
FAILED test_queue2_MOSA.py::test_case_1 - AssertionError: assert 'link:[]' ==...
FAILED test_queue2_WHOLE_SUITE.py::test_case_4 - AssertionError: assert 'link...
======================== 6 failed, 101 passed in 0.64s =========================
</pre></div></div></div></div></div><div class="mb-1" id="job_list___sub_accordion_27"><div class="card"><a data-toggle="collapse" data-target="#job_list___sub_collapse_27_1" aria-expanded="false" aria-controls="job_list___sub_collapse_27_1" href="#" class="job_list___sub_multi_heading"><div role="alert" class="card-header alert-success" id="job_list___sub_heading_27_1"><button class="btn btn-outline-success"><span class="job_id">27 : Job ID 97840637ece04651b9d8ce1118bee377</span></button></div></a><div aria-labelledby="job_list___sub_heading_27_1" data-parent="#job_list___sub_accordion_27" class="collapse job_list___sub_multi_collapse" id="job_list___sub_collapse_27_1"><div class="card-body"><div class="work-item"><div class="alert alert-success test-outcome" role="alert"><p>worker outcome: normal</p><p>test outcome: killed</p></div></div><pre class="location"><a href="pycharm://open?file=queue2.py&amp;line=92" class="text-secondary"><button class="btn btn-outline-dark">queue2.py, start pos: (92, 21), end pos: (92, 23)</button></a></pre><pre>operator: core/ReplaceComparisonOperator_Is_IsNot, occurrence: 2</pre><div class="alert alert-secondary"><pre class="diff">--- mutation diff ---
--- aqueue2.py
+++ bqueue2.py
@@ -89,7 +89,7 @@
     def append(self, value):
         """Add value to end of queue."""
         newNode = LinkedNode(value, None)
-        if self.head is None:
+        if self.head is not None:
             self.head = self.tail = newNode
         else:
             self.tail.next = newNode</pre></div><div class="alert alert-secondary"><pre class="diff">============================= test session starts ==============================
platform linux -- Python 3.10.12, pytest-7.1.3, pluggy-1.0.0
rootdir: /home/lucca/desktop/ic/experimento/testes/python_experiments/queue2/ALL-SMART-GPT-COSMICRAY
plugins: Faker-15.1.1, hypothesis-6.56.3
collected 107 items

test_queue2_COSMICRAY.py .F                                              [  1%]
test_queue2_DYNAMOSA.py ...........F.FF..F.F.F.....F.F                   [ 29%]
test_queue2_MIO.py ...................FFFF.FFF..F....                    [ 61%]
test_queue2_MOSA.py ....FF.....FF..F..F.FFFF...                          [ 86%]
test_queue2_WHOLE_SUITE.py .....F.F....F.                                [100%]

=========================== short test summary info ============================
FAILED test_queue2_COSMICRAY.py::test_pop_multiple_items - AttributeError: 'N...
FAILED test_queue2_DYNAMOSA.py::test_case_11 - AttributeError: 'NoneType' obj...
FAILED test_queue2_DYNAMOSA.py::test_case_13 - AttributeError: 'NoneType' obj...
FAILED test_queue2_DYNAMOSA.py::test_case_14 - AttributeError: 'NoneType' obj...
FAILED test_queue2_DYNAMOSA.py::test_case_17 - AttributeError: 'NoneType' obj...
FAILED test_queue2_DYNAMOSA.py::test_case_19 - AttributeError: 'NoneType' obj...
FAILED test_queue2_DYNAMOSA.py::test_case_21 - AttributeError: 'NoneType' obj...
FAILED test_queue2_DYNAMOSA.py::test_case_27 - AttributeError: 'NoneType' obj...
FAILED test_queue2_DYNAMOSA.py::test_case_29 - AttributeError: 'NoneType' obj...
FAILED test_queue2_MIO.py::test_case_19 - AttributeError: 'NoneType' object h...
FAILED test_queue2_MIO.py::test_case_20 - AttributeError: 'NoneType' object h...
FAILED test_queue2_MIO.py::test_case_21 - AttributeError: 'NoneType' object h...
FAILED test_queue2_MIO.py::test_case_22 - AttributeError: 'NoneType' object h...
FAILED test_queue2_MIO.py::test_case_24 - AttributeError: 'NoneType' object h...
FAILED test_queue2_MIO.py::test_case_25 - AttributeError: 'NoneType' object h...
FAILED test_queue2_MIO.py::test_case_26 - AttributeError: 'NoneType' object h...
FAILED test_queue2_MIO.py::test_case_29 - AttributeError: 'NoneType' object h...
FAILED test_queue2_MOSA.py::test_case_4 - AttributeError: 'NoneType' object h...
FAILED test_queue2_MOSA.py::test_case_5 - AttributeError: 'NoneType' object h...
FAILED test_queue2_MOSA.py::test_case_11 - AttributeError: 'NoneType' object ...
FAILED test_queue2_MOSA.py::test_case_12 - AttributeError: 'NoneType' object ...
FAILED test_queue2_MOSA.py::test_case_15 - AttributeError: 'NoneType' object ...
FAILED test_queue2_MOSA.py::test_case_18 - AttributeError: 'NoneType' object ...
FAILED test_queue2_MOSA.py::test_case_20 - AttributeError: 'NoneType' object ...
FAILED test_queue2_MOSA.py::test_case_21 - AttributeError: 'NoneType' object ...
FAILED test_queue2_MOSA.py::test_case_22 - AttributeError: 'NoneType' object ...
FAILED test_queue2_MOSA.py::test_case_23 - AttributeError: 'NoneType' object ...
FAILED test_queue2_WHOLE_SUITE.py::test_case_5 - AttributeError: 'NoneType' o...
FAILED test_queue2_WHOLE_SUITE.py::test_case_7 - AttributeError: 'NoneType' o...
FAILED test_queue2_WHOLE_SUITE.py::test_case_12 - AttributeError: 'NoneType' ...
======================== 30 failed, 77 passed in 0.66s =========================
</pre></div></div></div></div></div><div class="mb-1" id="job_list___sub_accordion_28"><div class="card"><a data-toggle="collapse" data-target="#job_list___sub_collapse_28_1" aria-expanded="false" aria-controls="job_list___sub_collapse_28_1" href="#" class="job_list___sub_multi_heading"><div role="alert" class="card-header alert-success" id="job_list___sub_heading_28_1"><button class="btn btn-outline-success"><span class="job_id">28 : Job ID 9861f0914dae426ca1f164047f695746</span></button></div></a><div aria-labelledby="job_list___sub_heading_28_1" data-parent="#job_list___sub_accordion_28" class="collapse job_list___sub_multi_collapse" id="job_list___sub_collapse_28_1"><div class="card-body"><div class="work-item"><div class="alert alert-success test-outcome" role="alert"><p>worker outcome: normal</p><p>test outcome: killed</p></div></div><pre class="location"><a href="pycharm://open?file=queue2.py&amp;line=104" class="text-secondary"><button class="btn btn-outline-dark">queue2.py, start pos: (104, 21), end pos: (104, 23)</button></a></pre><pre>operator: core/ReplaceComparisonOperator_Is_IsNot, occurrence: 3</pre><div class="alert alert-secondary"><pre class="diff">--- mutation diff ---
--- aqueue2.py
+++ bqueue2.py
@@ -101,7 +101,7 @@
 
     def pop(self):
         """Remove first value from queue."""
-        if self.head is None:
+        if self.head is not None:
             raise Exception ("Queue is empty.")
         val = self.head.value
         self.head = self.head.next</pre></div><div class="alert alert-secondary"><pre class="diff">============================= test session starts ==============================
platform linux -- Python 3.10.12, pytest-7.1.3, pluggy-1.0.0
rootdir: /home/lucca/desktop/ic/experimento/testes/python_experiments/queue2/ALL-SMART-GPT-COSMICRAY
plugins: Faker-15.1.1, hypothesis-6.56.3
collected 107 items

test_queue2_COSMICRAY.py .F                                              [  1%]
test_queue2_DYNAMOSA.py .............F.....F..........                   [ 29%]
test_queue2_MIO.py .....................FF...........                    [ 61%]
test_queue2_MOSA.py .....F......F.....F..F.....                          [ 86%]
test_queue2_WHOLE_SUITE.py .....F.F......                                [100%]

=========================== short test summary info ============================
FAILED test_queue2_COSMICRAY.py::test_pop_multiple_items - Exception: Queue i...
FAILED test_queue2_DYNAMOSA.py::test_case_13 - Exception: Queue is empty.
FAILED test_queue2_DYNAMOSA.py::test_case_19 - Exception: Queue is empty.
FAILED test_queue2_MIO.py::test_case_21 - Exception: Queue is empty.
FAILED test_queue2_MIO.py::test_case_22 - Exception: Queue is empty.
FAILED test_queue2_MOSA.py::test_case_5 - Exception: Queue is empty.
FAILED test_queue2_MOSA.py::test_case_12 - Exception: Queue is empty.
FAILED test_queue2_MOSA.py::test_case_18 - Exception: Queue is empty.
FAILED test_queue2_MOSA.py::test_case_21 - Exception: Queue is empty.
FAILED test_queue2_WHOLE_SUITE.py::test_case_5 - Exception: Queue is empty.
FAILED test_queue2_WHOLE_SUITE.py::test_case_7 - Exception: Queue is empty.
======================== 11 failed, 96 passed in 0.64s =========================
</pre></div></div></div></div></div><div class="mb-1" id="job_list___sub_accordion_29"><div class="card"><a data-toggle="collapse" data-target="#job_list___sub_collapse_29_1" aria-expanded="false" aria-controls="job_list___sub_collapse_29_1" href="#" class="job_list___sub_multi_heading"><div role="alert" class="card-header alert-success" id="job_list___sub_heading_29_1"><button class="btn btn-outline-success"><span class="job_id">29 : Job ID d6d8d739548e43c99ea6cc5f9f18a878</span></button></div></a><div aria-labelledby="job_list___sub_heading_29_1" data-parent="#job_list___sub_accordion_29" class="collapse job_list___sub_multi_collapse" id="job_list___sub_collapse_29_1"><div class="card-body"><div class="work-item"><div class="alert alert-success test-outcome" role="alert"><p>worker outcome: normal</p><p>test outcome: killed</p></div></div><pre class="location"><a href="pycharm://open?file=queue2.py&amp;line=108" class="text-secondary"><button class="btn btn-outline-dark">queue2.py, start pos: (108, 21), end pos: (108, 23)</button></a></pre><pre>operator: core/ReplaceComparisonOperator_Is_IsNot, occurrence: 4</pre><div class="alert alert-secondary"><pre class="diff">--- mutation diff ---
--- aqueue2.py
+++ bqueue2.py
@@ -105,7 +105,7 @@
             raise Exception ("Queue is empty.")
         val = self.head.value
         self.head = self.head.next
-        if self.head is None:
+        if self.head is not None:
             self.tail = None
         return val
 </pre></div><div class="alert alert-secondary"><pre class="diff">============================= test session starts ==============================
platform linux -- Python 3.10.12, pytest-7.1.3, pluggy-1.0.0
rootdir: /home/lucca/desktop/ic/experimento/testes/python_experiments/queue2/ALL-SMART-GPT-COSMICRAY
plugins: Faker-15.1.1, hypothesis-6.56.3
collected 107 items

test_queue2_COSMICRAY.py .F                                              [  1%]
test_queue2_DYNAMOSA.py ..............................                   [ 29%]
test_queue2_MIO.py ..................................                    [ 61%]
test_queue2_MOSA.py ...........................                          [ 86%]
test_queue2_WHOLE_SUITE.py ..............                                [100%]

=========================== short test summary info ============================
FAILED test_queue2_COSMICRAY.py::test_pop_multiple_items - AttributeError: 'N...
======================== 1 failed, 106 passed in 0.63s =========================
</pre></div></div></div></div></div><div class="mb-1" id="job_list___sub_accordion_30"><div class="card"><a data-toggle="collapse" data-target="#job_list___sub_collapse_30_1" aria-expanded="false" aria-controls="job_list___sub_collapse_30_1" href="#" class="job_list___sub_multi_heading"><div role="alert" class="card-header alert-success" id="job_list___sub_heading_30_1"><button class="btn btn-outline-success"><span class="job_id">30 : Job ID ec5b25ec24a44b14bd3d6951d31a90ce</span></button></div></a><div aria-labelledby="job_list___sub_heading_30_1" data-parent="#job_list___sub_accordion_30" class="collapse job_list___sub_multi_collapse" id="job_list___sub_collapse_30_1"><div class="card-body"><div class="work-item"><div class="alert alert-success test-outcome" role="alert"><p>worker outcome: normal</p><p>test outcome: killed</p></div></div><pre class="location"><a href="pycharm://open?file=queue2.py&amp;line=121" class="text-secondary"><button class="btn btn-outline-dark">queue2.py, start pos: (121, 21), end pos: (121, 23)</button></a></pre><pre>operator: core/ReplaceComparisonOperator_Is_IsNot, occurrence: 5</pre><div class="alert alert-secondary"><pre class="diff">--- mutation diff ---
--- aqueue2.py
+++ bqueue2.py
@@ -118,7 +118,7 @@
         
     def __repr__(self):
         """String representation of queue."""
-        if self.head is None:
+        if self.head is not None:
             return 'queue:[]'
 
         return 'queue:[{0:s}]'.format(','.join(map(str,self)))</pre></div><div class="alert alert-secondary"><pre class="diff">============================= test session starts ==============================
platform linux -- Python 3.10.12, pytest-7.1.3, pluggy-1.0.0
rootdir: /home/lucca/desktop/ic/experimento/testes/python_experiments/queue2/ALL-SMART-GPT-COSMICRAY
plugins: Faker-15.1.1, hypothesis-6.56.3
collected 107 items

test_queue2_COSMICRAY.py ..                                              [  1%]
test_queue2_DYNAMOSA.py ..............................                   [ 29%]
test_queue2_MIO.py .........................F........                    [ 61%]
test_queue2_MOSA.py ...............F...........                          [ 86%]
test_queue2_WHOLE_SUITE.py .......F....F.                                [100%]

=========================== short test summary info ============================
FAILED test_queue2_MIO.py::test_case_25 - AssertionError: assert 'queue:[]' =...
FAILED test_queue2_MOSA.py::test_case_15 - AssertionError: assert 'queue:[]' ...
FAILED test_queue2_WHOLE_SUITE.py::test_case_7 - AssertionError: assert 'queu...
FAILED test_queue2_WHOLE_SUITE.py::test_case_12 - AssertionError: assert 'que...
======================== 4 failed, 103 passed in 0.63s =========================
</pre></div></div></div></div></div><div class="mb-1" id="job_list___sub_accordion_31"><div class="card"><a data-toggle="collapse" data-target="#job_list___sub_collapse_31_1" aria-expanded="false" aria-controls="job_list___sub_collapse_31_1" href="#" class="job_list___sub_multi_heading"><div role="alert" class="card-header alert-success" id="job_list___sub_heading_31_1"><button class="btn btn-outline-success"><span class="job_id">31 : Job ID 5af98c48904a4227a7ca974b56915189</span></button></div></a><div aria-labelledby="job_list___sub_heading_31_1" data-parent="#job_list___sub_accordion_31" class="collapse job_list___sub_multi_collapse" id="job_list___sub_collapse_31_1"><div class="card-body"><div class="work-item"><div class="alert alert-success test-outcome" role="alert"><p>worker outcome: normal</p><p>test outcome: killed</p></div></div><pre class="location"><a href="pycharm://open?file=queue2.py&amp;line=15" class="text-secondary"><button class="btn btn-outline-dark">queue2.py, start pos: (15, 14), end pos: (15, 39)</button></a></pre><pre>operator: core/AddNot, occurrence: 0</pre><div class="alert alert-secondary"><pre class="diff">--- mutation diff ---
--- aqueue2.py
+++ bqueue2.py
@@ -12,7 +12,7 @@
     def checkInfinite(self):
         """Check whether infinite loop via next."""
         p1 = p2 = self
-        while p1 != None and p2 != None:
+        while not p1 != None and p2 != None:
             if p2.next == None: return False
 
             p1 = p1.next</pre></div><div class="alert alert-secondary"><pre class="diff">============================= test session starts ==============================
platform linux -- Python 3.10.12, pytest-7.1.3, pluggy-1.0.0
rootdir: /home/lucca/desktop/ic/experimento/testes/python_experiments/queue2/ALL-SMART-GPT-COSMICRAY
plugins: Faker-15.1.1, hypothesis-6.56.3
collected 107 items

test_queue2_COSMICRAY.py F.                                              [  1%]
test_queue2_DYNAMOSA.py ..............................                   [ 29%]
test_queue2_MIO.py ..................................                    [ 61%]
test_queue2_MOSA.py ...........................                          [ 86%]
test_queue2_WHOLE_SUITE.py ..............                                [100%]

=========================== short test summary info ============================
FAILED test_queue2_COSMICRAY.py::test_check_infinite - assert False == True
======================== 1 failed, 106 passed in 0.66s =========================
</pre></div></div></div></div></div><div class="mb-1" id="job_list___sub_accordion_32"><div class="card"><a data-toggle="collapse" data-target="#job_list___sub_collapse_32_1" aria-expanded="false" aria-controls="job_list___sub_collapse_32_1" href="#" class="job_list___sub_multi_heading"><div role="alert" class="card-header alert-success" id="job_list___sub_heading_32_1"><button class="btn btn-outline-success"><span class="job_id">32 : Job ID 0ce5d58e02d346069788df7031840b02</span></button></div></a><div aria-labelledby="job_list___sub_heading_32_1" data-parent="#job_list___sub_accordion_32" class="collapse job_list___sub_multi_collapse" id="job_list___sub_collapse_32_1"><div class="card-body"><div class="work-item"><div class="alert alert-success test-outcome" role="alert"><p>worker outcome: normal</p><p>test outcome: killed</p></div></div><pre class="location"><a href="pycharm://open?file=queue2.py&amp;line=16" class="text-secondary"><button class="btn btn-outline-dark">queue2.py, start pos: (16, 15), end pos: (16, 30)</button></a></pre><pre>operator: core/AddNot, occurrence: 1</pre><div class="alert alert-secondary"><pre class="diff">--- mutation diff ---
--- aqueue2.py
+++ bqueue2.py
@@ -13,7 +13,7 @@
         """Check whether infinite loop via next."""
         p1 = p2 = self
         while p1 != None and p2 != None:
-            if p2.next == None: return False
+            if not p2.next == None: return False
 
             p1 = p1.next
             p2 = p2.next.next</pre></div><div class="alert alert-secondary"><pre class="diff">============================= test session starts ==============================
platform linux -- Python 3.10.12, pytest-7.1.3, pluggy-1.0.0
rootdir: /home/lucca/desktop/ic/experimento/testes/python_experiments/queue2/ALL-SMART-GPT-COSMICRAY
plugins: Faker-15.1.1, hypothesis-6.56.3
collected 107 items

test_queue2_COSMICRAY.py F.                                              [  1%]
test_queue2_DYNAMOSA.py F.F...........F............F..                   [ 29%]
test_queue2_MIO.py F.................................                    [ 61%]
test_queue2_MOSA.py F....F............F.FF.....                          [ 86%]
test_queue2_WHOLE_SUITE.py ..F...........                                [100%]

=========================== short test summary info ============================
FAILED test_queue2_COSMICRAY.py::test_check_infinite - assert False == True
FAILED test_queue2_DYNAMOSA.py::test_case_0 - AttributeError: 'NoneType' obje...
FAILED test_queue2_DYNAMOSA.py::test_case_2 - AttributeError: 'NoneType' obje...
FAILED test_queue2_DYNAMOSA.py::test_case_14 - AttributeError: 'NoneType' obj...
FAILED test_queue2_DYNAMOSA.py::test_case_27 - AttributeError: 'NoneType' obj...
FAILED test_queue2_MIO.py::test_case_0 - AttributeError: 'NoneType' object ha...
FAILED test_queue2_MOSA.py::test_case_0 - AttributeError: 'NoneType' object h...
FAILED test_queue2_MOSA.py::test_case_5 - AttributeError: 'NoneType' object h...
FAILED test_queue2_MOSA.py::test_case_18 - AttributeError: 'NoneType' object ...
FAILED test_queue2_MOSA.py::test_case_20 - AttributeError: 'NoneType' object ...
FAILED test_queue2_MOSA.py::test_case_21 - AttributeError: 'NoneType' object ...
FAILED test_queue2_WHOLE_SUITE.py::test_case_2 - AttributeError: 'NoneType' o...
======================== 12 failed, 95 passed in 0.63s =========================
</pre></div></div></div></div></div><div class="mb-1" id="job_list___sub_accordion_33"><div class="card"><a data-toggle="collapse" data-target="#job_list___sub_collapse_33_1" aria-expanded="false" aria-controls="job_list___sub_collapse_33_1" href="#" class="job_list___sub_multi_heading"><div role="alert" class="card-header alert-success" id="job_list___sub_heading_33_1"><button class="btn btn-outline-success"><span class="job_id">33 : Job ID 9567079e671c4aeea2db02839bf8375a</span></button></div></a><div aria-labelledby="job_list___sub_heading_33_1" data-parent="#job_list___sub_accordion_33" class="collapse job_list___sub_multi_collapse" id="job_list___sub_collapse_33_1"><div class="card-body"><div class="work-item"><div class="alert alert-success test-outcome" role="alert"><p>worker outcome: normal</p><p>test outcome: killed</p></div></div><pre class="location"><a href="pycharm://open?file=queue2.py&amp;line=21" class="text-secondary"><button class="btn btn-outline-dark">queue2.py, start pos: (21, 15), end pos: (21, 23)</button></a></pre><pre>operator: core/AddNot, occurrence: 2</pre><div class="alert alert-secondary"><pre class="diff">--- mutation diff ---
--- aqueue2.py
+++ bqueue2.py
@@ -18,7 +18,7 @@
             p1 = p1.next
             p2 = p2.next.next
             
-            if p1 == p2: return True
+            if not p1 == p2: return True
         return False
 
 class LinkedList:</pre></div><div class="alert alert-secondary"><pre class="diff">============================= test session starts ==============================
platform linux -- Python 3.10.12, pytest-7.1.3, pluggy-1.0.0
rootdir: /home/lucca/desktop/ic/experimento/testes/python_experiments/queue2/ALL-SMART-GPT-COSMICRAY
plugins: Faker-15.1.1, hypothesis-6.56.3
collected 107 items

test_queue2_COSMICRAY.py ..                                              [  1%]
test_queue2_DYNAMOSA.py .............F.......F.......F                   [ 29%]
test_queue2_MIO.py ..F...............................                    [ 61%]
test_queue2_MOSA.py ...FF..........F.........F.                          [ 86%]
test_queue2_WHOLE_SUITE.py ..............                                [100%]

=========================== short test summary info ============================
FAILED test_queue2_DYNAMOSA.py::test_case_13 - assert True is False
FAILED test_queue2_DYNAMOSA.py::test_case_21 - assert True is False
FAILED test_queue2_DYNAMOSA.py::test_case_29 - assert True is False
FAILED test_queue2_MIO.py::test_case_2 - assert True is False
FAILED test_queue2_MOSA.py::test_case_3 - assert True is False
FAILED test_queue2_MOSA.py::test_case_4 - assert True is False
FAILED test_queue2_MOSA.py::test_case_15 - assert True is False
FAILED test_queue2_MOSA.py::test_case_25 - assert True is False
========================= 8 failed, 99 passed in 0.63s =========================
</pre></div></div></div></div></div><div class="mb-1" id="job_list___sub_accordion_34"><div class="card"><a data-toggle="collapse" data-target="#job_list___sub_collapse_34_1" aria-expanded="false" aria-controls="job_list___sub_collapse_34_1" href="#" class="job_list___sub_multi_heading"><div role="alert" class="card-header alert-success" id="job_list___sub_heading_34_1"><button class="btn btn-outline-success"><span class="job_id">34 : Job ID 2220fa1a26f8473c8003fb3c9ee3f042</span></button></div></a><div aria-labelledby="job_list___sub_heading_34_1" data-parent="#job_list___sub_accordion_34" class="collapse job_list___sub_multi_collapse" id="job_list___sub_collapse_34_1"><div class="card-body"><div class="work-item"><div class="alert alert-success test-outcome" role="alert"><p>worker outcome: normal</p><p>test outcome: killed</p></div></div><pre class="location"><a href="pycharm://open?file=queue2.py&amp;line=37" class="text-secondary"><button class="btn btn-outline-dark">queue2.py, start pos: (37, 11), end pos: (37, 28)</button></a></pre><pre>operator: core/AddNot, occurrence: 3</pre><div class="alert alert-secondary"><pre class="diff">--- mutation diff ---
--- aqueue2.py
+++ bqueue2.py
@@ -34,7 +34,7 @@
 
     def pop(self):
         """Remove first value in list."""
-        if self.head is None:
+        if not self.head is None:
             raise Exception ("Linked list is empty.")
         val = self.head.value
         self.head = self.head.next</pre></div><div class="alert alert-secondary"><pre class="diff">============================= test session starts ==============================
platform linux -- Python 3.10.12, pytest-7.1.3, pluggy-1.0.0
rootdir: /home/lucca/desktop/ic/experimento/testes/python_experiments/queue2/ALL-SMART-GPT-COSMICRAY
plugins: Faker-15.1.1, hypothesis-6.56.3
collected 107 items

test_queue2_COSMICRAY.py ..                                              [  1%]
test_queue2_DYNAMOSA.py ....F.........................                   [ 29%]
test_queue2_MIO.py .......F..........................                    [ 61%]
test_queue2_MOSA.py ....F.................F....                          [ 86%]
test_queue2_WHOLE_SUITE.py ....F.........                                [100%]

=========================== short test summary info ============================
FAILED test_queue2_DYNAMOSA.py::test_case_4 - Exception: Linked list is empty.
FAILED test_queue2_MIO.py::test_case_7 - Exception: Linked list is empty.
FAILED test_queue2_MOSA.py::test_case_4 - Exception: Linked list is empty.
FAILED test_queue2_MOSA.py::test_case_22 - Exception: Linked list is empty.
FAILED test_queue2_WHOLE_SUITE.py::test_case_4 - Exception: Linked list is em...
======================== 5 failed, 102 passed in 0.64s =========================
</pre></div></div></div></div></div><div class="mb-1" id="job_list___sub_accordion_35"><div class="card"><a data-toggle="collapse" data-target="#job_list___sub_collapse_35_1" aria-expanded="false" aria-controls="job_list___sub_collapse_35_1" href="#" class="job_list___sub_multi_heading"><div role="alert" class="card-header alert-success" id="job_list___sub_heading_35_1"><button class="btn btn-outline-success"><span class="job_id">35 : Job ID d073d44de7954fcf8afc6aafdd974668</span></button></div></a><div aria-labelledby="job_list___sub_heading_35_1" data-parent="#job_list___sub_accordion_35" class="collapse job_list___sub_multi_collapse" id="job_list___sub_collapse_35_1"><div class="card-body"><div class="work-item"><div class="alert alert-success test-outcome" role="alert"><p>worker outcome: normal</p><p>test outcome: killed</p></div></div><pre class="location"><a href="pycharm://open?file=queue2.py&amp;line=47" class="text-secondary"><button class="btn btn-outline-dark">queue2.py, start pos: (47, 14), end pos: (47, 23)</button></a></pre><pre>operator: core/AddNot, occurrence: 4</pre><div class="alert alert-secondary"><pre class="diff">--- mutation diff ---
--- aqueue2.py
+++ bqueue2.py
@@ -44,7 +44,7 @@
         """Remove value from list."""
         n = self.head
         last = None
-        while n != None:
+        while not n != None:
             if n.value == value:
                 if last == None:
                     self.head = self.head.next</pre></div><div class="alert alert-secondary"><pre class="diff">============================= test session starts ==============================
platform linux -- Python 3.10.12, pytest-7.1.3, pluggy-1.0.0
rootdir: /home/lucca/desktop/ic/experimento/testes/python_experiments/queue2/ALL-SMART-GPT-COSMICRAY
plugins: Faker-15.1.1, hypothesis-6.56.3
collected 107 items

test_queue2_COSMICRAY.py ..                                              [  1%]
test_queue2_DYNAMOSA.py .F...F............F......F.F..                   [ 29%]
test_queue2_MIO.py ........F..F......................                    [ 61%]
test_queue2_MOSA.py ..F..F.....F.F.......F.....                          [ 86%]
test_queue2_WHOLE_SUITE.py .F........F...                                [100%]

=========================== short test summary info ============================
FAILED test_queue2_DYNAMOSA.py::test_case_1 - assert False is True
FAILED test_queue2_DYNAMOSA.py::test_case_5 - AttributeError: 'NoneType' obje...
FAILED test_queue2_DYNAMOSA.py::test_case_18 - assert False is True
FAILED test_queue2_DYNAMOSA.py::test_case_25 - assert False is True
FAILED test_queue2_DYNAMOSA.py::test_case_27 - AttributeError: 'NoneType' obj...
FAILED test_queue2_MIO.py::test_case_8 - assert False is True
FAILED test_queue2_MIO.py::test_case_11 - AttributeError: 'NoneType' object h...
FAILED test_queue2_MOSA.py::test_case_2 - assert False is True
FAILED test_queue2_MOSA.py::test_case_5 - assert False is True
FAILED test_queue2_MOSA.py::test_case_11 - assert False is True
FAILED test_queue2_MOSA.py::test_case_13 - assert False is True
FAILED test_queue2_MOSA.py::test_case_21 - assert False is True
FAILED test_queue2_WHOLE_SUITE.py::test_case_1 - AttributeError: 'NoneType' o...
FAILED test_queue2_WHOLE_SUITE.py::test_case_10 - assert False is True
======================== 14 failed, 93 passed in 0.63s =========================
</pre></div></div></div></div></div><div class="mb-1" id="job_list___sub_accordion_36"><div class="card"><a data-toggle="collapse" data-target="#job_list___sub_collapse_36_1" aria-expanded="false" aria-controls="job_list___sub_collapse_36_1" href="#" class="job_list___sub_multi_heading"><div role="alert" class="card-header alert-success" id="job_list___sub_heading_36_1"><button class="btn btn-outline-success"><span class="job_id">36 : Job ID 47c0b678fa954fa8ac25d34a8162c953</span></button></div></a><div aria-labelledby="job_list___sub_heading_36_1" data-parent="#job_list___sub_accordion_36" class="collapse job_list___sub_multi_collapse" id="job_list___sub_collapse_36_1"><div class="card-body"><div class="work-item"><div class="alert alert-success test-outcome" role="alert"><p>worker outcome: normal</p><p>test outcome: killed</p></div></div><pre class="location"><a href="pycharm://open?file=queue2.py&amp;line=48" class="text-secondary"><button class="btn btn-outline-dark">queue2.py, start pos: (48, 15), end pos: (48, 31)</button></a></pre><pre>operator: core/AddNot, occurrence: 5</pre><div class="alert alert-secondary"><pre class="diff">--- mutation diff ---
--- aqueue2.py
+++ bqueue2.py
@@ -45,7 +45,7 @@
         n = self.head
         last = None
         while n != None:
-            if n.value == value:
+            if not n.value == value:
                 if last == None:
                     self.head = self.head.next
                 else:</pre></div><div class="alert alert-secondary"><pre class="diff">============================= test session starts ==============================
platform linux -- Python 3.10.12, pytest-7.1.3, pluggy-1.0.0
rootdir: /home/lucca/desktop/ic/experimento/testes/python_experiments/queue2/ALL-SMART-GPT-COSMICRAY
plugins: Faker-15.1.1, hypothesis-6.56.3
collected 107 items

test_queue2_COSMICRAY.py ..                                              [  1%]
test_queue2_DYNAMOSA.py .F................FF..F...F...                   [ 29%]
test_queue2_MIO.py ........FFF.......................                    [ 61%]
test_queue2_MOSA.py ..F..F.....F.F....F..F.FF..                          [ 86%]
test_queue2_WHOLE_SUITE.py ....F.....F...                                [100%]

=========================== short test summary info ============================
FAILED test_queue2_DYNAMOSA.py::test_case_1 - assert False is True
FAILED test_queue2_DYNAMOSA.py::test_case_18 - assert False is True
FAILED test_queue2_DYNAMOSA.py::test_case_19 - assert True is False
FAILED test_queue2_DYNAMOSA.py::test_case_22 - assert True is False
FAILED test_queue2_DYNAMOSA.py::test_case_26 - assert True is False
FAILED test_queue2_MIO.py::test_case_8 - assert False is True
FAILED test_queue2_MIO.py::test_case_9 - assert True is False
FAILED test_queue2_MIO.py::test_case_10 - assert True is False
FAILED test_queue2_MOSA.py::test_case_2 - assert False is True
FAILED test_queue2_MOSA.py::test_case_5 - assert False is True
FAILED test_queue2_MOSA.py::test_case_11 - assert False is True
FAILED test_queue2_MOSA.py::test_case_13 - assert False is True
FAILED test_queue2_MOSA.py::test_case_18 - assert True is False
FAILED test_queue2_MOSA.py::test_case_21 - assert False is True
FAILED test_queue2_MOSA.py::test_case_23 - assert True is False
FAILED test_queue2_MOSA.py::test_case_24 - assert True is False
FAILED test_queue2_WHOLE_SUITE.py::test_case_4 - assert True is False
FAILED test_queue2_WHOLE_SUITE.py::test_case_10 - assert True is False
======================== 18 failed, 89 passed in 0.65s =========================
</pre></div></div></div></div></div><div class="mb-1" id="job_list___sub_accordion_37"><div class="card"><a data-toggle="collapse" data-target="#job_list___sub_collapse_37_1" aria-expanded="false" aria-controls="job_list___sub_collapse_37_1" href="#" class="job_list___sub_multi_heading"><div role="alert" class="card-header alert-success" id="job_list___sub_heading_37_1"><button class="btn btn-outline-success"><span class="job_id">37 : Job ID cb8bb1df705d4f9eacacff48142600d4</span></button></div></a><div aria-labelledby="job_list___sub_heading_37_1" data-parent="#job_list___sub_accordion_37" class="collapse job_list___sub_multi_collapse" id="job_list___sub_collapse_37_1"><div class="card-body"><div class="work-item"><div class="alert alert-success test-outcome" role="alert"><p>worker outcome: normal</p><p>test outcome: killed</p></div></div><pre class="location"><a href="pycharm://open?file=queue2.py&amp;line=49" class="text-secondary"><button class="btn btn-outline-dark">queue2.py, start pos: (49, 19), end pos: (49, 31)</button></a></pre><pre>operator: core/AddNot, occurrence: 6</pre><div class="alert alert-secondary"><pre class="diff">--- mutation diff ---
--- aqueue2.py
+++ bqueue2.py
@@ -46,7 +46,7 @@
         last = None
         while n != None:
             if n.value == value:
-                if last == None:
+                if not last == None:
                     self.head = self.head.next
                 else:
                     last.next = n.next</pre></div><div class="alert alert-secondary"><pre class="diff">============================= test session starts ==============================
platform linux -- Python 3.10.12, pytest-7.1.3, pluggy-1.0.0
rootdir: /home/lucca/desktop/ic/experimento/testes/python_experiments/queue2/ALL-SMART-GPT-COSMICRAY
plugins: Faker-15.1.1, hypothesis-6.56.3
collected 107 items

test_queue2_COSMICRAY.py ..                                              [  1%]
test_queue2_DYNAMOSA.py .F................F...........                   [ 29%]
test_queue2_MIO.py ........F.........................                    [ 61%]
test_queue2_MOSA.py ..F..F.....F.F.......F.....                          [ 86%]
test_queue2_WHOLE_SUITE.py ..........F...                                [100%]

=========================== short test summary info ============================
FAILED test_queue2_DYNAMOSA.py::test_case_1 - AttributeError: 'NoneType' obje...
FAILED test_queue2_DYNAMOSA.py::test_case_18 - AttributeError: 'NoneType' obj...
FAILED test_queue2_MIO.py::test_case_8 - AttributeError: 'NoneType' object ha...
FAILED test_queue2_MOSA.py::test_case_2 - AttributeError: 'NoneType' object h...
FAILED test_queue2_MOSA.py::test_case_5 - AttributeError: 'NoneType' object h...
FAILED test_queue2_MOSA.py::test_case_11 - AttributeError: 'NoneType' object ...
FAILED test_queue2_MOSA.py::test_case_13 - AttributeError: 'NoneType' object ...
FAILED test_queue2_MOSA.py::test_case_21 - AttributeError: 'NoneType' object ...
FAILED test_queue2_WHOLE_SUITE.py::test_case_10 - AttributeError: 'NoneType' ...
========================= 9 failed, 98 passed in 0.63s =========================
</pre></div></div></div></div></div><div class="mb-1" id="job_list___sub_accordion_38"><div class="card"><a data-toggle="collapse" data-target="#job_list___sub_collapse_38_1" aria-expanded="false" aria-controls="job_list___sub_collapse_38_1" href="#" class="job_list___sub_multi_heading"><div role="alert" class="card-header alert-success" id="job_list___sub_heading_38_1"><button class="btn btn-outline-success"><span class="job_id">38 : Job ID b8f97aa419ca4a598e3e85060e08450b</span></button></div></a><div aria-labelledby="job_list___sub_heading_38_1" data-parent="#job_list___sub_accordion_38" class="collapse job_list___sub_multi_collapse" id="job_list___sub_collapse_38_1"><div class="card-body"><div class="work-item"><div class="alert alert-success test-outcome" role="alert"><p>worker outcome: normal</p><p>test outcome: killed</p></div></div><pre class="location"><a href="pycharm://open?file=queue2.py&amp;line=61" class="text-secondary"><button class="btn btn-outline-dark">queue2.py, start pos: (61, 14), end pos: (61, 23)</button></a></pre><pre>operator: core/AddNot, occurrence: 7</pre><div class="alert alert-secondary"><pre class="diff">--- mutation diff ---
--- aqueue2.py
+++ bqueue2.py
@@ -58,7 +58,7 @@
     def __iter__(self):
         """Iterator of values in the list."""
         n = self.head
-        while n != None:
+        while not n != None:
             yield n.value
             n = n.next
         </pre></div><div class="alert alert-secondary"><pre class="diff">============================= test session starts ==============================
platform linux -- Python 3.10.12, pytest-7.1.3, pluggy-1.0.0
rootdir: /home/lucca/desktop/ic/experimento/testes/python_experiments/queue2/ALL-SMART-GPT-COSMICRAY
plugins: Faker-15.1.1, hypothesis-6.56.3
collected 107 items

test_queue2_COSMICRAY.py ..                                              [  1%]
test_queue2_DYNAMOSA.py .......F...........FF.FF......                   [ 29%]
test_queue2_MIO.py ............FF....................                    [ 61%]
test_queue2_MOSA.py .F......F..................                          [ 86%]
test_queue2_WHOLE_SUITE.py ....F....F....                                [100%]

=========================== short test summary info ============================
FAILED test_queue2_DYNAMOSA.py::test_case_7 - assert 0 == 1
FAILED test_queue2_DYNAMOSA.py::test_case_19 - AssertionError: assert 'link:[...
FAILED test_queue2_DYNAMOSA.py::test_case_20 - AttributeError: 'NoneType' obj...
FAILED test_queue2_DYNAMOSA.py::test_case_22 - AssertionError: assert 'link:[...
FAILED test_queue2_DYNAMOSA.py::test_case_23 - AssertionError: assert 'link:[...
FAILED test_queue2_MIO.py::test_case_12 - AssertionError: assert 'link:[]' ==...
FAILED test_queue2_MIO.py::test_case_13 - AttributeError: 'NoneType' object h...
FAILED test_queue2_MOSA.py::test_case_1 - AssertionError: assert 'link:[]' ==...
FAILED test_queue2_MOSA.py::test_case_8 - AttributeError: 'NoneType' object h...
FAILED test_queue2_WHOLE_SUITE.py::test_case_4 - AssertionError: assert 'link...
FAILED test_queue2_WHOLE_SUITE.py::test_case_9 - AttributeError: 'NoneType' o...
======================== 11 failed, 96 passed in 0.65s =========================
</pre></div></div></div></div></div><div class="mb-1" id="job_list___sub_accordion_39"><div class="card"><a data-toggle="collapse" data-target="#job_list___sub_collapse_39_1" aria-expanded="false" aria-controls="job_list___sub_collapse_39_1" href="#" class="job_list___sub_multi_heading"><div role="alert" class="card-header alert-success" id="job_list___sub_heading_39_1"><button class="btn btn-outline-success"><span class="job_id">39 : Job ID 5f3ef25335e44b20badcdd14f34a968c</span></button></div></a><div aria-labelledby="job_list___sub_heading_39_1" data-parent="#job_list___sub_accordion_39" class="collapse job_list___sub_multi_collapse" id="job_list___sub_collapse_39_1"><div class="card-body"><div class="work-item"><div class="alert alert-success test-outcome" role="alert"><p>worker outcome: normal</p><p>test outcome: killed</p></div></div><pre class="location"><a href="pycharm://open?file=queue2.py&amp;line=67" class="text-secondary"><button class="btn btn-outline-dark">queue2.py, start pos: (67, 11), end pos: (67, 28)</button></a></pre><pre>operator: core/AddNot, occurrence: 8</pre><div class="alert alert-secondary"><pre class="diff">--- mutation diff ---
--- aqueue2.py
+++ bqueue2.py
@@ -64,7 +64,7 @@
         
     def __repr__(self):
         """String representation of linked list."""
-        if self.head is None:
+        if not self.head is None:
             return 'link:[]'
 
         return 'link:[{0:s}]'.format(','.join(map(str,self)))</pre></div><div class="alert alert-secondary"><pre class="diff">============================= test session starts ==============================
platform linux -- Python 3.10.12, pytest-7.1.3, pluggy-1.0.0
rootdir: /home/lucca/desktop/ic/experimento/testes/python_experiments/queue2/ALL-SMART-GPT-COSMICRAY
plugins: Faker-15.1.1, hypothesis-6.56.3
collected 107 items

test_queue2_COSMICRAY.py ..                                              [  1%]
test_queue2_DYNAMOSA.py ...................F..FF......                   [ 29%]
test_queue2_MIO.py ............F.....................                    [ 61%]
test_queue2_MOSA.py .F.........................                          [ 86%]
test_queue2_WHOLE_SUITE.py ....F.........                                [100%]

=========================== short test summary info ============================
FAILED test_queue2_DYNAMOSA.py::test_case_19 - AssertionError: assert 'link:[...
FAILED test_queue2_DYNAMOSA.py::test_case_22 - AssertionError: assert 'link:[...
FAILED test_queue2_DYNAMOSA.py::test_case_23 - AssertionError: assert 'link:[...
FAILED test_queue2_MIO.py::test_case_12 - AssertionError: assert 'link:[]' ==...
FAILED test_queue2_MOSA.py::test_case_1 - AssertionError: assert 'link:[]' ==...
FAILED test_queue2_WHOLE_SUITE.py::test_case_4 - AssertionError: assert 'link...
======================== 6 failed, 101 passed in 0.62s =========================
</pre></div></div></div></div></div><div class="mb-1" id="job_list___sub_accordion_40"><div class="card"><a data-toggle="collapse" data-target="#job_list___sub_collapse_40_1" aria-expanded="false" aria-controls="job_list___sub_collapse_40_1" href="#" class="job_list___sub_multi_heading"><div role="alert" class="card-header alert-success" id="job_list___sub_heading_40_1"><button class="btn btn-outline-success"><span class="job_id">40 : Job ID 65bbdb9d3ad34172b08c62664ef361f5</span></button></div></a><div aria-labelledby="job_list___sub_heading_40_1" data-parent="#job_list___sub_accordion_40" class="collapse job_list___sub_multi_collapse" id="job_list___sub_collapse_40_1"><div class="card-body"><div class="work-item"><div class="alert alert-success test-outcome" role="alert"><p>worker outcome: normal</p><p>test outcome: killed</p></div></div><pre class="location"><a href="pycharm://open?file=queue2.py&amp;line=76" class="text-secondary"><button class="btn btn-outline-dark">queue2.py, start pos: (76, 14), end pos: (76, 23)</button></a></pre><pre>operator: core/AddNot, occurrence: 9</pre><div class="alert alert-secondary"><pre class="diff">--- mutation diff ---
--- aqueue2.py
+++ bqueue2.py
@@ -73,7 +73,7 @@
         """Count values in list."""
         n = self.head
         count = 0
-        while n != None:
+        while not n != None:
             count += 1
             n = n.next
         return count</pre></div><div class="alert alert-secondary"><pre class="diff">============================= test session starts ==============================
platform linux -- Python 3.10.12, pytest-7.1.3, pluggy-1.0.0
rootdir: /home/lucca/desktop/ic/experimento/testes/python_experiments/queue2/ALL-SMART-GPT-COSMICRAY
plugins: Faker-15.1.1, hypothesis-6.56.3
collected 107 items

test_queue2_COSMICRAY.py ..                                              [  1%]
test_queue2_DYNAMOSA.py .FFFFFFFF....FF...FFF.FFFFFF..                   [ 29%]
test_queue2_MIO.py ....FFFFFFFFFFFFF...............F.                    [ 61%]
test_queue2_MOSA.py .FFFFFFFF..F.F.FF.F..FFFF..                          [ 86%]
test_queue2_WHOLE_SUITE.py .FF.F....FF.FF                                [100%]

=========================== short test summary info ============================
FAILED test_queue2_DYNAMOSA.py::test_case_1 - assert 0 == 2
FAILED test_queue2_DYNAMOSA.py::test_case_2 - AttributeError: 'NoneType' obje...
FAILED test_queue2_DYNAMOSA.py::test_case_3 - AttributeError: 'NoneType' obje...
FAILED test_queue2_DYNAMOSA.py::test_case_4 - AttributeError: 'NoneType' obje...
FAILED test_queue2_DYNAMOSA.py::test_case_5 - AttributeError: 'NoneType' obje...
FAILED test_queue2_DYNAMOSA.py::test_case_6 - AttributeError: 'NoneType' obje...
FAILED test_queue2_DYNAMOSA.py::test_case_7 - AttributeError: 'NoneType' obje...
FAILED test_queue2_DYNAMOSA.py::test_case_8 - AttributeError: 'NoneType' obje...
FAILED test_queue2_DYNAMOSA.py::test_case_13 - AttributeError: 'NoneType' obj...
FAILED test_queue2_DYNAMOSA.py::test_case_14 - AttributeError: 'NoneType' obj...
FAILED test_queue2_DYNAMOSA.py::test_case_18 - assert 0 == 2
FAILED test_queue2_DYNAMOSA.py::test_case_19 - AttributeError: 'NoneType' obj...
FAILED test_queue2_DYNAMOSA.py::test_case_20 - AttributeError: 'NoneType' obj...
FAILED test_queue2_DYNAMOSA.py::test_case_22 - AttributeError: 'NoneType' obj...
FAILED test_queue2_DYNAMOSA.py::test_case_23 - assert 0 == 3
FAILED test_queue2_DYNAMOSA.py::test_case_24 - assert 0 == 3
FAILED test_queue2_DYNAMOSA.py::test_case_25 - AssertionError: assert 0 == 4
FAILED test_queue2_DYNAMOSA.py::test_case_26 - AttributeError: 'NoneType' obj...
FAILED test_queue2_DYNAMOSA.py::test_case_27 - AttributeError: 'NoneType' obj...
FAILED test_queue2_MIO.py::test_case_4 - assert 0 == 6
FAILED test_queue2_MIO.py::test_case_5 - AttributeError: 'NoneType' object ha...
FAILED test_queue2_MIO.py::test_case_6 - AttributeError: 'NoneType' object ha...
FAILED test_queue2_MIO.py::test_case_7 - AttributeError: 'NoneType' object ha...
FAILED test_queue2_MIO.py::test_case_8 - AttributeError: 'NoneType' object ha...
FAILED test_queue2_MIO.py::test_case_9 - AttributeError: 'NoneType' object ha...
FAILED test_queue2_MIO.py::test_case_10 - assert 0 == 7
FAILED test_queue2_MIO.py::test_case_11 - AttributeError: 'NoneType' object h...
FAILED test_queue2_MIO.py::test_case_12 - assert 0 == 2
FAILED test_queue2_MIO.py::test_case_13 - AttributeError: 'NoneType' object h...
FAILED test_queue2_MIO.py::test_case_14 - AttributeError: 'NoneType' object h...
FAILED test_queue2_MIO.py::test_case_15 - assert 0 == 2
FAILED test_queue2_MIO.py::test_case_16 - AttributeError: 'NoneType' object h...
FAILED test_queue2_MIO.py::test_case_32 - AttributeError: 'NoneType' object h...
FAILED test_queue2_MOSA.py::test_case_1 - assert 0 == 3
FAILED test_queue2_MOSA.py::test_case_2 - AttributeError: 'NoneType' object h...
FAILED test_queue2_MOSA.py::test_case_3 - AttributeError: 'NoneType' object h...
FAILED test_queue2_MOSA.py::test_case_4 - AttributeError: 'NoneType' object h...
FAILED test_queue2_MOSA.py::test_case_5 - AttributeError: 'NoneType' object h...
FAILED test_queue2_MOSA.py::test_case_6 - AttributeError: 'NoneType' object h...
FAILED test_queue2_MOSA.py::test_case_7 - assert 0 == 1
FAILED test_queue2_MOSA.py::test_case_8 - AttributeError: 'NoneType' object h...
FAILED test_queue2_MOSA.py::test_case_11 - assert 0 == 1
FAILED test_queue2_MOSA.py::test_case_13 - AttributeError: 'NoneType' object ...
FAILED test_queue2_MOSA.py::test_case_15 - AttributeError: 'NoneType' object ...
FAILED test_queue2_MOSA.py::test_case_16 - AttributeError: 'NoneType' object ...
FAILED test_queue2_MOSA.py::test_case_18 - AttributeError: 'NoneType' object ...
FAILED test_queue2_MOSA.py::test_case_21 - AttributeError: 'NoneType' object ...
FAILED test_queue2_MOSA.py::test_case_22 - assert 0 == 4
FAILED test_queue2_MOSA.py::test_case_23 - AttributeError: 'NoneType' object ...
FAILED test_queue2_MOSA.py::test_case_24 - assert 0 == 3
FAILED test_queue2_WHOLE_SUITE.py::test_case_1 - AttributeError: 'NoneType' o...
FAILED test_queue2_WHOLE_SUITE.py::test_case_2 - AttributeError: 'NoneType' o...
FAILED test_queue2_WHOLE_SUITE.py::test_case_4 - assert 0 == 4
FAILED test_queue2_WHOLE_SUITE.py::test_case_9 - AttributeError: 'NoneType' o...
FAILED test_queue2_WHOLE_SUITE.py::test_case_10 - assert 0 == 4
FAILED test_queue2_WHOLE_SUITE.py::test_case_12 - AttributeError: 'NoneType' ...
FAILED test_queue2_WHOLE_SUITE.py::test_case_13 - AttributeError: 'NoneType' ...
======================== 57 failed, 50 passed in 0.70s =========================
</pre></div></div></div></div></div><div class="mb-1" id="job_list___sub_accordion_41"><div class="card"><a data-toggle="collapse" data-target="#job_list___sub_collapse_41_1" aria-expanded="false" aria-controls="job_list___sub_collapse_41_1" href="#" class="job_list___sub_multi_heading"><div role="alert" class="card-header alert-success" id="job_list___sub_heading_41_1"><button class="btn btn-outline-success"><span class="job_id">41 : Job ID a41a8014504947c4bdd3df051e90f464</span></button></div></a><div aria-labelledby="job_list___sub_heading_41_1" data-parent="#job_list___sub_accordion_41" class="collapse job_list___sub_multi_collapse" id="job_list___sub_collapse_41_1"><div class="card-body"><div class="work-item"><div class="alert alert-success test-outcome" role="alert"><p>worker outcome: normal</p><p>test outcome: killed</p></div></div><pre class="location"><a href="pycharm://open?file=queue2.py&amp;line=92" class="text-secondary"><button class="btn btn-outline-dark">queue2.py, start pos: (92, 11), end pos: (92, 28)</button></a></pre><pre>operator: core/AddNot, occurrence: 10</pre><div class="alert alert-secondary"><pre class="diff">--- mutation diff ---
--- aqueue2.py
+++ bqueue2.py
@@ -89,7 +89,7 @@
     def append(self, value):
         """Add value to end of queue."""
         newNode = LinkedNode(value, None)
-        if self.head is None:
+        if not self.head is None:
             self.head = self.tail = newNode
         else:
             self.tail.next = newNode</pre></div><div class="alert alert-secondary"><pre class="diff">============================= test session starts ==============================
platform linux -- Python 3.10.12, pytest-7.1.3, pluggy-1.0.0
rootdir: /home/lucca/desktop/ic/experimento/testes/python_experiments/queue2/ALL-SMART-GPT-COSMICRAY
plugins: Faker-15.1.1, hypothesis-6.56.3
collected 107 items

test_queue2_COSMICRAY.py .F                                              [  1%]
test_queue2_DYNAMOSA.py ...........F.FF..F.F.F.....F.F                   [ 29%]
test_queue2_MIO.py ...................FFFF.FFF..F....                    [ 61%]
test_queue2_MOSA.py ....FF.....FF..F..F.FFFF...                          [ 86%]
test_queue2_WHOLE_SUITE.py .....F.F....F.                                [100%]

=========================== short test summary info ============================
FAILED test_queue2_COSMICRAY.py::test_pop_multiple_items - AttributeError: 'N...
FAILED test_queue2_DYNAMOSA.py::test_case_11 - AttributeError: 'NoneType' obj...
FAILED test_queue2_DYNAMOSA.py::test_case_13 - AttributeError: 'NoneType' obj...
FAILED test_queue2_DYNAMOSA.py::test_case_14 - AttributeError: 'NoneType' obj...
FAILED test_queue2_DYNAMOSA.py::test_case_17 - AttributeError: 'NoneType' obj...
FAILED test_queue2_DYNAMOSA.py::test_case_19 - AttributeError: 'NoneType' obj...
FAILED test_queue2_DYNAMOSA.py::test_case_21 - AttributeError: 'NoneType' obj...
FAILED test_queue2_DYNAMOSA.py::test_case_27 - AttributeError: 'NoneType' obj...
FAILED test_queue2_DYNAMOSA.py::test_case_29 - AttributeError: 'NoneType' obj...
FAILED test_queue2_MIO.py::test_case_19 - AttributeError: 'NoneType' object h...
FAILED test_queue2_MIO.py::test_case_20 - AttributeError: 'NoneType' object h...
FAILED test_queue2_MIO.py::test_case_21 - AttributeError: 'NoneType' object h...
FAILED test_queue2_MIO.py::test_case_22 - AttributeError: 'NoneType' object h...
FAILED test_queue2_MIO.py::test_case_24 - AttributeError: 'NoneType' object h...
FAILED test_queue2_MIO.py::test_case_25 - AttributeError: 'NoneType' object h...
FAILED test_queue2_MIO.py::test_case_26 - AttributeError: 'NoneType' object h...
FAILED test_queue2_MIO.py::test_case_29 - AttributeError: 'NoneType' object h...
FAILED test_queue2_MOSA.py::test_case_4 - AttributeError: 'NoneType' object h...
FAILED test_queue2_MOSA.py::test_case_5 - AttributeError: 'NoneType' object h...
FAILED test_queue2_MOSA.py::test_case_11 - AttributeError: 'NoneType' object ...
FAILED test_queue2_MOSA.py::test_case_12 - AttributeError: 'NoneType' object ...
FAILED test_queue2_MOSA.py::test_case_15 - AttributeError: 'NoneType' object ...
FAILED test_queue2_MOSA.py::test_case_18 - AttributeError: 'NoneType' object ...
FAILED test_queue2_MOSA.py::test_case_20 - AttributeError: 'NoneType' object ...
FAILED test_queue2_MOSA.py::test_case_21 - AttributeError: 'NoneType' object ...
FAILED test_queue2_MOSA.py::test_case_22 - AttributeError: 'NoneType' object ...
FAILED test_queue2_MOSA.py::test_case_23 - AttributeError: 'NoneType' object ...
FAILED test_queue2_WHOLE_SUITE.py::test_case_5 - AttributeError: 'NoneType' o...
FAILED test_queue2_WHOLE_SUITE.py::test_case_7 - AttributeError: 'NoneType' o...
FAILED test_queue2_WHOLE_SUITE.py::test_case_12 - AttributeError: 'NoneType' ...
======================== 30 failed, 77 passed in 0.66s =========================
</pre></div></div></div></div></div><div class="mb-1" id="job_list___sub_accordion_42"><div class="card"><a data-toggle="collapse" data-target="#job_list___sub_collapse_42_1" aria-expanded="false" aria-controls="job_list___sub_collapse_42_1" href="#" class="job_list___sub_multi_heading"><div role="alert" class="card-header alert-success" id="job_list___sub_heading_42_1"><button class="btn btn-outline-success"><span class="job_id">42 : Job ID 984a1179cd074dfc9e4b0ea63696ba1e</span></button></div></a><div aria-labelledby="job_list___sub_heading_42_1" data-parent="#job_list___sub_accordion_42" class="collapse job_list___sub_multi_collapse" id="job_list___sub_collapse_42_1"><div class="card-body"><div class="work-item"><div class="alert alert-success test-outcome" role="alert"><p>worker outcome: normal</p><p>test outcome: killed</p></div></div><pre class="location"><a href="pycharm://open?file=queue2.py&amp;line=104" class="text-secondary"><button class="btn btn-outline-dark">queue2.py, start pos: (104, 11), end pos: (104, 28)</button></a></pre><pre>operator: core/AddNot, occurrence: 11</pre><div class="alert alert-secondary"><pre class="diff">--- mutation diff ---
--- aqueue2.py
+++ bqueue2.py
@@ -101,7 +101,7 @@
 
     def pop(self):
         """Remove first value from queue."""
-        if self.head is None:
+        if not self.head is None:
             raise Exception ("Queue is empty.")
         val = self.head.value
         self.head = self.head.next</pre></div><div class="alert alert-secondary"><pre class="diff">============================= test session starts ==============================
platform linux -- Python 3.10.12, pytest-7.1.3, pluggy-1.0.0
rootdir: /home/lucca/desktop/ic/experimento/testes/python_experiments/queue2/ALL-SMART-GPT-COSMICRAY
plugins: Faker-15.1.1, hypothesis-6.56.3
collected 107 items

test_queue2_COSMICRAY.py .F                                              [  1%]
test_queue2_DYNAMOSA.py .............F.....F..........                   [ 29%]
test_queue2_MIO.py .....................FF...........                    [ 61%]
test_queue2_MOSA.py .....F......F.....F..F.....                          [ 86%]
test_queue2_WHOLE_SUITE.py .....F.F......                                [100%]

=========================== short test summary info ============================
FAILED test_queue2_COSMICRAY.py::test_pop_multiple_items - Exception: Queue i...
FAILED test_queue2_DYNAMOSA.py::test_case_13 - Exception: Queue is empty.
FAILED test_queue2_DYNAMOSA.py::test_case_19 - Exception: Queue is empty.
FAILED test_queue2_MIO.py::test_case_21 - Exception: Queue is empty.
FAILED test_queue2_MIO.py::test_case_22 - Exception: Queue is empty.
FAILED test_queue2_MOSA.py::test_case_5 - Exception: Queue is empty.
FAILED test_queue2_MOSA.py::test_case_12 - Exception: Queue is empty.
FAILED test_queue2_MOSA.py::test_case_18 - Exception: Queue is empty.
FAILED test_queue2_MOSA.py::test_case_21 - Exception: Queue is empty.
FAILED test_queue2_WHOLE_SUITE.py::test_case_5 - Exception: Queue is empty.
FAILED test_queue2_WHOLE_SUITE.py::test_case_7 - Exception: Queue is empty.
======================== 11 failed, 96 passed in 0.64s =========================
</pre></div></div></div></div></div><div class="mb-1" id="job_list___sub_accordion_43"><div class="card"><a data-toggle="collapse" data-target="#job_list___sub_collapse_43_1" aria-expanded="false" aria-controls="job_list___sub_collapse_43_1" href="#" class="job_list___sub_multi_heading"><div role="alert" class="card-header alert-success" id="job_list___sub_heading_43_1"><button class="btn btn-outline-success"><span class="job_id">43 : Job ID e3d7a48043514ee5b2a20c51610198b3</span></button></div></a><div aria-labelledby="job_list___sub_heading_43_1" data-parent="#job_list___sub_accordion_43" class="collapse job_list___sub_multi_collapse" id="job_list___sub_collapse_43_1"><div class="card-body"><div class="work-item"><div class="alert alert-success test-outcome" role="alert"><p>worker outcome: normal</p><p>test outcome: killed</p></div></div><pre class="location"><a href="pycharm://open?file=queue2.py&amp;line=108" class="text-secondary"><button class="btn btn-outline-dark">queue2.py, start pos: (108, 11), end pos: (108, 28)</button></a></pre><pre>operator: core/AddNot, occurrence: 12</pre><div class="alert alert-secondary"><pre class="diff">--- mutation diff ---
--- aqueue2.py
+++ bqueue2.py
@@ -105,7 +105,7 @@
             raise Exception ("Queue is empty.")
         val = self.head.value
         self.head = self.head.next
-        if self.head is None:
+        if not self.head is None:
             self.tail = None
         return val
 </pre></div><div class="alert alert-secondary"><pre class="diff">============================= test session starts ==============================
platform linux -- Python 3.10.12, pytest-7.1.3, pluggy-1.0.0
rootdir: /home/lucca/desktop/ic/experimento/testes/python_experiments/queue2/ALL-SMART-GPT-COSMICRAY
plugins: Faker-15.1.1, hypothesis-6.56.3
collected 107 items

test_queue2_COSMICRAY.py .F                                              [  1%]
test_queue2_DYNAMOSA.py ..............................                   [ 29%]
test_queue2_MIO.py ..................................                    [ 61%]
test_queue2_MOSA.py ...........................                          [ 86%]
test_queue2_WHOLE_SUITE.py ..............                                [100%]

=========================== short test summary info ============================
FAILED test_queue2_COSMICRAY.py::test_pop_multiple_items - AttributeError: 'N...
======================== 1 failed, 106 passed in 0.64s =========================
</pre></div></div></div></div></div><div class="mb-1" id="job_list___sub_accordion_44"><div class="card"><a data-toggle="collapse" data-target="#job_list___sub_collapse_44_1" aria-expanded="false" aria-controls="job_list___sub_collapse_44_1" href="#" class="job_list___sub_multi_heading"><div role="alert" class="card-header alert-success" id="job_list___sub_heading_44_1"><button class="btn btn-outline-success"><span class="job_id">44 : Job ID f49c0f02900541b88d1455143da868c4</span></button></div></a><div aria-labelledby="job_list___sub_heading_44_1" data-parent="#job_list___sub_accordion_44" class="collapse job_list___sub_multi_collapse" id="job_list___sub_collapse_44_1"><div class="card-body"><div class="work-item"><div class="alert alert-success test-outcome" role="alert"><p>worker outcome: normal</p><p>test outcome: killed</p></div></div><pre class="location"><a href="pycharm://open?file=queue2.py&amp;line=115" class="text-secondary"><button class="btn btn-outline-dark">queue2.py, start pos: (115, 14), end pos: (115, 23)</button></a></pre><pre>operator: core/AddNot, occurrence: 13</pre><div class="alert alert-secondary"><pre class="diff">--- mutation diff ---
--- aqueue2.py
+++ bqueue2.py
@@ -112,7 +112,7 @@
     def __iter__(self):
         """Iterator of values in queue."""
         n = self.head
-        while n != None:
+        while not n != None:
             yield n.value
             n = n.next
         </pre></div><div class="alert alert-secondary"><pre class="diff">============================= test session starts ==============================
platform linux -- Python 3.10.12, pytest-7.1.3, pluggy-1.0.0
rootdir: /home/lucca/desktop/ic/experimento/testes/python_experiments/queue2/ALL-SMART-GPT-COSMICRAY
plugins: Faker-15.1.1, hypothesis-6.56.3
collected 107 items

test_queue2_COSMICRAY.py ..                                              [  1%]
test_queue2_DYNAMOSA.py ..............FF...........F..                   [ 29%]
test_queue2_MIO.py .........................F.F......                    [ 61%]
test_queue2_MOSA.py ....FF.....F.F.F..F..F.F...                          [ 86%]
test_queue2_WHOLE_SUITE.py .......F....FF                                [100%]

=========================== short test summary info ============================
FAILED test_queue2_DYNAMOSA.py::test_case_14 - assert 0 == 1
FAILED test_queue2_DYNAMOSA.py::test_case_15 - AttributeError: 'NoneType' obj...
FAILED test_queue2_DYNAMOSA.py::test_case_27 - assert 0 == 2
FAILED test_queue2_MIO.py::test_case_25 - AssertionError: assert 'queue:[]' =...
FAILED test_queue2_MIO.py::test_case_27 - AttributeError: 'NoneType' object h...
FAILED test_queue2_MOSA.py::test_case_4 - assert 0 == 1
FAILED test_queue2_MOSA.py::test_case_5 - AttributeError: 'NoneType' object h...
FAILED test_queue2_MOSA.py::test_case_11 - assert 0 == 1
FAILED test_queue2_MOSA.py::test_case_13 - AttributeError: 'NoneType' object ...
FAILED test_queue2_MOSA.py::test_case_15 - assert 0 == 1
FAILED test_queue2_MOSA.py::test_case_18 - assert 0 == 1
FAILED test_queue2_MOSA.py::test_case_21 - assert 0 == 1
FAILED test_queue2_MOSA.py::test_case_23 - assert 0 == 1
FAILED test_queue2_WHOLE_SUITE.py::test_case_7 - AssertionError: assert 'queu...
FAILED test_queue2_WHOLE_SUITE.py::test_case_12 - AssertionError: assert 'que...
FAILED test_queue2_WHOLE_SUITE.py::test_case_13 - AttributeError: 'NoneType' ...
======================== 16 failed, 91 passed in 0.64s =========================
</pre></div></div></div></div></div><div class="mb-1" id="job_list___sub_accordion_45"><div class="card"><a data-toggle="collapse" data-target="#job_list___sub_collapse_45_1" aria-expanded="false" aria-controls="job_list___sub_collapse_45_1" href="#" class="job_list___sub_multi_heading"><div role="alert" class="card-header alert-success" id="job_list___sub_heading_45_1"><button class="btn btn-outline-success"><span class="job_id">45 : Job ID 85d36fc4dd6249c6ae3833c66d4c4c26</span></button></div></a><div aria-labelledby="job_list___sub_heading_45_1" data-parent="#job_list___sub_accordion_45" class="collapse job_list___sub_multi_collapse" id="job_list___sub_collapse_45_1"><div class="card-body"><div class="work-item"><div class="alert alert-success test-outcome" role="alert"><p>worker outcome: normal</p><p>test outcome: killed</p></div></div><pre class="location"><a href="pycharm://open?file=queue2.py&amp;line=121" class="text-secondary"><button class="btn btn-outline-dark">queue2.py, start pos: (121, 11), end pos: (121, 28)</button></a></pre><pre>operator: core/AddNot, occurrence: 14</pre><div class="alert alert-secondary"><pre class="diff">--- mutation diff ---
--- aqueue2.py
+++ bqueue2.py
@@ -118,7 +118,7 @@
         
     def __repr__(self):
         """String representation of queue."""
-        if self.head is None:
+        if not self.head is None:
             return 'queue:[]'
 
         return 'queue:[{0:s}]'.format(','.join(map(str,self)))</pre></div><div class="alert alert-secondary"><pre class="diff">============================= test session starts ==============================
platform linux -- Python 3.10.12, pytest-7.1.3, pluggy-1.0.0
rootdir: /home/lucca/desktop/ic/experimento/testes/python_experiments/queue2/ALL-SMART-GPT-COSMICRAY
plugins: Faker-15.1.1, hypothesis-6.56.3
collected 107 items

test_queue2_COSMICRAY.py ..                                              [  1%]
test_queue2_DYNAMOSA.py ..............................                   [ 29%]
test_queue2_MIO.py .........................F........                    [ 61%]
test_queue2_MOSA.py ...............F...........                          [ 86%]
test_queue2_WHOLE_SUITE.py .......F....F.                                [100%]

=========================== short test summary info ============================
FAILED test_queue2_MIO.py::test_case_25 - AssertionError: assert 'queue:[]' =...
FAILED test_queue2_MOSA.py::test_case_15 - AssertionError: assert 'queue:[]' ...
FAILED test_queue2_WHOLE_SUITE.py::test_case_7 - AssertionError: assert 'queu...
FAILED test_queue2_WHOLE_SUITE.py::test_case_12 - AssertionError: assert 'que...
======================== 4 failed, 103 passed in 0.63s =========================
</pre></div></div></div></div></div><div class="mb-1" id="job_list___sub_accordion_46"><div class="card"><a data-toggle="collapse" data-target="#job_list___sub_collapse_46_1" aria-expanded="false" aria-controls="job_list___sub_collapse_46_1" href="#" class="job_list___sub_multi_heading"><div role="alert" class="card-header alert-success" id="job_list___sub_heading_46_1"><button class="btn btn-outline-success"><span class="job_id">46 : Job ID 340acdd2c5f24d26bcd196dd160f9fce</span></button></div></a><div aria-labelledby="job_list___sub_heading_46_1" data-parent="#job_list___sub_accordion_46" class="collapse job_list___sub_multi_collapse" id="job_list___sub_collapse_46_1"><div class="card-body"><div class="work-item"><div class="alert alert-success test-outcome" role="alert"><p>worker outcome: normal</p><p>test outcome: killed</p></div></div><pre class="location"><a href="pycharm://open?file=queue2.py&amp;line=130" class="text-secondary"><button class="btn btn-outline-dark">queue2.py, start pos: (130, 14), end pos: (130, 23)</button></a></pre><pre>operator: core/AddNot, occurrence: 15</pre><div class="alert alert-secondary"><pre class="diff">--- mutation diff ---
--- aqueue2.py
+++ bqueue2.py
@@ -127,7 +127,7 @@
         """Count values in queue."""
         n = self.head
         count = 0
-        while n != None:
+        while not n != None:
             count += 1
             n = n.next
         return count</pre></div><div class="alert alert-secondary"><pre class="diff">============================= test session starts ==============================
platform linux -- Python 3.10.12, pytest-7.1.3, pluggy-1.0.0
rootdir: /home/lucca/desktop/ic/experimento/testes/python_experiments/queue2/ALL-SMART-GPT-COSMICRAY
plugins: Faker-15.1.1, hypothesis-6.56.3
collected 107 items

test_queue2_COSMICRAY.py .F                                              [  1%]
test_queue2_DYNAMOSA.py .F....FFF.FFFFFFFFFFFFF...FFFF                   [ 29%]
test_queue2_MIO.py ..................FFFFFFFFFFFFF..F                    [ 61%]
test_queue2_MOSA.py ....FFFFF.FFFFFFFFF.FFFF...                          [ 86%]
test_queue2_WHOLE_SUITE.py F.F..FFF..F.FF                                [100%]

=========================== short test summary info ============================
FAILED test_queue2_COSMICRAY.py::test_pop_multiple_items - assert 0 == 4
FAILED test_queue2_DYNAMOSA.py::test_case_1 - AttributeError: 'NoneType' obje...
FAILED test_queue2_DYNAMOSA.py::test_case_6 - AttributeError: 'NoneType' obje...
FAILED test_queue2_DYNAMOSA.py::test_case_7 - AttributeError: 'NoneType' obje...
FAILED test_queue2_DYNAMOSA.py::test_case_8 - AttributeError: 'NoneType' obje...
FAILED test_queue2_DYNAMOSA.py::test_case_10 - AttributeError: 'NoneType' obj...
FAILED test_queue2_DYNAMOSA.py::test_case_11 - AttributeError: 'NoneType' obj...
FAILED test_queue2_DYNAMOSA.py::test_case_12 - AttributeError: 'NoneType' obj...
FAILED test_queue2_DYNAMOSA.py::test_case_13 - AttributeError: 'NoneType' obj...
FAILED test_queue2_DYNAMOSA.py::test_case_14 - AttributeError: 'NoneType' obj...
FAILED test_queue2_DYNAMOSA.py::test_case_15 - AttributeError: 'NoneType' obj...
FAILED test_queue2_DYNAMOSA.py::test_case_16 - AttributeError: 'NoneType' obj...
FAILED test_queue2_DYNAMOSA.py::test_case_17 - AttributeError: 'NoneType' obj...
FAILED test_queue2_DYNAMOSA.py::test_case_18 - AttributeError: 'NoneType' obj...
FAILED test_queue2_DYNAMOSA.py::test_case_19 - AttributeError: 'NoneType' obj...
FAILED test_queue2_DYNAMOSA.py::test_case_20 - AttributeError: 'NoneType' obj...
FAILED test_queue2_DYNAMOSA.py::test_case_21 - AttributeError: 'NoneType' obj...
FAILED test_queue2_DYNAMOSA.py::test_case_22 - AttributeError: 'NoneType' obj...
FAILED test_queue2_DYNAMOSA.py::test_case_26 - AttributeError: 'NoneType' obj...
FAILED test_queue2_DYNAMOSA.py::test_case_27 - AttributeError: 'NoneType' obj...
FAILED test_queue2_DYNAMOSA.py::test_case_28 - AttributeError: 'NoneType' obj...
FAILED test_queue2_DYNAMOSA.py::test_case_29 - AttributeError: 'NoneType' obj...
FAILED test_queue2_MIO.py::test_case_18 - AttributeError: 'NoneType' object h...
FAILED test_queue2_MIO.py::test_case_19 - AttributeError: 'NoneType' object h...
FAILED test_queue2_MIO.py::test_case_20 - AttributeError: 'NoneType' object h...
FAILED test_queue2_MIO.py::test_case_21 - AttributeError: 'NoneType' object h...
FAILED test_queue2_MIO.py::test_case_22 - AttributeError: 'NoneType' object h...
FAILED test_queue2_MIO.py::test_case_23 - AttributeError: 'NoneType' object h...
FAILED test_queue2_MIO.py::test_case_24 - AttributeError: 'NoneType' object h...
FAILED test_queue2_MIO.py::test_case_25 - AttributeError: 'NoneType' object h...
FAILED test_queue2_MIO.py::test_case_26 - AttributeError: 'NoneType' object h...
FAILED test_queue2_MIO.py::test_case_27 - AttributeError: 'NoneType' object h...
FAILED test_queue2_MIO.py::test_case_28 - AttributeError: 'NoneType' object h...
FAILED test_queue2_MIO.py::test_case_29 - AttributeError: 'NoneType' object h...
FAILED test_queue2_MIO.py::test_case_30 - AttributeError: 'NoneType' object h...
FAILED test_queue2_MIO.py::test_case_33 - AttributeError: 'NoneType' object h...
FAILED test_queue2_MOSA.py::test_case_4 - AttributeError: 'NoneType' object h...
FAILED test_queue2_MOSA.py::test_case_5 - AttributeError: 'NoneType' object h...
FAILED test_queue2_MOSA.py::test_case_6 - AttributeError: 'NoneType' object h...
FAILED test_queue2_MOSA.py::test_case_7 - AttributeError: 'NoneType' object h...
FAILED test_queue2_MOSA.py::test_case_8 - AttributeError: 'NoneType' object h...
FAILED test_queue2_MOSA.py::test_case_10 - AttributeError: 'NoneType' object ...
FAILED test_queue2_MOSA.py::test_case_11 - AttributeError: 'NoneType' object ...
FAILED test_queue2_MOSA.py::test_case_12 - AttributeError: 'NoneType' object ...
FAILED test_queue2_MOSA.py::test_case_13 - AttributeError: 'NoneType' object ...
FAILED test_queue2_MOSA.py::test_case_14 - AttributeError: 'NoneType' object ...
FAILED test_queue2_MOSA.py::test_case_15 - AttributeError: 'NoneType' object ...
FAILED test_queue2_MOSA.py::test_case_16 - AttributeError: 'NoneType' object ...
FAILED test_queue2_MOSA.py::test_case_17 - AttributeError: 'NoneType' object ...
FAILED test_queue2_MOSA.py::test_case_18 - AttributeError: 'NoneType' object ...
FAILED test_queue2_MOSA.py::test_case_20 - AttributeError: 'NoneType' object ...
FAILED test_queue2_MOSA.py::test_case_21 - AttributeError: 'NoneType' object ...
FAILED test_queue2_MOSA.py::test_case_22 - AttributeError: 'NoneType' object ...
FAILED test_queue2_MOSA.py::test_case_23 - AttributeError: 'NoneType' object ...
FAILED test_queue2_WHOLE_SUITE.py::test_case_0 - AttributeError: 'NoneType' o...
FAILED test_queue2_WHOLE_SUITE.py::test_case_2 - AttributeError: 'NoneType' o...
FAILED test_queue2_WHOLE_SUITE.py::test_case_5 - AttributeError: 'NoneType' o...
FAILED test_queue2_WHOLE_SUITE.py::test_case_6 - AttributeError: 'NoneType' o...
FAILED test_queue2_WHOLE_SUITE.py::test_case_7 - AttributeError: 'NoneType' o...
FAILED test_queue2_WHOLE_SUITE.py::test_case_10 - AttributeError: 'NoneType' ...
FAILED test_queue2_WHOLE_SUITE.py::test_case_12 - AttributeError: 'NoneType' ...
FAILED test_queue2_WHOLE_SUITE.py::test_case_13 - AttributeError: 'NoneType' ...
======================== 62 failed, 45 passed in 0.70s =========================
</pre></div></div></div></div></div><div class="mb-1" id="job_list___sub_accordion_47"><div class="card"><a data-toggle="collapse" data-target="#job_list___sub_collapse_47_1" aria-expanded="false" aria-controls="job_list___sub_collapse_47_1" href="#" class="job_list___sub_multi_heading"><div role="alert" class="card-header alert-success" id="job_list___sub_heading_47_1"><button class="btn btn-outline-success"><span class="job_id">47 : Job ID ed1849144ac64bc1a437f7d1a66097d8</span></button></div></a><div aria-labelledby="job_list___sub_heading_47_1" data-parent="#job_list___sub_accordion_47" class="collapse job_list___sub_multi_collapse" id="job_list___sub_collapse_47_1"><div class="card-body"><div class="work-item"><div class="alert alert-success test-outcome" role="alert"><p>worker outcome: normal</p><p>test outcome: killed</p></div></div><pre class="location"><a href="pycharm://open?file=queue2.py&amp;line=21" class="text-secondary"><button class="btn btn-outline-dark">queue2.py, start pos: (21, 32), end pos: (21, 36)</button></a></pre><pre>operator: core/ReplaceTrueWithFalse, occurrence: 0</pre><div class="alert alert-secondary"><pre class="diff">--- mutation diff ---
--- aqueue2.py
+++ bqueue2.py
@@ -18,7 +18,7 @@
             p1 = p1.next
             p2 = p2.next.next
             
-            if p1 == p2: return True
+            if p1 == p2: return False
         return False
 
 class LinkedList:</pre></div><div class="alert alert-secondary"><pre class="diff">============================= test session starts ==============================
platform linux -- Python 3.10.12, pytest-7.1.3, pluggy-1.0.0
rootdir: /home/lucca/desktop/ic/experimento/testes/python_experiments/queue2/ALL-SMART-GPT-COSMICRAY
plugins: Faker-15.1.1, hypothesis-6.56.3
collected 107 items

test_queue2_COSMICRAY.py F.                                              [  1%]
test_queue2_DYNAMOSA.py ..............................                   [ 29%]
test_queue2_MIO.py ..................................                    [ 61%]
test_queue2_MOSA.py ...........................                          [ 86%]
test_queue2_WHOLE_SUITE.py ..............                                [100%]

=========================== short test summary info ============================
FAILED test_queue2_COSMICRAY.py::test_check_infinite - assert False == True
======================== 1 failed, 106 passed in 0.67s =========================
</pre></div></div></div></div></div><div class="mb-1" id="job_list___sub_accordion_48"><div class="card"><a data-toggle="collapse" data-target="#job_list___sub_collapse_48_1" aria-expanded="false" aria-controls="job_list___sub_collapse_48_1" href="#" class="job_list___sub_multi_heading"><div role="alert" class="card-header alert-success" id="job_list___sub_heading_48_1"><button class="btn btn-outline-success"><span class="job_id">48 : Job ID 000b3a757e4f4f20956620294e0d2cca</span></button></div></a><div aria-labelledby="job_list___sub_heading_48_1" data-parent="#job_list___sub_accordion_48" class="collapse job_list___sub_multi_collapse" id="job_list___sub_collapse_48_1"><div class="card-body"><div class="work-item"><div class="alert alert-success test-outcome" role="alert"><p>worker outcome: normal</p><p>test outcome: killed</p></div></div><pre class="location"><a href="pycharm://open?file=queue2.py&amp;line=53" class="text-secondary"><button class="btn btn-outline-dark">queue2.py, start pos: (53, 23), end pos: (53, 27)</button></a></pre><pre>operator: core/ReplaceTrueWithFalse, occurrence: 1</pre><div class="alert alert-secondary"><pre class="diff">--- mutation diff ---
--- aqueue2.py
+++ bqueue2.py
@@ -50,7 +50,7 @@
                     self.head = self.head.next
                 else:
                     last.next = n.next
-                return True
+                return False
             last = n # Added line for correct behavior of function
             n = n.next
         return False</pre></div><div class="alert alert-secondary"><pre class="diff">============================= test session starts ==============================
platform linux -- Python 3.10.12, pytest-7.1.3, pluggy-1.0.0
rootdir: /home/lucca/desktop/ic/experimento/testes/python_experiments/queue2/ALL-SMART-GPT-COSMICRAY
plugins: Faker-15.1.1, hypothesis-6.56.3
collected 107 items

test_queue2_COSMICRAY.py ..                                              [  1%]
test_queue2_DYNAMOSA.py .F................F......F....                   [ 29%]
test_queue2_MIO.py ........F.........................                    [ 61%]
test_queue2_MOSA.py ..F..F.....F.F.......F.....                          [ 86%]
test_queue2_WHOLE_SUITE.py ..........F...                                [100%]

=========================== short test summary info ============================
FAILED test_queue2_DYNAMOSA.py::test_case_1 - assert False is True
FAILED test_queue2_DYNAMOSA.py::test_case_18 - assert False is True
FAILED test_queue2_DYNAMOSA.py::test_case_25 - assert False is True
FAILED test_queue2_MIO.py::test_case_8 - assert False is True
FAILED test_queue2_MOSA.py::test_case_2 - assert False is True
FAILED test_queue2_MOSA.py::test_case_5 - assert False is True
FAILED test_queue2_MOSA.py::test_case_11 - assert False is True
FAILED test_queue2_MOSA.py::test_case_13 - assert False is True
FAILED test_queue2_MOSA.py::test_case_21 - assert False is True
FAILED test_queue2_WHOLE_SUITE.py::test_case_10 - assert False is True
======================== 10 failed, 97 passed in 0.64s =========================
</pre></div></div></div></div></div><div class="mb-1" id="job_list___sub_accordion_49"><div class="card"><a data-toggle="collapse" data-target="#job_list___sub_collapse_49_1" aria-expanded="false" aria-controls="job_list___sub_collapse_49_1" href="#" class="job_list___sub_multi_heading"><div role="alert" class="card-header alert-success" id="job_list___sub_heading_49_1"><button class="btn btn-outline-success"><span class="job_id">49 : Job ID 0047916ea1134c94bcc0180fd5c9b6cf</span></button></div></a><div aria-labelledby="job_list___sub_heading_49_1" data-parent="#job_list___sub_accordion_49" class="collapse job_list___sub_multi_collapse" id="job_list___sub_collapse_49_1"><div class="card-body"><div class="work-item"><div class="alert alert-success test-outcome" role="alert"><p>worker outcome: normal</p><p>test outcome: killed</p></div></div><pre class="location"><a href="pycharm://open?file=queue2.py&amp;line=16" class="text-secondary"><button class="btn btn-outline-dark">queue2.py, start pos: (16, 39), end pos: (16, 44)</button></a></pre><pre>operator: core/ReplaceFalseWithTrue, occurrence: 0</pre><div class="alert alert-secondary"><pre class="diff">--- mutation diff ---
--- aqueue2.py
+++ bqueue2.py
@@ -13,7 +13,7 @@
         """Check whether infinite loop via next."""
         p1 = p2 = self
         while p1 != None and p2 != None:
-            if p2.next == None: return False
+            if p2.next == None: return True
 
             p1 = p1.next
             p2 = p2.next.next</pre></div><div class="alert alert-secondary"><pre class="diff">============================= test session starts ==============================
platform linux -- Python 3.10.12, pytest-7.1.3, pluggy-1.0.0
rootdir: /home/lucca/desktop/ic/experimento/testes/python_experiments/queue2/ALL-SMART-GPT-COSMICRAY
plugins: Faker-15.1.1, hypothesis-6.56.3
collected 107 items

test_queue2_COSMICRAY.py ..                                              [  1%]
test_queue2_DYNAMOSA.py F.F...........F............F..                   [ 29%]
test_queue2_MIO.py F.................................                    [ 61%]
test_queue2_MOSA.py F....F............F.FF.....                          [ 86%]
test_queue2_WHOLE_SUITE.py ..F...........                                [100%]

=========================== short test summary info ============================
FAILED test_queue2_DYNAMOSA.py::test_case_0 - assert True is False
FAILED test_queue2_DYNAMOSA.py::test_case_2 - assert True is False
FAILED test_queue2_DYNAMOSA.py::test_case_14 - assert True is False
FAILED test_queue2_DYNAMOSA.py::test_case_27 - assert True is False
FAILED test_queue2_MIO.py::test_case_0 - assert True is False
FAILED test_queue2_MOSA.py::test_case_0 - assert True is False
FAILED test_queue2_MOSA.py::test_case_5 - assert True is False
FAILED test_queue2_MOSA.py::test_case_18 - assert True is False
FAILED test_queue2_MOSA.py::test_case_20 - assert True is False
FAILED test_queue2_MOSA.py::test_case_21 - assert True is False
FAILED test_queue2_WHOLE_SUITE.py::test_case_2 - assert True is False
======================== 11 failed, 96 passed in 0.64s =========================
</pre></div></div></div></div></div><div class="mb-1" id="job_list___sub_accordion_50"><div class="card"><a data-toggle="collapse" data-target="#job_list___sub_collapse_50_1" aria-expanded="false" aria-controls="job_list___sub_collapse_50_1" href="#" class="job_list___sub_multi_heading"><div role="alert" class="card-header alert-success" id="job_list___sub_heading_50_1"><button class="btn btn-outline-success"><span class="job_id">50 : Job ID 2cbe513b6042490f882f411a4cacb2ec</span></button></div></a><div aria-labelledby="job_list___sub_heading_50_1" data-parent="#job_list___sub_accordion_50" class="collapse job_list___sub_multi_collapse" id="job_list___sub_collapse_50_1"><div class="card-body"><div class="work-item"><div class="alert alert-success test-outcome" role="alert"><p>worker outcome: normal</p><p>test outcome: killed</p></div></div><pre class="location"><a href="pycharm://open?file=queue2.py&amp;line=22" class="text-secondary"><button class="btn btn-outline-dark">queue2.py, start pos: (22, 15), end pos: (22, 20)</button></a></pre><pre>operator: core/ReplaceFalseWithTrue, occurrence: 1</pre><div class="alert alert-secondary"><pre class="diff">--- mutation diff ---
--- aqueue2.py
+++ bqueue2.py
@@ -19,7 +19,7 @@
             p2 = p2.next.next
             
             if p1 == p2: return True
-        return False
+        return True
 
 class LinkedList:
     def __init__(self, *start):</pre></div><div class="alert alert-secondary"><pre class="diff">============================= test session starts ==============================
platform linux -- Python 3.10.12, pytest-7.1.3, pluggy-1.0.0
rootdir: /home/lucca/desktop/ic/experimento/testes/python_experiments/queue2/ALL-SMART-GPT-COSMICRAY
plugins: Faker-15.1.1, hypothesis-6.56.3
collected 107 items

test_queue2_COSMICRAY.py ..                                              [  1%]
test_queue2_DYNAMOSA.py .............F.......F.......F                   [ 29%]
test_queue2_MIO.py ..F...............................                    [ 61%]
test_queue2_MOSA.py ...FF..........F.........F.                          [ 86%]
test_queue2_WHOLE_SUITE.py ..............                                [100%]

=========================== short test summary info ============================
FAILED test_queue2_DYNAMOSA.py::test_case_13 - assert True is False
FAILED test_queue2_DYNAMOSA.py::test_case_21 - assert True is False
FAILED test_queue2_DYNAMOSA.py::test_case_29 - assert True is False
FAILED test_queue2_MIO.py::test_case_2 - assert True is False
FAILED test_queue2_MOSA.py::test_case_3 - assert True is False
FAILED test_queue2_MOSA.py::test_case_4 - assert True is False
FAILED test_queue2_MOSA.py::test_case_15 - assert True is False
FAILED test_queue2_MOSA.py::test_case_25 - assert True is False
========================= 8 failed, 99 passed in 0.64s =========================
</pre></div></div></div></div></div><div class="mb-1" id="job_list___sub_accordion_51"><div class="card"><a data-toggle="collapse" data-target="#job_list___sub_collapse_51_1" aria-expanded="false" aria-controls="job_list___sub_collapse_51_1" href="#" class="job_list___sub_multi_heading"><div role="alert" class="card-header alert-success" id="job_list___sub_heading_51_1"><button class="btn btn-outline-success"><span class="job_id">51 : Job ID 618b1704b09741d3a1d0a1a4802c40bf</span></button></div></a><div aria-labelledby="job_list___sub_heading_51_1" data-parent="#job_list___sub_accordion_51" class="collapse job_list___sub_multi_collapse" id="job_list___sub_collapse_51_1"><div class="card-body"><div class="work-item"><div class="alert alert-success test-outcome" role="alert"><p>worker outcome: normal</p><p>test outcome: killed</p></div></div><pre class="location"><a href="pycharm://open?file=queue2.py&amp;line=56" class="text-secondary"><button class="btn btn-outline-dark">queue2.py, start pos: (56, 15), end pos: (56, 20)</button></a></pre><pre>operator: core/ReplaceFalseWithTrue, occurrence: 2</pre><div class="alert alert-secondary"><pre class="diff">--- mutation diff ---
--- aqueue2.py
+++ bqueue2.py
@@ -53,7 +53,7 @@
                 return True
             last = n # Added line for correct behavior of function
             n = n.next
-        return False
+        return True
         
     def __iter__(self):
         """Iterator of values in the list."""</pre></div><div class="alert alert-secondary"><pre class="diff">============================= test session starts ==============================
platform linux -- Python 3.10.12, pytest-7.1.3, pluggy-1.0.0
rootdir: /home/lucca/desktop/ic/experimento/testes/python_experiments/queue2/ALL-SMART-GPT-COSMICRAY
plugins: Faker-15.1.1, hypothesis-6.56.3
collected 107 items

test_queue2_COSMICRAY.py ..                                              [  1%]
test_queue2_DYNAMOSA.py .....F.............F..F...FF..                   [ 29%]
test_queue2_MIO.py .........FFF......................                    [ 61%]
test_queue2_MOSA.py .....F............F..F.FF..                          [ 86%]
test_queue2_WHOLE_SUITE.py .F..F.....F...                                [100%]

=========================== short test summary info ============================
FAILED test_queue2_DYNAMOSA.py::test_case_5 - assert True is False
FAILED test_queue2_DYNAMOSA.py::test_case_19 - assert True is False
FAILED test_queue2_DYNAMOSA.py::test_case_22 - assert True is False
FAILED test_queue2_DYNAMOSA.py::test_case_26 - assert True is False
FAILED test_queue2_DYNAMOSA.py::test_case_27 - assert True is False
FAILED test_queue2_MIO.py::test_case_9 - assert True is False
FAILED test_queue2_MIO.py::test_case_10 - assert True is False
FAILED test_queue2_MIO.py::test_case_11 - assert True is False
FAILED test_queue2_MOSA.py::test_case_5 - assert True is False
FAILED test_queue2_MOSA.py::test_case_18 - assert True is False
FAILED test_queue2_MOSA.py::test_case_21 - assert True is False
FAILED test_queue2_MOSA.py::test_case_23 - assert True is False
FAILED test_queue2_MOSA.py::test_case_24 - assert True is False
FAILED test_queue2_WHOLE_SUITE.py::test_case_1 - assert True is False
FAILED test_queue2_WHOLE_SUITE.py::test_case_4 - assert True is False
FAILED test_queue2_WHOLE_SUITE.py::test_case_10 - assert True is False
======================== 16 failed, 91 passed in 0.67s =========================
</pre></div></div></div></div></div><div class="mb-1" id="job_list___sub_accordion_52"><div class="card"><a data-toggle="collapse" data-target="#job_list___sub_collapse_52_1" aria-expanded="false" aria-controls="job_list___sub_collapse_52_1" href="#" class="job_list___sub_multi_heading"><div role="alert" class="card-header alert-success" id="job_list___sub_heading_52_1"><button class="btn btn-outline-success"><span class="job_id">52 : Job ID 652f3a63bd1c4bc690638f0001012f33</span></button></div></a><div aria-labelledby="job_list___sub_heading_52_1" data-parent="#job_list___sub_accordion_52" class="collapse job_list___sub_multi_collapse" id="job_list___sub_collapse_52_1"><div class="card-body"><div class="work-item"><div class="alert alert-success test-outcome" role="alert"><p>worker outcome: normal</p><p>test outcome: killed</p></div></div><pre class="location"><a href="pycharm://open?file=queue2.py&amp;line=15" class="text-secondary"><button class="btn btn-outline-dark">queue2.py, start pos: (15, 25), end pos: (15, 28)</button></a></pre><pre>operator: core/ReplaceAndWithOr, occurrence: 0</pre><div class="alert alert-secondary"><pre class="diff">--- mutation diff ---
--- aqueue2.py
+++ bqueue2.py
@@ -12,7 +12,7 @@
     def checkInfinite(self):
         """Check whether infinite loop via next."""
         p1 = p2 = self
-        while p1 != None and p2 != None:
+        while p1 != None or p2 != None:
             if p2.next == None: return False
 
             p1 = p1.next</pre></div><div class="alert alert-secondary"><pre class="diff">============================= test session starts ==============================
platform linux -- Python 3.10.12, pytest-7.1.3, pluggy-1.0.0
rootdir: /home/lucca/desktop/ic/experimento/testes/python_experiments/queue2/ALL-SMART-GPT-COSMICRAY
plugins: Faker-15.1.1, hypothesis-6.56.3
collected 107 items

test_queue2_COSMICRAY.py ..                                              [  1%]
test_queue2_DYNAMOSA.py .............F.......F.......F                   [ 29%]
test_queue2_MIO.py ..F...............................                    [ 61%]
test_queue2_MOSA.py ...FF..........F.........F.                          [ 86%]
test_queue2_WHOLE_SUITE.py ..............                                [100%]

=========================== short test summary info ============================
FAILED test_queue2_DYNAMOSA.py::test_case_13 - AttributeError: 'NoneType' obj...
FAILED test_queue2_DYNAMOSA.py::test_case_21 - AttributeError: 'NoneType' obj...
FAILED test_queue2_DYNAMOSA.py::test_case_29 - AttributeError: 'NoneType' obj...
FAILED test_queue2_MIO.py::test_case_2 - AttributeError: 'NoneType' object ha...
FAILED test_queue2_MOSA.py::test_case_3 - AttributeError: 'NoneType' object h...
FAILED test_queue2_MOSA.py::test_case_4 - AttributeError: 'NoneType' object h...
FAILED test_queue2_MOSA.py::test_case_15 - AttributeError: 'NoneType' object ...
FAILED test_queue2_MOSA.py::test_case_25 - AttributeError: 'NoneType' object ...
========================= 8 failed, 99 passed in 0.63s =========================
</pre></div></div></div></div></div><div class="mb-1" id="job_list___sub_accordion_53"><div class="card"><a data-toggle="collapse" data-target="#job_list___sub_collapse_53_1" aria-expanded="false" aria-controls="job_list___sub_collapse_53_1" href="#" class="job_list___sub_multi_heading"><div role="alert" class="card-header alert-success" id="job_list___sub_heading_53_1"><button class="btn btn-outline-success"><span class="job_id">53 : Job ID f88d2af87bd84042b3e16310b3888a8c</span></button></div></a><div aria-labelledby="job_list___sub_heading_53_1" data-parent="#job_list___sub_accordion_53" class="collapse job_list___sub_multi_collapse" id="job_list___sub_collapse_53_1"><div class="card-body"><div class="work-item"><div class="alert alert-success test-outcome" role="alert"><p>worker outcome: normal</p><p>test outcome: killed</p></div></div><pre class="location"><a href="pycharm://open?file=queue2.py&amp;line=75" class="text-secondary"><button class="btn btn-outline-dark">queue2.py, start pos: (75, 16), end pos: (75, 17)</button></a></pre><pre>operator: core/NumberReplacer, occurrence: 0</pre><div class="alert alert-secondary"><pre class="diff">--- mutation diff ---
--- aqueue2.py
+++ bqueue2.py
@@ -72,7 +72,7 @@
     def __len__(self):
         """Count values in list."""
         n = self.head
-        count = 0
+        count = 1
         while n != None:
             count += 1
             n = n.next</pre></div><div class="alert alert-secondary"><pre class="diff">============================= test session starts ==============================
platform linux -- Python 3.10.12, pytest-7.1.3, pluggy-1.0.0
rootdir: /home/lucca/desktop/ic/experimento/testes/python_experiments/queue2/ALL-SMART-GPT-COSMICRAY
plugins: Faker-15.1.1, hypothesis-6.56.3
collected 107 items

test_queue2_COSMICRAY.py ..                                              [  1%]
test_queue2_DYNAMOSA.py .FFFFFFFF....FF...FFF.FFFFFF..                   [ 29%]
test_queue2_MIO.py ....FFFFFFFFFFFFF...............F.                    [ 61%]
test_queue2_MOSA.py .FFFFFFFF..F.F.FF.F..FFFF..                          [ 86%]
test_queue2_WHOLE_SUITE.py .FF.F....FF.FF                                [100%]

=========================== short test summary info ============================
FAILED test_queue2_DYNAMOSA.py::test_case_1 - assert 3 == 2
FAILED test_queue2_DYNAMOSA.py::test_case_2 - assert 1 == 0
FAILED test_queue2_DYNAMOSA.py::test_case_3 - assert 1 == 0
FAILED test_queue2_DYNAMOSA.py::test_case_4 - assert 1 == 0
FAILED test_queue2_DYNAMOSA.py::test_case_5 - assert 1 == 0
FAILED test_queue2_DYNAMOSA.py::test_case_6 - assert 1 == 0
FAILED test_queue2_DYNAMOSA.py::test_case_7 - assert 1 == 0
FAILED test_queue2_DYNAMOSA.py::test_case_8 - assert 1 == 0
FAILED test_queue2_DYNAMOSA.py::test_case_13 - assert 1 == 0
FAILED test_queue2_DYNAMOSA.py::test_case_14 - assert 1 == 0
FAILED test_queue2_DYNAMOSA.py::test_case_18 - assert 3 == 2
FAILED test_queue2_DYNAMOSA.py::test_case_19 - assert 1 == 0
FAILED test_queue2_DYNAMOSA.py::test_case_20 - assert 1 == 0
FAILED test_queue2_DYNAMOSA.py::test_case_22 - assert 1 == 0
FAILED test_queue2_DYNAMOSA.py::test_case_23 - assert 4 == 3
FAILED test_queue2_DYNAMOSA.py::test_case_24 - assert 4 == 3
FAILED test_queue2_DYNAMOSA.py::test_case_25 - AssertionError: assert 5 == 4
FAILED test_queue2_DYNAMOSA.py::test_case_26 - assert 1 == 0
FAILED test_queue2_DYNAMOSA.py::test_case_27 - assert 1 == 0
FAILED test_queue2_MIO.py::test_case_4 - assert 7 == 6
FAILED test_queue2_MIO.py::test_case_5 - assert 1 == 0
FAILED test_queue2_MIO.py::test_case_6 - assert 1 == 0
FAILED test_queue2_MIO.py::test_case_7 - assert 1 == 0
FAILED test_queue2_MIO.py::test_case_8 - assert 1 == 0
FAILED test_queue2_MIO.py::test_case_9 - assert 1 == 0
FAILED test_queue2_MIO.py::test_case_10 - assert 8 == 7
FAILED test_queue2_MIO.py::test_case_11 - assert 1 == 0
FAILED test_queue2_MIO.py::test_case_12 - assert 3 == 2
FAILED test_queue2_MIO.py::test_case_13 - assert 1 == 0
FAILED test_queue2_MIO.py::test_case_14 - assert 1 == 0
FAILED test_queue2_MIO.py::test_case_15 - assert 3 == 2
FAILED test_queue2_MIO.py::test_case_16 - assert 1 == 0
FAILED test_queue2_MIO.py::test_case_32 - assert 1 == 0
FAILED test_queue2_MOSA.py::test_case_1 - assert 4 == 3
FAILED test_queue2_MOSA.py::test_case_2 - assert 1 == 0
FAILED test_queue2_MOSA.py::test_case_3 - assert 1 == 0
FAILED test_queue2_MOSA.py::test_case_4 - assert 1 == 0
FAILED test_queue2_MOSA.py::test_case_5 - assert 1 == 0
FAILED test_queue2_MOSA.py::test_case_6 - assert 1 == 0
FAILED test_queue2_MOSA.py::test_case_7 - assert 2 == 1
FAILED test_queue2_MOSA.py::test_case_8 - assert 1 == 0
FAILED test_queue2_MOSA.py::test_case_11 - assert 2 == 1
FAILED test_queue2_MOSA.py::test_case_13 - assert 1 == 0
FAILED test_queue2_MOSA.py::test_case_15 - assert 1 == 0
FAILED test_queue2_MOSA.py::test_case_16 - assert 1 == 0
FAILED test_queue2_MOSA.py::test_case_18 - assert 1 == 0
FAILED test_queue2_MOSA.py::test_case_21 - assert 1 == 0
FAILED test_queue2_MOSA.py::test_case_22 - assert 5 == 4
FAILED test_queue2_MOSA.py::test_case_23 - assert 1 == 0
FAILED test_queue2_MOSA.py::test_case_24 - assert 4 == 3
FAILED test_queue2_WHOLE_SUITE.py::test_case_1 - assert 1 == 0
FAILED test_queue2_WHOLE_SUITE.py::test_case_2 - assert 1 == 0
FAILED test_queue2_WHOLE_SUITE.py::test_case_4 - assert 5 == 4
FAILED test_queue2_WHOLE_SUITE.py::test_case_9 - assert 1 == 0
FAILED test_queue2_WHOLE_SUITE.py::test_case_10 - assert 5 == 4
FAILED test_queue2_WHOLE_SUITE.py::test_case_12 - assert 1 == 0
FAILED test_queue2_WHOLE_SUITE.py::test_case_13 - assert 1 == 0
======================== 57 failed, 50 passed in 0.75s =========================
</pre></div></div></div></div></div><div class="mb-1" id="job_list___sub_accordion_54"><div class="card"><a data-toggle="collapse" data-target="#job_list___sub_collapse_54_1" aria-expanded="false" aria-controls="job_list___sub_collapse_54_1" href="#" class="job_list___sub_multi_heading"><div role="alert" class="card-header alert-success" id="job_list___sub_heading_54_1"><button class="btn btn-outline-success"><span class="job_id">54 : Job ID 8325a99f70cd45bf93e1131a380042c0</span></button></div></a><div aria-labelledby="job_list___sub_heading_54_1" data-parent="#job_list___sub_accordion_54" class="collapse job_list___sub_multi_collapse" id="job_list___sub_collapse_54_1"><div class="card-body"><div class="work-item"><div class="alert alert-success test-outcome" role="alert"><p>worker outcome: normal</p><p>test outcome: killed</p></div></div><pre class="location"><a href="pycharm://open?file=queue2.py&amp;line=75" class="text-secondary"><button class="btn btn-outline-dark">queue2.py, start pos: (75, 16), end pos: (75, 17)</button></a></pre><pre>operator: core/NumberReplacer, occurrence: 1</pre><div class="alert alert-secondary"><pre class="diff">--- mutation diff ---
--- aqueue2.py
+++ bqueue2.py
@@ -72,7 +72,7 @@
     def __len__(self):
         """Count values in list."""
         n = self.head
-        count = 0
+        count = -1
         while n != None:
             count += 1
             n = n.next</pre></div><div class="alert alert-secondary"><pre class="diff">============================= test session starts ==============================
platform linux -- Python 3.10.12, pytest-7.1.3, pluggy-1.0.0
rootdir: /home/lucca/desktop/ic/experimento/testes/python_experiments/queue2/ALL-SMART-GPT-COSMICRAY
plugins: Faker-15.1.1, hypothesis-6.56.3
collected 107 items

test_queue2_COSMICRAY.py ..                                              [  1%]
test_queue2_DYNAMOSA.py .FFFFFFFF....FF...FFF.FFFFFF..                   [ 29%]
test_queue2_MIO.py ....FFFFFFFFFFFFF...............F.                    [ 61%]
test_queue2_MOSA.py .FFFFFFFF..F.F.FF.F..FFFF..                          [ 86%]
test_queue2_WHOLE_SUITE.py .FF.F....FF.FF                                [100%]

=========================== short test summary info ============================
FAILED test_queue2_DYNAMOSA.py::test_case_1 - assert 1 == 2
FAILED test_queue2_DYNAMOSA.py::test_case_2 - ValueError: __len__() should re...
FAILED test_queue2_DYNAMOSA.py::test_case_3 - ValueError: __len__() should re...
FAILED test_queue2_DYNAMOSA.py::test_case_4 - ValueError: __len__() should re...
FAILED test_queue2_DYNAMOSA.py::test_case_5 - ValueError: __len__() should re...
FAILED test_queue2_DYNAMOSA.py::test_case_6 - ValueError: __len__() should re...
FAILED test_queue2_DYNAMOSA.py::test_case_7 - ValueError: __len__() should re...
FAILED test_queue2_DYNAMOSA.py::test_case_8 - ValueError: __len__() should re...
FAILED test_queue2_DYNAMOSA.py::test_case_13 - ValueError: __len__() should r...
FAILED test_queue2_DYNAMOSA.py::test_case_14 - ValueError: __len__() should r...
FAILED test_queue2_DYNAMOSA.py::test_case_18 - assert 1 == 2
FAILED test_queue2_DYNAMOSA.py::test_case_19 - ValueError: __len__() should r...
FAILED test_queue2_DYNAMOSA.py::test_case_20 - ValueError: __len__() should r...
FAILED test_queue2_DYNAMOSA.py::test_case_22 - ValueError: __len__() should r...
FAILED test_queue2_DYNAMOSA.py::test_case_23 - assert 2 == 3
FAILED test_queue2_DYNAMOSA.py::test_case_24 - assert 2 == 3
FAILED test_queue2_DYNAMOSA.py::test_case_25 - AssertionError: assert 3 == 4
FAILED test_queue2_DYNAMOSA.py::test_case_26 - ValueError: __len__() should r...
FAILED test_queue2_DYNAMOSA.py::test_case_27 - ValueError: __len__() should r...
FAILED test_queue2_MIO.py::test_case_4 - assert 5 == 6
FAILED test_queue2_MIO.py::test_case_5 - ValueError: __len__() should return ...
FAILED test_queue2_MIO.py::test_case_6 - ValueError: __len__() should return ...
FAILED test_queue2_MIO.py::test_case_7 - ValueError: __len__() should return ...
FAILED test_queue2_MIO.py::test_case_8 - ValueError: __len__() should return ...
FAILED test_queue2_MIO.py::test_case_9 - ValueError: __len__() should return ...
FAILED test_queue2_MIO.py::test_case_10 - assert 6 == 7
FAILED test_queue2_MIO.py::test_case_11 - ValueError: __len__() should return...
FAILED test_queue2_MIO.py::test_case_12 - assert 1 == 2
FAILED test_queue2_MIO.py::test_case_13 - ValueError: __len__() should return...
FAILED test_queue2_MIO.py::test_case_14 - ValueError: __len__() should return...
FAILED test_queue2_MIO.py::test_case_15 - assert 1 == 2
FAILED test_queue2_MIO.py::test_case_16 - ValueError: __len__() should return...
FAILED test_queue2_MIO.py::test_case_32 - ValueError: __len__() should return...
FAILED test_queue2_MOSA.py::test_case_1 - assert 2 == 3
FAILED test_queue2_MOSA.py::test_case_2 - ValueError: __len__() should return...
FAILED test_queue2_MOSA.py::test_case_3 - ValueError: __len__() should return...
FAILED test_queue2_MOSA.py::test_case_4 - ValueError: __len__() should return...
FAILED test_queue2_MOSA.py::test_case_5 - ValueError: __len__() should return...
FAILED test_queue2_MOSA.py::test_case_6 - ValueError: __len__() should return...
FAILED test_queue2_MOSA.py::test_case_7 - assert 0 == 1
FAILED test_queue2_MOSA.py::test_case_8 - ValueError: __len__() should return...
FAILED test_queue2_MOSA.py::test_case_11 - assert 0 == 1
FAILED test_queue2_MOSA.py::test_case_13 - ValueError: __len__() should retur...
FAILED test_queue2_MOSA.py::test_case_15 - ValueError: __len__() should retur...
FAILED test_queue2_MOSA.py::test_case_16 - ValueError: __len__() should retur...
FAILED test_queue2_MOSA.py::test_case_18 - ValueError: __len__() should retur...
FAILED test_queue2_MOSA.py::test_case_21 - ValueError: __len__() should retur...
FAILED test_queue2_MOSA.py::test_case_22 - assert 3 == 4
FAILED test_queue2_MOSA.py::test_case_23 - ValueError: __len__() should retur...
FAILED test_queue2_MOSA.py::test_case_24 - assert 2 == 3
FAILED test_queue2_WHOLE_SUITE.py::test_case_1 - ValueError: __len__() should...
FAILED test_queue2_WHOLE_SUITE.py::test_case_2 - ValueError: __len__() should...
FAILED test_queue2_WHOLE_SUITE.py::test_case_4 - assert 3 == 4
FAILED test_queue2_WHOLE_SUITE.py::test_case_9 - ValueError: __len__() should...
FAILED test_queue2_WHOLE_SUITE.py::test_case_10 - assert 3 == 4
FAILED test_queue2_WHOLE_SUITE.py::test_case_12 - ValueError: __len__() shoul...
FAILED test_queue2_WHOLE_SUITE.py::test_case_13 - ValueError: __len__() shoul...
======================== 57 failed, 50 passed in 0.67s =========================
</pre></div></div></div></div></div><div class="mb-1" id="job_list___sub_accordion_55"><div class="card"><a data-toggle="collapse" data-target="#job_list___sub_collapse_55_1" aria-expanded="false" aria-controls="job_list___sub_collapse_55_1" href="#" class="job_list___sub_multi_heading"><div role="alert" class="card-header alert-success" id="job_list___sub_heading_55_1"><button class="btn btn-outline-success"><span class="job_id">55 : Job ID 3264344caf4947929638939d6b0da04e</span></button></div></a><div aria-labelledby="job_list___sub_heading_55_1" data-parent="#job_list___sub_accordion_55" class="collapse job_list___sub_multi_collapse" id="job_list___sub_collapse_55_1"><div class="card-body"><div class="work-item"><div class="alert alert-success test-outcome" role="alert"><p>worker outcome: normal</p><p>test outcome: killed</p></div></div><pre class="location"><a href="pycharm://open?file=queue2.py&amp;line=77" class="text-secondary"><button class="btn btn-outline-dark">queue2.py, start pos: (77, 21), end pos: (77, 22)</button></a></pre><pre>operator: core/NumberReplacer, occurrence: 2</pre><div class="alert alert-secondary"><pre class="diff">--- mutation diff ---
--- aqueue2.py
+++ bqueue2.py
@@ -74,7 +74,7 @@
         n = self.head
         count = 0
         while n != None:
-            count += 1
+            count += 2
             n = n.next
         return count
     </pre></div><div class="alert alert-secondary"><pre class="diff">============================= test session starts ==============================
platform linux -- Python 3.10.12, pytest-7.1.3, pluggy-1.0.0
rootdir: /home/lucca/desktop/ic/experimento/testes/python_experiments/queue2/ALL-SMART-GPT-COSMICRAY
plugins: Faker-15.1.1, hypothesis-6.56.3
collected 107 items

test_queue2_COSMICRAY.py ..                                              [  1%]
test_queue2_DYNAMOSA.py .F..F..F.....FF...FFF.FFFFFF..                   [ 29%]
test_queue2_MIO.py ....F..FFFF.F..FF...............F.                    [ 61%]
test_queue2_MOSA.py .FF.FF.F...F.F.F..F..FFFF..                          [ 86%]
test_queue2_WHOLE_SUITE.py ....F.....F.F.                                [100%]

=========================== short test summary info ============================
FAILED test_queue2_DYNAMOSA.py::test_case_1 - assert 4 == 2
FAILED test_queue2_DYNAMOSA.py::test_case_4 - AssertionError: assert 2 == 1
FAILED test_queue2_DYNAMOSA.py::test_case_7 - assert 2 == 1
FAILED test_queue2_DYNAMOSA.py::test_case_13 - assert 2 == 1
FAILED test_queue2_DYNAMOSA.py::test_case_14 - AssertionError: assert 2 == 1
FAILED test_queue2_DYNAMOSA.py::test_case_18 - assert 4 == 2
FAILED test_queue2_DYNAMOSA.py::test_case_19 - assert 2 == 1
FAILED test_queue2_DYNAMOSA.py::test_case_20 - assert 2 == 1
FAILED test_queue2_DYNAMOSA.py::test_case_22 - assert 2 == 1
FAILED test_queue2_DYNAMOSA.py::test_case_23 - assert 6 == 3
FAILED test_queue2_DYNAMOSA.py::test_case_24 - assert 6 == 3
FAILED test_queue2_DYNAMOSA.py::test_case_25 - AssertionError: assert 8 == 4
FAILED test_queue2_DYNAMOSA.py::test_case_26 - assert 2 == 1
FAILED test_queue2_DYNAMOSA.py::test_case_27 - AssertionError: assert 4 == 2
FAILED test_queue2_MIO.py::test_case_4 - assert 12 == 6
FAILED test_queue2_MIO.py::test_case_7 - AssertionError: assert 2 == 1
FAILED test_queue2_MIO.py::test_case_8 - AssertionError: assert 2 == 1
FAILED test_queue2_MIO.py::test_case_9 - AssertionError: assert 2 == 1
FAILED test_queue2_MIO.py::test_case_10 - assert 14 == 7
FAILED test_queue2_MIO.py::test_case_12 - assert 4 == 2
FAILED test_queue2_MIO.py::test_case_15 - assert 4 == 2
FAILED test_queue2_MIO.py::test_case_16 - AssertionError: assert 2 == 1
FAILED test_queue2_MIO.py::test_case_32 - AssertionError: assert 2 == 1
FAILED test_queue2_MOSA.py::test_case_1 - assert 6 == 3
FAILED test_queue2_MOSA.py::test_case_2 - AssertionError: assert 2 == 1
FAILED test_queue2_MOSA.py::test_case_4 - assert 2 == 1
FAILED test_queue2_MOSA.py::test_case_5 - AssertionError: assert 2 == 1
FAILED test_queue2_MOSA.py::test_case_7 - assert 2 == 1
FAILED test_queue2_MOSA.py::test_case_11 - assert 2 == 1
FAILED test_queue2_MOSA.py::test_case_13 - AssertionError: assert 2 == 1
FAILED test_queue2_MOSA.py::test_case_15 - assert 2 == 1
FAILED test_queue2_MOSA.py::test_case_18 - AssertionError: assert 2 == 1
FAILED test_queue2_MOSA.py::test_case_21 - AssertionError: assert 2 == 1
FAILED test_queue2_MOSA.py::test_case_22 - assert 8 == 4
FAILED test_queue2_MOSA.py::test_case_23 - AssertionError: assert 2 == 1
FAILED test_queue2_MOSA.py::test_case_24 - assert 6 == 3
FAILED test_queue2_WHOLE_SUITE.py::test_case_4 - assert 8 == 4
FAILED test_queue2_WHOLE_SUITE.py::test_case_10 - assert 8 == 4
FAILED test_queue2_WHOLE_SUITE.py::test_case_12 - assert 2 == 1
======================== 39 failed, 68 passed in 0.68s =========================
</pre></div></div></div></div></div><div class="mb-1" id="job_list___sub_accordion_56"><div class="card"><a data-toggle="collapse" data-target="#job_list___sub_collapse_56_1" aria-expanded="false" aria-controls="job_list___sub_collapse_56_1" href="#" class="job_list___sub_multi_heading"><div role="alert" class="card-header alert-success" id="job_list___sub_heading_56_1"><button class="btn btn-outline-success"><span class="job_id">56 : Job ID 7cad5bac5cb44a728bd4f068a4f4dc6c</span></button></div></a><div aria-labelledby="job_list___sub_heading_56_1" data-parent="#job_list___sub_accordion_56" class="collapse job_list___sub_multi_collapse" id="job_list___sub_collapse_56_1"><div class="card-body"><div class="work-item"><div class="alert alert-success test-outcome" role="alert"><p>worker outcome: normal</p><p>test outcome: killed</p></div></div><pre class="location"><a href="pycharm://open?file=queue2.py&amp;line=77" class="text-secondary"><button class="btn btn-outline-dark">queue2.py, start pos: (77, 21), end pos: (77, 22)</button></a></pre><pre>operator: core/NumberReplacer, occurrence: 3</pre><div class="alert alert-secondary"><pre class="diff">--- mutation diff ---
--- aqueue2.py
+++ bqueue2.py
@@ -74,7 +74,7 @@
         n = self.head
         count = 0
         while n != None:
-            count += 1
+            count += 0
             n = n.next
         return count
     </pre></div><div class="alert alert-secondary"><pre class="diff">============================= test session starts ==============================
platform linux -- Python 3.10.12, pytest-7.1.3, pluggy-1.0.0
rootdir: /home/lucca/desktop/ic/experimento/testes/python_experiments/queue2/ALL-SMART-GPT-COSMICRAY
plugins: Faker-15.1.1, hypothesis-6.56.3
collected 107 items

test_queue2_COSMICRAY.py ..                                              [  1%]
test_queue2_DYNAMOSA.py .F..F..F.....FF...FFF.FFFFFF..                   [ 29%]
test_queue2_MIO.py ....F..FFFF.F..FF...............F.                    [ 61%]
test_queue2_MOSA.py .FF.FF.F...F.F.F..F..FFFF..                          [ 86%]
test_queue2_WHOLE_SUITE.py ....F.....F.F.                                [100%]

=========================== short test summary info ============================
FAILED test_queue2_DYNAMOSA.py::test_case_1 - assert 0 == 2
FAILED test_queue2_DYNAMOSA.py::test_case_4 - AssertionError: assert 0 == 1
FAILED test_queue2_DYNAMOSA.py::test_case_7 - assert 0 == 1
FAILED test_queue2_DYNAMOSA.py::test_case_13 - assert 0 == 1
FAILED test_queue2_DYNAMOSA.py::test_case_14 - AssertionError: assert 0 == 1
FAILED test_queue2_DYNAMOSA.py::test_case_18 - assert 0 == 2
FAILED test_queue2_DYNAMOSA.py::test_case_19 - assert 0 == 1
FAILED test_queue2_DYNAMOSA.py::test_case_20 - assert 0 == 1
FAILED test_queue2_DYNAMOSA.py::test_case_22 - assert 0 == 1
FAILED test_queue2_DYNAMOSA.py::test_case_23 - assert 0 == 3
FAILED test_queue2_DYNAMOSA.py::test_case_24 - assert 0 == 3
FAILED test_queue2_DYNAMOSA.py::test_case_25 - AssertionError: assert 0 == 4
FAILED test_queue2_DYNAMOSA.py::test_case_26 - assert 0 == 1
FAILED test_queue2_DYNAMOSA.py::test_case_27 - AssertionError: assert 0 == 2
FAILED test_queue2_MIO.py::test_case_4 - assert 0 == 6
FAILED test_queue2_MIO.py::test_case_7 - AssertionError: assert 0 == 1
FAILED test_queue2_MIO.py::test_case_8 - AssertionError: assert 0 == 1
FAILED test_queue2_MIO.py::test_case_9 - AssertionError: assert 0 == 1
FAILED test_queue2_MIO.py::test_case_10 - assert 0 == 7
FAILED test_queue2_MIO.py::test_case_12 - assert 0 == 2
FAILED test_queue2_MIO.py::test_case_15 - assert 0 == 2
FAILED test_queue2_MIO.py::test_case_16 - AssertionError: assert 0 == 1
FAILED test_queue2_MIO.py::test_case_32 - AssertionError: assert 0 == 1
FAILED test_queue2_MOSA.py::test_case_1 - assert 0 == 3
FAILED test_queue2_MOSA.py::test_case_2 - AssertionError: assert 0 == 1
FAILED test_queue2_MOSA.py::test_case_4 - assert 0 == 1
FAILED test_queue2_MOSA.py::test_case_5 - AssertionError: assert 0 == 1
FAILED test_queue2_MOSA.py::test_case_7 - assert 0 == 1
FAILED test_queue2_MOSA.py::test_case_11 - assert 0 == 1
FAILED test_queue2_MOSA.py::test_case_13 - AssertionError: assert 0 == 1
FAILED test_queue2_MOSA.py::test_case_15 - assert 0 == 1
FAILED test_queue2_MOSA.py::test_case_18 - AssertionError: assert 0 == 1
FAILED test_queue2_MOSA.py::test_case_21 - AssertionError: assert 0 == 1
FAILED test_queue2_MOSA.py::test_case_22 - assert 0 == 4
FAILED test_queue2_MOSA.py::test_case_23 - AssertionError: assert 0 == 1
FAILED test_queue2_MOSA.py::test_case_24 - assert 0 == 3
FAILED test_queue2_WHOLE_SUITE.py::test_case_4 - assert 0 == 4
FAILED test_queue2_WHOLE_SUITE.py::test_case_10 - assert 0 == 4
FAILED test_queue2_WHOLE_SUITE.py::test_case_12 - assert 0 == 1
======================== 39 failed, 68 passed in 0.70s =========================
</pre></div></div></div></div></div><div class="mb-1" id="job_list___sub_accordion_57"><div class="card"><a data-toggle="collapse" data-target="#job_list___sub_collapse_57_1" aria-expanded="false" aria-controls="job_list___sub_collapse_57_1" href="#" class="job_list___sub_multi_heading"><div role="alert" class="card-header alert-success" id="job_list___sub_heading_57_1"><button class="btn btn-outline-success"><span class="job_id">57 : Job ID c138f684b3a848a797a759160e801f57</span></button></div></a><div aria-labelledby="job_list___sub_heading_57_1" data-parent="#job_list___sub_accordion_57" class="collapse job_list___sub_multi_collapse" id="job_list___sub_collapse_57_1"><div class="card-body"><div class="work-item"><div class="alert alert-success test-outcome" role="alert"><p>worker outcome: normal</p><p>test outcome: killed</p></div></div><pre class="location"><a href="pycharm://open?file=queue2.py&amp;line=129" class="text-secondary"><button class="btn btn-outline-dark">queue2.py, start pos: (129, 16), end pos: (129, 17)</button></a></pre><pre>operator: core/NumberReplacer, occurrence: 4</pre><div class="alert alert-secondary"><pre class="diff">--- mutation diff ---
--- aqueue2.py
+++ bqueue2.py
@@ -126,7 +126,7 @@
     def __len__(self):
         """Count values in queue."""
         n = self.head
-        count = 0
+        count = 1
         while n != None:
             count += 1
             n = n.next</pre></div><div class="alert alert-secondary"><pre class="diff">============================= test session starts ==============================
platform linux -- Python 3.10.12, pytest-7.1.3, pluggy-1.0.0
rootdir: /home/lucca/desktop/ic/experimento/testes/python_experiments/queue2/ALL-SMART-GPT-COSMICRAY
plugins: Faker-15.1.1, hypothesis-6.56.3
collected 107 items

test_queue2_COSMICRAY.py .F                                              [  1%]
test_queue2_DYNAMOSA.py .F....FFF.FFFFFFFFFFFFF...FFFF                   [ 29%]
test_queue2_MIO.py ..................FFFFFFFFFFFFF..F                    [ 61%]
test_queue2_MOSA.py ....FFFFF.FFFFFFFFF.FFFF...                          [ 86%]
test_queue2_WHOLE_SUITE.py F.F..FFF..F.FF                                [100%]

=========================== short test summary info ============================
FAILED test_queue2_COSMICRAY.py::test_pop_multiple_items - assert 5 == 4
FAILED test_queue2_DYNAMOSA.py::test_case_1 - assert 1 == 0
FAILED test_queue2_DYNAMOSA.py::test_case_6 - assert 1 == 0
FAILED test_queue2_DYNAMOSA.py::test_case_7 - assert 1 == 0
FAILED test_queue2_DYNAMOSA.py::test_case_8 - assert 1 == 0
FAILED test_queue2_DYNAMOSA.py::test_case_10 - assert 1 == 0
FAILED test_queue2_DYNAMOSA.py::test_case_11 - assert 1 == 0
FAILED test_queue2_DYNAMOSA.py::test_case_12 - assert 1 == 0
FAILED test_queue2_DYNAMOSA.py::test_case_13 - assert 1 == 0
FAILED test_queue2_DYNAMOSA.py::test_case_14 - assert 1 == 0
FAILED test_queue2_DYNAMOSA.py::test_case_15 - assert 1 == 0
FAILED test_queue2_DYNAMOSA.py::test_case_16 - assert 1 == 0
FAILED test_queue2_DYNAMOSA.py::test_case_17 - assert 1 == 0
FAILED test_queue2_DYNAMOSA.py::test_case_18 - assert 1 == 0
FAILED test_queue2_DYNAMOSA.py::test_case_19 - assert 1 == 0
FAILED test_queue2_DYNAMOSA.py::test_case_20 - assert 1 == 0
FAILED test_queue2_DYNAMOSA.py::test_case_21 - assert 1 == 0
FAILED test_queue2_DYNAMOSA.py::test_case_22 - assert 1 == 0
FAILED test_queue2_DYNAMOSA.py::test_case_26 - assert 1 == 0
FAILED test_queue2_DYNAMOSA.py::test_case_27 - assert 1 == 0
FAILED test_queue2_DYNAMOSA.py::test_case_28 - assert 1 == 0
FAILED test_queue2_DYNAMOSA.py::test_case_29 - assert 1 == 0
FAILED test_queue2_MIO.py::test_case_18 - assert 1 == 0
FAILED test_queue2_MIO.py::test_case_19 - assert 1 == 0
FAILED test_queue2_MIO.py::test_case_20 - assert 1 == 0
FAILED test_queue2_MIO.py::test_case_21 - assert 1 == 0
FAILED test_queue2_MIO.py::test_case_22 - assert 1 == 0
FAILED test_queue2_MIO.py::test_case_23 - assert 1 == 0
FAILED test_queue2_MIO.py::test_case_24 - assert 1 == 0
FAILED test_queue2_MIO.py::test_case_25 - assert 1 == 0
FAILED test_queue2_MIO.py::test_case_26 - assert 1 == 0
FAILED test_queue2_MIO.py::test_case_27 - assert 1 == 0
FAILED test_queue2_MIO.py::test_case_28 - assert 1 == 0
FAILED test_queue2_MIO.py::test_case_29 - assert 1 == 0
FAILED test_queue2_MIO.py::test_case_30 - assert 1 == 0
FAILED test_queue2_MIO.py::test_case_33 - assert 1 == 0
FAILED test_queue2_MOSA.py::test_case_4 - assert 1 == 0
FAILED test_queue2_MOSA.py::test_case_5 - assert 1 == 0
FAILED test_queue2_MOSA.py::test_case_6 - assert 1 == 0
FAILED test_queue2_MOSA.py::test_case_7 - assert 1 == 0
FAILED test_queue2_MOSA.py::test_case_8 - assert 1 == 0
FAILED test_queue2_MOSA.py::test_case_10 - assert 1 == 0
FAILED test_queue2_MOSA.py::test_case_11 - assert 1 == 0
FAILED test_queue2_MOSA.py::test_case_12 - assert 1 == 0
FAILED test_queue2_MOSA.py::test_case_13 - assert 1 == 0
FAILED test_queue2_MOSA.py::test_case_14 - assert 1 == 0
FAILED test_queue2_MOSA.py::test_case_15 - assert 1 == 0
FAILED test_queue2_MOSA.py::test_case_16 - assert 1 == 0
FAILED test_queue2_MOSA.py::test_case_17 - assert 1 == 0
FAILED test_queue2_MOSA.py::test_case_18 - assert 1 == 0
FAILED test_queue2_MOSA.py::test_case_20 - assert 1 == 0
FAILED test_queue2_MOSA.py::test_case_21 - assert 1 == 0
FAILED test_queue2_MOSA.py::test_case_22 - assert 1 == 0
FAILED test_queue2_MOSA.py::test_case_23 - assert 1 == 0
FAILED test_queue2_WHOLE_SUITE.py::test_case_0 - assert 1 == 0
FAILED test_queue2_WHOLE_SUITE.py::test_case_2 - assert 1 == 0
FAILED test_queue2_WHOLE_SUITE.py::test_case_5 - assert 1 == 0
FAILED test_queue2_WHOLE_SUITE.py::test_case_6 - assert 1 == 0
FAILED test_queue2_WHOLE_SUITE.py::test_case_7 - assert 1 == 0
FAILED test_queue2_WHOLE_SUITE.py::test_case_10 - assert 1 == 0
FAILED test_queue2_WHOLE_SUITE.py::test_case_12 - assert 1 == 0
FAILED test_queue2_WHOLE_SUITE.py::test_case_13 - assert 1 == 0
======================== 62 failed, 45 passed in 0.70s =========================
</pre></div></div></div></div></div><div class="mb-1" id="job_list___sub_accordion_58"><div class="card"><a data-toggle="collapse" data-target="#job_list___sub_collapse_58_1" aria-expanded="false" aria-controls="job_list___sub_collapse_58_1" href="#" class="job_list___sub_multi_heading"><div role="alert" class="card-header alert-success" id="job_list___sub_heading_58_1"><button class="btn btn-outline-success"><span class="job_id">58 : Job ID 2a9ff35248d74a4992f0fd114d5b6e9f</span></button></div></a><div aria-labelledby="job_list___sub_heading_58_1" data-parent="#job_list___sub_accordion_58" class="collapse job_list___sub_multi_collapse" id="job_list___sub_collapse_58_1"><div class="card-body"><div class="work-item"><div class="alert alert-success test-outcome" role="alert"><p>worker outcome: normal</p><p>test outcome: killed</p></div></div><pre class="location"><a href="pycharm://open?file=queue2.py&amp;line=129" class="text-secondary"><button class="btn btn-outline-dark">queue2.py, start pos: (129, 16), end pos: (129, 17)</button></a></pre><pre>operator: core/NumberReplacer, occurrence: 5</pre><div class="alert alert-secondary"><pre class="diff">--- mutation diff ---
--- aqueue2.py
+++ bqueue2.py
@@ -126,7 +126,7 @@
     def __len__(self):
         """Count values in queue."""
         n = self.head
-        count = 0
+        count = -1
         while n != None:
             count += 1
             n = n.next</pre></div><div class="alert alert-secondary"><pre class="diff">============================= test session starts ==============================
platform linux -- Python 3.10.12, pytest-7.1.3, pluggy-1.0.0
rootdir: /home/lucca/desktop/ic/experimento/testes/python_experiments/queue2/ALL-SMART-GPT-COSMICRAY
plugins: Faker-15.1.1, hypothesis-6.56.3
collected 107 items

test_queue2_COSMICRAY.py .F                                              [  1%]
test_queue2_DYNAMOSA.py .F....FFF.FFFFFFFFFFFFF...FFFF                   [ 29%]
test_queue2_MIO.py ..................FFFFFFFFFFFFF..F                    [ 61%]
test_queue2_MOSA.py ....FFFFF.FFFFFFFFF.FFFF...                          [ 86%]
test_queue2_WHOLE_SUITE.py F.F..FFF..F.FF                                [100%]

=========================== short test summary info ============================
FAILED test_queue2_COSMICRAY.py::test_pop_multiple_items - assert 3 == 4
FAILED test_queue2_DYNAMOSA.py::test_case_1 - ValueError: __len__() should re...
FAILED test_queue2_DYNAMOSA.py::test_case_6 - ValueError: __len__() should re...
FAILED test_queue2_DYNAMOSA.py::test_case_7 - ValueError: __len__() should re...
FAILED test_queue2_DYNAMOSA.py::test_case_8 - ValueError: __len__() should re...
FAILED test_queue2_DYNAMOSA.py::test_case_10 - ValueError: __len__() should r...
FAILED test_queue2_DYNAMOSA.py::test_case_11 - ValueError: __len__() should r...
FAILED test_queue2_DYNAMOSA.py::test_case_12 - ValueError: __len__() should r...
FAILED test_queue2_DYNAMOSA.py::test_case_13 - ValueError: __len__() should r...
FAILED test_queue2_DYNAMOSA.py::test_case_14 - ValueError: __len__() should r...
FAILED test_queue2_DYNAMOSA.py::test_case_15 - ValueError: __len__() should r...
FAILED test_queue2_DYNAMOSA.py::test_case_16 - ValueError: __len__() should r...
FAILED test_queue2_DYNAMOSA.py::test_case_17 - ValueError: __len__() should r...
FAILED test_queue2_DYNAMOSA.py::test_case_18 - ValueError: __len__() should r...
FAILED test_queue2_DYNAMOSA.py::test_case_19 - ValueError: __len__() should r...
FAILED test_queue2_DYNAMOSA.py::test_case_20 - ValueError: __len__() should r...
FAILED test_queue2_DYNAMOSA.py::test_case_21 - ValueError: __len__() should r...
FAILED test_queue2_DYNAMOSA.py::test_case_22 - ValueError: __len__() should r...
FAILED test_queue2_DYNAMOSA.py::test_case_26 - ValueError: __len__() should r...
FAILED test_queue2_DYNAMOSA.py::test_case_27 - ValueError: __len__() should r...
FAILED test_queue2_DYNAMOSA.py::test_case_28 - ValueError: __len__() should r...
FAILED test_queue2_DYNAMOSA.py::test_case_29 - ValueError: __len__() should r...
FAILED test_queue2_MIO.py::test_case_18 - ValueError: __len__() should return...
FAILED test_queue2_MIO.py::test_case_19 - ValueError: __len__() should return...
FAILED test_queue2_MIO.py::test_case_20 - ValueError: __len__() should return...
FAILED test_queue2_MIO.py::test_case_21 - ValueError: __len__() should return...
FAILED test_queue2_MIO.py::test_case_22 - ValueError: __len__() should return...
FAILED test_queue2_MIO.py::test_case_23 - ValueError: __len__() should return...
FAILED test_queue2_MIO.py::test_case_24 - ValueError: __len__() should return...
FAILED test_queue2_MIO.py::test_case_25 - ValueError: __len__() should return...
FAILED test_queue2_MIO.py::test_case_26 - ValueError: __len__() should return...
FAILED test_queue2_MIO.py::test_case_27 - ValueError: __len__() should return...
FAILED test_queue2_MIO.py::test_case_28 - ValueError: __len__() should return...
FAILED test_queue2_MIO.py::test_case_29 - ValueError: __len__() should return...
FAILED test_queue2_MIO.py::test_case_30 - ValueError: __len__() should return...
FAILED test_queue2_MIO.py::test_case_33 - ValueError: __len__() should return...
FAILED test_queue2_MOSA.py::test_case_4 - ValueError: __len__() should return...
FAILED test_queue2_MOSA.py::test_case_5 - ValueError: __len__() should return...
FAILED test_queue2_MOSA.py::test_case_6 - ValueError: __len__() should return...
FAILED test_queue2_MOSA.py::test_case_7 - ValueError: __len__() should return...
FAILED test_queue2_MOSA.py::test_case_8 - ValueError: __len__() should return...
FAILED test_queue2_MOSA.py::test_case_10 - ValueError: __len__() should retur...
FAILED test_queue2_MOSA.py::test_case_11 - ValueError: __len__() should retur...
FAILED test_queue2_MOSA.py::test_case_12 - ValueError: __len__() should retur...
FAILED test_queue2_MOSA.py::test_case_13 - ValueError: __len__() should retur...
FAILED test_queue2_MOSA.py::test_case_14 - ValueError: __len__() should retur...
FAILED test_queue2_MOSA.py::test_case_15 - ValueError: __len__() should retur...
FAILED test_queue2_MOSA.py::test_case_16 - ValueError: __len__() should retur...
FAILED test_queue2_MOSA.py::test_case_17 - ValueError: __len__() should retur...
FAILED test_queue2_MOSA.py::test_case_18 - ValueError: __len__() should retur...
FAILED test_queue2_MOSA.py::test_case_20 - ValueError: __len__() should retur...
FAILED test_queue2_MOSA.py::test_case_21 - ValueError: __len__() should retur...
FAILED test_queue2_MOSA.py::test_case_22 - ValueError: __len__() should retur...
FAILED test_queue2_MOSA.py::test_case_23 - ValueError: __len__() should retur...
FAILED test_queue2_WHOLE_SUITE.py::test_case_0 - ValueError: __len__() should...
FAILED test_queue2_WHOLE_SUITE.py::test_case_2 - ValueError: __len__() should...
FAILED test_queue2_WHOLE_SUITE.py::test_case_5 - ValueError: __len__() should...
FAILED test_queue2_WHOLE_SUITE.py::test_case_6 - ValueError: __len__() should...
FAILED test_queue2_WHOLE_SUITE.py::test_case_7 - ValueError: __len__() should...
FAILED test_queue2_WHOLE_SUITE.py::test_case_10 - ValueError: __len__() shoul...
FAILED test_queue2_WHOLE_SUITE.py::test_case_12 - ValueError: __len__() shoul...
FAILED test_queue2_WHOLE_SUITE.py::test_case_13 - ValueError: __len__() shoul...
======================== 62 failed, 45 passed in 0.70s =========================
</pre></div></div></div></div></div><div class="mb-1" id="job_list___sub_accordion_59"><div class="card"><a data-toggle="collapse" data-target="#job_list___sub_collapse_59_1" aria-expanded="false" aria-controls="job_list___sub_collapse_59_1" href="#" class="job_list___sub_multi_heading"><div role="alert" class="card-header alert-success" id="job_list___sub_heading_59_1"><button class="btn btn-outline-success"><span class="job_id">59 : Job ID 139a4109caee48e3a0291eca582906ae</span></button></div></a><div aria-labelledby="job_list___sub_heading_59_1" data-parent="#job_list___sub_accordion_59" class="collapse job_list___sub_multi_collapse" id="job_list___sub_collapse_59_1"><div class="card-body"><div class="work-item"><div class="alert alert-success test-outcome" role="alert"><p>worker outcome: normal</p><p>test outcome: killed</p></div></div><pre class="location"><a href="pycharm://open?file=queue2.py&amp;line=131" class="text-secondary"><button class="btn btn-outline-dark">queue2.py, start pos: (131, 21), end pos: (131, 22)</button></a></pre><pre>operator: core/NumberReplacer, occurrence: 6</pre><div class="alert alert-secondary"><pre class="diff">--- mutation diff ---
--- aqueue2.py
+++ bqueue2.py
@@ -128,7 +128,7 @@
         n = self.head
         count = 0
         while n != None:
-            count += 1
+            count += 2
             n = n.next
         return count
 </pre></div><div class="alert alert-secondary"><pre class="diff">============================= test session starts ==============================
platform linux -- Python 3.10.12, pytest-7.1.3, pluggy-1.0.0
rootdir: /home/lucca/desktop/ic/experimento/testes/python_experiments/queue2/ALL-SMART-GPT-COSMICRAY
plugins: Faker-15.1.1, hypothesis-6.56.3
collected 107 items

test_queue2_COSMICRAY.py .F                                              [  1%]
test_queue2_DYNAMOSA.py ...........F.FF..F.F.F.....F.F                   [ 29%]
test_queue2_MIO.py ...................FFFF.FFF..F....                    [ 61%]
test_queue2_MOSA.py ....FF.....FF..F..F.FFFF...                          [ 86%]
test_queue2_WHOLE_SUITE.py .....F.F....F.                                [100%]

=========================== short test summary info ============================
FAILED test_queue2_COSMICRAY.py::test_pop_multiple_items - assert 8 == 4
FAILED test_queue2_DYNAMOSA.py::test_case_11 - AssertionError: assert 2 == 1
FAILED test_queue2_DYNAMOSA.py::test_case_13 - AssertionError: assert 2 == 1
FAILED test_queue2_DYNAMOSA.py::test_case_14 - AssertionError: assert 2 == 1
FAILED test_queue2_DYNAMOSA.py::test_case_17 - AssertionError: assert 2 == 1
FAILED test_queue2_DYNAMOSA.py::test_case_19 - AssertionError: assert 2 == 1
FAILED test_queue2_DYNAMOSA.py::test_case_21 - AssertionError: assert 2 == 1
FAILED test_queue2_DYNAMOSA.py::test_case_27 - AssertionError: assert 2 == 1
FAILED test_queue2_DYNAMOSA.py::test_case_29 - AssertionError: assert 2 == 1
FAILED test_queue2_MIO.py::test_case_19 - AssertionError: assert 2 == 1
FAILED test_queue2_MIO.py::test_case_20 - AssertionError: assert 2 == 1
FAILED test_queue2_MIO.py::test_case_21 - AssertionError: assert 2 == 1
FAILED test_queue2_MIO.py::test_case_22 - AssertionError: assert 2 == 1
FAILED test_queue2_MIO.py::test_case_24 - AssertionError: assert 2 == 1
FAILED test_queue2_MIO.py::test_case_25 - assert 2 == 1
FAILED test_queue2_MIO.py::test_case_26 - AssertionError: assert 2 == 1
FAILED test_queue2_MIO.py::test_case_29 - AssertionError: assert 2 == 1
FAILED test_queue2_MOSA.py::test_case_4 - assert 2 == 1
FAILED test_queue2_MOSA.py::test_case_5 - AssertionError: assert 2 == 1
FAILED test_queue2_MOSA.py::test_case_11 - assert 2 == 1
FAILED test_queue2_MOSA.py::test_case_12 - AssertionError: assert 2 == 1
FAILED test_queue2_MOSA.py::test_case_15 - assert 2 == 1
FAILED test_queue2_MOSA.py::test_case_18 - assert 2 == 1
FAILED test_queue2_MOSA.py::test_case_20 - AssertionError: assert 2 == 1
FAILED test_queue2_MOSA.py::test_case_21 - assert 2 == 1
FAILED test_queue2_MOSA.py::test_case_22 - assert 2 == 1
FAILED test_queue2_MOSA.py::test_case_23 - assert 2 == 1
FAILED test_queue2_WHOLE_SUITE.py::test_case_5 - AssertionError: assert 2 == 1
FAILED test_queue2_WHOLE_SUITE.py::test_case_7 - AssertionError: assert 2 == 1
FAILED test_queue2_WHOLE_SUITE.py::test_case_12 - assert 2 == 1
======================== 30 failed, 77 passed in 0.66s =========================
</pre></div></div></div></div></div><div class="mb-1" id="job_list___sub_accordion_60"><div class="card"><a data-toggle="collapse" data-target="#job_list___sub_collapse_60_1" aria-expanded="false" aria-controls="job_list___sub_collapse_60_1" href="#" class="job_list___sub_multi_heading"><div role="alert" class="card-header alert-success" id="job_list___sub_heading_60_1"><button class="btn btn-outline-success"><span class="job_id">60 : Job ID 8b7d42af81d04532a2e5e8b63c021d91</span></button></div></a><div aria-labelledby="job_list___sub_heading_60_1" data-parent="#job_list___sub_accordion_60" class="collapse job_list___sub_multi_collapse" id="job_list___sub_collapse_60_1"><div class="card-body"><div class="work-item"><div class="alert alert-success test-outcome" role="alert"><p>worker outcome: normal</p><p>test outcome: killed</p></div></div><pre class="location"><a href="pycharm://open?file=queue2.py&amp;line=131" class="text-secondary"><button class="btn btn-outline-dark">queue2.py, start pos: (131, 21), end pos: (131, 22)</button></a></pre><pre>operator: core/NumberReplacer, occurrence: 7</pre><div class="alert alert-secondary"><pre class="diff">--- mutation diff ---
--- aqueue2.py
+++ bqueue2.py
@@ -128,7 +128,7 @@
         n = self.head
         count = 0
         while n != None:
-            count += 1
+            count += 0
             n = n.next
         return count
 </pre></div><div class="alert alert-secondary"><pre class="diff">============================= test session starts ==============================
platform linux -- Python 3.10.12, pytest-7.1.3, pluggy-1.0.0
rootdir: /home/lucca/desktop/ic/experimento/testes/python_experiments/queue2/ALL-SMART-GPT-COSMICRAY
plugins: Faker-15.1.1, hypothesis-6.56.3
collected 107 items

test_queue2_COSMICRAY.py .F                                              [  1%]
test_queue2_DYNAMOSA.py ...........F.FF..F.F.F.....F.F                   [ 29%]
test_queue2_MIO.py ...................FFFF.FFF..F....                    [ 61%]
test_queue2_MOSA.py ....FF.....FF..F..F.FFFF...                          [ 86%]
test_queue2_WHOLE_SUITE.py .....F.F....F.                                [100%]

=========================== short test summary info ============================
FAILED test_queue2_COSMICRAY.py::test_pop_multiple_items - assert 0 == 4
FAILED test_queue2_DYNAMOSA.py::test_case_11 - AssertionError: assert 0 == 1
FAILED test_queue2_DYNAMOSA.py::test_case_13 - AssertionError: assert 0 == 1
FAILED test_queue2_DYNAMOSA.py::test_case_14 - AssertionError: assert 0 == 1
FAILED test_queue2_DYNAMOSA.py::test_case_17 - AssertionError: assert 0 == 1
FAILED test_queue2_DYNAMOSA.py::test_case_19 - AssertionError: assert 0 == 1
FAILED test_queue2_DYNAMOSA.py::test_case_21 - AssertionError: assert 0 == 1
FAILED test_queue2_DYNAMOSA.py::test_case_27 - AssertionError: assert 0 == 1
FAILED test_queue2_DYNAMOSA.py::test_case_29 - AssertionError: assert 0 == 1
FAILED test_queue2_MIO.py::test_case_19 - AssertionError: assert 0 == 1
FAILED test_queue2_MIO.py::test_case_20 - AssertionError: assert 0 == 1
FAILED test_queue2_MIO.py::test_case_21 - AssertionError: assert 0 == 1
FAILED test_queue2_MIO.py::test_case_22 - AssertionError: assert 0 == 1
FAILED test_queue2_MIO.py::test_case_24 - AssertionError: assert 0 == 1
FAILED test_queue2_MIO.py::test_case_25 - assert 0 == 1
FAILED test_queue2_MIO.py::test_case_26 - AssertionError: assert 0 == 1
FAILED test_queue2_MIO.py::test_case_29 - AssertionError: assert 0 == 1
FAILED test_queue2_MOSA.py::test_case_4 - assert 0 == 1
FAILED test_queue2_MOSA.py::test_case_5 - AssertionError: assert 0 == 1
FAILED test_queue2_MOSA.py::test_case_11 - assert 0 == 1
FAILED test_queue2_MOSA.py::test_case_12 - AssertionError: assert 0 == 1
FAILED test_queue2_MOSA.py::test_case_15 - assert 0 == 1
FAILED test_queue2_MOSA.py::test_case_18 - assert 0 == 1
FAILED test_queue2_MOSA.py::test_case_20 - AssertionError: assert 0 == 1
FAILED test_queue2_MOSA.py::test_case_21 - assert 0 == 1
FAILED test_queue2_MOSA.py::test_case_22 - assert 0 == 1
FAILED test_queue2_MOSA.py::test_case_23 - assert 0 == 1
FAILED test_queue2_WHOLE_SUITE.py::test_case_5 - AssertionError: assert 0 == 1
FAILED test_queue2_WHOLE_SUITE.py::test_case_7 - AssertionError: assert 0 == 1
FAILED test_queue2_WHOLE_SUITE.py::test_case_12 - assert 0 == 1
======================== 30 failed, 77 passed in 0.67s =========================
</pre></div></div></div></div></div><div class="mb-1" id="job_list___sub_accordion_61"><div class="card"><a data-toggle="collapse" data-target="#job_list___sub_collapse_61_1" aria-expanded="false" aria-controls="job_list___sub_collapse_61_1" href="#" class="job_list___sub_multi_heading"><div role="alert" class="card-header alert-success" id="job_list___sub_heading_61_1"><button class="btn btn-outline-success"><span class="job_id">61 : Job ID a9c0c28e4ba8434cb84f61574fad4a08</span></button></div></a><div aria-labelledby="job_list___sub_heading_61_1" data-parent="#job_list___sub_accordion_61" class="collapse job_list___sub_multi_collapse" id="job_list___sub_collapse_61_1"><div class="card-body"><div class="work-item"><div class="alert alert-success test-outcome" role="alert"><p>worker outcome: normal</p><p>test outcome: killed</p></div></div><pre class="location"><a href="pycharm://open?file=queue2.py&amp;line=28" class="text-secondary"><button class="btn btn-outline-dark">queue2.py, start pos: (28, 17), end pos: (28, 22)</button></a></pre><pre>operator: core/ZeroIterationForLoop, occurrence: 0</pre><div class="alert alert-secondary"><pre class="diff">--- mutation diff ---
--- aqueue2.py
+++ bqueue2.py
@@ -25,7 +25,7 @@
     def __init__(self, *start):
         """Demonstrate linked lists in Python."""
         self.head  = None
-        for _ in start:
+        for _ in []:
             self.prepend(_)
 
     def prepend(self, value):</pre></div><div class="alert alert-secondary"><pre class="diff">============================= test session starts ==============================
platform linux -- Python 3.10.12, pytest-7.1.3, pluggy-1.0.0
rootdir: /home/lucca/desktop/ic/experimento/testes/python_experiments/queue2/ALL-SMART-GPT-COSMICRAY
plugins: Faker-15.1.1, hypothesis-6.56.3
collected 107 items

test_queue2_COSMICRAY.py ..                                              [  1%]
test_queue2_DYNAMOSA.py .F.....F......F...F....FFF.F..                   [ 29%]
test_queue2_MIO.py ....F.....F.F..F..................                    [ 61%]
test_queue2_MOSA.py .F..F..F...F...F..F..FFFF..                          [ 86%]
test_queue2_WHOLE_SUITE.py ....F.....F...                                [100%]

=========================== short test summary info ============================
FAILED test_queue2_DYNAMOSA.py::test_case_1 - assert 0 == 2
FAILED test_queue2_DYNAMOSA.py::test_case_7 - assert 0 == 1
FAILED test_queue2_DYNAMOSA.py::test_case_14 - assert 0 == 1
FAILED test_queue2_DYNAMOSA.py::test_case_18 - assert 0 == 2
FAILED test_queue2_DYNAMOSA.py::test_case_23 - assert 0 == 3
FAILED test_queue2_DYNAMOSA.py::test_case_24 - assert 0 == 3
FAILED test_queue2_DYNAMOSA.py::test_case_25 - assert 0 == 4
FAILED test_queue2_DYNAMOSA.py::test_case_27 - assert 0 == 2
FAILED test_queue2_MIO.py::test_case_4 - assert 0 == 6
FAILED test_queue2_MIO.py::test_case_10 - assert 0 == 7
FAILED test_queue2_MIO.py::test_case_12 - assert 0 == 2
FAILED test_queue2_MIO.py::test_case_15 - assert 0 == 2
FAILED test_queue2_MOSA.py::test_case_1 - assert 0 == 3
FAILED test_queue2_MOSA.py::test_case_4 - assert 0 == 1
FAILED test_queue2_MOSA.py::test_case_7 - assert 0 == 1
FAILED test_queue2_MOSA.py::test_case_11 - assert 0 == 1
FAILED test_queue2_MOSA.py::test_case_15 - assert 0 == 1
FAILED test_queue2_MOSA.py::test_case_18 - assert 0 == 1
FAILED test_queue2_MOSA.py::test_case_21 - assert 0 == 1
FAILED test_queue2_MOSA.py::test_case_22 - assert 0 == 4
FAILED test_queue2_MOSA.py::test_case_23 - assert 0 == 1
FAILED test_queue2_MOSA.py::test_case_24 - assert 0 == 3
FAILED test_queue2_WHOLE_SUITE.py::test_case_4 - assert 0 == 4
FAILED test_queue2_WHOLE_SUITE.py::test_case_10 - assert 0 == 4
======================== 24 failed, 83 passed in 0.67s =========================
</pre></div></div></div></div></div><div class="mb-1" id="job_list___sub_accordion_62"><div class="card"><a data-toggle="collapse" data-target="#job_list___sub_collapse_62_1" aria-expanded="false" aria-controls="job_list___sub_collapse_62_1" href="#" class="job_list___sub_multi_heading"><div role="alert" class="card-header alert-success" id="job_list___sub_heading_62_1"><button class="btn btn-outline-success"><span class="job_id">62 : Job ID 3db60c39093e41ab82c63e5603a6d922</span></button></div></a><div aria-labelledby="job_list___sub_heading_62_1" data-parent="#job_list___sub_accordion_62" class="collapse job_list___sub_multi_collapse" id="job_list___sub_collapse_62_1"><div class="card-body"><div class="work-item"><div class="alert alert-success test-outcome" role="alert"><p>worker outcome: normal</p><p>test outcome: killed</p></div></div><pre class="location"><a href="pycharm://open?file=queue2.py&amp;line=86" class="text-secondary"><button class="btn btn-outline-dark">queue2.py, start pos: (86, 17), end pos: (86, 22)</button></a></pre><pre>operator: core/ZeroIterationForLoop, occurrence: 1</pre><div class="alert alert-secondary"><pre class="diff">--- mutation diff ---
--- aqueue2.py
+++ bqueue2.py
@@ -83,7 +83,7 @@
         """Demonstrate queue using linked list in Python."""
         self.head = None
         self.tail = None
-        for _ in start:
+        for _ in []:
             self.append(_) # Line changed from add (nonexistant) to append
 
     def append(self, value):</pre></div><div class="alert alert-secondary"><pre class="diff">============================= test session starts ==============================
platform linux -- Python 3.10.12, pytest-7.1.3, pluggy-1.0.0
rootdir: /home/lucca/desktop/ic/experimento/testes/python_experiments/queue2/ALL-SMART-GPT-COSMICRAY
plugins: Faker-15.1.1, hypothesis-6.56.3
collected 107 items

test_queue2_COSMICRAY.py .F                                              [  1%]
test_queue2_DYNAMOSA.py ..............................                   [ 29%]
test_queue2_MIO.py ..................................                    [ 61%]
test_queue2_MOSA.py ...........................                          [ 86%]
test_queue2_WHOLE_SUITE.py ..............                                [100%]

=========================== short test summary info ============================
FAILED test_queue2_COSMICRAY.py::test_pop_multiple_items - assert not True
======================== 1 failed, 106 passed in 0.62s =========================
</pre></div></div></div></div></div></div></div></div></div></div><script src="https://code.jquery.com/jquery-3.3.1.slim.min.js" integrity="sha384-q8i/X+965DzO0rT7abK41JStQIAqVgRVzpbzo5smXKp4YfRvH+8abtTE1Pi6jizo" crossorigin="anonymous"></script><script src="https://cdnjs.cloudflare.com/ajax/libs/popper.js/1.14.7/umd/popper.min.js" integrity="sha384-UO2eT0CpHqdSJQ6hJty5KVphtPhzWj9WO1clHTMGa3JDZwrnQq4sF86dIHNDz0W1" crossorigin="anonymous"></script><script src="https://stackpath.bootstrapcdn.com/bootstrap/4.3.1/js/bootstrap.min.js" integrity="sha384-JjSmVgyd0p3pXB1rRibZUAYoIIy6OrQ6VrjIEaFf/nJGzIxFDsf4x0xIM+B07jRM" crossorigin="anonymous"></script><script type="text/javascript">$('div.job_list___sub_multi_collapse').on('shown.bs.collapse',  function () {    correct_behavior_functional_buttons();  });$('div.job_list___sub_multi_collapse').on('hidden.bs.collapse',  function () {    correct_behavior_functional_buttons();  });function correct_behavior_functional_buttons() {    var expand = false;    var collapse = false;    $('a.job_list___sub_multi_heading').each(function(index) {      if ($(this).attr('aria-expanded') == 'false') {        expand = true;        return false;      };    });    $('a.job_list___sub_multi_heading').each(function(index) {      if ($(this).attr('aria-expanded') == 'true') {        collapse = true;        return false;      };    });    if (expand) {      $('div#job_item_expand_all').css('display', 'inline-block');    } else {      $('div#job_item_expand_all').css('display', 'none');    };    if (collapse) {      $('div#job_item_collapse_all').css('display', 'inline-block');    } else {      $('div#job_item_collapse_all').css('display', 'none');    };  };correct_behavior_functional_buttons();</script></body></html>
