<!DOCTYPE html><html lang="en"><head><meta charset="utf-8" /><meta name="viewport" content="width=device-width, initial-scale=1, shrink-to-fit=no" /><link rel="stylesheet" href="https://stackpath.bootstrapcdn.com/bootstrap/4.3.1/css/bootstrap.min.css" integrity="sha384-ggOyR0iXCbMQv3Xipma34MD+dH/1fQ784/j6cY/iJTQUOhcWr7x9JvoRxT2MZw1T" crossorigin="anonymous" /><title>Cosmic Ray Report</title></head><body><div class="container"><h1><p class="text-dark">Cosmic Ray Report</p></h1></div><div class="container"><div class="mb-1" id="summary_info___accordion"><div class="card"><a data-toggle="collapse" data-target="#summary_info___collapse_1" aria-expanded="true" aria-controls="summary_info___collapse_1" href="#"><div class="card-header" id="summary_info___heading_1"><button class="btn btn-outline-dark"><h4 class="m-0">Summary info</h4></button></div></a><div aria-labelledby="summary_info___heading_1" data-parent="#summary_info___accordion" class="collapse show" id="summary_info___collapse_1"><div class="card-body"><p>Date time: 25/02/2024 13:57:41</p><p>Total jobs: 72</p><p>Complete: 72 (100.00%)</p><p>Surviving mutants: 3 (4.17%)</p></div></div></div></div><div class="mb-1" id="job_list___accordion"><div class="card"><a data-toggle="collapse" data-target="#job_list___collapse_1" aria-expanded="false" aria-controls="job_list___collapse_1" href="#"><div class="card-header" id="job_list___heading_1"><button class="btn btn-outline-dark"><h4 class="m-0">Job list</h4></button></div></a><div aria-labelledby="job_list___heading_1" data-parent="#job_list___accordion" class="collapse" id="job_list___collapse_1"><div class="card-body"><div class="text-right mb-1"><div class="mx-1" id="job_item_expand_all"><a href="#" onclick="$('div.job_list___sub_multi_collapse').collapse('show');"><button class="btn btn-outline-dark"><span>Expand All</span></button></a></div><div class="mx-1" id="job_item_collapse_all"><a href="#" onclick="$('div.job_list___sub_multi_collapse').collapse('hide');"><button class="btn btn-outline-dark"><span>Collapse All</span></button></a></div></div><div class="mb-1" id="job_list___sub_accordion_1"><div class="card"><a data-toggle="collapse" data-target="#job_list___sub_collapse_1_1" aria-expanded="false" aria-controls="job_list___sub_collapse_1_1" href="#" class="job_list___sub_multi_heading"><div role="alert" class="card-header alert-success" id="job_list___sub_heading_1_1"><button class="btn btn-outline-success"><span class="job_id">1 : Job ID ba183009e54b49e0a46c48de447c9434</span></button></div></a><div aria-labelledby="job_list___sub_heading_1_1" data-parent="#job_list___sub_accordion_1" class="collapse job_list___sub_multi_collapse" id="job_list___sub_collapse_1_1"><div class="card-body"><div class="work-item"><div class="alert alert-success test-outcome" role="alert"><p>worker outcome: normal</p><p>test outcome: killed</p></div></div><pre class="location"><a href="pycharm://open?file=stack4.py&amp;line=84" class="text-secondary"><button class="btn btn-outline-dark">stack4.py, start pos: (84, 38), end pos: (84, 39)</button></a></pre><pre>operator: core/ReplaceBinaryOperator_Add_Sub, occurrence: 0</pre><div class="alert alert-secondary"><pre class="diff">--- mutation diff ---
--- astack4.py
+++ bstack4.py
@@ -81,7 +81,7 @@
         curr = self.head
         display = '('
         while curr:
-            display += str(curr.data) + ', '
+            display += str(curr.data) - ', '
             curr = curr.next
         return display[:-2] + ')'
 </pre></div><div class="alert alert-secondary"><pre class="diff">============================= test session starts ==============================
platform linux -- Python 3.10.12, pytest-7.1.3, pluggy-1.0.0
rootdir: /home/lucca/desktop/ic/experimento/testes/python_experiments/stack4
plugins: Faker-15.1.1, hypothesis-6.56.3
collected 67 items

ALL-SMART-GPT-MUTMUT/test_stack4_DYNAMOSA.py ......F.....F...            [ 23%]
ALL-SMART-GPT-MUTMUT/test_stack4_MIO.py ...............FF...             [ 53%]
ALL-SMART-GPT-MUTMUT/test_stack4_MOSA.py .F.FFF...F......F               [ 79%]
ALL-SMART-GPT-MUTMUT/test_stack4_MUTMUT.py ...FF                         [ 86%]
ALL-SMART-GPT-MUTMUT/test_stack4_WHOLE_SUITE.py .F.......                [100%]

=========================== short test summary info ============================
FAILED ALL-SMART-GPT-MUTMUT/test_stack4_DYNAMOSA.py::test_case_6 - TypeError:...
FAILED ALL-SMART-GPT-MUTMUT/test_stack4_DYNAMOSA.py::test_case_12 - TypeError...
FAILED ALL-SMART-GPT-MUTMUT/test_stack4_MIO.py::test_case_15 - TypeError: uns...
FAILED ALL-SMART-GPT-MUTMUT/test_stack4_MIO.py::test_case_16 - TypeError: uns...
FAILED ALL-SMART-GPT-MUTMUT/test_stack4_MOSA.py::test_case_1 - TypeError: uns...
FAILED ALL-SMART-GPT-MUTMUT/test_stack4_MOSA.py::test_case_3 - TypeError: uns...
FAILED ALL-SMART-GPT-MUTMUT/test_stack4_MOSA.py::test_case_4 - TypeError: uns...
FAILED ALL-SMART-GPT-MUTMUT/test_stack4_MOSA.py::test_case_5 - TypeError: uns...
FAILED ALL-SMART-GPT-MUTMUT/test_stack4_MOSA.py::test_case_9 - TypeError: uns...
FAILED ALL-SMART-GPT-MUTMUT/test_stack4_MOSA.py::test_case_16 - TypeError: un...
FAILED ALL-SMART-GPT-MUTMUT/test_stack4_MUTMUT.py::test_remove_from_linked_list
FAILED ALL-SMART-GPT-MUTMUT/test_stack4_MUTMUT.py::test_remove_head_from_linked_list
FAILED ALL-SMART-GPT-MUTMUT/test_stack4_WHOLE_SUITE.py::test_case_1 - TypeErr...
======================== 13 failed, 54 passed in 0.22s =========================
</pre></div></div></div></div></div><div class="mb-1" id="job_list___sub_accordion_2"><div class="card"><a data-toggle="collapse" data-target="#job_list___sub_collapse_2_1" aria-expanded="false" aria-controls="job_list___sub_collapse_2_1" href="#" class="job_list___sub_multi_heading"><div role="alert" class="card-header alert-success" id="job_list___sub_heading_2_1"><button class="btn btn-outline-success"><span class="job_id">2 : Job ID 8073a83bdc52448c808de57500c200eb</span></button></div></a><div aria-labelledby="job_list___sub_heading_2_1" data-parent="#job_list___sub_accordion_2" class="collapse job_list___sub_multi_collapse" id="job_list___sub_collapse_2_1"><div class="card-body"><div class="work-item"><div class="alert alert-success test-outcome" role="alert"><p>worker outcome: normal</p><p>test outcome: killed</p></div></div><pre class="location"><a href="pycharm://open?file=stack4.py&amp;line=86" class="text-secondary"><button class="btn btn-outline-dark">stack4.py, start pos: (86, 28), end pos: (86, 29)</button></a></pre><pre>operator: core/ReplaceBinaryOperator_Add_Sub, occurrence: 1</pre><div class="alert alert-secondary"><pre class="diff">--- mutation diff ---
--- astack4.py
+++ bstack4.py
@@ -83,7 +83,7 @@
         while curr:
             display += str(curr.data) + ', '
             curr = curr.next
-        return display[:-2] + ')'
+        return display[:-2] - ')'
 
 
 class Stack(object):</pre></div><div class="alert alert-secondary"><pre class="diff">============================= test session starts ==============================
platform linux -- Python 3.10.12, pytest-7.1.3, pluggy-1.0.0
rootdir: /home/lucca/desktop/ic/experimento/testes/python_experiments/stack4
plugins: Faker-15.1.1, hypothesis-6.56.3
collected 67 items

ALL-SMART-GPT-MUTMUT/test_stack4_DYNAMOSA.py ......FF....F...            [ 23%]
ALL-SMART-GPT-MUTMUT/test_stack4_MIO.py ...............FFF..             [ 53%]
ALL-SMART-GPT-MUTMUT/test_stack4_MOSA.py .F.FFF...FF.....F               [ 79%]
ALL-SMART-GPT-MUTMUT/test_stack4_MUTMUT.py ...FF                         [ 86%]
ALL-SMART-GPT-MUTMUT/test_stack4_WHOLE_SUITE.py FFF......                [100%]

=========================== short test summary info ============================
FAILED ALL-SMART-GPT-MUTMUT/test_stack4_DYNAMOSA.py::test_case_6 - TypeError:...
FAILED ALL-SMART-GPT-MUTMUT/test_stack4_DYNAMOSA.py::test_case_7 - TypeError:...
FAILED ALL-SMART-GPT-MUTMUT/test_stack4_DYNAMOSA.py::test_case_12 - TypeError...
FAILED ALL-SMART-GPT-MUTMUT/test_stack4_MIO.py::test_case_15 - TypeError: uns...
FAILED ALL-SMART-GPT-MUTMUT/test_stack4_MIO.py::test_case_16 - TypeError: uns...
FAILED ALL-SMART-GPT-MUTMUT/test_stack4_MIO.py::test_case_17 - TypeError: uns...
FAILED ALL-SMART-GPT-MUTMUT/test_stack4_MOSA.py::test_case_1 - TypeError: uns...
FAILED ALL-SMART-GPT-MUTMUT/test_stack4_MOSA.py::test_case_3 - TypeError: uns...
FAILED ALL-SMART-GPT-MUTMUT/test_stack4_MOSA.py::test_case_4 - TypeError: uns...
FAILED ALL-SMART-GPT-MUTMUT/test_stack4_MOSA.py::test_case_5 - TypeError: uns...
FAILED ALL-SMART-GPT-MUTMUT/test_stack4_MOSA.py::test_case_9 - TypeError: uns...
FAILED ALL-SMART-GPT-MUTMUT/test_stack4_MOSA.py::test_case_10 - TypeError: un...
FAILED ALL-SMART-GPT-MUTMUT/test_stack4_MOSA.py::test_case_16 - TypeError: un...
FAILED ALL-SMART-GPT-MUTMUT/test_stack4_MUTMUT.py::test_remove_from_linked_list
FAILED ALL-SMART-GPT-MUTMUT/test_stack4_MUTMUT.py::test_remove_head_from_linked_list
FAILED ALL-SMART-GPT-MUTMUT/test_stack4_WHOLE_SUITE.py::test_case_0 - TypeErr...
FAILED ALL-SMART-GPT-MUTMUT/test_stack4_WHOLE_SUITE.py::test_case_1 - TypeErr...
FAILED ALL-SMART-GPT-MUTMUT/test_stack4_WHOLE_SUITE.py::test_case_2 - TypeErr...
======================== 18 failed, 49 passed in 0.21s =========================
</pre></div></div></div></div></div><div class="mb-1" id="job_list___sub_accordion_3"><div class="card"><a data-toggle="collapse" data-target="#job_list___sub_collapse_3_1" aria-expanded="false" aria-controls="job_list___sub_collapse_3_1" href="#" class="job_list___sub_multi_heading"><div role="alert" class="card-header alert-success" id="job_list___sub_heading_3_1"><button class="btn btn-outline-success"><span class="job_id">3 : Job ID 750343c0c8fb461fb4c4a8ade8d433aa</span></button></div></a><div aria-labelledby="job_list___sub_heading_3_1" data-parent="#job_list___sub_accordion_3" class="collapse job_list___sub_multi_collapse" id="job_list___sub_collapse_3_1"><div class="card-body"><div class="work-item"><div class="alert alert-success test-outcome" role="alert"><p>worker outcome: normal</p><p>test outcome: killed</p></div></div><pre class="location"><a href="pycharm://open?file=stack4.py&amp;line=84" class="text-secondary"><button class="btn btn-outline-dark">stack4.py, start pos: (84, 38), end pos: (84, 39)</button></a></pre><pre>operator: core/ReplaceBinaryOperator_Add_Mul, occurrence: 0</pre><div class="alert alert-secondary"><pre class="diff">--- mutation diff ---
--- astack4.py
+++ bstack4.py
@@ -81,7 +81,7 @@
         curr = self.head
         display = '('
         while curr:
-            display += str(curr.data) + ', '
+            display += str(curr.data) * ', '
             curr = curr.next
         return display[:-2] + ')'
 </pre></div><div class="alert alert-secondary"><pre class="diff">============================= test session starts ==============================
platform linux -- Python 3.10.12, pytest-7.1.3, pluggy-1.0.0
rootdir: /home/lucca/desktop/ic/experimento/testes/python_experiments/stack4
plugins: Faker-15.1.1, hypothesis-6.56.3
collected 67 items

ALL-SMART-GPT-MUTMUT/test_stack4_DYNAMOSA.py ......F.....F...            [ 23%]
ALL-SMART-GPT-MUTMUT/test_stack4_MIO.py ...............FF...             [ 53%]
ALL-SMART-GPT-MUTMUT/test_stack4_MOSA.py .F.FFF...F......F               [ 79%]
ALL-SMART-GPT-MUTMUT/test_stack4_MUTMUT.py ...FF                         [ 86%]
ALL-SMART-GPT-MUTMUT/test_stack4_WHOLE_SUITE.py .F.......                [100%]

=========================== short test summary info ============================
FAILED ALL-SMART-GPT-MUTMUT/test_stack4_DYNAMOSA.py::test_case_6 - TypeError:...
FAILED ALL-SMART-GPT-MUTMUT/test_stack4_DYNAMOSA.py::test_case_12 - TypeError...
FAILED ALL-SMART-GPT-MUTMUT/test_stack4_MIO.py::test_case_15 - TypeError: can...
FAILED ALL-SMART-GPT-MUTMUT/test_stack4_MIO.py::test_case_16 - TypeError: can...
FAILED ALL-SMART-GPT-MUTMUT/test_stack4_MOSA.py::test_case_1 - TypeError: can...
FAILED ALL-SMART-GPT-MUTMUT/test_stack4_MOSA.py::test_case_3 - TypeError: can...
FAILED ALL-SMART-GPT-MUTMUT/test_stack4_MOSA.py::test_case_4 - TypeError: can...
FAILED ALL-SMART-GPT-MUTMUT/test_stack4_MOSA.py::test_case_5 - TypeError: can...
FAILED ALL-SMART-GPT-MUTMUT/test_stack4_MOSA.py::test_case_9 - TypeError: can...
FAILED ALL-SMART-GPT-MUTMUT/test_stack4_MOSA.py::test_case_16 - TypeError: ca...
FAILED ALL-SMART-GPT-MUTMUT/test_stack4_MUTMUT.py::test_remove_from_linked_list
FAILED ALL-SMART-GPT-MUTMUT/test_stack4_MUTMUT.py::test_remove_head_from_linked_list
FAILED ALL-SMART-GPT-MUTMUT/test_stack4_WHOLE_SUITE.py::test_case_1 - TypeErr...
======================== 13 failed, 54 passed in 0.22s =========================
</pre></div></div></div></div></div><div class="mb-1" id="job_list___sub_accordion_4"><div class="card"><a data-toggle="collapse" data-target="#job_list___sub_collapse_4_1" aria-expanded="false" aria-controls="job_list___sub_collapse_4_1" href="#" class="job_list___sub_multi_heading"><div role="alert" class="card-header alert-success" id="job_list___sub_heading_4_1"><button class="btn btn-outline-success"><span class="job_id">4 : Job ID 1156abb5267b49d588f33602362d106d</span></button></div></a><div aria-labelledby="job_list___sub_heading_4_1" data-parent="#job_list___sub_accordion_4" class="collapse job_list___sub_multi_collapse" id="job_list___sub_collapse_4_1"><div class="card-body"><div class="work-item"><div class="alert alert-success test-outcome" role="alert"><p>worker outcome: normal</p><p>test outcome: killed</p></div></div><pre class="location"><a href="pycharm://open?file=stack4.py&amp;line=86" class="text-secondary"><button class="btn btn-outline-dark">stack4.py, start pos: (86, 28), end pos: (86, 29)</button></a></pre><pre>operator: core/ReplaceBinaryOperator_Add_Mul, occurrence: 1</pre><div class="alert alert-secondary"><pre class="diff">--- mutation diff ---
--- astack4.py
+++ bstack4.py
@@ -83,7 +83,7 @@
         while curr:
             display += str(curr.data) + ', '
             curr = curr.next
-        return display[:-2] + ')'
+        return display[:-2] * ')'
 
 
 class Stack(object):</pre></div><div class="alert alert-secondary"><pre class="diff">============================= test session starts ==============================
platform linux -- Python 3.10.12, pytest-7.1.3, pluggy-1.0.0
rootdir: /home/lucca/desktop/ic/experimento/testes/python_experiments/stack4
plugins: Faker-15.1.1, hypothesis-6.56.3
collected 67 items

ALL-SMART-GPT-MUTMUT/test_stack4_DYNAMOSA.py ......FF....F...            [ 23%]
ALL-SMART-GPT-MUTMUT/test_stack4_MIO.py ...............FFF..             [ 53%]
ALL-SMART-GPT-MUTMUT/test_stack4_MOSA.py .F.FFF...FF.....F               [ 79%]
ALL-SMART-GPT-MUTMUT/test_stack4_MUTMUT.py ...FF                         [ 86%]
ALL-SMART-GPT-MUTMUT/test_stack4_WHOLE_SUITE.py FFF......                [100%]

=========================== short test summary info ============================
FAILED ALL-SMART-GPT-MUTMUT/test_stack4_DYNAMOSA.py::test_case_6 - TypeError:...
FAILED ALL-SMART-GPT-MUTMUT/test_stack4_DYNAMOSA.py::test_case_7 - TypeError:...
FAILED ALL-SMART-GPT-MUTMUT/test_stack4_DYNAMOSA.py::test_case_12 - TypeError...
FAILED ALL-SMART-GPT-MUTMUT/test_stack4_MIO.py::test_case_15 - TypeError: can...
FAILED ALL-SMART-GPT-MUTMUT/test_stack4_MIO.py::test_case_16 - TypeError: can...
FAILED ALL-SMART-GPT-MUTMUT/test_stack4_MIO.py::test_case_17 - TypeError: can...
FAILED ALL-SMART-GPT-MUTMUT/test_stack4_MOSA.py::test_case_1 - TypeError: can...
FAILED ALL-SMART-GPT-MUTMUT/test_stack4_MOSA.py::test_case_3 - TypeError: can...
FAILED ALL-SMART-GPT-MUTMUT/test_stack4_MOSA.py::test_case_4 - TypeError: can...
FAILED ALL-SMART-GPT-MUTMUT/test_stack4_MOSA.py::test_case_5 - TypeError: can...
FAILED ALL-SMART-GPT-MUTMUT/test_stack4_MOSA.py::test_case_9 - TypeError: can...
FAILED ALL-SMART-GPT-MUTMUT/test_stack4_MOSA.py::test_case_10 - TypeError: ca...
FAILED ALL-SMART-GPT-MUTMUT/test_stack4_MOSA.py::test_case_16 - TypeError: ca...
FAILED ALL-SMART-GPT-MUTMUT/test_stack4_MUTMUT.py::test_remove_from_linked_list
FAILED ALL-SMART-GPT-MUTMUT/test_stack4_MUTMUT.py::test_remove_head_from_linked_list
FAILED ALL-SMART-GPT-MUTMUT/test_stack4_WHOLE_SUITE.py::test_case_0 - TypeErr...
FAILED ALL-SMART-GPT-MUTMUT/test_stack4_WHOLE_SUITE.py::test_case_1 - TypeErr...
FAILED ALL-SMART-GPT-MUTMUT/test_stack4_WHOLE_SUITE.py::test_case_2 - TypeErr...
======================== 18 failed, 49 passed in 0.22s =========================
</pre></div></div></div></div></div><div class="mb-1" id="job_list___sub_accordion_5"><div class="card"><a data-toggle="collapse" data-target="#job_list___sub_collapse_5_1" aria-expanded="false" aria-controls="job_list___sub_collapse_5_1" href="#" class="job_list___sub_multi_heading"><div role="alert" class="card-header alert-success" id="job_list___sub_heading_5_1"><button class="btn btn-outline-success"><span class="job_id">5 : Job ID 3053d00ec49445379521d679de3d6e19</span></button></div></a><div aria-labelledby="job_list___sub_heading_5_1" data-parent="#job_list___sub_accordion_5" class="collapse job_list___sub_multi_collapse" id="job_list___sub_collapse_5_1"><div class="card-body"><div class="work-item"><div class="alert alert-success test-outcome" role="alert"><p>worker outcome: normal</p><p>test outcome: killed</p></div></div><pre class="location"><a href="pycharm://open?file=stack4.py&amp;line=84" class="text-secondary"><button class="btn btn-outline-dark">stack4.py, start pos: (84, 38), end pos: (84, 39)</button></a></pre><pre>operator: core/ReplaceBinaryOperator_Add_Div, occurrence: 0</pre><div class="alert alert-secondary"><pre class="diff">--- mutation diff ---
--- astack4.py
+++ bstack4.py
@@ -81,7 +81,7 @@
         curr = self.head
         display = '('
         while curr:
-            display += str(curr.data) + ', '
+            display += str(curr.data) / ', '
             curr = curr.next
         return display[:-2] + ')'
 </pre></div><div class="alert alert-secondary"><pre class="diff">============================= test session starts ==============================
platform linux -- Python 3.10.12, pytest-7.1.3, pluggy-1.0.0
rootdir: /home/lucca/desktop/ic/experimento/testes/python_experiments/stack4
plugins: Faker-15.1.1, hypothesis-6.56.3
collected 67 items

ALL-SMART-GPT-MUTMUT/test_stack4_DYNAMOSA.py ......F.....F...            [ 23%]
ALL-SMART-GPT-MUTMUT/test_stack4_MIO.py ...............FF...             [ 53%]
ALL-SMART-GPT-MUTMUT/test_stack4_MOSA.py .F.FFF...F......F               [ 79%]
ALL-SMART-GPT-MUTMUT/test_stack4_MUTMUT.py ...FF                         [ 86%]
ALL-SMART-GPT-MUTMUT/test_stack4_WHOLE_SUITE.py .F.......                [100%]

=========================== short test summary info ============================
FAILED ALL-SMART-GPT-MUTMUT/test_stack4_DYNAMOSA.py::test_case_6 - TypeError:...
FAILED ALL-SMART-GPT-MUTMUT/test_stack4_DYNAMOSA.py::test_case_12 - TypeError...
FAILED ALL-SMART-GPT-MUTMUT/test_stack4_MIO.py::test_case_15 - TypeError: uns...
FAILED ALL-SMART-GPT-MUTMUT/test_stack4_MIO.py::test_case_16 - TypeError: uns...
FAILED ALL-SMART-GPT-MUTMUT/test_stack4_MOSA.py::test_case_1 - TypeError: uns...
FAILED ALL-SMART-GPT-MUTMUT/test_stack4_MOSA.py::test_case_3 - TypeError: uns...
FAILED ALL-SMART-GPT-MUTMUT/test_stack4_MOSA.py::test_case_4 - TypeError: uns...
FAILED ALL-SMART-GPT-MUTMUT/test_stack4_MOSA.py::test_case_5 - TypeError: uns...
FAILED ALL-SMART-GPT-MUTMUT/test_stack4_MOSA.py::test_case_9 - TypeError: uns...
FAILED ALL-SMART-GPT-MUTMUT/test_stack4_MOSA.py::test_case_16 - TypeError: un...
FAILED ALL-SMART-GPT-MUTMUT/test_stack4_MUTMUT.py::test_remove_from_linked_list
FAILED ALL-SMART-GPT-MUTMUT/test_stack4_MUTMUT.py::test_remove_head_from_linked_list
FAILED ALL-SMART-GPT-MUTMUT/test_stack4_WHOLE_SUITE.py::test_case_1 - TypeErr...
======================== 13 failed, 54 passed in 0.23s =========================
</pre></div></div></div></div></div><div class="mb-1" id="job_list___sub_accordion_6"><div class="card"><a data-toggle="collapse" data-target="#job_list___sub_collapse_6_1" aria-expanded="false" aria-controls="job_list___sub_collapse_6_1" href="#" class="job_list___sub_multi_heading"><div role="alert" class="card-header alert-success" id="job_list___sub_heading_6_1"><button class="btn btn-outline-success"><span class="job_id">6 : Job ID 23ddcec631f74a9bb6fe61bdb4222a1f</span></button></div></a><div aria-labelledby="job_list___sub_heading_6_1" data-parent="#job_list___sub_accordion_6" class="collapse job_list___sub_multi_collapse" id="job_list___sub_collapse_6_1"><div class="card-body"><div class="work-item"><div class="alert alert-success test-outcome" role="alert"><p>worker outcome: normal</p><p>test outcome: killed</p></div></div><pre class="location"><a href="pycharm://open?file=stack4.py&amp;line=86" class="text-secondary"><button class="btn btn-outline-dark">stack4.py, start pos: (86, 28), end pos: (86, 29)</button></a></pre><pre>operator: core/ReplaceBinaryOperator_Add_Div, occurrence: 1</pre><div class="alert alert-secondary"><pre class="diff">--- mutation diff ---
--- astack4.py
+++ bstack4.py
@@ -83,7 +83,7 @@
         while curr:
             display += str(curr.data) + ', '
             curr = curr.next
-        return display[:-2] + ')'
+        return display[:-2] / ')'
 
 
 class Stack(object):</pre></div><div class="alert alert-secondary"><pre class="diff">============================= test session starts ==============================
platform linux -- Python 3.10.12, pytest-7.1.3, pluggy-1.0.0
rootdir: /home/lucca/desktop/ic/experimento/testes/python_experiments/stack4
plugins: Faker-15.1.1, hypothesis-6.56.3
collected 67 items

ALL-SMART-GPT-MUTMUT/test_stack4_DYNAMOSA.py ......FF....F...            [ 23%]
ALL-SMART-GPT-MUTMUT/test_stack4_MIO.py ...............FFF..             [ 53%]
ALL-SMART-GPT-MUTMUT/test_stack4_MOSA.py .F.FFF...FF.....F               [ 79%]
ALL-SMART-GPT-MUTMUT/test_stack4_MUTMUT.py ...FF                         [ 86%]
ALL-SMART-GPT-MUTMUT/test_stack4_WHOLE_SUITE.py FFF......                [100%]

=========================== short test summary info ============================
FAILED ALL-SMART-GPT-MUTMUT/test_stack4_DYNAMOSA.py::test_case_6 - TypeError:...
FAILED ALL-SMART-GPT-MUTMUT/test_stack4_DYNAMOSA.py::test_case_7 - TypeError:...
FAILED ALL-SMART-GPT-MUTMUT/test_stack4_DYNAMOSA.py::test_case_12 - TypeError...
FAILED ALL-SMART-GPT-MUTMUT/test_stack4_MIO.py::test_case_15 - TypeError: uns...
FAILED ALL-SMART-GPT-MUTMUT/test_stack4_MIO.py::test_case_16 - TypeError: uns...
FAILED ALL-SMART-GPT-MUTMUT/test_stack4_MIO.py::test_case_17 - TypeError: uns...
FAILED ALL-SMART-GPT-MUTMUT/test_stack4_MOSA.py::test_case_1 - TypeError: uns...
FAILED ALL-SMART-GPT-MUTMUT/test_stack4_MOSA.py::test_case_3 - TypeError: uns...
FAILED ALL-SMART-GPT-MUTMUT/test_stack4_MOSA.py::test_case_4 - TypeError: uns...
FAILED ALL-SMART-GPT-MUTMUT/test_stack4_MOSA.py::test_case_5 - TypeError: uns...
FAILED ALL-SMART-GPT-MUTMUT/test_stack4_MOSA.py::test_case_9 - TypeError: uns...
FAILED ALL-SMART-GPT-MUTMUT/test_stack4_MOSA.py::test_case_10 - TypeError: un...
FAILED ALL-SMART-GPT-MUTMUT/test_stack4_MOSA.py::test_case_16 - TypeError: un...
FAILED ALL-SMART-GPT-MUTMUT/test_stack4_MUTMUT.py::test_remove_from_linked_list
FAILED ALL-SMART-GPT-MUTMUT/test_stack4_MUTMUT.py::test_remove_head_from_linked_list
FAILED ALL-SMART-GPT-MUTMUT/test_stack4_WHOLE_SUITE.py::test_case_0 - TypeErr...
FAILED ALL-SMART-GPT-MUTMUT/test_stack4_WHOLE_SUITE.py::test_case_1 - TypeErr...
FAILED ALL-SMART-GPT-MUTMUT/test_stack4_WHOLE_SUITE.py::test_case_2 - TypeErr...
======================== 18 failed, 49 passed in 0.22s =========================
</pre></div></div></div></div></div><div class="mb-1" id="job_list___sub_accordion_7"><div class="card"><a data-toggle="collapse" data-target="#job_list___sub_collapse_7_1" aria-expanded="false" aria-controls="job_list___sub_collapse_7_1" href="#" class="job_list___sub_multi_heading"><div role="alert" class="card-header alert-success" id="job_list___sub_heading_7_1"><button class="btn btn-outline-success"><span class="job_id">7 : Job ID 53ee6cc48e7a450a9eeebdfb810958ec</span></button></div></a><div aria-labelledby="job_list___sub_heading_7_1" data-parent="#job_list___sub_accordion_7" class="collapse job_list___sub_multi_collapse" id="job_list___sub_collapse_7_1"><div class="card-body"><div class="work-item"><div class="alert alert-success test-outcome" role="alert"><p>worker outcome: normal</p><p>test outcome: killed</p></div></div><pre class="location"><a href="pycharm://open?file=stack4.py&amp;line=84" class="text-secondary"><button class="btn btn-outline-dark">stack4.py, start pos: (84, 38), end pos: (84, 39)</button></a></pre><pre>operator: core/ReplaceBinaryOperator_Add_FloorDiv, occurrence: 0</pre><div class="alert alert-secondary"><pre class="diff">--- mutation diff ---
--- astack4.py
+++ bstack4.py
@@ -81,7 +81,7 @@
         curr = self.head
         display = '('
         while curr:
-            display += str(curr.data) + ', '
+            display += str(curr.data) // ', '
             curr = curr.next
         return display[:-2] + ')'
 </pre></div><div class="alert alert-secondary"><pre class="diff">============================= test session starts ==============================
platform linux -- Python 3.10.12, pytest-7.1.3, pluggy-1.0.0
rootdir: /home/lucca/desktop/ic/experimento/testes/python_experiments/stack4
plugins: Faker-15.1.1, hypothesis-6.56.3
collected 67 items

ALL-SMART-GPT-MUTMUT/test_stack4_DYNAMOSA.py ......F.....F...            [ 23%]
ALL-SMART-GPT-MUTMUT/test_stack4_MIO.py ...............FF...             [ 53%]
ALL-SMART-GPT-MUTMUT/test_stack4_MOSA.py .F.FFF...F......F               [ 79%]
ALL-SMART-GPT-MUTMUT/test_stack4_MUTMUT.py ...FF                         [ 86%]
ALL-SMART-GPT-MUTMUT/test_stack4_WHOLE_SUITE.py .F.......                [100%]

=========================== short test summary info ============================
FAILED ALL-SMART-GPT-MUTMUT/test_stack4_DYNAMOSA.py::test_case_6 - TypeError:...
FAILED ALL-SMART-GPT-MUTMUT/test_stack4_DYNAMOSA.py::test_case_12 - TypeError...
FAILED ALL-SMART-GPT-MUTMUT/test_stack4_MIO.py::test_case_15 - TypeError: uns...
FAILED ALL-SMART-GPT-MUTMUT/test_stack4_MIO.py::test_case_16 - TypeError: uns...
FAILED ALL-SMART-GPT-MUTMUT/test_stack4_MOSA.py::test_case_1 - TypeError: uns...
FAILED ALL-SMART-GPT-MUTMUT/test_stack4_MOSA.py::test_case_3 - TypeError: uns...
FAILED ALL-SMART-GPT-MUTMUT/test_stack4_MOSA.py::test_case_4 - TypeError: uns...
FAILED ALL-SMART-GPT-MUTMUT/test_stack4_MOSA.py::test_case_5 - TypeError: uns...
FAILED ALL-SMART-GPT-MUTMUT/test_stack4_MOSA.py::test_case_9 - TypeError: uns...
FAILED ALL-SMART-GPT-MUTMUT/test_stack4_MOSA.py::test_case_16 - TypeError: un...
FAILED ALL-SMART-GPT-MUTMUT/test_stack4_MUTMUT.py::test_remove_from_linked_list
FAILED ALL-SMART-GPT-MUTMUT/test_stack4_MUTMUT.py::test_remove_head_from_linked_list
FAILED ALL-SMART-GPT-MUTMUT/test_stack4_WHOLE_SUITE.py::test_case_1 - TypeErr...
======================== 13 failed, 54 passed in 0.27s =========================
</pre></div></div></div></div></div><div class="mb-1" id="job_list___sub_accordion_8"><div class="card"><a data-toggle="collapse" data-target="#job_list___sub_collapse_8_1" aria-expanded="false" aria-controls="job_list___sub_collapse_8_1" href="#" class="job_list___sub_multi_heading"><div role="alert" class="card-header alert-success" id="job_list___sub_heading_8_1"><button class="btn btn-outline-success"><span class="job_id">8 : Job ID 641caa2587b945a29059beeaedbd0c81</span></button></div></a><div aria-labelledby="job_list___sub_heading_8_1" data-parent="#job_list___sub_accordion_8" class="collapse job_list___sub_multi_collapse" id="job_list___sub_collapse_8_1"><div class="card-body"><div class="work-item"><div class="alert alert-success test-outcome" role="alert"><p>worker outcome: normal</p><p>test outcome: killed</p></div></div><pre class="location"><a href="pycharm://open?file=stack4.py&amp;line=86" class="text-secondary"><button class="btn btn-outline-dark">stack4.py, start pos: (86, 28), end pos: (86, 29)</button></a></pre><pre>operator: core/ReplaceBinaryOperator_Add_FloorDiv, occurrence: 1</pre><div class="alert alert-secondary"><pre class="diff">--- mutation diff ---
--- astack4.py
+++ bstack4.py
@@ -83,7 +83,7 @@
         while curr:
             display += str(curr.data) + ', '
             curr = curr.next
-        return display[:-2] + ')'
+        return display[:-2] // ')'
 
 
 class Stack(object):</pre></div><div class="alert alert-secondary"><pre class="diff">============================= test session starts ==============================
platform linux -- Python 3.10.12, pytest-7.1.3, pluggy-1.0.0
rootdir: /home/lucca/desktop/ic/experimento/testes/python_experiments/stack4
plugins: Faker-15.1.1, hypothesis-6.56.3
collected 67 items

ALL-SMART-GPT-MUTMUT/test_stack4_DYNAMOSA.py ......FF....F...            [ 23%]
ALL-SMART-GPT-MUTMUT/test_stack4_MIO.py ...............FFF..             [ 53%]
ALL-SMART-GPT-MUTMUT/test_stack4_MOSA.py .F.FFF...FF.....F               [ 79%]
ALL-SMART-GPT-MUTMUT/test_stack4_MUTMUT.py ...FF                         [ 86%]
ALL-SMART-GPT-MUTMUT/test_stack4_WHOLE_SUITE.py FFF......                [100%]

=========================== short test summary info ============================
FAILED ALL-SMART-GPT-MUTMUT/test_stack4_DYNAMOSA.py::test_case_6 - TypeError:...
FAILED ALL-SMART-GPT-MUTMUT/test_stack4_DYNAMOSA.py::test_case_7 - TypeError:...
FAILED ALL-SMART-GPT-MUTMUT/test_stack4_DYNAMOSA.py::test_case_12 - TypeError...
FAILED ALL-SMART-GPT-MUTMUT/test_stack4_MIO.py::test_case_15 - TypeError: uns...
FAILED ALL-SMART-GPT-MUTMUT/test_stack4_MIO.py::test_case_16 - TypeError: uns...
FAILED ALL-SMART-GPT-MUTMUT/test_stack4_MIO.py::test_case_17 - TypeError: uns...
FAILED ALL-SMART-GPT-MUTMUT/test_stack4_MOSA.py::test_case_1 - TypeError: uns...
FAILED ALL-SMART-GPT-MUTMUT/test_stack4_MOSA.py::test_case_3 - TypeError: uns...
FAILED ALL-SMART-GPT-MUTMUT/test_stack4_MOSA.py::test_case_4 - TypeError: uns...
FAILED ALL-SMART-GPT-MUTMUT/test_stack4_MOSA.py::test_case_5 - TypeError: uns...
FAILED ALL-SMART-GPT-MUTMUT/test_stack4_MOSA.py::test_case_9 - TypeError: uns...
FAILED ALL-SMART-GPT-MUTMUT/test_stack4_MOSA.py::test_case_10 - TypeError: un...
FAILED ALL-SMART-GPT-MUTMUT/test_stack4_MOSA.py::test_case_16 - TypeError: un...
FAILED ALL-SMART-GPT-MUTMUT/test_stack4_MUTMUT.py::test_remove_from_linked_list
FAILED ALL-SMART-GPT-MUTMUT/test_stack4_MUTMUT.py::test_remove_head_from_linked_list
FAILED ALL-SMART-GPT-MUTMUT/test_stack4_WHOLE_SUITE.py::test_case_0 - TypeErr...
FAILED ALL-SMART-GPT-MUTMUT/test_stack4_WHOLE_SUITE.py::test_case_1 - TypeErr...
FAILED ALL-SMART-GPT-MUTMUT/test_stack4_WHOLE_SUITE.py::test_case_2 - TypeErr...
======================== 18 failed, 49 passed in 0.25s =========================
</pre></div></div></div></div></div><div class="mb-1" id="job_list___sub_accordion_9"><div class="card"><a data-toggle="collapse" data-target="#job_list___sub_collapse_9_1" aria-expanded="false" aria-controls="job_list___sub_collapse_9_1" href="#" class="job_list___sub_multi_heading"><div role="alert" class="card-header alert-success" id="job_list___sub_heading_9_1"><button class="btn btn-outline-success"><span class="job_id">9 : Job ID dc5d0a90d0374ae7a90f709c8df3ad4a</span></button></div></a><div aria-labelledby="job_list___sub_heading_9_1" data-parent="#job_list___sub_accordion_9" class="collapse job_list___sub_multi_collapse" id="job_list___sub_collapse_9_1"><div class="card-body"><div class="work-item"><div class="alert alert-success test-outcome" role="alert"><p>worker outcome: normal</p><p>test outcome: killed</p></div></div><pre class="location"><a href="pycharm://open?file=stack4.py&amp;line=84" class="text-secondary"><button class="btn btn-outline-dark">stack4.py, start pos: (84, 38), end pos: (84, 39)</button></a></pre><pre>operator: core/ReplaceBinaryOperator_Add_Mod, occurrence: 0</pre><div class="alert alert-secondary"><pre class="diff">--- mutation diff ---
--- astack4.py
+++ bstack4.py
@@ -81,7 +81,7 @@
         curr = self.head
         display = '('
         while curr:
-            display += str(curr.data) + ', '
+            display += str(curr.data) % ', '
             curr = curr.next
         return display[:-2] + ')'
 </pre></div><div class="alert alert-secondary"><pre class="diff">============================= test session starts ==============================
platform linux -- Python 3.10.12, pytest-7.1.3, pluggy-1.0.0
rootdir: /home/lucca/desktop/ic/experimento/testes/python_experiments/stack4
plugins: Faker-15.1.1, hypothesis-6.56.3
collected 67 items

ALL-SMART-GPT-MUTMUT/test_stack4_DYNAMOSA.py ......F.....F...            [ 23%]
ALL-SMART-GPT-MUTMUT/test_stack4_MIO.py ...............FF...             [ 53%]
ALL-SMART-GPT-MUTMUT/test_stack4_MOSA.py .F.FFF...F......F               [ 79%]
ALL-SMART-GPT-MUTMUT/test_stack4_MUTMUT.py ...FF                         [ 86%]
ALL-SMART-GPT-MUTMUT/test_stack4_WHOLE_SUITE.py .F.......                [100%]

=========================== short test summary info ============================
FAILED ALL-SMART-GPT-MUTMUT/test_stack4_DYNAMOSA.py::test_case_6 - TypeError:...
FAILED ALL-SMART-GPT-MUTMUT/test_stack4_DYNAMOSA.py::test_case_12 - TypeError...
FAILED ALL-SMART-GPT-MUTMUT/test_stack4_MIO.py::test_case_15 - TypeError: not...
FAILED ALL-SMART-GPT-MUTMUT/test_stack4_MIO.py::test_case_16 - TypeError: not...
FAILED ALL-SMART-GPT-MUTMUT/test_stack4_MOSA.py::test_case_1 - TypeError: not...
FAILED ALL-SMART-GPT-MUTMUT/test_stack4_MOSA.py::test_case_3 - TypeError: not...
FAILED ALL-SMART-GPT-MUTMUT/test_stack4_MOSA.py::test_case_4 - TypeError: not...
FAILED ALL-SMART-GPT-MUTMUT/test_stack4_MOSA.py::test_case_5 - TypeError: not...
FAILED ALL-SMART-GPT-MUTMUT/test_stack4_MOSA.py::test_case_9 - TypeError: not...
FAILED ALL-SMART-GPT-MUTMUT/test_stack4_MOSA.py::test_case_16 - TypeError: no...
FAILED ALL-SMART-GPT-MUTMUT/test_stack4_MUTMUT.py::test_remove_from_linked_list
FAILED ALL-SMART-GPT-MUTMUT/test_stack4_MUTMUT.py::test_remove_head_from_linked_list
FAILED ALL-SMART-GPT-MUTMUT/test_stack4_WHOLE_SUITE.py::test_case_1 - TypeErr...
======================== 13 failed, 54 passed in 0.26s =========================
</pre></div></div></div></div></div><div class="mb-1" id="job_list___sub_accordion_10"><div class="card"><a data-toggle="collapse" data-target="#job_list___sub_collapse_10_1" aria-expanded="false" aria-controls="job_list___sub_collapse_10_1" href="#" class="job_list___sub_multi_heading"><div role="alert" class="card-header alert-success" id="job_list___sub_heading_10_1"><button class="btn btn-outline-success"><span class="job_id">10 : Job ID 675a4ba4eb1d447684a5a0fd6c66f82b</span></button></div></a><div aria-labelledby="job_list___sub_heading_10_1" data-parent="#job_list___sub_accordion_10" class="collapse job_list___sub_multi_collapse" id="job_list___sub_collapse_10_1"><div class="card-body"><div class="work-item"><div class="alert alert-success test-outcome" role="alert"><p>worker outcome: normal</p><p>test outcome: killed</p></div></div><pre class="location"><a href="pycharm://open?file=stack4.py&amp;line=86" class="text-secondary"><button class="btn btn-outline-dark">stack4.py, start pos: (86, 28), end pos: (86, 29)</button></a></pre><pre>operator: core/ReplaceBinaryOperator_Add_Mod, occurrence: 1</pre><div class="alert alert-secondary"><pre class="diff">--- mutation diff ---
--- astack4.py
+++ bstack4.py
@@ -83,7 +83,7 @@
         while curr:
             display += str(curr.data) + ', '
             curr = curr.next
-        return display[:-2] + ')'
+        return display[:-2] % ')'
 
 
 class Stack(object):</pre></div><div class="alert alert-secondary"><pre class="diff">============================= test session starts ==============================
platform linux -- Python 3.10.12, pytest-7.1.3, pluggy-1.0.0
rootdir: /home/lucca/desktop/ic/experimento/testes/python_experiments/stack4
plugins: Faker-15.1.1, hypothesis-6.56.3
collected 67 items

ALL-SMART-GPT-MUTMUT/test_stack4_DYNAMOSA.py ......FF....F...            [ 23%]
ALL-SMART-GPT-MUTMUT/test_stack4_MIO.py ...............FFF..             [ 53%]
ALL-SMART-GPT-MUTMUT/test_stack4_MOSA.py .F.FFF...FF.....F               [ 79%]
ALL-SMART-GPT-MUTMUT/test_stack4_MUTMUT.py ...FF                         [ 86%]
ALL-SMART-GPT-MUTMUT/test_stack4_WHOLE_SUITE.py FFF......                [100%]

=========================== short test summary info ============================
FAILED ALL-SMART-GPT-MUTMUT/test_stack4_DYNAMOSA.py::test_case_6 - TypeError:...
FAILED ALL-SMART-GPT-MUTMUT/test_stack4_DYNAMOSA.py::test_case_7 - TypeError:...
FAILED ALL-SMART-GPT-MUTMUT/test_stack4_DYNAMOSA.py::test_case_12 - TypeError...
FAILED ALL-SMART-GPT-MUTMUT/test_stack4_MIO.py::test_case_15 - TypeError: not...
FAILED ALL-SMART-GPT-MUTMUT/test_stack4_MIO.py::test_case_16 - TypeError: not...
FAILED ALL-SMART-GPT-MUTMUT/test_stack4_MIO.py::test_case_17 - TypeError: not...
FAILED ALL-SMART-GPT-MUTMUT/test_stack4_MOSA.py::test_case_1 - TypeError: not...
FAILED ALL-SMART-GPT-MUTMUT/test_stack4_MOSA.py::test_case_3 - TypeError: not...
FAILED ALL-SMART-GPT-MUTMUT/test_stack4_MOSA.py::test_case_4 - TypeError: not...
FAILED ALL-SMART-GPT-MUTMUT/test_stack4_MOSA.py::test_case_5 - TypeError: not...
FAILED ALL-SMART-GPT-MUTMUT/test_stack4_MOSA.py::test_case_9 - TypeError: not...
FAILED ALL-SMART-GPT-MUTMUT/test_stack4_MOSA.py::test_case_10 - TypeError: no...
FAILED ALL-SMART-GPT-MUTMUT/test_stack4_MOSA.py::test_case_16 - TypeError: no...
FAILED ALL-SMART-GPT-MUTMUT/test_stack4_MUTMUT.py::test_remove_from_linked_list
FAILED ALL-SMART-GPT-MUTMUT/test_stack4_MUTMUT.py::test_remove_head_from_linked_list
FAILED ALL-SMART-GPT-MUTMUT/test_stack4_WHOLE_SUITE.py::test_case_0 - TypeErr...
FAILED ALL-SMART-GPT-MUTMUT/test_stack4_WHOLE_SUITE.py::test_case_1 - TypeErr...
FAILED ALL-SMART-GPT-MUTMUT/test_stack4_WHOLE_SUITE.py::test_case_2 - TypeErr...
======================== 18 failed, 49 passed in 0.27s =========================
</pre></div></div></div></div></div><div class="mb-1" id="job_list___sub_accordion_11"><div class="card"><a data-toggle="collapse" data-target="#job_list___sub_collapse_11_1" aria-expanded="false" aria-controls="job_list___sub_collapse_11_1" href="#" class="job_list___sub_multi_heading"><div role="alert" class="card-header alert-success" id="job_list___sub_heading_11_1"><button class="btn btn-outline-success"><span class="job_id">11 : Job ID 649d304bd30c47029d33fc912f0ab59f</span></button></div></a><div aria-labelledby="job_list___sub_heading_11_1" data-parent="#job_list___sub_accordion_11" class="collapse job_list___sub_multi_collapse" id="job_list___sub_collapse_11_1"><div class="card-body"><div class="work-item"><div class="alert alert-success test-outcome" role="alert"><p>worker outcome: normal</p><p>test outcome: killed</p></div></div><pre class="location"><a href="pycharm://open?file=stack4.py&amp;line=84" class="text-secondary"><button class="btn btn-outline-dark">stack4.py, start pos: (84, 38), end pos: (84, 39)</button></a></pre><pre>operator: core/ReplaceBinaryOperator_Add_Pow, occurrence: 0</pre><div class="alert alert-secondary"><pre class="diff">--- mutation diff ---
--- astack4.py
+++ bstack4.py
@@ -81,7 +81,7 @@
         curr = self.head
         display = '('
         while curr:
-            display += str(curr.data) + ', '
+            display += str(curr.data) ** ', '
             curr = curr.next
         return display[:-2] + ')'
 </pre></div><div class="alert alert-secondary"><pre class="diff">============================= test session starts ==============================
platform linux -- Python 3.10.12, pytest-7.1.3, pluggy-1.0.0
rootdir: /home/lucca/desktop/ic/experimento/testes/python_experiments/stack4
plugins: Faker-15.1.1, hypothesis-6.56.3
collected 67 items

ALL-SMART-GPT-MUTMUT/test_stack4_DYNAMOSA.py ......F.....F...            [ 23%]
ALL-SMART-GPT-MUTMUT/test_stack4_MIO.py ...............FF...             [ 53%]
ALL-SMART-GPT-MUTMUT/test_stack4_MOSA.py .F.FFF...F......F               [ 79%]
ALL-SMART-GPT-MUTMUT/test_stack4_MUTMUT.py ...FF                         [ 86%]
ALL-SMART-GPT-MUTMUT/test_stack4_WHOLE_SUITE.py .F.......                [100%]

=========================== short test summary info ============================
FAILED ALL-SMART-GPT-MUTMUT/test_stack4_DYNAMOSA.py::test_case_6 - TypeError:...
FAILED ALL-SMART-GPT-MUTMUT/test_stack4_DYNAMOSA.py::test_case_12 - TypeError...
FAILED ALL-SMART-GPT-MUTMUT/test_stack4_MIO.py::test_case_15 - TypeError: uns...
FAILED ALL-SMART-GPT-MUTMUT/test_stack4_MIO.py::test_case_16 - TypeError: uns...
FAILED ALL-SMART-GPT-MUTMUT/test_stack4_MOSA.py::test_case_1 - TypeError: uns...
FAILED ALL-SMART-GPT-MUTMUT/test_stack4_MOSA.py::test_case_3 - TypeError: uns...
FAILED ALL-SMART-GPT-MUTMUT/test_stack4_MOSA.py::test_case_4 - TypeError: uns...
FAILED ALL-SMART-GPT-MUTMUT/test_stack4_MOSA.py::test_case_5 - TypeError: uns...
FAILED ALL-SMART-GPT-MUTMUT/test_stack4_MOSA.py::test_case_9 - TypeError: uns...
FAILED ALL-SMART-GPT-MUTMUT/test_stack4_MOSA.py::test_case_16 - TypeError: un...
FAILED ALL-SMART-GPT-MUTMUT/test_stack4_MUTMUT.py::test_remove_from_linked_list
FAILED ALL-SMART-GPT-MUTMUT/test_stack4_MUTMUT.py::test_remove_head_from_linked_list
FAILED ALL-SMART-GPT-MUTMUT/test_stack4_WHOLE_SUITE.py::test_case_1 - TypeErr...
======================== 13 failed, 54 passed in 0.23s =========================
</pre></div></div></div></div></div><div class="mb-1" id="job_list___sub_accordion_12"><div class="card"><a data-toggle="collapse" data-target="#job_list___sub_collapse_12_1" aria-expanded="false" aria-controls="job_list___sub_collapse_12_1" href="#" class="job_list___sub_multi_heading"><div role="alert" class="card-header alert-success" id="job_list___sub_heading_12_1"><button class="btn btn-outline-success"><span class="job_id">12 : Job ID f741954cff1d47159dd57326c858f7f1</span></button></div></a><div aria-labelledby="job_list___sub_heading_12_1" data-parent="#job_list___sub_accordion_12" class="collapse job_list___sub_multi_collapse" id="job_list___sub_collapse_12_1"><div class="card-body"><div class="work-item"><div class="alert alert-success test-outcome" role="alert"><p>worker outcome: normal</p><p>test outcome: killed</p></div></div><pre class="location"><a href="pycharm://open?file=stack4.py&amp;line=86" class="text-secondary"><button class="btn btn-outline-dark">stack4.py, start pos: (86, 28), end pos: (86, 29)</button></a></pre><pre>operator: core/ReplaceBinaryOperator_Add_Pow, occurrence: 1</pre><div class="alert alert-secondary"><pre class="diff">--- mutation diff ---
--- astack4.py
+++ bstack4.py
@@ -83,7 +83,7 @@
         while curr:
             display += str(curr.data) + ', '
             curr = curr.next
-        return display[:-2] + ')'
+        return display[:-2] ** ')'
 
 
 class Stack(object):</pre></div><div class="alert alert-secondary"><pre class="diff">============================= test session starts ==============================
platform linux -- Python 3.10.12, pytest-7.1.3, pluggy-1.0.0
rootdir: /home/lucca/desktop/ic/experimento/testes/python_experiments/stack4
plugins: Faker-15.1.1, hypothesis-6.56.3
collected 67 items

ALL-SMART-GPT-MUTMUT/test_stack4_DYNAMOSA.py ......FF....F...            [ 23%]
ALL-SMART-GPT-MUTMUT/test_stack4_MIO.py ...............FFF..             [ 53%]
ALL-SMART-GPT-MUTMUT/test_stack4_MOSA.py .F.FFF...FF.....F               [ 79%]
ALL-SMART-GPT-MUTMUT/test_stack4_MUTMUT.py ...FF                         [ 86%]
ALL-SMART-GPT-MUTMUT/test_stack4_WHOLE_SUITE.py FFF......                [100%]

=========================== short test summary info ============================
FAILED ALL-SMART-GPT-MUTMUT/test_stack4_DYNAMOSA.py::test_case_6 - TypeError:...
FAILED ALL-SMART-GPT-MUTMUT/test_stack4_DYNAMOSA.py::test_case_7 - TypeError:...
FAILED ALL-SMART-GPT-MUTMUT/test_stack4_DYNAMOSA.py::test_case_12 - TypeError...
FAILED ALL-SMART-GPT-MUTMUT/test_stack4_MIO.py::test_case_15 - TypeError: uns...
FAILED ALL-SMART-GPT-MUTMUT/test_stack4_MIO.py::test_case_16 - TypeError: uns...
FAILED ALL-SMART-GPT-MUTMUT/test_stack4_MIO.py::test_case_17 - TypeError: uns...
FAILED ALL-SMART-GPT-MUTMUT/test_stack4_MOSA.py::test_case_1 - TypeError: uns...
FAILED ALL-SMART-GPT-MUTMUT/test_stack4_MOSA.py::test_case_3 - TypeError: uns...
FAILED ALL-SMART-GPT-MUTMUT/test_stack4_MOSA.py::test_case_4 - TypeError: uns...
FAILED ALL-SMART-GPT-MUTMUT/test_stack4_MOSA.py::test_case_5 - TypeError: uns...
FAILED ALL-SMART-GPT-MUTMUT/test_stack4_MOSA.py::test_case_9 - TypeError: uns...
FAILED ALL-SMART-GPT-MUTMUT/test_stack4_MOSA.py::test_case_10 - TypeError: un...
FAILED ALL-SMART-GPT-MUTMUT/test_stack4_MOSA.py::test_case_16 - TypeError: un...
FAILED ALL-SMART-GPT-MUTMUT/test_stack4_MUTMUT.py::test_remove_from_linked_list
FAILED ALL-SMART-GPT-MUTMUT/test_stack4_MUTMUT.py::test_remove_head_from_linked_list
FAILED ALL-SMART-GPT-MUTMUT/test_stack4_WHOLE_SUITE.py::test_case_0 - TypeErr...
FAILED ALL-SMART-GPT-MUTMUT/test_stack4_WHOLE_SUITE.py::test_case_1 - TypeErr...
FAILED ALL-SMART-GPT-MUTMUT/test_stack4_WHOLE_SUITE.py::test_case_2 - TypeErr...
======================== 18 failed, 49 passed in 0.21s =========================
</pre></div></div></div></div></div><div class="mb-1" id="job_list___sub_accordion_13"><div class="card"><a data-toggle="collapse" data-target="#job_list___sub_collapse_13_1" aria-expanded="false" aria-controls="job_list___sub_collapse_13_1" href="#" class="job_list___sub_multi_heading"><div role="alert" class="card-header alert-success" id="job_list___sub_heading_13_1"><button class="btn btn-outline-success"><span class="job_id">13 : Job ID 58e752b75ef740839341002560e5183e</span></button></div></a><div aria-labelledby="job_list___sub_heading_13_1" data-parent="#job_list___sub_accordion_13" class="collapse job_list___sub_multi_collapse" id="job_list___sub_collapse_13_1"><div class="card-body"><div class="work-item"><div class="alert alert-success test-outcome" role="alert"><p>worker outcome: normal</p><p>test outcome: killed</p></div></div><pre class="location"><a href="pycharm://open?file=stack4.py&amp;line=84" class="text-secondary"><button class="btn btn-outline-dark">stack4.py, start pos: (84, 38), end pos: (84, 39)</button></a></pre><pre>operator: core/ReplaceBinaryOperator_Add_RShift, occurrence: 0</pre><div class="alert alert-secondary"><pre class="diff">--- mutation diff ---
--- astack4.py
+++ bstack4.py
@@ -81,7 +81,7 @@
         curr = self.head
         display = '('
         while curr:
-            display += str(curr.data) + ', '
+            display += str(curr.data) &gt;&gt; ', '
             curr = curr.next
         return display[:-2] + ')'
 </pre></div><div class="alert alert-secondary"><pre class="diff">============================= test session starts ==============================
platform linux -- Python 3.10.12, pytest-7.1.3, pluggy-1.0.0
rootdir: /home/lucca/desktop/ic/experimento/testes/python_experiments/stack4
plugins: Faker-15.1.1, hypothesis-6.56.3
collected 67 items

ALL-SMART-GPT-MUTMUT/test_stack4_DYNAMOSA.py ......F.....F...            [ 23%]
ALL-SMART-GPT-MUTMUT/test_stack4_MIO.py ...............FF...             [ 53%]
ALL-SMART-GPT-MUTMUT/test_stack4_MOSA.py .F.FFF...F......F               [ 79%]
ALL-SMART-GPT-MUTMUT/test_stack4_MUTMUT.py ...FF                         [ 86%]
ALL-SMART-GPT-MUTMUT/test_stack4_WHOLE_SUITE.py .F.......                [100%]

=========================== short test summary info ============================
FAILED ALL-SMART-GPT-MUTMUT/test_stack4_DYNAMOSA.py::test_case_6 - TypeError:...
FAILED ALL-SMART-GPT-MUTMUT/test_stack4_DYNAMOSA.py::test_case_12 - TypeError...
FAILED ALL-SMART-GPT-MUTMUT/test_stack4_MIO.py::test_case_15 - TypeError: uns...
FAILED ALL-SMART-GPT-MUTMUT/test_stack4_MIO.py::test_case_16 - TypeError: uns...
FAILED ALL-SMART-GPT-MUTMUT/test_stack4_MOSA.py::test_case_1 - TypeError: uns...
FAILED ALL-SMART-GPT-MUTMUT/test_stack4_MOSA.py::test_case_3 - TypeError: uns...
FAILED ALL-SMART-GPT-MUTMUT/test_stack4_MOSA.py::test_case_4 - TypeError: uns...
FAILED ALL-SMART-GPT-MUTMUT/test_stack4_MOSA.py::test_case_5 - TypeError: uns...
FAILED ALL-SMART-GPT-MUTMUT/test_stack4_MOSA.py::test_case_9 - TypeError: uns...
FAILED ALL-SMART-GPT-MUTMUT/test_stack4_MOSA.py::test_case_16 - TypeError: un...
FAILED ALL-SMART-GPT-MUTMUT/test_stack4_MUTMUT.py::test_remove_from_linked_list
FAILED ALL-SMART-GPT-MUTMUT/test_stack4_MUTMUT.py::test_remove_head_from_linked_list
FAILED ALL-SMART-GPT-MUTMUT/test_stack4_WHOLE_SUITE.py::test_case_1 - TypeErr...
======================== 13 failed, 54 passed in 0.22s =========================
</pre></div></div></div></div></div><div class="mb-1" id="job_list___sub_accordion_14"><div class="card"><a data-toggle="collapse" data-target="#job_list___sub_collapse_14_1" aria-expanded="false" aria-controls="job_list___sub_collapse_14_1" href="#" class="job_list___sub_multi_heading"><div role="alert" class="card-header alert-success" id="job_list___sub_heading_14_1"><button class="btn btn-outline-success"><span class="job_id">14 : Job ID 0ce638d1327e425680ca22e161351cb7</span></button></div></a><div aria-labelledby="job_list___sub_heading_14_1" data-parent="#job_list___sub_accordion_14" class="collapse job_list___sub_multi_collapse" id="job_list___sub_collapse_14_1"><div class="card-body"><div class="work-item"><div class="alert alert-success test-outcome" role="alert"><p>worker outcome: normal</p><p>test outcome: killed</p></div></div><pre class="location"><a href="pycharm://open?file=stack4.py&amp;line=86" class="text-secondary"><button class="btn btn-outline-dark">stack4.py, start pos: (86, 28), end pos: (86, 29)</button></a></pre><pre>operator: core/ReplaceBinaryOperator_Add_RShift, occurrence: 1</pre><div class="alert alert-secondary"><pre class="diff">--- mutation diff ---
--- astack4.py
+++ bstack4.py
@@ -83,7 +83,7 @@
         while curr:
             display += str(curr.data) + ', '
             curr = curr.next
-        return display[:-2] + ')'
+        return display[:-2] &gt;&gt; ')'
 
 
 class Stack(object):</pre></div><div class="alert alert-secondary"><pre class="diff">============================= test session starts ==============================
platform linux -- Python 3.10.12, pytest-7.1.3, pluggy-1.0.0
rootdir: /home/lucca/desktop/ic/experimento/testes/python_experiments/stack4
plugins: Faker-15.1.1, hypothesis-6.56.3
collected 67 items

ALL-SMART-GPT-MUTMUT/test_stack4_DYNAMOSA.py ......FF....F...            [ 23%]
ALL-SMART-GPT-MUTMUT/test_stack4_MIO.py ...............FFF..             [ 53%]
ALL-SMART-GPT-MUTMUT/test_stack4_MOSA.py .F.FFF...FF.....F               [ 79%]
ALL-SMART-GPT-MUTMUT/test_stack4_MUTMUT.py ...FF                         [ 86%]
ALL-SMART-GPT-MUTMUT/test_stack4_WHOLE_SUITE.py FFF......                [100%]

=========================== short test summary info ============================
FAILED ALL-SMART-GPT-MUTMUT/test_stack4_DYNAMOSA.py::test_case_6 - TypeError:...
FAILED ALL-SMART-GPT-MUTMUT/test_stack4_DYNAMOSA.py::test_case_7 - TypeError:...
FAILED ALL-SMART-GPT-MUTMUT/test_stack4_DYNAMOSA.py::test_case_12 - TypeError...
FAILED ALL-SMART-GPT-MUTMUT/test_stack4_MIO.py::test_case_15 - TypeError: uns...
FAILED ALL-SMART-GPT-MUTMUT/test_stack4_MIO.py::test_case_16 - TypeError: uns...
FAILED ALL-SMART-GPT-MUTMUT/test_stack4_MIO.py::test_case_17 - TypeError: uns...
FAILED ALL-SMART-GPT-MUTMUT/test_stack4_MOSA.py::test_case_1 - TypeError: uns...
FAILED ALL-SMART-GPT-MUTMUT/test_stack4_MOSA.py::test_case_3 - TypeError: uns...
FAILED ALL-SMART-GPT-MUTMUT/test_stack4_MOSA.py::test_case_4 - TypeError: uns...
FAILED ALL-SMART-GPT-MUTMUT/test_stack4_MOSA.py::test_case_5 - TypeError: uns...
FAILED ALL-SMART-GPT-MUTMUT/test_stack4_MOSA.py::test_case_9 - TypeError: uns...
FAILED ALL-SMART-GPT-MUTMUT/test_stack4_MOSA.py::test_case_10 - TypeError: un...
FAILED ALL-SMART-GPT-MUTMUT/test_stack4_MOSA.py::test_case_16 - TypeError: un...
FAILED ALL-SMART-GPT-MUTMUT/test_stack4_MUTMUT.py::test_remove_from_linked_list
FAILED ALL-SMART-GPT-MUTMUT/test_stack4_MUTMUT.py::test_remove_head_from_linked_list
FAILED ALL-SMART-GPT-MUTMUT/test_stack4_WHOLE_SUITE.py::test_case_0 - TypeErr...
FAILED ALL-SMART-GPT-MUTMUT/test_stack4_WHOLE_SUITE.py::test_case_1 - TypeErr...
FAILED ALL-SMART-GPT-MUTMUT/test_stack4_WHOLE_SUITE.py::test_case_2 - TypeErr...
======================== 18 failed, 49 passed in 0.22s =========================
</pre></div></div></div></div></div><div class="mb-1" id="job_list___sub_accordion_15"><div class="card"><a data-toggle="collapse" data-target="#job_list___sub_collapse_15_1" aria-expanded="false" aria-controls="job_list___sub_collapse_15_1" href="#" class="job_list___sub_multi_heading"><div role="alert" class="card-header alert-success" id="job_list___sub_heading_15_1"><button class="btn btn-outline-success"><span class="job_id">15 : Job ID ec4efe2ce34f496e98cc9e062bc85a2c</span></button></div></a><div aria-labelledby="job_list___sub_heading_15_1" data-parent="#job_list___sub_accordion_15" class="collapse job_list___sub_multi_collapse" id="job_list___sub_collapse_15_1"><div class="card-body"><div class="work-item"><div class="alert alert-success test-outcome" role="alert"><p>worker outcome: normal</p><p>test outcome: killed</p></div></div><pre class="location"><a href="pycharm://open?file=stack4.py&amp;line=84" class="text-secondary"><button class="btn btn-outline-dark">stack4.py, start pos: (84, 38), end pos: (84, 39)</button></a></pre><pre>operator: core/ReplaceBinaryOperator_Add_LShift, occurrence: 0</pre><div class="alert alert-secondary"><pre class="diff">--- mutation diff ---
--- astack4.py
+++ bstack4.py
@@ -81,7 +81,7 @@
         curr = self.head
         display = '('
         while curr:
-            display += str(curr.data) + ', '
+            display += str(curr.data) &lt;&lt; ', '
             curr = curr.next
         return display[:-2] + ')'
 </pre></div><div class="alert alert-secondary"><pre class="diff">============================= test session starts ==============================
platform linux -- Python 3.10.12, pytest-7.1.3, pluggy-1.0.0
rootdir: /home/lucca/desktop/ic/experimento/testes/python_experiments/stack4
plugins: Faker-15.1.1, hypothesis-6.56.3
collected 67 items

ALL-SMART-GPT-MUTMUT/test_stack4_DYNAMOSA.py ......F.....F...            [ 23%]
ALL-SMART-GPT-MUTMUT/test_stack4_MIO.py ...............FF...             [ 53%]
ALL-SMART-GPT-MUTMUT/test_stack4_MOSA.py .F.FFF...F......F               [ 79%]
ALL-SMART-GPT-MUTMUT/test_stack4_MUTMUT.py ...FF                         [ 86%]
ALL-SMART-GPT-MUTMUT/test_stack4_WHOLE_SUITE.py .F.......                [100%]

=========================== short test summary info ============================
FAILED ALL-SMART-GPT-MUTMUT/test_stack4_DYNAMOSA.py::test_case_6 - TypeError:...
FAILED ALL-SMART-GPT-MUTMUT/test_stack4_DYNAMOSA.py::test_case_12 - TypeError...
FAILED ALL-SMART-GPT-MUTMUT/test_stack4_MIO.py::test_case_15 - TypeError: uns...
FAILED ALL-SMART-GPT-MUTMUT/test_stack4_MIO.py::test_case_16 - TypeError: uns...
FAILED ALL-SMART-GPT-MUTMUT/test_stack4_MOSA.py::test_case_1 - TypeError: uns...
FAILED ALL-SMART-GPT-MUTMUT/test_stack4_MOSA.py::test_case_3 - TypeError: uns...
FAILED ALL-SMART-GPT-MUTMUT/test_stack4_MOSA.py::test_case_4 - TypeError: uns...
FAILED ALL-SMART-GPT-MUTMUT/test_stack4_MOSA.py::test_case_5 - TypeError: uns...
FAILED ALL-SMART-GPT-MUTMUT/test_stack4_MOSA.py::test_case_9 - TypeError: uns...
FAILED ALL-SMART-GPT-MUTMUT/test_stack4_MOSA.py::test_case_16 - TypeError: un...
FAILED ALL-SMART-GPT-MUTMUT/test_stack4_MUTMUT.py::test_remove_from_linked_list
FAILED ALL-SMART-GPT-MUTMUT/test_stack4_MUTMUT.py::test_remove_head_from_linked_list
FAILED ALL-SMART-GPT-MUTMUT/test_stack4_WHOLE_SUITE.py::test_case_1 - TypeErr...
======================== 13 failed, 54 passed in 0.21s =========================
</pre></div></div></div></div></div><div class="mb-1" id="job_list___sub_accordion_16"><div class="card"><a data-toggle="collapse" data-target="#job_list___sub_collapse_16_1" aria-expanded="false" aria-controls="job_list___sub_collapse_16_1" href="#" class="job_list___sub_multi_heading"><div role="alert" class="card-header alert-success" id="job_list___sub_heading_16_1"><button class="btn btn-outline-success"><span class="job_id">16 : Job ID 682c75a25ba64fe7b93aaaea8660371a</span></button></div></a><div aria-labelledby="job_list___sub_heading_16_1" data-parent="#job_list___sub_accordion_16" class="collapse job_list___sub_multi_collapse" id="job_list___sub_collapse_16_1"><div class="card-body"><div class="work-item"><div class="alert alert-success test-outcome" role="alert"><p>worker outcome: normal</p><p>test outcome: killed</p></div></div><pre class="location"><a href="pycharm://open?file=stack4.py&amp;line=86" class="text-secondary"><button class="btn btn-outline-dark">stack4.py, start pos: (86, 28), end pos: (86, 29)</button></a></pre><pre>operator: core/ReplaceBinaryOperator_Add_LShift, occurrence: 1</pre><div class="alert alert-secondary"><pre class="diff">--- mutation diff ---
--- astack4.py
+++ bstack4.py
@@ -83,7 +83,7 @@
         while curr:
             display += str(curr.data) + ', '
             curr = curr.next
-        return display[:-2] + ')'
+        return display[:-2] &lt;&lt; ')'
 
 
 class Stack(object):</pre></div><div class="alert alert-secondary"><pre class="diff">============================= test session starts ==============================
platform linux -- Python 3.10.12, pytest-7.1.3, pluggy-1.0.0
rootdir: /home/lucca/desktop/ic/experimento/testes/python_experiments/stack4
plugins: Faker-15.1.1, hypothesis-6.56.3
collected 67 items

ALL-SMART-GPT-MUTMUT/test_stack4_DYNAMOSA.py ......FF....F...            [ 23%]
ALL-SMART-GPT-MUTMUT/test_stack4_MIO.py ...............FFF..             [ 53%]
ALL-SMART-GPT-MUTMUT/test_stack4_MOSA.py .F.FFF...FF.....F               [ 79%]
ALL-SMART-GPT-MUTMUT/test_stack4_MUTMUT.py ...FF                         [ 86%]
ALL-SMART-GPT-MUTMUT/test_stack4_WHOLE_SUITE.py FFF......                [100%]

=========================== short test summary info ============================
FAILED ALL-SMART-GPT-MUTMUT/test_stack4_DYNAMOSA.py::test_case_6 - TypeError:...
FAILED ALL-SMART-GPT-MUTMUT/test_stack4_DYNAMOSA.py::test_case_7 - TypeError:...
FAILED ALL-SMART-GPT-MUTMUT/test_stack4_DYNAMOSA.py::test_case_12 - TypeError...
FAILED ALL-SMART-GPT-MUTMUT/test_stack4_MIO.py::test_case_15 - TypeError: uns...
FAILED ALL-SMART-GPT-MUTMUT/test_stack4_MIO.py::test_case_16 - TypeError: uns...
FAILED ALL-SMART-GPT-MUTMUT/test_stack4_MIO.py::test_case_17 - TypeError: uns...
FAILED ALL-SMART-GPT-MUTMUT/test_stack4_MOSA.py::test_case_1 - TypeError: uns...
FAILED ALL-SMART-GPT-MUTMUT/test_stack4_MOSA.py::test_case_3 - TypeError: uns...
FAILED ALL-SMART-GPT-MUTMUT/test_stack4_MOSA.py::test_case_4 - TypeError: uns...
FAILED ALL-SMART-GPT-MUTMUT/test_stack4_MOSA.py::test_case_5 - TypeError: uns...
FAILED ALL-SMART-GPT-MUTMUT/test_stack4_MOSA.py::test_case_9 - TypeError: uns...
FAILED ALL-SMART-GPT-MUTMUT/test_stack4_MOSA.py::test_case_10 - TypeError: un...
FAILED ALL-SMART-GPT-MUTMUT/test_stack4_MOSA.py::test_case_16 - TypeError: un...
FAILED ALL-SMART-GPT-MUTMUT/test_stack4_MUTMUT.py::test_remove_from_linked_list
FAILED ALL-SMART-GPT-MUTMUT/test_stack4_MUTMUT.py::test_remove_head_from_linked_list
FAILED ALL-SMART-GPT-MUTMUT/test_stack4_WHOLE_SUITE.py::test_case_0 - TypeErr...
FAILED ALL-SMART-GPT-MUTMUT/test_stack4_WHOLE_SUITE.py::test_case_1 - TypeErr...
FAILED ALL-SMART-GPT-MUTMUT/test_stack4_WHOLE_SUITE.py::test_case_2 - TypeErr...
======================== 18 failed, 49 passed in 0.22s =========================
</pre></div></div></div></div></div><div class="mb-1" id="job_list___sub_accordion_17"><div class="card"><a data-toggle="collapse" data-target="#job_list___sub_collapse_17_1" aria-expanded="false" aria-controls="job_list___sub_collapse_17_1" href="#" class="job_list___sub_multi_heading"><div role="alert" class="card-header alert-success" id="job_list___sub_heading_17_1"><button class="btn btn-outline-success"><span class="job_id">17 : Job ID 28f1a24a45f24b2e9106f825b9f859f6</span></button></div></a><div aria-labelledby="job_list___sub_heading_17_1" data-parent="#job_list___sub_accordion_17" class="collapse job_list___sub_multi_collapse" id="job_list___sub_collapse_17_1"><div class="card-body"><div class="work-item"><div class="alert alert-success test-outcome" role="alert"><p>worker outcome: normal</p><p>test outcome: killed</p></div></div><pre class="location"><a href="pycharm://open?file=stack4.py&amp;line=84" class="text-secondary"><button class="btn btn-outline-dark">stack4.py, start pos: (84, 38), end pos: (84, 39)</button></a></pre><pre>operator: core/ReplaceBinaryOperator_Add_BitOr, occurrence: 0</pre><div class="alert alert-secondary"><pre class="diff">--- mutation diff ---
--- astack4.py
+++ bstack4.py
@@ -81,7 +81,7 @@
         curr = self.head
         display = '('
         while curr:
-            display += str(curr.data) + ', '
+            display += str(curr.data) | ', '
             curr = curr.next
         return display[:-2] + ')'
 </pre></div><div class="alert alert-secondary"><pre class="diff">============================= test session starts ==============================
platform linux -- Python 3.10.12, pytest-7.1.3, pluggy-1.0.0
rootdir: /home/lucca/desktop/ic/experimento/testes/python_experiments/stack4
plugins: Faker-15.1.1, hypothesis-6.56.3
collected 67 items

ALL-SMART-GPT-MUTMUT/test_stack4_DYNAMOSA.py ......F.....F...            [ 23%]
ALL-SMART-GPT-MUTMUT/test_stack4_MIO.py ...............FF...             [ 53%]
ALL-SMART-GPT-MUTMUT/test_stack4_MOSA.py .F.FFF...F......F               [ 79%]
ALL-SMART-GPT-MUTMUT/test_stack4_MUTMUT.py ...FF                         [ 86%]
ALL-SMART-GPT-MUTMUT/test_stack4_WHOLE_SUITE.py .F.......                [100%]

=========================== short test summary info ============================
FAILED ALL-SMART-GPT-MUTMUT/test_stack4_DYNAMOSA.py::test_case_6 - TypeError:...
FAILED ALL-SMART-GPT-MUTMUT/test_stack4_DYNAMOSA.py::test_case_12 - TypeError...
FAILED ALL-SMART-GPT-MUTMUT/test_stack4_MIO.py::test_case_15 - TypeError: uns...
FAILED ALL-SMART-GPT-MUTMUT/test_stack4_MIO.py::test_case_16 - TypeError: uns...
FAILED ALL-SMART-GPT-MUTMUT/test_stack4_MOSA.py::test_case_1 - TypeError: uns...
FAILED ALL-SMART-GPT-MUTMUT/test_stack4_MOSA.py::test_case_3 - TypeError: uns...
FAILED ALL-SMART-GPT-MUTMUT/test_stack4_MOSA.py::test_case_4 - TypeError: uns...
FAILED ALL-SMART-GPT-MUTMUT/test_stack4_MOSA.py::test_case_5 - TypeError: uns...
FAILED ALL-SMART-GPT-MUTMUT/test_stack4_MOSA.py::test_case_9 - TypeError: uns...
FAILED ALL-SMART-GPT-MUTMUT/test_stack4_MOSA.py::test_case_16 - TypeError: un...
FAILED ALL-SMART-GPT-MUTMUT/test_stack4_MUTMUT.py::test_remove_from_linked_list
FAILED ALL-SMART-GPT-MUTMUT/test_stack4_MUTMUT.py::test_remove_head_from_linked_list
FAILED ALL-SMART-GPT-MUTMUT/test_stack4_WHOLE_SUITE.py::test_case_1 - TypeErr...
======================== 13 failed, 54 passed in 0.21s =========================
</pre></div></div></div></div></div><div class="mb-1" id="job_list___sub_accordion_18"><div class="card"><a data-toggle="collapse" data-target="#job_list___sub_collapse_18_1" aria-expanded="false" aria-controls="job_list___sub_collapse_18_1" href="#" class="job_list___sub_multi_heading"><div role="alert" class="card-header alert-success" id="job_list___sub_heading_18_1"><button class="btn btn-outline-success"><span class="job_id">18 : Job ID 71b18496ec0c416788618587d62bf84c</span></button></div></a><div aria-labelledby="job_list___sub_heading_18_1" data-parent="#job_list___sub_accordion_18" class="collapse job_list___sub_multi_collapse" id="job_list___sub_collapse_18_1"><div class="card-body"><div class="work-item"><div class="alert alert-success test-outcome" role="alert"><p>worker outcome: normal</p><p>test outcome: killed</p></div></div><pre class="location"><a href="pycharm://open?file=stack4.py&amp;line=86" class="text-secondary"><button class="btn btn-outline-dark">stack4.py, start pos: (86, 28), end pos: (86, 29)</button></a></pre><pre>operator: core/ReplaceBinaryOperator_Add_BitOr, occurrence: 1</pre><div class="alert alert-secondary"><pre class="diff">--- mutation diff ---
--- astack4.py
+++ bstack4.py
@@ -83,7 +83,7 @@
         while curr:
             display += str(curr.data) + ', '
             curr = curr.next
-        return display[:-2] + ')'
+        return display[:-2] | ')'
 
 
 class Stack(object):</pre></div><div class="alert alert-secondary"><pre class="diff">============================= test session starts ==============================
platform linux -- Python 3.10.12, pytest-7.1.3, pluggy-1.0.0
rootdir: /home/lucca/desktop/ic/experimento/testes/python_experiments/stack4
plugins: Faker-15.1.1, hypothesis-6.56.3
collected 67 items

ALL-SMART-GPT-MUTMUT/test_stack4_DYNAMOSA.py ......FF....F...            [ 23%]
ALL-SMART-GPT-MUTMUT/test_stack4_MIO.py ...............FFF..             [ 53%]
ALL-SMART-GPT-MUTMUT/test_stack4_MOSA.py .F.FFF...FF.....F               [ 79%]
ALL-SMART-GPT-MUTMUT/test_stack4_MUTMUT.py ...FF                         [ 86%]
ALL-SMART-GPT-MUTMUT/test_stack4_WHOLE_SUITE.py FFF......                [100%]

=========================== short test summary info ============================
FAILED ALL-SMART-GPT-MUTMUT/test_stack4_DYNAMOSA.py::test_case_6 - TypeError:...
FAILED ALL-SMART-GPT-MUTMUT/test_stack4_DYNAMOSA.py::test_case_7 - TypeError:...
FAILED ALL-SMART-GPT-MUTMUT/test_stack4_DYNAMOSA.py::test_case_12 - TypeError...
FAILED ALL-SMART-GPT-MUTMUT/test_stack4_MIO.py::test_case_15 - TypeError: uns...
FAILED ALL-SMART-GPT-MUTMUT/test_stack4_MIO.py::test_case_16 - TypeError: uns...
FAILED ALL-SMART-GPT-MUTMUT/test_stack4_MIO.py::test_case_17 - TypeError: uns...
FAILED ALL-SMART-GPT-MUTMUT/test_stack4_MOSA.py::test_case_1 - TypeError: uns...
FAILED ALL-SMART-GPT-MUTMUT/test_stack4_MOSA.py::test_case_3 - TypeError: uns...
FAILED ALL-SMART-GPT-MUTMUT/test_stack4_MOSA.py::test_case_4 - TypeError: uns...
FAILED ALL-SMART-GPT-MUTMUT/test_stack4_MOSA.py::test_case_5 - TypeError: uns...
FAILED ALL-SMART-GPT-MUTMUT/test_stack4_MOSA.py::test_case_9 - TypeError: uns...
FAILED ALL-SMART-GPT-MUTMUT/test_stack4_MOSA.py::test_case_10 - TypeError: un...
FAILED ALL-SMART-GPT-MUTMUT/test_stack4_MOSA.py::test_case_16 - TypeError: un...
FAILED ALL-SMART-GPT-MUTMUT/test_stack4_MUTMUT.py::test_remove_from_linked_list
FAILED ALL-SMART-GPT-MUTMUT/test_stack4_MUTMUT.py::test_remove_head_from_linked_list
FAILED ALL-SMART-GPT-MUTMUT/test_stack4_WHOLE_SUITE.py::test_case_0 - TypeErr...
FAILED ALL-SMART-GPT-MUTMUT/test_stack4_WHOLE_SUITE.py::test_case_1 - TypeErr...
FAILED ALL-SMART-GPT-MUTMUT/test_stack4_WHOLE_SUITE.py::test_case_2 - TypeErr...
======================== 18 failed, 49 passed in 0.22s =========================
</pre></div></div></div></div></div><div class="mb-1" id="job_list___sub_accordion_19"><div class="card"><a data-toggle="collapse" data-target="#job_list___sub_collapse_19_1" aria-expanded="false" aria-controls="job_list___sub_collapse_19_1" href="#" class="job_list___sub_multi_heading"><div role="alert" class="card-header alert-success" id="job_list___sub_heading_19_1"><button class="btn btn-outline-success"><span class="job_id">19 : Job ID f35714897d374ab7a3b35cbfd541175f</span></button></div></a><div aria-labelledby="job_list___sub_heading_19_1" data-parent="#job_list___sub_accordion_19" class="collapse job_list___sub_multi_collapse" id="job_list___sub_collapse_19_1"><div class="card-body"><div class="work-item"><div class="alert alert-success test-outcome" role="alert"><p>worker outcome: normal</p><p>test outcome: killed</p></div></div><pre class="location"><a href="pycharm://open?file=stack4.py&amp;line=84" class="text-secondary"><button class="btn btn-outline-dark">stack4.py, start pos: (84, 38), end pos: (84, 39)</button></a></pre><pre>operator: core/ReplaceBinaryOperator_Add_BitAnd, occurrence: 0</pre><div class="alert alert-secondary"><pre class="diff">--- mutation diff ---
--- astack4.py
+++ bstack4.py
@@ -81,7 +81,7 @@
         curr = self.head
         display = '('
         while curr:
-            display += str(curr.data) + ', '
+            display += str(curr.data) &amp; ', '
             curr = curr.next
         return display[:-2] + ')'
 </pre></div><div class="alert alert-secondary"><pre class="diff">============================= test session starts ==============================
platform linux -- Python 3.10.12, pytest-7.1.3, pluggy-1.0.0
rootdir: /home/lucca/desktop/ic/experimento/testes/python_experiments/stack4
plugins: Faker-15.1.1, hypothesis-6.56.3
collected 67 items

ALL-SMART-GPT-MUTMUT/test_stack4_DYNAMOSA.py ......F.....F...            [ 23%]
ALL-SMART-GPT-MUTMUT/test_stack4_MIO.py ...............FF...             [ 53%]
ALL-SMART-GPT-MUTMUT/test_stack4_MOSA.py .F.FFF...F......F               [ 79%]
ALL-SMART-GPT-MUTMUT/test_stack4_MUTMUT.py ...FF                         [ 86%]
ALL-SMART-GPT-MUTMUT/test_stack4_WHOLE_SUITE.py .F.......                [100%]

=========================== short test summary info ============================
FAILED ALL-SMART-GPT-MUTMUT/test_stack4_DYNAMOSA.py::test_case_6 - TypeError:...
FAILED ALL-SMART-GPT-MUTMUT/test_stack4_DYNAMOSA.py::test_case_12 - TypeError...
FAILED ALL-SMART-GPT-MUTMUT/test_stack4_MIO.py::test_case_15 - TypeError: uns...
FAILED ALL-SMART-GPT-MUTMUT/test_stack4_MIO.py::test_case_16 - TypeError: uns...
FAILED ALL-SMART-GPT-MUTMUT/test_stack4_MOSA.py::test_case_1 - TypeError: uns...
FAILED ALL-SMART-GPT-MUTMUT/test_stack4_MOSA.py::test_case_3 - TypeError: uns...
FAILED ALL-SMART-GPT-MUTMUT/test_stack4_MOSA.py::test_case_4 - TypeError: uns...
FAILED ALL-SMART-GPT-MUTMUT/test_stack4_MOSA.py::test_case_5 - TypeError: uns...
FAILED ALL-SMART-GPT-MUTMUT/test_stack4_MOSA.py::test_case_9 - TypeError: uns...
FAILED ALL-SMART-GPT-MUTMUT/test_stack4_MOSA.py::test_case_16 - TypeError: un...
FAILED ALL-SMART-GPT-MUTMUT/test_stack4_MUTMUT.py::test_remove_from_linked_list
FAILED ALL-SMART-GPT-MUTMUT/test_stack4_MUTMUT.py::test_remove_head_from_linked_list
FAILED ALL-SMART-GPT-MUTMUT/test_stack4_WHOLE_SUITE.py::test_case_1 - TypeErr...
======================== 13 failed, 54 passed in 0.22s =========================
</pre></div></div></div></div></div><div class="mb-1" id="job_list___sub_accordion_20"><div class="card"><a data-toggle="collapse" data-target="#job_list___sub_collapse_20_1" aria-expanded="false" aria-controls="job_list___sub_collapse_20_1" href="#" class="job_list___sub_multi_heading"><div role="alert" class="card-header alert-success" id="job_list___sub_heading_20_1"><button class="btn btn-outline-success"><span class="job_id">20 : Job ID 5f2e882fb69f478b8b419ecc0b4f4c9a</span></button></div></a><div aria-labelledby="job_list___sub_heading_20_1" data-parent="#job_list___sub_accordion_20" class="collapse job_list___sub_multi_collapse" id="job_list___sub_collapse_20_1"><div class="card-body"><div class="work-item"><div class="alert alert-success test-outcome" role="alert"><p>worker outcome: normal</p><p>test outcome: killed</p></div></div><pre class="location"><a href="pycharm://open?file=stack4.py&amp;line=86" class="text-secondary"><button class="btn btn-outline-dark">stack4.py, start pos: (86, 28), end pos: (86, 29)</button></a></pre><pre>operator: core/ReplaceBinaryOperator_Add_BitAnd, occurrence: 1</pre><div class="alert alert-secondary"><pre class="diff">--- mutation diff ---
--- astack4.py
+++ bstack4.py
@@ -83,7 +83,7 @@
         while curr:
             display += str(curr.data) + ', '
             curr = curr.next
-        return display[:-2] + ')'
+        return display[:-2] &amp; ')'
 
 
 class Stack(object):</pre></div><div class="alert alert-secondary"><pre class="diff">============================= test session starts ==============================
platform linux -- Python 3.10.12, pytest-7.1.3, pluggy-1.0.0
rootdir: /home/lucca/desktop/ic/experimento/testes/python_experiments/stack4
plugins: Faker-15.1.1, hypothesis-6.56.3
collected 67 items

ALL-SMART-GPT-MUTMUT/test_stack4_DYNAMOSA.py ......FF....F...            [ 23%]
ALL-SMART-GPT-MUTMUT/test_stack4_MIO.py ...............FFF..             [ 53%]
ALL-SMART-GPT-MUTMUT/test_stack4_MOSA.py .F.FFF...FF.....F               [ 79%]
ALL-SMART-GPT-MUTMUT/test_stack4_MUTMUT.py ...FF                         [ 86%]
ALL-SMART-GPT-MUTMUT/test_stack4_WHOLE_SUITE.py FFF......                [100%]

=========================== short test summary info ============================
FAILED ALL-SMART-GPT-MUTMUT/test_stack4_DYNAMOSA.py::test_case_6 - TypeError:...
FAILED ALL-SMART-GPT-MUTMUT/test_stack4_DYNAMOSA.py::test_case_7 - TypeError:...
FAILED ALL-SMART-GPT-MUTMUT/test_stack4_DYNAMOSA.py::test_case_12 - TypeError...
FAILED ALL-SMART-GPT-MUTMUT/test_stack4_MIO.py::test_case_15 - TypeError: uns...
FAILED ALL-SMART-GPT-MUTMUT/test_stack4_MIO.py::test_case_16 - TypeError: uns...
FAILED ALL-SMART-GPT-MUTMUT/test_stack4_MIO.py::test_case_17 - TypeError: uns...
FAILED ALL-SMART-GPT-MUTMUT/test_stack4_MOSA.py::test_case_1 - TypeError: uns...
FAILED ALL-SMART-GPT-MUTMUT/test_stack4_MOSA.py::test_case_3 - TypeError: uns...
FAILED ALL-SMART-GPT-MUTMUT/test_stack4_MOSA.py::test_case_4 - TypeError: uns...
FAILED ALL-SMART-GPT-MUTMUT/test_stack4_MOSA.py::test_case_5 - TypeError: uns...
FAILED ALL-SMART-GPT-MUTMUT/test_stack4_MOSA.py::test_case_9 - TypeError: uns...
FAILED ALL-SMART-GPT-MUTMUT/test_stack4_MOSA.py::test_case_10 - TypeError: un...
FAILED ALL-SMART-GPT-MUTMUT/test_stack4_MOSA.py::test_case_16 - TypeError: un...
FAILED ALL-SMART-GPT-MUTMUT/test_stack4_MUTMUT.py::test_remove_from_linked_list
FAILED ALL-SMART-GPT-MUTMUT/test_stack4_MUTMUT.py::test_remove_head_from_linked_list
FAILED ALL-SMART-GPT-MUTMUT/test_stack4_WHOLE_SUITE.py::test_case_0 - TypeErr...
FAILED ALL-SMART-GPT-MUTMUT/test_stack4_WHOLE_SUITE.py::test_case_1 - TypeErr...
FAILED ALL-SMART-GPT-MUTMUT/test_stack4_WHOLE_SUITE.py::test_case_2 - TypeErr...
======================== 18 failed, 49 passed in 0.22s =========================
</pre></div></div></div></div></div><div class="mb-1" id="job_list___sub_accordion_21"><div class="card"><a data-toggle="collapse" data-target="#job_list___sub_collapse_21_1" aria-expanded="false" aria-controls="job_list___sub_collapse_21_1" href="#" class="job_list___sub_multi_heading"><div role="alert" class="card-header alert-success" id="job_list___sub_heading_21_1"><button class="btn btn-outline-success"><span class="job_id">21 : Job ID efb3e03d4fac4d6f8b2d883a8a09258e</span></button></div></a><div aria-labelledby="job_list___sub_heading_21_1" data-parent="#job_list___sub_accordion_21" class="collapse job_list___sub_multi_collapse" id="job_list___sub_collapse_21_1"><div class="card-body"><div class="work-item"><div class="alert alert-success test-outcome" role="alert"><p>worker outcome: normal</p><p>test outcome: killed</p></div></div><pre class="location"><a href="pycharm://open?file=stack4.py&amp;line=84" class="text-secondary"><button class="btn btn-outline-dark">stack4.py, start pos: (84, 38), end pos: (84, 39)</button></a></pre><pre>operator: core/ReplaceBinaryOperator_Add_BitXor, occurrence: 0</pre><div class="alert alert-secondary"><pre class="diff">--- mutation diff ---
--- astack4.py
+++ bstack4.py
@@ -81,7 +81,7 @@
         curr = self.head
         display = '('
         while curr:
-            display += str(curr.data) + ', '
+            display += str(curr.data) ^ ', '
             curr = curr.next
         return display[:-2] + ')'
 </pre></div><div class="alert alert-secondary"><pre class="diff">============================= test session starts ==============================
platform linux -- Python 3.10.12, pytest-7.1.3, pluggy-1.0.0
rootdir: /home/lucca/desktop/ic/experimento/testes/python_experiments/stack4
plugins: Faker-15.1.1, hypothesis-6.56.3
collected 67 items

ALL-SMART-GPT-MUTMUT/test_stack4_DYNAMOSA.py ......F.....F...            [ 23%]
ALL-SMART-GPT-MUTMUT/test_stack4_MIO.py ...............FF...             [ 53%]
ALL-SMART-GPT-MUTMUT/test_stack4_MOSA.py .F.FFF...F......F               [ 79%]
ALL-SMART-GPT-MUTMUT/test_stack4_MUTMUT.py ...FF                         [ 86%]
ALL-SMART-GPT-MUTMUT/test_stack4_WHOLE_SUITE.py .F.......                [100%]

=========================== short test summary info ============================
FAILED ALL-SMART-GPT-MUTMUT/test_stack4_DYNAMOSA.py::test_case_6 - TypeError:...
FAILED ALL-SMART-GPT-MUTMUT/test_stack4_DYNAMOSA.py::test_case_12 - TypeError...
FAILED ALL-SMART-GPT-MUTMUT/test_stack4_MIO.py::test_case_15 - TypeError: uns...
FAILED ALL-SMART-GPT-MUTMUT/test_stack4_MIO.py::test_case_16 - TypeError: uns...
FAILED ALL-SMART-GPT-MUTMUT/test_stack4_MOSA.py::test_case_1 - TypeError: uns...
FAILED ALL-SMART-GPT-MUTMUT/test_stack4_MOSA.py::test_case_3 - TypeError: uns...
FAILED ALL-SMART-GPT-MUTMUT/test_stack4_MOSA.py::test_case_4 - TypeError: uns...
FAILED ALL-SMART-GPT-MUTMUT/test_stack4_MOSA.py::test_case_5 - TypeError: uns...
FAILED ALL-SMART-GPT-MUTMUT/test_stack4_MOSA.py::test_case_9 - TypeError: uns...
FAILED ALL-SMART-GPT-MUTMUT/test_stack4_MOSA.py::test_case_16 - TypeError: un...
FAILED ALL-SMART-GPT-MUTMUT/test_stack4_MUTMUT.py::test_remove_from_linked_list
FAILED ALL-SMART-GPT-MUTMUT/test_stack4_MUTMUT.py::test_remove_head_from_linked_list
FAILED ALL-SMART-GPT-MUTMUT/test_stack4_WHOLE_SUITE.py::test_case_1 - TypeErr...
======================== 13 failed, 54 passed in 0.22s =========================
</pre></div></div></div></div></div><div class="mb-1" id="job_list___sub_accordion_22"><div class="card"><a data-toggle="collapse" data-target="#job_list___sub_collapse_22_1" aria-expanded="false" aria-controls="job_list___sub_collapse_22_1" href="#" class="job_list___sub_multi_heading"><div role="alert" class="card-header alert-success" id="job_list___sub_heading_22_1"><button class="btn btn-outline-success"><span class="job_id">22 : Job ID 8f53244dd52c45c38fc8fe574961ab46</span></button></div></a><div aria-labelledby="job_list___sub_heading_22_1" data-parent="#job_list___sub_accordion_22" class="collapse job_list___sub_multi_collapse" id="job_list___sub_collapse_22_1"><div class="card-body"><div class="work-item"><div class="alert alert-success test-outcome" role="alert"><p>worker outcome: normal</p><p>test outcome: killed</p></div></div><pre class="location"><a href="pycharm://open?file=stack4.py&amp;line=86" class="text-secondary"><button class="btn btn-outline-dark">stack4.py, start pos: (86, 28), end pos: (86, 29)</button></a></pre><pre>operator: core/ReplaceBinaryOperator_Add_BitXor, occurrence: 1</pre><div class="alert alert-secondary"><pre class="diff">--- mutation diff ---
--- astack4.py
+++ bstack4.py
@@ -83,7 +83,7 @@
         while curr:
             display += str(curr.data) + ', '
             curr = curr.next
-        return display[:-2] + ')'
+        return display[:-2] ^ ')'
 
 
 class Stack(object):</pre></div><div class="alert alert-secondary"><pre class="diff">============================= test session starts ==============================
platform linux -- Python 3.10.12, pytest-7.1.3, pluggy-1.0.0
rootdir: /home/lucca/desktop/ic/experimento/testes/python_experiments/stack4
plugins: Faker-15.1.1, hypothesis-6.56.3
collected 67 items

ALL-SMART-GPT-MUTMUT/test_stack4_DYNAMOSA.py ......FF....F...            [ 23%]
ALL-SMART-GPT-MUTMUT/test_stack4_MIO.py ...............FFF..             [ 53%]
ALL-SMART-GPT-MUTMUT/test_stack4_MOSA.py .F.FFF...FF.....F               [ 79%]
ALL-SMART-GPT-MUTMUT/test_stack4_MUTMUT.py ...FF                         [ 86%]
ALL-SMART-GPT-MUTMUT/test_stack4_WHOLE_SUITE.py FFF......                [100%]

=========================== short test summary info ============================
FAILED ALL-SMART-GPT-MUTMUT/test_stack4_DYNAMOSA.py::test_case_6 - TypeError:...
FAILED ALL-SMART-GPT-MUTMUT/test_stack4_DYNAMOSA.py::test_case_7 - TypeError:...
FAILED ALL-SMART-GPT-MUTMUT/test_stack4_DYNAMOSA.py::test_case_12 - TypeError...
FAILED ALL-SMART-GPT-MUTMUT/test_stack4_MIO.py::test_case_15 - TypeError: uns...
FAILED ALL-SMART-GPT-MUTMUT/test_stack4_MIO.py::test_case_16 - TypeError: uns...
FAILED ALL-SMART-GPT-MUTMUT/test_stack4_MIO.py::test_case_17 - TypeError: uns...
FAILED ALL-SMART-GPT-MUTMUT/test_stack4_MOSA.py::test_case_1 - TypeError: uns...
FAILED ALL-SMART-GPT-MUTMUT/test_stack4_MOSA.py::test_case_3 - TypeError: uns...
FAILED ALL-SMART-GPT-MUTMUT/test_stack4_MOSA.py::test_case_4 - TypeError: uns...
FAILED ALL-SMART-GPT-MUTMUT/test_stack4_MOSA.py::test_case_5 - TypeError: uns...
FAILED ALL-SMART-GPT-MUTMUT/test_stack4_MOSA.py::test_case_9 - TypeError: uns...
FAILED ALL-SMART-GPT-MUTMUT/test_stack4_MOSA.py::test_case_10 - TypeError: un...
FAILED ALL-SMART-GPT-MUTMUT/test_stack4_MOSA.py::test_case_16 - TypeError: un...
FAILED ALL-SMART-GPT-MUTMUT/test_stack4_MUTMUT.py::test_remove_from_linked_list
FAILED ALL-SMART-GPT-MUTMUT/test_stack4_MUTMUT.py::test_remove_head_from_linked_list
FAILED ALL-SMART-GPT-MUTMUT/test_stack4_WHOLE_SUITE.py::test_case_0 - TypeErr...
FAILED ALL-SMART-GPT-MUTMUT/test_stack4_WHOLE_SUITE.py::test_case_1 - TypeErr...
FAILED ALL-SMART-GPT-MUTMUT/test_stack4_WHOLE_SUITE.py::test_case_2 - TypeErr...
======================== 18 failed, 49 passed in 0.22s =========================
</pre></div></div></div></div></div><div class="mb-1" id="job_list___sub_accordion_23"><div class="card"><a data-toggle="collapse" data-target="#job_list___sub_collapse_23_1" aria-expanded="false" aria-controls="job_list___sub_collapse_23_1" href="#" class="job_list___sub_multi_heading"><div role="alert" class="card-header alert-success" id="job_list___sub_heading_23_1"><button class="btn btn-outline-success"><span class="job_id">23 : Job ID 617cd19c23014900aba779cbe2c5545f</span></button></div></a><div aria-labelledby="job_list___sub_heading_23_1" data-parent="#job_list___sub_accordion_23" class="collapse job_list___sub_multi_collapse" id="job_list___sub_collapse_23_1"><div class="card-body"><div class="work-item"><div class="alert alert-success test-outcome" role="alert"><p>worker outcome: normal</p><p>test outcome: killed</p></div></div><pre class="location"><a href="pycharm://open?file=stack4.py&amp;line=63" class="text-secondary"><button class="btn btn-outline-dark">stack4.py, start pos: (63, 25), end pos: (63, 27)</button></a></pre><pre>operator: core/ReplaceComparisonOperator_Eq_NotEq, occurrence: 0</pre><div class="alert alert-secondary"><pre class="diff">--- mutation diff ---
--- astack4.py
+++ bstack4.py
@@ -60,7 +60,7 @@
         """Return the node containing val."""
         curr = self.head
         while curr:
-            if curr.data == val:
+            if curr.data != val:
                 return curr
             curr = curr.next
 </pre></div><div class="alert alert-secondary"><pre class="diff">============================= test session starts ==============================
platform linux -- Python 3.10.12, pytest-7.1.3, pluggy-1.0.0
rootdir: /home/lucca/desktop/ic/experimento/testes/python_experiments/stack4
plugins: Faker-15.1.1, hypothesis-6.56.3
collected 67 items

ALL-SMART-GPT-MUTMUT/test_stack4_DYNAMOSA.py ....F.........F.            [ 23%]
ALL-SMART-GPT-MUTMUT/test_stack4_MIO.py ......F.............             [ 53%]
ALL-SMART-GPT-MUTMUT/test_stack4_MOSA.py ......F..........               [ 79%]
ALL-SMART-GPT-MUTMUT/test_stack4_MUTMUT.py ..F..                         [ 86%]
ALL-SMART-GPT-MUTMUT/test_stack4_WHOLE_SUITE.py ..F......                [100%]

=========================== short test summary info ============================
FAILED ALL-SMART-GPT-MUTMUT/test_stack4_DYNAMOSA.py::test_case_4 - AssertionE...
FAILED ALL-SMART-GPT-MUTMUT/test_stack4_DYNAMOSA.py::test_case_14 - Assertion...
FAILED ALL-SMART-GPT-MUTMUT/test_stack4_MIO.py::test_case_6 - AssertionError:...
FAILED ALL-SMART-GPT-MUTMUT/test_stack4_MOSA.py::test_case_6 - AssertionError...
FAILED ALL-SMART-GPT-MUTMUT/test_stack4_MUTMUT.py::test_search_method - Asser...
FAILED ALL-SMART-GPT-MUTMUT/test_stack4_WHOLE_SUITE.py::test_case_2 - Asserti...
========================= 6 failed, 61 passed in 0.21s =========================
</pre></div></div></div></div></div><div class="mb-1" id="job_list___sub_accordion_24"><div class="card"><a data-toggle="collapse" data-target="#job_list___sub_collapse_24_1" aria-expanded="false" aria-controls="job_list___sub_collapse_24_1" href="#" class="job_list___sub_multi_heading"><div role="alert" class="card-header alert-success" id="job_list___sub_heading_24_1"><button class="btn btn-outline-success"><span class="job_id">24 : Job ID 0a40fbd1fc2e4f44b50f938ecfb314b4</span></button></div></a><div aria-labelledby="job_list___sub_heading_24_1" data-parent="#job_list___sub_accordion_24" class="collapse job_list___sub_multi_collapse" id="job_list___sub_collapse_24_1"><div class="card-body"><div class="work-item"><div class="alert alert-success test-outcome" role="alert"><p>worker outcome: normal</p><p>test outcome: killed</p></div></div><pre class="location"><a href="pycharm://open?file=stack4.py&amp;line=74" class="text-secondary"><button class="btn btn-outline-dark">stack4.py, start pos: (74, 45), end pos: (74, 47)</button></a></pre><pre>operator: core/ReplaceComparisonOperator_Eq_NotEq, occurrence: 1</pre><div class="alert alert-secondary"><pre class="diff">--- mutation diff ---
--- astack4.py
+++ bstack4.py
@@ -71,7 +71,7 @@
             self.head = self.head.next
             self._length -= 1
         while curr:
-            if (curr.next and curr.next.data == val):
+            if (curr.next and curr.next.data != val):
                 curr.next = curr.next.next
                 self._length -= 1
             curr = curr.next</pre></div><div class="alert alert-secondary"><pre class="diff">============================= test session starts ==============================
platform linux -- Python 3.10.12, pytest-7.1.3, pluggy-1.0.0
rootdir: /home/lucca/desktop/ic/experimento/testes/python_experiments/stack4
plugins: Faker-15.1.1, hypothesis-6.56.3
collected 67 items

ALL-SMART-GPT-MUTMUT/test_stack4_DYNAMOSA.py ................            [ 23%]
ALL-SMART-GPT-MUTMUT/test_stack4_MIO.py ....................             [ 53%]
ALL-SMART-GPT-MUTMUT/test_stack4_MOSA.py .................               [ 79%]
ALL-SMART-GPT-MUTMUT/test_stack4_MUTMUT.py ...FF                         [ 86%]
ALL-SMART-GPT-MUTMUT/test_stack4_WHOLE_SUITE.py .........                [100%]

=========================== short test summary info ============================
FAILED ALL-SMART-GPT-MUTMUT/test_stack4_MUTMUT.py::test_remove_from_linked_list
FAILED ALL-SMART-GPT-MUTMUT/test_stack4_MUTMUT.py::test_remove_head_from_linked_list
========================= 2 failed, 65 passed in 0.21s =========================
</pre></div></div></div></div></div><div class="mb-1" id="job_list___sub_accordion_25"><div class="card"><a data-toggle="collapse" data-target="#job_list___sub_collapse_25_1" aria-expanded="false" aria-controls="job_list___sub_collapse_25_1" href="#" class="job_list___sub_multi_heading"><div role="alert" class="card-header alert-success" id="job_list___sub_heading_25_1"><button class="btn btn-outline-success"><span class="job_id">25 : Job ID c74f9e79be7840eaac7a228d2c503275</span></button></div></a><div aria-labelledby="job_list___sub_heading_25_1" data-parent="#job_list___sub_accordion_25" class="collapse job_list___sub_multi_collapse" id="job_list___sub_collapse_25_1"><div class="card-body"><div class="work-item"><div class="alert alert-success test-outcome" role="alert"><p>worker outcome: normal</p><p>test outcome: killed</p></div></div><pre class="location"><a href="pycharm://open?file=stack4.py&amp;line=63" class="text-secondary"><button class="btn btn-outline-dark">stack4.py, start pos: (63, 25), end pos: (63, 27)</button></a></pre><pre>operator: core/ReplaceComparisonOperator_Eq_Lt, occurrence: 0</pre><div class="alert alert-secondary"><pre class="diff">--- mutation diff ---
--- astack4.py
+++ bstack4.py
@@ -60,7 +60,7 @@
         """Return the node containing val."""
         curr = self.head
         while curr:
-            if curr.data == val:
+            if curr.data &lt; val:
                 return curr
             curr = curr.next
 </pre></div><div class="alert alert-secondary"><pre class="diff">============================= test session starts ==============================
platform linux -- Python 3.10.12, pytest-7.1.3, pluggy-1.0.0
rootdir: /home/lucca/desktop/ic/experimento/testes/python_experiments/stack4
plugins: Faker-15.1.1, hypothesis-6.56.3
collected 67 items

ALL-SMART-GPT-MUTMUT/test_stack4_DYNAMOSA.py ....F......F.FF.            [ 23%]
ALL-SMART-GPT-MUTMUT/test_stack4_MIO.py ......FF............             [ 53%]
ALL-SMART-GPT-MUTMUT/test_stack4_MOSA.py .....FF..........               [ 79%]
ALL-SMART-GPT-MUTMUT/test_stack4_MUTMUT.py ..F..                         [ 86%]
ALL-SMART-GPT-MUTMUT/test_stack4_WHOLE_SUITE.py .FF......                [100%]

=========================== short test summary info ============================
FAILED ALL-SMART-GPT-MUTMUT/test_stack4_DYNAMOSA.py::test_case_4 - AssertionE...
FAILED ALL-SMART-GPT-MUTMUT/test_stack4_DYNAMOSA.py::test_case_11 - TypeError...
FAILED ALL-SMART-GPT-MUTMUT/test_stack4_DYNAMOSA.py::test_case_13 - TypeError...
FAILED ALL-SMART-GPT-MUTMUT/test_stack4_DYNAMOSA.py::test_case_14 - Assertion...
FAILED ALL-SMART-GPT-MUTMUT/test_stack4_MIO.py::test_case_6 - TypeError: '&lt;' ...
FAILED ALL-SMART-GPT-MUTMUT/test_stack4_MIO.py::test_case_7 - TypeError: '&lt;' ...
FAILED ALL-SMART-GPT-MUTMUT/test_stack4_MOSA.py::test_case_5 - TypeError: '&lt;'...
FAILED ALL-SMART-GPT-MUTMUT/test_stack4_MOSA.py::test_case_6 - AssertionError...
FAILED ALL-SMART-GPT-MUTMUT/test_stack4_MUTMUT.py::test_search_method - TypeE...
FAILED ALL-SMART-GPT-MUTMUT/test_stack4_WHOLE_SUITE.py::test_case_1 - TypeErr...
FAILED ALL-SMART-GPT-MUTMUT/test_stack4_WHOLE_SUITE.py::test_case_2 - TypeErr...
======================== 11 failed, 56 passed in 0.22s =========================
</pre></div></div></div></div></div><div class="mb-1" id="job_list___sub_accordion_26"><div class="card"><a data-toggle="collapse" data-target="#job_list___sub_collapse_26_1" aria-expanded="false" aria-controls="job_list___sub_collapse_26_1" href="#" class="job_list___sub_multi_heading"><div role="alert" class="card-header alert-success" id="job_list___sub_heading_26_1"><button class="btn btn-outline-success"><span class="job_id">26 : Job ID 39f612ef01894a41a64147849ba9ed49</span></button></div></a><div aria-labelledby="job_list___sub_heading_26_1" data-parent="#job_list___sub_accordion_26" class="collapse job_list___sub_multi_collapse" id="job_list___sub_collapse_26_1"><div class="card-body"><div class="work-item"><div class="alert alert-success test-outcome" role="alert"><p>worker outcome: normal</p><p>test outcome: killed</p></div></div><pre class="location"><a href="pycharm://open?file=stack4.py&amp;line=74" class="text-secondary"><button class="btn btn-outline-dark">stack4.py, start pos: (74, 45), end pos: (74, 47)</button></a></pre><pre>operator: core/ReplaceComparisonOperator_Eq_Lt, occurrence: 1</pre><div class="alert alert-secondary"><pre class="diff">--- mutation diff ---
--- astack4.py
+++ bstack4.py
@@ -71,7 +71,7 @@
             self.head = self.head.next
             self._length -= 1
         while curr:
-            if (curr.next and curr.next.data == val):
+            if (curr.next and curr.next.data &lt; val):
                 curr.next = curr.next.next
                 self._length -= 1
             curr = curr.next</pre></div><div class="alert alert-secondary"><pre class="diff">============================= test session starts ==============================
platform linux -- Python 3.10.12, pytest-7.1.3, pluggy-1.0.0
rootdir: /home/lucca/desktop/ic/experimento/testes/python_experiments/stack4
plugins: Faker-15.1.1, hypothesis-6.56.3
collected 67 items

ALL-SMART-GPT-MUTMUT/test_stack4_DYNAMOSA.py .............F.F            [ 23%]
ALL-SMART-GPT-MUTMUT/test_stack4_MIO.py ..........F...F.....             [ 53%]
ALL-SMART-GPT-MUTMUT/test_stack4_MOSA.py ...FFF........FFF               [ 79%]
ALL-SMART-GPT-MUTMUT/test_stack4_MUTMUT.py ...FF                         [ 86%]
ALL-SMART-GPT-MUTMUT/test_stack4_WHOLE_SUITE.py F........                [100%]

=========================== short test summary info ============================
FAILED ALL-SMART-GPT-MUTMUT/test_stack4_DYNAMOSA.py::test_case_13 - TypeError...
FAILED ALL-SMART-GPT-MUTMUT/test_stack4_DYNAMOSA.py::test_case_15 - TypeError...
FAILED ALL-SMART-GPT-MUTMUT/test_stack4_MIO.py::test_case_10 - TypeError: '&lt;'...
FAILED ALL-SMART-GPT-MUTMUT/test_stack4_MIO.py::test_case_14 - TypeError: '&lt;'...
FAILED ALL-SMART-GPT-MUTMUT/test_stack4_MOSA.py::test_case_3 - TypeError: '&lt;'...
FAILED ALL-SMART-GPT-MUTMUT/test_stack4_MOSA.py::test_case_4 - TypeError: '&lt;'...
FAILED ALL-SMART-GPT-MUTMUT/test_stack4_MOSA.py::test_case_5 - TypeError: '&lt;'...
FAILED ALL-SMART-GPT-MUTMUT/test_stack4_MOSA.py::test_case_14 - TypeError: '&lt;...
FAILED ALL-SMART-GPT-MUTMUT/test_stack4_MOSA.py::test_case_15 - TypeError: '&lt;...
FAILED ALL-SMART-GPT-MUTMUT/test_stack4_MOSA.py::test_case_16 - TypeError: '&lt;...
FAILED ALL-SMART-GPT-MUTMUT/test_stack4_MUTMUT.py::test_remove_from_linked_list
FAILED ALL-SMART-GPT-MUTMUT/test_stack4_MUTMUT.py::test_remove_head_from_linked_list
FAILED ALL-SMART-GPT-MUTMUT/test_stack4_WHOLE_SUITE.py::test_case_0 - TypeErr...
======================== 13 failed, 54 passed in 0.21s =========================
</pre></div></div></div></div></div><div class="mb-1" id="job_list___sub_accordion_27"><div class="card"><a data-toggle="collapse" data-target="#job_list___sub_collapse_27_1" aria-expanded="false" aria-controls="job_list___sub_collapse_27_1" href="#" class="job_list___sub_multi_heading"><div role="alert" class="card-header alert-success" id="job_list___sub_heading_27_1"><button class="btn btn-outline-success"><span class="job_id">27 : Job ID c987e21e7f2343068bd59343bc8e0f2b</span></button></div></a><div aria-labelledby="job_list___sub_heading_27_1" data-parent="#job_list___sub_accordion_27" class="collapse job_list___sub_multi_collapse" id="job_list___sub_collapse_27_1"><div class="card-body"><div class="work-item"><div class="alert alert-success test-outcome" role="alert"><p>worker outcome: normal</p><p>test outcome: killed</p></div></div><pre class="location"><a href="pycharm://open?file=stack4.py&amp;line=63" class="text-secondary"><button class="btn btn-outline-dark">stack4.py, start pos: (63, 25), end pos: (63, 27)</button></a></pre><pre>operator: core/ReplaceComparisonOperator_Eq_LtE, occurrence: 0</pre><div class="alert alert-secondary"><pre class="diff">--- mutation diff ---
--- astack4.py
+++ bstack4.py
@@ -60,7 +60,7 @@
         """Return the node containing val."""
         curr = self.head
         while curr:
-            if curr.data == val:
+            if curr.data &lt;= val:
                 return curr
             curr = curr.next
 </pre></div><div class="alert alert-secondary"><pre class="diff">============================= test session starts ==============================
platform linux -- Python 3.10.12, pytest-7.1.3, pluggy-1.0.0
rootdir: /home/lucca/desktop/ic/experimento/testes/python_experiments/stack4
plugins: Faker-15.1.1, hypothesis-6.56.3
collected 67 items

ALL-SMART-GPT-MUTMUT/test_stack4_DYNAMOSA.py ...........F.F..            [ 23%]
ALL-SMART-GPT-MUTMUT/test_stack4_MIO.py ......FF............             [ 53%]
ALL-SMART-GPT-MUTMUT/test_stack4_MOSA.py .....F...........               [ 79%]
ALL-SMART-GPT-MUTMUT/test_stack4_MUTMUT.py ..F..                         [ 86%]
ALL-SMART-GPT-MUTMUT/test_stack4_WHOLE_SUITE.py .FF......                [100%]

=========================== short test summary info ============================
FAILED ALL-SMART-GPT-MUTMUT/test_stack4_DYNAMOSA.py::test_case_11 - TypeError...
FAILED ALL-SMART-GPT-MUTMUT/test_stack4_DYNAMOSA.py::test_case_13 - TypeError...
FAILED ALL-SMART-GPT-MUTMUT/test_stack4_MIO.py::test_case_6 - TypeError: '&lt;='...
FAILED ALL-SMART-GPT-MUTMUT/test_stack4_MIO.py::test_case_7 - TypeError: '&lt;='...
FAILED ALL-SMART-GPT-MUTMUT/test_stack4_MOSA.py::test_case_5 - TypeError: '&lt;=...
FAILED ALL-SMART-GPT-MUTMUT/test_stack4_MUTMUT.py::test_search_method - TypeE...
FAILED ALL-SMART-GPT-MUTMUT/test_stack4_WHOLE_SUITE.py::test_case_1 - TypeErr...
FAILED ALL-SMART-GPT-MUTMUT/test_stack4_WHOLE_SUITE.py::test_case_2 - TypeErr...
========================= 8 failed, 59 passed in 0.22s =========================
</pre></div></div></div></div></div><div class="mb-1" id="job_list___sub_accordion_28"><div class="card"><a data-toggle="collapse" data-target="#job_list___sub_collapse_28_1" aria-expanded="false" aria-controls="job_list___sub_collapse_28_1" href="#" class="job_list___sub_multi_heading"><div role="alert" class="card-header alert-success" id="job_list___sub_heading_28_1"><button class="btn btn-outline-success"><span class="job_id">28 : Job ID 71289cc1ccf74053aaed3d3b3f6c1023</span></button></div></a><div aria-labelledby="job_list___sub_heading_28_1" data-parent="#job_list___sub_accordion_28" class="collapse job_list___sub_multi_collapse" id="job_list___sub_collapse_28_1"><div class="card-body"><div class="work-item"><div class="alert alert-success test-outcome" role="alert"><p>worker outcome: normal</p><p>test outcome: killed</p></div></div><pre class="location"><a href="pycharm://open?file=stack4.py&amp;line=74" class="text-secondary"><button class="btn btn-outline-dark">stack4.py, start pos: (74, 45), end pos: (74, 47)</button></a></pre><pre>operator: core/ReplaceComparisonOperator_Eq_LtE, occurrence: 1</pre><div class="alert alert-secondary"><pre class="diff">--- mutation diff ---
--- astack4.py
+++ bstack4.py
@@ -71,7 +71,7 @@
             self.head = self.head.next
             self._length -= 1
         while curr:
-            if (curr.next and curr.next.data == val):
+            if (curr.next and curr.next.data &lt;= val):
                 curr.next = curr.next.next
                 self._length -= 1
             curr = curr.next</pre></div><div class="alert alert-secondary"><pre class="diff">============================= test session starts ==============================
platform linux -- Python 3.10.12, pytest-7.1.3, pluggy-1.0.0
rootdir: /home/lucca/desktop/ic/experimento/testes/python_experiments/stack4
plugins: Faker-15.1.1, hypothesis-6.56.3
collected 67 items

ALL-SMART-GPT-MUTMUT/test_stack4_DYNAMOSA.py .............F.F            [ 23%]
ALL-SMART-GPT-MUTMUT/test_stack4_MIO.py ..........F...F.....             [ 53%]
ALL-SMART-GPT-MUTMUT/test_stack4_MOSA.py ...FFF........FF.               [ 79%]
ALL-SMART-GPT-MUTMUT/test_stack4_MUTMUT.py ...FF                         [ 86%]
ALL-SMART-GPT-MUTMUT/test_stack4_WHOLE_SUITE.py F........                [100%]

=========================== short test summary info ============================
FAILED ALL-SMART-GPT-MUTMUT/test_stack4_DYNAMOSA.py::test_case_13 - TypeError...
FAILED ALL-SMART-GPT-MUTMUT/test_stack4_DYNAMOSA.py::test_case_15 - TypeError...
FAILED ALL-SMART-GPT-MUTMUT/test_stack4_MIO.py::test_case_10 - TypeError: '&lt;=...
FAILED ALL-SMART-GPT-MUTMUT/test_stack4_MIO.py::test_case_14 - TypeError: '&lt;=...
FAILED ALL-SMART-GPT-MUTMUT/test_stack4_MOSA.py::test_case_3 - TypeError: '&lt;=...
FAILED ALL-SMART-GPT-MUTMUT/test_stack4_MOSA.py::test_case_4 - TypeError: '&lt;=...
FAILED ALL-SMART-GPT-MUTMUT/test_stack4_MOSA.py::test_case_5 - TypeError: '&lt;=...
FAILED ALL-SMART-GPT-MUTMUT/test_stack4_MOSA.py::test_case_14 - TypeError: '&lt;...
FAILED ALL-SMART-GPT-MUTMUT/test_stack4_MOSA.py::test_case_15 - TypeError: '&lt;...
FAILED ALL-SMART-GPT-MUTMUT/test_stack4_MUTMUT.py::test_remove_from_linked_list
FAILED ALL-SMART-GPT-MUTMUT/test_stack4_MUTMUT.py::test_remove_head_from_linked_list
FAILED ALL-SMART-GPT-MUTMUT/test_stack4_WHOLE_SUITE.py::test_case_0 - TypeErr...
======================== 12 failed, 55 passed in 0.21s =========================
</pre></div></div></div></div></div><div class="mb-1" id="job_list___sub_accordion_29"><div class="card"><a data-toggle="collapse" data-target="#job_list___sub_collapse_29_1" aria-expanded="false" aria-controls="job_list___sub_collapse_29_1" href="#" class="job_list___sub_multi_heading"><div role="alert" class="card-header alert-success" id="job_list___sub_heading_29_1"><button class="btn btn-outline-success"><span class="job_id">29 : Job ID b6e2c7f47fb84abe9e506b6720db5812</span></button></div></a><div aria-labelledby="job_list___sub_heading_29_1" data-parent="#job_list___sub_accordion_29" class="collapse job_list___sub_multi_collapse" id="job_list___sub_collapse_29_1"><div class="card-body"><div class="work-item"><div class="alert alert-success test-outcome" role="alert"><p>worker outcome: normal</p><p>test outcome: killed</p></div></div><pre class="location"><a href="pycharm://open?file=stack4.py&amp;line=63" class="text-secondary"><button class="btn btn-outline-dark">stack4.py, start pos: (63, 25), end pos: (63, 27)</button></a></pre><pre>operator: core/ReplaceComparisonOperator_Eq_Gt, occurrence: 0</pre><div class="alert alert-secondary"><pre class="diff">--- mutation diff ---
--- astack4.py
+++ bstack4.py
@@ -60,7 +60,7 @@
         """Return the node containing val."""
         curr = self.head
         while curr:
-            if curr.data == val:
+            if curr.data &gt; val:
                 return curr
             curr = curr.next
 </pre></div><div class="alert alert-secondary"><pre class="diff">============================= test session starts ==============================
platform linux -- Python 3.10.12, pytest-7.1.3, pluggy-1.0.0
rootdir: /home/lucca/desktop/ic/experimento/testes/python_experiments/stack4
plugins: Faker-15.1.1, hypothesis-6.56.3
collected 67 items

ALL-SMART-GPT-MUTMUT/test_stack4_DYNAMOSA.py ....F......F.FF.            [ 23%]
ALL-SMART-GPT-MUTMUT/test_stack4_MIO.py ......FF............             [ 53%]
ALL-SMART-GPT-MUTMUT/test_stack4_MOSA.py .....FF..........               [ 79%]
ALL-SMART-GPT-MUTMUT/test_stack4_MUTMUT.py ..F..                         [ 86%]
ALL-SMART-GPT-MUTMUT/test_stack4_WHOLE_SUITE.py .FF......                [100%]

=========================== short test summary info ============================
FAILED ALL-SMART-GPT-MUTMUT/test_stack4_DYNAMOSA.py::test_case_4 - AssertionE...
FAILED ALL-SMART-GPT-MUTMUT/test_stack4_DYNAMOSA.py::test_case_11 - TypeError...
FAILED ALL-SMART-GPT-MUTMUT/test_stack4_DYNAMOSA.py::test_case_13 - TypeError...
FAILED ALL-SMART-GPT-MUTMUT/test_stack4_DYNAMOSA.py::test_case_14 - Assertion...
FAILED ALL-SMART-GPT-MUTMUT/test_stack4_MIO.py::test_case_6 - TypeError: '&gt;' ...
FAILED ALL-SMART-GPT-MUTMUT/test_stack4_MIO.py::test_case_7 - TypeError: '&gt;' ...
FAILED ALL-SMART-GPT-MUTMUT/test_stack4_MOSA.py::test_case_5 - TypeError: '&gt;'...
FAILED ALL-SMART-GPT-MUTMUT/test_stack4_MOSA.py::test_case_6 - AssertionError...
FAILED ALL-SMART-GPT-MUTMUT/test_stack4_MUTMUT.py::test_search_method - TypeE...
FAILED ALL-SMART-GPT-MUTMUT/test_stack4_WHOLE_SUITE.py::test_case_1 - TypeErr...
FAILED ALL-SMART-GPT-MUTMUT/test_stack4_WHOLE_SUITE.py::test_case_2 - TypeErr...
======================== 11 failed, 56 passed in 0.25s =========================
</pre></div></div></div></div></div><div class="mb-1" id="job_list___sub_accordion_30"><div class="card"><a data-toggle="collapse" data-target="#job_list___sub_collapse_30_1" aria-expanded="false" aria-controls="job_list___sub_collapse_30_1" href="#" class="job_list___sub_multi_heading"><div role="alert" class="card-header alert-success" id="job_list___sub_heading_30_1"><button class="btn btn-outline-success"><span class="job_id">30 : Job ID eec5c2c6ac1645d7a0e85afa7d43de87</span></button></div></a><div aria-labelledby="job_list___sub_heading_30_1" data-parent="#job_list___sub_accordion_30" class="collapse job_list___sub_multi_collapse" id="job_list___sub_collapse_30_1"><div class="card-body"><div class="work-item"><div class="alert alert-success test-outcome" role="alert"><p>worker outcome: normal</p><p>test outcome: killed</p></div></div><pre class="location"><a href="pycharm://open?file=stack4.py&amp;line=74" class="text-secondary"><button class="btn btn-outline-dark">stack4.py, start pos: (74, 45), end pos: (74, 47)</button></a></pre><pre>operator: core/ReplaceComparisonOperator_Eq_Gt, occurrence: 1</pre><div class="alert alert-secondary"><pre class="diff">--- mutation diff ---
--- astack4.py
+++ bstack4.py
@@ -71,7 +71,7 @@
             self.head = self.head.next
             self._length -= 1
         while curr:
-            if (curr.next and curr.next.data == val):
+            if (curr.next and curr.next.data &gt; val):
                 curr.next = curr.next.next
                 self._length -= 1
             curr = curr.next</pre></div><div class="alert alert-secondary"><pre class="diff">============================= test session starts ==============================
platform linux -- Python 3.10.12, pytest-7.1.3, pluggy-1.0.0
rootdir: /home/lucca/desktop/ic/experimento/testes/python_experiments/stack4
plugins: Faker-15.1.1, hypothesis-6.56.3
collected 67 items

ALL-SMART-GPT-MUTMUT/test_stack4_DYNAMOSA.py .............F.F            [ 23%]
ALL-SMART-GPT-MUTMUT/test_stack4_MIO.py ..........F...F.....             [ 53%]
ALL-SMART-GPT-MUTMUT/test_stack4_MOSA.py ...FFF........FFF               [ 79%]
ALL-SMART-GPT-MUTMUT/test_stack4_MUTMUT.py ...F.                         [ 86%]
ALL-SMART-GPT-MUTMUT/test_stack4_WHOLE_SUITE.py F........                [100%]

=========================== short test summary info ============================
FAILED ALL-SMART-GPT-MUTMUT/test_stack4_DYNAMOSA.py::test_case_13 - TypeError...
FAILED ALL-SMART-GPT-MUTMUT/test_stack4_DYNAMOSA.py::test_case_15 - TypeError...
FAILED ALL-SMART-GPT-MUTMUT/test_stack4_MIO.py::test_case_10 - TypeError: '&gt;'...
FAILED ALL-SMART-GPT-MUTMUT/test_stack4_MIO.py::test_case_14 - TypeError: '&gt;'...
FAILED ALL-SMART-GPT-MUTMUT/test_stack4_MOSA.py::test_case_3 - TypeError: '&gt;'...
FAILED ALL-SMART-GPT-MUTMUT/test_stack4_MOSA.py::test_case_4 - TypeError: '&gt;'...
FAILED ALL-SMART-GPT-MUTMUT/test_stack4_MOSA.py::test_case_5 - TypeError: '&gt;'...
FAILED ALL-SMART-GPT-MUTMUT/test_stack4_MOSA.py::test_case_14 - TypeError: '&gt;...
FAILED ALL-SMART-GPT-MUTMUT/test_stack4_MOSA.py::test_case_15 - TypeError: '&gt;...
FAILED ALL-SMART-GPT-MUTMUT/test_stack4_MOSA.py::test_case_16 - TypeError: '&gt;...
FAILED ALL-SMART-GPT-MUTMUT/test_stack4_MUTMUT.py::test_remove_from_linked_list
FAILED ALL-SMART-GPT-MUTMUT/test_stack4_WHOLE_SUITE.py::test_case_0 - TypeErr...
======================== 12 failed, 55 passed in 0.21s =========================
</pre></div></div></div></div></div><div class="mb-1" id="job_list___sub_accordion_31"><div class="card"><a data-toggle="collapse" data-target="#job_list___sub_collapse_31_1" aria-expanded="false" aria-controls="job_list___sub_collapse_31_1" href="#" class="job_list___sub_multi_heading"><div role="alert" class="card-header alert-success" id="job_list___sub_heading_31_1"><button class="btn btn-outline-success"><span class="job_id">31 : Job ID d9f72a33daff46959a7e310a4a4fffb0</span></button></div></a><div aria-labelledby="job_list___sub_heading_31_1" data-parent="#job_list___sub_accordion_31" class="collapse job_list___sub_multi_collapse" id="job_list___sub_collapse_31_1"><div class="card-body"><div class="work-item"><div class="alert alert-success test-outcome" role="alert"><p>worker outcome: normal</p><p>test outcome: killed</p></div></div><pre class="location"><a href="pycharm://open?file=stack4.py&amp;line=63" class="text-secondary"><button class="btn btn-outline-dark">stack4.py, start pos: (63, 25), end pos: (63, 27)</button></a></pre><pre>operator: core/ReplaceComparisonOperator_Eq_GtE, occurrence: 0</pre><div class="alert alert-secondary"><pre class="diff">--- mutation diff ---
--- astack4.py
+++ bstack4.py
@@ -60,7 +60,7 @@
         """Return the node containing val."""
         curr = self.head
         while curr:
-            if curr.data == val:
+            if curr.data &gt;= val:
                 return curr
             curr = curr.next
 </pre></div><div class="alert alert-secondary"><pre class="diff">============================= test session starts ==============================
platform linux -- Python 3.10.12, pytest-7.1.3, pluggy-1.0.0
rootdir: /home/lucca/desktop/ic/experimento/testes/python_experiments/stack4
plugins: Faker-15.1.1, hypothesis-6.56.3
collected 67 items

ALL-SMART-GPT-MUTMUT/test_stack4_DYNAMOSA.py ...........F.F..            [ 23%]
ALL-SMART-GPT-MUTMUT/test_stack4_MIO.py ......FF............             [ 53%]
ALL-SMART-GPT-MUTMUT/test_stack4_MOSA.py .....F...........               [ 79%]
ALL-SMART-GPT-MUTMUT/test_stack4_MUTMUT.py ..F..                         [ 86%]
ALL-SMART-GPT-MUTMUT/test_stack4_WHOLE_SUITE.py .FF......                [100%]

=========================== short test summary info ============================
FAILED ALL-SMART-GPT-MUTMUT/test_stack4_DYNAMOSA.py::test_case_11 - TypeError...
FAILED ALL-SMART-GPT-MUTMUT/test_stack4_DYNAMOSA.py::test_case_13 - TypeError...
FAILED ALL-SMART-GPT-MUTMUT/test_stack4_MIO.py::test_case_6 - TypeError: '&gt;='...
FAILED ALL-SMART-GPT-MUTMUT/test_stack4_MIO.py::test_case_7 - TypeError: '&gt;='...
FAILED ALL-SMART-GPT-MUTMUT/test_stack4_MOSA.py::test_case_5 - TypeError: '&gt;=...
FAILED ALL-SMART-GPT-MUTMUT/test_stack4_MUTMUT.py::test_search_method - TypeE...
FAILED ALL-SMART-GPT-MUTMUT/test_stack4_WHOLE_SUITE.py::test_case_1 - TypeErr...
FAILED ALL-SMART-GPT-MUTMUT/test_stack4_WHOLE_SUITE.py::test_case_2 - TypeErr...
========================= 8 failed, 59 passed in 0.21s =========================
</pre></div></div></div></div></div><div class="mb-1" id="job_list___sub_accordion_32"><div class="card"><a data-toggle="collapse" data-target="#job_list___sub_collapse_32_1" aria-expanded="false" aria-controls="job_list___sub_collapse_32_1" href="#" class="job_list___sub_multi_heading"><div role="alert" class="card-header alert-success" id="job_list___sub_heading_32_1"><button class="btn btn-outline-success"><span class="job_id">32 : Job ID b009ac7feb724e0da09d2637e1718c15</span></button></div></a><div aria-labelledby="job_list___sub_heading_32_1" data-parent="#job_list___sub_accordion_32" class="collapse job_list___sub_multi_collapse" id="job_list___sub_collapse_32_1"><div class="card-body"><div class="work-item"><div class="alert alert-success test-outcome" role="alert"><p>worker outcome: normal</p><p>test outcome: killed</p></div></div><pre class="location"><a href="pycharm://open?file=stack4.py&amp;line=74" class="text-secondary"><button class="btn btn-outline-dark">stack4.py, start pos: (74, 45), end pos: (74, 47)</button></a></pre><pre>operator: core/ReplaceComparisonOperator_Eq_GtE, occurrence: 1</pre><div class="alert alert-secondary"><pre class="diff">--- mutation diff ---
--- astack4.py
+++ bstack4.py
@@ -71,7 +71,7 @@
             self.head = self.head.next
             self._length -= 1
         while curr:
-            if (curr.next and curr.next.data == val):
+            if (curr.next and curr.next.data &gt;= val):
                 curr.next = curr.next.next
                 self._length -= 1
             curr = curr.next</pre></div><div class="alert alert-secondary"><pre class="diff">============================= test session starts ==============================
platform linux -- Python 3.10.12, pytest-7.1.3, pluggy-1.0.0
rootdir: /home/lucca/desktop/ic/experimento/testes/python_experiments/stack4
plugins: Faker-15.1.1, hypothesis-6.56.3
collected 67 items

ALL-SMART-GPT-MUTMUT/test_stack4_DYNAMOSA.py .............F.F            [ 23%]
ALL-SMART-GPT-MUTMUT/test_stack4_MIO.py ..........F...F.....             [ 53%]
ALL-SMART-GPT-MUTMUT/test_stack4_MOSA.py ...FFF........FFF               [ 79%]
ALL-SMART-GPT-MUTMUT/test_stack4_MUTMUT.py .....                         [ 86%]
ALL-SMART-GPT-MUTMUT/test_stack4_WHOLE_SUITE.py F........                [100%]

=========================== short test summary info ============================
FAILED ALL-SMART-GPT-MUTMUT/test_stack4_DYNAMOSA.py::test_case_13 - TypeError...
FAILED ALL-SMART-GPT-MUTMUT/test_stack4_DYNAMOSA.py::test_case_15 - TypeError...
FAILED ALL-SMART-GPT-MUTMUT/test_stack4_MIO.py::test_case_10 - TypeError: '&gt;=...
FAILED ALL-SMART-GPT-MUTMUT/test_stack4_MIO.py::test_case_14 - TypeError: '&gt;=...
FAILED ALL-SMART-GPT-MUTMUT/test_stack4_MOSA.py::test_case_3 - TypeError: '&gt;=...
FAILED ALL-SMART-GPT-MUTMUT/test_stack4_MOSA.py::test_case_4 - TypeError: '&gt;=...
FAILED ALL-SMART-GPT-MUTMUT/test_stack4_MOSA.py::test_case_5 - TypeError: '&gt;=...
FAILED ALL-SMART-GPT-MUTMUT/test_stack4_MOSA.py::test_case_14 - TypeError: '&gt;...
FAILED ALL-SMART-GPT-MUTMUT/test_stack4_MOSA.py::test_case_15 - TypeError: '&gt;...
FAILED ALL-SMART-GPT-MUTMUT/test_stack4_MOSA.py::test_case_16 - TypeError: '&gt;...
FAILED ALL-SMART-GPT-MUTMUT/test_stack4_WHOLE_SUITE.py::test_case_0 - TypeErr...
======================== 11 failed, 56 passed in 0.22s =========================
</pre></div></div></div></div></div><div class="mb-1" id="job_list___sub_accordion_33"><div class="card"><a data-toggle="collapse" data-target="#job_list___sub_collapse_33_1" aria-expanded="false" aria-controls="job_list___sub_collapse_33_1" href="#" class="job_list___sub_multi_heading"><div role="alert" class="card-header alert-danger" id="job_list___sub_heading_33_1"><button class="btn btn-outline-danger"><span class="job_id">33 : Job ID 45cc0fabe44f4021b91f8458f7bd3584</span></button></div></a><div aria-labelledby="job_list___sub_heading_33_1" data-parent="#job_list___sub_accordion_33" class="collapse job_list___sub_multi_collapse" id="job_list___sub_collapse_33_1"><div class="card-body"><div class="work-item"><div class="alert alert-danger test-outcome" role="alert"><p>SURVIVED</p><p>worker outcome: normal</p><p>test outcome: survived</p></div></div><pre class="location"><a href="pycharm://open?file=stack4.py&amp;line=63" class="text-secondary"><button class="btn btn-outline-dark">stack4.py, start pos: (63, 25), end pos: (63, 27)</button></a></pre><pre>operator: core/ReplaceComparisonOperator_Eq_Is, occurrence: 0</pre><div class="alert alert-secondary"><pre class="diff">--- mutation diff ---
--- astack4.py
+++ bstack4.py
@@ -60,7 +60,7 @@
         """Return the node containing val."""
         curr = self.head
         while curr:
-            if curr.data == val:
+            if curr.data is val:
                 return curr
             curr = curr.next
 </pre></div><div class="alert alert-secondary"><pre class="diff">============================= test session starts ==============================
platform linux -- Python 3.10.12, pytest-7.1.3, pluggy-1.0.0
rootdir: /home/lucca/desktop/ic/experimento/testes/python_experiments/stack4
plugins: Faker-15.1.1, hypothesis-6.56.3
collected 67 items

ALL-SMART-GPT-MUTMUT/test_stack4_DYNAMOSA.py ................            [ 23%]
ALL-SMART-GPT-MUTMUT/test_stack4_MIO.py ....................             [ 53%]
ALL-SMART-GPT-MUTMUT/test_stack4_MOSA.py .................               [ 79%]
ALL-SMART-GPT-MUTMUT/test_stack4_MUTMUT.py .....                         [ 86%]
ALL-SMART-GPT-MUTMUT/test_stack4_WHOLE_SUITE.py .........                [100%]

============================== 67 passed in 0.21s ==============================
</pre></div></div></div></div></div><div class="mb-1" id="job_list___sub_accordion_34"><div class="card"><a data-toggle="collapse" data-target="#job_list___sub_collapse_34_1" aria-expanded="false" aria-controls="job_list___sub_collapse_34_1" href="#" class="job_list___sub_multi_heading"><div role="alert" class="card-header alert-danger" id="job_list___sub_heading_34_1"><button class="btn btn-outline-danger"><span class="job_id">34 : Job ID e3270620881d41bcb12b58e897e5c6ec</span></button></div></a><div aria-labelledby="job_list___sub_heading_34_1" data-parent="#job_list___sub_accordion_34" class="collapse job_list___sub_multi_collapse" id="job_list___sub_collapse_34_1"><div class="card-body"><div class="work-item"><div class="alert alert-danger test-outcome" role="alert"><p>SURVIVED</p><p>worker outcome: normal</p><p>test outcome: survived</p></div></div><pre class="location"><a href="pycharm://open?file=stack4.py&amp;line=74" class="text-secondary"><button class="btn btn-outline-dark">stack4.py, start pos: (74, 45), end pos: (74, 47)</button></a></pre><pre>operator: core/ReplaceComparisonOperator_Eq_Is, occurrence: 1</pre><div class="alert alert-secondary"><pre class="diff">--- mutation diff ---
--- astack4.py
+++ bstack4.py
@@ -71,7 +71,7 @@
             self.head = self.head.next
             self._length -= 1
         while curr:
-            if (curr.next and curr.next.data == val):
+            if (curr.next and curr.next.data is val):
                 curr.next = curr.next.next
                 self._length -= 1
             curr = curr.next</pre></div><div class="alert alert-secondary"><pre class="diff">============================= test session starts ==============================
platform linux -- Python 3.10.12, pytest-7.1.3, pluggy-1.0.0
rootdir: /home/lucca/desktop/ic/experimento/testes/python_experiments/stack4
plugins: Faker-15.1.1, hypothesis-6.56.3
collected 67 items

ALL-SMART-GPT-MUTMUT/test_stack4_DYNAMOSA.py ................            [ 23%]
ALL-SMART-GPT-MUTMUT/test_stack4_MIO.py ....................             [ 53%]
ALL-SMART-GPT-MUTMUT/test_stack4_MOSA.py .................               [ 79%]
ALL-SMART-GPT-MUTMUT/test_stack4_MUTMUT.py .....                         [ 86%]
ALL-SMART-GPT-MUTMUT/test_stack4_WHOLE_SUITE.py .........                [100%]

============================== 67 passed in 0.20s ==============================
</pre></div></div></div></div></div><div class="mb-1" id="job_list___sub_accordion_35"><div class="card"><a data-toggle="collapse" data-target="#job_list___sub_collapse_35_1" aria-expanded="false" aria-controls="job_list___sub_collapse_35_1" href="#" class="job_list___sub_multi_heading"><div role="alert" class="card-header alert-success" id="job_list___sub_heading_35_1"><button class="btn btn-outline-success"><span class="job_id">35 : Job ID bb7f32fe927b4451926127aad8d3c169</span></button></div></a><div aria-labelledby="job_list___sub_heading_35_1" data-parent="#job_list___sub_accordion_35" class="collapse job_list___sub_multi_collapse" id="job_list___sub_collapse_35_1"><div class="card-body"><div class="work-item"><div class="alert alert-success test-outcome" role="alert"><p>worker outcome: normal</p><p>test outcome: killed</p></div></div><pre class="location"><a href="pycharm://open?file=stack4.py&amp;line=63" class="text-secondary"><button class="btn btn-outline-dark">stack4.py, start pos: (63, 25), end pos: (63, 27)</button></a></pre><pre>operator: core/ReplaceComparisonOperator_Eq_IsNot, occurrence: 0</pre><div class="alert alert-secondary"><pre class="diff">--- mutation diff ---
--- astack4.py
+++ bstack4.py
@@ -60,7 +60,7 @@
         """Return the node containing val."""
         curr = self.head
         while curr:
-            if curr.data == val:
+            if curr.data is not val:
                 return curr
             curr = curr.next
 </pre></div><div class="alert alert-secondary"><pre class="diff">============================= test session starts ==============================
platform linux -- Python 3.10.12, pytest-7.1.3, pluggy-1.0.0
rootdir: /home/lucca/desktop/ic/experimento/testes/python_experiments/stack4
plugins: Faker-15.1.1, hypothesis-6.56.3
collected 67 items

ALL-SMART-GPT-MUTMUT/test_stack4_DYNAMOSA.py ....F.........F.            [ 23%]
ALL-SMART-GPT-MUTMUT/test_stack4_MIO.py ......F.............             [ 53%]
ALL-SMART-GPT-MUTMUT/test_stack4_MOSA.py ......F..........               [ 79%]
ALL-SMART-GPT-MUTMUT/test_stack4_MUTMUT.py ..F..                         [ 86%]
ALL-SMART-GPT-MUTMUT/test_stack4_WHOLE_SUITE.py ..F......                [100%]

=========================== short test summary info ============================
FAILED ALL-SMART-GPT-MUTMUT/test_stack4_DYNAMOSA.py::test_case_4 - AssertionE...
FAILED ALL-SMART-GPT-MUTMUT/test_stack4_DYNAMOSA.py::test_case_14 - Assertion...
FAILED ALL-SMART-GPT-MUTMUT/test_stack4_MIO.py::test_case_6 - AssertionError:...
FAILED ALL-SMART-GPT-MUTMUT/test_stack4_MOSA.py::test_case_6 - AssertionError...
FAILED ALL-SMART-GPT-MUTMUT/test_stack4_MUTMUT.py::test_search_method - Asser...
FAILED ALL-SMART-GPT-MUTMUT/test_stack4_WHOLE_SUITE.py::test_case_2 - Asserti...
========================= 6 failed, 61 passed in 0.21s =========================
</pre></div></div></div></div></div><div class="mb-1" id="job_list___sub_accordion_36"><div class="card"><a data-toggle="collapse" data-target="#job_list___sub_collapse_36_1" aria-expanded="false" aria-controls="job_list___sub_collapse_36_1" href="#" class="job_list___sub_multi_heading"><div role="alert" class="card-header alert-success" id="job_list___sub_heading_36_1"><button class="btn btn-outline-success"><span class="job_id">36 : Job ID 7383c36254454ba686c9ad802ace0bdd</span></button></div></a><div aria-labelledby="job_list___sub_heading_36_1" data-parent="#job_list___sub_accordion_36" class="collapse job_list___sub_multi_collapse" id="job_list___sub_collapse_36_1"><div class="card-body"><div class="work-item"><div class="alert alert-success test-outcome" role="alert"><p>worker outcome: normal</p><p>test outcome: killed</p></div></div><pre class="location"><a href="pycharm://open?file=stack4.py&amp;line=74" class="text-secondary"><button class="btn btn-outline-dark">stack4.py, start pos: (74, 45), end pos: (74, 47)</button></a></pre><pre>operator: core/ReplaceComparisonOperator_Eq_IsNot, occurrence: 1</pre><div class="alert alert-secondary"><pre class="diff">--- mutation diff ---
--- astack4.py
+++ bstack4.py
@@ -71,7 +71,7 @@
             self.head = self.head.next
             self._length -= 1
         while curr:
-            if (curr.next and curr.next.data == val):
+            if (curr.next and curr.next.data is not val):
                 curr.next = curr.next.next
                 self._length -= 1
             curr = curr.next</pre></div><div class="alert alert-secondary"><pre class="diff">============================= test session starts ==============================
platform linux -- Python 3.10.12, pytest-7.1.3, pluggy-1.0.0
rootdir: /home/lucca/desktop/ic/experimento/testes/python_experiments/stack4
plugins: Faker-15.1.1, hypothesis-6.56.3
collected 67 items

ALL-SMART-GPT-MUTMUT/test_stack4_DYNAMOSA.py ................            [ 23%]
ALL-SMART-GPT-MUTMUT/test_stack4_MIO.py ....................             [ 53%]
ALL-SMART-GPT-MUTMUT/test_stack4_MOSA.py .................               [ 79%]
ALL-SMART-GPT-MUTMUT/test_stack4_MUTMUT.py ...FF                         [ 86%]
ALL-SMART-GPT-MUTMUT/test_stack4_WHOLE_SUITE.py .........                [100%]

=========================== short test summary info ============================
FAILED ALL-SMART-GPT-MUTMUT/test_stack4_MUTMUT.py::test_remove_from_linked_list
FAILED ALL-SMART-GPT-MUTMUT/test_stack4_MUTMUT.py::test_remove_head_from_linked_list
========================= 2 failed, 65 passed in 0.21s =========================
</pre></div></div></div></div></div><div class="mb-1" id="job_list___sub_accordion_37"><div class="card"><a data-toggle="collapse" data-target="#job_list___sub_collapse_37_1" aria-expanded="false" aria-controls="job_list___sub_collapse_37_1" href="#" class="job_list___sub_multi_heading"><div role="alert" class="card-header alert-danger" id="job_list___sub_heading_37_1"><button class="btn btn-outline-danger"><span class="job_id">37 : Job ID d9af6902b8384f8e9cc1c8c7f169143c</span></button></div></a><div aria-labelledby="job_list___sub_heading_37_1" data-parent="#job_list___sub_accordion_37" class="collapse job_list___sub_multi_collapse" id="job_list___sub_collapse_37_1"><div class="card-body"><div class="work-item"><div class="alert alert-danger test-outcome" role="alert"><p>SURVIVED</p><p>worker outcome: normal</p><p>test outcome: survived</p></div></div><pre class="location"><a href="pycharm://open?file=stack4.py&amp;line=70" class="text-secondary"><button class="btn btn-outline-dark">stack4.py, start pos: (70, 24), end pos: (70, 26)</button></a></pre><pre>operator: core/ReplaceComparisonOperator_Is_Eq, occurrence: 0</pre><div class="alert alert-secondary"><pre class="diff">--- mutation diff ---
--- astack4.py
+++ bstack4.py
@@ -67,7 +67,7 @@
     def remove(self, val):
         """Remove node from list if exists."""
         curr = self.head
-        if curr and val is self.head.data:
+        if curr and val == self.head.data:
             self.head = self.head.next
             self._length -= 1
         while curr:</pre></div><div class="alert alert-secondary"><pre class="diff">============================= test session starts ==============================
platform linux -- Python 3.10.12, pytest-7.1.3, pluggy-1.0.0
rootdir: /home/lucca/desktop/ic/experimento/testes/python_experiments/stack4
plugins: Faker-15.1.1, hypothesis-6.56.3
collected 67 items

ALL-SMART-GPT-MUTMUT/test_stack4_DYNAMOSA.py ................            [ 23%]
ALL-SMART-GPT-MUTMUT/test_stack4_MIO.py ....................             [ 53%]
ALL-SMART-GPT-MUTMUT/test_stack4_MOSA.py .................               [ 79%]
ALL-SMART-GPT-MUTMUT/test_stack4_MUTMUT.py .....                         [ 86%]
ALL-SMART-GPT-MUTMUT/test_stack4_WHOLE_SUITE.py .........                [100%]

============================== 67 passed in 0.20s ==============================
</pre></div></div></div></div></div><div class="mb-1" id="job_list___sub_accordion_38"><div class="card"><a data-toggle="collapse" data-target="#job_list___sub_collapse_38_1" aria-expanded="false" aria-controls="job_list___sub_collapse_38_1" href="#" class="job_list___sub_multi_heading"><div role="alert" class="card-header alert-success" id="job_list___sub_heading_38_1"><button class="btn btn-outline-success"><span class="job_id">38 : Job ID 33a2f6d1d6db4c15894a88f8f24cb746</span></button></div></a><div aria-labelledby="job_list___sub_heading_38_1" data-parent="#job_list___sub_accordion_38" class="collapse job_list___sub_multi_collapse" id="job_list___sub_collapse_38_1"><div class="card-body"><div class="work-item"><div class="alert alert-success test-outcome" role="alert"><p>worker outcome: normal</p><p>test outcome: killed</p></div></div><pre class="location"><a href="pycharm://open?file=stack4.py&amp;line=70" class="text-secondary"><button class="btn btn-outline-dark">stack4.py, start pos: (70, 24), end pos: (70, 26)</button></a></pre><pre>operator: core/ReplaceComparisonOperator_Is_NotEq, occurrence: 0</pre><div class="alert alert-secondary"><pre class="diff">--- mutation diff ---
--- astack4.py
+++ bstack4.py
@@ -67,7 +67,7 @@
     def remove(self, val):
         """Remove node from list if exists."""
         curr = self.head
-        if curr and val is self.head.data:
+        if curr and val != self.head.data:
             self.head = self.head.next
             self._length -= 1
         while curr:</pre></div><div class="alert alert-secondary"><pre class="diff">============================= test session starts ==============================
platform linux -- Python 3.10.12, pytest-7.1.3, pluggy-1.0.0
rootdir: /home/lucca/desktop/ic/experimento/testes/python_experiments/stack4
plugins: Faker-15.1.1, hypothesis-6.56.3
collected 67 items

ALL-SMART-GPT-MUTMUT/test_stack4_DYNAMOSA.py ..............F.            [ 23%]
ALL-SMART-GPT-MUTMUT/test_stack4_MIO.py ............F.......             [ 53%]
ALL-SMART-GPT-MUTMUT/test_stack4_MOSA.py ...F.............               [ 79%]
ALL-SMART-GPT-MUTMUT/test_stack4_MUTMUT.py ...FF                         [ 86%]
ALL-SMART-GPT-MUTMUT/test_stack4_WHOLE_SUITE.py .........                [100%]

=========================== short test summary info ============================
FAILED ALL-SMART-GPT-MUTMUT/test_stack4_DYNAMOSA.py::test_case_14 - assert &lt;s...
FAILED ALL-SMART-GPT-MUTMUT/test_stack4_MIO.py::test_case_12 - assert &lt;stack4...
FAILED ALL-SMART-GPT-MUTMUT/test_stack4_MOSA.py::test_case_3 - AssertionError...
FAILED ALL-SMART-GPT-MUTMUT/test_stack4_MUTMUT.py::test_remove_from_linked_list
FAILED ALL-SMART-GPT-MUTMUT/test_stack4_MUTMUT.py::test_remove_head_from_linked_list
========================= 5 failed, 62 passed in 0.21s =========================
</pre></div></div></div></div></div><div class="mb-1" id="job_list___sub_accordion_39"><div class="card"><a data-toggle="collapse" data-target="#job_list___sub_collapse_39_1" aria-expanded="false" aria-controls="job_list___sub_collapse_39_1" href="#" class="job_list___sub_multi_heading"><div role="alert" class="card-header alert-success" id="job_list___sub_heading_39_1"><button class="btn btn-outline-success"><span class="job_id">39 : Job ID 5f47b8d06a62475f80b62042c11f8698</span></button></div></a><div aria-labelledby="job_list___sub_heading_39_1" data-parent="#job_list___sub_accordion_39" class="collapse job_list___sub_multi_collapse" id="job_list___sub_collapse_39_1"><div class="card-body"><div class="work-item"><div class="alert alert-success test-outcome" role="alert"><p>worker outcome: normal</p><p>test outcome: killed</p></div></div><pre class="location"><a href="pycharm://open?file=stack4.py&amp;line=70" class="text-secondary"><button class="btn btn-outline-dark">stack4.py, start pos: (70, 24), end pos: (70, 26)</button></a></pre><pre>operator: core/ReplaceComparisonOperator_Is_Lt, occurrence: 0</pre><div class="alert alert-secondary"><pre class="diff">--- mutation diff ---
--- astack4.py
+++ bstack4.py
@@ -67,7 +67,7 @@
     def remove(self, val):
         """Remove node from list if exists."""
         curr = self.head
-        if curr and val is self.head.data:
+        if curr and val &lt; self.head.data:
             self.head = self.head.next
             self._length -= 1
         while curr:</pre></div><div class="alert alert-secondary"><pre class="diff">============================= test session starts ==============================
platform linux -- Python 3.10.12, pytest-7.1.3, pluggy-1.0.0
rootdir: /home/lucca/desktop/ic/experimento/testes/python_experiments/stack4
plugins: Faker-15.1.1, hypothesis-6.56.3
collected 67 items

ALL-SMART-GPT-MUTMUT/test_stack4_DYNAMOSA.py ..........FF.FFF            [ 23%]
ALL-SMART-GPT-MUTMUT/test_stack4_MIO.py ..........FFF.F.....             [ 53%]
ALL-SMART-GPT-MUTMUT/test_stack4_MOSA.py ...FFF........FFF               [ 79%]
ALL-SMART-GPT-MUTMUT/test_stack4_MUTMUT.py ...FF                         [ 86%]
ALL-SMART-GPT-MUTMUT/test_stack4_WHOLE_SUITE.py F........                [100%]

=========================== short test summary info ============================
FAILED ALL-SMART-GPT-MUTMUT/test_stack4_DYNAMOSA.py::test_case_10 - TypeError...
FAILED ALL-SMART-GPT-MUTMUT/test_stack4_DYNAMOSA.py::test_case_11 - TypeError...
FAILED ALL-SMART-GPT-MUTMUT/test_stack4_DYNAMOSA.py::test_case_13 - TypeError...
FAILED ALL-SMART-GPT-MUTMUT/test_stack4_DYNAMOSA.py::test_case_14 - assert &lt;s...
FAILED ALL-SMART-GPT-MUTMUT/test_stack4_DYNAMOSA.py::test_case_15 - TypeError...
FAILED ALL-SMART-GPT-MUTMUT/test_stack4_MIO.py::test_case_10 - TypeError: '&lt;'...
FAILED ALL-SMART-GPT-MUTMUT/test_stack4_MIO.py::test_case_11 - TypeError: '&lt;'...
FAILED ALL-SMART-GPT-MUTMUT/test_stack4_MIO.py::test_case_12 - TypeError: '&lt;'...
FAILED ALL-SMART-GPT-MUTMUT/test_stack4_MIO.py::test_case_14 - TypeError: '&lt;'...
FAILED ALL-SMART-GPT-MUTMUT/test_stack4_MOSA.py::test_case_3 - TypeError: '&lt;'...
FAILED ALL-SMART-GPT-MUTMUT/test_stack4_MOSA.py::test_case_4 - TypeError: '&lt;'...
FAILED ALL-SMART-GPT-MUTMUT/test_stack4_MOSA.py::test_case_5 - TypeError: '&lt;'...
FAILED ALL-SMART-GPT-MUTMUT/test_stack4_MOSA.py::test_case_14 - TypeError: '&lt;...
FAILED ALL-SMART-GPT-MUTMUT/test_stack4_MOSA.py::test_case_15 - TypeError: '&lt;...
FAILED ALL-SMART-GPT-MUTMUT/test_stack4_MOSA.py::test_case_16 - TypeError: '&lt;...
FAILED ALL-SMART-GPT-MUTMUT/test_stack4_MUTMUT.py::test_remove_from_linked_list
FAILED ALL-SMART-GPT-MUTMUT/test_stack4_MUTMUT.py::test_remove_head_from_linked_list
FAILED ALL-SMART-GPT-MUTMUT/test_stack4_WHOLE_SUITE.py::test_case_0 - TypeErr...
======================== 18 failed, 49 passed in 0.22s =========================
</pre></div></div></div></div></div><div class="mb-1" id="job_list___sub_accordion_40"><div class="card"><a data-toggle="collapse" data-target="#job_list___sub_collapse_40_1" aria-expanded="false" aria-controls="job_list___sub_collapse_40_1" href="#" class="job_list___sub_multi_heading"><div role="alert" class="card-header alert-success" id="job_list___sub_heading_40_1"><button class="btn btn-outline-success"><span class="job_id">40 : Job ID 1ef9cdc92e4440b0b19ec9263887c5b0</span></button></div></a><div aria-labelledby="job_list___sub_heading_40_1" data-parent="#job_list___sub_accordion_40" class="collapse job_list___sub_multi_collapse" id="job_list___sub_collapse_40_1"><div class="card-body"><div class="work-item"><div class="alert alert-success test-outcome" role="alert"><p>worker outcome: normal</p><p>test outcome: killed</p></div></div><pre class="location"><a href="pycharm://open?file=stack4.py&amp;line=70" class="text-secondary"><button class="btn btn-outline-dark">stack4.py, start pos: (70, 24), end pos: (70, 26)</button></a></pre><pre>operator: core/ReplaceComparisonOperator_Is_LtE, occurrence: 0</pre><div class="alert alert-secondary"><pre class="diff">--- mutation diff ---
--- astack4.py
+++ bstack4.py
@@ -67,7 +67,7 @@
     def remove(self, val):
         """Remove node from list if exists."""
         curr = self.head
-        if curr and val is self.head.data:
+        if curr and val &lt;= self.head.data:
             self.head = self.head.next
             self._length -= 1
         while curr:</pre></div><div class="alert alert-secondary"><pre class="diff">============================= test session starts ==============================
platform linux -- Python 3.10.12, pytest-7.1.3, pluggy-1.0.0
rootdir: /home/lucca/desktop/ic/experimento/testes/python_experiments/stack4
plugins: Faker-15.1.1, hypothesis-6.56.3
collected 67 items

ALL-SMART-GPT-MUTMUT/test_stack4_DYNAMOSA.py ..........FF.F.F            [ 23%]
ALL-SMART-GPT-MUTMUT/test_stack4_MIO.py ..........FFF.F.....             [ 53%]
ALL-SMART-GPT-MUTMUT/test_stack4_MOSA.py ...FFF........FFF               [ 79%]
ALL-SMART-GPT-MUTMUT/test_stack4_MUTMUT.py ...F.                         [ 86%]
ALL-SMART-GPT-MUTMUT/test_stack4_WHOLE_SUITE.py F........                [100%]

=========================== short test summary info ============================
FAILED ALL-SMART-GPT-MUTMUT/test_stack4_DYNAMOSA.py::test_case_10 - TypeError...
FAILED ALL-SMART-GPT-MUTMUT/test_stack4_DYNAMOSA.py::test_case_11 - TypeError...
FAILED ALL-SMART-GPT-MUTMUT/test_stack4_DYNAMOSA.py::test_case_13 - TypeError...
FAILED ALL-SMART-GPT-MUTMUT/test_stack4_DYNAMOSA.py::test_case_15 - TypeError...
FAILED ALL-SMART-GPT-MUTMUT/test_stack4_MIO.py::test_case_10 - TypeError: '&lt;=...
FAILED ALL-SMART-GPT-MUTMUT/test_stack4_MIO.py::test_case_11 - TypeError: '&lt;=...
FAILED ALL-SMART-GPT-MUTMUT/test_stack4_MIO.py::test_case_12 - TypeError: '&lt;=...
FAILED ALL-SMART-GPT-MUTMUT/test_stack4_MIO.py::test_case_14 - TypeError: '&lt;=...
FAILED ALL-SMART-GPT-MUTMUT/test_stack4_MOSA.py::test_case_3 - TypeError: '&lt;=...
FAILED ALL-SMART-GPT-MUTMUT/test_stack4_MOSA.py::test_case_4 - TypeError: '&lt;=...
FAILED ALL-SMART-GPT-MUTMUT/test_stack4_MOSA.py::test_case_5 - TypeError: '&lt;=...
FAILED ALL-SMART-GPT-MUTMUT/test_stack4_MOSA.py::test_case_14 - TypeError: '&lt;...
FAILED ALL-SMART-GPT-MUTMUT/test_stack4_MOSA.py::test_case_15 - TypeError: '&lt;...
FAILED ALL-SMART-GPT-MUTMUT/test_stack4_MOSA.py::test_case_16 - TypeError: '&lt;...
FAILED ALL-SMART-GPT-MUTMUT/test_stack4_MUTMUT.py::test_remove_from_linked_list
FAILED ALL-SMART-GPT-MUTMUT/test_stack4_WHOLE_SUITE.py::test_case_0 - TypeErr...
======================== 16 failed, 51 passed in 0.22s =========================
</pre></div></div></div></div></div><div class="mb-1" id="job_list___sub_accordion_41"><div class="card"><a data-toggle="collapse" data-target="#job_list___sub_collapse_41_1" aria-expanded="false" aria-controls="job_list___sub_collapse_41_1" href="#" class="job_list___sub_multi_heading"><div role="alert" class="card-header alert-success" id="job_list___sub_heading_41_1"><button class="btn btn-outline-success"><span class="job_id">41 : Job ID ff2b2a4e2e4147418416a0a45b298d86</span></button></div></a><div aria-labelledby="job_list___sub_heading_41_1" data-parent="#job_list___sub_accordion_41" class="collapse job_list___sub_multi_collapse" id="job_list___sub_collapse_41_1"><div class="card-body"><div class="work-item"><div class="alert alert-success test-outcome" role="alert"><p>worker outcome: normal</p><p>test outcome: killed</p></div></div><pre class="location"><a href="pycharm://open?file=stack4.py&amp;line=70" class="text-secondary"><button class="btn btn-outline-dark">stack4.py, start pos: (70, 24), end pos: (70, 26)</button></a></pre><pre>operator: core/ReplaceComparisonOperator_Is_Gt, occurrence: 0</pre><div class="alert alert-secondary"><pre class="diff">--- mutation diff ---
--- astack4.py
+++ bstack4.py
@@ -67,7 +67,7 @@
     def remove(self, val):
         """Remove node from list if exists."""
         curr = self.head
-        if curr and val is self.head.data:
+        if curr and val &gt; self.head.data:
             self.head = self.head.next
             self._length -= 1
         while curr:</pre></div><div class="alert alert-secondary"><pre class="diff">============================= test session starts ==============================
platform linux -- Python 3.10.12, pytest-7.1.3, pluggy-1.0.0
rootdir: /home/lucca/desktop/ic/experimento/testes/python_experiments/stack4
plugins: Faker-15.1.1, hypothesis-6.56.3
collected 67 items

ALL-SMART-GPT-MUTMUT/test_stack4_DYNAMOSA.py ..........FF.FFF            [ 23%]
ALL-SMART-GPT-MUTMUT/test_stack4_MIO.py ..........FFF.F.....             [ 53%]
ALL-SMART-GPT-MUTMUT/test_stack4_MOSA.py ...FFF........FFF               [ 79%]
ALL-SMART-GPT-MUTMUT/test_stack4_MUTMUT.py ....F                         [ 86%]
ALL-SMART-GPT-MUTMUT/test_stack4_WHOLE_SUITE.py F........                [100%]

=========================== short test summary info ============================
FAILED ALL-SMART-GPT-MUTMUT/test_stack4_DYNAMOSA.py::test_case_10 - TypeError...
FAILED ALL-SMART-GPT-MUTMUT/test_stack4_DYNAMOSA.py::test_case_11 - TypeError...
FAILED ALL-SMART-GPT-MUTMUT/test_stack4_DYNAMOSA.py::test_case_13 - TypeError...
FAILED ALL-SMART-GPT-MUTMUT/test_stack4_DYNAMOSA.py::test_case_14 - assert &lt;s...
FAILED ALL-SMART-GPT-MUTMUT/test_stack4_DYNAMOSA.py::test_case_15 - TypeError...
FAILED ALL-SMART-GPT-MUTMUT/test_stack4_MIO.py::test_case_10 - TypeError: '&gt;'...
FAILED ALL-SMART-GPT-MUTMUT/test_stack4_MIO.py::test_case_11 - TypeError: '&gt;'...
FAILED ALL-SMART-GPT-MUTMUT/test_stack4_MIO.py::test_case_12 - TypeError: '&gt;'...
FAILED ALL-SMART-GPT-MUTMUT/test_stack4_MIO.py::test_case_14 - TypeError: '&gt;'...
FAILED ALL-SMART-GPT-MUTMUT/test_stack4_MOSA.py::test_case_3 - TypeError: '&gt;'...
FAILED ALL-SMART-GPT-MUTMUT/test_stack4_MOSA.py::test_case_4 - TypeError: '&gt;'...
FAILED ALL-SMART-GPT-MUTMUT/test_stack4_MOSA.py::test_case_5 - TypeError: '&gt;'...
FAILED ALL-SMART-GPT-MUTMUT/test_stack4_MOSA.py::test_case_14 - TypeError: '&gt;...
FAILED ALL-SMART-GPT-MUTMUT/test_stack4_MOSA.py::test_case_15 - TypeError: '&gt;...
FAILED ALL-SMART-GPT-MUTMUT/test_stack4_MOSA.py::test_case_16 - TypeError: '&gt;...
FAILED ALL-SMART-GPT-MUTMUT/test_stack4_MUTMUT.py::test_remove_head_from_linked_list
FAILED ALL-SMART-GPT-MUTMUT/test_stack4_WHOLE_SUITE.py::test_case_0 - TypeErr...
======================== 17 failed, 50 passed in 0.22s =========================
</pre></div></div></div></div></div><div class="mb-1" id="job_list___sub_accordion_42"><div class="card"><a data-toggle="collapse" data-target="#job_list___sub_collapse_42_1" aria-expanded="false" aria-controls="job_list___sub_collapse_42_1" href="#" class="job_list___sub_multi_heading"><div role="alert" class="card-header alert-success" id="job_list___sub_heading_42_1"><button class="btn btn-outline-success"><span class="job_id">42 : Job ID 88ee339748614952940b8c409f0de4bc</span></button></div></a><div aria-labelledby="job_list___sub_heading_42_1" data-parent="#job_list___sub_accordion_42" class="collapse job_list___sub_multi_collapse" id="job_list___sub_collapse_42_1"><div class="card-body"><div class="work-item"><div class="alert alert-success test-outcome" role="alert"><p>worker outcome: normal</p><p>test outcome: killed</p></div></div><pre class="location"><a href="pycharm://open?file=stack4.py&amp;line=70" class="text-secondary"><button class="btn btn-outline-dark">stack4.py, start pos: (70, 24), end pos: (70, 26)</button></a></pre><pre>operator: core/ReplaceComparisonOperator_Is_GtE, occurrence: 0</pre><div class="alert alert-secondary"><pre class="diff">--- mutation diff ---
--- astack4.py
+++ bstack4.py
@@ -67,7 +67,7 @@
     def remove(self, val):
         """Remove node from list if exists."""
         curr = self.head
-        if curr and val is self.head.data:
+        if curr and val &gt;= self.head.data:
             self.head = self.head.next
             self._length -= 1
         while curr:</pre></div><div class="alert alert-secondary"><pre class="diff">============================= test session starts ==============================
platform linux -- Python 3.10.12, pytest-7.1.3, pluggy-1.0.0
rootdir: /home/lucca/desktop/ic/experimento/testes/python_experiments/stack4
plugins: Faker-15.1.1, hypothesis-6.56.3
collected 67 items

ALL-SMART-GPT-MUTMUT/test_stack4_DYNAMOSA.py ..........FF.F.F            [ 23%]
ALL-SMART-GPT-MUTMUT/test_stack4_MIO.py ..........FFF.F.....             [ 53%]
ALL-SMART-GPT-MUTMUT/test_stack4_MOSA.py ...FFF........FFF               [ 79%]
ALL-SMART-GPT-MUTMUT/test_stack4_MUTMUT.py .....                         [ 86%]
ALL-SMART-GPT-MUTMUT/test_stack4_WHOLE_SUITE.py F........                [100%]

=========================== short test summary info ============================
FAILED ALL-SMART-GPT-MUTMUT/test_stack4_DYNAMOSA.py::test_case_10 - TypeError...
FAILED ALL-SMART-GPT-MUTMUT/test_stack4_DYNAMOSA.py::test_case_11 - TypeError...
FAILED ALL-SMART-GPT-MUTMUT/test_stack4_DYNAMOSA.py::test_case_13 - TypeError...
FAILED ALL-SMART-GPT-MUTMUT/test_stack4_DYNAMOSA.py::test_case_15 - TypeError...
FAILED ALL-SMART-GPT-MUTMUT/test_stack4_MIO.py::test_case_10 - TypeError: '&gt;=...
FAILED ALL-SMART-GPT-MUTMUT/test_stack4_MIO.py::test_case_11 - TypeError: '&gt;=...
FAILED ALL-SMART-GPT-MUTMUT/test_stack4_MIO.py::test_case_12 - TypeError: '&gt;=...
FAILED ALL-SMART-GPT-MUTMUT/test_stack4_MIO.py::test_case_14 - TypeError: '&gt;=...
FAILED ALL-SMART-GPT-MUTMUT/test_stack4_MOSA.py::test_case_3 - TypeError: '&gt;=...
FAILED ALL-SMART-GPT-MUTMUT/test_stack4_MOSA.py::test_case_4 - TypeError: '&gt;=...
FAILED ALL-SMART-GPT-MUTMUT/test_stack4_MOSA.py::test_case_5 - TypeError: '&gt;=...
FAILED ALL-SMART-GPT-MUTMUT/test_stack4_MOSA.py::test_case_14 - TypeError: '&gt;...
FAILED ALL-SMART-GPT-MUTMUT/test_stack4_MOSA.py::test_case_15 - TypeError: '&gt;...
FAILED ALL-SMART-GPT-MUTMUT/test_stack4_MOSA.py::test_case_16 - TypeError: '&gt;...
FAILED ALL-SMART-GPT-MUTMUT/test_stack4_WHOLE_SUITE.py::test_case_0 - TypeErr...
======================== 15 failed, 52 passed in 0.22s =========================
</pre></div></div></div></div></div><div class="mb-1" id="job_list___sub_accordion_43"><div class="card"><a data-toggle="collapse" data-target="#job_list___sub_collapse_43_1" aria-expanded="false" aria-controls="job_list___sub_collapse_43_1" href="#" class="job_list___sub_multi_heading"><div role="alert" class="card-header alert-success" id="job_list___sub_heading_43_1"><button class="btn btn-outline-success"><span class="job_id">43 : Job ID e3f1fc525f5d4972a97475745d507cc4</span></button></div></a><div aria-labelledby="job_list___sub_heading_43_1" data-parent="#job_list___sub_accordion_43" class="collapse job_list___sub_multi_collapse" id="job_list___sub_collapse_43_1"><div class="card-body"><div class="work-item"><div class="alert alert-success test-outcome" role="alert"><p>worker outcome: normal</p><p>test outcome: killed</p></div></div><pre class="location"><a href="pycharm://open?file=stack4.py&amp;line=70" class="text-secondary"><button class="btn btn-outline-dark">stack4.py, start pos: (70, 24), end pos: (70, 26)</button></a></pre><pre>operator: core/ReplaceComparisonOperator_Is_IsNot, occurrence: 0</pre><div class="alert alert-secondary"><pre class="diff">--- mutation diff ---
--- astack4.py
+++ bstack4.py
@@ -67,7 +67,7 @@
     def remove(self, val):
         """Remove node from list if exists."""
         curr = self.head
-        if curr and val is self.head.data:
+        if curr and val is not self.head.data:
             self.head = self.head.next
             self._length -= 1
         while curr:</pre></div><div class="alert alert-secondary"><pre class="diff">============================= test session starts ==============================
platform linux -- Python 3.10.12, pytest-7.1.3, pluggy-1.0.0
rootdir: /home/lucca/desktop/ic/experimento/testes/python_experiments/stack4
plugins: Faker-15.1.1, hypothesis-6.56.3
collected 67 items

ALL-SMART-GPT-MUTMUT/test_stack4_DYNAMOSA.py ..............F.            [ 23%]
ALL-SMART-GPT-MUTMUT/test_stack4_MIO.py ............F.......             [ 53%]
ALL-SMART-GPT-MUTMUT/test_stack4_MOSA.py ...F.............               [ 79%]
ALL-SMART-GPT-MUTMUT/test_stack4_MUTMUT.py ...FF                         [ 86%]
ALL-SMART-GPT-MUTMUT/test_stack4_WHOLE_SUITE.py .........                [100%]

=========================== short test summary info ============================
FAILED ALL-SMART-GPT-MUTMUT/test_stack4_DYNAMOSA.py::test_case_14 - assert &lt;s...
FAILED ALL-SMART-GPT-MUTMUT/test_stack4_MIO.py::test_case_12 - assert &lt;stack4...
FAILED ALL-SMART-GPT-MUTMUT/test_stack4_MOSA.py::test_case_3 - AssertionError...
FAILED ALL-SMART-GPT-MUTMUT/test_stack4_MUTMUT.py::test_remove_from_linked_list
FAILED ALL-SMART-GPT-MUTMUT/test_stack4_MUTMUT.py::test_remove_head_from_linked_list
========================= 5 failed, 62 passed in 0.21s =========================
</pre></div></div></div></div></div><div class="mb-1" id="job_list___sub_accordion_44"><div class="card"><a data-toggle="collapse" data-target="#job_list___sub_collapse_44_1" aria-expanded="false" aria-controls="job_list___sub_collapse_44_1" href="#" class="job_list___sub_multi_heading"><div role="alert" class="card-header alert-success" id="job_list___sub_heading_44_1"><button class="btn btn-outline-success"><span class="job_id">44 : Job ID db78832931464231993002d3c1850433</span></button></div></a><div aria-labelledby="job_list___sub_heading_44_1" data-parent="#job_list___sub_accordion_44" class="collapse job_list___sub_multi_collapse" id="job_list___sub_collapse_44_1"><div class="card-body"><div class="work-item"><div class="alert alert-success test-outcome" role="alert"><p>worker outcome: normal</p><p>test outcome: killed</p></div></div><pre class="location"><a href="pycharm://open?file=stack4.py&amp;line=86" class="text-secondary"><button class="btn btn-outline-dark">stack4.py, start pos: (86, 24), end pos: (86, 25)</button></a></pre><pre>operator: core/ReplaceUnaryOperator_USub_UAdd, occurrence: 0</pre><div class="alert alert-secondary"><pre class="diff">--- mutation diff ---
--- astack4.py
+++ bstack4.py
@@ -83,7 +83,7 @@
         while curr:
             display += str(curr.data) + ', '
             curr = curr.next
-        return display[:-2] + ')'
+        return display[:+2] + ')'
 
 
 class Stack(object):</pre></div><div class="alert alert-secondary"><pre class="diff">============================= test session starts ==============================
platform linux -- Python 3.10.12, pytest-7.1.3, pluggy-1.0.0
rootdir: /home/lucca/desktop/ic/experimento/testes/python_experiments/stack4
plugins: Faker-15.1.1, hypothesis-6.56.3
collected 67 items

ALL-SMART-GPT-MUTMUT/test_stack4_DYNAMOSA.py ......FF....F...            [ 23%]
ALL-SMART-GPT-MUTMUT/test_stack4_MIO.py ...............F.F..             [ 53%]
ALL-SMART-GPT-MUTMUT/test_stack4_MOSA.py .F.FFF...FF......               [ 79%]
ALL-SMART-GPT-MUTMUT/test_stack4_MUTMUT.py ...FF                         [ 86%]
ALL-SMART-GPT-MUTMUT/test_stack4_WHOLE_SUITE.py F.F......                [100%]

=========================== short test summary info ============================
FAILED ALL-SMART-GPT-MUTMUT/test_stack4_DYNAMOSA.py::test_case_6 - AssertionE...
FAILED ALL-SMART-GPT-MUTMUT/test_stack4_DYNAMOSA.py::test_case_7 - AssertionE...
FAILED ALL-SMART-GPT-MUTMUT/test_stack4_DYNAMOSA.py::test_case_12 - Assertion...
FAILED ALL-SMART-GPT-MUTMUT/test_stack4_MIO.py::test_case_15 - AssertionError...
FAILED ALL-SMART-GPT-MUTMUT/test_stack4_MIO.py::test_case_17 - AssertionError...
FAILED ALL-SMART-GPT-MUTMUT/test_stack4_MOSA.py::test_case_1 - AssertionError...
FAILED ALL-SMART-GPT-MUTMUT/test_stack4_MOSA.py::test_case_3 - AssertionError...
FAILED ALL-SMART-GPT-MUTMUT/test_stack4_MOSA.py::test_case_4 - AssertionError...
FAILED ALL-SMART-GPT-MUTMUT/test_stack4_MOSA.py::test_case_5 - AssertionError...
FAILED ALL-SMART-GPT-MUTMUT/test_stack4_MOSA.py::test_case_9 - AssertionError...
FAILED ALL-SMART-GPT-MUTMUT/test_stack4_MOSA.py::test_case_10 - AssertionErro...
FAILED ALL-SMART-GPT-MUTMUT/test_stack4_MUTMUT.py::test_remove_from_linked_list
FAILED ALL-SMART-GPT-MUTMUT/test_stack4_MUTMUT.py::test_remove_head_from_linked_list
FAILED ALL-SMART-GPT-MUTMUT/test_stack4_WHOLE_SUITE.py::test_case_0 - Asserti...
FAILED ALL-SMART-GPT-MUTMUT/test_stack4_WHOLE_SUITE.py::test_case_2 - Asserti...
======================== 15 failed, 52 passed in 0.22s =========================
</pre></div></div></div></div></div><div class="mb-1" id="job_list___sub_accordion_45"><div class="card"><a data-toggle="collapse" data-target="#job_list___sub_collapse_45_1" aria-expanded="false" aria-controls="job_list___sub_collapse_45_1" href="#" class="job_list___sub_multi_heading"><div role="alert" class="card-header alert-success" id="job_list___sub_heading_45_1"><button class="btn btn-outline-success"><span class="job_id">45 : Job ID 4915dfd37f004c7591b21e4863375c2b</span></button></div></a><div aria-labelledby="job_list___sub_heading_45_1" data-parent="#job_list___sub_accordion_45" class="collapse job_list___sub_multi_collapse" id="job_list___sub_collapse_45_1"><div class="card-body"><div class="work-item"><div class="alert alert-success test-outcome" role="alert"><p>worker outcome: normal</p><p>test outcome: killed</p></div></div><pre class="location"><a href="pycharm://open?file=stack4.py&amp;line=86" class="text-secondary"><button class="btn btn-outline-dark">stack4.py, start pos: (86, 24), end pos: (86, 25)</button></a></pre><pre>operator: core/ReplaceUnaryOperator_USub_Invert, occurrence: 0</pre><div class="alert alert-secondary"><pre class="diff">--- mutation diff ---
--- astack4.py
+++ bstack4.py
@@ -83,7 +83,7 @@
         while curr:
             display += str(curr.data) + ', '
             curr = curr.next
-        return display[:-2] + ')'
+        return display[:~2] + ')'
 
 
 class Stack(object):</pre></div><div class="alert alert-secondary"><pre class="diff">============================= test session starts ==============================
platform linux -- Python 3.10.12, pytest-7.1.3, pluggy-1.0.0
rootdir: /home/lucca/desktop/ic/experimento/testes/python_experiments/stack4
plugins: Faker-15.1.1, hypothesis-6.56.3
collected 67 items

ALL-SMART-GPT-MUTMUT/test_stack4_DYNAMOSA.py ......F.....F...            [ 23%]
ALL-SMART-GPT-MUTMUT/test_stack4_MIO.py ...............F....             [ 53%]
ALL-SMART-GPT-MUTMUT/test_stack4_MOSA.py .F.FFF...F.......               [ 79%]
ALL-SMART-GPT-MUTMUT/test_stack4_MUTMUT.py ...FF                         [ 86%]
ALL-SMART-GPT-MUTMUT/test_stack4_WHOLE_SUITE.py .........                [100%]

=========================== short test summary info ============================
FAILED ALL-SMART-GPT-MUTMUT/test_stack4_DYNAMOSA.py::test_case_6 - AssertionE...
FAILED ALL-SMART-GPT-MUTMUT/test_stack4_DYNAMOSA.py::test_case_12 - Assertion...
FAILED ALL-SMART-GPT-MUTMUT/test_stack4_MIO.py::test_case_15 - AssertionError...
FAILED ALL-SMART-GPT-MUTMUT/test_stack4_MOSA.py::test_case_1 - AssertionError...
FAILED ALL-SMART-GPT-MUTMUT/test_stack4_MOSA.py::test_case_3 - AssertionError...
FAILED ALL-SMART-GPT-MUTMUT/test_stack4_MOSA.py::test_case_4 - AssertionError...
FAILED ALL-SMART-GPT-MUTMUT/test_stack4_MOSA.py::test_case_5 - AssertionError...
FAILED ALL-SMART-GPT-MUTMUT/test_stack4_MOSA.py::test_case_9 - AssertionError...
FAILED ALL-SMART-GPT-MUTMUT/test_stack4_MUTMUT.py::test_remove_from_linked_list
FAILED ALL-SMART-GPT-MUTMUT/test_stack4_MUTMUT.py::test_remove_head_from_linked_list
======================== 10 failed, 57 passed in 0.21s =========================
</pre></div></div></div></div></div><div class="mb-1" id="job_list___sub_accordion_46"><div class="card"><a data-toggle="collapse" data-target="#job_list___sub_collapse_46_1" aria-expanded="false" aria-controls="job_list___sub_collapse_46_1" href="#" class="job_list___sub_multi_heading"><div role="alert" class="card-header alert-success" id="job_list___sub_heading_46_1"><button class="btn btn-outline-success"><span class="job_id">46 : Job ID a7b41a9196284583a6117b748d586032</span></button></div></a><div aria-labelledby="job_list___sub_heading_46_1" data-parent="#job_list___sub_accordion_46" class="collapse job_list___sub_multi_collapse" id="job_list___sub_collapse_46_1"><div class="card-body"><div class="work-item"><div class="alert alert-success test-outcome" role="alert"><p>worker outcome: normal</p><p>test outcome: killed</p></div></div><pre class="location"><a href="pycharm://open?file=stack4.py&amp;line=86" class="text-secondary"><button class="btn btn-outline-dark">stack4.py, start pos: (86, 24), end pos: (86, 25)</button></a></pre><pre>operator: core/ReplaceUnaryOperator_USub_Not, occurrence: 0</pre><div class="alert alert-secondary"><pre class="diff">--- mutation diff ---
--- astack4.py
+++ bstack4.py
@@ -83,7 +83,7 @@
         while curr:
             display += str(curr.data) + ', '
             curr = curr.next
-        return display[:-2] + ')'
+        return display[:not 2] + ')'
 
 
 class Stack(object):</pre></div><div class="alert alert-secondary"><pre class="diff">============================= test session starts ==============================
platform linux -- Python 3.10.12, pytest-7.1.3, pluggy-1.0.0
rootdir: /home/lucca/desktop/ic/experimento/testes/python_experiments/stack4
plugins: Faker-15.1.1, hypothesis-6.56.3
collected 67 items

ALL-SMART-GPT-MUTMUT/test_stack4_DYNAMOSA.py ......F.....F...            [ 23%]
ALL-SMART-GPT-MUTMUT/test_stack4_MIO.py ...............F....             [ 53%]
ALL-SMART-GPT-MUTMUT/test_stack4_MOSA.py .F.FFF...F.......               [ 79%]
ALL-SMART-GPT-MUTMUT/test_stack4_MUTMUT.py ...FF                         [ 86%]
ALL-SMART-GPT-MUTMUT/test_stack4_WHOLE_SUITE.py .........                [100%]

=========================== short test summary info ============================
FAILED ALL-SMART-GPT-MUTMUT/test_stack4_DYNAMOSA.py::test_case_6 - AssertionE...
FAILED ALL-SMART-GPT-MUTMUT/test_stack4_DYNAMOSA.py::test_case_12 - Assertion...
FAILED ALL-SMART-GPT-MUTMUT/test_stack4_MIO.py::test_case_15 - AssertionError...
FAILED ALL-SMART-GPT-MUTMUT/test_stack4_MOSA.py::test_case_1 - AssertionError...
FAILED ALL-SMART-GPT-MUTMUT/test_stack4_MOSA.py::test_case_3 - AssertionError...
FAILED ALL-SMART-GPT-MUTMUT/test_stack4_MOSA.py::test_case_4 - AssertionError...
FAILED ALL-SMART-GPT-MUTMUT/test_stack4_MOSA.py::test_case_5 - AssertionError...
FAILED ALL-SMART-GPT-MUTMUT/test_stack4_MOSA.py::test_case_9 - AssertionError...
FAILED ALL-SMART-GPT-MUTMUT/test_stack4_MUTMUT.py::test_remove_from_linked_list
FAILED ALL-SMART-GPT-MUTMUT/test_stack4_MUTMUT.py::test_remove_head_from_linked_list
======================== 10 failed, 57 passed in 0.22s =========================
</pre></div></div></div></div></div><div class="mb-1" id="job_list___sub_accordion_47"><div class="card"><a data-toggle="collapse" data-target="#job_list___sub_collapse_47_1" aria-expanded="false" aria-controls="job_list___sub_collapse_47_1" href="#" class="job_list___sub_multi_heading"><div role="alert" class="card-header alert-success" id="job_list___sub_heading_47_1"><button class="btn btn-outline-success"><span class="job_id">47 : Job ID 01f1b42c309d4c1d916d9db947f8b493</span></button></div></a><div aria-labelledby="job_list___sub_heading_47_1" data-parent="#job_list___sub_accordion_47" class="collapse job_list___sub_multi_collapse" id="job_list___sub_collapse_47_1"><div class="card-body"><div class="work-item"><div class="alert alert-success test-outcome" role="alert"><p>worker outcome: normal</p><p>test outcome: killed</p></div></div><pre class="location"><a href="pycharm://open?file=stack4.py&amp;line=86" class="text-secondary"><button class="btn btn-outline-dark">stack4.py, start pos: (86, 24), end pos: (86, 25)</button></a></pre><pre>operator: core/ReplaceUnaryOperator_Delete_USub, occurrence: 0</pre><div class="alert alert-secondary"><pre class="diff">--- mutation diff ---
--- astack4.py
+++ bstack4.py
@@ -83,7 +83,7 @@
         while curr:
             display += str(curr.data) + ', '
             curr = curr.next
-        return display[:-2] + ')'
+        return display[:2] + ')'
 
 
 class Stack(object):</pre></div><div class="alert alert-secondary"><pre class="diff">============================= test session starts ==============================
platform linux -- Python 3.10.12, pytest-7.1.3, pluggy-1.0.0
rootdir: /home/lucca/desktop/ic/experimento/testes/python_experiments/stack4
plugins: Faker-15.1.1, hypothesis-6.56.3
collected 67 items

ALL-SMART-GPT-MUTMUT/test_stack4_DYNAMOSA.py ......FF....F...            [ 23%]
ALL-SMART-GPT-MUTMUT/test_stack4_MIO.py ...............F.F..             [ 53%]
ALL-SMART-GPT-MUTMUT/test_stack4_MOSA.py .F.FFF...FF......               [ 79%]
ALL-SMART-GPT-MUTMUT/test_stack4_MUTMUT.py ...FF                         [ 86%]
ALL-SMART-GPT-MUTMUT/test_stack4_WHOLE_SUITE.py F.F......                [100%]

=========================== short test summary info ============================
FAILED ALL-SMART-GPT-MUTMUT/test_stack4_DYNAMOSA.py::test_case_6 - AssertionE...
FAILED ALL-SMART-GPT-MUTMUT/test_stack4_DYNAMOSA.py::test_case_7 - AssertionE...
FAILED ALL-SMART-GPT-MUTMUT/test_stack4_DYNAMOSA.py::test_case_12 - Assertion...
FAILED ALL-SMART-GPT-MUTMUT/test_stack4_MIO.py::test_case_15 - AssertionError...
FAILED ALL-SMART-GPT-MUTMUT/test_stack4_MIO.py::test_case_17 - AssertionError...
FAILED ALL-SMART-GPT-MUTMUT/test_stack4_MOSA.py::test_case_1 - AssertionError...
FAILED ALL-SMART-GPT-MUTMUT/test_stack4_MOSA.py::test_case_3 - AssertionError...
FAILED ALL-SMART-GPT-MUTMUT/test_stack4_MOSA.py::test_case_4 - AssertionError...
FAILED ALL-SMART-GPT-MUTMUT/test_stack4_MOSA.py::test_case_5 - AssertionError...
FAILED ALL-SMART-GPT-MUTMUT/test_stack4_MOSA.py::test_case_9 - AssertionError...
FAILED ALL-SMART-GPT-MUTMUT/test_stack4_MOSA.py::test_case_10 - AssertionErro...
FAILED ALL-SMART-GPT-MUTMUT/test_stack4_MUTMUT.py::test_remove_from_linked_list
FAILED ALL-SMART-GPT-MUTMUT/test_stack4_MUTMUT.py::test_remove_head_from_linked_list
FAILED ALL-SMART-GPT-MUTMUT/test_stack4_WHOLE_SUITE.py::test_case_0 - Asserti...
FAILED ALL-SMART-GPT-MUTMUT/test_stack4_WHOLE_SUITE.py::test_case_2 - Asserti...
======================== 15 failed, 52 passed in 0.25s =========================
</pre></div></div></div></div></div><div class="mb-1" id="job_list___sub_accordion_48"><div class="card"><a data-toggle="collapse" data-target="#job_list___sub_collapse_48_1" aria-expanded="false" aria-controls="job_list___sub_collapse_48_1" href="#" class="job_list___sub_multi_heading"><div role="alert" class="card-header alert-success" id="job_list___sub_heading_48_1"><button class="btn btn-outline-success"><span class="job_id">48 : Job ID c03f0adc44a74fa6ae9ee1a69c0a9728</span></button></div></a><div aria-labelledby="job_list___sub_heading_48_1" data-parent="#job_list___sub_accordion_48" class="collapse job_list___sub_multi_collapse" id="job_list___sub_collapse_48_1"><div class="card-body"><div class="work-item"><div class="alert alert-success test-outcome" role="alert"><p>worker outcome: normal</p><p>test outcome: killed</p></div></div><pre class="location"><a href="pycharm://open?file=stack4.py&amp;line=48" class="text-secondary"><button class="btn btn-outline-dark">stack4.py, start pos: (48, 11), end pos: (48, 14)</button></a></pre><pre>operator: core/ReplaceUnaryOperator_Delete_Not, occurrence: 0</pre><div class="alert alert-secondary"><pre class="diff">--- mutation diff ---
--- astack4.py
+++ bstack4.py
@@ -45,7 +45,7 @@
 
     def pop(self):
         """Remove the first value and return it."""
-        if not self.head:
+        if  self.head:
             raise IndexError('Cannot pop from an empty list')
         to_return = self.head
         self.head = self.head.next</pre></div><div class="alert alert-secondary"><pre class="diff">============================= test session starts ==============================
platform linux -- Python 3.10.12, pytest-7.1.3, pluggy-1.0.0
rootdir: /home/lucca/desktop/ic/experimento/testes/python_experiments/stack4
plugins: Faker-15.1.1, hypothesis-6.56.3
collected 67 items

ALL-SMART-GPT-MUTMUT/test_stack4_DYNAMOSA.py ..F.............            [ 23%]
ALL-SMART-GPT-MUTMUT/test_stack4_MIO.py ....F...............             [ 53%]
ALL-SMART-GPT-MUTMUT/test_stack4_MOSA.py ...F...........F.               [ 79%]
ALL-SMART-GPT-MUTMUT/test_stack4_MUTMUT.py FF...                         [ 86%]
ALL-SMART-GPT-MUTMUT/test_stack4_WHOLE_SUITE.py ...FF.F..                [100%]

=========================== short test summary info ============================
FAILED ALL-SMART-GPT-MUTMUT/test_stack4_DYNAMOSA.py::test_case_2 - IndexError...
FAILED ALL-SMART-GPT-MUTMUT/test_stack4_MIO.py::test_case_4 - IndexError: Can...
FAILED ALL-SMART-GPT-MUTMUT/test_stack4_MOSA.py::test_case_3 - IndexError: Ca...
FAILED ALL-SMART-GPT-MUTMUT/test_stack4_MOSA.py::test_case_15 - IndexError: C...
FAILED ALL-SMART-GPT-MUTMUT/test_stack4_MUTMUT.py::test_pop_exception_message
FAILED ALL-SMART-GPT-MUTMUT/test_stack4_MUTMUT.py::test_pop_method - IndexErr...
FAILED ALL-SMART-GPT-MUTMUT/test_stack4_WHOLE_SUITE.py::test_case_3 - Attribu...
FAILED ALL-SMART-GPT-MUTMUT/test_stack4_WHOLE_SUITE.py::test_case_4 - Attribu...
FAILED ALL-SMART-GPT-MUTMUT/test_stack4_WHOLE_SUITE.py::test_case_6 - IndexEr...
========================= 9 failed, 58 passed in 0.21s =========================
</pre></div></div></div></div></div><div class="mb-1" id="job_list___sub_accordion_49"><div class="card"><a data-toggle="collapse" data-target="#job_list___sub_collapse_49_1" aria-expanded="false" aria-controls="job_list___sub_collapse_49_1" href="#" class="job_list___sub_multi_heading"><div role="alert" class="card-header alert-success" id="job_list___sub_heading_49_1"><button class="btn btn-outline-success"><span class="job_id">49 : Job ID 8f654d48a0c749a8ba53285e5e766e5d</span></button></div></a><div aria-labelledby="job_list___sub_heading_49_1" data-parent="#job_list___sub_accordion_49" class="collapse job_list___sub_multi_collapse" id="job_list___sub_collapse_49_1"><div class="card-body"><div class="work-item"><div class="alert alert-success test-outcome" role="alert"><p>worker outcome: normal</p><p>test outcome: killed</p></div></div><pre class="location"><a href="pycharm://open?file=stack4.py&amp;line=37" class="text-secondary"><button class="btn btn-outline-dark">stack4.py, start pos: (37, 15), end pos: (37, 19)</button></a></pre><pre>operator: core/AddNot, occurrence: 0</pre><div class="alert alert-secondary"><pre class="diff">--- mutation diff ---
--- astack4.py
+++ bstack4.py
@@ -34,7 +34,7 @@
             for val in data:
                 self.push(val)
         except TypeError:
-            if data:
+            if not data:
                 self.push(data)
 
     def push(self, val):</pre></div><div class="alert alert-secondary"><pre class="diff">============================= test session starts ==============================
platform linux -- Python 3.10.12, pytest-7.1.3, pluggy-1.0.0
rootdir: /home/lucca/desktop/ic/experimento/testes/python_experiments/stack4
plugins: Faker-15.1.1, hypothesis-6.56.3
collected 67 items

ALL-SMART-GPT-MUTMUT/test_stack4_DYNAMOSA.py FFF.FFFF..FF.FFF            [ 23%]
ALL-SMART-GPT-MUTMUT/test_stack4_MIO.py ..F...FF.FFFFFF.FF.F             [ 53%]
ALL-SMART-GPT-MUTMUT/test_stack4_MOSA.py FFF...FFF.F.F....               [ 79%]
ALL-SMART-GPT-MUTMUT/test_stack4_MUTMUT.py F....                         [ 86%]
ALL-SMART-GPT-MUTMUT/test_stack4_WHOLE_SUITE.py FFFFFFF..                [100%]

=========================== short test summary info ============================
FAILED ALL-SMART-GPT-MUTMUT/test_stack4_DYNAMOSA.py::test_case_0 - assert &lt;st...
FAILED ALL-SMART-GPT-MUTMUT/test_stack4_DYNAMOSA.py::test_case_1 - assert &lt;st...
FAILED ALL-SMART-GPT-MUTMUT/test_stack4_DYNAMOSA.py::test_case_2 - assert &lt;st...
FAILED ALL-SMART-GPT-MUTMUT/test_stack4_DYNAMOSA.py::test_case_4 - assert &lt;st...
FAILED ALL-SMART-GPT-MUTMUT/test_stack4_DYNAMOSA.py::test_case_5 - assert &lt;st...
FAILED ALL-SMART-GPT-MUTMUT/test_stack4_DYNAMOSA.py::test_case_6 - AssertionE...
FAILED ALL-SMART-GPT-MUTMUT/test_stack4_DYNAMOSA.py::test_case_7 - assert &lt;st...
FAILED ALL-SMART-GPT-MUTMUT/test_stack4_DYNAMOSA.py::test_case_10 - Assertion...
FAILED ALL-SMART-GPT-MUTMUT/test_stack4_DYNAMOSA.py::test_case_11 - assert &lt;s...
FAILED ALL-SMART-GPT-MUTMUT/test_stack4_DYNAMOSA.py::test_case_13 - assert &lt;s...
FAILED ALL-SMART-GPT-MUTMUT/test_stack4_DYNAMOSA.py::test_case_14 - Assertion...
FAILED ALL-SMART-GPT-MUTMUT/test_stack4_DYNAMOSA.py::test_case_15 - assert &lt;s...
FAILED ALL-SMART-GPT-MUTMUT/test_stack4_MIO.py::test_case_2 - AssertionError:...
FAILED ALL-SMART-GPT-MUTMUT/test_stack4_MIO.py::test_case_6 - assert &lt;stack4....
FAILED ALL-SMART-GPT-MUTMUT/test_stack4_MIO.py::test_case_7 - assert &lt;stack4....
FAILED ALL-SMART-GPT-MUTMUT/test_stack4_MIO.py::test_case_9 - assert &lt;stack4....
FAILED ALL-SMART-GPT-MUTMUT/test_stack4_MIO.py::test_case_10 - assert &lt;stack4...
FAILED ALL-SMART-GPT-MUTMUT/test_stack4_MIO.py::test_case_11 - assert &lt;stack4...
FAILED ALL-SMART-GPT-MUTMUT/test_stack4_MIO.py::test_case_12 - assert &lt;stack4...
FAILED ALL-SMART-GPT-MUTMUT/test_stack4_MIO.py::test_case_13 - assert &lt;stack4...
FAILED ALL-SMART-GPT-MUTMUT/test_stack4_MIO.py::test_case_14 - assert &lt;stack4...
FAILED ALL-SMART-GPT-MUTMUT/test_stack4_MIO.py::test_case_16 - AssertionError...
FAILED ALL-SMART-GPT-MUTMUT/test_stack4_MIO.py::test_case_17 - assert &lt;stack4...
FAILED ALL-SMART-GPT-MUTMUT/test_stack4_MIO.py::test_case_19 - assert &lt;stack4...
FAILED ALL-SMART-GPT-MUTMUT/test_stack4_MOSA.py::test_case_0 - assert &lt;stack4...
FAILED ALL-SMART-GPT-MUTMUT/test_stack4_MOSA.py::test_case_1 - AssertionError...
FAILED ALL-SMART-GPT-MUTMUT/test_stack4_MOSA.py::test_case_2 - assert &lt;stack4...
FAILED ALL-SMART-GPT-MUTMUT/test_stack4_MOSA.py::test_case_6 - assert &lt;stack4...
FAILED ALL-SMART-GPT-MUTMUT/test_stack4_MOSA.py::test_case_7 - assert &lt;stack4...
FAILED ALL-SMART-GPT-MUTMUT/test_stack4_MOSA.py::test_case_8 - assert &lt;stack4...
FAILED ALL-SMART-GPT-MUTMUT/test_stack4_MOSA.py::test_case_10 - assert &lt;stack...
FAILED ALL-SMART-GPT-MUTMUT/test_stack4_MOSA.py::test_case_12 - assert &lt;stack...
FAILED ALL-SMART-GPT-MUTMUT/test_stack4_MUTMUT.py::test_pop_exception_message
FAILED ALL-SMART-GPT-MUTMUT/test_stack4_WHOLE_SUITE.py::test_case_0 - assert ...
FAILED ALL-SMART-GPT-MUTMUT/test_stack4_WHOLE_SUITE.py::test_case_1 - assert ...
FAILED ALL-SMART-GPT-MUTMUT/test_stack4_WHOLE_SUITE.py::test_case_2 - assert ...
FAILED ALL-SMART-GPT-MUTMUT/test_stack4_WHOLE_SUITE.py::test_case_3 - assert ...
FAILED ALL-SMART-GPT-MUTMUT/test_stack4_WHOLE_SUITE.py::test_case_4 - assert ...
FAILED ALL-SMART-GPT-MUTMUT/test_stack4_WHOLE_SUITE.py::test_case_5 - assert ...
FAILED ALL-SMART-GPT-MUTMUT/test_stack4_WHOLE_SUITE.py::test_case_6 - IndexEr...
======================== 40 failed, 27 passed in 0.23s =========================
</pre></div></div></div></div></div><div class="mb-1" id="job_list___sub_accordion_50"><div class="card"><a data-toggle="collapse" data-target="#job_list___sub_collapse_50_1" aria-expanded="false" aria-controls="job_list___sub_collapse_50_1" href="#" class="job_list___sub_multi_heading"><div role="alert" class="card-header alert-success" id="job_list___sub_heading_50_1"><button class="btn btn-outline-success"><span class="job_id">50 : Job ID 1c06d2cf821b46f7bcd285abf2388c2d</span></button></div></a><div aria-labelledby="job_list___sub_heading_50_1" data-parent="#job_list___sub_accordion_50" class="collapse job_list___sub_multi_collapse" id="job_list___sub_collapse_50_1"><div class="card-body"><div class="work-item"><div class="alert alert-success test-outcome" role="alert"><p>worker outcome: normal</p><p>test outcome: killed</p></div></div><pre class="location"><a href="pycharm://open?file=stack4.py&amp;line=48" class="text-secondary"><button class="btn btn-outline-dark">stack4.py, start pos: (48, 11), end pos: (48, 24)</button></a></pre><pre>operator: core/AddNot, occurrence: 1</pre><div class="alert alert-secondary"><pre class="diff">--- mutation diff ---
--- astack4.py
+++ bstack4.py
@@ -45,7 +45,7 @@
 
     def pop(self):
         """Remove the first value and return it."""
-        if not self.head:
+        if not not self.head:
             raise IndexError('Cannot pop from an empty list')
         to_return = self.head
         self.head = self.head.next</pre></div><div class="alert alert-secondary"><pre class="diff">============================= test session starts ==============================
platform linux -- Python 3.10.12, pytest-7.1.3, pluggy-1.0.0
rootdir: /home/lucca/desktop/ic/experimento/testes/python_experiments/stack4
plugins: Faker-15.1.1, hypothesis-6.56.3
collected 67 items

ALL-SMART-GPT-MUTMUT/test_stack4_DYNAMOSA.py ..F.............            [ 23%]
ALL-SMART-GPT-MUTMUT/test_stack4_MIO.py ....F...............             [ 53%]
ALL-SMART-GPT-MUTMUT/test_stack4_MOSA.py ...F...........F.               [ 79%]
ALL-SMART-GPT-MUTMUT/test_stack4_MUTMUT.py FF...                         [ 86%]
ALL-SMART-GPT-MUTMUT/test_stack4_WHOLE_SUITE.py ...FF.F..                [100%]

=========================== short test summary info ============================
FAILED ALL-SMART-GPT-MUTMUT/test_stack4_DYNAMOSA.py::test_case_2 - IndexError...
FAILED ALL-SMART-GPT-MUTMUT/test_stack4_MIO.py::test_case_4 - IndexError: Can...
FAILED ALL-SMART-GPT-MUTMUT/test_stack4_MOSA.py::test_case_3 - IndexError: Ca...
FAILED ALL-SMART-GPT-MUTMUT/test_stack4_MOSA.py::test_case_15 - IndexError: C...
FAILED ALL-SMART-GPT-MUTMUT/test_stack4_MUTMUT.py::test_pop_exception_message
FAILED ALL-SMART-GPT-MUTMUT/test_stack4_MUTMUT.py::test_pop_method - IndexErr...
FAILED ALL-SMART-GPT-MUTMUT/test_stack4_WHOLE_SUITE.py::test_case_3 - Attribu...
FAILED ALL-SMART-GPT-MUTMUT/test_stack4_WHOLE_SUITE.py::test_case_4 - Attribu...
FAILED ALL-SMART-GPT-MUTMUT/test_stack4_WHOLE_SUITE.py::test_case_6 - IndexEr...
========================= 9 failed, 58 passed in 0.21s =========================
</pre></div></div></div></div></div><div class="mb-1" id="job_list___sub_accordion_51"><div class="card"><a data-toggle="collapse" data-target="#job_list___sub_collapse_51_1" aria-expanded="false" aria-controls="job_list___sub_collapse_51_1" href="#" class="job_list___sub_multi_heading"><div role="alert" class="card-header alert-success" id="job_list___sub_heading_51_1"><button class="btn btn-outline-success"><span class="job_id">51 : Job ID 5d324cd6325342ea9131d5ef9d7008ed</span></button></div></a><div aria-labelledby="job_list___sub_heading_51_1" data-parent="#job_list___sub_accordion_51" class="collapse job_list___sub_multi_collapse" id="job_list___sub_collapse_51_1"><div class="card-body"><div class="work-item"><div class="alert alert-success test-outcome" role="alert"><p>worker outcome: normal</p><p>test outcome: killed</p></div></div><pre class="location"><a href="pycharm://open?file=stack4.py&amp;line=62" class="text-secondary"><button class="btn btn-outline-dark">stack4.py, start pos: (62, 14), end pos: (62, 18)</button></a></pre><pre>operator: core/AddNot, occurrence: 2</pre><div class="alert alert-secondary"><pre class="diff">--- mutation diff ---
--- astack4.py
+++ bstack4.py
@@ -59,7 +59,7 @@
     def search(self, val):
         """Return the node containing val."""
         curr = self.head
-        while curr:
+        while not curr:
             if curr.data == val:
                 return curr
             curr = curr.next</pre></div><div class="alert alert-secondary"><pre class="diff">============================= test session starts ==============================
platform linux -- Python 3.10.12, pytest-7.1.3, pluggy-1.0.0
rootdir: /home/lucca/desktop/ic/experimento/testes/python_experiments/stack4
plugins: Faker-15.1.1, hypothesis-6.56.3
collected 67 items

ALL-SMART-GPT-MUTMUT/test_stack4_DYNAMOSA.py ....F......F..F.            [ 23%]
ALL-SMART-GPT-MUTMUT/test_stack4_MIO.py ......F..F..........             [ 53%]
ALL-SMART-GPT-MUTMUT/test_stack4_MOSA.py ......FF.........               [ 79%]
ALL-SMART-GPT-MUTMUT/test_stack4_MUTMUT.py ..F..                         [ 86%]
ALL-SMART-GPT-MUTMUT/test_stack4_WHOLE_SUITE.py F.F......                [100%]

=========================== short test summary info ============================
FAILED ALL-SMART-GPT-MUTMUT/test_stack4_DYNAMOSA.py::test_case_4 - AssertionE...
FAILED ALL-SMART-GPT-MUTMUT/test_stack4_DYNAMOSA.py::test_case_11 - Attribute...
FAILED ALL-SMART-GPT-MUTMUT/test_stack4_DYNAMOSA.py::test_case_14 - Assertion...
FAILED ALL-SMART-GPT-MUTMUT/test_stack4_MIO.py::test_case_6 - AssertionError:...
FAILED ALL-SMART-GPT-MUTMUT/test_stack4_MIO.py::test_case_9 - AttributeError:...
FAILED ALL-SMART-GPT-MUTMUT/test_stack4_MOSA.py::test_case_6 - AssertionError...
FAILED ALL-SMART-GPT-MUTMUT/test_stack4_MOSA.py::test_case_7 - AttributeError...
FAILED ALL-SMART-GPT-MUTMUT/test_stack4_MUTMUT.py::test_search_method - Attri...
FAILED ALL-SMART-GPT-MUTMUT/test_stack4_WHOLE_SUITE.py::test_case_0 - Attribu...
FAILED ALL-SMART-GPT-MUTMUT/test_stack4_WHOLE_SUITE.py::test_case_2 - Asserti...
======================== 10 failed, 57 passed in 0.21s =========================
</pre></div></div></div></div></div><div class="mb-1" id="job_list___sub_accordion_52"><div class="card"><a data-toggle="collapse" data-target="#job_list___sub_collapse_52_1" aria-expanded="false" aria-controls="job_list___sub_collapse_52_1" href="#" class="job_list___sub_multi_heading"><div role="alert" class="card-header alert-success" id="job_list___sub_heading_52_1"><button class="btn btn-outline-success"><span class="job_id">52 : Job ID 148b54d8826d4e64b3b48dfa742f98fa</span></button></div></a><div aria-labelledby="job_list___sub_heading_52_1" data-parent="#job_list___sub_accordion_52" class="collapse job_list___sub_multi_collapse" id="job_list___sub_collapse_52_1"><div class="card-body"><div class="work-item"><div class="alert alert-success test-outcome" role="alert"><p>worker outcome: normal</p><p>test outcome: killed</p></div></div><pre class="location"><a href="pycharm://open?file=stack4.py&amp;line=63" class="text-secondary"><button class="btn btn-outline-dark">stack4.py, start pos: (63, 15), end pos: (63, 31)</button></a></pre><pre>operator: core/AddNot, occurrence: 3</pre><div class="alert alert-secondary"><pre class="diff">--- mutation diff ---
--- astack4.py
+++ bstack4.py
@@ -60,7 +60,7 @@
         """Return the node containing val."""
         curr = self.head
         while curr:
-            if curr.data == val:
+            if not curr.data == val:
                 return curr
             curr = curr.next
 </pre></div><div class="alert alert-secondary"><pre class="diff">============================= test session starts ==============================
platform linux -- Python 3.10.12, pytest-7.1.3, pluggy-1.0.0
rootdir: /home/lucca/desktop/ic/experimento/testes/python_experiments/stack4
plugins: Faker-15.1.1, hypothesis-6.56.3
collected 67 items

ALL-SMART-GPT-MUTMUT/test_stack4_DYNAMOSA.py ....F.........F.            [ 23%]
ALL-SMART-GPT-MUTMUT/test_stack4_MIO.py ......F.............             [ 53%]
ALL-SMART-GPT-MUTMUT/test_stack4_MOSA.py ......F..........               [ 79%]
ALL-SMART-GPT-MUTMUT/test_stack4_MUTMUT.py ..F..                         [ 86%]
ALL-SMART-GPT-MUTMUT/test_stack4_WHOLE_SUITE.py ..F......                [100%]

=========================== short test summary info ============================
FAILED ALL-SMART-GPT-MUTMUT/test_stack4_DYNAMOSA.py::test_case_4 - AssertionE...
FAILED ALL-SMART-GPT-MUTMUT/test_stack4_DYNAMOSA.py::test_case_14 - Assertion...
FAILED ALL-SMART-GPT-MUTMUT/test_stack4_MIO.py::test_case_6 - AssertionError:...
FAILED ALL-SMART-GPT-MUTMUT/test_stack4_MOSA.py::test_case_6 - AssertionError...
FAILED ALL-SMART-GPT-MUTMUT/test_stack4_MUTMUT.py::test_search_method - Asser...
FAILED ALL-SMART-GPT-MUTMUT/test_stack4_WHOLE_SUITE.py::test_case_2 - Asserti...
========================= 6 failed, 61 passed in 0.21s =========================
</pre></div></div></div></div></div><div class="mb-1" id="job_list___sub_accordion_53"><div class="card"><a data-toggle="collapse" data-target="#job_list___sub_collapse_53_1" aria-expanded="false" aria-controls="job_list___sub_collapse_53_1" href="#" class="job_list___sub_multi_heading"><div role="alert" class="card-header alert-success" id="job_list___sub_heading_53_1"><button class="btn btn-outline-success"><span class="job_id">53 : Job ID a7e6681660df4babade77e7bc4e9c0f0</span></button></div></a><div aria-labelledby="job_list___sub_heading_53_1" data-parent="#job_list___sub_accordion_53" class="collapse job_list___sub_multi_collapse" id="job_list___sub_collapse_53_1"><div class="card-body"><div class="work-item"><div class="alert alert-success test-outcome" role="alert"><p>worker outcome: normal</p><p>test outcome: killed</p></div></div><pre class="location"><a href="pycharm://open?file=stack4.py&amp;line=70" class="text-secondary"><button class="btn btn-outline-dark">stack4.py, start pos: (70, 11), end pos: (70, 41)</button></a></pre><pre>operator: core/AddNot, occurrence: 4</pre><div class="alert alert-secondary"><pre class="diff">--- mutation diff ---
--- astack4.py
+++ bstack4.py
@@ -67,7 +67,7 @@
     def remove(self, val):
         """Remove node from list if exists."""
         curr = self.head
-        if curr and val is self.head.data:
+        if not curr and val is self.head.data:
             self.head = self.head.next
             self._length -= 1
         while curr:</pre></div><div class="alert alert-secondary"><pre class="diff">============================= test session starts ==============================
platform linux -- Python 3.10.12, pytest-7.1.3, pluggy-1.0.0
rootdir: /home/lucca/desktop/ic/experimento/testes/python_experiments/stack4
plugins: Faker-15.1.1, hypothesis-6.56.3
collected 67 items

ALL-SMART-GPT-MUTMUT/test_stack4_DYNAMOSA.py ..F..F.....F..F.            [ 23%]
ALL-SMART-GPT-MUTMUT/test_stack4_MIO.py ............FF......             [ 53%]
ALL-SMART-GPT-MUTMUT/test_stack4_MOSA.py .......FF...F....               [ 79%]
ALL-SMART-GPT-MUTMUT/test_stack4_MUTMUT.py ....F                         [ 86%]
ALL-SMART-GPT-MUTMUT/test_stack4_WHOLE_SUITE.py F........                [100%]

=========================== short test summary info ============================
FAILED ALL-SMART-GPT-MUTMUT/test_stack4_DYNAMOSA.py::test_case_2 - AttributeE...
FAILED ALL-SMART-GPT-MUTMUT/test_stack4_DYNAMOSA.py::test_case_5 - AttributeE...
FAILED ALL-SMART-GPT-MUTMUT/test_stack4_DYNAMOSA.py::test_case_11 - Attribute...
FAILED ALL-SMART-GPT-MUTMUT/test_stack4_DYNAMOSA.py::test_case_14 - assert &lt;s...
FAILED ALL-SMART-GPT-MUTMUT/test_stack4_MIO.py::test_case_12 - assert &lt;stack4...
FAILED ALL-SMART-GPT-MUTMUT/test_stack4_MIO.py::test_case_13 - AttributeError...
FAILED ALL-SMART-GPT-MUTMUT/test_stack4_MOSA.py::test_case_7 - AttributeError...
FAILED ALL-SMART-GPT-MUTMUT/test_stack4_MOSA.py::test_case_8 - AttributeError...
FAILED ALL-SMART-GPT-MUTMUT/test_stack4_MOSA.py::test_case_12 - AttributeErro...
FAILED ALL-SMART-GPT-MUTMUT/test_stack4_MUTMUT.py::test_remove_head_from_linked_list
FAILED ALL-SMART-GPT-MUTMUT/test_stack4_WHOLE_SUITE.py::test_case_0 - Attribu...
======================== 11 failed, 56 passed in 0.21s =========================
</pre></div></div></div></div></div><div class="mb-1" id="job_list___sub_accordion_54"><div class="card"><a data-toggle="collapse" data-target="#job_list___sub_collapse_54_1" aria-expanded="false" aria-controls="job_list___sub_collapse_54_1" href="#" class="job_list___sub_multi_heading"><div role="alert" class="card-header alert-success" id="job_list___sub_heading_54_1"><button class="btn btn-outline-success"><span class="job_id">54 : Job ID 30783e4f8d4746768080c1f6f15a85c3</span></button></div></a><div aria-labelledby="job_list___sub_heading_54_1" data-parent="#job_list___sub_accordion_54" class="collapse job_list___sub_multi_collapse" id="job_list___sub_collapse_54_1"><div class="card-body"><div class="work-item"><div class="alert alert-success test-outcome" role="alert"><p>worker outcome: normal</p><p>test outcome: killed</p></div></div><pre class="location"><a href="pycharm://open?file=stack4.py&amp;line=73" class="text-secondary"><button class="btn btn-outline-dark">stack4.py, start pos: (73, 14), end pos: (73, 18)</button></a></pre><pre>operator: core/AddNot, occurrence: 5</pre><div class="alert alert-secondary"><pre class="diff">--- mutation diff ---
--- astack4.py
+++ bstack4.py
@@ -70,7 +70,7 @@
         if curr and val is self.head.data:
             self.head = self.head.next
             self._length -= 1
-        while curr:
+        while not curr:
             if (curr.next and curr.next.data == val):
                 curr.next = curr.next.next
                 self._length -= 1</pre></div><div class="alert alert-secondary"><pre class="diff">============================= test session starts ==============================
platform linux -- Python 3.10.12, pytest-7.1.3, pluggy-1.0.0
rootdir: /home/lucca/desktop/ic/experimento/testes/python_experiments/stack4
plugins: Faker-15.1.1, hypothesis-6.56.3
collected 67 items

ALL-SMART-GPT-MUTMUT/test_stack4_DYNAMOSA.py ..F..F.....F....            [ 23%]
ALL-SMART-GPT-MUTMUT/test_stack4_MIO.py .............F......             [ 53%]
ALL-SMART-GPT-MUTMUT/test_stack4_MOSA.py .......FF...F....               [ 79%]
ALL-SMART-GPT-MUTMUT/test_stack4_MUTMUT.py ...F.                         [ 86%]
ALL-SMART-GPT-MUTMUT/test_stack4_WHOLE_SUITE.py F........                [100%]

=========================== short test summary info ============================
FAILED ALL-SMART-GPT-MUTMUT/test_stack4_DYNAMOSA.py::test_case_2 - AttributeE...
FAILED ALL-SMART-GPT-MUTMUT/test_stack4_DYNAMOSA.py::test_case_5 - AttributeE...
FAILED ALL-SMART-GPT-MUTMUT/test_stack4_DYNAMOSA.py::test_case_11 - Attribute...
FAILED ALL-SMART-GPT-MUTMUT/test_stack4_MIO.py::test_case_13 - AttributeError...
FAILED ALL-SMART-GPT-MUTMUT/test_stack4_MOSA.py::test_case_7 - AttributeError...
FAILED ALL-SMART-GPT-MUTMUT/test_stack4_MOSA.py::test_case_8 - AttributeError...
FAILED ALL-SMART-GPT-MUTMUT/test_stack4_MOSA.py::test_case_12 - AttributeErro...
FAILED ALL-SMART-GPT-MUTMUT/test_stack4_MUTMUT.py::test_remove_from_linked_list
FAILED ALL-SMART-GPT-MUTMUT/test_stack4_WHOLE_SUITE.py::test_case_0 - Attribu...
========================= 9 failed, 58 passed in 0.21s =========================
</pre></div></div></div></div></div><div class="mb-1" id="job_list___sub_accordion_55"><div class="card"><a data-toggle="collapse" data-target="#job_list___sub_collapse_55_1" aria-expanded="false" aria-controls="job_list___sub_collapse_55_1" href="#" class="job_list___sub_multi_heading"><div role="alert" class="card-header alert-success" id="job_list___sub_heading_55_1"><button class="btn btn-outline-success"><span class="job_id">55 : Job ID 6435eb9439144a509e9c2c8741a8198b</span></button></div></a><div aria-labelledby="job_list___sub_heading_55_1" data-parent="#job_list___sub_accordion_55" class="collapse job_list___sub_multi_collapse" id="job_list___sub_collapse_55_1"><div class="card-body"><div class="work-item"><div class="alert alert-success test-outcome" role="alert"><p>worker outcome: normal</p><p>test outcome: killed</p></div></div><pre class="location"><a href="pycharm://open?file=stack4.py&amp;line=74" class="text-secondary"><button class="btn btn-outline-dark">stack4.py, start pos: (74, 15), end pos: (74, 52)</button></a></pre><pre>operator: core/AddNot, occurrence: 6</pre><div class="alert alert-secondary"><pre class="diff">--- mutation diff ---
--- astack4.py
+++ bstack4.py
@@ -71,7 +71,7 @@
             self.head = self.head.next
             self._length -= 1
         while curr:
-            if (curr.next and curr.next.data == val):
+            if not (curr.next and curr.next.data == val):
                 curr.next = curr.next.next
                 self._length -= 1
             curr = curr.next</pre></div><div class="alert alert-secondary"><pre class="diff">============================= test session starts ==============================
platform linux -- Python 3.10.12, pytest-7.1.3, pluggy-1.0.0
rootdir: /home/lucca/desktop/ic/experimento/testes/python_experiments/stack4
plugins: Faker-15.1.1, hypothesis-6.56.3
collected 67 items

ALL-SMART-GPT-MUTMUT/test_stack4_DYNAMOSA.py ..........FF.FFF            [ 23%]
ALL-SMART-GPT-MUTMUT/test_stack4_MIO.py ..........FFF.......             [ 53%]
ALL-SMART-GPT-MUTMUT/test_stack4_MOSA.py ...FFF...F....F.F               [ 79%]
ALL-SMART-GPT-MUTMUT/test_stack4_MUTMUT.py ...FF                         [ 86%]
ALL-SMART-GPT-MUTMUT/test_stack4_WHOLE_SUITE.py F....F...                [100%]

=========================== short test summary info ============================
FAILED ALL-SMART-GPT-MUTMUT/test_stack4_DYNAMOSA.py::test_case_10 - Attribute...
FAILED ALL-SMART-GPT-MUTMUT/test_stack4_DYNAMOSA.py::test_case_11 - Attribute...
FAILED ALL-SMART-GPT-MUTMUT/test_stack4_DYNAMOSA.py::test_case_13 - Attribute...
FAILED ALL-SMART-GPT-MUTMUT/test_stack4_DYNAMOSA.py::test_case_14 - Attribute...
FAILED ALL-SMART-GPT-MUTMUT/test_stack4_DYNAMOSA.py::test_case_15 - Attribute...
FAILED ALL-SMART-GPT-MUTMUT/test_stack4_MIO.py::test_case_10 - AttributeError...
FAILED ALL-SMART-GPT-MUTMUT/test_stack4_MIO.py::test_case_11 - AttributeError...
FAILED ALL-SMART-GPT-MUTMUT/test_stack4_MIO.py::test_case_12 - AttributeError...
FAILED ALL-SMART-GPT-MUTMUT/test_stack4_MOSA.py::test_case_3 - AttributeError...
FAILED ALL-SMART-GPT-MUTMUT/test_stack4_MOSA.py::test_case_4 - AttributeError...
FAILED ALL-SMART-GPT-MUTMUT/test_stack4_MOSA.py::test_case_5 - AttributeError...
FAILED ALL-SMART-GPT-MUTMUT/test_stack4_MOSA.py::test_case_9 - AttributeError...
FAILED ALL-SMART-GPT-MUTMUT/test_stack4_MOSA.py::test_case_14 - AttributeErro...
FAILED ALL-SMART-GPT-MUTMUT/test_stack4_MOSA.py::test_case_16 - AttributeErro...
FAILED ALL-SMART-GPT-MUTMUT/test_stack4_MUTMUT.py::test_remove_from_linked_list
FAILED ALL-SMART-GPT-MUTMUT/test_stack4_MUTMUT.py::test_remove_head_from_linked_list
FAILED ALL-SMART-GPT-MUTMUT/test_stack4_WHOLE_SUITE.py::test_case_0 - Attribu...
FAILED ALL-SMART-GPT-MUTMUT/test_stack4_WHOLE_SUITE.py::test_case_5 - Attribu...
======================== 18 failed, 49 passed in 0.22s =========================
</pre></div></div></div></div></div><div class="mb-1" id="job_list___sub_accordion_56"><div class="card"><a data-toggle="collapse" data-target="#job_list___sub_collapse_56_1" aria-expanded="false" aria-controls="job_list___sub_collapse_56_1" href="#" class="job_list___sub_multi_heading"><div role="alert" class="card-header alert-success" id="job_list___sub_heading_56_1"><button class="btn btn-outline-success"><span class="job_id">56 : Job ID 51414c87af6e490aacea5150d51f3ed5</span></button></div></a><div aria-labelledby="job_list___sub_heading_56_1" data-parent="#job_list___sub_accordion_56" class="collapse job_list___sub_multi_collapse" id="job_list___sub_collapse_56_1"><div class="card-body"><div class="work-item"><div class="alert alert-success test-outcome" role="alert"><p>worker outcome: normal</p><p>test outcome: killed</p></div></div><pre class="location"><a href="pycharm://open?file=stack4.py&amp;line=83" class="text-secondary"><button class="btn btn-outline-dark">stack4.py, start pos: (83, 14), end pos: (83, 18)</button></a></pre><pre>operator: core/AddNot, occurrence: 7</pre><div class="alert alert-secondary"><pre class="diff">--- mutation diff ---
--- astack4.py
+++ bstack4.py
@@ -80,7 +80,7 @@
         """Display list as a tuple."""
         curr = self.head
         display = '('
-        while curr:
+        while not curr:
             display += str(curr.data) + ', '
             curr = curr.next
         return display[:-2] + ')'</pre></div><div class="alert alert-secondary"><pre class="diff">============================= test session starts ==============================
platform linux -- Python 3.10.12, pytest-7.1.3, pluggy-1.0.0
rootdir: /home/lucca/desktop/ic/experimento/testes/python_experiments/stack4
plugins: Faker-15.1.1, hypothesis-6.56.3
collected 67 items

ALL-SMART-GPT-MUTMUT/test_stack4_DYNAMOSA.py ......FF....F...            [ 23%]
ALL-SMART-GPT-MUTMUT/test_stack4_MIO.py ...............F.F..             [ 53%]
ALL-SMART-GPT-MUTMUT/test_stack4_MOSA.py .F.FFF...FF......               [ 79%]
ALL-SMART-GPT-MUTMUT/test_stack4_MUTMUT.py ...FF                         [ 86%]
ALL-SMART-GPT-MUTMUT/test_stack4_WHOLE_SUITE.py F.F......                [100%]

=========================== short test summary info ============================
FAILED ALL-SMART-GPT-MUTMUT/test_stack4_DYNAMOSA.py::test_case_6 - AssertionE...
FAILED ALL-SMART-GPT-MUTMUT/test_stack4_DYNAMOSA.py::test_case_7 - AttributeE...
FAILED ALL-SMART-GPT-MUTMUT/test_stack4_DYNAMOSA.py::test_case_12 - Assertion...
FAILED ALL-SMART-GPT-MUTMUT/test_stack4_MIO.py::test_case_15 - AssertionError...
FAILED ALL-SMART-GPT-MUTMUT/test_stack4_MIO.py::test_case_17 - AttributeError...
FAILED ALL-SMART-GPT-MUTMUT/test_stack4_MOSA.py::test_case_1 - AssertionError...
FAILED ALL-SMART-GPT-MUTMUT/test_stack4_MOSA.py::test_case_3 - AssertionError...
FAILED ALL-SMART-GPT-MUTMUT/test_stack4_MOSA.py::test_case_4 - AssertionError...
FAILED ALL-SMART-GPT-MUTMUT/test_stack4_MOSA.py::test_case_5 - AssertionError...
FAILED ALL-SMART-GPT-MUTMUT/test_stack4_MOSA.py::test_case_9 - AssertionError...
FAILED ALL-SMART-GPT-MUTMUT/test_stack4_MOSA.py::test_case_10 - AttributeErro...
FAILED ALL-SMART-GPT-MUTMUT/test_stack4_MUTMUT.py::test_remove_from_linked_list
FAILED ALL-SMART-GPT-MUTMUT/test_stack4_MUTMUT.py::test_remove_head_from_linked_list
FAILED ALL-SMART-GPT-MUTMUT/test_stack4_WHOLE_SUITE.py::test_case_0 - Attribu...
FAILED ALL-SMART-GPT-MUTMUT/test_stack4_WHOLE_SUITE.py::test_case_2 - Attribu...
======================== 15 failed, 52 passed in 0.22s =========================
</pre></div></div></div></div></div><div class="mb-1" id="job_list___sub_accordion_57"><div class="card"><a data-toggle="collapse" data-target="#job_list___sub_collapse_57_1" aria-expanded="false" aria-controls="job_list___sub_collapse_57_1" href="#" class="job_list___sub_multi_heading"><div role="alert" class="card-header alert-success" id="job_list___sub_heading_57_1"><button class="btn btn-outline-success"><span class="job_id">57 : Job ID 4ea4b604fdf54d468b0f80e40279cd48</span></button></div></a><div aria-labelledby="job_list___sub_heading_57_1" data-parent="#job_list___sub_accordion_57" class="collapse job_list___sub_multi_collapse" id="job_list___sub_collapse_57_1"><div class="card-body"><div class="work-item"><div class="alert alert-success test-outcome" role="alert"><p>worker outcome: normal</p><p>test outcome: killed</p></div></div><pre class="location"><a href="pycharm://open?file=stack4.py&amp;line=70" class="text-secondary"><button class="btn btn-outline-dark">stack4.py, start pos: (70, 16), end pos: (70, 19)</button></a></pre><pre>operator: core/ReplaceAndWithOr, occurrence: 0</pre><div class="alert alert-secondary"><pre class="diff">--- mutation diff ---
--- astack4.py
+++ bstack4.py
@@ -67,7 +67,7 @@
     def remove(self, val):
         """Remove node from list if exists."""
         curr = self.head
-        if curr and val is self.head.data:
+        if curr or val is self.head.data:
             self.head = self.head.next
             self._length -= 1
         while curr:</pre></div><div class="alert alert-secondary"><pre class="diff">============================= test session starts ==============================
platform linux -- Python 3.10.12, pytest-7.1.3, pluggy-1.0.0
rootdir: /home/lucca/desktop/ic/experimento/testes/python_experiments/stack4
plugins: Faker-15.1.1, hypothesis-6.56.3
collected 67 items

ALL-SMART-GPT-MUTMUT/test_stack4_DYNAMOSA.py ..F..F.....F...F            [ 23%]
ALL-SMART-GPT-MUTMUT/test_stack4_MIO.py .............F......             [ 53%]
ALL-SMART-GPT-MUTMUT/test_stack4_MOSA.py ...F...FF...F....               [ 79%]
ALL-SMART-GPT-MUTMUT/test_stack4_MUTMUT.py ...F.                         [ 86%]
ALL-SMART-GPT-MUTMUT/test_stack4_WHOLE_SUITE.py F........                [100%]

=========================== short test summary info ============================
FAILED ALL-SMART-GPT-MUTMUT/test_stack4_DYNAMOSA.py::test_case_2 - AttributeE...
FAILED ALL-SMART-GPT-MUTMUT/test_stack4_DYNAMOSA.py::test_case_5 - AttributeE...
FAILED ALL-SMART-GPT-MUTMUT/test_stack4_DYNAMOSA.py::test_case_11 - Attribute...
FAILED ALL-SMART-GPT-MUTMUT/test_stack4_DYNAMOSA.py::test_case_15 - Attribute...
FAILED ALL-SMART-GPT-MUTMUT/test_stack4_MIO.py::test_case_13 - AttributeError...
FAILED ALL-SMART-GPT-MUTMUT/test_stack4_MOSA.py::test_case_3 - AssertionError...
FAILED ALL-SMART-GPT-MUTMUT/test_stack4_MOSA.py::test_case_7 - AttributeError...
FAILED ALL-SMART-GPT-MUTMUT/test_stack4_MOSA.py::test_case_8 - AttributeError...
FAILED ALL-SMART-GPT-MUTMUT/test_stack4_MOSA.py::test_case_12 - AttributeErro...
FAILED ALL-SMART-GPT-MUTMUT/test_stack4_MUTMUT.py::test_remove_from_linked_list
FAILED ALL-SMART-GPT-MUTMUT/test_stack4_WHOLE_SUITE.py::test_case_0 - Attribu...
======================== 11 failed, 56 passed in 0.21s =========================
</pre></div></div></div></div></div><div class="mb-1" id="job_list___sub_accordion_58"><div class="card"><a data-toggle="collapse" data-target="#job_list___sub_collapse_58_1" aria-expanded="false" aria-controls="job_list___sub_collapse_58_1" href="#" class="job_list___sub_multi_heading"><div role="alert" class="card-header alert-success" id="job_list___sub_heading_58_1"><button class="btn btn-outline-success"><span class="job_id">58 : Job ID 9befaa34379b4724a57a601118c4cfda</span></button></div></a><div aria-labelledby="job_list___sub_heading_58_1" data-parent="#job_list___sub_accordion_58" class="collapse job_list___sub_multi_collapse" id="job_list___sub_collapse_58_1"><div class="card-body"><div class="work-item"><div class="alert alert-success test-outcome" role="alert"><p>worker outcome: normal</p><p>test outcome: killed</p></div></div><pre class="location"><a href="pycharm://open?file=stack4.py&amp;line=74" class="text-secondary"><button class="btn btn-outline-dark">stack4.py, start pos: (74, 26), end pos: (74, 29)</button></a></pre><pre>operator: core/ReplaceAndWithOr, occurrence: 1</pre><div class="alert alert-secondary"><pre class="diff">--- mutation diff ---
--- astack4.py
+++ bstack4.py
@@ -71,7 +71,7 @@
             self.head = self.head.next
             self._length -= 1
         while curr:
-            if (curr.next and curr.next.data == val):
+            if (curr.next or curr.next.data == val):
                 curr.next = curr.next.next
                 self._length -= 1
             curr = curr.next</pre></div><div class="alert alert-secondary"><pre class="diff">============================= test session starts ==============================
platform linux -- Python 3.10.12, pytest-7.1.3, pluggy-1.0.0
rootdir: /home/lucca/desktop/ic/experimento/testes/python_experiments/stack4
plugins: Faker-15.1.1, hypothesis-6.56.3
collected 67 items

ALL-SMART-GPT-MUTMUT/test_stack4_DYNAMOSA.py ..........FF.FFF            [ 23%]
ALL-SMART-GPT-MUTMUT/test_stack4_MIO.py ...........FF.......             [ 53%]
ALL-SMART-GPT-MUTMUT/test_stack4_MOSA.py ...FFF...F....F.F               [ 79%]
ALL-SMART-GPT-MUTMUT/test_stack4_MUTMUT.py ...FF                         [ 86%]
ALL-SMART-GPT-MUTMUT/test_stack4_WHOLE_SUITE.py .....F...                [100%]

=========================== short test summary info ============================
FAILED ALL-SMART-GPT-MUTMUT/test_stack4_DYNAMOSA.py::test_case_10 - Attribute...
FAILED ALL-SMART-GPT-MUTMUT/test_stack4_DYNAMOSA.py::test_case_11 - Attribute...
FAILED ALL-SMART-GPT-MUTMUT/test_stack4_DYNAMOSA.py::test_case_13 - Attribute...
FAILED ALL-SMART-GPT-MUTMUT/test_stack4_DYNAMOSA.py::test_case_14 - Attribute...
FAILED ALL-SMART-GPT-MUTMUT/test_stack4_DYNAMOSA.py::test_case_15 - Attribute...
FAILED ALL-SMART-GPT-MUTMUT/test_stack4_MIO.py::test_case_11 - AttributeError...
FAILED ALL-SMART-GPT-MUTMUT/test_stack4_MIO.py::test_case_12 - AttributeError...
FAILED ALL-SMART-GPT-MUTMUT/test_stack4_MOSA.py::test_case_3 - AttributeError...
FAILED ALL-SMART-GPT-MUTMUT/test_stack4_MOSA.py::test_case_4 - AttributeError...
FAILED ALL-SMART-GPT-MUTMUT/test_stack4_MOSA.py::test_case_5 - AttributeError...
FAILED ALL-SMART-GPT-MUTMUT/test_stack4_MOSA.py::test_case_9 - AttributeError...
FAILED ALL-SMART-GPT-MUTMUT/test_stack4_MOSA.py::test_case_14 - AttributeErro...
FAILED ALL-SMART-GPT-MUTMUT/test_stack4_MOSA.py::test_case_16 - AttributeErro...
FAILED ALL-SMART-GPT-MUTMUT/test_stack4_MUTMUT.py::test_remove_from_linked_list
FAILED ALL-SMART-GPT-MUTMUT/test_stack4_MUTMUT.py::test_remove_head_from_linked_list
FAILED ALL-SMART-GPT-MUTMUT/test_stack4_WHOLE_SUITE.py::test_case_5 - Attribu...
======================== 16 failed, 51 passed in 0.22s =========================
</pre></div></div></div></div></div><div class="mb-1" id="job_list___sub_accordion_59"><div class="card"><a data-toggle="collapse" data-target="#job_list___sub_collapse_59_1" aria-expanded="false" aria-controls="job_list___sub_collapse_59_1" href="#" class="job_list___sub_multi_heading"><div role="alert" class="card-header alert-success" id="job_list___sub_heading_59_1"><button class="btn btn-outline-success"><span class="job_id">59 : Job ID a9c736689548407197ba283db5d9deb5</span></button></div></a><div aria-labelledby="job_list___sub_heading_59_1" data-parent="#job_list___sub_accordion_59" class="collapse job_list___sub_multi_collapse" id="job_list___sub_collapse_59_1"><div class="card-body"><div class="work-item"><div class="alert alert-success test-outcome" role="alert"><p>worker outcome: normal</p><p>test outcome: killed</p></div></div><pre class="location"><a href="pycharm://open?file=stack4.py&amp;line=36" class="text-secondary"><button class="btn btn-outline-dark">stack4.py, start pos: (36, 15), end pos: (36, 24)</button></a></pre><pre>operator: core/ExceptionReplacer, occurrence: 0</pre><div class="alert alert-secondary"><pre class="diff">--- mutation diff ---
--- astack4.py
+++ bstack4.py
@@ -33,7 +33,7 @@
         try:
             for val in data:
                 self.push(val)
-        except TypeError:
+        except CosmicRayTestingException:
             if data:
                 self.push(data)
 </pre></div><div class="alert alert-secondary"><pre class="diff">============================= test session starts ==============================
platform linux -- Python 3.10.12, pytest-7.1.3, pluggy-1.0.0
rootdir: /home/lucca/desktop/ic/experimento/testes/python_experiments/stack4
plugins: Faker-15.1.1, hypothesis-6.56.3
collected 67 items

ALL-SMART-GPT-MUTMUT/test_stack4_DYNAMOSA.py FFFFFFFFFFFF.FFF            [ 23%]
ALL-SMART-GPT-MUTMUT/test_stack4_MIO.py ..FFFFFF.FFFFFF.FFFF             [ 53%]
ALL-SMART-GPT-MUTMUT/test_stack4_MOSA.py FFFFF.FFFFFFFFF.F               [ 79%]
ALL-SMART-GPT-MUTMUT/test_stack4_MUTMUT.py F.F..                         [ 86%]
ALL-SMART-GPT-MUTMUT/test_stack4_WHOLE_SUITE.py FFFFFFFFF                [100%]

=========================== short test summary info ============================
FAILED ALL-SMART-GPT-MUTMUT/test_stack4_DYNAMOSA.py::test_case_0 - NameError:...
FAILED ALL-SMART-GPT-MUTMUT/test_stack4_DYNAMOSA.py::test_case_1 - NameError:...
FAILED ALL-SMART-GPT-MUTMUT/test_stack4_DYNAMOSA.py::test_case_2 - NameError:...
FAILED ALL-SMART-GPT-MUTMUT/test_stack4_DYNAMOSA.py::test_case_3 - NameError:...
FAILED ALL-SMART-GPT-MUTMUT/test_stack4_DYNAMOSA.py::test_case_4 - NameError:...
FAILED ALL-SMART-GPT-MUTMUT/test_stack4_DYNAMOSA.py::test_case_5 - NameError:...
FAILED ALL-SMART-GPT-MUTMUT/test_stack4_DYNAMOSA.py::test_case_6 - NameError:...
FAILED ALL-SMART-GPT-MUTMUT/test_stack4_DYNAMOSA.py::test_case_7 - NameError:...
FAILED ALL-SMART-GPT-MUTMUT/test_stack4_DYNAMOSA.py::test_case_8 - NameError:...
FAILED ALL-SMART-GPT-MUTMUT/test_stack4_DYNAMOSA.py::test_case_9 - NameError:...
FAILED ALL-SMART-GPT-MUTMUT/test_stack4_DYNAMOSA.py::test_case_10 - NameError...
FAILED ALL-SMART-GPT-MUTMUT/test_stack4_DYNAMOSA.py::test_case_11 - NameError...
FAILED ALL-SMART-GPT-MUTMUT/test_stack4_DYNAMOSA.py::test_case_13 - NameError...
FAILED ALL-SMART-GPT-MUTMUT/test_stack4_DYNAMOSA.py::test_case_14 - NameError...
FAILED ALL-SMART-GPT-MUTMUT/test_stack4_DYNAMOSA.py::test_case_15 - NameError...
FAILED ALL-SMART-GPT-MUTMUT/test_stack4_MIO.py::test_case_2 - NameError: name...
FAILED ALL-SMART-GPT-MUTMUT/test_stack4_MIO.py::test_case_3 - NameError: name...
FAILED ALL-SMART-GPT-MUTMUT/test_stack4_MIO.py::test_case_4 - NameError: name...
FAILED ALL-SMART-GPT-MUTMUT/test_stack4_MIO.py::test_case_5 - NameError: name...
FAILED ALL-SMART-GPT-MUTMUT/test_stack4_MIO.py::test_case_6 - NameError: name...
FAILED ALL-SMART-GPT-MUTMUT/test_stack4_MIO.py::test_case_7 - NameError: name...
FAILED ALL-SMART-GPT-MUTMUT/test_stack4_MIO.py::test_case_9 - NameError: name...
FAILED ALL-SMART-GPT-MUTMUT/test_stack4_MIO.py::test_case_10 - NameError: nam...
FAILED ALL-SMART-GPT-MUTMUT/test_stack4_MIO.py::test_case_11 - NameError: nam...
FAILED ALL-SMART-GPT-MUTMUT/test_stack4_MIO.py::test_case_12 - NameError: nam...
FAILED ALL-SMART-GPT-MUTMUT/test_stack4_MIO.py::test_case_13 - NameError: nam...
FAILED ALL-SMART-GPT-MUTMUT/test_stack4_MIO.py::test_case_14 - NameError: nam...
FAILED ALL-SMART-GPT-MUTMUT/test_stack4_MIO.py::test_case_16 - NameError: nam...
FAILED ALL-SMART-GPT-MUTMUT/test_stack4_MIO.py::test_case_17 - NameError: nam...
FAILED ALL-SMART-GPT-MUTMUT/test_stack4_MIO.py::test_case_18 - NameError: nam...
FAILED ALL-SMART-GPT-MUTMUT/test_stack4_MIO.py::test_case_19 - NameError: nam...
FAILED ALL-SMART-GPT-MUTMUT/test_stack4_MOSA.py::test_case_0 - NameError: nam...
FAILED ALL-SMART-GPT-MUTMUT/test_stack4_MOSA.py::test_case_1 - NameError: nam...
FAILED ALL-SMART-GPT-MUTMUT/test_stack4_MOSA.py::test_case_2 - NameError: nam...
FAILED ALL-SMART-GPT-MUTMUT/test_stack4_MOSA.py::test_case_3 - NameError: nam...
FAILED ALL-SMART-GPT-MUTMUT/test_stack4_MOSA.py::test_case_4 - NameError: nam...
FAILED ALL-SMART-GPT-MUTMUT/test_stack4_MOSA.py::test_case_6 - NameError: nam...
FAILED ALL-SMART-GPT-MUTMUT/test_stack4_MOSA.py::test_case_7 - NameError: nam...
FAILED ALL-SMART-GPT-MUTMUT/test_stack4_MOSA.py::test_case_8 - NameError: nam...
FAILED ALL-SMART-GPT-MUTMUT/test_stack4_MOSA.py::test_case_9 - NameError: nam...
FAILED ALL-SMART-GPT-MUTMUT/test_stack4_MOSA.py::test_case_10 - NameError: na...
FAILED ALL-SMART-GPT-MUTMUT/test_stack4_MOSA.py::test_case_11 - NameError: na...
FAILED ALL-SMART-GPT-MUTMUT/test_stack4_MOSA.py::test_case_12 - NameError: na...
FAILED ALL-SMART-GPT-MUTMUT/test_stack4_MOSA.py::test_case_13 - NameError: na...
FAILED ALL-SMART-GPT-MUTMUT/test_stack4_MOSA.py::test_case_14 - NameError: na...
FAILED ALL-SMART-GPT-MUTMUT/test_stack4_MOSA.py::test_case_16 - NameError: na...
FAILED ALL-SMART-GPT-MUTMUT/test_stack4_MUTMUT.py::test_pop_exception_message
FAILED ALL-SMART-GPT-MUTMUT/test_stack4_MUTMUT.py::test_search_method - NameE...
FAILED ALL-SMART-GPT-MUTMUT/test_stack4_WHOLE_SUITE.py::test_case_0 - NameErr...
FAILED ALL-SMART-GPT-MUTMUT/test_stack4_WHOLE_SUITE.py::test_case_1 - NameErr...
FAILED ALL-SMART-GPT-MUTMUT/test_stack4_WHOLE_SUITE.py::test_case_2 - NameErr...
FAILED ALL-SMART-GPT-MUTMUT/test_stack4_WHOLE_SUITE.py::test_case_3 - NameErr...
FAILED ALL-SMART-GPT-MUTMUT/test_stack4_WHOLE_SUITE.py::test_case_4 - NameErr...
FAILED ALL-SMART-GPT-MUTMUT/test_stack4_WHOLE_SUITE.py::test_case_5 - NameErr...
FAILED ALL-SMART-GPT-MUTMUT/test_stack4_WHOLE_SUITE.py::test_case_6 - NameErr...
FAILED ALL-SMART-GPT-MUTMUT/test_stack4_WHOLE_SUITE.py::test_case_7 - NameErr...
FAILED ALL-SMART-GPT-MUTMUT/test_stack4_WHOLE_SUITE.py::test_case_8 - NameErr...
======================== 57 failed, 10 passed in 0.24s =========================
</pre></div></div></div></div></div><div class="mb-1" id="job_list___sub_accordion_60"><div class="card"><a data-toggle="collapse" data-target="#job_list___sub_collapse_60_1" aria-expanded="false" aria-controls="job_list___sub_collapse_60_1" href="#" class="job_list___sub_multi_heading"><div role="alert" class="card-header alert-success" id="job_list___sub_heading_60_1"><button class="btn btn-outline-success"><span class="job_id">60 : Job ID 4f8144e007c344c1b7f2b27981abd333</span></button></div></a><div aria-labelledby="job_list___sub_heading_60_1" data-parent="#job_list___sub_accordion_60" class="collapse job_list___sub_multi_collapse" id="job_list___sub_collapse_60_1"><div class="card-body"><div class="work-item"><div class="alert alert-success test-outcome" role="alert"><p>worker outcome: normal</p><p>test outcome: killed</p></div></div><pre class="location"><a href="pycharm://open?file=stack4.py&amp;line=31" class="text-secondary"><button class="btn btn-outline-dark">stack4.py, start pos: (31, 23), end pos: (31, 24)</button></a></pre><pre>operator: core/NumberReplacer, occurrence: 0</pre><div class="alert alert-secondary"><pre class="diff">--- mutation diff ---
--- astack4.py
+++ bstack4.py
@@ -28,7 +28,7 @@
 
     def __init__(self, data=None):
         """Linked list initialized with head."""
-        self._length = 0
+        self._length = 1
         self.head = None
         try:
             for val in data:</pre></div><div class="alert alert-secondary"><pre class="diff">============================= test session starts ==============================
platform linux -- Python 3.10.12, pytest-7.1.3, pluggy-1.0.0
rootdir: /home/lucca/desktop/ic/experimento/testes/python_experiments/stack4
plugins: Faker-15.1.1, hypothesis-6.56.3
collected 67 items

ALL-SMART-GPT-MUTMUT/test_stack4_DYNAMOSA.py .....F......F...            [ 23%]
ALL-SMART-GPT-MUTMUT/test_stack4_MIO.py ...................F             [ 53%]
ALL-SMART-GPT-MUTMUT/test_stack4_MOSA.py ............F....               [ 79%]
ALL-SMART-GPT-MUTMUT/test_stack4_MUTMUT.py .F.FF                         [ 86%]
ALL-SMART-GPT-MUTMUT/test_stack4_WHOLE_SUITE.py ...F.....                [100%]

=========================== short test summary info ============================
FAILED ALL-SMART-GPT-MUTMUT/test_stack4_DYNAMOSA.py::test_case_5 - assert 1 == 0
FAILED ALL-SMART-GPT-MUTMUT/test_stack4_DYNAMOSA.py::test_case_12 - assert 4 ...
FAILED ALL-SMART-GPT-MUTMUT/test_stack4_MIO.py::test_case_19 - assert 1 == 0
FAILED ALL-SMART-GPT-MUTMUT/test_stack4_MOSA.py::test_case_12 - assert 1 == 0
FAILED ALL-SMART-GPT-MUTMUT/test_stack4_MUTMUT.py::test_pop_method - assert 6...
FAILED ALL-SMART-GPT-MUTMUT/test_stack4_MUTMUT.py::test_remove_from_linked_list
FAILED ALL-SMART-GPT-MUTMUT/test_stack4_MUTMUT.py::test_remove_head_from_linked_list
FAILED ALL-SMART-GPT-MUTMUT/test_stack4_WHOLE_SUITE.py::test_case_3 - assert ...
========================= 8 failed, 59 passed in 0.21s =========================
</pre></div></div></div></div></div><div class="mb-1" id="job_list___sub_accordion_61"><div class="card"><a data-toggle="collapse" data-target="#job_list___sub_collapse_61_1" aria-expanded="false" aria-controls="job_list___sub_collapse_61_1" href="#" class="job_list___sub_multi_heading"><div role="alert" class="card-header alert-success" id="job_list___sub_heading_61_1"><button class="btn btn-outline-success"><span class="job_id">61 : Job ID e03d7687f79e47db8cef154562251bf9</span></button></div></a><div aria-labelledby="job_list___sub_heading_61_1" data-parent="#job_list___sub_accordion_61" class="collapse job_list___sub_multi_collapse" id="job_list___sub_collapse_61_1"><div class="card-body"><div class="work-item"><div class="alert alert-success test-outcome" role="alert"><p>worker outcome: normal</p><p>test outcome: killed</p></div></div><pre class="location"><a href="pycharm://open?file=stack4.py&amp;line=31" class="text-secondary"><button class="btn btn-outline-dark">stack4.py, start pos: (31, 23), end pos: (31, 24)</button></a></pre><pre>operator: core/NumberReplacer, occurrence: 1</pre><div class="alert alert-secondary"><pre class="diff">--- mutation diff ---
--- astack4.py
+++ bstack4.py
@@ -28,7 +28,7 @@
 
     def __init__(self, data=None):
         """Linked list initialized with head."""
-        self._length = 0
+        self._length = -1
         self.head = None
         try:
             for val in data:</pre></div><div class="alert alert-secondary"><pre class="diff">============================= test session starts ==============================
platform linux -- Python 3.10.12, pytest-7.1.3, pluggy-1.0.0
rootdir: /home/lucca/desktop/ic/experimento/testes/python_experiments/stack4
plugins: Faker-15.1.1, hypothesis-6.56.3
collected 67 items

ALL-SMART-GPT-MUTMUT/test_stack4_DYNAMOSA.py .....F......F...            [ 23%]
ALL-SMART-GPT-MUTMUT/test_stack4_MIO.py ...................F             [ 53%]
ALL-SMART-GPT-MUTMUT/test_stack4_MOSA.py ............F....               [ 79%]
ALL-SMART-GPT-MUTMUT/test_stack4_MUTMUT.py .F.FF                         [ 86%]
ALL-SMART-GPT-MUTMUT/test_stack4_WHOLE_SUITE.py ...F.....                [100%]

=========================== short test summary info ============================
FAILED ALL-SMART-GPT-MUTMUT/test_stack4_DYNAMOSA.py::test_case_5 - assert -1 ...
FAILED ALL-SMART-GPT-MUTMUT/test_stack4_DYNAMOSA.py::test_case_12 - assert 2 ...
FAILED ALL-SMART-GPT-MUTMUT/test_stack4_MIO.py::test_case_19 - assert -1 == 0
FAILED ALL-SMART-GPT-MUTMUT/test_stack4_MOSA.py::test_case_12 - assert -1 == 0
FAILED ALL-SMART-GPT-MUTMUT/test_stack4_MUTMUT.py::test_pop_method - assert 4...
FAILED ALL-SMART-GPT-MUTMUT/test_stack4_MUTMUT.py::test_remove_from_linked_list
FAILED ALL-SMART-GPT-MUTMUT/test_stack4_MUTMUT.py::test_remove_head_from_linked_list
FAILED ALL-SMART-GPT-MUTMUT/test_stack4_WHOLE_SUITE.py::test_case_3 - assert ...
========================= 8 failed, 59 passed in 0.22s =========================
</pre></div></div></div></div></div><div class="mb-1" id="job_list___sub_accordion_62"><div class="card"><a data-toggle="collapse" data-target="#job_list___sub_collapse_62_1" aria-expanded="false" aria-controls="job_list___sub_collapse_62_1" href="#" class="job_list___sub_multi_heading"><div role="alert" class="card-header alert-success" id="job_list___sub_heading_62_1"><button class="btn btn-outline-success"><span class="job_id">62 : Job ID 32bf57ab90cb404e87e2f4516eeb9bfe</span></button></div></a><div aria-labelledby="job_list___sub_heading_62_1" data-parent="#job_list___sub_accordion_62" class="collapse job_list___sub_multi_collapse" id="job_list___sub_collapse_62_1"><div class="card-body"><div class="work-item"><div class="alert alert-success test-outcome" role="alert"><p>worker outcome: normal</p><p>test outcome: killed</p></div></div><pre class="location"><a href="pycharm://open?file=stack4.py&amp;line=44" class="text-secondary"><button class="btn btn-outline-dark">stack4.py, start pos: (44, 24), end pos: (44, 25)</button></a></pre><pre>operator: core/NumberReplacer, occurrence: 2</pre><div class="alert alert-secondary"><pre class="diff">--- mutation diff ---
--- astack4.py
+++ bstack4.py
@@ -41,7 +41,7 @@
         """Insert a value at the head of the list."""
         old_head = self.head
         self.head = Node(val, old_head)
-        self._length += 1
+        self._length += 2
 
     def pop(self):
         """Remove the first value and return it."""</pre></div><div class="alert alert-secondary"><pre class="diff">============================= test session starts ==============================
platform linux -- Python 3.10.12, pytest-7.1.3, pluggy-1.0.0
rootdir: /home/lucca/desktop/ic/experimento/testes/python_experiments/stack4
plugins: Faker-15.1.1, hypothesis-6.56.3
collected 67 items

ALL-SMART-GPT-MUTMUT/test_stack4_DYNAMOSA.py ............F...            [ 23%]
ALL-SMART-GPT-MUTMUT/test_stack4_MIO.py ....................             [ 53%]
ALL-SMART-GPT-MUTMUT/test_stack4_MOSA.py .................               [ 79%]
ALL-SMART-GPT-MUTMUT/test_stack4_MUTMUT.py .F.FF                         [ 86%]
ALL-SMART-GPT-MUTMUT/test_stack4_WHOLE_SUITE.py .........                [100%]

=========================== short test summary info ============================
FAILED ALL-SMART-GPT-MUTMUT/test_stack4_DYNAMOSA.py::test_case_12 - assert 6 ...
FAILED ALL-SMART-GPT-MUTMUT/test_stack4_MUTMUT.py::test_pop_method - assert 1...
FAILED ALL-SMART-GPT-MUTMUT/test_stack4_MUTMUT.py::test_remove_from_linked_list
FAILED ALL-SMART-GPT-MUTMUT/test_stack4_MUTMUT.py::test_remove_head_from_linked_list
========================= 4 failed, 63 passed in 0.21s =========================
</pre></div></div></div></div></div><div class="mb-1" id="job_list___sub_accordion_63"><div class="card"><a data-toggle="collapse" data-target="#job_list___sub_collapse_63_1" aria-expanded="false" aria-controls="job_list___sub_collapse_63_1" href="#" class="job_list___sub_multi_heading"><div role="alert" class="card-header alert-success" id="job_list___sub_heading_63_1"><button class="btn btn-outline-success"><span class="job_id">63 : Job ID 337c1d2c1c9f431291485b558b01606f</span></button></div></a><div aria-labelledby="job_list___sub_heading_63_1" data-parent="#job_list___sub_accordion_63" class="collapse job_list___sub_multi_collapse" id="job_list___sub_collapse_63_1"><div class="card-body"><div class="work-item"><div class="alert alert-success test-outcome" role="alert"><p>worker outcome: normal</p><p>test outcome: killed</p></div></div><pre class="location"><a href="pycharm://open?file=stack4.py&amp;line=44" class="text-secondary"><button class="btn btn-outline-dark">stack4.py, start pos: (44, 24), end pos: (44, 25)</button></a></pre><pre>operator: core/NumberReplacer, occurrence: 3</pre><div class="alert alert-secondary"><pre class="diff">--- mutation diff ---
--- astack4.py
+++ bstack4.py
@@ -41,7 +41,7 @@
         """Insert a value at the head of the list."""
         old_head = self.head
         self.head = Node(val, old_head)
-        self._length += 1
+        self._length += 0
 
     def pop(self):
         """Remove the first value and return it."""</pre></div><div class="alert alert-secondary"><pre class="diff">============================= test session starts ==============================
platform linux -- Python 3.10.12, pytest-7.1.3, pluggy-1.0.0
rootdir: /home/lucca/desktop/ic/experimento/testes/python_experiments/stack4
plugins: Faker-15.1.1, hypothesis-6.56.3
collected 67 items

ALL-SMART-GPT-MUTMUT/test_stack4_DYNAMOSA.py ............F...            [ 23%]
ALL-SMART-GPT-MUTMUT/test_stack4_MIO.py ....................             [ 53%]
ALL-SMART-GPT-MUTMUT/test_stack4_MOSA.py .................               [ 79%]
ALL-SMART-GPT-MUTMUT/test_stack4_MUTMUT.py .F.FF                         [ 86%]
ALL-SMART-GPT-MUTMUT/test_stack4_WHOLE_SUITE.py .........                [100%]

=========================== short test summary info ============================
FAILED ALL-SMART-GPT-MUTMUT/test_stack4_DYNAMOSA.py::test_case_12 - assert 0 ...
FAILED ALL-SMART-GPT-MUTMUT/test_stack4_MUTMUT.py::test_pop_method - assert 0...
FAILED ALL-SMART-GPT-MUTMUT/test_stack4_MUTMUT.py::test_remove_from_linked_list
FAILED ALL-SMART-GPT-MUTMUT/test_stack4_MUTMUT.py::test_remove_head_from_linked_list
========================= 4 failed, 63 passed in 0.21s =========================
</pre></div></div></div></div></div><div class="mb-1" id="job_list___sub_accordion_64"><div class="card"><a data-toggle="collapse" data-target="#job_list___sub_collapse_64_1" aria-expanded="false" aria-controls="job_list___sub_collapse_64_1" href="#" class="job_list___sub_multi_heading"><div role="alert" class="card-header alert-success" id="job_list___sub_heading_64_1"><button class="btn btn-outline-success"><span class="job_id">64 : Job ID 87c2b79a108849e0847a9a70a759ac00</span></button></div></a><div aria-labelledby="job_list___sub_heading_64_1" data-parent="#job_list___sub_accordion_64" class="collapse job_list___sub_multi_collapse" id="job_list___sub_collapse_64_1"><div class="card-body"><div class="work-item"><div class="alert alert-success test-outcome" role="alert"><p>worker outcome: normal</p><p>test outcome: killed</p></div></div><pre class="location"><a href="pycharm://open?file=stack4.py&amp;line=52" class="text-secondary"><button class="btn btn-outline-dark">stack4.py, start pos: (52, 24), end pos: (52, 25)</button></a></pre><pre>operator: core/NumberReplacer, occurrence: 4</pre><div class="alert alert-secondary"><pre class="diff">--- mutation diff ---
--- astack4.py
+++ bstack4.py
@@ -49,7 +49,7 @@
             raise IndexError('Cannot pop from an empty list')
         to_return = self.head
         self.head = self.head.next
-        self._length -= 1
+        self._length -= 2
         return to_return.data
 
     def size(self):</pre></div><div class="alert alert-secondary"><pre class="diff">============================= test session starts ==============================
platform linux -- Python 3.10.12, pytest-7.1.3, pluggy-1.0.0
rootdir: /home/lucca/desktop/ic/experimento/testes/python_experiments/stack4
plugins: Faker-15.1.1, hypothesis-6.56.3
collected 67 items

ALL-SMART-GPT-MUTMUT/test_stack4_DYNAMOSA.py ................            [ 23%]
ALL-SMART-GPT-MUTMUT/test_stack4_MIO.py ....................             [ 53%]
ALL-SMART-GPT-MUTMUT/test_stack4_MOSA.py .................               [ 79%]
ALL-SMART-GPT-MUTMUT/test_stack4_MUTMUT.py .F...                         [ 86%]
ALL-SMART-GPT-MUTMUT/test_stack4_WHOLE_SUITE.py .........                [100%]

=========================== short test summary info ============================
FAILED ALL-SMART-GPT-MUTMUT/test_stack4_MUTMUT.py::test_pop_method - assert -...
========================= 1 failed, 66 passed in 0.20s =========================
</pre></div></div></div></div></div><div class="mb-1" id="job_list___sub_accordion_65"><div class="card"><a data-toggle="collapse" data-target="#job_list___sub_collapse_65_1" aria-expanded="false" aria-controls="job_list___sub_collapse_65_1" href="#" class="job_list___sub_multi_heading"><div role="alert" class="card-header alert-success" id="job_list___sub_heading_65_1"><button class="btn btn-outline-success"><span class="job_id">65 : Job ID d0c5602603a94ea4bdc46473646e5960</span></button></div></a><div aria-labelledby="job_list___sub_heading_65_1" data-parent="#job_list___sub_accordion_65" class="collapse job_list___sub_multi_collapse" id="job_list___sub_collapse_65_1"><div class="card-body"><div class="work-item"><div class="alert alert-success test-outcome" role="alert"><p>worker outcome: normal</p><p>test outcome: killed</p></div></div><pre class="location"><a href="pycharm://open?file=stack4.py&amp;line=52" class="text-secondary"><button class="btn btn-outline-dark">stack4.py, start pos: (52, 24), end pos: (52, 25)</button></a></pre><pre>operator: core/NumberReplacer, occurrence: 5</pre><div class="alert alert-secondary"><pre class="diff">--- mutation diff ---
--- astack4.py
+++ bstack4.py
@@ -49,7 +49,7 @@
             raise IndexError('Cannot pop from an empty list')
         to_return = self.head
         self.head = self.head.next
-        self._length -= 1
+        self._length -= 0
         return to_return.data
 
     def size(self):</pre></div><div class="alert alert-secondary"><pre class="diff">============================= test session starts ==============================
platform linux -- Python 3.10.12, pytest-7.1.3, pluggy-1.0.0
rootdir: /home/lucca/desktop/ic/experimento/testes/python_experiments/stack4
plugins: Faker-15.1.1, hypothesis-6.56.3
collected 67 items

ALL-SMART-GPT-MUTMUT/test_stack4_DYNAMOSA.py ................            [ 23%]
ALL-SMART-GPT-MUTMUT/test_stack4_MIO.py ....................             [ 53%]
ALL-SMART-GPT-MUTMUT/test_stack4_MOSA.py .................               [ 79%]
ALL-SMART-GPT-MUTMUT/test_stack4_MUTMUT.py .F...                         [ 86%]
ALL-SMART-GPT-MUTMUT/test_stack4_WHOLE_SUITE.py .........                [100%]

=========================== short test summary info ============================
FAILED ALL-SMART-GPT-MUTMUT/test_stack4_MUTMUT.py::test_pop_method - assert 5...
========================= 1 failed, 66 passed in 0.21s =========================
</pre></div></div></div></div></div><div class="mb-1" id="job_list___sub_accordion_66"><div class="card"><a data-toggle="collapse" data-target="#job_list___sub_collapse_66_1" aria-expanded="false" aria-controls="job_list___sub_collapse_66_1" href="#" class="job_list___sub_multi_heading"><div role="alert" class="card-header alert-success" id="job_list___sub_heading_66_1"><button class="btn btn-outline-success"><span class="job_id">66 : Job ID b29553a876c84034a8f0c0cc4cf25bfd</span></button></div></a><div aria-labelledby="job_list___sub_heading_66_1" data-parent="#job_list___sub_accordion_66" class="collapse job_list___sub_multi_collapse" id="job_list___sub_collapse_66_1"><div class="card-body"><div class="work-item"><div class="alert alert-success test-outcome" role="alert"><p>worker outcome: normal</p><p>test outcome: killed</p></div></div><pre class="location"><a href="pycharm://open?file=stack4.py&amp;line=72" class="text-secondary"><button class="btn btn-outline-dark">stack4.py, start pos: (72, 28), end pos: (72, 29)</button></a></pre><pre>operator: core/NumberReplacer, occurrence: 6</pre><div class="alert alert-secondary"><pre class="diff">--- mutation diff ---
--- astack4.py
+++ bstack4.py
@@ -69,7 +69,7 @@
         curr = self.head
         if curr and val is self.head.data:
             self.head = self.head.next
-            self._length -= 1
+            self._length -= 2
         while curr:
             if (curr.next and curr.next.data == val):
                 curr.next = curr.next.next</pre></div><div class="alert alert-secondary"><pre class="diff">============================= test session starts ==============================
platform linux -- Python 3.10.12, pytest-7.1.3, pluggy-1.0.0
rootdir: /home/lucca/desktop/ic/experimento/testes/python_experiments/stack4
plugins: Faker-15.1.1, hypothesis-6.56.3
collected 67 items

ALL-SMART-GPT-MUTMUT/test_stack4_DYNAMOSA.py ................            [ 23%]
ALL-SMART-GPT-MUTMUT/test_stack4_MIO.py ....................             [ 53%]
ALL-SMART-GPT-MUTMUT/test_stack4_MOSA.py .................               [ 79%]
ALL-SMART-GPT-MUTMUT/test_stack4_MUTMUT.py ....F                         [ 86%]
ALL-SMART-GPT-MUTMUT/test_stack4_WHOLE_SUITE.py .........                [100%]

=========================== short test summary info ============================
FAILED ALL-SMART-GPT-MUTMUT/test_stack4_MUTMUT.py::test_remove_head_from_linked_list
========================= 1 failed, 66 passed in 0.21s =========================
</pre></div></div></div></div></div><div class="mb-1" id="job_list___sub_accordion_67"><div class="card"><a data-toggle="collapse" data-target="#job_list___sub_collapse_67_1" aria-expanded="false" aria-controls="job_list___sub_collapse_67_1" href="#" class="job_list___sub_multi_heading"><div role="alert" class="card-header alert-success" id="job_list___sub_heading_67_1"><button class="btn btn-outline-success"><span class="job_id">67 : Job ID 40355cf4d1014212a3be5c4e6a34a6b4</span></button></div></a><div aria-labelledby="job_list___sub_heading_67_1" data-parent="#job_list___sub_accordion_67" class="collapse job_list___sub_multi_collapse" id="job_list___sub_collapse_67_1"><div class="card-body"><div class="work-item"><div class="alert alert-success test-outcome" role="alert"><p>worker outcome: normal</p><p>test outcome: killed</p></div></div><pre class="location"><a href="pycharm://open?file=stack4.py&amp;line=72" class="text-secondary"><button class="btn btn-outline-dark">stack4.py, start pos: (72, 28), end pos: (72, 29)</button></a></pre><pre>operator: core/NumberReplacer, occurrence: 7</pre><div class="alert alert-secondary"><pre class="diff">--- mutation diff ---
--- astack4.py
+++ bstack4.py
@@ -69,7 +69,7 @@
         curr = self.head
         if curr and val is self.head.data:
             self.head = self.head.next
-            self._length -= 1
+            self._length -= 0
         while curr:
             if (curr.next and curr.next.data == val):
                 curr.next = curr.next.next</pre></div><div class="alert alert-secondary"><pre class="diff">============================= test session starts ==============================
platform linux -- Python 3.10.12, pytest-7.1.3, pluggy-1.0.0
rootdir: /home/lucca/desktop/ic/experimento/testes/python_experiments/stack4
plugins: Faker-15.1.1, hypothesis-6.56.3
collected 67 items

ALL-SMART-GPT-MUTMUT/test_stack4_DYNAMOSA.py ................            [ 23%]
ALL-SMART-GPT-MUTMUT/test_stack4_MIO.py ....................             [ 53%]
ALL-SMART-GPT-MUTMUT/test_stack4_MOSA.py .................               [ 79%]
ALL-SMART-GPT-MUTMUT/test_stack4_MUTMUT.py ....F                         [ 86%]
ALL-SMART-GPT-MUTMUT/test_stack4_WHOLE_SUITE.py .........                [100%]

=========================== short test summary info ============================
FAILED ALL-SMART-GPT-MUTMUT/test_stack4_MUTMUT.py::test_remove_head_from_linked_list
========================= 1 failed, 66 passed in 0.20s =========================
</pre></div></div></div></div></div><div class="mb-1" id="job_list___sub_accordion_68"><div class="card"><a data-toggle="collapse" data-target="#job_list___sub_collapse_68_1" aria-expanded="false" aria-controls="job_list___sub_collapse_68_1" href="#" class="job_list___sub_multi_heading"><div role="alert" class="card-header alert-success" id="job_list___sub_heading_68_1"><button class="btn btn-outline-success"><span class="job_id">68 : Job ID 88f470cc2ffb42b088b1db347c7d583d</span></button></div></a><div aria-labelledby="job_list___sub_heading_68_1" data-parent="#job_list___sub_accordion_68" class="collapse job_list___sub_multi_collapse" id="job_list___sub_collapse_68_1"><div class="card-body"><div class="work-item"><div class="alert alert-success test-outcome" role="alert"><p>worker outcome: normal</p><p>test outcome: killed</p></div></div><pre class="location"><a href="pycharm://open?file=stack4.py&amp;line=76" class="text-secondary"><button class="btn btn-outline-dark">stack4.py, start pos: (76, 32), end pos: (76, 33)</button></a></pre><pre>operator: core/NumberReplacer, occurrence: 8</pre><div class="alert alert-secondary"><pre class="diff">--- mutation diff ---
--- astack4.py
+++ bstack4.py
@@ -73,7 +73,7 @@
         while curr:
             if (curr.next and curr.next.data == val):
                 curr.next = curr.next.next
-                self._length -= 1
+                self._length -= 2
             curr = curr.next
 
     def display(self):</pre></div><div class="alert alert-secondary"><pre class="diff">============================= test session starts ==============================
platform linux -- Python 3.10.12, pytest-7.1.3, pluggy-1.0.0
rootdir: /home/lucca/desktop/ic/experimento/testes/python_experiments/stack4
plugins: Faker-15.1.1, hypothesis-6.56.3
collected 67 items

ALL-SMART-GPT-MUTMUT/test_stack4_DYNAMOSA.py ................            [ 23%]
ALL-SMART-GPT-MUTMUT/test_stack4_MIO.py ....................             [ 53%]
ALL-SMART-GPT-MUTMUT/test_stack4_MOSA.py .................               [ 79%]
ALL-SMART-GPT-MUTMUT/test_stack4_MUTMUT.py ...F.                         [ 86%]
ALL-SMART-GPT-MUTMUT/test_stack4_WHOLE_SUITE.py .........                [100%]

=========================== short test summary info ============================
FAILED ALL-SMART-GPT-MUTMUT/test_stack4_MUTMUT.py::test_remove_from_linked_list
========================= 1 failed, 66 passed in 0.20s =========================
</pre></div></div></div></div></div><div class="mb-1" id="job_list___sub_accordion_69"><div class="card"><a data-toggle="collapse" data-target="#job_list___sub_collapse_69_1" aria-expanded="false" aria-controls="job_list___sub_collapse_69_1" href="#" class="job_list___sub_multi_heading"><div role="alert" class="card-header alert-success" id="job_list___sub_heading_69_1"><button class="btn btn-outline-success"><span class="job_id">69 : Job ID 3cdb2fa4d34e49ad87662beae25fadb8</span></button></div></a><div aria-labelledby="job_list___sub_heading_69_1" data-parent="#job_list___sub_accordion_69" class="collapse job_list___sub_multi_collapse" id="job_list___sub_collapse_69_1"><div class="card-body"><div class="work-item"><div class="alert alert-success test-outcome" role="alert"><p>worker outcome: normal</p><p>test outcome: killed</p></div></div><pre class="location"><a href="pycharm://open?file=stack4.py&amp;line=76" class="text-secondary"><button class="btn btn-outline-dark">stack4.py, start pos: (76, 32), end pos: (76, 33)</button></a></pre><pre>operator: core/NumberReplacer, occurrence: 9</pre><div class="alert alert-secondary"><pre class="diff">--- mutation diff ---
--- astack4.py
+++ bstack4.py
@@ -73,7 +73,7 @@
         while curr:
             if (curr.next and curr.next.data == val):
                 curr.next = curr.next.next
-                self._length -= 1
+                self._length -= 0
             curr = curr.next
 
     def display(self):</pre></div><div class="alert alert-secondary"><pre class="diff">============================= test session starts ==============================
platform linux -- Python 3.10.12, pytest-7.1.3, pluggy-1.0.0
rootdir: /home/lucca/desktop/ic/experimento/testes/python_experiments/stack4
plugins: Faker-15.1.1, hypothesis-6.56.3
collected 67 items

ALL-SMART-GPT-MUTMUT/test_stack4_DYNAMOSA.py ................            [ 23%]
ALL-SMART-GPT-MUTMUT/test_stack4_MIO.py ....................             [ 53%]
ALL-SMART-GPT-MUTMUT/test_stack4_MOSA.py .................               [ 79%]
ALL-SMART-GPT-MUTMUT/test_stack4_MUTMUT.py ...F.                         [ 86%]
ALL-SMART-GPT-MUTMUT/test_stack4_WHOLE_SUITE.py .........                [100%]

=========================== short test summary info ============================
FAILED ALL-SMART-GPT-MUTMUT/test_stack4_MUTMUT.py::test_remove_from_linked_list
========================= 1 failed, 66 passed in 0.20s =========================
</pre></div></div></div></div></div><div class="mb-1" id="job_list___sub_accordion_70"><div class="card"><a data-toggle="collapse" data-target="#job_list___sub_collapse_70_1" aria-expanded="false" aria-controls="job_list___sub_collapse_70_1" href="#" class="job_list___sub_multi_heading"><div role="alert" class="card-header alert-success" id="job_list___sub_heading_70_1"><button class="btn btn-outline-success"><span class="job_id">70 : Job ID 67f7ad8b27434ae4b1c5811f12dfe467</span></button></div></a><div aria-labelledby="job_list___sub_heading_70_1" data-parent="#job_list___sub_accordion_70" class="collapse job_list___sub_multi_collapse" id="job_list___sub_collapse_70_1"><div class="card-body"><div class="work-item"><div class="alert alert-success test-outcome" role="alert"><p>worker outcome: normal</p><p>test outcome: killed</p></div></div><pre class="location"><a href="pycharm://open?file=stack4.py&amp;line=86" class="text-secondary"><button class="btn btn-outline-dark">stack4.py, start pos: (86, 25), end pos: (86, 26)</button></a></pre><pre>operator: core/NumberReplacer, occurrence: 10</pre><div class="alert alert-secondary"><pre class="diff">--- mutation diff ---
--- astack4.py
+++ bstack4.py
@@ -83,7 +83,7 @@
         while curr:
             display += str(curr.data) + ', '
             curr = curr.next
-        return display[:-2] + ')'
+        return display[:- 3] + ')'
 
 
 class Stack(object):</pre></div><div class="alert alert-secondary"><pre class="diff">============================= test session starts ==============================
platform linux -- Python 3.10.12, pytest-7.1.3, pluggy-1.0.0
rootdir: /home/lucca/desktop/ic/experimento/testes/python_experiments/stack4
plugins: Faker-15.1.1, hypothesis-6.56.3
collected 67 items

ALL-SMART-GPT-MUTMUT/test_stack4_DYNAMOSA.py ......F.....F...            [ 23%]
ALL-SMART-GPT-MUTMUT/test_stack4_MIO.py ...............F....             [ 53%]
ALL-SMART-GPT-MUTMUT/test_stack4_MOSA.py .F.FFF...F.......               [ 79%]
ALL-SMART-GPT-MUTMUT/test_stack4_MUTMUT.py ...FF                         [ 86%]
ALL-SMART-GPT-MUTMUT/test_stack4_WHOLE_SUITE.py .........                [100%]

=========================== short test summary info ============================
FAILED ALL-SMART-GPT-MUTMUT/test_stack4_DYNAMOSA.py::test_case_6 - AssertionE...
FAILED ALL-SMART-GPT-MUTMUT/test_stack4_DYNAMOSA.py::test_case_12 - Assertion...
FAILED ALL-SMART-GPT-MUTMUT/test_stack4_MIO.py::test_case_15 - AssertionError...
FAILED ALL-SMART-GPT-MUTMUT/test_stack4_MOSA.py::test_case_1 - AssertionError...
FAILED ALL-SMART-GPT-MUTMUT/test_stack4_MOSA.py::test_case_3 - AssertionError...
FAILED ALL-SMART-GPT-MUTMUT/test_stack4_MOSA.py::test_case_4 - AssertionError...
FAILED ALL-SMART-GPT-MUTMUT/test_stack4_MOSA.py::test_case_5 - AssertionError...
FAILED ALL-SMART-GPT-MUTMUT/test_stack4_MOSA.py::test_case_9 - AssertionError...
FAILED ALL-SMART-GPT-MUTMUT/test_stack4_MUTMUT.py::test_remove_from_linked_list
FAILED ALL-SMART-GPT-MUTMUT/test_stack4_MUTMUT.py::test_remove_head_from_linked_list
======================== 10 failed, 57 passed in 0.22s =========================
</pre></div></div></div></div></div><div class="mb-1" id="job_list___sub_accordion_71"><div class="card"><a data-toggle="collapse" data-target="#job_list___sub_collapse_71_1" aria-expanded="false" aria-controls="job_list___sub_collapse_71_1" href="#" class="job_list___sub_multi_heading"><div role="alert" class="card-header alert-success" id="job_list___sub_heading_71_1"><button class="btn btn-outline-success"><span class="job_id">71 : Job ID 8ef04e9d8ca147598d4e16fd062d98e3</span></button></div></a><div aria-labelledby="job_list___sub_heading_71_1" data-parent="#job_list___sub_accordion_71" class="collapse job_list___sub_multi_collapse" id="job_list___sub_collapse_71_1"><div class="card-body"><div class="work-item"><div class="alert alert-success test-outcome" role="alert"><p>worker outcome: normal</p><p>test outcome: killed</p></div></div><pre class="location"><a href="pycharm://open?file=stack4.py&amp;line=86" class="text-secondary"><button class="btn btn-outline-dark">stack4.py, start pos: (86, 25), end pos: (86, 26)</button></a></pre><pre>operator: core/NumberReplacer, occurrence: 11</pre><div class="alert alert-secondary"><pre class="diff">--- mutation diff ---
--- astack4.py
+++ bstack4.py
@@ -83,7 +83,7 @@
         while curr:
             display += str(curr.data) + ', '
             curr = curr.next
-        return display[:-2] + ')'
+        return display[:- 1] + ')'
 
 
 class Stack(object):</pre></div><div class="alert alert-secondary"><pre class="diff">============================= test session starts ==============================
platform linux -- Python 3.10.12, pytest-7.1.3, pluggy-1.0.0
rootdir: /home/lucca/desktop/ic/experimento/testes/python_experiments/stack4
plugins: Faker-15.1.1, hypothesis-6.56.3
collected 67 items

ALL-SMART-GPT-MUTMUT/test_stack4_DYNAMOSA.py ......F.....F...            [ 23%]
ALL-SMART-GPT-MUTMUT/test_stack4_MIO.py ...............F....             [ 53%]
ALL-SMART-GPT-MUTMUT/test_stack4_MOSA.py .F.FFF...F.......               [ 79%]
ALL-SMART-GPT-MUTMUT/test_stack4_MUTMUT.py ...FF                         [ 86%]
ALL-SMART-GPT-MUTMUT/test_stack4_WHOLE_SUITE.py .........                [100%]

=========================== short test summary info ============================
FAILED ALL-SMART-GPT-MUTMUT/test_stack4_DYNAMOSA.py::test_case_6 - AssertionE...
FAILED ALL-SMART-GPT-MUTMUT/test_stack4_DYNAMOSA.py::test_case_12 - Assertion...
FAILED ALL-SMART-GPT-MUTMUT/test_stack4_MIO.py::test_case_15 - AssertionError...
FAILED ALL-SMART-GPT-MUTMUT/test_stack4_MOSA.py::test_case_1 - AssertionError...
FAILED ALL-SMART-GPT-MUTMUT/test_stack4_MOSA.py::test_case_3 - AssertionError...
FAILED ALL-SMART-GPT-MUTMUT/test_stack4_MOSA.py::test_case_4 - AssertionError...
FAILED ALL-SMART-GPT-MUTMUT/test_stack4_MOSA.py::test_case_5 - AssertionError...
FAILED ALL-SMART-GPT-MUTMUT/test_stack4_MOSA.py::test_case_9 - AssertionError...
FAILED ALL-SMART-GPT-MUTMUT/test_stack4_MUTMUT.py::test_remove_from_linked_list
FAILED ALL-SMART-GPT-MUTMUT/test_stack4_MUTMUT.py::test_remove_head_from_linked_list
======================== 10 failed, 57 passed in 0.22s =========================
</pre></div></div></div></div></div><div class="mb-1" id="job_list___sub_accordion_72"><div class="card"><a data-toggle="collapse" data-target="#job_list___sub_collapse_72_1" aria-expanded="false" aria-controls="job_list___sub_collapse_72_1" href="#" class="job_list___sub_multi_heading"><div role="alert" class="card-header alert-success" id="job_list___sub_heading_72_1"><button class="btn btn-outline-success"><span class="job_id">72 : Job ID c61e495298df4d44a34a08d3869fe7c6</span></button></div></a><div aria-labelledby="job_list___sub_heading_72_1" data-parent="#job_list___sub_accordion_72" class="collapse job_list___sub_multi_collapse" id="job_list___sub_collapse_72_1"><div class="card-body"><div class="work-item"><div class="alert alert-success test-outcome" role="alert"><p>worker outcome: normal</p><p>test outcome: killed</p></div></div><pre class="location"><a href="pycharm://open?file=stack4.py&amp;line=34" class="text-secondary"><button class="btn btn-outline-dark">stack4.py, start pos: (34, 23), end pos: (34, 27)</button></a></pre><pre>operator: core/ZeroIterationForLoop, occurrence: 0</pre><div class="alert alert-secondary"><pre class="diff">--- mutation diff ---
--- astack4.py
+++ bstack4.py
@@ -31,7 +31,7 @@
         self._length = 0
         self.head = None
         try:
-            for val in data:
+            for val in []:
                 self.push(val)
         except TypeError:
             if data:</pre></div><div class="alert alert-secondary"><pre class="diff">============================= test session starts ==============================
platform linux -- Python 3.10.12, pytest-7.1.3, pluggy-1.0.0
rootdir: /home/lucca/desktop/ic/experimento/testes/python_experiments/stack4
plugins: Faker-15.1.1, hypothesis-6.56.3
collected 67 items

ALL-SMART-GPT-MUTMUT/test_stack4_DYNAMOSA.py ..F...F...F.F.F.            [ 23%]
ALL-SMART-GPT-MUTMUT/test_stack4_MIO.py ..F.....F...F..FF...             [ 53%]
ALL-SMART-GPT-MUTMUT/test_stack4_MOSA.py .F.FFF...F....FFF               [ 79%]
ALL-SMART-GPT-MUTMUT/test_stack4_MUTMUT.py .FFFF                         [ 86%]
ALL-SMART-GPT-MUTMUT/test_stack4_WHOLE_SUITE.py ..F..FF..                [100%]

=========================== short test summary info ============================
FAILED ALL-SMART-GPT-MUTMUT/test_stack4_DYNAMOSA.py::test_case_2 - AssertionE...
FAILED ALL-SMART-GPT-MUTMUT/test_stack4_DYNAMOSA.py::test_case_6 - AssertionE...
FAILED ALL-SMART-GPT-MUTMUT/test_stack4_DYNAMOSA.py::test_case_10 - Assertion...
FAILED ALL-SMART-GPT-MUTMUT/test_stack4_DYNAMOSA.py::test_case_12 - Assertion...
FAILED ALL-SMART-GPT-MUTMUT/test_stack4_DYNAMOSA.py::test_case_14 - Assertion...
FAILED ALL-SMART-GPT-MUTMUT/test_stack4_MIO.py::test_case_2 - AssertionError:...
FAILED ALL-SMART-GPT-MUTMUT/test_stack4_MIO.py::test_case_8 - AssertionError:...
FAILED ALL-SMART-GPT-MUTMUT/test_stack4_MIO.py::test_case_12 - AssertionError...
FAILED ALL-SMART-GPT-MUTMUT/test_stack4_MIO.py::test_case_15 - AssertionError...
FAILED ALL-SMART-GPT-MUTMUT/test_stack4_MIO.py::test_case_16 - AssertionError...
FAILED ALL-SMART-GPT-MUTMUT/test_stack4_MOSA.py::test_case_1 - AssertionError...
FAILED ALL-SMART-GPT-MUTMUT/test_stack4_MOSA.py::test_case_3 - AssertionError...
FAILED ALL-SMART-GPT-MUTMUT/test_stack4_MOSA.py::test_case_4 - AssertionError...
FAILED ALL-SMART-GPT-MUTMUT/test_stack4_MOSA.py::test_case_5 - AssertionError...
FAILED ALL-SMART-GPT-MUTMUT/test_stack4_MOSA.py::test_case_9 - AssertionError...
FAILED ALL-SMART-GPT-MUTMUT/test_stack4_MOSA.py::test_case_14 - AssertionErro...
FAILED ALL-SMART-GPT-MUTMUT/test_stack4_MOSA.py::test_case_15 - AssertionErro...
FAILED ALL-SMART-GPT-MUTMUT/test_stack4_MOSA.py::test_case_16 - AssertionErro...
FAILED ALL-SMART-GPT-MUTMUT/test_stack4_MUTMUT.py::test_pop_method - assert 0...
FAILED ALL-SMART-GPT-MUTMUT/test_stack4_MUTMUT.py::test_search_method - Attri...
FAILED ALL-SMART-GPT-MUTMUT/test_stack4_MUTMUT.py::test_remove_from_linked_list
FAILED ALL-SMART-GPT-MUTMUT/test_stack4_MUTMUT.py::test_remove_head_from_linked_list
FAILED ALL-SMART-GPT-MUTMUT/test_stack4_WHOLE_SUITE.py::test_case_2 - Asserti...
FAILED ALL-SMART-GPT-MUTMUT/test_stack4_WHOLE_SUITE.py::test_case_5 - Asserti...
FAILED ALL-SMART-GPT-MUTMUT/test_stack4_WHOLE_SUITE.py::test_case_6 - IndexEr...
======================== 25 failed, 42 passed in 0.22s =========================
</pre></div></div></div></div></div></div></div></div></div></div><script src="https://code.jquery.com/jquery-3.3.1.slim.min.js" integrity="sha384-q8i/X+965DzO0rT7abK41JStQIAqVgRVzpbzo5smXKp4YfRvH+8abtTE1Pi6jizo" crossorigin="anonymous"></script><script src="https://cdnjs.cloudflare.com/ajax/libs/popper.js/1.14.7/umd/popper.min.js" integrity="sha384-UO2eT0CpHqdSJQ6hJty5KVphtPhzWj9WO1clHTMGa3JDZwrnQq4sF86dIHNDz0W1" crossorigin="anonymous"></script><script src="https://stackpath.bootstrapcdn.com/bootstrap/4.3.1/js/bootstrap.min.js" integrity="sha384-JjSmVgyd0p3pXB1rRibZUAYoIIy6OrQ6VrjIEaFf/nJGzIxFDsf4x0xIM+B07jRM" crossorigin="anonymous"></script><script type="text/javascript">$('div.job_list___sub_multi_collapse').on('shown.bs.collapse',  function () {    correct_behavior_functional_buttons();  });$('div.job_list___sub_multi_collapse').on('hidden.bs.collapse',  function () {    correct_behavior_functional_buttons();  });function correct_behavior_functional_buttons() {    var expand = false;    var collapse = false;    $('a.job_list___sub_multi_heading').each(function(index) {      if ($(this).attr('aria-expanded') == 'false') {        expand = true;        return false;      };    });    $('a.job_list___sub_multi_heading').each(function(index) {      if ($(this).attr('aria-expanded') == 'true') {        collapse = true;        return false;      };    });    if (expand) {      $('div#job_item_expand_all').css('display', 'inline-block');    } else {      $('div#job_item_expand_all').css('display', 'none');    };    if (collapse) {      $('div#job_item_collapse_all').css('display', 'inline-block');    } else {      $('div#job_item_collapse_all').css('display', 'none');    };  };correct_behavior_functional_buttons();</script></body></html>
