<!DOCTYPE html><html lang="en"><head><meta charset="utf-8" /><meta name="viewport" content="width=device-width, initial-scale=1, shrink-to-fit=no" /><link rel="stylesheet" href="https://stackpath.bootstrapcdn.com/bootstrap/4.3.1/css/bootstrap.min.css" integrity="sha384-ggOyR0iXCbMQv3Xipma34MD+dH/1fQ784/j6cY/iJTQUOhcWr7x9JvoRxT2MZw1T" crossorigin="anonymous" /><title>Cosmic Ray Report</title></head><body><div class="container"><h1><p class="text-dark">Cosmic Ray Report</p></h1></div><div class="container"><div class="mb-1" id="summary_info___accordion"><div class="card"><a data-toggle="collapse" data-target="#summary_info___collapse_1" aria-expanded="true" aria-controls="summary_info___collapse_1" href="#"><div class="card-header" id="summary_info___heading_1"><button class="btn btn-outline-dark"><h4 class="m-0">Summary info</h4></button></div></a><div aria-labelledby="summary_info___heading_1" data-parent="#summary_info___accordion" class="collapse show" id="summary_info___collapse_1"><div class="card-body"><p>Date time: 23/02/2024 23:35:44</p><p>Total jobs: 62</p><p>Complete: 62 (100.00%)</p><p>Surviving mutants: 5 (8.06%)</p></div></div></div></div><div class="mb-1" id="job_list___accordion"><div class="card"><a data-toggle="collapse" data-target="#job_list___collapse_1" aria-expanded="false" aria-controls="job_list___collapse_1" href="#"><div class="card-header" id="job_list___heading_1"><button class="btn btn-outline-dark"><h4 class="m-0">Job list</h4></button></div></a><div aria-labelledby="job_list___heading_1" data-parent="#job_list___accordion" class="collapse" id="job_list___collapse_1"><div class="card-body"><div class="text-right mb-1"><div class="mx-1" id="job_item_expand_all"><a href="#" onclick="$('div.job_list___sub_multi_collapse').collapse('show');"><button class="btn btn-outline-dark"><span>Expand All</span></button></a></div><div class="mx-1" id="job_item_collapse_all"><a href="#" onclick="$('div.job_list___sub_multi_collapse').collapse('hide');"><button class="btn btn-outline-dark"><span>Collapse All</span></button></a></div></div><div class="mb-1" id="job_list___sub_accordion_1"><div class="card"><a data-toggle="collapse" data-target="#job_list___sub_collapse_1_1" aria-expanded="false" aria-controls="job_list___sub_collapse_1_1" href="#" class="job_list___sub_multi_heading"><div role="alert" class="card-header alert-success" id="job_list___sub_heading_1_1"><button class="btn btn-outline-success"><span class="job_id">1 : Job ID 419144a86aa442a7b2a5cbceb6bc3768</span></button></div></a><div aria-labelledby="job_list___sub_heading_1_1" data-parent="#job_list___sub_accordion_1" class="collapse job_list___sub_multi_collapse" id="job_list___sub_collapse_1_1"><div class="card-body"><div class="work-item"><div class="alert alert-success test-outcome" role="alert"><p>worker outcome: normal</p><p>test outcome: killed</p></div></div><pre class="location"><a href="pycharm://open?file=stack3.py&amp;line=24" class="text-secondary"><button class="btn btn-outline-dark">stack3.py, start pos: (24, 23), end pos: (24, 25)</button></a></pre><pre>operator: core/ReplaceComparisonOperator_Eq_NotEq, occurrence: 0</pre><div class="alert alert-secondary"><pre class="diff">--- mutation diff ---
--- astack3.py
+++ bstack3.py
@@ -21,7 +21,7 @@
         """Add element to linked list."""
 
         newNode = Node(value)
-        if self.__size == 0:
+        if self.__size != 0:
             self.__head.next = newNode
             self.__head = newNode
             self.__size += 1</pre></div><div class="alert alert-secondary"><pre class="diff">timeout</pre></div></div></div></div></div><div class="mb-1" id="job_list___sub_accordion_2"><div class="card"><a data-toggle="collapse" data-target="#job_list___sub_collapse_2_1" aria-expanded="false" aria-controls="job_list___sub_collapse_2_1" href="#" class="job_list___sub_multi_heading"><div role="alert" class="card-header alert-success" id="job_list___sub_heading_2_1"><button class="btn btn-outline-success"><span class="job_id">2 : Job ID 9d0aa6deb0d94a5f886f02b902c4f860</span></button></div></a><div aria-labelledby="job_list___sub_heading_2_1" data-parent="#job_list___sub_accordion_2" class="collapse job_list___sub_multi_collapse" id="job_list___sub_collapse_2_1"><div class="card-body"><div class="work-item"><div class="alert alert-success test-outcome" role="alert"><p>worker outcome: normal</p><p>test outcome: killed</p></div></div><pre class="location"><a href="pycharm://open?file=stack3.py&amp;line=38" class="text-secondary"><button class="btn btn-outline-dark">stack3.py, start pos: (38, 23), end pos: (38, 25)</button></a></pre><pre>operator: core/ReplaceComparisonOperator_Eq_NotEq, occurrence: 1</pre><div class="alert alert-secondary"><pre class="diff">--- mutation diff ---
--- astack3.py
+++ bstack3.py
@@ -35,7 +35,7 @@
 
         """Remove node from linkedlist."""
 
-        if self.__size == 0:
+        if self.__size != 0:
             return None
         if self.__size == 1: # Alterado para corrigir comportamento
             nodeToRemove = self.__head</pre></div><div class="alert alert-secondary"><pre class="diff">============================= test session starts ==============================
platform linux -- Python 3.10.12, pytest-7.1.3, pluggy-1.0.0
rootdir: /home/lucca/desktop/ic/experimento/testes/python_experiments/stack3
plugins: Faker-15.1.1, hypothesis-6.56.3
collected 71 items

ALL-SMART-GPT-MUTPY/test_stack3_DYNAMOSA.py .F..F....FF..F.FF            [ 23%]
ALL-SMART-GPT-MUTPY/test_stack3_MIO.py ...F.................             [ 53%]
ALL-SMART-GPT-MUTPY/test_stack3_MOSA.py .F..F....FF..F.FF                [ 77%]
ALL-SMART-GPT-MUTPY/test_stack3_MUTPY.py ...F.F.                         [ 87%]
ALL-SMART-GPT-MUTPY/test_stack3_WHOLE_SUITE.py .F..FF..F                 [100%]

=========================== short test summary info ============================
FAILED ALL-SMART-GPT-MUTPY/test_stack3_DYNAMOSA.py::test_case_1 - AssertionEr...
FAILED ALL-SMART-GPT-MUTPY/test_stack3_DYNAMOSA.py::test_case_4 - assert &lt;sta...
FAILED ALL-SMART-GPT-MUTPY/test_stack3_DYNAMOSA.py::test_case_9 - AssertionEr...
FAILED ALL-SMART-GPT-MUTPY/test_stack3_DYNAMOSA.py::test_case_10 - AssertionE...
FAILED ALL-SMART-GPT-MUTPY/test_stack3_DYNAMOSA.py::test_case_13 - AssertionE...
FAILED ALL-SMART-GPT-MUTPY/test_stack3_DYNAMOSA.py::test_case_15 - AssertionE...
FAILED ALL-SMART-GPT-MUTPY/test_stack3_DYNAMOSA.py::test_case_16 - AssertionE...
FAILED ALL-SMART-GPT-MUTPY/test_stack3_MIO.py::test_case_3 - AssertionError: ...
FAILED ALL-SMART-GPT-MUTPY/test_stack3_MOSA.py::test_case_1 - AssertionError:...
FAILED ALL-SMART-GPT-MUTPY/test_stack3_MOSA.py::test_case_4 - assert &lt;stack3....
FAILED ALL-SMART-GPT-MUTPY/test_stack3_MOSA.py::test_case_9 - AssertionError:...
FAILED ALL-SMART-GPT-MUTPY/test_stack3_MOSA.py::test_case_10 - AssertionError...
FAILED ALL-SMART-GPT-MUTPY/test_stack3_MOSA.py::test_case_13 - AssertionError...
FAILED ALL-SMART-GPT-MUTPY/test_stack3_MOSA.py::test_case_15 - AssertionError...
FAILED ALL-SMART-GPT-MUTPY/test_stack3_MOSA.py::test_case_16 - AssertionError...
FAILED ALL-SMART-GPT-MUTPY/test_stack3_MUTPY.py::test_remove_single_element
FAILED ALL-SMART-GPT-MUTPY/test_stack3_MUTPY.py::test_remove_multiple_elements_small_list
FAILED ALL-SMART-GPT-MUTPY/test_stack3_WHOLE_SUITE.py::test_case_1 - Assertio...
FAILED ALL-SMART-GPT-MUTPY/test_stack3_WHOLE_SUITE.py::test_case_4 - Assertio...
FAILED ALL-SMART-GPT-MUTPY/test_stack3_WHOLE_SUITE.py::test_case_5 - assert -...
FAILED ALL-SMART-GPT-MUTPY/test_stack3_WHOLE_SUITE.py::test_case_8 - assert &lt;...
======================== 21 failed, 50 passed in 0.26s =========================
</pre></div></div></div></div></div><div class="mb-1" id="job_list___sub_accordion_3"><div class="card"><a data-toggle="collapse" data-target="#job_list___sub_collapse_3_1" aria-expanded="false" aria-controls="job_list___sub_collapse_3_1" href="#" class="job_list___sub_multi_heading"><div role="alert" class="card-header alert-success" id="job_list___sub_heading_3_1"><button class="btn btn-outline-success"><span class="job_id">3 : Job ID 27a07089c8c348c48a85e24383f91332</span></button></div></a><div aria-labelledby="job_list___sub_heading_3_1" data-parent="#job_list___sub_accordion_3" class="collapse job_list___sub_multi_collapse" id="job_list___sub_collapse_3_1"><div class="card-body"><div class="work-item"><div class="alert alert-success test-outcome" role="alert"><p>worker outcome: normal</p><p>test outcome: killed</p></div></div><pre class="location"><a href="pycharm://open?file=stack3.py&amp;line=40" class="text-secondary"><button class="btn btn-outline-dark">stack3.py, start pos: (40, 23), end pos: (40, 25)</button></a></pre><pre>operator: core/ReplaceComparisonOperator_Eq_NotEq, occurrence: 2</pre><div class="alert alert-secondary"><pre class="diff">--- mutation diff ---
--- astack3.py
+++ bstack3.py
@@ -37,7 +37,7 @@
 
         if self.__size == 0:
             return None
-        if self.__size == 1: # Alterado para corrigir comportamento
+        if self.__size != 1: # Alterado para corrigir comportamento
             nodeToRemove = self.__head
             self.__sentinel.next = None
             self.__head = self.__sentinel</pre></div><div class="alert alert-secondary"><pre class="diff">============================= test session starts ==============================
platform linux -- Python 3.10.12, pytest-7.1.3, pluggy-1.0.0
rootdir: /home/lucca/desktop/ic/experimento/testes/python_experiments/stack3
plugins: Faker-15.1.1, hypothesis-6.56.3
collected 71 items

ALL-SMART-GPT-MUTPY/test_stack3_DYNAMOSA.py .........F...F...            [ 23%]
ALL-SMART-GPT-MUTPY/test_stack3_MIO.py .....................             [ 53%]
ALL-SMART-GPT-MUTPY/test_stack3_MOSA.py .........F...F...                [ 77%]
ALL-SMART-GPT-MUTPY/test_stack3_MUTPY.py ...F.F.                         [ 87%]
ALL-SMART-GPT-MUTPY/test_stack3_WHOLE_SUITE.py .........                 [100%]

=========================== short test summary info ============================
FAILED ALL-SMART-GPT-MUTPY/test_stack3_DYNAMOSA.py::test_case_9 - AssertionEr...
FAILED ALL-SMART-GPT-MUTPY/test_stack3_DYNAMOSA.py::test_case_13 - AttributeE...
FAILED ALL-SMART-GPT-MUTPY/test_stack3_MOSA.py::test_case_9 - AssertionError:...
FAILED ALL-SMART-GPT-MUTPY/test_stack3_MOSA.py::test_case_13 - AttributeError...
FAILED ALL-SMART-GPT-MUTPY/test_stack3_MUTPY.py::test_remove_single_element
FAILED ALL-SMART-GPT-MUTPY/test_stack3_MUTPY.py::test_remove_multiple_elements_small_list
========================= 6 failed, 65 passed in 0.24s =========================
</pre></div></div></div></div></div><div class="mb-1" id="job_list___sub_accordion_4"><div class="card"><a data-toggle="collapse" data-target="#job_list___sub_collapse_4_1" aria-expanded="false" aria-controls="job_list___sub_collapse_4_1" href="#" class="job_list___sub_multi_heading"><div role="alert" class="card-header alert-success" id="job_list___sub_heading_4_1"><button class="btn btn-outline-success"><span class="job_id">4 : Job ID 00c8d50803234afbb04a5fef9b13ddf6</span></button></div></a><div aria-labelledby="job_list___sub_heading_4_1" data-parent="#job_list___sub_accordion_4" class="collapse job_list___sub_multi_collapse" id="job_list___sub_collapse_4_1"><div class="card-body"><div class="work-item"><div class="alert alert-success test-outcome" role="alert"><p>worker outcome: normal</p><p>test outcome: killed</p></div></div><pre class="location"><a href="pycharm://open?file=stack3.py&amp;line=75" class="text-secondary"><button class="btn btn-outline-dark">stack3.py, start pos: (75, 35), end pos: (75, 37)</button></a></pre><pre>operator: core/ReplaceComparisonOperator_Eq_NotEq, occurrence: 3</pre><div class="alert alert-secondary"><pre class="diff">--- mutation diff ---
--- astack3.py
+++ bstack3.py
@@ -72,7 +72,7 @@
 
         """Checks if linkedlist is empty."""
 
-        return True if self.__size == 0 else False
+        return True if self.__size != 0 else False
 
     def toArray(self) -&gt; list:
 </pre></div><div class="alert alert-secondary"><pre class="diff">============================= test session starts ==============================
platform linux -- Python 3.10.12, pytest-7.1.3, pluggy-1.0.0
rootdir: /home/lucca/desktop/ic/experimento/testes/python_experiments/stack3
plugins: Faker-15.1.1, hypothesis-6.56.3
collected 71 items

ALL-SMART-GPT-MUTPY/test_stack3_DYNAMOSA.py ...FF..........FF            [ 23%]
ALL-SMART-GPT-MUTPY/test_stack3_MIO.py .....FF..............             [ 53%]
ALL-SMART-GPT-MUTPY/test_stack3_MOSA.py ...FF..........FF                [ 77%]
ALL-SMART-GPT-MUTPY/test_stack3_MUTPY.py ...F...                         [ 87%]
ALL-SMART-GPT-MUTPY/test_stack3_WHOLE_SUITE.py .F.....F.                 [100%]

=========================== short test summary info ============================
FAILED ALL-SMART-GPT-MUTPY/test_stack3_DYNAMOSA.py::test_case_3 - assert Fals...
FAILED ALL-SMART-GPT-MUTPY/test_stack3_DYNAMOSA.py::test_case_4 - assert True...
FAILED ALL-SMART-GPT-MUTPY/test_stack3_DYNAMOSA.py::test_case_15 - assert Tru...
FAILED ALL-SMART-GPT-MUTPY/test_stack3_DYNAMOSA.py::test_case_16 - assert Tru...
FAILED ALL-SMART-GPT-MUTPY/test_stack3_MIO.py::test_case_5 - assert False is ...
FAILED ALL-SMART-GPT-MUTPY/test_stack3_MIO.py::test_case_6 - assert True is F...
FAILED ALL-SMART-GPT-MUTPY/test_stack3_MOSA.py::test_case_3 - assert False is...
FAILED ALL-SMART-GPT-MUTPY/test_stack3_MOSA.py::test_case_4 - assert True is ...
FAILED ALL-SMART-GPT-MUTPY/test_stack3_MOSA.py::test_case_15 - assert True is...
FAILED ALL-SMART-GPT-MUTPY/test_stack3_MOSA.py::test_case_16 - assert True is...
FAILED ALL-SMART-GPT-MUTPY/test_stack3_MUTPY.py::test_remove_single_element
FAILED ALL-SMART-GPT-MUTPY/test_stack3_WHOLE_SUITE.py::test_case_1 - assert T...
FAILED ALL-SMART-GPT-MUTPY/test_stack3_WHOLE_SUITE.py::test_case_7 - assert F...
======================== 13 failed, 58 passed in 0.24s =========================
</pre></div></div></div></div></div><div class="mb-1" id="job_list___sub_accordion_5"><div class="card"><a data-toggle="collapse" data-target="#job_list___sub_collapse_5_1" aria-expanded="false" aria-controls="job_list___sub_collapse_5_1" href="#" class="job_list___sub_multi_heading"><div role="alert" class="card-header alert-success" id="job_list___sub_heading_5_1"><button class="btn btn-outline-success"><span class="job_id">5 : Job ID c8d82454658c42f689e91f42a02b44bf</span></button></div></a><div aria-labelledby="job_list___sub_heading_5_1" data-parent="#job_list___sub_accordion_5" class="collapse job_list___sub_multi_collapse" id="job_list___sub_collapse_5_1"><div class="card-body"><div class="work-item"><div class="alert alert-success test-outcome" role="alert"><p>worker outcome: normal</p><p>test outcome: killed</p></div></div><pre class="location"><a href="pycharm://open?file=stack3.py&amp;line=125" class="text-secondary"><button class="btn btn-outline-dark">stack3.py, start pos: (125, 46), end pos: (125, 48)</button></a></pre><pre>operator: core/ReplaceComparisonOperator_Eq_NotEq, occurrence: 4</pre><div class="alert alert-secondary"><pre class="diff">--- mutation diff ---
--- astack3.py
+++ bstack3.py
@@ -122,7 +122,7 @@
 
         """Check if stack is empty."""
 
-        return True if self.__stack.getSize() == 0 else False
+        return True if self.__stack.getSize() != 0 else False
 
     def getSize(self) -&gt; int:
 </pre></div><div class="alert alert-secondary"><pre class="diff">============================= test session starts ==============================
platform linux -- Python 3.10.12, pytest-7.1.3, pluggy-1.0.0
rootdir: /home/lucca/desktop/ic/experimento/testes/python_experiments/stack3
plugins: Faker-15.1.1, hypothesis-6.56.3
collected 71 items

ALL-SMART-GPT-MUTPY/test_stack3_DYNAMOSA.py .......F.....F...            [ 23%]
ALL-SMART-GPT-MUTPY/test_stack3_MIO.py ...........FF........             [ 53%]
ALL-SMART-GPT-MUTPY/test_stack3_MOSA.py .......F.....F...                [ 77%]
ALL-SMART-GPT-MUTPY/test_stack3_MUTPY.py .......                         [ 87%]
ALL-SMART-GPT-MUTPY/test_stack3_WHOLE_SUITE.py ..FF.....                 [100%]

=========================== short test summary info ============================
FAILED ALL-SMART-GPT-MUTPY/test_stack3_DYNAMOSA.py::test_case_7 - assert Fals...
FAILED ALL-SMART-GPT-MUTPY/test_stack3_DYNAMOSA.py::test_case_13 - assert Tru...
FAILED ALL-SMART-GPT-MUTPY/test_stack3_MIO.py::test_case_11 - assert False is...
FAILED ALL-SMART-GPT-MUTPY/test_stack3_MIO.py::test_case_12 - assert True is ...
FAILED ALL-SMART-GPT-MUTPY/test_stack3_MOSA.py::test_case_7 - assert False is...
FAILED ALL-SMART-GPT-MUTPY/test_stack3_MOSA.py::test_case_13 - assert True is...
FAILED ALL-SMART-GPT-MUTPY/test_stack3_WHOLE_SUITE.py::test_case_2 - assert F...
FAILED ALL-SMART-GPT-MUTPY/test_stack3_WHOLE_SUITE.py::test_case_3 - assert T...
========================= 8 failed, 63 passed in 0.22s =========================
</pre></div></div></div></div></div><div class="mb-1" id="job_list___sub_accordion_6"><div class="card"><a data-toggle="collapse" data-target="#job_list___sub_collapse_6_1" aria-expanded="false" aria-controls="job_list___sub_collapse_6_1" href="#" class="job_list___sub_multi_heading"><div role="alert" class="card-header alert-success" id="job_list___sub_heading_6_1"><button class="btn btn-outline-success"><span class="job_id">6 : Job ID e964be391b0545e5be8efaf956f94b3a</span></button></div></a><div aria-labelledby="job_list___sub_heading_6_1" data-parent="#job_list___sub_accordion_6" class="collapse job_list___sub_multi_collapse" id="job_list___sub_collapse_6_1"><div class="card-body"><div class="work-item"><div class="alert alert-success test-outcome" role="alert"><p>worker outcome: normal</p><p>test outcome: killed</p></div></div><pre class="location"><a href="pycharm://open?file=stack3.py&amp;line=24" class="text-secondary"><button class="btn btn-outline-dark">stack3.py, start pos: (24, 23), end pos: (24, 25)</button></a></pre><pre>operator: core/ReplaceComparisonOperator_Eq_Lt, occurrence: 0</pre><div class="alert alert-secondary"><pre class="diff">--- mutation diff ---
--- astack3.py
+++ bstack3.py
@@ -21,7 +21,7 @@
         """Add element to linked list."""
 
         newNode = Node(value)
-        if self.__size == 0:
+        if self.__size &lt; 0:
             self.__head.next = newNode
             self.__head = newNode
             self.__size += 1</pre></div><div class="alert alert-secondary"><pre class="diff">timeout</pre></div></div></div></div></div><div class="mb-1" id="job_list___sub_accordion_7"><div class="card"><a data-toggle="collapse" data-target="#job_list___sub_collapse_7_1" aria-expanded="false" aria-controls="job_list___sub_collapse_7_1" href="#" class="job_list___sub_multi_heading"><div role="alert" class="card-header alert-success" id="job_list___sub_heading_7_1"><button class="btn btn-outline-success"><span class="job_id">7 : Job ID 09663e3be2d54a568aff74a259e1c338</span></button></div></a><div aria-labelledby="job_list___sub_heading_7_1" data-parent="#job_list___sub_accordion_7" class="collapse job_list___sub_multi_collapse" id="job_list___sub_collapse_7_1"><div class="card-body"><div class="work-item"><div class="alert alert-success test-outcome" role="alert"><p>worker outcome: normal</p><p>test outcome: killed</p></div></div><pre class="location"><a href="pycharm://open?file=stack3.py&amp;line=38" class="text-secondary"><button class="btn btn-outline-dark">stack3.py, start pos: (38, 23), end pos: (38, 25)</button></a></pre><pre>operator: core/ReplaceComparisonOperator_Eq_Lt, occurrence: 1</pre><div class="alert alert-secondary"><pre class="diff">--- mutation diff ---
--- astack3.py
+++ bstack3.py
@@ -35,7 +35,7 @@
 
         """Remove node from linkedlist."""
 
-        if self.__size == 0:
+        if self.__size &lt; 0:
             return None
         if self.__size == 1: # Alterado para corrigir comportamento
             nodeToRemove = self.__head</pre></div><div class="alert alert-secondary"><pre class="diff">============================= test session starts ==============================
platform linux -- Python 3.10.12, pytest-7.1.3, pluggy-1.0.0
rootdir: /home/lucca/desktop/ic/experimento/testes/python_experiments/stack3
plugins: Faker-15.1.1, hypothesis-6.56.3
collected 71 items

ALL-SMART-GPT-MUTPY/test_stack3_DYNAMOSA.py .................            [ 23%]
ALL-SMART-GPT-MUTPY/test_stack3_MIO.py .....................             [ 53%]
ALL-SMART-GPT-MUTPY/test_stack3_MOSA.py .................                [ 77%]
ALL-SMART-GPT-MUTPY/test_stack3_MUTPY.py .......                         [ 87%]
ALL-SMART-GPT-MUTPY/test_stack3_WHOLE_SUITE.py .....F..F                 [100%]

=========================== short test summary info ============================
FAILED ALL-SMART-GPT-MUTPY/test_stack3_WHOLE_SUITE.py::test_case_5 - assert -...
FAILED ALL-SMART-GPT-MUTPY/test_stack3_WHOLE_SUITE.py::test_case_8 - assert &lt;...
========================= 2 failed, 69 passed in 0.26s =========================
</pre></div></div></div></div></div><div class="mb-1" id="job_list___sub_accordion_8"><div class="card"><a data-toggle="collapse" data-target="#job_list___sub_collapse_8_1" aria-expanded="false" aria-controls="job_list___sub_collapse_8_1" href="#" class="job_list___sub_multi_heading"><div role="alert" class="card-header alert-success" id="job_list___sub_heading_8_1"><button class="btn btn-outline-success"><span class="job_id">8 : Job ID e5da11e418784e0188f781c84e09c4b9</span></button></div></a><div aria-labelledby="job_list___sub_heading_8_1" data-parent="#job_list___sub_accordion_8" class="collapse job_list___sub_multi_collapse" id="job_list___sub_collapse_8_1"><div class="card-body"><div class="work-item"><div class="alert alert-success test-outcome" role="alert"><p>worker outcome: normal</p><p>test outcome: killed</p></div></div><pre class="location"><a href="pycharm://open?file=stack3.py&amp;line=40" class="text-secondary"><button class="btn btn-outline-dark">stack3.py, start pos: (40, 23), end pos: (40, 25)</button></a></pre><pre>operator: core/ReplaceComparisonOperator_Eq_Lt, occurrence: 2</pre><div class="alert alert-secondary"><pre class="diff">--- mutation diff ---
--- astack3.py
+++ bstack3.py
@@ -37,7 +37,7 @@
 
         if self.__size == 0:
             return None
-        if self.__size == 1: # Alterado para corrigir comportamento
+        if self.__size &lt; 1: # Alterado para corrigir comportamento
             nodeToRemove = self.__head
             self.__sentinel.next = None
             self.__head = self.__sentinel</pre></div><div class="alert alert-secondary"><pre class="diff">============================= test session starts ==============================
platform linux -- Python 3.10.12, pytest-7.1.3, pluggy-1.0.0
rootdir: /home/lucca/desktop/ic/experimento/testes/python_experiments/stack3
plugins: Faker-15.1.1, hypothesis-6.56.3
collected 71 items

ALL-SMART-GPT-MUTPY/test_stack3_DYNAMOSA.py .........F...F...            [ 23%]
ALL-SMART-GPT-MUTPY/test_stack3_MIO.py .....................             [ 53%]
ALL-SMART-GPT-MUTPY/test_stack3_MOSA.py .........F...F...                [ 77%]
ALL-SMART-GPT-MUTPY/test_stack3_MUTPY.py ...F...                         [ 87%]
ALL-SMART-GPT-MUTPY/test_stack3_WHOLE_SUITE.py .........                 [100%]

=========================== short test summary info ============================
FAILED ALL-SMART-GPT-MUTPY/test_stack3_DYNAMOSA.py::test_case_9 - AssertionEr...
FAILED ALL-SMART-GPT-MUTPY/test_stack3_DYNAMOSA.py::test_case_13 - AttributeE...
FAILED ALL-SMART-GPT-MUTPY/test_stack3_MOSA.py::test_case_9 - AssertionError:...
FAILED ALL-SMART-GPT-MUTPY/test_stack3_MOSA.py::test_case_13 - AttributeError...
FAILED ALL-SMART-GPT-MUTPY/test_stack3_MUTPY.py::test_remove_single_element
========================= 5 failed, 66 passed in 0.24s =========================
</pre></div></div></div></div></div><div class="mb-1" id="job_list___sub_accordion_9"><div class="card"><a data-toggle="collapse" data-target="#job_list___sub_collapse_9_1" aria-expanded="false" aria-controls="job_list___sub_collapse_9_1" href="#" class="job_list___sub_multi_heading"><div role="alert" class="card-header alert-success" id="job_list___sub_heading_9_1"><button class="btn btn-outline-success"><span class="job_id">9 : Job ID 192bee289ab245499b3b20299c0a1a26</span></button></div></a><div aria-labelledby="job_list___sub_heading_9_1" data-parent="#job_list___sub_accordion_9" class="collapse job_list___sub_multi_collapse" id="job_list___sub_collapse_9_1"><div class="card-body"><div class="work-item"><div class="alert alert-success test-outcome" role="alert"><p>worker outcome: normal</p><p>test outcome: killed</p></div></div><pre class="location"><a href="pycharm://open?file=stack3.py&amp;line=75" class="text-secondary"><button class="btn btn-outline-dark">stack3.py, start pos: (75, 35), end pos: (75, 37)</button></a></pre><pre>operator: core/ReplaceComparisonOperator_Eq_Lt, occurrence: 3</pre><div class="alert alert-secondary"><pre class="diff">--- mutation diff ---
--- astack3.py
+++ bstack3.py
@@ -72,7 +72,7 @@
 
         """Checks if linkedlist is empty."""
 
-        return True if self.__size == 0 else False
+        return True if self.__size &lt; 0 else False
 
     def toArray(self) -&gt; list:
 </pre></div><div class="alert alert-secondary"><pre class="diff">============================= test session starts ==============================
platform linux -- Python 3.10.12, pytest-7.1.3, pluggy-1.0.0
rootdir: /home/lucca/desktop/ic/experimento/testes/python_experiments/stack3
plugins: Faker-15.1.1, hypothesis-6.56.3
collected 71 items

ALL-SMART-GPT-MUTPY/test_stack3_DYNAMOSA.py ...F.............            [ 23%]
ALL-SMART-GPT-MUTPY/test_stack3_MIO.py .....F...............             [ 53%]
ALL-SMART-GPT-MUTPY/test_stack3_MOSA.py ...F.............                [ 77%]
ALL-SMART-GPT-MUTPY/test_stack3_MUTPY.py ...F...                         [ 87%]
ALL-SMART-GPT-MUTPY/test_stack3_WHOLE_SUITE.py .......F.                 [100%]

=========================== short test summary info ============================
FAILED ALL-SMART-GPT-MUTPY/test_stack3_DYNAMOSA.py::test_case_3 - assert Fals...
FAILED ALL-SMART-GPT-MUTPY/test_stack3_MIO.py::test_case_5 - assert False is ...
FAILED ALL-SMART-GPT-MUTPY/test_stack3_MOSA.py::test_case_3 - assert False is...
FAILED ALL-SMART-GPT-MUTPY/test_stack3_MUTPY.py::test_remove_single_element
FAILED ALL-SMART-GPT-MUTPY/test_stack3_WHOLE_SUITE.py::test_case_7 - assert F...
========================= 5 failed, 66 passed in 0.28s =========================
</pre></div></div></div></div></div><div class="mb-1" id="job_list___sub_accordion_10"><div class="card"><a data-toggle="collapse" data-target="#job_list___sub_collapse_10_1" aria-expanded="false" aria-controls="job_list___sub_collapse_10_1" href="#" class="job_list___sub_multi_heading"><div role="alert" class="card-header alert-success" id="job_list___sub_heading_10_1"><button class="btn btn-outline-success"><span class="job_id">10 : Job ID 4179116a1ba945009d9a7c41da89eb80</span></button></div></a><div aria-labelledby="job_list___sub_heading_10_1" data-parent="#job_list___sub_accordion_10" class="collapse job_list___sub_multi_collapse" id="job_list___sub_collapse_10_1"><div class="card-body"><div class="work-item"><div class="alert alert-success test-outcome" role="alert"><p>worker outcome: normal</p><p>test outcome: killed</p></div></div><pre class="location"><a href="pycharm://open?file=stack3.py&amp;line=125" class="text-secondary"><button class="btn btn-outline-dark">stack3.py, start pos: (125, 46), end pos: (125, 48)</button></a></pre><pre>operator: core/ReplaceComparisonOperator_Eq_Lt, occurrence: 4</pre><div class="alert alert-secondary"><pre class="diff">--- mutation diff ---
--- astack3.py
+++ bstack3.py
@@ -122,7 +122,7 @@
 
         """Check if stack is empty."""
 
-        return True if self.__stack.getSize() == 0 else False
+        return True if self.__stack.getSize() &lt; 0 else False
 
     def getSize(self) -&gt; int:
 </pre></div><div class="alert alert-secondary"><pre class="diff">============================= test session starts ==============================
platform linux -- Python 3.10.12, pytest-7.1.3, pluggy-1.0.0
rootdir: /home/lucca/desktop/ic/experimento/testes/python_experiments/stack3
plugins: Faker-15.1.1, hypothesis-6.56.3
collected 71 items

ALL-SMART-GPT-MUTPY/test_stack3_DYNAMOSA.py .......F.........            [ 23%]
ALL-SMART-GPT-MUTPY/test_stack3_MIO.py ...........F.........             [ 53%]
ALL-SMART-GPT-MUTPY/test_stack3_MOSA.py .......F.........                [ 77%]
ALL-SMART-GPT-MUTPY/test_stack3_MUTPY.py .......                         [ 87%]
ALL-SMART-GPT-MUTPY/test_stack3_WHOLE_SUITE.py ..F......                 [100%]

=========================== short test summary info ============================
FAILED ALL-SMART-GPT-MUTPY/test_stack3_DYNAMOSA.py::test_case_7 - assert Fals...
FAILED ALL-SMART-GPT-MUTPY/test_stack3_MIO.py::test_case_11 - assert False is...
FAILED ALL-SMART-GPT-MUTPY/test_stack3_MOSA.py::test_case_7 - assert False is...
FAILED ALL-SMART-GPT-MUTPY/test_stack3_WHOLE_SUITE.py::test_case_2 - assert F...
========================= 4 failed, 67 passed in 0.35s =========================
</pre></div></div></div></div></div><div class="mb-1" id="job_list___sub_accordion_11"><div class="card"><a data-toggle="collapse" data-target="#job_list___sub_collapse_11_1" aria-expanded="false" aria-controls="job_list___sub_collapse_11_1" href="#" class="job_list___sub_multi_heading"><div role="alert" class="card-header alert-danger" id="job_list___sub_heading_11_1"><button class="btn btn-outline-danger"><span class="job_id">11 : Job ID 1c25b16805664e60979bcd429657831e</span></button></div></a><div aria-labelledby="job_list___sub_heading_11_1" data-parent="#job_list___sub_accordion_11" class="collapse job_list___sub_multi_collapse" id="job_list___sub_collapse_11_1"><div class="card-body"><div class="work-item"><div class="alert alert-danger test-outcome" role="alert"><p>SURVIVED</p><p>worker outcome: normal</p><p>test outcome: survived</p></div></div><pre class="location"><a href="pycharm://open?file=stack3.py&amp;line=24" class="text-secondary"><button class="btn btn-outline-dark">stack3.py, start pos: (24, 23), end pos: (24, 25)</button></a></pre><pre>operator: core/ReplaceComparisonOperator_Eq_LtE, occurrence: 0</pre><div class="alert alert-secondary"><pre class="diff">--- mutation diff ---
--- astack3.py
+++ bstack3.py
@@ -21,7 +21,7 @@
         """Add element to linked list."""
 
         newNode = Node(value)
-        if self.__size == 0:
+        if self.__size &lt;= 0:
             self.__head.next = newNode
             self.__head = newNode
             self.__size += 1</pre></div><div class="alert alert-secondary"><pre class="diff">============================= test session starts ==============================
platform linux -- Python 3.10.12, pytest-7.1.3, pluggy-1.0.0
rootdir: /home/lucca/desktop/ic/experimento/testes/python_experiments/stack3
plugins: Faker-15.1.1, hypothesis-6.56.3
collected 71 items

ALL-SMART-GPT-MUTPY/test_stack3_DYNAMOSA.py .................            [ 23%]
ALL-SMART-GPT-MUTPY/test_stack3_MIO.py .....................             [ 53%]
ALL-SMART-GPT-MUTPY/test_stack3_MOSA.py .................                [ 77%]
ALL-SMART-GPT-MUTPY/test_stack3_MUTPY.py .......                         [ 87%]
ALL-SMART-GPT-MUTPY/test_stack3_WHOLE_SUITE.py .........                 [100%]

============================== 71 passed in 0.30s ==============================
</pre></div></div></div></div></div><div class="mb-1" id="job_list___sub_accordion_12"><div class="card"><a data-toggle="collapse" data-target="#job_list___sub_collapse_12_1" aria-expanded="false" aria-controls="job_list___sub_collapse_12_1" href="#" class="job_list___sub_multi_heading"><div role="alert" class="card-header alert-danger" id="job_list___sub_heading_12_1"><button class="btn btn-outline-danger"><span class="job_id">12 : Job ID 704689b4d32f4a708e3d13672fe122fa</span></button></div></a><div aria-labelledby="job_list___sub_heading_12_1" data-parent="#job_list___sub_accordion_12" class="collapse job_list___sub_multi_collapse" id="job_list___sub_collapse_12_1"><div class="card-body"><div class="work-item"><div class="alert alert-danger test-outcome" role="alert"><p>SURVIVED</p><p>worker outcome: normal</p><p>test outcome: survived</p></div></div><pre class="location"><a href="pycharm://open?file=stack3.py&amp;line=38" class="text-secondary"><button class="btn btn-outline-dark">stack3.py, start pos: (38, 23), end pos: (38, 25)</button></a></pre><pre>operator: core/ReplaceComparisonOperator_Eq_LtE, occurrence: 1</pre><div class="alert alert-secondary"><pre class="diff">--- mutation diff ---
--- astack3.py
+++ bstack3.py
@@ -35,7 +35,7 @@
 
         """Remove node from linkedlist."""
 
-        if self.__size == 0:
+        if self.__size &lt;= 0:
             return None
         if self.__size == 1: # Alterado para corrigir comportamento
             nodeToRemove = self.__head</pre></div><div class="alert alert-secondary"><pre class="diff">============================= test session starts ==============================
platform linux -- Python 3.10.12, pytest-7.1.3, pluggy-1.0.0
rootdir: /home/lucca/desktop/ic/experimento/testes/python_experiments/stack3
plugins: Faker-15.1.1, hypothesis-6.56.3
collected 71 items

ALL-SMART-GPT-MUTPY/test_stack3_DYNAMOSA.py .................            [ 23%]
ALL-SMART-GPT-MUTPY/test_stack3_MIO.py .....................             [ 53%]
ALL-SMART-GPT-MUTPY/test_stack3_MOSA.py .................                [ 77%]
ALL-SMART-GPT-MUTPY/test_stack3_MUTPY.py .......                         [ 87%]
ALL-SMART-GPT-MUTPY/test_stack3_WHOLE_SUITE.py .........                 [100%]

============================== 71 passed in 0.28s ==============================
</pre></div></div></div></div></div><div class="mb-1" id="job_list___sub_accordion_13"><div class="card"><a data-toggle="collapse" data-target="#job_list___sub_collapse_13_1" aria-expanded="false" aria-controls="job_list___sub_collapse_13_1" href="#" class="job_list___sub_multi_heading"><div role="alert" class="card-header alert-danger" id="job_list___sub_heading_13_1"><button class="btn btn-outline-danger"><span class="job_id">13 : Job ID fcd385e6a6854aa1bb7c452b64de8bf9</span></button></div></a><div aria-labelledby="job_list___sub_heading_13_1" data-parent="#job_list___sub_accordion_13" class="collapse job_list___sub_multi_collapse" id="job_list___sub_collapse_13_1"><div class="card-body"><div class="work-item"><div class="alert alert-danger test-outcome" role="alert"><p>SURVIVED</p><p>worker outcome: normal</p><p>test outcome: survived</p></div></div><pre class="location"><a href="pycharm://open?file=stack3.py&amp;line=40" class="text-secondary"><button class="btn btn-outline-dark">stack3.py, start pos: (40, 23), end pos: (40, 25)</button></a></pre><pre>operator: core/ReplaceComparisonOperator_Eq_LtE, occurrence: 2</pre><div class="alert alert-secondary"><pre class="diff">--- mutation diff ---
--- astack3.py
+++ bstack3.py
@@ -37,7 +37,7 @@
 
         if self.__size == 0:
             return None
-        if self.__size == 1: # Alterado para corrigir comportamento
+        if self.__size &lt;= 1: # Alterado para corrigir comportamento
             nodeToRemove = self.__head
             self.__sentinel.next = None
             self.__head = self.__sentinel</pre></div><div class="alert alert-secondary"><pre class="diff">============================= test session starts ==============================
platform linux -- Python 3.10.12, pytest-7.1.3, pluggy-1.0.0
rootdir: /home/lucca/desktop/ic/experimento/testes/python_experiments/stack3
plugins: Faker-15.1.1, hypothesis-6.56.3
collected 71 items

ALL-SMART-GPT-MUTPY/test_stack3_DYNAMOSA.py .................            [ 23%]
ALL-SMART-GPT-MUTPY/test_stack3_MIO.py .....................             [ 53%]
ALL-SMART-GPT-MUTPY/test_stack3_MOSA.py .................                [ 77%]
ALL-SMART-GPT-MUTPY/test_stack3_MUTPY.py .......                         [ 87%]
ALL-SMART-GPT-MUTPY/test_stack3_WHOLE_SUITE.py .........                 [100%]

============================== 71 passed in 0.25s ==============================
</pre></div></div></div></div></div><div class="mb-1" id="job_list___sub_accordion_14"><div class="card"><a data-toggle="collapse" data-target="#job_list___sub_collapse_14_1" aria-expanded="false" aria-controls="job_list___sub_collapse_14_1" href="#" class="job_list___sub_multi_heading"><div role="alert" class="card-header alert-danger" id="job_list___sub_heading_14_1"><button class="btn btn-outline-danger"><span class="job_id">14 : Job ID 2d6226e816974fc3bb3cd004964abcc0</span></button></div></a><div aria-labelledby="job_list___sub_heading_14_1" data-parent="#job_list___sub_accordion_14" class="collapse job_list___sub_multi_collapse" id="job_list___sub_collapse_14_1"><div class="card-body"><div class="work-item"><div class="alert alert-danger test-outcome" role="alert"><p>SURVIVED</p><p>worker outcome: normal</p><p>test outcome: survived</p></div></div><pre class="location"><a href="pycharm://open?file=stack3.py&amp;line=75" class="text-secondary"><button class="btn btn-outline-dark">stack3.py, start pos: (75, 35), end pos: (75, 37)</button></a></pre><pre>operator: core/ReplaceComparisonOperator_Eq_LtE, occurrence: 3</pre><div class="alert alert-secondary"><pre class="diff">--- mutation diff ---
--- astack3.py
+++ bstack3.py
@@ -72,7 +72,7 @@
 
         """Checks if linkedlist is empty."""
 
-        return True if self.__size == 0 else False
+        return True if self.__size &lt;= 0 else False
 
     def toArray(self) -&gt; list:
 </pre></div><div class="alert alert-secondary"><pre class="diff">============================= test session starts ==============================
platform linux -- Python 3.10.12, pytest-7.1.3, pluggy-1.0.0
rootdir: /home/lucca/desktop/ic/experimento/testes/python_experiments/stack3
plugins: Faker-15.1.1, hypothesis-6.56.3
collected 71 items

ALL-SMART-GPT-MUTPY/test_stack3_DYNAMOSA.py .................            [ 23%]
ALL-SMART-GPT-MUTPY/test_stack3_MIO.py .....................             [ 53%]
ALL-SMART-GPT-MUTPY/test_stack3_MOSA.py .................                [ 77%]
ALL-SMART-GPT-MUTPY/test_stack3_MUTPY.py .......                         [ 87%]
ALL-SMART-GPT-MUTPY/test_stack3_WHOLE_SUITE.py .........                 [100%]

============================== 71 passed in 0.26s ==============================
</pre></div></div></div></div></div><div class="mb-1" id="job_list___sub_accordion_15"><div class="card"><a data-toggle="collapse" data-target="#job_list___sub_collapse_15_1" aria-expanded="false" aria-controls="job_list___sub_collapse_15_1" href="#" class="job_list___sub_multi_heading"><div role="alert" class="card-header alert-danger" id="job_list___sub_heading_15_1"><button class="btn btn-outline-danger"><span class="job_id">15 : Job ID 33107336a29b4fc5939868c8594f548c</span></button></div></a><div aria-labelledby="job_list___sub_heading_15_1" data-parent="#job_list___sub_accordion_15" class="collapse job_list___sub_multi_collapse" id="job_list___sub_collapse_15_1"><div class="card-body"><div class="work-item"><div class="alert alert-danger test-outcome" role="alert"><p>SURVIVED</p><p>worker outcome: normal</p><p>test outcome: survived</p></div></div><pre class="location"><a href="pycharm://open?file=stack3.py&amp;line=125" class="text-secondary"><button class="btn btn-outline-dark">stack3.py, start pos: (125, 46), end pos: (125, 48)</button></a></pre><pre>operator: core/ReplaceComparisonOperator_Eq_LtE, occurrence: 4</pre><div class="alert alert-secondary"><pre class="diff">--- mutation diff ---
--- astack3.py
+++ bstack3.py
@@ -122,7 +122,7 @@
 
         """Check if stack is empty."""
 
-        return True if self.__stack.getSize() == 0 else False
+        return True if self.__stack.getSize() &lt;= 0 else False
 
     def getSize(self) -&gt; int:
 </pre></div><div class="alert alert-secondary"><pre class="diff">============================= test session starts ==============================
platform linux -- Python 3.10.12, pytest-7.1.3, pluggy-1.0.0
rootdir: /home/lucca/desktop/ic/experimento/testes/python_experiments/stack3
plugins: Faker-15.1.1, hypothesis-6.56.3
collected 71 items

ALL-SMART-GPT-MUTPY/test_stack3_DYNAMOSA.py .................            [ 23%]
ALL-SMART-GPT-MUTPY/test_stack3_MIO.py .....................             [ 53%]
ALL-SMART-GPT-MUTPY/test_stack3_MOSA.py .................                [ 77%]
ALL-SMART-GPT-MUTPY/test_stack3_MUTPY.py .......                         [ 87%]
ALL-SMART-GPT-MUTPY/test_stack3_WHOLE_SUITE.py .........                 [100%]

============================== 71 passed in 0.24s ==============================
</pre></div></div></div></div></div><div class="mb-1" id="job_list___sub_accordion_16"><div class="card"><a data-toggle="collapse" data-target="#job_list___sub_collapse_16_1" aria-expanded="false" aria-controls="job_list___sub_collapse_16_1" href="#" class="job_list___sub_multi_heading"><div role="alert" class="card-header alert-success" id="job_list___sub_heading_16_1"><button class="btn btn-outline-success"><span class="job_id">16 : Job ID 8bd6ac38752947b98e0a7d7fca02baeb</span></button></div></a><div aria-labelledby="job_list___sub_heading_16_1" data-parent="#job_list___sub_accordion_16" class="collapse job_list___sub_multi_collapse" id="job_list___sub_collapse_16_1"><div class="card-body"><div class="work-item"><div class="alert alert-success test-outcome" role="alert"><p>worker outcome: normal</p><p>test outcome: killed</p></div></div><pre class="location"><a href="pycharm://open?file=stack3.py&amp;line=24" class="text-secondary"><button class="btn btn-outline-dark">stack3.py, start pos: (24, 23), end pos: (24, 25)</button></a></pre><pre>operator: core/ReplaceComparisonOperator_Eq_Gt, occurrence: 0</pre><div class="alert alert-secondary"><pre class="diff">--- mutation diff ---
--- astack3.py
+++ bstack3.py
@@ -21,7 +21,7 @@
         """Add element to linked list."""
 
         newNode = Node(value)
-        if self.__size == 0:
+        if self.__size &gt; 0:
             self.__head.next = newNode
             self.__head = newNode
             self.__size += 1</pre></div><div class="alert alert-secondary"><pre class="diff">timeout</pre></div></div></div></div></div><div class="mb-1" id="job_list___sub_accordion_17"><div class="card"><a data-toggle="collapse" data-target="#job_list___sub_collapse_17_1" aria-expanded="false" aria-controls="job_list___sub_collapse_17_1" href="#" class="job_list___sub_multi_heading"><div role="alert" class="card-header alert-success" id="job_list___sub_heading_17_1"><button class="btn btn-outline-success"><span class="job_id">17 : Job ID f7c7130156bf4e1eb53dced1d2bc3ce4</span></button></div></a><div aria-labelledby="job_list___sub_heading_17_1" data-parent="#job_list___sub_accordion_17" class="collapse job_list___sub_multi_collapse" id="job_list___sub_collapse_17_1"><div class="card-body"><div class="work-item"><div class="alert alert-success test-outcome" role="alert"><p>worker outcome: normal</p><p>test outcome: killed</p></div></div><pre class="location"><a href="pycharm://open?file=stack3.py&amp;line=38" class="text-secondary"><button class="btn btn-outline-dark">stack3.py, start pos: (38, 23), end pos: (38, 25)</button></a></pre><pre>operator: core/ReplaceComparisonOperator_Eq_Gt, occurrence: 1</pre><div class="alert alert-secondary"><pre class="diff">--- mutation diff ---
--- astack3.py
+++ bstack3.py
@@ -35,7 +35,7 @@
 
         """Remove node from linkedlist."""
 
-        if self.__size == 0:
+        if self.__size &gt; 0:
             return None
         if self.__size == 1: # Alterado para corrigir comportamento
             nodeToRemove = self.__head</pre></div><div class="alert alert-secondary"><pre class="diff">============================= test session starts ==============================
platform linux -- Python 3.10.12, pytest-7.1.3, pluggy-1.0.0
rootdir: /home/lucca/desktop/ic/experimento/testes/python_experiments/stack3
plugins: Faker-15.1.1, hypothesis-6.56.3
collected 71 items

ALL-SMART-GPT-MUTPY/test_stack3_DYNAMOSA.py .F..F....FF..F.FF            [ 23%]
ALL-SMART-GPT-MUTPY/test_stack3_MIO.py ...F.................             [ 53%]
ALL-SMART-GPT-MUTPY/test_stack3_MOSA.py .F..F....FF..F.FF                [ 77%]
ALL-SMART-GPT-MUTPY/test_stack3_MUTPY.py ...F.F.                         [ 87%]
ALL-SMART-GPT-MUTPY/test_stack3_WHOLE_SUITE.py .F..FF..F                 [100%]

=========================== short test summary info ============================
FAILED ALL-SMART-GPT-MUTPY/test_stack3_DYNAMOSA.py::test_case_1 - AssertionEr...
FAILED ALL-SMART-GPT-MUTPY/test_stack3_DYNAMOSA.py::test_case_4 - assert &lt;sta...
FAILED ALL-SMART-GPT-MUTPY/test_stack3_DYNAMOSA.py::test_case_9 - AssertionEr...
FAILED ALL-SMART-GPT-MUTPY/test_stack3_DYNAMOSA.py::test_case_10 - AssertionE...
FAILED ALL-SMART-GPT-MUTPY/test_stack3_DYNAMOSA.py::test_case_13 - AssertionE...
FAILED ALL-SMART-GPT-MUTPY/test_stack3_DYNAMOSA.py::test_case_15 - AssertionE...
FAILED ALL-SMART-GPT-MUTPY/test_stack3_DYNAMOSA.py::test_case_16 - AssertionE...
FAILED ALL-SMART-GPT-MUTPY/test_stack3_MIO.py::test_case_3 - AssertionError: ...
FAILED ALL-SMART-GPT-MUTPY/test_stack3_MOSA.py::test_case_1 - AssertionError:...
FAILED ALL-SMART-GPT-MUTPY/test_stack3_MOSA.py::test_case_4 - assert &lt;stack3....
FAILED ALL-SMART-GPT-MUTPY/test_stack3_MOSA.py::test_case_9 - AssertionError:...
FAILED ALL-SMART-GPT-MUTPY/test_stack3_MOSA.py::test_case_10 - AssertionError...
FAILED ALL-SMART-GPT-MUTPY/test_stack3_MOSA.py::test_case_13 - AssertionError...
FAILED ALL-SMART-GPT-MUTPY/test_stack3_MOSA.py::test_case_15 - AssertionError...
FAILED ALL-SMART-GPT-MUTPY/test_stack3_MOSA.py::test_case_16 - AssertionError...
FAILED ALL-SMART-GPT-MUTPY/test_stack3_MUTPY.py::test_remove_single_element
FAILED ALL-SMART-GPT-MUTPY/test_stack3_MUTPY.py::test_remove_multiple_elements_small_list
FAILED ALL-SMART-GPT-MUTPY/test_stack3_WHOLE_SUITE.py::test_case_1 - Assertio...
FAILED ALL-SMART-GPT-MUTPY/test_stack3_WHOLE_SUITE.py::test_case_4 - Assertio...
FAILED ALL-SMART-GPT-MUTPY/test_stack3_WHOLE_SUITE.py::test_case_5 - assert -...
FAILED ALL-SMART-GPT-MUTPY/test_stack3_WHOLE_SUITE.py::test_case_8 - assert &lt;...
======================== 21 failed, 50 passed in 0.33s =========================
</pre></div></div></div></div></div><div class="mb-1" id="job_list___sub_accordion_18"><div class="card"><a data-toggle="collapse" data-target="#job_list___sub_collapse_18_1" aria-expanded="false" aria-controls="job_list___sub_collapse_18_1" href="#" class="job_list___sub_multi_heading"><div role="alert" class="card-header alert-success" id="job_list___sub_heading_18_1"><button class="btn btn-outline-success"><span class="job_id">18 : Job ID da81356860b148d6b1073dc961fbd72f</span></button></div></a><div aria-labelledby="job_list___sub_heading_18_1" data-parent="#job_list___sub_accordion_18" class="collapse job_list___sub_multi_collapse" id="job_list___sub_collapse_18_1"><div class="card-body"><div class="work-item"><div class="alert alert-success test-outcome" role="alert"><p>worker outcome: normal</p><p>test outcome: killed</p></div></div><pre class="location"><a href="pycharm://open?file=stack3.py&amp;line=40" class="text-secondary"><button class="btn btn-outline-dark">stack3.py, start pos: (40, 23), end pos: (40, 25)</button></a></pre><pre>operator: core/ReplaceComparisonOperator_Eq_Gt, occurrence: 2</pre><div class="alert alert-secondary"><pre class="diff">--- mutation diff ---
--- astack3.py
+++ bstack3.py
@@ -37,7 +37,7 @@
 
         if self.__size == 0:
             return None
-        if self.__size == 1: # Alterado para corrigir comportamento
+        if self.__size &gt; 1: # Alterado para corrigir comportamento
             nodeToRemove = self.__head
             self.__sentinel.next = None
             self.__head = self.__sentinel</pre></div><div class="alert alert-secondary"><pre class="diff">============================= test session starts ==============================
platform linux -- Python 3.10.12, pytest-7.1.3, pluggy-1.0.0
rootdir: /home/lucca/desktop/ic/experimento/testes/python_experiments/stack3
plugins: Faker-15.1.1, hypothesis-6.56.3
collected 71 items

ALL-SMART-GPT-MUTPY/test_stack3_DYNAMOSA.py .........F...F...            [ 23%]
ALL-SMART-GPT-MUTPY/test_stack3_MIO.py .....................             [ 53%]
ALL-SMART-GPT-MUTPY/test_stack3_MOSA.py .........F...F...                [ 77%]
ALL-SMART-GPT-MUTPY/test_stack3_MUTPY.py ...F.F.                         [ 87%]
ALL-SMART-GPT-MUTPY/test_stack3_WHOLE_SUITE.py .........                 [100%]

=========================== short test summary info ============================
FAILED ALL-SMART-GPT-MUTPY/test_stack3_DYNAMOSA.py::test_case_9 - AssertionEr...
FAILED ALL-SMART-GPT-MUTPY/test_stack3_DYNAMOSA.py::test_case_13 - AttributeE...
FAILED ALL-SMART-GPT-MUTPY/test_stack3_MOSA.py::test_case_9 - AssertionError:...
FAILED ALL-SMART-GPT-MUTPY/test_stack3_MOSA.py::test_case_13 - AttributeError...
FAILED ALL-SMART-GPT-MUTPY/test_stack3_MUTPY.py::test_remove_single_element
FAILED ALL-SMART-GPT-MUTPY/test_stack3_MUTPY.py::test_remove_multiple_elements_small_list
========================= 6 failed, 65 passed in 0.25s =========================
</pre></div></div></div></div></div><div class="mb-1" id="job_list___sub_accordion_19"><div class="card"><a data-toggle="collapse" data-target="#job_list___sub_collapse_19_1" aria-expanded="false" aria-controls="job_list___sub_collapse_19_1" href="#" class="job_list___sub_multi_heading"><div role="alert" class="card-header alert-success" id="job_list___sub_heading_19_1"><button class="btn btn-outline-success"><span class="job_id">19 : Job ID 71813812ccd24779a58b6aab3ddfe103</span></button></div></a><div aria-labelledby="job_list___sub_heading_19_1" data-parent="#job_list___sub_accordion_19" class="collapse job_list___sub_multi_collapse" id="job_list___sub_collapse_19_1"><div class="card-body"><div class="work-item"><div class="alert alert-success test-outcome" role="alert"><p>worker outcome: normal</p><p>test outcome: killed</p></div></div><pre class="location"><a href="pycharm://open?file=stack3.py&amp;line=75" class="text-secondary"><button class="btn btn-outline-dark">stack3.py, start pos: (75, 35), end pos: (75, 37)</button></a></pre><pre>operator: core/ReplaceComparisonOperator_Eq_Gt, occurrence: 3</pre><div class="alert alert-secondary"><pre class="diff">--- mutation diff ---
--- astack3.py
+++ bstack3.py
@@ -72,7 +72,7 @@
 
         """Checks if linkedlist is empty."""
 
-        return True if self.__size == 0 else False
+        return True if self.__size &gt; 0 else False
 
     def toArray(self) -&gt; list:
 </pre></div><div class="alert alert-secondary"><pre class="diff">============================= test session starts ==============================
platform linux -- Python 3.10.12, pytest-7.1.3, pluggy-1.0.0
rootdir: /home/lucca/desktop/ic/experimento/testes/python_experiments/stack3
plugins: Faker-15.1.1, hypothesis-6.56.3
collected 71 items

ALL-SMART-GPT-MUTPY/test_stack3_DYNAMOSA.py ...FF..........FF            [ 23%]
ALL-SMART-GPT-MUTPY/test_stack3_MIO.py .....FF..............             [ 53%]
ALL-SMART-GPT-MUTPY/test_stack3_MOSA.py ...FF..........FF                [ 77%]
ALL-SMART-GPT-MUTPY/test_stack3_MUTPY.py ...F...                         [ 87%]
ALL-SMART-GPT-MUTPY/test_stack3_WHOLE_SUITE.py .F.....F.                 [100%]

=========================== short test summary info ============================
FAILED ALL-SMART-GPT-MUTPY/test_stack3_DYNAMOSA.py::test_case_3 - assert Fals...
FAILED ALL-SMART-GPT-MUTPY/test_stack3_DYNAMOSA.py::test_case_4 - assert True...
FAILED ALL-SMART-GPT-MUTPY/test_stack3_DYNAMOSA.py::test_case_15 - assert Tru...
FAILED ALL-SMART-GPT-MUTPY/test_stack3_DYNAMOSA.py::test_case_16 - assert Tru...
FAILED ALL-SMART-GPT-MUTPY/test_stack3_MIO.py::test_case_5 - assert False is ...
FAILED ALL-SMART-GPT-MUTPY/test_stack3_MIO.py::test_case_6 - assert True is F...
FAILED ALL-SMART-GPT-MUTPY/test_stack3_MOSA.py::test_case_3 - assert False is...
FAILED ALL-SMART-GPT-MUTPY/test_stack3_MOSA.py::test_case_4 - assert True is ...
FAILED ALL-SMART-GPT-MUTPY/test_stack3_MOSA.py::test_case_15 - assert True is...
FAILED ALL-SMART-GPT-MUTPY/test_stack3_MOSA.py::test_case_16 - assert True is...
FAILED ALL-SMART-GPT-MUTPY/test_stack3_MUTPY.py::test_remove_single_element
FAILED ALL-SMART-GPT-MUTPY/test_stack3_WHOLE_SUITE.py::test_case_1 - assert T...
FAILED ALL-SMART-GPT-MUTPY/test_stack3_WHOLE_SUITE.py::test_case_7 - assert F...
======================== 13 failed, 58 passed in 0.24s =========================
</pre></div></div></div></div></div><div class="mb-1" id="job_list___sub_accordion_20"><div class="card"><a data-toggle="collapse" data-target="#job_list___sub_collapse_20_1" aria-expanded="false" aria-controls="job_list___sub_collapse_20_1" href="#" class="job_list___sub_multi_heading"><div role="alert" class="card-header alert-success" id="job_list___sub_heading_20_1"><button class="btn btn-outline-success"><span class="job_id">20 : Job ID 0f543407367c48858c363f379804cfe9</span></button></div></a><div aria-labelledby="job_list___sub_heading_20_1" data-parent="#job_list___sub_accordion_20" class="collapse job_list___sub_multi_collapse" id="job_list___sub_collapse_20_1"><div class="card-body"><div class="work-item"><div class="alert alert-success test-outcome" role="alert"><p>worker outcome: normal</p><p>test outcome: killed</p></div></div><pre class="location"><a href="pycharm://open?file=stack3.py&amp;line=125" class="text-secondary"><button class="btn btn-outline-dark">stack3.py, start pos: (125, 46), end pos: (125, 48)</button></a></pre><pre>operator: core/ReplaceComparisonOperator_Eq_Gt, occurrence: 4</pre><div class="alert alert-secondary"><pre class="diff">--- mutation diff ---
--- astack3.py
+++ bstack3.py
@@ -122,7 +122,7 @@
 
         """Check if stack is empty."""
 
-        return True if self.__stack.getSize() == 0 else False
+        return True if self.__stack.getSize() &gt; 0 else False
 
     def getSize(self) -&gt; int:
 </pre></div><div class="alert alert-secondary"><pre class="diff">============================= test session starts ==============================
platform linux -- Python 3.10.12, pytest-7.1.3, pluggy-1.0.0
rootdir: /home/lucca/desktop/ic/experimento/testes/python_experiments/stack3
plugins: Faker-15.1.1, hypothesis-6.56.3
collected 71 items

ALL-SMART-GPT-MUTPY/test_stack3_DYNAMOSA.py .......F.....F...            [ 23%]
ALL-SMART-GPT-MUTPY/test_stack3_MIO.py ...........FF........             [ 53%]
ALL-SMART-GPT-MUTPY/test_stack3_MOSA.py .......F.....F...                [ 77%]
ALL-SMART-GPT-MUTPY/test_stack3_MUTPY.py .......                         [ 87%]
ALL-SMART-GPT-MUTPY/test_stack3_WHOLE_SUITE.py ..FF.....                 [100%]

=========================== short test summary info ============================
FAILED ALL-SMART-GPT-MUTPY/test_stack3_DYNAMOSA.py::test_case_7 - assert Fals...
FAILED ALL-SMART-GPT-MUTPY/test_stack3_DYNAMOSA.py::test_case_13 - assert Tru...
FAILED ALL-SMART-GPT-MUTPY/test_stack3_MIO.py::test_case_11 - assert False is...
FAILED ALL-SMART-GPT-MUTPY/test_stack3_MIO.py::test_case_12 - assert True is ...
FAILED ALL-SMART-GPT-MUTPY/test_stack3_MOSA.py::test_case_7 - assert False is...
FAILED ALL-SMART-GPT-MUTPY/test_stack3_MOSA.py::test_case_13 - assert True is...
FAILED ALL-SMART-GPT-MUTPY/test_stack3_WHOLE_SUITE.py::test_case_2 - assert F...
FAILED ALL-SMART-GPT-MUTPY/test_stack3_WHOLE_SUITE.py::test_case_3 - assert T...
========================= 8 failed, 63 passed in 0.24s =========================
</pre></div></div></div></div></div><div class="mb-1" id="job_list___sub_accordion_21"><div class="card"><a data-toggle="collapse" data-target="#job_list___sub_collapse_21_1" aria-expanded="false" aria-controls="job_list___sub_collapse_21_1" href="#" class="job_list___sub_multi_heading"><div role="alert" class="card-header alert-success" id="job_list___sub_heading_21_1"><button class="btn btn-outline-success"><span class="job_id">21 : Job ID ba6463b51184437b8c8d94c4f920e085</span></button></div></a><div aria-labelledby="job_list___sub_heading_21_1" data-parent="#job_list___sub_accordion_21" class="collapse job_list___sub_multi_collapse" id="job_list___sub_collapse_21_1"><div class="card-body"><div class="work-item"><div class="alert alert-success test-outcome" role="alert"><p>worker outcome: normal</p><p>test outcome: killed</p></div></div><pre class="location"><a href="pycharm://open?file=stack3.py&amp;line=24" class="text-secondary"><button class="btn btn-outline-dark">stack3.py, start pos: (24, 23), end pos: (24, 25)</button></a></pre><pre>operator: core/ReplaceComparisonOperator_Eq_GtE, occurrence: 0</pre><div class="alert alert-secondary"><pre class="diff">--- mutation diff ---
--- astack3.py
+++ bstack3.py
@@ -21,7 +21,7 @@
         """Add element to linked list."""
 
         newNode = Node(value)
-        if self.__size == 0:
+        if self.__size &gt;= 0:
             self.__head.next = newNode
             self.__head = newNode
             self.__size += 1</pre></div><div class="alert alert-secondary"><pre class="diff">============================= test session starts ==============================
platform linux -- Python 3.10.12, pytest-7.1.3, pluggy-1.0.0
rootdir: /home/lucca/desktop/ic/experimento/testes/python_experiments/stack3
plugins: Faker-15.1.1, hypothesis-6.56.3
collected 71 items

ALL-SMART-GPT-MUTPY/test_stack3_DYNAMOSA.py ...............FF            [ 23%]
ALL-SMART-GPT-MUTPY/test_stack3_MIO.py .....................             [ 53%]
ALL-SMART-GPT-MUTPY/test_stack3_MOSA.py ...............FF                [ 77%]
ALL-SMART-GPT-MUTPY/test_stack3_MUTPY.py .FF.FFF                         [ 87%]
ALL-SMART-GPT-MUTPY/test_stack3_WHOLE_SUITE.py .F.......                 [100%]

=========================== short test summary info ============================
FAILED ALL-SMART-GPT-MUTPY/test_stack3_DYNAMOSA.py::test_case_15 - AssertionE...
FAILED ALL-SMART-GPT-MUTPY/test_stack3_DYNAMOSA.py::test_case_16 - AssertionE...
FAILED ALL-SMART-GPT-MUTPY/test_stack3_MOSA.py::test_case_15 - AssertionError...
FAILED ALL-SMART-GPT-MUTPY/test_stack3_MOSA.py::test_case_16 - AssertionError...
FAILED ALL-SMART-GPT-MUTPY/test_stack3_MUTPY.py::test_singly_linked_list_add
FAILED ALL-SMART-GPT-MUTPY/test_stack3_MUTPY.py::test_stack_push - AssertionE...
FAILED ALL-SMART-GPT-MUTPY/test_stack3_MUTPY.py::test_singly_linked_list_next_values
FAILED ALL-SMART-GPT-MUTPY/test_stack3_MUTPY.py::test_remove_multiple_elements_small_list
FAILED ALL-SMART-GPT-MUTPY/test_stack3_MUTPY.py::test_sentinel - assert &lt;stac...
FAILED ALL-SMART-GPT-MUTPY/test_stack3_WHOLE_SUITE.py::test_case_1 - Assertio...
======================== 10 failed, 61 passed in 0.24s =========================
</pre></div></div></div></div></div><div class="mb-1" id="job_list___sub_accordion_22"><div class="card"><a data-toggle="collapse" data-target="#job_list___sub_collapse_22_1" aria-expanded="false" aria-controls="job_list___sub_collapse_22_1" href="#" class="job_list___sub_multi_heading"><div role="alert" class="card-header alert-success" id="job_list___sub_heading_22_1"><button class="btn btn-outline-success"><span class="job_id">22 : Job ID 45af3d3a19c242b9881c92ebbebb0e22</span></button></div></a><div aria-labelledby="job_list___sub_heading_22_1" data-parent="#job_list___sub_accordion_22" class="collapse job_list___sub_multi_collapse" id="job_list___sub_collapse_22_1"><div class="card-body"><div class="work-item"><div class="alert alert-success test-outcome" role="alert"><p>worker outcome: normal</p><p>test outcome: killed</p></div></div><pre class="location"><a href="pycharm://open?file=stack3.py&amp;line=38" class="text-secondary"><button class="btn btn-outline-dark">stack3.py, start pos: (38, 23), end pos: (38, 25)</button></a></pre><pre>operator: core/ReplaceComparisonOperator_Eq_GtE, occurrence: 1</pre><div class="alert alert-secondary"><pre class="diff">--- mutation diff ---
--- astack3.py
+++ bstack3.py
@@ -35,7 +35,7 @@
 
         """Remove node from linkedlist."""
 
-        if self.__size == 0:
+        if self.__size &gt;= 0:
             return None
         if self.__size == 1: # Alterado para corrigir comportamento
             nodeToRemove = self.__head</pre></div><div class="alert alert-secondary"><pre class="diff">============================= test session starts ==============================
platform linux -- Python 3.10.12, pytest-7.1.3, pluggy-1.0.0
rootdir: /home/lucca/desktop/ic/experimento/testes/python_experiments/stack3
plugins: Faker-15.1.1, hypothesis-6.56.3
collected 71 items

ALL-SMART-GPT-MUTPY/test_stack3_DYNAMOSA.py .F..F....FF..F.FF            [ 23%]
ALL-SMART-GPT-MUTPY/test_stack3_MIO.py ...F.................             [ 53%]
ALL-SMART-GPT-MUTPY/test_stack3_MOSA.py .F..F....FF..F.FF                [ 77%]
ALL-SMART-GPT-MUTPY/test_stack3_MUTPY.py ...F.F.                         [ 87%]
ALL-SMART-GPT-MUTPY/test_stack3_WHOLE_SUITE.py .F..F....                 [100%]

=========================== short test summary info ============================
FAILED ALL-SMART-GPT-MUTPY/test_stack3_DYNAMOSA.py::test_case_1 - AssertionEr...
FAILED ALL-SMART-GPT-MUTPY/test_stack3_DYNAMOSA.py::test_case_4 - assert &lt;sta...
FAILED ALL-SMART-GPT-MUTPY/test_stack3_DYNAMOSA.py::test_case_9 - AssertionEr...
FAILED ALL-SMART-GPT-MUTPY/test_stack3_DYNAMOSA.py::test_case_10 - AssertionE...
FAILED ALL-SMART-GPT-MUTPY/test_stack3_DYNAMOSA.py::test_case_13 - AssertionE...
FAILED ALL-SMART-GPT-MUTPY/test_stack3_DYNAMOSA.py::test_case_15 - AssertionE...
FAILED ALL-SMART-GPT-MUTPY/test_stack3_DYNAMOSA.py::test_case_16 - AssertionE...
FAILED ALL-SMART-GPT-MUTPY/test_stack3_MIO.py::test_case_3 - AssertionError: ...
FAILED ALL-SMART-GPT-MUTPY/test_stack3_MOSA.py::test_case_1 - AssertionError:...
FAILED ALL-SMART-GPT-MUTPY/test_stack3_MOSA.py::test_case_4 - assert &lt;stack3....
FAILED ALL-SMART-GPT-MUTPY/test_stack3_MOSA.py::test_case_9 - AssertionError:...
FAILED ALL-SMART-GPT-MUTPY/test_stack3_MOSA.py::test_case_10 - AssertionError...
FAILED ALL-SMART-GPT-MUTPY/test_stack3_MOSA.py::test_case_13 - AssertionError...
FAILED ALL-SMART-GPT-MUTPY/test_stack3_MOSA.py::test_case_15 - AssertionError...
FAILED ALL-SMART-GPT-MUTPY/test_stack3_MOSA.py::test_case_16 - AssertionError...
FAILED ALL-SMART-GPT-MUTPY/test_stack3_MUTPY.py::test_remove_single_element
FAILED ALL-SMART-GPT-MUTPY/test_stack3_MUTPY.py::test_remove_multiple_elements_small_list
FAILED ALL-SMART-GPT-MUTPY/test_stack3_WHOLE_SUITE.py::test_case_1 - Assertio...
FAILED ALL-SMART-GPT-MUTPY/test_stack3_WHOLE_SUITE.py::test_case_4 - Assertio...
======================== 19 failed, 52 passed in 0.26s =========================
</pre></div></div></div></div></div><div class="mb-1" id="job_list___sub_accordion_23"><div class="card"><a data-toggle="collapse" data-target="#job_list___sub_collapse_23_1" aria-expanded="false" aria-controls="job_list___sub_collapse_23_1" href="#" class="job_list___sub_multi_heading"><div role="alert" class="card-header alert-success" id="job_list___sub_heading_23_1"><button class="btn btn-outline-success"><span class="job_id">23 : Job ID 5142dd38a08a41c4b417f48f998fbe16</span></button></div></a><div aria-labelledby="job_list___sub_heading_23_1" data-parent="#job_list___sub_accordion_23" class="collapse job_list___sub_multi_collapse" id="job_list___sub_collapse_23_1"><div class="card-body"><div class="work-item"><div class="alert alert-success test-outcome" role="alert"><p>worker outcome: normal</p><p>test outcome: killed</p></div></div><pre class="location"><a href="pycharm://open?file=stack3.py&amp;line=40" class="text-secondary"><button class="btn btn-outline-dark">stack3.py, start pos: (40, 23), end pos: (40, 25)</button></a></pre><pre>operator: core/ReplaceComparisonOperator_Eq_GtE, occurrence: 2</pre><div class="alert alert-secondary"><pre class="diff">--- mutation diff ---
--- astack3.py
+++ bstack3.py
@@ -37,7 +37,7 @@
 
         if self.__size == 0:
             return None
-        if self.__size == 1: # Alterado para corrigir comportamento
+        if self.__size &gt;= 1: # Alterado para corrigir comportamento
             nodeToRemove = self.__head
             self.__sentinel.next = None
             self.__head = self.__sentinel</pre></div><div class="alert alert-secondary"><pre class="diff">============================= test session starts ==============================
platform linux -- Python 3.10.12, pytest-7.1.3, pluggy-1.0.0
rootdir: /home/lucca/desktop/ic/experimento/testes/python_experiments/stack3
plugins: Faker-15.1.1, hypothesis-6.56.3
collected 71 items

ALL-SMART-GPT-MUTPY/test_stack3_DYNAMOSA.py .................            [ 23%]
ALL-SMART-GPT-MUTPY/test_stack3_MIO.py .....................             [ 53%]
ALL-SMART-GPT-MUTPY/test_stack3_MOSA.py .................                [ 77%]
ALL-SMART-GPT-MUTPY/test_stack3_MUTPY.py .....F.                         [ 87%]
ALL-SMART-GPT-MUTPY/test_stack3_WHOLE_SUITE.py .........                 [100%]

=========================== short test summary info ============================
FAILED ALL-SMART-GPT-MUTPY/test_stack3_MUTPY.py::test_remove_multiple_elements_small_list
========================= 1 failed, 70 passed in 0.26s =========================
</pre></div></div></div></div></div><div class="mb-1" id="job_list___sub_accordion_24"><div class="card"><a data-toggle="collapse" data-target="#job_list___sub_collapse_24_1" aria-expanded="false" aria-controls="job_list___sub_collapse_24_1" href="#" class="job_list___sub_multi_heading"><div role="alert" class="card-header alert-success" id="job_list___sub_heading_24_1"><button class="btn btn-outline-success"><span class="job_id">24 : Job ID 5ab6ecbf77834aef90752fcf11ce754e</span></button></div></a><div aria-labelledby="job_list___sub_heading_24_1" data-parent="#job_list___sub_accordion_24" class="collapse job_list___sub_multi_collapse" id="job_list___sub_collapse_24_1"><div class="card-body"><div class="work-item"><div class="alert alert-success test-outcome" role="alert"><p>worker outcome: normal</p><p>test outcome: killed</p></div></div><pre class="location"><a href="pycharm://open?file=stack3.py&amp;line=75" class="text-secondary"><button class="btn btn-outline-dark">stack3.py, start pos: (75, 35), end pos: (75, 37)</button></a></pre><pre>operator: core/ReplaceComparisonOperator_Eq_GtE, occurrence: 3</pre><div class="alert alert-secondary"><pre class="diff">--- mutation diff ---
--- astack3.py
+++ bstack3.py
@@ -72,7 +72,7 @@
 
         """Checks if linkedlist is empty."""
 
-        return True if self.__size == 0 else False
+        return True if self.__size &gt;= 0 else False
 
     def toArray(self) -&gt; list:
 </pre></div><div class="alert alert-secondary"><pre class="diff">============================= test session starts ==============================
platform linux -- Python 3.10.12, pytest-7.1.3, pluggy-1.0.0
rootdir: /home/lucca/desktop/ic/experimento/testes/python_experiments/stack3
plugins: Faker-15.1.1, hypothesis-6.56.3
collected 71 items

ALL-SMART-GPT-MUTPY/test_stack3_DYNAMOSA.py ....F..........FF            [ 23%]
ALL-SMART-GPT-MUTPY/test_stack3_MIO.py ......F..............             [ 53%]
ALL-SMART-GPT-MUTPY/test_stack3_MOSA.py ....F..........FF                [ 77%]
ALL-SMART-GPT-MUTPY/test_stack3_MUTPY.py .......                         [ 87%]
ALL-SMART-GPT-MUTPY/test_stack3_WHOLE_SUITE.py .F.......                 [100%]

=========================== short test summary info ============================
FAILED ALL-SMART-GPT-MUTPY/test_stack3_DYNAMOSA.py::test_case_4 - assert True...
FAILED ALL-SMART-GPT-MUTPY/test_stack3_DYNAMOSA.py::test_case_15 - assert Tru...
FAILED ALL-SMART-GPT-MUTPY/test_stack3_DYNAMOSA.py::test_case_16 - assert Tru...
FAILED ALL-SMART-GPT-MUTPY/test_stack3_MIO.py::test_case_6 - assert True is F...
FAILED ALL-SMART-GPT-MUTPY/test_stack3_MOSA.py::test_case_4 - assert True is ...
FAILED ALL-SMART-GPT-MUTPY/test_stack3_MOSA.py::test_case_15 - assert True is...
FAILED ALL-SMART-GPT-MUTPY/test_stack3_MOSA.py::test_case_16 - assert True is...
FAILED ALL-SMART-GPT-MUTPY/test_stack3_WHOLE_SUITE.py::test_case_1 - assert T...
========================= 8 failed, 63 passed in 0.25s =========================
</pre></div></div></div></div></div><div class="mb-1" id="job_list___sub_accordion_25"><div class="card"><a data-toggle="collapse" data-target="#job_list___sub_collapse_25_1" aria-expanded="false" aria-controls="job_list___sub_collapse_25_1" href="#" class="job_list___sub_multi_heading"><div role="alert" class="card-header alert-success" id="job_list___sub_heading_25_1"><button class="btn btn-outline-success"><span class="job_id">25 : Job ID c2fbf5e8037b44b79e2482b2b981780a</span></button></div></a><div aria-labelledby="job_list___sub_heading_25_1" data-parent="#job_list___sub_accordion_25" class="collapse job_list___sub_multi_collapse" id="job_list___sub_collapse_25_1"><div class="card-body"><div class="work-item"><div class="alert alert-success test-outcome" role="alert"><p>worker outcome: normal</p><p>test outcome: killed</p></div></div><pre class="location"><a href="pycharm://open?file=stack3.py&amp;line=125" class="text-secondary"><button class="btn btn-outline-dark">stack3.py, start pos: (125, 46), end pos: (125, 48)</button></a></pre><pre>operator: core/ReplaceComparisonOperator_Eq_GtE, occurrence: 4</pre><div class="alert alert-secondary"><pre class="diff">--- mutation diff ---
--- astack3.py
+++ bstack3.py
@@ -122,7 +122,7 @@
 
         """Check if stack is empty."""
 
-        return True if self.__stack.getSize() == 0 else False
+        return True if self.__stack.getSize() &gt;= 0 else False
 
     def getSize(self) -&gt; int:
 </pre></div><div class="alert alert-secondary"><pre class="diff">============================= test session starts ==============================
platform linux -- Python 3.10.12, pytest-7.1.3, pluggy-1.0.0
rootdir: /home/lucca/desktop/ic/experimento/testes/python_experiments/stack3
plugins: Faker-15.1.1, hypothesis-6.56.3
collected 71 items

ALL-SMART-GPT-MUTPY/test_stack3_DYNAMOSA.py .............F...            [ 23%]
ALL-SMART-GPT-MUTPY/test_stack3_MIO.py ............F........             [ 53%]
ALL-SMART-GPT-MUTPY/test_stack3_MOSA.py .............F...                [ 77%]
ALL-SMART-GPT-MUTPY/test_stack3_MUTPY.py .......                         [ 87%]
ALL-SMART-GPT-MUTPY/test_stack3_WHOLE_SUITE.py ...F.....                 [100%]

=========================== short test summary info ============================
FAILED ALL-SMART-GPT-MUTPY/test_stack3_DYNAMOSA.py::test_case_13 - assert Tru...
FAILED ALL-SMART-GPT-MUTPY/test_stack3_MIO.py::test_case_12 - assert True is ...
FAILED ALL-SMART-GPT-MUTPY/test_stack3_MOSA.py::test_case_13 - assert True is...
FAILED ALL-SMART-GPT-MUTPY/test_stack3_WHOLE_SUITE.py::test_case_3 - assert T...
========================= 4 failed, 67 passed in 0.24s =========================
</pre></div></div></div></div></div><div class="mb-1" id="job_list___sub_accordion_26"><div class="card"><a data-toggle="collapse" data-target="#job_list___sub_collapse_26_1" aria-expanded="false" aria-controls="job_list___sub_collapse_26_1" href="#" class="job_list___sub_multi_heading"><div role="alert" class="card-header alert-success" id="job_list___sub_heading_26_1"><button class="btn btn-outline-success"><span class="job_id">26 : Job ID e3ab336c4f1a46ce878c68ef86c9db68</span></button></div></a><div aria-labelledby="job_list___sub_heading_26_1" data-parent="#job_list___sub_accordion_26" class="collapse job_list___sub_multi_collapse" id="job_list___sub_collapse_26_1"><div class="card-body"><div class="work-item"><div class="alert alert-success test-outcome" role="alert"><p>worker outcome: normal</p><p>test outcome: killed</p></div></div><pre class="location"><a href="pycharm://open?file=stack3.py&amp;line=137" class="text-secondary"><button class="btn btn-outline-dark">stack3.py, start pos: (137, 44), end pos: (137, 45)</button></a></pre><pre>operator: core/ReplaceUnaryOperator_USub_UAdd, occurrence: 0</pre><div class="alert alert-secondary"><pre class="diff">--- mutation diff ---
--- astack3.py
+++ bstack3.py
@@ -134,5 +134,5 @@
 
         """Get string representation of the stack."""
 
-        return str(self.__stack.toArray()[::-1])
+        return str(self.__stack.toArray()[::+1])
 </pre></div><div class="alert alert-secondary"><pre class="diff">============================= test session starts ==============================
platform linux -- Python 3.10.12, pytest-7.1.3, pluggy-1.0.0
rootdir: /home/lucca/desktop/ic/experimento/testes/python_experiments/stack3
plugins: Faker-15.1.1, hypothesis-6.56.3
collected 71 items

ALL-SMART-GPT-MUTPY/test_stack3_DYNAMOSA.py .................            [ 23%]
ALL-SMART-GPT-MUTPY/test_stack3_MIO.py .....................             [ 53%]
ALL-SMART-GPT-MUTPY/test_stack3_MOSA.py .................                [ 77%]
ALL-SMART-GPT-MUTPY/test_stack3_MUTPY.py ..F....                         [ 87%]
ALL-SMART-GPT-MUTPY/test_stack3_WHOLE_SUITE.py .........                 [100%]

=========================== short test summary info ============================
FAILED ALL-SMART-GPT-MUTPY/test_stack3_MUTPY.py::test_stack_push - AssertionE...
========================= 1 failed, 70 passed in 0.26s =========================
</pre></div></div></div></div></div><div class="mb-1" id="job_list___sub_accordion_27"><div class="card"><a data-toggle="collapse" data-target="#job_list___sub_collapse_27_1" aria-expanded="false" aria-controls="job_list___sub_collapse_27_1" href="#" class="job_list___sub_multi_heading"><div role="alert" class="card-header alert-success" id="job_list___sub_heading_27_1"><button class="btn btn-outline-success"><span class="job_id">27 : Job ID 4b3d651420e64000882b648d8abee075</span></button></div></a><div aria-labelledby="job_list___sub_heading_27_1" data-parent="#job_list___sub_accordion_27" class="collapse job_list___sub_multi_collapse" id="job_list___sub_collapse_27_1"><div class="card-body"><div class="work-item"><div class="alert alert-success test-outcome" role="alert"><p>worker outcome: normal</p><p>test outcome: killed</p></div></div><pre class="location"><a href="pycharm://open?file=stack3.py&amp;line=137" class="text-secondary"><button class="btn btn-outline-dark">stack3.py, start pos: (137, 44), end pos: (137, 45)</button></a></pre><pre>operator: core/ReplaceUnaryOperator_USub_Invert, occurrence: 0</pre><div class="alert alert-secondary"><pre class="diff">--- mutation diff ---
--- astack3.py
+++ bstack3.py
@@ -134,5 +134,5 @@
 
         """Get string representation of the stack."""
 
-        return str(self.__stack.toArray()[::-1])
+        return str(self.__stack.toArray()[::~1])
 </pre></div><div class="alert alert-secondary"><pre class="diff">============================= test session starts ==============================
platform linux -- Python 3.10.12, pytest-7.1.3, pluggy-1.0.0
rootdir: /home/lucca/desktop/ic/experimento/testes/python_experiments/stack3
plugins: Faker-15.1.1, hypothesis-6.56.3
collected 71 items

ALL-SMART-GPT-MUTPY/test_stack3_DYNAMOSA.py .................            [ 23%]
ALL-SMART-GPT-MUTPY/test_stack3_MIO.py .....................             [ 53%]
ALL-SMART-GPT-MUTPY/test_stack3_MOSA.py .................                [ 77%]
ALL-SMART-GPT-MUTPY/test_stack3_MUTPY.py ..F....                         [ 87%]
ALL-SMART-GPT-MUTPY/test_stack3_WHOLE_SUITE.py .........                 [100%]

=========================== short test summary info ============================
FAILED ALL-SMART-GPT-MUTPY/test_stack3_MUTPY.py::test_stack_push - AssertionE...
========================= 1 failed, 70 passed in 0.24s =========================
</pre></div></div></div></div></div><div class="mb-1" id="job_list___sub_accordion_28"><div class="card"><a data-toggle="collapse" data-target="#job_list___sub_collapse_28_1" aria-expanded="false" aria-controls="job_list___sub_collapse_28_1" href="#" class="job_list___sub_multi_heading"><div role="alert" class="card-header alert-success" id="job_list___sub_heading_28_1"><button class="btn btn-outline-success"><span class="job_id">28 : Job ID b59d4823b58249bab2e99cbb4b15c3bf</span></button></div></a><div aria-labelledby="job_list___sub_heading_28_1" data-parent="#job_list___sub_accordion_28" class="collapse job_list___sub_multi_collapse" id="job_list___sub_collapse_28_1"><div class="card-body"><div class="work-item"><div class="alert alert-success test-outcome" role="alert"><p>worker outcome: normal</p><p>test outcome: killed</p></div></div><pre class="location"><a href="pycharm://open?file=stack3.py&amp;line=137" class="text-secondary"><button class="btn btn-outline-dark">stack3.py, start pos: (137, 44), end pos: (137, 45)</button></a></pre><pre>operator: core/ReplaceUnaryOperator_USub_Not, occurrence: 0</pre><div class="alert alert-secondary"><pre class="diff">--- mutation diff ---
--- astack3.py
+++ bstack3.py
@@ -134,5 +134,5 @@
 
         """Get string representation of the stack."""
 
-        return str(self.__stack.toArray()[::-1])
+        return str(self.__stack.toArray()[::not 1])
 </pre></div><div class="alert alert-secondary"><pre class="diff">============================= test session starts ==============================
platform linux -- Python 3.10.12, pytest-7.1.3, pluggy-1.0.0
rootdir: /home/lucca/desktop/ic/experimento/testes/python_experiments/stack3
plugins: Faker-15.1.1, hypothesis-6.56.3
collected 71 items

ALL-SMART-GPT-MUTPY/test_stack3_DYNAMOSA.py .....F......F....            [ 23%]
ALL-SMART-GPT-MUTPY/test_stack3_MIO.py ....................F             [ 53%]
ALL-SMART-GPT-MUTPY/test_stack3_MOSA.py .....F......F....                [ 77%]
ALL-SMART-GPT-MUTPY/test_stack3_MUTPY.py ..F....                         [ 87%]
ALL-SMART-GPT-MUTPY/test_stack3_WHOLE_SUITE.py ...F.....                 [100%]

=========================== short test summary info ============================
FAILED ALL-SMART-GPT-MUTPY/test_stack3_DYNAMOSA.py::test_case_5 - ValueError:...
FAILED ALL-SMART-GPT-MUTPY/test_stack3_DYNAMOSA.py::test_case_12 - ValueError...
FAILED ALL-SMART-GPT-MUTPY/test_stack3_MIO.py::test_case_20 - ValueError: sli...
FAILED ALL-SMART-GPT-MUTPY/test_stack3_MOSA.py::test_case_5 - ValueError: sli...
FAILED ALL-SMART-GPT-MUTPY/test_stack3_MOSA.py::test_case_12 - ValueError: sl...
FAILED ALL-SMART-GPT-MUTPY/test_stack3_MUTPY.py::test_stack_push - ValueError...
FAILED ALL-SMART-GPT-MUTPY/test_stack3_WHOLE_SUITE.py::test_case_3 - ValueErr...
========================= 7 failed, 64 passed in 0.25s =========================
</pre></div></div></div></div></div><div class="mb-1" id="job_list___sub_accordion_29"><div class="card"><a data-toggle="collapse" data-target="#job_list___sub_collapse_29_1" aria-expanded="false" aria-controls="job_list___sub_collapse_29_1" href="#" class="job_list___sub_multi_heading"><div role="alert" class="card-header alert-success" id="job_list___sub_heading_29_1"><button class="btn btn-outline-success"><span class="job_id">29 : Job ID 999c8db74a574a13b5da7cd03c8cf5e6</span></button></div></a><div aria-labelledby="job_list___sub_heading_29_1" data-parent="#job_list___sub_accordion_29" class="collapse job_list___sub_multi_collapse" id="job_list___sub_collapse_29_1"><div class="card-body"><div class="work-item"><div class="alert alert-success test-outcome" role="alert"><p>worker outcome: normal</p><p>test outcome: killed</p></div></div><pre class="location"><a href="pycharm://open?file=stack3.py&amp;line=137" class="text-secondary"><button class="btn btn-outline-dark">stack3.py, start pos: (137, 44), end pos: (137, 45)</button></a></pre><pre>operator: core/ReplaceUnaryOperator_Delete_USub, occurrence: 0</pre><div class="alert alert-secondary"><pre class="diff">--- mutation diff ---
--- astack3.py
+++ bstack3.py
@@ -134,5 +134,5 @@
 
         """Get string representation of the stack."""
 
-        return str(self.__stack.toArray()[::-1])
+        return str(self.__stack.toArray()[::1])
 </pre></div><div class="alert alert-secondary"><pre class="diff">============================= test session starts ==============================
platform linux -- Python 3.10.12, pytest-7.1.3, pluggy-1.0.0
rootdir: /home/lucca/desktop/ic/experimento/testes/python_experiments/stack3
plugins: Faker-15.1.1, hypothesis-6.56.3
collected 71 items

ALL-SMART-GPT-MUTPY/test_stack3_DYNAMOSA.py .................            [ 23%]
ALL-SMART-GPT-MUTPY/test_stack3_MIO.py .....................             [ 53%]
ALL-SMART-GPT-MUTPY/test_stack3_MOSA.py .................                [ 77%]
ALL-SMART-GPT-MUTPY/test_stack3_MUTPY.py ..F....                         [ 87%]
ALL-SMART-GPT-MUTPY/test_stack3_WHOLE_SUITE.py .........                 [100%]

=========================== short test summary info ============================
FAILED ALL-SMART-GPT-MUTPY/test_stack3_MUTPY.py::test_stack_push - AssertionE...
========================= 1 failed, 70 passed in 0.30s =========================
</pre></div></div></div></div></div><div class="mb-1" id="job_list___sub_accordion_30"><div class="card"><a data-toggle="collapse" data-target="#job_list___sub_collapse_30_1" aria-expanded="false" aria-controls="job_list___sub_collapse_30_1" href="#" class="job_list___sub_multi_heading"><div role="alert" class="card-header alert-success" id="job_list___sub_heading_30_1"><button class="btn btn-outline-success"><span class="job_id">30 : Job ID 4bc16969335c4fecb5dcf65984ac03d9</span></button></div></a><div aria-labelledby="job_list___sub_heading_30_1" data-parent="#job_list___sub_accordion_30" class="collapse job_list___sub_multi_collapse" id="job_list___sub_collapse_30_1"><div class="card-body"><div class="work-item"><div class="alert alert-success test-outcome" role="alert"><p>worker outcome: normal</p><p>test outcome: killed</p></div></div><pre class="location"><a href="pycharm://open?file=stack3.py&amp;line=24" class="text-secondary"><button class="btn btn-outline-dark">stack3.py, start pos: (24, 11), end pos: (24, 27)</button></a></pre><pre>operator: core/AddNot, occurrence: 0</pre><div class="alert alert-secondary"><pre class="diff">--- mutation diff ---
--- astack3.py
+++ bstack3.py
@@ -21,7 +21,7 @@
         """Add element to linked list."""
 
         newNode = Node(value)
-        if self.__size == 0:
+        if not self.__size == 0:
             self.__head.next = newNode
             self.__head = newNode
             self.__size += 1</pre></div><div class="alert alert-secondary"><pre class="diff">timeout</pre></div></div></div></div></div><div class="mb-1" id="job_list___sub_accordion_31"><div class="card"><a data-toggle="collapse" data-target="#job_list___sub_collapse_31_1" aria-expanded="false" aria-controls="job_list___sub_collapse_31_1" href="#" class="job_list___sub_multi_heading"><div role="alert" class="card-header alert-success" id="job_list___sub_heading_31_1"><button class="btn btn-outline-success"><span class="job_id">31 : Job ID d9839ecffaaf4c86bdddafa816a9a3d0</span></button></div></a><div aria-labelledby="job_list___sub_heading_31_1" data-parent="#job_list___sub_accordion_31" class="collapse job_list___sub_multi_collapse" id="job_list___sub_collapse_31_1"><div class="card-body"><div class="work-item"><div class="alert alert-success test-outcome" role="alert"><p>worker outcome: normal</p><p>test outcome: killed</p></div></div><pre class="location"><a href="pycharm://open?file=stack3.py&amp;line=38" class="text-secondary"><button class="btn btn-outline-dark">stack3.py, start pos: (38, 11), end pos: (38, 27)</button></a></pre><pre>operator: core/AddNot, occurrence: 1</pre><div class="alert alert-secondary"><pre class="diff">--- mutation diff ---
--- astack3.py
+++ bstack3.py
@@ -35,7 +35,7 @@
 
         """Remove node from linkedlist."""
 
-        if self.__size == 0:
+        if not self.__size == 0:
             return None
         if self.__size == 1: # Alterado para corrigir comportamento
             nodeToRemove = self.__head</pre></div><div class="alert alert-secondary"><pre class="diff">============================= test session starts ==============================
platform linux -- Python 3.10.12, pytest-7.1.3, pluggy-1.0.0
rootdir: /home/lucca/desktop/ic/experimento/testes/python_experiments/stack3
plugins: Faker-15.1.1, hypothesis-6.56.3
collected 71 items

ALL-SMART-GPT-MUTPY/test_stack3_DYNAMOSA.py .F..F....FF..F.FF            [ 23%]
ALL-SMART-GPT-MUTPY/test_stack3_MIO.py ...F.................             [ 53%]
ALL-SMART-GPT-MUTPY/test_stack3_MOSA.py .F..F....FF..F.FF                [ 77%]
ALL-SMART-GPT-MUTPY/test_stack3_MUTPY.py ...F.F.                         [ 87%]
ALL-SMART-GPT-MUTPY/test_stack3_WHOLE_SUITE.py .F..FF..F                 [100%]

=========================== short test summary info ============================
FAILED ALL-SMART-GPT-MUTPY/test_stack3_DYNAMOSA.py::test_case_1 - AssertionEr...
FAILED ALL-SMART-GPT-MUTPY/test_stack3_DYNAMOSA.py::test_case_4 - assert &lt;sta...
FAILED ALL-SMART-GPT-MUTPY/test_stack3_DYNAMOSA.py::test_case_9 - AssertionEr...
FAILED ALL-SMART-GPT-MUTPY/test_stack3_DYNAMOSA.py::test_case_10 - AssertionE...
FAILED ALL-SMART-GPT-MUTPY/test_stack3_DYNAMOSA.py::test_case_13 - AssertionE...
FAILED ALL-SMART-GPT-MUTPY/test_stack3_DYNAMOSA.py::test_case_15 - AssertionE...
FAILED ALL-SMART-GPT-MUTPY/test_stack3_DYNAMOSA.py::test_case_16 - AssertionE...
FAILED ALL-SMART-GPT-MUTPY/test_stack3_MIO.py::test_case_3 - AssertionError: ...
FAILED ALL-SMART-GPT-MUTPY/test_stack3_MOSA.py::test_case_1 - AssertionError:...
FAILED ALL-SMART-GPT-MUTPY/test_stack3_MOSA.py::test_case_4 - assert &lt;stack3....
FAILED ALL-SMART-GPT-MUTPY/test_stack3_MOSA.py::test_case_9 - AssertionError:...
FAILED ALL-SMART-GPT-MUTPY/test_stack3_MOSA.py::test_case_10 - AssertionError...
FAILED ALL-SMART-GPT-MUTPY/test_stack3_MOSA.py::test_case_13 - AssertionError...
FAILED ALL-SMART-GPT-MUTPY/test_stack3_MOSA.py::test_case_15 - AssertionError...
FAILED ALL-SMART-GPT-MUTPY/test_stack3_MOSA.py::test_case_16 - AssertionError...
FAILED ALL-SMART-GPT-MUTPY/test_stack3_MUTPY.py::test_remove_single_element
FAILED ALL-SMART-GPT-MUTPY/test_stack3_MUTPY.py::test_remove_multiple_elements_small_list
FAILED ALL-SMART-GPT-MUTPY/test_stack3_WHOLE_SUITE.py::test_case_1 - Assertio...
FAILED ALL-SMART-GPT-MUTPY/test_stack3_WHOLE_SUITE.py::test_case_4 - Assertio...
FAILED ALL-SMART-GPT-MUTPY/test_stack3_WHOLE_SUITE.py::test_case_5 - assert -...
FAILED ALL-SMART-GPT-MUTPY/test_stack3_WHOLE_SUITE.py::test_case_8 - assert &lt;...
======================== 21 failed, 50 passed in 0.32s =========================
</pre></div></div></div></div></div><div class="mb-1" id="job_list___sub_accordion_32"><div class="card"><a data-toggle="collapse" data-target="#job_list___sub_collapse_32_1" aria-expanded="false" aria-controls="job_list___sub_collapse_32_1" href="#" class="job_list___sub_multi_heading"><div role="alert" class="card-header alert-success" id="job_list___sub_heading_32_1"><button class="btn btn-outline-success"><span class="job_id">32 : Job ID f2580e12eabe49b396942a73d666ed3c</span></button></div></a><div aria-labelledby="job_list___sub_heading_32_1" data-parent="#job_list___sub_accordion_32" class="collapse job_list___sub_multi_collapse" id="job_list___sub_collapse_32_1"><div class="card-body"><div class="work-item"><div class="alert alert-success test-outcome" role="alert"><p>worker outcome: normal</p><p>test outcome: killed</p></div></div><pre class="location"><a href="pycharm://open?file=stack3.py&amp;line=40" class="text-secondary"><button class="btn btn-outline-dark">stack3.py, start pos: (40, 11), end pos: (40, 27)</button></a></pre><pre>operator: core/AddNot, occurrence: 2</pre><div class="alert alert-secondary"><pre class="diff">--- mutation diff ---
--- astack3.py
+++ bstack3.py
@@ -37,7 +37,7 @@
 
         if self.__size == 0:
             return None
-        if self.__size == 1: # Alterado para corrigir comportamento
+        if not self.__size == 1: # Alterado para corrigir comportamento
             nodeToRemove = self.__head
             self.__sentinel.next = None
             self.__head = self.__sentinel</pre></div><div class="alert alert-secondary"><pre class="diff">============================= test session starts ==============================
platform linux -- Python 3.10.12, pytest-7.1.3, pluggy-1.0.0
rootdir: /home/lucca/desktop/ic/experimento/testes/python_experiments/stack3
plugins: Faker-15.1.1, hypothesis-6.56.3
collected 71 items

ALL-SMART-GPT-MUTPY/test_stack3_DYNAMOSA.py .........F...F...            [ 23%]
ALL-SMART-GPT-MUTPY/test_stack3_MIO.py .....................             [ 53%]
ALL-SMART-GPT-MUTPY/test_stack3_MOSA.py .........F...F...                [ 77%]
ALL-SMART-GPT-MUTPY/test_stack3_MUTPY.py ...F.F.                         [ 87%]
ALL-SMART-GPT-MUTPY/test_stack3_WHOLE_SUITE.py .........                 [100%]

=========================== short test summary info ============================
FAILED ALL-SMART-GPT-MUTPY/test_stack3_DYNAMOSA.py::test_case_9 - AssertionEr...
FAILED ALL-SMART-GPT-MUTPY/test_stack3_DYNAMOSA.py::test_case_13 - AttributeE...
FAILED ALL-SMART-GPT-MUTPY/test_stack3_MOSA.py::test_case_9 - AssertionError:...
FAILED ALL-SMART-GPT-MUTPY/test_stack3_MOSA.py::test_case_13 - AttributeError...
FAILED ALL-SMART-GPT-MUTPY/test_stack3_MUTPY.py::test_remove_single_element
FAILED ALL-SMART-GPT-MUTPY/test_stack3_MUTPY.py::test_remove_multiple_elements_small_list
========================= 6 failed, 65 passed in 0.27s =========================
</pre></div></div></div></div></div><div class="mb-1" id="job_list___sub_accordion_33"><div class="card"><a data-toggle="collapse" data-target="#job_list___sub_collapse_33_1" aria-expanded="false" aria-controls="job_list___sub_collapse_33_1" href="#" class="job_list___sub_multi_heading"><div role="alert" class="card-header alert-success" id="job_list___sub_heading_33_1"><button class="btn btn-outline-success"><span class="job_id">33 : Job ID f8ffe1a068f641f99f3199ab028d1649</span></button></div></a><div aria-labelledby="job_list___sub_heading_33_1" data-parent="#job_list___sub_accordion_33" class="collapse job_list___sub_multi_collapse" id="job_list___sub_collapse_33_1"><div class="card-body"><div class="work-item"><div class="alert alert-success test-outcome" role="alert"><p>worker outcome: normal</p><p>test outcome: killed</p></div></div><pre class="location"><a href="pycharm://open?file=stack3.py&amp;line=75" class="text-secondary"><button class="btn btn-outline-dark">stack3.py, start pos: (75, 23), end pos: (75, 39)</button></a></pre><pre>operator: core/AddNot, occurrence: 3</pre><div class="alert alert-secondary"><pre class="diff">--- mutation diff ---
--- astack3.py
+++ bstack3.py
@@ -72,7 +72,7 @@
 
         """Checks if linkedlist is empty."""
 
-        return True if self.__size == 0 else False
+        return True if not self.__size == 0 else False
 
     def toArray(self) -&gt; list:
 </pre></div><div class="alert alert-secondary"><pre class="diff">============================= test session starts ==============================
platform linux -- Python 3.10.12, pytest-7.1.3, pluggy-1.0.0
rootdir: /home/lucca/desktop/ic/experimento/testes/python_experiments/stack3
plugins: Faker-15.1.1, hypothesis-6.56.3
collected 71 items

ALL-SMART-GPT-MUTPY/test_stack3_DYNAMOSA.py ...FF..........FF            [ 23%]
ALL-SMART-GPT-MUTPY/test_stack3_MIO.py .....FF..............             [ 53%]
ALL-SMART-GPT-MUTPY/test_stack3_MOSA.py ...FF..........FF                [ 77%]
ALL-SMART-GPT-MUTPY/test_stack3_MUTPY.py ...F...                         [ 87%]
ALL-SMART-GPT-MUTPY/test_stack3_WHOLE_SUITE.py .F.....F.                 [100%]

=========================== short test summary info ============================
FAILED ALL-SMART-GPT-MUTPY/test_stack3_DYNAMOSA.py::test_case_3 - assert Fals...
FAILED ALL-SMART-GPT-MUTPY/test_stack3_DYNAMOSA.py::test_case_4 - assert True...
FAILED ALL-SMART-GPT-MUTPY/test_stack3_DYNAMOSA.py::test_case_15 - assert Tru...
FAILED ALL-SMART-GPT-MUTPY/test_stack3_DYNAMOSA.py::test_case_16 - assert Tru...
FAILED ALL-SMART-GPT-MUTPY/test_stack3_MIO.py::test_case_5 - assert False is ...
FAILED ALL-SMART-GPT-MUTPY/test_stack3_MIO.py::test_case_6 - assert True is F...
FAILED ALL-SMART-GPT-MUTPY/test_stack3_MOSA.py::test_case_3 - assert False is...
FAILED ALL-SMART-GPT-MUTPY/test_stack3_MOSA.py::test_case_4 - assert True is ...
FAILED ALL-SMART-GPT-MUTPY/test_stack3_MOSA.py::test_case_15 - assert True is...
FAILED ALL-SMART-GPT-MUTPY/test_stack3_MOSA.py::test_case_16 - assert True is...
FAILED ALL-SMART-GPT-MUTPY/test_stack3_MUTPY.py::test_remove_single_element
FAILED ALL-SMART-GPT-MUTPY/test_stack3_WHOLE_SUITE.py::test_case_1 - assert T...
FAILED ALL-SMART-GPT-MUTPY/test_stack3_WHOLE_SUITE.py::test_case_7 - assert F...
======================== 13 failed, 58 passed in 0.26s =========================
</pre></div></div></div></div></div><div class="mb-1" id="job_list___sub_accordion_34"><div class="card"><a data-toggle="collapse" data-target="#job_list___sub_collapse_34_1" aria-expanded="false" aria-controls="job_list___sub_collapse_34_1" href="#" class="job_list___sub_multi_heading"><div role="alert" class="card-header alert-success" id="job_list___sub_heading_34_1"><button class="btn btn-outline-success"><span class="job_id">34 : Job ID e1d3bd4920a94b3b87dc503d816d46d4</span></button></div></a><div aria-labelledby="job_list___sub_heading_34_1" data-parent="#job_list___sub_accordion_34" class="collapse job_list___sub_multi_collapse" id="job_list___sub_collapse_34_1"><div class="card-body"><div class="work-item"><div class="alert alert-success test-outcome" role="alert"><p>worker outcome: normal</p><p>test outcome: killed</p></div></div><pre class="location"><a href="pycharm://open?file=stack3.py&amp;line=83" class="text-secondary"><button class="btn btn-outline-dark">stack3.py, start pos: (83, 14), end pos: (83, 21)</button></a></pre><pre>operator: core/AddNot, occurrence: 4</pre><div class="alert alert-secondary"><pre class="diff">--- mutation diff ---
--- astack3.py
+++ bstack3.py
@@ -80,7 +80,7 @@
 
         arr = []
         current = self.__head
-        while current:
+        while not current:
             arr.append(current.value)
             current = current.next
         return arr</pre></div><div class="alert alert-secondary"><pre class="diff">============================= test session starts ==============================
platform linux -- Python 3.10.12, pytest-7.1.3, pluggy-1.0.0
rootdir: /home/lucca/desktop/ic/experimento/testes/python_experiments/stack3
plugins: Faker-15.1.1, hypothesis-6.56.3
collected 71 items

ALL-SMART-GPT-MUTPY/test_stack3_DYNAMOSA.py ....FF......F..F.            [ 23%]
ALL-SMART-GPT-MUTPY/test_stack3_MIO.py ....................F             [ 53%]
ALL-SMART-GPT-MUTPY/test_stack3_MOSA.py ....FF......F..F.                [ 77%]
ALL-SMART-GPT-MUTPY/test_stack3_MUTPY.py .FF....                         [ 87%]
ALL-SMART-GPT-MUTPY/test_stack3_WHOLE_SUITE.py ...F.....                 [100%]

=========================== short test summary info ============================
FAILED ALL-SMART-GPT-MUTPY/test_stack3_DYNAMOSA.py::test_case_4 - assert [] =...
FAILED ALL-SMART-GPT-MUTPY/test_stack3_DYNAMOSA.py::test_case_5 - AssertionEr...
FAILED ALL-SMART-GPT-MUTPY/test_stack3_DYNAMOSA.py::test_case_12 - AssertionE...
FAILED ALL-SMART-GPT-MUTPY/test_stack3_DYNAMOSA.py::test_case_15 - assert [] ...
FAILED ALL-SMART-GPT-MUTPY/test_stack3_MIO.py::test_case_20 - AssertionError:...
FAILED ALL-SMART-GPT-MUTPY/test_stack3_MOSA.py::test_case_4 - assert [] == [N...
FAILED ALL-SMART-GPT-MUTPY/test_stack3_MOSA.py::test_case_5 - AssertionError:...
FAILED ALL-SMART-GPT-MUTPY/test_stack3_MOSA.py::test_case_12 - AssertionError...
FAILED ALL-SMART-GPT-MUTPY/test_stack3_MOSA.py::test_case_15 - assert [] == [...
FAILED ALL-SMART-GPT-MUTPY/test_stack3_MUTPY.py::test_singly_linked_list_add
FAILED ALL-SMART-GPT-MUTPY/test_stack3_MUTPY.py::test_stack_push - AssertionE...
FAILED ALL-SMART-GPT-MUTPY/test_stack3_WHOLE_SUITE.py::test_case_3 - Assertio...
======================== 12 failed, 59 passed in 0.24s =========================
</pre></div></div></div></div></div><div class="mb-1" id="job_list___sub_accordion_35"><div class="card"><a data-toggle="collapse" data-target="#job_list___sub_collapse_35_1" aria-expanded="false" aria-controls="job_list___sub_collapse_35_1" href="#" class="job_list___sub_multi_heading"><div role="alert" class="card-header alert-success" id="job_list___sub_heading_35_1"><button class="btn btn-outline-success"><span class="job_id">35 : Job ID b5164225379b4ac695d7f44901468723</span></button></div></a><div aria-labelledby="job_list___sub_heading_35_1" data-parent="#job_list___sub_accordion_35" class="collapse job_list___sub_multi_collapse" id="job_list___sub_collapse_35_1"><div class="card-body"><div class="work-item"><div class="alert alert-success test-outcome" role="alert"><p>worker outcome: normal</p><p>test outcome: killed</p></div></div><pre class="location"><a href="pycharm://open?file=stack3.py&amp;line=94" class="text-secondary"><button class="btn btn-outline-dark">stack3.py, start pos: (94, 14), end pos: (94, 21)</button></a></pre><pre>operator: core/AddNot, occurrence: 5</pre><div class="alert alert-secondary"><pre class="diff">--- mutation diff ---
--- astack3.py
+++ bstack3.py
@@ -91,7 +91,7 @@
 
         arr = []
         current = self.__head
-        while current:
+        while not current:
             arr.append(current.value)
             current = current.next
         return str(arr)</pre></div><div class="alert alert-secondary"><pre class="diff">============================= test session starts ==============================
platform linux -- Python 3.10.12, pytest-7.1.3, pluggy-1.0.0
rootdir: /home/lucca/desktop/ic/experimento/testes/python_experiments/stack3
plugins: Faker-15.1.1, hypothesis-6.56.3
collected 71 items

ALL-SMART-GPT-MUTPY/test_stack3_DYNAMOSA.py ......F........FF            [ 23%]
ALL-SMART-GPT-MUTPY/test_stack3_MIO.py ..........F..........             [ 53%]
ALL-SMART-GPT-MUTPY/test_stack3_MOSA.py ......F........FF                [ 77%]
ALL-SMART-GPT-MUTPY/test_stack3_MUTPY.py .F.....                         [ 87%]
ALL-SMART-GPT-MUTPY/test_stack3_WHOLE_SUITE.py .....F...                 [100%]

=========================== short test summary info ============================
FAILED ALL-SMART-GPT-MUTPY/test_stack3_DYNAMOSA.py::test_case_6 - AssertionEr...
FAILED ALL-SMART-GPT-MUTPY/test_stack3_DYNAMOSA.py::test_case_15 - AssertionE...
FAILED ALL-SMART-GPT-MUTPY/test_stack3_DYNAMOSA.py::test_case_16 - AssertionE...
FAILED ALL-SMART-GPT-MUTPY/test_stack3_MIO.py::test_case_10 - AssertionError:...
FAILED ALL-SMART-GPT-MUTPY/test_stack3_MOSA.py::test_case_6 - AssertionError:...
FAILED ALL-SMART-GPT-MUTPY/test_stack3_MOSA.py::test_case_15 - AssertionError...
FAILED ALL-SMART-GPT-MUTPY/test_stack3_MOSA.py::test_case_16 - AssertionError...
FAILED ALL-SMART-GPT-MUTPY/test_stack3_MUTPY.py::test_singly_linked_list_add
FAILED ALL-SMART-GPT-MUTPY/test_stack3_WHOLE_SUITE.py::test_case_5 - Assertio...
========================= 9 failed, 62 passed in 0.26s =========================
</pre></div></div></div></div></div><div class="mb-1" id="job_list___sub_accordion_36"><div class="card"><a data-toggle="collapse" data-target="#job_list___sub_collapse_36_1" aria-expanded="false" aria-controls="job_list___sub_collapse_36_1" href="#" class="job_list___sub_multi_heading"><div role="alert" class="card-header alert-success" id="job_list___sub_heading_36_1"><button class="btn btn-outline-success"><span class="job_id">36 : Job ID df615a5e032b471cb1e07fa4b41a1b9c</span></button></div></a><div aria-labelledby="job_list___sub_heading_36_1" data-parent="#job_list___sub_accordion_36" class="collapse job_list___sub_multi_collapse" id="job_list___sub_collapse_36_1"><div class="card-body"><div class="work-item"><div class="alert alert-success test-outcome" role="alert"><p>worker outcome: normal</p><p>test outcome: killed</p></div></div><pre class="location"><a href="pycharm://open?file=stack3.py&amp;line=125" class="text-secondary"><button class="btn btn-outline-dark">stack3.py, start pos: (125, 23), end pos: (125, 50)</button></a></pre><pre>operator: core/AddNot, occurrence: 6</pre><div class="alert alert-secondary"><pre class="diff">--- mutation diff ---
--- astack3.py
+++ bstack3.py
@@ -122,7 +122,7 @@
 
         """Check if stack is empty."""
 
-        return True if self.__stack.getSize() == 0 else False
+        return True if not self.__stack.getSize() == 0 else False
 
     def getSize(self) -&gt; int:
 </pre></div><div class="alert alert-secondary"><pre class="diff">============================= test session starts ==============================
platform linux -- Python 3.10.12, pytest-7.1.3, pluggy-1.0.0
rootdir: /home/lucca/desktop/ic/experimento/testes/python_experiments/stack3
plugins: Faker-15.1.1, hypothesis-6.56.3
collected 71 items

ALL-SMART-GPT-MUTPY/test_stack3_DYNAMOSA.py .......F.....F...            [ 23%]
ALL-SMART-GPT-MUTPY/test_stack3_MIO.py ...........FF........             [ 53%]
ALL-SMART-GPT-MUTPY/test_stack3_MOSA.py .......F.....F...                [ 77%]
ALL-SMART-GPT-MUTPY/test_stack3_MUTPY.py .......                         [ 87%]
ALL-SMART-GPT-MUTPY/test_stack3_WHOLE_SUITE.py ..FF.....                 [100%]

=========================== short test summary info ============================
FAILED ALL-SMART-GPT-MUTPY/test_stack3_DYNAMOSA.py::test_case_7 - assert Fals...
FAILED ALL-SMART-GPT-MUTPY/test_stack3_DYNAMOSA.py::test_case_13 - assert Tru...
FAILED ALL-SMART-GPT-MUTPY/test_stack3_MIO.py::test_case_11 - assert False is...
FAILED ALL-SMART-GPT-MUTPY/test_stack3_MIO.py::test_case_12 - assert True is ...
FAILED ALL-SMART-GPT-MUTPY/test_stack3_MOSA.py::test_case_7 - assert False is...
FAILED ALL-SMART-GPT-MUTPY/test_stack3_MOSA.py::test_case_13 - assert True is...
FAILED ALL-SMART-GPT-MUTPY/test_stack3_WHOLE_SUITE.py::test_case_2 - assert F...
FAILED ALL-SMART-GPT-MUTPY/test_stack3_WHOLE_SUITE.py::test_case_3 - assert T...
========================= 8 failed, 63 passed in 0.30s =========================
</pre></div></div></div></div></div><div class="mb-1" id="job_list___sub_accordion_37"><div class="card"><a data-toggle="collapse" data-target="#job_list___sub_collapse_37_1" aria-expanded="false" aria-controls="job_list___sub_collapse_37_1" href="#" class="job_list___sub_multi_heading"><div role="alert" class="card-header alert-success" id="job_list___sub_heading_37_1"><button class="btn btn-outline-success"><span class="job_id">37 : Job ID 71b3b1aaea3949009ffa214ea7d03fb8</span></button></div></a><div aria-labelledby="job_list___sub_heading_37_1" data-parent="#job_list___sub_accordion_37" class="collapse job_list___sub_multi_collapse" id="job_list___sub_collapse_37_1"><div class="card-body"><div class="work-item"><div class="alert alert-success test-outcome" role="alert"><p>worker outcome: normal</p><p>test outcome: killed</p></div></div><pre class="location"><a href="pycharm://open?file=stack3.py&amp;line=75" class="text-secondary"><button class="btn btn-outline-dark">stack3.py, start pos: (75, 15), end pos: (75, 19)</button></a></pre><pre>operator: core/ReplaceTrueWithFalse, occurrence: 0</pre><div class="alert alert-secondary"><pre class="diff">--- mutation diff ---
--- astack3.py
+++ bstack3.py
@@ -72,7 +72,7 @@
 
         """Checks if linkedlist is empty."""
 
-        return True if self.__size == 0 else False
+        return False if self.__size == 0 else False
 
     def toArray(self) -&gt; list:
 </pre></div><div class="alert alert-secondary"><pre class="diff">============================= test session starts ==============================
platform linux -- Python 3.10.12, pytest-7.1.3, pluggy-1.0.0
rootdir: /home/lucca/desktop/ic/experimento/testes/python_experiments/stack3
plugins: Faker-15.1.1, hypothesis-6.56.3
collected 71 items

ALL-SMART-GPT-MUTPY/test_stack3_DYNAMOSA.py ...F.............            [ 23%]
ALL-SMART-GPT-MUTPY/test_stack3_MIO.py .....F...............             [ 53%]
ALL-SMART-GPT-MUTPY/test_stack3_MOSA.py ...F.............                [ 77%]
ALL-SMART-GPT-MUTPY/test_stack3_MUTPY.py ...F...                         [ 87%]
ALL-SMART-GPT-MUTPY/test_stack3_WHOLE_SUITE.py .......F.                 [100%]

=========================== short test summary info ============================
FAILED ALL-SMART-GPT-MUTPY/test_stack3_DYNAMOSA.py::test_case_3 - assert Fals...
FAILED ALL-SMART-GPT-MUTPY/test_stack3_MIO.py::test_case_5 - assert False is ...
FAILED ALL-SMART-GPT-MUTPY/test_stack3_MOSA.py::test_case_3 - assert False is...
FAILED ALL-SMART-GPT-MUTPY/test_stack3_MUTPY.py::test_remove_single_element
FAILED ALL-SMART-GPT-MUTPY/test_stack3_WHOLE_SUITE.py::test_case_7 - assert F...
========================= 5 failed, 66 passed in 0.27s =========================
</pre></div></div></div></div></div><div class="mb-1" id="job_list___sub_accordion_38"><div class="card"><a data-toggle="collapse" data-target="#job_list___sub_collapse_38_1" aria-expanded="false" aria-controls="job_list___sub_collapse_38_1" href="#" class="job_list___sub_multi_heading"><div role="alert" class="card-header alert-success" id="job_list___sub_heading_38_1"><button class="btn btn-outline-success"><span class="job_id">38 : Job ID a2ae1c6c1b884275be2f3e9645774dcf</span></button></div></a><div aria-labelledby="job_list___sub_heading_38_1" data-parent="#job_list___sub_accordion_38" class="collapse job_list___sub_multi_collapse" id="job_list___sub_collapse_38_1"><div class="card-body"><div class="work-item"><div class="alert alert-success test-outcome" role="alert"><p>worker outcome: normal</p><p>test outcome: killed</p></div></div><pre class="location"><a href="pycharm://open?file=stack3.py&amp;line=125" class="text-secondary"><button class="btn btn-outline-dark">stack3.py, start pos: (125, 15), end pos: (125, 19)</button></a></pre><pre>operator: core/ReplaceTrueWithFalse, occurrence: 1</pre><div class="alert alert-secondary"><pre class="diff">--- mutation diff ---
--- astack3.py
+++ bstack3.py
@@ -122,7 +122,7 @@
 
         """Check if stack is empty."""
 
-        return True if self.__stack.getSize() == 0 else False
+        return False if self.__stack.getSize() == 0 else False
 
     def getSize(self) -&gt; int:
 </pre></div><div class="alert alert-secondary"><pre class="diff">============================= test session starts ==============================
platform linux -- Python 3.10.12, pytest-7.1.3, pluggy-1.0.0
rootdir: /home/lucca/desktop/ic/experimento/testes/python_experiments/stack3
plugins: Faker-15.1.1, hypothesis-6.56.3
collected 71 items

ALL-SMART-GPT-MUTPY/test_stack3_DYNAMOSA.py .......F.........            [ 23%]
ALL-SMART-GPT-MUTPY/test_stack3_MIO.py ...........F.........             [ 53%]
ALL-SMART-GPT-MUTPY/test_stack3_MOSA.py .......F.........                [ 77%]
ALL-SMART-GPT-MUTPY/test_stack3_MUTPY.py .......                         [ 87%]
ALL-SMART-GPT-MUTPY/test_stack3_WHOLE_SUITE.py ..F......                 [100%]

=========================== short test summary info ============================
FAILED ALL-SMART-GPT-MUTPY/test_stack3_DYNAMOSA.py::test_case_7 - assert Fals...
FAILED ALL-SMART-GPT-MUTPY/test_stack3_MIO.py::test_case_11 - assert False is...
FAILED ALL-SMART-GPT-MUTPY/test_stack3_MOSA.py::test_case_7 - assert False is...
FAILED ALL-SMART-GPT-MUTPY/test_stack3_WHOLE_SUITE.py::test_case_2 - assert F...
========================= 4 failed, 67 passed in 0.24s =========================
</pre></div></div></div></div></div><div class="mb-1" id="job_list___sub_accordion_39"><div class="card"><a data-toggle="collapse" data-target="#job_list___sub_collapse_39_1" aria-expanded="false" aria-controls="job_list___sub_collapse_39_1" href="#" class="job_list___sub_multi_heading"><div role="alert" class="card-header alert-success" id="job_list___sub_heading_39_1"><button class="btn btn-outline-success"><span class="job_id">39 : Job ID 8c3676332da649d490ba2d29a3fdb022</span></button></div></a><div aria-labelledby="job_list___sub_heading_39_1" data-parent="#job_list___sub_accordion_39" class="collapse job_list___sub_multi_collapse" id="job_list___sub_collapse_39_1"><div class="card-body"><div class="work-item"><div class="alert alert-success test-outcome" role="alert"><p>worker outcome: normal</p><p>test outcome: killed</p></div></div><pre class="location"><a href="pycharm://open?file=stack3.py&amp;line=75" class="text-secondary"><button class="btn btn-outline-dark">stack3.py, start pos: (75, 45), end pos: (75, 50)</button></a></pre><pre>operator: core/ReplaceFalseWithTrue, occurrence: 0</pre><div class="alert alert-secondary"><pre class="diff">--- mutation diff ---
--- astack3.py
+++ bstack3.py
@@ -72,7 +72,7 @@
 
         """Checks if linkedlist is empty."""
 
-        return True if self.__size == 0 else False
+        return True if self.__size == 0 else True
 
     def toArray(self) -&gt; list:
 </pre></div><div class="alert alert-secondary"><pre class="diff">============================= test session starts ==============================
platform linux -- Python 3.10.12, pytest-7.1.3, pluggy-1.0.0
rootdir: /home/lucca/desktop/ic/experimento/testes/python_experiments/stack3
plugins: Faker-15.1.1, hypothesis-6.56.3
collected 71 items

ALL-SMART-GPT-MUTPY/test_stack3_DYNAMOSA.py ....F..........FF            [ 23%]
ALL-SMART-GPT-MUTPY/test_stack3_MIO.py ......F..............             [ 53%]
ALL-SMART-GPT-MUTPY/test_stack3_MOSA.py ....F..........FF                [ 77%]
ALL-SMART-GPT-MUTPY/test_stack3_MUTPY.py .......                         [ 87%]
ALL-SMART-GPT-MUTPY/test_stack3_WHOLE_SUITE.py .F.......                 [100%]

=========================== short test summary info ============================
FAILED ALL-SMART-GPT-MUTPY/test_stack3_DYNAMOSA.py::test_case_4 - assert True...
FAILED ALL-SMART-GPT-MUTPY/test_stack3_DYNAMOSA.py::test_case_15 - assert Tru...
FAILED ALL-SMART-GPT-MUTPY/test_stack3_DYNAMOSA.py::test_case_16 - assert Tru...
FAILED ALL-SMART-GPT-MUTPY/test_stack3_MIO.py::test_case_6 - assert True is F...
FAILED ALL-SMART-GPT-MUTPY/test_stack3_MOSA.py::test_case_4 - assert True is ...
FAILED ALL-SMART-GPT-MUTPY/test_stack3_MOSA.py::test_case_15 - assert True is...
FAILED ALL-SMART-GPT-MUTPY/test_stack3_MOSA.py::test_case_16 - assert True is...
FAILED ALL-SMART-GPT-MUTPY/test_stack3_WHOLE_SUITE.py::test_case_1 - assert T...
========================= 8 failed, 63 passed in 0.32s =========================
</pre></div></div></div></div></div><div class="mb-1" id="job_list___sub_accordion_40"><div class="card"><a data-toggle="collapse" data-target="#job_list___sub_collapse_40_1" aria-expanded="false" aria-controls="job_list___sub_collapse_40_1" href="#" class="job_list___sub_multi_heading"><div role="alert" class="card-header alert-success" id="job_list___sub_heading_40_1"><button class="btn btn-outline-success"><span class="job_id">40 : Job ID 5e4234daf8004a6a9906b4bce92a9263</span></button></div></a><div aria-labelledby="job_list___sub_heading_40_1" data-parent="#job_list___sub_accordion_40" class="collapse job_list___sub_multi_collapse" id="job_list___sub_collapse_40_1"><div class="card-body"><div class="work-item"><div class="alert alert-success test-outcome" role="alert"><p>worker outcome: normal</p><p>test outcome: killed</p></div></div><pre class="location"><a href="pycharm://open?file=stack3.py&amp;line=125" class="text-secondary"><button class="btn btn-outline-dark">stack3.py, start pos: (125, 56), end pos: (125, 61)</button></a></pre><pre>operator: core/ReplaceFalseWithTrue, occurrence: 1</pre><div class="alert alert-secondary"><pre class="diff">--- mutation diff ---
--- astack3.py
+++ bstack3.py
@@ -122,7 +122,7 @@
 
         """Check if stack is empty."""
 
-        return True if self.__stack.getSize() == 0 else False
+        return True if self.__stack.getSize() == 0 else True
 
     def getSize(self) -&gt; int:
 </pre></div><div class="alert alert-secondary"><pre class="diff">============================= test session starts ==============================
platform linux -- Python 3.10.12, pytest-7.1.3, pluggy-1.0.0
rootdir: /home/lucca/desktop/ic/experimento/testes/python_experiments/stack3
plugins: Faker-15.1.1, hypothesis-6.56.3
collected 71 items

ALL-SMART-GPT-MUTPY/test_stack3_DYNAMOSA.py .............F...            [ 23%]
ALL-SMART-GPT-MUTPY/test_stack3_MIO.py ............F........             [ 53%]
ALL-SMART-GPT-MUTPY/test_stack3_MOSA.py .............F...                [ 77%]
ALL-SMART-GPT-MUTPY/test_stack3_MUTPY.py .......                         [ 87%]
ALL-SMART-GPT-MUTPY/test_stack3_WHOLE_SUITE.py ...F.....                 [100%]

=========================== short test summary info ============================
FAILED ALL-SMART-GPT-MUTPY/test_stack3_DYNAMOSA.py::test_case_13 - assert Tru...
FAILED ALL-SMART-GPT-MUTPY/test_stack3_MIO.py::test_case_12 - assert True is ...
FAILED ALL-SMART-GPT-MUTPY/test_stack3_MOSA.py::test_case_13 - assert True is...
FAILED ALL-SMART-GPT-MUTPY/test_stack3_WHOLE_SUITE.py::test_case_3 - assert T...
========================= 4 failed, 67 passed in 0.25s =========================
</pre></div></div></div></div></div><div class="mb-1" id="job_list___sub_accordion_41"><div class="card"><a data-toggle="collapse" data-target="#job_list___sub_collapse_41_1" aria-expanded="false" aria-controls="job_list___sub_collapse_41_1" href="#" class="job_list___sub_multi_heading"><div role="alert" class="card-header alert-success" id="job_list___sub_heading_41_1"><button class="btn btn-outline-success"><span class="job_id">41 : Job ID 488301b2ca8e4603ac435aeb7aa74d52</span></button></div></a><div aria-labelledby="job_list___sub_heading_41_1" data-parent="#job_list___sub_accordion_41" class="collapse job_list___sub_multi_collapse" id="job_list___sub_collapse_41_1"><div class="card-body"><div class="work-item"><div class="alert alert-success test-outcome" role="alert"><p>worker outcome: normal</p><p>test outcome: killed</p></div></div><pre class="location"><a href="pycharm://open?file=stack3.py&amp;line=17" class="text-secondary"><button class="btn btn-outline-dark">stack3.py, start pos: (17, 22), end pos: (17, 23)</button></a></pre><pre>operator: core/NumberReplacer, occurrence: 0</pre><div class="alert alert-secondary"><pre class="diff">--- mutation diff ---
--- astack3.py
+++ bstack3.py
@@ -14,7 +14,7 @@
     def __init__(self):
         self.__sentinel = Node(None)
         self.__head = self.__sentinel
-        self.__size = 0
+        self.__size = 1
 
     def add(self, value: T) -&gt; None:
 </pre></div><div class="alert alert-secondary"><pre class="diff">timeout</pre></div></div></div></div></div><div class="mb-1" id="job_list___sub_accordion_42"><div class="card"><a data-toggle="collapse" data-target="#job_list___sub_collapse_42_1" aria-expanded="false" aria-controls="job_list___sub_collapse_42_1" href="#" class="job_list___sub_multi_heading"><div role="alert" class="card-header alert-success" id="job_list___sub_heading_42_1"><button class="btn btn-outline-success"><span class="job_id">42 : Job ID 0eedc60cac0c45bea66cf2b62cd3ef39</span></button></div></a><div aria-labelledby="job_list___sub_heading_42_1" data-parent="#job_list___sub_accordion_42" class="collapse job_list___sub_multi_collapse" id="job_list___sub_collapse_42_1"><div class="card-body"><div class="work-item"><div class="alert alert-success test-outcome" role="alert"><p>worker outcome: normal</p><p>test outcome: killed</p></div></div><pre class="location"><a href="pycharm://open?file=stack3.py&amp;line=17" class="text-secondary"><button class="btn btn-outline-dark">stack3.py, start pos: (17, 22), end pos: (17, 23)</button></a></pre><pre>operator: core/NumberReplacer, occurrence: 1</pre><div class="alert alert-secondary"><pre class="diff">--- mutation diff ---
--- astack3.py
+++ bstack3.py
@@ -14,7 +14,7 @@
     def __init__(self):
         self.__sentinel = Node(None)
         self.__head = self.__sentinel
-        self.__size = 0
+        self.__size = -1
 
     def add(self, value: T) -&gt; None:
 </pre></div><div class="alert alert-secondary"><pre class="diff">timeout</pre></div></div></div></div></div><div class="mb-1" id="job_list___sub_accordion_43"><div class="card"><a data-toggle="collapse" data-target="#job_list___sub_collapse_43_1" aria-expanded="false" aria-controls="job_list___sub_collapse_43_1" href="#" class="job_list___sub_multi_heading"><div role="alert" class="card-header alert-success" id="job_list___sub_heading_43_1"><button class="btn btn-outline-success"><span class="job_id">43 : Job ID 46b4a3630c5a482d8f98a41af775b98d</span></button></div></a><div aria-labelledby="job_list___sub_heading_43_1" data-parent="#job_list___sub_accordion_43" class="collapse job_list___sub_multi_collapse" id="job_list___sub_collapse_43_1"><div class="card-body"><div class="work-item"><div class="alert alert-success test-outcome" role="alert"><p>worker outcome: normal</p><p>test outcome: killed</p></div></div><pre class="location"><a href="pycharm://open?file=stack3.py&amp;line=24" class="text-secondary"><button class="btn btn-outline-dark">stack3.py, start pos: (24, 26), end pos: (24, 27)</button></a></pre><pre>operator: core/NumberReplacer, occurrence: 2</pre><div class="alert alert-secondary"><pre class="diff">--- mutation diff ---
--- astack3.py
+++ bstack3.py
@@ -21,7 +21,7 @@
         """Add element to linked list."""
 
         newNode = Node(value)
-        if self.__size == 0:
+        if self.__size == 1:
             self.__head.next = newNode
             self.__head = newNode
             self.__size += 1</pre></div><div class="alert alert-secondary"><pre class="diff">timeout</pre></div></div></div></div></div><div class="mb-1" id="job_list___sub_accordion_44"><div class="card"><a data-toggle="collapse" data-target="#job_list___sub_collapse_44_1" aria-expanded="false" aria-controls="job_list___sub_collapse_44_1" href="#" class="job_list___sub_multi_heading"><div role="alert" class="card-header alert-success" id="job_list___sub_heading_44_1"><button class="btn btn-outline-success"><span class="job_id">44 : Job ID b5a55cd69ae04762b0428a655fc09a4f</span></button></div></a><div aria-labelledby="job_list___sub_heading_44_1" data-parent="#job_list___sub_accordion_44" class="collapse job_list___sub_multi_collapse" id="job_list___sub_collapse_44_1"><div class="card-body"><div class="work-item"><div class="alert alert-success test-outcome" role="alert"><p>worker outcome: normal</p><p>test outcome: killed</p></div></div><pre class="location"><a href="pycharm://open?file=stack3.py&amp;line=24" class="text-secondary"><button class="btn btn-outline-dark">stack3.py, start pos: (24, 26), end pos: (24, 27)</button></a></pre><pre>operator: core/NumberReplacer, occurrence: 3</pre><div class="alert alert-secondary"><pre class="diff">--- mutation diff ---
--- astack3.py
+++ bstack3.py
@@ -21,7 +21,7 @@
         """Add element to linked list."""
 
         newNode = Node(value)
-        if self.__size == 0:
+        if self.__size == -1:
             self.__head.next = newNode
             self.__head = newNode
             self.__size += 1</pre></div><div class="alert alert-secondary"><pre class="diff">timeout</pre></div></div></div></div></div><div class="mb-1" id="job_list___sub_accordion_45"><div class="card"><a data-toggle="collapse" data-target="#job_list___sub_collapse_45_1" aria-expanded="false" aria-controls="job_list___sub_collapse_45_1" href="#" class="job_list___sub_multi_heading"><div role="alert" class="card-header alert-success" id="job_list___sub_heading_45_1"><button class="btn btn-outline-success"><span class="job_id">45 : Job ID f1780b61b4144416a8f30027c41e8d70</span></button></div></a><div aria-labelledby="job_list___sub_heading_45_1" data-parent="#job_list___sub_accordion_45" class="collapse job_list___sub_multi_collapse" id="job_list___sub_collapse_45_1"><div class="card-body"><div class="work-item"><div class="alert alert-success test-outcome" role="alert"><p>worker outcome: normal</p><p>test outcome: killed</p></div></div><pre class="location"><a href="pycharm://open?file=stack3.py&amp;line=27" class="text-secondary"><button class="btn btn-outline-dark">stack3.py, start pos: (27, 27), end pos: (27, 28)</button></a></pre><pre>operator: core/NumberReplacer, occurrence: 4</pre><div class="alert alert-secondary"><pre class="diff">--- mutation diff ---
--- astack3.py
+++ bstack3.py
@@ -24,7 +24,7 @@
         if self.__size == 0:
             self.__head.next = newNode
             self.__head = newNode
-            self.__size += 1
+            self.__size += 2
         else:
             self.__sentinel.next = newNode
             newNode.next = self.__head</pre></div><div class="alert alert-secondary"><pre class="diff">============================= test session starts ==============================
platform linux -- Python 3.10.12, pytest-7.1.3, pluggy-1.0.0
rootdir: /home/lucca/desktop/ic/experimento/testes/python_experiments/stack3
plugins: Faker-15.1.1, hypothesis-6.56.3
collected 71 items

ALL-SMART-GPT-MUTPY/test_stack3_DYNAMOSA.py .........F...F..F            [ 23%]
ALL-SMART-GPT-MUTPY/test_stack3_MIO.py .....................             [ 53%]
ALL-SMART-GPT-MUTPY/test_stack3_MOSA.py .........F...F..F                [ 77%]
ALL-SMART-GPT-MUTPY/test_stack3_MUTPY.py ...F...                         [ 87%]
ALL-SMART-GPT-MUTPY/test_stack3_WHOLE_SUITE.py .F.F.....                 [100%]

=========================== short test summary info ============================
FAILED ALL-SMART-GPT-MUTPY/test_stack3_DYNAMOSA.py::test_case_9 - AssertionEr...
FAILED ALL-SMART-GPT-MUTPY/test_stack3_DYNAMOSA.py::test_case_13 - AttributeE...
FAILED ALL-SMART-GPT-MUTPY/test_stack3_DYNAMOSA.py::test_case_16 - assert 3 == 2
FAILED ALL-SMART-GPT-MUTPY/test_stack3_MOSA.py::test_case_9 - AssertionError:...
FAILED ALL-SMART-GPT-MUTPY/test_stack3_MOSA.py::test_case_13 - AttributeError...
FAILED ALL-SMART-GPT-MUTPY/test_stack3_MOSA.py::test_case_16 - assert 3 == 2
FAILED ALL-SMART-GPT-MUTPY/test_stack3_MUTPY.py::test_remove_single_element
FAILED ALL-SMART-GPT-MUTPY/test_stack3_WHOLE_SUITE.py::test_case_1 - assert 2...
FAILED ALL-SMART-GPT-MUTPY/test_stack3_WHOLE_SUITE.py::test_case_3 - assert 3...
========================= 9 failed, 62 passed in 0.31s =========================
</pre></div></div></div></div></div><div class="mb-1" id="job_list___sub_accordion_46"><div class="card"><a data-toggle="collapse" data-target="#job_list___sub_collapse_46_1" aria-expanded="false" aria-controls="job_list___sub_collapse_46_1" href="#" class="job_list___sub_multi_heading"><div role="alert" class="card-header alert-success" id="job_list___sub_heading_46_1"><button class="btn btn-outline-success"><span class="job_id">46 : Job ID d6d01d972045482485a589bc1b776c69</span></button></div></a><div aria-labelledby="job_list___sub_heading_46_1" data-parent="#job_list___sub_accordion_46" class="collapse job_list___sub_multi_collapse" id="job_list___sub_collapse_46_1"><div class="card-body"><div class="work-item"><div class="alert alert-success test-outcome" role="alert"><p>worker outcome: normal</p><p>test outcome: killed</p></div></div><pre class="location"><a href="pycharm://open?file=stack3.py&amp;line=27" class="text-secondary"><button class="btn btn-outline-dark">stack3.py, start pos: (27, 27), end pos: (27, 28)</button></a></pre><pre>operator: core/NumberReplacer, occurrence: 5</pre><div class="alert alert-secondary"><pre class="diff">--- mutation diff ---
--- astack3.py
+++ bstack3.py
@@ -24,7 +24,7 @@
         if self.__size == 0:
             self.__head.next = newNode
             self.__head = newNode
-            self.__size += 1
+            self.__size += 0
         else:
             self.__sentinel.next = newNode
             newNode.next = self.__head</pre></div><div class="alert alert-secondary"><pre class="diff">============================= test session starts ==============================
platform linux -- Python 3.10.12, pytest-7.1.3, pluggy-1.0.0
rootdir: /home/lucca/desktop/ic/experimento/testes/python_experiments/stack3
plugins: Faker-15.1.1, hypothesis-6.56.3
collected 71 items

ALL-SMART-GPT-MUTPY/test_stack3_DYNAMOSA.py .F..F....FF..F.FF            [ 23%]
ALL-SMART-GPT-MUTPY/test_stack3_MIO.py ...F..F.....F........             [ 53%]
ALL-SMART-GPT-MUTPY/test_stack3_MOSA.py .F..F....FF..F.FF                [ 77%]
ALL-SMART-GPT-MUTPY/test_stack3_MUTPY.py .FFFFFF                         [ 87%]
ALL-SMART-GPT-MUTPY/test_stack3_WHOLE_SUITE.py .F.FF....                 [100%]

=========================== short test summary info ============================
FAILED ALL-SMART-GPT-MUTPY/test_stack3_DYNAMOSA.py::test_case_1 - AssertionEr...
FAILED ALL-SMART-GPT-MUTPY/test_stack3_DYNAMOSA.py::test_case_4 - assert True...
FAILED ALL-SMART-GPT-MUTPY/test_stack3_DYNAMOSA.py::test_case_9 - AssertionEr...
FAILED ALL-SMART-GPT-MUTPY/test_stack3_DYNAMOSA.py::test_case_10 - AssertionE...
FAILED ALL-SMART-GPT-MUTPY/test_stack3_DYNAMOSA.py::test_case_13 - assert Tru...
FAILED ALL-SMART-GPT-MUTPY/test_stack3_DYNAMOSA.py::test_case_15 - assert Tru...
FAILED ALL-SMART-GPT-MUTPY/test_stack3_DYNAMOSA.py::test_case_16 - assert Tru...
FAILED ALL-SMART-GPT-MUTPY/test_stack3_MIO.py::test_case_3 - AssertionError: ...
FAILED ALL-SMART-GPT-MUTPY/test_stack3_MIO.py::test_case_6 - assert True is F...
FAILED ALL-SMART-GPT-MUTPY/test_stack3_MIO.py::test_case_12 - assert True is ...
FAILED ALL-SMART-GPT-MUTPY/test_stack3_MOSA.py::test_case_1 - AssertionError:...
FAILED ALL-SMART-GPT-MUTPY/test_stack3_MOSA.py::test_case_4 - assert True is ...
FAILED ALL-SMART-GPT-MUTPY/test_stack3_MOSA.py::test_case_9 - AssertionError:...
FAILED ALL-SMART-GPT-MUTPY/test_stack3_MOSA.py::test_case_10 - AssertionError...
FAILED ALL-SMART-GPT-MUTPY/test_stack3_MOSA.py::test_case_13 - assert True is...
FAILED ALL-SMART-GPT-MUTPY/test_stack3_MOSA.py::test_case_15 - assert True is...
FAILED ALL-SMART-GPT-MUTPY/test_stack3_MOSA.py::test_case_16 - assert True is...
FAILED ALL-SMART-GPT-MUTPY/test_stack3_MUTPY.py::test_singly_linked_list_add
FAILED ALL-SMART-GPT-MUTPY/test_stack3_MUTPY.py::test_stack_push - AssertionE...
FAILED ALL-SMART-GPT-MUTPY/test_stack3_MUTPY.py::test_remove_single_element
FAILED ALL-SMART-GPT-MUTPY/test_stack3_MUTPY.py::test_singly_linked_list_next_values
FAILED ALL-SMART-GPT-MUTPY/test_stack3_MUTPY.py::test_remove_multiple_elements_small_list
FAILED ALL-SMART-GPT-MUTPY/test_stack3_MUTPY.py::test_sentinel - assert &lt;stac...
FAILED ALL-SMART-GPT-MUTPY/test_stack3_WHOLE_SUITE.py::test_case_1 - Assertio...
FAILED ALL-SMART-GPT-MUTPY/test_stack3_WHOLE_SUITE.py::test_case_3 - assert 0...
FAILED ALL-SMART-GPT-MUTPY/test_stack3_WHOLE_SUITE.py::test_case_4 - Assertio...
======================== 26 failed, 45 passed in 0.29s =========================
</pre></div></div></div></div></div><div class="mb-1" id="job_list___sub_accordion_47"><div class="card"><a data-toggle="collapse" data-target="#job_list___sub_collapse_47_1" aria-expanded="false" aria-controls="job_list___sub_collapse_47_1" href="#" class="job_list___sub_multi_heading"><div role="alert" class="card-header alert-success" id="job_list___sub_heading_47_1"><button class="btn btn-outline-success"><span class="job_id">47 : Job ID ce658e2f60834e72a42bfdf8e86186f2</span></button></div></a><div aria-labelledby="job_list___sub_heading_47_1" data-parent="#job_list___sub_accordion_47" class="collapse job_list___sub_multi_collapse" id="job_list___sub_collapse_47_1"><div class="card-body"><div class="work-item"><div class="alert alert-success test-outcome" role="alert"><p>worker outcome: normal</p><p>test outcome: killed</p></div></div><pre class="location"><a href="pycharm://open?file=stack3.py&amp;line=32" class="text-secondary"><button class="btn btn-outline-dark">stack3.py, start pos: (32, 27), end pos: (32, 28)</button></a></pre><pre>operator: core/NumberReplacer, occurrence: 6</pre><div class="alert alert-secondary"><pre class="diff">--- mutation diff ---
--- astack3.py
+++ bstack3.py
@@ -29,7 +29,7 @@
             self.__sentinel.next = newNode
             newNode.next = self.__head
             self.__head = newNode
-            self.__size += 1
+            self.__size += 2
 
     def remove(self):
 </pre></div><div class="alert alert-secondary"><pre class="diff">============================= test session starts ==============================
platform linux -- Python 3.10.12, pytest-7.1.3, pluggy-1.0.0
rootdir: /home/lucca/desktop/ic/experimento/testes/python_experiments/stack3
plugins: Faker-15.1.1, hypothesis-6.56.3
collected 71 items

ALL-SMART-GPT-MUTPY/test_stack3_DYNAMOSA.py ................F            [ 23%]
ALL-SMART-GPT-MUTPY/test_stack3_MIO.py .....................             [ 53%]
ALL-SMART-GPT-MUTPY/test_stack3_MOSA.py ................F                [ 77%]
ALL-SMART-GPT-MUTPY/test_stack3_MUTPY.py .......                         [ 87%]
ALL-SMART-GPT-MUTPY/test_stack3_WHOLE_SUITE.py .F.F.....                 [100%]

=========================== short test summary info ============================
FAILED ALL-SMART-GPT-MUTPY/test_stack3_DYNAMOSA.py::test_case_16 - assert 3 == 2
FAILED ALL-SMART-GPT-MUTPY/test_stack3_MOSA.py::test_case_16 - assert 3 == 2
FAILED ALL-SMART-GPT-MUTPY/test_stack3_WHOLE_SUITE.py::test_case_1 - assert 2...
FAILED ALL-SMART-GPT-MUTPY/test_stack3_WHOLE_SUITE.py::test_case_3 - assert 3...
========================= 4 failed, 67 passed in 0.24s =========================
</pre></div></div></div></div></div><div class="mb-1" id="job_list___sub_accordion_48"><div class="card"><a data-toggle="collapse" data-target="#job_list___sub_collapse_48_1" aria-expanded="false" aria-controls="job_list___sub_collapse_48_1" href="#" class="job_list___sub_multi_heading"><div role="alert" class="card-header alert-success" id="job_list___sub_heading_48_1"><button class="btn btn-outline-success"><span class="job_id">48 : Job ID 46883337e03246e0af8903470f41b9d3</span></button></div></a><div aria-labelledby="job_list___sub_heading_48_1" data-parent="#job_list___sub_accordion_48" class="collapse job_list___sub_multi_collapse" id="job_list___sub_collapse_48_1"><div class="card-body"><div class="work-item"><div class="alert alert-success test-outcome" role="alert"><p>worker outcome: normal</p><p>test outcome: killed</p></div></div><pre class="location"><a href="pycharm://open?file=stack3.py&amp;line=32" class="text-secondary"><button class="btn btn-outline-dark">stack3.py, start pos: (32, 27), end pos: (32, 28)</button></a></pre><pre>operator: core/NumberReplacer, occurrence: 7</pre><div class="alert alert-secondary"><pre class="diff">--- mutation diff ---
--- astack3.py
+++ bstack3.py
@@ -29,7 +29,7 @@
             self.__sentinel.next = newNode
             newNode.next = self.__head
             self.__head = newNode
-            self.__size += 1
+            self.__size += 0
 
     def remove(self):
 </pre></div><div class="alert alert-secondary"><pre class="diff">============================= test session starts ==============================
platform linux -- Python 3.10.12, pytest-7.1.3, pluggy-1.0.0
rootdir: /home/lucca/desktop/ic/experimento/testes/python_experiments/stack3
plugins: Faker-15.1.1, hypothesis-6.56.3
collected 71 items

ALL-SMART-GPT-MUTPY/test_stack3_DYNAMOSA.py ................F            [ 23%]
ALL-SMART-GPT-MUTPY/test_stack3_MIO.py .....................             [ 53%]
ALL-SMART-GPT-MUTPY/test_stack3_MOSA.py ................F                [ 77%]
ALL-SMART-GPT-MUTPY/test_stack3_MUTPY.py .....F.                         [ 87%]
ALL-SMART-GPT-MUTPY/test_stack3_WHOLE_SUITE.py .F.F.....                 [100%]

=========================== short test summary info ============================
FAILED ALL-SMART-GPT-MUTPY/test_stack3_DYNAMOSA.py::test_case_16 - assert 1 == 2
FAILED ALL-SMART-GPT-MUTPY/test_stack3_MOSA.py::test_case_16 - assert 1 == 2
FAILED ALL-SMART-GPT-MUTPY/test_stack3_MUTPY.py::test_remove_multiple_elements_small_list
FAILED ALL-SMART-GPT-MUTPY/test_stack3_WHOLE_SUITE.py::test_case_1 - assert 0...
FAILED ALL-SMART-GPT-MUTPY/test_stack3_WHOLE_SUITE.py::test_case_3 - assert 1...
========================= 5 failed, 66 passed in 0.25s =========================
</pre></div></div></div></div></div><div class="mb-1" id="job_list___sub_accordion_49"><div class="card"><a data-toggle="collapse" data-target="#job_list___sub_collapse_49_1" aria-expanded="false" aria-controls="job_list___sub_collapse_49_1" href="#" class="job_list___sub_multi_heading"><div role="alert" class="card-header alert-success" id="job_list___sub_heading_49_1"><button class="btn btn-outline-success"><span class="job_id">49 : Job ID d15b7ab3fc814976a0747af10df29780</span></button></div></a><div aria-labelledby="job_list___sub_heading_49_1" data-parent="#job_list___sub_accordion_49" class="collapse job_list___sub_multi_collapse" id="job_list___sub_collapse_49_1"><div class="card-body"><div class="work-item"><div class="alert alert-success test-outcome" role="alert"><p>worker outcome: normal</p><p>test outcome: killed</p></div></div><pre class="location"><a href="pycharm://open?file=stack3.py&amp;line=38" class="text-secondary"><button class="btn btn-outline-dark">stack3.py, start pos: (38, 26), end pos: (38, 27)</button></a></pre><pre>operator: core/NumberReplacer, occurrence: 8</pre><div class="alert alert-secondary"><pre class="diff">--- mutation diff ---
--- astack3.py
+++ bstack3.py
@@ -35,7 +35,7 @@
 
         """Remove node from linkedlist."""
 
-        if self.__size == 0:
+        if self.__size == 1:
             return None
         if self.__size == 1: # Alterado para corrigir comportamento
             nodeToRemove = self.__head</pre></div><div class="alert alert-secondary"><pre class="diff">============================= test session starts ==============================
platform linux -- Python 3.10.12, pytest-7.1.3, pluggy-1.0.0
rootdir: /home/lucca/desktop/ic/experimento/testes/python_experiments/stack3
plugins: Faker-15.1.1, hypothesis-6.56.3
collected 71 items

ALL-SMART-GPT-MUTPY/test_stack3_DYNAMOSA.py .F..F....FF..F...            [ 23%]
ALL-SMART-GPT-MUTPY/test_stack3_MIO.py ...F.................             [ 53%]
ALL-SMART-GPT-MUTPY/test_stack3_MOSA.py .F..F....FF..F...                [ 77%]
ALL-SMART-GPT-MUTPY/test_stack3_MUTPY.py ...F...                         [ 87%]
ALL-SMART-GPT-MUTPY/test_stack3_WHOLE_SUITE.py ....FF..F                 [100%]

=========================== short test summary info ============================
FAILED ALL-SMART-GPT-MUTPY/test_stack3_DYNAMOSA.py::test_case_1 - AssertionEr...
FAILED ALL-SMART-GPT-MUTPY/test_stack3_DYNAMOSA.py::test_case_4 - assert &lt;sta...
FAILED ALL-SMART-GPT-MUTPY/test_stack3_DYNAMOSA.py::test_case_9 - AssertionEr...
FAILED ALL-SMART-GPT-MUTPY/test_stack3_DYNAMOSA.py::test_case_10 - AssertionE...
FAILED ALL-SMART-GPT-MUTPY/test_stack3_DYNAMOSA.py::test_case_13 - AssertionE...
FAILED ALL-SMART-GPT-MUTPY/test_stack3_MIO.py::test_case_3 - AssertionError: ...
FAILED ALL-SMART-GPT-MUTPY/test_stack3_MOSA.py::test_case_1 - AssertionError:...
FAILED ALL-SMART-GPT-MUTPY/test_stack3_MOSA.py::test_case_4 - assert &lt;stack3....
FAILED ALL-SMART-GPT-MUTPY/test_stack3_MOSA.py::test_case_9 - AssertionError:...
FAILED ALL-SMART-GPT-MUTPY/test_stack3_MOSA.py::test_case_10 - AssertionError...
FAILED ALL-SMART-GPT-MUTPY/test_stack3_MOSA.py::test_case_13 - AssertionError...
FAILED ALL-SMART-GPT-MUTPY/test_stack3_MUTPY.py::test_remove_single_element
FAILED ALL-SMART-GPT-MUTPY/test_stack3_WHOLE_SUITE.py::test_case_4 - Assertio...
FAILED ALL-SMART-GPT-MUTPY/test_stack3_WHOLE_SUITE.py::test_case_5 - assert -...
FAILED ALL-SMART-GPT-MUTPY/test_stack3_WHOLE_SUITE.py::test_case_8 - assert &lt;...
======================== 15 failed, 56 passed in 0.26s =========================
</pre></div></div></div></div></div><div class="mb-1" id="job_list___sub_accordion_50"><div class="card"><a data-toggle="collapse" data-target="#job_list___sub_collapse_50_1" aria-expanded="false" aria-controls="job_list___sub_collapse_50_1" href="#" class="job_list___sub_multi_heading"><div role="alert" class="card-header alert-success" id="job_list___sub_heading_50_1"><button class="btn btn-outline-success"><span class="job_id">50 : Job ID e837c58934a84495bac7c29c4723dd28</span></button></div></a><div aria-labelledby="job_list___sub_heading_50_1" data-parent="#job_list___sub_accordion_50" class="collapse job_list___sub_multi_collapse" id="job_list___sub_collapse_50_1"><div class="card-body"><div class="work-item"><div class="alert alert-success test-outcome" role="alert"><p>worker outcome: normal</p><p>test outcome: killed</p></div></div><pre class="location"><a href="pycharm://open?file=stack3.py&amp;line=38" class="text-secondary"><button class="btn btn-outline-dark">stack3.py, start pos: (38, 26), end pos: (38, 27)</button></a></pre><pre>operator: core/NumberReplacer, occurrence: 9</pre><div class="alert alert-secondary"><pre class="diff">--- mutation diff ---
--- astack3.py
+++ bstack3.py
@@ -35,7 +35,7 @@
 
         """Remove node from linkedlist."""
 
-        if self.__size == 0:
+        if self.__size == -1:
             return None
         if self.__size == 1: # Alterado para corrigir comportamento
             nodeToRemove = self.__head</pre></div><div class="alert alert-secondary"><pre class="diff">============================= test session starts ==============================
platform linux -- Python 3.10.12, pytest-7.1.3, pluggy-1.0.0
rootdir: /home/lucca/desktop/ic/experimento/testes/python_experiments/stack3
plugins: Faker-15.1.1, hypothesis-6.56.3
collected 71 items

ALL-SMART-GPT-MUTPY/test_stack3_DYNAMOSA.py .................            [ 23%]
ALL-SMART-GPT-MUTPY/test_stack3_MIO.py .....................             [ 53%]
ALL-SMART-GPT-MUTPY/test_stack3_MOSA.py .................                [ 77%]
ALL-SMART-GPT-MUTPY/test_stack3_MUTPY.py .......                         [ 87%]
ALL-SMART-GPT-MUTPY/test_stack3_WHOLE_SUITE.py .....F..F                 [100%]

=========================== short test summary info ============================
FAILED ALL-SMART-GPT-MUTPY/test_stack3_WHOLE_SUITE.py::test_case_5 - assert -...
FAILED ALL-SMART-GPT-MUTPY/test_stack3_WHOLE_SUITE.py::test_case_8 - assert &lt;...
========================= 2 failed, 69 passed in 0.24s =========================
</pre></div></div></div></div></div><div class="mb-1" id="job_list___sub_accordion_51"><div class="card"><a data-toggle="collapse" data-target="#job_list___sub_collapse_51_1" aria-expanded="false" aria-controls="job_list___sub_collapse_51_1" href="#" class="job_list___sub_multi_heading"><div role="alert" class="card-header alert-success" id="job_list___sub_heading_51_1"><button class="btn btn-outline-success"><span class="job_id">51 : Job ID bf7d54e2208f47689cc84ae457214656</span></button></div></a><div aria-labelledby="job_list___sub_heading_51_1" data-parent="#job_list___sub_accordion_51" class="collapse job_list___sub_multi_collapse" id="job_list___sub_collapse_51_1"><div class="card-body"><div class="work-item"><div class="alert alert-success test-outcome" role="alert"><p>worker outcome: normal</p><p>test outcome: killed</p></div></div><pre class="location"><a href="pycharm://open?file=stack3.py&amp;line=40" class="text-secondary"><button class="btn btn-outline-dark">stack3.py, start pos: (40, 26), end pos: (40, 27)</button></a></pre><pre>operator: core/NumberReplacer, occurrence: 10</pre><div class="alert alert-secondary"><pre class="diff">--- mutation diff ---
--- astack3.py
+++ bstack3.py
@@ -37,7 +37,7 @@
 
         if self.__size == 0:
             return None
-        if self.__size == 1: # Alterado para corrigir comportamento
+        if self.__size == 2: # Alterado para corrigir comportamento
             nodeToRemove = self.__head
             self.__sentinel.next = None
             self.__head = self.__sentinel</pre></div><div class="alert alert-secondary"><pre class="diff">============================= test session starts ==============================
platform linux -- Python 3.10.12, pytest-7.1.3, pluggy-1.0.0
rootdir: /home/lucca/desktop/ic/experimento/testes/python_experiments/stack3
plugins: Faker-15.1.1, hypothesis-6.56.3
collected 71 items

ALL-SMART-GPT-MUTPY/test_stack3_DYNAMOSA.py .........F...F...            [ 23%]
ALL-SMART-GPT-MUTPY/test_stack3_MIO.py .....................             [ 53%]
ALL-SMART-GPT-MUTPY/test_stack3_MOSA.py .........F...F...                [ 77%]
ALL-SMART-GPT-MUTPY/test_stack3_MUTPY.py ...F...                         [ 87%]
ALL-SMART-GPT-MUTPY/test_stack3_WHOLE_SUITE.py .........                 [100%]

=========================== short test summary info ============================
FAILED ALL-SMART-GPT-MUTPY/test_stack3_DYNAMOSA.py::test_case_9 - AssertionEr...
FAILED ALL-SMART-GPT-MUTPY/test_stack3_DYNAMOSA.py::test_case_13 - AttributeE...
FAILED ALL-SMART-GPT-MUTPY/test_stack3_MOSA.py::test_case_9 - AssertionError:...
FAILED ALL-SMART-GPT-MUTPY/test_stack3_MOSA.py::test_case_13 - AttributeError...
FAILED ALL-SMART-GPT-MUTPY/test_stack3_MUTPY.py::test_remove_single_element
========================= 5 failed, 66 passed in 0.27s =========================
</pre></div></div></div></div></div><div class="mb-1" id="job_list___sub_accordion_52"><div class="card"><a data-toggle="collapse" data-target="#job_list___sub_collapse_52_1" aria-expanded="false" aria-controls="job_list___sub_collapse_52_1" href="#" class="job_list___sub_multi_heading"><div role="alert" class="card-header alert-success" id="job_list___sub_heading_52_1"><button class="btn btn-outline-success"><span class="job_id">52 : Job ID 7a080f4d81954bbf86ffc82ef3a27718</span></button></div></a><div aria-labelledby="job_list___sub_heading_52_1" data-parent="#job_list___sub_accordion_52" class="collapse job_list___sub_multi_collapse" id="job_list___sub_collapse_52_1"><div class="card-body"><div class="work-item"><div class="alert alert-success test-outcome" role="alert"><p>worker outcome: normal</p><p>test outcome: killed</p></div></div><pre class="location"><a href="pycharm://open?file=stack3.py&amp;line=40" class="text-secondary"><button class="btn btn-outline-dark">stack3.py, start pos: (40, 26), end pos: (40, 27)</button></a></pre><pre>operator: core/NumberReplacer, occurrence: 11</pre><div class="alert alert-secondary"><pre class="diff">--- mutation diff ---
--- astack3.py
+++ bstack3.py
@@ -37,7 +37,7 @@
 
         if self.__size == 0:
             return None
-        if self.__size == 1: # Alterado para corrigir comportamento
+        if self.__size == 0: # Alterado para corrigir comportamento
             nodeToRemove = self.__head
             self.__sentinel.next = None
             self.__head = self.__sentinel</pre></div><div class="alert alert-secondary"><pre class="diff">============================= test session starts ==============================
platform linux -- Python 3.10.12, pytest-7.1.3, pluggy-1.0.0
rootdir: /home/lucca/desktop/ic/experimento/testes/python_experiments/stack3
plugins: Faker-15.1.1, hypothesis-6.56.3
collected 71 items

ALL-SMART-GPT-MUTPY/test_stack3_DYNAMOSA.py .........F...F...            [ 23%]
ALL-SMART-GPT-MUTPY/test_stack3_MIO.py .....................             [ 53%]
ALL-SMART-GPT-MUTPY/test_stack3_MOSA.py .........F...F...                [ 77%]
ALL-SMART-GPT-MUTPY/test_stack3_MUTPY.py ...F...                         [ 87%]
ALL-SMART-GPT-MUTPY/test_stack3_WHOLE_SUITE.py .........                 [100%]

=========================== short test summary info ============================
FAILED ALL-SMART-GPT-MUTPY/test_stack3_DYNAMOSA.py::test_case_9 - AssertionEr...
FAILED ALL-SMART-GPT-MUTPY/test_stack3_DYNAMOSA.py::test_case_13 - AttributeE...
FAILED ALL-SMART-GPT-MUTPY/test_stack3_MOSA.py::test_case_9 - AssertionError:...
FAILED ALL-SMART-GPT-MUTPY/test_stack3_MOSA.py::test_case_13 - AttributeError...
FAILED ALL-SMART-GPT-MUTPY/test_stack3_MUTPY.py::test_remove_single_element
========================= 5 failed, 66 passed in 0.25s =========================
</pre></div></div></div></div></div><div class="mb-1" id="job_list___sub_accordion_53"><div class="card"><a data-toggle="collapse" data-target="#job_list___sub_collapse_53_1" aria-expanded="false" aria-controls="job_list___sub_collapse_53_1" href="#" class="job_list___sub_multi_heading"><div role="alert" class="card-header alert-success" id="job_list___sub_heading_53_1"><button class="btn btn-outline-success"><span class="job_id">53 : Job ID 2a6519ea58304be5bd3f61e04dad8a1b</span></button></div></a><div aria-labelledby="job_list___sub_heading_53_1" data-parent="#job_list___sub_accordion_53" class="collapse job_list___sub_multi_collapse" id="job_list___sub_collapse_53_1"><div class="card-body"><div class="work-item"><div class="alert alert-success test-outcome" role="alert"><p>worker outcome: normal</p><p>test outcome: killed</p></div></div><pre class="location"><a href="pycharm://open?file=stack3.py&amp;line=44" class="text-secondary"><button class="btn btn-outline-dark">stack3.py, start pos: (44, 27), end pos: (44, 28)</button></a></pre><pre>operator: core/NumberReplacer, occurrence: 12</pre><div class="alert alert-secondary"><pre class="diff">--- mutation diff ---
--- astack3.py
+++ bstack3.py
@@ -41,7 +41,7 @@
             nodeToRemove = self.__head
             self.__sentinel.next = None
             self.__head = self.__sentinel
-            self.__size -= 1
+            self.__size -= 2
             return nodeToRemove
         else:
             nodeToRemove = self.__head</pre></div><div class="alert alert-secondary"><pre class="diff">============================= test session starts ==============================
platform linux -- Python 3.10.12, pytest-7.1.3, pluggy-1.0.0
rootdir: /home/lucca/desktop/ic/experimento/testes/python_experiments/stack3
plugins: Faker-15.1.1, hypothesis-6.56.3
collected 71 items

ALL-SMART-GPT-MUTPY/test_stack3_DYNAMOSA.py .................            [ 23%]
ALL-SMART-GPT-MUTPY/test_stack3_MIO.py .....................             [ 53%]
ALL-SMART-GPT-MUTPY/test_stack3_MOSA.py .................                [ 77%]
ALL-SMART-GPT-MUTPY/test_stack3_MUTPY.py ...F...                         [ 87%]
ALL-SMART-GPT-MUTPY/test_stack3_WHOLE_SUITE.py .........                 [100%]

=========================== short test summary info ============================
FAILED ALL-SMART-GPT-MUTPY/test_stack3_MUTPY.py::test_remove_single_element
========================= 1 failed, 70 passed in 0.25s =========================
</pre></div></div></div></div></div><div class="mb-1" id="job_list___sub_accordion_54"><div class="card"><a data-toggle="collapse" data-target="#job_list___sub_collapse_54_1" aria-expanded="false" aria-controls="job_list___sub_collapse_54_1" href="#" class="job_list___sub_multi_heading"><div role="alert" class="card-header alert-success" id="job_list___sub_heading_54_1"><button class="btn btn-outline-success"><span class="job_id">54 : Job ID c8651c1dee8c4a5588bfd3e6eebd4e2c</span></button></div></a><div aria-labelledby="job_list___sub_heading_54_1" data-parent="#job_list___sub_accordion_54" class="collapse job_list___sub_multi_collapse" id="job_list___sub_collapse_54_1"><div class="card-body"><div class="work-item"><div class="alert alert-success test-outcome" role="alert"><p>worker outcome: normal</p><p>test outcome: killed</p></div></div><pre class="location"><a href="pycharm://open?file=stack3.py&amp;line=44" class="text-secondary"><button class="btn btn-outline-dark">stack3.py, start pos: (44, 27), end pos: (44, 28)</button></a></pre><pre>operator: core/NumberReplacer, occurrence: 13</pre><div class="alert alert-secondary"><pre class="diff">--- mutation diff ---
--- astack3.py
+++ bstack3.py
@@ -41,7 +41,7 @@
             nodeToRemove = self.__head
             self.__sentinel.next = None
             self.__head = self.__sentinel
-            self.__size -= 1
+            self.__size -= 0
             return nodeToRemove
         else:
             nodeToRemove = self.__head</pre></div><div class="alert alert-secondary"><pre class="diff">============================= test session starts ==============================
platform linux -- Python 3.10.12, pytest-7.1.3, pluggy-1.0.0
rootdir: /home/lucca/desktop/ic/experimento/testes/python_experiments/stack3
plugins: Faker-15.1.1, hypothesis-6.56.3
collected 71 items

ALL-SMART-GPT-MUTPY/test_stack3_DYNAMOSA.py .................            [ 23%]
ALL-SMART-GPT-MUTPY/test_stack3_MIO.py .....................             [ 53%]
ALL-SMART-GPT-MUTPY/test_stack3_MOSA.py .................                [ 77%]
ALL-SMART-GPT-MUTPY/test_stack3_MUTPY.py ...F...                         [ 87%]
ALL-SMART-GPT-MUTPY/test_stack3_WHOLE_SUITE.py .........                 [100%]

=========================== short test summary info ============================
FAILED ALL-SMART-GPT-MUTPY/test_stack3_MUTPY.py::test_remove_single_element
========================= 1 failed, 70 passed in 0.25s =========================
</pre></div></div></div></div></div><div class="mb-1" id="job_list___sub_accordion_55"><div class="card"><a data-toggle="collapse" data-target="#job_list___sub_collapse_55_1" aria-expanded="false" aria-controls="job_list___sub_collapse_55_1" href="#" class="job_list___sub_multi_heading"><div role="alert" class="card-header alert-success" id="job_list___sub_heading_55_1"><button class="btn btn-outline-success"><span class="job_id">55 : Job ID ce79f3e0da014dfba81d051cb82a13b1</span></button></div></a><div aria-labelledby="job_list___sub_heading_55_1" data-parent="#job_list___sub_accordion_55" class="collapse job_list___sub_multi_collapse" id="job_list___sub_collapse_55_1"><div class="card-body"><div class="work-item"><div class="alert alert-success test-outcome" role="alert"><p>worker outcome: normal</p><p>test outcome: killed</p></div></div><pre class="location"><a href="pycharm://open?file=stack3.py&amp;line=50" class="text-secondary"><button class="btn btn-outline-dark">stack3.py, start pos: (50, 27), end pos: (50, 28)</button></a></pre><pre>operator: core/NumberReplacer, occurrence: 14</pre><div class="alert alert-secondary"><pre class="diff">--- mutation diff ---
--- astack3.py
+++ bstack3.py
@@ -47,7 +47,7 @@
             nodeToRemove = self.__head
             self.__sentinel.next = self.__head.next
             self.__head = self.__sentinel.next
-            self.__size -= 1
+            self.__size -= 2
             return nodeToRemove
 
     def getHead(self) -&gt; T:</pre></div><div class="alert alert-secondary"><pre class="diff">============================= test session starts ==============================
platform linux -- Python 3.10.12, pytest-7.1.3, pluggy-1.0.0
rootdir: /home/lucca/desktop/ic/experimento/testes/python_experiments/stack3
plugins: Faker-15.1.1, hypothesis-6.56.3
collected 71 items

ALL-SMART-GPT-MUTPY/test_stack3_DYNAMOSA.py .................            [ 23%]
ALL-SMART-GPT-MUTPY/test_stack3_MIO.py .....................             [ 53%]
ALL-SMART-GPT-MUTPY/test_stack3_MOSA.py .................                [ 77%]
ALL-SMART-GPT-MUTPY/test_stack3_MUTPY.py .......                         [ 87%]
ALL-SMART-GPT-MUTPY/test_stack3_WHOLE_SUITE.py .F.......                 [100%]

=========================== short test summary info ============================
FAILED ALL-SMART-GPT-MUTPY/test_stack3_WHOLE_SUITE.py::test_case_1 - assert 0...
========================= 1 failed, 70 passed in 0.24s =========================
</pre></div></div></div></div></div><div class="mb-1" id="job_list___sub_accordion_56"><div class="card"><a data-toggle="collapse" data-target="#job_list___sub_collapse_56_1" aria-expanded="false" aria-controls="job_list___sub_collapse_56_1" href="#" class="job_list___sub_multi_heading"><div role="alert" class="card-header alert-success" id="job_list___sub_heading_56_1"><button class="btn btn-outline-success"><span class="job_id">56 : Job ID f5f11ebce97540c996371730d9588449</span></button></div></a><div aria-labelledby="job_list___sub_heading_56_1" data-parent="#job_list___sub_accordion_56" class="collapse job_list___sub_multi_collapse" id="job_list___sub_collapse_56_1"><div class="card-body"><div class="work-item"><div class="alert alert-success test-outcome" role="alert"><p>worker outcome: normal</p><p>test outcome: killed</p></div></div><pre class="location"><a href="pycharm://open?file=stack3.py&amp;line=50" class="text-secondary"><button class="btn btn-outline-dark">stack3.py, start pos: (50, 27), end pos: (50, 28)</button></a></pre><pre>operator: core/NumberReplacer, occurrence: 15</pre><div class="alert alert-secondary"><pre class="diff">--- mutation diff ---
--- astack3.py
+++ bstack3.py
@@ -47,7 +47,7 @@
             nodeToRemove = self.__head
             self.__sentinel.next = self.__head.next
             self.__head = self.__sentinel.next
-            self.__size -= 1
+            self.__size -= 0
             return nodeToRemove
 
     def getHead(self) -&gt; T:</pre></div><div class="alert alert-secondary"><pre class="diff">============================= test session starts ==============================
platform linux -- Python 3.10.12, pytest-7.1.3, pluggy-1.0.0
rootdir: /home/lucca/desktop/ic/experimento/testes/python_experiments/stack3
plugins: Faker-15.1.1, hypothesis-6.56.3
collected 71 items

ALL-SMART-GPT-MUTPY/test_stack3_DYNAMOSA.py .................            [ 23%]
ALL-SMART-GPT-MUTPY/test_stack3_MIO.py .....................             [ 53%]
ALL-SMART-GPT-MUTPY/test_stack3_MOSA.py .................                [ 77%]
ALL-SMART-GPT-MUTPY/test_stack3_MUTPY.py .......                         [ 87%]
ALL-SMART-GPT-MUTPY/test_stack3_WHOLE_SUITE.py .F.......                 [100%]

=========================== short test summary info ============================
FAILED ALL-SMART-GPT-MUTPY/test_stack3_WHOLE_SUITE.py::test_case_1 - assert 2...
========================= 1 failed, 70 passed in 0.24s =========================
</pre></div></div></div></div></div><div class="mb-1" id="job_list___sub_accordion_57"><div class="card"><a data-toggle="collapse" data-target="#job_list___sub_collapse_57_1" aria-expanded="false" aria-controls="job_list___sub_collapse_57_1" href="#" class="job_list___sub_multi_heading"><div role="alert" class="card-header alert-success" id="job_list___sub_heading_57_1"><button class="btn btn-outline-success"><span class="job_id">57 : Job ID 20a229f91c02473189c1d68e5862682a</span></button></div></a><div aria-labelledby="job_list___sub_heading_57_1" data-parent="#job_list___sub_accordion_57" class="collapse job_list___sub_multi_collapse" id="job_list___sub_collapse_57_1"><div class="card-body"><div class="work-item"><div class="alert alert-success test-outcome" role="alert"><p>worker outcome: normal</p><p>test outcome: killed</p></div></div><pre class="location"><a href="pycharm://open?file=stack3.py&amp;line=75" class="text-secondary"><button class="btn btn-outline-dark">stack3.py, start pos: (75, 38), end pos: (75, 39)</button></a></pre><pre>operator: core/NumberReplacer, occurrence: 16</pre><div class="alert alert-secondary"><pre class="diff">--- mutation diff ---
--- astack3.py
+++ bstack3.py
@@ -72,7 +72,7 @@
 
         """Checks if linkedlist is empty."""
 
-        return True if self.__size == 0 else False
+        return True if self.__size == 1 else False
 
     def toArray(self) -&gt; list:
 </pre></div><div class="alert alert-secondary"><pre class="diff">============================= test session starts ==============================
platform linux -- Python 3.10.12, pytest-7.1.3, pluggy-1.0.0
rootdir: /home/lucca/desktop/ic/experimento/testes/python_experiments/stack3
plugins: Faker-15.1.1, hypothesis-6.56.3
collected 71 items

ALL-SMART-GPT-MUTPY/test_stack3_DYNAMOSA.py ...FF..........F.            [ 23%]
ALL-SMART-GPT-MUTPY/test_stack3_MIO.py .....FF..............             [ 53%]
ALL-SMART-GPT-MUTPY/test_stack3_MOSA.py ...FF..........F.                [ 77%]
ALL-SMART-GPT-MUTPY/test_stack3_MUTPY.py ...F...                         [ 87%]
ALL-SMART-GPT-MUTPY/test_stack3_WHOLE_SUITE.py .F.....F.                 [100%]

=========================== short test summary info ============================
FAILED ALL-SMART-GPT-MUTPY/test_stack3_DYNAMOSA.py::test_case_3 - assert Fals...
FAILED ALL-SMART-GPT-MUTPY/test_stack3_DYNAMOSA.py::test_case_4 - assert True...
FAILED ALL-SMART-GPT-MUTPY/test_stack3_DYNAMOSA.py::test_case_15 - assert Tru...
FAILED ALL-SMART-GPT-MUTPY/test_stack3_MIO.py::test_case_5 - assert False is ...
FAILED ALL-SMART-GPT-MUTPY/test_stack3_MIO.py::test_case_6 - assert True is F...
FAILED ALL-SMART-GPT-MUTPY/test_stack3_MOSA.py::test_case_3 - assert False is...
FAILED ALL-SMART-GPT-MUTPY/test_stack3_MOSA.py::test_case_4 - assert True is ...
FAILED ALL-SMART-GPT-MUTPY/test_stack3_MOSA.py::test_case_15 - assert True is...
FAILED ALL-SMART-GPT-MUTPY/test_stack3_MUTPY.py::test_remove_single_element
FAILED ALL-SMART-GPT-MUTPY/test_stack3_WHOLE_SUITE.py::test_case_1 - assert T...
FAILED ALL-SMART-GPT-MUTPY/test_stack3_WHOLE_SUITE.py::test_case_7 - assert F...
======================== 11 failed, 60 passed in 0.24s =========================
</pre></div></div></div></div></div><div class="mb-1" id="job_list___sub_accordion_58"><div class="card"><a data-toggle="collapse" data-target="#job_list___sub_collapse_58_1" aria-expanded="false" aria-controls="job_list___sub_collapse_58_1" href="#" class="job_list___sub_multi_heading"><div role="alert" class="card-header alert-success" id="job_list___sub_heading_58_1"><button class="btn btn-outline-success"><span class="job_id">58 : Job ID 568fcf60bd664e9fa4b32623e0408d85</span></button></div></a><div aria-labelledby="job_list___sub_heading_58_1" data-parent="#job_list___sub_accordion_58" class="collapse job_list___sub_multi_collapse" id="job_list___sub_collapse_58_1"><div class="card-body"><div class="work-item"><div class="alert alert-success test-outcome" role="alert"><p>worker outcome: normal</p><p>test outcome: killed</p></div></div><pre class="location"><a href="pycharm://open?file=stack3.py&amp;line=75" class="text-secondary"><button class="btn btn-outline-dark">stack3.py, start pos: (75, 38), end pos: (75, 39)</button></a></pre><pre>operator: core/NumberReplacer, occurrence: 17</pre><div class="alert alert-secondary"><pre class="diff">--- mutation diff ---
--- astack3.py
+++ bstack3.py
@@ -72,7 +72,7 @@
 
         """Checks if linkedlist is empty."""
 
-        return True if self.__size == 0 else False
+        return True if self.__size == -1 else False
 
     def toArray(self) -&gt; list:
 </pre></div><div class="alert alert-secondary"><pre class="diff">============================= test session starts ==============================
platform linux -- Python 3.10.12, pytest-7.1.3, pluggy-1.0.0
rootdir: /home/lucca/desktop/ic/experimento/testes/python_experiments/stack3
plugins: Faker-15.1.1, hypothesis-6.56.3
collected 71 items

ALL-SMART-GPT-MUTPY/test_stack3_DYNAMOSA.py ...F.............            [ 23%]
ALL-SMART-GPT-MUTPY/test_stack3_MIO.py .....F...............             [ 53%]
ALL-SMART-GPT-MUTPY/test_stack3_MOSA.py ...F.............                [ 77%]
ALL-SMART-GPT-MUTPY/test_stack3_MUTPY.py ...F...                         [ 87%]
ALL-SMART-GPT-MUTPY/test_stack3_WHOLE_SUITE.py .......F.                 [100%]

=========================== short test summary info ============================
FAILED ALL-SMART-GPT-MUTPY/test_stack3_DYNAMOSA.py::test_case_3 - assert Fals...
FAILED ALL-SMART-GPT-MUTPY/test_stack3_MIO.py::test_case_5 - assert False is ...
FAILED ALL-SMART-GPT-MUTPY/test_stack3_MOSA.py::test_case_3 - assert False is...
FAILED ALL-SMART-GPT-MUTPY/test_stack3_MUTPY.py::test_remove_single_element
FAILED ALL-SMART-GPT-MUTPY/test_stack3_WHOLE_SUITE.py::test_case_7 - assert F...
========================= 5 failed, 66 passed in 0.26s =========================
</pre></div></div></div></div></div><div class="mb-1" id="job_list___sub_accordion_59"><div class="card"><a data-toggle="collapse" data-target="#job_list___sub_collapse_59_1" aria-expanded="false" aria-controls="job_list___sub_collapse_59_1" href="#" class="job_list___sub_multi_heading"><div role="alert" class="card-header alert-success" id="job_list___sub_heading_59_1"><button class="btn btn-outline-success"><span class="job_id">59 : Job ID 0e88413d3a0541fa9cbe31eb746a4549</span></button></div></a><div aria-labelledby="job_list___sub_heading_59_1" data-parent="#job_list___sub_accordion_59" class="collapse job_list___sub_multi_collapse" id="job_list___sub_collapse_59_1"><div class="card-body"><div class="work-item"><div class="alert alert-success test-outcome" role="alert"><p>worker outcome: normal</p><p>test outcome: killed</p></div></div><pre class="location"><a href="pycharm://open?file=stack3.py&amp;line=125" class="text-secondary"><button class="btn btn-outline-dark">stack3.py, start pos: (125, 49), end pos: (125, 50)</button></a></pre><pre>operator: core/NumberReplacer, occurrence: 18</pre><div class="alert alert-secondary"><pre class="diff">--- mutation diff ---
--- astack3.py
+++ bstack3.py
@@ -122,7 +122,7 @@
 
         """Check if stack is empty."""
 
-        return True if self.__stack.getSize() == 0 else False
+        return True if self.__stack.getSize() == 1 else False
 
     def getSize(self) -&gt; int:
 </pre></div><div class="alert alert-secondary"><pre class="diff">============================= test session starts ==============================
platform linux -- Python 3.10.12, pytest-7.1.3, pluggy-1.0.0
rootdir: /home/lucca/desktop/ic/experimento/testes/python_experiments/stack3
plugins: Faker-15.1.1, hypothesis-6.56.3
collected 71 items

ALL-SMART-GPT-MUTPY/test_stack3_DYNAMOSA.py .......F.....F...            [ 23%]
ALL-SMART-GPT-MUTPY/test_stack3_MIO.py ...........FF........             [ 53%]
ALL-SMART-GPT-MUTPY/test_stack3_MOSA.py .......F.....F...                [ 77%]
ALL-SMART-GPT-MUTPY/test_stack3_MUTPY.py .......                         [ 87%]
ALL-SMART-GPT-MUTPY/test_stack3_WHOLE_SUITE.py ..F......                 [100%]

=========================== short test summary info ============================
FAILED ALL-SMART-GPT-MUTPY/test_stack3_DYNAMOSA.py::test_case_7 - assert Fals...
FAILED ALL-SMART-GPT-MUTPY/test_stack3_DYNAMOSA.py::test_case_13 - assert Tru...
FAILED ALL-SMART-GPT-MUTPY/test_stack3_MIO.py::test_case_11 - assert False is...
FAILED ALL-SMART-GPT-MUTPY/test_stack3_MIO.py::test_case_12 - assert True is ...
FAILED ALL-SMART-GPT-MUTPY/test_stack3_MOSA.py::test_case_7 - assert False is...
FAILED ALL-SMART-GPT-MUTPY/test_stack3_MOSA.py::test_case_13 - assert True is...
FAILED ALL-SMART-GPT-MUTPY/test_stack3_WHOLE_SUITE.py::test_case_2 - assert F...
========================= 7 failed, 64 passed in 0.25s =========================
</pre></div></div></div></div></div><div class="mb-1" id="job_list___sub_accordion_60"><div class="card"><a data-toggle="collapse" data-target="#job_list___sub_collapse_60_1" aria-expanded="false" aria-controls="job_list___sub_collapse_60_1" href="#" class="job_list___sub_multi_heading"><div role="alert" class="card-header alert-success" id="job_list___sub_heading_60_1"><button class="btn btn-outline-success"><span class="job_id">60 : Job ID 0e5983870e8348aca2eb7bbbdb43d750</span></button></div></a><div aria-labelledby="job_list___sub_heading_60_1" data-parent="#job_list___sub_accordion_60" class="collapse job_list___sub_multi_collapse" id="job_list___sub_collapse_60_1"><div class="card-body"><div class="work-item"><div class="alert alert-success test-outcome" role="alert"><p>worker outcome: normal</p><p>test outcome: killed</p></div></div><pre class="location"><a href="pycharm://open?file=stack3.py&amp;line=125" class="text-secondary"><button class="btn btn-outline-dark">stack3.py, start pos: (125, 49), end pos: (125, 50)</button></a></pre><pre>operator: core/NumberReplacer, occurrence: 19</pre><div class="alert alert-secondary"><pre class="diff">--- mutation diff ---
--- astack3.py
+++ bstack3.py
@@ -122,7 +122,7 @@
 
         """Check if stack is empty."""
 
-        return True if self.__stack.getSize() == 0 else False
+        return True if self.__stack.getSize() == -1 else False
 
     def getSize(self) -&gt; int:
 </pre></div><div class="alert alert-secondary"><pre class="diff">============================= test session starts ==============================
platform linux -- Python 3.10.12, pytest-7.1.3, pluggy-1.0.0
rootdir: /home/lucca/desktop/ic/experimento/testes/python_experiments/stack3
plugins: Faker-15.1.1, hypothesis-6.56.3
collected 71 items

ALL-SMART-GPT-MUTPY/test_stack3_DYNAMOSA.py .......F.........            [ 23%]
ALL-SMART-GPT-MUTPY/test_stack3_MIO.py ...........F.........             [ 53%]
ALL-SMART-GPT-MUTPY/test_stack3_MOSA.py .......F.........                [ 77%]
ALL-SMART-GPT-MUTPY/test_stack3_MUTPY.py .......                         [ 87%]
ALL-SMART-GPT-MUTPY/test_stack3_WHOLE_SUITE.py ..F......                 [100%]

=========================== short test summary info ============================
FAILED ALL-SMART-GPT-MUTPY/test_stack3_DYNAMOSA.py::test_case_7 - assert Fals...
FAILED ALL-SMART-GPT-MUTPY/test_stack3_MIO.py::test_case_11 - assert False is...
FAILED ALL-SMART-GPT-MUTPY/test_stack3_MOSA.py::test_case_7 - assert False is...
FAILED ALL-SMART-GPT-MUTPY/test_stack3_WHOLE_SUITE.py::test_case_2 - assert F...
========================= 4 failed, 67 passed in 0.24s =========================
</pre></div></div></div></div></div><div class="mb-1" id="job_list___sub_accordion_61"><div class="card"><a data-toggle="collapse" data-target="#job_list___sub_collapse_61_1" aria-expanded="false" aria-controls="job_list___sub_collapse_61_1" href="#" class="job_list___sub_multi_heading"><div role="alert" class="card-header alert-success" id="job_list___sub_heading_61_1"><button class="btn btn-outline-success"><span class="job_id">61 : Job ID f73b2d7079024671904ddd3be49b45e0</span></button></div></a><div aria-labelledby="job_list___sub_heading_61_1" data-parent="#job_list___sub_accordion_61" class="collapse job_list___sub_multi_collapse" id="job_list___sub_collapse_61_1"><div class="card-body"><div class="work-item"><div class="alert alert-success test-outcome" role="alert"><p>worker outcome: normal</p><p>test outcome: killed</p></div></div><pre class="location"><a href="pycharm://open?file=stack3.py&amp;line=137" class="text-secondary"><button class="btn btn-outline-dark">stack3.py, start pos: (137, 45), end pos: (137, 46)</button></a></pre><pre>operator: core/NumberReplacer, occurrence: 20</pre><div class="alert alert-secondary"><pre class="diff">--- mutation diff ---
--- astack3.py
+++ bstack3.py
@@ -134,5 +134,5 @@
 
         """Get string representation of the stack."""
 
-        return str(self.__stack.toArray()[::-1])
+        return str(self.__stack.toArray()[::- 2])
 </pre></div><div class="alert alert-secondary"><pre class="diff">============================= test session starts ==============================
platform linux -- Python 3.10.12, pytest-7.1.3, pluggy-1.0.0
rootdir: /home/lucca/desktop/ic/experimento/testes/python_experiments/stack3
plugins: Faker-15.1.1, hypothesis-6.56.3
collected 71 items

ALL-SMART-GPT-MUTPY/test_stack3_DYNAMOSA.py .................            [ 23%]
ALL-SMART-GPT-MUTPY/test_stack3_MIO.py .....................             [ 53%]
ALL-SMART-GPT-MUTPY/test_stack3_MOSA.py .................                [ 77%]
ALL-SMART-GPT-MUTPY/test_stack3_MUTPY.py ..F....                         [ 87%]
ALL-SMART-GPT-MUTPY/test_stack3_WHOLE_SUITE.py .........                 [100%]

=========================== short test summary info ============================
FAILED ALL-SMART-GPT-MUTPY/test_stack3_MUTPY.py::test_stack_push - AssertionE...
========================= 1 failed, 70 passed in 0.25s =========================
</pre></div></div></div></div></div><div class="mb-1" id="job_list___sub_accordion_62"><div class="card"><a data-toggle="collapse" data-target="#job_list___sub_collapse_62_1" aria-expanded="false" aria-controls="job_list___sub_collapse_62_1" href="#" class="job_list___sub_multi_heading"><div role="alert" class="card-header alert-success" id="job_list___sub_heading_62_1"><button class="btn btn-outline-success"><span class="job_id">62 : Job ID 0f8fea252a424ec99cb44f10f33e8062</span></button></div></a><div aria-labelledby="job_list___sub_heading_62_1" data-parent="#job_list___sub_accordion_62" class="collapse job_list___sub_multi_collapse" id="job_list___sub_collapse_62_1"><div class="card-body"><div class="work-item"><div class="alert alert-success test-outcome" role="alert"><p>worker outcome: normal</p><p>test outcome: killed</p></div></div><pre class="location"><a href="pycharm://open?file=stack3.py&amp;line=137" class="text-secondary"><button class="btn btn-outline-dark">stack3.py, start pos: (137, 45), end pos: (137, 46)</button></a></pre><pre>operator: core/NumberReplacer, occurrence: 21</pre><div class="alert alert-secondary"><pre class="diff">--- mutation diff ---
--- astack3.py
+++ bstack3.py
@@ -134,5 +134,5 @@
 
         """Get string representation of the stack."""
 
-        return str(self.__stack.toArray()[::-1])
+        return str(self.__stack.toArray()[::- 0])
 </pre></div><div class="alert alert-secondary"><pre class="diff">============================= test session starts ==============================
platform linux -- Python 3.10.12, pytest-7.1.3, pluggy-1.0.0
rootdir: /home/lucca/desktop/ic/experimento/testes/python_experiments/stack3
plugins: Faker-15.1.1, hypothesis-6.56.3
collected 71 items

ALL-SMART-GPT-MUTPY/test_stack3_DYNAMOSA.py .....F......F....            [ 23%]
ALL-SMART-GPT-MUTPY/test_stack3_MIO.py ....................F             [ 53%]
ALL-SMART-GPT-MUTPY/test_stack3_MOSA.py .....F......F....                [ 77%]
ALL-SMART-GPT-MUTPY/test_stack3_MUTPY.py ..F....                         [ 87%]
ALL-SMART-GPT-MUTPY/test_stack3_WHOLE_SUITE.py ...F.....                 [100%]

=========================== short test summary info ============================
FAILED ALL-SMART-GPT-MUTPY/test_stack3_DYNAMOSA.py::test_case_5 - ValueError:...
FAILED ALL-SMART-GPT-MUTPY/test_stack3_DYNAMOSA.py::test_case_12 - ValueError...
FAILED ALL-SMART-GPT-MUTPY/test_stack3_MIO.py::test_case_20 - ValueError: sli...
FAILED ALL-SMART-GPT-MUTPY/test_stack3_MOSA.py::test_case_5 - ValueError: sli...
FAILED ALL-SMART-GPT-MUTPY/test_stack3_MOSA.py::test_case_12 - ValueError: sl...
FAILED ALL-SMART-GPT-MUTPY/test_stack3_MUTPY.py::test_stack_push - ValueError...
FAILED ALL-SMART-GPT-MUTPY/test_stack3_WHOLE_SUITE.py::test_case_3 - ValueErr...
========================= 7 failed, 64 passed in 0.26s =========================
</pre></div></div></div></div></div></div></div></div></div></div><script src="https://code.jquery.com/jquery-3.3.1.slim.min.js" integrity="sha384-q8i/X+965DzO0rT7abK41JStQIAqVgRVzpbzo5smXKp4YfRvH+8abtTE1Pi6jizo" crossorigin="anonymous"></script><script src="https://cdnjs.cloudflare.com/ajax/libs/popper.js/1.14.7/umd/popper.min.js" integrity="sha384-UO2eT0CpHqdSJQ6hJty5KVphtPhzWj9WO1clHTMGa3JDZwrnQq4sF86dIHNDz0W1" crossorigin="anonymous"></script><script src="https://stackpath.bootstrapcdn.com/bootstrap/4.3.1/js/bootstrap.min.js" integrity="sha384-JjSmVgyd0p3pXB1rRibZUAYoIIy6OrQ6VrjIEaFf/nJGzIxFDsf4x0xIM+B07jRM" crossorigin="anonymous"></script><script type="text/javascript">$('div.job_list___sub_multi_collapse').on('shown.bs.collapse',  function () {    correct_behavior_functional_buttons();  });$('div.job_list___sub_multi_collapse').on('hidden.bs.collapse',  function () {    correct_behavior_functional_buttons();  });function correct_behavior_functional_buttons() {    var expand = false;    var collapse = false;    $('a.job_list___sub_multi_heading').each(function(index) {      if ($(this).attr('aria-expanded') == 'false') {        expand = true;        return false;      };    });    $('a.job_list___sub_multi_heading').each(function(index) {      if ($(this).attr('aria-expanded') == 'true') {        collapse = true;        return false;      };    });    if (expand) {      $('div#job_item_expand_all').css('display', 'inline-block');    } else {      $('div#job_item_expand_all').css('display', 'none');    };    if (collapse) {      $('div#job_item_collapse_all').css('display', 'inline-block');    } else {      $('div#job_item_collapse_all').css('display', 'none');    };  };correct_behavior_functional_buttons();</script></body></html>
