<!DOCTYPE html><html lang="en"><head><meta charset="utf-8" /><meta name="viewport" content="width=device-width, initial-scale=1, shrink-to-fit=no" /><link rel="stylesheet" href="https://stackpath.bootstrapcdn.com/bootstrap/4.3.1/css/bootstrap.min.css" integrity="sha384-ggOyR0iXCbMQv3Xipma34MD+dH/1fQ784/j6cY/iJTQUOhcWr7x9JvoRxT2MZw1T" crossorigin="anonymous" /><title>Cosmic Ray Report</title></head><body><div class="container"><h1><p class="text-dark">Cosmic Ray Report</p></h1></div><div class="container"><div class="mb-1" id="summary_info___accordion"><div class="card"><a data-toggle="collapse" data-target="#summary_info___collapse_1" aria-expanded="true" aria-controls="summary_info___collapse_1" href="#"><div class="card-header" id="summary_info___heading_1"><button class="btn btn-outline-dark"><h4 class="m-0">Summary info</h4></button></div></a><div aria-labelledby="summary_info___heading_1" data-parent="#summary_info___accordion" class="collapse show" id="summary_info___collapse_1"><div class="card-body"><p>Date time: 20/04/2023 17:31:23</p><p>Total jobs: 72</p><p>Complete: 72 (100.00%)</p><p>Surviving mutants: 13 (18.06%)</p></div></div></div></div><div class="mb-1" id="job_list___accordion"><div class="card"><a data-toggle="collapse" data-target="#job_list___collapse_1" aria-expanded="false" aria-controls="job_list___collapse_1" href="#"><div class="card-header" id="job_list___heading_1"><button class="btn btn-outline-dark"><h4 class="m-0">Job list</h4></button></div></a><div aria-labelledby="job_list___heading_1" data-parent="#job_list___accordion" class="collapse" id="job_list___collapse_1"><div class="card-body"><div class="text-right mb-1"><div class="mx-1" id="job_item_expand_all"><a href="#" onclick="$('div.job_list___sub_multi_collapse').collapse('show');"><button class="btn btn-outline-dark"><span>Expand All</span></button></a></div><div class="mx-1" id="job_item_collapse_all"><a href="#" onclick="$('div.job_list___sub_multi_collapse').collapse('hide');"><button class="btn btn-outline-dark"><span>Collapse All</span></button></a></div></div><div class="mb-1" id="job_list___sub_accordion_1"><div class="card"><a data-toggle="collapse" data-target="#job_list___sub_collapse_1_1" aria-expanded="false" aria-controls="job_list___sub_collapse_1_1" href="#" class="job_list___sub_multi_heading"><div role="alert" class="card-header alert-success" id="job_list___sub_heading_1_1"><button class="btn btn-outline-success"><span class="job_id">1 : Job ID 5cd1dc98deb64bb19fe174578d012863</span></button></div></a><div aria-labelledby="job_list___sub_heading_1_1" data-parent="#job_list___sub_accordion_1" class="collapse job_list___sub_multi_collapse" id="job_list___sub_collapse_1_1"><div class="card-body"><div class="work-item"><div class="alert alert-success test-outcome" role="alert"><p>worker outcome: normal</p><p>test outcome: killed</p></div></div><pre class="location"><a href="pycharm://open?file=stack4.py&amp;line=84" class="text-secondary"><button class="btn btn-outline-dark">stack4.py, start pos: (84, 38), end pos: (84, 39)</button></a></pre><pre>operator: core/ReplaceBinaryOperator_Add_Sub, occurrence: 0</pre><div class="alert alert-secondary"><pre class="diff">--- mutation diff ---
--- astack4.py
+++ bstack4.py
@@ -81,7 +81,7 @@
         curr = self.head
         display = '('
         while curr:
-            display += str(curr.data) + ', '
+            display += str(curr.data) - ', '
             curr = curr.next
         return display[:-2] + ')'
 </pre></div><div class="alert alert-secondary"><pre class="diff">============================= test session starts ==============================
platform linux -- Python 3.10.10, pytest-7.2.1, pluggy-1.0.0
rootdir: /home/auri/temp/lucca/python_experiments/stack4
collected 37 items

MIO-MOSA/test_stack4_MIO.py ...............FF...                         [ 54%]
MIO-MOSA/test_stack4_MOSA.py .F.FFF...F......F                           [100%]

=========================== short test summary info ============================
FAILED MIO-MOSA/test_stack4_MIO.py::test_case_15 - TypeError: unsupported ope...
FAILED MIO-MOSA/test_stack4_MIO.py::test_case_16 - TypeError: unsupported ope...
FAILED MIO-MOSA/test_stack4_MOSA.py::test_case_1 - TypeError: unsupported ope...
FAILED MIO-MOSA/test_stack4_MOSA.py::test_case_3 - TypeError: unsupported ope...
FAILED MIO-MOSA/test_stack4_MOSA.py::test_case_4 - TypeError: unsupported ope...
FAILED MIO-MOSA/test_stack4_MOSA.py::test_case_5 - TypeError: unsupported ope...
FAILED MIO-MOSA/test_stack4_MOSA.py::test_case_9 - TypeError: unsupported ope...
FAILED MIO-MOSA/test_stack4_MOSA.py::test_case_16 - TypeError: unsupported op...
========================= 8 failed, 29 passed in 0.08s =========================
</pre></div></div></div></div></div><div class="mb-1" id="job_list___sub_accordion_2"><div class="card"><a data-toggle="collapse" data-target="#job_list___sub_collapse_2_1" aria-expanded="false" aria-controls="job_list___sub_collapse_2_1" href="#" class="job_list___sub_multi_heading"><div role="alert" class="card-header alert-success" id="job_list___sub_heading_2_1"><button class="btn btn-outline-success"><span class="job_id">2 : Job ID 5e6b612d053445178ba507409a22dca3</span></button></div></a><div aria-labelledby="job_list___sub_heading_2_1" data-parent="#job_list___sub_accordion_2" class="collapse job_list___sub_multi_collapse" id="job_list___sub_collapse_2_1"><div class="card-body"><div class="work-item"><div class="alert alert-success test-outcome" role="alert"><p>worker outcome: normal</p><p>test outcome: killed</p></div></div><pre class="location"><a href="pycharm://open?file=stack4.py&amp;line=86" class="text-secondary"><button class="btn btn-outline-dark">stack4.py, start pos: (86, 28), end pos: (86, 29)</button></a></pre><pre>operator: core/ReplaceBinaryOperator_Add_Sub, occurrence: 1</pre><div class="alert alert-secondary"><pre class="diff">--- mutation diff ---
--- astack4.py
+++ bstack4.py
@@ -83,7 +83,7 @@
         while curr:
             display += str(curr.data) + ', '
             curr = curr.next
-        return display[:-2] + ')'
+        return display[:-2] - ')'
 
 
 class Stack(object):</pre></div><div class="alert alert-secondary"><pre class="diff">============================= test session starts ==============================
platform linux -- Python 3.10.10, pytest-7.2.1, pluggy-1.0.0
rootdir: /home/auri/temp/lucca/python_experiments/stack4
collected 37 items

MIO-MOSA/test_stack4_MIO.py ...............FFF..                         [ 54%]
MIO-MOSA/test_stack4_MOSA.py .F.FFF...FF.....F                           [100%]

=========================== short test summary info ============================
FAILED MIO-MOSA/test_stack4_MIO.py::test_case_15 - TypeError: unsupported ope...
FAILED MIO-MOSA/test_stack4_MIO.py::test_case_16 - TypeError: unsupported ope...
FAILED MIO-MOSA/test_stack4_MIO.py::test_case_17 - TypeError: unsupported ope...
FAILED MIO-MOSA/test_stack4_MOSA.py::test_case_1 - TypeError: unsupported ope...
FAILED MIO-MOSA/test_stack4_MOSA.py::test_case_3 - TypeError: unsupported ope...
FAILED MIO-MOSA/test_stack4_MOSA.py::test_case_4 - TypeError: unsupported ope...
FAILED MIO-MOSA/test_stack4_MOSA.py::test_case_5 - TypeError: unsupported ope...
FAILED MIO-MOSA/test_stack4_MOSA.py::test_case_9 - TypeError: unsupported ope...
FAILED MIO-MOSA/test_stack4_MOSA.py::test_case_10 - TypeError: unsupported op...
FAILED MIO-MOSA/test_stack4_MOSA.py::test_case_16 - TypeError: unsupported op...
======================== 10 failed, 27 passed in 0.06s =========================
</pre></div></div></div></div></div><div class="mb-1" id="job_list___sub_accordion_3"><div class="card"><a data-toggle="collapse" data-target="#job_list___sub_collapse_3_1" aria-expanded="false" aria-controls="job_list___sub_collapse_3_1" href="#" class="job_list___sub_multi_heading"><div role="alert" class="card-header alert-success" id="job_list___sub_heading_3_1"><button class="btn btn-outline-success"><span class="job_id">3 : Job ID 08c9e306ec8749a5b919a92b3bed694c</span></button></div></a><div aria-labelledby="job_list___sub_heading_3_1" data-parent="#job_list___sub_accordion_3" class="collapse job_list___sub_multi_collapse" id="job_list___sub_collapse_3_1"><div class="card-body"><div class="work-item"><div class="alert alert-success test-outcome" role="alert"><p>worker outcome: normal</p><p>test outcome: killed</p></div></div><pre class="location"><a href="pycharm://open?file=stack4.py&amp;line=84" class="text-secondary"><button class="btn btn-outline-dark">stack4.py, start pos: (84, 38), end pos: (84, 39)</button></a></pre><pre>operator: core/ReplaceBinaryOperator_Add_Mul, occurrence: 0</pre><div class="alert alert-secondary"><pre class="diff">--- mutation diff ---
--- astack4.py
+++ bstack4.py
@@ -81,7 +81,7 @@
         curr = self.head
         display = '('
         while curr:
-            display += str(curr.data) + ', '
+            display += str(curr.data) * ', '
             curr = curr.next
         return display[:-2] + ')'
 </pre></div><div class="alert alert-secondary"><pre class="diff">============================= test session starts ==============================
platform linux -- Python 3.10.10, pytest-7.2.1, pluggy-1.0.0
rootdir: /home/auri/temp/lucca/python_experiments/stack4
collected 37 items

MIO-MOSA/test_stack4_MIO.py ...............FF...                         [ 54%]
MIO-MOSA/test_stack4_MOSA.py .F.FFF...F......F                           [100%]

=========================== short test summary info ============================
FAILED MIO-MOSA/test_stack4_MIO.py::test_case_15 - TypeError: can't multiply ...
FAILED MIO-MOSA/test_stack4_MIO.py::test_case_16 - TypeError: can't multiply ...
FAILED MIO-MOSA/test_stack4_MOSA.py::test_case_1 - TypeError: can't multiply ...
FAILED MIO-MOSA/test_stack4_MOSA.py::test_case_3 - TypeError: can't multiply ...
FAILED MIO-MOSA/test_stack4_MOSA.py::test_case_4 - TypeError: can't multiply ...
FAILED MIO-MOSA/test_stack4_MOSA.py::test_case_5 - TypeError: can't multiply ...
FAILED MIO-MOSA/test_stack4_MOSA.py::test_case_9 - TypeError: can't multiply ...
FAILED MIO-MOSA/test_stack4_MOSA.py::test_case_16 - TypeError: can't multiply...
========================= 8 failed, 29 passed in 0.06s =========================
</pre></div></div></div></div></div><div class="mb-1" id="job_list___sub_accordion_4"><div class="card"><a data-toggle="collapse" data-target="#job_list___sub_collapse_4_1" aria-expanded="false" aria-controls="job_list___sub_collapse_4_1" href="#" class="job_list___sub_multi_heading"><div role="alert" class="card-header alert-success" id="job_list___sub_heading_4_1"><button class="btn btn-outline-success"><span class="job_id">4 : Job ID 6ec34165a1514c2f867e79b5f6c67ec1</span></button></div></a><div aria-labelledby="job_list___sub_heading_4_1" data-parent="#job_list___sub_accordion_4" class="collapse job_list___sub_multi_collapse" id="job_list___sub_collapse_4_1"><div class="card-body"><div class="work-item"><div class="alert alert-success test-outcome" role="alert"><p>worker outcome: normal</p><p>test outcome: killed</p></div></div><pre class="location"><a href="pycharm://open?file=stack4.py&amp;line=86" class="text-secondary"><button class="btn btn-outline-dark">stack4.py, start pos: (86, 28), end pos: (86, 29)</button></a></pre><pre>operator: core/ReplaceBinaryOperator_Add_Mul, occurrence: 1</pre><div class="alert alert-secondary"><pre class="diff">--- mutation diff ---
--- astack4.py
+++ bstack4.py
@@ -83,7 +83,7 @@
         while curr:
             display += str(curr.data) + ', '
             curr = curr.next
-        return display[:-2] + ')'
+        return display[:-2] * ')'
 
 
 class Stack(object):</pre></div><div class="alert alert-secondary"><pre class="diff">============================= test session starts ==============================
platform linux -- Python 3.10.10, pytest-7.2.1, pluggy-1.0.0
rootdir: /home/auri/temp/lucca/python_experiments/stack4
collected 37 items

MIO-MOSA/test_stack4_MIO.py ...............FFF..                         [ 54%]
MIO-MOSA/test_stack4_MOSA.py .F.FFF...FF.....F                           [100%]

=========================== short test summary info ============================
FAILED MIO-MOSA/test_stack4_MIO.py::test_case_15 - TypeError: can't multiply ...
FAILED MIO-MOSA/test_stack4_MIO.py::test_case_16 - TypeError: can't multiply ...
FAILED MIO-MOSA/test_stack4_MIO.py::test_case_17 - TypeError: can't multiply ...
FAILED MIO-MOSA/test_stack4_MOSA.py::test_case_1 - TypeError: can't multiply ...
FAILED MIO-MOSA/test_stack4_MOSA.py::test_case_3 - TypeError: can't multiply ...
FAILED MIO-MOSA/test_stack4_MOSA.py::test_case_4 - TypeError: can't multiply ...
FAILED MIO-MOSA/test_stack4_MOSA.py::test_case_5 - TypeError: can't multiply ...
FAILED MIO-MOSA/test_stack4_MOSA.py::test_case_9 - TypeError: can't multiply ...
FAILED MIO-MOSA/test_stack4_MOSA.py::test_case_10 - TypeError: can't multiply...
FAILED MIO-MOSA/test_stack4_MOSA.py::test_case_16 - TypeError: can't multiply...
======================== 10 failed, 27 passed in 0.06s =========================
</pre></div></div></div></div></div><div class="mb-1" id="job_list___sub_accordion_5"><div class="card"><a data-toggle="collapse" data-target="#job_list___sub_collapse_5_1" aria-expanded="false" aria-controls="job_list___sub_collapse_5_1" href="#" class="job_list___sub_multi_heading"><div role="alert" class="card-header alert-success" id="job_list___sub_heading_5_1"><button class="btn btn-outline-success"><span class="job_id">5 : Job ID 3d0487c78f6c42f1be6d6b219d927126</span></button></div></a><div aria-labelledby="job_list___sub_heading_5_1" data-parent="#job_list___sub_accordion_5" class="collapse job_list___sub_multi_collapse" id="job_list___sub_collapse_5_1"><div class="card-body"><div class="work-item"><div class="alert alert-success test-outcome" role="alert"><p>worker outcome: normal</p><p>test outcome: killed</p></div></div><pre class="location"><a href="pycharm://open?file=stack4.py&amp;line=84" class="text-secondary"><button class="btn btn-outline-dark">stack4.py, start pos: (84, 38), end pos: (84, 39)</button></a></pre><pre>operator: core/ReplaceBinaryOperator_Add_Div, occurrence: 0</pre><div class="alert alert-secondary"><pre class="diff">--- mutation diff ---
--- astack4.py
+++ bstack4.py
@@ -81,7 +81,7 @@
         curr = self.head
         display = '('
         while curr:
-            display += str(curr.data) + ', '
+            display += str(curr.data) / ', '
             curr = curr.next
         return display[:-2] + ')'
 </pre></div><div class="alert alert-secondary"><pre class="diff">============================= test session starts ==============================
platform linux -- Python 3.10.10, pytest-7.2.1, pluggy-1.0.0
rootdir: /home/auri/temp/lucca/python_experiments/stack4
collected 37 items

MIO-MOSA/test_stack4_MIO.py ...............FF...                         [ 54%]
MIO-MOSA/test_stack4_MOSA.py .F.FFF...F......F                           [100%]

=========================== short test summary info ============================
FAILED MIO-MOSA/test_stack4_MIO.py::test_case_15 - TypeError: unsupported ope...
FAILED MIO-MOSA/test_stack4_MIO.py::test_case_16 - TypeError: unsupported ope...
FAILED MIO-MOSA/test_stack4_MOSA.py::test_case_1 - TypeError: unsupported ope...
FAILED MIO-MOSA/test_stack4_MOSA.py::test_case_3 - TypeError: unsupported ope...
FAILED MIO-MOSA/test_stack4_MOSA.py::test_case_4 - TypeError: unsupported ope...
FAILED MIO-MOSA/test_stack4_MOSA.py::test_case_5 - TypeError: unsupported ope...
FAILED MIO-MOSA/test_stack4_MOSA.py::test_case_9 - TypeError: unsupported ope...
FAILED MIO-MOSA/test_stack4_MOSA.py::test_case_16 - TypeError: unsupported op...
========================= 8 failed, 29 passed in 0.06s =========================
</pre></div></div></div></div></div><div class="mb-1" id="job_list___sub_accordion_6"><div class="card"><a data-toggle="collapse" data-target="#job_list___sub_collapse_6_1" aria-expanded="false" aria-controls="job_list___sub_collapse_6_1" href="#" class="job_list___sub_multi_heading"><div role="alert" class="card-header alert-success" id="job_list___sub_heading_6_1"><button class="btn btn-outline-success"><span class="job_id">6 : Job ID b50eba46a589476685be40b305fdaac9</span></button></div></a><div aria-labelledby="job_list___sub_heading_6_1" data-parent="#job_list___sub_accordion_6" class="collapse job_list___sub_multi_collapse" id="job_list___sub_collapse_6_1"><div class="card-body"><div class="work-item"><div class="alert alert-success test-outcome" role="alert"><p>worker outcome: normal</p><p>test outcome: killed</p></div></div><pre class="location"><a href="pycharm://open?file=stack4.py&amp;line=86" class="text-secondary"><button class="btn btn-outline-dark">stack4.py, start pos: (86, 28), end pos: (86, 29)</button></a></pre><pre>operator: core/ReplaceBinaryOperator_Add_Div, occurrence: 1</pre><div class="alert alert-secondary"><pre class="diff">--- mutation diff ---
--- astack4.py
+++ bstack4.py
@@ -83,7 +83,7 @@
         while curr:
             display += str(curr.data) + ', '
             curr = curr.next
-        return display[:-2] + ')'
+        return display[:-2] / ')'
 
 
 class Stack(object):</pre></div><div class="alert alert-secondary"><pre class="diff">============================= test session starts ==============================
platform linux -- Python 3.10.10, pytest-7.2.1, pluggy-1.0.0
rootdir: /home/auri/temp/lucca/python_experiments/stack4
collected 37 items

MIO-MOSA/test_stack4_MIO.py ...............FFF..                         [ 54%]
MIO-MOSA/test_stack4_MOSA.py .F.FFF...FF.....F                           [100%]

=========================== short test summary info ============================
FAILED MIO-MOSA/test_stack4_MIO.py::test_case_15 - TypeError: unsupported ope...
FAILED MIO-MOSA/test_stack4_MIO.py::test_case_16 - TypeError: unsupported ope...
FAILED MIO-MOSA/test_stack4_MIO.py::test_case_17 - TypeError: unsupported ope...
FAILED MIO-MOSA/test_stack4_MOSA.py::test_case_1 - TypeError: unsupported ope...
FAILED MIO-MOSA/test_stack4_MOSA.py::test_case_3 - TypeError: unsupported ope...
FAILED MIO-MOSA/test_stack4_MOSA.py::test_case_4 - TypeError: unsupported ope...
FAILED MIO-MOSA/test_stack4_MOSA.py::test_case_5 - TypeError: unsupported ope...
FAILED MIO-MOSA/test_stack4_MOSA.py::test_case_9 - TypeError: unsupported ope...
FAILED MIO-MOSA/test_stack4_MOSA.py::test_case_10 - TypeError: unsupported op...
FAILED MIO-MOSA/test_stack4_MOSA.py::test_case_16 - TypeError: unsupported op...
======================== 10 failed, 27 passed in 0.06s =========================
</pre></div></div></div></div></div><div class="mb-1" id="job_list___sub_accordion_7"><div class="card"><a data-toggle="collapse" data-target="#job_list___sub_collapse_7_1" aria-expanded="false" aria-controls="job_list___sub_collapse_7_1" href="#" class="job_list___sub_multi_heading"><div role="alert" class="card-header alert-success" id="job_list___sub_heading_7_1"><button class="btn btn-outline-success"><span class="job_id">7 : Job ID 627aed9fe82a4681a9832fbfb652f40c</span></button></div></a><div aria-labelledby="job_list___sub_heading_7_1" data-parent="#job_list___sub_accordion_7" class="collapse job_list___sub_multi_collapse" id="job_list___sub_collapse_7_1"><div class="card-body"><div class="work-item"><div class="alert alert-success test-outcome" role="alert"><p>worker outcome: normal</p><p>test outcome: killed</p></div></div><pre class="location"><a href="pycharm://open?file=stack4.py&amp;line=84" class="text-secondary"><button class="btn btn-outline-dark">stack4.py, start pos: (84, 38), end pos: (84, 39)</button></a></pre><pre>operator: core/ReplaceBinaryOperator_Add_FloorDiv, occurrence: 0</pre><div class="alert alert-secondary"><pre class="diff">--- mutation diff ---
--- astack4.py
+++ bstack4.py
@@ -81,7 +81,7 @@
         curr = self.head
         display = '('
         while curr:
-            display += str(curr.data) + ', '
+            display += str(curr.data) // ', '
             curr = curr.next
         return display[:-2] + ')'
 </pre></div><div class="alert alert-secondary"><pre class="diff">============================= test session starts ==============================
platform linux -- Python 3.10.10, pytest-7.2.1, pluggy-1.0.0
rootdir: /home/auri/temp/lucca/python_experiments/stack4
collected 37 items

MIO-MOSA/test_stack4_MIO.py ...............FF...                         [ 54%]
MIO-MOSA/test_stack4_MOSA.py .F.FFF...F......F                           [100%]

=========================== short test summary info ============================
FAILED MIO-MOSA/test_stack4_MIO.py::test_case_15 - TypeError: unsupported ope...
FAILED MIO-MOSA/test_stack4_MIO.py::test_case_16 - TypeError: unsupported ope...
FAILED MIO-MOSA/test_stack4_MOSA.py::test_case_1 - TypeError: unsupported ope...
FAILED MIO-MOSA/test_stack4_MOSA.py::test_case_3 - TypeError: unsupported ope...
FAILED MIO-MOSA/test_stack4_MOSA.py::test_case_4 - TypeError: unsupported ope...
FAILED MIO-MOSA/test_stack4_MOSA.py::test_case_5 - TypeError: unsupported ope...
FAILED MIO-MOSA/test_stack4_MOSA.py::test_case_9 - TypeError: unsupported ope...
FAILED MIO-MOSA/test_stack4_MOSA.py::test_case_16 - TypeError: unsupported op...
========================= 8 failed, 29 passed in 0.06s =========================
</pre></div></div></div></div></div><div class="mb-1" id="job_list___sub_accordion_8"><div class="card"><a data-toggle="collapse" data-target="#job_list___sub_collapse_8_1" aria-expanded="false" aria-controls="job_list___sub_collapse_8_1" href="#" class="job_list___sub_multi_heading"><div role="alert" class="card-header alert-success" id="job_list___sub_heading_8_1"><button class="btn btn-outline-success"><span class="job_id">8 : Job ID c4e8b9f290fb462fb9b97ddf7131e435</span></button></div></a><div aria-labelledby="job_list___sub_heading_8_1" data-parent="#job_list___sub_accordion_8" class="collapse job_list___sub_multi_collapse" id="job_list___sub_collapse_8_1"><div class="card-body"><div class="work-item"><div class="alert alert-success test-outcome" role="alert"><p>worker outcome: normal</p><p>test outcome: killed</p></div></div><pre class="location"><a href="pycharm://open?file=stack4.py&amp;line=86" class="text-secondary"><button class="btn btn-outline-dark">stack4.py, start pos: (86, 28), end pos: (86, 29)</button></a></pre><pre>operator: core/ReplaceBinaryOperator_Add_FloorDiv, occurrence: 1</pre><div class="alert alert-secondary"><pre class="diff">--- mutation diff ---
--- astack4.py
+++ bstack4.py
@@ -83,7 +83,7 @@
         while curr:
             display += str(curr.data) + ', '
             curr = curr.next
-        return display[:-2] + ')'
+        return display[:-2] // ')'
 
 
 class Stack(object):</pre></div><div class="alert alert-secondary"><pre class="diff">============================= test session starts ==============================
platform linux -- Python 3.10.10, pytest-7.2.1, pluggy-1.0.0
rootdir: /home/auri/temp/lucca/python_experiments/stack4
collected 37 items

MIO-MOSA/test_stack4_MIO.py ...............FFF..                         [ 54%]
MIO-MOSA/test_stack4_MOSA.py .F.FFF...FF.....F                           [100%]

=========================== short test summary info ============================
FAILED MIO-MOSA/test_stack4_MIO.py::test_case_15 - TypeError: unsupported ope...
FAILED MIO-MOSA/test_stack4_MIO.py::test_case_16 - TypeError: unsupported ope...
FAILED MIO-MOSA/test_stack4_MIO.py::test_case_17 - TypeError: unsupported ope...
FAILED MIO-MOSA/test_stack4_MOSA.py::test_case_1 - TypeError: unsupported ope...
FAILED MIO-MOSA/test_stack4_MOSA.py::test_case_3 - TypeError: unsupported ope...
FAILED MIO-MOSA/test_stack4_MOSA.py::test_case_4 - TypeError: unsupported ope...
FAILED MIO-MOSA/test_stack4_MOSA.py::test_case_5 - TypeError: unsupported ope...
FAILED MIO-MOSA/test_stack4_MOSA.py::test_case_9 - TypeError: unsupported ope...
FAILED MIO-MOSA/test_stack4_MOSA.py::test_case_10 - TypeError: unsupported op...
FAILED MIO-MOSA/test_stack4_MOSA.py::test_case_16 - TypeError: unsupported op...
======================== 10 failed, 27 passed in 0.06s =========================
</pre></div></div></div></div></div><div class="mb-1" id="job_list___sub_accordion_9"><div class="card"><a data-toggle="collapse" data-target="#job_list___sub_collapse_9_1" aria-expanded="false" aria-controls="job_list___sub_collapse_9_1" href="#" class="job_list___sub_multi_heading"><div role="alert" class="card-header alert-success" id="job_list___sub_heading_9_1"><button class="btn btn-outline-success"><span class="job_id">9 : Job ID 722f4e69c6c945b68d205339e5d45e9a</span></button></div></a><div aria-labelledby="job_list___sub_heading_9_1" data-parent="#job_list___sub_accordion_9" class="collapse job_list___sub_multi_collapse" id="job_list___sub_collapse_9_1"><div class="card-body"><div class="work-item"><div class="alert alert-success test-outcome" role="alert"><p>worker outcome: normal</p><p>test outcome: killed</p></div></div><pre class="location"><a href="pycharm://open?file=stack4.py&amp;line=84" class="text-secondary"><button class="btn btn-outline-dark">stack4.py, start pos: (84, 38), end pos: (84, 39)</button></a></pre><pre>operator: core/ReplaceBinaryOperator_Add_Mod, occurrence: 0</pre><div class="alert alert-secondary"><pre class="diff">--- mutation diff ---
--- astack4.py
+++ bstack4.py
@@ -81,7 +81,7 @@
         curr = self.head
         display = '('
         while curr:
-            display += str(curr.data) + ', '
+            display += str(curr.data) % ', '
             curr = curr.next
         return display[:-2] + ')'
 </pre></div><div class="alert alert-secondary"><pre class="diff">============================= test session starts ==============================
platform linux -- Python 3.10.10, pytest-7.2.1, pluggy-1.0.0
rootdir: /home/auri/temp/lucca/python_experiments/stack4
collected 37 items

MIO-MOSA/test_stack4_MIO.py ...............FF...                         [ 54%]
MIO-MOSA/test_stack4_MOSA.py .F.FFF...F......F                           [100%]

=========================== short test summary info ============================
FAILED MIO-MOSA/test_stack4_MIO.py::test_case_15 - TypeError: not all argumen...
FAILED MIO-MOSA/test_stack4_MIO.py::test_case_16 - TypeError: not all argumen...
FAILED MIO-MOSA/test_stack4_MOSA.py::test_case_1 - TypeError: not all argumen...
FAILED MIO-MOSA/test_stack4_MOSA.py::test_case_3 - TypeError: not all argumen...
FAILED MIO-MOSA/test_stack4_MOSA.py::test_case_4 - TypeError: not all argumen...
FAILED MIO-MOSA/test_stack4_MOSA.py::test_case_5 - TypeError: not all argumen...
FAILED MIO-MOSA/test_stack4_MOSA.py::test_case_9 - TypeError: not all argumen...
FAILED MIO-MOSA/test_stack4_MOSA.py::test_case_16 - TypeError: not all argume...
========================= 8 failed, 29 passed in 0.06s =========================
</pre></div></div></div></div></div><div class="mb-1" id="job_list___sub_accordion_10"><div class="card"><a data-toggle="collapse" data-target="#job_list___sub_collapse_10_1" aria-expanded="false" aria-controls="job_list___sub_collapse_10_1" href="#" class="job_list___sub_multi_heading"><div role="alert" class="card-header alert-success" id="job_list___sub_heading_10_1"><button class="btn btn-outline-success"><span class="job_id">10 : Job ID 5fb0f68d688a47b3974b6d793b928b64</span></button></div></a><div aria-labelledby="job_list___sub_heading_10_1" data-parent="#job_list___sub_accordion_10" class="collapse job_list___sub_multi_collapse" id="job_list___sub_collapse_10_1"><div class="card-body"><div class="work-item"><div class="alert alert-success test-outcome" role="alert"><p>worker outcome: normal</p><p>test outcome: killed</p></div></div><pre class="location"><a href="pycharm://open?file=stack4.py&amp;line=86" class="text-secondary"><button class="btn btn-outline-dark">stack4.py, start pos: (86, 28), end pos: (86, 29)</button></a></pre><pre>operator: core/ReplaceBinaryOperator_Add_Mod, occurrence: 1</pre><div class="alert alert-secondary"><pre class="diff">--- mutation diff ---
--- astack4.py
+++ bstack4.py
@@ -83,7 +83,7 @@
         while curr:
             display += str(curr.data) + ', '
             curr = curr.next
-        return display[:-2] + ')'
+        return display[:-2] % ')'
 
 
 class Stack(object):</pre></div><div class="alert alert-secondary"><pre class="diff">============================= test session starts ==============================
platform linux -- Python 3.10.10, pytest-7.2.1, pluggy-1.0.0
rootdir: /home/auri/temp/lucca/python_experiments/stack4
collected 37 items

MIO-MOSA/test_stack4_MIO.py ...............FFF..                         [ 54%]
MIO-MOSA/test_stack4_MOSA.py .F.FFF...FF.....F                           [100%]

=========================== short test summary info ============================
FAILED MIO-MOSA/test_stack4_MIO.py::test_case_15 - TypeError: not all argumen...
FAILED MIO-MOSA/test_stack4_MIO.py::test_case_16 - TypeError: not all argumen...
FAILED MIO-MOSA/test_stack4_MIO.py::test_case_17 - TypeError: not all argumen...
FAILED MIO-MOSA/test_stack4_MOSA.py::test_case_1 - TypeError: not all argumen...
FAILED MIO-MOSA/test_stack4_MOSA.py::test_case_3 - TypeError: not all argumen...
FAILED MIO-MOSA/test_stack4_MOSA.py::test_case_4 - TypeError: not all argumen...
FAILED MIO-MOSA/test_stack4_MOSA.py::test_case_5 - TypeError: not all argumen...
FAILED MIO-MOSA/test_stack4_MOSA.py::test_case_9 - TypeError: not all argumen...
FAILED MIO-MOSA/test_stack4_MOSA.py::test_case_10 - TypeError: not all argume...
FAILED MIO-MOSA/test_stack4_MOSA.py::test_case_16 - TypeError: not all argume...
======================== 10 failed, 27 passed in 0.07s =========================
</pre></div></div></div></div></div><div class="mb-1" id="job_list___sub_accordion_11"><div class="card"><a data-toggle="collapse" data-target="#job_list___sub_collapse_11_1" aria-expanded="false" aria-controls="job_list___sub_collapse_11_1" href="#" class="job_list___sub_multi_heading"><div role="alert" class="card-header alert-success" id="job_list___sub_heading_11_1"><button class="btn btn-outline-success"><span class="job_id">11 : Job ID 183b63a93a834e71941ae13771187fa8</span></button></div></a><div aria-labelledby="job_list___sub_heading_11_1" data-parent="#job_list___sub_accordion_11" class="collapse job_list___sub_multi_collapse" id="job_list___sub_collapse_11_1"><div class="card-body"><div class="work-item"><div class="alert alert-success test-outcome" role="alert"><p>worker outcome: normal</p><p>test outcome: killed</p></div></div><pre class="location"><a href="pycharm://open?file=stack4.py&amp;line=84" class="text-secondary"><button class="btn btn-outline-dark">stack4.py, start pos: (84, 38), end pos: (84, 39)</button></a></pre><pre>operator: core/ReplaceBinaryOperator_Add_Pow, occurrence: 0</pre><div class="alert alert-secondary"><pre class="diff">--- mutation diff ---
--- astack4.py
+++ bstack4.py
@@ -81,7 +81,7 @@
         curr = self.head
         display = '('
         while curr:
-            display += str(curr.data) + ', '
+            display += str(curr.data) ** ', '
             curr = curr.next
         return display[:-2] + ')'
 </pre></div><div class="alert alert-secondary"><pre class="diff">============================= test session starts ==============================
platform linux -- Python 3.10.10, pytest-7.2.1, pluggy-1.0.0
rootdir: /home/auri/temp/lucca/python_experiments/stack4
collected 37 items

MIO-MOSA/test_stack4_MIO.py ...............FF...                         [ 54%]
MIO-MOSA/test_stack4_MOSA.py .F.FFF...F......F                           [100%]

=========================== short test summary info ============================
FAILED MIO-MOSA/test_stack4_MIO.py::test_case_15 - TypeError: unsupported ope...
FAILED MIO-MOSA/test_stack4_MIO.py::test_case_16 - TypeError: unsupported ope...
FAILED MIO-MOSA/test_stack4_MOSA.py::test_case_1 - TypeError: unsupported ope...
FAILED MIO-MOSA/test_stack4_MOSA.py::test_case_3 - TypeError: unsupported ope...
FAILED MIO-MOSA/test_stack4_MOSA.py::test_case_4 - TypeError: unsupported ope...
FAILED MIO-MOSA/test_stack4_MOSA.py::test_case_5 - TypeError: unsupported ope...
FAILED MIO-MOSA/test_stack4_MOSA.py::test_case_9 - TypeError: unsupported ope...
FAILED MIO-MOSA/test_stack4_MOSA.py::test_case_16 - TypeError: unsupported op...
========================= 8 failed, 29 passed in 0.06s =========================
</pre></div></div></div></div></div><div class="mb-1" id="job_list___sub_accordion_12"><div class="card"><a data-toggle="collapse" data-target="#job_list___sub_collapse_12_1" aria-expanded="false" aria-controls="job_list___sub_collapse_12_1" href="#" class="job_list___sub_multi_heading"><div role="alert" class="card-header alert-success" id="job_list___sub_heading_12_1"><button class="btn btn-outline-success"><span class="job_id">12 : Job ID 931c715c768344f7a1cf6de4d204254f</span></button></div></a><div aria-labelledby="job_list___sub_heading_12_1" data-parent="#job_list___sub_accordion_12" class="collapse job_list___sub_multi_collapse" id="job_list___sub_collapse_12_1"><div class="card-body"><div class="work-item"><div class="alert alert-success test-outcome" role="alert"><p>worker outcome: normal</p><p>test outcome: killed</p></div></div><pre class="location"><a href="pycharm://open?file=stack4.py&amp;line=86" class="text-secondary"><button class="btn btn-outline-dark">stack4.py, start pos: (86, 28), end pos: (86, 29)</button></a></pre><pre>operator: core/ReplaceBinaryOperator_Add_Pow, occurrence: 1</pre><div class="alert alert-secondary"><pre class="diff">--- mutation diff ---
--- astack4.py
+++ bstack4.py
@@ -83,7 +83,7 @@
         while curr:
             display += str(curr.data) + ', '
             curr = curr.next
-        return display[:-2] + ')'
+        return display[:-2] ** ')'
 
 
 class Stack(object):</pre></div><div class="alert alert-secondary"><pre class="diff">============================= test session starts ==============================
platform linux -- Python 3.10.10, pytest-7.2.1, pluggy-1.0.0
rootdir: /home/auri/temp/lucca/python_experiments/stack4
collected 37 items

MIO-MOSA/test_stack4_MIO.py ...............FFF..                         [ 54%]
MIO-MOSA/test_stack4_MOSA.py .F.FFF...FF.....F                           [100%]

=========================== short test summary info ============================
FAILED MIO-MOSA/test_stack4_MIO.py::test_case_15 - TypeError: unsupported ope...
FAILED MIO-MOSA/test_stack4_MIO.py::test_case_16 - TypeError: unsupported ope...
FAILED MIO-MOSA/test_stack4_MIO.py::test_case_17 - TypeError: unsupported ope...
FAILED MIO-MOSA/test_stack4_MOSA.py::test_case_1 - TypeError: unsupported ope...
FAILED MIO-MOSA/test_stack4_MOSA.py::test_case_3 - TypeError: unsupported ope...
FAILED MIO-MOSA/test_stack4_MOSA.py::test_case_4 - TypeError: unsupported ope...
FAILED MIO-MOSA/test_stack4_MOSA.py::test_case_5 - TypeError: unsupported ope...
FAILED MIO-MOSA/test_stack4_MOSA.py::test_case_9 - TypeError: unsupported ope...
FAILED MIO-MOSA/test_stack4_MOSA.py::test_case_10 - TypeError: unsupported op...
FAILED MIO-MOSA/test_stack4_MOSA.py::test_case_16 - TypeError: unsupported op...
======================== 10 failed, 27 passed in 0.06s =========================
</pre></div></div></div></div></div><div class="mb-1" id="job_list___sub_accordion_13"><div class="card"><a data-toggle="collapse" data-target="#job_list___sub_collapse_13_1" aria-expanded="false" aria-controls="job_list___sub_collapse_13_1" href="#" class="job_list___sub_multi_heading"><div role="alert" class="card-header alert-success" id="job_list___sub_heading_13_1"><button class="btn btn-outline-success"><span class="job_id">13 : Job ID 42c005bd17fc4f2fb62efa6a8db63867</span></button></div></a><div aria-labelledby="job_list___sub_heading_13_1" data-parent="#job_list___sub_accordion_13" class="collapse job_list___sub_multi_collapse" id="job_list___sub_collapse_13_1"><div class="card-body"><div class="work-item"><div class="alert alert-success test-outcome" role="alert"><p>worker outcome: normal</p><p>test outcome: killed</p></div></div><pre class="location"><a href="pycharm://open?file=stack4.py&amp;line=84" class="text-secondary"><button class="btn btn-outline-dark">stack4.py, start pos: (84, 38), end pos: (84, 39)</button></a></pre><pre>operator: core/ReplaceBinaryOperator_Add_RShift, occurrence: 0</pre><div class="alert alert-secondary"><pre class="diff">--- mutation diff ---
--- astack4.py
+++ bstack4.py
@@ -81,7 +81,7 @@
         curr = self.head
         display = '('
         while curr:
-            display += str(curr.data) + ', '
+            display += str(curr.data) &gt;&gt; ', '
             curr = curr.next
         return display[:-2] + ')'
 </pre></div><div class="alert alert-secondary"><pre class="diff">============================= test session starts ==============================
platform linux -- Python 3.10.10, pytest-7.2.1, pluggy-1.0.0
rootdir: /home/auri/temp/lucca/python_experiments/stack4
collected 37 items

MIO-MOSA/test_stack4_MIO.py ...............FF...                         [ 54%]
MIO-MOSA/test_stack4_MOSA.py .F.FFF...F......F                           [100%]

=========================== short test summary info ============================
FAILED MIO-MOSA/test_stack4_MIO.py::test_case_15 - TypeError: unsupported ope...
FAILED MIO-MOSA/test_stack4_MIO.py::test_case_16 - TypeError: unsupported ope...
FAILED MIO-MOSA/test_stack4_MOSA.py::test_case_1 - TypeError: unsupported ope...
FAILED MIO-MOSA/test_stack4_MOSA.py::test_case_3 - TypeError: unsupported ope...
FAILED MIO-MOSA/test_stack4_MOSA.py::test_case_4 - TypeError: unsupported ope...
FAILED MIO-MOSA/test_stack4_MOSA.py::test_case_5 - TypeError: unsupported ope...
FAILED MIO-MOSA/test_stack4_MOSA.py::test_case_9 - TypeError: unsupported ope...
FAILED MIO-MOSA/test_stack4_MOSA.py::test_case_16 - TypeError: unsupported op...
========================= 8 failed, 29 passed in 0.06s =========================
</pre></div></div></div></div></div><div class="mb-1" id="job_list___sub_accordion_14"><div class="card"><a data-toggle="collapse" data-target="#job_list___sub_collapse_14_1" aria-expanded="false" aria-controls="job_list___sub_collapse_14_1" href="#" class="job_list___sub_multi_heading"><div role="alert" class="card-header alert-success" id="job_list___sub_heading_14_1"><button class="btn btn-outline-success"><span class="job_id">14 : Job ID d93e8aeb95f1453c9669cc53a6614053</span></button></div></a><div aria-labelledby="job_list___sub_heading_14_1" data-parent="#job_list___sub_accordion_14" class="collapse job_list___sub_multi_collapse" id="job_list___sub_collapse_14_1"><div class="card-body"><div class="work-item"><div class="alert alert-success test-outcome" role="alert"><p>worker outcome: normal</p><p>test outcome: killed</p></div></div><pre class="location"><a href="pycharm://open?file=stack4.py&amp;line=86" class="text-secondary"><button class="btn btn-outline-dark">stack4.py, start pos: (86, 28), end pos: (86, 29)</button></a></pre><pre>operator: core/ReplaceBinaryOperator_Add_RShift, occurrence: 1</pre><div class="alert alert-secondary"><pre class="diff">--- mutation diff ---
--- astack4.py
+++ bstack4.py
@@ -83,7 +83,7 @@
         while curr:
             display += str(curr.data) + ', '
             curr = curr.next
-        return display[:-2] + ')'
+        return display[:-2] &gt;&gt; ')'
 
 
 class Stack(object):</pre></div><div class="alert alert-secondary"><pre class="diff">============================= test session starts ==============================
platform linux -- Python 3.10.10, pytest-7.2.1, pluggy-1.0.0
rootdir: /home/auri/temp/lucca/python_experiments/stack4
collected 37 items

MIO-MOSA/test_stack4_MIO.py ...............FFF..                         [ 54%]
MIO-MOSA/test_stack4_MOSA.py .F.FFF...FF.....F                           [100%]

=========================== short test summary info ============================
FAILED MIO-MOSA/test_stack4_MIO.py::test_case_15 - TypeError: unsupported ope...
FAILED MIO-MOSA/test_stack4_MIO.py::test_case_16 - TypeError: unsupported ope...
FAILED MIO-MOSA/test_stack4_MIO.py::test_case_17 - TypeError: unsupported ope...
FAILED MIO-MOSA/test_stack4_MOSA.py::test_case_1 - TypeError: unsupported ope...
FAILED MIO-MOSA/test_stack4_MOSA.py::test_case_3 - TypeError: unsupported ope...
FAILED MIO-MOSA/test_stack4_MOSA.py::test_case_4 - TypeError: unsupported ope...
FAILED MIO-MOSA/test_stack4_MOSA.py::test_case_5 - TypeError: unsupported ope...
FAILED MIO-MOSA/test_stack4_MOSA.py::test_case_9 - TypeError: unsupported ope...
FAILED MIO-MOSA/test_stack4_MOSA.py::test_case_10 - TypeError: unsupported op...
FAILED MIO-MOSA/test_stack4_MOSA.py::test_case_16 - TypeError: unsupported op...
======================== 10 failed, 27 passed in 0.06s =========================
</pre></div></div></div></div></div><div class="mb-1" id="job_list___sub_accordion_15"><div class="card"><a data-toggle="collapse" data-target="#job_list___sub_collapse_15_1" aria-expanded="false" aria-controls="job_list___sub_collapse_15_1" href="#" class="job_list___sub_multi_heading"><div role="alert" class="card-header alert-success" id="job_list___sub_heading_15_1"><button class="btn btn-outline-success"><span class="job_id">15 : Job ID bc4811fdc6224435825a28f28fe9feea</span></button></div></a><div aria-labelledby="job_list___sub_heading_15_1" data-parent="#job_list___sub_accordion_15" class="collapse job_list___sub_multi_collapse" id="job_list___sub_collapse_15_1"><div class="card-body"><div class="work-item"><div class="alert alert-success test-outcome" role="alert"><p>worker outcome: normal</p><p>test outcome: killed</p></div></div><pre class="location"><a href="pycharm://open?file=stack4.py&amp;line=84" class="text-secondary"><button class="btn btn-outline-dark">stack4.py, start pos: (84, 38), end pos: (84, 39)</button></a></pre><pre>operator: core/ReplaceBinaryOperator_Add_LShift, occurrence: 0</pre><div class="alert alert-secondary"><pre class="diff">--- mutation diff ---
--- astack4.py
+++ bstack4.py
@@ -81,7 +81,7 @@
         curr = self.head
         display = '('
         while curr:
-            display += str(curr.data) + ', '
+            display += str(curr.data) &lt;&lt; ', '
             curr = curr.next
         return display[:-2] + ')'
 </pre></div><div class="alert alert-secondary"><pre class="diff">============================= test session starts ==============================
platform linux -- Python 3.10.10, pytest-7.2.1, pluggy-1.0.0
rootdir: /home/auri/temp/lucca/python_experiments/stack4
collected 37 items

MIO-MOSA/test_stack4_MIO.py ...............FF...                         [ 54%]
MIO-MOSA/test_stack4_MOSA.py .F.FFF...F......F                           [100%]

=========================== short test summary info ============================
FAILED MIO-MOSA/test_stack4_MIO.py::test_case_15 - TypeError: unsupported ope...
FAILED MIO-MOSA/test_stack4_MIO.py::test_case_16 - TypeError: unsupported ope...
FAILED MIO-MOSA/test_stack4_MOSA.py::test_case_1 - TypeError: unsupported ope...
FAILED MIO-MOSA/test_stack4_MOSA.py::test_case_3 - TypeError: unsupported ope...
FAILED MIO-MOSA/test_stack4_MOSA.py::test_case_4 - TypeError: unsupported ope...
FAILED MIO-MOSA/test_stack4_MOSA.py::test_case_5 - TypeError: unsupported ope...
FAILED MIO-MOSA/test_stack4_MOSA.py::test_case_9 - TypeError: unsupported ope...
FAILED MIO-MOSA/test_stack4_MOSA.py::test_case_16 - TypeError: unsupported op...
========================= 8 failed, 29 passed in 0.06s =========================
</pre></div></div></div></div></div><div class="mb-1" id="job_list___sub_accordion_16"><div class="card"><a data-toggle="collapse" data-target="#job_list___sub_collapse_16_1" aria-expanded="false" aria-controls="job_list___sub_collapse_16_1" href="#" class="job_list___sub_multi_heading"><div role="alert" class="card-header alert-success" id="job_list___sub_heading_16_1"><button class="btn btn-outline-success"><span class="job_id">16 : Job ID 170c82805a3a4be8af70214e45ddb90f</span></button></div></a><div aria-labelledby="job_list___sub_heading_16_1" data-parent="#job_list___sub_accordion_16" class="collapse job_list___sub_multi_collapse" id="job_list___sub_collapse_16_1"><div class="card-body"><div class="work-item"><div class="alert alert-success test-outcome" role="alert"><p>worker outcome: normal</p><p>test outcome: killed</p></div></div><pre class="location"><a href="pycharm://open?file=stack4.py&amp;line=86" class="text-secondary"><button class="btn btn-outline-dark">stack4.py, start pos: (86, 28), end pos: (86, 29)</button></a></pre><pre>operator: core/ReplaceBinaryOperator_Add_LShift, occurrence: 1</pre><div class="alert alert-secondary"><pre class="diff">--- mutation diff ---
--- astack4.py
+++ bstack4.py
@@ -83,7 +83,7 @@
         while curr:
             display += str(curr.data) + ', '
             curr = curr.next
-        return display[:-2] + ')'
+        return display[:-2] &lt;&lt; ')'
 
 
 class Stack(object):</pre></div><div class="alert alert-secondary"><pre class="diff">============================= test session starts ==============================
platform linux -- Python 3.10.10, pytest-7.2.1, pluggy-1.0.0
rootdir: /home/auri/temp/lucca/python_experiments/stack4
collected 37 items

MIO-MOSA/test_stack4_MIO.py ...............FFF..                         [ 54%]
MIO-MOSA/test_stack4_MOSA.py .F.FFF...FF.....F                           [100%]

=========================== short test summary info ============================
FAILED MIO-MOSA/test_stack4_MIO.py::test_case_15 - TypeError: unsupported ope...
FAILED MIO-MOSA/test_stack4_MIO.py::test_case_16 - TypeError: unsupported ope...
FAILED MIO-MOSA/test_stack4_MIO.py::test_case_17 - TypeError: unsupported ope...
FAILED MIO-MOSA/test_stack4_MOSA.py::test_case_1 - TypeError: unsupported ope...
FAILED MIO-MOSA/test_stack4_MOSA.py::test_case_3 - TypeError: unsupported ope...
FAILED MIO-MOSA/test_stack4_MOSA.py::test_case_4 - TypeError: unsupported ope...
FAILED MIO-MOSA/test_stack4_MOSA.py::test_case_5 - TypeError: unsupported ope...
FAILED MIO-MOSA/test_stack4_MOSA.py::test_case_9 - TypeError: unsupported ope...
FAILED MIO-MOSA/test_stack4_MOSA.py::test_case_10 - TypeError: unsupported op...
FAILED MIO-MOSA/test_stack4_MOSA.py::test_case_16 - TypeError: unsupported op...
======================== 10 failed, 27 passed in 0.07s =========================
</pre></div></div></div></div></div><div class="mb-1" id="job_list___sub_accordion_17"><div class="card"><a data-toggle="collapse" data-target="#job_list___sub_collapse_17_1" aria-expanded="false" aria-controls="job_list___sub_collapse_17_1" href="#" class="job_list___sub_multi_heading"><div role="alert" class="card-header alert-success" id="job_list___sub_heading_17_1"><button class="btn btn-outline-success"><span class="job_id">17 : Job ID 104b506e81aa43648dcbf65c94281cbe</span></button></div></a><div aria-labelledby="job_list___sub_heading_17_1" data-parent="#job_list___sub_accordion_17" class="collapse job_list___sub_multi_collapse" id="job_list___sub_collapse_17_1"><div class="card-body"><div class="work-item"><div class="alert alert-success test-outcome" role="alert"><p>worker outcome: normal</p><p>test outcome: killed</p></div></div><pre class="location"><a href="pycharm://open?file=stack4.py&amp;line=84" class="text-secondary"><button class="btn btn-outline-dark">stack4.py, start pos: (84, 38), end pos: (84, 39)</button></a></pre><pre>operator: core/ReplaceBinaryOperator_Add_BitOr, occurrence: 0</pre><div class="alert alert-secondary"><pre class="diff">--- mutation diff ---
--- astack4.py
+++ bstack4.py
@@ -81,7 +81,7 @@
         curr = self.head
         display = '('
         while curr:
-            display += str(curr.data) + ', '
+            display += str(curr.data) | ', '
             curr = curr.next
         return display[:-2] + ')'
 </pre></div><div class="alert alert-secondary"><pre class="diff">============================= test session starts ==============================
platform linux -- Python 3.10.10, pytest-7.2.1, pluggy-1.0.0
rootdir: /home/auri/temp/lucca/python_experiments/stack4
collected 37 items

MIO-MOSA/test_stack4_MIO.py ...............FF...                         [ 54%]
MIO-MOSA/test_stack4_MOSA.py .F.FFF...F......F                           [100%]

=========================== short test summary info ============================
FAILED MIO-MOSA/test_stack4_MIO.py::test_case_15 - TypeError: unsupported ope...
FAILED MIO-MOSA/test_stack4_MIO.py::test_case_16 - TypeError: unsupported ope...
FAILED MIO-MOSA/test_stack4_MOSA.py::test_case_1 - TypeError: unsupported ope...
FAILED MIO-MOSA/test_stack4_MOSA.py::test_case_3 - TypeError: unsupported ope...
FAILED MIO-MOSA/test_stack4_MOSA.py::test_case_4 - TypeError: unsupported ope...
FAILED MIO-MOSA/test_stack4_MOSA.py::test_case_5 - TypeError: unsupported ope...
FAILED MIO-MOSA/test_stack4_MOSA.py::test_case_9 - TypeError: unsupported ope...
FAILED MIO-MOSA/test_stack4_MOSA.py::test_case_16 - TypeError: unsupported op...
========================= 8 failed, 29 passed in 0.06s =========================
</pre></div></div></div></div></div><div class="mb-1" id="job_list___sub_accordion_18"><div class="card"><a data-toggle="collapse" data-target="#job_list___sub_collapse_18_1" aria-expanded="false" aria-controls="job_list___sub_collapse_18_1" href="#" class="job_list___sub_multi_heading"><div role="alert" class="card-header alert-success" id="job_list___sub_heading_18_1"><button class="btn btn-outline-success"><span class="job_id">18 : Job ID ae1582e16d3a4b22833f8614b82d0d52</span></button></div></a><div aria-labelledby="job_list___sub_heading_18_1" data-parent="#job_list___sub_accordion_18" class="collapse job_list___sub_multi_collapse" id="job_list___sub_collapse_18_1"><div class="card-body"><div class="work-item"><div class="alert alert-success test-outcome" role="alert"><p>worker outcome: normal</p><p>test outcome: killed</p></div></div><pre class="location"><a href="pycharm://open?file=stack4.py&amp;line=86" class="text-secondary"><button class="btn btn-outline-dark">stack4.py, start pos: (86, 28), end pos: (86, 29)</button></a></pre><pre>operator: core/ReplaceBinaryOperator_Add_BitOr, occurrence: 1</pre><div class="alert alert-secondary"><pre class="diff">--- mutation diff ---
--- astack4.py
+++ bstack4.py
@@ -83,7 +83,7 @@
         while curr:
             display += str(curr.data) + ', '
             curr = curr.next
-        return display[:-2] + ')'
+        return display[:-2] | ')'
 
 
 class Stack(object):</pre></div><div class="alert alert-secondary"><pre class="diff">============================= test session starts ==============================
platform linux -- Python 3.10.10, pytest-7.2.1, pluggy-1.0.0
rootdir: /home/auri/temp/lucca/python_experiments/stack4
collected 37 items

MIO-MOSA/test_stack4_MIO.py ...............FFF..                         [ 54%]
MIO-MOSA/test_stack4_MOSA.py .F.FFF...FF.....F                           [100%]

=========================== short test summary info ============================
FAILED MIO-MOSA/test_stack4_MIO.py::test_case_15 - TypeError: unsupported ope...
FAILED MIO-MOSA/test_stack4_MIO.py::test_case_16 - TypeError: unsupported ope...
FAILED MIO-MOSA/test_stack4_MIO.py::test_case_17 - TypeError: unsupported ope...
FAILED MIO-MOSA/test_stack4_MOSA.py::test_case_1 - TypeError: unsupported ope...
FAILED MIO-MOSA/test_stack4_MOSA.py::test_case_3 - TypeError: unsupported ope...
FAILED MIO-MOSA/test_stack4_MOSA.py::test_case_4 - TypeError: unsupported ope...
FAILED MIO-MOSA/test_stack4_MOSA.py::test_case_5 - TypeError: unsupported ope...
FAILED MIO-MOSA/test_stack4_MOSA.py::test_case_9 - TypeError: unsupported ope...
FAILED MIO-MOSA/test_stack4_MOSA.py::test_case_10 - TypeError: unsupported op...
FAILED MIO-MOSA/test_stack4_MOSA.py::test_case_16 - TypeError: unsupported op...
======================== 10 failed, 27 passed in 0.06s =========================
</pre></div></div></div></div></div><div class="mb-1" id="job_list___sub_accordion_19"><div class="card"><a data-toggle="collapse" data-target="#job_list___sub_collapse_19_1" aria-expanded="false" aria-controls="job_list___sub_collapse_19_1" href="#" class="job_list___sub_multi_heading"><div role="alert" class="card-header alert-success" id="job_list___sub_heading_19_1"><button class="btn btn-outline-success"><span class="job_id">19 : Job ID 0d4055534f2a483e9fd8123351fe64a5</span></button></div></a><div aria-labelledby="job_list___sub_heading_19_1" data-parent="#job_list___sub_accordion_19" class="collapse job_list___sub_multi_collapse" id="job_list___sub_collapse_19_1"><div class="card-body"><div class="work-item"><div class="alert alert-success test-outcome" role="alert"><p>worker outcome: normal</p><p>test outcome: killed</p></div></div><pre class="location"><a href="pycharm://open?file=stack4.py&amp;line=84" class="text-secondary"><button class="btn btn-outline-dark">stack4.py, start pos: (84, 38), end pos: (84, 39)</button></a></pre><pre>operator: core/ReplaceBinaryOperator_Add_BitAnd, occurrence: 0</pre><div class="alert alert-secondary"><pre class="diff">--- mutation diff ---
--- astack4.py
+++ bstack4.py
@@ -81,7 +81,7 @@
         curr = self.head
         display = '('
         while curr:
-            display += str(curr.data) + ', '
+            display += str(curr.data) &amp; ', '
             curr = curr.next
         return display[:-2] + ')'
 </pre></div><div class="alert alert-secondary"><pre class="diff">============================= test session starts ==============================
platform linux -- Python 3.10.10, pytest-7.2.1, pluggy-1.0.0
rootdir: /home/auri/temp/lucca/python_experiments/stack4
collected 37 items

MIO-MOSA/test_stack4_MIO.py ...............FF...                         [ 54%]
MIO-MOSA/test_stack4_MOSA.py .F.FFF...F......F                           [100%]

=========================== short test summary info ============================
FAILED MIO-MOSA/test_stack4_MIO.py::test_case_15 - TypeError: unsupported ope...
FAILED MIO-MOSA/test_stack4_MIO.py::test_case_16 - TypeError: unsupported ope...
FAILED MIO-MOSA/test_stack4_MOSA.py::test_case_1 - TypeError: unsupported ope...
FAILED MIO-MOSA/test_stack4_MOSA.py::test_case_3 - TypeError: unsupported ope...
FAILED MIO-MOSA/test_stack4_MOSA.py::test_case_4 - TypeError: unsupported ope...
FAILED MIO-MOSA/test_stack4_MOSA.py::test_case_5 - TypeError: unsupported ope...
FAILED MIO-MOSA/test_stack4_MOSA.py::test_case_9 - TypeError: unsupported ope...
FAILED MIO-MOSA/test_stack4_MOSA.py::test_case_16 - TypeError: unsupported op...
========================= 8 failed, 29 passed in 0.06s =========================
</pre></div></div></div></div></div><div class="mb-1" id="job_list___sub_accordion_20"><div class="card"><a data-toggle="collapse" data-target="#job_list___sub_collapse_20_1" aria-expanded="false" aria-controls="job_list___sub_collapse_20_1" href="#" class="job_list___sub_multi_heading"><div role="alert" class="card-header alert-success" id="job_list___sub_heading_20_1"><button class="btn btn-outline-success"><span class="job_id">20 : Job ID 02a55eb6d549470a973c195bbd386fd2</span></button></div></a><div aria-labelledby="job_list___sub_heading_20_1" data-parent="#job_list___sub_accordion_20" class="collapse job_list___sub_multi_collapse" id="job_list___sub_collapse_20_1"><div class="card-body"><div class="work-item"><div class="alert alert-success test-outcome" role="alert"><p>worker outcome: normal</p><p>test outcome: killed</p></div></div><pre class="location"><a href="pycharm://open?file=stack4.py&amp;line=86" class="text-secondary"><button class="btn btn-outline-dark">stack4.py, start pos: (86, 28), end pos: (86, 29)</button></a></pre><pre>operator: core/ReplaceBinaryOperator_Add_BitAnd, occurrence: 1</pre><div class="alert alert-secondary"><pre class="diff">--- mutation diff ---
--- astack4.py
+++ bstack4.py
@@ -83,7 +83,7 @@
         while curr:
             display += str(curr.data) + ', '
             curr = curr.next
-        return display[:-2] + ')'
+        return display[:-2] &amp; ')'
 
 
 class Stack(object):</pre></div><div class="alert alert-secondary"><pre class="diff">============================= test session starts ==============================
platform linux -- Python 3.10.10, pytest-7.2.1, pluggy-1.0.0
rootdir: /home/auri/temp/lucca/python_experiments/stack4
collected 37 items

MIO-MOSA/test_stack4_MIO.py ...............FFF..                         [ 54%]
MIO-MOSA/test_stack4_MOSA.py .F.FFF...FF.....F                           [100%]

=========================== short test summary info ============================
FAILED MIO-MOSA/test_stack4_MIO.py::test_case_15 - TypeError: unsupported ope...
FAILED MIO-MOSA/test_stack4_MIO.py::test_case_16 - TypeError: unsupported ope...
FAILED MIO-MOSA/test_stack4_MIO.py::test_case_17 - TypeError: unsupported ope...
FAILED MIO-MOSA/test_stack4_MOSA.py::test_case_1 - TypeError: unsupported ope...
FAILED MIO-MOSA/test_stack4_MOSA.py::test_case_3 - TypeError: unsupported ope...
FAILED MIO-MOSA/test_stack4_MOSA.py::test_case_4 - TypeError: unsupported ope...
FAILED MIO-MOSA/test_stack4_MOSA.py::test_case_5 - TypeError: unsupported ope...
FAILED MIO-MOSA/test_stack4_MOSA.py::test_case_9 - TypeError: unsupported ope...
FAILED MIO-MOSA/test_stack4_MOSA.py::test_case_10 - TypeError: unsupported op...
FAILED MIO-MOSA/test_stack4_MOSA.py::test_case_16 - TypeError: unsupported op...
======================== 10 failed, 27 passed in 0.06s =========================
</pre></div></div></div></div></div><div class="mb-1" id="job_list___sub_accordion_21"><div class="card"><a data-toggle="collapse" data-target="#job_list___sub_collapse_21_1" aria-expanded="false" aria-controls="job_list___sub_collapse_21_1" href="#" class="job_list___sub_multi_heading"><div role="alert" class="card-header alert-success" id="job_list___sub_heading_21_1"><button class="btn btn-outline-success"><span class="job_id">21 : Job ID 050bb501d6a64da5b60f66a24702fbc6</span></button></div></a><div aria-labelledby="job_list___sub_heading_21_1" data-parent="#job_list___sub_accordion_21" class="collapse job_list___sub_multi_collapse" id="job_list___sub_collapse_21_1"><div class="card-body"><div class="work-item"><div class="alert alert-success test-outcome" role="alert"><p>worker outcome: normal</p><p>test outcome: killed</p></div></div><pre class="location"><a href="pycharm://open?file=stack4.py&amp;line=84" class="text-secondary"><button class="btn btn-outline-dark">stack4.py, start pos: (84, 38), end pos: (84, 39)</button></a></pre><pre>operator: core/ReplaceBinaryOperator_Add_BitXor, occurrence: 0</pre><div class="alert alert-secondary"><pre class="diff">--- mutation diff ---
--- astack4.py
+++ bstack4.py
@@ -81,7 +81,7 @@
         curr = self.head
         display = '('
         while curr:
-            display += str(curr.data) + ', '
+            display += str(curr.data) ^ ', '
             curr = curr.next
         return display[:-2] + ')'
 </pre></div><div class="alert alert-secondary"><pre class="diff">============================= test session starts ==============================
platform linux -- Python 3.10.10, pytest-7.2.1, pluggy-1.0.0
rootdir: /home/auri/temp/lucca/python_experiments/stack4
collected 37 items

MIO-MOSA/test_stack4_MIO.py ...............FF...                         [ 54%]
MIO-MOSA/test_stack4_MOSA.py .F.FFF...F......F                           [100%]

=========================== short test summary info ============================
FAILED MIO-MOSA/test_stack4_MIO.py::test_case_15 - TypeError: unsupported ope...
FAILED MIO-MOSA/test_stack4_MIO.py::test_case_16 - TypeError: unsupported ope...
FAILED MIO-MOSA/test_stack4_MOSA.py::test_case_1 - TypeError: unsupported ope...
FAILED MIO-MOSA/test_stack4_MOSA.py::test_case_3 - TypeError: unsupported ope...
FAILED MIO-MOSA/test_stack4_MOSA.py::test_case_4 - TypeError: unsupported ope...
FAILED MIO-MOSA/test_stack4_MOSA.py::test_case_5 - TypeError: unsupported ope...
FAILED MIO-MOSA/test_stack4_MOSA.py::test_case_9 - TypeError: unsupported ope...
FAILED MIO-MOSA/test_stack4_MOSA.py::test_case_16 - TypeError: unsupported op...
========================= 8 failed, 29 passed in 0.06s =========================
</pre></div></div></div></div></div><div class="mb-1" id="job_list___sub_accordion_22"><div class="card"><a data-toggle="collapse" data-target="#job_list___sub_collapse_22_1" aria-expanded="false" aria-controls="job_list___sub_collapse_22_1" href="#" class="job_list___sub_multi_heading"><div role="alert" class="card-header alert-success" id="job_list___sub_heading_22_1"><button class="btn btn-outline-success"><span class="job_id">22 : Job ID 381c6b4430f04b5f8992b76fe83a16f2</span></button></div></a><div aria-labelledby="job_list___sub_heading_22_1" data-parent="#job_list___sub_accordion_22" class="collapse job_list___sub_multi_collapse" id="job_list___sub_collapse_22_1"><div class="card-body"><div class="work-item"><div class="alert alert-success test-outcome" role="alert"><p>worker outcome: normal</p><p>test outcome: killed</p></div></div><pre class="location"><a href="pycharm://open?file=stack4.py&amp;line=86" class="text-secondary"><button class="btn btn-outline-dark">stack4.py, start pos: (86, 28), end pos: (86, 29)</button></a></pre><pre>operator: core/ReplaceBinaryOperator_Add_BitXor, occurrence: 1</pre><div class="alert alert-secondary"><pre class="diff">--- mutation diff ---
--- astack4.py
+++ bstack4.py
@@ -83,7 +83,7 @@
         while curr:
             display += str(curr.data) + ', '
             curr = curr.next
-        return display[:-2] + ')'
+        return display[:-2] ^ ')'
 
 
 class Stack(object):</pre></div><div class="alert alert-secondary"><pre class="diff">============================= test session starts ==============================
platform linux -- Python 3.10.10, pytest-7.2.1, pluggy-1.0.0
rootdir: /home/auri/temp/lucca/python_experiments/stack4
collected 37 items

MIO-MOSA/test_stack4_MIO.py ...............FFF..                         [ 54%]
MIO-MOSA/test_stack4_MOSA.py .F.FFF...FF.....F                           [100%]

=========================== short test summary info ============================
FAILED MIO-MOSA/test_stack4_MIO.py::test_case_15 - TypeError: unsupported ope...
FAILED MIO-MOSA/test_stack4_MIO.py::test_case_16 - TypeError: unsupported ope...
FAILED MIO-MOSA/test_stack4_MIO.py::test_case_17 - TypeError: unsupported ope...
FAILED MIO-MOSA/test_stack4_MOSA.py::test_case_1 - TypeError: unsupported ope...
FAILED MIO-MOSA/test_stack4_MOSA.py::test_case_3 - TypeError: unsupported ope...
FAILED MIO-MOSA/test_stack4_MOSA.py::test_case_4 - TypeError: unsupported ope...
FAILED MIO-MOSA/test_stack4_MOSA.py::test_case_5 - TypeError: unsupported ope...
FAILED MIO-MOSA/test_stack4_MOSA.py::test_case_9 - TypeError: unsupported ope...
FAILED MIO-MOSA/test_stack4_MOSA.py::test_case_10 - TypeError: unsupported op...
FAILED MIO-MOSA/test_stack4_MOSA.py::test_case_16 - TypeError: unsupported op...
======================== 10 failed, 27 passed in 0.06s =========================
</pre></div></div></div></div></div><div class="mb-1" id="job_list___sub_accordion_23"><div class="card"><a data-toggle="collapse" data-target="#job_list___sub_collapse_23_1" aria-expanded="false" aria-controls="job_list___sub_collapse_23_1" href="#" class="job_list___sub_multi_heading"><div role="alert" class="card-header alert-success" id="job_list___sub_heading_23_1"><button class="btn btn-outline-success"><span class="job_id">23 : Job ID 28984698d8fb4a7a962c755b6c154cc0</span></button></div></a><div aria-labelledby="job_list___sub_heading_23_1" data-parent="#job_list___sub_accordion_23" class="collapse job_list___sub_multi_collapse" id="job_list___sub_collapse_23_1"><div class="card-body"><div class="work-item"><div class="alert alert-success test-outcome" role="alert"><p>worker outcome: normal</p><p>test outcome: killed</p></div></div><pre class="location"><a href="pycharm://open?file=stack4.py&amp;line=63" class="text-secondary"><button class="btn btn-outline-dark">stack4.py, start pos: (63, 25), end pos: (63, 27)</button></a></pre><pre>operator: core/ReplaceComparisonOperator_Eq_NotEq, occurrence: 0</pre><div class="alert alert-secondary"><pre class="diff">--- mutation diff ---
--- astack4.py
+++ bstack4.py
@@ -60,7 +60,7 @@
         """Return the node containing val."""
         curr = self.head
         while curr:
-            if curr.data == val:
+            if curr.data != val:
                 return curr
             curr = curr.next
 </pre></div><div class="alert alert-secondary"><pre class="diff">============================= test session starts ==============================
platform linux -- Python 3.10.10, pytest-7.2.1, pluggy-1.0.0
rootdir: /home/auri/temp/lucca/python_experiments/stack4
collected 37 items

MIO-MOSA/test_stack4_MIO.py ......F.............                         [ 54%]
MIO-MOSA/test_stack4_MOSA.py ......F..........                           [100%]

=========================== short test summary info ============================
FAILED MIO-MOSA/test_stack4_MIO.py::test_case_6 - AssertionError: assert 'bui...
FAILED MIO-MOSA/test_stack4_MOSA.py::test_case_6 - AssertionError: assert 'bu...
========================= 2 failed, 35 passed in 0.06s =========================
</pre></div></div></div></div></div><div class="mb-1" id="job_list___sub_accordion_24"><div class="card"><a data-toggle="collapse" data-target="#job_list___sub_collapse_24_1" aria-expanded="false" aria-controls="job_list___sub_collapse_24_1" href="#" class="job_list___sub_multi_heading"><div role="alert" class="card-header alert-danger" id="job_list___sub_heading_24_1"><button class="btn btn-outline-danger"><span class="job_id">24 : Job ID d9c13d15f7c74a649619ef52521c2452</span></button></div></a><div aria-labelledby="job_list___sub_heading_24_1" data-parent="#job_list___sub_accordion_24" class="collapse job_list___sub_multi_collapse" id="job_list___sub_collapse_24_1"><div class="card-body"><div class="work-item"><div class="alert alert-danger test-outcome" role="alert"><p>SURVIVED</p><p>worker outcome: normal</p><p>test outcome: survived</p></div></div><pre class="location"><a href="pycharm://open?file=stack4.py&amp;line=74" class="text-secondary"><button class="btn btn-outline-dark">stack4.py, start pos: (74, 45), end pos: (74, 47)</button></a></pre><pre>operator: core/ReplaceComparisonOperator_Eq_NotEq, occurrence: 1</pre><div class="alert alert-secondary"><pre class="diff">--- mutation diff ---
--- astack4.py
+++ bstack4.py
@@ -71,7 +71,7 @@
             self.head = self.head.next
             self._length -= 1
         while curr:
-            if (curr.next and curr.next.data == val):
+            if (curr.next and curr.next.data != val):
                 curr.next = curr.next.next
                 self._length -= 1
             curr = curr.next</pre></div><div class="alert alert-secondary"><pre class="diff">============================= test session starts ==============================
platform linux -- Python 3.10.10, pytest-7.2.1, pluggy-1.0.0
rootdir: /home/auri/temp/lucca/python_experiments/stack4
collected 37 items

MIO-MOSA/test_stack4_MIO.py ....................                         [ 54%]
MIO-MOSA/test_stack4_MOSA.py .................                           [100%]

============================== 37 passed in 0.06s ==============================
</pre></div></div></div></div></div><div class="mb-1" id="job_list___sub_accordion_25"><div class="card"><a data-toggle="collapse" data-target="#job_list___sub_collapse_25_1" aria-expanded="false" aria-controls="job_list___sub_collapse_25_1" href="#" class="job_list___sub_multi_heading"><div role="alert" class="card-header alert-success" id="job_list___sub_heading_25_1"><button class="btn btn-outline-success"><span class="job_id">25 : Job ID 548bd9a7ec044593842cad1df4f8d021</span></button></div></a><div aria-labelledby="job_list___sub_heading_25_1" data-parent="#job_list___sub_accordion_25" class="collapse job_list___sub_multi_collapse" id="job_list___sub_collapse_25_1"><div class="card-body"><div class="work-item"><div class="alert alert-success test-outcome" role="alert"><p>worker outcome: normal</p><p>test outcome: killed</p></div></div><pre class="location"><a href="pycharm://open?file=stack4.py&amp;line=63" class="text-secondary"><button class="btn btn-outline-dark">stack4.py, start pos: (63, 25), end pos: (63, 27)</button></a></pre><pre>operator: core/ReplaceComparisonOperator_Eq_Lt, occurrence: 0</pre><div class="alert alert-secondary"><pre class="diff">--- mutation diff ---
--- astack4.py
+++ bstack4.py
@@ -60,7 +60,7 @@
         """Return the node containing val."""
         curr = self.head
         while curr:
-            if curr.data == val:
+            if curr.data &lt; val:
                 return curr
             curr = curr.next
 </pre></div><div class="alert alert-secondary"><pre class="diff">============================= test session starts ==============================
platform linux -- Python 3.10.10, pytest-7.2.1, pluggy-1.0.0
rootdir: /home/auri/temp/lucca/python_experiments/stack4
collected 37 items

MIO-MOSA/test_stack4_MIO.py ......FF............                         [ 54%]
MIO-MOSA/test_stack4_MOSA.py .....FF..........                           [100%]

=========================== short test summary info ============================
FAILED MIO-MOSA/test_stack4_MIO.py::test_case_6 - TypeError: '&lt;' not supporte...
FAILED MIO-MOSA/test_stack4_MIO.py::test_case_7 - TypeError: '&lt;' not supporte...
FAILED MIO-MOSA/test_stack4_MOSA.py::test_case_5 - TypeError: '&lt;' not support...
FAILED MIO-MOSA/test_stack4_MOSA.py::test_case_6 - AssertionError: assert 'bu...
========================= 4 failed, 33 passed in 0.06s =========================
</pre></div></div></div></div></div><div class="mb-1" id="job_list___sub_accordion_26"><div class="card"><a data-toggle="collapse" data-target="#job_list___sub_collapse_26_1" aria-expanded="false" aria-controls="job_list___sub_collapse_26_1" href="#" class="job_list___sub_multi_heading"><div role="alert" class="card-header alert-success" id="job_list___sub_heading_26_1"><button class="btn btn-outline-success"><span class="job_id">26 : Job ID 1d71846f370d4379b27fa58e60fb591a</span></button></div></a><div aria-labelledby="job_list___sub_heading_26_1" data-parent="#job_list___sub_accordion_26" class="collapse job_list___sub_multi_collapse" id="job_list___sub_collapse_26_1"><div class="card-body"><div class="work-item"><div class="alert alert-success test-outcome" role="alert"><p>worker outcome: normal</p><p>test outcome: killed</p></div></div><pre class="location"><a href="pycharm://open?file=stack4.py&amp;line=74" class="text-secondary"><button class="btn btn-outline-dark">stack4.py, start pos: (74, 45), end pos: (74, 47)</button></a></pre><pre>operator: core/ReplaceComparisonOperator_Eq_Lt, occurrence: 1</pre><div class="alert alert-secondary"><pre class="diff">--- mutation diff ---
--- astack4.py
+++ bstack4.py
@@ -71,7 +71,7 @@
             self.head = self.head.next
             self._length -= 1
         while curr:
-            if (curr.next and curr.next.data == val):
+            if (curr.next and curr.next.data &lt; val):
                 curr.next = curr.next.next
                 self._length -= 1
             curr = curr.next</pre></div><div class="alert alert-secondary"><pre class="diff">============================= test session starts ==============================
platform linux -- Python 3.10.10, pytest-7.2.1, pluggy-1.0.0
rootdir: /home/auri/temp/lucca/python_experiments/stack4
collected 37 items

MIO-MOSA/test_stack4_MIO.py ..........F...F.....                         [ 54%]
MIO-MOSA/test_stack4_MOSA.py ...FFF........FFF                           [100%]

=========================== short test summary info ============================
FAILED MIO-MOSA/test_stack4_MIO.py::test_case_10 - TypeError: '&lt;' not support...
FAILED MIO-MOSA/test_stack4_MIO.py::test_case_14 - TypeError: '&lt;' not support...
FAILED MIO-MOSA/test_stack4_MOSA.py::test_case_3 - TypeError: '&lt;' not support...
FAILED MIO-MOSA/test_stack4_MOSA.py::test_case_4 - TypeError: '&lt;' not support...
FAILED MIO-MOSA/test_stack4_MOSA.py::test_case_5 - TypeError: '&lt;' not support...
FAILED MIO-MOSA/test_stack4_MOSA.py::test_case_14 - TypeError: '&lt;' not suppor...
FAILED MIO-MOSA/test_stack4_MOSA.py::test_case_15 - TypeError: '&lt;' not suppor...
FAILED MIO-MOSA/test_stack4_MOSA.py::test_case_16 - TypeError: '&lt;' not suppor...
========================= 8 failed, 29 passed in 0.06s =========================
</pre></div></div></div></div></div><div class="mb-1" id="job_list___sub_accordion_27"><div class="card"><a data-toggle="collapse" data-target="#job_list___sub_collapse_27_1" aria-expanded="false" aria-controls="job_list___sub_collapse_27_1" href="#" class="job_list___sub_multi_heading"><div role="alert" class="card-header alert-success" id="job_list___sub_heading_27_1"><button class="btn btn-outline-success"><span class="job_id">27 : Job ID a557eb1a954948eba356786bdf0ddea6</span></button></div></a><div aria-labelledby="job_list___sub_heading_27_1" data-parent="#job_list___sub_accordion_27" class="collapse job_list___sub_multi_collapse" id="job_list___sub_collapse_27_1"><div class="card-body"><div class="work-item"><div class="alert alert-success test-outcome" role="alert"><p>worker outcome: normal</p><p>test outcome: killed</p></div></div><pre class="location"><a href="pycharm://open?file=stack4.py&amp;line=63" class="text-secondary"><button class="btn btn-outline-dark">stack4.py, start pos: (63, 25), end pos: (63, 27)</button></a></pre><pre>operator: core/ReplaceComparisonOperator_Eq_LtE, occurrence: 0</pre><div class="alert alert-secondary"><pre class="diff">--- mutation diff ---
--- astack4.py
+++ bstack4.py
@@ -60,7 +60,7 @@
         """Return the node containing val."""
         curr = self.head
         while curr:
-            if curr.data == val:
+            if curr.data &lt;= val:
                 return curr
             curr = curr.next
 </pre></div><div class="alert alert-secondary"><pre class="diff">============================= test session starts ==============================
platform linux -- Python 3.10.10, pytest-7.2.1, pluggy-1.0.0
rootdir: /home/auri/temp/lucca/python_experiments/stack4
collected 37 items

MIO-MOSA/test_stack4_MIO.py ......FF............                         [ 54%]
MIO-MOSA/test_stack4_MOSA.py .....F...........                           [100%]

=========================== short test summary info ============================
FAILED MIO-MOSA/test_stack4_MIO.py::test_case_6 - TypeError: '&lt;=' not support...
FAILED MIO-MOSA/test_stack4_MIO.py::test_case_7 - TypeError: '&lt;=' not support...
FAILED MIO-MOSA/test_stack4_MOSA.py::test_case_5 - TypeError: '&lt;=' not suppor...
========================= 3 failed, 34 passed in 0.06s =========================
</pre></div></div></div></div></div><div class="mb-1" id="job_list___sub_accordion_28"><div class="card"><a data-toggle="collapse" data-target="#job_list___sub_collapse_28_1" aria-expanded="false" aria-controls="job_list___sub_collapse_28_1" href="#" class="job_list___sub_multi_heading"><div role="alert" class="card-header alert-success" id="job_list___sub_heading_28_1"><button class="btn btn-outline-success"><span class="job_id">28 : Job ID 4f1cdaab7a8f4f23b2adccefc771accb</span></button></div></a><div aria-labelledby="job_list___sub_heading_28_1" data-parent="#job_list___sub_accordion_28" class="collapse job_list___sub_multi_collapse" id="job_list___sub_collapse_28_1"><div class="card-body"><div class="work-item"><div class="alert alert-success test-outcome" role="alert"><p>worker outcome: normal</p><p>test outcome: killed</p></div></div><pre class="location"><a href="pycharm://open?file=stack4.py&amp;line=74" class="text-secondary"><button class="btn btn-outline-dark">stack4.py, start pos: (74, 45), end pos: (74, 47)</button></a></pre><pre>operator: core/ReplaceComparisonOperator_Eq_LtE, occurrence: 1</pre><div class="alert alert-secondary"><pre class="diff">--- mutation diff ---
--- astack4.py
+++ bstack4.py
@@ -71,7 +71,7 @@
             self.head = self.head.next
             self._length -= 1
         while curr:
-            if (curr.next and curr.next.data == val):
+            if (curr.next and curr.next.data &lt;= val):
                 curr.next = curr.next.next
                 self._length -= 1
             curr = curr.next</pre></div><div class="alert alert-secondary"><pre class="diff">============================= test session starts ==============================
platform linux -- Python 3.10.10, pytest-7.2.1, pluggy-1.0.0
rootdir: /home/auri/temp/lucca/python_experiments/stack4
collected 37 items

MIO-MOSA/test_stack4_MIO.py ..........F...F.....                         [ 54%]
MIO-MOSA/test_stack4_MOSA.py ...FFF........FF.                           [100%]

=========================== short test summary info ============================
FAILED MIO-MOSA/test_stack4_MIO.py::test_case_10 - TypeError: '&lt;=' not suppor...
FAILED MIO-MOSA/test_stack4_MIO.py::test_case_14 - TypeError: '&lt;=' not suppor...
FAILED MIO-MOSA/test_stack4_MOSA.py::test_case_3 - TypeError: '&lt;=' not suppor...
FAILED MIO-MOSA/test_stack4_MOSA.py::test_case_4 - TypeError: '&lt;=' not suppor...
FAILED MIO-MOSA/test_stack4_MOSA.py::test_case_5 - TypeError: '&lt;=' not suppor...
FAILED MIO-MOSA/test_stack4_MOSA.py::test_case_14 - TypeError: '&lt;=' not suppo...
FAILED MIO-MOSA/test_stack4_MOSA.py::test_case_15 - TypeError: '&lt;=' not suppo...
========================= 7 failed, 30 passed in 0.06s =========================
</pre></div></div></div></div></div><div class="mb-1" id="job_list___sub_accordion_29"><div class="card"><a data-toggle="collapse" data-target="#job_list___sub_collapse_29_1" aria-expanded="false" aria-controls="job_list___sub_collapse_29_1" href="#" class="job_list___sub_multi_heading"><div role="alert" class="card-header alert-success" id="job_list___sub_heading_29_1"><button class="btn btn-outline-success"><span class="job_id">29 : Job ID 320e9819a88d41c6947e29029c68560c</span></button></div></a><div aria-labelledby="job_list___sub_heading_29_1" data-parent="#job_list___sub_accordion_29" class="collapse job_list___sub_multi_collapse" id="job_list___sub_collapse_29_1"><div class="card-body"><div class="work-item"><div class="alert alert-success test-outcome" role="alert"><p>worker outcome: normal</p><p>test outcome: killed</p></div></div><pre class="location"><a href="pycharm://open?file=stack4.py&amp;line=63" class="text-secondary"><button class="btn btn-outline-dark">stack4.py, start pos: (63, 25), end pos: (63, 27)</button></a></pre><pre>operator: core/ReplaceComparisonOperator_Eq_Gt, occurrence: 0</pre><div class="alert alert-secondary"><pre class="diff">--- mutation diff ---
--- astack4.py
+++ bstack4.py
@@ -60,7 +60,7 @@
         """Return the node containing val."""
         curr = self.head
         while curr:
-            if curr.data == val:
+            if curr.data &gt; val:
                 return curr
             curr = curr.next
 </pre></div><div class="alert alert-secondary"><pre class="diff">============================= test session starts ==============================
platform linux -- Python 3.10.10, pytest-7.2.1, pluggy-1.0.0
rootdir: /home/auri/temp/lucca/python_experiments/stack4
collected 37 items

MIO-MOSA/test_stack4_MIO.py ......FF............                         [ 54%]
MIO-MOSA/test_stack4_MOSA.py .....FF..........                           [100%]

=========================== short test summary info ============================
FAILED MIO-MOSA/test_stack4_MIO.py::test_case_6 - TypeError: '&gt;' not supporte...
FAILED MIO-MOSA/test_stack4_MIO.py::test_case_7 - TypeError: '&gt;' not supporte...
FAILED MIO-MOSA/test_stack4_MOSA.py::test_case_5 - TypeError: '&gt;' not support...
FAILED MIO-MOSA/test_stack4_MOSA.py::test_case_6 - AssertionError: assert 'bu...
========================= 4 failed, 33 passed in 0.07s =========================
</pre></div></div></div></div></div><div class="mb-1" id="job_list___sub_accordion_30"><div class="card"><a data-toggle="collapse" data-target="#job_list___sub_collapse_30_1" aria-expanded="false" aria-controls="job_list___sub_collapse_30_1" href="#" class="job_list___sub_multi_heading"><div role="alert" class="card-header alert-success" id="job_list___sub_heading_30_1"><button class="btn btn-outline-success"><span class="job_id">30 : Job ID 435d8aa8abd4409389fcda79f17ee58d</span></button></div></a><div aria-labelledby="job_list___sub_heading_30_1" data-parent="#job_list___sub_accordion_30" class="collapse job_list___sub_multi_collapse" id="job_list___sub_collapse_30_1"><div class="card-body"><div class="work-item"><div class="alert alert-success test-outcome" role="alert"><p>worker outcome: normal</p><p>test outcome: killed</p></div></div><pre class="location"><a href="pycharm://open?file=stack4.py&amp;line=74" class="text-secondary"><button class="btn btn-outline-dark">stack4.py, start pos: (74, 45), end pos: (74, 47)</button></a></pre><pre>operator: core/ReplaceComparisonOperator_Eq_Gt, occurrence: 1</pre><div class="alert alert-secondary"><pre class="diff">--- mutation diff ---
--- astack4.py
+++ bstack4.py
@@ -71,7 +71,7 @@
             self.head = self.head.next
             self._length -= 1
         while curr:
-            if (curr.next and curr.next.data == val):
+            if (curr.next and curr.next.data &gt; val):
                 curr.next = curr.next.next
                 self._length -= 1
             curr = curr.next</pre></div><div class="alert alert-secondary"><pre class="diff">============================= test session starts ==============================
platform linux -- Python 3.10.10, pytest-7.2.1, pluggy-1.0.0
rootdir: /home/auri/temp/lucca/python_experiments/stack4
collected 37 items

MIO-MOSA/test_stack4_MIO.py ..........F...F.....                         [ 54%]
MIO-MOSA/test_stack4_MOSA.py ...FFF........FFF                           [100%]

=========================== short test summary info ============================
FAILED MIO-MOSA/test_stack4_MIO.py::test_case_10 - TypeError: '&gt;' not support...
FAILED MIO-MOSA/test_stack4_MIO.py::test_case_14 - TypeError: '&gt;' not support...
FAILED MIO-MOSA/test_stack4_MOSA.py::test_case_3 - TypeError: '&gt;' not support...
FAILED MIO-MOSA/test_stack4_MOSA.py::test_case_4 - TypeError: '&gt;' not support...
FAILED MIO-MOSA/test_stack4_MOSA.py::test_case_5 - TypeError: '&gt;' not support...
FAILED MIO-MOSA/test_stack4_MOSA.py::test_case_14 - TypeError: '&gt;' not suppor...
FAILED MIO-MOSA/test_stack4_MOSA.py::test_case_15 - TypeError: '&gt;' not suppor...
FAILED MIO-MOSA/test_stack4_MOSA.py::test_case_16 - TypeError: '&gt;' not suppor...
========================= 8 failed, 29 passed in 0.06s =========================
</pre></div></div></div></div></div><div class="mb-1" id="job_list___sub_accordion_31"><div class="card"><a data-toggle="collapse" data-target="#job_list___sub_collapse_31_1" aria-expanded="false" aria-controls="job_list___sub_collapse_31_1" href="#" class="job_list___sub_multi_heading"><div role="alert" class="card-header alert-success" id="job_list___sub_heading_31_1"><button class="btn btn-outline-success"><span class="job_id">31 : Job ID beefd67560734d0d8ef80ed52489f3c2</span></button></div></a><div aria-labelledby="job_list___sub_heading_31_1" data-parent="#job_list___sub_accordion_31" class="collapse job_list___sub_multi_collapse" id="job_list___sub_collapse_31_1"><div class="card-body"><div class="work-item"><div class="alert alert-success test-outcome" role="alert"><p>worker outcome: normal</p><p>test outcome: killed</p></div></div><pre class="location"><a href="pycharm://open?file=stack4.py&amp;line=63" class="text-secondary"><button class="btn btn-outline-dark">stack4.py, start pos: (63, 25), end pos: (63, 27)</button></a></pre><pre>operator: core/ReplaceComparisonOperator_Eq_GtE, occurrence: 0</pre><div class="alert alert-secondary"><pre class="diff">--- mutation diff ---
--- astack4.py
+++ bstack4.py
@@ -60,7 +60,7 @@
         """Return the node containing val."""
         curr = self.head
         while curr:
-            if curr.data == val:
+            if curr.data &gt;= val:
                 return curr
             curr = curr.next
 </pre></div><div class="alert alert-secondary"><pre class="diff">============================= test session starts ==============================
platform linux -- Python 3.10.10, pytest-7.2.1, pluggy-1.0.0
rootdir: /home/auri/temp/lucca/python_experiments/stack4
collected 37 items

MIO-MOSA/test_stack4_MIO.py ......FF............                         [ 54%]
MIO-MOSA/test_stack4_MOSA.py .....F...........                           [100%]

=========================== short test summary info ============================
FAILED MIO-MOSA/test_stack4_MIO.py::test_case_6 - TypeError: '&gt;=' not support...
FAILED MIO-MOSA/test_stack4_MIO.py::test_case_7 - TypeError: '&gt;=' not support...
FAILED MIO-MOSA/test_stack4_MOSA.py::test_case_5 - TypeError: '&gt;=' not suppor...
========================= 3 failed, 34 passed in 0.06s =========================
</pre></div></div></div></div></div><div class="mb-1" id="job_list___sub_accordion_32"><div class="card"><a data-toggle="collapse" data-target="#job_list___sub_collapse_32_1" aria-expanded="false" aria-controls="job_list___sub_collapse_32_1" href="#" class="job_list___sub_multi_heading"><div role="alert" class="card-header alert-success" id="job_list___sub_heading_32_1"><button class="btn btn-outline-success"><span class="job_id">32 : Job ID fab071bfbb4b4a21ae5fbfbeeba3d0d8</span></button></div></a><div aria-labelledby="job_list___sub_heading_32_1" data-parent="#job_list___sub_accordion_32" class="collapse job_list___sub_multi_collapse" id="job_list___sub_collapse_32_1"><div class="card-body"><div class="work-item"><div class="alert alert-success test-outcome" role="alert"><p>worker outcome: normal</p><p>test outcome: killed</p></div></div><pre class="location"><a href="pycharm://open?file=stack4.py&amp;line=74" class="text-secondary"><button class="btn btn-outline-dark">stack4.py, start pos: (74, 45), end pos: (74, 47)</button></a></pre><pre>operator: core/ReplaceComparisonOperator_Eq_GtE, occurrence: 1</pre><div class="alert alert-secondary"><pre class="diff">--- mutation diff ---
--- astack4.py
+++ bstack4.py
@@ -71,7 +71,7 @@
             self.head = self.head.next
             self._length -= 1
         while curr:
-            if (curr.next and curr.next.data == val):
+            if (curr.next and curr.next.data &gt;= val):
                 curr.next = curr.next.next
                 self._length -= 1
             curr = curr.next</pre></div><div class="alert alert-secondary"><pre class="diff">============================= test session starts ==============================
platform linux -- Python 3.10.10, pytest-7.2.1, pluggy-1.0.0
rootdir: /home/auri/temp/lucca/python_experiments/stack4
collected 37 items

MIO-MOSA/test_stack4_MIO.py ..........F...F.....                         [ 54%]
MIO-MOSA/test_stack4_MOSA.py ...FFF........FF.                           [100%]

=========================== short test summary info ============================
FAILED MIO-MOSA/test_stack4_MIO.py::test_case_10 - TypeError: '&gt;=' not suppor...
FAILED MIO-MOSA/test_stack4_MIO.py::test_case_14 - TypeError: '&gt;=' not suppor...
FAILED MIO-MOSA/test_stack4_MOSA.py::test_case_3 - TypeError: '&gt;=' not suppor...
FAILED MIO-MOSA/test_stack4_MOSA.py::test_case_4 - TypeError: '&gt;=' not suppor...
FAILED MIO-MOSA/test_stack4_MOSA.py::test_case_5 - TypeError: '&gt;=' not suppor...
FAILED MIO-MOSA/test_stack4_MOSA.py::test_case_14 - TypeError: '&gt;=' not suppo...
FAILED MIO-MOSA/test_stack4_MOSA.py::test_case_15 - TypeError: '&gt;=' not suppo...
========================= 7 failed, 30 passed in 0.06s =========================
</pre></div></div></div></div></div><div class="mb-1" id="job_list___sub_accordion_33"><div class="card"><a data-toggle="collapse" data-target="#job_list___sub_collapse_33_1" aria-expanded="false" aria-controls="job_list___sub_collapse_33_1" href="#" class="job_list___sub_multi_heading"><div role="alert" class="card-header alert-danger" id="job_list___sub_heading_33_1"><button class="btn btn-outline-danger"><span class="job_id">33 : Job ID bad4320bee7a4f9e9d345586b43f22af</span></button></div></a><div aria-labelledby="job_list___sub_heading_33_1" data-parent="#job_list___sub_accordion_33" class="collapse job_list___sub_multi_collapse" id="job_list___sub_collapse_33_1"><div class="card-body"><div class="work-item"><div class="alert alert-danger test-outcome" role="alert"><p>SURVIVED</p><p>worker outcome: normal</p><p>test outcome: survived</p></div></div><pre class="location"><a href="pycharm://open?file=stack4.py&amp;line=63" class="text-secondary"><button class="btn btn-outline-dark">stack4.py, start pos: (63, 25), end pos: (63, 27)</button></a></pre><pre>operator: core/ReplaceComparisonOperator_Eq_Is, occurrence: 0</pre><div class="alert alert-secondary"><pre class="diff">--- mutation diff ---
--- astack4.py
+++ bstack4.py
@@ -60,7 +60,7 @@
         """Return the node containing val."""
         curr = self.head
         while curr:
-            if curr.data == val:
+            if curr.data is val:
                 return curr
             curr = curr.next
 </pre></div><div class="alert alert-secondary"><pre class="diff">============================= test session starts ==============================
platform linux -- Python 3.10.10, pytest-7.2.1, pluggy-1.0.0
rootdir: /home/auri/temp/lucca/python_experiments/stack4
collected 37 items

MIO-MOSA/test_stack4_MIO.py ....................                         [ 54%]
MIO-MOSA/test_stack4_MOSA.py .................                           [100%]

============================== 37 passed in 0.06s ==============================
</pre></div></div></div></div></div><div class="mb-1" id="job_list___sub_accordion_34"><div class="card"><a data-toggle="collapse" data-target="#job_list___sub_collapse_34_1" aria-expanded="false" aria-controls="job_list___sub_collapse_34_1" href="#" class="job_list___sub_multi_heading"><div role="alert" class="card-header alert-danger" id="job_list___sub_heading_34_1"><button class="btn btn-outline-danger"><span class="job_id">34 : Job ID 2cb5da4e649042f190b6236c7af2e36b</span></button></div></a><div aria-labelledby="job_list___sub_heading_34_1" data-parent="#job_list___sub_accordion_34" class="collapse job_list___sub_multi_collapse" id="job_list___sub_collapse_34_1"><div class="card-body"><div class="work-item"><div class="alert alert-danger test-outcome" role="alert"><p>SURVIVED</p><p>worker outcome: normal</p><p>test outcome: survived</p></div></div><pre class="location"><a href="pycharm://open?file=stack4.py&amp;line=74" class="text-secondary"><button class="btn btn-outline-dark">stack4.py, start pos: (74, 45), end pos: (74, 47)</button></a></pre><pre>operator: core/ReplaceComparisonOperator_Eq_Is, occurrence: 1</pre><div class="alert alert-secondary"><pre class="diff">--- mutation diff ---
--- astack4.py
+++ bstack4.py
@@ -71,7 +71,7 @@
             self.head = self.head.next
             self._length -= 1
         while curr:
-            if (curr.next and curr.next.data == val):
+            if (curr.next and curr.next.data is val):
                 curr.next = curr.next.next
                 self._length -= 1
             curr = curr.next</pre></div><div class="alert alert-secondary"><pre class="diff">============================= test session starts ==============================
platform linux -- Python 3.10.10, pytest-7.2.1, pluggy-1.0.0
rootdir: /home/auri/temp/lucca/python_experiments/stack4
collected 37 items

MIO-MOSA/test_stack4_MIO.py ....................                         [ 54%]
MIO-MOSA/test_stack4_MOSA.py .................                           [100%]

============================== 37 passed in 0.05s ==============================
</pre></div></div></div></div></div><div class="mb-1" id="job_list___sub_accordion_35"><div class="card"><a data-toggle="collapse" data-target="#job_list___sub_collapse_35_1" aria-expanded="false" aria-controls="job_list___sub_collapse_35_1" href="#" class="job_list___sub_multi_heading"><div role="alert" class="card-header alert-success" id="job_list___sub_heading_35_1"><button class="btn btn-outline-success"><span class="job_id">35 : Job ID ae1a78bd55f34f948e57fe15f92667bb</span></button></div></a><div aria-labelledby="job_list___sub_heading_35_1" data-parent="#job_list___sub_accordion_35" class="collapse job_list___sub_multi_collapse" id="job_list___sub_collapse_35_1"><div class="card-body"><div class="work-item"><div class="alert alert-success test-outcome" role="alert"><p>worker outcome: normal</p><p>test outcome: killed</p></div></div><pre class="location"><a href="pycharm://open?file=stack4.py&amp;line=63" class="text-secondary"><button class="btn btn-outline-dark">stack4.py, start pos: (63, 25), end pos: (63, 27)</button></a></pre><pre>operator: core/ReplaceComparisonOperator_Eq_IsNot, occurrence: 0</pre><div class="alert alert-secondary"><pre class="diff">--- mutation diff ---
--- astack4.py
+++ bstack4.py
@@ -60,7 +60,7 @@
         """Return the node containing val."""
         curr = self.head
         while curr:
-            if curr.data == val:
+            if curr.data is not val:
                 return curr
             curr = curr.next
 </pre></div><div class="alert alert-secondary"><pre class="diff">============================= test session starts ==============================
platform linux -- Python 3.10.10, pytest-7.2.1, pluggy-1.0.0
rootdir: /home/auri/temp/lucca/python_experiments/stack4
collected 37 items

MIO-MOSA/test_stack4_MIO.py ......F.............                         [ 54%]
MIO-MOSA/test_stack4_MOSA.py ......F..........                           [100%]

=========================== short test summary info ============================
FAILED MIO-MOSA/test_stack4_MIO.py::test_case_6 - AssertionError: assert 'bui...
FAILED MIO-MOSA/test_stack4_MOSA.py::test_case_6 - AssertionError: assert 'bu...
========================= 2 failed, 35 passed in 0.06s =========================
</pre></div></div></div></div></div><div class="mb-1" id="job_list___sub_accordion_36"><div class="card"><a data-toggle="collapse" data-target="#job_list___sub_collapse_36_1" aria-expanded="false" aria-controls="job_list___sub_collapse_36_1" href="#" class="job_list___sub_multi_heading"><div role="alert" class="card-header alert-danger" id="job_list___sub_heading_36_1"><button class="btn btn-outline-danger"><span class="job_id">36 : Job ID 61eab06307744bd091bcb2035e1313a8</span></button></div></a><div aria-labelledby="job_list___sub_heading_36_1" data-parent="#job_list___sub_accordion_36" class="collapse job_list___sub_multi_collapse" id="job_list___sub_collapse_36_1"><div class="card-body"><div class="work-item"><div class="alert alert-danger test-outcome" role="alert"><p>SURVIVED</p><p>worker outcome: normal</p><p>test outcome: survived</p></div></div><pre class="location"><a href="pycharm://open?file=stack4.py&amp;line=74" class="text-secondary"><button class="btn btn-outline-dark">stack4.py, start pos: (74, 45), end pos: (74, 47)</button></a></pre><pre>operator: core/ReplaceComparisonOperator_Eq_IsNot, occurrence: 1</pre><div class="alert alert-secondary"><pre class="diff">--- mutation diff ---
--- astack4.py
+++ bstack4.py
@@ -71,7 +71,7 @@
             self.head = self.head.next
             self._length -= 1
         while curr:
-            if (curr.next and curr.next.data == val):
+            if (curr.next and curr.next.data is not val):
                 curr.next = curr.next.next
                 self._length -= 1
             curr = curr.next</pre></div><div class="alert alert-secondary"><pre class="diff">============================= test session starts ==============================
platform linux -- Python 3.10.10, pytest-7.2.1, pluggy-1.0.0
rootdir: /home/auri/temp/lucca/python_experiments/stack4
collected 37 items

MIO-MOSA/test_stack4_MIO.py ....................                         [ 54%]
MIO-MOSA/test_stack4_MOSA.py .................                           [100%]

============================== 37 passed in 0.06s ==============================
</pre></div></div></div></div></div><div class="mb-1" id="job_list___sub_accordion_37"><div class="card"><a data-toggle="collapse" data-target="#job_list___sub_collapse_37_1" aria-expanded="false" aria-controls="job_list___sub_collapse_37_1" href="#" class="job_list___sub_multi_heading"><div role="alert" class="card-header alert-danger" id="job_list___sub_heading_37_1"><button class="btn btn-outline-danger"><span class="job_id">37 : Job ID 9a49e623c72443e8977d345044fb8201</span></button></div></a><div aria-labelledby="job_list___sub_heading_37_1" data-parent="#job_list___sub_accordion_37" class="collapse job_list___sub_multi_collapse" id="job_list___sub_collapse_37_1"><div class="card-body"><div class="work-item"><div class="alert alert-danger test-outcome" role="alert"><p>SURVIVED</p><p>worker outcome: normal</p><p>test outcome: survived</p></div></div><pre class="location"><a href="pycharm://open?file=stack4.py&amp;line=70" class="text-secondary"><button class="btn btn-outline-dark">stack4.py, start pos: (70, 24), end pos: (70, 26)</button></a></pre><pre>operator: core/ReplaceComparisonOperator_Is_Eq, occurrence: 0</pre><div class="alert alert-secondary"><pre class="diff">--- mutation diff ---
--- astack4.py
+++ bstack4.py
@@ -67,7 +67,7 @@
     def remove(self, val):
         """Remove node from list if exists."""
         curr = self.head
-        if curr and val is self.head.data:
+        if curr and val == self.head.data:
             self.head = self.head.next
             self._length -= 1
         while curr:</pre></div><div class="alert alert-secondary"><pre class="diff">============================= test session starts ==============================
platform linux -- Python 3.10.10, pytest-7.2.1, pluggy-1.0.0
rootdir: /home/auri/temp/lucca/python_experiments/stack4
collected 37 items

MIO-MOSA/test_stack4_MIO.py ....................                         [ 54%]
MIO-MOSA/test_stack4_MOSA.py .................                           [100%]

============================== 37 passed in 0.06s ==============================
</pre></div></div></div></div></div><div class="mb-1" id="job_list___sub_accordion_38"><div class="card"><a data-toggle="collapse" data-target="#job_list___sub_collapse_38_1" aria-expanded="false" aria-controls="job_list___sub_collapse_38_1" href="#" class="job_list___sub_multi_heading"><div role="alert" class="card-header alert-success" id="job_list___sub_heading_38_1"><button class="btn btn-outline-success"><span class="job_id">38 : Job ID ff10b7e2149b424d9c7b99b8f72d08d2</span></button></div></a><div aria-labelledby="job_list___sub_heading_38_1" data-parent="#job_list___sub_accordion_38" class="collapse job_list___sub_multi_collapse" id="job_list___sub_collapse_38_1"><div class="card-body"><div class="work-item"><div class="alert alert-success test-outcome" role="alert"><p>worker outcome: normal</p><p>test outcome: killed</p></div></div><pre class="location"><a href="pycharm://open?file=stack4.py&amp;line=70" class="text-secondary"><button class="btn btn-outline-dark">stack4.py, start pos: (70, 24), end pos: (70, 26)</button></a></pre><pre>operator: core/ReplaceComparisonOperator_Is_NotEq, occurrence: 0</pre><div class="alert alert-secondary"><pre class="diff">--- mutation diff ---
--- astack4.py
+++ bstack4.py
@@ -67,7 +67,7 @@
     def remove(self, val):
         """Remove node from list if exists."""
         curr = self.head
-        if curr and val is self.head.data:
+        if curr and val != self.head.data:
             self.head = self.head.next
             self._length -= 1
         while curr:</pre></div><div class="alert alert-secondary"><pre class="diff">============================= test session starts ==============================
platform linux -- Python 3.10.10, pytest-7.2.1, pluggy-1.0.0
rootdir: /home/auri/temp/lucca/python_experiments/stack4
collected 37 items

MIO-MOSA/test_stack4_MIO.py ............F.......                         [ 54%]
MIO-MOSA/test_stack4_MOSA.py ...F.............                           [100%]

=========================== short test summary info ============================
FAILED MIO-MOSA/test_stack4_MIO.py::test_case_12 - assert &lt;stack4.Node object...
FAILED MIO-MOSA/test_stack4_MOSA.py::test_case_3 - AssertionError: assert 'O'...
========================= 2 failed, 35 passed in 0.06s =========================
</pre></div></div></div></div></div><div class="mb-1" id="job_list___sub_accordion_39"><div class="card"><a data-toggle="collapse" data-target="#job_list___sub_collapse_39_1" aria-expanded="false" aria-controls="job_list___sub_collapse_39_1" href="#" class="job_list___sub_multi_heading"><div role="alert" class="card-header alert-success" id="job_list___sub_heading_39_1"><button class="btn btn-outline-success"><span class="job_id">39 : Job ID 6bbcf18d7ac7432c80cc92ce72476fb7</span></button></div></a><div aria-labelledby="job_list___sub_heading_39_1" data-parent="#job_list___sub_accordion_39" class="collapse job_list___sub_multi_collapse" id="job_list___sub_collapse_39_1"><div class="card-body"><div class="work-item"><div class="alert alert-success test-outcome" role="alert"><p>worker outcome: normal</p><p>test outcome: killed</p></div></div><pre class="location"><a href="pycharm://open?file=stack4.py&amp;line=70" class="text-secondary"><button class="btn btn-outline-dark">stack4.py, start pos: (70, 24), end pos: (70, 26)</button></a></pre><pre>operator: core/ReplaceComparisonOperator_Is_Lt, occurrence: 0</pre><div class="alert alert-secondary"><pre class="diff">--- mutation diff ---
--- astack4.py
+++ bstack4.py
@@ -67,7 +67,7 @@
     def remove(self, val):
         """Remove node from list if exists."""
         curr = self.head
-        if curr and val is self.head.data:
+        if curr and val &lt; self.head.data:
             self.head = self.head.next
             self._length -= 1
         while curr:</pre></div><div class="alert alert-secondary"><pre class="diff">============================= test session starts ==============================
platform linux -- Python 3.10.10, pytest-7.2.1, pluggy-1.0.0
rootdir: /home/auri/temp/lucca/python_experiments/stack4
collected 37 items

MIO-MOSA/test_stack4_MIO.py ..........FFF.F.....                         [ 54%]
MIO-MOSA/test_stack4_MOSA.py ...FFF........FF.                           [100%]

=========================== short test summary info ============================
FAILED MIO-MOSA/test_stack4_MIO.py::test_case_10 - TypeError: '&lt;' not support...
FAILED MIO-MOSA/test_stack4_MIO.py::test_case_11 - TypeError: '&lt;' not support...
FAILED MIO-MOSA/test_stack4_MIO.py::test_case_12 - TypeError: '&lt;' not support...
FAILED MIO-MOSA/test_stack4_MIO.py::test_case_14 - TypeError: '&lt;' not support...
FAILED MIO-MOSA/test_stack4_MOSA.py::test_case_3 - TypeError: '&lt;' not support...
FAILED MIO-MOSA/test_stack4_MOSA.py::test_case_4 - TypeError: '&lt;' not support...
FAILED MIO-MOSA/test_stack4_MOSA.py::test_case_5 - TypeError: '&lt;' not support...
FAILED MIO-MOSA/test_stack4_MOSA.py::test_case_14 - TypeError: '&lt;' not suppor...
FAILED MIO-MOSA/test_stack4_MOSA.py::test_case_15 - TypeError: '&lt;' not suppor...
========================= 9 failed, 28 passed in 0.09s =========================
</pre></div></div></div></div></div><div class="mb-1" id="job_list___sub_accordion_40"><div class="card"><a data-toggle="collapse" data-target="#job_list___sub_collapse_40_1" aria-expanded="false" aria-controls="job_list___sub_collapse_40_1" href="#" class="job_list___sub_multi_heading"><div role="alert" class="card-header alert-success" id="job_list___sub_heading_40_1"><button class="btn btn-outline-success"><span class="job_id">40 : Job ID 24b1b5aed3524092b8392acb7ba0b6dd</span></button></div></a><div aria-labelledby="job_list___sub_heading_40_1" data-parent="#job_list___sub_accordion_40" class="collapse job_list___sub_multi_collapse" id="job_list___sub_collapse_40_1"><div class="card-body"><div class="work-item"><div class="alert alert-success test-outcome" role="alert"><p>worker outcome: normal</p><p>test outcome: killed</p></div></div><pre class="location"><a href="pycharm://open?file=stack4.py&amp;line=70" class="text-secondary"><button class="btn btn-outline-dark">stack4.py, start pos: (70, 24), end pos: (70, 26)</button></a></pre><pre>operator: core/ReplaceComparisonOperator_Is_LtE, occurrence: 0</pre><div class="alert alert-secondary"><pre class="diff">--- mutation diff ---
--- astack4.py
+++ bstack4.py
@@ -67,7 +67,7 @@
     def remove(self, val):
         """Remove node from list if exists."""
         curr = self.head
-        if curr and val is self.head.data:
+        if curr and val &lt;= self.head.data:
             self.head = self.head.next
             self._length -= 1
         while curr:</pre></div><div class="alert alert-secondary"><pre class="diff">============================= test session starts ==============================
platform linux -- Python 3.10.10, pytest-7.2.1, pluggy-1.0.0
rootdir: /home/auri/temp/lucca/python_experiments/stack4
collected 37 items

MIO-MOSA/test_stack4_MIO.py ..........FFF.F.....                         [ 54%]
MIO-MOSA/test_stack4_MOSA.py ...FFF........FF.                           [100%]

=========================== short test summary info ============================
FAILED MIO-MOSA/test_stack4_MIO.py::test_case_10 - TypeError: '&lt;=' not suppor...
FAILED MIO-MOSA/test_stack4_MIO.py::test_case_11 - TypeError: '&lt;=' not suppor...
FAILED MIO-MOSA/test_stack4_MIO.py::test_case_12 - TypeError: '&lt;=' not suppor...
FAILED MIO-MOSA/test_stack4_MIO.py::test_case_14 - TypeError: '&lt;=' not suppor...
FAILED MIO-MOSA/test_stack4_MOSA.py::test_case_3 - TypeError: '&lt;=' not suppor...
FAILED MIO-MOSA/test_stack4_MOSA.py::test_case_4 - TypeError: '&lt;=' not suppor...
FAILED MIO-MOSA/test_stack4_MOSA.py::test_case_5 - TypeError: '&lt;=' not suppor...
FAILED MIO-MOSA/test_stack4_MOSA.py::test_case_14 - TypeError: '&lt;=' not suppo...
FAILED MIO-MOSA/test_stack4_MOSA.py::test_case_15 - TypeError: '&lt;=' not suppo...
========================= 9 failed, 28 passed in 0.06s =========================
</pre></div></div></div></div></div><div class="mb-1" id="job_list___sub_accordion_41"><div class="card"><a data-toggle="collapse" data-target="#job_list___sub_collapse_41_1" aria-expanded="false" aria-controls="job_list___sub_collapse_41_1" href="#" class="job_list___sub_multi_heading"><div role="alert" class="card-header alert-success" id="job_list___sub_heading_41_1"><button class="btn btn-outline-success"><span class="job_id">41 : Job ID 8c54415000b3459ab6a9d2a7a7aa519a</span></button></div></a><div aria-labelledby="job_list___sub_heading_41_1" data-parent="#job_list___sub_accordion_41" class="collapse job_list___sub_multi_collapse" id="job_list___sub_collapse_41_1"><div class="card-body"><div class="work-item"><div class="alert alert-success test-outcome" role="alert"><p>worker outcome: normal</p><p>test outcome: killed</p></div></div><pre class="location"><a href="pycharm://open?file=stack4.py&amp;line=70" class="text-secondary"><button class="btn btn-outline-dark">stack4.py, start pos: (70, 24), end pos: (70, 26)</button></a></pre><pre>operator: core/ReplaceComparisonOperator_Is_Gt, occurrence: 0</pre><div class="alert alert-secondary"><pre class="diff">--- mutation diff ---
--- astack4.py
+++ bstack4.py
@@ -67,7 +67,7 @@
     def remove(self, val):
         """Remove node from list if exists."""
         curr = self.head
-        if curr and val is self.head.data:
+        if curr and val &gt; self.head.data:
             self.head = self.head.next
             self._length -= 1
         while curr:</pre></div><div class="alert alert-secondary"><pre class="diff">============================= test session starts ==============================
platform linux -- Python 3.10.10, pytest-7.2.1, pluggy-1.0.0
rootdir: /home/auri/temp/lucca/python_experiments/stack4
collected 37 items

MIO-MOSA/test_stack4_MIO.py ..........FFF.F.....                         [ 54%]
MIO-MOSA/test_stack4_MOSA.py ...FFF........FFF                           [100%]

=========================== short test summary info ============================
FAILED MIO-MOSA/test_stack4_MIO.py::test_case_10 - TypeError: '&gt;' not support...
FAILED MIO-MOSA/test_stack4_MIO.py::test_case_11 - TypeError: '&gt;' not support...
FAILED MIO-MOSA/test_stack4_MIO.py::test_case_12 - TypeError: '&gt;' not support...
FAILED MIO-MOSA/test_stack4_MIO.py::test_case_14 - TypeError: '&gt;' not support...
FAILED MIO-MOSA/test_stack4_MOSA.py::test_case_3 - TypeError: '&gt;' not support...
FAILED MIO-MOSA/test_stack4_MOSA.py::test_case_4 - TypeError: '&gt;' not support...
FAILED MIO-MOSA/test_stack4_MOSA.py::test_case_5 - TypeError: '&gt;' not support...
FAILED MIO-MOSA/test_stack4_MOSA.py::test_case_14 - TypeError: '&gt;' not suppor...
FAILED MIO-MOSA/test_stack4_MOSA.py::test_case_15 - TypeError: '&gt;' not suppor...
FAILED MIO-MOSA/test_stack4_MOSA.py::test_case_16 - TypeError: '&gt;' not suppor...
======================== 10 failed, 27 passed in 0.07s =========================
</pre></div></div></div></div></div><div class="mb-1" id="job_list___sub_accordion_42"><div class="card"><a data-toggle="collapse" data-target="#job_list___sub_collapse_42_1" aria-expanded="false" aria-controls="job_list___sub_collapse_42_1" href="#" class="job_list___sub_multi_heading"><div role="alert" class="card-header alert-success" id="job_list___sub_heading_42_1"><button class="btn btn-outline-success"><span class="job_id">42 : Job ID 8b2fdc10a8e34c4dbeceff6d40fe9a61</span></button></div></a><div aria-labelledby="job_list___sub_heading_42_1" data-parent="#job_list___sub_accordion_42" class="collapse job_list___sub_multi_collapse" id="job_list___sub_collapse_42_1"><div class="card-body"><div class="work-item"><div class="alert alert-success test-outcome" role="alert"><p>worker outcome: normal</p><p>test outcome: killed</p></div></div><pre class="location"><a href="pycharm://open?file=stack4.py&amp;line=70" class="text-secondary"><button class="btn btn-outline-dark">stack4.py, start pos: (70, 24), end pos: (70, 26)</button></a></pre><pre>operator: core/ReplaceComparisonOperator_Is_GtE, occurrence: 0</pre><div class="alert alert-secondary"><pre class="diff">--- mutation diff ---
--- astack4.py
+++ bstack4.py
@@ -67,7 +67,7 @@
     def remove(self, val):
         """Remove node from list if exists."""
         curr = self.head
-        if curr and val is self.head.data:
+        if curr and val &gt;= self.head.data:
             self.head = self.head.next
             self._length -= 1
         while curr:</pre></div><div class="alert alert-secondary"><pre class="diff">============================= test session starts ==============================
platform linux -- Python 3.10.10, pytest-7.2.1, pluggy-1.0.0
rootdir: /home/auri/temp/lucca/python_experiments/stack4
collected 37 items

MIO-MOSA/test_stack4_MIO.py ..........FFF.F.....                         [ 54%]
MIO-MOSA/test_stack4_MOSA.py ...FFF........FF.                           [100%]

=========================== short test summary info ============================
FAILED MIO-MOSA/test_stack4_MIO.py::test_case_10 - TypeError: '&gt;=' not suppor...
FAILED MIO-MOSA/test_stack4_MIO.py::test_case_11 - TypeError: '&gt;=' not suppor...
FAILED MIO-MOSA/test_stack4_MIO.py::test_case_12 - TypeError: '&gt;=' not suppor...
FAILED MIO-MOSA/test_stack4_MIO.py::test_case_14 - TypeError: '&gt;=' not suppor...
FAILED MIO-MOSA/test_stack4_MOSA.py::test_case_3 - TypeError: '&gt;=' not suppor...
FAILED MIO-MOSA/test_stack4_MOSA.py::test_case_4 - TypeError: '&gt;=' not suppor...
FAILED MIO-MOSA/test_stack4_MOSA.py::test_case_5 - TypeError: '&gt;=' not suppor...
FAILED MIO-MOSA/test_stack4_MOSA.py::test_case_14 - TypeError: '&gt;=' not suppo...
FAILED MIO-MOSA/test_stack4_MOSA.py::test_case_15 - TypeError: '&gt;=' not suppo...
========================= 9 failed, 28 passed in 0.06s =========================
</pre></div></div></div></div></div><div class="mb-1" id="job_list___sub_accordion_43"><div class="card"><a data-toggle="collapse" data-target="#job_list___sub_collapse_43_1" aria-expanded="false" aria-controls="job_list___sub_collapse_43_1" href="#" class="job_list___sub_multi_heading"><div role="alert" class="card-header alert-success" id="job_list___sub_heading_43_1"><button class="btn btn-outline-success"><span class="job_id">43 : Job ID cd6ac4fef4b1432dbb2921dc449ac49d</span></button></div></a><div aria-labelledby="job_list___sub_heading_43_1" data-parent="#job_list___sub_accordion_43" class="collapse job_list___sub_multi_collapse" id="job_list___sub_collapse_43_1"><div class="card-body"><div class="work-item"><div class="alert alert-success test-outcome" role="alert"><p>worker outcome: normal</p><p>test outcome: killed</p></div></div><pre class="location"><a href="pycharm://open?file=stack4.py&amp;line=70" class="text-secondary"><button class="btn btn-outline-dark">stack4.py, start pos: (70, 24), end pos: (70, 26)</button></a></pre><pre>operator: core/ReplaceComparisonOperator_Is_IsNot, occurrence: 0</pre><div class="alert alert-secondary"><pre class="diff">--- mutation diff ---
--- astack4.py
+++ bstack4.py
@@ -67,7 +67,7 @@
     def remove(self, val):
         """Remove node from list if exists."""
         curr = self.head
-        if curr and val is self.head.data:
+        if curr and val is not self.head.data:
             self.head = self.head.next
             self._length -= 1
         while curr:</pre></div><div class="alert alert-secondary"><pre class="diff">============================= test session starts ==============================
platform linux -- Python 3.10.10, pytest-7.2.1, pluggy-1.0.0
rootdir: /home/auri/temp/lucca/python_experiments/stack4
collected 37 items

MIO-MOSA/test_stack4_MIO.py ............F.......                         [ 54%]
MIO-MOSA/test_stack4_MOSA.py ...F.............                           [100%]

=========================== short test summary info ============================
FAILED MIO-MOSA/test_stack4_MIO.py::test_case_12 - assert &lt;stack4.Node object...
FAILED MIO-MOSA/test_stack4_MOSA.py::test_case_3 - AssertionError: assert 'O'...
========================= 2 failed, 35 passed in 0.06s =========================
</pre></div></div></div></div></div><div class="mb-1" id="job_list___sub_accordion_44"><div class="card"><a data-toggle="collapse" data-target="#job_list___sub_collapse_44_1" aria-expanded="false" aria-controls="job_list___sub_collapse_44_1" href="#" class="job_list___sub_multi_heading"><div role="alert" class="card-header alert-success" id="job_list___sub_heading_44_1"><button class="btn btn-outline-success"><span class="job_id">44 : Job ID f7ad475a653b471bb1646c9c6ee92568</span></button></div></a><div aria-labelledby="job_list___sub_heading_44_1" data-parent="#job_list___sub_accordion_44" class="collapse job_list___sub_multi_collapse" id="job_list___sub_collapse_44_1"><div class="card-body"><div class="work-item"><div class="alert alert-success test-outcome" role="alert"><p>worker outcome: normal</p><p>test outcome: killed</p></div></div><pre class="location"><a href="pycharm://open?file=stack4.py&amp;line=86" class="text-secondary"><button class="btn btn-outline-dark">stack4.py, start pos: (86, 24), end pos: (86, 25)</button></a></pre><pre>operator: core/ReplaceUnaryOperator_USub_UAdd, occurrence: 0</pre><div class="alert alert-secondary"><pre class="diff">--- mutation diff ---
--- astack4.py
+++ bstack4.py
@@ -83,7 +83,7 @@
         while curr:
             display += str(curr.data) + ', '
             curr = curr.next
-        return display[:-2] + ')'
+        return display[:+2] + ')'
 
 
 class Stack(object):</pre></div><div class="alert alert-secondary"><pre class="diff">============================= test session starts ==============================
platform linux -- Python 3.10.10, pytest-7.2.1, pluggy-1.0.0
rootdir: /home/auri/temp/lucca/python_experiments/stack4
collected 37 items

MIO-MOSA/test_stack4_MIO.py ...............F.F..                         [ 54%]
MIO-MOSA/test_stack4_MOSA.py .F.FFF...FF......                           [100%]

=========================== short test summary info ============================
FAILED MIO-MOSA/test_stack4_MIO.py::test_case_15 - AssertionError: assert '(v...
FAILED MIO-MOSA/test_stack4_MIO.py::test_case_17 - AssertionError: assert '()...
FAILED MIO-MOSA/test_stack4_MOSA.py::test_case_1 - AssertionError: assert '(T...
FAILED MIO-MOSA/test_stack4_MOSA.py::test_case_3 - AssertionError: assert '(+...
FAILED MIO-MOSA/test_stack4_MOSA.py::test_case_4 - AssertionError: assert '(+...
FAILED MIO-MOSA/test_stack4_MOSA.py::test_case_5 - AssertionError: assert '(+...
FAILED MIO-MOSA/test_stack4_MOSA.py::test_case_9 - AssertionError: assert '(+...
FAILED MIO-MOSA/test_stack4_MOSA.py::test_case_10 - AssertionError: assert '(...
========================= 8 failed, 29 passed in 0.06s =========================
</pre></div></div></div></div></div><div class="mb-1" id="job_list___sub_accordion_45"><div class="card"><a data-toggle="collapse" data-target="#job_list___sub_collapse_45_1" aria-expanded="false" aria-controls="job_list___sub_collapse_45_1" href="#" class="job_list___sub_multi_heading"><div role="alert" class="card-header alert-success" id="job_list___sub_heading_45_1"><button class="btn btn-outline-success"><span class="job_id">45 : Job ID b654b3e405fb410e8bdaf73de62334db</span></button></div></a><div aria-labelledby="job_list___sub_heading_45_1" data-parent="#job_list___sub_accordion_45" class="collapse job_list___sub_multi_collapse" id="job_list___sub_collapse_45_1"><div class="card-body"><div class="work-item"><div class="alert alert-success test-outcome" role="alert"><p>worker outcome: normal</p><p>test outcome: killed</p></div></div><pre class="location"><a href="pycharm://open?file=stack4.py&amp;line=86" class="text-secondary"><button class="btn btn-outline-dark">stack4.py, start pos: (86, 24), end pos: (86, 25)</button></a></pre><pre>operator: core/ReplaceUnaryOperator_USub_Invert, occurrence: 0</pre><div class="alert alert-secondary"><pre class="diff">--- mutation diff ---
--- astack4.py
+++ bstack4.py
@@ -83,7 +83,7 @@
         while curr:
             display += str(curr.data) + ', '
             curr = curr.next
-        return display[:-2] + ')'
+        return display[:~2] + ')'
 
 
 class Stack(object):</pre></div><div class="alert alert-secondary"><pre class="diff">============================= test session starts ==============================
platform linux -- Python 3.10.10, pytest-7.2.1, pluggy-1.0.0
rootdir: /home/auri/temp/lucca/python_experiments/stack4
collected 37 items

MIO-MOSA/test_stack4_MIO.py ...............F....                         [ 54%]
MIO-MOSA/test_stack4_MOSA.py .F.FFF...F.......                           [100%]

=========================== short test summary info ============================
FAILED MIO-MOSA/test_stack4_MIO.py::test_case_15 - AssertionError: assert '(v...
FAILED MIO-MOSA/test_stack4_MOSA.py::test_case_1 - AssertionError: assert '(T...
FAILED MIO-MOSA/test_stack4_MOSA.py::test_case_3 - AssertionError: assert '(+...
FAILED MIO-MOSA/test_stack4_MOSA.py::test_case_4 - AssertionError: assert '(+...
FAILED MIO-MOSA/test_stack4_MOSA.py::test_case_5 - AssertionError: assert '(+...
FAILED MIO-MOSA/test_stack4_MOSA.py::test_case_9 - AssertionError: assert '(+...
========================= 6 failed, 31 passed in 0.07s =========================
</pre></div></div></div></div></div><div class="mb-1" id="job_list___sub_accordion_46"><div class="card"><a data-toggle="collapse" data-target="#job_list___sub_collapse_46_1" aria-expanded="false" aria-controls="job_list___sub_collapse_46_1" href="#" class="job_list___sub_multi_heading"><div role="alert" class="card-header alert-success" id="job_list___sub_heading_46_1"><button class="btn btn-outline-success"><span class="job_id">46 : Job ID 396721bb80f44148bdaf950a0f4be80d</span></button></div></a><div aria-labelledby="job_list___sub_heading_46_1" data-parent="#job_list___sub_accordion_46" class="collapse job_list___sub_multi_collapse" id="job_list___sub_collapse_46_1"><div class="card-body"><div class="work-item"><div class="alert alert-success test-outcome" role="alert"><p>worker outcome: normal</p><p>test outcome: killed</p></div></div><pre class="location"><a href="pycharm://open?file=stack4.py&amp;line=86" class="text-secondary"><button class="btn btn-outline-dark">stack4.py, start pos: (86, 24), end pos: (86, 25)</button></a></pre><pre>operator: core/ReplaceUnaryOperator_USub_Not, occurrence: 0</pre><div class="alert alert-secondary"><pre class="diff">--- mutation diff ---
--- astack4.py
+++ bstack4.py
@@ -83,7 +83,7 @@
         while curr:
             display += str(curr.data) + ', '
             curr = curr.next
-        return display[:-2] + ')'
+        return display[:not 2] + ')'
 
 
 class Stack(object):</pre></div><div class="alert alert-secondary"><pre class="diff">============================= test session starts ==============================
platform linux -- Python 3.10.10, pytest-7.2.1, pluggy-1.0.0
rootdir: /home/auri/temp/lucca/python_experiments/stack4
collected 37 items

MIO-MOSA/test_stack4_MIO.py ...............F....                         [ 54%]
MIO-MOSA/test_stack4_MOSA.py .F.FFF...F.......                           [100%]

=========================== short test summary info ============================
FAILED MIO-MOSA/test_stack4_MIO.py::test_case_15 - AssertionError: assert ')'...
FAILED MIO-MOSA/test_stack4_MOSA.py::test_case_1 - AssertionError: assert ')'...
FAILED MIO-MOSA/test_stack4_MOSA.py::test_case_3 - AssertionError: assert ')'...
FAILED MIO-MOSA/test_stack4_MOSA.py::test_case_4 - AssertionError: assert ')'...
FAILED MIO-MOSA/test_stack4_MOSA.py::test_case_5 - AssertionError: assert ')'...
FAILED MIO-MOSA/test_stack4_MOSA.py::test_case_9 - AssertionError: assert ')'...
========================= 6 failed, 31 passed in 0.06s =========================
</pre></div></div></div></div></div><div class="mb-1" id="job_list___sub_accordion_47"><div class="card"><a data-toggle="collapse" data-target="#job_list___sub_collapse_47_1" aria-expanded="false" aria-controls="job_list___sub_collapse_47_1" href="#" class="job_list___sub_multi_heading"><div role="alert" class="card-header alert-success" id="job_list___sub_heading_47_1"><button class="btn btn-outline-success"><span class="job_id">47 : Job ID 0129827bd3de4bef9d0b7e05ad520c69</span></button></div></a><div aria-labelledby="job_list___sub_heading_47_1" data-parent="#job_list___sub_accordion_47" class="collapse job_list___sub_multi_collapse" id="job_list___sub_collapse_47_1"><div class="card-body"><div class="work-item"><div class="alert alert-success test-outcome" role="alert"><p>worker outcome: normal</p><p>test outcome: killed</p></div></div><pre class="location"><a href="pycharm://open?file=stack4.py&amp;line=86" class="text-secondary"><button class="btn btn-outline-dark">stack4.py, start pos: (86, 24), end pos: (86, 25)</button></a></pre><pre>operator: core/ReplaceUnaryOperator_Delete_USub, occurrence: 0</pre><div class="alert alert-secondary"><pre class="diff">--- mutation diff ---
--- astack4.py
+++ bstack4.py
@@ -83,7 +83,7 @@
         while curr:
             display += str(curr.data) + ', '
             curr = curr.next
-        return display[:-2] + ')'
+        return display[:2] + ')'
 
 
 class Stack(object):</pre></div><div class="alert alert-secondary"><pre class="diff">============================= test session starts ==============================
platform linux -- Python 3.10.10, pytest-7.2.1, pluggy-1.0.0
rootdir: /home/auri/temp/lucca/python_experiments/stack4
collected 37 items

MIO-MOSA/test_stack4_MIO.py ...............F.F..                         [ 54%]
MIO-MOSA/test_stack4_MOSA.py .F.FFF...FF......                           [100%]

=========================== short test summary info ============================
FAILED MIO-MOSA/test_stack4_MIO.py::test_case_15 - AssertionError: assert '(v...
FAILED MIO-MOSA/test_stack4_MIO.py::test_case_17 - AssertionError: assert '()...
FAILED MIO-MOSA/test_stack4_MOSA.py::test_case_1 - AssertionError: assert '(T...
FAILED MIO-MOSA/test_stack4_MOSA.py::test_case_3 - AssertionError: assert '(+...
FAILED MIO-MOSA/test_stack4_MOSA.py::test_case_4 - AssertionError: assert '(+...
FAILED MIO-MOSA/test_stack4_MOSA.py::test_case_5 - AssertionError: assert '(+...
FAILED MIO-MOSA/test_stack4_MOSA.py::test_case_9 - AssertionError: assert '(+...
FAILED MIO-MOSA/test_stack4_MOSA.py::test_case_10 - AssertionError: assert '(...
========================= 8 failed, 29 passed in 0.07s =========================
</pre></div></div></div></div></div><div class="mb-1" id="job_list___sub_accordion_48"><div class="card"><a data-toggle="collapse" data-target="#job_list___sub_collapse_48_1" aria-expanded="false" aria-controls="job_list___sub_collapse_48_1" href="#" class="job_list___sub_multi_heading"><div role="alert" class="card-header alert-success" id="job_list___sub_heading_48_1"><button class="btn btn-outline-success"><span class="job_id">48 : Job ID 42d069d37d9b4655b27d85fef7de7777</span></button></div></a><div aria-labelledby="job_list___sub_heading_48_1" data-parent="#job_list___sub_accordion_48" class="collapse job_list___sub_multi_collapse" id="job_list___sub_collapse_48_1"><div class="card-body"><div class="work-item"><div class="alert alert-success test-outcome" role="alert"><p>worker outcome: normal</p><p>test outcome: killed</p></div></div><pre class="location"><a href="pycharm://open?file=stack4.py&amp;line=48" class="text-secondary"><button class="btn btn-outline-dark">stack4.py, start pos: (48, 11), end pos: (48, 14)</button></a></pre><pre>operator: core/ReplaceUnaryOperator_Delete_Not, occurrence: 0</pre><div class="alert alert-secondary"><pre class="diff">--- mutation diff ---
--- astack4.py
+++ bstack4.py
@@ -45,7 +45,7 @@
 
     def pop(self):
         """Remove the first value and return it."""
-        if not self.head:
+        if  self.head:
             raise IndexError('Cannot pop from an empty list')
         to_return = self.head
         self.head = self.head.next</pre></div><div class="alert alert-secondary"><pre class="diff">============================= test session starts ==============================
platform linux -- Python 3.10.10, pytest-7.2.1, pluggy-1.0.0
rootdir: /home/auri/temp/lucca/python_experiments/stack4
collected 37 items

MIO-MOSA/test_stack4_MIO.py ....F...............                         [ 54%]
MIO-MOSA/test_stack4_MOSA.py ...F...........F.                           [100%]

=========================== short test summary info ============================
FAILED MIO-MOSA/test_stack4_MIO.py::test_case_4 - IndexError: Cannot pop from...
FAILED MIO-MOSA/test_stack4_MOSA.py::test_case_3 - IndexError: Cannot pop fro...
FAILED MIO-MOSA/test_stack4_MOSA.py::test_case_15 - IndexError: Cannot pop fr...
========================= 3 failed, 34 passed in 0.06s =========================
</pre></div></div></div></div></div><div class="mb-1" id="job_list___sub_accordion_49"><div class="card"><a data-toggle="collapse" data-target="#job_list___sub_collapse_49_1" aria-expanded="false" aria-controls="job_list___sub_collapse_49_1" href="#" class="job_list___sub_multi_heading"><div role="alert" class="card-header alert-success" id="job_list___sub_heading_49_1"><button class="btn btn-outline-success"><span class="job_id">49 : Job ID 86ad894866ca4c18a0faeac5733f752a</span></button></div></a><div aria-labelledby="job_list___sub_heading_49_1" data-parent="#job_list___sub_accordion_49" class="collapse job_list___sub_multi_collapse" id="job_list___sub_collapse_49_1"><div class="card-body"><div class="work-item"><div class="alert alert-success test-outcome" role="alert"><p>worker outcome: normal</p><p>test outcome: killed</p></div></div><pre class="location"><a href="pycharm://open?file=stack4.py&amp;line=37" class="text-secondary"><button class="btn btn-outline-dark">stack4.py, start pos: (37, 15), end pos: (37, 19)</button></a></pre><pre>operator: core/AddNot, occurrence: 0</pre><div class="alert alert-secondary"><pre class="diff">--- mutation diff ---
--- astack4.py
+++ bstack4.py
@@ -34,7 +34,7 @@
             for val in data:
                 self.push(val)
         except TypeError:
-            if data:
+            if not data:
                 self.push(data)
 
     def push(self, val):</pre></div><div class="alert alert-secondary"><pre class="diff">============================= test session starts ==============================
platform linux -- Python 3.10.10, pytest-7.2.1, pluggy-1.0.0
rootdir: /home/auri/temp/lucca/python_experiments/stack4
collected 37 items

MIO-MOSA/test_stack4_MIO.py ..F...FF.FFFFFF.FF.F                         [ 54%]
MIO-MOSA/test_stack4_MOSA.py FFF...FFF.F.F....                           [100%]

=========================== short test summary info ============================
FAILED MIO-MOSA/test_stack4_MIO.py::test_case_2 - AssertionError: assert 'bui...
FAILED MIO-MOSA/test_stack4_MIO.py::test_case_6 - assert &lt;stack4.Node object ...
FAILED MIO-MOSA/test_stack4_MIO.py::test_case_7 - assert &lt;stack4.Node object ...
FAILED MIO-MOSA/test_stack4_MIO.py::test_case_9 - assert &lt;stack4.Node object ...
FAILED MIO-MOSA/test_stack4_MIO.py::test_case_10 - assert &lt;stack4.Node object...
FAILED MIO-MOSA/test_stack4_MIO.py::test_case_11 - assert &lt;stack4.Node object...
FAILED MIO-MOSA/test_stack4_MIO.py::test_case_12 - assert &lt;stack4.Node object...
FAILED MIO-MOSA/test_stack4_MIO.py::test_case_13 - assert &lt;stack4.Node object...
FAILED MIO-MOSA/test_stack4_MIO.py::test_case_14 - assert &lt;stack4.Node object...
FAILED MIO-MOSA/test_stack4_MIO.py::test_case_16 - AssertionError: assert 'bu...
FAILED MIO-MOSA/test_stack4_MIO.py::test_case_17 - assert &lt;stack4.Node object...
FAILED MIO-MOSA/test_stack4_MIO.py::test_case_19 - assert &lt;stack4.Node object...
FAILED MIO-MOSA/test_stack4_MOSA.py::test_case_0 - assert &lt;stack4.Node object...
FAILED MIO-MOSA/test_stack4_MOSA.py::test_case_1 - AssertionError: assert 'bu...
FAILED MIO-MOSA/test_stack4_MOSA.py::test_case_2 - assert &lt;stack4.Node object...
FAILED MIO-MOSA/test_stack4_MOSA.py::test_case_6 - assert &lt;stack4.Node object...
FAILED MIO-MOSA/test_stack4_MOSA.py::test_case_7 - assert &lt;stack4.Node object...
FAILED MIO-MOSA/test_stack4_MOSA.py::test_case_8 - assert &lt;stack4.Node object...
FAILED MIO-MOSA/test_stack4_MOSA.py::test_case_10 - assert &lt;stack4.Node objec...
FAILED MIO-MOSA/test_stack4_MOSA.py::test_case_12 - assert &lt;stack4.Node objec...
======================== 20 failed, 17 passed in 0.08s =========================
</pre></div></div></div></div></div><div class="mb-1" id="job_list___sub_accordion_50"><div class="card"><a data-toggle="collapse" data-target="#job_list___sub_collapse_50_1" aria-expanded="false" aria-controls="job_list___sub_collapse_50_1" href="#" class="job_list___sub_multi_heading"><div role="alert" class="card-header alert-success" id="job_list___sub_heading_50_1"><button class="btn btn-outline-success"><span class="job_id">50 : Job ID 719736f8e4d5470cb9363f9d48c32dac</span></button></div></a><div aria-labelledby="job_list___sub_heading_50_1" data-parent="#job_list___sub_accordion_50" class="collapse job_list___sub_multi_collapse" id="job_list___sub_collapse_50_1"><div class="card-body"><div class="work-item"><div class="alert alert-success test-outcome" role="alert"><p>worker outcome: normal</p><p>test outcome: killed</p></div></div><pre class="location"><a href="pycharm://open?file=stack4.py&amp;line=48" class="text-secondary"><button class="btn btn-outline-dark">stack4.py, start pos: (48, 11), end pos: (48, 24)</button></a></pre><pre>operator: core/AddNot, occurrence: 1</pre><div class="alert alert-secondary"><pre class="diff">--- mutation diff ---
--- astack4.py
+++ bstack4.py
@@ -45,7 +45,7 @@
 
     def pop(self):
         """Remove the first value and return it."""
-        if not self.head:
+        if not not self.head:
             raise IndexError('Cannot pop from an empty list')
         to_return = self.head
         self.head = self.head.next</pre></div><div class="alert alert-secondary"><pre class="diff">============================= test session starts ==============================
platform linux -- Python 3.10.10, pytest-7.2.1, pluggy-1.0.0
rootdir: /home/auri/temp/lucca/python_experiments/stack4
collected 37 items

MIO-MOSA/test_stack4_MIO.py ....F...............                         [ 54%]
MIO-MOSA/test_stack4_MOSA.py ...F...........F.                           [100%]

=========================== short test summary info ============================
FAILED MIO-MOSA/test_stack4_MIO.py::test_case_4 - IndexError: Cannot pop from...
FAILED MIO-MOSA/test_stack4_MOSA.py::test_case_3 - IndexError: Cannot pop fro...
FAILED MIO-MOSA/test_stack4_MOSA.py::test_case_15 - IndexError: Cannot pop fr...
========================= 3 failed, 34 passed in 0.06s =========================
</pre></div></div></div></div></div><div class="mb-1" id="job_list___sub_accordion_51"><div class="card"><a data-toggle="collapse" data-target="#job_list___sub_collapse_51_1" aria-expanded="false" aria-controls="job_list___sub_collapse_51_1" href="#" class="job_list___sub_multi_heading"><div role="alert" class="card-header alert-success" id="job_list___sub_heading_51_1"><button class="btn btn-outline-success"><span class="job_id">51 : Job ID 90c260d6540e4b53a16c04b433f481f3</span></button></div></a><div aria-labelledby="job_list___sub_heading_51_1" data-parent="#job_list___sub_accordion_51" class="collapse job_list___sub_multi_collapse" id="job_list___sub_collapse_51_1"><div class="card-body"><div class="work-item"><div class="alert alert-success test-outcome" role="alert"><p>worker outcome: normal</p><p>test outcome: killed</p></div></div><pre class="location"><a href="pycharm://open?file=stack4.py&amp;line=62" class="text-secondary"><button class="btn btn-outline-dark">stack4.py, start pos: (62, 14), end pos: (62, 18)</button></a></pre><pre>operator: core/AddNot, occurrence: 2</pre><div class="alert alert-secondary"><pre class="diff">--- mutation diff ---
--- astack4.py
+++ bstack4.py
@@ -59,7 +59,7 @@
     def search(self, val):
         """Return the node containing val."""
         curr = self.head
-        while curr:
+        while not curr:
             if curr.data == val:
                 return curr
             curr = curr.next</pre></div><div class="alert alert-secondary"><pre class="diff">============================= test session starts ==============================
platform linux -- Python 3.10.10, pytest-7.2.1, pluggy-1.0.0
rootdir: /home/auri/temp/lucca/python_experiments/stack4
collected 37 items

MIO-MOSA/test_stack4_MIO.py ......F..F..........                         [ 54%]
MIO-MOSA/test_stack4_MOSA.py ......FF.........                           [100%]

=========================== short test summary info ============================
FAILED MIO-MOSA/test_stack4_MIO.py::test_case_6 - AssertionError: assert 'bui...
FAILED MIO-MOSA/test_stack4_MIO.py::test_case_9 - AttributeError: 'NoneType' ...
FAILED MIO-MOSA/test_stack4_MOSA.py::test_case_6 - AssertionError: assert 'bu...
FAILED MIO-MOSA/test_stack4_MOSA.py::test_case_7 - AttributeError: 'NoneType'...
========================= 4 failed, 33 passed in 0.06s =========================
</pre></div></div></div></div></div><div class="mb-1" id="job_list___sub_accordion_52"><div class="card"><a data-toggle="collapse" data-target="#job_list___sub_collapse_52_1" aria-expanded="false" aria-controls="job_list___sub_collapse_52_1" href="#" class="job_list___sub_multi_heading"><div role="alert" class="card-header alert-success" id="job_list___sub_heading_52_1"><button class="btn btn-outline-success"><span class="job_id">52 : Job ID 2d31845cfdff4f819257d90e81dc1f2b</span></button></div></a><div aria-labelledby="job_list___sub_heading_52_1" data-parent="#job_list___sub_accordion_52" class="collapse job_list___sub_multi_collapse" id="job_list___sub_collapse_52_1"><div class="card-body"><div class="work-item"><div class="alert alert-success test-outcome" role="alert"><p>worker outcome: normal</p><p>test outcome: killed</p></div></div><pre class="location"><a href="pycharm://open?file=stack4.py&amp;line=63" class="text-secondary"><button class="btn btn-outline-dark">stack4.py, start pos: (63, 15), end pos: (63, 31)</button></a></pre><pre>operator: core/AddNot, occurrence: 3</pre><div class="alert alert-secondary"><pre class="diff">--- mutation diff ---
--- astack4.py
+++ bstack4.py
@@ -60,7 +60,7 @@
         """Return the node containing val."""
         curr = self.head
         while curr:
-            if curr.data == val:
+            if not curr.data == val:
                 return curr
             curr = curr.next
 </pre></div><div class="alert alert-secondary"><pre class="diff">============================= test session starts ==============================
platform linux -- Python 3.10.10, pytest-7.2.1, pluggy-1.0.0
rootdir: /home/auri/temp/lucca/python_experiments/stack4
collected 37 items

MIO-MOSA/test_stack4_MIO.py ......F.............                         [ 54%]
MIO-MOSA/test_stack4_MOSA.py ......F..........                           [100%]

=========================== short test summary info ============================
FAILED MIO-MOSA/test_stack4_MIO.py::test_case_6 - AssertionError: assert 'bui...
FAILED MIO-MOSA/test_stack4_MOSA.py::test_case_6 - AssertionError: assert 'bu...
========================= 2 failed, 35 passed in 0.06s =========================
</pre></div></div></div></div></div><div class="mb-1" id="job_list___sub_accordion_53"><div class="card"><a data-toggle="collapse" data-target="#job_list___sub_collapse_53_1" aria-expanded="false" aria-controls="job_list___sub_collapse_53_1" href="#" class="job_list___sub_multi_heading"><div role="alert" class="card-header alert-success" id="job_list___sub_heading_53_1"><button class="btn btn-outline-success"><span class="job_id">53 : Job ID 21e8d0fd343d497aa47d4e2b4f213199</span></button></div></a><div aria-labelledby="job_list___sub_heading_53_1" data-parent="#job_list___sub_accordion_53" class="collapse job_list___sub_multi_collapse" id="job_list___sub_collapse_53_1"><div class="card-body"><div class="work-item"><div class="alert alert-success test-outcome" role="alert"><p>worker outcome: normal</p><p>test outcome: killed</p></div></div><pre class="location"><a href="pycharm://open?file=stack4.py&amp;line=70" class="text-secondary"><button class="btn btn-outline-dark">stack4.py, start pos: (70, 11), end pos: (70, 41)</button></a></pre><pre>operator: core/AddNot, occurrence: 4</pre><div class="alert alert-secondary"><pre class="diff">--- mutation diff ---
--- astack4.py
+++ bstack4.py
@@ -67,7 +67,7 @@
     def remove(self, val):
         """Remove node from list if exists."""
         curr = self.head
-        if curr and val is self.head.data:
+        if not curr and val is self.head.data:
             self.head = self.head.next
             self._length -= 1
         while curr:</pre></div><div class="alert alert-secondary"><pre class="diff">============================= test session starts ==============================
platform linux -- Python 3.10.10, pytest-7.2.1, pluggy-1.0.0
rootdir: /home/auri/temp/lucca/python_experiments/stack4
collected 37 items

MIO-MOSA/test_stack4_MIO.py ............FF......                         [ 54%]
MIO-MOSA/test_stack4_MOSA.py .......FF...F....                           [100%]

=========================== short test summary info ============================
FAILED MIO-MOSA/test_stack4_MIO.py::test_case_12 - assert &lt;stack4.Node object...
FAILED MIO-MOSA/test_stack4_MIO.py::test_case_13 - AttributeError: 'NoneType'...
FAILED MIO-MOSA/test_stack4_MOSA.py::test_case_7 - AttributeError: 'NoneType'...
FAILED MIO-MOSA/test_stack4_MOSA.py::test_case_8 - AttributeError: 'NoneType'...
FAILED MIO-MOSA/test_stack4_MOSA.py::test_case_12 - AttributeError: 'NoneType...
========================= 5 failed, 32 passed in 0.06s =========================
</pre></div></div></div></div></div><div class="mb-1" id="job_list___sub_accordion_54"><div class="card"><a data-toggle="collapse" data-target="#job_list___sub_collapse_54_1" aria-expanded="false" aria-controls="job_list___sub_collapse_54_1" href="#" class="job_list___sub_multi_heading"><div role="alert" class="card-header alert-success" id="job_list___sub_heading_54_1"><button class="btn btn-outline-success"><span class="job_id">54 : Job ID 304d1ecc82144920b38ea328f9ca1439</span></button></div></a><div aria-labelledby="job_list___sub_heading_54_1" data-parent="#job_list___sub_accordion_54" class="collapse job_list___sub_multi_collapse" id="job_list___sub_collapse_54_1"><div class="card-body"><div class="work-item"><div class="alert alert-success test-outcome" role="alert"><p>worker outcome: normal</p><p>test outcome: killed</p></div></div><pre class="location"><a href="pycharm://open?file=stack4.py&amp;line=73" class="text-secondary"><button class="btn btn-outline-dark">stack4.py, start pos: (73, 14), end pos: (73, 18)</button></a></pre><pre>operator: core/AddNot, occurrence: 5</pre><div class="alert alert-secondary"><pre class="diff">--- mutation diff ---
--- astack4.py
+++ bstack4.py
@@ -70,7 +70,7 @@
         if curr and val is self.head.data:
             self.head = self.head.next
             self._length -= 1
-        while curr:
+        while not curr:
             if (curr.next and curr.next.data == val):
                 curr.next = curr.next.next
                 self._length -= 1</pre></div><div class="alert alert-secondary"><pre class="diff">============================= test session starts ==============================
platform linux -- Python 3.10.10, pytest-7.2.1, pluggy-1.0.0
rootdir: /home/auri/temp/lucca/python_experiments/stack4
collected 37 items

MIO-MOSA/test_stack4_MIO.py .............F......                         [ 54%]
MIO-MOSA/test_stack4_MOSA.py .......FF...F....                           [100%]

=========================== short test summary info ============================
FAILED MIO-MOSA/test_stack4_MIO.py::test_case_13 - AttributeError: 'NoneType'...
FAILED MIO-MOSA/test_stack4_MOSA.py::test_case_7 - AttributeError: 'NoneType'...
FAILED MIO-MOSA/test_stack4_MOSA.py::test_case_8 - AttributeError: 'NoneType'...
FAILED MIO-MOSA/test_stack4_MOSA.py::test_case_12 - AttributeError: 'NoneType...
========================= 4 failed, 33 passed in 0.06s =========================
</pre></div></div></div></div></div><div class="mb-1" id="job_list___sub_accordion_55"><div class="card"><a data-toggle="collapse" data-target="#job_list___sub_collapse_55_1" aria-expanded="false" aria-controls="job_list___sub_collapse_55_1" href="#" class="job_list___sub_multi_heading"><div role="alert" class="card-header alert-success" id="job_list___sub_heading_55_1"><button class="btn btn-outline-success"><span class="job_id">55 : Job ID 837e0c9c833b476f83fb2b4ab8b1ac02</span></button></div></a><div aria-labelledby="job_list___sub_heading_55_1" data-parent="#job_list___sub_accordion_55" class="collapse job_list___sub_multi_collapse" id="job_list___sub_collapse_55_1"><div class="card-body"><div class="work-item"><div class="alert alert-success test-outcome" role="alert"><p>worker outcome: normal</p><p>test outcome: killed</p></div></div><pre class="location"><a href="pycharm://open?file=stack4.py&amp;line=74" class="text-secondary"><button class="btn btn-outline-dark">stack4.py, start pos: (74, 15), end pos: (74, 52)</button></a></pre><pre>operator: core/AddNot, occurrence: 6</pre><div class="alert alert-secondary"><pre class="diff">--- mutation diff ---
--- astack4.py
+++ bstack4.py
@@ -71,7 +71,7 @@
             self.head = self.head.next
             self._length -= 1
         while curr:
-            if (curr.next and curr.next.data == val):
+            if not (curr.next and curr.next.data == val):
                 curr.next = curr.next.next
                 self._length -= 1
             curr = curr.next</pre></div><div class="alert alert-secondary"><pre class="diff">============================= test session starts ==============================
platform linux -- Python 3.10.10, pytest-7.2.1, pluggy-1.0.0
rootdir: /home/auri/temp/lucca/python_experiments/stack4
collected 37 items

MIO-MOSA/test_stack4_MIO.py ..........FFF.......                         [ 54%]
MIO-MOSA/test_stack4_MOSA.py ...FFF...F....F..                           [100%]

=========================== short test summary info ============================
FAILED MIO-MOSA/test_stack4_MIO.py::test_case_10 - AttributeError: 'NoneType'...
FAILED MIO-MOSA/test_stack4_MIO.py::test_case_11 - AttributeError: 'NoneType'...
FAILED MIO-MOSA/test_stack4_MIO.py::test_case_12 - AttributeError: 'NoneType'...
FAILED MIO-MOSA/test_stack4_MOSA.py::test_case_3 - AttributeError: 'NoneType'...
FAILED MIO-MOSA/test_stack4_MOSA.py::test_case_4 - AttributeError: 'NoneType'...
FAILED MIO-MOSA/test_stack4_MOSA.py::test_case_5 - AttributeError: 'NoneType'...
FAILED MIO-MOSA/test_stack4_MOSA.py::test_case_9 - AttributeError: 'NoneType'...
FAILED MIO-MOSA/test_stack4_MOSA.py::test_case_14 - AttributeError: 'NoneType...
========================= 8 failed, 29 passed in 0.07s =========================
</pre></div></div></div></div></div><div class="mb-1" id="job_list___sub_accordion_56"><div class="card"><a data-toggle="collapse" data-target="#job_list___sub_collapse_56_1" aria-expanded="false" aria-controls="job_list___sub_collapse_56_1" href="#" class="job_list___sub_multi_heading"><div role="alert" class="card-header alert-success" id="job_list___sub_heading_56_1"><button class="btn btn-outline-success"><span class="job_id">56 : Job ID e34a0d7cd2984098a9d50ade6b632f15</span></button></div></a><div aria-labelledby="job_list___sub_heading_56_1" data-parent="#job_list___sub_accordion_56" class="collapse job_list___sub_multi_collapse" id="job_list___sub_collapse_56_1"><div class="card-body"><div class="work-item"><div class="alert alert-success test-outcome" role="alert"><p>worker outcome: normal</p><p>test outcome: killed</p></div></div><pre class="location"><a href="pycharm://open?file=stack4.py&amp;line=83" class="text-secondary"><button class="btn btn-outline-dark">stack4.py, start pos: (83, 14), end pos: (83, 18)</button></a></pre><pre>operator: core/AddNot, occurrence: 7</pre><div class="alert alert-secondary"><pre class="diff">--- mutation diff ---
--- astack4.py
+++ bstack4.py
@@ -80,7 +80,7 @@
         """Display list as a tuple."""
         curr = self.head
         display = '('
-        while curr:
+        while not curr:
             display += str(curr.data) + ', '
             curr = curr.next
         return display[:-2] + ')'</pre></div><div class="alert alert-secondary"><pre class="diff">============================= test session starts ==============================
platform linux -- Python 3.10.10, pytest-7.2.1, pluggy-1.0.0
rootdir: /home/auri/temp/lucca/python_experiments/stack4
collected 37 items

MIO-MOSA/test_stack4_MIO.py ...............F.F..                         [ 54%]
MIO-MOSA/test_stack4_MOSA.py .F.FFF...FF......                           [100%]

=========================== short test summary info ============================
FAILED MIO-MOSA/test_stack4_MIO.py::test_case_15 - AssertionError: assert ')'...
FAILED MIO-MOSA/test_stack4_MIO.py::test_case_17 - AttributeError: 'NoneType'...
FAILED MIO-MOSA/test_stack4_MOSA.py::test_case_1 - AssertionError: assert ')'...
FAILED MIO-MOSA/test_stack4_MOSA.py::test_case_3 - AssertionError: assert ')'...
FAILED MIO-MOSA/test_stack4_MOSA.py::test_case_4 - AssertionError: assert ')'...
FAILED MIO-MOSA/test_stack4_MOSA.py::test_case_5 - AssertionError: assert ')'...
FAILED MIO-MOSA/test_stack4_MOSA.py::test_case_9 - AssertionError: assert ')'...
FAILED MIO-MOSA/test_stack4_MOSA.py::test_case_10 - AttributeError: 'NoneType...
========================= 8 failed, 29 passed in 0.07s =========================
</pre></div></div></div></div></div><div class="mb-1" id="job_list___sub_accordion_57"><div class="card"><a data-toggle="collapse" data-target="#job_list___sub_collapse_57_1" aria-expanded="false" aria-controls="job_list___sub_collapse_57_1" href="#" class="job_list___sub_multi_heading"><div role="alert" class="card-header alert-success" id="job_list___sub_heading_57_1"><button class="btn btn-outline-success"><span class="job_id">57 : Job ID 88b245139f3543129e76af7c072cd4f6</span></button></div></a><div aria-labelledby="job_list___sub_heading_57_1" data-parent="#job_list___sub_accordion_57" class="collapse job_list___sub_multi_collapse" id="job_list___sub_collapse_57_1"><div class="card-body"><div class="work-item"><div class="alert alert-success test-outcome" role="alert"><p>worker outcome: normal</p><p>test outcome: killed</p></div></div><pre class="location"><a href="pycharm://open?file=stack4.py&amp;line=70" class="text-secondary"><button class="btn btn-outline-dark">stack4.py, start pos: (70, 16), end pos: (70, 19)</button></a></pre><pre>operator: core/ReplaceAndWithOr, occurrence: 0</pre><div class="alert alert-secondary"><pre class="diff">--- mutation diff ---
--- astack4.py
+++ bstack4.py
@@ -67,7 +67,7 @@
     def remove(self, val):
         """Remove node from list if exists."""
         curr = self.head
-        if curr and val is self.head.data:
+        if curr or val is self.head.data:
             self.head = self.head.next
             self._length -= 1
         while curr:</pre></div><div class="alert alert-secondary"><pre class="diff">============================= test session starts ==============================
platform linux -- Python 3.10.10, pytest-7.2.1, pluggy-1.0.0
rootdir: /home/auri/temp/lucca/python_experiments/stack4
collected 37 items

MIO-MOSA/test_stack4_MIO.py .............F......                         [ 54%]
MIO-MOSA/test_stack4_MOSA.py ...F...FF...F....                           [100%]

=========================== short test summary info ============================
FAILED MIO-MOSA/test_stack4_MIO.py::test_case_13 - AttributeError: 'NoneType'...
FAILED MIO-MOSA/test_stack4_MOSA.py::test_case_3 - AssertionError: assert 'O'...
FAILED MIO-MOSA/test_stack4_MOSA.py::test_case_7 - AttributeError: 'NoneType'...
FAILED MIO-MOSA/test_stack4_MOSA.py::test_case_8 - AttributeError: 'NoneType'...
FAILED MIO-MOSA/test_stack4_MOSA.py::test_case_12 - AttributeError: 'NoneType...
========================= 5 failed, 32 passed in 0.06s =========================
</pre></div></div></div></div></div><div class="mb-1" id="job_list___sub_accordion_58"><div class="card"><a data-toggle="collapse" data-target="#job_list___sub_collapse_58_1" aria-expanded="false" aria-controls="job_list___sub_collapse_58_1" href="#" class="job_list___sub_multi_heading"><div role="alert" class="card-header alert-success" id="job_list___sub_heading_58_1"><button class="btn btn-outline-success"><span class="job_id">58 : Job ID 89fd483f33ea43d4a53d34311934ffeb</span></button></div></a><div aria-labelledby="job_list___sub_heading_58_1" data-parent="#job_list___sub_accordion_58" class="collapse job_list___sub_multi_collapse" id="job_list___sub_collapse_58_1"><div class="card-body"><div class="work-item"><div class="alert alert-success test-outcome" role="alert"><p>worker outcome: normal</p><p>test outcome: killed</p></div></div><pre class="location"><a href="pycharm://open?file=stack4.py&amp;line=74" class="text-secondary"><button class="btn btn-outline-dark">stack4.py, start pos: (74, 26), end pos: (74, 29)</button></a></pre><pre>operator: core/ReplaceAndWithOr, occurrence: 1</pre><div class="alert alert-secondary"><pre class="diff">--- mutation diff ---
--- astack4.py
+++ bstack4.py
@@ -71,7 +71,7 @@
             self.head = self.head.next
             self._length -= 1
         while curr:
-            if (curr.next and curr.next.data == val):
+            if (curr.next or curr.next.data == val):
                 curr.next = curr.next.next
                 self._length -= 1
             curr = curr.next</pre></div><div class="alert alert-secondary"><pre class="diff">============================= test session starts ==============================
platform linux -- Python 3.10.10, pytest-7.2.1, pluggy-1.0.0
rootdir: /home/auri/temp/lucca/python_experiments/stack4
collected 37 items

MIO-MOSA/test_stack4_MIO.py ...........FF.......                         [ 54%]
MIO-MOSA/test_stack4_MOSA.py ...FFF...F....F.F                           [100%]

=========================== short test summary info ============================
FAILED MIO-MOSA/test_stack4_MIO.py::test_case_11 - AttributeError: 'NoneType'...
FAILED MIO-MOSA/test_stack4_MIO.py::test_case_12 - AttributeError: 'NoneType'...
FAILED MIO-MOSA/test_stack4_MOSA.py::test_case_3 - AttributeError: 'NoneType'...
FAILED MIO-MOSA/test_stack4_MOSA.py::test_case_4 - AttributeError: 'NoneType'...
FAILED MIO-MOSA/test_stack4_MOSA.py::test_case_5 - AttributeError: 'NoneType'...
FAILED MIO-MOSA/test_stack4_MOSA.py::test_case_9 - AttributeError: 'NoneType'...
FAILED MIO-MOSA/test_stack4_MOSA.py::test_case_14 - AttributeError: 'NoneType...
FAILED MIO-MOSA/test_stack4_MOSA.py::test_case_16 - AttributeError: 'NoneType...
========================= 8 failed, 29 passed in 0.06s =========================
</pre></div></div></div></div></div><div class="mb-1" id="job_list___sub_accordion_59"><div class="card"><a data-toggle="collapse" data-target="#job_list___sub_collapse_59_1" aria-expanded="false" aria-controls="job_list___sub_collapse_59_1" href="#" class="job_list___sub_multi_heading"><div role="alert" class="card-header alert-success" id="job_list___sub_heading_59_1"><button class="btn btn-outline-success"><span class="job_id">59 : Job ID b6b322c2a0614d05973facdb0db3b57d</span></button></div></a><div aria-labelledby="job_list___sub_heading_59_1" data-parent="#job_list___sub_accordion_59" class="collapse job_list___sub_multi_collapse" id="job_list___sub_collapse_59_1"><div class="card-body"><div class="work-item"><div class="alert alert-success test-outcome" role="alert"><p>worker outcome: normal</p><p>test outcome: killed</p></div></div><pre class="location"><a href="pycharm://open?file=stack4.py&amp;line=36" class="text-secondary"><button class="btn btn-outline-dark">stack4.py, start pos: (36, 15), end pos: (36, 24)</button></a></pre><pre>operator: core/ExceptionReplacer, occurrence: 0</pre><div class="alert alert-secondary"><pre class="diff">--- mutation diff ---
--- astack4.py
+++ bstack4.py
@@ -33,7 +33,7 @@
         try:
             for val in data:
                 self.push(val)
-        except TypeError:
+        except CosmicRayTestingException:
             if data:
                 self.push(data)
 </pre></div><div class="alert alert-secondary"><pre class="diff">============================= test session starts ==============================
platform linux -- Python 3.10.10, pytest-7.2.1, pluggy-1.0.0
rootdir: /home/auri/temp/lucca/python_experiments/stack4
collected 37 items

MIO-MOSA/test_stack4_MIO.py ..FFFFFF.FFFFFF.FFFF                         [ 54%]
MIO-MOSA/test_stack4_MOSA.py FFFFF.FFFFFFFFF.F                           [100%]

=========================== short test summary info ============================
FAILED MIO-MOSA/test_stack4_MIO.py::test_case_2 - NameError: name 'CosmicRayT...
FAILED MIO-MOSA/test_stack4_MIO.py::test_case_3 - NameError: name 'CosmicRayT...
FAILED MIO-MOSA/test_stack4_MIO.py::test_case_4 - NameError: name 'CosmicRayT...
FAILED MIO-MOSA/test_stack4_MIO.py::test_case_5 - NameError: name 'CosmicRayT...
FAILED MIO-MOSA/test_stack4_MIO.py::test_case_6 - NameError: name 'CosmicRayT...
FAILED MIO-MOSA/test_stack4_MIO.py::test_case_7 - NameError: name 'CosmicRayT...
FAILED MIO-MOSA/test_stack4_MIO.py::test_case_9 - NameError: name 'CosmicRayT...
FAILED MIO-MOSA/test_stack4_MIO.py::test_case_10 - NameError: name 'CosmicRay...
FAILED MIO-MOSA/test_stack4_MIO.py::test_case_11 - NameError: name 'CosmicRay...
FAILED MIO-MOSA/test_stack4_MIO.py::test_case_12 - NameError: name 'CosmicRay...
FAILED MIO-MOSA/test_stack4_MIO.py::test_case_13 - NameError: name 'CosmicRay...
FAILED MIO-MOSA/test_stack4_MIO.py::test_case_14 - NameError: name 'CosmicRay...
FAILED MIO-MOSA/test_stack4_MIO.py::test_case_16 - NameError: name 'CosmicRay...
FAILED MIO-MOSA/test_stack4_MIO.py::test_case_17 - NameError: name 'CosmicRay...
FAILED MIO-MOSA/test_stack4_MIO.py::test_case_18 - NameError: name 'CosmicRay...
FAILED MIO-MOSA/test_stack4_MIO.py::test_case_19 - NameError: name 'CosmicRay...
FAILED MIO-MOSA/test_stack4_MOSA.py::test_case_0 - NameError: name 'CosmicRay...
FAILED MIO-MOSA/test_stack4_MOSA.py::test_case_1 - NameError: name 'CosmicRay...
FAILED MIO-MOSA/test_stack4_MOSA.py::test_case_2 - NameError: name 'CosmicRay...
FAILED MIO-MOSA/test_stack4_MOSA.py::test_case_3 - NameError: name 'CosmicRay...
FAILED MIO-MOSA/test_stack4_MOSA.py::test_case_4 - NameError: name 'CosmicRay...
FAILED MIO-MOSA/test_stack4_MOSA.py::test_case_6 - NameError: name 'CosmicRay...
FAILED MIO-MOSA/test_stack4_MOSA.py::test_case_7 - NameError: name 'CosmicRay...
FAILED MIO-MOSA/test_stack4_MOSA.py::test_case_8 - NameError: name 'CosmicRay...
FAILED MIO-MOSA/test_stack4_MOSA.py::test_case_9 - NameError: name 'CosmicRay...
FAILED MIO-MOSA/test_stack4_MOSA.py::test_case_10 - NameError: name 'CosmicRa...
FAILED MIO-MOSA/test_stack4_MOSA.py::test_case_11 - NameError: name 'CosmicRa...
FAILED MIO-MOSA/test_stack4_MOSA.py::test_case_12 - NameError: name 'CosmicRa...
FAILED MIO-MOSA/test_stack4_MOSA.py::test_case_13 - NameError: name 'CosmicRa...
FAILED MIO-MOSA/test_stack4_MOSA.py::test_case_14 - NameError: name 'CosmicRa...
FAILED MIO-MOSA/test_stack4_MOSA.py::test_case_16 - NameError: name 'CosmicRa...
========================= 31 failed, 6 passed in 0.08s =========================
</pre></div></div></div></div></div><div class="mb-1" id="job_list___sub_accordion_60"><div class="card"><a data-toggle="collapse" data-target="#job_list___sub_collapse_60_1" aria-expanded="false" aria-controls="job_list___sub_collapse_60_1" href="#" class="job_list___sub_multi_heading"><div role="alert" class="card-header alert-success" id="job_list___sub_heading_60_1"><button class="btn btn-outline-success"><span class="job_id">60 : Job ID 8dadd36030cc436fa9b3bd72ea8dd82c</span></button></div></a><div aria-labelledby="job_list___sub_heading_60_1" data-parent="#job_list___sub_accordion_60" class="collapse job_list___sub_multi_collapse" id="job_list___sub_collapse_60_1"><div class="card-body"><div class="work-item"><div class="alert alert-success test-outcome" role="alert"><p>worker outcome: normal</p><p>test outcome: killed</p></div></div><pre class="location"><a href="pycharm://open?file=stack4.py&amp;line=31" class="text-secondary"><button class="btn btn-outline-dark">stack4.py, start pos: (31, 23), end pos: (31, 24)</button></a></pre><pre>operator: core/NumberReplacer, occurrence: 0</pre><div class="alert alert-secondary"><pre class="diff">--- mutation diff ---
--- astack4.py
+++ bstack4.py
@@ -28,7 +28,7 @@
 
     def __init__(self, data=None):
         """Linked list initialized with head."""
-        self._length = 0
+        self._length = 1
         self.head = None
         try:
             for val in data:</pre></div><div class="alert alert-secondary"><pre class="diff">============================= test session starts ==============================
platform linux -- Python 3.10.10, pytest-7.2.1, pluggy-1.0.0
rootdir: /home/auri/temp/lucca/python_experiments/stack4
collected 37 items

MIO-MOSA/test_stack4_MIO.py ...................F                         [ 54%]
MIO-MOSA/test_stack4_MOSA.py ............F....                           [100%]

=========================== short test summary info ============================
FAILED MIO-MOSA/test_stack4_MIO.py::test_case_19 - assert 1 == 0
FAILED MIO-MOSA/test_stack4_MOSA.py::test_case_12 - assert 1 == 0
========================= 2 failed, 35 passed in 0.06s =========================
</pre></div></div></div></div></div><div class="mb-1" id="job_list___sub_accordion_61"><div class="card"><a data-toggle="collapse" data-target="#job_list___sub_collapse_61_1" aria-expanded="false" aria-controls="job_list___sub_collapse_61_1" href="#" class="job_list___sub_multi_heading"><div role="alert" class="card-header alert-success" id="job_list___sub_heading_61_1"><button class="btn btn-outline-success"><span class="job_id">61 : Job ID 974bc82504aa4effaa36695b773b3317</span></button></div></a><div aria-labelledby="job_list___sub_heading_61_1" data-parent="#job_list___sub_accordion_61" class="collapse job_list___sub_multi_collapse" id="job_list___sub_collapse_61_1"><div class="card-body"><div class="work-item"><div class="alert alert-success test-outcome" role="alert"><p>worker outcome: normal</p><p>test outcome: killed</p></div></div><pre class="location"><a href="pycharm://open?file=stack4.py&amp;line=31" class="text-secondary"><button class="btn btn-outline-dark">stack4.py, start pos: (31, 23), end pos: (31, 24)</button></a></pre><pre>operator: core/NumberReplacer, occurrence: 1</pre><div class="alert alert-secondary"><pre class="diff">--- mutation diff ---
--- astack4.py
+++ bstack4.py
@@ -28,7 +28,7 @@
 
     def __init__(self, data=None):
         """Linked list initialized with head."""
-        self._length = 0
+        self._length = -1
         self.head = None
         try:
             for val in data:</pre></div><div class="alert alert-secondary"><pre class="diff">============================= test session starts ==============================
platform linux -- Python 3.10.10, pytest-7.2.1, pluggy-1.0.0
rootdir: /home/auri/temp/lucca/python_experiments/stack4
collected 37 items

MIO-MOSA/test_stack4_MIO.py ...................F                         [ 54%]
MIO-MOSA/test_stack4_MOSA.py ............F....                           [100%]

=========================== short test summary info ============================
FAILED MIO-MOSA/test_stack4_MIO.py::test_case_19 - assert -1 == 0
FAILED MIO-MOSA/test_stack4_MOSA.py::test_case_12 - assert -1 == 0
========================= 2 failed, 35 passed in 0.06s =========================
</pre></div></div></div></div></div><div class="mb-1" id="job_list___sub_accordion_62"><div class="card"><a data-toggle="collapse" data-target="#job_list___sub_collapse_62_1" aria-expanded="false" aria-controls="job_list___sub_collapse_62_1" href="#" class="job_list___sub_multi_heading"><div role="alert" class="card-header alert-danger" id="job_list___sub_heading_62_1"><button class="btn btn-outline-danger"><span class="job_id">62 : Job ID 3d5aae64e7774e6a9351a5a5466af716</span></button></div></a><div aria-labelledby="job_list___sub_heading_62_1" data-parent="#job_list___sub_accordion_62" class="collapse job_list___sub_multi_collapse" id="job_list___sub_collapse_62_1"><div class="card-body"><div class="work-item"><div class="alert alert-danger test-outcome" role="alert"><p>SURVIVED</p><p>worker outcome: normal</p><p>test outcome: survived</p></div></div><pre class="location"><a href="pycharm://open?file=stack4.py&amp;line=44" class="text-secondary"><button class="btn btn-outline-dark">stack4.py, start pos: (44, 24), end pos: (44, 25)</button></a></pre><pre>operator: core/NumberReplacer, occurrence: 2</pre><div class="alert alert-secondary"><pre class="diff">--- mutation diff ---
--- astack4.py
+++ bstack4.py
@@ -41,7 +41,7 @@
         """Insert a value at the head of the list."""
         old_head = self.head
         self.head = Node(val, old_head)
-        self._length += 1
+        self._length += 2
 
     def pop(self):
         """Remove the first value and return it."""</pre></div><div class="alert alert-secondary"><pre class="diff">============================= test session starts ==============================
platform linux -- Python 3.10.10, pytest-7.2.1, pluggy-1.0.0
rootdir: /home/auri/temp/lucca/python_experiments/stack4
collected 37 items

MIO-MOSA/test_stack4_MIO.py ....................                         [ 54%]
MIO-MOSA/test_stack4_MOSA.py .................                           [100%]

============================== 37 passed in 0.06s ==============================
</pre></div></div></div></div></div><div class="mb-1" id="job_list___sub_accordion_63"><div class="card"><a data-toggle="collapse" data-target="#job_list___sub_collapse_63_1" aria-expanded="false" aria-controls="job_list___sub_collapse_63_1" href="#" class="job_list___sub_multi_heading"><div role="alert" class="card-header alert-danger" id="job_list___sub_heading_63_1"><button class="btn btn-outline-danger"><span class="job_id">63 : Job ID cc799a334b9a447082939c2af5b6edcd</span></button></div></a><div aria-labelledby="job_list___sub_heading_63_1" data-parent="#job_list___sub_accordion_63" class="collapse job_list___sub_multi_collapse" id="job_list___sub_collapse_63_1"><div class="card-body"><div class="work-item"><div class="alert alert-danger test-outcome" role="alert"><p>SURVIVED</p><p>worker outcome: normal</p><p>test outcome: survived</p></div></div><pre class="location"><a href="pycharm://open?file=stack4.py&amp;line=44" class="text-secondary"><button class="btn btn-outline-dark">stack4.py, start pos: (44, 24), end pos: (44, 25)</button></a></pre><pre>operator: core/NumberReplacer, occurrence: 3</pre><div class="alert alert-secondary"><pre class="diff">--- mutation diff ---
--- astack4.py
+++ bstack4.py
@@ -41,7 +41,7 @@
         """Insert a value at the head of the list."""
         old_head = self.head
         self.head = Node(val, old_head)
-        self._length += 1
+        self._length += 0
 
     def pop(self):
         """Remove the first value and return it."""</pre></div><div class="alert alert-secondary"><pre class="diff">============================= test session starts ==============================
platform linux -- Python 3.10.10, pytest-7.2.1, pluggy-1.0.0
rootdir: /home/auri/temp/lucca/python_experiments/stack4
collected 37 items

MIO-MOSA/test_stack4_MIO.py ....................                         [ 54%]
MIO-MOSA/test_stack4_MOSA.py .................                           [100%]

============================== 37 passed in 0.06s ==============================
</pre></div></div></div></div></div><div class="mb-1" id="job_list___sub_accordion_64"><div class="card"><a data-toggle="collapse" data-target="#job_list___sub_collapse_64_1" aria-expanded="false" aria-controls="job_list___sub_collapse_64_1" href="#" class="job_list___sub_multi_heading"><div role="alert" class="card-header alert-danger" id="job_list___sub_heading_64_1"><button class="btn btn-outline-danger"><span class="job_id">64 : Job ID e68f8550630f43e0bb434d8001e1306b</span></button></div></a><div aria-labelledby="job_list___sub_heading_64_1" data-parent="#job_list___sub_accordion_64" class="collapse job_list___sub_multi_collapse" id="job_list___sub_collapse_64_1"><div class="card-body"><div class="work-item"><div class="alert alert-danger test-outcome" role="alert"><p>SURVIVED</p><p>worker outcome: normal</p><p>test outcome: survived</p></div></div><pre class="location"><a href="pycharm://open?file=stack4.py&amp;line=52" class="text-secondary"><button class="btn btn-outline-dark">stack4.py, start pos: (52, 24), end pos: (52, 25)</button></a></pre><pre>operator: core/NumberReplacer, occurrence: 4</pre><div class="alert alert-secondary"><pre class="diff">--- mutation diff ---
--- astack4.py
+++ bstack4.py
@@ -49,7 +49,7 @@
             raise IndexError('Cannot pop from an empty list')
         to_return = self.head
         self.head = self.head.next
-        self._length -= 1
+        self._length -= 2
         return to_return.data
 
     def size(self):</pre></div><div class="alert alert-secondary"><pre class="diff">============================= test session starts ==============================
platform linux -- Python 3.10.10, pytest-7.2.1, pluggy-1.0.0
rootdir: /home/auri/temp/lucca/python_experiments/stack4
collected 37 items

MIO-MOSA/test_stack4_MIO.py ....................                         [ 54%]
MIO-MOSA/test_stack4_MOSA.py .................                           [100%]

============================== 37 passed in 0.06s ==============================
</pre></div></div></div></div></div><div class="mb-1" id="job_list___sub_accordion_65"><div class="card"><a data-toggle="collapse" data-target="#job_list___sub_collapse_65_1" aria-expanded="false" aria-controls="job_list___sub_collapse_65_1" href="#" class="job_list___sub_multi_heading"><div role="alert" class="card-header alert-danger" id="job_list___sub_heading_65_1"><button class="btn btn-outline-danger"><span class="job_id">65 : Job ID 9639d65399664fc68ebe52f43fcb355b</span></button></div></a><div aria-labelledby="job_list___sub_heading_65_1" data-parent="#job_list___sub_accordion_65" class="collapse job_list___sub_multi_collapse" id="job_list___sub_collapse_65_1"><div class="card-body"><div class="work-item"><div class="alert alert-danger test-outcome" role="alert"><p>SURVIVED</p><p>worker outcome: normal</p><p>test outcome: survived</p></div></div><pre class="location"><a href="pycharm://open?file=stack4.py&amp;line=52" class="text-secondary"><button class="btn btn-outline-dark">stack4.py, start pos: (52, 24), end pos: (52, 25)</button></a></pre><pre>operator: core/NumberReplacer, occurrence: 5</pre><div class="alert alert-secondary"><pre class="diff">--- mutation diff ---
--- astack4.py
+++ bstack4.py
@@ -49,7 +49,7 @@
             raise IndexError('Cannot pop from an empty list')
         to_return = self.head
         self.head = self.head.next
-        self._length -= 1
+        self._length -= 0
         return to_return.data
 
     def size(self):</pre></div><div class="alert alert-secondary"><pre class="diff">============================= test session starts ==============================
platform linux -- Python 3.10.10, pytest-7.2.1, pluggy-1.0.0
rootdir: /home/auri/temp/lucca/python_experiments/stack4
collected 37 items

MIO-MOSA/test_stack4_MIO.py ....................                         [ 54%]
MIO-MOSA/test_stack4_MOSA.py .................                           [100%]

============================== 37 passed in 0.06s ==============================
</pre></div></div></div></div></div><div class="mb-1" id="job_list___sub_accordion_66"><div class="card"><a data-toggle="collapse" data-target="#job_list___sub_collapse_66_1" aria-expanded="false" aria-controls="job_list___sub_collapse_66_1" href="#" class="job_list___sub_multi_heading"><div role="alert" class="card-header alert-danger" id="job_list___sub_heading_66_1"><button class="btn btn-outline-danger"><span class="job_id">66 : Job ID 2a39c5ea236744668b22b165db300cf8</span></button></div></a><div aria-labelledby="job_list___sub_heading_66_1" data-parent="#job_list___sub_accordion_66" class="collapse job_list___sub_multi_collapse" id="job_list___sub_collapse_66_1"><div class="card-body"><div class="work-item"><div class="alert alert-danger test-outcome" role="alert"><p>SURVIVED</p><p>worker outcome: normal</p><p>test outcome: survived</p></div></div><pre class="location"><a href="pycharm://open?file=stack4.py&amp;line=72" class="text-secondary"><button class="btn btn-outline-dark">stack4.py, start pos: (72, 28), end pos: (72, 29)</button></a></pre><pre>operator: core/NumberReplacer, occurrence: 6</pre><div class="alert alert-secondary"><pre class="diff">--- mutation diff ---
--- astack4.py
+++ bstack4.py
@@ -69,7 +69,7 @@
         curr = self.head
         if curr and val is self.head.data:
             self.head = self.head.next
-            self._length -= 1
+            self._length -= 2
         while curr:
             if (curr.next and curr.next.data == val):
                 curr.next = curr.next.next</pre></div><div class="alert alert-secondary"><pre class="diff">============================= test session starts ==============================
platform linux -- Python 3.10.10, pytest-7.2.1, pluggy-1.0.0
rootdir: /home/auri/temp/lucca/python_experiments/stack4
collected 37 items

MIO-MOSA/test_stack4_MIO.py ....................                         [ 54%]
MIO-MOSA/test_stack4_MOSA.py .................                           [100%]

============================== 37 passed in 0.06s ==============================
</pre></div></div></div></div></div><div class="mb-1" id="job_list___sub_accordion_67"><div class="card"><a data-toggle="collapse" data-target="#job_list___sub_collapse_67_1" aria-expanded="false" aria-controls="job_list___sub_collapse_67_1" href="#" class="job_list___sub_multi_heading"><div role="alert" class="card-header alert-danger" id="job_list___sub_heading_67_1"><button class="btn btn-outline-danger"><span class="job_id">67 : Job ID 1c0ec86d9a55434796d34abe5c17c34a</span></button></div></a><div aria-labelledby="job_list___sub_heading_67_1" data-parent="#job_list___sub_accordion_67" class="collapse job_list___sub_multi_collapse" id="job_list___sub_collapse_67_1"><div class="card-body"><div class="work-item"><div class="alert alert-danger test-outcome" role="alert"><p>SURVIVED</p><p>worker outcome: normal</p><p>test outcome: survived</p></div></div><pre class="location"><a href="pycharm://open?file=stack4.py&amp;line=72" class="text-secondary"><button class="btn btn-outline-dark">stack4.py, start pos: (72, 28), end pos: (72, 29)</button></a></pre><pre>operator: core/NumberReplacer, occurrence: 7</pre><div class="alert alert-secondary"><pre class="diff">--- mutation diff ---
--- astack4.py
+++ bstack4.py
@@ -69,7 +69,7 @@
         curr = self.head
         if curr and val is self.head.data:
             self.head = self.head.next
-            self._length -= 1
+            self._length -= 0
         while curr:
             if (curr.next and curr.next.data == val):
                 curr.next = curr.next.next</pre></div><div class="alert alert-secondary"><pre class="diff">============================= test session starts ==============================
platform linux -- Python 3.10.10, pytest-7.2.1, pluggy-1.0.0
rootdir: /home/auri/temp/lucca/python_experiments/stack4
collected 37 items

MIO-MOSA/test_stack4_MIO.py ....................                         [ 54%]
MIO-MOSA/test_stack4_MOSA.py .................                           [100%]

============================== 37 passed in 0.06s ==============================
</pre></div></div></div></div></div><div class="mb-1" id="job_list___sub_accordion_68"><div class="card"><a data-toggle="collapse" data-target="#job_list___sub_collapse_68_1" aria-expanded="false" aria-controls="job_list___sub_collapse_68_1" href="#" class="job_list___sub_multi_heading"><div role="alert" class="card-header alert-danger" id="job_list___sub_heading_68_1"><button class="btn btn-outline-danger"><span class="job_id">68 : Job ID 49e0aa32960e4a6389a184b949ff494f</span></button></div></a><div aria-labelledby="job_list___sub_heading_68_1" data-parent="#job_list___sub_accordion_68" class="collapse job_list___sub_multi_collapse" id="job_list___sub_collapse_68_1"><div class="card-body"><div class="work-item"><div class="alert alert-danger test-outcome" role="alert"><p>SURVIVED</p><p>worker outcome: normal</p><p>test outcome: survived</p></div></div><pre class="location"><a href="pycharm://open?file=stack4.py&amp;line=76" class="text-secondary"><button class="btn btn-outline-dark">stack4.py, start pos: (76, 32), end pos: (76, 33)</button></a></pre><pre>operator: core/NumberReplacer, occurrence: 8</pre><div class="alert alert-secondary"><pre class="diff">--- mutation diff ---
--- astack4.py
+++ bstack4.py
@@ -73,7 +73,7 @@
         while curr:
             if (curr.next and curr.next.data == val):
                 curr.next = curr.next.next
-                self._length -= 1
+                self._length -= 2
             curr = curr.next
 
     def display(self):</pre></div><div class="alert alert-secondary"><pre class="diff">============================= test session starts ==============================
platform linux -- Python 3.10.10, pytest-7.2.1, pluggy-1.0.0
rootdir: /home/auri/temp/lucca/python_experiments/stack4
collected 37 items

MIO-MOSA/test_stack4_MIO.py ....................                         [ 54%]
MIO-MOSA/test_stack4_MOSA.py .................                           [100%]

============================== 37 passed in 0.06s ==============================
</pre></div></div></div></div></div><div class="mb-1" id="job_list___sub_accordion_69"><div class="card"><a data-toggle="collapse" data-target="#job_list___sub_collapse_69_1" aria-expanded="false" aria-controls="job_list___sub_collapse_69_1" href="#" class="job_list___sub_multi_heading"><div role="alert" class="card-header alert-danger" id="job_list___sub_heading_69_1"><button class="btn btn-outline-danger"><span class="job_id">69 : Job ID 3e32a5c86b0d4b80ac84ec84b8c3292b</span></button></div></a><div aria-labelledby="job_list___sub_heading_69_1" data-parent="#job_list___sub_accordion_69" class="collapse job_list___sub_multi_collapse" id="job_list___sub_collapse_69_1"><div class="card-body"><div class="work-item"><div class="alert alert-danger test-outcome" role="alert"><p>SURVIVED</p><p>worker outcome: normal</p><p>test outcome: survived</p></div></div><pre class="location"><a href="pycharm://open?file=stack4.py&amp;line=76" class="text-secondary"><button class="btn btn-outline-dark">stack4.py, start pos: (76, 32), end pos: (76, 33)</button></a></pre><pre>operator: core/NumberReplacer, occurrence: 9</pre><div class="alert alert-secondary"><pre class="diff">--- mutation diff ---
--- astack4.py
+++ bstack4.py
@@ -73,7 +73,7 @@
         while curr:
             if (curr.next and curr.next.data == val):
                 curr.next = curr.next.next
-                self._length -= 1
+                self._length -= 0
             curr = curr.next
 
     def display(self):</pre></div><div class="alert alert-secondary"><pre class="diff">============================= test session starts ==============================
platform linux -- Python 3.10.10, pytest-7.2.1, pluggy-1.0.0
rootdir: /home/auri/temp/lucca/python_experiments/stack4
collected 37 items

MIO-MOSA/test_stack4_MIO.py ....................                         [ 54%]
MIO-MOSA/test_stack4_MOSA.py .................                           [100%]

============================== 37 passed in 0.06s ==============================
</pre></div></div></div></div></div><div class="mb-1" id="job_list___sub_accordion_70"><div class="card"><a data-toggle="collapse" data-target="#job_list___sub_collapse_70_1" aria-expanded="false" aria-controls="job_list___sub_collapse_70_1" href="#" class="job_list___sub_multi_heading"><div role="alert" class="card-header alert-success" id="job_list___sub_heading_70_1"><button class="btn btn-outline-success"><span class="job_id">70 : Job ID 23dd2b4b42ff4d7ea21c2c6ebc44e475</span></button></div></a><div aria-labelledby="job_list___sub_heading_70_1" data-parent="#job_list___sub_accordion_70" class="collapse job_list___sub_multi_collapse" id="job_list___sub_collapse_70_1"><div class="card-body"><div class="work-item"><div class="alert alert-success test-outcome" role="alert"><p>worker outcome: normal</p><p>test outcome: killed</p></div></div><pre class="location"><a href="pycharm://open?file=stack4.py&amp;line=86" class="text-secondary"><button class="btn btn-outline-dark">stack4.py, start pos: (86, 25), end pos: (86, 26)</button></a></pre><pre>operator: core/NumberReplacer, occurrence: 10</pre><div class="alert alert-secondary"><pre class="diff">--- mutation diff ---
--- astack4.py
+++ bstack4.py
@@ -83,7 +83,7 @@
         while curr:
             display += str(curr.data) + ', '
             curr = curr.next
-        return display[:-2] + ')'
+        return display[:- 3] + ')'
 
 
 class Stack(object):</pre></div><div class="alert alert-secondary"><pre class="diff">============================= test session starts ==============================
platform linux -- Python 3.10.10, pytest-7.2.1, pluggy-1.0.0
rootdir: /home/auri/temp/lucca/python_experiments/stack4
collected 37 items

MIO-MOSA/test_stack4_MIO.py ...............F....                         [ 54%]
MIO-MOSA/test_stack4_MOSA.py .F.FFF...F.......                           [100%]

=========================== short test summary info ============================
FAILED MIO-MOSA/test_stack4_MIO.py::test_case_15 - AssertionError: assert '(v...
FAILED MIO-MOSA/test_stack4_MOSA.py::test_case_1 - AssertionError: assert '(T...
FAILED MIO-MOSA/test_stack4_MOSA.py::test_case_3 - AssertionError: assert '(+...
FAILED MIO-MOSA/test_stack4_MOSA.py::test_case_4 - AssertionError: assert '(+...
FAILED MIO-MOSA/test_stack4_MOSA.py::test_case_5 - AssertionError: assert '(+...
FAILED MIO-MOSA/test_stack4_MOSA.py::test_case_9 - AssertionError: assert '(+...
========================= 6 failed, 31 passed in 0.07s =========================
</pre></div></div></div></div></div><div class="mb-1" id="job_list___sub_accordion_71"><div class="card"><a data-toggle="collapse" data-target="#job_list___sub_collapse_71_1" aria-expanded="false" aria-controls="job_list___sub_collapse_71_1" href="#" class="job_list___sub_multi_heading"><div role="alert" class="card-header alert-success" id="job_list___sub_heading_71_1"><button class="btn btn-outline-success"><span class="job_id">71 : Job ID 055bb8fb552f406e85ddc6892426702d</span></button></div></a><div aria-labelledby="job_list___sub_heading_71_1" data-parent="#job_list___sub_accordion_71" class="collapse job_list___sub_multi_collapse" id="job_list___sub_collapse_71_1"><div class="card-body"><div class="work-item"><div class="alert alert-success test-outcome" role="alert"><p>worker outcome: normal</p><p>test outcome: killed</p></div></div><pre class="location"><a href="pycharm://open?file=stack4.py&amp;line=86" class="text-secondary"><button class="btn btn-outline-dark">stack4.py, start pos: (86, 25), end pos: (86, 26)</button></a></pre><pre>operator: core/NumberReplacer, occurrence: 11</pre><div class="alert alert-secondary"><pre class="diff">--- mutation diff ---
--- astack4.py
+++ bstack4.py
@@ -83,7 +83,7 @@
         while curr:
             display += str(curr.data) + ', '
             curr = curr.next
-        return display[:-2] + ')'
+        return display[:- 1] + ')'
 
 
 class Stack(object):</pre></div><div class="alert alert-secondary"><pre class="diff">============================= test session starts ==============================
platform linux -- Python 3.10.10, pytest-7.2.1, pluggy-1.0.0
rootdir: /home/auri/temp/lucca/python_experiments/stack4
collected 37 items

MIO-MOSA/test_stack4_MIO.py ...............F....                         [ 54%]
MIO-MOSA/test_stack4_MOSA.py .F.FFF...F.......                           [100%]

=========================== short test summary info ============================
FAILED MIO-MOSA/test_stack4_MIO.py::test_case_15 - AssertionError: assert '(v...
FAILED MIO-MOSA/test_stack4_MOSA.py::test_case_1 - AssertionError: assert '(T...
FAILED MIO-MOSA/test_stack4_MOSA.py::test_case_3 - AssertionError: assert '(+...
FAILED MIO-MOSA/test_stack4_MOSA.py::test_case_4 - AssertionError: assert '(+...
FAILED MIO-MOSA/test_stack4_MOSA.py::test_case_5 - AssertionError: assert '(+...
FAILED MIO-MOSA/test_stack4_MOSA.py::test_case_9 - AssertionError: assert '(+...
========================= 6 failed, 31 passed in 0.06s =========================
</pre></div></div></div></div></div><div class="mb-1" id="job_list___sub_accordion_72"><div class="card"><a data-toggle="collapse" data-target="#job_list___sub_collapse_72_1" aria-expanded="false" aria-controls="job_list___sub_collapse_72_1" href="#" class="job_list___sub_multi_heading"><div role="alert" class="card-header alert-success" id="job_list___sub_heading_72_1"><button class="btn btn-outline-success"><span class="job_id">72 : Job ID 7ccff22bdc984e20b84f6bc92152e10c</span></button></div></a><div aria-labelledby="job_list___sub_heading_72_1" data-parent="#job_list___sub_accordion_72" class="collapse job_list___sub_multi_collapse" id="job_list___sub_collapse_72_1"><div class="card-body"><div class="work-item"><div class="alert alert-success test-outcome" role="alert"><p>worker outcome: normal</p><p>test outcome: killed</p></div></div><pre class="location"><a href="pycharm://open?file=stack4.py&amp;line=34" class="text-secondary"><button class="btn btn-outline-dark">stack4.py, start pos: (34, 23), end pos: (34, 27)</button></a></pre><pre>operator: core/ZeroIterationForLoop, occurrence: 0</pre><div class="alert alert-secondary"><pre class="diff">--- mutation diff ---
--- astack4.py
+++ bstack4.py
@@ -31,7 +31,7 @@
         self._length = 0
         self.head = None
         try:
-            for val in data:
+            for val in []:
                 self.push(val)
         except TypeError:
             if data:</pre></div><div class="alert alert-secondary"><pre class="diff">============================= test session starts ==============================
platform linux -- Python 3.10.10, pytest-7.2.1, pluggy-1.0.0
rootdir: /home/auri/temp/lucca/python_experiments/stack4
collected 37 items

MIO-MOSA/test_stack4_MIO.py ..F.....F...F..FF...                         [ 54%]
MIO-MOSA/test_stack4_MOSA.py .F.FFF...F....FFF                           [100%]

=========================== short test summary info ============================
FAILED MIO-MOSA/test_stack4_MIO.py::test_case_2 - AssertionError: assert 'bui...
FAILED MIO-MOSA/test_stack4_MIO.py::test_case_8 - AssertionError: assert 'bui...
FAILED MIO-MOSA/test_stack4_MIO.py::test_case_12 - AssertionError: assert 'bu...
FAILED MIO-MOSA/test_stack4_MIO.py::test_case_15 - AssertionError: assert 'bu...
FAILED MIO-MOSA/test_stack4_MIO.py::test_case_16 - AssertionError: assert 'bu...
FAILED MIO-MOSA/test_stack4_MOSA.py::test_case_1 - AssertionError: assert 'bu...
FAILED MIO-MOSA/test_stack4_MOSA.py::test_case_3 - AssertionError: assert 'bu...
FAILED MIO-MOSA/test_stack4_MOSA.py::test_case_4 - AssertionError: assert 'bu...
FAILED MIO-MOSA/test_stack4_MOSA.py::test_case_5 - AssertionError: assert 'bu...
FAILED MIO-MOSA/test_stack4_MOSA.py::test_case_9 - AssertionError: assert 'bu...
FAILED MIO-MOSA/test_stack4_MOSA.py::test_case_14 - AssertionError: assert 'b...
FAILED MIO-MOSA/test_stack4_MOSA.py::test_case_15 - AssertionError: assert 'b...
FAILED MIO-MOSA/test_stack4_MOSA.py::test_case_16 - AssertionError: assert 'b...
======================== 13 failed, 24 passed in 0.07s =========================
</pre></div></div></div></div></div></div></div></div></div></div><script src="https://code.jquery.com/jquery-3.3.1.slim.min.js" integrity="sha384-q8i/X+965DzO0rT7abK41JStQIAqVgRVzpbzo5smXKp4YfRvH+8abtTE1Pi6jizo" crossorigin="anonymous"></script><script src="https://cdnjs.cloudflare.com/ajax/libs/popper.js/1.14.7/umd/popper.min.js" integrity="sha384-UO2eT0CpHqdSJQ6hJty5KVphtPhzWj9WO1clHTMGa3JDZwrnQq4sF86dIHNDz0W1" crossorigin="anonymous"></script><script src="https://stackpath.bootstrapcdn.com/bootstrap/4.3.1/js/bootstrap.min.js" integrity="sha384-JjSmVgyd0p3pXB1rRibZUAYoIIy6OrQ6VrjIEaFf/nJGzIxFDsf4x0xIM+B07jRM" crossorigin="anonymous"></script><script type="text/javascript">$('div.job_list___sub_multi_collapse').on('shown.bs.collapse',  function () {    correct_behavior_functional_buttons();  });$('div.job_list___sub_multi_collapse').on('hidden.bs.collapse',  function () {    correct_behavior_functional_buttons();  });function correct_behavior_functional_buttons() {    var expand = false;    var collapse = false;    $('a.job_list___sub_multi_heading').each(function(index) {      if ($(this).attr('aria-expanded') == 'false') {        expand = true;        return false;      };    });    $('a.job_list___sub_multi_heading').each(function(index) {      if ($(this).attr('aria-expanded') == 'true') {        collapse = true;        return false;      };    });    if (expand) {      $('div#job_item_expand_all').css('display', 'inline-block');    } else {      $('div#job_item_expand_all').css('display', 'none');    };    if (collapse) {      $('div#job_item_collapse_all').css('display', 'inline-block');    } else {      $('div#job_item_collapse_all').css('display', 'none');    };  };correct_behavior_functional_buttons();</script></body></html>
