[34m[*][0m Start mutation process:
[36m   -[0m targets: stack5.py
[36m   -[0m tests: ./WHOLE_SUITE
[34m[*][0m 7 tests passed:
[36m   -[0m test_stack5_WHOLE_SUITE [0.27002 s]
[34m[*][0m Start mutants generation and execution:
[36m   -[0m [#   1] CDI stack5: 
--------------------------------------------------------------------------------
   1: class Stack(object):
   2:     
[34m-  3:     def __init__(self, top=None):[0m
[34m-  4:         self.top = top[0m
[34m-  5:     [0m
[32m+  3:     @classmethod[0m
[32m+  4:     def __init__(self, top=None):[0m
[32m+  5:         self.top = top[0m
   6:     def push(self, data):
   7:         self.top = Node(data, self.top)
   8:     
   9:     def pop(self):
--------------------------------------------------------------------------------
[0.16915 s] [32mkilled[0m by WHOLE_SUITE/test_stack5_WHOLE_SUITE.py::test_case_4

def test_case_4():
        stack_0 = module_0.Stack()
        none_type_0 = None
        var_0 = stack_0.push(none_type_0)
        node_0 = module_0.Node(stack_0, none_type_0)
        node_1 = module_0.Node(stack_0)
        stack_1 = module_0.Stack()
        node_2 = module_0.Node(none_type_0, node_1)
        var_1 = stack_0.is_empty()
        var_2 = stack_1.peek()
        stack_2 = module_0.Stack(var_2)
        var_3 = stack_0.is_empty()
        stack_3 = module_0.Stack(var_3)
>       var_4 = stack_1.is_empty()

WHOLE_SUITE/test_stack5_WHOLE_SUITE.py:55: 
_ _ _ _ _ _ _ _ _ _ _ _ _ _ _ _ _ _ _ _ _ _ _ _ _ _ _ _ _ _ _ _ _ _ _ _ _ _ _ _ 
stack5:20: in is_empty
    ???
_ _ _ _ _ _ _ _ _ _ _ _ _ _ _ _ _ _ _ _ _ _ _ _ _ _ _ _ _ _ _ _ _ _ _ _ _ _ _ _ 

self = <stack5.Stack object at 0x7f2c88971900>

>   ???
E   AttributeError: 'bool' object has no attribute 'data'

stack5:17: AttributeError
[36m   -[0m [#   2] CDI stack5: 
--------------------------------------------------------------------------------
   2:     
   3:     def __init__(self, top=None):
   4:         self.top = top
   5:     
[34m-  6:     def push(self, data):[0m
[34m-  7:         self.top = Node(data, self.top)[0m
[34m-  8:     [0m
[32m+  6:     @classmethod[0m
[32m+  7:     def push(self, data):[0m
[32m+  8:         self.top = Node(data, self.top)[0m
   9:     def pop(self):
  10:         if self.top is None:
  11:             return None
  12:         data = self.top.data
--------------------------------------------------------------------------------
[0.16030 s] [32mkilled[0m by WHOLE_SUITE/test_stack5_WHOLE_SUITE.py::test_case_0

def test_case_0():
        none_type_0 = None
        stack_0 = module_0.Stack()
>       var_0 = stack_0.push(none_type_0)

WHOLE_SUITE/test_stack5_WHOLE_SUITE.py:9: 
_ _ _ _ _ _ _ _ _ _ _ _ _ _ _ _ _ _ _ _ _ _ _ _ _ _ _ _ _ _ _ _ _ _ _ _ _ _ _ _ 

self = <class 'stack5.Stack'>, data = None

>   ???
E   AttributeError: type object 'Stack' has no attribute 'top'

stack5:8: AttributeError
[36m   -[0m [#   3] CDI stack5: 
--------------------------------------------------------------------------------
   5:     
   6:     def push(self, data):
   7:         self.top = Node(data, self.top)
   8:     
[34m-  9:     def pop(self):[0m
[34m- 10:         if self.top is None:[0m
[34m- 11:             return None[0m
[34m- 12:         data = self.top.data[0m
[34m- 13:         self.top = self.top.next[0m
[34m- 14:         return data[0m
[34m- 15:     [0m
[32m+  9:     @classmethod[0m
[32m+ 10:     def pop(self):[0m
[32m+ 11:         if self.top is None:[0m
[32m+ 12:             return None[0m
[32m+ 13:         data = self.top.data[0m
[32m+ 14:         self.top = self.top.next[0m
[32m+ 15:         return data[0m
  16:     def peek(self):
  17:         return self.top.data if self.top is not None else None
  18:     
  19:     def is_empty(self):
--------------------------------------------------------------------------------
[0.17201 s] [32mkilled[0m by WHOLE_SUITE/test_stack5_WHOLE_SUITE.py::test_case_0

def test_case_0():
        none_type_0 = None
        stack_0 = module_0.Stack()
        var_0 = stack_0.push(none_type_0)
        stack_1 = module_0.Stack()
>       var_1 = stack_1.pop()

WHOLE_SUITE/test_stack5_WHOLE_SUITE.py:11: 
_ _ _ _ _ _ _ _ _ _ _ _ _ _ _ _ _ _ _ _ _ _ _ _ _ _ _ _ _ _ _ _ _ _ _ _ _ _ _ _ 

self = <class 'stack5.Stack'>

>   ???
E   AttributeError: type object 'Stack' has no attribute 'top'

stack5:11: AttributeError
[36m   -[0m [#   4] CDI stack5: 
--------------------------------------------------------------------------------
  12:         data = self.top.data
  13:         self.top = self.top.next
  14:         return data
  15:     
[34m- 16:     def peek(self):[0m
[34m- 17:         return self.top.data if self.top is not None else None[0m
[34m- 18:     [0m
[32m+ 16:     @classmethod[0m
[32m+ 17:     def peek(self):[0m
[32m+ 18:         return self.top.data if self.top is not None else None[0m
  19:     def is_empty(self):
  20:         return self.peek() is None
  21: 
  22: class Node(object):
--------------------------------------------------------------------------------
[0.15051 s] [32mkilled[0m by WHOLE_SUITE/test_stack5_WHOLE_SUITE.py::test_case_2

def test_case_2():
        stack_0 = module_0.Stack()
        var_0 = stack_0.push(stack_0)
>       var_1 = stack_0.is_empty()

WHOLE_SUITE/test_stack5_WHOLE_SUITE.py:29: 
_ _ _ _ _ _ _ _ _ _ _ _ _ _ _ _ _ _ _ _ _ _ _ _ _ _ _ _ _ _ _ _ _ _ _ _ _ _ _ _ 
stack5:20: in is_empty
    ???
_ _ _ _ _ _ _ _ _ _ _ _ _ _ _ _ _ _ _ _ _ _ _ _ _ _ _ _ _ _ _ _ _ _ _ _ _ _ _ _ 

self = <class 'stack5.Stack'>

>   ???
E   AttributeError: type object 'Stack' has no attribute 'top'

stack5:18: AttributeError
[36m   -[0m [#   5] CDI stack5: 
--------------------------------------------------------------------------------
  15:     
  16:     def peek(self):
  17:         return self.top.data if self.top is not None else None
  18:     
[34m- 19:     def is_empty(self):[0m
[34m- 20:         return self.peek() is None[0m
[34m- 21: [0m
[32m+ 19:     @classmethod[0m
[32m+ 20:     def is_empty(self):[0m
[32m+ 21:         return self.peek() is None[0m
  22: class Node(object):
  23:     
  24:     def __init__(self, data, next=None):
  25:         self.data = data
--------------------------------------------------------------------------------
[0.15315 s] [36mincompetent[0m

TypeError: stack5:21: TypeError: Stack.peek() missing 1 required positional argument: 'self'

[36m   -[0m [#   6] CDI stack5: 
--------------------------------------------------------------------------------
  20:         return self.peek() is None
  21: 
  22: class Node(object):
  23:     
[34m- 24:     def __init__(self, data, next=None):[0m
[34m- 25:         self.data = data[0m
[34m- 26:         self.next = next[0m
[32m+ 24:     @classmethod[0m
[32m+ 25:     def __init__(self, data, next=None):[0m
[32m+ 26:         self.data = data[0m
[32m+ 27:         self.next = next[0m
--------------------------------------------------------------------------------
[0.12642 s] [31msurvived[0m
[36m   -[0m [#   7] COI stack5: 
--------------------------------------------------------------------------------
   6:     def push(self, data):
   7:         self.top = Node(data, self.top)
   8:     
   9:     def pop(self):
[34m- 10:         if self.top is None:[0m
[32m+ 10:         if not (self.top is None):[0m
  11:             return None
  12:         data = self.top.data
  13:         self.top = self.top.next
  14:         return data
--------------------------------------------------------------------------------
[0.15732 s] [32mkilled[0m by WHOLE_SUITE/test_stack5_WHOLE_SUITE.py::test_case_0

def test_case_0():
        none_type_0 = None
        stack_0 = module_0.Stack()
        var_0 = stack_0.push(none_type_0)
        stack_1 = module_0.Stack()
>       var_1 = stack_1.pop()

WHOLE_SUITE/test_stack5_WHOLE_SUITE.py:11: 
_ _ _ _ _ _ _ _ _ _ _ _ _ _ _ _ _ _ _ _ _ _ _ _ _ _ _ _ _ _ _ _ _ _ _ _ _ _ _ _ 

self = <stack5.Stack object at 0x7f2c887be890>

>   ???
E   AttributeError: 'NoneType' object has no attribute 'data'

stack5:12: AttributeError
[36m   -[0m [#   8] SDI stack5: 
--------------------------------------------------------------------------------
   1: class Stack(object):
   2:     
[34m-  3:     def __init__(self, top=None):[0m
[34m-  4:         self.top = top[0m
[34m-  5:     [0m
[32m+  3:     @staticmethod[0m
[32m+  4:     def __init__(self, top=None):[0m
[32m+  5:         self.top = top[0m
   6:     def push(self, data):
   7:         self.top = Node(data, self.top)
   8:     
   9:     def pop(self):
--------------------------------------------------------------------------------
[0.14872 s] [36mincompetent[0m

TypeError: /home/lucca/desktop/ic/experimento/testes/python_experiments/stack5/WHOLE_SUITE/test_stack5_WHOLE_SUITE.py:8: TypeError: Stack.__init__() missing 1 required positional argument: 'self'

[36m   -[0m [#   9] SDI stack5: 
--------------------------------------------------------------------------------
   2:     
   3:     def __init__(self, top=None):
   4:         self.top = top
   5:     
[34m-  6:     def push(self, data):[0m
[34m-  7:         self.top = Node(data, self.top)[0m
[34m-  8:     [0m
[32m+  6:     @staticmethod[0m
[32m+  7:     def push(self, data):[0m
[32m+  8:         self.top = Node(data, self.top)[0m
   9:     def pop(self):
  10:         if self.top is None:
  11:             return None
  12:         data = self.top.data
--------------------------------------------------------------------------------
[0.14884 s] [36mincompetent[0m

TypeError: /home/lucca/desktop/ic/experimento/testes/python_experiments/stack5/WHOLE_SUITE/test_stack5_WHOLE_SUITE.py:9: TypeError: Stack.push() missing 1 required positional argument: 'data'

[36m   -[0m [#  10] SDI stack5: 
--------------------------------------------------------------------------------
   5:     
   6:     def push(self, data):
   7:         self.top = Node(data, self.top)
   8:     
[34m-  9:     def pop(self):[0m
[34m- 10:         if self.top is None:[0m
[34m- 11:             return None[0m
[34m- 12:         data = self.top.data[0m
[34m- 13:         self.top = self.top.next[0m
[34m- 14:         return data[0m
[34m- 15:     [0m
[32m+  9:     @staticmethod[0m
[32m+ 10:     def pop(self):[0m
[32m+ 11:         if self.top is None:[0m
[32m+ 12:             return None[0m
[32m+ 13:         data = self.top.data[0m
[32m+ 14:         self.top = self.top.next[0m
[32m+ 15:         return data[0m
  16:     def peek(self):
  17:         return self.top.data if self.top is not None else None
  18:     
  19:     def is_empty(self):
--------------------------------------------------------------------------------
[0.15736 s] [36mincompetent[0m

TypeError: /home/lucca/desktop/ic/experimento/testes/python_experiments/stack5/WHOLE_SUITE/test_stack5_WHOLE_SUITE.py:11: TypeError: Stack.pop() missing 1 required positional argument: 'self'

[36m   -[0m [#  11] SDI stack5: 
--------------------------------------------------------------------------------
  12:         data = self.top.data
  13:         self.top = self.top.next
  14:         return data
  15:     
[34m- 16:     def peek(self):[0m
[34m- 17:         return self.top.data if self.top is not None else None[0m
[34m- 18:     [0m
[32m+ 16:     @staticmethod[0m
[32m+ 17:     def peek(self):[0m
[32m+ 18:         return self.top.data if self.top is not None else None[0m
  19:     def is_empty(self):
  20:         return self.peek() is None
  21: 
  22: class Node(object):
--------------------------------------------------------------------------------
[0.16786 s] [36mincompetent[0m

TypeError: stack5:20: TypeError: Stack.peek() missing 1 required positional argument: 'self'

[36m   -[0m [#  12] SDI stack5: 
--------------------------------------------------------------------------------
  15:     
  16:     def peek(self):
  17:         return self.top.data if self.top is not None else None
  18:     
[34m- 19:     def is_empty(self):[0m
[34m- 20:         return self.peek() is None[0m
[34m- 21: [0m
[32m+ 19:     @staticmethod[0m
[32m+ 20:     def is_empty(self):[0m
[32m+ 21:         return self.peek() is None[0m
  22: class Node(object):
  23:     
  24:     def __init__(self, data, next=None):
  25:         self.data = data
--------------------------------------------------------------------------------
[0.16932 s] [36mincompetent[0m

TypeError: /home/lucca/desktop/ic/experimento/testes/python_experiments/stack5/WHOLE_SUITE/test_stack5_WHOLE_SUITE.py:29: TypeError: Stack.is_empty() missing 1 required positional argument: 'self'

[36m   -[0m [#  13] SDI stack5: 
--------------------------------------------------------------------------------
  20:         return self.peek() is None
  21: 
  22: class Node(object):
  23:     
[34m- 24:     def __init__(self, data, next=None):[0m
[34m- 25:         self.data = data[0m
[34m- 26:         self.next = next[0m
[32m+ 24:     @staticmethod[0m
[32m+ 25:     def __init__(self, data, next=None):[0m
[32m+ 26:         self.data = data[0m
[32m+ 27:         self.next = next[0m
--------------------------------------------------------------------------------
[0.16930 s] [32mkilled[0m by WHOLE_SUITE/test_stack5_WHOLE_SUITE.py::test_case_0

def test_case_0():
        none_type_0 = None
        stack_0 = module_0.Stack()
>       var_0 = stack_0.push(none_type_0)

WHOLE_SUITE/test_stack5_WHOLE_SUITE.py:9: 
_ _ _ _ _ _ _ _ _ _ _ _ _ _ _ _ _ _ _ _ _ _ _ _ _ _ _ _ _ _ _ _ _ _ _ _ _ _ _ _ 
stack5:7: in push
    ???
_ _ _ _ _ _ _ _ _ _ _ _ _ _ _ _ _ _ _ _ _ _ _ _ _ _ _ _ _ _ _ _ _ _ _ _ _ _ _ _ 

self = None, data = None, next = None

>   ???
E   AttributeError: 'NoneType' object has no attribute 'data'

stack5:26: AttributeError
[36m   -[0m [#  14] SDL stack5: 
--------------------------------------------------------------------------------
   1: class Stack(object):
   2:     
   3:     def __init__(self, top=None):
[34m-  4:         self.top = top[0m
[32m+  4:         pass[0m
   5:     
   6:     def push(self, data):
   7:         self.top = Node(data, self.top)
   8:     
--------------------------------------------------------------------------------
[0.15332 s] [32mkilled[0m by WHOLE_SUITE/test_stack5_WHOLE_SUITE.py::test_case_0

def test_case_0():
        none_type_0 = None
        stack_0 = module_0.Stack()
>       var_0 = stack_0.push(none_type_0)

WHOLE_SUITE/test_stack5_WHOLE_SUITE.py:9: 
_ _ _ _ _ _ _ _ _ _ _ _ _ _ _ _ _ _ _ _ _ _ _ _ _ _ _ _ _ _ _ _ _ _ _ _ _ _ _ _ 

self = <stack5.Stack object at 0x7f2c887bdc30>, data = None

>   ???
E   AttributeError: 'Stack' object has no attribute 'top'

stack5:7: AttributeError
[36m   -[0m [#  15] SDL stack5: 
--------------------------------------------------------------------------------
   3:     def __init__(self, top=None):
   4:         self.top = top
   5:     
   6:     def push(self, data):
[34m-  7:         self.top = Node(data, self.top)[0m
[32m+  7:         pass[0m
   8:     
   9:     def pop(self):
  10:         if self.top is None:
  11:             return None
--------------------------------------------------------------------------------
[0.15216 s] [32mkilled[0m by WHOLE_SUITE/test_stack5_WHOLE_SUITE.py::test_case_2

def test_case_2():
        stack_0 = module_0.Stack()
        var_0 = stack_0.push(stack_0)
        var_1 = stack_0.is_empty()
        var_2 = stack_0.pop()
        assert stack_0.top is None
>       assert f'{type(var_2).__module__}.{type(var_2).__qualname__}' == 'stack5.Stack'
E       AssertionError

WHOLE_SUITE/test_stack5_WHOLE_SUITE.py:32: AssertionError
[36m   -[0m [#  16] SDL stack5: 
--------------------------------------------------------------------------------
   7:         self.top = Node(data, self.top)
   8:     
   9:     def pop(self):
  10:         if self.top is None:
[34m- 11:             return None[0m
[32m+ 11:             pass[0m
  12:         data = self.top.data
  13:         self.top = self.top.next
  14:         return data
  15:     
--------------------------------------------------------------------------------
[0.17586 s] [32mkilled[0m by WHOLE_SUITE/test_stack5_WHOLE_SUITE.py::test_case_0

def test_case_0():
        none_type_0 = None
        stack_0 = module_0.Stack()
        var_0 = stack_0.push(none_type_0)
        stack_1 = module_0.Stack()
>       var_1 = stack_1.pop()

WHOLE_SUITE/test_stack5_WHOLE_SUITE.py:11: 
_ _ _ _ _ _ _ _ _ _ _ _ _ _ _ _ _ _ _ _ _ _ _ _ _ _ _ _ _ _ _ _ _ _ _ _ _ _ _ _ 

self = <stack5.Stack object at 0x7f2c887e76d0>

>   ???
E   AttributeError: 'NoneType' object has no attribute 'data'

stack5:12: AttributeError
[36m   -[0m [#  17] SDL stack5: 
--------------------------------------------------------------------------------
   8:     
   9:     def pop(self):
  10:         if self.top is None:
  11:             return None
[34m- 12:         data = self.top.data[0m
[32m+ 12:         pass[0m
  13:         self.top = self.top.next
  14:         return data
  15:     
  16:     def peek(self):
--------------------------------------------------------------------------------
[0.17226 s] [32mkilled[0m by WHOLE_SUITE/test_stack5_WHOLE_SUITE.py::test_case_2

def test_case_2():
        stack_0 = module_0.Stack()
        var_0 = stack_0.push(stack_0)
        var_1 = stack_0.is_empty()
>       var_2 = stack_0.pop()

WHOLE_SUITE/test_stack5_WHOLE_SUITE.py:30: 
_ _ _ _ _ _ _ _ _ _ _ _ _ _ _ _ _ _ _ _ _ _ _ _ _ _ _ _ _ _ _ _ _ _ _ _ _ _ _ _ 

self = <stack5.Stack object at 0x7f2c888d30a0>

>   ???
E   NameError: name 'data' is not defined

stack5:14: NameError
[36m   -[0m [#  18] SDL stack5: 
--------------------------------------------------------------------------------
   9:     def pop(self):
  10:         if self.top is None:
  11:             return None
  12:         data = self.top.data
[34m- 13:         self.top = self.top.next[0m
[32m+ 13:         pass[0m
  14:         return data
  15:     
  16:     def peek(self):
  17:         return self.top.data if self.top is not None else None
--------------------------------------------------------------------------------
[0.15444 s] [32mkilled[0m by WHOLE_SUITE/test_stack5_WHOLE_SUITE.py::test_case_2

def test_case_2():
        stack_0 = module_0.Stack()
        var_0 = stack_0.push(stack_0)
        var_1 = stack_0.is_empty()
        var_2 = stack_0.pop()
>       assert stack_0.top is None
E       AssertionError

WHOLE_SUITE/test_stack5_WHOLE_SUITE.py:31: AssertionError
[36m   -[0m [#  19] SDL stack5: 
--------------------------------------------------------------------------------
  10:         if self.top is None:
  11:             return None
  12:         data = self.top.data
  13:         self.top = self.top.next
[34m- 14:         return data[0m
[32m+ 14:         pass[0m
  15:     
  16:     def peek(self):
  17:         return self.top.data if self.top is not None else None
  18:     
--------------------------------------------------------------------------------
[0.15094 s] [32mkilled[0m by WHOLE_SUITE/test_stack5_WHOLE_SUITE.py::test_case_2

def test_case_2():
        stack_0 = module_0.Stack()
        var_0 = stack_0.push(stack_0)
        var_1 = stack_0.is_empty()
        var_2 = stack_0.pop()
        assert stack_0.top is None
>       assert f'{type(var_2).__module__}.{type(var_2).__qualname__}' == 'stack5.Stack'
E       AssertionError

WHOLE_SUITE/test_stack5_WHOLE_SUITE.py:32: AssertionError
[36m   -[0m [#  20] SDL stack5: 
--------------------------------------------------------------------------------
  13:         self.top = self.top.next
  14:         return data
  15:     
  16:     def peek(self):
[34m- 17:         return self.top.data if self.top is not None else None[0m
[32m+ 17:         pass[0m
  18:     
  19:     def is_empty(self):
  20:         return self.peek() is None
  21: 
--------------------------------------------------------------------------------
[0.12665 s] [31msurvived[0m
[36m   -[0m [#  21] SDL stack5: 
--------------------------------------------------------------------------------
  16:     def peek(self):
  17:         return self.top.data if self.top is not None else None
  18:     
  19:     def is_empty(self):
[34m- 20:         return self.peek() is None[0m
[32m+ 20:         pass[0m
  21: 
  22: class Node(object):
  23:     
  24:     def __init__(self, data, next=None):
--------------------------------------------------------------------------------
[0.12693 s] [31msurvived[0m
[36m   -[0m [#  22] SDL stack5: 
--------------------------------------------------------------------------------
  21: 
  22: class Node(object):
  23:     
  24:     def __init__(self, data, next=None):
[34m- 25:         self.data = data[0m
[32m+ 25:         pass[0m
  26:         self.next = next
--------------------------------------------------------------------------------
[0.15601 s] [32mkilled[0m by WHOLE_SUITE/test_stack5_WHOLE_SUITE.py::test_case_2

def test_case_2():
        stack_0 = module_0.Stack()
        var_0 = stack_0.push(stack_0)
>       var_1 = stack_0.is_empty()

WHOLE_SUITE/test_stack5_WHOLE_SUITE.py:29: 
_ _ _ _ _ _ _ _ _ _ _ _ _ _ _ _ _ _ _ _ _ _ _ _ _ _ _ _ _ _ _ _ _ _ _ _ _ _ _ _ 
stack5:20: in is_empty
    ???
_ _ _ _ _ _ _ _ _ _ _ _ _ _ _ _ _ _ _ _ _ _ _ _ _ _ _ _ _ _ _ _ _ _ _ _ _ _ _ _ 

self = <stack5.Stack object at 0x7f2c88807dc0>

>   ???
E   AttributeError: 'Node' object has no attribute 'data'

stack5:17: AttributeError
[36m   -[0m [#  23] SDL stack5: 
--------------------------------------------------------------------------------
  22: class Node(object):
  23:     
  24:     def __init__(self, data, next=None):
  25:         self.data = data
[34m- 26:         self.next = next[0m
[32m+ 26:         pass[0m
--------------------------------------------------------------------------------
[0.17153 s] [32mkilled[0m by WHOLE_SUITE/test_stack5_WHOLE_SUITE.py::test_case_2

def test_case_2():
        stack_0 = module_0.Stack()
        var_0 = stack_0.push(stack_0)
        var_1 = stack_0.is_empty()
>       var_2 = stack_0.pop()

WHOLE_SUITE/test_stack5_WHOLE_SUITE.py:30: 
_ _ _ _ _ _ _ _ _ _ _ _ _ _ _ _ _ _ _ _ _ _ _ _ _ _ _ _ _ _ _ _ _ _ _ _ _ _ _ _ 

self = <stack5.Stack object at 0x7f2c88807970>

>   ???
E   AttributeError: 'Node' object has no attribute 'next'

stack5:13: AttributeError
[36m   -[0m [#  24] SVD stack5: 
--------------------------------------------------------------------------------
   1: class Stack(object):
   2:     
   3:     def __init__(self, top=None):
[34m-  4:         self.top = top[0m
[32m+  4:         top = top[0m
   5:     
   6:     def push(self, data):
   7:         self.top = Node(data, self.top)
   8:     
--------------------------------------------------------------------------------
[0.00000 s] [36mincompetent[0m

ValueError: expression must have Store context but has Load instead

[36m   -[0m [#  25] SVD stack5: 
--------------------------------------------------------------------------------
   3:     def __init__(self, top=None):
   4:         self.top = top
   5:     
   6:     def push(self, data):
[34m-  7:         self.top = Node(data, self.top)[0m
[32m+  7:         top = Node(data, self.top)[0m
   8:     
   9:     def pop(self):
  10:         if self.top is None:
  11:             return None
--------------------------------------------------------------------------------
[0.00000 s] [36mincompetent[0m

ValueError: expression must have Store context but has Load instead

[36m   -[0m [#  26] SVD stack5: 
--------------------------------------------------------------------------------
   3:     def __init__(self, top=None):
   4:         self.top = top
   5:     
   6:     def push(self, data):
[34m-  7:         self.top = Node(data, self.top)[0m
[32m+  7:         self.top = Node(data, top)[0m
   8:     
   9:     def pop(self):
  10:         if self.top is None:
  11:             return None
--------------------------------------------------------------------------------
[0.16287 s] [32mkilled[0m by WHOLE_SUITE/test_stack5_WHOLE_SUITE.py::test_case_0

def test_case_0():
        none_type_0 = None
        stack_0 = module_0.Stack()
>       var_0 = stack_0.push(none_type_0)

WHOLE_SUITE/test_stack5_WHOLE_SUITE.py:9: 
_ _ _ _ _ _ _ _ _ _ _ _ _ _ _ _ _ _ _ _ _ _ _ _ _ _ _ _ _ _ _ _ _ _ _ _ _ _ _ _ 

self = <stack5.Stack object at 0x7f2c887e7280>, data = None

>   ???
E   NameError: name 'top' is not defined

stack5:7: NameError
[36m   -[0m [#  27] SVD stack5: 
--------------------------------------------------------------------------------
   6:     def push(self, data):
   7:         self.top = Node(data, self.top)
   8:     
   9:     def pop(self):
[34m- 10:         if self.top is None:[0m
[32m+ 10:         if top is None:[0m
  11:             return None
  12:         data = self.top.data
  13:         self.top = self.top.next
  14:         return data
--------------------------------------------------------------------------------
[0.17461 s] [32mkilled[0m by WHOLE_SUITE/test_stack5_WHOLE_SUITE.py::test_case_0

def test_case_0():
        none_type_0 = None
        stack_0 = module_0.Stack()
        var_0 = stack_0.push(none_type_0)
        stack_1 = module_0.Stack()
>       var_1 = stack_1.pop()

WHOLE_SUITE/test_stack5_WHOLE_SUITE.py:11: 
_ _ _ _ _ _ _ _ _ _ _ _ _ _ _ _ _ _ _ _ _ _ _ _ _ _ _ _ _ _ _ _ _ _ _ _ _ _ _ _ 

self = <stack5.Stack object at 0x7f2c88947100>

>   ???
E   NameError: name 'top' is not defined

stack5:10: NameError
[36m   -[0m [#  28] SVD stack5: 
--------------------------------------------------------------------------------
   8:     
   9:     def pop(self):
  10:         if self.top is None:
  11:             return None
[34m- 12:         data = self.top.data[0m
[32m+ 12:         data = top.data[0m
  13:         self.top = self.top.next
  14:         return data
  15:     
  16:     def peek(self):
--------------------------------------------------------------------------------
[0.15340 s] [32mkilled[0m by WHOLE_SUITE/test_stack5_WHOLE_SUITE.py::test_case_2

def test_case_2():
        stack_0 = module_0.Stack()
        var_0 = stack_0.push(stack_0)
        var_1 = stack_0.is_empty()
>       var_2 = stack_0.pop()

WHOLE_SUITE/test_stack5_WHOLE_SUITE.py:30: 
_ _ _ _ _ _ _ _ _ _ _ _ _ _ _ _ _ _ _ _ _ _ _ _ _ _ _ _ _ _ _ _ _ _ _ _ _ _ _ _ 

self = <stack5.Stack object at 0x7f2c888d3460>

>   ???
E   NameError: name 'top' is not defined

stack5:12: NameError
[36m   -[0m [#  29] SVD stack5: 
--------------------------------------------------------------------------------
   9:     def pop(self):
  10:         if self.top is None:
  11:             return None
  12:         data = self.top.data
[34m- 13:         self.top = self.top.next[0m
[32m+ 13:         top = self.top.next[0m
  14:         return data
  15:     
  16:     def peek(self):
  17:         return self.top.data if self.top is not None else None
--------------------------------------------------------------------------------
[0.00000 s] [36mincompetent[0m

ValueError: expression must have Store context but has Load instead

[36m   -[0m [#  30] SVD stack5: 
--------------------------------------------------------------------------------
   9:     def pop(self):
  10:         if self.top is None:
  11:             return None
  12:         data = self.top.data
[34m- 13:         self.top = self.top.next[0m
[32m+ 13:         self.top = top.next[0m
  14:         return data
  15:     
  16:     def peek(self):
  17:         return self.top.data if self.top is not None else None
--------------------------------------------------------------------------------
[0.16988 s] [32mkilled[0m by WHOLE_SUITE/test_stack5_WHOLE_SUITE.py::test_case_2

def test_case_2():
        stack_0 = module_0.Stack()
        var_0 = stack_0.push(stack_0)
        var_1 = stack_0.is_empty()
>       var_2 = stack_0.pop()

WHOLE_SUITE/test_stack5_WHOLE_SUITE.py:30: 
_ _ _ _ _ _ _ _ _ _ _ _ _ _ _ _ _ _ _ _ _ _ _ _ _ _ _ _ _ _ _ _ _ _ _ _ _ _ _ _ 

self = <stack5.Stack object at 0x7f2c88919900>

>   ???
E   NameError: name 'top' is not defined

stack5:13: NameError
[36m   -[0m [#  31] SVD stack5: 
--------------------------------------------------------------------------------
  13:         self.top = self.top.next
  14:         return data
  15:     
  16:     def peek(self):
[34m- 17:         return self.top.data if self.top is not None else None[0m
[32m+ 17:         return self.top.data if top is not None else None[0m
  18:     
  19:     def is_empty(self):
  20:         return self.peek() is None
  21: 
--------------------------------------------------------------------------------
[0.17139 s] [32mkilled[0m by WHOLE_SUITE/test_stack5_WHOLE_SUITE.py::test_case_2

def test_case_2():
        stack_0 = module_0.Stack()
        var_0 = stack_0.push(stack_0)
>       var_1 = stack_0.is_empty()

WHOLE_SUITE/test_stack5_WHOLE_SUITE.py:29: 
_ _ _ _ _ _ _ _ _ _ _ _ _ _ _ _ _ _ _ _ _ _ _ _ _ _ _ _ _ _ _ _ _ _ _ _ _ _ _ _ 
stack5:20: in is_empty
    ???
_ _ _ _ _ _ _ _ _ _ _ _ _ _ _ _ _ _ _ _ _ _ _ _ _ _ _ _ _ _ _ _ _ _ _ _ _ _ _ _ 

self = <stack5.Stack object at 0x7f2c888d1150>

>   ???
E   NameError: name 'top' is not defined

stack5:17: NameError
[36m   -[0m [#  32] SVD stack5: 
--------------------------------------------------------------------------------
  13:         self.top = self.top.next
  14:         return data
  15:     
  16:     def peek(self):
[34m- 17:         return self.top.data if self.top is not None else None[0m
[32m+ 17:         return top.data if self.top is not None else None[0m
  18:     
  19:     def is_empty(self):
  20:         return self.peek() is None
  21: 
--------------------------------------------------------------------------------
[0.15364 s] [32mkilled[0m by WHOLE_SUITE/test_stack5_WHOLE_SUITE.py::test_case_2

def test_case_2():
        stack_0 = module_0.Stack()
        var_0 = stack_0.push(stack_0)
>       var_1 = stack_0.is_empty()

WHOLE_SUITE/test_stack5_WHOLE_SUITE.py:29: 
_ _ _ _ _ _ _ _ _ _ _ _ _ _ _ _ _ _ _ _ _ _ _ _ _ _ _ _ _ _ _ _ _ _ _ _ _ _ _ _ 
stack5:20: in is_empty
    ???
_ _ _ _ _ _ _ _ _ _ _ _ _ _ _ _ _ _ _ _ _ _ _ _ _ _ _ _ _ _ _ _ _ _ _ _ _ _ _ _ 

self = <stack5.Stack object at 0x7f2c88946b30>

>   ???
E   NameError: name 'top' is not defined

stack5:17: NameError
[36m   -[0m [#  33] SVD stack5: 
--------------------------------------------------------------------------------
  16:     def peek(self):
  17:         return self.top.data if self.top is not None else None
  18:     
  19:     def is_empty(self):
[34m- 20:         return self.peek() is None[0m
[32m+ 20:         return peek() is None[0m
  21: 
  22: class Node(object):
  23:     
  24:     def __init__(self, data, next=None):
--------------------------------------------------------------------------------
[0.16946 s] [32mkilled[0m by WHOLE_SUITE/test_stack5_WHOLE_SUITE.py::test_case_2

def test_case_2():
        stack_0 = module_0.Stack()
        var_0 = stack_0.push(stack_0)
>       var_1 = stack_0.is_empty()

WHOLE_SUITE/test_stack5_WHOLE_SUITE.py:29: 
_ _ _ _ _ _ _ _ _ _ _ _ _ _ _ _ _ _ _ _ _ _ _ _ _ _ _ _ _ _ _ _ _ _ _ _ _ _ _ _ 

self = <stack5.Stack object at 0x7f2c88804dc0>

>   ???
E   NameError: name 'peek' is not defined

stack5:20: NameError
[36m   -[0m [#  34] SVD stack5: 
--------------------------------------------------------------------------------
  21: 
  22: class Node(object):
  23:     
  24:     def __init__(self, data, next=None):
[34m- 25:         self.data = data[0m
[32m+ 25:         data = data[0m
  26:         self.next = next
--------------------------------------------------------------------------------
[0.00000 s] [36mincompetent[0m

ValueError: expression must have Store context but has Load instead

[36m   -[0m [#  35] SVD stack5: 
--------------------------------------------------------------------------------
  22: class Node(object):
  23:     
  24:     def __init__(self, data, next=None):
  25:         self.data = data
[34m- 26:         self.next = next[0m
[32m+ 26:         next = next[0m
--------------------------------------------------------------------------------
[0.00000 s] [36mincompetent[0m

ValueError: expression must have Store context but has Load instead

[34m[*][0m Mutation score [6.17006 s]: [1m[34m87.5%[0m
[36m   -[0m all: 35
[36m   -[0m killed: 21 (60.0%)
[36m   -[0m survived: 3 (8.6%)
[36m   -[0m incompetent: 11 (31.4%)
[36m   -[0m timeout: 0 (0.0%)
