<!DOCTYPE html><html lang="en"><head><meta charset="utf-8" /><meta name="viewport" content="width=device-width, initial-scale=1, shrink-to-fit=no" /><link rel="stylesheet" href="https://stackpath.bootstrapcdn.com/bootstrap/4.3.1/css/bootstrap.min.css" integrity="sha384-ggOyR0iXCbMQv3Xipma34MD+dH/1fQ784/j6cY/iJTQUOhcWr7x9JvoRxT2MZw1T" crossorigin="anonymous" /><title>Cosmic Ray Report</title></head><body><div class="container"><h1><p class="text-dark">Cosmic Ray Report</p></h1></div><div class="container"><div class="mb-1" id="summary_info___accordion"><div class="card"><a data-toggle="collapse" data-target="#summary_info___collapse_1" aria-expanded="true" aria-controls="summary_info___collapse_1" href="#"><div class="card-header" id="summary_info___heading_1"><button class="btn btn-outline-dark"><h4 class="m-0">Summary info</h4></button></div></a><div aria-labelledby="summary_info___heading_1" data-parent="#summary_info___accordion" class="collapse show" id="summary_info___collapse_1"><div class="card-body"><p>Date time: 24/02/2024 13:46:53</p><p>Total jobs: 72</p><p>Complete: 72 (100.00%)</p><p>Surviving mutants: 3 (4.17%)</p></div></div></div></div><div class="mb-1" id="job_list___accordion"><div class="card"><a data-toggle="collapse" data-target="#job_list___collapse_1" aria-expanded="false" aria-controls="job_list___collapse_1" href="#"><div class="card-header" id="job_list___heading_1"><button class="btn btn-outline-dark"><h4 class="m-0">Job list</h4></button></div></a><div aria-labelledby="job_list___heading_1" data-parent="#job_list___accordion" class="collapse" id="job_list___collapse_1"><div class="card-body"><div class="text-right mb-1"><div class="mx-1" id="job_item_expand_all"><a href="#" onclick="$('div.job_list___sub_multi_collapse').collapse('show');"><button class="btn btn-outline-dark"><span>Expand All</span></button></a></div><div class="mx-1" id="job_item_collapse_all"><a href="#" onclick="$('div.job_list___sub_multi_collapse').collapse('hide');"><button class="btn btn-outline-dark"><span>Collapse All</span></button></a></div></div><div class="mb-1" id="job_list___sub_accordion_1"><div class="card"><a data-toggle="collapse" data-target="#job_list___sub_collapse_1_1" aria-expanded="false" aria-controls="job_list___sub_collapse_1_1" href="#" class="job_list___sub_multi_heading"><div role="alert" class="card-header alert-success" id="job_list___sub_heading_1_1"><button class="btn btn-outline-success"><span class="job_id">1 : Job ID 9cda1bd92e3c44e1a7861e4968b72b2a</span></button></div></a><div aria-labelledby="job_list___sub_heading_1_1" data-parent="#job_list___sub_accordion_1" class="collapse job_list___sub_multi_collapse" id="job_list___sub_collapse_1_1"><div class="card-body"><div class="work-item"><div class="alert alert-success test-outcome" role="alert"><p>worker outcome: normal</p><p>test outcome: killed</p></div></div><pre class="location"><a href="pycharm://open?file=stack4.py&amp;line=84" class="text-secondary"><button class="btn btn-outline-dark">stack4.py, start pos: (84, 38), end pos: (84, 39)</button></a></pre><pre>operator: core/ReplaceBinaryOperator_Add_Sub, occurrence: 0</pre><div class="alert alert-secondary"><pre class="diff">--- mutation diff ---
--- astack4.py
+++ bstack4.py
@@ -81,7 +81,7 @@
         curr = self.head
         display = '('
         while curr:
-            display += str(curr.data) + ', '
+            display += str(curr.data) - ', '
             curr = curr.next
         return display[:-2] + ')'
 </pre></div><div class="alert alert-secondary"><pre class="diff">============================= test session starts ==============================
platform linux -- Python 3.10.12, pytest-7.1.3, pluggy-1.0.0
rootdir: /home/lucca/desktop/ic/experimento/testes/python_experiments/stack4/ALL-SMART-GPT-COSMICRAY
plugins: Faker-15.1.1, hypothesis-6.56.3
collected 66 items

test_stack4_COSMICRAY.py ...                                             [  4%]
test_stack4_DYNAMOSA.py ......F.....F...                                 [ 28%]
test_stack4_EX.py .                                                      [ 30%]
test_stack4_MIO.py ...............FF...                                  [ 60%]
test_stack4_MOSA.py .F.FFF...F......F                                    [ 86%]
test_stack4_WHOLE_SUITE.py .F.......                                     [100%]

=========================== short test summary info ============================
FAILED test_stack4_DYNAMOSA.py::test_case_6 - TypeError: unsupported operand ...
FAILED test_stack4_DYNAMOSA.py::test_case_12 - TypeError: unsupported operand...
FAILED test_stack4_MIO.py::test_case_15 - TypeError: unsupported operand type...
FAILED test_stack4_MIO.py::test_case_16 - TypeError: unsupported operand type...
FAILED test_stack4_MOSA.py::test_case_1 - TypeError: unsupported operand type...
FAILED test_stack4_MOSA.py::test_case_3 - TypeError: unsupported operand type...
FAILED test_stack4_MOSA.py::test_case_4 - TypeError: unsupported operand type...
FAILED test_stack4_MOSA.py::test_case_5 - TypeError: unsupported operand type...
FAILED test_stack4_MOSA.py::test_case_9 - TypeError: unsupported operand type...
FAILED test_stack4_MOSA.py::test_case_16 - TypeError: unsupported operand typ...
FAILED test_stack4_WHOLE_SUITE.py::test_case_1 - TypeError: unsupported opera...
======================== 11 failed, 55 passed in 0.23s =========================
</pre></div></div></div></div></div><div class="mb-1" id="job_list___sub_accordion_2"><div class="card"><a data-toggle="collapse" data-target="#job_list___sub_collapse_2_1" aria-expanded="false" aria-controls="job_list___sub_collapse_2_1" href="#" class="job_list___sub_multi_heading"><div role="alert" class="card-header alert-success" id="job_list___sub_heading_2_1"><button class="btn btn-outline-success"><span class="job_id">2 : Job ID ba778697e92d467bbc8aa548bdfd69a9</span></button></div></a><div aria-labelledby="job_list___sub_heading_2_1" data-parent="#job_list___sub_accordion_2" class="collapse job_list___sub_multi_collapse" id="job_list___sub_collapse_2_1"><div class="card-body"><div class="work-item"><div class="alert alert-success test-outcome" role="alert"><p>worker outcome: normal</p><p>test outcome: killed</p></div></div><pre class="location"><a href="pycharm://open?file=stack4.py&amp;line=86" class="text-secondary"><button class="btn btn-outline-dark">stack4.py, start pos: (86, 28), end pos: (86, 29)</button></a></pre><pre>operator: core/ReplaceBinaryOperator_Add_Sub, occurrence: 1</pre><div class="alert alert-secondary"><pre class="diff">--- mutation diff ---
--- astack4.py
+++ bstack4.py
@@ -83,7 +83,7 @@
         while curr:
             display += str(curr.data) + ', '
             curr = curr.next
-        return display[:-2] + ')'
+        return display[:-2] - ')'
 
 
 class Stack(object):</pre></div><div class="alert alert-secondary"><pre class="diff">============================= test session starts ==============================
platform linux -- Python 3.10.12, pytest-7.1.3, pluggy-1.0.0
rootdir: /home/lucca/desktop/ic/experimento/testes/python_experiments/stack4/ALL-SMART-GPT-COSMICRAY
plugins: Faker-15.1.1, hypothesis-6.56.3
collected 66 items

test_stack4_COSMICRAY.py ...                                             [  4%]
test_stack4_DYNAMOSA.py ......FF....F...                                 [ 28%]
test_stack4_EX.py .                                                      [ 30%]
test_stack4_MIO.py ...............FFF..                                  [ 60%]
test_stack4_MOSA.py .F.FFF...FF.....F                                    [ 86%]
test_stack4_WHOLE_SUITE.py FFF......                                     [100%]

=========================== short test summary info ============================
FAILED test_stack4_DYNAMOSA.py::test_case_6 - TypeError: unsupported operand ...
FAILED test_stack4_DYNAMOSA.py::test_case_7 - TypeError: unsupported operand ...
FAILED test_stack4_DYNAMOSA.py::test_case_12 - TypeError: unsupported operand...
FAILED test_stack4_MIO.py::test_case_15 - TypeError: unsupported operand type...
FAILED test_stack4_MIO.py::test_case_16 - TypeError: unsupported operand type...
FAILED test_stack4_MIO.py::test_case_17 - TypeError: unsupported operand type...
FAILED test_stack4_MOSA.py::test_case_1 - TypeError: unsupported operand type...
FAILED test_stack4_MOSA.py::test_case_3 - TypeError: unsupported operand type...
FAILED test_stack4_MOSA.py::test_case_4 - TypeError: unsupported operand type...
FAILED test_stack4_MOSA.py::test_case_5 - TypeError: unsupported operand type...
FAILED test_stack4_MOSA.py::test_case_9 - TypeError: unsupported operand type...
FAILED test_stack4_MOSA.py::test_case_10 - TypeError: unsupported operand typ...
FAILED test_stack4_MOSA.py::test_case_16 - TypeError: unsupported operand typ...
FAILED test_stack4_WHOLE_SUITE.py::test_case_0 - TypeError: unsupported opera...
FAILED test_stack4_WHOLE_SUITE.py::test_case_1 - TypeError: unsupported opera...
FAILED test_stack4_WHOLE_SUITE.py::test_case_2 - TypeError: unsupported opera...
======================== 16 failed, 50 passed in 0.21s =========================
</pre></div></div></div></div></div><div class="mb-1" id="job_list___sub_accordion_3"><div class="card"><a data-toggle="collapse" data-target="#job_list___sub_collapse_3_1" aria-expanded="false" aria-controls="job_list___sub_collapse_3_1" href="#" class="job_list___sub_multi_heading"><div role="alert" class="card-header alert-success" id="job_list___sub_heading_3_1"><button class="btn btn-outline-success"><span class="job_id">3 : Job ID af65897d16d14c258a301e5fb91c453c</span></button></div></a><div aria-labelledby="job_list___sub_heading_3_1" data-parent="#job_list___sub_accordion_3" class="collapse job_list___sub_multi_collapse" id="job_list___sub_collapse_3_1"><div class="card-body"><div class="work-item"><div class="alert alert-success test-outcome" role="alert"><p>worker outcome: normal</p><p>test outcome: killed</p></div></div><pre class="location"><a href="pycharm://open?file=stack4.py&amp;line=84" class="text-secondary"><button class="btn btn-outline-dark">stack4.py, start pos: (84, 38), end pos: (84, 39)</button></a></pre><pre>operator: core/ReplaceBinaryOperator_Add_Mul, occurrence: 0</pre><div class="alert alert-secondary"><pre class="diff">--- mutation diff ---
--- astack4.py
+++ bstack4.py
@@ -81,7 +81,7 @@
         curr = self.head
         display = '('
         while curr:
-            display += str(curr.data) + ', '
+            display += str(curr.data) * ', '
             curr = curr.next
         return display[:-2] + ')'
 </pre></div><div class="alert alert-secondary"><pre class="diff">============================= test session starts ==============================
platform linux -- Python 3.10.12, pytest-7.1.3, pluggy-1.0.0
rootdir: /home/lucca/desktop/ic/experimento/testes/python_experiments/stack4/ALL-SMART-GPT-COSMICRAY
plugins: Faker-15.1.1, hypothesis-6.56.3
collected 66 items

test_stack4_COSMICRAY.py ...                                             [  4%]
test_stack4_DYNAMOSA.py ......F.....F...                                 [ 28%]
test_stack4_EX.py .                                                      [ 30%]
test_stack4_MIO.py ...............FF...                                  [ 60%]
test_stack4_MOSA.py .F.FFF...F......F                                    [ 86%]
test_stack4_WHOLE_SUITE.py .F.......                                     [100%]

=========================== short test summary info ============================
FAILED test_stack4_DYNAMOSA.py::test_case_6 - TypeError: can't multiply seque...
FAILED test_stack4_DYNAMOSA.py::test_case_12 - TypeError: can't multiply sequ...
FAILED test_stack4_MIO.py::test_case_15 - TypeError: can't multiply sequence ...
FAILED test_stack4_MIO.py::test_case_16 - TypeError: can't multiply sequence ...
FAILED test_stack4_MOSA.py::test_case_1 - TypeError: can't multiply sequence ...
FAILED test_stack4_MOSA.py::test_case_3 - TypeError: can't multiply sequence ...
FAILED test_stack4_MOSA.py::test_case_4 - TypeError: can't multiply sequence ...
FAILED test_stack4_MOSA.py::test_case_5 - TypeError: can't multiply sequence ...
FAILED test_stack4_MOSA.py::test_case_9 - TypeError: can't multiply sequence ...
FAILED test_stack4_MOSA.py::test_case_16 - TypeError: can't multiply sequence...
FAILED test_stack4_WHOLE_SUITE.py::test_case_1 - TypeError: can't multiply se...
======================== 11 failed, 55 passed in 0.21s =========================
</pre></div></div></div></div></div><div class="mb-1" id="job_list___sub_accordion_4"><div class="card"><a data-toggle="collapse" data-target="#job_list___sub_collapse_4_1" aria-expanded="false" aria-controls="job_list___sub_collapse_4_1" href="#" class="job_list___sub_multi_heading"><div role="alert" class="card-header alert-success" id="job_list___sub_heading_4_1"><button class="btn btn-outline-success"><span class="job_id">4 : Job ID dad1959d11134218bbc6b053ce6391a7</span></button></div></a><div aria-labelledby="job_list___sub_heading_4_1" data-parent="#job_list___sub_accordion_4" class="collapse job_list___sub_multi_collapse" id="job_list___sub_collapse_4_1"><div class="card-body"><div class="work-item"><div class="alert alert-success test-outcome" role="alert"><p>worker outcome: normal</p><p>test outcome: killed</p></div></div><pre class="location"><a href="pycharm://open?file=stack4.py&amp;line=86" class="text-secondary"><button class="btn btn-outline-dark">stack4.py, start pos: (86, 28), end pos: (86, 29)</button></a></pre><pre>operator: core/ReplaceBinaryOperator_Add_Mul, occurrence: 1</pre><div class="alert alert-secondary"><pre class="diff">--- mutation diff ---
--- astack4.py
+++ bstack4.py
@@ -83,7 +83,7 @@
         while curr:
             display += str(curr.data) + ', '
             curr = curr.next
-        return display[:-2] + ')'
+        return display[:-2] * ')'
 
 
 class Stack(object):</pre></div><div class="alert alert-secondary"><pre class="diff">============================= test session starts ==============================
platform linux -- Python 3.10.12, pytest-7.1.3, pluggy-1.0.0
rootdir: /home/lucca/desktop/ic/experimento/testes/python_experiments/stack4/ALL-SMART-GPT-COSMICRAY
plugins: Faker-15.1.1, hypothesis-6.56.3
collected 66 items

test_stack4_COSMICRAY.py ...                                             [  4%]
test_stack4_DYNAMOSA.py ......FF....F...                                 [ 28%]
test_stack4_EX.py .                                                      [ 30%]
test_stack4_MIO.py ...............FFF..                                  [ 60%]
test_stack4_MOSA.py .F.FFF...FF.....F                                    [ 86%]
test_stack4_WHOLE_SUITE.py FFF......                                     [100%]

=========================== short test summary info ============================
FAILED test_stack4_DYNAMOSA.py::test_case_6 - TypeError: can't multiply seque...
FAILED test_stack4_DYNAMOSA.py::test_case_7 - TypeError: can't multiply seque...
FAILED test_stack4_DYNAMOSA.py::test_case_12 - TypeError: can't multiply sequ...
FAILED test_stack4_MIO.py::test_case_15 - TypeError: can't multiply sequence ...
FAILED test_stack4_MIO.py::test_case_16 - TypeError: can't multiply sequence ...
FAILED test_stack4_MIO.py::test_case_17 - TypeError: can't multiply sequence ...
FAILED test_stack4_MOSA.py::test_case_1 - TypeError: can't multiply sequence ...
FAILED test_stack4_MOSA.py::test_case_3 - TypeError: can't multiply sequence ...
FAILED test_stack4_MOSA.py::test_case_4 - TypeError: can't multiply sequence ...
FAILED test_stack4_MOSA.py::test_case_5 - TypeError: can't multiply sequence ...
FAILED test_stack4_MOSA.py::test_case_9 - TypeError: can't multiply sequence ...
FAILED test_stack4_MOSA.py::test_case_10 - TypeError: can't multiply sequence...
FAILED test_stack4_MOSA.py::test_case_16 - TypeError: can't multiply sequence...
FAILED test_stack4_WHOLE_SUITE.py::test_case_0 - TypeError: can't multiply se...
FAILED test_stack4_WHOLE_SUITE.py::test_case_1 - TypeError: can't multiply se...
FAILED test_stack4_WHOLE_SUITE.py::test_case_2 - TypeError: can't multiply se...
======================== 16 failed, 50 passed in 0.23s =========================
</pre></div></div></div></div></div><div class="mb-1" id="job_list___sub_accordion_5"><div class="card"><a data-toggle="collapse" data-target="#job_list___sub_collapse_5_1" aria-expanded="false" aria-controls="job_list___sub_collapse_5_1" href="#" class="job_list___sub_multi_heading"><div role="alert" class="card-header alert-success" id="job_list___sub_heading_5_1"><button class="btn btn-outline-success"><span class="job_id">5 : Job ID 935e4389241e463297d536536c041820</span></button></div></a><div aria-labelledby="job_list___sub_heading_5_1" data-parent="#job_list___sub_accordion_5" class="collapse job_list___sub_multi_collapse" id="job_list___sub_collapse_5_1"><div class="card-body"><div class="work-item"><div class="alert alert-success test-outcome" role="alert"><p>worker outcome: normal</p><p>test outcome: killed</p></div></div><pre class="location"><a href="pycharm://open?file=stack4.py&amp;line=84" class="text-secondary"><button class="btn btn-outline-dark">stack4.py, start pos: (84, 38), end pos: (84, 39)</button></a></pre><pre>operator: core/ReplaceBinaryOperator_Add_Div, occurrence: 0</pre><div class="alert alert-secondary"><pre class="diff">--- mutation diff ---
--- astack4.py
+++ bstack4.py
@@ -81,7 +81,7 @@
         curr = self.head
         display = '('
         while curr:
-            display += str(curr.data) + ', '
+            display += str(curr.data) / ', '
             curr = curr.next
         return display[:-2] + ')'
 </pre></div><div class="alert alert-secondary"><pre class="diff">============================= test session starts ==============================
platform linux -- Python 3.10.12, pytest-7.1.3, pluggy-1.0.0
rootdir: /home/lucca/desktop/ic/experimento/testes/python_experiments/stack4/ALL-SMART-GPT-COSMICRAY
plugins: Faker-15.1.1, hypothesis-6.56.3
collected 66 items

test_stack4_COSMICRAY.py ...                                             [  4%]
test_stack4_DYNAMOSA.py ......F.....F...                                 [ 28%]
test_stack4_EX.py .                                                      [ 30%]
test_stack4_MIO.py ...............FF...                                  [ 60%]
test_stack4_MOSA.py .F.FFF...F......F                                    [ 86%]
test_stack4_WHOLE_SUITE.py .F.......                                     [100%]

=========================== short test summary info ============================
FAILED test_stack4_DYNAMOSA.py::test_case_6 - TypeError: unsupported operand ...
FAILED test_stack4_DYNAMOSA.py::test_case_12 - TypeError: unsupported operand...
FAILED test_stack4_MIO.py::test_case_15 - TypeError: unsupported operand type...
FAILED test_stack4_MIO.py::test_case_16 - TypeError: unsupported operand type...
FAILED test_stack4_MOSA.py::test_case_1 - TypeError: unsupported operand type...
FAILED test_stack4_MOSA.py::test_case_3 - TypeError: unsupported operand type...
FAILED test_stack4_MOSA.py::test_case_4 - TypeError: unsupported operand type...
FAILED test_stack4_MOSA.py::test_case_5 - TypeError: unsupported operand type...
FAILED test_stack4_MOSA.py::test_case_9 - TypeError: unsupported operand type...
FAILED test_stack4_MOSA.py::test_case_16 - TypeError: unsupported operand typ...
FAILED test_stack4_WHOLE_SUITE.py::test_case_1 - TypeError: unsupported opera...
======================== 11 failed, 55 passed in 0.19s =========================
</pre></div></div></div></div></div><div class="mb-1" id="job_list___sub_accordion_6"><div class="card"><a data-toggle="collapse" data-target="#job_list___sub_collapse_6_1" aria-expanded="false" aria-controls="job_list___sub_collapse_6_1" href="#" class="job_list___sub_multi_heading"><div role="alert" class="card-header alert-success" id="job_list___sub_heading_6_1"><button class="btn btn-outline-success"><span class="job_id">6 : Job ID ca3c81a4f572482f823faab43a6455bc</span></button></div></a><div aria-labelledby="job_list___sub_heading_6_1" data-parent="#job_list___sub_accordion_6" class="collapse job_list___sub_multi_collapse" id="job_list___sub_collapse_6_1"><div class="card-body"><div class="work-item"><div class="alert alert-success test-outcome" role="alert"><p>worker outcome: normal</p><p>test outcome: killed</p></div></div><pre class="location"><a href="pycharm://open?file=stack4.py&amp;line=86" class="text-secondary"><button class="btn btn-outline-dark">stack4.py, start pos: (86, 28), end pos: (86, 29)</button></a></pre><pre>operator: core/ReplaceBinaryOperator_Add_Div, occurrence: 1</pre><div class="alert alert-secondary"><pre class="diff">--- mutation diff ---
--- astack4.py
+++ bstack4.py
@@ -83,7 +83,7 @@
         while curr:
             display += str(curr.data) + ', '
             curr = curr.next
-        return display[:-2] + ')'
+        return display[:-2] / ')'
 
 
 class Stack(object):</pre></div><div class="alert alert-secondary"><pre class="diff">============================= test session starts ==============================
platform linux -- Python 3.10.12, pytest-7.1.3, pluggy-1.0.0
rootdir: /home/lucca/desktop/ic/experimento/testes/python_experiments/stack4/ALL-SMART-GPT-COSMICRAY
plugins: Faker-15.1.1, hypothesis-6.56.3
collected 66 items

test_stack4_COSMICRAY.py ...                                             [  4%]
test_stack4_DYNAMOSA.py ......FF....F...                                 [ 28%]
test_stack4_EX.py .                                                      [ 30%]
test_stack4_MIO.py ...............FFF..                                  [ 60%]
test_stack4_MOSA.py .F.FFF...FF.....F                                    [ 86%]
test_stack4_WHOLE_SUITE.py FFF......                                     [100%]

=========================== short test summary info ============================
FAILED test_stack4_DYNAMOSA.py::test_case_6 - TypeError: unsupported operand ...
FAILED test_stack4_DYNAMOSA.py::test_case_7 - TypeError: unsupported operand ...
FAILED test_stack4_DYNAMOSA.py::test_case_12 - TypeError: unsupported operand...
FAILED test_stack4_MIO.py::test_case_15 - TypeError: unsupported operand type...
FAILED test_stack4_MIO.py::test_case_16 - TypeError: unsupported operand type...
FAILED test_stack4_MIO.py::test_case_17 - TypeError: unsupported operand type...
FAILED test_stack4_MOSA.py::test_case_1 - TypeError: unsupported operand type...
FAILED test_stack4_MOSA.py::test_case_3 - TypeError: unsupported operand type...
FAILED test_stack4_MOSA.py::test_case_4 - TypeError: unsupported operand type...
FAILED test_stack4_MOSA.py::test_case_5 - TypeError: unsupported operand type...
FAILED test_stack4_MOSA.py::test_case_9 - TypeError: unsupported operand type...
FAILED test_stack4_MOSA.py::test_case_10 - TypeError: unsupported operand typ...
FAILED test_stack4_MOSA.py::test_case_16 - TypeError: unsupported operand typ...
FAILED test_stack4_WHOLE_SUITE.py::test_case_0 - TypeError: unsupported opera...
FAILED test_stack4_WHOLE_SUITE.py::test_case_1 - TypeError: unsupported opera...
FAILED test_stack4_WHOLE_SUITE.py::test_case_2 - TypeError: unsupported opera...
======================== 16 failed, 50 passed in 0.20s =========================
</pre></div></div></div></div></div><div class="mb-1" id="job_list___sub_accordion_7"><div class="card"><a data-toggle="collapse" data-target="#job_list___sub_collapse_7_1" aria-expanded="false" aria-controls="job_list___sub_collapse_7_1" href="#" class="job_list___sub_multi_heading"><div role="alert" class="card-header alert-success" id="job_list___sub_heading_7_1"><button class="btn btn-outline-success"><span class="job_id">7 : Job ID d1ac213e03a344ef983c2cc937434ae8</span></button></div></a><div aria-labelledby="job_list___sub_heading_7_1" data-parent="#job_list___sub_accordion_7" class="collapse job_list___sub_multi_collapse" id="job_list___sub_collapse_7_1"><div class="card-body"><div class="work-item"><div class="alert alert-success test-outcome" role="alert"><p>worker outcome: normal</p><p>test outcome: killed</p></div></div><pre class="location"><a href="pycharm://open?file=stack4.py&amp;line=84" class="text-secondary"><button class="btn btn-outline-dark">stack4.py, start pos: (84, 38), end pos: (84, 39)</button></a></pre><pre>operator: core/ReplaceBinaryOperator_Add_FloorDiv, occurrence: 0</pre><div class="alert alert-secondary"><pre class="diff">--- mutation diff ---
--- astack4.py
+++ bstack4.py
@@ -81,7 +81,7 @@
         curr = self.head
         display = '('
         while curr:
-            display += str(curr.data) + ', '
+            display += str(curr.data) // ', '
             curr = curr.next
         return display[:-2] + ')'
 </pre></div><div class="alert alert-secondary"><pre class="diff">============================= test session starts ==============================
platform linux -- Python 3.10.12, pytest-7.1.3, pluggy-1.0.0
rootdir: /home/lucca/desktop/ic/experimento/testes/python_experiments/stack4/ALL-SMART-GPT-COSMICRAY
plugins: Faker-15.1.1, hypothesis-6.56.3
collected 66 items

test_stack4_COSMICRAY.py ...                                             [  4%]
test_stack4_DYNAMOSA.py ......F.....F...                                 [ 28%]
test_stack4_EX.py .                                                      [ 30%]
test_stack4_MIO.py ...............FF...                                  [ 60%]
test_stack4_MOSA.py .F.FFF...F......F                                    [ 86%]
test_stack4_WHOLE_SUITE.py .F.......                                     [100%]

=========================== short test summary info ============================
FAILED test_stack4_DYNAMOSA.py::test_case_6 - TypeError: unsupported operand ...
FAILED test_stack4_DYNAMOSA.py::test_case_12 - TypeError: unsupported operand...
FAILED test_stack4_MIO.py::test_case_15 - TypeError: unsupported operand type...
FAILED test_stack4_MIO.py::test_case_16 - TypeError: unsupported operand type...
FAILED test_stack4_MOSA.py::test_case_1 - TypeError: unsupported operand type...
FAILED test_stack4_MOSA.py::test_case_3 - TypeError: unsupported operand type...
FAILED test_stack4_MOSA.py::test_case_4 - TypeError: unsupported operand type...
FAILED test_stack4_MOSA.py::test_case_5 - TypeError: unsupported operand type...
FAILED test_stack4_MOSA.py::test_case_9 - TypeError: unsupported operand type...
FAILED test_stack4_MOSA.py::test_case_16 - TypeError: unsupported operand typ...
FAILED test_stack4_WHOLE_SUITE.py::test_case_1 - TypeError: unsupported opera...
======================== 11 failed, 55 passed in 0.18s =========================
</pre></div></div></div></div></div><div class="mb-1" id="job_list___sub_accordion_8"><div class="card"><a data-toggle="collapse" data-target="#job_list___sub_collapse_8_1" aria-expanded="false" aria-controls="job_list___sub_collapse_8_1" href="#" class="job_list___sub_multi_heading"><div role="alert" class="card-header alert-success" id="job_list___sub_heading_8_1"><button class="btn btn-outline-success"><span class="job_id">8 : Job ID dad6d68fbbb64174b9cfa14a1a495af0</span></button></div></a><div aria-labelledby="job_list___sub_heading_8_1" data-parent="#job_list___sub_accordion_8" class="collapse job_list___sub_multi_collapse" id="job_list___sub_collapse_8_1"><div class="card-body"><div class="work-item"><div class="alert alert-success test-outcome" role="alert"><p>worker outcome: normal</p><p>test outcome: killed</p></div></div><pre class="location"><a href="pycharm://open?file=stack4.py&amp;line=86" class="text-secondary"><button class="btn btn-outline-dark">stack4.py, start pos: (86, 28), end pos: (86, 29)</button></a></pre><pre>operator: core/ReplaceBinaryOperator_Add_FloorDiv, occurrence: 1</pre><div class="alert alert-secondary"><pre class="diff">--- mutation diff ---
--- astack4.py
+++ bstack4.py
@@ -83,7 +83,7 @@
         while curr:
             display += str(curr.data) + ', '
             curr = curr.next
-        return display[:-2] + ')'
+        return display[:-2] // ')'
 
 
 class Stack(object):</pre></div><div class="alert alert-secondary"><pre class="diff">============================= test session starts ==============================
platform linux -- Python 3.10.12, pytest-7.1.3, pluggy-1.0.0
rootdir: /home/lucca/desktop/ic/experimento/testes/python_experiments/stack4/ALL-SMART-GPT-COSMICRAY
plugins: Faker-15.1.1, hypothesis-6.56.3
collected 66 items

test_stack4_COSMICRAY.py ...                                             [  4%]
test_stack4_DYNAMOSA.py ......FF....F...                                 [ 28%]
test_stack4_EX.py .                                                      [ 30%]
test_stack4_MIO.py ...............FFF..                                  [ 60%]
test_stack4_MOSA.py .F.FFF...FF.....F                                    [ 86%]
test_stack4_WHOLE_SUITE.py FFF......                                     [100%]

=========================== short test summary info ============================
FAILED test_stack4_DYNAMOSA.py::test_case_6 - TypeError: unsupported operand ...
FAILED test_stack4_DYNAMOSA.py::test_case_7 - TypeError: unsupported operand ...
FAILED test_stack4_DYNAMOSA.py::test_case_12 - TypeError: unsupported operand...
FAILED test_stack4_MIO.py::test_case_15 - TypeError: unsupported operand type...
FAILED test_stack4_MIO.py::test_case_16 - TypeError: unsupported operand type...
FAILED test_stack4_MIO.py::test_case_17 - TypeError: unsupported operand type...
FAILED test_stack4_MOSA.py::test_case_1 - TypeError: unsupported operand type...
FAILED test_stack4_MOSA.py::test_case_3 - TypeError: unsupported operand type...
FAILED test_stack4_MOSA.py::test_case_4 - TypeError: unsupported operand type...
FAILED test_stack4_MOSA.py::test_case_5 - TypeError: unsupported operand type...
FAILED test_stack4_MOSA.py::test_case_9 - TypeError: unsupported operand type...
FAILED test_stack4_MOSA.py::test_case_10 - TypeError: unsupported operand typ...
FAILED test_stack4_MOSA.py::test_case_16 - TypeError: unsupported operand typ...
FAILED test_stack4_WHOLE_SUITE.py::test_case_0 - TypeError: unsupported opera...
FAILED test_stack4_WHOLE_SUITE.py::test_case_1 - TypeError: unsupported opera...
FAILED test_stack4_WHOLE_SUITE.py::test_case_2 - TypeError: unsupported opera...
======================== 16 failed, 50 passed in 0.19s =========================
</pre></div></div></div></div></div><div class="mb-1" id="job_list___sub_accordion_9"><div class="card"><a data-toggle="collapse" data-target="#job_list___sub_collapse_9_1" aria-expanded="false" aria-controls="job_list___sub_collapse_9_1" href="#" class="job_list___sub_multi_heading"><div role="alert" class="card-header alert-success" id="job_list___sub_heading_9_1"><button class="btn btn-outline-success"><span class="job_id">9 : Job ID fe76186effa740bbb00cf3375465c179</span></button></div></a><div aria-labelledby="job_list___sub_heading_9_1" data-parent="#job_list___sub_accordion_9" class="collapse job_list___sub_multi_collapse" id="job_list___sub_collapse_9_1"><div class="card-body"><div class="work-item"><div class="alert alert-success test-outcome" role="alert"><p>worker outcome: normal</p><p>test outcome: killed</p></div></div><pre class="location"><a href="pycharm://open?file=stack4.py&amp;line=84" class="text-secondary"><button class="btn btn-outline-dark">stack4.py, start pos: (84, 38), end pos: (84, 39)</button></a></pre><pre>operator: core/ReplaceBinaryOperator_Add_Mod, occurrence: 0</pre><div class="alert alert-secondary"><pre class="diff">--- mutation diff ---
--- astack4.py
+++ bstack4.py
@@ -81,7 +81,7 @@
         curr = self.head
         display = '('
         while curr:
-            display += str(curr.data) + ', '
+            display += str(curr.data) % ', '
             curr = curr.next
         return display[:-2] + ')'
 </pre></div><div class="alert alert-secondary"><pre class="diff">============================= test session starts ==============================
platform linux -- Python 3.10.12, pytest-7.1.3, pluggy-1.0.0
rootdir: /home/lucca/desktop/ic/experimento/testes/python_experiments/stack4/ALL-SMART-GPT-COSMICRAY
plugins: Faker-15.1.1, hypothesis-6.56.3
collected 66 items

test_stack4_COSMICRAY.py ...                                             [  4%]
test_stack4_DYNAMOSA.py ......F.....F...                                 [ 28%]
test_stack4_EX.py .                                                      [ 30%]
test_stack4_MIO.py ...............FF...                                  [ 60%]
test_stack4_MOSA.py .F.FFF...F......F                                    [ 86%]
test_stack4_WHOLE_SUITE.py .F.......                                     [100%]

=========================== short test summary info ============================
FAILED test_stack4_DYNAMOSA.py::test_case_6 - TypeError: not all arguments co...
FAILED test_stack4_DYNAMOSA.py::test_case_12 - TypeError: not all arguments c...
FAILED test_stack4_MIO.py::test_case_15 - TypeError: not all arguments conver...
FAILED test_stack4_MIO.py::test_case_16 - TypeError: not all arguments conver...
FAILED test_stack4_MOSA.py::test_case_1 - TypeError: not all arguments conver...
FAILED test_stack4_MOSA.py::test_case_3 - TypeError: not all arguments conver...
FAILED test_stack4_MOSA.py::test_case_4 - TypeError: not all arguments conver...
FAILED test_stack4_MOSA.py::test_case_5 - TypeError: not all arguments conver...
FAILED test_stack4_MOSA.py::test_case_9 - TypeError: not all arguments conver...
FAILED test_stack4_MOSA.py::test_case_16 - TypeError: not all arguments conve...
FAILED test_stack4_WHOLE_SUITE.py::test_case_1 - TypeError: not all arguments...
======================== 11 failed, 55 passed in 0.18s =========================
</pre></div></div></div></div></div><div class="mb-1" id="job_list___sub_accordion_10"><div class="card"><a data-toggle="collapse" data-target="#job_list___sub_collapse_10_1" aria-expanded="false" aria-controls="job_list___sub_collapse_10_1" href="#" class="job_list___sub_multi_heading"><div role="alert" class="card-header alert-success" id="job_list___sub_heading_10_1"><button class="btn btn-outline-success"><span class="job_id">10 : Job ID 09bf3000a85f43168c1b9d96beb1e891</span></button></div></a><div aria-labelledby="job_list___sub_heading_10_1" data-parent="#job_list___sub_accordion_10" class="collapse job_list___sub_multi_collapse" id="job_list___sub_collapse_10_1"><div class="card-body"><div class="work-item"><div class="alert alert-success test-outcome" role="alert"><p>worker outcome: normal</p><p>test outcome: killed</p></div></div><pre class="location"><a href="pycharm://open?file=stack4.py&amp;line=86" class="text-secondary"><button class="btn btn-outline-dark">stack4.py, start pos: (86, 28), end pos: (86, 29)</button></a></pre><pre>operator: core/ReplaceBinaryOperator_Add_Mod, occurrence: 1</pre><div class="alert alert-secondary"><pre class="diff">--- mutation diff ---
--- astack4.py
+++ bstack4.py
@@ -83,7 +83,7 @@
         while curr:
             display += str(curr.data) + ', '
             curr = curr.next
-        return display[:-2] + ')'
+        return display[:-2] % ')'
 
 
 class Stack(object):</pre></div><div class="alert alert-secondary"><pre class="diff">============================= test session starts ==============================
platform linux -- Python 3.10.12, pytest-7.1.3, pluggy-1.0.0
rootdir: /home/lucca/desktop/ic/experimento/testes/python_experiments/stack4/ALL-SMART-GPT-COSMICRAY
plugins: Faker-15.1.1, hypothesis-6.56.3
collected 66 items

test_stack4_COSMICRAY.py ...                                             [  4%]
test_stack4_DYNAMOSA.py ......FF....F...                                 [ 28%]
test_stack4_EX.py .                                                      [ 30%]
test_stack4_MIO.py ...............FFF..                                  [ 60%]
test_stack4_MOSA.py .F.FFF...FF.....F                                    [ 86%]
test_stack4_WHOLE_SUITE.py FFF......                                     [100%]

=========================== short test summary info ============================
FAILED test_stack4_DYNAMOSA.py::test_case_6 - TypeError: not all arguments co...
FAILED test_stack4_DYNAMOSA.py::test_case_7 - TypeError: not all arguments co...
FAILED test_stack4_DYNAMOSA.py::test_case_12 - TypeError: not all arguments c...
FAILED test_stack4_MIO.py::test_case_15 - TypeError: not all arguments conver...
FAILED test_stack4_MIO.py::test_case_16 - TypeError: not all arguments conver...
FAILED test_stack4_MIO.py::test_case_17 - TypeError: not all arguments conver...
FAILED test_stack4_MOSA.py::test_case_1 - TypeError: not all arguments conver...
FAILED test_stack4_MOSA.py::test_case_3 - TypeError: not all arguments conver...
FAILED test_stack4_MOSA.py::test_case_4 - TypeError: not all arguments conver...
FAILED test_stack4_MOSA.py::test_case_5 - TypeError: not all arguments conver...
FAILED test_stack4_MOSA.py::test_case_9 - TypeError: not all arguments conver...
FAILED test_stack4_MOSA.py::test_case_10 - TypeError: not all arguments conve...
FAILED test_stack4_MOSA.py::test_case_16 - TypeError: not all arguments conve...
FAILED test_stack4_WHOLE_SUITE.py::test_case_0 - TypeError: not all arguments...
FAILED test_stack4_WHOLE_SUITE.py::test_case_1 - TypeError: not all arguments...
FAILED test_stack4_WHOLE_SUITE.py::test_case_2 - TypeError: not all arguments...
======================== 16 failed, 50 passed in 0.18s =========================
</pre></div></div></div></div></div><div class="mb-1" id="job_list___sub_accordion_11"><div class="card"><a data-toggle="collapse" data-target="#job_list___sub_collapse_11_1" aria-expanded="false" aria-controls="job_list___sub_collapse_11_1" href="#" class="job_list___sub_multi_heading"><div role="alert" class="card-header alert-success" id="job_list___sub_heading_11_1"><button class="btn btn-outline-success"><span class="job_id">11 : Job ID 3f2330882d724a1892f83354858794fe</span></button></div></a><div aria-labelledby="job_list___sub_heading_11_1" data-parent="#job_list___sub_accordion_11" class="collapse job_list___sub_multi_collapse" id="job_list___sub_collapse_11_1"><div class="card-body"><div class="work-item"><div class="alert alert-success test-outcome" role="alert"><p>worker outcome: normal</p><p>test outcome: killed</p></div></div><pre class="location"><a href="pycharm://open?file=stack4.py&amp;line=84" class="text-secondary"><button class="btn btn-outline-dark">stack4.py, start pos: (84, 38), end pos: (84, 39)</button></a></pre><pre>operator: core/ReplaceBinaryOperator_Add_Pow, occurrence: 0</pre><div class="alert alert-secondary"><pre class="diff">--- mutation diff ---
--- astack4.py
+++ bstack4.py
@@ -81,7 +81,7 @@
         curr = self.head
         display = '('
         while curr:
-            display += str(curr.data) + ', '
+            display += str(curr.data) ** ', '
             curr = curr.next
         return display[:-2] + ')'
 </pre></div><div class="alert alert-secondary"><pre class="diff">============================= test session starts ==============================
platform linux -- Python 3.10.12, pytest-7.1.3, pluggy-1.0.0
rootdir: /home/lucca/desktop/ic/experimento/testes/python_experiments/stack4/ALL-SMART-GPT-COSMICRAY
plugins: Faker-15.1.1, hypothesis-6.56.3
collected 66 items

test_stack4_COSMICRAY.py ...                                             [  4%]
test_stack4_DYNAMOSA.py ......F.....F...                                 [ 28%]
test_stack4_EX.py .                                                      [ 30%]
test_stack4_MIO.py ...............FF...                                  [ 60%]
test_stack4_MOSA.py .F.FFF...F......F                                    [ 86%]
test_stack4_WHOLE_SUITE.py .F.......                                     [100%]

=========================== short test summary info ============================
FAILED test_stack4_DYNAMOSA.py::test_case_6 - TypeError: unsupported operand ...
FAILED test_stack4_DYNAMOSA.py::test_case_12 - TypeError: unsupported operand...
FAILED test_stack4_MIO.py::test_case_15 - TypeError: unsupported operand type...
FAILED test_stack4_MIO.py::test_case_16 - TypeError: unsupported operand type...
FAILED test_stack4_MOSA.py::test_case_1 - TypeError: unsupported operand type...
FAILED test_stack4_MOSA.py::test_case_3 - TypeError: unsupported operand type...
FAILED test_stack4_MOSA.py::test_case_4 - TypeError: unsupported operand type...
FAILED test_stack4_MOSA.py::test_case_5 - TypeError: unsupported operand type...
FAILED test_stack4_MOSA.py::test_case_9 - TypeError: unsupported operand type...
FAILED test_stack4_MOSA.py::test_case_16 - TypeError: unsupported operand typ...
FAILED test_stack4_WHOLE_SUITE.py::test_case_1 - TypeError: unsupported opera...
======================== 11 failed, 55 passed in 0.18s =========================
</pre></div></div></div></div></div><div class="mb-1" id="job_list___sub_accordion_12"><div class="card"><a data-toggle="collapse" data-target="#job_list___sub_collapse_12_1" aria-expanded="false" aria-controls="job_list___sub_collapse_12_1" href="#" class="job_list___sub_multi_heading"><div role="alert" class="card-header alert-success" id="job_list___sub_heading_12_1"><button class="btn btn-outline-success"><span class="job_id">12 : Job ID 3fac34140b404d76bc182081d31ef2e1</span></button></div></a><div aria-labelledby="job_list___sub_heading_12_1" data-parent="#job_list___sub_accordion_12" class="collapse job_list___sub_multi_collapse" id="job_list___sub_collapse_12_1"><div class="card-body"><div class="work-item"><div class="alert alert-success test-outcome" role="alert"><p>worker outcome: normal</p><p>test outcome: killed</p></div></div><pre class="location"><a href="pycharm://open?file=stack4.py&amp;line=86" class="text-secondary"><button class="btn btn-outline-dark">stack4.py, start pos: (86, 28), end pos: (86, 29)</button></a></pre><pre>operator: core/ReplaceBinaryOperator_Add_Pow, occurrence: 1</pre><div class="alert alert-secondary"><pre class="diff">--- mutation diff ---
--- astack4.py
+++ bstack4.py
@@ -83,7 +83,7 @@
         while curr:
             display += str(curr.data) + ', '
             curr = curr.next
-        return display[:-2] + ')'
+        return display[:-2] ** ')'
 
 
 class Stack(object):</pre></div><div class="alert alert-secondary"><pre class="diff">============================= test session starts ==============================
platform linux -- Python 3.10.12, pytest-7.1.3, pluggy-1.0.0
rootdir: /home/lucca/desktop/ic/experimento/testes/python_experiments/stack4/ALL-SMART-GPT-COSMICRAY
plugins: Faker-15.1.1, hypothesis-6.56.3
collected 66 items

test_stack4_COSMICRAY.py ...                                             [  4%]
test_stack4_DYNAMOSA.py ......FF....F...                                 [ 28%]
test_stack4_EX.py .                                                      [ 30%]
test_stack4_MIO.py ...............FFF..                                  [ 60%]
test_stack4_MOSA.py .F.FFF...FF.....F                                    [ 86%]
test_stack4_WHOLE_SUITE.py FFF......                                     [100%]

=========================== short test summary info ============================
FAILED test_stack4_DYNAMOSA.py::test_case_6 - TypeError: unsupported operand ...
FAILED test_stack4_DYNAMOSA.py::test_case_7 - TypeError: unsupported operand ...
FAILED test_stack4_DYNAMOSA.py::test_case_12 - TypeError: unsupported operand...
FAILED test_stack4_MIO.py::test_case_15 - TypeError: unsupported operand type...
FAILED test_stack4_MIO.py::test_case_16 - TypeError: unsupported operand type...
FAILED test_stack4_MIO.py::test_case_17 - TypeError: unsupported operand type...
FAILED test_stack4_MOSA.py::test_case_1 - TypeError: unsupported operand type...
FAILED test_stack4_MOSA.py::test_case_3 - TypeError: unsupported operand type...
FAILED test_stack4_MOSA.py::test_case_4 - TypeError: unsupported operand type...
FAILED test_stack4_MOSA.py::test_case_5 - TypeError: unsupported operand type...
FAILED test_stack4_MOSA.py::test_case_9 - TypeError: unsupported operand type...
FAILED test_stack4_MOSA.py::test_case_10 - TypeError: unsupported operand typ...
FAILED test_stack4_MOSA.py::test_case_16 - TypeError: unsupported operand typ...
FAILED test_stack4_WHOLE_SUITE.py::test_case_0 - TypeError: unsupported opera...
FAILED test_stack4_WHOLE_SUITE.py::test_case_1 - TypeError: unsupported opera...
FAILED test_stack4_WHOLE_SUITE.py::test_case_2 - TypeError: unsupported opera...
======================== 16 failed, 50 passed in 0.18s =========================
</pre></div></div></div></div></div><div class="mb-1" id="job_list___sub_accordion_13"><div class="card"><a data-toggle="collapse" data-target="#job_list___sub_collapse_13_1" aria-expanded="false" aria-controls="job_list___sub_collapse_13_1" href="#" class="job_list___sub_multi_heading"><div role="alert" class="card-header alert-success" id="job_list___sub_heading_13_1"><button class="btn btn-outline-success"><span class="job_id">13 : Job ID f8e0237af77249ceabaf10b199fddebc</span></button></div></a><div aria-labelledby="job_list___sub_heading_13_1" data-parent="#job_list___sub_accordion_13" class="collapse job_list___sub_multi_collapse" id="job_list___sub_collapse_13_1"><div class="card-body"><div class="work-item"><div class="alert alert-success test-outcome" role="alert"><p>worker outcome: normal</p><p>test outcome: killed</p></div></div><pre class="location"><a href="pycharm://open?file=stack4.py&amp;line=84" class="text-secondary"><button class="btn btn-outline-dark">stack4.py, start pos: (84, 38), end pos: (84, 39)</button></a></pre><pre>operator: core/ReplaceBinaryOperator_Add_RShift, occurrence: 0</pre><div class="alert alert-secondary"><pre class="diff">--- mutation diff ---
--- astack4.py
+++ bstack4.py
@@ -81,7 +81,7 @@
         curr = self.head
         display = '('
         while curr:
-            display += str(curr.data) + ', '
+            display += str(curr.data) &gt;&gt; ', '
             curr = curr.next
         return display[:-2] + ')'
 </pre></div><div class="alert alert-secondary"><pre class="diff">============================= test session starts ==============================
platform linux -- Python 3.10.12, pytest-7.1.3, pluggy-1.0.0
rootdir: /home/lucca/desktop/ic/experimento/testes/python_experiments/stack4/ALL-SMART-GPT-COSMICRAY
plugins: Faker-15.1.1, hypothesis-6.56.3
collected 66 items

test_stack4_COSMICRAY.py ...                                             [  4%]
test_stack4_DYNAMOSA.py ......F.....F...                                 [ 28%]
test_stack4_EX.py .                                                      [ 30%]
test_stack4_MIO.py ...............FF...                                  [ 60%]
test_stack4_MOSA.py .F.FFF...F......F                                    [ 86%]
test_stack4_WHOLE_SUITE.py .F.......                                     [100%]

=========================== short test summary info ============================
FAILED test_stack4_DYNAMOSA.py::test_case_6 - TypeError: unsupported operand ...
FAILED test_stack4_DYNAMOSA.py::test_case_12 - TypeError: unsupported operand...
FAILED test_stack4_MIO.py::test_case_15 - TypeError: unsupported operand type...
FAILED test_stack4_MIO.py::test_case_16 - TypeError: unsupported operand type...
FAILED test_stack4_MOSA.py::test_case_1 - TypeError: unsupported operand type...
FAILED test_stack4_MOSA.py::test_case_3 - TypeError: unsupported operand type...
FAILED test_stack4_MOSA.py::test_case_4 - TypeError: unsupported operand type...
FAILED test_stack4_MOSA.py::test_case_5 - TypeError: unsupported operand type...
FAILED test_stack4_MOSA.py::test_case_9 - TypeError: unsupported operand type...
FAILED test_stack4_MOSA.py::test_case_16 - TypeError: unsupported operand typ...
FAILED test_stack4_WHOLE_SUITE.py::test_case_1 - TypeError: unsupported opera...
======================== 11 failed, 55 passed in 0.18s =========================
</pre></div></div></div></div></div><div class="mb-1" id="job_list___sub_accordion_14"><div class="card"><a data-toggle="collapse" data-target="#job_list___sub_collapse_14_1" aria-expanded="false" aria-controls="job_list___sub_collapse_14_1" href="#" class="job_list___sub_multi_heading"><div role="alert" class="card-header alert-success" id="job_list___sub_heading_14_1"><button class="btn btn-outline-success"><span class="job_id">14 : Job ID c6cf779486f8475fba021da3534617ec</span></button></div></a><div aria-labelledby="job_list___sub_heading_14_1" data-parent="#job_list___sub_accordion_14" class="collapse job_list___sub_multi_collapse" id="job_list___sub_collapse_14_1"><div class="card-body"><div class="work-item"><div class="alert alert-success test-outcome" role="alert"><p>worker outcome: normal</p><p>test outcome: killed</p></div></div><pre class="location"><a href="pycharm://open?file=stack4.py&amp;line=86" class="text-secondary"><button class="btn btn-outline-dark">stack4.py, start pos: (86, 28), end pos: (86, 29)</button></a></pre><pre>operator: core/ReplaceBinaryOperator_Add_RShift, occurrence: 1</pre><div class="alert alert-secondary"><pre class="diff">--- mutation diff ---
--- astack4.py
+++ bstack4.py
@@ -83,7 +83,7 @@
         while curr:
             display += str(curr.data) + ', '
             curr = curr.next
-        return display[:-2] + ')'
+        return display[:-2] &gt;&gt; ')'
 
 
 class Stack(object):</pre></div><div class="alert alert-secondary"><pre class="diff">============================= test session starts ==============================
platform linux -- Python 3.10.12, pytest-7.1.3, pluggy-1.0.0
rootdir: /home/lucca/desktop/ic/experimento/testes/python_experiments/stack4/ALL-SMART-GPT-COSMICRAY
plugins: Faker-15.1.1, hypothesis-6.56.3
collected 66 items

test_stack4_COSMICRAY.py ...                                             [  4%]
test_stack4_DYNAMOSA.py ......FF....F...                                 [ 28%]
test_stack4_EX.py .                                                      [ 30%]
test_stack4_MIO.py ...............FFF..                                  [ 60%]
test_stack4_MOSA.py .F.FFF...FF.....F                                    [ 86%]
test_stack4_WHOLE_SUITE.py FFF......                                     [100%]

=========================== short test summary info ============================
FAILED test_stack4_DYNAMOSA.py::test_case_6 - TypeError: unsupported operand ...
FAILED test_stack4_DYNAMOSA.py::test_case_7 - TypeError: unsupported operand ...
FAILED test_stack4_DYNAMOSA.py::test_case_12 - TypeError: unsupported operand...
FAILED test_stack4_MIO.py::test_case_15 - TypeError: unsupported operand type...
FAILED test_stack4_MIO.py::test_case_16 - TypeError: unsupported operand type...
FAILED test_stack4_MIO.py::test_case_17 - TypeError: unsupported operand type...
FAILED test_stack4_MOSA.py::test_case_1 - TypeError: unsupported operand type...
FAILED test_stack4_MOSA.py::test_case_3 - TypeError: unsupported operand type...
FAILED test_stack4_MOSA.py::test_case_4 - TypeError: unsupported operand type...
FAILED test_stack4_MOSA.py::test_case_5 - TypeError: unsupported operand type...
FAILED test_stack4_MOSA.py::test_case_9 - TypeError: unsupported operand type...
FAILED test_stack4_MOSA.py::test_case_10 - TypeError: unsupported operand typ...
FAILED test_stack4_MOSA.py::test_case_16 - TypeError: unsupported operand typ...
FAILED test_stack4_WHOLE_SUITE.py::test_case_0 - TypeError: unsupported opera...
FAILED test_stack4_WHOLE_SUITE.py::test_case_1 - TypeError: unsupported opera...
FAILED test_stack4_WHOLE_SUITE.py::test_case_2 - TypeError: unsupported opera...
======================== 16 failed, 50 passed in 0.19s =========================
</pre></div></div></div></div></div><div class="mb-1" id="job_list___sub_accordion_15"><div class="card"><a data-toggle="collapse" data-target="#job_list___sub_collapse_15_1" aria-expanded="false" aria-controls="job_list___sub_collapse_15_1" href="#" class="job_list___sub_multi_heading"><div role="alert" class="card-header alert-success" id="job_list___sub_heading_15_1"><button class="btn btn-outline-success"><span class="job_id">15 : Job ID 20218959f60341e08ab333dae5bcf6bb</span></button></div></a><div aria-labelledby="job_list___sub_heading_15_1" data-parent="#job_list___sub_accordion_15" class="collapse job_list___sub_multi_collapse" id="job_list___sub_collapse_15_1"><div class="card-body"><div class="work-item"><div class="alert alert-success test-outcome" role="alert"><p>worker outcome: normal</p><p>test outcome: killed</p></div></div><pre class="location"><a href="pycharm://open?file=stack4.py&amp;line=84" class="text-secondary"><button class="btn btn-outline-dark">stack4.py, start pos: (84, 38), end pos: (84, 39)</button></a></pre><pre>operator: core/ReplaceBinaryOperator_Add_LShift, occurrence: 0</pre><div class="alert alert-secondary"><pre class="diff">--- mutation diff ---
--- astack4.py
+++ bstack4.py
@@ -81,7 +81,7 @@
         curr = self.head
         display = '('
         while curr:
-            display += str(curr.data) + ', '
+            display += str(curr.data) &lt;&lt; ', '
             curr = curr.next
         return display[:-2] + ')'
 </pre></div><div class="alert alert-secondary"><pre class="diff">============================= test session starts ==============================
platform linux -- Python 3.10.12, pytest-7.1.3, pluggy-1.0.0
rootdir: /home/lucca/desktop/ic/experimento/testes/python_experiments/stack4/ALL-SMART-GPT-COSMICRAY
plugins: Faker-15.1.1, hypothesis-6.56.3
collected 66 items

test_stack4_COSMICRAY.py ...                                             [  4%]
test_stack4_DYNAMOSA.py ......F.....F...                                 [ 28%]
test_stack4_EX.py .                                                      [ 30%]
test_stack4_MIO.py ...............FF...                                  [ 60%]
test_stack4_MOSA.py .F.FFF...F......F                                    [ 86%]
test_stack4_WHOLE_SUITE.py .F.......                                     [100%]

=========================== short test summary info ============================
FAILED test_stack4_DYNAMOSA.py::test_case_6 - TypeError: unsupported operand ...
FAILED test_stack4_DYNAMOSA.py::test_case_12 - TypeError: unsupported operand...
FAILED test_stack4_MIO.py::test_case_15 - TypeError: unsupported operand type...
FAILED test_stack4_MIO.py::test_case_16 - TypeError: unsupported operand type...
FAILED test_stack4_MOSA.py::test_case_1 - TypeError: unsupported operand type...
FAILED test_stack4_MOSA.py::test_case_3 - TypeError: unsupported operand type...
FAILED test_stack4_MOSA.py::test_case_4 - TypeError: unsupported operand type...
FAILED test_stack4_MOSA.py::test_case_5 - TypeError: unsupported operand type...
FAILED test_stack4_MOSA.py::test_case_9 - TypeError: unsupported operand type...
FAILED test_stack4_MOSA.py::test_case_16 - TypeError: unsupported operand typ...
FAILED test_stack4_WHOLE_SUITE.py::test_case_1 - TypeError: unsupported opera...
======================== 11 failed, 55 passed in 0.18s =========================
</pre></div></div></div></div></div><div class="mb-1" id="job_list___sub_accordion_16"><div class="card"><a data-toggle="collapse" data-target="#job_list___sub_collapse_16_1" aria-expanded="false" aria-controls="job_list___sub_collapse_16_1" href="#" class="job_list___sub_multi_heading"><div role="alert" class="card-header alert-success" id="job_list___sub_heading_16_1"><button class="btn btn-outline-success"><span class="job_id">16 : Job ID 34a768cdaacd47ea8565cc5eac57127f</span></button></div></a><div aria-labelledby="job_list___sub_heading_16_1" data-parent="#job_list___sub_accordion_16" class="collapse job_list___sub_multi_collapse" id="job_list___sub_collapse_16_1"><div class="card-body"><div class="work-item"><div class="alert alert-success test-outcome" role="alert"><p>worker outcome: normal</p><p>test outcome: killed</p></div></div><pre class="location"><a href="pycharm://open?file=stack4.py&amp;line=86" class="text-secondary"><button class="btn btn-outline-dark">stack4.py, start pos: (86, 28), end pos: (86, 29)</button></a></pre><pre>operator: core/ReplaceBinaryOperator_Add_LShift, occurrence: 1</pre><div class="alert alert-secondary"><pre class="diff">--- mutation diff ---
--- astack4.py
+++ bstack4.py
@@ -83,7 +83,7 @@
         while curr:
             display += str(curr.data) + ', '
             curr = curr.next
-        return display[:-2] + ')'
+        return display[:-2] &lt;&lt; ')'
 
 
 class Stack(object):</pre></div><div class="alert alert-secondary"><pre class="diff">============================= test session starts ==============================
platform linux -- Python 3.10.12, pytest-7.1.3, pluggy-1.0.0
rootdir: /home/lucca/desktop/ic/experimento/testes/python_experiments/stack4/ALL-SMART-GPT-COSMICRAY
plugins: Faker-15.1.1, hypothesis-6.56.3
collected 66 items

test_stack4_COSMICRAY.py ...                                             [  4%]
test_stack4_DYNAMOSA.py ......FF....F...                                 [ 28%]
test_stack4_EX.py .                                                      [ 30%]
test_stack4_MIO.py ...............FFF..                                  [ 60%]
test_stack4_MOSA.py .F.FFF...FF.....F                                    [ 86%]
test_stack4_WHOLE_SUITE.py FFF......                                     [100%]

=========================== short test summary info ============================
FAILED test_stack4_DYNAMOSA.py::test_case_6 - TypeError: unsupported operand ...
FAILED test_stack4_DYNAMOSA.py::test_case_7 - TypeError: unsupported operand ...
FAILED test_stack4_DYNAMOSA.py::test_case_12 - TypeError: unsupported operand...
FAILED test_stack4_MIO.py::test_case_15 - TypeError: unsupported operand type...
FAILED test_stack4_MIO.py::test_case_16 - TypeError: unsupported operand type...
FAILED test_stack4_MIO.py::test_case_17 - TypeError: unsupported operand type...
FAILED test_stack4_MOSA.py::test_case_1 - TypeError: unsupported operand type...
FAILED test_stack4_MOSA.py::test_case_3 - TypeError: unsupported operand type...
FAILED test_stack4_MOSA.py::test_case_4 - TypeError: unsupported operand type...
FAILED test_stack4_MOSA.py::test_case_5 - TypeError: unsupported operand type...
FAILED test_stack4_MOSA.py::test_case_9 - TypeError: unsupported operand type...
FAILED test_stack4_MOSA.py::test_case_10 - TypeError: unsupported operand typ...
FAILED test_stack4_MOSA.py::test_case_16 - TypeError: unsupported operand typ...
FAILED test_stack4_WHOLE_SUITE.py::test_case_0 - TypeError: unsupported opera...
FAILED test_stack4_WHOLE_SUITE.py::test_case_1 - TypeError: unsupported opera...
FAILED test_stack4_WHOLE_SUITE.py::test_case_2 - TypeError: unsupported opera...
======================== 16 failed, 50 passed in 0.18s =========================
</pre></div></div></div></div></div><div class="mb-1" id="job_list___sub_accordion_17"><div class="card"><a data-toggle="collapse" data-target="#job_list___sub_collapse_17_1" aria-expanded="false" aria-controls="job_list___sub_collapse_17_1" href="#" class="job_list___sub_multi_heading"><div role="alert" class="card-header alert-success" id="job_list___sub_heading_17_1"><button class="btn btn-outline-success"><span class="job_id">17 : Job ID 4ee4b4ad3dfe40edba1bc39025f9a4a1</span></button></div></a><div aria-labelledby="job_list___sub_heading_17_1" data-parent="#job_list___sub_accordion_17" class="collapse job_list___sub_multi_collapse" id="job_list___sub_collapse_17_1"><div class="card-body"><div class="work-item"><div class="alert alert-success test-outcome" role="alert"><p>worker outcome: normal</p><p>test outcome: killed</p></div></div><pre class="location"><a href="pycharm://open?file=stack4.py&amp;line=84" class="text-secondary"><button class="btn btn-outline-dark">stack4.py, start pos: (84, 38), end pos: (84, 39)</button></a></pre><pre>operator: core/ReplaceBinaryOperator_Add_BitOr, occurrence: 0</pre><div class="alert alert-secondary"><pre class="diff">--- mutation diff ---
--- astack4.py
+++ bstack4.py
@@ -81,7 +81,7 @@
         curr = self.head
         display = '('
         while curr:
-            display += str(curr.data) + ', '
+            display += str(curr.data) | ', '
             curr = curr.next
         return display[:-2] + ')'
 </pre></div><div class="alert alert-secondary"><pre class="diff">============================= test session starts ==============================
platform linux -- Python 3.10.12, pytest-7.1.3, pluggy-1.0.0
rootdir: /home/lucca/desktop/ic/experimento/testes/python_experiments/stack4/ALL-SMART-GPT-COSMICRAY
plugins: Faker-15.1.1, hypothesis-6.56.3
collected 66 items

test_stack4_COSMICRAY.py ...                                             [  4%]
test_stack4_DYNAMOSA.py ......F.....F...                                 [ 28%]
test_stack4_EX.py .                                                      [ 30%]
test_stack4_MIO.py ...............FF...                                  [ 60%]
test_stack4_MOSA.py .F.FFF...F......F                                    [ 86%]
test_stack4_WHOLE_SUITE.py .F.......                                     [100%]

=========================== short test summary info ============================
FAILED test_stack4_DYNAMOSA.py::test_case_6 - TypeError: unsupported operand ...
FAILED test_stack4_DYNAMOSA.py::test_case_12 - TypeError: unsupported operand...
FAILED test_stack4_MIO.py::test_case_15 - TypeError: unsupported operand type...
FAILED test_stack4_MIO.py::test_case_16 - TypeError: unsupported operand type...
FAILED test_stack4_MOSA.py::test_case_1 - TypeError: unsupported operand type...
FAILED test_stack4_MOSA.py::test_case_3 - TypeError: unsupported operand type...
FAILED test_stack4_MOSA.py::test_case_4 - TypeError: unsupported operand type...
FAILED test_stack4_MOSA.py::test_case_5 - TypeError: unsupported operand type...
FAILED test_stack4_MOSA.py::test_case_9 - TypeError: unsupported operand type...
FAILED test_stack4_MOSA.py::test_case_16 - TypeError: unsupported operand typ...
FAILED test_stack4_WHOLE_SUITE.py::test_case_1 - TypeError: unsupported opera...
======================== 11 failed, 55 passed in 0.21s =========================
</pre></div></div></div></div></div><div class="mb-1" id="job_list___sub_accordion_18"><div class="card"><a data-toggle="collapse" data-target="#job_list___sub_collapse_18_1" aria-expanded="false" aria-controls="job_list___sub_collapse_18_1" href="#" class="job_list___sub_multi_heading"><div role="alert" class="card-header alert-success" id="job_list___sub_heading_18_1"><button class="btn btn-outline-success"><span class="job_id">18 : Job ID 8c1240aebda048809097f31fe95c4afa</span></button></div></a><div aria-labelledby="job_list___sub_heading_18_1" data-parent="#job_list___sub_accordion_18" class="collapse job_list___sub_multi_collapse" id="job_list___sub_collapse_18_1"><div class="card-body"><div class="work-item"><div class="alert alert-success test-outcome" role="alert"><p>worker outcome: normal</p><p>test outcome: killed</p></div></div><pre class="location"><a href="pycharm://open?file=stack4.py&amp;line=86" class="text-secondary"><button class="btn btn-outline-dark">stack4.py, start pos: (86, 28), end pos: (86, 29)</button></a></pre><pre>operator: core/ReplaceBinaryOperator_Add_BitOr, occurrence: 1</pre><div class="alert alert-secondary"><pre class="diff">--- mutation diff ---
--- astack4.py
+++ bstack4.py
@@ -83,7 +83,7 @@
         while curr:
             display += str(curr.data) + ', '
             curr = curr.next
-        return display[:-2] + ')'
+        return display[:-2] | ')'
 
 
 class Stack(object):</pre></div><div class="alert alert-secondary"><pre class="diff">============================= test session starts ==============================
platform linux -- Python 3.10.12, pytest-7.1.3, pluggy-1.0.0
rootdir: /home/lucca/desktop/ic/experimento/testes/python_experiments/stack4/ALL-SMART-GPT-COSMICRAY
plugins: Faker-15.1.1, hypothesis-6.56.3
collected 66 items

test_stack4_COSMICRAY.py ...                                             [  4%]
test_stack4_DYNAMOSA.py ......FF....F...                                 [ 28%]
test_stack4_EX.py .                                                      [ 30%]
test_stack4_MIO.py ...............FFF..                                  [ 60%]
test_stack4_MOSA.py .F.FFF...FF.....F                                    [ 86%]
test_stack4_WHOLE_SUITE.py FFF......                                     [100%]

=========================== short test summary info ============================
FAILED test_stack4_DYNAMOSA.py::test_case_6 - TypeError: unsupported operand ...
FAILED test_stack4_DYNAMOSA.py::test_case_7 - TypeError: unsupported operand ...
FAILED test_stack4_DYNAMOSA.py::test_case_12 - TypeError: unsupported operand...
FAILED test_stack4_MIO.py::test_case_15 - TypeError: unsupported operand type...
FAILED test_stack4_MIO.py::test_case_16 - TypeError: unsupported operand type...
FAILED test_stack4_MIO.py::test_case_17 - TypeError: unsupported operand type...
FAILED test_stack4_MOSA.py::test_case_1 - TypeError: unsupported operand type...
FAILED test_stack4_MOSA.py::test_case_3 - TypeError: unsupported operand type...
FAILED test_stack4_MOSA.py::test_case_4 - TypeError: unsupported operand type...
FAILED test_stack4_MOSA.py::test_case_5 - TypeError: unsupported operand type...
FAILED test_stack4_MOSA.py::test_case_9 - TypeError: unsupported operand type...
FAILED test_stack4_MOSA.py::test_case_10 - TypeError: unsupported operand typ...
FAILED test_stack4_MOSA.py::test_case_16 - TypeError: unsupported operand typ...
FAILED test_stack4_WHOLE_SUITE.py::test_case_0 - TypeError: unsupported opera...
FAILED test_stack4_WHOLE_SUITE.py::test_case_1 - TypeError: unsupported opera...
FAILED test_stack4_WHOLE_SUITE.py::test_case_2 - TypeError: unsupported opera...
======================== 16 failed, 50 passed in 0.28s =========================
</pre></div></div></div></div></div><div class="mb-1" id="job_list___sub_accordion_19"><div class="card"><a data-toggle="collapse" data-target="#job_list___sub_collapse_19_1" aria-expanded="false" aria-controls="job_list___sub_collapse_19_1" href="#" class="job_list___sub_multi_heading"><div role="alert" class="card-header alert-success" id="job_list___sub_heading_19_1"><button class="btn btn-outline-success"><span class="job_id">19 : Job ID c098b8ad9eb846948a7d22bd400d4d42</span></button></div></a><div aria-labelledby="job_list___sub_heading_19_1" data-parent="#job_list___sub_accordion_19" class="collapse job_list___sub_multi_collapse" id="job_list___sub_collapse_19_1"><div class="card-body"><div class="work-item"><div class="alert alert-success test-outcome" role="alert"><p>worker outcome: normal</p><p>test outcome: killed</p></div></div><pre class="location"><a href="pycharm://open?file=stack4.py&amp;line=84" class="text-secondary"><button class="btn btn-outline-dark">stack4.py, start pos: (84, 38), end pos: (84, 39)</button></a></pre><pre>operator: core/ReplaceBinaryOperator_Add_BitAnd, occurrence: 0</pre><div class="alert alert-secondary"><pre class="diff">--- mutation diff ---
--- astack4.py
+++ bstack4.py
@@ -81,7 +81,7 @@
         curr = self.head
         display = '('
         while curr:
-            display += str(curr.data) + ', '
+            display += str(curr.data) &amp; ', '
             curr = curr.next
         return display[:-2] + ')'
 </pre></div><div class="alert alert-secondary"><pre class="diff">============================= test session starts ==============================
platform linux -- Python 3.10.12, pytest-7.1.3, pluggy-1.0.0
rootdir: /home/lucca/desktop/ic/experimento/testes/python_experiments/stack4/ALL-SMART-GPT-COSMICRAY
plugins: Faker-15.1.1, hypothesis-6.56.3
collected 66 items

test_stack4_COSMICRAY.py ...                                             [  4%]
test_stack4_DYNAMOSA.py ......F.....F...                                 [ 28%]
test_stack4_EX.py .                                                      [ 30%]
test_stack4_MIO.py ...............FF...                                  [ 60%]
test_stack4_MOSA.py .F.FFF...F......F                                    [ 86%]
test_stack4_WHOLE_SUITE.py .F.......                                     [100%]

=========================== short test summary info ============================
FAILED test_stack4_DYNAMOSA.py::test_case_6 - TypeError: unsupported operand ...
FAILED test_stack4_DYNAMOSA.py::test_case_12 - TypeError: unsupported operand...
FAILED test_stack4_MIO.py::test_case_15 - TypeError: unsupported operand type...
FAILED test_stack4_MIO.py::test_case_16 - TypeError: unsupported operand type...
FAILED test_stack4_MOSA.py::test_case_1 - TypeError: unsupported operand type...
FAILED test_stack4_MOSA.py::test_case_3 - TypeError: unsupported operand type...
FAILED test_stack4_MOSA.py::test_case_4 - TypeError: unsupported operand type...
FAILED test_stack4_MOSA.py::test_case_5 - TypeError: unsupported operand type...
FAILED test_stack4_MOSA.py::test_case_9 - TypeError: unsupported operand type...
FAILED test_stack4_MOSA.py::test_case_16 - TypeError: unsupported operand typ...
FAILED test_stack4_WHOLE_SUITE.py::test_case_1 - TypeError: unsupported opera...
======================== 11 failed, 55 passed in 0.22s =========================
</pre></div></div></div></div></div><div class="mb-1" id="job_list___sub_accordion_20"><div class="card"><a data-toggle="collapse" data-target="#job_list___sub_collapse_20_1" aria-expanded="false" aria-controls="job_list___sub_collapse_20_1" href="#" class="job_list___sub_multi_heading"><div role="alert" class="card-header alert-success" id="job_list___sub_heading_20_1"><button class="btn btn-outline-success"><span class="job_id">20 : Job ID f19b40c0a8b64822b4f2f37b75bb81a0</span></button></div></a><div aria-labelledby="job_list___sub_heading_20_1" data-parent="#job_list___sub_accordion_20" class="collapse job_list___sub_multi_collapse" id="job_list___sub_collapse_20_1"><div class="card-body"><div class="work-item"><div class="alert alert-success test-outcome" role="alert"><p>worker outcome: normal</p><p>test outcome: killed</p></div></div><pre class="location"><a href="pycharm://open?file=stack4.py&amp;line=86" class="text-secondary"><button class="btn btn-outline-dark">stack4.py, start pos: (86, 28), end pos: (86, 29)</button></a></pre><pre>operator: core/ReplaceBinaryOperator_Add_BitAnd, occurrence: 1</pre><div class="alert alert-secondary"><pre class="diff">--- mutation diff ---
--- astack4.py
+++ bstack4.py
@@ -83,7 +83,7 @@
         while curr:
             display += str(curr.data) + ', '
             curr = curr.next
-        return display[:-2] + ')'
+        return display[:-2] &amp; ')'
 
 
 class Stack(object):</pre></div><div class="alert alert-secondary"><pre class="diff">============================= test session starts ==============================
platform linux -- Python 3.10.12, pytest-7.1.3, pluggy-1.0.0
rootdir: /home/lucca/desktop/ic/experimento/testes/python_experiments/stack4/ALL-SMART-GPT-COSMICRAY
plugins: Faker-15.1.1, hypothesis-6.56.3
collected 66 items

test_stack4_COSMICRAY.py ...                                             [  4%]
test_stack4_DYNAMOSA.py ......FF....F...                                 [ 28%]
test_stack4_EX.py .                                                      [ 30%]
test_stack4_MIO.py ...............FFF..                                  [ 60%]
test_stack4_MOSA.py .F.FFF...FF.....F                                    [ 86%]
test_stack4_WHOLE_SUITE.py FFF......                                     [100%]

=========================== short test summary info ============================
FAILED test_stack4_DYNAMOSA.py::test_case_6 - TypeError: unsupported operand ...
FAILED test_stack4_DYNAMOSA.py::test_case_7 - TypeError: unsupported operand ...
FAILED test_stack4_DYNAMOSA.py::test_case_12 - TypeError: unsupported operand...
FAILED test_stack4_MIO.py::test_case_15 - TypeError: unsupported operand type...
FAILED test_stack4_MIO.py::test_case_16 - TypeError: unsupported operand type...
FAILED test_stack4_MIO.py::test_case_17 - TypeError: unsupported operand type...
FAILED test_stack4_MOSA.py::test_case_1 - TypeError: unsupported operand type...
FAILED test_stack4_MOSA.py::test_case_3 - TypeError: unsupported operand type...
FAILED test_stack4_MOSA.py::test_case_4 - TypeError: unsupported operand type...
FAILED test_stack4_MOSA.py::test_case_5 - TypeError: unsupported operand type...
FAILED test_stack4_MOSA.py::test_case_9 - TypeError: unsupported operand type...
FAILED test_stack4_MOSA.py::test_case_10 - TypeError: unsupported operand typ...
FAILED test_stack4_MOSA.py::test_case_16 - TypeError: unsupported operand typ...
FAILED test_stack4_WHOLE_SUITE.py::test_case_0 - TypeError: unsupported opera...
FAILED test_stack4_WHOLE_SUITE.py::test_case_1 - TypeError: unsupported opera...
FAILED test_stack4_WHOLE_SUITE.py::test_case_2 - TypeError: unsupported opera...
======================== 16 failed, 50 passed in 0.19s =========================
</pre></div></div></div></div></div><div class="mb-1" id="job_list___sub_accordion_21"><div class="card"><a data-toggle="collapse" data-target="#job_list___sub_collapse_21_1" aria-expanded="false" aria-controls="job_list___sub_collapse_21_1" href="#" class="job_list___sub_multi_heading"><div role="alert" class="card-header alert-success" id="job_list___sub_heading_21_1"><button class="btn btn-outline-success"><span class="job_id">21 : Job ID b0b3a1467267478f98a7ea7f1ed7d412</span></button></div></a><div aria-labelledby="job_list___sub_heading_21_1" data-parent="#job_list___sub_accordion_21" class="collapse job_list___sub_multi_collapse" id="job_list___sub_collapse_21_1"><div class="card-body"><div class="work-item"><div class="alert alert-success test-outcome" role="alert"><p>worker outcome: normal</p><p>test outcome: killed</p></div></div><pre class="location"><a href="pycharm://open?file=stack4.py&amp;line=84" class="text-secondary"><button class="btn btn-outline-dark">stack4.py, start pos: (84, 38), end pos: (84, 39)</button></a></pre><pre>operator: core/ReplaceBinaryOperator_Add_BitXor, occurrence: 0</pre><div class="alert alert-secondary"><pre class="diff">--- mutation diff ---
--- astack4.py
+++ bstack4.py
@@ -81,7 +81,7 @@
         curr = self.head
         display = '('
         while curr:
-            display += str(curr.data) + ', '
+            display += str(curr.data) ^ ', '
             curr = curr.next
         return display[:-2] + ')'
 </pre></div><div class="alert alert-secondary"><pre class="diff">============================= test session starts ==============================
platform linux -- Python 3.10.12, pytest-7.1.3, pluggy-1.0.0
rootdir: /home/lucca/desktop/ic/experimento/testes/python_experiments/stack4/ALL-SMART-GPT-COSMICRAY
plugins: Faker-15.1.1, hypothesis-6.56.3
collected 66 items

test_stack4_COSMICRAY.py ...                                             [  4%]
test_stack4_DYNAMOSA.py ......F.....F...                                 [ 28%]
test_stack4_EX.py .                                                      [ 30%]
test_stack4_MIO.py ...............FF...                                  [ 60%]
test_stack4_MOSA.py .F.FFF...F......F                                    [ 86%]
test_stack4_WHOLE_SUITE.py .F.......                                     [100%]

=========================== short test summary info ============================
FAILED test_stack4_DYNAMOSA.py::test_case_6 - TypeError: unsupported operand ...
FAILED test_stack4_DYNAMOSA.py::test_case_12 - TypeError: unsupported operand...
FAILED test_stack4_MIO.py::test_case_15 - TypeError: unsupported operand type...
FAILED test_stack4_MIO.py::test_case_16 - TypeError: unsupported operand type...
FAILED test_stack4_MOSA.py::test_case_1 - TypeError: unsupported operand type...
FAILED test_stack4_MOSA.py::test_case_3 - TypeError: unsupported operand type...
FAILED test_stack4_MOSA.py::test_case_4 - TypeError: unsupported operand type...
FAILED test_stack4_MOSA.py::test_case_5 - TypeError: unsupported operand type...
FAILED test_stack4_MOSA.py::test_case_9 - TypeError: unsupported operand type...
FAILED test_stack4_MOSA.py::test_case_16 - TypeError: unsupported operand typ...
FAILED test_stack4_WHOLE_SUITE.py::test_case_1 - TypeError: unsupported opera...
======================== 11 failed, 55 passed in 0.24s =========================
</pre></div></div></div></div></div><div class="mb-1" id="job_list___sub_accordion_22"><div class="card"><a data-toggle="collapse" data-target="#job_list___sub_collapse_22_1" aria-expanded="false" aria-controls="job_list___sub_collapse_22_1" href="#" class="job_list___sub_multi_heading"><div role="alert" class="card-header alert-success" id="job_list___sub_heading_22_1"><button class="btn btn-outline-success"><span class="job_id">22 : Job ID 9bb78fca37514e49ba7d2f086c4a1bc8</span></button></div></a><div aria-labelledby="job_list___sub_heading_22_1" data-parent="#job_list___sub_accordion_22" class="collapse job_list___sub_multi_collapse" id="job_list___sub_collapse_22_1"><div class="card-body"><div class="work-item"><div class="alert alert-success test-outcome" role="alert"><p>worker outcome: normal</p><p>test outcome: killed</p></div></div><pre class="location"><a href="pycharm://open?file=stack4.py&amp;line=86" class="text-secondary"><button class="btn btn-outline-dark">stack4.py, start pos: (86, 28), end pos: (86, 29)</button></a></pre><pre>operator: core/ReplaceBinaryOperator_Add_BitXor, occurrence: 1</pre><div class="alert alert-secondary"><pre class="diff">--- mutation diff ---
--- astack4.py
+++ bstack4.py
@@ -83,7 +83,7 @@
         while curr:
             display += str(curr.data) + ', '
             curr = curr.next
-        return display[:-2] + ')'
+        return display[:-2] ^ ')'
 
 
 class Stack(object):</pre></div><div class="alert alert-secondary"><pre class="diff">============================= test session starts ==============================
platform linux -- Python 3.10.12, pytest-7.1.3, pluggy-1.0.0
rootdir: /home/lucca/desktop/ic/experimento/testes/python_experiments/stack4/ALL-SMART-GPT-COSMICRAY
plugins: Faker-15.1.1, hypothesis-6.56.3
collected 66 items

test_stack4_COSMICRAY.py ...                                             [  4%]
test_stack4_DYNAMOSA.py ......FF....F...                                 [ 28%]
test_stack4_EX.py .                                                      [ 30%]
test_stack4_MIO.py ...............FFF..                                  [ 60%]
test_stack4_MOSA.py .F.FFF...FF.....F                                    [ 86%]
test_stack4_WHOLE_SUITE.py FFF......                                     [100%]

=========================== short test summary info ============================
FAILED test_stack4_DYNAMOSA.py::test_case_6 - TypeError: unsupported operand ...
FAILED test_stack4_DYNAMOSA.py::test_case_7 - TypeError: unsupported operand ...
FAILED test_stack4_DYNAMOSA.py::test_case_12 - TypeError: unsupported operand...
FAILED test_stack4_MIO.py::test_case_15 - TypeError: unsupported operand type...
FAILED test_stack4_MIO.py::test_case_16 - TypeError: unsupported operand type...
FAILED test_stack4_MIO.py::test_case_17 - TypeError: unsupported operand type...
FAILED test_stack4_MOSA.py::test_case_1 - TypeError: unsupported operand type...
FAILED test_stack4_MOSA.py::test_case_3 - TypeError: unsupported operand type...
FAILED test_stack4_MOSA.py::test_case_4 - TypeError: unsupported operand type...
FAILED test_stack4_MOSA.py::test_case_5 - TypeError: unsupported operand type...
FAILED test_stack4_MOSA.py::test_case_9 - TypeError: unsupported operand type...
FAILED test_stack4_MOSA.py::test_case_10 - TypeError: unsupported operand typ...
FAILED test_stack4_MOSA.py::test_case_16 - TypeError: unsupported operand typ...
FAILED test_stack4_WHOLE_SUITE.py::test_case_0 - TypeError: unsupported opera...
FAILED test_stack4_WHOLE_SUITE.py::test_case_1 - TypeError: unsupported opera...
FAILED test_stack4_WHOLE_SUITE.py::test_case_2 - TypeError: unsupported opera...
======================== 16 failed, 50 passed in 0.19s =========================
</pre></div></div></div></div></div><div class="mb-1" id="job_list___sub_accordion_23"><div class="card"><a data-toggle="collapse" data-target="#job_list___sub_collapse_23_1" aria-expanded="false" aria-controls="job_list___sub_collapse_23_1" href="#" class="job_list___sub_multi_heading"><div role="alert" class="card-header alert-success" id="job_list___sub_heading_23_1"><button class="btn btn-outline-success"><span class="job_id">23 : Job ID 2098a9f13d1146efb35b4f8fe786b6ff</span></button></div></a><div aria-labelledby="job_list___sub_heading_23_1" data-parent="#job_list___sub_accordion_23" class="collapse job_list___sub_multi_collapse" id="job_list___sub_collapse_23_1"><div class="card-body"><div class="work-item"><div class="alert alert-success test-outcome" role="alert"><p>worker outcome: normal</p><p>test outcome: killed</p></div></div><pre class="location"><a href="pycharm://open?file=stack4.py&amp;line=63" class="text-secondary"><button class="btn btn-outline-dark">stack4.py, start pos: (63, 25), end pos: (63, 27)</button></a></pre><pre>operator: core/ReplaceComparisonOperator_Eq_NotEq, occurrence: 0</pre><div class="alert alert-secondary"><pre class="diff">--- mutation diff ---
--- astack4.py
+++ bstack4.py
@@ -60,7 +60,7 @@
         """Return the node containing val."""
         curr = self.head
         while curr:
-            if curr.data == val:
+            if curr.data != val:
                 return curr
             curr = curr.next
 </pre></div><div class="alert alert-secondary"><pre class="diff">============================= test session starts ==============================
platform linux -- Python 3.10.12, pytest-7.1.3, pluggy-1.0.0
rootdir: /home/lucca/desktop/ic/experimento/testes/python_experiments/stack4/ALL-SMART-GPT-COSMICRAY
plugins: Faker-15.1.1, hypothesis-6.56.3
collected 66 items

test_stack4_COSMICRAY.py ...                                             [  4%]
test_stack4_DYNAMOSA.py ....F.........F.                                 [ 28%]
test_stack4_EX.py .                                                      [ 30%]
test_stack4_MIO.py ......F.............                                  [ 60%]
test_stack4_MOSA.py ......F..........                                    [ 86%]
test_stack4_WHOLE_SUITE.py ..F......                                     [100%]

=========================== short test summary info ============================
FAILED test_stack4_DYNAMOSA.py::test_case_4 - AssertionError: assert 'builtin...
FAILED test_stack4_DYNAMOSA.py::test_case_14 - AssertionError: assert 'builti...
FAILED test_stack4_MIO.py::test_case_6 - AssertionError: assert 'builtins.Non...
FAILED test_stack4_MOSA.py::test_case_6 - AssertionError: assert 'builtins.No...
FAILED test_stack4_WHOLE_SUITE.py::test_case_2 - AssertionError: assert 'buil...
========================= 5 failed, 61 passed in 0.18s =========================
</pre></div></div></div></div></div><div class="mb-1" id="job_list___sub_accordion_24"><div class="card"><a data-toggle="collapse" data-target="#job_list___sub_collapse_24_1" aria-expanded="false" aria-controls="job_list___sub_collapse_24_1" href="#" class="job_list___sub_multi_heading"><div role="alert" class="card-header alert-success" id="job_list___sub_heading_24_1"><button class="btn btn-outline-success"><span class="job_id">24 : Job ID ba4f597595724e96bd9f9c133f3bdc25</span></button></div></a><div aria-labelledby="job_list___sub_heading_24_1" data-parent="#job_list___sub_accordion_24" class="collapse job_list___sub_multi_collapse" id="job_list___sub_collapse_24_1"><div class="card-body"><div class="work-item"><div class="alert alert-success test-outcome" role="alert"><p>worker outcome: normal</p><p>test outcome: killed</p></div></div><pre class="location"><a href="pycharm://open?file=stack4.py&amp;line=74" class="text-secondary"><button class="btn btn-outline-dark">stack4.py, start pos: (74, 45), end pos: (74, 47)</button></a></pre><pre>operator: core/ReplaceComparisonOperator_Eq_NotEq, occurrence: 1</pre><div class="alert alert-secondary"><pre class="diff">--- mutation diff ---
--- astack4.py
+++ bstack4.py
@@ -71,7 +71,7 @@
             self.head = self.head.next
             self._length -= 1
         while curr:
-            if (curr.next and curr.next.data == val):
+            if (curr.next and curr.next.data != val):
                 curr.next = curr.next.next
                 self._length -= 1
             curr = curr.next</pre></div><div class="alert alert-secondary"><pre class="diff">============================= test session starts ==============================
platform linux -- Python 3.10.12, pytest-7.1.3, pluggy-1.0.0
rootdir: /home/lucca/desktop/ic/experimento/testes/python_experiments/stack4/ALL-SMART-GPT-COSMICRAY
plugins: Faker-15.1.1, hypothesis-6.56.3
collected 66 items

test_stack4_COSMICRAY.py F.F                                             [  4%]
test_stack4_DYNAMOSA.py ................                                 [ 28%]
test_stack4_EX.py .                                                      [ 30%]
test_stack4_MIO.py ....................                                  [ 60%]
test_stack4_MOSA.py .................                                    [ 86%]
test_stack4_WHOLE_SUITE.py .........                                     [100%]

=========================== short test summary info ============================
FAILED test_stack4_COSMICRAY.py::test_remove_method_length - assert 3 == 4
FAILED test_stack4_COSMICRAY.py::test_remove_method_remove_head - assert 2 == 4
========================= 2 failed, 64 passed in 0.17s =========================
</pre></div></div></div></div></div><div class="mb-1" id="job_list___sub_accordion_25"><div class="card"><a data-toggle="collapse" data-target="#job_list___sub_collapse_25_1" aria-expanded="false" aria-controls="job_list___sub_collapse_25_1" href="#" class="job_list___sub_multi_heading"><div role="alert" class="card-header alert-success" id="job_list___sub_heading_25_1"><button class="btn btn-outline-success"><span class="job_id">25 : Job ID b826d339fe0b4174ba2997d6b7abc441</span></button></div></a><div aria-labelledby="job_list___sub_heading_25_1" data-parent="#job_list___sub_accordion_25" class="collapse job_list___sub_multi_collapse" id="job_list___sub_collapse_25_1"><div class="card-body"><div class="work-item"><div class="alert alert-success test-outcome" role="alert"><p>worker outcome: normal</p><p>test outcome: killed</p></div></div><pre class="location"><a href="pycharm://open?file=stack4.py&amp;line=63" class="text-secondary"><button class="btn btn-outline-dark">stack4.py, start pos: (63, 25), end pos: (63, 27)</button></a></pre><pre>operator: core/ReplaceComparisonOperator_Eq_Lt, occurrence: 0</pre><div class="alert alert-secondary"><pre class="diff">--- mutation diff ---
--- astack4.py
+++ bstack4.py
@@ -60,7 +60,7 @@
         """Return the node containing val."""
         curr = self.head
         while curr:
-            if curr.data == val:
+            if curr.data &lt; val:
                 return curr
             curr = curr.next
 </pre></div><div class="alert alert-secondary"><pre class="diff">============================= test session starts ==============================
platform linux -- Python 3.10.12, pytest-7.1.3, pluggy-1.0.0
rootdir: /home/lucca/desktop/ic/experimento/testes/python_experiments/stack4/ALL-SMART-GPT-COSMICRAY
plugins: Faker-15.1.1, hypothesis-6.56.3
collected 66 items

test_stack4_COSMICRAY.py ...                                             [  4%]
test_stack4_DYNAMOSA.py ....F......F.FF.                                 [ 28%]
test_stack4_EX.py .                                                      [ 30%]
test_stack4_MIO.py ......FF............                                  [ 60%]
test_stack4_MOSA.py .....FF..........                                    [ 86%]
test_stack4_WHOLE_SUITE.py .FF......                                     [100%]

=========================== short test summary info ============================
FAILED test_stack4_DYNAMOSA.py::test_case_4 - AssertionError: assert 'builtin...
FAILED test_stack4_DYNAMOSA.py::test_case_11 - TypeError: '&lt;' not supported b...
FAILED test_stack4_DYNAMOSA.py::test_case_13 - TypeError: '&lt;' not supported b...
FAILED test_stack4_DYNAMOSA.py::test_case_14 - AssertionError: assert 'builti...
FAILED test_stack4_MIO.py::test_case_6 - TypeError: '&lt;' not supported between...
FAILED test_stack4_MIO.py::test_case_7 - TypeError: '&lt;' not supported between...
FAILED test_stack4_MOSA.py::test_case_5 - TypeError: '&lt;' not supported betwee...
FAILED test_stack4_MOSA.py::test_case_6 - AssertionError: assert 'builtins.No...
FAILED test_stack4_WHOLE_SUITE.py::test_case_1 - TypeError: '&lt;' not supported...
FAILED test_stack4_WHOLE_SUITE.py::test_case_2 - TypeError: '&lt;' not supported...
======================== 10 failed, 56 passed in 0.18s =========================
</pre></div></div></div></div></div><div class="mb-1" id="job_list___sub_accordion_26"><div class="card"><a data-toggle="collapse" data-target="#job_list___sub_collapse_26_1" aria-expanded="false" aria-controls="job_list___sub_collapse_26_1" href="#" class="job_list___sub_multi_heading"><div role="alert" class="card-header alert-success" id="job_list___sub_heading_26_1"><button class="btn btn-outline-success"><span class="job_id">26 : Job ID 123cb14438cb4841a49cf7a162ab204c</span></button></div></a><div aria-labelledby="job_list___sub_heading_26_1" data-parent="#job_list___sub_accordion_26" class="collapse job_list___sub_multi_collapse" id="job_list___sub_collapse_26_1"><div class="card-body"><div class="work-item"><div class="alert alert-success test-outcome" role="alert"><p>worker outcome: normal</p><p>test outcome: killed</p></div></div><pre class="location"><a href="pycharm://open?file=stack4.py&amp;line=74" class="text-secondary"><button class="btn btn-outline-dark">stack4.py, start pos: (74, 45), end pos: (74, 47)</button></a></pre><pre>operator: core/ReplaceComparisonOperator_Eq_Lt, occurrence: 1</pre><div class="alert alert-secondary"><pre class="diff">--- mutation diff ---
--- astack4.py
+++ bstack4.py
@@ -71,7 +71,7 @@
             self.head = self.head.next
             self._length -= 1
         while curr:
-            if (curr.next and curr.next.data == val):
+            if (curr.next and curr.next.data &lt; val):
                 curr.next = curr.next.next
                 self._length -= 1
             curr = curr.next</pre></div><div class="alert alert-secondary"><pre class="diff">============================= test session starts ==============================
platform linux -- Python 3.10.12, pytest-7.1.3, pluggy-1.0.0
rootdir: /home/lucca/desktop/ic/experimento/testes/python_experiments/stack4/ALL-SMART-GPT-COSMICRAY
plugins: Faker-15.1.1, hypothesis-6.56.3
collected 66 items

test_stack4_COSMICRAY.py F.F                                             [  4%]
test_stack4_DYNAMOSA.py .............F.F                                 [ 28%]
test_stack4_EX.py .                                                      [ 30%]
test_stack4_MIO.py ..........F...F.....                                  [ 60%]
test_stack4_MOSA.py ...FFF........FFF                                    [ 86%]
test_stack4_WHOLE_SUITE.py F........                                     [100%]

=========================== short test summary info ============================
FAILED test_stack4_COSMICRAY.py::test_remove_method_length - TypeError: '&lt;' n...
FAILED test_stack4_COSMICRAY.py::test_remove_method_remove_head - TypeError: ...
FAILED test_stack4_DYNAMOSA.py::test_case_13 - TypeError: '&lt;' not supported b...
FAILED test_stack4_DYNAMOSA.py::test_case_15 - TypeError: '&lt;' not supported b...
FAILED test_stack4_MIO.py::test_case_10 - TypeError: '&lt;' not supported betwee...
FAILED test_stack4_MIO.py::test_case_14 - TypeError: '&lt;' not supported betwee...
FAILED test_stack4_MOSA.py::test_case_3 - TypeError: '&lt;' not supported betwee...
FAILED test_stack4_MOSA.py::test_case_4 - TypeError: '&lt;' not supported betwee...
FAILED test_stack4_MOSA.py::test_case_5 - TypeError: '&lt;' not supported betwee...
FAILED test_stack4_MOSA.py::test_case_14 - TypeError: '&lt;' not supported betwe...
FAILED test_stack4_MOSA.py::test_case_15 - TypeError: '&lt;' not supported betwe...
FAILED test_stack4_MOSA.py::test_case_16 - TypeError: '&lt;' not supported betwe...
FAILED test_stack4_WHOLE_SUITE.py::test_case_0 - TypeError: '&lt;' not supported...
======================== 13 failed, 53 passed in 0.21s =========================
</pre></div></div></div></div></div><div class="mb-1" id="job_list___sub_accordion_27"><div class="card"><a data-toggle="collapse" data-target="#job_list___sub_collapse_27_1" aria-expanded="false" aria-controls="job_list___sub_collapse_27_1" href="#" class="job_list___sub_multi_heading"><div role="alert" class="card-header alert-success" id="job_list___sub_heading_27_1"><button class="btn btn-outline-success"><span class="job_id">27 : Job ID f31bd89042d64da3bd09ddaac914a6bc</span></button></div></a><div aria-labelledby="job_list___sub_heading_27_1" data-parent="#job_list___sub_accordion_27" class="collapse job_list___sub_multi_collapse" id="job_list___sub_collapse_27_1"><div class="card-body"><div class="work-item"><div class="alert alert-success test-outcome" role="alert"><p>worker outcome: normal</p><p>test outcome: killed</p></div></div><pre class="location"><a href="pycharm://open?file=stack4.py&amp;line=63" class="text-secondary"><button class="btn btn-outline-dark">stack4.py, start pos: (63, 25), end pos: (63, 27)</button></a></pre><pre>operator: core/ReplaceComparisonOperator_Eq_LtE, occurrence: 0</pre><div class="alert alert-secondary"><pre class="diff">--- mutation diff ---
--- astack4.py
+++ bstack4.py
@@ -60,7 +60,7 @@
         """Return the node containing val."""
         curr = self.head
         while curr:
-            if curr.data == val:
+            if curr.data &lt;= val:
                 return curr
             curr = curr.next
 </pre></div><div class="alert alert-secondary"><pre class="diff">============================= test session starts ==============================
platform linux -- Python 3.10.12, pytest-7.1.3, pluggy-1.0.0
rootdir: /home/lucca/desktop/ic/experimento/testes/python_experiments/stack4/ALL-SMART-GPT-COSMICRAY
plugins: Faker-15.1.1, hypothesis-6.56.3
collected 66 items

test_stack4_COSMICRAY.py ...                                             [  4%]
test_stack4_DYNAMOSA.py ...........F.F..                                 [ 28%]
test_stack4_EX.py .                                                      [ 30%]
test_stack4_MIO.py ......FF............                                  [ 60%]
test_stack4_MOSA.py .....F...........                                    [ 86%]
test_stack4_WHOLE_SUITE.py .FF......                                     [100%]

=========================== short test summary info ============================
FAILED test_stack4_DYNAMOSA.py::test_case_11 - TypeError: '&lt;=' not supported ...
FAILED test_stack4_DYNAMOSA.py::test_case_13 - TypeError: '&lt;=' not supported ...
FAILED test_stack4_MIO.py::test_case_6 - TypeError: '&lt;=' not supported betwee...
FAILED test_stack4_MIO.py::test_case_7 - TypeError: '&lt;=' not supported betwee...
FAILED test_stack4_MOSA.py::test_case_5 - TypeError: '&lt;=' not supported betwe...
FAILED test_stack4_WHOLE_SUITE.py::test_case_1 - TypeError: '&lt;=' not supporte...
FAILED test_stack4_WHOLE_SUITE.py::test_case_2 - TypeError: '&lt;=' not supporte...
========================= 7 failed, 59 passed in 0.18s =========================
</pre></div></div></div></div></div><div class="mb-1" id="job_list___sub_accordion_28"><div class="card"><a data-toggle="collapse" data-target="#job_list___sub_collapse_28_1" aria-expanded="false" aria-controls="job_list___sub_collapse_28_1" href="#" class="job_list___sub_multi_heading"><div role="alert" class="card-header alert-success" id="job_list___sub_heading_28_1"><button class="btn btn-outline-success"><span class="job_id">28 : Job ID b108de07c23b490fac3bf7876d2cdd3e</span></button></div></a><div aria-labelledby="job_list___sub_heading_28_1" data-parent="#job_list___sub_accordion_28" class="collapse job_list___sub_multi_collapse" id="job_list___sub_collapse_28_1"><div class="card-body"><div class="work-item"><div class="alert alert-success test-outcome" role="alert"><p>worker outcome: normal</p><p>test outcome: killed</p></div></div><pre class="location"><a href="pycharm://open?file=stack4.py&amp;line=74" class="text-secondary"><button class="btn btn-outline-dark">stack4.py, start pos: (74, 45), end pos: (74, 47)</button></a></pre><pre>operator: core/ReplaceComparisonOperator_Eq_LtE, occurrence: 1</pre><div class="alert alert-secondary"><pre class="diff">--- mutation diff ---
--- astack4.py
+++ bstack4.py
@@ -71,7 +71,7 @@
             self.head = self.head.next
             self._length -= 1
         while curr:
-            if (curr.next and curr.next.data == val):
+            if (curr.next and curr.next.data &lt;= val):
                 curr.next = curr.next.next
                 self._length -= 1
             curr = curr.next</pre></div><div class="alert alert-secondary"><pre class="diff">============================= test session starts ==============================
platform linux -- Python 3.10.12, pytest-7.1.3, pluggy-1.0.0
rootdir: /home/lucca/desktop/ic/experimento/testes/python_experiments/stack4/ALL-SMART-GPT-COSMICRAY
plugins: Faker-15.1.1, hypothesis-6.56.3
collected 66 items

test_stack4_COSMICRAY.py F.F                                             [  4%]
test_stack4_DYNAMOSA.py .............F.F                                 [ 28%]
test_stack4_EX.py .                                                      [ 30%]
test_stack4_MIO.py ..........F...F.....                                  [ 60%]
test_stack4_MOSA.py ...FFF........FF.                                    [ 86%]
test_stack4_WHOLE_SUITE.py F........                                     [100%]

=========================== short test summary info ============================
FAILED test_stack4_COSMICRAY.py::test_remove_method_length - assert 3 == 4
FAILED test_stack4_COSMICRAY.py::test_remove_method_remove_head - TypeError: ...
FAILED test_stack4_DYNAMOSA.py::test_case_13 - TypeError: '&lt;=' not supported ...
FAILED test_stack4_DYNAMOSA.py::test_case_15 - TypeError: '&lt;=' not supported ...
FAILED test_stack4_MIO.py::test_case_10 - TypeError: '&lt;=' not supported betwe...
FAILED test_stack4_MIO.py::test_case_14 - TypeError: '&lt;=' not supported betwe...
FAILED test_stack4_MOSA.py::test_case_3 - TypeError: '&lt;=' not supported betwe...
FAILED test_stack4_MOSA.py::test_case_4 - TypeError: '&lt;=' not supported betwe...
FAILED test_stack4_MOSA.py::test_case_5 - TypeError: '&lt;=' not supported betwe...
FAILED test_stack4_MOSA.py::test_case_14 - TypeError: '&lt;=' not supported betw...
FAILED test_stack4_MOSA.py::test_case_15 - TypeError: '&lt;=' not supported betw...
FAILED test_stack4_WHOLE_SUITE.py::test_case_0 - TypeError: '&lt;=' not supporte...
======================== 12 failed, 54 passed in 0.23s =========================
</pre></div></div></div></div></div><div class="mb-1" id="job_list___sub_accordion_29"><div class="card"><a data-toggle="collapse" data-target="#job_list___sub_collapse_29_1" aria-expanded="false" aria-controls="job_list___sub_collapse_29_1" href="#" class="job_list___sub_multi_heading"><div role="alert" class="card-header alert-success" id="job_list___sub_heading_29_1"><button class="btn btn-outline-success"><span class="job_id">29 : Job ID 2317994ebb5e4257a073018517e4d90b</span></button></div></a><div aria-labelledby="job_list___sub_heading_29_1" data-parent="#job_list___sub_accordion_29" class="collapse job_list___sub_multi_collapse" id="job_list___sub_collapse_29_1"><div class="card-body"><div class="work-item"><div class="alert alert-success test-outcome" role="alert"><p>worker outcome: normal</p><p>test outcome: killed</p></div></div><pre class="location"><a href="pycharm://open?file=stack4.py&amp;line=63" class="text-secondary"><button class="btn btn-outline-dark">stack4.py, start pos: (63, 25), end pos: (63, 27)</button></a></pre><pre>operator: core/ReplaceComparisonOperator_Eq_Gt, occurrence: 0</pre><div class="alert alert-secondary"><pre class="diff">--- mutation diff ---
--- astack4.py
+++ bstack4.py
@@ -60,7 +60,7 @@
         """Return the node containing val."""
         curr = self.head
         while curr:
-            if curr.data == val:
+            if curr.data &gt; val:
                 return curr
             curr = curr.next
 </pre></div><div class="alert alert-secondary"><pre class="diff">============================= test session starts ==============================
platform linux -- Python 3.10.12, pytest-7.1.3, pluggy-1.0.0
rootdir: /home/lucca/desktop/ic/experimento/testes/python_experiments/stack4/ALL-SMART-GPT-COSMICRAY
plugins: Faker-15.1.1, hypothesis-6.56.3
collected 66 items

test_stack4_COSMICRAY.py ...                                             [  4%]
test_stack4_DYNAMOSA.py ....F......F.FF.                                 [ 28%]
test_stack4_EX.py .                                                      [ 30%]
test_stack4_MIO.py ......FF............                                  [ 60%]
test_stack4_MOSA.py .....FF..........                                    [ 86%]
test_stack4_WHOLE_SUITE.py .FF......                                     [100%]

=========================== short test summary info ============================
FAILED test_stack4_DYNAMOSA.py::test_case_4 - AssertionError: assert 'builtin...
FAILED test_stack4_DYNAMOSA.py::test_case_11 - TypeError: '&gt;' not supported b...
FAILED test_stack4_DYNAMOSA.py::test_case_13 - TypeError: '&gt;' not supported b...
FAILED test_stack4_DYNAMOSA.py::test_case_14 - AssertionError: assert 'builti...
FAILED test_stack4_MIO.py::test_case_6 - TypeError: '&gt;' not supported between...
FAILED test_stack4_MIO.py::test_case_7 - TypeError: '&gt;' not supported between...
FAILED test_stack4_MOSA.py::test_case_5 - TypeError: '&gt;' not supported betwee...
FAILED test_stack4_MOSA.py::test_case_6 - AssertionError: assert 'builtins.No...
FAILED test_stack4_WHOLE_SUITE.py::test_case_1 - TypeError: '&gt;' not supported...
FAILED test_stack4_WHOLE_SUITE.py::test_case_2 - TypeError: '&gt;' not supported...
======================== 10 failed, 56 passed in 0.20s =========================
</pre></div></div></div></div></div><div class="mb-1" id="job_list___sub_accordion_30"><div class="card"><a data-toggle="collapse" data-target="#job_list___sub_collapse_30_1" aria-expanded="false" aria-controls="job_list___sub_collapse_30_1" href="#" class="job_list___sub_multi_heading"><div role="alert" class="card-header alert-success" id="job_list___sub_heading_30_1"><button class="btn btn-outline-success"><span class="job_id">30 : Job ID 914136ff9cfa4f5eb2d71eedd6c87291</span></button></div></a><div aria-labelledby="job_list___sub_heading_30_1" data-parent="#job_list___sub_accordion_30" class="collapse job_list___sub_multi_collapse" id="job_list___sub_collapse_30_1"><div class="card-body"><div class="work-item"><div class="alert alert-success test-outcome" role="alert"><p>worker outcome: normal</p><p>test outcome: killed</p></div></div><pre class="location"><a href="pycharm://open?file=stack4.py&amp;line=74" class="text-secondary"><button class="btn btn-outline-dark">stack4.py, start pos: (74, 45), end pos: (74, 47)</button></a></pre><pre>operator: core/ReplaceComparisonOperator_Eq_Gt, occurrence: 1</pre><div class="alert alert-secondary"><pre class="diff">--- mutation diff ---
--- astack4.py
+++ bstack4.py
@@ -71,7 +71,7 @@
             self.head = self.head.next
             self._length -= 1
         while curr:
-            if (curr.next and curr.next.data == val):
+            if (curr.next and curr.next.data &gt; val):
                 curr.next = curr.next.next
                 self._length -= 1
             curr = curr.next</pre></div><div class="alert alert-secondary"><pre class="diff">============================= test session starts ==============================
platform linux -- Python 3.10.12, pytest-7.1.3, pluggy-1.0.0
rootdir: /home/lucca/desktop/ic/experimento/testes/python_experiments/stack4/ALL-SMART-GPT-COSMICRAY
plugins: Faker-15.1.1, hypothesis-6.56.3
collected 66 items

test_stack4_COSMICRAY.py F.F                                             [  4%]
test_stack4_DYNAMOSA.py .............F.F                                 [ 28%]
test_stack4_EX.py .                                                      [ 30%]
test_stack4_MIO.py ..........F...F.....                                  [ 60%]
test_stack4_MOSA.py ...FFF........FFF                                    [ 86%]
test_stack4_WHOLE_SUITE.py F........                                     [100%]

=========================== short test summary info ============================
FAILED test_stack4_COSMICRAY.py::test_remove_method_length - TypeError: '&gt;' n...
FAILED test_stack4_COSMICRAY.py::test_remove_method_remove_head - TypeError: ...
FAILED test_stack4_DYNAMOSA.py::test_case_13 - TypeError: '&gt;' not supported b...
FAILED test_stack4_DYNAMOSA.py::test_case_15 - TypeError: '&gt;' not supported b...
FAILED test_stack4_MIO.py::test_case_10 - TypeError: '&gt;' not supported betwee...
FAILED test_stack4_MIO.py::test_case_14 - TypeError: '&gt;' not supported betwee...
FAILED test_stack4_MOSA.py::test_case_3 - TypeError: '&gt;' not supported betwee...
FAILED test_stack4_MOSA.py::test_case_4 - TypeError: '&gt;' not supported betwee...
FAILED test_stack4_MOSA.py::test_case_5 - TypeError: '&gt;' not supported betwee...
FAILED test_stack4_MOSA.py::test_case_14 - TypeError: '&gt;' not supported betwe...
FAILED test_stack4_MOSA.py::test_case_15 - TypeError: '&gt;' not supported betwe...
FAILED test_stack4_MOSA.py::test_case_16 - TypeError: '&gt;' not supported betwe...
FAILED test_stack4_WHOLE_SUITE.py::test_case_0 - TypeError: '&gt;' not supported...
======================== 13 failed, 53 passed in 0.18s =========================
</pre></div></div></div></div></div><div class="mb-1" id="job_list___sub_accordion_31"><div class="card"><a data-toggle="collapse" data-target="#job_list___sub_collapse_31_1" aria-expanded="false" aria-controls="job_list___sub_collapse_31_1" href="#" class="job_list___sub_multi_heading"><div role="alert" class="card-header alert-success" id="job_list___sub_heading_31_1"><button class="btn btn-outline-success"><span class="job_id">31 : Job ID dd0d1b3d20c043509cae3ddd4336aac4</span></button></div></a><div aria-labelledby="job_list___sub_heading_31_1" data-parent="#job_list___sub_accordion_31" class="collapse job_list___sub_multi_collapse" id="job_list___sub_collapse_31_1"><div class="card-body"><div class="work-item"><div class="alert alert-success test-outcome" role="alert"><p>worker outcome: normal</p><p>test outcome: killed</p></div></div><pre class="location"><a href="pycharm://open?file=stack4.py&amp;line=63" class="text-secondary"><button class="btn btn-outline-dark">stack4.py, start pos: (63, 25), end pos: (63, 27)</button></a></pre><pre>operator: core/ReplaceComparisonOperator_Eq_GtE, occurrence: 0</pre><div class="alert alert-secondary"><pre class="diff">--- mutation diff ---
--- astack4.py
+++ bstack4.py
@@ -60,7 +60,7 @@
         """Return the node containing val."""
         curr = self.head
         while curr:
-            if curr.data == val:
+            if curr.data &gt;= val:
                 return curr
             curr = curr.next
 </pre></div><div class="alert alert-secondary"><pre class="diff">============================= test session starts ==============================
platform linux -- Python 3.10.12, pytest-7.1.3, pluggy-1.0.0
rootdir: /home/lucca/desktop/ic/experimento/testes/python_experiments/stack4/ALL-SMART-GPT-COSMICRAY
plugins: Faker-15.1.1, hypothesis-6.56.3
collected 66 items

test_stack4_COSMICRAY.py ...                                             [  4%]
test_stack4_DYNAMOSA.py ...........F.F..                                 [ 28%]
test_stack4_EX.py .                                                      [ 30%]
test_stack4_MIO.py ......FF............                                  [ 60%]
test_stack4_MOSA.py .....F...........                                    [ 86%]
test_stack4_WHOLE_SUITE.py .FF......                                     [100%]

=========================== short test summary info ============================
FAILED test_stack4_DYNAMOSA.py::test_case_11 - TypeError: '&gt;=' not supported ...
FAILED test_stack4_DYNAMOSA.py::test_case_13 - TypeError: '&gt;=' not supported ...
FAILED test_stack4_MIO.py::test_case_6 - TypeError: '&gt;=' not supported betwee...
FAILED test_stack4_MIO.py::test_case_7 - TypeError: '&gt;=' not supported betwee...
FAILED test_stack4_MOSA.py::test_case_5 - TypeError: '&gt;=' not supported betwe...
FAILED test_stack4_WHOLE_SUITE.py::test_case_1 - TypeError: '&gt;=' not supporte...
FAILED test_stack4_WHOLE_SUITE.py::test_case_2 - TypeError: '&gt;=' not supporte...
========================= 7 failed, 59 passed in 0.18s =========================
</pre></div></div></div></div></div><div class="mb-1" id="job_list___sub_accordion_32"><div class="card"><a data-toggle="collapse" data-target="#job_list___sub_collapse_32_1" aria-expanded="false" aria-controls="job_list___sub_collapse_32_1" href="#" class="job_list___sub_multi_heading"><div role="alert" class="card-header alert-success" id="job_list___sub_heading_32_1"><button class="btn btn-outline-success"><span class="job_id">32 : Job ID 7541aecfc2bf40ff9dcadd1e8ba7d605</span></button></div></a><div aria-labelledby="job_list___sub_heading_32_1" data-parent="#job_list___sub_accordion_32" class="collapse job_list___sub_multi_collapse" id="job_list___sub_collapse_32_1"><div class="card-body"><div class="work-item"><div class="alert alert-success test-outcome" role="alert"><p>worker outcome: normal</p><p>test outcome: killed</p></div></div><pre class="location"><a href="pycharm://open?file=stack4.py&amp;line=74" class="text-secondary"><button class="btn btn-outline-dark">stack4.py, start pos: (74, 45), end pos: (74, 47)</button></a></pre><pre>operator: core/ReplaceComparisonOperator_Eq_GtE, occurrence: 1</pre><div class="alert alert-secondary"><pre class="diff">--- mutation diff ---
--- astack4.py
+++ bstack4.py
@@ -71,7 +71,7 @@
             self.head = self.head.next
             self._length -= 1
         while curr:
-            if (curr.next and curr.next.data == val):
+            if (curr.next and curr.next.data &gt;= val):
                 curr.next = curr.next.next
                 self._length -= 1
             curr = curr.next</pre></div><div class="alert alert-secondary"><pre class="diff">============================= test session starts ==============================
platform linux -- Python 3.10.12, pytest-7.1.3, pluggy-1.0.0
rootdir: /home/lucca/desktop/ic/experimento/testes/python_experiments/stack4/ALL-SMART-GPT-COSMICRAY
plugins: Faker-15.1.1, hypothesis-6.56.3
collected 66 items

test_stack4_COSMICRAY.py F.F                                             [  4%]
test_stack4_DYNAMOSA.py .............F.F                                 [ 28%]
test_stack4_EX.py .                                                      [ 30%]
test_stack4_MIO.py ..........F...F.....                                  [ 60%]
test_stack4_MOSA.py ...FFF........FF.                                    [ 86%]
test_stack4_WHOLE_SUITE.py F........                                     [100%]

=========================== short test summary info ============================
FAILED test_stack4_COSMICRAY.py::test_remove_method_length - TypeError: '&gt;=' ...
FAILED test_stack4_COSMICRAY.py::test_remove_method_remove_head - TypeError: ...
FAILED test_stack4_DYNAMOSA.py::test_case_13 - TypeError: '&gt;=' not supported ...
FAILED test_stack4_DYNAMOSA.py::test_case_15 - TypeError: '&gt;=' not supported ...
FAILED test_stack4_MIO.py::test_case_10 - TypeError: '&gt;=' not supported betwe...
FAILED test_stack4_MIO.py::test_case_14 - TypeError: '&gt;=' not supported betwe...
FAILED test_stack4_MOSA.py::test_case_3 - TypeError: '&gt;=' not supported betwe...
FAILED test_stack4_MOSA.py::test_case_4 - TypeError: '&gt;=' not supported betwe...
FAILED test_stack4_MOSA.py::test_case_5 - TypeError: '&gt;=' not supported betwe...
FAILED test_stack4_MOSA.py::test_case_14 - TypeError: '&gt;=' not supported betw...
FAILED test_stack4_MOSA.py::test_case_15 - TypeError: '&gt;=' not supported betw...
FAILED test_stack4_WHOLE_SUITE.py::test_case_0 - TypeError: '&gt;=' not supporte...
======================== 12 failed, 54 passed in 0.18s =========================
</pre></div></div></div></div></div><div class="mb-1" id="job_list___sub_accordion_33"><div class="card"><a data-toggle="collapse" data-target="#job_list___sub_collapse_33_1" aria-expanded="false" aria-controls="job_list___sub_collapse_33_1" href="#" class="job_list___sub_multi_heading"><div role="alert" class="card-header alert-danger" id="job_list___sub_heading_33_1"><button class="btn btn-outline-danger"><span class="job_id">33 : Job ID bd391feaef674b829c643132b4df9b27</span></button></div></a><div aria-labelledby="job_list___sub_heading_33_1" data-parent="#job_list___sub_accordion_33" class="collapse job_list___sub_multi_collapse" id="job_list___sub_collapse_33_1"><div class="card-body"><div class="work-item"><div class="alert alert-danger test-outcome" role="alert"><p>SURVIVED</p><p>worker outcome: normal</p><p>test outcome: survived</p></div></div><pre class="location"><a href="pycharm://open?file=stack4.py&amp;line=63" class="text-secondary"><button class="btn btn-outline-dark">stack4.py, start pos: (63, 25), end pos: (63, 27)</button></a></pre><pre>operator: core/ReplaceComparisonOperator_Eq_Is, occurrence: 0</pre><div class="alert alert-secondary"><pre class="diff">--- mutation diff ---
--- astack4.py
+++ bstack4.py
@@ -60,7 +60,7 @@
         """Return the node containing val."""
         curr = self.head
         while curr:
-            if curr.data == val:
+            if curr.data is val:
                 return curr
             curr = curr.next
 </pre></div><div class="alert alert-secondary"><pre class="diff">============================= test session starts ==============================
platform linux -- Python 3.10.12, pytest-7.1.3, pluggy-1.0.0
rootdir: /home/lucca/desktop/ic/experimento/testes/python_experiments/stack4/ALL-SMART-GPT-COSMICRAY
plugins: Faker-15.1.1, hypothesis-6.56.3
collected 66 items

test_stack4_COSMICRAY.py ...                                             [  4%]
test_stack4_DYNAMOSA.py ................                                 [ 28%]
test_stack4_EX.py .                                                      [ 30%]
test_stack4_MIO.py ....................                                  [ 60%]
test_stack4_MOSA.py .................                                    [ 86%]
test_stack4_WHOLE_SUITE.py .........                                     [100%]

============================== 66 passed in 0.19s ==============================
</pre></div></div></div></div></div><div class="mb-1" id="job_list___sub_accordion_34"><div class="card"><a data-toggle="collapse" data-target="#job_list___sub_collapse_34_1" aria-expanded="false" aria-controls="job_list___sub_collapse_34_1" href="#" class="job_list___sub_multi_heading"><div role="alert" class="card-header alert-danger" id="job_list___sub_heading_34_1"><button class="btn btn-outline-danger"><span class="job_id">34 : Job ID a248b7c638524df5b89c62c6b7948b8f</span></button></div></a><div aria-labelledby="job_list___sub_heading_34_1" data-parent="#job_list___sub_accordion_34" class="collapse job_list___sub_multi_collapse" id="job_list___sub_collapse_34_1"><div class="card-body"><div class="work-item"><div class="alert alert-danger test-outcome" role="alert"><p>SURVIVED</p><p>worker outcome: normal</p><p>test outcome: survived</p></div></div><pre class="location"><a href="pycharm://open?file=stack4.py&amp;line=74" class="text-secondary"><button class="btn btn-outline-dark">stack4.py, start pos: (74, 45), end pos: (74, 47)</button></a></pre><pre>operator: core/ReplaceComparisonOperator_Eq_Is, occurrence: 1</pre><div class="alert alert-secondary"><pre class="diff">--- mutation diff ---
--- astack4.py
+++ bstack4.py
@@ -71,7 +71,7 @@
             self.head = self.head.next
             self._length -= 1
         while curr:
-            if (curr.next and curr.next.data == val):
+            if (curr.next and curr.next.data is val):
                 curr.next = curr.next.next
                 self._length -= 1
             curr = curr.next</pre></div><div class="alert alert-secondary"><pre class="diff">============================= test session starts ==============================
platform linux -- Python 3.10.12, pytest-7.1.3, pluggy-1.0.0
rootdir: /home/lucca/desktop/ic/experimento/testes/python_experiments/stack4/ALL-SMART-GPT-COSMICRAY
plugins: Faker-15.1.1, hypothesis-6.56.3
collected 66 items

test_stack4_COSMICRAY.py ...                                             [  4%]
test_stack4_DYNAMOSA.py ................                                 [ 28%]
test_stack4_EX.py .                                                      [ 30%]
test_stack4_MIO.py ....................                                  [ 60%]
test_stack4_MOSA.py .................                                    [ 86%]
test_stack4_WHOLE_SUITE.py .........                                     [100%]

============================== 66 passed in 0.18s ==============================
</pre></div></div></div></div></div><div class="mb-1" id="job_list___sub_accordion_35"><div class="card"><a data-toggle="collapse" data-target="#job_list___sub_collapse_35_1" aria-expanded="false" aria-controls="job_list___sub_collapse_35_1" href="#" class="job_list___sub_multi_heading"><div role="alert" class="card-header alert-success" id="job_list___sub_heading_35_1"><button class="btn btn-outline-success"><span class="job_id">35 : Job ID aae25cc357564815bf7252889943a51b</span></button></div></a><div aria-labelledby="job_list___sub_heading_35_1" data-parent="#job_list___sub_accordion_35" class="collapse job_list___sub_multi_collapse" id="job_list___sub_collapse_35_1"><div class="card-body"><div class="work-item"><div class="alert alert-success test-outcome" role="alert"><p>worker outcome: normal</p><p>test outcome: killed</p></div></div><pre class="location"><a href="pycharm://open?file=stack4.py&amp;line=63" class="text-secondary"><button class="btn btn-outline-dark">stack4.py, start pos: (63, 25), end pos: (63, 27)</button></a></pre><pre>operator: core/ReplaceComparisonOperator_Eq_IsNot, occurrence: 0</pre><div class="alert alert-secondary"><pre class="diff">--- mutation diff ---
--- astack4.py
+++ bstack4.py
@@ -60,7 +60,7 @@
         """Return the node containing val."""
         curr = self.head
         while curr:
-            if curr.data == val:
+            if curr.data is not val:
                 return curr
             curr = curr.next
 </pre></div><div class="alert alert-secondary"><pre class="diff">============================= test session starts ==============================
platform linux -- Python 3.10.12, pytest-7.1.3, pluggy-1.0.0
rootdir: /home/lucca/desktop/ic/experimento/testes/python_experiments/stack4/ALL-SMART-GPT-COSMICRAY
plugins: Faker-15.1.1, hypothesis-6.56.3
collected 66 items

test_stack4_COSMICRAY.py ...                                             [  4%]
test_stack4_DYNAMOSA.py ....F.........F.                                 [ 28%]
test_stack4_EX.py .                                                      [ 30%]
test_stack4_MIO.py ......F.............                                  [ 60%]
test_stack4_MOSA.py ......F..........                                    [ 86%]
test_stack4_WHOLE_SUITE.py ..F......                                     [100%]

=========================== short test summary info ============================
FAILED test_stack4_DYNAMOSA.py::test_case_4 - AssertionError: assert 'builtin...
FAILED test_stack4_DYNAMOSA.py::test_case_14 - AssertionError: assert 'builti...
FAILED test_stack4_MIO.py::test_case_6 - AssertionError: assert 'builtins.Non...
FAILED test_stack4_MOSA.py::test_case_6 - AssertionError: assert 'builtins.No...
FAILED test_stack4_WHOLE_SUITE.py::test_case_2 - AssertionError: assert 'buil...
========================= 5 failed, 61 passed in 0.20s =========================
</pre></div></div></div></div></div><div class="mb-1" id="job_list___sub_accordion_36"><div class="card"><a data-toggle="collapse" data-target="#job_list___sub_collapse_36_1" aria-expanded="false" aria-controls="job_list___sub_collapse_36_1" href="#" class="job_list___sub_multi_heading"><div role="alert" class="card-header alert-success" id="job_list___sub_heading_36_1"><button class="btn btn-outline-success"><span class="job_id">36 : Job ID 4ae02ad761b04199938036713765cbda</span></button></div></a><div aria-labelledby="job_list___sub_heading_36_1" data-parent="#job_list___sub_accordion_36" class="collapse job_list___sub_multi_collapse" id="job_list___sub_collapse_36_1"><div class="card-body"><div class="work-item"><div class="alert alert-success test-outcome" role="alert"><p>worker outcome: normal</p><p>test outcome: killed</p></div></div><pre class="location"><a href="pycharm://open?file=stack4.py&amp;line=74" class="text-secondary"><button class="btn btn-outline-dark">stack4.py, start pos: (74, 45), end pos: (74, 47)</button></a></pre><pre>operator: core/ReplaceComparisonOperator_Eq_IsNot, occurrence: 1</pre><div class="alert alert-secondary"><pre class="diff">--- mutation diff ---
--- astack4.py
+++ bstack4.py
@@ -71,7 +71,7 @@
             self.head = self.head.next
             self._length -= 1
         while curr:
-            if (curr.next and curr.next.data == val):
+            if (curr.next and curr.next.data is not val):
                 curr.next = curr.next.next
                 self._length -= 1
             curr = curr.next</pre></div><div class="alert alert-secondary"><pre class="diff">============================= test session starts ==============================
platform linux -- Python 3.10.12, pytest-7.1.3, pluggy-1.0.0
rootdir: /home/lucca/desktop/ic/experimento/testes/python_experiments/stack4/ALL-SMART-GPT-COSMICRAY
plugins: Faker-15.1.1, hypothesis-6.56.3
collected 66 items

test_stack4_COSMICRAY.py F.F                                             [  4%]
test_stack4_DYNAMOSA.py ................                                 [ 28%]
test_stack4_EX.py .                                                      [ 30%]
test_stack4_MIO.py ....................                                  [ 60%]
test_stack4_MOSA.py .................                                    [ 86%]
test_stack4_WHOLE_SUITE.py .........                                     [100%]

=========================== short test summary info ============================
FAILED test_stack4_COSMICRAY.py::test_remove_method_length - assert 3 == 4
FAILED test_stack4_COSMICRAY.py::test_remove_method_remove_head - assert 2 == 4
========================= 2 failed, 64 passed in 0.19s =========================
</pre></div></div></div></div></div><div class="mb-1" id="job_list___sub_accordion_37"><div class="card"><a data-toggle="collapse" data-target="#job_list___sub_collapse_37_1" aria-expanded="false" aria-controls="job_list___sub_collapse_37_1" href="#" class="job_list___sub_multi_heading"><div role="alert" class="card-header alert-danger" id="job_list___sub_heading_37_1"><button class="btn btn-outline-danger"><span class="job_id">37 : Job ID 09a6edfeb01243eb8f75d08f8f6e607c</span></button></div></a><div aria-labelledby="job_list___sub_heading_37_1" data-parent="#job_list___sub_accordion_37" class="collapse job_list___sub_multi_collapse" id="job_list___sub_collapse_37_1"><div class="card-body"><div class="work-item"><div class="alert alert-danger test-outcome" role="alert"><p>SURVIVED</p><p>worker outcome: normal</p><p>test outcome: survived</p></div></div><pre class="location"><a href="pycharm://open?file=stack4.py&amp;line=70" class="text-secondary"><button class="btn btn-outline-dark">stack4.py, start pos: (70, 24), end pos: (70, 26)</button></a></pre><pre>operator: core/ReplaceComparisonOperator_Is_Eq, occurrence: 0</pre><div class="alert alert-secondary"><pre class="diff">--- mutation diff ---
--- astack4.py
+++ bstack4.py
@@ -67,7 +67,7 @@
     def remove(self, val):
         """Remove node from list if exists."""
         curr = self.head
-        if curr and val is self.head.data:
+        if curr and val == self.head.data:
             self.head = self.head.next
             self._length -= 1
         while curr:</pre></div><div class="alert alert-secondary"><pre class="diff">============================= test session starts ==============================
platform linux -- Python 3.10.12, pytest-7.1.3, pluggy-1.0.0
rootdir: /home/lucca/desktop/ic/experimento/testes/python_experiments/stack4/ALL-SMART-GPT-COSMICRAY
plugins: Faker-15.1.1, hypothesis-6.56.3
collected 66 items

test_stack4_COSMICRAY.py ...                                             [  4%]
test_stack4_DYNAMOSA.py ................                                 [ 28%]
test_stack4_EX.py .                                                      [ 30%]
test_stack4_MIO.py ....................                                  [ 60%]
test_stack4_MOSA.py .................                                    [ 86%]
test_stack4_WHOLE_SUITE.py .........                                     [100%]

============================== 66 passed in 0.17s ==============================
</pre></div></div></div></div></div><div class="mb-1" id="job_list___sub_accordion_38"><div class="card"><a data-toggle="collapse" data-target="#job_list___sub_collapse_38_1" aria-expanded="false" aria-controls="job_list___sub_collapse_38_1" href="#" class="job_list___sub_multi_heading"><div role="alert" class="card-header alert-success" id="job_list___sub_heading_38_1"><button class="btn btn-outline-success"><span class="job_id">38 : Job ID f6e426c121b04f3f99db2540305f7459</span></button></div></a><div aria-labelledby="job_list___sub_heading_38_1" data-parent="#job_list___sub_accordion_38" class="collapse job_list___sub_multi_collapse" id="job_list___sub_collapse_38_1"><div class="card-body"><div class="work-item"><div class="alert alert-success test-outcome" role="alert"><p>worker outcome: normal</p><p>test outcome: killed</p></div></div><pre class="location"><a href="pycharm://open?file=stack4.py&amp;line=70" class="text-secondary"><button class="btn btn-outline-dark">stack4.py, start pos: (70, 24), end pos: (70, 26)</button></a></pre><pre>operator: core/ReplaceComparisonOperator_Is_NotEq, occurrence: 0</pre><div class="alert alert-secondary"><pre class="diff">--- mutation diff ---
--- astack4.py
+++ bstack4.py
@@ -67,7 +67,7 @@
     def remove(self, val):
         """Remove node from list if exists."""
         curr = self.head
-        if curr and val is self.head.data:
+        if curr and val != self.head.data:
             self.head = self.head.next
             self._length -= 1
         while curr:</pre></div><div class="alert alert-secondary"><pre class="diff">============================= test session starts ==============================
platform linux -- Python 3.10.12, pytest-7.1.3, pluggy-1.0.0
rootdir: /home/lucca/desktop/ic/experimento/testes/python_experiments/stack4/ALL-SMART-GPT-COSMICRAY
plugins: Faker-15.1.1, hypothesis-6.56.3
collected 66 items

test_stack4_COSMICRAY.py F.F                                             [  4%]
test_stack4_DYNAMOSA.py ..............F.                                 [ 28%]
test_stack4_EX.py .                                                      [ 30%]
test_stack4_MIO.py ............F.......                                  [ 60%]
test_stack4_MOSA.py ...F.............                                    [ 86%]
test_stack4_WHOLE_SUITE.py .........                                     [100%]

=========================== short test summary info ============================
FAILED test_stack4_COSMICRAY.py::test_remove_method_length - assert 3 == 4
FAILED test_stack4_COSMICRAY.py::test_remove_method_remove_head - assert 5 == 4
FAILED test_stack4_DYNAMOSA.py::test_case_14 - assert &lt;stack4.Node object at ...
FAILED test_stack4_MIO.py::test_case_12 - assert &lt;stack4.Node object at 0x7f2...
FAILED test_stack4_MOSA.py::test_case_3 - AssertionError: assert 'O' == '+'
========================= 5 failed, 61 passed in 0.22s =========================
</pre></div></div></div></div></div><div class="mb-1" id="job_list___sub_accordion_39"><div class="card"><a data-toggle="collapse" data-target="#job_list___sub_collapse_39_1" aria-expanded="false" aria-controls="job_list___sub_collapse_39_1" href="#" class="job_list___sub_multi_heading"><div role="alert" class="card-header alert-success" id="job_list___sub_heading_39_1"><button class="btn btn-outline-success"><span class="job_id">39 : Job ID 2b07e75983744a94aee83193ea2bd7bd</span></button></div></a><div aria-labelledby="job_list___sub_heading_39_1" data-parent="#job_list___sub_accordion_39" class="collapse job_list___sub_multi_collapse" id="job_list___sub_collapse_39_1"><div class="card-body"><div class="work-item"><div class="alert alert-success test-outcome" role="alert"><p>worker outcome: normal</p><p>test outcome: killed</p></div></div><pre class="location"><a href="pycharm://open?file=stack4.py&amp;line=70" class="text-secondary"><button class="btn btn-outline-dark">stack4.py, start pos: (70, 24), end pos: (70, 26)</button></a></pre><pre>operator: core/ReplaceComparisonOperator_Is_Lt, occurrence: 0</pre><div class="alert alert-secondary"><pre class="diff">--- mutation diff ---
--- astack4.py
+++ bstack4.py
@@ -67,7 +67,7 @@
     def remove(self, val):
         """Remove node from list if exists."""
         curr = self.head
-        if curr and val is self.head.data:
+        if curr and val &lt; self.head.data:
             self.head = self.head.next
             self._length -= 1
         while curr:</pre></div><div class="alert alert-secondary"><pre class="diff">============================= test session starts ==============================
platform linux -- Python 3.10.12, pytest-7.1.3, pluggy-1.0.0
rootdir: /home/lucca/desktop/ic/experimento/testes/python_experiments/stack4/ALL-SMART-GPT-COSMICRAY
plugins: Faker-15.1.1, hypothesis-6.56.3
collected 66 items

test_stack4_COSMICRAY.py F.F                                             [  4%]
test_stack4_DYNAMOSA.py ..........FF.FFF                                 [ 28%]
test_stack4_EX.py .                                                      [ 30%]
test_stack4_MIO.py ..........FFF.F.....                                  [ 60%]
test_stack4_MOSA.py ...FFF........FFF                                    [ 86%]
test_stack4_WHOLE_SUITE.py F........                                     [100%]

=========================== short test summary info ============================
FAILED test_stack4_COSMICRAY.py::test_remove_method_length - TypeError: '&lt;' n...
FAILED test_stack4_COSMICRAY.py::test_remove_method_remove_head - assert 5 == 4
FAILED test_stack4_DYNAMOSA.py::test_case_10 - TypeError: '&lt;' not supported b...
FAILED test_stack4_DYNAMOSA.py::test_case_11 - TypeError: '&lt;' not supported b...
FAILED test_stack4_DYNAMOSA.py::test_case_13 - TypeError: '&lt;' not supported b...
FAILED test_stack4_DYNAMOSA.py::test_case_14 - assert &lt;stack4.Node object at ...
FAILED test_stack4_DYNAMOSA.py::test_case_15 - TypeError: '&lt;' not supported b...
FAILED test_stack4_MIO.py::test_case_10 - TypeError: '&lt;' not supported betwee...
FAILED test_stack4_MIO.py::test_case_11 - TypeError: '&lt;' not supported betwee...
FAILED test_stack4_MIO.py::test_case_12 - TypeError: '&lt;' not supported betwee...
FAILED test_stack4_MIO.py::test_case_14 - TypeError: '&lt;' not supported betwee...
FAILED test_stack4_MOSA.py::test_case_3 - TypeError: '&lt;' not supported betwee...
FAILED test_stack4_MOSA.py::test_case_4 - TypeError: '&lt;' not supported betwee...
FAILED test_stack4_MOSA.py::test_case_5 - TypeError: '&lt;' not supported betwee...
FAILED test_stack4_MOSA.py::test_case_14 - TypeError: '&lt;' not supported betwe...
FAILED test_stack4_MOSA.py::test_case_15 - TypeError: '&lt;' not supported betwe...
FAILED test_stack4_MOSA.py::test_case_16 - TypeError: '&lt;' not supported betwe...
FAILED test_stack4_WHOLE_SUITE.py::test_case_0 - TypeError: '&lt;' not supported...
======================== 18 failed, 48 passed in 0.19s =========================
</pre></div></div></div></div></div><div class="mb-1" id="job_list___sub_accordion_40"><div class="card"><a data-toggle="collapse" data-target="#job_list___sub_collapse_40_1" aria-expanded="false" aria-controls="job_list___sub_collapse_40_1" href="#" class="job_list___sub_multi_heading"><div role="alert" class="card-header alert-success" id="job_list___sub_heading_40_1"><button class="btn btn-outline-success"><span class="job_id">40 : Job ID 5779874eb88543a889837a8ca4626b63</span></button></div></a><div aria-labelledby="job_list___sub_heading_40_1" data-parent="#job_list___sub_accordion_40" class="collapse job_list___sub_multi_collapse" id="job_list___sub_collapse_40_1"><div class="card-body"><div class="work-item"><div class="alert alert-success test-outcome" role="alert"><p>worker outcome: normal</p><p>test outcome: killed</p></div></div><pre class="location"><a href="pycharm://open?file=stack4.py&amp;line=70" class="text-secondary"><button class="btn btn-outline-dark">stack4.py, start pos: (70, 24), end pos: (70, 26)</button></a></pre><pre>operator: core/ReplaceComparisonOperator_Is_LtE, occurrence: 0</pre><div class="alert alert-secondary"><pre class="diff">--- mutation diff ---
--- astack4.py
+++ bstack4.py
@@ -67,7 +67,7 @@
     def remove(self, val):
         """Remove node from list if exists."""
         curr = self.head
-        if curr and val is self.head.data:
+        if curr and val &lt;= self.head.data:
             self.head = self.head.next
             self._length -= 1
         while curr:</pre></div><div class="alert alert-secondary"><pre class="diff">============================= test session starts ==============================
platform linux -- Python 3.10.12, pytest-7.1.3, pluggy-1.0.0
rootdir: /home/lucca/desktop/ic/experimento/testes/python_experiments/stack4/ALL-SMART-GPT-COSMICRAY
plugins: Faker-15.1.1, hypothesis-6.56.3
collected 66 items

test_stack4_COSMICRAY.py F..                                             [  4%]
test_stack4_DYNAMOSA.py ..........FF.F.F                                 [ 28%]
test_stack4_EX.py .                                                      [ 30%]
test_stack4_MIO.py ..........FFF.F.....                                  [ 60%]
test_stack4_MOSA.py ...FFF........FFF                                    [ 86%]
test_stack4_WHOLE_SUITE.py F........                                     [100%]

=========================== short test summary info ============================
FAILED test_stack4_COSMICRAY.py::test_remove_method_length - TypeError: '&lt;=' ...
FAILED test_stack4_DYNAMOSA.py::test_case_10 - TypeError: '&lt;=' not supported ...
FAILED test_stack4_DYNAMOSA.py::test_case_11 - TypeError: '&lt;=' not supported ...
FAILED test_stack4_DYNAMOSA.py::test_case_13 - TypeError: '&lt;=' not supported ...
FAILED test_stack4_DYNAMOSA.py::test_case_15 - TypeError: '&lt;=' not supported ...
FAILED test_stack4_MIO.py::test_case_10 - TypeError: '&lt;=' not supported betwe...
FAILED test_stack4_MIO.py::test_case_11 - TypeError: '&lt;=' not supported betwe...
FAILED test_stack4_MIO.py::test_case_12 - TypeError: '&lt;=' not supported betwe...
FAILED test_stack4_MIO.py::test_case_14 - TypeError: '&lt;=' not supported betwe...
FAILED test_stack4_MOSA.py::test_case_3 - TypeError: '&lt;=' not supported betwe...
FAILED test_stack4_MOSA.py::test_case_4 - TypeError: '&lt;=' not supported betwe...
FAILED test_stack4_MOSA.py::test_case_5 - TypeError: '&lt;=' not supported betwe...
FAILED test_stack4_MOSA.py::test_case_14 - TypeError: '&lt;=' not supported betw...
FAILED test_stack4_MOSA.py::test_case_15 - TypeError: '&lt;=' not supported betw...
FAILED test_stack4_MOSA.py::test_case_16 - TypeError: '&lt;=' not supported betw...
FAILED test_stack4_WHOLE_SUITE.py::test_case_0 - TypeError: '&lt;=' not supporte...
======================== 16 failed, 50 passed in 0.20s =========================
</pre></div></div></div></div></div><div class="mb-1" id="job_list___sub_accordion_41"><div class="card"><a data-toggle="collapse" data-target="#job_list___sub_collapse_41_1" aria-expanded="false" aria-controls="job_list___sub_collapse_41_1" href="#" class="job_list___sub_multi_heading"><div role="alert" class="card-header alert-success" id="job_list___sub_heading_41_1"><button class="btn btn-outline-success"><span class="job_id">41 : Job ID e23e004910964203956d6eaa8cb42bdd</span></button></div></a><div aria-labelledby="job_list___sub_heading_41_1" data-parent="#job_list___sub_accordion_41" class="collapse job_list___sub_multi_collapse" id="job_list___sub_collapse_41_1"><div class="card-body"><div class="work-item"><div class="alert alert-success test-outcome" role="alert"><p>worker outcome: normal</p><p>test outcome: killed</p></div></div><pre class="location"><a href="pycharm://open?file=stack4.py&amp;line=70" class="text-secondary"><button class="btn btn-outline-dark">stack4.py, start pos: (70, 24), end pos: (70, 26)</button></a></pre><pre>operator: core/ReplaceComparisonOperator_Is_Gt, occurrence: 0</pre><div class="alert alert-secondary"><pre class="diff">--- mutation diff ---
--- astack4.py
+++ bstack4.py
@@ -67,7 +67,7 @@
     def remove(self, val):
         """Remove node from list if exists."""
         curr = self.head
-        if curr and val is self.head.data:
+        if curr and val &gt; self.head.data:
             self.head = self.head.next
             self._length -= 1
         while curr:</pre></div><div class="alert alert-secondary"><pre class="diff">============================= test session starts ==============================
platform linux -- Python 3.10.12, pytest-7.1.3, pluggy-1.0.0
rootdir: /home/lucca/desktop/ic/experimento/testes/python_experiments/stack4/ALL-SMART-GPT-COSMICRAY
plugins: Faker-15.1.1, hypothesis-6.56.3
collected 66 items

test_stack4_COSMICRAY.py F.F                                             [  4%]
test_stack4_DYNAMOSA.py ..........FF.FFF                                 [ 28%]
test_stack4_EX.py .                                                      [ 30%]
test_stack4_MIO.py ..........FFF.F.....                                  [ 60%]
test_stack4_MOSA.py ...FFF........FFF                                    [ 86%]
test_stack4_WHOLE_SUITE.py F........                                     [100%]

=========================== short test summary info ============================
FAILED test_stack4_COSMICRAY.py::test_remove_method_length - TypeError: '&gt;' n...
FAILED test_stack4_COSMICRAY.py::test_remove_method_remove_head - assert 5 == 4
FAILED test_stack4_DYNAMOSA.py::test_case_10 - TypeError: '&gt;' not supported b...
FAILED test_stack4_DYNAMOSA.py::test_case_11 - TypeError: '&gt;' not supported b...
FAILED test_stack4_DYNAMOSA.py::test_case_13 - TypeError: '&gt;' not supported b...
FAILED test_stack4_DYNAMOSA.py::test_case_14 - assert &lt;stack4.Node object at ...
FAILED test_stack4_DYNAMOSA.py::test_case_15 - TypeError: '&gt;' not supported b...
FAILED test_stack4_MIO.py::test_case_10 - TypeError: '&gt;' not supported betwee...
FAILED test_stack4_MIO.py::test_case_11 - TypeError: '&gt;' not supported betwee...
FAILED test_stack4_MIO.py::test_case_12 - TypeError: '&gt;' not supported betwee...
FAILED test_stack4_MIO.py::test_case_14 - TypeError: '&gt;' not supported betwee...
FAILED test_stack4_MOSA.py::test_case_3 - TypeError: '&gt;' not supported betwee...
FAILED test_stack4_MOSA.py::test_case_4 - TypeError: '&gt;' not supported betwee...
FAILED test_stack4_MOSA.py::test_case_5 - TypeError: '&gt;' not supported betwee...
FAILED test_stack4_MOSA.py::test_case_14 - TypeError: '&gt;' not supported betwe...
FAILED test_stack4_MOSA.py::test_case_15 - TypeError: '&gt;' not supported betwe...
FAILED test_stack4_MOSA.py::test_case_16 - TypeError: '&gt;' not supported betwe...
FAILED test_stack4_WHOLE_SUITE.py::test_case_0 - TypeError: '&gt;' not supported...
======================== 18 failed, 48 passed in 0.19s =========================
</pre></div></div></div></div></div><div class="mb-1" id="job_list___sub_accordion_42"><div class="card"><a data-toggle="collapse" data-target="#job_list___sub_collapse_42_1" aria-expanded="false" aria-controls="job_list___sub_collapse_42_1" href="#" class="job_list___sub_multi_heading"><div role="alert" class="card-header alert-success" id="job_list___sub_heading_42_1"><button class="btn btn-outline-success"><span class="job_id">42 : Job ID 3b0592c5d3e6488fa5fff8b9570f4255</span></button></div></a><div aria-labelledby="job_list___sub_heading_42_1" data-parent="#job_list___sub_accordion_42" class="collapse job_list___sub_multi_collapse" id="job_list___sub_collapse_42_1"><div class="card-body"><div class="work-item"><div class="alert alert-success test-outcome" role="alert"><p>worker outcome: normal</p><p>test outcome: killed</p></div></div><pre class="location"><a href="pycharm://open?file=stack4.py&amp;line=70" class="text-secondary"><button class="btn btn-outline-dark">stack4.py, start pos: (70, 24), end pos: (70, 26)</button></a></pre><pre>operator: core/ReplaceComparisonOperator_Is_GtE, occurrence: 0</pre><div class="alert alert-secondary"><pre class="diff">--- mutation diff ---
--- astack4.py
+++ bstack4.py
@@ -67,7 +67,7 @@
     def remove(self, val):
         """Remove node from list if exists."""
         curr = self.head
-        if curr and val is self.head.data:
+        if curr and val &gt;= self.head.data:
             self.head = self.head.next
             self._length -= 1
         while curr:</pre></div><div class="alert alert-secondary"><pre class="diff">============================= test session starts ==============================
platform linux -- Python 3.10.12, pytest-7.1.3, pluggy-1.0.0
rootdir: /home/lucca/desktop/ic/experimento/testes/python_experiments/stack4/ALL-SMART-GPT-COSMICRAY
plugins: Faker-15.1.1, hypothesis-6.56.3
collected 66 items

test_stack4_COSMICRAY.py F..                                             [  4%]
test_stack4_DYNAMOSA.py ..........FF.F.F                                 [ 28%]
test_stack4_EX.py .                                                      [ 30%]
test_stack4_MIO.py ..........FFF.F.....                                  [ 60%]
test_stack4_MOSA.py ...FFF........FFF                                    [ 86%]
test_stack4_WHOLE_SUITE.py F........                                     [100%]

=========================== short test summary info ============================
FAILED test_stack4_COSMICRAY.py::test_remove_method_length - TypeError: '&gt;=' ...
FAILED test_stack4_DYNAMOSA.py::test_case_10 - TypeError: '&gt;=' not supported ...
FAILED test_stack4_DYNAMOSA.py::test_case_11 - TypeError: '&gt;=' not supported ...
FAILED test_stack4_DYNAMOSA.py::test_case_13 - TypeError: '&gt;=' not supported ...
FAILED test_stack4_DYNAMOSA.py::test_case_15 - TypeError: '&gt;=' not supported ...
FAILED test_stack4_MIO.py::test_case_10 - TypeError: '&gt;=' not supported betwe...
FAILED test_stack4_MIO.py::test_case_11 - TypeError: '&gt;=' not supported betwe...
FAILED test_stack4_MIO.py::test_case_12 - TypeError: '&gt;=' not supported betwe...
FAILED test_stack4_MIO.py::test_case_14 - TypeError: '&gt;=' not supported betwe...
FAILED test_stack4_MOSA.py::test_case_3 - TypeError: '&gt;=' not supported betwe...
FAILED test_stack4_MOSA.py::test_case_4 - TypeError: '&gt;=' not supported betwe...
FAILED test_stack4_MOSA.py::test_case_5 - TypeError: '&gt;=' not supported betwe...
FAILED test_stack4_MOSA.py::test_case_14 - TypeError: '&gt;=' not supported betw...
FAILED test_stack4_MOSA.py::test_case_15 - TypeError: '&gt;=' not supported betw...
FAILED test_stack4_MOSA.py::test_case_16 - TypeError: '&gt;=' not supported betw...
FAILED test_stack4_WHOLE_SUITE.py::test_case_0 - TypeError: '&gt;=' not supporte...
======================== 16 failed, 50 passed in 0.19s =========================
</pre></div></div></div></div></div><div class="mb-1" id="job_list___sub_accordion_43"><div class="card"><a data-toggle="collapse" data-target="#job_list___sub_collapse_43_1" aria-expanded="false" aria-controls="job_list___sub_collapse_43_1" href="#" class="job_list___sub_multi_heading"><div role="alert" class="card-header alert-success" id="job_list___sub_heading_43_1"><button class="btn btn-outline-success"><span class="job_id">43 : Job ID 6e380e3617f042cf82c657ee73a7ed3a</span></button></div></a><div aria-labelledby="job_list___sub_heading_43_1" data-parent="#job_list___sub_accordion_43" class="collapse job_list___sub_multi_collapse" id="job_list___sub_collapse_43_1"><div class="card-body"><div class="work-item"><div class="alert alert-success test-outcome" role="alert"><p>worker outcome: normal</p><p>test outcome: killed</p></div></div><pre class="location"><a href="pycharm://open?file=stack4.py&amp;line=70" class="text-secondary"><button class="btn btn-outline-dark">stack4.py, start pos: (70, 24), end pos: (70, 26)</button></a></pre><pre>operator: core/ReplaceComparisonOperator_Is_IsNot, occurrence: 0</pre><div class="alert alert-secondary"><pre class="diff">--- mutation diff ---
--- astack4.py
+++ bstack4.py
@@ -67,7 +67,7 @@
     def remove(self, val):
         """Remove node from list if exists."""
         curr = self.head
-        if curr and val is self.head.data:
+        if curr and val is not self.head.data:
             self.head = self.head.next
             self._length -= 1
         while curr:</pre></div><div class="alert alert-secondary"><pre class="diff">============================= test session starts ==============================
platform linux -- Python 3.10.12, pytest-7.1.3, pluggy-1.0.0
rootdir: /home/lucca/desktop/ic/experimento/testes/python_experiments/stack4/ALL-SMART-GPT-COSMICRAY
plugins: Faker-15.1.1, hypothesis-6.56.3
collected 66 items

test_stack4_COSMICRAY.py F.F                                             [  4%]
test_stack4_DYNAMOSA.py ..............F.                                 [ 28%]
test_stack4_EX.py .                                                      [ 30%]
test_stack4_MIO.py ............F.......                                  [ 60%]
test_stack4_MOSA.py ...F.............                                    [ 86%]
test_stack4_WHOLE_SUITE.py .........                                     [100%]

=========================== short test summary info ============================
FAILED test_stack4_COSMICRAY.py::test_remove_method_length - assert 3 == 4
FAILED test_stack4_COSMICRAY.py::test_remove_method_remove_head - assert 5 == 4
FAILED test_stack4_DYNAMOSA.py::test_case_14 - assert &lt;stack4.Node object at ...
FAILED test_stack4_MIO.py::test_case_12 - assert &lt;stack4.Node object at 0x7f2...
FAILED test_stack4_MOSA.py::test_case_3 - AssertionError: assert 'O' == '+'
========================= 5 failed, 61 passed in 0.18s =========================
</pre></div></div></div></div></div><div class="mb-1" id="job_list___sub_accordion_44"><div class="card"><a data-toggle="collapse" data-target="#job_list___sub_collapse_44_1" aria-expanded="false" aria-controls="job_list___sub_collapse_44_1" href="#" class="job_list___sub_multi_heading"><div role="alert" class="card-header alert-success" id="job_list___sub_heading_44_1"><button class="btn btn-outline-success"><span class="job_id">44 : Job ID a6a3ade872034ea3bd53c98cf171acc8</span></button></div></a><div aria-labelledby="job_list___sub_heading_44_1" data-parent="#job_list___sub_accordion_44" class="collapse job_list___sub_multi_collapse" id="job_list___sub_collapse_44_1"><div class="card-body"><div class="work-item"><div class="alert alert-success test-outcome" role="alert"><p>worker outcome: normal</p><p>test outcome: killed</p></div></div><pre class="location"><a href="pycharm://open?file=stack4.py&amp;line=86" class="text-secondary"><button class="btn btn-outline-dark">stack4.py, start pos: (86, 24), end pos: (86, 25)</button></a></pre><pre>operator: core/ReplaceUnaryOperator_USub_UAdd, occurrence: 0</pre><div class="alert alert-secondary"><pre class="diff">--- mutation diff ---
--- astack4.py
+++ bstack4.py
@@ -83,7 +83,7 @@
         while curr:
             display += str(curr.data) + ', '
             curr = curr.next
-        return display[:-2] + ')'
+        return display[:+2] + ')'
 
 
 class Stack(object):</pre></div><div class="alert alert-secondary"><pre class="diff">============================= test session starts ==============================
platform linux -- Python 3.10.12, pytest-7.1.3, pluggy-1.0.0
rootdir: /home/lucca/desktop/ic/experimento/testes/python_experiments/stack4/ALL-SMART-GPT-COSMICRAY
plugins: Faker-15.1.1, hypothesis-6.56.3
collected 66 items

test_stack4_COSMICRAY.py ...                                             [  4%]
test_stack4_DYNAMOSA.py ......FF....F...                                 [ 28%]
test_stack4_EX.py .                                                      [ 30%]
test_stack4_MIO.py ...............F.F..                                  [ 60%]
test_stack4_MOSA.py .F.FFF...FF......                                    [ 86%]
test_stack4_WHOLE_SUITE.py F.F......                                     [100%]

=========================== short test summary info ============================
FAILED test_stack4_DYNAMOSA.py::test_case_6 - AssertionError: assert '(T)' ==...
FAILED test_stack4_DYNAMOSA.py::test_case_7 - AssertionError: assert '()' == ')'
FAILED test_stack4_DYNAMOSA.py::test_case_12 - AssertionError: assert '(()' =...
FAILED test_stack4_MIO.py::test_case_15 - AssertionError: assert '(v)' == '(v...
FAILED test_stack4_MIO.py::test_case_17 - AssertionError: assert '()' == ')'
FAILED test_stack4_MOSA.py::test_case_1 - AssertionError: assert '(T)' == '(T...
FAILED test_stack4_MOSA.py::test_case_3 - AssertionError: assert '(+)' == '(+...
FAILED test_stack4_MOSA.py::test_case_4 - AssertionError: assert '(+)' == '(+...
FAILED test_stack4_MOSA.py::test_case_5 - AssertionError: assert '(+)' == '(+...
FAILED test_stack4_MOSA.py::test_case_9 - AssertionError: assert '(+)' == '(+...
FAILED test_stack4_MOSA.py::test_case_10 - AssertionError: assert '()' == ')'
FAILED test_stack4_WHOLE_SUITE.py::test_case_0 - AssertionError: assert '()' ...
FAILED test_stack4_WHOLE_SUITE.py::test_case_2 - AssertionError: assert '()' ...
======================== 13 failed, 53 passed in 0.27s =========================
</pre></div></div></div></div></div><div class="mb-1" id="job_list___sub_accordion_45"><div class="card"><a data-toggle="collapse" data-target="#job_list___sub_collapse_45_1" aria-expanded="false" aria-controls="job_list___sub_collapse_45_1" href="#" class="job_list___sub_multi_heading"><div role="alert" class="card-header alert-success" id="job_list___sub_heading_45_1"><button class="btn btn-outline-success"><span class="job_id">45 : Job ID f662ee76a30c4386a6c2b45fe0700ed4</span></button></div></a><div aria-labelledby="job_list___sub_heading_45_1" data-parent="#job_list___sub_accordion_45" class="collapse job_list___sub_multi_collapse" id="job_list___sub_collapse_45_1"><div class="card-body"><div class="work-item"><div class="alert alert-success test-outcome" role="alert"><p>worker outcome: normal</p><p>test outcome: killed</p></div></div><pre class="location"><a href="pycharm://open?file=stack4.py&amp;line=86" class="text-secondary"><button class="btn btn-outline-dark">stack4.py, start pos: (86, 24), end pos: (86, 25)</button></a></pre><pre>operator: core/ReplaceUnaryOperator_USub_Invert, occurrence: 0</pre><div class="alert alert-secondary"><pre class="diff">--- mutation diff ---
--- astack4.py
+++ bstack4.py
@@ -83,7 +83,7 @@
         while curr:
             display += str(curr.data) + ', '
             curr = curr.next
-        return display[:-2] + ')'
+        return display[:~2] + ')'
 
 
 class Stack(object):</pre></div><div class="alert alert-secondary"><pre class="diff">============================= test session starts ==============================
platform linux -- Python 3.10.12, pytest-7.1.3, pluggy-1.0.0
rootdir: /home/lucca/desktop/ic/experimento/testes/python_experiments/stack4/ALL-SMART-GPT-COSMICRAY
plugins: Faker-15.1.1, hypothesis-6.56.3
collected 66 items

test_stack4_COSMICRAY.py ...                                             [  4%]
test_stack4_DYNAMOSA.py ......F.....F...                                 [ 28%]
test_stack4_EX.py .                                                      [ 30%]
test_stack4_MIO.py ...............F....                                  [ 60%]
test_stack4_MOSA.py .F.FFF...F.......                                    [ 86%]
test_stack4_WHOLE_SUITE.py .........                                     [100%]

=========================== short test summary info ============================
FAILED test_stack4_DYNAMOSA.py::test_case_6 - AssertionError: assert '(Tru)' ...
FAILED test_stack4_DYNAMOSA.py::test_case_12 - AssertionError: assert '((True...
FAILED test_stack4_MIO.py::test_case_15 - AssertionError: assert '(v, e, /, \...
FAILED test_stack4_MOSA.py::test_case_1 - AssertionError: assert '(Tru)' == '...
FAILED test_stack4_MOSA.py::test_case_3 - AssertionError: assert '(+, O, k, \...
FAILED test_stack4_MOSA.py::test_case_4 - AssertionError: assert '(+, O, k, \...
FAILED test_stack4_MOSA.py::test_case_5 - AssertionError: assert '(+, O, k, \...
FAILED test_stack4_MOSA.py::test_case_9 - AssertionError: assert '(+, O, k, \...
========================= 8 failed, 58 passed in 0.26s =========================
</pre></div></div></div></div></div><div class="mb-1" id="job_list___sub_accordion_46"><div class="card"><a data-toggle="collapse" data-target="#job_list___sub_collapse_46_1" aria-expanded="false" aria-controls="job_list___sub_collapse_46_1" href="#" class="job_list___sub_multi_heading"><div role="alert" class="card-header alert-success" id="job_list___sub_heading_46_1"><button class="btn btn-outline-success"><span class="job_id">46 : Job ID ce1fb7e3c2a24f6cb45ca9936b048647</span></button></div></a><div aria-labelledby="job_list___sub_heading_46_1" data-parent="#job_list___sub_accordion_46" class="collapse job_list___sub_multi_collapse" id="job_list___sub_collapse_46_1"><div class="card-body"><div class="work-item"><div class="alert alert-success test-outcome" role="alert"><p>worker outcome: normal</p><p>test outcome: killed</p></div></div><pre class="location"><a href="pycharm://open?file=stack4.py&amp;line=86" class="text-secondary"><button class="btn btn-outline-dark">stack4.py, start pos: (86, 24), end pos: (86, 25)</button></a></pre><pre>operator: core/ReplaceUnaryOperator_USub_Not, occurrence: 0</pre><div class="alert alert-secondary"><pre class="diff">--- mutation diff ---
--- astack4.py
+++ bstack4.py
@@ -83,7 +83,7 @@
         while curr:
             display += str(curr.data) + ', '
             curr = curr.next
-        return display[:-2] + ')'
+        return display[:not 2] + ')'
 
 
 class Stack(object):</pre></div><div class="alert alert-secondary"><pre class="diff">============================= test session starts ==============================
platform linux -- Python 3.10.12, pytest-7.1.3, pluggy-1.0.0
rootdir: /home/lucca/desktop/ic/experimento/testes/python_experiments/stack4/ALL-SMART-GPT-COSMICRAY
plugins: Faker-15.1.1, hypothesis-6.56.3
collected 66 items

test_stack4_COSMICRAY.py ...                                             [  4%]
test_stack4_DYNAMOSA.py ......F.....F...                                 [ 28%]
test_stack4_EX.py .                                                      [ 30%]
test_stack4_MIO.py ...............F....                                  [ 60%]
test_stack4_MOSA.py .F.FFF...F.......                                    [ 86%]
test_stack4_WHOLE_SUITE.py .........                                     [100%]

=========================== short test summary info ============================
FAILED test_stack4_DYNAMOSA.py::test_case_6 - AssertionError: assert ')' == '...
FAILED test_stack4_DYNAMOSA.py::test_case_12 - AssertionError: assert ')' == ...
FAILED test_stack4_MIO.py::test_case_15 - AssertionError: assert ')' == '(v, ...
FAILED test_stack4_MOSA.py::test_case_1 - AssertionError: assert ')' == '(True)'
FAILED test_stack4_MOSA.py::test_case_3 - AssertionError: assert ')' == '(+, ...
FAILED test_stack4_MOSA.py::test_case_4 - AssertionError: assert ')' == '(+, ...
FAILED test_stack4_MOSA.py::test_case_5 - AssertionError: assert ')' == '(+, ...
FAILED test_stack4_MOSA.py::test_case_9 - AssertionError: assert ')' == '(+, ...
========================= 8 failed, 58 passed in 0.27s =========================
</pre></div></div></div></div></div><div class="mb-1" id="job_list___sub_accordion_47"><div class="card"><a data-toggle="collapse" data-target="#job_list___sub_collapse_47_1" aria-expanded="false" aria-controls="job_list___sub_collapse_47_1" href="#" class="job_list___sub_multi_heading"><div role="alert" class="card-header alert-success" id="job_list___sub_heading_47_1"><button class="btn btn-outline-success"><span class="job_id">47 : Job ID 6d2835545f754af8966d6ebae1df977e</span></button></div></a><div aria-labelledby="job_list___sub_heading_47_1" data-parent="#job_list___sub_accordion_47" class="collapse job_list___sub_multi_collapse" id="job_list___sub_collapse_47_1"><div class="card-body"><div class="work-item"><div class="alert alert-success test-outcome" role="alert"><p>worker outcome: normal</p><p>test outcome: killed</p></div></div><pre class="location"><a href="pycharm://open?file=stack4.py&amp;line=86" class="text-secondary"><button class="btn btn-outline-dark">stack4.py, start pos: (86, 24), end pos: (86, 25)</button></a></pre><pre>operator: core/ReplaceUnaryOperator_Delete_USub, occurrence: 0</pre><div class="alert alert-secondary"><pre class="diff">--- mutation diff ---
--- astack4.py
+++ bstack4.py
@@ -83,7 +83,7 @@
         while curr:
             display += str(curr.data) + ', '
             curr = curr.next
-        return display[:-2] + ')'
+        return display[:2] + ')'
 
 
 class Stack(object):</pre></div><div class="alert alert-secondary"><pre class="diff">============================= test session starts ==============================
platform linux -- Python 3.10.12, pytest-7.1.3, pluggy-1.0.0
rootdir: /home/lucca/desktop/ic/experimento/testes/python_experiments/stack4/ALL-SMART-GPT-COSMICRAY
plugins: Faker-15.1.1, hypothesis-6.56.3
collected 66 items

test_stack4_COSMICRAY.py ...                                             [  4%]
test_stack4_DYNAMOSA.py ......FF....F...                                 [ 28%]
test_stack4_EX.py .                                                      [ 30%]
test_stack4_MIO.py ...............F.F..                                  [ 60%]
test_stack4_MOSA.py .F.FFF...FF......                                    [ 86%]
test_stack4_WHOLE_SUITE.py F.F......                                     [100%]

=========================== short test summary info ============================
FAILED test_stack4_DYNAMOSA.py::test_case_6 - AssertionError: assert '(T)' ==...
FAILED test_stack4_DYNAMOSA.py::test_case_7 - AssertionError: assert '()' == ')'
FAILED test_stack4_DYNAMOSA.py::test_case_12 - AssertionError: assert '(()' =...
FAILED test_stack4_MIO.py::test_case_15 - AssertionError: assert '(v)' == '(v...
FAILED test_stack4_MIO.py::test_case_17 - AssertionError: assert '()' == ')'
FAILED test_stack4_MOSA.py::test_case_1 - AssertionError: assert '(T)' == '(T...
FAILED test_stack4_MOSA.py::test_case_3 - AssertionError: assert '(+)' == '(+...
FAILED test_stack4_MOSA.py::test_case_4 - AssertionError: assert '(+)' == '(+...
FAILED test_stack4_MOSA.py::test_case_5 - AssertionError: assert '(+)' == '(+...
FAILED test_stack4_MOSA.py::test_case_9 - AssertionError: assert '(+)' == '(+...
FAILED test_stack4_MOSA.py::test_case_10 - AssertionError: assert '()' == ')'
FAILED test_stack4_WHOLE_SUITE.py::test_case_0 - AssertionError: assert '()' ...
FAILED test_stack4_WHOLE_SUITE.py::test_case_2 - AssertionError: assert '()' ...
======================== 13 failed, 53 passed in 0.20s =========================
</pre></div></div></div></div></div><div class="mb-1" id="job_list___sub_accordion_48"><div class="card"><a data-toggle="collapse" data-target="#job_list___sub_collapse_48_1" aria-expanded="false" aria-controls="job_list___sub_collapse_48_1" href="#" class="job_list___sub_multi_heading"><div role="alert" class="card-header alert-success" id="job_list___sub_heading_48_1"><button class="btn btn-outline-success"><span class="job_id">48 : Job ID 010c2f5d2e5f4467b98351ebf615cb2f</span></button></div></a><div aria-labelledby="job_list___sub_heading_48_1" data-parent="#job_list___sub_accordion_48" class="collapse job_list___sub_multi_collapse" id="job_list___sub_collapse_48_1"><div class="card-body"><div class="work-item"><div class="alert alert-success test-outcome" role="alert"><p>worker outcome: normal</p><p>test outcome: killed</p></div></div><pre class="location"><a href="pycharm://open?file=stack4.py&amp;line=48" class="text-secondary"><button class="btn btn-outline-dark">stack4.py, start pos: (48, 11), end pos: (48, 14)</button></a></pre><pre>operator: core/ReplaceUnaryOperator_Delete_Not, occurrence: 0</pre><div class="alert alert-secondary"><pre class="diff">--- mutation diff ---
--- astack4.py
+++ bstack4.py
@@ -45,7 +45,7 @@
 
     def pop(self):
         """Remove the first value and return it."""
-        if not self.head:
+        if  self.head:
             raise IndexError('Cannot pop from an empty list')
         to_return = self.head
         self.head = self.head.next</pre></div><div class="alert alert-secondary"><pre class="diff">============================= test session starts ==============================
platform linux -- Python 3.10.12, pytest-7.1.3, pluggy-1.0.0
rootdir: /home/lucca/desktop/ic/experimento/testes/python_experiments/stack4/ALL-SMART-GPT-COSMICRAY
plugins: Faker-15.1.1, hypothesis-6.56.3
collected 66 items

test_stack4_COSMICRAY.py .F.                                             [  4%]
test_stack4_DYNAMOSA.py ..F.............                                 [ 28%]
test_stack4_EX.py .                                                      [ 30%]
test_stack4_MIO.py ....F...............                                  [ 60%]
test_stack4_MOSA.py ...F...........F.                                    [ 86%]
test_stack4_WHOLE_SUITE.py ...FF.F..                                     [100%]

=========================== short test summary info ============================
FAILED test_stack4_COSMICRAY.py::test_pop_method_length - IndexError: Cannot ...
FAILED test_stack4_DYNAMOSA.py::test_case_2 - IndexError: Cannot pop from an ...
FAILED test_stack4_MIO.py::test_case_4 - IndexError: Cannot pop from an empty...
FAILED test_stack4_MOSA.py::test_case_3 - IndexError: Cannot pop from an empt...
FAILED test_stack4_MOSA.py::test_case_15 - IndexError: Cannot pop from an emp...
FAILED test_stack4_WHOLE_SUITE.py::test_case_3 - AttributeError: 'NoneType' o...
FAILED test_stack4_WHOLE_SUITE.py::test_case_4 - AttributeError: 'NoneType' o...
FAILED test_stack4_WHOLE_SUITE.py::test_case_6 - IndexError: Cannot pop from ...
========================= 8 failed, 58 passed in 0.23s =========================
</pre></div></div></div></div></div><div class="mb-1" id="job_list___sub_accordion_49"><div class="card"><a data-toggle="collapse" data-target="#job_list___sub_collapse_49_1" aria-expanded="false" aria-controls="job_list___sub_collapse_49_1" href="#" class="job_list___sub_multi_heading"><div role="alert" class="card-header alert-success" id="job_list___sub_heading_49_1"><button class="btn btn-outline-success"><span class="job_id">49 : Job ID ad3428711b59456c812925d5f5664168</span></button></div></a><div aria-labelledby="job_list___sub_heading_49_1" data-parent="#job_list___sub_accordion_49" class="collapse job_list___sub_multi_collapse" id="job_list___sub_collapse_49_1"><div class="card-body"><div class="work-item"><div class="alert alert-success test-outcome" role="alert"><p>worker outcome: normal</p><p>test outcome: killed</p></div></div><pre class="location"><a href="pycharm://open?file=stack4.py&amp;line=37" class="text-secondary"><button class="btn btn-outline-dark">stack4.py, start pos: (37, 15), end pos: (37, 19)</button></a></pre><pre>operator: core/AddNot, occurrence: 0</pre><div class="alert alert-secondary"><pre class="diff">--- mutation diff ---
--- astack4.py
+++ bstack4.py
@@ -34,7 +34,7 @@
             for val in data:
                 self.push(val)
         except TypeError:
-            if data:
+            if not data:
                 self.push(data)
 
     def push(self, val):</pre></div><div class="alert alert-secondary"><pre class="diff">============================= test session starts ==============================
platform linux -- Python 3.10.12, pytest-7.1.3, pluggy-1.0.0
rootdir: /home/lucca/desktop/ic/experimento/testes/python_experiments/stack4/ALL-SMART-GPT-COSMICRAY
plugins: Faker-15.1.1, hypothesis-6.56.3
collected 66 items

test_stack4_COSMICRAY.py ...                                             [  4%]
test_stack4_DYNAMOSA.py FFF.FFFF..FF.FFF                                 [ 28%]
test_stack4_EX.py .                                                      [ 30%]
test_stack4_MIO.py ..F...FF.FFFFFF.FF.F                                  [ 60%]
test_stack4_MOSA.py FFF...FFF.F.F....                                    [ 86%]
test_stack4_WHOLE_SUITE.py FFFFFFF..                                     [100%]

=========================== short test summary info ============================
FAILED test_stack4_DYNAMOSA.py::test_case_0 - assert &lt;stack4.Node object at 0...
FAILED test_stack4_DYNAMOSA.py::test_case_1 - assert &lt;stack4.Node object at 0...
FAILED test_stack4_DYNAMOSA.py::test_case_2 - assert &lt;stack4.Node object at 0...
FAILED test_stack4_DYNAMOSA.py::test_case_4 - assert &lt;stack4.Node object at 0...
FAILED test_stack4_DYNAMOSA.py::test_case_5 - assert &lt;stack4.Node object at 0...
FAILED test_stack4_DYNAMOSA.py::test_case_6 - AssertionError: assert 'builtin...
FAILED test_stack4_DYNAMOSA.py::test_case_7 - assert &lt;stack4.Node object at 0...
FAILED test_stack4_DYNAMOSA.py::test_case_10 - AssertionError: assert 'builti...
FAILED test_stack4_DYNAMOSA.py::test_case_11 - assert &lt;stack4.Node object at ...
FAILED test_stack4_DYNAMOSA.py::test_case_13 - assert &lt;stack4.Node object at ...
FAILED test_stack4_DYNAMOSA.py::test_case_14 - AssertionError: assert 'builti...
FAILED test_stack4_DYNAMOSA.py::test_case_15 - assert &lt;stack4.Node object at ...
FAILED test_stack4_MIO.py::test_case_2 - AssertionError: assert 'builtins.Non...
FAILED test_stack4_MIO.py::test_case_6 - assert &lt;stack4.Node object at 0x7f7a...
FAILED test_stack4_MIO.py::test_case_7 - assert &lt;stack4.Node object at 0x7f7a...
FAILED test_stack4_MIO.py::test_case_9 - assert &lt;stack4.Node object at 0x7f7a...
FAILED test_stack4_MIO.py::test_case_10 - assert &lt;stack4.Node object at 0x7f7...
FAILED test_stack4_MIO.py::test_case_11 - assert &lt;stack4.Node object at 0x7f7...
FAILED test_stack4_MIO.py::test_case_12 - assert &lt;stack4.Node object at 0x7f7...
FAILED test_stack4_MIO.py::test_case_13 - assert &lt;stack4.Node object at 0x7f7...
FAILED test_stack4_MIO.py::test_case_14 - assert &lt;stack4.Node object at 0x7f7...
FAILED test_stack4_MIO.py::test_case_16 - AssertionError: assert 'builtins.No...
FAILED test_stack4_MIO.py::test_case_17 - assert &lt;stack4.Node object at 0x7f7...
FAILED test_stack4_MIO.py::test_case_19 - assert &lt;stack4.Node object at 0x7f7...
FAILED test_stack4_MOSA.py::test_case_0 - assert &lt;stack4.Node object at 0x7f7...
FAILED test_stack4_MOSA.py::test_case_1 - AssertionError: assert 'builtins.No...
FAILED test_stack4_MOSA.py::test_case_2 - assert &lt;stack4.Node object at 0x7f7...
FAILED test_stack4_MOSA.py::test_case_6 - assert &lt;stack4.Node object at 0x7f7...
FAILED test_stack4_MOSA.py::test_case_7 - assert &lt;stack4.Node object at 0x7f7...
FAILED test_stack4_MOSA.py::test_case_8 - assert &lt;stack4.Node object at 0x7f7...
FAILED test_stack4_MOSA.py::test_case_10 - assert &lt;stack4.Node object at 0x7f...
FAILED test_stack4_MOSA.py::test_case_12 - assert &lt;stack4.Node object at 0x7f...
FAILED test_stack4_WHOLE_SUITE.py::test_case_0 - assert &lt;stack4.Node object a...
FAILED test_stack4_WHOLE_SUITE.py::test_case_1 - assert &lt;stack4.Node object a...
FAILED test_stack4_WHOLE_SUITE.py::test_case_2 - assert &lt;stack4.Node object a...
FAILED test_stack4_WHOLE_SUITE.py::test_case_3 - assert &lt;stack4.Node object a...
FAILED test_stack4_WHOLE_SUITE.py::test_case_4 - assert &lt;stack4.Node object a...
FAILED test_stack4_WHOLE_SUITE.py::test_case_5 - assert &lt;stack4.Node object a...
FAILED test_stack4_WHOLE_SUITE.py::test_case_6 - IndexError: Cannot pop from ...
======================== 39 failed, 27 passed in 0.20s =========================
</pre></div></div></div></div></div><div class="mb-1" id="job_list___sub_accordion_50"><div class="card"><a data-toggle="collapse" data-target="#job_list___sub_collapse_50_1" aria-expanded="false" aria-controls="job_list___sub_collapse_50_1" href="#" class="job_list___sub_multi_heading"><div role="alert" class="card-header alert-success" id="job_list___sub_heading_50_1"><button class="btn btn-outline-success"><span class="job_id">50 : Job ID b404158b0e9e47bb89ebbe88df0a2adb</span></button></div></a><div aria-labelledby="job_list___sub_heading_50_1" data-parent="#job_list___sub_accordion_50" class="collapse job_list___sub_multi_collapse" id="job_list___sub_collapse_50_1"><div class="card-body"><div class="work-item"><div class="alert alert-success test-outcome" role="alert"><p>worker outcome: normal</p><p>test outcome: killed</p></div></div><pre class="location"><a href="pycharm://open?file=stack4.py&amp;line=48" class="text-secondary"><button class="btn btn-outline-dark">stack4.py, start pos: (48, 11), end pos: (48, 24)</button></a></pre><pre>operator: core/AddNot, occurrence: 1</pre><div class="alert alert-secondary"><pre class="diff">--- mutation diff ---
--- astack4.py
+++ bstack4.py
@@ -45,7 +45,7 @@
 
     def pop(self):
         """Remove the first value and return it."""
-        if not self.head:
+        if not not self.head:
             raise IndexError('Cannot pop from an empty list')
         to_return = self.head
         self.head = self.head.next</pre></div><div class="alert alert-secondary"><pre class="diff">============================= test session starts ==============================
platform linux -- Python 3.10.12, pytest-7.1.3, pluggy-1.0.0
rootdir: /home/lucca/desktop/ic/experimento/testes/python_experiments/stack4/ALL-SMART-GPT-COSMICRAY
plugins: Faker-15.1.1, hypothesis-6.56.3
collected 66 items

test_stack4_COSMICRAY.py .F.                                             [  4%]
test_stack4_DYNAMOSA.py ..F.............                                 [ 28%]
test_stack4_EX.py .                                                      [ 30%]
test_stack4_MIO.py ....F...............                                  [ 60%]
test_stack4_MOSA.py ...F...........F.                                    [ 86%]
test_stack4_WHOLE_SUITE.py ...FF.F..                                     [100%]

=========================== short test summary info ============================
FAILED test_stack4_COSMICRAY.py::test_pop_method_length - IndexError: Cannot ...
FAILED test_stack4_DYNAMOSA.py::test_case_2 - IndexError: Cannot pop from an ...
FAILED test_stack4_MIO.py::test_case_4 - IndexError: Cannot pop from an empty...
FAILED test_stack4_MOSA.py::test_case_3 - IndexError: Cannot pop from an empt...
FAILED test_stack4_MOSA.py::test_case_15 - IndexError: Cannot pop from an emp...
FAILED test_stack4_WHOLE_SUITE.py::test_case_3 - AttributeError: 'NoneType' o...
FAILED test_stack4_WHOLE_SUITE.py::test_case_4 - AttributeError: 'NoneType' o...
FAILED test_stack4_WHOLE_SUITE.py::test_case_6 - IndexError: Cannot pop from ...
========================= 8 failed, 58 passed in 0.18s =========================
</pre></div></div></div></div></div><div class="mb-1" id="job_list___sub_accordion_51"><div class="card"><a data-toggle="collapse" data-target="#job_list___sub_collapse_51_1" aria-expanded="false" aria-controls="job_list___sub_collapse_51_1" href="#" class="job_list___sub_multi_heading"><div role="alert" class="card-header alert-success" id="job_list___sub_heading_51_1"><button class="btn btn-outline-success"><span class="job_id">51 : Job ID e03b524051614f4a9d3a3cb5c0436dc5</span></button></div></a><div aria-labelledby="job_list___sub_heading_51_1" data-parent="#job_list___sub_accordion_51" class="collapse job_list___sub_multi_collapse" id="job_list___sub_collapse_51_1"><div class="card-body"><div class="work-item"><div class="alert alert-success test-outcome" role="alert"><p>worker outcome: normal</p><p>test outcome: killed</p></div></div><pre class="location"><a href="pycharm://open?file=stack4.py&amp;line=62" class="text-secondary"><button class="btn btn-outline-dark">stack4.py, start pos: (62, 14), end pos: (62, 18)</button></a></pre><pre>operator: core/AddNot, occurrence: 2</pre><div class="alert alert-secondary"><pre class="diff">--- mutation diff ---
--- astack4.py
+++ bstack4.py
@@ -59,7 +59,7 @@
     def search(self, val):
         """Return the node containing val."""
         curr = self.head
-        while curr:
+        while not curr:
             if curr.data == val:
                 return curr
             curr = curr.next</pre></div><div class="alert alert-secondary"><pre class="diff">============================= test session starts ==============================
platform linux -- Python 3.10.12, pytest-7.1.3, pluggy-1.0.0
rootdir: /home/lucca/desktop/ic/experimento/testes/python_experiments/stack4/ALL-SMART-GPT-COSMICRAY
plugins: Faker-15.1.1, hypothesis-6.56.3
collected 66 items

test_stack4_COSMICRAY.py ...                                             [  4%]
test_stack4_DYNAMOSA.py ....F......F..F.                                 [ 28%]
test_stack4_EX.py .                                                      [ 30%]
test_stack4_MIO.py ......F..F..........                                  [ 60%]
test_stack4_MOSA.py ......FF.........                                    [ 86%]
test_stack4_WHOLE_SUITE.py F.F......                                     [100%]

=========================== short test summary info ============================
FAILED test_stack4_DYNAMOSA.py::test_case_4 - AssertionError: assert 'builtin...
FAILED test_stack4_DYNAMOSA.py::test_case_11 - AttributeError: 'NoneType' obj...
FAILED test_stack4_DYNAMOSA.py::test_case_14 - AssertionError: assert 'builti...
FAILED test_stack4_MIO.py::test_case_6 - AssertionError: assert 'builtins.Non...
FAILED test_stack4_MIO.py::test_case_9 - AttributeError: 'NoneType' object ha...
FAILED test_stack4_MOSA.py::test_case_6 - AssertionError: assert 'builtins.No...
FAILED test_stack4_MOSA.py::test_case_7 - AttributeError: 'NoneType' object h...
FAILED test_stack4_WHOLE_SUITE.py::test_case_0 - AttributeError: 'NoneType' o...
FAILED test_stack4_WHOLE_SUITE.py::test_case_2 - AssertionError: assert 'buil...
========================= 9 failed, 57 passed in 0.18s =========================
</pre></div></div></div></div></div><div class="mb-1" id="job_list___sub_accordion_52"><div class="card"><a data-toggle="collapse" data-target="#job_list___sub_collapse_52_1" aria-expanded="false" aria-controls="job_list___sub_collapse_52_1" href="#" class="job_list___sub_multi_heading"><div role="alert" class="card-header alert-success" id="job_list___sub_heading_52_1"><button class="btn btn-outline-success"><span class="job_id">52 : Job ID 1a135378baf04adf85ce5c44bf7c1e4f</span></button></div></a><div aria-labelledby="job_list___sub_heading_52_1" data-parent="#job_list___sub_accordion_52" class="collapse job_list___sub_multi_collapse" id="job_list___sub_collapse_52_1"><div class="card-body"><div class="work-item"><div class="alert alert-success test-outcome" role="alert"><p>worker outcome: normal</p><p>test outcome: killed</p></div></div><pre class="location"><a href="pycharm://open?file=stack4.py&amp;line=63" class="text-secondary"><button class="btn btn-outline-dark">stack4.py, start pos: (63, 15), end pos: (63, 31)</button></a></pre><pre>operator: core/AddNot, occurrence: 3</pre><div class="alert alert-secondary"><pre class="diff">--- mutation diff ---
--- astack4.py
+++ bstack4.py
@@ -60,7 +60,7 @@
         """Return the node containing val."""
         curr = self.head
         while curr:
-            if curr.data == val:
+            if not curr.data == val:
                 return curr
             curr = curr.next
 </pre></div><div class="alert alert-secondary"><pre class="diff">============================= test session starts ==============================
platform linux -- Python 3.10.12, pytest-7.1.3, pluggy-1.0.0
rootdir: /home/lucca/desktop/ic/experimento/testes/python_experiments/stack4/ALL-SMART-GPT-COSMICRAY
plugins: Faker-15.1.1, hypothesis-6.56.3
collected 66 items

test_stack4_COSMICRAY.py ...                                             [  4%]
test_stack4_DYNAMOSA.py ....F.........F.                                 [ 28%]
test_stack4_EX.py .                                                      [ 30%]
test_stack4_MIO.py ......F.............                                  [ 60%]
test_stack4_MOSA.py ......F..........                                    [ 86%]
test_stack4_WHOLE_SUITE.py ..F......                                     [100%]

=========================== short test summary info ============================
FAILED test_stack4_DYNAMOSA.py::test_case_4 - AssertionError: assert 'builtin...
FAILED test_stack4_DYNAMOSA.py::test_case_14 - AssertionError: assert 'builti...
FAILED test_stack4_MIO.py::test_case_6 - AssertionError: assert 'builtins.Non...
FAILED test_stack4_MOSA.py::test_case_6 - AssertionError: assert 'builtins.No...
FAILED test_stack4_WHOLE_SUITE.py::test_case_2 - AssertionError: assert 'buil...
========================= 5 failed, 61 passed in 0.19s =========================
</pre></div></div></div></div></div><div class="mb-1" id="job_list___sub_accordion_53"><div class="card"><a data-toggle="collapse" data-target="#job_list___sub_collapse_53_1" aria-expanded="false" aria-controls="job_list___sub_collapse_53_1" href="#" class="job_list___sub_multi_heading"><div role="alert" class="card-header alert-success" id="job_list___sub_heading_53_1"><button class="btn btn-outline-success"><span class="job_id">53 : Job ID 0f6a5bee06bd4c698de05921390ab9ce</span></button></div></a><div aria-labelledby="job_list___sub_heading_53_1" data-parent="#job_list___sub_accordion_53" class="collapse job_list___sub_multi_collapse" id="job_list___sub_collapse_53_1"><div class="card-body"><div class="work-item"><div class="alert alert-success test-outcome" role="alert"><p>worker outcome: normal</p><p>test outcome: killed</p></div></div><pre class="location"><a href="pycharm://open?file=stack4.py&amp;line=70" class="text-secondary"><button class="btn btn-outline-dark">stack4.py, start pos: (70, 11), end pos: (70, 41)</button></a></pre><pre>operator: core/AddNot, occurrence: 4</pre><div class="alert alert-secondary"><pre class="diff">--- mutation diff ---
--- astack4.py
+++ bstack4.py
@@ -67,7 +67,7 @@
     def remove(self, val):
         """Remove node from list if exists."""
         curr = self.head
-        if curr and val is self.head.data:
+        if not curr and val is self.head.data:
             self.head = self.head.next
             self._length -= 1
         while curr:</pre></div><div class="alert alert-secondary"><pre class="diff">============================= test session starts ==============================
platform linux -- Python 3.10.12, pytest-7.1.3, pluggy-1.0.0
rootdir: /home/lucca/desktop/ic/experimento/testes/python_experiments/stack4/ALL-SMART-GPT-COSMICRAY
plugins: Faker-15.1.1, hypothesis-6.56.3
collected 66 items

test_stack4_COSMICRAY.py ..F                                             [  4%]
test_stack4_DYNAMOSA.py ..F..F.....F..F.                                 [ 28%]
test_stack4_EX.py .                                                      [ 30%]
test_stack4_MIO.py ............FF......                                  [ 60%]
test_stack4_MOSA.py .......FF...F....                                    [ 86%]
test_stack4_WHOLE_SUITE.py F........                                     [100%]

=========================== short test summary info ============================
FAILED test_stack4_COSMICRAY.py::test_remove_method_remove_head - assert 5 == 4
FAILED test_stack4_DYNAMOSA.py::test_case_2 - AttributeError: 'NoneType' obje...
FAILED test_stack4_DYNAMOSA.py::test_case_5 - AttributeError: 'NoneType' obje...
FAILED test_stack4_DYNAMOSA.py::test_case_11 - AttributeError: 'NoneType' obj...
FAILED test_stack4_DYNAMOSA.py::test_case_14 - assert &lt;stack4.Node object at ...
FAILED test_stack4_MIO.py::test_case_12 - assert &lt;stack4.Node object at 0x7fa...
FAILED test_stack4_MIO.py::test_case_13 - AttributeError: 'NoneType' object h...
FAILED test_stack4_MOSA.py::test_case_7 - AttributeError: 'NoneType' object h...
FAILED test_stack4_MOSA.py::test_case_8 - AttributeError: 'NoneType' object h...
FAILED test_stack4_MOSA.py::test_case_12 - AttributeError: 'NoneType' object ...
FAILED test_stack4_WHOLE_SUITE.py::test_case_0 - AttributeError: 'NoneType' o...
======================== 11 failed, 55 passed in 0.20s =========================
</pre></div></div></div></div></div><div class="mb-1" id="job_list___sub_accordion_54"><div class="card"><a data-toggle="collapse" data-target="#job_list___sub_collapse_54_1" aria-expanded="false" aria-controls="job_list___sub_collapse_54_1" href="#" class="job_list___sub_multi_heading"><div role="alert" class="card-header alert-success" id="job_list___sub_heading_54_1"><button class="btn btn-outline-success"><span class="job_id">54 : Job ID b7fac122a7d34ce49af9886cdc5255dc</span></button></div></a><div aria-labelledby="job_list___sub_heading_54_1" data-parent="#job_list___sub_accordion_54" class="collapse job_list___sub_multi_collapse" id="job_list___sub_collapse_54_1"><div class="card-body"><div class="work-item"><div class="alert alert-success test-outcome" role="alert"><p>worker outcome: normal</p><p>test outcome: killed</p></div></div><pre class="location"><a href="pycharm://open?file=stack4.py&amp;line=73" class="text-secondary"><button class="btn btn-outline-dark">stack4.py, start pos: (73, 14), end pos: (73, 18)</button></a></pre><pre>operator: core/AddNot, occurrence: 5</pre><div class="alert alert-secondary"><pre class="diff">--- mutation diff ---
--- astack4.py
+++ bstack4.py
@@ -70,7 +70,7 @@
         if curr and val is self.head.data:
             self.head = self.head.next
             self._length -= 1
-        while curr:
+        while not curr:
             if (curr.next and curr.next.data == val):
                 curr.next = curr.next.next
                 self._length -= 1</pre></div><div class="alert alert-secondary"><pre class="diff">============================= test session starts ==============================
platform linux -- Python 3.10.12, pytest-7.1.3, pluggy-1.0.0
rootdir: /home/lucca/desktop/ic/experimento/testes/python_experiments/stack4/ALL-SMART-GPT-COSMICRAY
plugins: Faker-15.1.1, hypothesis-6.56.3
collected 66 items

test_stack4_COSMICRAY.py F..                                             [  4%]
test_stack4_DYNAMOSA.py ..F..F.....F....                                 [ 28%]
test_stack4_EX.py .                                                      [ 30%]
test_stack4_MIO.py .............F......                                  [ 60%]
test_stack4_MOSA.py .......FF...F....                                    [ 86%]
test_stack4_WHOLE_SUITE.py F........                                     [100%]

=========================== short test summary info ============================
FAILED test_stack4_COSMICRAY.py::test_remove_method_length - assert 5 == 4
FAILED test_stack4_DYNAMOSA.py::test_case_2 - AttributeError: 'NoneType' obje...
FAILED test_stack4_DYNAMOSA.py::test_case_5 - AttributeError: 'NoneType' obje...
FAILED test_stack4_DYNAMOSA.py::test_case_11 - AttributeError: 'NoneType' obj...
FAILED test_stack4_MIO.py::test_case_13 - AttributeError: 'NoneType' object h...
FAILED test_stack4_MOSA.py::test_case_7 - AttributeError: 'NoneType' object h...
FAILED test_stack4_MOSA.py::test_case_8 - AttributeError: 'NoneType' object h...
FAILED test_stack4_MOSA.py::test_case_12 - AttributeError: 'NoneType' object ...
FAILED test_stack4_WHOLE_SUITE.py::test_case_0 - AttributeError: 'NoneType' o...
========================= 9 failed, 57 passed in 0.19s =========================
</pre></div></div></div></div></div><div class="mb-1" id="job_list___sub_accordion_55"><div class="card"><a data-toggle="collapse" data-target="#job_list___sub_collapse_55_1" aria-expanded="false" aria-controls="job_list___sub_collapse_55_1" href="#" class="job_list___sub_multi_heading"><div role="alert" class="card-header alert-success" id="job_list___sub_heading_55_1"><button class="btn btn-outline-success"><span class="job_id">55 : Job ID 1feee14e95b944c4be3b34c95fe4a153</span></button></div></a><div aria-labelledby="job_list___sub_heading_55_1" data-parent="#job_list___sub_accordion_55" class="collapse job_list___sub_multi_collapse" id="job_list___sub_collapse_55_1"><div class="card-body"><div class="work-item"><div class="alert alert-success test-outcome" role="alert"><p>worker outcome: normal</p><p>test outcome: killed</p></div></div><pre class="location"><a href="pycharm://open?file=stack4.py&amp;line=74" class="text-secondary"><button class="btn btn-outline-dark">stack4.py, start pos: (74, 15), end pos: (74, 52)</button></a></pre><pre>operator: core/AddNot, occurrence: 6</pre><div class="alert alert-secondary"><pre class="diff">--- mutation diff ---
--- astack4.py
+++ bstack4.py
@@ -71,7 +71,7 @@
             self.head = self.head.next
             self._length -= 1
         while curr:
-            if (curr.next and curr.next.data == val):
+            if not (curr.next and curr.next.data == val):
                 curr.next = curr.next.next
                 self._length -= 1
             curr = curr.next</pre></div><div class="alert alert-secondary"><pre class="diff">============================= test session starts ==============================
platform linux -- Python 3.10.12, pytest-7.1.3, pluggy-1.0.0
rootdir: /home/lucca/desktop/ic/experimento/testes/python_experiments/stack4/ALL-SMART-GPT-COSMICRAY
plugins: Faker-15.1.1, hypothesis-6.56.3
collected 66 items

test_stack4_COSMICRAY.py F.F                                             [  4%]
test_stack4_DYNAMOSA.py ..........FF.FFF                                 [ 28%]
test_stack4_EX.py .                                                      [ 30%]
test_stack4_MIO.py ..........FFF.......                                  [ 60%]
test_stack4_MOSA.py ...FFF...F....F..                                    [ 86%]
test_stack4_WHOLE_SUITE.py F....F...                                     [100%]

=========================== short test summary info ============================
FAILED test_stack4_COSMICRAY.py::test_remove_method_length - assert 3 == 4
FAILED test_stack4_COSMICRAY.py::test_remove_method_remove_head - AttributeEr...
FAILED test_stack4_DYNAMOSA.py::test_case_10 - AttributeError: 'NoneType' obj...
FAILED test_stack4_DYNAMOSA.py::test_case_11 - AttributeError: 'NoneType' obj...
FAILED test_stack4_DYNAMOSA.py::test_case_13 - AttributeError: 'NoneType' obj...
FAILED test_stack4_DYNAMOSA.py::test_case_14 - AttributeError: 'NoneType' obj...
FAILED test_stack4_DYNAMOSA.py::test_case_15 - AttributeError: 'NoneType' obj...
FAILED test_stack4_MIO.py::test_case_10 - AttributeError: 'NoneType' object h...
FAILED test_stack4_MIO.py::test_case_11 - AttributeError: 'NoneType' object h...
FAILED test_stack4_MIO.py::test_case_12 - AttributeError: 'NoneType' object h...
FAILED test_stack4_MOSA.py::test_case_3 - AttributeError: 'NoneType' object h...
FAILED test_stack4_MOSA.py::test_case_4 - AttributeError: 'NoneType' object h...
FAILED test_stack4_MOSA.py::test_case_5 - AttributeError: 'NoneType' object h...
FAILED test_stack4_MOSA.py::test_case_9 - AttributeError: 'NoneType' object h...
FAILED test_stack4_MOSA.py::test_case_14 - AttributeError: 'NoneType' object ...
FAILED test_stack4_WHOLE_SUITE.py::test_case_0 - AttributeError: 'NoneType' o...
FAILED test_stack4_WHOLE_SUITE.py::test_case_5 - AttributeError: 'NoneType' o...
======================== 17 failed, 49 passed in 0.20s =========================
</pre></div></div></div></div></div><div class="mb-1" id="job_list___sub_accordion_56"><div class="card"><a data-toggle="collapse" data-target="#job_list___sub_collapse_56_1" aria-expanded="false" aria-controls="job_list___sub_collapse_56_1" href="#" class="job_list___sub_multi_heading"><div role="alert" class="card-header alert-success" id="job_list___sub_heading_56_1"><button class="btn btn-outline-success"><span class="job_id">56 : Job ID 3bd1bfdd9e2d43d191247ff3eab59663</span></button></div></a><div aria-labelledby="job_list___sub_heading_56_1" data-parent="#job_list___sub_accordion_56" class="collapse job_list___sub_multi_collapse" id="job_list___sub_collapse_56_1"><div class="card-body"><div class="work-item"><div class="alert alert-success test-outcome" role="alert"><p>worker outcome: normal</p><p>test outcome: killed</p></div></div><pre class="location"><a href="pycharm://open?file=stack4.py&amp;line=83" class="text-secondary"><button class="btn btn-outline-dark">stack4.py, start pos: (83, 14), end pos: (83, 18)</button></a></pre><pre>operator: core/AddNot, occurrence: 7</pre><div class="alert alert-secondary"><pre class="diff">--- mutation diff ---
--- astack4.py
+++ bstack4.py
@@ -80,7 +80,7 @@
         """Display list as a tuple."""
         curr = self.head
         display = '('
-        while curr:
+        while not curr:
             display += str(curr.data) + ', '
             curr = curr.next
         return display[:-2] + ')'</pre></div><div class="alert alert-secondary"><pre class="diff">============================= test session starts ==============================
platform linux -- Python 3.10.12, pytest-7.1.3, pluggy-1.0.0
rootdir: /home/lucca/desktop/ic/experimento/testes/python_experiments/stack4/ALL-SMART-GPT-COSMICRAY
plugins: Faker-15.1.1, hypothesis-6.56.3
collected 66 items

test_stack4_COSMICRAY.py ...                                             [  4%]
test_stack4_DYNAMOSA.py ......FF....F...                                 [ 28%]
test_stack4_EX.py .                                                      [ 30%]
test_stack4_MIO.py ...............F.F..                                  [ 60%]
test_stack4_MOSA.py .F.FFF...FF......                                    [ 86%]
test_stack4_WHOLE_SUITE.py F.F......                                     [100%]

=========================== short test summary info ============================
FAILED test_stack4_DYNAMOSA.py::test_case_6 - AssertionError: assert ')' == '...
FAILED test_stack4_DYNAMOSA.py::test_case_7 - AttributeError: 'NoneType' obje...
FAILED test_stack4_DYNAMOSA.py::test_case_12 - AssertionError: assert ')' == ...
FAILED test_stack4_MIO.py::test_case_15 - AssertionError: assert ')' == '(v, ...
FAILED test_stack4_MIO.py::test_case_17 - AttributeError: 'NoneType' object h...
FAILED test_stack4_MOSA.py::test_case_1 - AssertionError: assert ')' == '(True)'
FAILED test_stack4_MOSA.py::test_case_3 - AssertionError: assert ')' == '(+, ...
FAILED test_stack4_MOSA.py::test_case_4 - AssertionError: assert ')' == '(+, ...
FAILED test_stack4_MOSA.py::test_case_5 - AssertionError: assert ')' == '(+, ...
FAILED test_stack4_MOSA.py::test_case_9 - AssertionError: assert ')' == '(+, ...
FAILED test_stack4_MOSA.py::test_case_10 - AttributeError: 'NoneType' object ...
FAILED test_stack4_WHOLE_SUITE.py::test_case_0 - AttributeError: 'NoneType' o...
FAILED test_stack4_WHOLE_SUITE.py::test_case_2 - AttributeError: 'NoneType' o...
======================== 13 failed, 53 passed in 0.18s =========================
</pre></div></div></div></div></div><div class="mb-1" id="job_list___sub_accordion_57"><div class="card"><a data-toggle="collapse" data-target="#job_list___sub_collapse_57_1" aria-expanded="false" aria-controls="job_list___sub_collapse_57_1" href="#" class="job_list___sub_multi_heading"><div role="alert" class="card-header alert-success" id="job_list___sub_heading_57_1"><button class="btn btn-outline-success"><span class="job_id">57 : Job ID 7e0b5b00b64c4eff855e28981bb2851e</span></button></div></a><div aria-labelledby="job_list___sub_heading_57_1" data-parent="#job_list___sub_accordion_57" class="collapse job_list___sub_multi_collapse" id="job_list___sub_collapse_57_1"><div class="card-body"><div class="work-item"><div class="alert alert-success test-outcome" role="alert"><p>worker outcome: normal</p><p>test outcome: killed</p></div></div><pre class="location"><a href="pycharm://open?file=stack4.py&amp;line=70" class="text-secondary"><button class="btn btn-outline-dark">stack4.py, start pos: (70, 16), end pos: (70, 19)</button></a></pre><pre>operator: core/ReplaceAndWithOr, occurrence: 0</pre><div class="alert alert-secondary"><pre class="diff">--- mutation diff ---
--- astack4.py
+++ bstack4.py
@@ -67,7 +67,7 @@
     def remove(self, val):
         """Remove node from list if exists."""
         curr = self.head
-        if curr and val is self.head.data:
+        if curr or val is self.head.data:
             self.head = self.head.next
             self._length -= 1
         while curr:</pre></div><div class="alert alert-secondary"><pre class="diff">============================= test session starts ==============================
platform linux -- Python 3.10.12, pytest-7.1.3, pluggy-1.0.0
rootdir: /home/lucca/desktop/ic/experimento/testes/python_experiments/stack4/ALL-SMART-GPT-COSMICRAY
plugins: Faker-15.1.1, hypothesis-6.56.3
collected 66 items

test_stack4_COSMICRAY.py F..                                             [  4%]
test_stack4_DYNAMOSA.py ..F..F.....F...F                                 [ 28%]
test_stack4_EX.py .                                                      [ 30%]
test_stack4_MIO.py .............F......                                  [ 60%]
test_stack4_MOSA.py ...F...FF...F....                                    [ 86%]
test_stack4_WHOLE_SUITE.py F........                                     [100%]

=========================== short test summary info ============================
FAILED test_stack4_COSMICRAY.py::test_remove_method_length - assert 3 == 4
FAILED test_stack4_DYNAMOSA.py::test_case_2 - AttributeError: 'NoneType' obje...
FAILED test_stack4_DYNAMOSA.py::test_case_5 - AttributeError: 'NoneType' obje...
FAILED test_stack4_DYNAMOSA.py::test_case_11 - AttributeError: 'NoneType' obj...
FAILED test_stack4_DYNAMOSA.py::test_case_15 - AttributeError: 'NoneType' obj...
FAILED test_stack4_MIO.py::test_case_13 - AttributeError: 'NoneType' object h...
FAILED test_stack4_MOSA.py::test_case_3 - AssertionError: assert 'O' == '+'
FAILED test_stack4_MOSA.py::test_case_7 - AttributeError: 'NoneType' object h...
FAILED test_stack4_MOSA.py::test_case_8 - AttributeError: 'NoneType' object h...
FAILED test_stack4_MOSA.py::test_case_12 - AttributeError: 'NoneType' object ...
FAILED test_stack4_WHOLE_SUITE.py::test_case_0 - AttributeError: 'NoneType' o...
======================== 11 failed, 55 passed in 0.21s =========================
</pre></div></div></div></div></div><div class="mb-1" id="job_list___sub_accordion_58"><div class="card"><a data-toggle="collapse" data-target="#job_list___sub_collapse_58_1" aria-expanded="false" aria-controls="job_list___sub_collapse_58_1" href="#" class="job_list___sub_multi_heading"><div role="alert" class="card-header alert-success" id="job_list___sub_heading_58_1"><button class="btn btn-outline-success"><span class="job_id">58 : Job ID ea833bdf0d5c4c3a8b94d75ffaa4d5d8</span></button></div></a><div aria-labelledby="job_list___sub_heading_58_1" data-parent="#job_list___sub_accordion_58" class="collapse job_list___sub_multi_collapse" id="job_list___sub_collapse_58_1"><div class="card-body"><div class="work-item"><div class="alert alert-success test-outcome" role="alert"><p>worker outcome: normal</p><p>test outcome: killed</p></div></div><pre class="location"><a href="pycharm://open?file=stack4.py&amp;line=74" class="text-secondary"><button class="btn btn-outline-dark">stack4.py, start pos: (74, 26), end pos: (74, 29)</button></a></pre><pre>operator: core/ReplaceAndWithOr, occurrence: 1</pre><div class="alert alert-secondary"><pre class="diff">--- mutation diff ---
--- astack4.py
+++ bstack4.py
@@ -71,7 +71,7 @@
             self.head = self.head.next
             self._length -= 1
         while curr:
-            if (curr.next and curr.next.data == val):
+            if (curr.next or curr.next.data == val):
                 curr.next = curr.next.next
                 self._length -= 1
             curr = curr.next</pre></div><div class="alert alert-secondary"><pre class="diff">============================= test session starts ==============================
platform linux -- Python 3.10.12, pytest-7.1.3, pluggy-1.0.0
rootdir: /home/lucca/desktop/ic/experimento/testes/python_experiments/stack4/ALL-SMART-GPT-COSMICRAY
plugins: Faker-15.1.1, hypothesis-6.56.3
collected 66 items

test_stack4_COSMICRAY.py F.F                                             [  4%]
test_stack4_DYNAMOSA.py ..........FF.FFF                                 [ 28%]
test_stack4_EX.py .                                                      [ 30%]
test_stack4_MIO.py ...........FF.......                                  [ 60%]
test_stack4_MOSA.py ...FFF...F....F.F                                    [ 86%]
test_stack4_WHOLE_SUITE.py .....F...                                     [100%]

=========================== short test summary info ============================
FAILED test_stack4_COSMICRAY.py::test_remove_method_length - AttributeError: ...
FAILED test_stack4_COSMICRAY.py::test_remove_method_remove_head - AttributeEr...
FAILED test_stack4_DYNAMOSA.py::test_case_10 - AttributeError: 'NoneType' obj...
FAILED test_stack4_DYNAMOSA.py::test_case_11 - AttributeError: 'NoneType' obj...
FAILED test_stack4_DYNAMOSA.py::test_case_13 - AttributeError: 'NoneType' obj...
FAILED test_stack4_DYNAMOSA.py::test_case_14 - AttributeError: 'NoneType' obj...
FAILED test_stack4_DYNAMOSA.py::test_case_15 - AttributeError: 'NoneType' obj...
FAILED test_stack4_MIO.py::test_case_11 - AttributeError: 'NoneType' object h...
FAILED test_stack4_MIO.py::test_case_12 - AttributeError: 'NoneType' object h...
FAILED test_stack4_MOSA.py::test_case_3 - AttributeError: 'NoneType' object h...
FAILED test_stack4_MOSA.py::test_case_4 - AttributeError: 'NoneType' object h...
FAILED test_stack4_MOSA.py::test_case_5 - AttributeError: 'NoneType' object h...
FAILED test_stack4_MOSA.py::test_case_9 - AttributeError: 'NoneType' object h...
FAILED test_stack4_MOSA.py::test_case_14 - AttributeError: 'NoneType' object ...
FAILED test_stack4_MOSA.py::test_case_16 - AttributeError: 'NoneType' object ...
FAILED test_stack4_WHOLE_SUITE.py::test_case_5 - AttributeError: 'NoneType' o...
======================== 16 failed, 50 passed in 0.19s =========================
</pre></div></div></div></div></div><div class="mb-1" id="job_list___sub_accordion_59"><div class="card"><a data-toggle="collapse" data-target="#job_list___sub_collapse_59_1" aria-expanded="false" aria-controls="job_list___sub_collapse_59_1" href="#" class="job_list___sub_multi_heading"><div role="alert" class="card-header alert-success" id="job_list___sub_heading_59_1"><button class="btn btn-outline-success"><span class="job_id">59 : Job ID ab5196efde7644e7b83d871bbeedfa61</span></button></div></a><div aria-labelledby="job_list___sub_heading_59_1" data-parent="#job_list___sub_accordion_59" class="collapse job_list___sub_multi_collapse" id="job_list___sub_collapse_59_1"><div class="card-body"><div class="work-item"><div class="alert alert-success test-outcome" role="alert"><p>worker outcome: normal</p><p>test outcome: killed</p></div></div><pre class="location"><a href="pycharm://open?file=stack4.py&amp;line=36" class="text-secondary"><button class="btn btn-outline-dark">stack4.py, start pos: (36, 15), end pos: (36, 24)</button></a></pre><pre>operator: core/ExceptionReplacer, occurrence: 0</pre><div class="alert alert-secondary"><pre class="diff">--- mutation diff ---
--- astack4.py
+++ bstack4.py
@@ -33,7 +33,7 @@
         try:
             for val in data:
                 self.push(val)
-        except TypeError:
+        except CosmicRayTestingException:
             if data:
                 self.push(data)
 </pre></div><div class="alert alert-secondary"><pre class="diff">============================= test session starts ==============================
platform linux -- Python 3.10.12, pytest-7.1.3, pluggy-1.0.0
rootdir: /home/lucca/desktop/ic/experimento/testes/python_experiments/stack4/ALL-SMART-GPT-COSMICRAY
plugins: Faker-15.1.1, hypothesis-6.56.3
collected 66 items

test_stack4_COSMICRAY.py ...                                             [  4%]
test_stack4_DYNAMOSA.py FFFFFFFFFFFF.FFF                                 [ 28%]
test_stack4_EX.py .                                                      [ 30%]
test_stack4_MIO.py ..FFFFFF.FFFFFF.FFFF                                  [ 60%]
test_stack4_MOSA.py FFFFF.FFFFFFFFF.F                                    [ 86%]
test_stack4_WHOLE_SUITE.py FFFFFFFFF                                     [100%]

=========================== short test summary info ============================
FAILED test_stack4_DYNAMOSA.py::test_case_0 - NameError: name 'CosmicRayTesti...
FAILED test_stack4_DYNAMOSA.py::test_case_1 - NameError: name 'CosmicRayTesti...
FAILED test_stack4_DYNAMOSA.py::test_case_2 - NameError: name 'CosmicRayTesti...
FAILED test_stack4_DYNAMOSA.py::test_case_3 - NameError: name 'CosmicRayTesti...
FAILED test_stack4_DYNAMOSA.py::test_case_4 - NameError: name 'CosmicRayTesti...
FAILED test_stack4_DYNAMOSA.py::test_case_5 - NameError: name 'CosmicRayTesti...
FAILED test_stack4_DYNAMOSA.py::test_case_6 - NameError: name 'CosmicRayTesti...
FAILED test_stack4_DYNAMOSA.py::test_case_7 - NameError: name 'CosmicRayTesti...
FAILED test_stack4_DYNAMOSA.py::test_case_8 - NameError: name 'CosmicRayTesti...
FAILED test_stack4_DYNAMOSA.py::test_case_9 - NameError: name 'CosmicRayTesti...
FAILED test_stack4_DYNAMOSA.py::test_case_10 - NameError: name 'CosmicRayTest...
FAILED test_stack4_DYNAMOSA.py::test_case_11 - NameError: name 'CosmicRayTest...
FAILED test_stack4_DYNAMOSA.py::test_case_13 - NameError: name 'CosmicRayTest...
FAILED test_stack4_DYNAMOSA.py::test_case_14 - NameError: name 'CosmicRayTest...
FAILED test_stack4_DYNAMOSA.py::test_case_15 - NameError: name 'CosmicRayTest...
FAILED test_stack4_MIO.py::test_case_2 - NameError: name 'CosmicRayTestingExc...
FAILED test_stack4_MIO.py::test_case_3 - NameError: name 'CosmicRayTestingExc...
FAILED test_stack4_MIO.py::test_case_4 - NameError: name 'CosmicRayTestingExc...
FAILED test_stack4_MIO.py::test_case_5 - NameError: name 'CosmicRayTestingExc...
FAILED test_stack4_MIO.py::test_case_6 - NameError: name 'CosmicRayTestingExc...
FAILED test_stack4_MIO.py::test_case_7 - NameError: name 'CosmicRayTestingExc...
FAILED test_stack4_MIO.py::test_case_9 - NameError: name 'CosmicRayTestingExc...
FAILED test_stack4_MIO.py::test_case_10 - NameError: name 'CosmicRayTestingEx...
FAILED test_stack4_MIO.py::test_case_11 - NameError: name 'CosmicRayTestingEx...
FAILED test_stack4_MIO.py::test_case_12 - NameError: name 'CosmicRayTestingEx...
FAILED test_stack4_MIO.py::test_case_13 - NameError: name 'CosmicRayTestingEx...
FAILED test_stack4_MIO.py::test_case_14 - NameError: name 'CosmicRayTestingEx...
FAILED test_stack4_MIO.py::test_case_16 - NameError: name 'CosmicRayTestingEx...
FAILED test_stack4_MIO.py::test_case_17 - NameError: name 'CosmicRayTestingEx...
FAILED test_stack4_MIO.py::test_case_18 - NameError: name 'CosmicRayTestingEx...
FAILED test_stack4_MIO.py::test_case_19 - NameError: name 'CosmicRayTestingEx...
FAILED test_stack4_MOSA.py::test_case_0 - NameError: name 'CosmicRayTestingEx...
FAILED test_stack4_MOSA.py::test_case_1 - NameError: name 'CosmicRayTestingEx...
FAILED test_stack4_MOSA.py::test_case_2 - NameError: name 'CosmicRayTestingEx...
FAILED test_stack4_MOSA.py::test_case_3 - NameError: name 'CosmicRayTestingEx...
FAILED test_stack4_MOSA.py::test_case_4 - NameError: name 'CosmicRayTestingEx...
FAILED test_stack4_MOSA.py::test_case_6 - NameError: name 'CosmicRayTestingEx...
FAILED test_stack4_MOSA.py::test_case_7 - NameError: name 'CosmicRayTestingEx...
FAILED test_stack4_MOSA.py::test_case_8 - NameError: name 'CosmicRayTestingEx...
FAILED test_stack4_MOSA.py::test_case_9 - NameError: name 'CosmicRayTestingEx...
FAILED test_stack4_MOSA.py::test_case_10 - NameError: name 'CosmicRayTestingE...
FAILED test_stack4_MOSA.py::test_case_11 - NameError: name 'CosmicRayTestingE...
FAILED test_stack4_MOSA.py::test_case_12 - NameError: name 'CosmicRayTestingE...
FAILED test_stack4_MOSA.py::test_case_13 - NameError: name 'CosmicRayTestingE...
FAILED test_stack4_MOSA.py::test_case_14 - NameError: name 'CosmicRayTestingE...
FAILED test_stack4_MOSA.py::test_case_16 - NameError: name 'CosmicRayTestingE...
FAILED test_stack4_WHOLE_SUITE.py::test_case_0 - NameError: name 'CosmicRayTe...
FAILED test_stack4_WHOLE_SUITE.py::test_case_1 - NameError: name 'CosmicRayTe...
FAILED test_stack4_WHOLE_SUITE.py::test_case_2 - NameError: name 'CosmicRayTe...
FAILED test_stack4_WHOLE_SUITE.py::test_case_3 - NameError: name 'CosmicRayTe...
FAILED test_stack4_WHOLE_SUITE.py::test_case_4 - NameError: name 'CosmicRayTe...
FAILED test_stack4_WHOLE_SUITE.py::test_case_5 - NameError: name 'CosmicRayTe...
FAILED test_stack4_WHOLE_SUITE.py::test_case_6 - NameError: name 'CosmicRayTe...
FAILED test_stack4_WHOLE_SUITE.py::test_case_7 - NameError: name 'CosmicRayTe...
FAILED test_stack4_WHOLE_SUITE.py::test_case_8 - NameError: name 'CosmicRayTe...
======================== 55 failed, 11 passed in 0.21s =========================
</pre></div></div></div></div></div><div class="mb-1" id="job_list___sub_accordion_60"><div class="card"><a data-toggle="collapse" data-target="#job_list___sub_collapse_60_1" aria-expanded="false" aria-controls="job_list___sub_collapse_60_1" href="#" class="job_list___sub_multi_heading"><div role="alert" class="card-header alert-success" id="job_list___sub_heading_60_1"><button class="btn btn-outline-success"><span class="job_id">60 : Job ID 3dd4b05aac2e4b7d86d3fe1aa9bf2a91</span></button></div></a><div aria-labelledby="job_list___sub_heading_60_1" data-parent="#job_list___sub_accordion_60" class="collapse job_list___sub_multi_collapse" id="job_list___sub_collapse_60_1"><div class="card-body"><div class="work-item"><div class="alert alert-success test-outcome" role="alert"><p>worker outcome: normal</p><p>test outcome: killed</p></div></div><pre class="location"><a href="pycharm://open?file=stack4.py&amp;line=31" class="text-secondary"><button class="btn btn-outline-dark">stack4.py, start pos: (31, 23), end pos: (31, 24)</button></a></pre><pre>operator: core/NumberReplacer, occurrence: 0</pre><div class="alert alert-secondary"><pre class="diff">--- mutation diff ---
--- astack4.py
+++ bstack4.py
@@ -28,7 +28,7 @@
 
     def __init__(self, data=None):
         """Linked list initialized with head."""
-        self._length = 0
+        self._length = 1
         self.head = None
         try:
             for val in data:</pre></div><div class="alert alert-secondary"><pre class="diff">============================= test session starts ==============================
platform linux -- Python 3.10.12, pytest-7.1.3, pluggy-1.0.0
rootdir: /home/lucca/desktop/ic/experimento/testes/python_experiments/stack4/ALL-SMART-GPT-COSMICRAY
plugins: Faker-15.1.1, hypothesis-6.56.3
collected 66 items

test_stack4_COSMICRAY.py FFF                                             [  4%]
test_stack4_DYNAMOSA.py .....F......F...                                 [ 28%]
test_stack4_EX.py .                                                      [ 30%]
test_stack4_MIO.py ...................F                                  [ 60%]
test_stack4_MOSA.py ............F....                                    [ 86%]
test_stack4_WHOLE_SUITE.py ...F.....                                     [100%]

=========================== short test summary info ============================
FAILED test_stack4_COSMICRAY.py::test_remove_method_length - assert 5 == 4
FAILED test_stack4_COSMICRAY.py::test_pop_method_length - assert 5 == 4
FAILED test_stack4_COSMICRAY.py::test_remove_method_remove_head - assert 5 == 4
FAILED test_stack4_DYNAMOSA.py::test_case_5 - assert 1 == 0
FAILED test_stack4_DYNAMOSA.py::test_case_12 - assert 4 == 3
FAILED test_stack4_MIO.py::test_case_19 - assert 1 == 0
FAILED test_stack4_MOSA.py::test_case_12 - assert 1 == 0
FAILED test_stack4_WHOLE_SUITE.py::test_case_3 - assert 1 == 0
========================= 8 failed, 58 passed in 0.19s =========================
</pre></div></div></div></div></div><div class="mb-1" id="job_list___sub_accordion_61"><div class="card"><a data-toggle="collapse" data-target="#job_list___sub_collapse_61_1" aria-expanded="false" aria-controls="job_list___sub_collapse_61_1" href="#" class="job_list___sub_multi_heading"><div role="alert" class="card-header alert-success" id="job_list___sub_heading_61_1"><button class="btn btn-outline-success"><span class="job_id">61 : Job ID 0c3d29786e0b4caba228ceb1ff51d669</span></button></div></a><div aria-labelledby="job_list___sub_heading_61_1" data-parent="#job_list___sub_accordion_61" class="collapse job_list___sub_multi_collapse" id="job_list___sub_collapse_61_1"><div class="card-body"><div class="work-item"><div class="alert alert-success test-outcome" role="alert"><p>worker outcome: normal</p><p>test outcome: killed</p></div></div><pre class="location"><a href="pycharm://open?file=stack4.py&amp;line=31" class="text-secondary"><button class="btn btn-outline-dark">stack4.py, start pos: (31, 23), end pos: (31, 24)</button></a></pre><pre>operator: core/NumberReplacer, occurrence: 1</pre><div class="alert alert-secondary"><pre class="diff">--- mutation diff ---
--- astack4.py
+++ bstack4.py
@@ -28,7 +28,7 @@
 
     def __init__(self, data=None):
         """Linked list initialized with head."""
-        self._length = 0
+        self._length = -1
         self.head = None
         try:
             for val in data:</pre></div><div class="alert alert-secondary"><pre class="diff">============================= test session starts ==============================
platform linux -- Python 3.10.12, pytest-7.1.3, pluggy-1.0.0
rootdir: /home/lucca/desktop/ic/experimento/testes/python_experiments/stack4/ALL-SMART-GPT-COSMICRAY
plugins: Faker-15.1.1, hypothesis-6.56.3
collected 66 items

test_stack4_COSMICRAY.py FFF                                             [  4%]
test_stack4_DYNAMOSA.py .....F......F...                                 [ 28%]
test_stack4_EX.py .                                                      [ 30%]
test_stack4_MIO.py ...................F                                  [ 60%]
test_stack4_MOSA.py ............F....                                    [ 86%]
test_stack4_WHOLE_SUITE.py ...F.....                                     [100%]

=========================== short test summary info ============================
FAILED test_stack4_COSMICRAY.py::test_remove_method_length - assert 3 == 4
FAILED test_stack4_COSMICRAY.py::test_pop_method_length - assert 3 == 4
FAILED test_stack4_COSMICRAY.py::test_remove_method_remove_head - assert 3 == 4
FAILED test_stack4_DYNAMOSA.py::test_case_5 - assert -1 == 0
FAILED test_stack4_DYNAMOSA.py::test_case_12 - assert 2 == 3
FAILED test_stack4_MIO.py::test_case_19 - assert -1 == 0
FAILED test_stack4_MOSA.py::test_case_12 - assert -1 == 0
FAILED test_stack4_WHOLE_SUITE.py::test_case_3 - assert -1 == 0
========================= 8 failed, 58 passed in 0.18s =========================
</pre></div></div></div></div></div><div class="mb-1" id="job_list___sub_accordion_62"><div class="card"><a data-toggle="collapse" data-target="#job_list___sub_collapse_62_1" aria-expanded="false" aria-controls="job_list___sub_collapse_62_1" href="#" class="job_list___sub_multi_heading"><div role="alert" class="card-header alert-success" id="job_list___sub_heading_62_1"><button class="btn btn-outline-success"><span class="job_id">62 : Job ID 60b1c64f168545758fa2ce1877fc7aa6</span></button></div></a><div aria-labelledby="job_list___sub_heading_62_1" data-parent="#job_list___sub_accordion_62" class="collapse job_list___sub_multi_collapse" id="job_list___sub_collapse_62_1"><div class="card-body"><div class="work-item"><div class="alert alert-success test-outcome" role="alert"><p>worker outcome: normal</p><p>test outcome: killed</p></div></div><pre class="location"><a href="pycharm://open?file=stack4.py&amp;line=44" class="text-secondary"><button class="btn btn-outline-dark">stack4.py, start pos: (44, 24), end pos: (44, 25)</button></a></pre><pre>operator: core/NumberReplacer, occurrence: 2</pre><div class="alert alert-secondary"><pre class="diff">--- mutation diff ---
--- astack4.py
+++ bstack4.py
@@ -41,7 +41,7 @@
         """Insert a value at the head of the list."""
         old_head = self.head
         self.head = Node(val, old_head)
-        self._length += 1
+        self._length += 2
 
     def pop(self):
         """Remove the first value and return it."""</pre></div><div class="alert alert-secondary"><pre class="diff">============================= test session starts ==============================
platform linux -- Python 3.10.12, pytest-7.1.3, pluggy-1.0.0
rootdir: /home/lucca/desktop/ic/experimento/testes/python_experiments/stack4/ALL-SMART-GPT-COSMICRAY
plugins: Faker-15.1.1, hypothesis-6.56.3
collected 66 items

test_stack4_COSMICRAY.py FFF                                             [  4%]
test_stack4_DYNAMOSA.py ............F...                                 [ 28%]
test_stack4_EX.py .                                                      [ 30%]
test_stack4_MIO.py ....................                                  [ 60%]
test_stack4_MOSA.py .................                                    [ 86%]
test_stack4_WHOLE_SUITE.py .........                                     [100%]

=========================== short test summary info ============================
FAILED test_stack4_COSMICRAY.py::test_remove_method_length - assert 9 == 4
FAILED test_stack4_COSMICRAY.py::test_pop_method_length - assert 9 == 4
FAILED test_stack4_COSMICRAY.py::test_remove_method_remove_head - assert 9 == 4
FAILED test_stack4_DYNAMOSA.py::test_case_12 - assert 6 == 3
========================= 4 failed, 62 passed in 0.18s =========================
</pre></div></div></div></div></div><div class="mb-1" id="job_list___sub_accordion_63"><div class="card"><a data-toggle="collapse" data-target="#job_list___sub_collapse_63_1" aria-expanded="false" aria-controls="job_list___sub_collapse_63_1" href="#" class="job_list___sub_multi_heading"><div role="alert" class="card-header alert-success" id="job_list___sub_heading_63_1"><button class="btn btn-outline-success"><span class="job_id">63 : Job ID 7e3d9e3e7e6746aab6889dfbe979c9cb</span></button></div></a><div aria-labelledby="job_list___sub_heading_63_1" data-parent="#job_list___sub_accordion_63" class="collapse job_list___sub_multi_collapse" id="job_list___sub_collapse_63_1"><div class="card-body"><div class="work-item"><div class="alert alert-success test-outcome" role="alert"><p>worker outcome: normal</p><p>test outcome: killed</p></div></div><pre class="location"><a href="pycharm://open?file=stack4.py&amp;line=44" class="text-secondary"><button class="btn btn-outline-dark">stack4.py, start pos: (44, 24), end pos: (44, 25)</button></a></pre><pre>operator: core/NumberReplacer, occurrence: 3</pre><div class="alert alert-secondary"><pre class="diff">--- mutation diff ---
--- astack4.py
+++ bstack4.py
@@ -41,7 +41,7 @@
         """Insert a value at the head of the list."""
         old_head = self.head
         self.head = Node(val, old_head)
-        self._length += 1
+        self._length += 0
 
     def pop(self):
         """Remove the first value and return it."""</pre></div><div class="alert alert-secondary"><pre class="diff">============================= test session starts ==============================
platform linux -- Python 3.10.12, pytest-7.1.3, pluggy-1.0.0
rootdir: /home/lucca/desktop/ic/experimento/testes/python_experiments/stack4/ALL-SMART-GPT-COSMICRAY
plugins: Faker-15.1.1, hypothesis-6.56.3
collected 66 items

test_stack4_COSMICRAY.py FFF                                             [  4%]
test_stack4_DYNAMOSA.py ............F...                                 [ 28%]
test_stack4_EX.py .                                                      [ 30%]
test_stack4_MIO.py ....................                                  [ 60%]
test_stack4_MOSA.py .................                                    [ 86%]
test_stack4_WHOLE_SUITE.py .........                                     [100%]

=========================== short test summary info ============================
FAILED test_stack4_COSMICRAY.py::test_remove_method_length - assert -1 == 4
FAILED test_stack4_COSMICRAY.py::test_pop_method_length - assert -1 == 4
FAILED test_stack4_COSMICRAY.py::test_remove_method_remove_head - assert -1 == 4
FAILED test_stack4_DYNAMOSA.py::test_case_12 - assert 0 == 3
========================= 4 failed, 62 passed in 0.18s =========================
</pre></div></div></div></div></div><div class="mb-1" id="job_list___sub_accordion_64"><div class="card"><a data-toggle="collapse" data-target="#job_list___sub_collapse_64_1" aria-expanded="false" aria-controls="job_list___sub_collapse_64_1" href="#" class="job_list___sub_multi_heading"><div role="alert" class="card-header alert-success" id="job_list___sub_heading_64_1"><button class="btn btn-outline-success"><span class="job_id">64 : Job ID affeab6d720b4c92a15114af517a4e64</span></button></div></a><div aria-labelledby="job_list___sub_heading_64_1" data-parent="#job_list___sub_accordion_64" class="collapse job_list___sub_multi_collapse" id="job_list___sub_collapse_64_1"><div class="card-body"><div class="work-item"><div class="alert alert-success test-outcome" role="alert"><p>worker outcome: normal</p><p>test outcome: killed</p></div></div><pre class="location"><a href="pycharm://open?file=stack4.py&amp;line=52" class="text-secondary"><button class="btn btn-outline-dark">stack4.py, start pos: (52, 24), end pos: (52, 25)</button></a></pre><pre>operator: core/NumberReplacer, occurrence: 4</pre><div class="alert alert-secondary"><pre class="diff">--- mutation diff ---
--- astack4.py
+++ bstack4.py
@@ -49,7 +49,7 @@
             raise IndexError('Cannot pop from an empty list')
         to_return = self.head
         self.head = self.head.next
-        self._length -= 1
+        self._length -= 2
         return to_return.data
 
     def size(self):</pre></div><div class="alert alert-secondary"><pre class="diff">============================= test session starts ==============================
platform linux -- Python 3.10.12, pytest-7.1.3, pluggy-1.0.0
rootdir: /home/lucca/desktop/ic/experimento/testes/python_experiments/stack4/ALL-SMART-GPT-COSMICRAY
plugins: Faker-15.1.1, hypothesis-6.56.3
collected 66 items

test_stack4_COSMICRAY.py .F.                                             [  4%]
test_stack4_DYNAMOSA.py ................                                 [ 28%]
test_stack4_EX.py .                                                      [ 30%]
test_stack4_MIO.py ....................                                  [ 60%]
test_stack4_MOSA.py .................                                    [ 86%]
test_stack4_WHOLE_SUITE.py .........                                     [100%]

=========================== short test summary info ============================
FAILED test_stack4_COSMICRAY.py::test_pop_method_length - assert 3 == 4
========================= 1 failed, 65 passed in 0.18s =========================
</pre></div></div></div></div></div><div class="mb-1" id="job_list___sub_accordion_65"><div class="card"><a data-toggle="collapse" data-target="#job_list___sub_collapse_65_1" aria-expanded="false" aria-controls="job_list___sub_collapse_65_1" href="#" class="job_list___sub_multi_heading"><div role="alert" class="card-header alert-success" id="job_list___sub_heading_65_1"><button class="btn btn-outline-success"><span class="job_id">65 : Job ID 9262729fac2a45d6a1d932435ebcdf1b</span></button></div></a><div aria-labelledby="job_list___sub_heading_65_1" data-parent="#job_list___sub_accordion_65" class="collapse job_list___sub_multi_collapse" id="job_list___sub_collapse_65_1"><div class="card-body"><div class="work-item"><div class="alert alert-success test-outcome" role="alert"><p>worker outcome: normal</p><p>test outcome: killed</p></div></div><pre class="location"><a href="pycharm://open?file=stack4.py&amp;line=52" class="text-secondary"><button class="btn btn-outline-dark">stack4.py, start pos: (52, 24), end pos: (52, 25)</button></a></pre><pre>operator: core/NumberReplacer, occurrence: 5</pre><div class="alert alert-secondary"><pre class="diff">--- mutation diff ---
--- astack4.py
+++ bstack4.py
@@ -49,7 +49,7 @@
             raise IndexError('Cannot pop from an empty list')
         to_return = self.head
         self.head = self.head.next
-        self._length -= 1
+        self._length -= 0
         return to_return.data
 
     def size(self):</pre></div><div class="alert alert-secondary"><pre class="diff">============================= test session starts ==============================
platform linux -- Python 3.10.12, pytest-7.1.3, pluggy-1.0.0
rootdir: /home/lucca/desktop/ic/experimento/testes/python_experiments/stack4/ALL-SMART-GPT-COSMICRAY
plugins: Faker-15.1.1, hypothesis-6.56.3
collected 66 items

test_stack4_COSMICRAY.py .F.                                             [  4%]
test_stack4_DYNAMOSA.py ................                                 [ 28%]
test_stack4_EX.py .                                                      [ 30%]
test_stack4_MIO.py ....................                                  [ 60%]
test_stack4_MOSA.py .................                                    [ 86%]
test_stack4_WHOLE_SUITE.py .........                                     [100%]

=========================== short test summary info ============================
FAILED test_stack4_COSMICRAY.py::test_pop_method_length - assert 5 == 4
========================= 1 failed, 65 passed in 0.18s =========================
</pre></div></div></div></div></div><div class="mb-1" id="job_list___sub_accordion_66"><div class="card"><a data-toggle="collapse" data-target="#job_list___sub_collapse_66_1" aria-expanded="false" aria-controls="job_list___sub_collapse_66_1" href="#" class="job_list___sub_multi_heading"><div role="alert" class="card-header alert-success" id="job_list___sub_heading_66_1"><button class="btn btn-outline-success"><span class="job_id">66 : Job ID 9c3940ef3daf413e8231ccde0302c5e1</span></button></div></a><div aria-labelledby="job_list___sub_heading_66_1" data-parent="#job_list___sub_accordion_66" class="collapse job_list___sub_multi_collapse" id="job_list___sub_collapse_66_1"><div class="card-body"><div class="work-item"><div class="alert alert-success test-outcome" role="alert"><p>worker outcome: normal</p><p>test outcome: killed</p></div></div><pre class="location"><a href="pycharm://open?file=stack4.py&amp;line=72" class="text-secondary"><button class="btn btn-outline-dark">stack4.py, start pos: (72, 28), end pos: (72, 29)</button></a></pre><pre>operator: core/NumberReplacer, occurrence: 6</pre><div class="alert alert-secondary"><pre class="diff">--- mutation diff ---
--- astack4.py
+++ bstack4.py
@@ -69,7 +69,7 @@
         curr = self.head
         if curr and val is self.head.data:
             self.head = self.head.next
-            self._length -= 1
+            self._length -= 2
         while curr:
             if (curr.next and curr.next.data == val):
                 curr.next = curr.next.next</pre></div><div class="alert alert-secondary"><pre class="diff">============================= test session starts ==============================
platform linux -- Python 3.10.12, pytest-7.1.3, pluggy-1.0.0
rootdir: /home/lucca/desktop/ic/experimento/testes/python_experiments/stack4/ALL-SMART-GPT-COSMICRAY
plugins: Faker-15.1.1, hypothesis-6.56.3
collected 66 items

test_stack4_COSMICRAY.py ..F                                             [  4%]
test_stack4_DYNAMOSA.py ................                                 [ 28%]
test_stack4_EX.py .                                                      [ 30%]
test_stack4_MIO.py ....................                                  [ 60%]
test_stack4_MOSA.py .................                                    [ 86%]
test_stack4_WHOLE_SUITE.py .........                                     [100%]

=========================== short test summary info ============================
FAILED test_stack4_COSMICRAY.py::test_remove_method_remove_head - assert 3 == 4
========================= 1 failed, 65 passed in 0.17s =========================
</pre></div></div></div></div></div><div class="mb-1" id="job_list___sub_accordion_67"><div class="card"><a data-toggle="collapse" data-target="#job_list___sub_collapse_67_1" aria-expanded="false" aria-controls="job_list___sub_collapse_67_1" href="#" class="job_list___sub_multi_heading"><div role="alert" class="card-header alert-success" id="job_list___sub_heading_67_1"><button class="btn btn-outline-success"><span class="job_id">67 : Job ID 06cb033d91024c9ebe8069ff5af65549</span></button></div></a><div aria-labelledby="job_list___sub_heading_67_1" data-parent="#job_list___sub_accordion_67" class="collapse job_list___sub_multi_collapse" id="job_list___sub_collapse_67_1"><div class="card-body"><div class="work-item"><div class="alert alert-success test-outcome" role="alert"><p>worker outcome: normal</p><p>test outcome: killed</p></div></div><pre class="location"><a href="pycharm://open?file=stack4.py&amp;line=72" class="text-secondary"><button class="btn btn-outline-dark">stack4.py, start pos: (72, 28), end pos: (72, 29)</button></a></pre><pre>operator: core/NumberReplacer, occurrence: 7</pre><div class="alert alert-secondary"><pre class="diff">--- mutation diff ---
--- astack4.py
+++ bstack4.py
@@ -69,7 +69,7 @@
         curr = self.head
         if curr and val is self.head.data:
             self.head = self.head.next
-            self._length -= 1
+            self._length -= 0
         while curr:
             if (curr.next and curr.next.data == val):
                 curr.next = curr.next.next</pre></div><div class="alert alert-secondary"><pre class="diff">============================= test session starts ==============================
platform linux -- Python 3.10.12, pytest-7.1.3, pluggy-1.0.0
rootdir: /home/lucca/desktop/ic/experimento/testes/python_experiments/stack4/ALL-SMART-GPT-COSMICRAY
plugins: Faker-15.1.1, hypothesis-6.56.3
collected 66 items

test_stack4_COSMICRAY.py ..F                                             [  4%]
test_stack4_DYNAMOSA.py ................                                 [ 28%]
test_stack4_EX.py .                                                      [ 30%]
test_stack4_MIO.py ....................                                  [ 60%]
test_stack4_MOSA.py .................                                    [ 86%]
test_stack4_WHOLE_SUITE.py .........                                     [100%]

=========================== short test summary info ============================
FAILED test_stack4_COSMICRAY.py::test_remove_method_remove_head - assert 5 == 4
========================= 1 failed, 65 passed in 0.17s =========================
</pre></div></div></div></div></div><div class="mb-1" id="job_list___sub_accordion_68"><div class="card"><a data-toggle="collapse" data-target="#job_list___sub_collapse_68_1" aria-expanded="false" aria-controls="job_list___sub_collapse_68_1" href="#" class="job_list___sub_multi_heading"><div role="alert" class="card-header alert-success" id="job_list___sub_heading_68_1"><button class="btn btn-outline-success"><span class="job_id">68 : Job ID e10e4de0a4094c72b77e6a7d6ed5979e</span></button></div></a><div aria-labelledby="job_list___sub_heading_68_1" data-parent="#job_list___sub_accordion_68" class="collapse job_list___sub_multi_collapse" id="job_list___sub_collapse_68_1"><div class="card-body"><div class="work-item"><div class="alert alert-success test-outcome" role="alert"><p>worker outcome: normal</p><p>test outcome: killed</p></div></div><pre class="location"><a href="pycharm://open?file=stack4.py&amp;line=76" class="text-secondary"><button class="btn btn-outline-dark">stack4.py, start pos: (76, 32), end pos: (76, 33)</button></a></pre><pre>operator: core/NumberReplacer, occurrence: 8</pre><div class="alert alert-secondary"><pre class="diff">--- mutation diff ---
--- astack4.py
+++ bstack4.py
@@ -73,7 +73,7 @@
         while curr:
             if (curr.next and curr.next.data == val):
                 curr.next = curr.next.next
-                self._length -= 1
+                self._length -= 2
             curr = curr.next
 
     def display(self):</pre></div><div class="alert alert-secondary"><pre class="diff">============================= test session starts ==============================
platform linux -- Python 3.10.12, pytest-7.1.3, pluggy-1.0.0
rootdir: /home/lucca/desktop/ic/experimento/testes/python_experiments/stack4/ALL-SMART-GPT-COSMICRAY
plugins: Faker-15.1.1, hypothesis-6.56.3
collected 66 items

test_stack4_COSMICRAY.py F..                                             [  4%]
test_stack4_DYNAMOSA.py ................                                 [ 28%]
test_stack4_EX.py .                                                      [ 30%]
test_stack4_MIO.py ....................                                  [ 60%]
test_stack4_MOSA.py .................                                    [ 86%]
test_stack4_WHOLE_SUITE.py .........                                     [100%]

=========================== short test summary info ============================
FAILED test_stack4_COSMICRAY.py::test_remove_method_length - assert 3 == 4
========================= 1 failed, 65 passed in 0.17s =========================
</pre></div></div></div></div></div><div class="mb-1" id="job_list___sub_accordion_69"><div class="card"><a data-toggle="collapse" data-target="#job_list___sub_collapse_69_1" aria-expanded="false" aria-controls="job_list___sub_collapse_69_1" href="#" class="job_list___sub_multi_heading"><div role="alert" class="card-header alert-success" id="job_list___sub_heading_69_1"><button class="btn btn-outline-success"><span class="job_id">69 : Job ID 2738e760acbf455996867af1b9fdbed2</span></button></div></a><div aria-labelledby="job_list___sub_heading_69_1" data-parent="#job_list___sub_accordion_69" class="collapse job_list___sub_multi_collapse" id="job_list___sub_collapse_69_1"><div class="card-body"><div class="work-item"><div class="alert alert-success test-outcome" role="alert"><p>worker outcome: normal</p><p>test outcome: killed</p></div></div><pre class="location"><a href="pycharm://open?file=stack4.py&amp;line=76" class="text-secondary"><button class="btn btn-outline-dark">stack4.py, start pos: (76, 32), end pos: (76, 33)</button></a></pre><pre>operator: core/NumberReplacer, occurrence: 9</pre><div class="alert alert-secondary"><pre class="diff">--- mutation diff ---
--- astack4.py
+++ bstack4.py
@@ -73,7 +73,7 @@
         while curr:
             if (curr.next and curr.next.data == val):
                 curr.next = curr.next.next
-                self._length -= 1
+                self._length -= 0
             curr = curr.next
 
     def display(self):</pre></div><div class="alert alert-secondary"><pre class="diff">============================= test session starts ==============================
platform linux -- Python 3.10.12, pytest-7.1.3, pluggy-1.0.0
rootdir: /home/lucca/desktop/ic/experimento/testes/python_experiments/stack4/ALL-SMART-GPT-COSMICRAY
plugins: Faker-15.1.1, hypothesis-6.56.3
collected 66 items

test_stack4_COSMICRAY.py F..                                             [  4%]
test_stack4_DYNAMOSA.py ................                                 [ 28%]
test_stack4_EX.py .                                                      [ 30%]
test_stack4_MIO.py ....................                                  [ 60%]
test_stack4_MOSA.py .................                                    [ 86%]
test_stack4_WHOLE_SUITE.py .........                                     [100%]

=========================== short test summary info ============================
FAILED test_stack4_COSMICRAY.py::test_remove_method_length - assert 5 == 4
========================= 1 failed, 65 passed in 0.18s =========================
</pre></div></div></div></div></div><div class="mb-1" id="job_list___sub_accordion_70"><div class="card"><a data-toggle="collapse" data-target="#job_list___sub_collapse_70_1" aria-expanded="false" aria-controls="job_list___sub_collapse_70_1" href="#" class="job_list___sub_multi_heading"><div role="alert" class="card-header alert-success" id="job_list___sub_heading_70_1"><button class="btn btn-outline-success"><span class="job_id">70 : Job ID 3793ea51e99f42aba59ddd031c78578d</span></button></div></a><div aria-labelledby="job_list___sub_heading_70_1" data-parent="#job_list___sub_accordion_70" class="collapse job_list___sub_multi_collapse" id="job_list___sub_collapse_70_1"><div class="card-body"><div class="work-item"><div class="alert alert-success test-outcome" role="alert"><p>worker outcome: normal</p><p>test outcome: killed</p></div></div><pre class="location"><a href="pycharm://open?file=stack4.py&amp;line=86" class="text-secondary"><button class="btn btn-outline-dark">stack4.py, start pos: (86, 25), end pos: (86, 26)</button></a></pre><pre>operator: core/NumberReplacer, occurrence: 10</pre><div class="alert alert-secondary"><pre class="diff">--- mutation diff ---
--- astack4.py
+++ bstack4.py
@@ -83,7 +83,7 @@
         while curr:
             display += str(curr.data) + ', '
             curr = curr.next
-        return display[:-2] + ')'
+        return display[:- 3] + ')'
 
 
 class Stack(object):</pre></div><div class="alert alert-secondary"><pre class="diff">============================= test session starts ==============================
platform linux -- Python 3.10.12, pytest-7.1.3, pluggy-1.0.0
rootdir: /home/lucca/desktop/ic/experimento/testes/python_experiments/stack4/ALL-SMART-GPT-COSMICRAY
plugins: Faker-15.1.1, hypothesis-6.56.3
collected 66 items

test_stack4_COSMICRAY.py ...                                             [  4%]
test_stack4_DYNAMOSA.py ......F.....F...                                 [ 28%]
test_stack4_EX.py .                                                      [ 30%]
test_stack4_MIO.py ...............F....                                  [ 60%]
test_stack4_MOSA.py .F.FFF...F.......                                    [ 86%]
test_stack4_WHOLE_SUITE.py .........                                     [100%]

=========================== short test summary info ============================
FAILED test_stack4_DYNAMOSA.py::test_case_6 - AssertionError: assert '(Tru)' ...
FAILED test_stack4_DYNAMOSA.py::test_case_12 - AssertionError: assert '((True...
FAILED test_stack4_MIO.py::test_case_15 - AssertionError: assert '(v, e, /, \...
FAILED test_stack4_MOSA.py::test_case_1 - AssertionError: assert '(Tru)' == '...
FAILED test_stack4_MOSA.py::test_case_3 - AssertionError: assert '(+, O, k, \...
FAILED test_stack4_MOSA.py::test_case_4 - AssertionError: assert '(+, O, k, \...
FAILED test_stack4_MOSA.py::test_case_5 - AssertionError: assert '(+, O, k, \...
FAILED test_stack4_MOSA.py::test_case_9 - AssertionError: assert '(+, O, k, \...
========================= 8 failed, 58 passed in 0.18s =========================
</pre></div></div></div></div></div><div class="mb-1" id="job_list___sub_accordion_71"><div class="card"><a data-toggle="collapse" data-target="#job_list___sub_collapse_71_1" aria-expanded="false" aria-controls="job_list___sub_collapse_71_1" href="#" class="job_list___sub_multi_heading"><div role="alert" class="card-header alert-success" id="job_list___sub_heading_71_1"><button class="btn btn-outline-success"><span class="job_id">71 : Job ID 0e7bfc02036c4499bdf40993385db72f</span></button></div></a><div aria-labelledby="job_list___sub_heading_71_1" data-parent="#job_list___sub_accordion_71" class="collapse job_list___sub_multi_collapse" id="job_list___sub_collapse_71_1"><div class="card-body"><div class="work-item"><div class="alert alert-success test-outcome" role="alert"><p>worker outcome: normal</p><p>test outcome: killed</p></div></div><pre class="location"><a href="pycharm://open?file=stack4.py&amp;line=86" class="text-secondary"><button class="btn btn-outline-dark">stack4.py, start pos: (86, 25), end pos: (86, 26)</button></a></pre><pre>operator: core/NumberReplacer, occurrence: 11</pre><div class="alert alert-secondary"><pre class="diff">--- mutation diff ---
--- astack4.py
+++ bstack4.py
@@ -83,7 +83,7 @@
         while curr:
             display += str(curr.data) + ', '
             curr = curr.next
-        return display[:-2] + ')'
+        return display[:- 1] + ')'
 
 
 class Stack(object):</pre></div><div class="alert alert-secondary"><pre class="diff">============================= test session starts ==============================
platform linux -- Python 3.10.12, pytest-7.1.3, pluggy-1.0.0
rootdir: /home/lucca/desktop/ic/experimento/testes/python_experiments/stack4/ALL-SMART-GPT-COSMICRAY
plugins: Faker-15.1.1, hypothesis-6.56.3
collected 66 items

test_stack4_COSMICRAY.py ...                                             [  4%]
test_stack4_DYNAMOSA.py ......F.....F...                                 [ 28%]
test_stack4_EX.py .                                                      [ 30%]
test_stack4_MIO.py ...............F....                                  [ 60%]
test_stack4_MOSA.py .F.FFF...F.......                                    [ 86%]
test_stack4_WHOLE_SUITE.py .........                                     [100%]

=========================== short test summary info ============================
FAILED test_stack4_DYNAMOSA.py::test_case_6 - AssertionError: assert '(True,)...
FAILED test_stack4_DYNAMOSA.py::test_case_12 - AssertionError: assert '((True...
FAILED test_stack4_MIO.py::test_case_15 - AssertionError: assert '(v, e, /, \...
FAILED test_stack4_MOSA.py::test_case_1 - AssertionError: assert '(True,)' ==...
FAILED test_stack4_MOSA.py::test_case_3 - AssertionError: assert '(+, O, k, \...
FAILED test_stack4_MOSA.py::test_case_4 - AssertionError: assert '(+, O, k, \...
FAILED test_stack4_MOSA.py::test_case_5 - AssertionError: assert '(+, O, k, \...
FAILED test_stack4_MOSA.py::test_case_9 - AssertionError: assert '(+, O, k, \...
========================= 8 failed, 58 passed in 0.19s =========================
</pre></div></div></div></div></div><div class="mb-1" id="job_list___sub_accordion_72"><div class="card"><a data-toggle="collapse" data-target="#job_list___sub_collapse_72_1" aria-expanded="false" aria-controls="job_list___sub_collapse_72_1" href="#" class="job_list___sub_multi_heading"><div role="alert" class="card-header alert-success" id="job_list___sub_heading_72_1"><button class="btn btn-outline-success"><span class="job_id">72 : Job ID e5363d388fa44573bf02b6d0a8818979</span></button></div></a><div aria-labelledby="job_list___sub_heading_72_1" data-parent="#job_list___sub_accordion_72" class="collapse job_list___sub_multi_collapse" id="job_list___sub_collapse_72_1"><div class="card-body"><div class="work-item"><div class="alert alert-success test-outcome" role="alert"><p>worker outcome: normal</p><p>test outcome: killed</p></div></div><pre class="location"><a href="pycharm://open?file=stack4.py&amp;line=34" class="text-secondary"><button class="btn btn-outline-dark">stack4.py, start pos: (34, 23), end pos: (34, 27)</button></a></pre><pre>operator: core/ZeroIterationForLoop, occurrence: 0</pre><div class="alert alert-secondary"><pre class="diff">--- mutation diff ---
--- astack4.py
+++ bstack4.py
@@ -31,7 +31,7 @@
         self._length = 0
         self.head = None
         try:
-            for val in data:
+            for val in []:
                 self.push(val)
         except TypeError:
             if data:</pre></div><div class="alert alert-secondary"><pre class="diff">============================= test session starts ==============================
platform linux -- Python 3.10.12, pytest-7.1.3, pluggy-1.0.0
rootdir: /home/lucca/desktop/ic/experimento/testes/python_experiments/stack4/ALL-SMART-GPT-COSMICRAY
plugins: Faker-15.1.1, hypothesis-6.56.3
collected 66 items

test_stack4_COSMICRAY.py FFF                                             [  4%]
test_stack4_DYNAMOSA.py ..F...F...F.F.F.                                 [ 28%]
test_stack4_EX.py .                                                      [ 30%]
test_stack4_MIO.py ..F.....F...F..FF...                                  [ 60%]
test_stack4_MOSA.py .F.FFF...F....FFF                                    [ 86%]
test_stack4_WHOLE_SUITE.py ..F..FF..                                     [100%]

=========================== short test summary info ============================
FAILED test_stack4_COSMICRAY.py::test_remove_method_length - assert 0 == 4
FAILED test_stack4_COSMICRAY.py::test_pop_method_length - IndexError: Cannot ...
FAILED test_stack4_COSMICRAY.py::test_remove_method_remove_head - assert 0 == 4
FAILED test_stack4_DYNAMOSA.py::test_case_2 - AssertionError: assert 'builtin...
FAILED test_stack4_DYNAMOSA.py::test_case_6 - AssertionError: assert 'builtin...
FAILED test_stack4_DYNAMOSA.py::test_case_10 - AssertionError: assert 'builti...
FAILED test_stack4_DYNAMOSA.py::test_case_12 - AssertionError: assert 'builti...
FAILED test_stack4_DYNAMOSA.py::test_case_14 - AssertionError: assert 'builti...
FAILED test_stack4_MIO.py::test_case_2 - AssertionError: assert 'builtins.Non...
FAILED test_stack4_MIO.py::test_case_8 - AssertionError: assert 'builtins.Non...
FAILED test_stack4_MIO.py::test_case_12 - AssertionError: assert 'builtins.No...
FAILED test_stack4_MIO.py::test_case_15 - AssertionError: assert 'builtins.No...
FAILED test_stack4_MIO.py::test_case_16 - AssertionError: assert 'builtins.No...
FAILED test_stack4_MOSA.py::test_case_1 - AssertionError: assert 'builtins.No...
FAILED test_stack4_MOSA.py::test_case_3 - AssertionError: assert 'builtins.No...
FAILED test_stack4_MOSA.py::test_case_4 - AssertionError: assert 'builtins.No...
FAILED test_stack4_MOSA.py::test_case_5 - AssertionError: assert 'builtins.No...
FAILED test_stack4_MOSA.py::test_case_9 - AssertionError: assert 'builtins.No...
FAILED test_stack4_MOSA.py::test_case_14 - AssertionError: assert 'builtins.N...
FAILED test_stack4_MOSA.py::test_case_15 - AssertionError: assert 'builtins.N...
FAILED test_stack4_MOSA.py::test_case_16 - AssertionError: assert 'builtins.N...
FAILED test_stack4_WHOLE_SUITE.py::test_case_2 - AssertionError: assert 'buil...
FAILED test_stack4_WHOLE_SUITE.py::test_case_5 - AssertionError: assert 'buil...
FAILED test_stack4_WHOLE_SUITE.py::test_case_6 - IndexError: Cannot pop from ...
======================== 24 failed, 42 passed in 0.20s =========================
</pre></div></div></div></div></div></div></div></div></div></div><script src="https://code.jquery.com/jquery-3.3.1.slim.min.js" integrity="sha384-q8i/X+965DzO0rT7abK41JStQIAqVgRVzpbzo5smXKp4YfRvH+8abtTE1Pi6jizo" crossorigin="anonymous"></script><script src="https://cdnjs.cloudflare.com/ajax/libs/popper.js/1.14.7/umd/popper.min.js" integrity="sha384-UO2eT0CpHqdSJQ6hJty5KVphtPhzWj9WO1clHTMGa3JDZwrnQq4sF86dIHNDz0W1" crossorigin="anonymous"></script><script src="https://stackpath.bootstrapcdn.com/bootstrap/4.3.1/js/bootstrap.min.js" integrity="sha384-JjSmVgyd0p3pXB1rRibZUAYoIIy6OrQ6VrjIEaFf/nJGzIxFDsf4x0xIM+B07jRM" crossorigin="anonymous"></script><script type="text/javascript">$('div.job_list___sub_multi_collapse').on('shown.bs.collapse',  function () {    correct_behavior_functional_buttons();  });$('div.job_list___sub_multi_collapse').on('hidden.bs.collapse',  function () {    correct_behavior_functional_buttons();  });function correct_behavior_functional_buttons() {    var expand = false;    var collapse = false;    $('a.job_list___sub_multi_heading').each(function(index) {      if ($(this).attr('aria-expanded') == 'false') {        expand = true;        return false;      };    });    $('a.job_list___sub_multi_heading').each(function(index) {      if ($(this).attr('aria-expanded') == 'true') {        collapse = true;        return false;      };    });    if (expand) {      $('div#job_item_expand_all').css('display', 'inline-block');    } else {      $('div#job_item_expand_all').css('display', 'none');    };    if (collapse) {      $('div#job_item_collapse_all').css('display', 'inline-block');    } else {      $('div#job_item_collapse_all').css('display', 'none');    };  };correct_behavior_functional_buttons();</script></body></html>
