<!DOCTYPE html><html lang="en"><head><meta charset="utf-8" /><meta name="viewport" content="width=device-width, initial-scale=1, shrink-to-fit=no" /><link rel="stylesheet" href="https://stackpath.bootstrapcdn.com/bootstrap/4.3.1/css/bootstrap.min.css" integrity="sha384-ggOyR0iXCbMQv3Xipma34MD+dH/1fQ784/j6cY/iJTQUOhcWr7x9JvoRxT2MZw1T" crossorigin="anonymous" /><title>Cosmic Ray Report</title></head><body><div class="container"><h1><p class="text-dark">Cosmic Ray Report</p></h1></div><div class="container"><div class="mb-1" id="summary_info___accordion"><div class="card"><a data-toggle="collapse" data-target="#summary_info___collapse_1" aria-expanded="true" aria-controls="summary_info___collapse_1" href="#"><div class="card-header" id="summary_info___heading_1"><button class="btn btn-outline-dark"><h4 class="m-0">Summary info</h4></button></div></a><div aria-labelledby="summary_info___heading_1" data-parent="#summary_info___accordion" class="collapse show" id="summary_info___collapse_1"><div class="card-body"><p>Date time: 25/02/2024 14:04:21</p><p>Total jobs: 72</p><p>Complete: 72 (100.00%)</p><p>Surviving mutants: 3 (4.17%)</p></div></div></div></div><div class="mb-1" id="job_list___accordion"><div class="card"><a data-toggle="collapse" data-target="#job_list___collapse_1" aria-expanded="false" aria-controls="job_list___collapse_1" href="#"><div class="card-header" id="job_list___heading_1"><button class="btn btn-outline-dark"><h4 class="m-0">Job list</h4></button></div></a><div aria-labelledby="job_list___heading_1" data-parent="#job_list___accordion" class="collapse" id="job_list___collapse_1"><div class="card-body"><div class="text-right mb-1"><div class="mx-1" id="job_item_expand_all"><a href="#" onclick="$('div.job_list___sub_multi_collapse').collapse('show');"><button class="btn btn-outline-dark"><span>Expand All</span></button></a></div><div class="mx-1" id="job_item_collapse_all"><a href="#" onclick="$('div.job_list___sub_multi_collapse').collapse('hide');"><button class="btn btn-outline-dark"><span>Collapse All</span></button></a></div></div><div class="mb-1" id="job_list___sub_accordion_1"><div class="card"><a data-toggle="collapse" data-target="#job_list___sub_collapse_1_1" aria-expanded="false" aria-controls="job_list___sub_collapse_1_1" href="#" class="job_list___sub_multi_heading"><div role="alert" class="card-header alert-success" id="job_list___sub_heading_1_1"><button class="btn btn-outline-success"><span class="job_id">1 : Job ID d02101451bad4723801f6c2eabf0f648</span></button></div></a><div aria-labelledby="job_list___sub_heading_1_1" data-parent="#job_list___sub_accordion_1" class="collapse job_list___sub_multi_collapse" id="job_list___sub_collapse_1_1"><div class="card-body"><div class="work-item"><div class="alert alert-success test-outcome" role="alert"><p>worker outcome: normal</p><p>test outcome: killed</p></div></div><pre class="location"><a href="pycharm://open?file=stack4.py&amp;line=84" class="text-secondary"><button class="btn btn-outline-dark">stack4.py, start pos: (84, 38), end pos: (84, 39)</button></a></pre><pre>operator: core/ReplaceBinaryOperator_Add_Sub, occurrence: 0</pre><div class="alert alert-secondary"><pre class="diff">--- mutation diff ---
--- astack4.py
+++ bstack4.py
@@ -81,7 +81,7 @@
         curr = self.head
         display = '('
         while curr:
-            display += str(curr.data) + ', '
+            display += str(curr.data) - ', '
             curr = curr.next
         return display[:-2] + ')'
 </pre></div><div class="alert alert-secondary"><pre class="diff">============================= test session starts ==============================
platform linux -- Python 3.10.12, pytest-7.1.3, pluggy-1.0.0
rootdir: /home/lucca/desktop/ic/experimento/testes/python_experiments/stack4
plugins: Faker-15.1.1, hypothesis-6.56.3
collected 68 items

ALL-SMART-GPT-MUTATEST/test_stack4_DYNAMOSA.py ......F.....F...          [ 23%]
ALL-SMART-GPT-MUTATEST/test_stack4_MIO.py ...............FF...           [ 52%]
ALL-SMART-GPT-MUTATEST/test_stack4_MOSA.py .F.FFF...F......F             [ 77%]
ALL-SMART-GPT-MUTATEST/test_stack4_MUTATEST.py ......                    [ 86%]
ALL-SMART-GPT-MUTATEST/test_stack4_WHOLE_SUITE.py .F.......              [100%]

=========================== short test summary info ============================
FAILED ALL-SMART-GPT-MUTATEST/test_stack4_DYNAMOSA.py::test_case_6 - TypeErro...
FAILED ALL-SMART-GPT-MUTATEST/test_stack4_DYNAMOSA.py::test_case_12 - TypeErr...
FAILED ALL-SMART-GPT-MUTATEST/test_stack4_MIO.py::test_case_15 - TypeError: u...
FAILED ALL-SMART-GPT-MUTATEST/test_stack4_MIO.py::test_case_16 - TypeError: u...
FAILED ALL-SMART-GPT-MUTATEST/test_stack4_MOSA.py::test_case_1 - TypeError: u...
FAILED ALL-SMART-GPT-MUTATEST/test_stack4_MOSA.py::test_case_3 - TypeError: u...
FAILED ALL-SMART-GPT-MUTATEST/test_stack4_MOSA.py::test_case_4 - TypeError: u...
FAILED ALL-SMART-GPT-MUTATEST/test_stack4_MOSA.py::test_case_5 - TypeError: u...
FAILED ALL-SMART-GPT-MUTATEST/test_stack4_MOSA.py::test_case_9 - TypeError: u...
FAILED ALL-SMART-GPT-MUTATEST/test_stack4_MOSA.py::test_case_16 - TypeError: ...
FAILED ALL-SMART-GPT-MUTATEST/test_stack4_WHOLE_SUITE.py::test_case_1 - TypeE...
======================== 11 failed, 57 passed in 0.21s =========================
</pre></div></div></div></div></div><div class="mb-1" id="job_list___sub_accordion_2"><div class="card"><a data-toggle="collapse" data-target="#job_list___sub_collapse_2_1" aria-expanded="false" aria-controls="job_list___sub_collapse_2_1" href="#" class="job_list___sub_multi_heading"><div role="alert" class="card-header alert-success" id="job_list___sub_heading_2_1"><button class="btn btn-outline-success"><span class="job_id">2 : Job ID e9a9fe03fa454e1292f52809cbed951f</span></button></div></a><div aria-labelledby="job_list___sub_heading_2_1" data-parent="#job_list___sub_accordion_2" class="collapse job_list___sub_multi_collapse" id="job_list___sub_collapse_2_1"><div class="card-body"><div class="work-item"><div class="alert alert-success test-outcome" role="alert"><p>worker outcome: normal</p><p>test outcome: killed</p></div></div><pre class="location"><a href="pycharm://open?file=stack4.py&amp;line=86" class="text-secondary"><button class="btn btn-outline-dark">stack4.py, start pos: (86, 28), end pos: (86, 29)</button></a></pre><pre>operator: core/ReplaceBinaryOperator_Add_Sub, occurrence: 1</pre><div class="alert alert-secondary"><pre class="diff">--- mutation diff ---
--- astack4.py
+++ bstack4.py
@@ -83,7 +83,7 @@
         while curr:
             display += str(curr.data) + ', '
             curr = curr.next
-        return display[:-2] + ')'
+        return display[:-2] - ')'
 
 
 class Stack(object):</pre></div><div class="alert alert-secondary"><pre class="diff">============================= test session starts ==============================
platform linux -- Python 3.10.12, pytest-7.1.3, pluggy-1.0.0
rootdir: /home/lucca/desktop/ic/experimento/testes/python_experiments/stack4
plugins: Faker-15.1.1, hypothesis-6.56.3
collected 68 items

ALL-SMART-GPT-MUTATEST/test_stack4_DYNAMOSA.py ......FF....F...          [ 23%]
ALL-SMART-GPT-MUTATEST/test_stack4_MIO.py ...............FFF..           [ 52%]
ALL-SMART-GPT-MUTATEST/test_stack4_MOSA.py .F.FFF...FF.....F             [ 77%]
ALL-SMART-GPT-MUTATEST/test_stack4_MUTATEST.py ......                    [ 86%]
ALL-SMART-GPT-MUTATEST/test_stack4_WHOLE_SUITE.py FFF......              [100%]

=========================== short test summary info ============================
FAILED ALL-SMART-GPT-MUTATEST/test_stack4_DYNAMOSA.py::test_case_6 - TypeErro...
FAILED ALL-SMART-GPT-MUTATEST/test_stack4_DYNAMOSA.py::test_case_7 - TypeErro...
FAILED ALL-SMART-GPT-MUTATEST/test_stack4_DYNAMOSA.py::test_case_12 - TypeErr...
FAILED ALL-SMART-GPT-MUTATEST/test_stack4_MIO.py::test_case_15 - TypeError: u...
FAILED ALL-SMART-GPT-MUTATEST/test_stack4_MIO.py::test_case_16 - TypeError: u...
FAILED ALL-SMART-GPT-MUTATEST/test_stack4_MIO.py::test_case_17 - TypeError: u...
FAILED ALL-SMART-GPT-MUTATEST/test_stack4_MOSA.py::test_case_1 - TypeError: u...
FAILED ALL-SMART-GPT-MUTATEST/test_stack4_MOSA.py::test_case_3 - TypeError: u...
FAILED ALL-SMART-GPT-MUTATEST/test_stack4_MOSA.py::test_case_4 - TypeError: u...
FAILED ALL-SMART-GPT-MUTATEST/test_stack4_MOSA.py::test_case_5 - TypeError: u...
FAILED ALL-SMART-GPT-MUTATEST/test_stack4_MOSA.py::test_case_9 - TypeError: u...
FAILED ALL-SMART-GPT-MUTATEST/test_stack4_MOSA.py::test_case_10 - TypeError: ...
FAILED ALL-SMART-GPT-MUTATEST/test_stack4_MOSA.py::test_case_16 - TypeError: ...
FAILED ALL-SMART-GPT-MUTATEST/test_stack4_WHOLE_SUITE.py::test_case_0 - TypeE...
FAILED ALL-SMART-GPT-MUTATEST/test_stack4_WHOLE_SUITE.py::test_case_1 - TypeE...
FAILED ALL-SMART-GPT-MUTATEST/test_stack4_WHOLE_SUITE.py::test_case_2 - TypeE...
======================== 16 failed, 52 passed in 0.21s =========================
</pre></div></div></div></div></div><div class="mb-1" id="job_list___sub_accordion_3"><div class="card"><a data-toggle="collapse" data-target="#job_list___sub_collapse_3_1" aria-expanded="false" aria-controls="job_list___sub_collapse_3_1" href="#" class="job_list___sub_multi_heading"><div role="alert" class="card-header alert-success" id="job_list___sub_heading_3_1"><button class="btn btn-outline-success"><span class="job_id">3 : Job ID 0e45774c9c294d9d86b3ad2dc2b0a53e</span></button></div></a><div aria-labelledby="job_list___sub_heading_3_1" data-parent="#job_list___sub_accordion_3" class="collapse job_list___sub_multi_collapse" id="job_list___sub_collapse_3_1"><div class="card-body"><div class="work-item"><div class="alert alert-success test-outcome" role="alert"><p>worker outcome: normal</p><p>test outcome: killed</p></div></div><pre class="location"><a href="pycharm://open?file=stack4.py&amp;line=84" class="text-secondary"><button class="btn btn-outline-dark">stack4.py, start pos: (84, 38), end pos: (84, 39)</button></a></pre><pre>operator: core/ReplaceBinaryOperator_Add_Mul, occurrence: 0</pre><div class="alert alert-secondary"><pre class="diff">--- mutation diff ---
--- astack4.py
+++ bstack4.py
@@ -81,7 +81,7 @@
         curr = self.head
         display = '('
         while curr:
-            display += str(curr.data) + ', '
+            display += str(curr.data) * ', '
             curr = curr.next
         return display[:-2] + ')'
 </pre></div><div class="alert alert-secondary"><pre class="diff">============================= test session starts ==============================
platform linux -- Python 3.10.12, pytest-7.1.3, pluggy-1.0.0
rootdir: /home/lucca/desktop/ic/experimento/testes/python_experiments/stack4
plugins: Faker-15.1.1, hypothesis-6.56.3
collected 68 items

ALL-SMART-GPT-MUTATEST/test_stack4_DYNAMOSA.py ......F.....F...          [ 23%]
ALL-SMART-GPT-MUTATEST/test_stack4_MIO.py ...............FF...           [ 52%]
ALL-SMART-GPT-MUTATEST/test_stack4_MOSA.py .F.FFF...F......F             [ 77%]
ALL-SMART-GPT-MUTATEST/test_stack4_MUTATEST.py ......                    [ 86%]
ALL-SMART-GPT-MUTATEST/test_stack4_WHOLE_SUITE.py .F.......              [100%]

=========================== short test summary info ============================
FAILED ALL-SMART-GPT-MUTATEST/test_stack4_DYNAMOSA.py::test_case_6 - TypeErro...
FAILED ALL-SMART-GPT-MUTATEST/test_stack4_DYNAMOSA.py::test_case_12 - TypeErr...
FAILED ALL-SMART-GPT-MUTATEST/test_stack4_MIO.py::test_case_15 - TypeError: c...
FAILED ALL-SMART-GPT-MUTATEST/test_stack4_MIO.py::test_case_16 - TypeError: c...
FAILED ALL-SMART-GPT-MUTATEST/test_stack4_MOSA.py::test_case_1 - TypeError: c...
FAILED ALL-SMART-GPT-MUTATEST/test_stack4_MOSA.py::test_case_3 - TypeError: c...
FAILED ALL-SMART-GPT-MUTATEST/test_stack4_MOSA.py::test_case_4 - TypeError: c...
FAILED ALL-SMART-GPT-MUTATEST/test_stack4_MOSA.py::test_case_5 - TypeError: c...
FAILED ALL-SMART-GPT-MUTATEST/test_stack4_MOSA.py::test_case_9 - TypeError: c...
FAILED ALL-SMART-GPT-MUTATEST/test_stack4_MOSA.py::test_case_16 - TypeError: ...
FAILED ALL-SMART-GPT-MUTATEST/test_stack4_WHOLE_SUITE.py::test_case_1 - TypeE...
======================== 11 failed, 57 passed in 0.21s =========================
</pre></div></div></div></div></div><div class="mb-1" id="job_list___sub_accordion_4"><div class="card"><a data-toggle="collapse" data-target="#job_list___sub_collapse_4_1" aria-expanded="false" aria-controls="job_list___sub_collapse_4_1" href="#" class="job_list___sub_multi_heading"><div role="alert" class="card-header alert-success" id="job_list___sub_heading_4_1"><button class="btn btn-outline-success"><span class="job_id">4 : Job ID 0166b70dd4a14040b6589b005d21a87b</span></button></div></a><div aria-labelledby="job_list___sub_heading_4_1" data-parent="#job_list___sub_accordion_4" class="collapse job_list___sub_multi_collapse" id="job_list___sub_collapse_4_1"><div class="card-body"><div class="work-item"><div class="alert alert-success test-outcome" role="alert"><p>worker outcome: normal</p><p>test outcome: killed</p></div></div><pre class="location"><a href="pycharm://open?file=stack4.py&amp;line=86" class="text-secondary"><button class="btn btn-outline-dark">stack4.py, start pos: (86, 28), end pos: (86, 29)</button></a></pre><pre>operator: core/ReplaceBinaryOperator_Add_Mul, occurrence: 1</pre><div class="alert alert-secondary"><pre class="diff">--- mutation diff ---
--- astack4.py
+++ bstack4.py
@@ -83,7 +83,7 @@
         while curr:
             display += str(curr.data) + ', '
             curr = curr.next
-        return display[:-2] + ')'
+        return display[:-2] * ')'
 
 
 class Stack(object):</pre></div><div class="alert alert-secondary"><pre class="diff">============================= test session starts ==============================
platform linux -- Python 3.10.12, pytest-7.1.3, pluggy-1.0.0
rootdir: /home/lucca/desktop/ic/experimento/testes/python_experiments/stack4
plugins: Faker-15.1.1, hypothesis-6.56.3
collected 68 items

ALL-SMART-GPT-MUTATEST/test_stack4_DYNAMOSA.py ......FF....F...          [ 23%]
ALL-SMART-GPT-MUTATEST/test_stack4_MIO.py ...............FFF..           [ 52%]
ALL-SMART-GPT-MUTATEST/test_stack4_MOSA.py .F.FFF...FF.....F             [ 77%]
ALL-SMART-GPT-MUTATEST/test_stack4_MUTATEST.py ......                    [ 86%]
ALL-SMART-GPT-MUTATEST/test_stack4_WHOLE_SUITE.py FFF......              [100%]

=========================== short test summary info ============================
FAILED ALL-SMART-GPT-MUTATEST/test_stack4_DYNAMOSA.py::test_case_6 - TypeErro...
FAILED ALL-SMART-GPT-MUTATEST/test_stack4_DYNAMOSA.py::test_case_7 - TypeErro...
FAILED ALL-SMART-GPT-MUTATEST/test_stack4_DYNAMOSA.py::test_case_12 - TypeErr...
FAILED ALL-SMART-GPT-MUTATEST/test_stack4_MIO.py::test_case_15 - TypeError: c...
FAILED ALL-SMART-GPT-MUTATEST/test_stack4_MIO.py::test_case_16 - TypeError: c...
FAILED ALL-SMART-GPT-MUTATEST/test_stack4_MIO.py::test_case_17 - TypeError: c...
FAILED ALL-SMART-GPT-MUTATEST/test_stack4_MOSA.py::test_case_1 - TypeError: c...
FAILED ALL-SMART-GPT-MUTATEST/test_stack4_MOSA.py::test_case_3 - TypeError: c...
FAILED ALL-SMART-GPT-MUTATEST/test_stack4_MOSA.py::test_case_4 - TypeError: c...
FAILED ALL-SMART-GPT-MUTATEST/test_stack4_MOSA.py::test_case_5 - TypeError: c...
FAILED ALL-SMART-GPT-MUTATEST/test_stack4_MOSA.py::test_case_9 - TypeError: c...
FAILED ALL-SMART-GPT-MUTATEST/test_stack4_MOSA.py::test_case_10 - TypeError: ...
FAILED ALL-SMART-GPT-MUTATEST/test_stack4_MOSA.py::test_case_16 - TypeError: ...
FAILED ALL-SMART-GPT-MUTATEST/test_stack4_WHOLE_SUITE.py::test_case_0 - TypeE...
FAILED ALL-SMART-GPT-MUTATEST/test_stack4_WHOLE_SUITE.py::test_case_1 - TypeE...
FAILED ALL-SMART-GPT-MUTATEST/test_stack4_WHOLE_SUITE.py::test_case_2 - TypeE...
======================== 16 failed, 52 passed in 0.21s =========================
</pre></div></div></div></div></div><div class="mb-1" id="job_list___sub_accordion_5"><div class="card"><a data-toggle="collapse" data-target="#job_list___sub_collapse_5_1" aria-expanded="false" aria-controls="job_list___sub_collapse_5_1" href="#" class="job_list___sub_multi_heading"><div role="alert" class="card-header alert-success" id="job_list___sub_heading_5_1"><button class="btn btn-outline-success"><span class="job_id">5 : Job ID 69d52ae1bf514afdbef6dc9aa228e0bb</span></button></div></a><div aria-labelledby="job_list___sub_heading_5_1" data-parent="#job_list___sub_accordion_5" class="collapse job_list___sub_multi_collapse" id="job_list___sub_collapse_5_1"><div class="card-body"><div class="work-item"><div class="alert alert-success test-outcome" role="alert"><p>worker outcome: normal</p><p>test outcome: killed</p></div></div><pre class="location"><a href="pycharm://open?file=stack4.py&amp;line=84" class="text-secondary"><button class="btn btn-outline-dark">stack4.py, start pos: (84, 38), end pos: (84, 39)</button></a></pre><pre>operator: core/ReplaceBinaryOperator_Add_Div, occurrence: 0</pre><div class="alert alert-secondary"><pre class="diff">--- mutation diff ---
--- astack4.py
+++ bstack4.py
@@ -81,7 +81,7 @@
         curr = self.head
         display = '('
         while curr:
-            display += str(curr.data) + ', '
+            display += str(curr.data) / ', '
             curr = curr.next
         return display[:-2] + ')'
 </pre></div><div class="alert alert-secondary"><pre class="diff">============================= test session starts ==============================
platform linux -- Python 3.10.12, pytest-7.1.3, pluggy-1.0.0
rootdir: /home/lucca/desktop/ic/experimento/testes/python_experiments/stack4
plugins: Faker-15.1.1, hypothesis-6.56.3
collected 68 items

ALL-SMART-GPT-MUTATEST/test_stack4_DYNAMOSA.py ......F.....F...          [ 23%]
ALL-SMART-GPT-MUTATEST/test_stack4_MIO.py ...............FF...           [ 52%]
ALL-SMART-GPT-MUTATEST/test_stack4_MOSA.py .F.FFF...F......F             [ 77%]
ALL-SMART-GPT-MUTATEST/test_stack4_MUTATEST.py ......                    [ 86%]
ALL-SMART-GPT-MUTATEST/test_stack4_WHOLE_SUITE.py .F.......              [100%]

=========================== short test summary info ============================
FAILED ALL-SMART-GPT-MUTATEST/test_stack4_DYNAMOSA.py::test_case_6 - TypeErro...
FAILED ALL-SMART-GPT-MUTATEST/test_stack4_DYNAMOSA.py::test_case_12 - TypeErr...
FAILED ALL-SMART-GPT-MUTATEST/test_stack4_MIO.py::test_case_15 - TypeError: u...
FAILED ALL-SMART-GPT-MUTATEST/test_stack4_MIO.py::test_case_16 - TypeError: u...
FAILED ALL-SMART-GPT-MUTATEST/test_stack4_MOSA.py::test_case_1 - TypeError: u...
FAILED ALL-SMART-GPT-MUTATEST/test_stack4_MOSA.py::test_case_3 - TypeError: u...
FAILED ALL-SMART-GPT-MUTATEST/test_stack4_MOSA.py::test_case_4 - TypeError: u...
FAILED ALL-SMART-GPT-MUTATEST/test_stack4_MOSA.py::test_case_5 - TypeError: u...
FAILED ALL-SMART-GPT-MUTATEST/test_stack4_MOSA.py::test_case_9 - TypeError: u...
FAILED ALL-SMART-GPT-MUTATEST/test_stack4_MOSA.py::test_case_16 - TypeError: ...
FAILED ALL-SMART-GPT-MUTATEST/test_stack4_WHOLE_SUITE.py::test_case_1 - TypeE...
======================== 11 failed, 57 passed in 0.20s =========================
</pre></div></div></div></div></div><div class="mb-1" id="job_list___sub_accordion_6"><div class="card"><a data-toggle="collapse" data-target="#job_list___sub_collapse_6_1" aria-expanded="false" aria-controls="job_list___sub_collapse_6_1" href="#" class="job_list___sub_multi_heading"><div role="alert" class="card-header alert-success" id="job_list___sub_heading_6_1"><button class="btn btn-outline-success"><span class="job_id">6 : Job ID 6a916796dc8346b48483367f008f59a0</span></button></div></a><div aria-labelledby="job_list___sub_heading_6_1" data-parent="#job_list___sub_accordion_6" class="collapse job_list___sub_multi_collapse" id="job_list___sub_collapse_6_1"><div class="card-body"><div class="work-item"><div class="alert alert-success test-outcome" role="alert"><p>worker outcome: normal</p><p>test outcome: killed</p></div></div><pre class="location"><a href="pycharm://open?file=stack4.py&amp;line=86" class="text-secondary"><button class="btn btn-outline-dark">stack4.py, start pos: (86, 28), end pos: (86, 29)</button></a></pre><pre>operator: core/ReplaceBinaryOperator_Add_Div, occurrence: 1</pre><div class="alert alert-secondary"><pre class="diff">--- mutation diff ---
--- astack4.py
+++ bstack4.py
@@ -83,7 +83,7 @@
         while curr:
             display += str(curr.data) + ', '
             curr = curr.next
-        return display[:-2] + ')'
+        return display[:-2] / ')'
 
 
 class Stack(object):</pre></div><div class="alert alert-secondary"><pre class="diff">============================= test session starts ==============================
platform linux -- Python 3.10.12, pytest-7.1.3, pluggy-1.0.0
rootdir: /home/lucca/desktop/ic/experimento/testes/python_experiments/stack4
plugins: Faker-15.1.1, hypothesis-6.56.3
collected 68 items

ALL-SMART-GPT-MUTATEST/test_stack4_DYNAMOSA.py ......FF....F...          [ 23%]
ALL-SMART-GPT-MUTATEST/test_stack4_MIO.py ...............FFF..           [ 52%]
ALL-SMART-GPT-MUTATEST/test_stack4_MOSA.py .F.FFF...FF.....F             [ 77%]
ALL-SMART-GPT-MUTATEST/test_stack4_MUTATEST.py ......                    [ 86%]
ALL-SMART-GPT-MUTATEST/test_stack4_WHOLE_SUITE.py FFF......              [100%]

=========================== short test summary info ============================
FAILED ALL-SMART-GPT-MUTATEST/test_stack4_DYNAMOSA.py::test_case_6 - TypeErro...
FAILED ALL-SMART-GPT-MUTATEST/test_stack4_DYNAMOSA.py::test_case_7 - TypeErro...
FAILED ALL-SMART-GPT-MUTATEST/test_stack4_DYNAMOSA.py::test_case_12 - TypeErr...
FAILED ALL-SMART-GPT-MUTATEST/test_stack4_MIO.py::test_case_15 - TypeError: u...
FAILED ALL-SMART-GPT-MUTATEST/test_stack4_MIO.py::test_case_16 - TypeError: u...
FAILED ALL-SMART-GPT-MUTATEST/test_stack4_MIO.py::test_case_17 - TypeError: u...
FAILED ALL-SMART-GPT-MUTATEST/test_stack4_MOSA.py::test_case_1 - TypeError: u...
FAILED ALL-SMART-GPT-MUTATEST/test_stack4_MOSA.py::test_case_3 - TypeError: u...
FAILED ALL-SMART-GPT-MUTATEST/test_stack4_MOSA.py::test_case_4 - TypeError: u...
FAILED ALL-SMART-GPT-MUTATEST/test_stack4_MOSA.py::test_case_5 - TypeError: u...
FAILED ALL-SMART-GPT-MUTATEST/test_stack4_MOSA.py::test_case_9 - TypeError: u...
FAILED ALL-SMART-GPT-MUTATEST/test_stack4_MOSA.py::test_case_10 - TypeError: ...
FAILED ALL-SMART-GPT-MUTATEST/test_stack4_MOSA.py::test_case_16 - TypeError: ...
FAILED ALL-SMART-GPT-MUTATEST/test_stack4_WHOLE_SUITE.py::test_case_0 - TypeE...
FAILED ALL-SMART-GPT-MUTATEST/test_stack4_WHOLE_SUITE.py::test_case_1 - TypeE...
FAILED ALL-SMART-GPT-MUTATEST/test_stack4_WHOLE_SUITE.py::test_case_2 - TypeE...
======================== 16 failed, 52 passed in 0.21s =========================
</pre></div></div></div></div></div><div class="mb-1" id="job_list___sub_accordion_7"><div class="card"><a data-toggle="collapse" data-target="#job_list___sub_collapse_7_1" aria-expanded="false" aria-controls="job_list___sub_collapse_7_1" href="#" class="job_list___sub_multi_heading"><div role="alert" class="card-header alert-success" id="job_list___sub_heading_7_1"><button class="btn btn-outline-success"><span class="job_id">7 : Job ID aea1cccce3bb4c15bf953e19b2363593</span></button></div></a><div aria-labelledby="job_list___sub_heading_7_1" data-parent="#job_list___sub_accordion_7" class="collapse job_list___sub_multi_collapse" id="job_list___sub_collapse_7_1"><div class="card-body"><div class="work-item"><div class="alert alert-success test-outcome" role="alert"><p>worker outcome: normal</p><p>test outcome: killed</p></div></div><pre class="location"><a href="pycharm://open?file=stack4.py&amp;line=84" class="text-secondary"><button class="btn btn-outline-dark">stack4.py, start pos: (84, 38), end pos: (84, 39)</button></a></pre><pre>operator: core/ReplaceBinaryOperator_Add_FloorDiv, occurrence: 0</pre><div class="alert alert-secondary"><pre class="diff">--- mutation diff ---
--- astack4.py
+++ bstack4.py
@@ -81,7 +81,7 @@
         curr = self.head
         display = '('
         while curr:
-            display += str(curr.data) + ', '
+            display += str(curr.data) // ', '
             curr = curr.next
         return display[:-2] + ')'
 </pre></div><div class="alert alert-secondary"><pre class="diff">============================= test session starts ==============================
platform linux -- Python 3.10.12, pytest-7.1.3, pluggy-1.0.0
rootdir: /home/lucca/desktop/ic/experimento/testes/python_experiments/stack4
plugins: Faker-15.1.1, hypothesis-6.56.3
collected 68 items

ALL-SMART-GPT-MUTATEST/test_stack4_DYNAMOSA.py ......F.....F...          [ 23%]
ALL-SMART-GPT-MUTATEST/test_stack4_MIO.py ...............FF...           [ 52%]
ALL-SMART-GPT-MUTATEST/test_stack4_MOSA.py .F.FFF...F......F             [ 77%]
ALL-SMART-GPT-MUTATEST/test_stack4_MUTATEST.py ......                    [ 86%]
ALL-SMART-GPT-MUTATEST/test_stack4_WHOLE_SUITE.py .F.......              [100%]

=========================== short test summary info ============================
FAILED ALL-SMART-GPT-MUTATEST/test_stack4_DYNAMOSA.py::test_case_6 - TypeErro...
FAILED ALL-SMART-GPT-MUTATEST/test_stack4_DYNAMOSA.py::test_case_12 - TypeErr...
FAILED ALL-SMART-GPT-MUTATEST/test_stack4_MIO.py::test_case_15 - TypeError: u...
FAILED ALL-SMART-GPT-MUTATEST/test_stack4_MIO.py::test_case_16 - TypeError: u...
FAILED ALL-SMART-GPT-MUTATEST/test_stack4_MOSA.py::test_case_1 - TypeError: u...
FAILED ALL-SMART-GPT-MUTATEST/test_stack4_MOSA.py::test_case_3 - TypeError: u...
FAILED ALL-SMART-GPT-MUTATEST/test_stack4_MOSA.py::test_case_4 - TypeError: u...
FAILED ALL-SMART-GPT-MUTATEST/test_stack4_MOSA.py::test_case_5 - TypeError: u...
FAILED ALL-SMART-GPT-MUTATEST/test_stack4_MOSA.py::test_case_9 - TypeError: u...
FAILED ALL-SMART-GPT-MUTATEST/test_stack4_MOSA.py::test_case_16 - TypeError: ...
FAILED ALL-SMART-GPT-MUTATEST/test_stack4_WHOLE_SUITE.py::test_case_1 - TypeE...
======================== 11 failed, 57 passed in 0.21s =========================
</pre></div></div></div></div></div><div class="mb-1" id="job_list___sub_accordion_8"><div class="card"><a data-toggle="collapse" data-target="#job_list___sub_collapse_8_1" aria-expanded="false" aria-controls="job_list___sub_collapse_8_1" href="#" class="job_list___sub_multi_heading"><div role="alert" class="card-header alert-success" id="job_list___sub_heading_8_1"><button class="btn btn-outline-success"><span class="job_id">8 : Job ID 90988c6094fb45edb472e8131c93c59f</span></button></div></a><div aria-labelledby="job_list___sub_heading_8_1" data-parent="#job_list___sub_accordion_8" class="collapse job_list___sub_multi_collapse" id="job_list___sub_collapse_8_1"><div class="card-body"><div class="work-item"><div class="alert alert-success test-outcome" role="alert"><p>worker outcome: normal</p><p>test outcome: killed</p></div></div><pre class="location"><a href="pycharm://open?file=stack4.py&amp;line=86" class="text-secondary"><button class="btn btn-outline-dark">stack4.py, start pos: (86, 28), end pos: (86, 29)</button></a></pre><pre>operator: core/ReplaceBinaryOperator_Add_FloorDiv, occurrence: 1</pre><div class="alert alert-secondary"><pre class="diff">--- mutation diff ---
--- astack4.py
+++ bstack4.py
@@ -83,7 +83,7 @@
         while curr:
             display += str(curr.data) + ', '
             curr = curr.next
-        return display[:-2] + ')'
+        return display[:-2] // ')'
 
 
 class Stack(object):</pre></div><div class="alert alert-secondary"><pre class="diff">============================= test session starts ==============================
platform linux -- Python 3.10.12, pytest-7.1.3, pluggy-1.0.0
rootdir: /home/lucca/desktop/ic/experimento/testes/python_experiments/stack4
plugins: Faker-15.1.1, hypothesis-6.56.3
collected 68 items

ALL-SMART-GPT-MUTATEST/test_stack4_DYNAMOSA.py ......FF....F...          [ 23%]
ALL-SMART-GPT-MUTATEST/test_stack4_MIO.py ...............FFF..           [ 52%]
ALL-SMART-GPT-MUTATEST/test_stack4_MOSA.py .F.FFF...FF.....F             [ 77%]
ALL-SMART-GPT-MUTATEST/test_stack4_MUTATEST.py ......                    [ 86%]
ALL-SMART-GPT-MUTATEST/test_stack4_WHOLE_SUITE.py FFF......              [100%]

=========================== short test summary info ============================
FAILED ALL-SMART-GPT-MUTATEST/test_stack4_DYNAMOSA.py::test_case_6 - TypeErro...
FAILED ALL-SMART-GPT-MUTATEST/test_stack4_DYNAMOSA.py::test_case_7 - TypeErro...
FAILED ALL-SMART-GPT-MUTATEST/test_stack4_DYNAMOSA.py::test_case_12 - TypeErr...
FAILED ALL-SMART-GPT-MUTATEST/test_stack4_MIO.py::test_case_15 - TypeError: u...
FAILED ALL-SMART-GPT-MUTATEST/test_stack4_MIO.py::test_case_16 - TypeError: u...
FAILED ALL-SMART-GPT-MUTATEST/test_stack4_MIO.py::test_case_17 - TypeError: u...
FAILED ALL-SMART-GPT-MUTATEST/test_stack4_MOSA.py::test_case_1 - TypeError: u...
FAILED ALL-SMART-GPT-MUTATEST/test_stack4_MOSA.py::test_case_3 - TypeError: u...
FAILED ALL-SMART-GPT-MUTATEST/test_stack4_MOSA.py::test_case_4 - TypeError: u...
FAILED ALL-SMART-GPT-MUTATEST/test_stack4_MOSA.py::test_case_5 - TypeError: u...
FAILED ALL-SMART-GPT-MUTATEST/test_stack4_MOSA.py::test_case_9 - TypeError: u...
FAILED ALL-SMART-GPT-MUTATEST/test_stack4_MOSA.py::test_case_10 - TypeError: ...
FAILED ALL-SMART-GPT-MUTATEST/test_stack4_MOSA.py::test_case_16 - TypeError: ...
FAILED ALL-SMART-GPT-MUTATEST/test_stack4_WHOLE_SUITE.py::test_case_0 - TypeE...
FAILED ALL-SMART-GPT-MUTATEST/test_stack4_WHOLE_SUITE.py::test_case_1 - TypeE...
FAILED ALL-SMART-GPT-MUTATEST/test_stack4_WHOLE_SUITE.py::test_case_2 - TypeE...
======================== 16 failed, 52 passed in 0.21s =========================
</pre></div></div></div></div></div><div class="mb-1" id="job_list___sub_accordion_9"><div class="card"><a data-toggle="collapse" data-target="#job_list___sub_collapse_9_1" aria-expanded="false" aria-controls="job_list___sub_collapse_9_1" href="#" class="job_list___sub_multi_heading"><div role="alert" class="card-header alert-success" id="job_list___sub_heading_9_1"><button class="btn btn-outline-success"><span class="job_id">9 : Job ID 8b1e22e06f2e40a0a2db10b405605145</span></button></div></a><div aria-labelledby="job_list___sub_heading_9_1" data-parent="#job_list___sub_accordion_9" class="collapse job_list___sub_multi_collapse" id="job_list___sub_collapse_9_1"><div class="card-body"><div class="work-item"><div class="alert alert-success test-outcome" role="alert"><p>worker outcome: normal</p><p>test outcome: killed</p></div></div><pre class="location"><a href="pycharm://open?file=stack4.py&amp;line=84" class="text-secondary"><button class="btn btn-outline-dark">stack4.py, start pos: (84, 38), end pos: (84, 39)</button></a></pre><pre>operator: core/ReplaceBinaryOperator_Add_Mod, occurrence: 0</pre><div class="alert alert-secondary"><pre class="diff">--- mutation diff ---
--- astack4.py
+++ bstack4.py
@@ -81,7 +81,7 @@
         curr = self.head
         display = '('
         while curr:
-            display += str(curr.data) + ', '
+            display += str(curr.data) % ', '
             curr = curr.next
         return display[:-2] + ')'
 </pre></div><div class="alert alert-secondary"><pre class="diff">============================= test session starts ==============================
platform linux -- Python 3.10.12, pytest-7.1.3, pluggy-1.0.0
rootdir: /home/lucca/desktop/ic/experimento/testes/python_experiments/stack4
plugins: Faker-15.1.1, hypothesis-6.56.3
collected 68 items

ALL-SMART-GPT-MUTATEST/test_stack4_DYNAMOSA.py ......F.....F...          [ 23%]
ALL-SMART-GPT-MUTATEST/test_stack4_MIO.py ...............FF...           [ 52%]
ALL-SMART-GPT-MUTATEST/test_stack4_MOSA.py .F.FFF...F......F             [ 77%]
ALL-SMART-GPT-MUTATEST/test_stack4_MUTATEST.py ......                    [ 86%]
ALL-SMART-GPT-MUTATEST/test_stack4_WHOLE_SUITE.py .F.......              [100%]

=========================== short test summary info ============================
FAILED ALL-SMART-GPT-MUTATEST/test_stack4_DYNAMOSA.py::test_case_6 - TypeErro...
FAILED ALL-SMART-GPT-MUTATEST/test_stack4_DYNAMOSA.py::test_case_12 - TypeErr...
FAILED ALL-SMART-GPT-MUTATEST/test_stack4_MIO.py::test_case_15 - TypeError: n...
FAILED ALL-SMART-GPT-MUTATEST/test_stack4_MIO.py::test_case_16 - TypeError: n...
FAILED ALL-SMART-GPT-MUTATEST/test_stack4_MOSA.py::test_case_1 - TypeError: n...
FAILED ALL-SMART-GPT-MUTATEST/test_stack4_MOSA.py::test_case_3 - TypeError: n...
FAILED ALL-SMART-GPT-MUTATEST/test_stack4_MOSA.py::test_case_4 - TypeError: n...
FAILED ALL-SMART-GPT-MUTATEST/test_stack4_MOSA.py::test_case_5 - TypeError: n...
FAILED ALL-SMART-GPT-MUTATEST/test_stack4_MOSA.py::test_case_9 - TypeError: n...
FAILED ALL-SMART-GPT-MUTATEST/test_stack4_MOSA.py::test_case_16 - TypeError: ...
FAILED ALL-SMART-GPT-MUTATEST/test_stack4_WHOLE_SUITE.py::test_case_1 - TypeE...
======================== 11 failed, 57 passed in 0.20s =========================
</pre></div></div></div></div></div><div class="mb-1" id="job_list___sub_accordion_10"><div class="card"><a data-toggle="collapse" data-target="#job_list___sub_collapse_10_1" aria-expanded="false" aria-controls="job_list___sub_collapse_10_1" href="#" class="job_list___sub_multi_heading"><div role="alert" class="card-header alert-success" id="job_list___sub_heading_10_1"><button class="btn btn-outline-success"><span class="job_id">10 : Job ID 58d9baa6b0de4ac093e07a32425e3a5f</span></button></div></a><div aria-labelledby="job_list___sub_heading_10_1" data-parent="#job_list___sub_accordion_10" class="collapse job_list___sub_multi_collapse" id="job_list___sub_collapse_10_1"><div class="card-body"><div class="work-item"><div class="alert alert-success test-outcome" role="alert"><p>worker outcome: normal</p><p>test outcome: killed</p></div></div><pre class="location"><a href="pycharm://open?file=stack4.py&amp;line=86" class="text-secondary"><button class="btn btn-outline-dark">stack4.py, start pos: (86, 28), end pos: (86, 29)</button></a></pre><pre>operator: core/ReplaceBinaryOperator_Add_Mod, occurrence: 1</pre><div class="alert alert-secondary"><pre class="diff">--- mutation diff ---
--- astack4.py
+++ bstack4.py
@@ -83,7 +83,7 @@
         while curr:
             display += str(curr.data) + ', '
             curr = curr.next
-        return display[:-2] + ')'
+        return display[:-2] % ')'
 
 
 class Stack(object):</pre></div><div class="alert alert-secondary"><pre class="diff">============================= test session starts ==============================
platform linux -- Python 3.10.12, pytest-7.1.3, pluggy-1.0.0
rootdir: /home/lucca/desktop/ic/experimento/testes/python_experiments/stack4
plugins: Faker-15.1.1, hypothesis-6.56.3
collected 68 items

ALL-SMART-GPT-MUTATEST/test_stack4_DYNAMOSA.py ......FF....F...          [ 23%]
ALL-SMART-GPT-MUTATEST/test_stack4_MIO.py ...............FFF..           [ 52%]
ALL-SMART-GPT-MUTATEST/test_stack4_MOSA.py .F.FFF...FF.....F             [ 77%]
ALL-SMART-GPT-MUTATEST/test_stack4_MUTATEST.py ......                    [ 86%]
ALL-SMART-GPT-MUTATEST/test_stack4_WHOLE_SUITE.py FFF......              [100%]

=========================== short test summary info ============================
FAILED ALL-SMART-GPT-MUTATEST/test_stack4_DYNAMOSA.py::test_case_6 - TypeErro...
FAILED ALL-SMART-GPT-MUTATEST/test_stack4_DYNAMOSA.py::test_case_7 - TypeErro...
FAILED ALL-SMART-GPT-MUTATEST/test_stack4_DYNAMOSA.py::test_case_12 - TypeErr...
FAILED ALL-SMART-GPT-MUTATEST/test_stack4_MIO.py::test_case_15 - TypeError: n...
FAILED ALL-SMART-GPT-MUTATEST/test_stack4_MIO.py::test_case_16 - TypeError: n...
FAILED ALL-SMART-GPT-MUTATEST/test_stack4_MIO.py::test_case_17 - TypeError: n...
FAILED ALL-SMART-GPT-MUTATEST/test_stack4_MOSA.py::test_case_1 - TypeError: n...
FAILED ALL-SMART-GPT-MUTATEST/test_stack4_MOSA.py::test_case_3 - TypeError: n...
FAILED ALL-SMART-GPT-MUTATEST/test_stack4_MOSA.py::test_case_4 - TypeError: n...
FAILED ALL-SMART-GPT-MUTATEST/test_stack4_MOSA.py::test_case_5 - TypeError: n...
FAILED ALL-SMART-GPT-MUTATEST/test_stack4_MOSA.py::test_case_9 - TypeError: n...
FAILED ALL-SMART-GPT-MUTATEST/test_stack4_MOSA.py::test_case_10 - TypeError: ...
FAILED ALL-SMART-GPT-MUTATEST/test_stack4_MOSA.py::test_case_16 - TypeError: ...
FAILED ALL-SMART-GPT-MUTATEST/test_stack4_WHOLE_SUITE.py::test_case_0 - TypeE...
FAILED ALL-SMART-GPT-MUTATEST/test_stack4_WHOLE_SUITE.py::test_case_1 - TypeE...
FAILED ALL-SMART-GPT-MUTATEST/test_stack4_WHOLE_SUITE.py::test_case_2 - TypeE...
======================== 16 failed, 52 passed in 0.21s =========================
</pre></div></div></div></div></div><div class="mb-1" id="job_list___sub_accordion_11"><div class="card"><a data-toggle="collapse" data-target="#job_list___sub_collapse_11_1" aria-expanded="false" aria-controls="job_list___sub_collapse_11_1" href="#" class="job_list___sub_multi_heading"><div role="alert" class="card-header alert-success" id="job_list___sub_heading_11_1"><button class="btn btn-outline-success"><span class="job_id">11 : Job ID e4536486419f49c3a75148a5cd56cb1c</span></button></div></a><div aria-labelledby="job_list___sub_heading_11_1" data-parent="#job_list___sub_accordion_11" class="collapse job_list___sub_multi_collapse" id="job_list___sub_collapse_11_1"><div class="card-body"><div class="work-item"><div class="alert alert-success test-outcome" role="alert"><p>worker outcome: normal</p><p>test outcome: killed</p></div></div><pre class="location"><a href="pycharm://open?file=stack4.py&amp;line=84" class="text-secondary"><button class="btn btn-outline-dark">stack4.py, start pos: (84, 38), end pos: (84, 39)</button></a></pre><pre>operator: core/ReplaceBinaryOperator_Add_Pow, occurrence: 0</pre><div class="alert alert-secondary"><pre class="diff">--- mutation diff ---
--- astack4.py
+++ bstack4.py
@@ -81,7 +81,7 @@
         curr = self.head
         display = '('
         while curr:
-            display += str(curr.data) + ', '
+            display += str(curr.data) ** ', '
             curr = curr.next
         return display[:-2] + ')'
 </pre></div><div class="alert alert-secondary"><pre class="diff">============================= test session starts ==============================
platform linux -- Python 3.10.12, pytest-7.1.3, pluggy-1.0.0
rootdir: /home/lucca/desktop/ic/experimento/testes/python_experiments/stack4
plugins: Faker-15.1.1, hypothesis-6.56.3
collected 68 items

ALL-SMART-GPT-MUTATEST/test_stack4_DYNAMOSA.py ......F.....F...          [ 23%]
ALL-SMART-GPT-MUTATEST/test_stack4_MIO.py ...............FF...           [ 52%]
ALL-SMART-GPT-MUTATEST/test_stack4_MOSA.py .F.FFF...F......F             [ 77%]
ALL-SMART-GPT-MUTATEST/test_stack4_MUTATEST.py ......                    [ 86%]
ALL-SMART-GPT-MUTATEST/test_stack4_WHOLE_SUITE.py .F.......              [100%]

=========================== short test summary info ============================
FAILED ALL-SMART-GPT-MUTATEST/test_stack4_DYNAMOSA.py::test_case_6 - TypeErro...
FAILED ALL-SMART-GPT-MUTATEST/test_stack4_DYNAMOSA.py::test_case_12 - TypeErr...
FAILED ALL-SMART-GPT-MUTATEST/test_stack4_MIO.py::test_case_15 - TypeError: u...
FAILED ALL-SMART-GPT-MUTATEST/test_stack4_MIO.py::test_case_16 - TypeError: u...
FAILED ALL-SMART-GPT-MUTATEST/test_stack4_MOSA.py::test_case_1 - TypeError: u...
FAILED ALL-SMART-GPT-MUTATEST/test_stack4_MOSA.py::test_case_3 - TypeError: u...
FAILED ALL-SMART-GPT-MUTATEST/test_stack4_MOSA.py::test_case_4 - TypeError: u...
FAILED ALL-SMART-GPT-MUTATEST/test_stack4_MOSA.py::test_case_5 - TypeError: u...
FAILED ALL-SMART-GPT-MUTATEST/test_stack4_MOSA.py::test_case_9 - TypeError: u...
FAILED ALL-SMART-GPT-MUTATEST/test_stack4_MOSA.py::test_case_16 - TypeError: ...
FAILED ALL-SMART-GPT-MUTATEST/test_stack4_WHOLE_SUITE.py::test_case_1 - TypeE...
======================== 11 failed, 57 passed in 0.21s =========================
</pre></div></div></div></div></div><div class="mb-1" id="job_list___sub_accordion_12"><div class="card"><a data-toggle="collapse" data-target="#job_list___sub_collapse_12_1" aria-expanded="false" aria-controls="job_list___sub_collapse_12_1" href="#" class="job_list___sub_multi_heading"><div role="alert" class="card-header alert-success" id="job_list___sub_heading_12_1"><button class="btn btn-outline-success"><span class="job_id">12 : Job ID 26d15aebd9b74b378da876c8d1c29a8c</span></button></div></a><div aria-labelledby="job_list___sub_heading_12_1" data-parent="#job_list___sub_accordion_12" class="collapse job_list___sub_multi_collapse" id="job_list___sub_collapse_12_1"><div class="card-body"><div class="work-item"><div class="alert alert-success test-outcome" role="alert"><p>worker outcome: normal</p><p>test outcome: killed</p></div></div><pre class="location"><a href="pycharm://open?file=stack4.py&amp;line=86" class="text-secondary"><button class="btn btn-outline-dark">stack4.py, start pos: (86, 28), end pos: (86, 29)</button></a></pre><pre>operator: core/ReplaceBinaryOperator_Add_Pow, occurrence: 1</pre><div class="alert alert-secondary"><pre class="diff">--- mutation diff ---
--- astack4.py
+++ bstack4.py
@@ -83,7 +83,7 @@
         while curr:
             display += str(curr.data) + ', '
             curr = curr.next
-        return display[:-2] + ')'
+        return display[:-2] ** ')'
 
 
 class Stack(object):</pre></div><div class="alert alert-secondary"><pre class="diff">============================= test session starts ==============================
platform linux -- Python 3.10.12, pytest-7.1.3, pluggy-1.0.0
rootdir: /home/lucca/desktop/ic/experimento/testes/python_experiments/stack4
plugins: Faker-15.1.1, hypothesis-6.56.3
collected 68 items

ALL-SMART-GPT-MUTATEST/test_stack4_DYNAMOSA.py ......FF....F...          [ 23%]
ALL-SMART-GPT-MUTATEST/test_stack4_MIO.py ...............FFF..           [ 52%]
ALL-SMART-GPT-MUTATEST/test_stack4_MOSA.py .F.FFF...FF.....F             [ 77%]
ALL-SMART-GPT-MUTATEST/test_stack4_MUTATEST.py ......                    [ 86%]
ALL-SMART-GPT-MUTATEST/test_stack4_WHOLE_SUITE.py FFF......              [100%]

=========================== short test summary info ============================
FAILED ALL-SMART-GPT-MUTATEST/test_stack4_DYNAMOSA.py::test_case_6 - TypeErro...
FAILED ALL-SMART-GPT-MUTATEST/test_stack4_DYNAMOSA.py::test_case_7 - TypeErro...
FAILED ALL-SMART-GPT-MUTATEST/test_stack4_DYNAMOSA.py::test_case_12 - TypeErr...
FAILED ALL-SMART-GPT-MUTATEST/test_stack4_MIO.py::test_case_15 - TypeError: u...
FAILED ALL-SMART-GPT-MUTATEST/test_stack4_MIO.py::test_case_16 - TypeError: u...
FAILED ALL-SMART-GPT-MUTATEST/test_stack4_MIO.py::test_case_17 - TypeError: u...
FAILED ALL-SMART-GPT-MUTATEST/test_stack4_MOSA.py::test_case_1 - TypeError: u...
FAILED ALL-SMART-GPT-MUTATEST/test_stack4_MOSA.py::test_case_3 - TypeError: u...
FAILED ALL-SMART-GPT-MUTATEST/test_stack4_MOSA.py::test_case_4 - TypeError: u...
FAILED ALL-SMART-GPT-MUTATEST/test_stack4_MOSA.py::test_case_5 - TypeError: u...
FAILED ALL-SMART-GPT-MUTATEST/test_stack4_MOSA.py::test_case_9 - TypeError: u...
FAILED ALL-SMART-GPT-MUTATEST/test_stack4_MOSA.py::test_case_10 - TypeError: ...
FAILED ALL-SMART-GPT-MUTATEST/test_stack4_MOSA.py::test_case_16 - TypeError: ...
FAILED ALL-SMART-GPT-MUTATEST/test_stack4_WHOLE_SUITE.py::test_case_0 - TypeE...
FAILED ALL-SMART-GPT-MUTATEST/test_stack4_WHOLE_SUITE.py::test_case_1 - TypeE...
FAILED ALL-SMART-GPT-MUTATEST/test_stack4_WHOLE_SUITE.py::test_case_2 - TypeE...
======================== 16 failed, 52 passed in 0.21s =========================
</pre></div></div></div></div></div><div class="mb-1" id="job_list___sub_accordion_13"><div class="card"><a data-toggle="collapse" data-target="#job_list___sub_collapse_13_1" aria-expanded="false" aria-controls="job_list___sub_collapse_13_1" href="#" class="job_list___sub_multi_heading"><div role="alert" class="card-header alert-success" id="job_list___sub_heading_13_1"><button class="btn btn-outline-success"><span class="job_id">13 : Job ID 73249d60a64e406d8779aa971416b442</span></button></div></a><div aria-labelledby="job_list___sub_heading_13_1" data-parent="#job_list___sub_accordion_13" class="collapse job_list___sub_multi_collapse" id="job_list___sub_collapse_13_1"><div class="card-body"><div class="work-item"><div class="alert alert-success test-outcome" role="alert"><p>worker outcome: normal</p><p>test outcome: killed</p></div></div><pre class="location"><a href="pycharm://open?file=stack4.py&amp;line=84" class="text-secondary"><button class="btn btn-outline-dark">stack4.py, start pos: (84, 38), end pos: (84, 39)</button></a></pre><pre>operator: core/ReplaceBinaryOperator_Add_RShift, occurrence: 0</pre><div class="alert alert-secondary"><pre class="diff">--- mutation diff ---
--- astack4.py
+++ bstack4.py
@@ -81,7 +81,7 @@
         curr = self.head
         display = '('
         while curr:
-            display += str(curr.data) + ', '
+            display += str(curr.data) &gt;&gt; ', '
             curr = curr.next
         return display[:-2] + ')'
 </pre></div><div class="alert alert-secondary"><pre class="diff">============================= test session starts ==============================
platform linux -- Python 3.10.12, pytest-7.1.3, pluggy-1.0.0
rootdir: /home/lucca/desktop/ic/experimento/testes/python_experiments/stack4
plugins: Faker-15.1.1, hypothesis-6.56.3
collected 68 items

ALL-SMART-GPT-MUTATEST/test_stack4_DYNAMOSA.py ......F.....F...          [ 23%]
ALL-SMART-GPT-MUTATEST/test_stack4_MIO.py ...............FF...           [ 52%]
ALL-SMART-GPT-MUTATEST/test_stack4_MOSA.py .F.FFF...F......F             [ 77%]
ALL-SMART-GPT-MUTATEST/test_stack4_MUTATEST.py ......                    [ 86%]
ALL-SMART-GPT-MUTATEST/test_stack4_WHOLE_SUITE.py .F.......              [100%]

=========================== short test summary info ============================
FAILED ALL-SMART-GPT-MUTATEST/test_stack4_DYNAMOSA.py::test_case_6 - TypeErro...
FAILED ALL-SMART-GPT-MUTATEST/test_stack4_DYNAMOSA.py::test_case_12 - TypeErr...
FAILED ALL-SMART-GPT-MUTATEST/test_stack4_MIO.py::test_case_15 - TypeError: u...
FAILED ALL-SMART-GPT-MUTATEST/test_stack4_MIO.py::test_case_16 - TypeError: u...
FAILED ALL-SMART-GPT-MUTATEST/test_stack4_MOSA.py::test_case_1 - TypeError: u...
FAILED ALL-SMART-GPT-MUTATEST/test_stack4_MOSA.py::test_case_3 - TypeError: u...
FAILED ALL-SMART-GPT-MUTATEST/test_stack4_MOSA.py::test_case_4 - TypeError: u...
FAILED ALL-SMART-GPT-MUTATEST/test_stack4_MOSA.py::test_case_5 - TypeError: u...
FAILED ALL-SMART-GPT-MUTATEST/test_stack4_MOSA.py::test_case_9 - TypeError: u...
FAILED ALL-SMART-GPT-MUTATEST/test_stack4_MOSA.py::test_case_16 - TypeError: ...
FAILED ALL-SMART-GPT-MUTATEST/test_stack4_WHOLE_SUITE.py::test_case_1 - TypeE...
======================== 11 failed, 57 passed in 0.21s =========================
</pre></div></div></div></div></div><div class="mb-1" id="job_list___sub_accordion_14"><div class="card"><a data-toggle="collapse" data-target="#job_list___sub_collapse_14_1" aria-expanded="false" aria-controls="job_list___sub_collapse_14_1" href="#" class="job_list___sub_multi_heading"><div role="alert" class="card-header alert-success" id="job_list___sub_heading_14_1"><button class="btn btn-outline-success"><span class="job_id">14 : Job ID 02bc14bc66174451b0ef086722bea088</span></button></div></a><div aria-labelledby="job_list___sub_heading_14_1" data-parent="#job_list___sub_accordion_14" class="collapse job_list___sub_multi_collapse" id="job_list___sub_collapse_14_1"><div class="card-body"><div class="work-item"><div class="alert alert-success test-outcome" role="alert"><p>worker outcome: normal</p><p>test outcome: killed</p></div></div><pre class="location"><a href="pycharm://open?file=stack4.py&amp;line=86" class="text-secondary"><button class="btn btn-outline-dark">stack4.py, start pos: (86, 28), end pos: (86, 29)</button></a></pre><pre>operator: core/ReplaceBinaryOperator_Add_RShift, occurrence: 1</pre><div class="alert alert-secondary"><pre class="diff">--- mutation diff ---
--- astack4.py
+++ bstack4.py
@@ -83,7 +83,7 @@
         while curr:
             display += str(curr.data) + ', '
             curr = curr.next
-        return display[:-2] + ')'
+        return display[:-2] &gt;&gt; ')'
 
 
 class Stack(object):</pre></div><div class="alert alert-secondary"><pre class="diff">============================= test session starts ==============================
platform linux -- Python 3.10.12, pytest-7.1.3, pluggy-1.0.0
rootdir: /home/lucca/desktop/ic/experimento/testes/python_experiments/stack4
plugins: Faker-15.1.1, hypothesis-6.56.3
collected 68 items

ALL-SMART-GPT-MUTATEST/test_stack4_DYNAMOSA.py ......FF....F...          [ 23%]
ALL-SMART-GPT-MUTATEST/test_stack4_MIO.py ...............FFF..           [ 52%]
ALL-SMART-GPT-MUTATEST/test_stack4_MOSA.py .F.FFF...FF.....F             [ 77%]
ALL-SMART-GPT-MUTATEST/test_stack4_MUTATEST.py ......                    [ 86%]
ALL-SMART-GPT-MUTATEST/test_stack4_WHOLE_SUITE.py FFF......              [100%]

=========================== short test summary info ============================
FAILED ALL-SMART-GPT-MUTATEST/test_stack4_DYNAMOSA.py::test_case_6 - TypeErro...
FAILED ALL-SMART-GPT-MUTATEST/test_stack4_DYNAMOSA.py::test_case_7 - TypeErro...
FAILED ALL-SMART-GPT-MUTATEST/test_stack4_DYNAMOSA.py::test_case_12 - TypeErr...
FAILED ALL-SMART-GPT-MUTATEST/test_stack4_MIO.py::test_case_15 - TypeError: u...
FAILED ALL-SMART-GPT-MUTATEST/test_stack4_MIO.py::test_case_16 - TypeError: u...
FAILED ALL-SMART-GPT-MUTATEST/test_stack4_MIO.py::test_case_17 - TypeError: u...
FAILED ALL-SMART-GPT-MUTATEST/test_stack4_MOSA.py::test_case_1 - TypeError: u...
FAILED ALL-SMART-GPT-MUTATEST/test_stack4_MOSA.py::test_case_3 - TypeError: u...
FAILED ALL-SMART-GPT-MUTATEST/test_stack4_MOSA.py::test_case_4 - TypeError: u...
FAILED ALL-SMART-GPT-MUTATEST/test_stack4_MOSA.py::test_case_5 - TypeError: u...
FAILED ALL-SMART-GPT-MUTATEST/test_stack4_MOSA.py::test_case_9 - TypeError: u...
FAILED ALL-SMART-GPT-MUTATEST/test_stack4_MOSA.py::test_case_10 - TypeError: ...
FAILED ALL-SMART-GPT-MUTATEST/test_stack4_MOSA.py::test_case_16 - TypeError: ...
FAILED ALL-SMART-GPT-MUTATEST/test_stack4_WHOLE_SUITE.py::test_case_0 - TypeE...
FAILED ALL-SMART-GPT-MUTATEST/test_stack4_WHOLE_SUITE.py::test_case_1 - TypeE...
FAILED ALL-SMART-GPT-MUTATEST/test_stack4_WHOLE_SUITE.py::test_case_2 - TypeE...
======================== 16 failed, 52 passed in 0.20s =========================
</pre></div></div></div></div></div><div class="mb-1" id="job_list___sub_accordion_15"><div class="card"><a data-toggle="collapse" data-target="#job_list___sub_collapse_15_1" aria-expanded="false" aria-controls="job_list___sub_collapse_15_1" href="#" class="job_list___sub_multi_heading"><div role="alert" class="card-header alert-success" id="job_list___sub_heading_15_1"><button class="btn btn-outline-success"><span class="job_id">15 : Job ID b811bbd674234968aacc0ba77b954b71</span></button></div></a><div aria-labelledby="job_list___sub_heading_15_1" data-parent="#job_list___sub_accordion_15" class="collapse job_list___sub_multi_collapse" id="job_list___sub_collapse_15_1"><div class="card-body"><div class="work-item"><div class="alert alert-success test-outcome" role="alert"><p>worker outcome: normal</p><p>test outcome: killed</p></div></div><pre class="location"><a href="pycharm://open?file=stack4.py&amp;line=84" class="text-secondary"><button class="btn btn-outline-dark">stack4.py, start pos: (84, 38), end pos: (84, 39)</button></a></pre><pre>operator: core/ReplaceBinaryOperator_Add_LShift, occurrence: 0</pre><div class="alert alert-secondary"><pre class="diff">--- mutation diff ---
--- astack4.py
+++ bstack4.py
@@ -81,7 +81,7 @@
         curr = self.head
         display = '('
         while curr:
-            display += str(curr.data) + ', '
+            display += str(curr.data) &lt;&lt; ', '
             curr = curr.next
         return display[:-2] + ')'
 </pre></div><div class="alert alert-secondary"><pre class="diff">============================= test session starts ==============================
platform linux -- Python 3.10.12, pytest-7.1.3, pluggy-1.0.0
rootdir: /home/lucca/desktop/ic/experimento/testes/python_experiments/stack4
plugins: Faker-15.1.1, hypothesis-6.56.3
collected 68 items

ALL-SMART-GPT-MUTATEST/test_stack4_DYNAMOSA.py ......F.....F...          [ 23%]
ALL-SMART-GPT-MUTATEST/test_stack4_MIO.py ...............FF...           [ 52%]
ALL-SMART-GPT-MUTATEST/test_stack4_MOSA.py .F.FFF...F......F             [ 77%]
ALL-SMART-GPT-MUTATEST/test_stack4_MUTATEST.py ......                    [ 86%]
ALL-SMART-GPT-MUTATEST/test_stack4_WHOLE_SUITE.py .F.......              [100%]

=========================== short test summary info ============================
FAILED ALL-SMART-GPT-MUTATEST/test_stack4_DYNAMOSA.py::test_case_6 - TypeErro...
FAILED ALL-SMART-GPT-MUTATEST/test_stack4_DYNAMOSA.py::test_case_12 - TypeErr...
FAILED ALL-SMART-GPT-MUTATEST/test_stack4_MIO.py::test_case_15 - TypeError: u...
FAILED ALL-SMART-GPT-MUTATEST/test_stack4_MIO.py::test_case_16 - TypeError: u...
FAILED ALL-SMART-GPT-MUTATEST/test_stack4_MOSA.py::test_case_1 - TypeError: u...
FAILED ALL-SMART-GPT-MUTATEST/test_stack4_MOSA.py::test_case_3 - TypeError: u...
FAILED ALL-SMART-GPT-MUTATEST/test_stack4_MOSA.py::test_case_4 - TypeError: u...
FAILED ALL-SMART-GPT-MUTATEST/test_stack4_MOSA.py::test_case_5 - TypeError: u...
FAILED ALL-SMART-GPT-MUTATEST/test_stack4_MOSA.py::test_case_9 - TypeError: u...
FAILED ALL-SMART-GPT-MUTATEST/test_stack4_MOSA.py::test_case_16 - TypeError: ...
FAILED ALL-SMART-GPT-MUTATEST/test_stack4_WHOLE_SUITE.py::test_case_1 - TypeE...
======================== 11 failed, 57 passed in 0.21s =========================
</pre></div></div></div></div></div><div class="mb-1" id="job_list___sub_accordion_16"><div class="card"><a data-toggle="collapse" data-target="#job_list___sub_collapse_16_1" aria-expanded="false" aria-controls="job_list___sub_collapse_16_1" href="#" class="job_list___sub_multi_heading"><div role="alert" class="card-header alert-success" id="job_list___sub_heading_16_1"><button class="btn btn-outline-success"><span class="job_id">16 : Job ID 37dac9c585724ddf8fb3e1677546dd07</span></button></div></a><div aria-labelledby="job_list___sub_heading_16_1" data-parent="#job_list___sub_accordion_16" class="collapse job_list___sub_multi_collapse" id="job_list___sub_collapse_16_1"><div class="card-body"><div class="work-item"><div class="alert alert-success test-outcome" role="alert"><p>worker outcome: normal</p><p>test outcome: killed</p></div></div><pre class="location"><a href="pycharm://open?file=stack4.py&amp;line=86" class="text-secondary"><button class="btn btn-outline-dark">stack4.py, start pos: (86, 28), end pos: (86, 29)</button></a></pre><pre>operator: core/ReplaceBinaryOperator_Add_LShift, occurrence: 1</pre><div class="alert alert-secondary"><pre class="diff">--- mutation diff ---
--- astack4.py
+++ bstack4.py
@@ -83,7 +83,7 @@
         while curr:
             display += str(curr.data) + ', '
             curr = curr.next
-        return display[:-2] + ')'
+        return display[:-2] &lt;&lt; ')'
 
 
 class Stack(object):</pre></div><div class="alert alert-secondary"><pre class="diff">============================= test session starts ==============================
platform linux -- Python 3.10.12, pytest-7.1.3, pluggy-1.0.0
rootdir: /home/lucca/desktop/ic/experimento/testes/python_experiments/stack4
plugins: Faker-15.1.1, hypothesis-6.56.3
collected 68 items

ALL-SMART-GPT-MUTATEST/test_stack4_DYNAMOSA.py ......FF....F...          [ 23%]
ALL-SMART-GPT-MUTATEST/test_stack4_MIO.py ...............FFF..           [ 52%]
ALL-SMART-GPT-MUTATEST/test_stack4_MOSA.py .F.FFF...FF.....F             [ 77%]
ALL-SMART-GPT-MUTATEST/test_stack4_MUTATEST.py ......                    [ 86%]
ALL-SMART-GPT-MUTATEST/test_stack4_WHOLE_SUITE.py FFF......              [100%]

=========================== short test summary info ============================
FAILED ALL-SMART-GPT-MUTATEST/test_stack4_DYNAMOSA.py::test_case_6 - TypeErro...
FAILED ALL-SMART-GPT-MUTATEST/test_stack4_DYNAMOSA.py::test_case_7 - TypeErro...
FAILED ALL-SMART-GPT-MUTATEST/test_stack4_DYNAMOSA.py::test_case_12 - TypeErr...
FAILED ALL-SMART-GPT-MUTATEST/test_stack4_MIO.py::test_case_15 - TypeError: u...
FAILED ALL-SMART-GPT-MUTATEST/test_stack4_MIO.py::test_case_16 - TypeError: u...
FAILED ALL-SMART-GPT-MUTATEST/test_stack4_MIO.py::test_case_17 - TypeError: u...
FAILED ALL-SMART-GPT-MUTATEST/test_stack4_MOSA.py::test_case_1 - TypeError: u...
FAILED ALL-SMART-GPT-MUTATEST/test_stack4_MOSA.py::test_case_3 - TypeError: u...
FAILED ALL-SMART-GPT-MUTATEST/test_stack4_MOSA.py::test_case_4 - TypeError: u...
FAILED ALL-SMART-GPT-MUTATEST/test_stack4_MOSA.py::test_case_5 - TypeError: u...
FAILED ALL-SMART-GPT-MUTATEST/test_stack4_MOSA.py::test_case_9 - TypeError: u...
FAILED ALL-SMART-GPT-MUTATEST/test_stack4_MOSA.py::test_case_10 - TypeError: ...
FAILED ALL-SMART-GPT-MUTATEST/test_stack4_MOSA.py::test_case_16 - TypeError: ...
FAILED ALL-SMART-GPT-MUTATEST/test_stack4_WHOLE_SUITE.py::test_case_0 - TypeE...
FAILED ALL-SMART-GPT-MUTATEST/test_stack4_WHOLE_SUITE.py::test_case_1 - TypeE...
FAILED ALL-SMART-GPT-MUTATEST/test_stack4_WHOLE_SUITE.py::test_case_2 - TypeE...
======================== 16 failed, 52 passed in 0.21s =========================
</pre></div></div></div></div></div><div class="mb-1" id="job_list___sub_accordion_17"><div class="card"><a data-toggle="collapse" data-target="#job_list___sub_collapse_17_1" aria-expanded="false" aria-controls="job_list___sub_collapse_17_1" href="#" class="job_list___sub_multi_heading"><div role="alert" class="card-header alert-success" id="job_list___sub_heading_17_1"><button class="btn btn-outline-success"><span class="job_id">17 : Job ID 5f4e9bc0134f43179f895e067f87c2c6</span></button></div></a><div aria-labelledby="job_list___sub_heading_17_1" data-parent="#job_list___sub_accordion_17" class="collapse job_list___sub_multi_collapse" id="job_list___sub_collapse_17_1"><div class="card-body"><div class="work-item"><div class="alert alert-success test-outcome" role="alert"><p>worker outcome: normal</p><p>test outcome: killed</p></div></div><pre class="location"><a href="pycharm://open?file=stack4.py&amp;line=84" class="text-secondary"><button class="btn btn-outline-dark">stack4.py, start pos: (84, 38), end pos: (84, 39)</button></a></pre><pre>operator: core/ReplaceBinaryOperator_Add_BitOr, occurrence: 0</pre><div class="alert alert-secondary"><pre class="diff">--- mutation diff ---
--- astack4.py
+++ bstack4.py
@@ -81,7 +81,7 @@
         curr = self.head
         display = '('
         while curr:
-            display += str(curr.data) + ', '
+            display += str(curr.data) | ', '
             curr = curr.next
         return display[:-2] + ')'
 </pre></div><div class="alert alert-secondary"><pre class="diff">============================= test session starts ==============================
platform linux -- Python 3.10.12, pytest-7.1.3, pluggy-1.0.0
rootdir: /home/lucca/desktop/ic/experimento/testes/python_experiments/stack4
plugins: Faker-15.1.1, hypothesis-6.56.3
collected 68 items

ALL-SMART-GPT-MUTATEST/test_stack4_DYNAMOSA.py ......F.....F...          [ 23%]
ALL-SMART-GPT-MUTATEST/test_stack4_MIO.py ...............FF...           [ 52%]
ALL-SMART-GPT-MUTATEST/test_stack4_MOSA.py .F.FFF...F......F             [ 77%]
ALL-SMART-GPT-MUTATEST/test_stack4_MUTATEST.py ......                    [ 86%]
ALL-SMART-GPT-MUTATEST/test_stack4_WHOLE_SUITE.py .F.......              [100%]

=========================== short test summary info ============================
FAILED ALL-SMART-GPT-MUTATEST/test_stack4_DYNAMOSA.py::test_case_6 - TypeErro...
FAILED ALL-SMART-GPT-MUTATEST/test_stack4_DYNAMOSA.py::test_case_12 - TypeErr...
FAILED ALL-SMART-GPT-MUTATEST/test_stack4_MIO.py::test_case_15 - TypeError: u...
FAILED ALL-SMART-GPT-MUTATEST/test_stack4_MIO.py::test_case_16 - TypeError: u...
FAILED ALL-SMART-GPT-MUTATEST/test_stack4_MOSA.py::test_case_1 - TypeError: u...
FAILED ALL-SMART-GPT-MUTATEST/test_stack4_MOSA.py::test_case_3 - TypeError: u...
FAILED ALL-SMART-GPT-MUTATEST/test_stack4_MOSA.py::test_case_4 - TypeError: u...
FAILED ALL-SMART-GPT-MUTATEST/test_stack4_MOSA.py::test_case_5 - TypeError: u...
FAILED ALL-SMART-GPT-MUTATEST/test_stack4_MOSA.py::test_case_9 - TypeError: u...
FAILED ALL-SMART-GPT-MUTATEST/test_stack4_MOSA.py::test_case_16 - TypeError: ...
FAILED ALL-SMART-GPT-MUTATEST/test_stack4_WHOLE_SUITE.py::test_case_1 - TypeE...
======================== 11 failed, 57 passed in 0.20s =========================
</pre></div></div></div></div></div><div class="mb-1" id="job_list___sub_accordion_18"><div class="card"><a data-toggle="collapse" data-target="#job_list___sub_collapse_18_1" aria-expanded="false" aria-controls="job_list___sub_collapse_18_1" href="#" class="job_list___sub_multi_heading"><div role="alert" class="card-header alert-success" id="job_list___sub_heading_18_1"><button class="btn btn-outline-success"><span class="job_id">18 : Job ID e837cf56760a4dfdb6132dec90a4b92a</span></button></div></a><div aria-labelledby="job_list___sub_heading_18_1" data-parent="#job_list___sub_accordion_18" class="collapse job_list___sub_multi_collapse" id="job_list___sub_collapse_18_1"><div class="card-body"><div class="work-item"><div class="alert alert-success test-outcome" role="alert"><p>worker outcome: normal</p><p>test outcome: killed</p></div></div><pre class="location"><a href="pycharm://open?file=stack4.py&amp;line=86" class="text-secondary"><button class="btn btn-outline-dark">stack4.py, start pos: (86, 28), end pos: (86, 29)</button></a></pre><pre>operator: core/ReplaceBinaryOperator_Add_BitOr, occurrence: 1</pre><div class="alert alert-secondary"><pre class="diff">--- mutation diff ---
--- astack4.py
+++ bstack4.py
@@ -83,7 +83,7 @@
         while curr:
             display += str(curr.data) + ', '
             curr = curr.next
-        return display[:-2] + ')'
+        return display[:-2] | ')'
 
 
 class Stack(object):</pre></div><div class="alert alert-secondary"><pre class="diff">============================= test session starts ==============================
platform linux -- Python 3.10.12, pytest-7.1.3, pluggy-1.0.0
rootdir: /home/lucca/desktop/ic/experimento/testes/python_experiments/stack4
plugins: Faker-15.1.1, hypothesis-6.56.3
collected 68 items

ALL-SMART-GPT-MUTATEST/test_stack4_DYNAMOSA.py ......FF....F...          [ 23%]
ALL-SMART-GPT-MUTATEST/test_stack4_MIO.py ...............FFF..           [ 52%]
ALL-SMART-GPT-MUTATEST/test_stack4_MOSA.py .F.FFF...FF.....F             [ 77%]
ALL-SMART-GPT-MUTATEST/test_stack4_MUTATEST.py ......                    [ 86%]
ALL-SMART-GPT-MUTATEST/test_stack4_WHOLE_SUITE.py FFF......              [100%]

=========================== short test summary info ============================
FAILED ALL-SMART-GPT-MUTATEST/test_stack4_DYNAMOSA.py::test_case_6 - TypeErro...
FAILED ALL-SMART-GPT-MUTATEST/test_stack4_DYNAMOSA.py::test_case_7 - TypeErro...
FAILED ALL-SMART-GPT-MUTATEST/test_stack4_DYNAMOSA.py::test_case_12 - TypeErr...
FAILED ALL-SMART-GPT-MUTATEST/test_stack4_MIO.py::test_case_15 - TypeError: u...
FAILED ALL-SMART-GPT-MUTATEST/test_stack4_MIO.py::test_case_16 - TypeError: u...
FAILED ALL-SMART-GPT-MUTATEST/test_stack4_MIO.py::test_case_17 - TypeError: u...
FAILED ALL-SMART-GPT-MUTATEST/test_stack4_MOSA.py::test_case_1 - TypeError: u...
FAILED ALL-SMART-GPT-MUTATEST/test_stack4_MOSA.py::test_case_3 - TypeError: u...
FAILED ALL-SMART-GPT-MUTATEST/test_stack4_MOSA.py::test_case_4 - TypeError: u...
FAILED ALL-SMART-GPT-MUTATEST/test_stack4_MOSA.py::test_case_5 - TypeError: u...
FAILED ALL-SMART-GPT-MUTATEST/test_stack4_MOSA.py::test_case_9 - TypeError: u...
FAILED ALL-SMART-GPT-MUTATEST/test_stack4_MOSA.py::test_case_10 - TypeError: ...
FAILED ALL-SMART-GPT-MUTATEST/test_stack4_MOSA.py::test_case_16 - TypeError: ...
FAILED ALL-SMART-GPT-MUTATEST/test_stack4_WHOLE_SUITE.py::test_case_0 - TypeE...
FAILED ALL-SMART-GPT-MUTATEST/test_stack4_WHOLE_SUITE.py::test_case_1 - TypeE...
FAILED ALL-SMART-GPT-MUTATEST/test_stack4_WHOLE_SUITE.py::test_case_2 - TypeE...
======================== 16 failed, 52 passed in 0.20s =========================
</pre></div></div></div></div></div><div class="mb-1" id="job_list___sub_accordion_19"><div class="card"><a data-toggle="collapse" data-target="#job_list___sub_collapse_19_1" aria-expanded="false" aria-controls="job_list___sub_collapse_19_1" href="#" class="job_list___sub_multi_heading"><div role="alert" class="card-header alert-success" id="job_list___sub_heading_19_1"><button class="btn btn-outline-success"><span class="job_id">19 : Job ID d98ec017ff804bf785f079c9277ad2e6</span></button></div></a><div aria-labelledby="job_list___sub_heading_19_1" data-parent="#job_list___sub_accordion_19" class="collapse job_list___sub_multi_collapse" id="job_list___sub_collapse_19_1"><div class="card-body"><div class="work-item"><div class="alert alert-success test-outcome" role="alert"><p>worker outcome: normal</p><p>test outcome: killed</p></div></div><pre class="location"><a href="pycharm://open?file=stack4.py&amp;line=84" class="text-secondary"><button class="btn btn-outline-dark">stack4.py, start pos: (84, 38), end pos: (84, 39)</button></a></pre><pre>operator: core/ReplaceBinaryOperator_Add_BitAnd, occurrence: 0</pre><div class="alert alert-secondary"><pre class="diff">--- mutation diff ---
--- astack4.py
+++ bstack4.py
@@ -81,7 +81,7 @@
         curr = self.head
         display = '('
         while curr:
-            display += str(curr.data) + ', '
+            display += str(curr.data) &amp; ', '
             curr = curr.next
         return display[:-2] + ')'
 </pre></div><div class="alert alert-secondary"><pre class="diff">============================= test session starts ==============================
platform linux -- Python 3.10.12, pytest-7.1.3, pluggy-1.0.0
rootdir: /home/lucca/desktop/ic/experimento/testes/python_experiments/stack4
plugins: Faker-15.1.1, hypothesis-6.56.3
collected 68 items

ALL-SMART-GPT-MUTATEST/test_stack4_DYNAMOSA.py ......F.....F...          [ 23%]
ALL-SMART-GPT-MUTATEST/test_stack4_MIO.py ...............FF...           [ 52%]
ALL-SMART-GPT-MUTATEST/test_stack4_MOSA.py .F.FFF...F......F             [ 77%]
ALL-SMART-GPT-MUTATEST/test_stack4_MUTATEST.py ......                    [ 86%]
ALL-SMART-GPT-MUTATEST/test_stack4_WHOLE_SUITE.py .F.......              [100%]

=========================== short test summary info ============================
FAILED ALL-SMART-GPT-MUTATEST/test_stack4_DYNAMOSA.py::test_case_6 - TypeErro...
FAILED ALL-SMART-GPT-MUTATEST/test_stack4_DYNAMOSA.py::test_case_12 - TypeErr...
FAILED ALL-SMART-GPT-MUTATEST/test_stack4_MIO.py::test_case_15 - TypeError: u...
FAILED ALL-SMART-GPT-MUTATEST/test_stack4_MIO.py::test_case_16 - TypeError: u...
FAILED ALL-SMART-GPT-MUTATEST/test_stack4_MOSA.py::test_case_1 - TypeError: u...
FAILED ALL-SMART-GPT-MUTATEST/test_stack4_MOSA.py::test_case_3 - TypeError: u...
FAILED ALL-SMART-GPT-MUTATEST/test_stack4_MOSA.py::test_case_4 - TypeError: u...
FAILED ALL-SMART-GPT-MUTATEST/test_stack4_MOSA.py::test_case_5 - TypeError: u...
FAILED ALL-SMART-GPT-MUTATEST/test_stack4_MOSA.py::test_case_9 - TypeError: u...
FAILED ALL-SMART-GPT-MUTATEST/test_stack4_MOSA.py::test_case_16 - TypeError: ...
FAILED ALL-SMART-GPT-MUTATEST/test_stack4_WHOLE_SUITE.py::test_case_1 - TypeE...
======================== 11 failed, 57 passed in 0.20s =========================
</pre></div></div></div></div></div><div class="mb-1" id="job_list___sub_accordion_20"><div class="card"><a data-toggle="collapse" data-target="#job_list___sub_collapse_20_1" aria-expanded="false" aria-controls="job_list___sub_collapse_20_1" href="#" class="job_list___sub_multi_heading"><div role="alert" class="card-header alert-success" id="job_list___sub_heading_20_1"><button class="btn btn-outline-success"><span class="job_id">20 : Job ID 1d86c2c17bfa43ad9d11ae8396c07688</span></button></div></a><div aria-labelledby="job_list___sub_heading_20_1" data-parent="#job_list___sub_accordion_20" class="collapse job_list___sub_multi_collapse" id="job_list___sub_collapse_20_1"><div class="card-body"><div class="work-item"><div class="alert alert-success test-outcome" role="alert"><p>worker outcome: normal</p><p>test outcome: killed</p></div></div><pre class="location"><a href="pycharm://open?file=stack4.py&amp;line=86" class="text-secondary"><button class="btn btn-outline-dark">stack4.py, start pos: (86, 28), end pos: (86, 29)</button></a></pre><pre>operator: core/ReplaceBinaryOperator_Add_BitAnd, occurrence: 1</pre><div class="alert alert-secondary"><pre class="diff">--- mutation diff ---
--- astack4.py
+++ bstack4.py
@@ -83,7 +83,7 @@
         while curr:
             display += str(curr.data) + ', '
             curr = curr.next
-        return display[:-2] + ')'
+        return display[:-2] &amp; ')'
 
 
 class Stack(object):</pre></div><div class="alert alert-secondary"><pre class="diff">============================= test session starts ==============================
platform linux -- Python 3.10.12, pytest-7.1.3, pluggy-1.0.0
rootdir: /home/lucca/desktop/ic/experimento/testes/python_experiments/stack4
plugins: Faker-15.1.1, hypothesis-6.56.3
collected 68 items

ALL-SMART-GPT-MUTATEST/test_stack4_DYNAMOSA.py ......FF....F...          [ 23%]
ALL-SMART-GPT-MUTATEST/test_stack4_MIO.py ...............FFF..           [ 52%]
ALL-SMART-GPT-MUTATEST/test_stack4_MOSA.py .F.FFF...FF.....F             [ 77%]
ALL-SMART-GPT-MUTATEST/test_stack4_MUTATEST.py ......                    [ 86%]
ALL-SMART-GPT-MUTATEST/test_stack4_WHOLE_SUITE.py FFF......              [100%]

=========================== short test summary info ============================
FAILED ALL-SMART-GPT-MUTATEST/test_stack4_DYNAMOSA.py::test_case_6 - TypeErro...
FAILED ALL-SMART-GPT-MUTATEST/test_stack4_DYNAMOSA.py::test_case_7 - TypeErro...
FAILED ALL-SMART-GPT-MUTATEST/test_stack4_DYNAMOSA.py::test_case_12 - TypeErr...
FAILED ALL-SMART-GPT-MUTATEST/test_stack4_MIO.py::test_case_15 - TypeError: u...
FAILED ALL-SMART-GPT-MUTATEST/test_stack4_MIO.py::test_case_16 - TypeError: u...
FAILED ALL-SMART-GPT-MUTATEST/test_stack4_MIO.py::test_case_17 - TypeError: u...
FAILED ALL-SMART-GPT-MUTATEST/test_stack4_MOSA.py::test_case_1 - TypeError: u...
FAILED ALL-SMART-GPT-MUTATEST/test_stack4_MOSA.py::test_case_3 - TypeError: u...
FAILED ALL-SMART-GPT-MUTATEST/test_stack4_MOSA.py::test_case_4 - TypeError: u...
FAILED ALL-SMART-GPT-MUTATEST/test_stack4_MOSA.py::test_case_5 - TypeError: u...
FAILED ALL-SMART-GPT-MUTATEST/test_stack4_MOSA.py::test_case_9 - TypeError: u...
FAILED ALL-SMART-GPT-MUTATEST/test_stack4_MOSA.py::test_case_10 - TypeError: ...
FAILED ALL-SMART-GPT-MUTATEST/test_stack4_MOSA.py::test_case_16 - TypeError: ...
FAILED ALL-SMART-GPT-MUTATEST/test_stack4_WHOLE_SUITE.py::test_case_0 - TypeE...
FAILED ALL-SMART-GPT-MUTATEST/test_stack4_WHOLE_SUITE.py::test_case_1 - TypeE...
FAILED ALL-SMART-GPT-MUTATEST/test_stack4_WHOLE_SUITE.py::test_case_2 - TypeE...
======================== 16 failed, 52 passed in 0.21s =========================
</pre></div></div></div></div></div><div class="mb-1" id="job_list___sub_accordion_21"><div class="card"><a data-toggle="collapse" data-target="#job_list___sub_collapse_21_1" aria-expanded="false" aria-controls="job_list___sub_collapse_21_1" href="#" class="job_list___sub_multi_heading"><div role="alert" class="card-header alert-success" id="job_list___sub_heading_21_1"><button class="btn btn-outline-success"><span class="job_id">21 : Job ID 78bfc55357a74558893185b67f0eaaf9</span></button></div></a><div aria-labelledby="job_list___sub_heading_21_1" data-parent="#job_list___sub_accordion_21" class="collapse job_list___sub_multi_collapse" id="job_list___sub_collapse_21_1"><div class="card-body"><div class="work-item"><div class="alert alert-success test-outcome" role="alert"><p>worker outcome: normal</p><p>test outcome: killed</p></div></div><pre class="location"><a href="pycharm://open?file=stack4.py&amp;line=84" class="text-secondary"><button class="btn btn-outline-dark">stack4.py, start pos: (84, 38), end pos: (84, 39)</button></a></pre><pre>operator: core/ReplaceBinaryOperator_Add_BitXor, occurrence: 0</pre><div class="alert alert-secondary"><pre class="diff">--- mutation diff ---
--- astack4.py
+++ bstack4.py
@@ -81,7 +81,7 @@
         curr = self.head
         display = '('
         while curr:
-            display += str(curr.data) + ', '
+            display += str(curr.data) ^ ', '
             curr = curr.next
         return display[:-2] + ')'
 </pre></div><div class="alert alert-secondary"><pre class="diff">============================= test session starts ==============================
platform linux -- Python 3.10.12, pytest-7.1.3, pluggy-1.0.0
rootdir: /home/lucca/desktop/ic/experimento/testes/python_experiments/stack4
plugins: Faker-15.1.1, hypothesis-6.56.3
collected 68 items

ALL-SMART-GPT-MUTATEST/test_stack4_DYNAMOSA.py ......F.....F...          [ 23%]
ALL-SMART-GPT-MUTATEST/test_stack4_MIO.py ...............FF...           [ 52%]
ALL-SMART-GPT-MUTATEST/test_stack4_MOSA.py .F.FFF...F......F             [ 77%]
ALL-SMART-GPT-MUTATEST/test_stack4_MUTATEST.py ......                    [ 86%]
ALL-SMART-GPT-MUTATEST/test_stack4_WHOLE_SUITE.py .F.......              [100%]

=========================== short test summary info ============================
FAILED ALL-SMART-GPT-MUTATEST/test_stack4_DYNAMOSA.py::test_case_6 - TypeErro...
FAILED ALL-SMART-GPT-MUTATEST/test_stack4_DYNAMOSA.py::test_case_12 - TypeErr...
FAILED ALL-SMART-GPT-MUTATEST/test_stack4_MIO.py::test_case_15 - TypeError: u...
FAILED ALL-SMART-GPT-MUTATEST/test_stack4_MIO.py::test_case_16 - TypeError: u...
FAILED ALL-SMART-GPT-MUTATEST/test_stack4_MOSA.py::test_case_1 - TypeError: u...
FAILED ALL-SMART-GPT-MUTATEST/test_stack4_MOSA.py::test_case_3 - TypeError: u...
FAILED ALL-SMART-GPT-MUTATEST/test_stack4_MOSA.py::test_case_4 - TypeError: u...
FAILED ALL-SMART-GPT-MUTATEST/test_stack4_MOSA.py::test_case_5 - TypeError: u...
FAILED ALL-SMART-GPT-MUTATEST/test_stack4_MOSA.py::test_case_9 - TypeError: u...
FAILED ALL-SMART-GPT-MUTATEST/test_stack4_MOSA.py::test_case_16 - TypeError: ...
FAILED ALL-SMART-GPT-MUTATEST/test_stack4_WHOLE_SUITE.py::test_case_1 - TypeE...
======================== 11 failed, 57 passed in 0.21s =========================
</pre></div></div></div></div></div><div class="mb-1" id="job_list___sub_accordion_22"><div class="card"><a data-toggle="collapse" data-target="#job_list___sub_collapse_22_1" aria-expanded="false" aria-controls="job_list___sub_collapse_22_1" href="#" class="job_list___sub_multi_heading"><div role="alert" class="card-header alert-success" id="job_list___sub_heading_22_1"><button class="btn btn-outline-success"><span class="job_id">22 : Job ID fd9eb5f0fde64dc68824f3db796dc124</span></button></div></a><div aria-labelledby="job_list___sub_heading_22_1" data-parent="#job_list___sub_accordion_22" class="collapse job_list___sub_multi_collapse" id="job_list___sub_collapse_22_1"><div class="card-body"><div class="work-item"><div class="alert alert-success test-outcome" role="alert"><p>worker outcome: normal</p><p>test outcome: killed</p></div></div><pre class="location"><a href="pycharm://open?file=stack4.py&amp;line=86" class="text-secondary"><button class="btn btn-outline-dark">stack4.py, start pos: (86, 28), end pos: (86, 29)</button></a></pre><pre>operator: core/ReplaceBinaryOperator_Add_BitXor, occurrence: 1</pre><div class="alert alert-secondary"><pre class="diff">--- mutation diff ---
--- astack4.py
+++ bstack4.py
@@ -83,7 +83,7 @@
         while curr:
             display += str(curr.data) + ', '
             curr = curr.next
-        return display[:-2] + ')'
+        return display[:-2] ^ ')'
 
 
 class Stack(object):</pre></div><div class="alert alert-secondary"><pre class="diff">============================= test session starts ==============================
platform linux -- Python 3.10.12, pytest-7.1.3, pluggy-1.0.0
rootdir: /home/lucca/desktop/ic/experimento/testes/python_experiments/stack4
plugins: Faker-15.1.1, hypothesis-6.56.3
collected 68 items

ALL-SMART-GPT-MUTATEST/test_stack4_DYNAMOSA.py ......FF....F...          [ 23%]
ALL-SMART-GPT-MUTATEST/test_stack4_MIO.py ...............FFF..           [ 52%]
ALL-SMART-GPT-MUTATEST/test_stack4_MOSA.py .F.FFF...FF.....F             [ 77%]
ALL-SMART-GPT-MUTATEST/test_stack4_MUTATEST.py ......                    [ 86%]
ALL-SMART-GPT-MUTATEST/test_stack4_WHOLE_SUITE.py FFF......              [100%]

=========================== short test summary info ============================
FAILED ALL-SMART-GPT-MUTATEST/test_stack4_DYNAMOSA.py::test_case_6 - TypeErro...
FAILED ALL-SMART-GPT-MUTATEST/test_stack4_DYNAMOSA.py::test_case_7 - TypeErro...
FAILED ALL-SMART-GPT-MUTATEST/test_stack4_DYNAMOSA.py::test_case_12 - TypeErr...
FAILED ALL-SMART-GPT-MUTATEST/test_stack4_MIO.py::test_case_15 - TypeError: u...
FAILED ALL-SMART-GPT-MUTATEST/test_stack4_MIO.py::test_case_16 - TypeError: u...
FAILED ALL-SMART-GPT-MUTATEST/test_stack4_MIO.py::test_case_17 - TypeError: u...
FAILED ALL-SMART-GPT-MUTATEST/test_stack4_MOSA.py::test_case_1 - TypeError: u...
FAILED ALL-SMART-GPT-MUTATEST/test_stack4_MOSA.py::test_case_3 - TypeError: u...
FAILED ALL-SMART-GPT-MUTATEST/test_stack4_MOSA.py::test_case_4 - TypeError: u...
FAILED ALL-SMART-GPT-MUTATEST/test_stack4_MOSA.py::test_case_5 - TypeError: u...
FAILED ALL-SMART-GPT-MUTATEST/test_stack4_MOSA.py::test_case_9 - TypeError: u...
FAILED ALL-SMART-GPT-MUTATEST/test_stack4_MOSA.py::test_case_10 - TypeError: ...
FAILED ALL-SMART-GPT-MUTATEST/test_stack4_MOSA.py::test_case_16 - TypeError: ...
FAILED ALL-SMART-GPT-MUTATEST/test_stack4_WHOLE_SUITE.py::test_case_0 - TypeE...
FAILED ALL-SMART-GPT-MUTATEST/test_stack4_WHOLE_SUITE.py::test_case_1 - TypeE...
FAILED ALL-SMART-GPT-MUTATEST/test_stack4_WHOLE_SUITE.py::test_case_2 - TypeE...
======================== 16 failed, 52 passed in 0.20s =========================
</pre></div></div></div></div></div><div class="mb-1" id="job_list___sub_accordion_23"><div class="card"><a data-toggle="collapse" data-target="#job_list___sub_collapse_23_1" aria-expanded="false" aria-controls="job_list___sub_collapse_23_1" href="#" class="job_list___sub_multi_heading"><div role="alert" class="card-header alert-success" id="job_list___sub_heading_23_1"><button class="btn btn-outline-success"><span class="job_id">23 : Job ID c48cb925da6f4242b1442eae7b791fcd</span></button></div></a><div aria-labelledby="job_list___sub_heading_23_1" data-parent="#job_list___sub_accordion_23" class="collapse job_list___sub_multi_collapse" id="job_list___sub_collapse_23_1"><div class="card-body"><div class="work-item"><div class="alert alert-success test-outcome" role="alert"><p>worker outcome: normal</p><p>test outcome: killed</p></div></div><pre class="location"><a href="pycharm://open?file=stack4.py&amp;line=63" class="text-secondary"><button class="btn btn-outline-dark">stack4.py, start pos: (63, 25), end pos: (63, 27)</button></a></pre><pre>operator: core/ReplaceComparisonOperator_Eq_NotEq, occurrence: 0</pre><div class="alert alert-secondary"><pre class="diff">--- mutation diff ---
--- astack4.py
+++ bstack4.py
@@ -60,7 +60,7 @@
         """Return the node containing val."""
         curr = self.head
         while curr:
-            if curr.data == val:
+            if curr.data != val:
                 return curr
             curr = curr.next
 </pre></div><div class="alert alert-secondary"><pre class="diff">============================= test session starts ==============================
platform linux -- Python 3.10.12, pytest-7.1.3, pluggy-1.0.0
rootdir: /home/lucca/desktop/ic/experimento/testes/python_experiments/stack4
plugins: Faker-15.1.1, hypothesis-6.56.3
collected 68 items

ALL-SMART-GPT-MUTATEST/test_stack4_DYNAMOSA.py ....F.........F.          [ 23%]
ALL-SMART-GPT-MUTATEST/test_stack4_MIO.py ......F.............           [ 52%]
ALL-SMART-GPT-MUTATEST/test_stack4_MOSA.py ......F..........             [ 77%]
ALL-SMART-GPT-MUTATEST/test_stack4_MUTATEST.py ....F.                    [ 86%]
ALL-SMART-GPT-MUTATEST/test_stack4_WHOLE_SUITE.py ..F......              [100%]

=========================== short test summary info ============================
FAILED ALL-SMART-GPT-MUTATEST/test_stack4_DYNAMOSA.py::test_case_4 - Assertio...
FAILED ALL-SMART-GPT-MUTATEST/test_stack4_DYNAMOSA.py::test_case_14 - Asserti...
FAILED ALL-SMART-GPT-MUTATEST/test_stack4_MIO.py::test_case_6 - AssertionErro...
FAILED ALL-SMART-GPT-MUTATEST/test_stack4_MOSA.py::test_case_6 - AssertionErr...
FAILED ALL-SMART-GPT-MUTATEST/test_stack4_MUTATEST.py::test_search_method - A...
FAILED ALL-SMART-GPT-MUTATEST/test_stack4_WHOLE_SUITE.py::test_case_2 - Asser...
========================= 6 failed, 62 passed in 0.20s =========================
</pre></div></div></div></div></div><div class="mb-1" id="job_list___sub_accordion_24"><div class="card"><a data-toggle="collapse" data-target="#job_list___sub_collapse_24_1" aria-expanded="false" aria-controls="job_list___sub_collapse_24_1" href="#" class="job_list___sub_multi_heading"><div role="alert" class="card-header alert-success" id="job_list___sub_heading_24_1"><button class="btn btn-outline-success"><span class="job_id">24 : Job ID 6f090f60cf8945c4a0ad0facd17300e7</span></button></div></a><div aria-labelledby="job_list___sub_heading_24_1" data-parent="#job_list___sub_accordion_24" class="collapse job_list___sub_multi_collapse" id="job_list___sub_collapse_24_1"><div class="card-body"><div class="work-item"><div class="alert alert-success test-outcome" role="alert"><p>worker outcome: normal</p><p>test outcome: killed</p></div></div><pre class="location"><a href="pycharm://open?file=stack4.py&amp;line=74" class="text-secondary"><button class="btn btn-outline-dark">stack4.py, start pos: (74, 45), end pos: (74, 47)</button></a></pre><pre>operator: core/ReplaceComparisonOperator_Eq_NotEq, occurrence: 1</pre><div class="alert alert-secondary"><pre class="diff">--- mutation diff ---
--- astack4.py
+++ bstack4.py
@@ -71,7 +71,7 @@
             self.head = self.head.next
             self._length -= 1
         while curr:
-            if (curr.next and curr.next.data == val):
+            if (curr.next and curr.next.data != val):
                 curr.next = curr.next.next
                 self._length -= 1
             curr = curr.next</pre></div><div class="alert alert-secondary"><pre class="diff">============================= test session starts ==============================
platform linux -- Python 3.10.12, pytest-7.1.3, pluggy-1.0.0
rootdir: /home/lucca/desktop/ic/experimento/testes/python_experiments/stack4
plugins: Faker-15.1.1, hypothesis-6.56.3
collected 68 items

ALL-SMART-GPT-MUTATEST/test_stack4_DYNAMOSA.py ................          [ 23%]
ALL-SMART-GPT-MUTATEST/test_stack4_MIO.py ....................           [ 52%]
ALL-SMART-GPT-MUTATEST/test_stack4_MOSA.py .................             [ 77%]
ALL-SMART-GPT-MUTATEST/test_stack4_MUTATEST.py .F.F..                    [ 86%]
ALL-SMART-GPT-MUTATEST/test_stack4_WHOLE_SUITE.py .........              [100%]

=========================== short test summary info ============================
FAILED ALL-SMART-GPT-MUTATEST/test_stack4_MUTATEST.py::test_remove_method_length_decrement
FAILED ALL-SMART-GPT-MUTATEST/test_stack4_MUTATEST.py::test_remove_method_length_decrement1
========================= 2 failed, 66 passed in 0.20s =========================
</pre></div></div></div></div></div><div class="mb-1" id="job_list___sub_accordion_25"><div class="card"><a data-toggle="collapse" data-target="#job_list___sub_collapse_25_1" aria-expanded="false" aria-controls="job_list___sub_collapse_25_1" href="#" class="job_list___sub_multi_heading"><div role="alert" class="card-header alert-success" id="job_list___sub_heading_25_1"><button class="btn btn-outline-success"><span class="job_id">25 : Job ID f780ea7bf16e4f8d97334c550b315e60</span></button></div></a><div aria-labelledby="job_list___sub_heading_25_1" data-parent="#job_list___sub_accordion_25" class="collapse job_list___sub_multi_collapse" id="job_list___sub_collapse_25_1"><div class="card-body"><div class="work-item"><div class="alert alert-success test-outcome" role="alert"><p>worker outcome: normal</p><p>test outcome: killed</p></div></div><pre class="location"><a href="pycharm://open?file=stack4.py&amp;line=63" class="text-secondary"><button class="btn btn-outline-dark">stack4.py, start pos: (63, 25), end pos: (63, 27)</button></a></pre><pre>operator: core/ReplaceComparisonOperator_Eq_Lt, occurrence: 0</pre><div class="alert alert-secondary"><pre class="diff">--- mutation diff ---
--- astack4.py
+++ bstack4.py
@@ -60,7 +60,7 @@
         """Return the node containing val."""
         curr = self.head
         while curr:
-            if curr.data == val:
+            if curr.data &lt; val:
                 return curr
             curr = curr.next
 </pre></div><div class="alert alert-secondary"><pre class="diff">============================= test session starts ==============================
platform linux -- Python 3.10.12, pytest-7.1.3, pluggy-1.0.0
rootdir: /home/lucca/desktop/ic/experimento/testes/python_experiments/stack4
plugins: Faker-15.1.1, hypothesis-6.56.3
collected 68 items

ALL-SMART-GPT-MUTATEST/test_stack4_DYNAMOSA.py ....F......F.FF.          [ 23%]
ALL-SMART-GPT-MUTATEST/test_stack4_MIO.py ......FF............           [ 52%]
ALL-SMART-GPT-MUTATEST/test_stack4_MOSA.py .....FF..........             [ 77%]
ALL-SMART-GPT-MUTATEST/test_stack4_MUTATEST.py ....F.                    [ 86%]
ALL-SMART-GPT-MUTATEST/test_stack4_WHOLE_SUITE.py .FF......              [100%]

=========================== short test summary info ============================
FAILED ALL-SMART-GPT-MUTATEST/test_stack4_DYNAMOSA.py::test_case_4 - Assertio...
FAILED ALL-SMART-GPT-MUTATEST/test_stack4_DYNAMOSA.py::test_case_11 - TypeErr...
FAILED ALL-SMART-GPT-MUTATEST/test_stack4_DYNAMOSA.py::test_case_13 - TypeErr...
FAILED ALL-SMART-GPT-MUTATEST/test_stack4_DYNAMOSA.py::test_case_14 - Asserti...
FAILED ALL-SMART-GPT-MUTATEST/test_stack4_MIO.py::test_case_6 - TypeError: '&lt;...
FAILED ALL-SMART-GPT-MUTATEST/test_stack4_MIO.py::test_case_7 - TypeError: '&lt;...
FAILED ALL-SMART-GPT-MUTATEST/test_stack4_MOSA.py::test_case_5 - TypeError: '...
FAILED ALL-SMART-GPT-MUTATEST/test_stack4_MOSA.py::test_case_6 - AssertionErr...
FAILED ALL-SMART-GPT-MUTATEST/test_stack4_MUTATEST.py::test_search_method - T...
FAILED ALL-SMART-GPT-MUTATEST/test_stack4_WHOLE_SUITE.py::test_case_1 - TypeE...
FAILED ALL-SMART-GPT-MUTATEST/test_stack4_WHOLE_SUITE.py::test_case_2 - TypeE...
======================== 11 failed, 57 passed in 0.21s =========================
</pre></div></div></div></div></div><div class="mb-1" id="job_list___sub_accordion_26"><div class="card"><a data-toggle="collapse" data-target="#job_list___sub_collapse_26_1" aria-expanded="false" aria-controls="job_list___sub_collapse_26_1" href="#" class="job_list___sub_multi_heading"><div role="alert" class="card-header alert-success" id="job_list___sub_heading_26_1"><button class="btn btn-outline-success"><span class="job_id">26 : Job ID b274fd652d4b4cb58b3ea0d9a76b9271</span></button></div></a><div aria-labelledby="job_list___sub_heading_26_1" data-parent="#job_list___sub_accordion_26" class="collapse job_list___sub_multi_collapse" id="job_list___sub_collapse_26_1"><div class="card-body"><div class="work-item"><div class="alert alert-success test-outcome" role="alert"><p>worker outcome: normal</p><p>test outcome: killed</p></div></div><pre class="location"><a href="pycharm://open?file=stack4.py&amp;line=74" class="text-secondary"><button class="btn btn-outline-dark">stack4.py, start pos: (74, 45), end pos: (74, 47)</button></a></pre><pre>operator: core/ReplaceComparisonOperator_Eq_Lt, occurrence: 1</pre><div class="alert alert-secondary"><pre class="diff">--- mutation diff ---
--- astack4.py
+++ bstack4.py
@@ -71,7 +71,7 @@
             self.head = self.head.next
             self._length -= 1
         while curr:
-            if (curr.next and curr.next.data == val):
+            if (curr.next and curr.next.data &lt; val):
                 curr.next = curr.next.next
                 self._length -= 1
             curr = curr.next</pre></div><div class="alert alert-secondary"><pre class="diff">============================= test session starts ==============================
platform linux -- Python 3.10.12, pytest-7.1.3, pluggy-1.0.0
rootdir: /home/lucca/desktop/ic/experimento/testes/python_experiments/stack4
plugins: Faker-15.1.1, hypothesis-6.56.3
collected 68 items

ALL-SMART-GPT-MUTATEST/test_stack4_DYNAMOSA.py .............F.F          [ 23%]
ALL-SMART-GPT-MUTATEST/test_stack4_MIO.py ..........F...F.....           [ 52%]
ALL-SMART-GPT-MUTATEST/test_stack4_MOSA.py ...FFF........FFF             [ 77%]
ALL-SMART-GPT-MUTATEST/test_stack4_MUTATEST.py .F.F..                    [ 86%]
ALL-SMART-GPT-MUTATEST/test_stack4_WHOLE_SUITE.py F........              [100%]

=========================== short test summary info ============================
FAILED ALL-SMART-GPT-MUTATEST/test_stack4_DYNAMOSA.py::test_case_13 - TypeErr...
FAILED ALL-SMART-GPT-MUTATEST/test_stack4_DYNAMOSA.py::test_case_15 - TypeErr...
FAILED ALL-SMART-GPT-MUTATEST/test_stack4_MIO.py::test_case_10 - TypeError: '...
FAILED ALL-SMART-GPT-MUTATEST/test_stack4_MIO.py::test_case_14 - TypeError: '...
FAILED ALL-SMART-GPT-MUTATEST/test_stack4_MOSA.py::test_case_3 - TypeError: '...
FAILED ALL-SMART-GPT-MUTATEST/test_stack4_MOSA.py::test_case_4 - TypeError: '...
FAILED ALL-SMART-GPT-MUTATEST/test_stack4_MOSA.py::test_case_5 - TypeError: '...
FAILED ALL-SMART-GPT-MUTATEST/test_stack4_MOSA.py::test_case_14 - TypeError: ...
FAILED ALL-SMART-GPT-MUTATEST/test_stack4_MOSA.py::test_case_15 - TypeError: ...
FAILED ALL-SMART-GPT-MUTATEST/test_stack4_MOSA.py::test_case_16 - TypeError: ...
FAILED ALL-SMART-GPT-MUTATEST/test_stack4_MUTATEST.py::test_remove_method_length_decrement
FAILED ALL-SMART-GPT-MUTATEST/test_stack4_MUTATEST.py::test_remove_method_length_decrement1
FAILED ALL-SMART-GPT-MUTATEST/test_stack4_WHOLE_SUITE.py::test_case_0 - TypeE...
======================== 13 failed, 55 passed in 0.20s =========================
</pre></div></div></div></div></div><div class="mb-1" id="job_list___sub_accordion_27"><div class="card"><a data-toggle="collapse" data-target="#job_list___sub_collapse_27_1" aria-expanded="false" aria-controls="job_list___sub_collapse_27_1" href="#" class="job_list___sub_multi_heading"><div role="alert" class="card-header alert-success" id="job_list___sub_heading_27_1"><button class="btn btn-outline-success"><span class="job_id">27 : Job ID 79acd37b4ff24514b6575c08dc2767f3</span></button></div></a><div aria-labelledby="job_list___sub_heading_27_1" data-parent="#job_list___sub_accordion_27" class="collapse job_list___sub_multi_collapse" id="job_list___sub_collapse_27_1"><div class="card-body"><div class="work-item"><div class="alert alert-success test-outcome" role="alert"><p>worker outcome: normal</p><p>test outcome: killed</p></div></div><pre class="location"><a href="pycharm://open?file=stack4.py&amp;line=63" class="text-secondary"><button class="btn btn-outline-dark">stack4.py, start pos: (63, 25), end pos: (63, 27)</button></a></pre><pre>operator: core/ReplaceComparisonOperator_Eq_LtE, occurrence: 0</pre><div class="alert alert-secondary"><pre class="diff">--- mutation diff ---
--- astack4.py
+++ bstack4.py
@@ -60,7 +60,7 @@
         """Return the node containing val."""
         curr = self.head
         while curr:
-            if curr.data == val:
+            if curr.data &lt;= val:
                 return curr
             curr = curr.next
 </pre></div><div class="alert alert-secondary"><pre class="diff">============================= test session starts ==============================
platform linux -- Python 3.10.12, pytest-7.1.3, pluggy-1.0.0
rootdir: /home/lucca/desktop/ic/experimento/testes/python_experiments/stack4
plugins: Faker-15.1.1, hypothesis-6.56.3
collected 68 items

ALL-SMART-GPT-MUTATEST/test_stack4_DYNAMOSA.py ...........F.F..          [ 23%]
ALL-SMART-GPT-MUTATEST/test_stack4_MIO.py ......FF............           [ 52%]
ALL-SMART-GPT-MUTATEST/test_stack4_MOSA.py .....F...........             [ 77%]
ALL-SMART-GPT-MUTATEST/test_stack4_MUTATEST.py ....F.                    [ 86%]
ALL-SMART-GPT-MUTATEST/test_stack4_WHOLE_SUITE.py .FF......              [100%]

=========================== short test summary info ============================
FAILED ALL-SMART-GPT-MUTATEST/test_stack4_DYNAMOSA.py::test_case_11 - TypeErr...
FAILED ALL-SMART-GPT-MUTATEST/test_stack4_DYNAMOSA.py::test_case_13 - TypeErr...
FAILED ALL-SMART-GPT-MUTATEST/test_stack4_MIO.py::test_case_6 - TypeError: '&lt;...
FAILED ALL-SMART-GPT-MUTATEST/test_stack4_MIO.py::test_case_7 - TypeError: '&lt;...
FAILED ALL-SMART-GPT-MUTATEST/test_stack4_MOSA.py::test_case_5 - TypeError: '...
FAILED ALL-SMART-GPT-MUTATEST/test_stack4_MUTATEST.py::test_search_method - T...
FAILED ALL-SMART-GPT-MUTATEST/test_stack4_WHOLE_SUITE.py::test_case_1 - TypeE...
FAILED ALL-SMART-GPT-MUTATEST/test_stack4_WHOLE_SUITE.py::test_case_2 - TypeE...
========================= 8 failed, 60 passed in 0.21s =========================
</pre></div></div></div></div></div><div class="mb-1" id="job_list___sub_accordion_28"><div class="card"><a data-toggle="collapse" data-target="#job_list___sub_collapse_28_1" aria-expanded="false" aria-controls="job_list___sub_collapse_28_1" href="#" class="job_list___sub_multi_heading"><div role="alert" class="card-header alert-success" id="job_list___sub_heading_28_1"><button class="btn btn-outline-success"><span class="job_id">28 : Job ID 527467b00628403598300c22830c333a</span></button></div></a><div aria-labelledby="job_list___sub_heading_28_1" data-parent="#job_list___sub_accordion_28" class="collapse job_list___sub_multi_collapse" id="job_list___sub_collapse_28_1"><div class="card-body"><div class="work-item"><div class="alert alert-success test-outcome" role="alert"><p>worker outcome: normal</p><p>test outcome: killed</p></div></div><pre class="location"><a href="pycharm://open?file=stack4.py&amp;line=74" class="text-secondary"><button class="btn btn-outline-dark">stack4.py, start pos: (74, 45), end pos: (74, 47)</button></a></pre><pre>operator: core/ReplaceComparisonOperator_Eq_LtE, occurrence: 1</pre><div class="alert alert-secondary"><pre class="diff">--- mutation diff ---
--- astack4.py
+++ bstack4.py
@@ -71,7 +71,7 @@
             self.head = self.head.next
             self._length -= 1
         while curr:
-            if (curr.next and curr.next.data == val):
+            if (curr.next and curr.next.data &lt;= val):
                 curr.next = curr.next.next
                 self._length -= 1
             curr = curr.next</pre></div><div class="alert alert-secondary"><pre class="diff">============================= test session starts ==============================
platform linux -- Python 3.10.12, pytest-7.1.3, pluggy-1.0.0
rootdir: /home/lucca/desktop/ic/experimento/testes/python_experiments/stack4
plugins: Faker-15.1.1, hypothesis-6.56.3
collected 68 items

ALL-SMART-GPT-MUTATEST/test_stack4_DYNAMOSA.py .............F.F          [ 23%]
ALL-SMART-GPT-MUTATEST/test_stack4_MIO.py ..........F...F.....           [ 52%]
ALL-SMART-GPT-MUTATEST/test_stack4_MOSA.py ...FFF........FF.             [ 77%]
ALL-SMART-GPT-MUTATEST/test_stack4_MUTATEST.py .F.F..                    [ 86%]
ALL-SMART-GPT-MUTATEST/test_stack4_WHOLE_SUITE.py F........              [100%]

=========================== short test summary info ============================
FAILED ALL-SMART-GPT-MUTATEST/test_stack4_DYNAMOSA.py::test_case_13 - TypeErr...
FAILED ALL-SMART-GPT-MUTATEST/test_stack4_DYNAMOSA.py::test_case_15 - TypeErr...
FAILED ALL-SMART-GPT-MUTATEST/test_stack4_MIO.py::test_case_10 - TypeError: '...
FAILED ALL-SMART-GPT-MUTATEST/test_stack4_MIO.py::test_case_14 - TypeError: '...
FAILED ALL-SMART-GPT-MUTATEST/test_stack4_MOSA.py::test_case_3 - TypeError: '...
FAILED ALL-SMART-GPT-MUTATEST/test_stack4_MOSA.py::test_case_4 - TypeError: '...
FAILED ALL-SMART-GPT-MUTATEST/test_stack4_MOSA.py::test_case_5 - TypeError: '...
FAILED ALL-SMART-GPT-MUTATEST/test_stack4_MOSA.py::test_case_14 - TypeError: ...
FAILED ALL-SMART-GPT-MUTATEST/test_stack4_MOSA.py::test_case_15 - TypeError: ...
FAILED ALL-SMART-GPT-MUTATEST/test_stack4_MUTATEST.py::test_remove_method_length_decrement
FAILED ALL-SMART-GPT-MUTATEST/test_stack4_MUTATEST.py::test_remove_method_length_decrement1
FAILED ALL-SMART-GPT-MUTATEST/test_stack4_WHOLE_SUITE.py::test_case_0 - TypeE...
======================== 12 failed, 56 passed in 0.20s =========================
</pre></div></div></div></div></div><div class="mb-1" id="job_list___sub_accordion_29"><div class="card"><a data-toggle="collapse" data-target="#job_list___sub_collapse_29_1" aria-expanded="false" aria-controls="job_list___sub_collapse_29_1" href="#" class="job_list___sub_multi_heading"><div role="alert" class="card-header alert-success" id="job_list___sub_heading_29_1"><button class="btn btn-outline-success"><span class="job_id">29 : Job ID 39f8ea451cbb4ecfaca2a70a58379fdd</span></button></div></a><div aria-labelledby="job_list___sub_heading_29_1" data-parent="#job_list___sub_accordion_29" class="collapse job_list___sub_multi_collapse" id="job_list___sub_collapse_29_1"><div class="card-body"><div class="work-item"><div class="alert alert-success test-outcome" role="alert"><p>worker outcome: normal</p><p>test outcome: killed</p></div></div><pre class="location"><a href="pycharm://open?file=stack4.py&amp;line=63" class="text-secondary"><button class="btn btn-outline-dark">stack4.py, start pos: (63, 25), end pos: (63, 27)</button></a></pre><pre>operator: core/ReplaceComparisonOperator_Eq_Gt, occurrence: 0</pre><div class="alert alert-secondary"><pre class="diff">--- mutation diff ---
--- astack4.py
+++ bstack4.py
@@ -60,7 +60,7 @@
         """Return the node containing val."""
         curr = self.head
         while curr:
-            if curr.data == val:
+            if curr.data &gt; val:
                 return curr
             curr = curr.next
 </pre></div><div class="alert alert-secondary"><pre class="diff">============================= test session starts ==============================
platform linux -- Python 3.10.12, pytest-7.1.3, pluggy-1.0.0
rootdir: /home/lucca/desktop/ic/experimento/testes/python_experiments/stack4
plugins: Faker-15.1.1, hypothesis-6.56.3
collected 68 items

ALL-SMART-GPT-MUTATEST/test_stack4_DYNAMOSA.py ....F......F.FF.          [ 23%]
ALL-SMART-GPT-MUTATEST/test_stack4_MIO.py ......FF............           [ 52%]
ALL-SMART-GPT-MUTATEST/test_stack4_MOSA.py .....FF..........             [ 77%]
ALL-SMART-GPT-MUTATEST/test_stack4_MUTATEST.py ....F.                    [ 86%]
ALL-SMART-GPT-MUTATEST/test_stack4_WHOLE_SUITE.py .FF......              [100%]

=========================== short test summary info ============================
FAILED ALL-SMART-GPT-MUTATEST/test_stack4_DYNAMOSA.py::test_case_4 - Assertio...
FAILED ALL-SMART-GPT-MUTATEST/test_stack4_DYNAMOSA.py::test_case_11 - TypeErr...
FAILED ALL-SMART-GPT-MUTATEST/test_stack4_DYNAMOSA.py::test_case_13 - TypeErr...
FAILED ALL-SMART-GPT-MUTATEST/test_stack4_DYNAMOSA.py::test_case_14 - Asserti...
FAILED ALL-SMART-GPT-MUTATEST/test_stack4_MIO.py::test_case_6 - TypeError: '&gt;...
FAILED ALL-SMART-GPT-MUTATEST/test_stack4_MIO.py::test_case_7 - TypeError: '&gt;...
FAILED ALL-SMART-GPT-MUTATEST/test_stack4_MOSA.py::test_case_5 - TypeError: '...
FAILED ALL-SMART-GPT-MUTATEST/test_stack4_MOSA.py::test_case_6 - AssertionErr...
FAILED ALL-SMART-GPT-MUTATEST/test_stack4_MUTATEST.py::test_search_method - T...
FAILED ALL-SMART-GPT-MUTATEST/test_stack4_WHOLE_SUITE.py::test_case_1 - TypeE...
FAILED ALL-SMART-GPT-MUTATEST/test_stack4_WHOLE_SUITE.py::test_case_2 - TypeE...
======================== 11 failed, 57 passed in 0.21s =========================
</pre></div></div></div></div></div><div class="mb-1" id="job_list___sub_accordion_30"><div class="card"><a data-toggle="collapse" data-target="#job_list___sub_collapse_30_1" aria-expanded="false" aria-controls="job_list___sub_collapse_30_1" href="#" class="job_list___sub_multi_heading"><div role="alert" class="card-header alert-success" id="job_list___sub_heading_30_1"><button class="btn btn-outline-success"><span class="job_id">30 : Job ID de7edff5ff4b4e9fa98b7d54eece5487</span></button></div></a><div aria-labelledby="job_list___sub_heading_30_1" data-parent="#job_list___sub_accordion_30" class="collapse job_list___sub_multi_collapse" id="job_list___sub_collapse_30_1"><div class="card-body"><div class="work-item"><div class="alert alert-success test-outcome" role="alert"><p>worker outcome: normal</p><p>test outcome: killed</p></div></div><pre class="location"><a href="pycharm://open?file=stack4.py&amp;line=74" class="text-secondary"><button class="btn btn-outline-dark">stack4.py, start pos: (74, 45), end pos: (74, 47)</button></a></pre><pre>operator: core/ReplaceComparisonOperator_Eq_Gt, occurrence: 1</pre><div class="alert alert-secondary"><pre class="diff">--- mutation diff ---
--- astack4.py
+++ bstack4.py
@@ -71,7 +71,7 @@
             self.head = self.head.next
             self._length -= 1
         while curr:
-            if (curr.next and curr.next.data == val):
+            if (curr.next and curr.next.data &gt; val):
                 curr.next = curr.next.next
                 self._length -= 1
             curr = curr.next</pre></div><div class="alert alert-secondary"><pre class="diff">============================= test session starts ==============================
platform linux -- Python 3.10.12, pytest-7.1.3, pluggy-1.0.0
rootdir: /home/lucca/desktop/ic/experimento/testes/python_experiments/stack4
plugins: Faker-15.1.1, hypothesis-6.56.3
collected 68 items

ALL-SMART-GPT-MUTATEST/test_stack4_DYNAMOSA.py .............F.F          [ 23%]
ALL-SMART-GPT-MUTATEST/test_stack4_MIO.py ..........F...F.....           [ 52%]
ALL-SMART-GPT-MUTATEST/test_stack4_MOSA.py ...FFF........FFF             [ 77%]
ALL-SMART-GPT-MUTATEST/test_stack4_MUTATEST.py .F.F..                    [ 86%]
ALL-SMART-GPT-MUTATEST/test_stack4_WHOLE_SUITE.py F........              [100%]

=========================== short test summary info ============================
FAILED ALL-SMART-GPT-MUTATEST/test_stack4_DYNAMOSA.py::test_case_13 - TypeErr...
FAILED ALL-SMART-GPT-MUTATEST/test_stack4_DYNAMOSA.py::test_case_15 - TypeErr...
FAILED ALL-SMART-GPT-MUTATEST/test_stack4_MIO.py::test_case_10 - TypeError: '...
FAILED ALL-SMART-GPT-MUTATEST/test_stack4_MIO.py::test_case_14 - TypeError: '...
FAILED ALL-SMART-GPT-MUTATEST/test_stack4_MOSA.py::test_case_3 - TypeError: '...
FAILED ALL-SMART-GPT-MUTATEST/test_stack4_MOSA.py::test_case_4 - TypeError: '...
FAILED ALL-SMART-GPT-MUTATEST/test_stack4_MOSA.py::test_case_5 - TypeError: '...
FAILED ALL-SMART-GPT-MUTATEST/test_stack4_MOSA.py::test_case_14 - TypeError: ...
FAILED ALL-SMART-GPT-MUTATEST/test_stack4_MOSA.py::test_case_15 - TypeError: ...
FAILED ALL-SMART-GPT-MUTATEST/test_stack4_MOSA.py::test_case_16 - TypeError: ...
FAILED ALL-SMART-GPT-MUTATEST/test_stack4_MUTATEST.py::test_remove_method_length_decrement
FAILED ALL-SMART-GPT-MUTATEST/test_stack4_MUTATEST.py::test_remove_method_length_decrement1
FAILED ALL-SMART-GPT-MUTATEST/test_stack4_WHOLE_SUITE.py::test_case_0 - TypeE...
======================== 13 failed, 55 passed in 0.21s =========================
</pre></div></div></div></div></div><div class="mb-1" id="job_list___sub_accordion_31"><div class="card"><a data-toggle="collapse" data-target="#job_list___sub_collapse_31_1" aria-expanded="false" aria-controls="job_list___sub_collapse_31_1" href="#" class="job_list___sub_multi_heading"><div role="alert" class="card-header alert-success" id="job_list___sub_heading_31_1"><button class="btn btn-outline-success"><span class="job_id">31 : Job ID 1fd4373cd1c646999de05d54396fe8c9</span></button></div></a><div aria-labelledby="job_list___sub_heading_31_1" data-parent="#job_list___sub_accordion_31" class="collapse job_list___sub_multi_collapse" id="job_list___sub_collapse_31_1"><div class="card-body"><div class="work-item"><div class="alert alert-success test-outcome" role="alert"><p>worker outcome: normal</p><p>test outcome: killed</p></div></div><pre class="location"><a href="pycharm://open?file=stack4.py&amp;line=63" class="text-secondary"><button class="btn btn-outline-dark">stack4.py, start pos: (63, 25), end pos: (63, 27)</button></a></pre><pre>operator: core/ReplaceComparisonOperator_Eq_GtE, occurrence: 0</pre><div class="alert alert-secondary"><pre class="diff">--- mutation diff ---
--- astack4.py
+++ bstack4.py
@@ -60,7 +60,7 @@
         """Return the node containing val."""
         curr = self.head
         while curr:
-            if curr.data == val:
+            if curr.data &gt;= val:
                 return curr
             curr = curr.next
 </pre></div><div class="alert alert-secondary"><pre class="diff">============================= test session starts ==============================
platform linux -- Python 3.10.12, pytest-7.1.3, pluggy-1.0.0
rootdir: /home/lucca/desktop/ic/experimento/testes/python_experiments/stack4
plugins: Faker-15.1.1, hypothesis-6.56.3
collected 68 items

ALL-SMART-GPT-MUTATEST/test_stack4_DYNAMOSA.py ...........F.F..          [ 23%]
ALL-SMART-GPT-MUTATEST/test_stack4_MIO.py ......FF............           [ 52%]
ALL-SMART-GPT-MUTATEST/test_stack4_MOSA.py .....F...........             [ 77%]
ALL-SMART-GPT-MUTATEST/test_stack4_MUTATEST.py ....F.                    [ 86%]
ALL-SMART-GPT-MUTATEST/test_stack4_WHOLE_SUITE.py .FF......              [100%]

=========================== short test summary info ============================
FAILED ALL-SMART-GPT-MUTATEST/test_stack4_DYNAMOSA.py::test_case_11 - TypeErr...
FAILED ALL-SMART-GPT-MUTATEST/test_stack4_DYNAMOSA.py::test_case_13 - TypeErr...
FAILED ALL-SMART-GPT-MUTATEST/test_stack4_MIO.py::test_case_6 - TypeError: '&gt;...
FAILED ALL-SMART-GPT-MUTATEST/test_stack4_MIO.py::test_case_7 - TypeError: '&gt;...
FAILED ALL-SMART-GPT-MUTATEST/test_stack4_MOSA.py::test_case_5 - TypeError: '...
FAILED ALL-SMART-GPT-MUTATEST/test_stack4_MUTATEST.py::test_search_method - T...
FAILED ALL-SMART-GPT-MUTATEST/test_stack4_WHOLE_SUITE.py::test_case_1 - TypeE...
FAILED ALL-SMART-GPT-MUTATEST/test_stack4_WHOLE_SUITE.py::test_case_2 - TypeE...
========================= 8 failed, 60 passed in 0.20s =========================
</pre></div></div></div></div></div><div class="mb-1" id="job_list___sub_accordion_32"><div class="card"><a data-toggle="collapse" data-target="#job_list___sub_collapse_32_1" aria-expanded="false" aria-controls="job_list___sub_collapse_32_1" href="#" class="job_list___sub_multi_heading"><div role="alert" class="card-header alert-success" id="job_list___sub_heading_32_1"><button class="btn btn-outline-success"><span class="job_id">32 : Job ID a2664f69df2248beaa12f14e4fba6fbd</span></button></div></a><div aria-labelledby="job_list___sub_heading_32_1" data-parent="#job_list___sub_accordion_32" class="collapse job_list___sub_multi_collapse" id="job_list___sub_collapse_32_1"><div class="card-body"><div class="work-item"><div class="alert alert-success test-outcome" role="alert"><p>worker outcome: normal</p><p>test outcome: killed</p></div></div><pre class="location"><a href="pycharm://open?file=stack4.py&amp;line=74" class="text-secondary"><button class="btn btn-outline-dark">stack4.py, start pos: (74, 45), end pos: (74, 47)</button></a></pre><pre>operator: core/ReplaceComparisonOperator_Eq_GtE, occurrence: 1</pre><div class="alert alert-secondary"><pre class="diff">--- mutation diff ---
--- astack4.py
+++ bstack4.py
@@ -71,7 +71,7 @@
             self.head = self.head.next
             self._length -= 1
         while curr:
-            if (curr.next and curr.next.data == val):
+            if (curr.next and curr.next.data &gt;= val):
                 curr.next = curr.next.next
                 self._length -= 1
             curr = curr.next</pre></div><div class="alert alert-secondary"><pre class="diff">============================= test session starts ==============================
platform linux -- Python 3.10.12, pytest-7.1.3, pluggy-1.0.0
rootdir: /home/lucca/desktop/ic/experimento/testes/python_experiments/stack4
plugins: Faker-15.1.1, hypothesis-6.56.3
collected 68 items

ALL-SMART-GPT-MUTATEST/test_stack4_DYNAMOSA.py .............F.F          [ 23%]
ALL-SMART-GPT-MUTATEST/test_stack4_MIO.py ..........F...F.....           [ 52%]
ALL-SMART-GPT-MUTATEST/test_stack4_MOSA.py ...FFF........FF.             [ 77%]
ALL-SMART-GPT-MUTATEST/test_stack4_MUTATEST.py .F.F..                    [ 86%]
ALL-SMART-GPT-MUTATEST/test_stack4_WHOLE_SUITE.py F........              [100%]

=========================== short test summary info ============================
FAILED ALL-SMART-GPT-MUTATEST/test_stack4_DYNAMOSA.py::test_case_13 - TypeErr...
FAILED ALL-SMART-GPT-MUTATEST/test_stack4_DYNAMOSA.py::test_case_15 - TypeErr...
FAILED ALL-SMART-GPT-MUTATEST/test_stack4_MIO.py::test_case_10 - TypeError: '...
FAILED ALL-SMART-GPT-MUTATEST/test_stack4_MIO.py::test_case_14 - TypeError: '...
FAILED ALL-SMART-GPT-MUTATEST/test_stack4_MOSA.py::test_case_3 - TypeError: '...
FAILED ALL-SMART-GPT-MUTATEST/test_stack4_MOSA.py::test_case_4 - TypeError: '...
FAILED ALL-SMART-GPT-MUTATEST/test_stack4_MOSA.py::test_case_5 - TypeError: '...
FAILED ALL-SMART-GPT-MUTATEST/test_stack4_MOSA.py::test_case_14 - TypeError: ...
FAILED ALL-SMART-GPT-MUTATEST/test_stack4_MOSA.py::test_case_15 - TypeError: ...
FAILED ALL-SMART-GPT-MUTATEST/test_stack4_MUTATEST.py::test_remove_method_length_decrement
FAILED ALL-SMART-GPT-MUTATEST/test_stack4_MUTATEST.py::test_remove_method_length_decrement1
FAILED ALL-SMART-GPT-MUTATEST/test_stack4_WHOLE_SUITE.py::test_case_0 - TypeE...
======================== 12 failed, 56 passed in 0.20s =========================
</pre></div></div></div></div></div><div class="mb-1" id="job_list___sub_accordion_33"><div class="card"><a data-toggle="collapse" data-target="#job_list___sub_collapse_33_1" aria-expanded="false" aria-controls="job_list___sub_collapse_33_1" href="#" class="job_list___sub_multi_heading"><div role="alert" class="card-header alert-danger" id="job_list___sub_heading_33_1"><button class="btn btn-outline-danger"><span class="job_id">33 : Job ID 2b9ddcc45e234be8ba30ad30e7a9daa2</span></button></div></a><div aria-labelledby="job_list___sub_heading_33_1" data-parent="#job_list___sub_accordion_33" class="collapse job_list___sub_multi_collapse" id="job_list___sub_collapse_33_1"><div class="card-body"><div class="work-item"><div class="alert alert-danger test-outcome" role="alert"><p>SURVIVED</p><p>worker outcome: normal</p><p>test outcome: survived</p></div></div><pre class="location"><a href="pycharm://open?file=stack4.py&amp;line=63" class="text-secondary"><button class="btn btn-outline-dark">stack4.py, start pos: (63, 25), end pos: (63, 27)</button></a></pre><pre>operator: core/ReplaceComparisonOperator_Eq_Is, occurrence: 0</pre><div class="alert alert-secondary"><pre class="diff">--- mutation diff ---
--- astack4.py
+++ bstack4.py
@@ -60,7 +60,7 @@
         """Return the node containing val."""
         curr = self.head
         while curr:
-            if curr.data == val:
+            if curr.data is val:
                 return curr
             curr = curr.next
 </pre></div><div class="alert alert-secondary"><pre class="diff">============================= test session starts ==============================
platform linux -- Python 3.10.12, pytest-7.1.3, pluggy-1.0.0
rootdir: /home/lucca/desktop/ic/experimento/testes/python_experiments/stack4
plugins: Faker-15.1.1, hypothesis-6.56.3
collected 68 items

ALL-SMART-GPT-MUTATEST/test_stack4_DYNAMOSA.py ................          [ 23%]
ALL-SMART-GPT-MUTATEST/test_stack4_MIO.py ....................           [ 52%]
ALL-SMART-GPT-MUTATEST/test_stack4_MOSA.py .................             [ 77%]
ALL-SMART-GPT-MUTATEST/test_stack4_MUTATEST.py ......                    [ 86%]
ALL-SMART-GPT-MUTATEST/test_stack4_WHOLE_SUITE.py .........              [100%]

============================== 68 passed in 0.20s ==============================
</pre></div></div></div></div></div><div class="mb-1" id="job_list___sub_accordion_34"><div class="card"><a data-toggle="collapse" data-target="#job_list___sub_collapse_34_1" aria-expanded="false" aria-controls="job_list___sub_collapse_34_1" href="#" class="job_list___sub_multi_heading"><div role="alert" class="card-header alert-danger" id="job_list___sub_heading_34_1"><button class="btn btn-outline-danger"><span class="job_id">34 : Job ID a74b8a2b28ae45e7b4a9b5a2fd9e49e5</span></button></div></a><div aria-labelledby="job_list___sub_heading_34_1" data-parent="#job_list___sub_accordion_34" class="collapse job_list___sub_multi_collapse" id="job_list___sub_collapse_34_1"><div class="card-body"><div class="work-item"><div class="alert alert-danger test-outcome" role="alert"><p>SURVIVED</p><p>worker outcome: normal</p><p>test outcome: survived</p></div></div><pre class="location"><a href="pycharm://open?file=stack4.py&amp;line=74" class="text-secondary"><button class="btn btn-outline-dark">stack4.py, start pos: (74, 45), end pos: (74, 47)</button></a></pre><pre>operator: core/ReplaceComparisonOperator_Eq_Is, occurrence: 1</pre><div class="alert alert-secondary"><pre class="diff">--- mutation diff ---
--- astack4.py
+++ bstack4.py
@@ -71,7 +71,7 @@
             self.head = self.head.next
             self._length -= 1
         while curr:
-            if (curr.next and curr.next.data == val):
+            if (curr.next and curr.next.data is val):
                 curr.next = curr.next.next
                 self._length -= 1
             curr = curr.next</pre></div><div class="alert alert-secondary"><pre class="diff">============================= test session starts ==============================
platform linux -- Python 3.10.12, pytest-7.1.3, pluggy-1.0.0
rootdir: /home/lucca/desktop/ic/experimento/testes/python_experiments/stack4
plugins: Faker-15.1.1, hypothesis-6.56.3
collected 68 items

ALL-SMART-GPT-MUTATEST/test_stack4_DYNAMOSA.py ................          [ 23%]
ALL-SMART-GPT-MUTATEST/test_stack4_MIO.py ....................           [ 52%]
ALL-SMART-GPT-MUTATEST/test_stack4_MOSA.py .................             [ 77%]
ALL-SMART-GPT-MUTATEST/test_stack4_MUTATEST.py ......                    [ 86%]
ALL-SMART-GPT-MUTATEST/test_stack4_WHOLE_SUITE.py .........              [100%]

============================== 68 passed in 0.20s ==============================
</pre></div></div></div></div></div><div class="mb-1" id="job_list___sub_accordion_35"><div class="card"><a data-toggle="collapse" data-target="#job_list___sub_collapse_35_1" aria-expanded="false" aria-controls="job_list___sub_collapse_35_1" href="#" class="job_list___sub_multi_heading"><div role="alert" class="card-header alert-success" id="job_list___sub_heading_35_1"><button class="btn btn-outline-success"><span class="job_id">35 : Job ID 9b7c06d9dba64bf1a02e359025a851c5</span></button></div></a><div aria-labelledby="job_list___sub_heading_35_1" data-parent="#job_list___sub_accordion_35" class="collapse job_list___sub_multi_collapse" id="job_list___sub_collapse_35_1"><div class="card-body"><div class="work-item"><div class="alert alert-success test-outcome" role="alert"><p>worker outcome: normal</p><p>test outcome: killed</p></div></div><pre class="location"><a href="pycharm://open?file=stack4.py&amp;line=63" class="text-secondary"><button class="btn btn-outline-dark">stack4.py, start pos: (63, 25), end pos: (63, 27)</button></a></pre><pre>operator: core/ReplaceComparisonOperator_Eq_IsNot, occurrence: 0</pre><div class="alert alert-secondary"><pre class="diff">--- mutation diff ---
--- astack4.py
+++ bstack4.py
@@ -60,7 +60,7 @@
         """Return the node containing val."""
         curr = self.head
         while curr:
-            if curr.data == val:
+            if curr.data is not val:
                 return curr
             curr = curr.next
 </pre></div><div class="alert alert-secondary"><pre class="diff">============================= test session starts ==============================
platform linux -- Python 3.10.12, pytest-7.1.3, pluggy-1.0.0
rootdir: /home/lucca/desktop/ic/experimento/testes/python_experiments/stack4
plugins: Faker-15.1.1, hypothesis-6.56.3
collected 68 items

ALL-SMART-GPT-MUTATEST/test_stack4_DYNAMOSA.py ....F.........F.          [ 23%]
ALL-SMART-GPT-MUTATEST/test_stack4_MIO.py ......F.............           [ 52%]
ALL-SMART-GPT-MUTATEST/test_stack4_MOSA.py ......F..........             [ 77%]
ALL-SMART-GPT-MUTATEST/test_stack4_MUTATEST.py ....F.                    [ 86%]
ALL-SMART-GPT-MUTATEST/test_stack4_WHOLE_SUITE.py ..F......              [100%]

=========================== short test summary info ============================
FAILED ALL-SMART-GPT-MUTATEST/test_stack4_DYNAMOSA.py::test_case_4 - Assertio...
FAILED ALL-SMART-GPT-MUTATEST/test_stack4_DYNAMOSA.py::test_case_14 - Asserti...
FAILED ALL-SMART-GPT-MUTATEST/test_stack4_MIO.py::test_case_6 - AssertionErro...
FAILED ALL-SMART-GPT-MUTATEST/test_stack4_MOSA.py::test_case_6 - AssertionErr...
FAILED ALL-SMART-GPT-MUTATEST/test_stack4_MUTATEST.py::test_search_method - A...
FAILED ALL-SMART-GPT-MUTATEST/test_stack4_WHOLE_SUITE.py::test_case_2 - Asser...
========================= 6 failed, 62 passed in 0.20s =========================
</pre></div></div></div></div></div><div class="mb-1" id="job_list___sub_accordion_36"><div class="card"><a data-toggle="collapse" data-target="#job_list___sub_collapse_36_1" aria-expanded="false" aria-controls="job_list___sub_collapse_36_1" href="#" class="job_list___sub_multi_heading"><div role="alert" class="card-header alert-success" id="job_list___sub_heading_36_1"><button class="btn btn-outline-success"><span class="job_id">36 : Job ID b0d6945d4f0042a18a5c87d7d991572c</span></button></div></a><div aria-labelledby="job_list___sub_heading_36_1" data-parent="#job_list___sub_accordion_36" class="collapse job_list___sub_multi_collapse" id="job_list___sub_collapse_36_1"><div class="card-body"><div class="work-item"><div class="alert alert-success test-outcome" role="alert"><p>worker outcome: normal</p><p>test outcome: killed</p></div></div><pre class="location"><a href="pycharm://open?file=stack4.py&amp;line=74" class="text-secondary"><button class="btn btn-outline-dark">stack4.py, start pos: (74, 45), end pos: (74, 47)</button></a></pre><pre>operator: core/ReplaceComparisonOperator_Eq_IsNot, occurrence: 1</pre><div class="alert alert-secondary"><pre class="diff">--- mutation diff ---
--- astack4.py
+++ bstack4.py
@@ -71,7 +71,7 @@
             self.head = self.head.next
             self._length -= 1
         while curr:
-            if (curr.next and curr.next.data == val):
+            if (curr.next and curr.next.data is not val):
                 curr.next = curr.next.next
                 self._length -= 1
             curr = curr.next</pre></div><div class="alert alert-secondary"><pre class="diff">============================= test session starts ==============================
platform linux -- Python 3.10.12, pytest-7.1.3, pluggy-1.0.0
rootdir: /home/lucca/desktop/ic/experimento/testes/python_experiments/stack4
plugins: Faker-15.1.1, hypothesis-6.56.3
collected 68 items

ALL-SMART-GPT-MUTATEST/test_stack4_DYNAMOSA.py ................          [ 23%]
ALL-SMART-GPT-MUTATEST/test_stack4_MIO.py ....................           [ 52%]
ALL-SMART-GPT-MUTATEST/test_stack4_MOSA.py .................             [ 77%]
ALL-SMART-GPT-MUTATEST/test_stack4_MUTATEST.py .F.F..                    [ 86%]
ALL-SMART-GPT-MUTATEST/test_stack4_WHOLE_SUITE.py .........              [100%]

=========================== short test summary info ============================
FAILED ALL-SMART-GPT-MUTATEST/test_stack4_MUTATEST.py::test_remove_method_length_decrement
FAILED ALL-SMART-GPT-MUTATEST/test_stack4_MUTATEST.py::test_remove_method_length_decrement1
========================= 2 failed, 66 passed in 0.20s =========================
</pre></div></div></div></div></div><div class="mb-1" id="job_list___sub_accordion_37"><div class="card"><a data-toggle="collapse" data-target="#job_list___sub_collapse_37_1" aria-expanded="false" aria-controls="job_list___sub_collapse_37_1" href="#" class="job_list___sub_multi_heading"><div role="alert" class="card-header alert-danger" id="job_list___sub_heading_37_1"><button class="btn btn-outline-danger"><span class="job_id">37 : Job ID b6b1005cf4a245a09e940e378331f20f</span></button></div></a><div aria-labelledby="job_list___sub_heading_37_1" data-parent="#job_list___sub_accordion_37" class="collapse job_list___sub_multi_collapse" id="job_list___sub_collapse_37_1"><div class="card-body"><div class="work-item"><div class="alert alert-danger test-outcome" role="alert"><p>SURVIVED</p><p>worker outcome: normal</p><p>test outcome: survived</p></div></div><pre class="location"><a href="pycharm://open?file=stack4.py&amp;line=70" class="text-secondary"><button class="btn btn-outline-dark">stack4.py, start pos: (70, 24), end pos: (70, 26)</button></a></pre><pre>operator: core/ReplaceComparisonOperator_Is_Eq, occurrence: 0</pre><div class="alert alert-secondary"><pre class="diff">--- mutation diff ---
--- astack4.py
+++ bstack4.py
@@ -67,7 +67,7 @@
     def remove(self, val):
         """Remove node from list if exists."""
         curr = self.head
-        if curr and val is self.head.data:
+        if curr and val == self.head.data:
             self.head = self.head.next
             self._length -= 1
         while curr:</pre></div><div class="alert alert-secondary"><pre class="diff">============================= test session starts ==============================
platform linux -- Python 3.10.12, pytest-7.1.3, pluggy-1.0.0
rootdir: /home/lucca/desktop/ic/experimento/testes/python_experiments/stack4
plugins: Faker-15.1.1, hypothesis-6.56.3
collected 68 items

ALL-SMART-GPT-MUTATEST/test_stack4_DYNAMOSA.py ................          [ 23%]
ALL-SMART-GPT-MUTATEST/test_stack4_MIO.py ....................           [ 52%]
ALL-SMART-GPT-MUTATEST/test_stack4_MOSA.py .................             [ 77%]
ALL-SMART-GPT-MUTATEST/test_stack4_MUTATEST.py ......                    [ 86%]
ALL-SMART-GPT-MUTATEST/test_stack4_WHOLE_SUITE.py .........              [100%]

============================== 68 passed in 0.19s ==============================
</pre></div></div></div></div></div><div class="mb-1" id="job_list___sub_accordion_38"><div class="card"><a data-toggle="collapse" data-target="#job_list___sub_collapse_38_1" aria-expanded="false" aria-controls="job_list___sub_collapse_38_1" href="#" class="job_list___sub_multi_heading"><div role="alert" class="card-header alert-success" id="job_list___sub_heading_38_1"><button class="btn btn-outline-success"><span class="job_id">38 : Job ID aeab58518e1b4662b6f8a08ee7186c23</span></button></div></a><div aria-labelledby="job_list___sub_heading_38_1" data-parent="#job_list___sub_accordion_38" class="collapse job_list___sub_multi_collapse" id="job_list___sub_collapse_38_1"><div class="card-body"><div class="work-item"><div class="alert alert-success test-outcome" role="alert"><p>worker outcome: normal</p><p>test outcome: killed</p></div></div><pre class="location"><a href="pycharm://open?file=stack4.py&amp;line=70" class="text-secondary"><button class="btn btn-outline-dark">stack4.py, start pos: (70, 24), end pos: (70, 26)</button></a></pre><pre>operator: core/ReplaceComparisonOperator_Is_NotEq, occurrence: 0</pre><div class="alert alert-secondary"><pre class="diff">--- mutation diff ---
--- astack4.py
+++ bstack4.py
@@ -67,7 +67,7 @@
     def remove(self, val):
         """Remove node from list if exists."""
         curr = self.head
-        if curr and val is self.head.data:
+        if curr and val != self.head.data:
             self.head = self.head.next
             self._length -= 1
         while curr:</pre></div><div class="alert alert-secondary"><pre class="diff">============================= test session starts ==============================
platform linux -- Python 3.10.12, pytest-7.1.3, pluggy-1.0.0
rootdir: /home/lucca/desktop/ic/experimento/testes/python_experiments/stack4
plugins: Faker-15.1.1, hypothesis-6.56.3
collected 68 items

ALL-SMART-GPT-MUTATEST/test_stack4_DYNAMOSA.py ..............F.          [ 23%]
ALL-SMART-GPT-MUTATEST/test_stack4_MIO.py ............F.......           [ 52%]
ALL-SMART-GPT-MUTATEST/test_stack4_MOSA.py ...F.............             [ 77%]
ALL-SMART-GPT-MUTATEST/test_stack4_MUTATEST.py .F.F..                    [ 86%]
ALL-SMART-GPT-MUTATEST/test_stack4_WHOLE_SUITE.py .........              [100%]

=========================== short test summary info ============================
FAILED ALL-SMART-GPT-MUTATEST/test_stack4_DYNAMOSA.py::test_case_14 - assert ...
FAILED ALL-SMART-GPT-MUTATEST/test_stack4_MIO.py::test_case_12 - assert &lt;stac...
FAILED ALL-SMART-GPT-MUTATEST/test_stack4_MOSA.py::test_case_3 - AssertionErr...
FAILED ALL-SMART-GPT-MUTATEST/test_stack4_MUTATEST.py::test_remove_method_length_decrement
FAILED ALL-SMART-GPT-MUTATEST/test_stack4_MUTATEST.py::test_remove_method_length_decrement1
========================= 5 failed, 63 passed in 0.21s =========================
</pre></div></div></div></div></div><div class="mb-1" id="job_list___sub_accordion_39"><div class="card"><a data-toggle="collapse" data-target="#job_list___sub_collapse_39_1" aria-expanded="false" aria-controls="job_list___sub_collapse_39_1" href="#" class="job_list___sub_multi_heading"><div role="alert" class="card-header alert-success" id="job_list___sub_heading_39_1"><button class="btn btn-outline-success"><span class="job_id">39 : Job ID f639315d92de4cb78d94350b6359f661</span></button></div></a><div aria-labelledby="job_list___sub_heading_39_1" data-parent="#job_list___sub_accordion_39" class="collapse job_list___sub_multi_collapse" id="job_list___sub_collapse_39_1"><div class="card-body"><div class="work-item"><div class="alert alert-success test-outcome" role="alert"><p>worker outcome: normal</p><p>test outcome: killed</p></div></div><pre class="location"><a href="pycharm://open?file=stack4.py&amp;line=70" class="text-secondary"><button class="btn btn-outline-dark">stack4.py, start pos: (70, 24), end pos: (70, 26)</button></a></pre><pre>operator: core/ReplaceComparisonOperator_Is_Lt, occurrence: 0</pre><div class="alert alert-secondary"><pre class="diff">--- mutation diff ---
--- astack4.py
+++ bstack4.py
@@ -67,7 +67,7 @@
     def remove(self, val):
         """Remove node from list if exists."""
         curr = self.head
-        if curr and val is self.head.data:
+        if curr and val &lt; self.head.data:
             self.head = self.head.next
             self._length -= 1
         while curr:</pre></div><div class="alert alert-secondary"><pre class="diff">============================= test session starts ==============================
platform linux -- Python 3.10.12, pytest-7.1.3, pluggy-1.0.0
rootdir: /home/lucca/desktop/ic/experimento/testes/python_experiments/stack4
plugins: Faker-15.1.1, hypothesis-6.56.3
collected 68 items

ALL-SMART-GPT-MUTATEST/test_stack4_DYNAMOSA.py ..........FF.FFF          [ 23%]
ALL-SMART-GPT-MUTATEST/test_stack4_MIO.py ..........FFF.F.....           [ 52%]
ALL-SMART-GPT-MUTATEST/test_stack4_MOSA.py ...FFF........FFF             [ 77%]
ALL-SMART-GPT-MUTATEST/test_stack4_MUTATEST.py .F.F..                    [ 86%]
ALL-SMART-GPT-MUTATEST/test_stack4_WHOLE_SUITE.py F........              [100%]

=========================== short test summary info ============================
FAILED ALL-SMART-GPT-MUTATEST/test_stack4_DYNAMOSA.py::test_case_10 - TypeErr...
FAILED ALL-SMART-GPT-MUTATEST/test_stack4_DYNAMOSA.py::test_case_11 - TypeErr...
FAILED ALL-SMART-GPT-MUTATEST/test_stack4_DYNAMOSA.py::test_case_13 - TypeErr...
FAILED ALL-SMART-GPT-MUTATEST/test_stack4_DYNAMOSA.py::test_case_14 - assert ...
FAILED ALL-SMART-GPT-MUTATEST/test_stack4_DYNAMOSA.py::test_case_15 - TypeErr...
FAILED ALL-SMART-GPT-MUTATEST/test_stack4_MIO.py::test_case_10 - TypeError: '...
FAILED ALL-SMART-GPT-MUTATEST/test_stack4_MIO.py::test_case_11 - TypeError: '...
FAILED ALL-SMART-GPT-MUTATEST/test_stack4_MIO.py::test_case_12 - TypeError: '...
FAILED ALL-SMART-GPT-MUTATEST/test_stack4_MIO.py::test_case_14 - TypeError: '...
FAILED ALL-SMART-GPT-MUTATEST/test_stack4_MOSA.py::test_case_3 - TypeError: '...
FAILED ALL-SMART-GPT-MUTATEST/test_stack4_MOSA.py::test_case_4 - TypeError: '...
FAILED ALL-SMART-GPT-MUTATEST/test_stack4_MOSA.py::test_case_5 - TypeError: '...
FAILED ALL-SMART-GPT-MUTATEST/test_stack4_MOSA.py::test_case_14 - TypeError: ...
FAILED ALL-SMART-GPT-MUTATEST/test_stack4_MOSA.py::test_case_15 - TypeError: ...
FAILED ALL-SMART-GPT-MUTATEST/test_stack4_MOSA.py::test_case_16 - TypeError: ...
FAILED ALL-SMART-GPT-MUTATEST/test_stack4_MUTATEST.py::test_remove_method_length_decrement
FAILED ALL-SMART-GPT-MUTATEST/test_stack4_MUTATEST.py::test_remove_method_length_decrement1
FAILED ALL-SMART-GPT-MUTATEST/test_stack4_WHOLE_SUITE.py::test_case_0 - TypeE...
======================== 18 failed, 50 passed in 0.21s =========================
</pre></div></div></div></div></div><div class="mb-1" id="job_list___sub_accordion_40"><div class="card"><a data-toggle="collapse" data-target="#job_list___sub_collapse_40_1" aria-expanded="false" aria-controls="job_list___sub_collapse_40_1" href="#" class="job_list___sub_multi_heading"><div role="alert" class="card-header alert-success" id="job_list___sub_heading_40_1"><button class="btn btn-outline-success"><span class="job_id">40 : Job ID 1a3feacfbbda4f8286577e6b45076e93</span></button></div></a><div aria-labelledby="job_list___sub_heading_40_1" data-parent="#job_list___sub_accordion_40" class="collapse job_list___sub_multi_collapse" id="job_list___sub_collapse_40_1"><div class="card-body"><div class="work-item"><div class="alert alert-success test-outcome" role="alert"><p>worker outcome: normal</p><p>test outcome: killed</p></div></div><pre class="location"><a href="pycharm://open?file=stack4.py&amp;line=70" class="text-secondary"><button class="btn btn-outline-dark">stack4.py, start pos: (70, 24), end pos: (70, 26)</button></a></pre><pre>operator: core/ReplaceComparisonOperator_Is_LtE, occurrence: 0</pre><div class="alert alert-secondary"><pre class="diff">--- mutation diff ---
--- astack4.py
+++ bstack4.py
@@ -67,7 +67,7 @@
     def remove(self, val):
         """Remove node from list if exists."""
         curr = self.head
-        if curr and val is self.head.data:
+        if curr and val &lt;= self.head.data:
             self.head = self.head.next
             self._length -= 1
         while curr:</pre></div><div class="alert alert-secondary"><pre class="diff">============================= test session starts ==============================
platform linux -- Python 3.10.12, pytest-7.1.3, pluggy-1.0.0
rootdir: /home/lucca/desktop/ic/experimento/testes/python_experiments/stack4
plugins: Faker-15.1.1, hypothesis-6.56.3
collected 68 items

ALL-SMART-GPT-MUTATEST/test_stack4_DYNAMOSA.py ..........FF.F.F          [ 23%]
ALL-SMART-GPT-MUTATEST/test_stack4_MIO.py ..........FFF.F.....           [ 52%]
ALL-SMART-GPT-MUTATEST/test_stack4_MOSA.py ...FFF........FF.             [ 77%]
ALL-SMART-GPT-MUTATEST/test_stack4_MUTATEST.py .F....                    [ 86%]
ALL-SMART-GPT-MUTATEST/test_stack4_WHOLE_SUITE.py F........              [100%]

=========================== short test summary info ============================
FAILED ALL-SMART-GPT-MUTATEST/test_stack4_DYNAMOSA.py::test_case_10 - TypeErr...
FAILED ALL-SMART-GPT-MUTATEST/test_stack4_DYNAMOSA.py::test_case_11 - TypeErr...
FAILED ALL-SMART-GPT-MUTATEST/test_stack4_DYNAMOSA.py::test_case_13 - TypeErr...
FAILED ALL-SMART-GPT-MUTATEST/test_stack4_DYNAMOSA.py::test_case_15 - TypeErr...
FAILED ALL-SMART-GPT-MUTATEST/test_stack4_MIO.py::test_case_10 - TypeError: '...
FAILED ALL-SMART-GPT-MUTATEST/test_stack4_MIO.py::test_case_11 - TypeError: '...
FAILED ALL-SMART-GPT-MUTATEST/test_stack4_MIO.py::test_case_12 - TypeError: '...
FAILED ALL-SMART-GPT-MUTATEST/test_stack4_MIO.py::test_case_14 - TypeError: '...
FAILED ALL-SMART-GPT-MUTATEST/test_stack4_MOSA.py::test_case_3 - TypeError: '...
FAILED ALL-SMART-GPT-MUTATEST/test_stack4_MOSA.py::test_case_4 - TypeError: '...
FAILED ALL-SMART-GPT-MUTATEST/test_stack4_MOSA.py::test_case_5 - TypeError: '...
FAILED ALL-SMART-GPT-MUTATEST/test_stack4_MOSA.py::test_case_14 - TypeError: ...
FAILED ALL-SMART-GPT-MUTATEST/test_stack4_MOSA.py::test_case_15 - TypeError: ...
FAILED ALL-SMART-GPT-MUTATEST/test_stack4_MUTATEST.py::test_remove_method_length_decrement
FAILED ALL-SMART-GPT-MUTATEST/test_stack4_WHOLE_SUITE.py::test_case_0 - TypeE...
======================== 15 failed, 53 passed in 0.20s =========================
</pre></div></div></div></div></div><div class="mb-1" id="job_list___sub_accordion_41"><div class="card"><a data-toggle="collapse" data-target="#job_list___sub_collapse_41_1" aria-expanded="false" aria-controls="job_list___sub_collapse_41_1" href="#" class="job_list___sub_multi_heading"><div role="alert" class="card-header alert-success" id="job_list___sub_heading_41_1"><button class="btn btn-outline-success"><span class="job_id">41 : Job ID 85ad2d22c8694d00a53d7c53f4205d6b</span></button></div></a><div aria-labelledby="job_list___sub_heading_41_1" data-parent="#job_list___sub_accordion_41" class="collapse job_list___sub_multi_collapse" id="job_list___sub_collapse_41_1"><div class="card-body"><div class="work-item"><div class="alert alert-success test-outcome" role="alert"><p>worker outcome: normal</p><p>test outcome: killed</p></div></div><pre class="location"><a href="pycharm://open?file=stack4.py&amp;line=70" class="text-secondary"><button class="btn btn-outline-dark">stack4.py, start pos: (70, 24), end pos: (70, 26)</button></a></pre><pre>operator: core/ReplaceComparisonOperator_Is_Gt, occurrence: 0</pre><div class="alert alert-secondary"><pre class="diff">--- mutation diff ---
--- astack4.py
+++ bstack4.py
@@ -67,7 +67,7 @@
     def remove(self, val):
         """Remove node from list if exists."""
         curr = self.head
-        if curr and val is self.head.data:
+        if curr and val &gt; self.head.data:
             self.head = self.head.next
             self._length -= 1
         while curr:</pre></div><div class="alert alert-secondary"><pre class="diff">============================= test session starts ==============================
platform linux -- Python 3.10.12, pytest-7.1.3, pluggy-1.0.0
rootdir: /home/lucca/desktop/ic/experimento/testes/python_experiments/stack4
plugins: Faker-15.1.1, hypothesis-6.56.3
collected 68 items

ALL-SMART-GPT-MUTATEST/test_stack4_DYNAMOSA.py ..........FF.FFF          [ 23%]
ALL-SMART-GPT-MUTATEST/test_stack4_MIO.py ..........FFF.F.....           [ 52%]
ALL-SMART-GPT-MUTATEST/test_stack4_MOSA.py ...FFF........FFF             [ 77%]
ALL-SMART-GPT-MUTATEST/test_stack4_MUTATEST.py .F.F..                    [ 86%]
ALL-SMART-GPT-MUTATEST/test_stack4_WHOLE_SUITE.py F........              [100%]

=========================== short test summary info ============================
FAILED ALL-SMART-GPT-MUTATEST/test_stack4_DYNAMOSA.py::test_case_10 - TypeErr...
FAILED ALL-SMART-GPT-MUTATEST/test_stack4_DYNAMOSA.py::test_case_11 - TypeErr...
FAILED ALL-SMART-GPT-MUTATEST/test_stack4_DYNAMOSA.py::test_case_13 - TypeErr...
FAILED ALL-SMART-GPT-MUTATEST/test_stack4_DYNAMOSA.py::test_case_14 - assert ...
FAILED ALL-SMART-GPT-MUTATEST/test_stack4_DYNAMOSA.py::test_case_15 - TypeErr...
FAILED ALL-SMART-GPT-MUTATEST/test_stack4_MIO.py::test_case_10 - TypeError: '...
FAILED ALL-SMART-GPT-MUTATEST/test_stack4_MIO.py::test_case_11 - TypeError: '...
FAILED ALL-SMART-GPT-MUTATEST/test_stack4_MIO.py::test_case_12 - TypeError: '...
FAILED ALL-SMART-GPT-MUTATEST/test_stack4_MIO.py::test_case_14 - TypeError: '...
FAILED ALL-SMART-GPT-MUTATEST/test_stack4_MOSA.py::test_case_3 - TypeError: '...
FAILED ALL-SMART-GPT-MUTATEST/test_stack4_MOSA.py::test_case_4 - TypeError: '...
FAILED ALL-SMART-GPT-MUTATEST/test_stack4_MOSA.py::test_case_5 - TypeError: '...
FAILED ALL-SMART-GPT-MUTATEST/test_stack4_MOSA.py::test_case_14 - TypeError: ...
FAILED ALL-SMART-GPT-MUTATEST/test_stack4_MOSA.py::test_case_15 - TypeError: ...
FAILED ALL-SMART-GPT-MUTATEST/test_stack4_MOSA.py::test_case_16 - TypeError: ...
FAILED ALL-SMART-GPT-MUTATEST/test_stack4_MUTATEST.py::test_remove_method_length_decrement
FAILED ALL-SMART-GPT-MUTATEST/test_stack4_MUTATEST.py::test_remove_method_length_decrement1
FAILED ALL-SMART-GPT-MUTATEST/test_stack4_WHOLE_SUITE.py::test_case_0 - TypeE...
======================== 18 failed, 50 passed in 0.21s =========================
</pre></div></div></div></div></div><div class="mb-1" id="job_list___sub_accordion_42"><div class="card"><a data-toggle="collapse" data-target="#job_list___sub_collapse_42_1" aria-expanded="false" aria-controls="job_list___sub_collapse_42_1" href="#" class="job_list___sub_multi_heading"><div role="alert" class="card-header alert-success" id="job_list___sub_heading_42_1"><button class="btn btn-outline-success"><span class="job_id">42 : Job ID 951767c7a5e44bec849f14325a8d0734</span></button></div></a><div aria-labelledby="job_list___sub_heading_42_1" data-parent="#job_list___sub_accordion_42" class="collapse job_list___sub_multi_collapse" id="job_list___sub_collapse_42_1"><div class="card-body"><div class="work-item"><div class="alert alert-success test-outcome" role="alert"><p>worker outcome: normal</p><p>test outcome: killed</p></div></div><pre class="location"><a href="pycharm://open?file=stack4.py&amp;line=70" class="text-secondary"><button class="btn btn-outline-dark">stack4.py, start pos: (70, 24), end pos: (70, 26)</button></a></pre><pre>operator: core/ReplaceComparisonOperator_Is_GtE, occurrence: 0</pre><div class="alert alert-secondary"><pre class="diff">--- mutation diff ---
--- astack4.py
+++ bstack4.py
@@ -67,7 +67,7 @@
     def remove(self, val):
         """Remove node from list if exists."""
         curr = self.head
-        if curr and val is self.head.data:
+        if curr and val &gt;= self.head.data:
             self.head = self.head.next
             self._length -= 1
         while curr:</pre></div><div class="alert alert-secondary"><pre class="diff">============================= test session starts ==============================
platform linux -- Python 3.10.12, pytest-7.1.3, pluggy-1.0.0
rootdir: /home/lucca/desktop/ic/experimento/testes/python_experiments/stack4
plugins: Faker-15.1.1, hypothesis-6.56.3
collected 68 items

ALL-SMART-GPT-MUTATEST/test_stack4_DYNAMOSA.py ..........FF.F.F          [ 23%]
ALL-SMART-GPT-MUTATEST/test_stack4_MIO.py ..........FFF.F.....           [ 52%]
ALL-SMART-GPT-MUTATEST/test_stack4_MOSA.py ...FFF........FFF             [ 77%]
ALL-SMART-GPT-MUTATEST/test_stack4_MUTATEST.py .F....                    [ 86%]
ALL-SMART-GPT-MUTATEST/test_stack4_WHOLE_SUITE.py F........              [100%]

=========================== short test summary info ============================
FAILED ALL-SMART-GPT-MUTATEST/test_stack4_DYNAMOSA.py::test_case_10 - TypeErr...
FAILED ALL-SMART-GPT-MUTATEST/test_stack4_DYNAMOSA.py::test_case_11 - TypeErr...
FAILED ALL-SMART-GPT-MUTATEST/test_stack4_DYNAMOSA.py::test_case_13 - TypeErr...
FAILED ALL-SMART-GPT-MUTATEST/test_stack4_DYNAMOSA.py::test_case_15 - TypeErr...
FAILED ALL-SMART-GPT-MUTATEST/test_stack4_MIO.py::test_case_10 - TypeError: '...
FAILED ALL-SMART-GPT-MUTATEST/test_stack4_MIO.py::test_case_11 - TypeError: '...
FAILED ALL-SMART-GPT-MUTATEST/test_stack4_MIO.py::test_case_12 - TypeError: '...
FAILED ALL-SMART-GPT-MUTATEST/test_stack4_MIO.py::test_case_14 - TypeError: '...
FAILED ALL-SMART-GPT-MUTATEST/test_stack4_MOSA.py::test_case_3 - TypeError: '...
FAILED ALL-SMART-GPT-MUTATEST/test_stack4_MOSA.py::test_case_4 - TypeError: '...
FAILED ALL-SMART-GPT-MUTATEST/test_stack4_MOSA.py::test_case_5 - TypeError: '...
FAILED ALL-SMART-GPT-MUTATEST/test_stack4_MOSA.py::test_case_14 - TypeError: ...
FAILED ALL-SMART-GPT-MUTATEST/test_stack4_MOSA.py::test_case_15 - TypeError: ...
FAILED ALL-SMART-GPT-MUTATEST/test_stack4_MOSA.py::test_case_16 - TypeError: ...
FAILED ALL-SMART-GPT-MUTATEST/test_stack4_MUTATEST.py::test_remove_method_length_decrement
FAILED ALL-SMART-GPT-MUTATEST/test_stack4_WHOLE_SUITE.py::test_case_0 - TypeE...
======================== 16 failed, 52 passed in 0.21s =========================
</pre></div></div></div></div></div><div class="mb-1" id="job_list___sub_accordion_43"><div class="card"><a data-toggle="collapse" data-target="#job_list___sub_collapse_43_1" aria-expanded="false" aria-controls="job_list___sub_collapse_43_1" href="#" class="job_list___sub_multi_heading"><div role="alert" class="card-header alert-success" id="job_list___sub_heading_43_1"><button class="btn btn-outline-success"><span class="job_id">43 : Job ID 0cf19498947045d1a9bac4df1c7db306</span></button></div></a><div aria-labelledby="job_list___sub_heading_43_1" data-parent="#job_list___sub_accordion_43" class="collapse job_list___sub_multi_collapse" id="job_list___sub_collapse_43_1"><div class="card-body"><div class="work-item"><div class="alert alert-success test-outcome" role="alert"><p>worker outcome: normal</p><p>test outcome: killed</p></div></div><pre class="location"><a href="pycharm://open?file=stack4.py&amp;line=70" class="text-secondary"><button class="btn btn-outline-dark">stack4.py, start pos: (70, 24), end pos: (70, 26)</button></a></pre><pre>operator: core/ReplaceComparisonOperator_Is_IsNot, occurrence: 0</pre><div class="alert alert-secondary"><pre class="diff">--- mutation diff ---
--- astack4.py
+++ bstack4.py
@@ -67,7 +67,7 @@
     def remove(self, val):
         """Remove node from list if exists."""
         curr = self.head
-        if curr and val is self.head.data:
+        if curr and val is not self.head.data:
             self.head = self.head.next
             self._length -= 1
         while curr:</pre></div><div class="alert alert-secondary"><pre class="diff">============================= test session starts ==============================
platform linux -- Python 3.10.12, pytest-7.1.3, pluggy-1.0.0
rootdir: /home/lucca/desktop/ic/experimento/testes/python_experiments/stack4
plugins: Faker-15.1.1, hypothesis-6.56.3
collected 68 items

ALL-SMART-GPT-MUTATEST/test_stack4_DYNAMOSA.py ..............F.          [ 23%]
ALL-SMART-GPT-MUTATEST/test_stack4_MIO.py ............F.......           [ 52%]
ALL-SMART-GPT-MUTATEST/test_stack4_MOSA.py ...F.............             [ 77%]
ALL-SMART-GPT-MUTATEST/test_stack4_MUTATEST.py .F.F..                    [ 86%]
ALL-SMART-GPT-MUTATEST/test_stack4_WHOLE_SUITE.py .........              [100%]

=========================== short test summary info ============================
FAILED ALL-SMART-GPT-MUTATEST/test_stack4_DYNAMOSA.py::test_case_14 - assert ...
FAILED ALL-SMART-GPT-MUTATEST/test_stack4_MIO.py::test_case_12 - assert &lt;stac...
FAILED ALL-SMART-GPT-MUTATEST/test_stack4_MOSA.py::test_case_3 - AssertionErr...
FAILED ALL-SMART-GPT-MUTATEST/test_stack4_MUTATEST.py::test_remove_method_length_decrement
FAILED ALL-SMART-GPT-MUTATEST/test_stack4_MUTATEST.py::test_remove_method_length_decrement1
========================= 5 failed, 63 passed in 0.21s =========================
</pre></div></div></div></div></div><div class="mb-1" id="job_list___sub_accordion_44"><div class="card"><a data-toggle="collapse" data-target="#job_list___sub_collapse_44_1" aria-expanded="false" aria-controls="job_list___sub_collapse_44_1" href="#" class="job_list___sub_multi_heading"><div role="alert" class="card-header alert-success" id="job_list___sub_heading_44_1"><button class="btn btn-outline-success"><span class="job_id">44 : Job ID fe303f9e232f40aa8983d23043b7a41b</span></button></div></a><div aria-labelledby="job_list___sub_heading_44_1" data-parent="#job_list___sub_accordion_44" class="collapse job_list___sub_multi_collapse" id="job_list___sub_collapse_44_1"><div class="card-body"><div class="work-item"><div class="alert alert-success test-outcome" role="alert"><p>worker outcome: normal</p><p>test outcome: killed</p></div></div><pre class="location"><a href="pycharm://open?file=stack4.py&amp;line=86" class="text-secondary"><button class="btn btn-outline-dark">stack4.py, start pos: (86, 24), end pos: (86, 25)</button></a></pre><pre>operator: core/ReplaceUnaryOperator_USub_UAdd, occurrence: 0</pre><div class="alert alert-secondary"><pre class="diff">--- mutation diff ---
--- astack4.py
+++ bstack4.py
@@ -83,7 +83,7 @@
         while curr:
             display += str(curr.data) + ', '
             curr = curr.next
-        return display[:-2] + ')'
+        return display[:+2] + ')'
 
 
 class Stack(object):</pre></div><div class="alert alert-secondary"><pre class="diff">============================= test session starts ==============================
platform linux -- Python 3.10.12, pytest-7.1.3, pluggy-1.0.0
rootdir: /home/lucca/desktop/ic/experimento/testes/python_experiments/stack4
plugins: Faker-15.1.1, hypothesis-6.56.3
collected 68 items

ALL-SMART-GPT-MUTATEST/test_stack4_DYNAMOSA.py ......FF....F...          [ 23%]
ALL-SMART-GPT-MUTATEST/test_stack4_MIO.py ...............F.F..           [ 52%]
ALL-SMART-GPT-MUTATEST/test_stack4_MOSA.py .F.FFF...FF......             [ 77%]
ALL-SMART-GPT-MUTATEST/test_stack4_MUTATEST.py ......                    [ 86%]
ALL-SMART-GPT-MUTATEST/test_stack4_WHOLE_SUITE.py F.F......              [100%]

=========================== short test summary info ============================
FAILED ALL-SMART-GPT-MUTATEST/test_stack4_DYNAMOSA.py::test_case_6 - Assertio...
FAILED ALL-SMART-GPT-MUTATEST/test_stack4_DYNAMOSA.py::test_case_7 - Assertio...
FAILED ALL-SMART-GPT-MUTATEST/test_stack4_DYNAMOSA.py::test_case_12 - Asserti...
FAILED ALL-SMART-GPT-MUTATEST/test_stack4_MIO.py::test_case_15 - AssertionErr...
FAILED ALL-SMART-GPT-MUTATEST/test_stack4_MIO.py::test_case_17 - AssertionErr...
FAILED ALL-SMART-GPT-MUTATEST/test_stack4_MOSA.py::test_case_1 - AssertionErr...
FAILED ALL-SMART-GPT-MUTATEST/test_stack4_MOSA.py::test_case_3 - AssertionErr...
FAILED ALL-SMART-GPT-MUTATEST/test_stack4_MOSA.py::test_case_4 - AssertionErr...
FAILED ALL-SMART-GPT-MUTATEST/test_stack4_MOSA.py::test_case_5 - AssertionErr...
FAILED ALL-SMART-GPT-MUTATEST/test_stack4_MOSA.py::test_case_9 - AssertionErr...
FAILED ALL-SMART-GPT-MUTATEST/test_stack4_MOSA.py::test_case_10 - AssertionEr...
FAILED ALL-SMART-GPT-MUTATEST/test_stack4_WHOLE_SUITE.py::test_case_0 - Asser...
FAILED ALL-SMART-GPT-MUTATEST/test_stack4_WHOLE_SUITE.py::test_case_2 - Asser...
======================== 13 failed, 55 passed in 0.21s =========================
</pre></div></div></div></div></div><div class="mb-1" id="job_list___sub_accordion_45"><div class="card"><a data-toggle="collapse" data-target="#job_list___sub_collapse_45_1" aria-expanded="false" aria-controls="job_list___sub_collapse_45_1" href="#" class="job_list___sub_multi_heading"><div role="alert" class="card-header alert-success" id="job_list___sub_heading_45_1"><button class="btn btn-outline-success"><span class="job_id">45 : Job ID 75207cd9ac6e4aa4bb41579e3d5436fc</span></button></div></a><div aria-labelledby="job_list___sub_heading_45_1" data-parent="#job_list___sub_accordion_45" class="collapse job_list___sub_multi_collapse" id="job_list___sub_collapse_45_1"><div class="card-body"><div class="work-item"><div class="alert alert-success test-outcome" role="alert"><p>worker outcome: normal</p><p>test outcome: killed</p></div></div><pre class="location"><a href="pycharm://open?file=stack4.py&amp;line=86" class="text-secondary"><button class="btn btn-outline-dark">stack4.py, start pos: (86, 24), end pos: (86, 25)</button></a></pre><pre>operator: core/ReplaceUnaryOperator_USub_Invert, occurrence: 0</pre><div class="alert alert-secondary"><pre class="diff">--- mutation diff ---
--- astack4.py
+++ bstack4.py
@@ -83,7 +83,7 @@
         while curr:
             display += str(curr.data) + ', '
             curr = curr.next
-        return display[:-2] + ')'
+        return display[:~2] + ')'
 
 
 class Stack(object):</pre></div><div class="alert alert-secondary"><pre class="diff">============================= test session starts ==============================
platform linux -- Python 3.10.12, pytest-7.1.3, pluggy-1.0.0
rootdir: /home/lucca/desktop/ic/experimento/testes/python_experiments/stack4
plugins: Faker-15.1.1, hypothesis-6.56.3
collected 68 items

ALL-SMART-GPT-MUTATEST/test_stack4_DYNAMOSA.py ......F.....F...          [ 23%]
ALL-SMART-GPT-MUTATEST/test_stack4_MIO.py ...............F....           [ 52%]
ALL-SMART-GPT-MUTATEST/test_stack4_MOSA.py .F.FFF...F.......             [ 77%]
ALL-SMART-GPT-MUTATEST/test_stack4_MUTATEST.py ......                    [ 86%]
ALL-SMART-GPT-MUTATEST/test_stack4_WHOLE_SUITE.py .........              [100%]

=========================== short test summary info ============================
FAILED ALL-SMART-GPT-MUTATEST/test_stack4_DYNAMOSA.py::test_case_6 - Assertio...
FAILED ALL-SMART-GPT-MUTATEST/test_stack4_DYNAMOSA.py::test_case_12 - Asserti...
FAILED ALL-SMART-GPT-MUTATEST/test_stack4_MIO.py::test_case_15 - AssertionErr...
FAILED ALL-SMART-GPT-MUTATEST/test_stack4_MOSA.py::test_case_1 - AssertionErr...
FAILED ALL-SMART-GPT-MUTATEST/test_stack4_MOSA.py::test_case_3 - AssertionErr...
FAILED ALL-SMART-GPT-MUTATEST/test_stack4_MOSA.py::test_case_4 - AssertionErr...
FAILED ALL-SMART-GPT-MUTATEST/test_stack4_MOSA.py::test_case_5 - AssertionErr...
FAILED ALL-SMART-GPT-MUTATEST/test_stack4_MOSA.py::test_case_9 - AssertionErr...
========================= 8 failed, 60 passed in 0.20s =========================
</pre></div></div></div></div></div><div class="mb-1" id="job_list___sub_accordion_46"><div class="card"><a data-toggle="collapse" data-target="#job_list___sub_collapse_46_1" aria-expanded="false" aria-controls="job_list___sub_collapse_46_1" href="#" class="job_list___sub_multi_heading"><div role="alert" class="card-header alert-success" id="job_list___sub_heading_46_1"><button class="btn btn-outline-success"><span class="job_id">46 : Job ID c0a7bd45b4c34c849ad523ac0d6aa809</span></button></div></a><div aria-labelledby="job_list___sub_heading_46_1" data-parent="#job_list___sub_accordion_46" class="collapse job_list___sub_multi_collapse" id="job_list___sub_collapse_46_1"><div class="card-body"><div class="work-item"><div class="alert alert-success test-outcome" role="alert"><p>worker outcome: normal</p><p>test outcome: killed</p></div></div><pre class="location"><a href="pycharm://open?file=stack4.py&amp;line=86" class="text-secondary"><button class="btn btn-outline-dark">stack4.py, start pos: (86, 24), end pos: (86, 25)</button></a></pre><pre>operator: core/ReplaceUnaryOperator_USub_Not, occurrence: 0</pre><div class="alert alert-secondary"><pre class="diff">--- mutation diff ---
--- astack4.py
+++ bstack4.py
@@ -83,7 +83,7 @@
         while curr:
             display += str(curr.data) + ', '
             curr = curr.next
-        return display[:-2] + ')'
+        return display[:not 2] + ')'
 
 
 class Stack(object):</pre></div><div class="alert alert-secondary"><pre class="diff">============================= test session starts ==============================
platform linux -- Python 3.10.12, pytest-7.1.3, pluggy-1.0.0
rootdir: /home/lucca/desktop/ic/experimento/testes/python_experiments/stack4
plugins: Faker-15.1.1, hypothesis-6.56.3
collected 68 items

ALL-SMART-GPT-MUTATEST/test_stack4_DYNAMOSA.py ......F.....F...          [ 23%]
ALL-SMART-GPT-MUTATEST/test_stack4_MIO.py ...............F....           [ 52%]
ALL-SMART-GPT-MUTATEST/test_stack4_MOSA.py .F.FFF...F.......             [ 77%]
ALL-SMART-GPT-MUTATEST/test_stack4_MUTATEST.py ......                    [ 86%]
ALL-SMART-GPT-MUTATEST/test_stack4_WHOLE_SUITE.py .........              [100%]

=========================== short test summary info ============================
FAILED ALL-SMART-GPT-MUTATEST/test_stack4_DYNAMOSA.py::test_case_6 - Assertio...
FAILED ALL-SMART-GPT-MUTATEST/test_stack4_DYNAMOSA.py::test_case_12 - Asserti...
FAILED ALL-SMART-GPT-MUTATEST/test_stack4_MIO.py::test_case_15 - AssertionErr...
FAILED ALL-SMART-GPT-MUTATEST/test_stack4_MOSA.py::test_case_1 - AssertionErr...
FAILED ALL-SMART-GPT-MUTATEST/test_stack4_MOSA.py::test_case_3 - AssertionErr...
FAILED ALL-SMART-GPT-MUTATEST/test_stack4_MOSA.py::test_case_4 - AssertionErr...
FAILED ALL-SMART-GPT-MUTATEST/test_stack4_MOSA.py::test_case_5 - AssertionErr...
FAILED ALL-SMART-GPT-MUTATEST/test_stack4_MOSA.py::test_case_9 - AssertionErr...
========================= 8 failed, 60 passed in 0.21s =========================
</pre></div></div></div></div></div><div class="mb-1" id="job_list___sub_accordion_47"><div class="card"><a data-toggle="collapse" data-target="#job_list___sub_collapse_47_1" aria-expanded="false" aria-controls="job_list___sub_collapse_47_1" href="#" class="job_list___sub_multi_heading"><div role="alert" class="card-header alert-success" id="job_list___sub_heading_47_1"><button class="btn btn-outline-success"><span class="job_id">47 : Job ID 1c6c782420c54460ab9d4a6b0831df3b</span></button></div></a><div aria-labelledby="job_list___sub_heading_47_1" data-parent="#job_list___sub_accordion_47" class="collapse job_list___sub_multi_collapse" id="job_list___sub_collapse_47_1"><div class="card-body"><div class="work-item"><div class="alert alert-success test-outcome" role="alert"><p>worker outcome: normal</p><p>test outcome: killed</p></div></div><pre class="location"><a href="pycharm://open?file=stack4.py&amp;line=86" class="text-secondary"><button class="btn btn-outline-dark">stack4.py, start pos: (86, 24), end pos: (86, 25)</button></a></pre><pre>operator: core/ReplaceUnaryOperator_Delete_USub, occurrence: 0</pre><div class="alert alert-secondary"><pre class="diff">--- mutation diff ---
--- astack4.py
+++ bstack4.py
@@ -83,7 +83,7 @@
         while curr:
             display += str(curr.data) + ', '
             curr = curr.next
-        return display[:-2] + ')'
+        return display[:2] + ')'
 
 
 class Stack(object):</pre></div><div class="alert alert-secondary"><pre class="diff">============================= test session starts ==============================
platform linux -- Python 3.10.12, pytest-7.1.3, pluggy-1.0.0
rootdir: /home/lucca/desktop/ic/experimento/testes/python_experiments/stack4
plugins: Faker-15.1.1, hypothesis-6.56.3
collected 68 items

ALL-SMART-GPT-MUTATEST/test_stack4_DYNAMOSA.py ......FF....F...          [ 23%]
ALL-SMART-GPT-MUTATEST/test_stack4_MIO.py ...............F.F..           [ 52%]
ALL-SMART-GPT-MUTATEST/test_stack4_MOSA.py .F.FFF...FF......             [ 77%]
ALL-SMART-GPT-MUTATEST/test_stack4_MUTATEST.py ......                    [ 86%]
ALL-SMART-GPT-MUTATEST/test_stack4_WHOLE_SUITE.py F.F......              [100%]

=========================== short test summary info ============================
FAILED ALL-SMART-GPT-MUTATEST/test_stack4_DYNAMOSA.py::test_case_6 - Assertio...
FAILED ALL-SMART-GPT-MUTATEST/test_stack4_DYNAMOSA.py::test_case_7 - Assertio...
FAILED ALL-SMART-GPT-MUTATEST/test_stack4_DYNAMOSA.py::test_case_12 - Asserti...
FAILED ALL-SMART-GPT-MUTATEST/test_stack4_MIO.py::test_case_15 - AssertionErr...
FAILED ALL-SMART-GPT-MUTATEST/test_stack4_MIO.py::test_case_17 - AssertionErr...
FAILED ALL-SMART-GPT-MUTATEST/test_stack4_MOSA.py::test_case_1 - AssertionErr...
FAILED ALL-SMART-GPT-MUTATEST/test_stack4_MOSA.py::test_case_3 - AssertionErr...
FAILED ALL-SMART-GPT-MUTATEST/test_stack4_MOSA.py::test_case_4 - AssertionErr...
FAILED ALL-SMART-GPT-MUTATEST/test_stack4_MOSA.py::test_case_5 - AssertionErr...
FAILED ALL-SMART-GPT-MUTATEST/test_stack4_MOSA.py::test_case_9 - AssertionErr...
FAILED ALL-SMART-GPT-MUTATEST/test_stack4_MOSA.py::test_case_10 - AssertionEr...
FAILED ALL-SMART-GPT-MUTATEST/test_stack4_WHOLE_SUITE.py::test_case_0 - Asser...
FAILED ALL-SMART-GPT-MUTATEST/test_stack4_WHOLE_SUITE.py::test_case_2 - Asser...
======================== 13 failed, 55 passed in 0.21s =========================
</pre></div></div></div></div></div><div class="mb-1" id="job_list___sub_accordion_48"><div class="card"><a data-toggle="collapse" data-target="#job_list___sub_collapse_48_1" aria-expanded="false" aria-controls="job_list___sub_collapse_48_1" href="#" class="job_list___sub_multi_heading"><div role="alert" class="card-header alert-success" id="job_list___sub_heading_48_1"><button class="btn btn-outline-success"><span class="job_id">48 : Job ID 7894017cfef94724939139e125a35fea</span></button></div></a><div aria-labelledby="job_list___sub_heading_48_1" data-parent="#job_list___sub_accordion_48" class="collapse job_list___sub_multi_collapse" id="job_list___sub_collapse_48_1"><div class="card-body"><div class="work-item"><div class="alert alert-success test-outcome" role="alert"><p>worker outcome: normal</p><p>test outcome: killed</p></div></div><pre class="location"><a href="pycharm://open?file=stack4.py&amp;line=48" class="text-secondary"><button class="btn btn-outline-dark">stack4.py, start pos: (48, 11), end pos: (48, 14)</button></a></pre><pre>operator: core/ReplaceUnaryOperator_Delete_Not, occurrence: 0</pre><div class="alert alert-secondary"><pre class="diff">--- mutation diff ---
--- astack4.py
+++ bstack4.py
@@ -45,7 +45,7 @@
 
     def pop(self):
         """Remove the first value and return it."""
-        if not self.head:
+        if  self.head:
             raise IndexError('Cannot pop from an empty list')
         to_return = self.head
         self.head = self.head.next</pre></div><div class="alert alert-secondary"><pre class="diff">============================= test session starts ==============================
platform linux -- Python 3.10.12, pytest-7.1.3, pluggy-1.0.0
rootdir: /home/lucca/desktop/ic/experimento/testes/python_experiments/stack4
plugins: Faker-15.1.1, hypothesis-6.56.3
collected 68 items

ALL-SMART-GPT-MUTATEST/test_stack4_DYNAMOSA.py ..F.............          [ 23%]
ALL-SMART-GPT-MUTATEST/test_stack4_MIO.py ....F...............           [ 52%]
ALL-SMART-GPT-MUTATEST/test_stack4_MOSA.py ...F...........F.             [ 77%]
ALL-SMART-GPT-MUTATEST/test_stack4_MUTATEST.py ..F...                    [ 86%]
ALL-SMART-GPT-MUTATEST/test_stack4_WHOLE_SUITE.py ...FF.F..              [100%]

=========================== short test summary info ============================
FAILED ALL-SMART-GPT-MUTATEST/test_stack4_DYNAMOSA.py::test_case_2 - IndexErr...
FAILED ALL-SMART-GPT-MUTATEST/test_stack4_MIO.py::test_case_4 - IndexError: C...
FAILED ALL-SMART-GPT-MUTATEST/test_stack4_MOSA.py::test_case_3 - IndexError: ...
FAILED ALL-SMART-GPT-MUTATEST/test_stack4_MOSA.py::test_case_15 - IndexError:...
FAILED ALL-SMART-GPT-MUTATEST/test_stack4_MUTATEST.py::test_pop_method_length_decrement
FAILED ALL-SMART-GPT-MUTATEST/test_stack4_WHOLE_SUITE.py::test_case_3 - Attri...
FAILED ALL-SMART-GPT-MUTATEST/test_stack4_WHOLE_SUITE.py::test_case_4 - Attri...
FAILED ALL-SMART-GPT-MUTATEST/test_stack4_WHOLE_SUITE.py::test_case_6 - Index...
========================= 8 failed, 60 passed in 0.21s =========================
</pre></div></div></div></div></div><div class="mb-1" id="job_list___sub_accordion_49"><div class="card"><a data-toggle="collapse" data-target="#job_list___sub_collapse_49_1" aria-expanded="false" aria-controls="job_list___sub_collapse_49_1" href="#" class="job_list___sub_multi_heading"><div role="alert" class="card-header alert-success" id="job_list___sub_heading_49_1"><button class="btn btn-outline-success"><span class="job_id">49 : Job ID 6423607ec19d4bbdac406449344e9d06</span></button></div></a><div aria-labelledby="job_list___sub_heading_49_1" data-parent="#job_list___sub_accordion_49" class="collapse job_list___sub_multi_collapse" id="job_list___sub_collapse_49_1"><div class="card-body"><div class="work-item"><div class="alert alert-success test-outcome" role="alert"><p>worker outcome: normal</p><p>test outcome: killed</p></div></div><pre class="location"><a href="pycharm://open?file=stack4.py&amp;line=37" class="text-secondary"><button class="btn btn-outline-dark">stack4.py, start pos: (37, 15), end pos: (37, 19)</button></a></pre><pre>operator: core/AddNot, occurrence: 0</pre><div class="alert alert-secondary"><pre class="diff">--- mutation diff ---
--- astack4.py
+++ bstack4.py
@@ -34,7 +34,7 @@
             for val in data:
                 self.push(val)
         except TypeError:
-            if data:
+            if not data:
                 self.push(data)
 
     def push(self, val):</pre></div><div class="alert alert-secondary"><pre class="diff">============================= test session starts ==============================
platform linux -- Python 3.10.12, pytest-7.1.3, pluggy-1.0.0
rootdir: /home/lucca/desktop/ic/experimento/testes/python_experiments/stack4
plugins: Faker-15.1.1, hypothesis-6.56.3
collected 68 items

ALL-SMART-GPT-MUTATEST/test_stack4_DYNAMOSA.py FFF.FFFF..FF.FFF          [ 23%]
ALL-SMART-GPT-MUTATEST/test_stack4_MIO.py ..F...FF.FFFFFF.FF.F           [ 52%]
ALL-SMART-GPT-MUTATEST/test_stack4_MOSA.py FFF...FFF.F.F....             [ 77%]
ALL-SMART-GPT-MUTATEST/test_stack4_MUTATEST.py .....F                    [ 86%]
ALL-SMART-GPT-MUTATEST/test_stack4_WHOLE_SUITE.py FFFFFFF..              [100%]

=========================== short test summary info ============================
FAILED ALL-SMART-GPT-MUTATEST/test_stack4_DYNAMOSA.py::test_case_0 - assert &lt;...
FAILED ALL-SMART-GPT-MUTATEST/test_stack4_DYNAMOSA.py::test_case_1 - assert &lt;...
FAILED ALL-SMART-GPT-MUTATEST/test_stack4_DYNAMOSA.py::test_case_2 - assert &lt;...
FAILED ALL-SMART-GPT-MUTATEST/test_stack4_DYNAMOSA.py::test_case_4 - assert &lt;...
FAILED ALL-SMART-GPT-MUTATEST/test_stack4_DYNAMOSA.py::test_case_5 - assert &lt;...
FAILED ALL-SMART-GPT-MUTATEST/test_stack4_DYNAMOSA.py::test_case_6 - Assertio...
FAILED ALL-SMART-GPT-MUTATEST/test_stack4_DYNAMOSA.py::test_case_7 - assert &lt;...
FAILED ALL-SMART-GPT-MUTATEST/test_stack4_DYNAMOSA.py::test_case_10 - Asserti...
FAILED ALL-SMART-GPT-MUTATEST/test_stack4_DYNAMOSA.py::test_case_11 - assert ...
FAILED ALL-SMART-GPT-MUTATEST/test_stack4_DYNAMOSA.py::test_case_13 - assert ...
FAILED ALL-SMART-GPT-MUTATEST/test_stack4_DYNAMOSA.py::test_case_14 - Asserti...
FAILED ALL-SMART-GPT-MUTATEST/test_stack4_DYNAMOSA.py::test_case_15 - assert ...
FAILED ALL-SMART-GPT-MUTATEST/test_stack4_MIO.py::test_case_2 - AssertionErro...
FAILED ALL-SMART-GPT-MUTATEST/test_stack4_MIO.py::test_case_6 - assert &lt;stack...
FAILED ALL-SMART-GPT-MUTATEST/test_stack4_MIO.py::test_case_7 - assert &lt;stack...
FAILED ALL-SMART-GPT-MUTATEST/test_stack4_MIO.py::test_case_9 - assert &lt;stack...
FAILED ALL-SMART-GPT-MUTATEST/test_stack4_MIO.py::test_case_10 - assert &lt;stac...
FAILED ALL-SMART-GPT-MUTATEST/test_stack4_MIO.py::test_case_11 - assert &lt;stac...
FAILED ALL-SMART-GPT-MUTATEST/test_stack4_MIO.py::test_case_12 - assert &lt;stac...
FAILED ALL-SMART-GPT-MUTATEST/test_stack4_MIO.py::test_case_13 - assert &lt;stac...
FAILED ALL-SMART-GPT-MUTATEST/test_stack4_MIO.py::test_case_14 - assert &lt;stac...
FAILED ALL-SMART-GPT-MUTATEST/test_stack4_MIO.py::test_case_16 - AssertionErr...
FAILED ALL-SMART-GPT-MUTATEST/test_stack4_MIO.py::test_case_17 - assert &lt;stac...
FAILED ALL-SMART-GPT-MUTATEST/test_stack4_MIO.py::test_case_19 - assert &lt;stac...
FAILED ALL-SMART-GPT-MUTATEST/test_stack4_MOSA.py::test_case_0 - assert &lt;stac...
FAILED ALL-SMART-GPT-MUTATEST/test_stack4_MOSA.py::test_case_1 - AssertionErr...
FAILED ALL-SMART-GPT-MUTATEST/test_stack4_MOSA.py::test_case_2 - assert &lt;stac...
FAILED ALL-SMART-GPT-MUTATEST/test_stack4_MOSA.py::test_case_6 - assert &lt;stac...
FAILED ALL-SMART-GPT-MUTATEST/test_stack4_MOSA.py::test_case_7 - assert &lt;stac...
FAILED ALL-SMART-GPT-MUTATEST/test_stack4_MOSA.py::test_case_8 - assert &lt;stac...
FAILED ALL-SMART-GPT-MUTATEST/test_stack4_MOSA.py::test_case_10 - assert &lt;sta...
FAILED ALL-SMART-GPT-MUTATEST/test_stack4_MOSA.py::test_case_12 - assert &lt;sta...
FAILED ALL-SMART-GPT-MUTATEST/test_stack4_MUTATEST.py::test_empty_stack_size
FAILED ALL-SMART-GPT-MUTATEST/test_stack4_WHOLE_SUITE.py::test_case_0 - asser...
FAILED ALL-SMART-GPT-MUTATEST/test_stack4_WHOLE_SUITE.py::test_case_1 - asser...
FAILED ALL-SMART-GPT-MUTATEST/test_stack4_WHOLE_SUITE.py::test_case_2 - asser...
FAILED ALL-SMART-GPT-MUTATEST/test_stack4_WHOLE_SUITE.py::test_case_3 - asser...
FAILED ALL-SMART-GPT-MUTATEST/test_stack4_WHOLE_SUITE.py::test_case_4 - asser...
FAILED ALL-SMART-GPT-MUTATEST/test_stack4_WHOLE_SUITE.py::test_case_5 - asser...
FAILED ALL-SMART-GPT-MUTATEST/test_stack4_WHOLE_SUITE.py::test_case_6 - Index...
======================== 40 failed, 28 passed in 0.23s =========================
</pre></div></div></div></div></div><div class="mb-1" id="job_list___sub_accordion_50"><div class="card"><a data-toggle="collapse" data-target="#job_list___sub_collapse_50_1" aria-expanded="false" aria-controls="job_list___sub_collapse_50_1" href="#" class="job_list___sub_multi_heading"><div role="alert" class="card-header alert-success" id="job_list___sub_heading_50_1"><button class="btn btn-outline-success"><span class="job_id">50 : Job ID de8cf7adf2e04c5da562fa5a2df142c7</span></button></div></a><div aria-labelledby="job_list___sub_heading_50_1" data-parent="#job_list___sub_accordion_50" class="collapse job_list___sub_multi_collapse" id="job_list___sub_collapse_50_1"><div class="card-body"><div class="work-item"><div class="alert alert-success test-outcome" role="alert"><p>worker outcome: normal</p><p>test outcome: killed</p></div></div><pre class="location"><a href="pycharm://open?file=stack4.py&amp;line=48" class="text-secondary"><button class="btn btn-outline-dark">stack4.py, start pos: (48, 11), end pos: (48, 24)</button></a></pre><pre>operator: core/AddNot, occurrence: 1</pre><div class="alert alert-secondary"><pre class="diff">--- mutation diff ---
--- astack4.py
+++ bstack4.py
@@ -45,7 +45,7 @@
 
     def pop(self):
         """Remove the first value and return it."""
-        if not self.head:
+        if not not self.head:
             raise IndexError('Cannot pop from an empty list')
         to_return = self.head
         self.head = self.head.next</pre></div><div class="alert alert-secondary"><pre class="diff">============================= test session starts ==============================
platform linux -- Python 3.10.12, pytest-7.1.3, pluggy-1.0.0
rootdir: /home/lucca/desktop/ic/experimento/testes/python_experiments/stack4
plugins: Faker-15.1.1, hypothesis-6.56.3
collected 68 items

ALL-SMART-GPT-MUTATEST/test_stack4_DYNAMOSA.py ..F.............          [ 23%]
ALL-SMART-GPT-MUTATEST/test_stack4_MIO.py ....F...............           [ 52%]
ALL-SMART-GPT-MUTATEST/test_stack4_MOSA.py ...F...........F.             [ 77%]
ALL-SMART-GPT-MUTATEST/test_stack4_MUTATEST.py ..F...                    [ 86%]
ALL-SMART-GPT-MUTATEST/test_stack4_WHOLE_SUITE.py ...FF.F..              [100%]

=========================== short test summary info ============================
FAILED ALL-SMART-GPT-MUTATEST/test_stack4_DYNAMOSA.py::test_case_2 - IndexErr...
FAILED ALL-SMART-GPT-MUTATEST/test_stack4_MIO.py::test_case_4 - IndexError: C...
FAILED ALL-SMART-GPT-MUTATEST/test_stack4_MOSA.py::test_case_3 - IndexError: ...
FAILED ALL-SMART-GPT-MUTATEST/test_stack4_MOSA.py::test_case_15 - IndexError:...
FAILED ALL-SMART-GPT-MUTATEST/test_stack4_MUTATEST.py::test_pop_method_length_decrement
FAILED ALL-SMART-GPT-MUTATEST/test_stack4_WHOLE_SUITE.py::test_case_3 - Attri...
FAILED ALL-SMART-GPT-MUTATEST/test_stack4_WHOLE_SUITE.py::test_case_4 - Attri...
FAILED ALL-SMART-GPT-MUTATEST/test_stack4_WHOLE_SUITE.py::test_case_6 - Index...
========================= 8 failed, 60 passed in 0.20s =========================
</pre></div></div></div></div></div><div class="mb-1" id="job_list___sub_accordion_51"><div class="card"><a data-toggle="collapse" data-target="#job_list___sub_collapse_51_1" aria-expanded="false" aria-controls="job_list___sub_collapse_51_1" href="#" class="job_list___sub_multi_heading"><div role="alert" class="card-header alert-success" id="job_list___sub_heading_51_1"><button class="btn btn-outline-success"><span class="job_id">51 : Job ID 2ecf038807794e629e0e669eeb991c1a</span></button></div></a><div aria-labelledby="job_list___sub_heading_51_1" data-parent="#job_list___sub_accordion_51" class="collapse job_list___sub_multi_collapse" id="job_list___sub_collapse_51_1"><div class="card-body"><div class="work-item"><div class="alert alert-success test-outcome" role="alert"><p>worker outcome: normal</p><p>test outcome: killed</p></div></div><pre class="location"><a href="pycharm://open?file=stack4.py&amp;line=62" class="text-secondary"><button class="btn btn-outline-dark">stack4.py, start pos: (62, 14), end pos: (62, 18)</button></a></pre><pre>operator: core/AddNot, occurrence: 2</pre><div class="alert alert-secondary"><pre class="diff">--- mutation diff ---
--- astack4.py
+++ bstack4.py
@@ -59,7 +59,7 @@
     def search(self, val):
         """Return the node containing val."""
         curr = self.head
-        while curr:
+        while not curr:
             if curr.data == val:
                 return curr
             curr = curr.next</pre></div><div class="alert alert-secondary"><pre class="diff">============================= test session starts ==============================
platform linux -- Python 3.10.12, pytest-7.1.3, pluggy-1.0.0
rootdir: /home/lucca/desktop/ic/experimento/testes/python_experiments/stack4
plugins: Faker-15.1.1, hypothesis-6.56.3
collected 68 items

ALL-SMART-GPT-MUTATEST/test_stack4_DYNAMOSA.py ....F......F..F.          [ 23%]
ALL-SMART-GPT-MUTATEST/test_stack4_MIO.py ......F..F..........           [ 52%]
ALL-SMART-GPT-MUTATEST/test_stack4_MOSA.py ......FF.........             [ 77%]
ALL-SMART-GPT-MUTATEST/test_stack4_MUTATEST.py ....F.                    [ 86%]
ALL-SMART-GPT-MUTATEST/test_stack4_WHOLE_SUITE.py F.F......              [100%]

=========================== short test summary info ============================
FAILED ALL-SMART-GPT-MUTATEST/test_stack4_DYNAMOSA.py::test_case_4 - Assertio...
FAILED ALL-SMART-GPT-MUTATEST/test_stack4_DYNAMOSA.py::test_case_11 - Attribu...
FAILED ALL-SMART-GPT-MUTATEST/test_stack4_DYNAMOSA.py::test_case_14 - Asserti...
FAILED ALL-SMART-GPT-MUTATEST/test_stack4_MIO.py::test_case_6 - AssertionErro...
FAILED ALL-SMART-GPT-MUTATEST/test_stack4_MIO.py::test_case_9 - AttributeErro...
FAILED ALL-SMART-GPT-MUTATEST/test_stack4_MOSA.py::test_case_6 - AssertionErr...
FAILED ALL-SMART-GPT-MUTATEST/test_stack4_MOSA.py::test_case_7 - AttributeErr...
FAILED ALL-SMART-GPT-MUTATEST/test_stack4_MUTATEST.py::test_search_method - A...
FAILED ALL-SMART-GPT-MUTATEST/test_stack4_WHOLE_SUITE.py::test_case_0 - Attri...
FAILED ALL-SMART-GPT-MUTATEST/test_stack4_WHOLE_SUITE.py::test_case_2 - Asser...
======================== 10 failed, 58 passed in 0.21s =========================
</pre></div></div></div></div></div><div class="mb-1" id="job_list___sub_accordion_52"><div class="card"><a data-toggle="collapse" data-target="#job_list___sub_collapse_52_1" aria-expanded="false" aria-controls="job_list___sub_collapse_52_1" href="#" class="job_list___sub_multi_heading"><div role="alert" class="card-header alert-success" id="job_list___sub_heading_52_1"><button class="btn btn-outline-success"><span class="job_id">52 : Job ID d163ca362dff4b038b9766a575881eef</span></button></div></a><div aria-labelledby="job_list___sub_heading_52_1" data-parent="#job_list___sub_accordion_52" class="collapse job_list___sub_multi_collapse" id="job_list___sub_collapse_52_1"><div class="card-body"><div class="work-item"><div class="alert alert-success test-outcome" role="alert"><p>worker outcome: normal</p><p>test outcome: killed</p></div></div><pre class="location"><a href="pycharm://open?file=stack4.py&amp;line=63" class="text-secondary"><button class="btn btn-outline-dark">stack4.py, start pos: (63, 15), end pos: (63, 31)</button></a></pre><pre>operator: core/AddNot, occurrence: 3</pre><div class="alert alert-secondary"><pre class="diff">--- mutation diff ---
--- astack4.py
+++ bstack4.py
@@ -60,7 +60,7 @@
         """Return the node containing val."""
         curr = self.head
         while curr:
-            if curr.data == val:
+            if not curr.data == val:
                 return curr
             curr = curr.next
 </pre></div><div class="alert alert-secondary"><pre class="diff">============================= test session starts ==============================
platform linux -- Python 3.10.12, pytest-7.1.3, pluggy-1.0.0
rootdir: /home/lucca/desktop/ic/experimento/testes/python_experiments/stack4
plugins: Faker-15.1.1, hypothesis-6.56.3
collected 68 items

ALL-SMART-GPT-MUTATEST/test_stack4_DYNAMOSA.py ....F.........F.          [ 23%]
ALL-SMART-GPT-MUTATEST/test_stack4_MIO.py ......F.............           [ 52%]
ALL-SMART-GPT-MUTATEST/test_stack4_MOSA.py ......F..........             [ 77%]
ALL-SMART-GPT-MUTATEST/test_stack4_MUTATEST.py ....F.                    [ 86%]
ALL-SMART-GPT-MUTATEST/test_stack4_WHOLE_SUITE.py ..F......              [100%]

=========================== short test summary info ============================
FAILED ALL-SMART-GPT-MUTATEST/test_stack4_DYNAMOSA.py::test_case_4 - Assertio...
FAILED ALL-SMART-GPT-MUTATEST/test_stack4_DYNAMOSA.py::test_case_14 - Asserti...
FAILED ALL-SMART-GPT-MUTATEST/test_stack4_MIO.py::test_case_6 - AssertionErro...
FAILED ALL-SMART-GPT-MUTATEST/test_stack4_MOSA.py::test_case_6 - AssertionErr...
FAILED ALL-SMART-GPT-MUTATEST/test_stack4_MUTATEST.py::test_search_method - A...
FAILED ALL-SMART-GPT-MUTATEST/test_stack4_WHOLE_SUITE.py::test_case_2 - Asser...
========================= 6 failed, 62 passed in 0.20s =========================
</pre></div></div></div></div></div><div class="mb-1" id="job_list___sub_accordion_53"><div class="card"><a data-toggle="collapse" data-target="#job_list___sub_collapse_53_1" aria-expanded="false" aria-controls="job_list___sub_collapse_53_1" href="#" class="job_list___sub_multi_heading"><div role="alert" class="card-header alert-success" id="job_list___sub_heading_53_1"><button class="btn btn-outline-success"><span class="job_id">53 : Job ID feb4a73c0cb542b8a25088db97f0faf6</span></button></div></a><div aria-labelledby="job_list___sub_heading_53_1" data-parent="#job_list___sub_accordion_53" class="collapse job_list___sub_multi_collapse" id="job_list___sub_collapse_53_1"><div class="card-body"><div class="work-item"><div class="alert alert-success test-outcome" role="alert"><p>worker outcome: normal</p><p>test outcome: killed</p></div></div><pre class="location"><a href="pycharm://open?file=stack4.py&amp;line=70" class="text-secondary"><button class="btn btn-outline-dark">stack4.py, start pos: (70, 11), end pos: (70, 41)</button></a></pre><pre>operator: core/AddNot, occurrence: 4</pre><div class="alert alert-secondary"><pre class="diff">--- mutation diff ---
--- astack4.py
+++ bstack4.py
@@ -67,7 +67,7 @@
     def remove(self, val):
         """Remove node from list if exists."""
         curr = self.head
-        if curr and val is self.head.data:
+        if not curr and val is self.head.data:
             self.head = self.head.next
             self._length -= 1
         while curr:</pre></div><div class="alert alert-secondary"><pre class="diff">============================= test session starts ==============================
platform linux -- Python 3.10.12, pytest-7.1.3, pluggy-1.0.0
rootdir: /home/lucca/desktop/ic/experimento/testes/python_experiments/stack4
plugins: Faker-15.1.1, hypothesis-6.56.3
collected 68 items

ALL-SMART-GPT-MUTATEST/test_stack4_DYNAMOSA.py ..F..F.....F..F.          [ 23%]
ALL-SMART-GPT-MUTATEST/test_stack4_MIO.py ............FF......           [ 52%]
ALL-SMART-GPT-MUTATEST/test_stack4_MOSA.py .......FF...F....             [ 77%]
ALL-SMART-GPT-MUTATEST/test_stack4_MUTATEST.py ...F..                    [ 86%]
ALL-SMART-GPT-MUTATEST/test_stack4_WHOLE_SUITE.py F........              [100%]

=========================== short test summary info ============================
FAILED ALL-SMART-GPT-MUTATEST/test_stack4_DYNAMOSA.py::test_case_2 - Attribut...
FAILED ALL-SMART-GPT-MUTATEST/test_stack4_DYNAMOSA.py::test_case_5 - Attribut...
FAILED ALL-SMART-GPT-MUTATEST/test_stack4_DYNAMOSA.py::test_case_11 - Attribu...
FAILED ALL-SMART-GPT-MUTATEST/test_stack4_DYNAMOSA.py::test_case_14 - assert ...
FAILED ALL-SMART-GPT-MUTATEST/test_stack4_MIO.py::test_case_12 - assert &lt;stac...
FAILED ALL-SMART-GPT-MUTATEST/test_stack4_MIO.py::test_case_13 - AttributeErr...
FAILED ALL-SMART-GPT-MUTATEST/test_stack4_MOSA.py::test_case_7 - AttributeErr...
FAILED ALL-SMART-GPT-MUTATEST/test_stack4_MOSA.py::test_case_8 - AttributeErr...
FAILED ALL-SMART-GPT-MUTATEST/test_stack4_MOSA.py::test_case_12 - AttributeEr...
FAILED ALL-SMART-GPT-MUTATEST/test_stack4_MUTATEST.py::test_remove_method_length_decrement1
FAILED ALL-SMART-GPT-MUTATEST/test_stack4_WHOLE_SUITE.py::test_case_0 - Attri...
======================== 11 failed, 57 passed in 0.21s =========================
</pre></div></div></div></div></div><div class="mb-1" id="job_list___sub_accordion_54"><div class="card"><a data-toggle="collapse" data-target="#job_list___sub_collapse_54_1" aria-expanded="false" aria-controls="job_list___sub_collapse_54_1" href="#" class="job_list___sub_multi_heading"><div role="alert" class="card-header alert-success" id="job_list___sub_heading_54_1"><button class="btn btn-outline-success"><span class="job_id">54 : Job ID 02bd0441003b420fbe70aa1f8d0a61d3</span></button></div></a><div aria-labelledby="job_list___sub_heading_54_1" data-parent="#job_list___sub_accordion_54" class="collapse job_list___sub_multi_collapse" id="job_list___sub_collapse_54_1"><div class="card-body"><div class="work-item"><div class="alert alert-success test-outcome" role="alert"><p>worker outcome: normal</p><p>test outcome: killed</p></div></div><pre class="location"><a href="pycharm://open?file=stack4.py&amp;line=73" class="text-secondary"><button class="btn btn-outline-dark">stack4.py, start pos: (73, 14), end pos: (73, 18)</button></a></pre><pre>operator: core/AddNot, occurrence: 5</pre><div class="alert alert-secondary"><pre class="diff">--- mutation diff ---
--- astack4.py
+++ bstack4.py
@@ -70,7 +70,7 @@
         if curr and val is self.head.data:
             self.head = self.head.next
             self._length -= 1
-        while curr:
+        while not curr:
             if (curr.next and curr.next.data == val):
                 curr.next = curr.next.next
                 self._length -= 1</pre></div><div class="alert alert-secondary"><pre class="diff">============================= test session starts ==============================
platform linux -- Python 3.10.12, pytest-7.1.3, pluggy-1.0.0
rootdir: /home/lucca/desktop/ic/experimento/testes/python_experiments/stack4
plugins: Faker-15.1.1, hypothesis-6.56.3
collected 68 items

ALL-SMART-GPT-MUTATEST/test_stack4_DYNAMOSA.py ..F..F.....F....          [ 23%]
ALL-SMART-GPT-MUTATEST/test_stack4_MIO.py .............F......           [ 52%]
ALL-SMART-GPT-MUTATEST/test_stack4_MOSA.py .......FF...F....             [ 77%]
ALL-SMART-GPT-MUTATEST/test_stack4_MUTATEST.py .F....                    [ 86%]
ALL-SMART-GPT-MUTATEST/test_stack4_WHOLE_SUITE.py F........              [100%]

=========================== short test summary info ============================
FAILED ALL-SMART-GPT-MUTATEST/test_stack4_DYNAMOSA.py::test_case_2 - Attribut...
FAILED ALL-SMART-GPT-MUTATEST/test_stack4_DYNAMOSA.py::test_case_5 - Attribut...
FAILED ALL-SMART-GPT-MUTATEST/test_stack4_DYNAMOSA.py::test_case_11 - Attribu...
FAILED ALL-SMART-GPT-MUTATEST/test_stack4_MIO.py::test_case_13 - AttributeErr...
FAILED ALL-SMART-GPT-MUTATEST/test_stack4_MOSA.py::test_case_7 - AttributeErr...
FAILED ALL-SMART-GPT-MUTATEST/test_stack4_MOSA.py::test_case_8 - AttributeErr...
FAILED ALL-SMART-GPT-MUTATEST/test_stack4_MOSA.py::test_case_12 - AttributeEr...
FAILED ALL-SMART-GPT-MUTATEST/test_stack4_MUTATEST.py::test_remove_method_length_decrement
FAILED ALL-SMART-GPT-MUTATEST/test_stack4_WHOLE_SUITE.py::test_case_0 - Attri...
========================= 9 failed, 59 passed in 0.20s =========================
</pre></div></div></div></div></div><div class="mb-1" id="job_list___sub_accordion_55"><div class="card"><a data-toggle="collapse" data-target="#job_list___sub_collapse_55_1" aria-expanded="false" aria-controls="job_list___sub_collapse_55_1" href="#" class="job_list___sub_multi_heading"><div role="alert" class="card-header alert-success" id="job_list___sub_heading_55_1"><button class="btn btn-outline-success"><span class="job_id">55 : Job ID ea4cae647caf4a45b652403827b9815b</span></button></div></a><div aria-labelledby="job_list___sub_heading_55_1" data-parent="#job_list___sub_accordion_55" class="collapse job_list___sub_multi_collapse" id="job_list___sub_collapse_55_1"><div class="card-body"><div class="work-item"><div class="alert alert-success test-outcome" role="alert"><p>worker outcome: normal</p><p>test outcome: killed</p></div></div><pre class="location"><a href="pycharm://open?file=stack4.py&amp;line=74" class="text-secondary"><button class="btn btn-outline-dark">stack4.py, start pos: (74, 15), end pos: (74, 52)</button></a></pre><pre>operator: core/AddNot, occurrence: 6</pre><div class="alert alert-secondary"><pre class="diff">--- mutation diff ---
--- astack4.py
+++ bstack4.py
@@ -71,7 +71,7 @@
             self.head = self.head.next
             self._length -= 1
         while curr:
-            if (curr.next and curr.next.data == val):
+            if not (curr.next and curr.next.data == val):
                 curr.next = curr.next.next
                 self._length -= 1
             curr = curr.next</pre></div><div class="alert alert-secondary"><pre class="diff">============================= test session starts ==============================
platform linux -- Python 3.10.12, pytest-7.1.3, pluggy-1.0.0
rootdir: /home/lucca/desktop/ic/experimento/testes/python_experiments/stack4
plugins: Faker-15.1.1, hypothesis-6.56.3
collected 68 items

ALL-SMART-GPT-MUTATEST/test_stack4_DYNAMOSA.py ..........FF.FFF          [ 23%]
ALL-SMART-GPT-MUTATEST/test_stack4_MIO.py ..........FFF.......           [ 52%]
ALL-SMART-GPT-MUTATEST/test_stack4_MOSA.py ...FFF...F....F..             [ 77%]
ALL-SMART-GPT-MUTATEST/test_stack4_MUTATEST.py .F.F..                    [ 86%]
ALL-SMART-GPT-MUTATEST/test_stack4_WHOLE_SUITE.py F....F...              [100%]

=========================== short test summary info ============================
FAILED ALL-SMART-GPT-MUTATEST/test_stack4_DYNAMOSA.py::test_case_10 - Attribu...
FAILED ALL-SMART-GPT-MUTATEST/test_stack4_DYNAMOSA.py::test_case_11 - Attribu...
FAILED ALL-SMART-GPT-MUTATEST/test_stack4_DYNAMOSA.py::test_case_13 - Attribu...
FAILED ALL-SMART-GPT-MUTATEST/test_stack4_DYNAMOSA.py::test_case_14 - Attribu...
FAILED ALL-SMART-GPT-MUTATEST/test_stack4_DYNAMOSA.py::test_case_15 - Attribu...
FAILED ALL-SMART-GPT-MUTATEST/test_stack4_MIO.py::test_case_10 - AttributeErr...
FAILED ALL-SMART-GPT-MUTATEST/test_stack4_MIO.py::test_case_11 - AttributeErr...
FAILED ALL-SMART-GPT-MUTATEST/test_stack4_MIO.py::test_case_12 - AttributeErr...
FAILED ALL-SMART-GPT-MUTATEST/test_stack4_MOSA.py::test_case_3 - AttributeErr...
FAILED ALL-SMART-GPT-MUTATEST/test_stack4_MOSA.py::test_case_4 - AttributeErr...
FAILED ALL-SMART-GPT-MUTATEST/test_stack4_MOSA.py::test_case_5 - AttributeErr...
FAILED ALL-SMART-GPT-MUTATEST/test_stack4_MOSA.py::test_case_9 - AttributeErr...
FAILED ALL-SMART-GPT-MUTATEST/test_stack4_MOSA.py::test_case_14 - AttributeEr...
FAILED ALL-SMART-GPT-MUTATEST/test_stack4_MUTATEST.py::test_remove_method_length_decrement
FAILED ALL-SMART-GPT-MUTATEST/test_stack4_MUTATEST.py::test_remove_method_length_decrement1
FAILED ALL-SMART-GPT-MUTATEST/test_stack4_WHOLE_SUITE.py::test_case_0 - Attri...
FAILED ALL-SMART-GPT-MUTATEST/test_stack4_WHOLE_SUITE.py::test_case_5 - Attri...
======================== 17 failed, 51 passed in 0.21s =========================
</pre></div></div></div></div></div><div class="mb-1" id="job_list___sub_accordion_56"><div class="card"><a data-toggle="collapse" data-target="#job_list___sub_collapse_56_1" aria-expanded="false" aria-controls="job_list___sub_collapse_56_1" href="#" class="job_list___sub_multi_heading"><div role="alert" class="card-header alert-success" id="job_list___sub_heading_56_1"><button class="btn btn-outline-success"><span class="job_id">56 : Job ID 25f7399abc6d4a9cb79cf1ee313bdff1</span></button></div></a><div aria-labelledby="job_list___sub_heading_56_1" data-parent="#job_list___sub_accordion_56" class="collapse job_list___sub_multi_collapse" id="job_list___sub_collapse_56_1"><div class="card-body"><div class="work-item"><div class="alert alert-success test-outcome" role="alert"><p>worker outcome: normal</p><p>test outcome: killed</p></div></div><pre class="location"><a href="pycharm://open?file=stack4.py&amp;line=83" class="text-secondary"><button class="btn btn-outline-dark">stack4.py, start pos: (83, 14), end pos: (83, 18)</button></a></pre><pre>operator: core/AddNot, occurrence: 7</pre><div class="alert alert-secondary"><pre class="diff">--- mutation diff ---
--- astack4.py
+++ bstack4.py
@@ -80,7 +80,7 @@
         """Display list as a tuple."""
         curr = self.head
         display = '('
-        while curr:
+        while not curr:
             display += str(curr.data) + ', '
             curr = curr.next
         return display[:-2] + ')'</pre></div><div class="alert alert-secondary"><pre class="diff">============================= test session starts ==============================
platform linux -- Python 3.10.12, pytest-7.1.3, pluggy-1.0.0
rootdir: /home/lucca/desktop/ic/experimento/testes/python_experiments/stack4
plugins: Faker-15.1.1, hypothesis-6.56.3
collected 68 items

ALL-SMART-GPT-MUTATEST/test_stack4_DYNAMOSA.py ......FF....F...          [ 23%]
ALL-SMART-GPT-MUTATEST/test_stack4_MIO.py ...............F.F..           [ 52%]
ALL-SMART-GPT-MUTATEST/test_stack4_MOSA.py .F.FFF...FF......             [ 77%]
ALL-SMART-GPT-MUTATEST/test_stack4_MUTATEST.py ......                    [ 86%]
ALL-SMART-GPT-MUTATEST/test_stack4_WHOLE_SUITE.py F.F......              [100%]

=========================== short test summary info ============================
FAILED ALL-SMART-GPT-MUTATEST/test_stack4_DYNAMOSA.py::test_case_6 - Assertio...
FAILED ALL-SMART-GPT-MUTATEST/test_stack4_DYNAMOSA.py::test_case_7 - Attribut...
FAILED ALL-SMART-GPT-MUTATEST/test_stack4_DYNAMOSA.py::test_case_12 - Asserti...
FAILED ALL-SMART-GPT-MUTATEST/test_stack4_MIO.py::test_case_15 - AssertionErr...
FAILED ALL-SMART-GPT-MUTATEST/test_stack4_MIO.py::test_case_17 - AttributeErr...
FAILED ALL-SMART-GPT-MUTATEST/test_stack4_MOSA.py::test_case_1 - AssertionErr...
FAILED ALL-SMART-GPT-MUTATEST/test_stack4_MOSA.py::test_case_3 - AssertionErr...
FAILED ALL-SMART-GPT-MUTATEST/test_stack4_MOSA.py::test_case_4 - AssertionErr...
FAILED ALL-SMART-GPT-MUTATEST/test_stack4_MOSA.py::test_case_5 - AssertionErr...
FAILED ALL-SMART-GPT-MUTATEST/test_stack4_MOSA.py::test_case_9 - AssertionErr...
FAILED ALL-SMART-GPT-MUTATEST/test_stack4_MOSA.py::test_case_10 - AttributeEr...
FAILED ALL-SMART-GPT-MUTATEST/test_stack4_WHOLE_SUITE.py::test_case_0 - Attri...
FAILED ALL-SMART-GPT-MUTATEST/test_stack4_WHOLE_SUITE.py::test_case_2 - Attri...
======================== 13 failed, 55 passed in 0.20s =========================
</pre></div></div></div></div></div><div class="mb-1" id="job_list___sub_accordion_57"><div class="card"><a data-toggle="collapse" data-target="#job_list___sub_collapse_57_1" aria-expanded="false" aria-controls="job_list___sub_collapse_57_1" href="#" class="job_list___sub_multi_heading"><div role="alert" class="card-header alert-success" id="job_list___sub_heading_57_1"><button class="btn btn-outline-success"><span class="job_id">57 : Job ID 5db86790d8a94e858462dabf3970de5b</span></button></div></a><div aria-labelledby="job_list___sub_heading_57_1" data-parent="#job_list___sub_accordion_57" class="collapse job_list___sub_multi_collapse" id="job_list___sub_collapse_57_1"><div class="card-body"><div class="work-item"><div class="alert alert-success test-outcome" role="alert"><p>worker outcome: normal</p><p>test outcome: killed</p></div></div><pre class="location"><a href="pycharm://open?file=stack4.py&amp;line=70" class="text-secondary"><button class="btn btn-outline-dark">stack4.py, start pos: (70, 16), end pos: (70, 19)</button></a></pre><pre>operator: core/ReplaceAndWithOr, occurrence: 0</pre><div class="alert alert-secondary"><pre class="diff">--- mutation diff ---
--- astack4.py
+++ bstack4.py
@@ -67,7 +67,7 @@
     def remove(self, val):
         """Remove node from list if exists."""
         curr = self.head
-        if curr and val is self.head.data:
+        if curr or val is self.head.data:
             self.head = self.head.next
             self._length -= 1
         while curr:</pre></div><div class="alert alert-secondary"><pre class="diff">============================= test session starts ==============================
platform linux -- Python 3.10.12, pytest-7.1.3, pluggy-1.0.0
rootdir: /home/lucca/desktop/ic/experimento/testes/python_experiments/stack4
plugins: Faker-15.1.1, hypothesis-6.56.3
collected 68 items

ALL-SMART-GPT-MUTATEST/test_stack4_DYNAMOSA.py ..F..F.....F...F          [ 23%]
ALL-SMART-GPT-MUTATEST/test_stack4_MIO.py .............F......           [ 52%]
ALL-SMART-GPT-MUTATEST/test_stack4_MOSA.py ...F...FF...F....             [ 77%]
ALL-SMART-GPT-MUTATEST/test_stack4_MUTATEST.py .F....                    [ 86%]
ALL-SMART-GPT-MUTATEST/test_stack4_WHOLE_SUITE.py F........              [100%]

=========================== short test summary info ============================
FAILED ALL-SMART-GPT-MUTATEST/test_stack4_DYNAMOSA.py::test_case_2 - Attribut...
FAILED ALL-SMART-GPT-MUTATEST/test_stack4_DYNAMOSA.py::test_case_5 - Attribut...
FAILED ALL-SMART-GPT-MUTATEST/test_stack4_DYNAMOSA.py::test_case_11 - Attribu...
FAILED ALL-SMART-GPT-MUTATEST/test_stack4_DYNAMOSA.py::test_case_15 - Attribu...
FAILED ALL-SMART-GPT-MUTATEST/test_stack4_MIO.py::test_case_13 - AttributeErr...
FAILED ALL-SMART-GPT-MUTATEST/test_stack4_MOSA.py::test_case_3 - AssertionErr...
FAILED ALL-SMART-GPT-MUTATEST/test_stack4_MOSA.py::test_case_7 - AttributeErr...
FAILED ALL-SMART-GPT-MUTATEST/test_stack4_MOSA.py::test_case_8 - AttributeErr...
FAILED ALL-SMART-GPT-MUTATEST/test_stack4_MOSA.py::test_case_12 - AttributeEr...
FAILED ALL-SMART-GPT-MUTATEST/test_stack4_MUTATEST.py::test_remove_method_length_decrement
FAILED ALL-SMART-GPT-MUTATEST/test_stack4_WHOLE_SUITE.py::test_case_0 - Attri...
======================== 11 failed, 57 passed in 0.21s =========================
</pre></div></div></div></div></div><div class="mb-1" id="job_list___sub_accordion_58"><div class="card"><a data-toggle="collapse" data-target="#job_list___sub_collapse_58_1" aria-expanded="false" aria-controls="job_list___sub_collapse_58_1" href="#" class="job_list___sub_multi_heading"><div role="alert" class="card-header alert-success" id="job_list___sub_heading_58_1"><button class="btn btn-outline-success"><span class="job_id">58 : Job ID b13d068e3c764b77b12b783713cb1994</span></button></div></a><div aria-labelledby="job_list___sub_heading_58_1" data-parent="#job_list___sub_accordion_58" class="collapse job_list___sub_multi_collapse" id="job_list___sub_collapse_58_1"><div class="card-body"><div class="work-item"><div class="alert alert-success test-outcome" role="alert"><p>worker outcome: normal</p><p>test outcome: killed</p></div></div><pre class="location"><a href="pycharm://open?file=stack4.py&amp;line=74" class="text-secondary"><button class="btn btn-outline-dark">stack4.py, start pos: (74, 26), end pos: (74, 29)</button></a></pre><pre>operator: core/ReplaceAndWithOr, occurrence: 1</pre><div class="alert alert-secondary"><pre class="diff">--- mutation diff ---
--- astack4.py
+++ bstack4.py
@@ -71,7 +71,7 @@
             self.head = self.head.next
             self._length -= 1
         while curr:
-            if (curr.next and curr.next.data == val):
+            if (curr.next or curr.next.data == val):
                 curr.next = curr.next.next
                 self._length -= 1
             curr = curr.next</pre></div><div class="alert alert-secondary"><pre class="diff">============================= test session starts ==============================
platform linux -- Python 3.10.12, pytest-7.1.3, pluggy-1.0.0
rootdir: /home/lucca/desktop/ic/experimento/testes/python_experiments/stack4
plugins: Faker-15.1.1, hypothesis-6.56.3
collected 68 items

ALL-SMART-GPT-MUTATEST/test_stack4_DYNAMOSA.py ..........FF.FFF          [ 23%]
ALL-SMART-GPT-MUTATEST/test_stack4_MIO.py ...........FF.......           [ 52%]
ALL-SMART-GPT-MUTATEST/test_stack4_MOSA.py ...FFF...F....F.F             [ 77%]
ALL-SMART-GPT-MUTATEST/test_stack4_MUTATEST.py .F.F..                    [ 86%]
ALL-SMART-GPT-MUTATEST/test_stack4_WHOLE_SUITE.py .....F...              [100%]

=========================== short test summary info ============================
FAILED ALL-SMART-GPT-MUTATEST/test_stack4_DYNAMOSA.py::test_case_10 - Attribu...
FAILED ALL-SMART-GPT-MUTATEST/test_stack4_DYNAMOSA.py::test_case_11 - Attribu...
FAILED ALL-SMART-GPT-MUTATEST/test_stack4_DYNAMOSA.py::test_case_13 - Attribu...
FAILED ALL-SMART-GPT-MUTATEST/test_stack4_DYNAMOSA.py::test_case_14 - Attribu...
FAILED ALL-SMART-GPT-MUTATEST/test_stack4_DYNAMOSA.py::test_case_15 - Attribu...
FAILED ALL-SMART-GPT-MUTATEST/test_stack4_MIO.py::test_case_11 - AttributeErr...
FAILED ALL-SMART-GPT-MUTATEST/test_stack4_MIO.py::test_case_12 - AttributeErr...
FAILED ALL-SMART-GPT-MUTATEST/test_stack4_MOSA.py::test_case_3 - AttributeErr...
FAILED ALL-SMART-GPT-MUTATEST/test_stack4_MOSA.py::test_case_4 - AttributeErr...
FAILED ALL-SMART-GPT-MUTATEST/test_stack4_MOSA.py::test_case_5 - AttributeErr...
FAILED ALL-SMART-GPT-MUTATEST/test_stack4_MOSA.py::test_case_9 - AttributeErr...
FAILED ALL-SMART-GPT-MUTATEST/test_stack4_MOSA.py::test_case_14 - AttributeEr...
FAILED ALL-SMART-GPT-MUTATEST/test_stack4_MOSA.py::test_case_16 - AttributeEr...
FAILED ALL-SMART-GPT-MUTATEST/test_stack4_MUTATEST.py::test_remove_method_length_decrement
FAILED ALL-SMART-GPT-MUTATEST/test_stack4_MUTATEST.py::test_remove_method_length_decrement1
FAILED ALL-SMART-GPT-MUTATEST/test_stack4_WHOLE_SUITE.py::test_case_5 - Attri...
======================== 16 failed, 52 passed in 0.20s =========================
</pre></div></div></div></div></div><div class="mb-1" id="job_list___sub_accordion_59"><div class="card"><a data-toggle="collapse" data-target="#job_list___sub_collapse_59_1" aria-expanded="false" aria-controls="job_list___sub_collapse_59_1" href="#" class="job_list___sub_multi_heading"><div role="alert" class="card-header alert-success" id="job_list___sub_heading_59_1"><button class="btn btn-outline-success"><span class="job_id">59 : Job ID c3aec8f77f3b4a8d9b55e6b75ed6630d</span></button></div></a><div aria-labelledby="job_list___sub_heading_59_1" data-parent="#job_list___sub_accordion_59" class="collapse job_list___sub_multi_collapse" id="job_list___sub_collapse_59_1"><div class="card-body"><div class="work-item"><div class="alert alert-success test-outcome" role="alert"><p>worker outcome: normal</p><p>test outcome: killed</p></div></div><pre class="location"><a href="pycharm://open?file=stack4.py&amp;line=36" class="text-secondary"><button class="btn btn-outline-dark">stack4.py, start pos: (36, 15), end pos: (36, 24)</button></a></pre><pre>operator: core/ExceptionReplacer, occurrence: 0</pre><div class="alert alert-secondary"><pre class="diff">--- mutation diff ---
--- astack4.py
+++ bstack4.py
@@ -33,7 +33,7 @@
         try:
             for val in data:
                 self.push(val)
-        except TypeError:
+        except CosmicRayTestingException:
             if data:
                 self.push(data)
 </pre></div><div class="alert alert-secondary"><pre class="diff">============================= test session starts ==============================
platform linux -- Python 3.10.12, pytest-7.1.3, pluggy-1.0.0
rootdir: /home/lucca/desktop/ic/experimento/testes/python_experiments/stack4
plugins: Faker-15.1.1, hypothesis-6.56.3
collected 68 items

ALL-SMART-GPT-MUTATEST/test_stack4_DYNAMOSA.py FFFFFFFFFFFF.FFF          [ 23%]
ALL-SMART-GPT-MUTATEST/test_stack4_MIO.py ..FFFFFF.FFFFFF.FFFF           [ 52%]
ALL-SMART-GPT-MUTATEST/test_stack4_MOSA.py FFFFF.FFFFFFFFF.F             [ 77%]
ALL-SMART-GPT-MUTATEST/test_stack4_MUTATEST.py .....F                    [ 86%]
ALL-SMART-GPT-MUTATEST/test_stack4_WHOLE_SUITE.py FFFFFFFFF              [100%]

=========================== short test summary info ============================
FAILED ALL-SMART-GPT-MUTATEST/test_stack4_DYNAMOSA.py::test_case_0 - NameErro...
FAILED ALL-SMART-GPT-MUTATEST/test_stack4_DYNAMOSA.py::test_case_1 - NameErro...
FAILED ALL-SMART-GPT-MUTATEST/test_stack4_DYNAMOSA.py::test_case_2 - NameErro...
FAILED ALL-SMART-GPT-MUTATEST/test_stack4_DYNAMOSA.py::test_case_3 - NameErro...
FAILED ALL-SMART-GPT-MUTATEST/test_stack4_DYNAMOSA.py::test_case_4 - NameErro...
FAILED ALL-SMART-GPT-MUTATEST/test_stack4_DYNAMOSA.py::test_case_5 - NameErro...
FAILED ALL-SMART-GPT-MUTATEST/test_stack4_DYNAMOSA.py::test_case_6 - NameErro...
FAILED ALL-SMART-GPT-MUTATEST/test_stack4_DYNAMOSA.py::test_case_7 - NameErro...
FAILED ALL-SMART-GPT-MUTATEST/test_stack4_DYNAMOSA.py::test_case_8 - NameErro...
FAILED ALL-SMART-GPT-MUTATEST/test_stack4_DYNAMOSA.py::test_case_9 - NameErro...
FAILED ALL-SMART-GPT-MUTATEST/test_stack4_DYNAMOSA.py::test_case_10 - NameErr...
FAILED ALL-SMART-GPT-MUTATEST/test_stack4_DYNAMOSA.py::test_case_11 - NameErr...
FAILED ALL-SMART-GPT-MUTATEST/test_stack4_DYNAMOSA.py::test_case_13 - NameErr...
FAILED ALL-SMART-GPT-MUTATEST/test_stack4_DYNAMOSA.py::test_case_14 - NameErr...
FAILED ALL-SMART-GPT-MUTATEST/test_stack4_DYNAMOSA.py::test_case_15 - NameErr...
FAILED ALL-SMART-GPT-MUTATEST/test_stack4_MIO.py::test_case_2 - NameError: na...
FAILED ALL-SMART-GPT-MUTATEST/test_stack4_MIO.py::test_case_3 - NameError: na...
FAILED ALL-SMART-GPT-MUTATEST/test_stack4_MIO.py::test_case_4 - NameError: na...
FAILED ALL-SMART-GPT-MUTATEST/test_stack4_MIO.py::test_case_5 - NameError: na...
FAILED ALL-SMART-GPT-MUTATEST/test_stack4_MIO.py::test_case_6 - NameError: na...
FAILED ALL-SMART-GPT-MUTATEST/test_stack4_MIO.py::test_case_7 - NameError: na...
FAILED ALL-SMART-GPT-MUTATEST/test_stack4_MIO.py::test_case_9 - NameError: na...
FAILED ALL-SMART-GPT-MUTATEST/test_stack4_MIO.py::test_case_10 - NameError: n...
FAILED ALL-SMART-GPT-MUTATEST/test_stack4_MIO.py::test_case_11 - NameError: n...
FAILED ALL-SMART-GPT-MUTATEST/test_stack4_MIO.py::test_case_12 - NameError: n...
FAILED ALL-SMART-GPT-MUTATEST/test_stack4_MIO.py::test_case_13 - NameError: n...
FAILED ALL-SMART-GPT-MUTATEST/test_stack4_MIO.py::test_case_14 - NameError: n...
FAILED ALL-SMART-GPT-MUTATEST/test_stack4_MIO.py::test_case_16 - NameError: n...
FAILED ALL-SMART-GPT-MUTATEST/test_stack4_MIO.py::test_case_17 - NameError: n...
FAILED ALL-SMART-GPT-MUTATEST/test_stack4_MIO.py::test_case_18 - NameError: n...
FAILED ALL-SMART-GPT-MUTATEST/test_stack4_MIO.py::test_case_19 - NameError: n...
FAILED ALL-SMART-GPT-MUTATEST/test_stack4_MOSA.py::test_case_0 - NameError: n...
FAILED ALL-SMART-GPT-MUTATEST/test_stack4_MOSA.py::test_case_1 - NameError: n...
FAILED ALL-SMART-GPT-MUTATEST/test_stack4_MOSA.py::test_case_2 - NameError: n...
FAILED ALL-SMART-GPT-MUTATEST/test_stack4_MOSA.py::test_case_3 - NameError: n...
FAILED ALL-SMART-GPT-MUTATEST/test_stack4_MOSA.py::test_case_4 - NameError: n...
FAILED ALL-SMART-GPT-MUTATEST/test_stack4_MOSA.py::test_case_6 - NameError: n...
FAILED ALL-SMART-GPT-MUTATEST/test_stack4_MOSA.py::test_case_7 - NameError: n...
FAILED ALL-SMART-GPT-MUTATEST/test_stack4_MOSA.py::test_case_8 - NameError: n...
FAILED ALL-SMART-GPT-MUTATEST/test_stack4_MOSA.py::test_case_9 - NameError: n...
FAILED ALL-SMART-GPT-MUTATEST/test_stack4_MOSA.py::test_case_10 - NameError: ...
FAILED ALL-SMART-GPT-MUTATEST/test_stack4_MOSA.py::test_case_11 - NameError: ...
FAILED ALL-SMART-GPT-MUTATEST/test_stack4_MOSA.py::test_case_12 - NameError: ...
FAILED ALL-SMART-GPT-MUTATEST/test_stack4_MOSA.py::test_case_13 - NameError: ...
FAILED ALL-SMART-GPT-MUTATEST/test_stack4_MOSA.py::test_case_14 - NameError: ...
FAILED ALL-SMART-GPT-MUTATEST/test_stack4_MOSA.py::test_case_16 - NameError: ...
FAILED ALL-SMART-GPT-MUTATEST/test_stack4_MUTATEST.py::test_empty_stack_size
FAILED ALL-SMART-GPT-MUTATEST/test_stack4_WHOLE_SUITE.py::test_case_0 - NameE...
FAILED ALL-SMART-GPT-MUTATEST/test_stack4_WHOLE_SUITE.py::test_case_1 - NameE...
FAILED ALL-SMART-GPT-MUTATEST/test_stack4_WHOLE_SUITE.py::test_case_2 - NameE...
FAILED ALL-SMART-GPT-MUTATEST/test_stack4_WHOLE_SUITE.py::test_case_3 - NameE...
FAILED ALL-SMART-GPT-MUTATEST/test_stack4_WHOLE_SUITE.py::test_case_4 - NameE...
FAILED ALL-SMART-GPT-MUTATEST/test_stack4_WHOLE_SUITE.py::test_case_5 - NameE...
FAILED ALL-SMART-GPT-MUTATEST/test_stack4_WHOLE_SUITE.py::test_case_6 - NameE...
FAILED ALL-SMART-GPT-MUTATEST/test_stack4_WHOLE_SUITE.py::test_case_7 - NameE...
FAILED ALL-SMART-GPT-MUTATEST/test_stack4_WHOLE_SUITE.py::test_case_8 - NameE...
======================== 56 failed, 12 passed in 0.23s =========================
</pre></div></div></div></div></div><div class="mb-1" id="job_list___sub_accordion_60"><div class="card"><a data-toggle="collapse" data-target="#job_list___sub_collapse_60_1" aria-expanded="false" aria-controls="job_list___sub_collapse_60_1" href="#" class="job_list___sub_multi_heading"><div role="alert" class="card-header alert-success" id="job_list___sub_heading_60_1"><button class="btn btn-outline-success"><span class="job_id">60 : Job ID 0b3c816e390b40fb916fa9fd88dee181</span></button></div></a><div aria-labelledby="job_list___sub_heading_60_1" data-parent="#job_list___sub_accordion_60" class="collapse job_list___sub_multi_collapse" id="job_list___sub_collapse_60_1"><div class="card-body"><div class="work-item"><div class="alert alert-success test-outcome" role="alert"><p>worker outcome: normal</p><p>test outcome: killed</p></div></div><pre class="location"><a href="pycharm://open?file=stack4.py&amp;line=31" class="text-secondary"><button class="btn btn-outline-dark">stack4.py, start pos: (31, 23), end pos: (31, 24)</button></a></pre><pre>operator: core/NumberReplacer, occurrence: 0</pre><div class="alert alert-secondary"><pre class="diff">--- mutation diff ---
--- astack4.py
+++ bstack4.py
@@ -28,7 +28,7 @@
 
     def __init__(self, data=None):
         """Linked list initialized with head."""
-        self._length = 0
+        self._length = 1
         self.head = None
         try:
             for val in data:</pre></div><div class="alert alert-secondary"><pre class="diff">============================= test session starts ==============================
platform linux -- Python 3.10.12, pytest-7.1.3, pluggy-1.0.0
rootdir: /home/lucca/desktop/ic/experimento/testes/python_experiments/stack4
plugins: Faker-15.1.1, hypothesis-6.56.3
collected 68 items

ALL-SMART-GPT-MUTATEST/test_stack4_DYNAMOSA.py .....F......F...          [ 23%]
ALL-SMART-GPT-MUTATEST/test_stack4_MIO.py ...................F           [ 52%]
ALL-SMART-GPT-MUTATEST/test_stack4_MOSA.py ............F....             [ 77%]
ALL-SMART-GPT-MUTATEST/test_stack4_MUTATEST.py .....F                    [ 86%]
ALL-SMART-GPT-MUTATEST/test_stack4_WHOLE_SUITE.py ...F.....              [100%]

=========================== short test summary info ============================
FAILED ALL-SMART-GPT-MUTATEST/test_stack4_DYNAMOSA.py::test_case_5 - assert 1...
FAILED ALL-SMART-GPT-MUTATEST/test_stack4_DYNAMOSA.py::test_case_12 - assert ...
FAILED ALL-SMART-GPT-MUTATEST/test_stack4_MIO.py::test_case_19 - assert 1 == 0
FAILED ALL-SMART-GPT-MUTATEST/test_stack4_MOSA.py::test_case_12 - assert 1 == 0
FAILED ALL-SMART-GPT-MUTATEST/test_stack4_MUTATEST.py::test_empty_stack_size
FAILED ALL-SMART-GPT-MUTATEST/test_stack4_WHOLE_SUITE.py::test_case_3 - asser...
========================= 6 failed, 62 passed in 0.20s =========================
</pre></div></div></div></div></div><div class="mb-1" id="job_list___sub_accordion_61"><div class="card"><a data-toggle="collapse" data-target="#job_list___sub_collapse_61_1" aria-expanded="false" aria-controls="job_list___sub_collapse_61_1" href="#" class="job_list___sub_multi_heading"><div role="alert" class="card-header alert-success" id="job_list___sub_heading_61_1"><button class="btn btn-outline-success"><span class="job_id">61 : Job ID cd65ace5d6c74b2aa42bb293dabaf036</span></button></div></a><div aria-labelledby="job_list___sub_heading_61_1" data-parent="#job_list___sub_accordion_61" class="collapse job_list___sub_multi_collapse" id="job_list___sub_collapse_61_1"><div class="card-body"><div class="work-item"><div class="alert alert-success test-outcome" role="alert"><p>worker outcome: normal</p><p>test outcome: killed</p></div></div><pre class="location"><a href="pycharm://open?file=stack4.py&amp;line=31" class="text-secondary"><button class="btn btn-outline-dark">stack4.py, start pos: (31, 23), end pos: (31, 24)</button></a></pre><pre>operator: core/NumberReplacer, occurrence: 1</pre><div class="alert alert-secondary"><pre class="diff">--- mutation diff ---
--- astack4.py
+++ bstack4.py
@@ -28,7 +28,7 @@
 
     def __init__(self, data=None):
         """Linked list initialized with head."""
-        self._length = 0
+        self._length = -1
         self.head = None
         try:
             for val in data:</pre></div><div class="alert alert-secondary"><pre class="diff">============================= test session starts ==============================
platform linux -- Python 3.10.12, pytest-7.1.3, pluggy-1.0.0
rootdir: /home/lucca/desktop/ic/experimento/testes/python_experiments/stack4
plugins: Faker-15.1.1, hypothesis-6.56.3
collected 68 items

ALL-SMART-GPT-MUTATEST/test_stack4_DYNAMOSA.py .....F......F...          [ 23%]
ALL-SMART-GPT-MUTATEST/test_stack4_MIO.py ...................F           [ 52%]
ALL-SMART-GPT-MUTATEST/test_stack4_MOSA.py ............F....             [ 77%]
ALL-SMART-GPT-MUTATEST/test_stack4_MUTATEST.py .....F                    [ 86%]
ALL-SMART-GPT-MUTATEST/test_stack4_WHOLE_SUITE.py ...F.....              [100%]

=========================== short test summary info ============================
FAILED ALL-SMART-GPT-MUTATEST/test_stack4_DYNAMOSA.py::test_case_5 - assert -...
FAILED ALL-SMART-GPT-MUTATEST/test_stack4_DYNAMOSA.py::test_case_12 - assert ...
FAILED ALL-SMART-GPT-MUTATEST/test_stack4_MIO.py::test_case_19 - assert -1 == 0
FAILED ALL-SMART-GPT-MUTATEST/test_stack4_MOSA.py::test_case_12 - assert -1 == 0
FAILED ALL-SMART-GPT-MUTATEST/test_stack4_MUTATEST.py::test_empty_stack_size
FAILED ALL-SMART-GPT-MUTATEST/test_stack4_WHOLE_SUITE.py::test_case_3 - asser...
========================= 6 failed, 62 passed in 0.20s =========================
</pre></div></div></div></div></div><div class="mb-1" id="job_list___sub_accordion_62"><div class="card"><a data-toggle="collapse" data-target="#job_list___sub_collapse_62_1" aria-expanded="false" aria-controls="job_list___sub_collapse_62_1" href="#" class="job_list___sub_multi_heading"><div role="alert" class="card-header alert-success" id="job_list___sub_heading_62_1"><button class="btn btn-outline-success"><span class="job_id">62 : Job ID ce98db23052041adaa6bada2ef9a7b1a</span></button></div></a><div aria-labelledby="job_list___sub_heading_62_1" data-parent="#job_list___sub_accordion_62" class="collapse job_list___sub_multi_collapse" id="job_list___sub_collapse_62_1"><div class="card-body"><div class="work-item"><div class="alert alert-success test-outcome" role="alert"><p>worker outcome: normal</p><p>test outcome: killed</p></div></div><pre class="location"><a href="pycharm://open?file=stack4.py&amp;line=44" class="text-secondary"><button class="btn btn-outline-dark">stack4.py, start pos: (44, 24), end pos: (44, 25)</button></a></pre><pre>operator: core/NumberReplacer, occurrence: 2</pre><div class="alert alert-secondary"><pre class="diff">--- mutation diff ---
--- astack4.py
+++ bstack4.py
@@ -41,7 +41,7 @@
         """Insert a value at the head of the list."""
         old_head = self.head
         self.head = Node(val, old_head)
-        self._length += 1
+        self._length += 2
 
     def pop(self):
         """Remove the first value and return it."""</pre></div><div class="alert alert-secondary"><pre class="diff">============================= test session starts ==============================
platform linux -- Python 3.10.12, pytest-7.1.3, pluggy-1.0.0
rootdir: /home/lucca/desktop/ic/experimento/testes/python_experiments/stack4
plugins: Faker-15.1.1, hypothesis-6.56.3
collected 68 items

ALL-SMART-GPT-MUTATEST/test_stack4_DYNAMOSA.py ............F...          [ 23%]
ALL-SMART-GPT-MUTATEST/test_stack4_MIO.py ....................           [ 52%]
ALL-SMART-GPT-MUTATEST/test_stack4_MOSA.py .................             [ 77%]
ALL-SMART-GPT-MUTATEST/test_stack4_MUTATEST.py ......                    [ 86%]
ALL-SMART-GPT-MUTATEST/test_stack4_WHOLE_SUITE.py .........              [100%]

=========================== short test summary info ============================
FAILED ALL-SMART-GPT-MUTATEST/test_stack4_DYNAMOSA.py::test_case_12 - assert ...
========================= 1 failed, 67 passed in 0.20s =========================
</pre></div></div></div></div></div><div class="mb-1" id="job_list___sub_accordion_63"><div class="card"><a data-toggle="collapse" data-target="#job_list___sub_collapse_63_1" aria-expanded="false" aria-controls="job_list___sub_collapse_63_1" href="#" class="job_list___sub_multi_heading"><div role="alert" class="card-header alert-success" id="job_list___sub_heading_63_1"><button class="btn btn-outline-success"><span class="job_id">63 : Job ID 01e4ed99393d45ef8494ec039506790d</span></button></div></a><div aria-labelledby="job_list___sub_heading_63_1" data-parent="#job_list___sub_accordion_63" class="collapse job_list___sub_multi_collapse" id="job_list___sub_collapse_63_1"><div class="card-body"><div class="work-item"><div class="alert alert-success test-outcome" role="alert"><p>worker outcome: normal</p><p>test outcome: killed</p></div></div><pre class="location"><a href="pycharm://open?file=stack4.py&amp;line=44" class="text-secondary"><button class="btn btn-outline-dark">stack4.py, start pos: (44, 24), end pos: (44, 25)</button></a></pre><pre>operator: core/NumberReplacer, occurrence: 3</pre><div class="alert alert-secondary"><pre class="diff">--- mutation diff ---
--- astack4.py
+++ bstack4.py
@@ -41,7 +41,7 @@
         """Insert a value at the head of the list."""
         old_head = self.head
         self.head = Node(val, old_head)
-        self._length += 1
+        self._length += 0
 
     def pop(self):
         """Remove the first value and return it."""</pre></div><div class="alert alert-secondary"><pre class="diff">============================= test session starts ==============================
platform linux -- Python 3.10.12, pytest-7.1.3, pluggy-1.0.0
rootdir: /home/lucca/desktop/ic/experimento/testes/python_experiments/stack4
plugins: Faker-15.1.1, hypothesis-6.56.3
collected 68 items

ALL-SMART-GPT-MUTATEST/test_stack4_DYNAMOSA.py ............F...          [ 23%]
ALL-SMART-GPT-MUTATEST/test_stack4_MIO.py ....................           [ 52%]
ALL-SMART-GPT-MUTATEST/test_stack4_MOSA.py .................             [ 77%]
ALL-SMART-GPT-MUTATEST/test_stack4_MUTATEST.py ......                    [ 86%]
ALL-SMART-GPT-MUTATEST/test_stack4_WHOLE_SUITE.py .........              [100%]

=========================== short test summary info ============================
FAILED ALL-SMART-GPT-MUTATEST/test_stack4_DYNAMOSA.py::test_case_12 - assert ...
========================= 1 failed, 67 passed in 0.20s =========================
</pre></div></div></div></div></div><div class="mb-1" id="job_list___sub_accordion_64"><div class="card"><a data-toggle="collapse" data-target="#job_list___sub_collapse_64_1" aria-expanded="false" aria-controls="job_list___sub_collapse_64_1" href="#" class="job_list___sub_multi_heading"><div role="alert" class="card-header alert-success" id="job_list___sub_heading_64_1"><button class="btn btn-outline-success"><span class="job_id">64 : Job ID 59794b6ab78a4800b2e4ac04fcdd827c</span></button></div></a><div aria-labelledby="job_list___sub_heading_64_1" data-parent="#job_list___sub_accordion_64" class="collapse job_list___sub_multi_collapse" id="job_list___sub_collapse_64_1"><div class="card-body"><div class="work-item"><div class="alert alert-success test-outcome" role="alert"><p>worker outcome: normal</p><p>test outcome: killed</p></div></div><pre class="location"><a href="pycharm://open?file=stack4.py&amp;line=52" class="text-secondary"><button class="btn btn-outline-dark">stack4.py, start pos: (52, 24), end pos: (52, 25)</button></a></pre><pre>operator: core/NumberReplacer, occurrence: 4</pre><div class="alert alert-secondary"><pre class="diff">--- mutation diff ---
--- astack4.py
+++ bstack4.py
@@ -49,7 +49,7 @@
             raise IndexError('Cannot pop from an empty list')
         to_return = self.head
         self.head = self.head.next
-        self._length -= 1
+        self._length -= 2
         return to_return.data
 
     def size(self):</pre></div><div class="alert alert-secondary"><pre class="diff">============================= test session starts ==============================
platform linux -- Python 3.10.12, pytest-7.1.3, pluggy-1.0.0
rootdir: /home/lucca/desktop/ic/experimento/testes/python_experiments/stack4
plugins: Faker-15.1.1, hypothesis-6.56.3
collected 68 items

ALL-SMART-GPT-MUTATEST/test_stack4_DYNAMOSA.py ................          [ 23%]
ALL-SMART-GPT-MUTATEST/test_stack4_MIO.py ....................           [ 52%]
ALL-SMART-GPT-MUTATEST/test_stack4_MOSA.py .................             [ 77%]
ALL-SMART-GPT-MUTATEST/test_stack4_MUTATEST.py ..F...                    [ 86%]
ALL-SMART-GPT-MUTATEST/test_stack4_WHOLE_SUITE.py .........              [100%]

=========================== short test summary info ============================
FAILED ALL-SMART-GPT-MUTATEST/test_stack4_MUTATEST.py::test_pop_method_length_decrement
========================= 1 failed, 67 passed in 0.20s =========================
</pre></div></div></div></div></div><div class="mb-1" id="job_list___sub_accordion_65"><div class="card"><a data-toggle="collapse" data-target="#job_list___sub_collapse_65_1" aria-expanded="false" aria-controls="job_list___sub_collapse_65_1" href="#" class="job_list___sub_multi_heading"><div role="alert" class="card-header alert-success" id="job_list___sub_heading_65_1"><button class="btn btn-outline-success"><span class="job_id">65 : Job ID 4c4972656a54441a8a71eef09f6e244b</span></button></div></a><div aria-labelledby="job_list___sub_heading_65_1" data-parent="#job_list___sub_accordion_65" class="collapse job_list___sub_multi_collapse" id="job_list___sub_collapse_65_1"><div class="card-body"><div class="work-item"><div class="alert alert-success test-outcome" role="alert"><p>worker outcome: normal</p><p>test outcome: killed</p></div></div><pre class="location"><a href="pycharm://open?file=stack4.py&amp;line=52" class="text-secondary"><button class="btn btn-outline-dark">stack4.py, start pos: (52, 24), end pos: (52, 25)</button></a></pre><pre>operator: core/NumberReplacer, occurrence: 5</pre><div class="alert alert-secondary"><pre class="diff">--- mutation diff ---
--- astack4.py
+++ bstack4.py
@@ -49,7 +49,7 @@
             raise IndexError('Cannot pop from an empty list')
         to_return = self.head
         self.head = self.head.next
-        self._length -= 1
+        self._length -= 0
         return to_return.data
 
     def size(self):</pre></div><div class="alert alert-secondary"><pre class="diff">============================= test session starts ==============================
platform linux -- Python 3.10.12, pytest-7.1.3, pluggy-1.0.0
rootdir: /home/lucca/desktop/ic/experimento/testes/python_experiments/stack4
plugins: Faker-15.1.1, hypothesis-6.56.3
collected 68 items

ALL-SMART-GPT-MUTATEST/test_stack4_DYNAMOSA.py ................          [ 23%]
ALL-SMART-GPT-MUTATEST/test_stack4_MIO.py ....................           [ 52%]
ALL-SMART-GPT-MUTATEST/test_stack4_MOSA.py .................             [ 77%]
ALL-SMART-GPT-MUTATEST/test_stack4_MUTATEST.py ..F...                    [ 86%]
ALL-SMART-GPT-MUTATEST/test_stack4_WHOLE_SUITE.py .........              [100%]

=========================== short test summary info ============================
FAILED ALL-SMART-GPT-MUTATEST/test_stack4_MUTATEST.py::test_pop_method_length_decrement
========================= 1 failed, 67 passed in 0.20s =========================
</pre></div></div></div></div></div><div class="mb-1" id="job_list___sub_accordion_66"><div class="card"><a data-toggle="collapse" data-target="#job_list___sub_collapse_66_1" aria-expanded="false" aria-controls="job_list___sub_collapse_66_1" href="#" class="job_list___sub_multi_heading"><div role="alert" class="card-header alert-success" id="job_list___sub_heading_66_1"><button class="btn btn-outline-success"><span class="job_id">66 : Job ID 1720100518b943068921fbbfa9d18467</span></button></div></a><div aria-labelledby="job_list___sub_heading_66_1" data-parent="#job_list___sub_accordion_66" class="collapse job_list___sub_multi_collapse" id="job_list___sub_collapse_66_1"><div class="card-body"><div class="work-item"><div class="alert alert-success test-outcome" role="alert"><p>worker outcome: normal</p><p>test outcome: killed</p></div></div><pre class="location"><a href="pycharm://open?file=stack4.py&amp;line=72" class="text-secondary"><button class="btn btn-outline-dark">stack4.py, start pos: (72, 28), end pos: (72, 29)</button></a></pre><pre>operator: core/NumberReplacer, occurrence: 6</pre><div class="alert alert-secondary"><pre class="diff">--- mutation diff ---
--- astack4.py
+++ bstack4.py
@@ -69,7 +69,7 @@
         curr = self.head
         if curr and val is self.head.data:
             self.head = self.head.next
-            self._length -= 1
+            self._length -= 2
         while curr:
             if (curr.next and curr.next.data == val):
                 curr.next = curr.next.next</pre></div><div class="alert alert-secondary"><pre class="diff">============================= test session starts ==============================
platform linux -- Python 3.10.12, pytest-7.1.3, pluggy-1.0.0
rootdir: /home/lucca/desktop/ic/experimento/testes/python_experiments/stack4
plugins: Faker-15.1.1, hypothesis-6.56.3
collected 68 items

ALL-SMART-GPT-MUTATEST/test_stack4_DYNAMOSA.py ................          [ 23%]
ALL-SMART-GPT-MUTATEST/test_stack4_MIO.py ....................           [ 52%]
ALL-SMART-GPT-MUTATEST/test_stack4_MOSA.py .................             [ 77%]
ALL-SMART-GPT-MUTATEST/test_stack4_MUTATEST.py ...F..                    [ 86%]
ALL-SMART-GPT-MUTATEST/test_stack4_WHOLE_SUITE.py .........              [100%]

=========================== short test summary info ============================
FAILED ALL-SMART-GPT-MUTATEST/test_stack4_MUTATEST.py::test_remove_method_length_decrement1
========================= 1 failed, 67 passed in 0.20s =========================
</pre></div></div></div></div></div><div class="mb-1" id="job_list___sub_accordion_67"><div class="card"><a data-toggle="collapse" data-target="#job_list___sub_collapse_67_1" aria-expanded="false" aria-controls="job_list___sub_collapse_67_1" href="#" class="job_list___sub_multi_heading"><div role="alert" class="card-header alert-success" id="job_list___sub_heading_67_1"><button class="btn btn-outline-success"><span class="job_id">67 : Job ID 27bfac7642454695bb5b2c2b0eb0b774</span></button></div></a><div aria-labelledby="job_list___sub_heading_67_1" data-parent="#job_list___sub_accordion_67" class="collapse job_list___sub_multi_collapse" id="job_list___sub_collapse_67_1"><div class="card-body"><div class="work-item"><div class="alert alert-success test-outcome" role="alert"><p>worker outcome: normal</p><p>test outcome: killed</p></div></div><pre class="location"><a href="pycharm://open?file=stack4.py&amp;line=72" class="text-secondary"><button class="btn btn-outline-dark">stack4.py, start pos: (72, 28), end pos: (72, 29)</button></a></pre><pre>operator: core/NumberReplacer, occurrence: 7</pre><div class="alert alert-secondary"><pre class="diff">--- mutation diff ---
--- astack4.py
+++ bstack4.py
@@ -69,7 +69,7 @@
         curr = self.head
         if curr and val is self.head.data:
             self.head = self.head.next
-            self._length -= 1
+            self._length -= 0
         while curr:
             if (curr.next and curr.next.data == val):
                 curr.next = curr.next.next</pre></div><div class="alert alert-secondary"><pre class="diff">============================= test session starts ==============================
platform linux -- Python 3.10.12, pytest-7.1.3, pluggy-1.0.0
rootdir: /home/lucca/desktop/ic/experimento/testes/python_experiments/stack4
plugins: Faker-15.1.1, hypothesis-6.56.3
collected 68 items

ALL-SMART-GPT-MUTATEST/test_stack4_DYNAMOSA.py ................          [ 23%]
ALL-SMART-GPT-MUTATEST/test_stack4_MIO.py ....................           [ 52%]
ALL-SMART-GPT-MUTATEST/test_stack4_MOSA.py .................             [ 77%]
ALL-SMART-GPT-MUTATEST/test_stack4_MUTATEST.py ...F..                    [ 86%]
ALL-SMART-GPT-MUTATEST/test_stack4_WHOLE_SUITE.py .........              [100%]

=========================== short test summary info ============================
FAILED ALL-SMART-GPT-MUTATEST/test_stack4_MUTATEST.py::test_remove_method_length_decrement1
========================= 1 failed, 67 passed in 0.20s =========================
</pre></div></div></div></div></div><div class="mb-1" id="job_list___sub_accordion_68"><div class="card"><a data-toggle="collapse" data-target="#job_list___sub_collapse_68_1" aria-expanded="false" aria-controls="job_list___sub_collapse_68_1" href="#" class="job_list___sub_multi_heading"><div role="alert" class="card-header alert-success" id="job_list___sub_heading_68_1"><button class="btn btn-outline-success"><span class="job_id">68 : Job ID dcfbcfe828d54294b19047852aeab0c0</span></button></div></a><div aria-labelledby="job_list___sub_heading_68_1" data-parent="#job_list___sub_accordion_68" class="collapse job_list___sub_multi_collapse" id="job_list___sub_collapse_68_1"><div class="card-body"><div class="work-item"><div class="alert alert-success test-outcome" role="alert"><p>worker outcome: normal</p><p>test outcome: killed</p></div></div><pre class="location"><a href="pycharm://open?file=stack4.py&amp;line=76" class="text-secondary"><button class="btn btn-outline-dark">stack4.py, start pos: (76, 32), end pos: (76, 33)</button></a></pre><pre>operator: core/NumberReplacer, occurrence: 8</pre><div class="alert alert-secondary"><pre class="diff">--- mutation diff ---
--- astack4.py
+++ bstack4.py
@@ -73,7 +73,7 @@
         while curr:
             if (curr.next and curr.next.data == val):
                 curr.next = curr.next.next
-                self._length -= 1
+                self._length -= 2
             curr = curr.next
 
     def display(self):</pre></div><div class="alert alert-secondary"><pre class="diff">============================= test session starts ==============================
platform linux -- Python 3.10.12, pytest-7.1.3, pluggy-1.0.0
rootdir: /home/lucca/desktop/ic/experimento/testes/python_experiments/stack4
plugins: Faker-15.1.1, hypothesis-6.56.3
collected 68 items

ALL-SMART-GPT-MUTATEST/test_stack4_DYNAMOSA.py ................          [ 23%]
ALL-SMART-GPT-MUTATEST/test_stack4_MIO.py ....................           [ 52%]
ALL-SMART-GPT-MUTATEST/test_stack4_MOSA.py .................             [ 77%]
ALL-SMART-GPT-MUTATEST/test_stack4_MUTATEST.py .F....                    [ 86%]
ALL-SMART-GPT-MUTATEST/test_stack4_WHOLE_SUITE.py .........              [100%]

=========================== short test summary info ============================
FAILED ALL-SMART-GPT-MUTATEST/test_stack4_MUTATEST.py::test_remove_method_length_decrement
========================= 1 failed, 67 passed in 0.21s =========================
</pre></div></div></div></div></div><div class="mb-1" id="job_list___sub_accordion_69"><div class="card"><a data-toggle="collapse" data-target="#job_list___sub_collapse_69_1" aria-expanded="false" aria-controls="job_list___sub_collapse_69_1" href="#" class="job_list___sub_multi_heading"><div role="alert" class="card-header alert-success" id="job_list___sub_heading_69_1"><button class="btn btn-outline-success"><span class="job_id">69 : Job ID b4f9ea87855f4f458f05f97b0ccf85d4</span></button></div></a><div aria-labelledby="job_list___sub_heading_69_1" data-parent="#job_list___sub_accordion_69" class="collapse job_list___sub_multi_collapse" id="job_list___sub_collapse_69_1"><div class="card-body"><div class="work-item"><div class="alert alert-success test-outcome" role="alert"><p>worker outcome: normal</p><p>test outcome: killed</p></div></div><pre class="location"><a href="pycharm://open?file=stack4.py&amp;line=76" class="text-secondary"><button class="btn btn-outline-dark">stack4.py, start pos: (76, 32), end pos: (76, 33)</button></a></pre><pre>operator: core/NumberReplacer, occurrence: 9</pre><div class="alert alert-secondary"><pre class="diff">--- mutation diff ---
--- astack4.py
+++ bstack4.py
@@ -73,7 +73,7 @@
         while curr:
             if (curr.next and curr.next.data == val):
                 curr.next = curr.next.next
-                self._length -= 1
+                self._length -= 0
             curr = curr.next
 
     def display(self):</pre></div><div class="alert alert-secondary"><pre class="diff">============================= test session starts ==============================
platform linux -- Python 3.10.12, pytest-7.1.3, pluggy-1.0.0
rootdir: /home/lucca/desktop/ic/experimento/testes/python_experiments/stack4
plugins: Faker-15.1.1, hypothesis-6.56.3
collected 68 items

ALL-SMART-GPT-MUTATEST/test_stack4_DYNAMOSA.py ................          [ 23%]
ALL-SMART-GPT-MUTATEST/test_stack4_MIO.py ....................           [ 52%]
ALL-SMART-GPT-MUTATEST/test_stack4_MOSA.py .................             [ 77%]
ALL-SMART-GPT-MUTATEST/test_stack4_MUTATEST.py .F....                    [ 86%]
ALL-SMART-GPT-MUTATEST/test_stack4_WHOLE_SUITE.py .........              [100%]

=========================== short test summary info ============================
FAILED ALL-SMART-GPT-MUTATEST/test_stack4_MUTATEST.py::test_remove_method_length_decrement
========================= 1 failed, 67 passed in 0.20s =========================
</pre></div></div></div></div></div><div class="mb-1" id="job_list___sub_accordion_70"><div class="card"><a data-toggle="collapse" data-target="#job_list___sub_collapse_70_1" aria-expanded="false" aria-controls="job_list___sub_collapse_70_1" href="#" class="job_list___sub_multi_heading"><div role="alert" class="card-header alert-success" id="job_list___sub_heading_70_1"><button class="btn btn-outline-success"><span class="job_id">70 : Job ID 6dd8e1f8b5104baea41fcc89de156bd6</span></button></div></a><div aria-labelledby="job_list___sub_heading_70_1" data-parent="#job_list___sub_accordion_70" class="collapse job_list___sub_multi_collapse" id="job_list___sub_collapse_70_1"><div class="card-body"><div class="work-item"><div class="alert alert-success test-outcome" role="alert"><p>worker outcome: normal</p><p>test outcome: killed</p></div></div><pre class="location"><a href="pycharm://open?file=stack4.py&amp;line=86" class="text-secondary"><button class="btn btn-outline-dark">stack4.py, start pos: (86, 25), end pos: (86, 26)</button></a></pre><pre>operator: core/NumberReplacer, occurrence: 10</pre><div class="alert alert-secondary"><pre class="diff">--- mutation diff ---
--- astack4.py
+++ bstack4.py
@@ -83,7 +83,7 @@
         while curr:
             display += str(curr.data) + ', '
             curr = curr.next
-        return display[:-2] + ')'
+        return display[:- 3] + ')'
 
 
 class Stack(object):</pre></div><div class="alert alert-secondary"><pre class="diff">============================= test session starts ==============================
platform linux -- Python 3.10.12, pytest-7.1.3, pluggy-1.0.0
rootdir: /home/lucca/desktop/ic/experimento/testes/python_experiments/stack4
plugins: Faker-15.1.1, hypothesis-6.56.3
collected 68 items

ALL-SMART-GPT-MUTATEST/test_stack4_DYNAMOSA.py ......F.....F...          [ 23%]
ALL-SMART-GPT-MUTATEST/test_stack4_MIO.py ...............F....           [ 52%]
ALL-SMART-GPT-MUTATEST/test_stack4_MOSA.py .F.FFF...F.......             [ 77%]
ALL-SMART-GPT-MUTATEST/test_stack4_MUTATEST.py ......                    [ 86%]
ALL-SMART-GPT-MUTATEST/test_stack4_WHOLE_SUITE.py .........              [100%]

=========================== short test summary info ============================
FAILED ALL-SMART-GPT-MUTATEST/test_stack4_DYNAMOSA.py::test_case_6 - Assertio...
FAILED ALL-SMART-GPT-MUTATEST/test_stack4_DYNAMOSA.py::test_case_12 - Asserti...
FAILED ALL-SMART-GPT-MUTATEST/test_stack4_MIO.py::test_case_15 - AssertionErr...
FAILED ALL-SMART-GPT-MUTATEST/test_stack4_MOSA.py::test_case_1 - AssertionErr...
FAILED ALL-SMART-GPT-MUTATEST/test_stack4_MOSA.py::test_case_3 - AssertionErr...
FAILED ALL-SMART-GPT-MUTATEST/test_stack4_MOSA.py::test_case_4 - AssertionErr...
FAILED ALL-SMART-GPT-MUTATEST/test_stack4_MOSA.py::test_case_5 - AssertionErr...
FAILED ALL-SMART-GPT-MUTATEST/test_stack4_MOSA.py::test_case_9 - AssertionErr...
========================= 8 failed, 60 passed in 0.21s =========================
</pre></div></div></div></div></div><div class="mb-1" id="job_list___sub_accordion_71"><div class="card"><a data-toggle="collapse" data-target="#job_list___sub_collapse_71_1" aria-expanded="false" aria-controls="job_list___sub_collapse_71_1" href="#" class="job_list___sub_multi_heading"><div role="alert" class="card-header alert-success" id="job_list___sub_heading_71_1"><button class="btn btn-outline-success"><span class="job_id">71 : Job ID ed969614316c40f0b73520d11634c46c</span></button></div></a><div aria-labelledby="job_list___sub_heading_71_1" data-parent="#job_list___sub_accordion_71" class="collapse job_list___sub_multi_collapse" id="job_list___sub_collapse_71_1"><div class="card-body"><div class="work-item"><div class="alert alert-success test-outcome" role="alert"><p>worker outcome: normal</p><p>test outcome: killed</p></div></div><pre class="location"><a href="pycharm://open?file=stack4.py&amp;line=86" class="text-secondary"><button class="btn btn-outline-dark">stack4.py, start pos: (86, 25), end pos: (86, 26)</button></a></pre><pre>operator: core/NumberReplacer, occurrence: 11</pre><div class="alert alert-secondary"><pre class="diff">--- mutation diff ---
--- astack4.py
+++ bstack4.py
@@ -83,7 +83,7 @@
         while curr:
             display += str(curr.data) + ', '
             curr = curr.next
-        return display[:-2] + ')'
+        return display[:- 1] + ')'
 
 
 class Stack(object):</pre></div><div class="alert alert-secondary"><pre class="diff">============================= test session starts ==============================
platform linux -- Python 3.10.12, pytest-7.1.3, pluggy-1.0.0
rootdir: /home/lucca/desktop/ic/experimento/testes/python_experiments/stack4
plugins: Faker-15.1.1, hypothesis-6.56.3
collected 68 items

ALL-SMART-GPT-MUTATEST/test_stack4_DYNAMOSA.py ......F.....F...          [ 23%]
ALL-SMART-GPT-MUTATEST/test_stack4_MIO.py ...............F....           [ 52%]
ALL-SMART-GPT-MUTATEST/test_stack4_MOSA.py .F.FFF...F.......             [ 77%]
ALL-SMART-GPT-MUTATEST/test_stack4_MUTATEST.py ......                    [ 86%]
ALL-SMART-GPT-MUTATEST/test_stack4_WHOLE_SUITE.py .........              [100%]

=========================== short test summary info ============================
FAILED ALL-SMART-GPT-MUTATEST/test_stack4_DYNAMOSA.py::test_case_6 - Assertio...
FAILED ALL-SMART-GPT-MUTATEST/test_stack4_DYNAMOSA.py::test_case_12 - Asserti...
FAILED ALL-SMART-GPT-MUTATEST/test_stack4_MIO.py::test_case_15 - AssertionErr...
FAILED ALL-SMART-GPT-MUTATEST/test_stack4_MOSA.py::test_case_1 - AssertionErr...
FAILED ALL-SMART-GPT-MUTATEST/test_stack4_MOSA.py::test_case_3 - AssertionErr...
FAILED ALL-SMART-GPT-MUTATEST/test_stack4_MOSA.py::test_case_4 - AssertionErr...
FAILED ALL-SMART-GPT-MUTATEST/test_stack4_MOSA.py::test_case_5 - AssertionErr...
FAILED ALL-SMART-GPT-MUTATEST/test_stack4_MOSA.py::test_case_9 - AssertionErr...
========================= 8 failed, 60 passed in 0.21s =========================
</pre></div></div></div></div></div><div class="mb-1" id="job_list___sub_accordion_72"><div class="card"><a data-toggle="collapse" data-target="#job_list___sub_collapse_72_1" aria-expanded="false" aria-controls="job_list___sub_collapse_72_1" href="#" class="job_list___sub_multi_heading"><div role="alert" class="card-header alert-success" id="job_list___sub_heading_72_1"><button class="btn btn-outline-success"><span class="job_id">72 : Job ID 2560c17a407844b798928f0309033b35</span></button></div></a><div aria-labelledby="job_list___sub_heading_72_1" data-parent="#job_list___sub_accordion_72" class="collapse job_list___sub_multi_collapse" id="job_list___sub_collapse_72_1"><div class="card-body"><div class="work-item"><div class="alert alert-success test-outcome" role="alert"><p>worker outcome: normal</p><p>test outcome: killed</p></div></div><pre class="location"><a href="pycharm://open?file=stack4.py&amp;line=34" class="text-secondary"><button class="btn btn-outline-dark">stack4.py, start pos: (34, 23), end pos: (34, 27)</button></a></pre><pre>operator: core/ZeroIterationForLoop, occurrence: 0</pre><div class="alert alert-secondary"><pre class="diff">--- mutation diff ---
--- astack4.py
+++ bstack4.py
@@ -31,7 +31,7 @@
         self._length = 0
         self.head = None
         try:
-            for val in data:
+            for val in []:
                 self.push(val)
         except TypeError:
             if data:</pre></div><div class="alert alert-secondary"><pre class="diff">============================= test session starts ==============================
platform linux -- Python 3.10.12, pytest-7.1.3, pluggy-1.0.0
rootdir: /home/lucca/desktop/ic/experimento/testes/python_experiments/stack4
plugins: Faker-15.1.1, hypothesis-6.56.3
collected 68 items

ALL-SMART-GPT-MUTATEST/test_stack4_DYNAMOSA.py ..F...F...F.F.F.          [ 23%]
ALL-SMART-GPT-MUTATEST/test_stack4_MIO.py ..F.....F...F..FF...           [ 52%]
ALL-SMART-GPT-MUTATEST/test_stack4_MOSA.py .F.FFF...F....FFF             [ 77%]
ALL-SMART-GPT-MUTATEST/test_stack4_MUTATEST.py .FFFF.                    [ 86%]
ALL-SMART-GPT-MUTATEST/test_stack4_WHOLE_SUITE.py ..F..FF..              [100%]

=========================== short test summary info ============================
FAILED ALL-SMART-GPT-MUTATEST/test_stack4_DYNAMOSA.py::test_case_2 - Assertio...
FAILED ALL-SMART-GPT-MUTATEST/test_stack4_DYNAMOSA.py::test_case_6 - Assertio...
FAILED ALL-SMART-GPT-MUTATEST/test_stack4_DYNAMOSA.py::test_case_10 - Asserti...
FAILED ALL-SMART-GPT-MUTATEST/test_stack4_DYNAMOSA.py::test_case_12 - Asserti...
FAILED ALL-SMART-GPT-MUTATEST/test_stack4_DYNAMOSA.py::test_case_14 - Asserti...
FAILED ALL-SMART-GPT-MUTATEST/test_stack4_MIO.py::test_case_2 - AssertionErro...
FAILED ALL-SMART-GPT-MUTATEST/test_stack4_MIO.py::test_case_8 - AssertionErro...
FAILED ALL-SMART-GPT-MUTATEST/test_stack4_MIO.py::test_case_12 - AssertionErr...
FAILED ALL-SMART-GPT-MUTATEST/test_stack4_MIO.py::test_case_15 - AssertionErr...
FAILED ALL-SMART-GPT-MUTATEST/test_stack4_MIO.py::test_case_16 - AssertionErr...
FAILED ALL-SMART-GPT-MUTATEST/test_stack4_MOSA.py::test_case_1 - AssertionErr...
FAILED ALL-SMART-GPT-MUTATEST/test_stack4_MOSA.py::test_case_3 - AssertionErr...
FAILED ALL-SMART-GPT-MUTATEST/test_stack4_MOSA.py::test_case_4 - AssertionErr...
FAILED ALL-SMART-GPT-MUTATEST/test_stack4_MOSA.py::test_case_5 - AssertionErr...
FAILED ALL-SMART-GPT-MUTATEST/test_stack4_MOSA.py::test_case_9 - AssertionErr...
FAILED ALL-SMART-GPT-MUTATEST/test_stack4_MOSA.py::test_case_14 - AssertionEr...
FAILED ALL-SMART-GPT-MUTATEST/test_stack4_MOSA.py::test_case_15 - AssertionEr...
FAILED ALL-SMART-GPT-MUTATEST/test_stack4_MOSA.py::test_case_16 - AssertionEr...
FAILED ALL-SMART-GPT-MUTATEST/test_stack4_MUTATEST.py::test_remove_method_length_decrement
FAILED ALL-SMART-GPT-MUTATEST/test_stack4_MUTATEST.py::test_pop_method_length_decrement
FAILED ALL-SMART-GPT-MUTATEST/test_stack4_MUTATEST.py::test_remove_method_length_decrement1
FAILED ALL-SMART-GPT-MUTATEST/test_stack4_MUTATEST.py::test_search_method - A...
FAILED ALL-SMART-GPT-MUTATEST/test_stack4_WHOLE_SUITE.py::test_case_2 - Asser...
FAILED ALL-SMART-GPT-MUTATEST/test_stack4_WHOLE_SUITE.py::test_case_5 - Asser...
FAILED ALL-SMART-GPT-MUTATEST/test_stack4_WHOLE_SUITE.py::test_case_6 - Index...
======================== 25 failed, 43 passed in 0.24s =========================
</pre></div></div></div></div></div></div></div></div></div></div><script src="https://code.jquery.com/jquery-3.3.1.slim.min.js" integrity="sha384-q8i/X+965DzO0rT7abK41JStQIAqVgRVzpbzo5smXKp4YfRvH+8abtTE1Pi6jizo" crossorigin="anonymous"></script><script src="https://cdnjs.cloudflare.com/ajax/libs/popper.js/1.14.7/umd/popper.min.js" integrity="sha384-UO2eT0CpHqdSJQ6hJty5KVphtPhzWj9WO1clHTMGa3JDZwrnQq4sF86dIHNDz0W1" crossorigin="anonymous"></script><script src="https://stackpath.bootstrapcdn.com/bootstrap/4.3.1/js/bootstrap.min.js" integrity="sha384-JjSmVgyd0p3pXB1rRibZUAYoIIy6OrQ6VrjIEaFf/nJGzIxFDsf4x0xIM+B07jRM" crossorigin="anonymous"></script><script type="text/javascript">$('div.job_list___sub_multi_collapse').on('shown.bs.collapse',  function () {    correct_behavior_functional_buttons();  });$('div.job_list___sub_multi_collapse').on('hidden.bs.collapse',  function () {    correct_behavior_functional_buttons();  });function correct_behavior_functional_buttons() {    var expand = false;    var collapse = false;    $('a.job_list___sub_multi_heading').each(function(index) {      if ($(this).attr('aria-expanded') == 'false') {        expand = true;        return false;      };    });    $('a.job_list___sub_multi_heading').each(function(index) {      if ($(this).attr('aria-expanded') == 'true') {        collapse = true;        return false;      };    });    if (expand) {      $('div#job_item_expand_all').css('display', 'inline-block');    } else {      $('div#job_item_expand_all').css('display', 'none');    };    if (collapse) {      $('div#job_item_collapse_all').css('display', 'inline-block');    } else {      $('div#job_item_collapse_all').css('display', 'none');    };  };correct_behavior_functional_buttons();</script></body></html>
