<!DOCTYPE html><html lang="en"><head><meta charset="utf-8" /><meta name="viewport" content="width=device-width, initial-scale=1, shrink-to-fit=no" /><link rel="stylesheet" href="https://stackpath.bootstrapcdn.com/bootstrap/4.3.1/css/bootstrap.min.css" integrity="sha384-ggOyR0iXCbMQv3Xipma34MD+dH/1fQ784/j6cY/iJTQUOhcWr7x9JvoRxT2MZw1T" crossorigin="anonymous" /><title>Cosmic Ray Report</title></head><body><div class="container"><h1><p class="text-dark">Cosmic Ray Report</p></h1></div><div class="container"><div class="mb-1" id="summary_info___accordion"><div class="card"><a data-toggle="collapse" data-target="#summary_info___collapse_1" aria-expanded="true" aria-controls="summary_info___collapse_1" href="#"><div class="card-header" id="summary_info___heading_1"><button class="btn btn-outline-dark"><h4 class="m-0">Summary info</h4></button></div></a><div aria-labelledby="summary_info___heading_1" data-parent="#summary_info___accordion" class="collapse show" id="summary_info___collapse_1"><div class="card-body"><p>Date time: 20/04/2023 20:21:30</p><p>Total jobs: 72</p><p>Complete: 72 (100.00%)</p><p>Surviving mutants: 13 (18.06%)</p></div></div></div></div><div class="mb-1" id="job_list___accordion"><div class="card"><a data-toggle="collapse" data-target="#job_list___collapse_1" aria-expanded="false" aria-controls="job_list___collapse_1" href="#"><div class="card-header" id="job_list___heading_1"><button class="btn btn-outline-dark"><h4 class="m-0">Job list</h4></button></div></a><div aria-labelledby="job_list___heading_1" data-parent="#job_list___accordion" class="collapse" id="job_list___collapse_1"><div class="card-body"><div class="text-right mb-1"><div class="mx-1" id="job_item_expand_all"><a href="#" onclick="$('div.job_list___sub_multi_collapse').collapse('show');"><button class="btn btn-outline-dark"><span>Expand All</span></button></a></div><div class="mx-1" id="job_item_collapse_all"><a href="#" onclick="$('div.job_list___sub_multi_collapse').collapse('hide');"><button class="btn btn-outline-dark"><span>Collapse All</span></button></a></div></div><div class="mb-1" id="job_list___sub_accordion_1"><div class="card"><a data-toggle="collapse" data-target="#job_list___sub_collapse_1_1" aria-expanded="false" aria-controls="job_list___sub_collapse_1_1" href="#" class="job_list___sub_multi_heading"><div role="alert" class="card-header alert-success" id="job_list___sub_heading_1_1"><button class="btn btn-outline-success"><span class="job_id">1 : Job ID 5885e56a4d7e46ab9d5523ba120abb86</span></button></div></a><div aria-labelledby="job_list___sub_heading_1_1" data-parent="#job_list___sub_accordion_1" class="collapse job_list___sub_multi_collapse" id="job_list___sub_collapse_1_1"><div class="card-body"><div class="work-item"><div class="alert alert-success test-outcome" role="alert"><p>worker outcome: normal</p><p>test outcome: killed</p></div></div><pre class="location"><a href="pycharm://open?file=stack4.py&amp;line=84" class="text-secondary"><button class="btn btn-outline-dark">stack4.py, start pos: (84, 38), end pos: (84, 39)</button></a></pre><pre>operator: core/ReplaceBinaryOperator_Add_Sub, occurrence: 0</pre><div class="alert alert-secondary"><pre class="diff">--- mutation diff ---
--- astack4.py
+++ bstack4.py
@@ -81,7 +81,7 @@
         curr = self.head
         display = '('
         while curr:
-            display += str(curr.data) + ', '
+            display += str(curr.data) - ', '
             curr = curr.next
         return display[:-2] + ')'
 </pre></div><div class="alert alert-secondary"><pre class="diff">============================= test session starts ==============================
platform linux -- Python 3.10.10, pytest-7.2.1, pluggy-1.0.0
rootdir: /home/auri/temp/lucca/python_experiments/stack4
collected 46 items

MIO-MOSA-WHOLE_SUITE/test_stack4_MIO.py ...............FF...             [ 43%]
MIO-MOSA-WHOLE_SUITE/test_stack4_MOSA.py .F.FFF...F......F               [ 80%]
MIO-MOSA-WHOLE_SUITE/test_stack4_WHOLE_SUITE.py .F.......                [100%]

=========================== short test summary info ============================
FAILED MIO-MOSA-WHOLE_SUITE/test_stack4_MIO.py::test_case_15 - TypeError: uns...
FAILED MIO-MOSA-WHOLE_SUITE/test_stack4_MIO.py::test_case_16 - TypeError: uns...
FAILED MIO-MOSA-WHOLE_SUITE/test_stack4_MOSA.py::test_case_1 - TypeError: uns...
FAILED MIO-MOSA-WHOLE_SUITE/test_stack4_MOSA.py::test_case_3 - TypeError: uns...
FAILED MIO-MOSA-WHOLE_SUITE/test_stack4_MOSA.py::test_case_4 - TypeError: uns...
FAILED MIO-MOSA-WHOLE_SUITE/test_stack4_MOSA.py::test_case_5 - TypeError: uns...
FAILED MIO-MOSA-WHOLE_SUITE/test_stack4_MOSA.py::test_case_9 - TypeError: uns...
FAILED MIO-MOSA-WHOLE_SUITE/test_stack4_MOSA.py::test_case_16 - TypeError: un...
FAILED MIO-MOSA-WHOLE_SUITE/test_stack4_WHOLE_SUITE.py::test_case_1 - TypeErr...
========================= 9 failed, 37 passed in 0.06s =========================
</pre></div></div></div></div></div><div class="mb-1" id="job_list___sub_accordion_2"><div class="card"><a data-toggle="collapse" data-target="#job_list___sub_collapse_2_1" aria-expanded="false" aria-controls="job_list___sub_collapse_2_1" href="#" class="job_list___sub_multi_heading"><div role="alert" class="card-header alert-success" id="job_list___sub_heading_2_1"><button class="btn btn-outline-success"><span class="job_id">2 : Job ID 890dccf1774f403990d91c17b8c85769</span></button></div></a><div aria-labelledby="job_list___sub_heading_2_1" data-parent="#job_list___sub_accordion_2" class="collapse job_list___sub_multi_collapse" id="job_list___sub_collapse_2_1"><div class="card-body"><div class="work-item"><div class="alert alert-success test-outcome" role="alert"><p>worker outcome: normal</p><p>test outcome: killed</p></div></div><pre class="location"><a href="pycharm://open?file=stack4.py&amp;line=86" class="text-secondary"><button class="btn btn-outline-dark">stack4.py, start pos: (86, 28), end pos: (86, 29)</button></a></pre><pre>operator: core/ReplaceBinaryOperator_Add_Sub, occurrence: 1</pre><div class="alert alert-secondary"><pre class="diff">--- mutation diff ---
--- astack4.py
+++ bstack4.py
@@ -83,7 +83,7 @@
         while curr:
             display += str(curr.data) + ', '
             curr = curr.next
-        return display[:-2] + ')'
+        return display[:-2] - ')'
 
 
 class Stack(object):</pre></div><div class="alert alert-secondary"><pre class="diff">============================= test session starts ==============================
platform linux -- Python 3.10.10, pytest-7.2.1, pluggy-1.0.0
rootdir: /home/auri/temp/lucca/python_experiments/stack4
collected 46 items

MIO-MOSA-WHOLE_SUITE/test_stack4_MIO.py ...............FFF..             [ 43%]
MIO-MOSA-WHOLE_SUITE/test_stack4_MOSA.py .F.FFF...FF.....F               [ 80%]
MIO-MOSA-WHOLE_SUITE/test_stack4_WHOLE_SUITE.py FFF......                [100%]

=========================== short test summary info ============================
FAILED MIO-MOSA-WHOLE_SUITE/test_stack4_MIO.py::test_case_15 - TypeError: uns...
FAILED MIO-MOSA-WHOLE_SUITE/test_stack4_MIO.py::test_case_16 - TypeError: uns...
FAILED MIO-MOSA-WHOLE_SUITE/test_stack4_MIO.py::test_case_17 - TypeError: uns...
FAILED MIO-MOSA-WHOLE_SUITE/test_stack4_MOSA.py::test_case_1 - TypeError: uns...
FAILED MIO-MOSA-WHOLE_SUITE/test_stack4_MOSA.py::test_case_3 - TypeError: uns...
FAILED MIO-MOSA-WHOLE_SUITE/test_stack4_MOSA.py::test_case_4 - TypeError: uns...
FAILED MIO-MOSA-WHOLE_SUITE/test_stack4_MOSA.py::test_case_5 - TypeError: uns...
FAILED MIO-MOSA-WHOLE_SUITE/test_stack4_MOSA.py::test_case_9 - TypeError: uns...
FAILED MIO-MOSA-WHOLE_SUITE/test_stack4_MOSA.py::test_case_10 - TypeError: un...
FAILED MIO-MOSA-WHOLE_SUITE/test_stack4_MOSA.py::test_case_16 - TypeError: un...
FAILED MIO-MOSA-WHOLE_SUITE/test_stack4_WHOLE_SUITE.py::test_case_0 - TypeErr...
FAILED MIO-MOSA-WHOLE_SUITE/test_stack4_WHOLE_SUITE.py::test_case_1 - TypeErr...
FAILED MIO-MOSA-WHOLE_SUITE/test_stack4_WHOLE_SUITE.py::test_case_2 - TypeErr...
======================== 13 failed, 33 passed in 0.07s =========================
</pre></div></div></div></div></div><div class="mb-1" id="job_list___sub_accordion_3"><div class="card"><a data-toggle="collapse" data-target="#job_list___sub_collapse_3_1" aria-expanded="false" aria-controls="job_list___sub_collapse_3_1" href="#" class="job_list___sub_multi_heading"><div role="alert" class="card-header alert-success" id="job_list___sub_heading_3_1"><button class="btn btn-outline-success"><span class="job_id">3 : Job ID 92f497470e0c424fadbed1626f211d8a</span></button></div></a><div aria-labelledby="job_list___sub_heading_3_1" data-parent="#job_list___sub_accordion_3" class="collapse job_list___sub_multi_collapse" id="job_list___sub_collapse_3_1"><div class="card-body"><div class="work-item"><div class="alert alert-success test-outcome" role="alert"><p>worker outcome: normal</p><p>test outcome: killed</p></div></div><pre class="location"><a href="pycharm://open?file=stack4.py&amp;line=84" class="text-secondary"><button class="btn btn-outline-dark">stack4.py, start pos: (84, 38), end pos: (84, 39)</button></a></pre><pre>operator: core/ReplaceBinaryOperator_Add_Mul, occurrence: 0</pre><div class="alert alert-secondary"><pre class="diff">--- mutation diff ---
--- astack4.py
+++ bstack4.py
@@ -81,7 +81,7 @@
         curr = self.head
         display = '('
         while curr:
-            display += str(curr.data) + ', '
+            display += str(curr.data) * ', '
             curr = curr.next
         return display[:-2] + ')'
 </pre></div><div class="alert alert-secondary"><pre class="diff">============================= test session starts ==============================
platform linux -- Python 3.10.10, pytest-7.2.1, pluggy-1.0.0
rootdir: /home/auri/temp/lucca/python_experiments/stack4
collected 46 items

MIO-MOSA-WHOLE_SUITE/test_stack4_MIO.py ...............FF...             [ 43%]
MIO-MOSA-WHOLE_SUITE/test_stack4_MOSA.py .F.FFF...F......F               [ 80%]
MIO-MOSA-WHOLE_SUITE/test_stack4_WHOLE_SUITE.py .F.......                [100%]

=========================== short test summary info ============================
FAILED MIO-MOSA-WHOLE_SUITE/test_stack4_MIO.py::test_case_15 - TypeError: can...
FAILED MIO-MOSA-WHOLE_SUITE/test_stack4_MIO.py::test_case_16 - TypeError: can...
FAILED MIO-MOSA-WHOLE_SUITE/test_stack4_MOSA.py::test_case_1 - TypeError: can...
FAILED MIO-MOSA-WHOLE_SUITE/test_stack4_MOSA.py::test_case_3 - TypeError: can...
FAILED MIO-MOSA-WHOLE_SUITE/test_stack4_MOSA.py::test_case_4 - TypeError: can...
FAILED MIO-MOSA-WHOLE_SUITE/test_stack4_MOSA.py::test_case_5 - TypeError: can...
FAILED MIO-MOSA-WHOLE_SUITE/test_stack4_MOSA.py::test_case_9 - TypeError: can...
FAILED MIO-MOSA-WHOLE_SUITE/test_stack4_MOSA.py::test_case_16 - TypeError: ca...
FAILED MIO-MOSA-WHOLE_SUITE/test_stack4_WHOLE_SUITE.py::test_case_1 - TypeErr...
========================= 9 failed, 37 passed in 0.07s =========================
</pre></div></div></div></div></div><div class="mb-1" id="job_list___sub_accordion_4"><div class="card"><a data-toggle="collapse" data-target="#job_list___sub_collapse_4_1" aria-expanded="false" aria-controls="job_list___sub_collapse_4_1" href="#" class="job_list___sub_multi_heading"><div role="alert" class="card-header alert-success" id="job_list___sub_heading_4_1"><button class="btn btn-outline-success"><span class="job_id">4 : Job ID de1b3921dc394418a1288f677a058f8e</span></button></div></a><div aria-labelledby="job_list___sub_heading_4_1" data-parent="#job_list___sub_accordion_4" class="collapse job_list___sub_multi_collapse" id="job_list___sub_collapse_4_1"><div class="card-body"><div class="work-item"><div class="alert alert-success test-outcome" role="alert"><p>worker outcome: normal</p><p>test outcome: killed</p></div></div><pre class="location"><a href="pycharm://open?file=stack4.py&amp;line=86" class="text-secondary"><button class="btn btn-outline-dark">stack4.py, start pos: (86, 28), end pos: (86, 29)</button></a></pre><pre>operator: core/ReplaceBinaryOperator_Add_Mul, occurrence: 1</pre><div class="alert alert-secondary"><pre class="diff">--- mutation diff ---
--- astack4.py
+++ bstack4.py
@@ -83,7 +83,7 @@
         while curr:
             display += str(curr.data) + ', '
             curr = curr.next
-        return display[:-2] + ')'
+        return display[:-2] * ')'
 
 
 class Stack(object):</pre></div><div class="alert alert-secondary"><pre class="diff">============================= test session starts ==============================
platform linux -- Python 3.10.10, pytest-7.2.1, pluggy-1.0.0
rootdir: /home/auri/temp/lucca/python_experiments/stack4
collected 46 items

MIO-MOSA-WHOLE_SUITE/test_stack4_MIO.py ...............FFF..             [ 43%]
MIO-MOSA-WHOLE_SUITE/test_stack4_MOSA.py .F.FFF...FF.....F               [ 80%]
MIO-MOSA-WHOLE_SUITE/test_stack4_WHOLE_SUITE.py FFF......                [100%]

=========================== short test summary info ============================
FAILED MIO-MOSA-WHOLE_SUITE/test_stack4_MIO.py::test_case_15 - TypeError: can...
FAILED MIO-MOSA-WHOLE_SUITE/test_stack4_MIO.py::test_case_16 - TypeError: can...
FAILED MIO-MOSA-WHOLE_SUITE/test_stack4_MIO.py::test_case_17 - TypeError: can...
FAILED MIO-MOSA-WHOLE_SUITE/test_stack4_MOSA.py::test_case_1 - TypeError: can...
FAILED MIO-MOSA-WHOLE_SUITE/test_stack4_MOSA.py::test_case_3 - TypeError: can...
FAILED MIO-MOSA-WHOLE_SUITE/test_stack4_MOSA.py::test_case_4 - TypeError: can...
FAILED MIO-MOSA-WHOLE_SUITE/test_stack4_MOSA.py::test_case_5 - TypeError: can...
FAILED MIO-MOSA-WHOLE_SUITE/test_stack4_MOSA.py::test_case_9 - TypeError: can...
FAILED MIO-MOSA-WHOLE_SUITE/test_stack4_MOSA.py::test_case_10 - TypeError: ca...
FAILED MIO-MOSA-WHOLE_SUITE/test_stack4_MOSA.py::test_case_16 - TypeError: ca...
FAILED MIO-MOSA-WHOLE_SUITE/test_stack4_WHOLE_SUITE.py::test_case_0 - TypeErr...
FAILED MIO-MOSA-WHOLE_SUITE/test_stack4_WHOLE_SUITE.py::test_case_1 - TypeErr...
FAILED MIO-MOSA-WHOLE_SUITE/test_stack4_WHOLE_SUITE.py::test_case_2 - TypeErr...
======================== 13 failed, 33 passed in 0.07s =========================
</pre></div></div></div></div></div><div class="mb-1" id="job_list___sub_accordion_5"><div class="card"><a data-toggle="collapse" data-target="#job_list___sub_collapse_5_1" aria-expanded="false" aria-controls="job_list___sub_collapse_5_1" href="#" class="job_list___sub_multi_heading"><div role="alert" class="card-header alert-success" id="job_list___sub_heading_5_1"><button class="btn btn-outline-success"><span class="job_id">5 : Job ID b44a25053dc340a2befba5fabf16b7ef</span></button></div></a><div aria-labelledby="job_list___sub_heading_5_1" data-parent="#job_list___sub_accordion_5" class="collapse job_list___sub_multi_collapse" id="job_list___sub_collapse_5_1"><div class="card-body"><div class="work-item"><div class="alert alert-success test-outcome" role="alert"><p>worker outcome: normal</p><p>test outcome: killed</p></div></div><pre class="location"><a href="pycharm://open?file=stack4.py&amp;line=84" class="text-secondary"><button class="btn btn-outline-dark">stack4.py, start pos: (84, 38), end pos: (84, 39)</button></a></pre><pre>operator: core/ReplaceBinaryOperator_Add_Div, occurrence: 0</pre><div class="alert alert-secondary"><pre class="diff">--- mutation diff ---
--- astack4.py
+++ bstack4.py
@@ -81,7 +81,7 @@
         curr = self.head
         display = '('
         while curr:
-            display += str(curr.data) + ', '
+            display += str(curr.data) / ', '
             curr = curr.next
         return display[:-2] + ')'
 </pre></div><div class="alert alert-secondary"><pre class="diff">============================= test session starts ==============================
platform linux -- Python 3.10.10, pytest-7.2.1, pluggy-1.0.0
rootdir: /home/auri/temp/lucca/python_experiments/stack4
collected 46 items

MIO-MOSA-WHOLE_SUITE/test_stack4_MIO.py ...............FF...             [ 43%]
MIO-MOSA-WHOLE_SUITE/test_stack4_MOSA.py .F.FFF...F......F               [ 80%]
MIO-MOSA-WHOLE_SUITE/test_stack4_WHOLE_SUITE.py .F.......                [100%]

=========================== short test summary info ============================
FAILED MIO-MOSA-WHOLE_SUITE/test_stack4_MIO.py::test_case_15 - TypeError: uns...
FAILED MIO-MOSA-WHOLE_SUITE/test_stack4_MIO.py::test_case_16 - TypeError: uns...
FAILED MIO-MOSA-WHOLE_SUITE/test_stack4_MOSA.py::test_case_1 - TypeError: uns...
FAILED MIO-MOSA-WHOLE_SUITE/test_stack4_MOSA.py::test_case_3 - TypeError: uns...
FAILED MIO-MOSA-WHOLE_SUITE/test_stack4_MOSA.py::test_case_4 - TypeError: uns...
FAILED MIO-MOSA-WHOLE_SUITE/test_stack4_MOSA.py::test_case_5 - TypeError: uns...
FAILED MIO-MOSA-WHOLE_SUITE/test_stack4_MOSA.py::test_case_9 - TypeError: uns...
FAILED MIO-MOSA-WHOLE_SUITE/test_stack4_MOSA.py::test_case_16 - TypeError: un...
FAILED MIO-MOSA-WHOLE_SUITE/test_stack4_WHOLE_SUITE.py::test_case_1 - TypeErr...
========================= 9 failed, 37 passed in 0.06s =========================
</pre></div></div></div></div></div><div class="mb-1" id="job_list___sub_accordion_6"><div class="card"><a data-toggle="collapse" data-target="#job_list___sub_collapse_6_1" aria-expanded="false" aria-controls="job_list___sub_collapse_6_1" href="#" class="job_list___sub_multi_heading"><div role="alert" class="card-header alert-success" id="job_list___sub_heading_6_1"><button class="btn btn-outline-success"><span class="job_id">6 : Job ID 2c783d18fa1e41ac8fb41a444e3de134</span></button></div></a><div aria-labelledby="job_list___sub_heading_6_1" data-parent="#job_list___sub_accordion_6" class="collapse job_list___sub_multi_collapse" id="job_list___sub_collapse_6_1"><div class="card-body"><div class="work-item"><div class="alert alert-success test-outcome" role="alert"><p>worker outcome: normal</p><p>test outcome: killed</p></div></div><pre class="location"><a href="pycharm://open?file=stack4.py&amp;line=86" class="text-secondary"><button class="btn btn-outline-dark">stack4.py, start pos: (86, 28), end pos: (86, 29)</button></a></pre><pre>operator: core/ReplaceBinaryOperator_Add_Div, occurrence: 1</pre><div class="alert alert-secondary"><pre class="diff">--- mutation diff ---
--- astack4.py
+++ bstack4.py
@@ -83,7 +83,7 @@
         while curr:
             display += str(curr.data) + ', '
             curr = curr.next
-        return display[:-2] + ')'
+        return display[:-2] / ')'
 
 
 class Stack(object):</pre></div><div class="alert alert-secondary"><pre class="diff">============================= test session starts ==============================
platform linux -- Python 3.10.10, pytest-7.2.1, pluggy-1.0.0
rootdir: /home/auri/temp/lucca/python_experiments/stack4
collected 46 items

MIO-MOSA-WHOLE_SUITE/test_stack4_MIO.py ...............FFF..             [ 43%]
MIO-MOSA-WHOLE_SUITE/test_stack4_MOSA.py .F.FFF...FF.....F               [ 80%]
MIO-MOSA-WHOLE_SUITE/test_stack4_WHOLE_SUITE.py FFF......                [100%]

=========================== short test summary info ============================
FAILED MIO-MOSA-WHOLE_SUITE/test_stack4_MIO.py::test_case_15 - TypeError: uns...
FAILED MIO-MOSA-WHOLE_SUITE/test_stack4_MIO.py::test_case_16 - TypeError: uns...
FAILED MIO-MOSA-WHOLE_SUITE/test_stack4_MIO.py::test_case_17 - TypeError: uns...
FAILED MIO-MOSA-WHOLE_SUITE/test_stack4_MOSA.py::test_case_1 - TypeError: uns...
FAILED MIO-MOSA-WHOLE_SUITE/test_stack4_MOSA.py::test_case_3 - TypeError: uns...
FAILED MIO-MOSA-WHOLE_SUITE/test_stack4_MOSA.py::test_case_4 - TypeError: uns...
FAILED MIO-MOSA-WHOLE_SUITE/test_stack4_MOSA.py::test_case_5 - TypeError: uns...
FAILED MIO-MOSA-WHOLE_SUITE/test_stack4_MOSA.py::test_case_9 - TypeError: uns...
FAILED MIO-MOSA-WHOLE_SUITE/test_stack4_MOSA.py::test_case_10 - TypeError: un...
FAILED MIO-MOSA-WHOLE_SUITE/test_stack4_MOSA.py::test_case_16 - TypeError: un...
FAILED MIO-MOSA-WHOLE_SUITE/test_stack4_WHOLE_SUITE.py::test_case_0 - TypeErr...
FAILED MIO-MOSA-WHOLE_SUITE/test_stack4_WHOLE_SUITE.py::test_case_1 - TypeErr...
FAILED MIO-MOSA-WHOLE_SUITE/test_stack4_WHOLE_SUITE.py::test_case_2 - TypeErr...
======================== 13 failed, 33 passed in 0.07s =========================
</pre></div></div></div></div></div><div class="mb-1" id="job_list___sub_accordion_7"><div class="card"><a data-toggle="collapse" data-target="#job_list___sub_collapse_7_1" aria-expanded="false" aria-controls="job_list___sub_collapse_7_1" href="#" class="job_list___sub_multi_heading"><div role="alert" class="card-header alert-success" id="job_list___sub_heading_7_1"><button class="btn btn-outline-success"><span class="job_id">7 : Job ID e922480fd3b8420d80ac7c3afdb0378e</span></button></div></a><div aria-labelledby="job_list___sub_heading_7_1" data-parent="#job_list___sub_accordion_7" class="collapse job_list___sub_multi_collapse" id="job_list___sub_collapse_7_1"><div class="card-body"><div class="work-item"><div class="alert alert-success test-outcome" role="alert"><p>worker outcome: normal</p><p>test outcome: killed</p></div></div><pre class="location"><a href="pycharm://open?file=stack4.py&amp;line=84" class="text-secondary"><button class="btn btn-outline-dark">stack4.py, start pos: (84, 38), end pos: (84, 39)</button></a></pre><pre>operator: core/ReplaceBinaryOperator_Add_FloorDiv, occurrence: 0</pre><div class="alert alert-secondary"><pre class="diff">--- mutation diff ---
--- astack4.py
+++ bstack4.py
@@ -81,7 +81,7 @@
         curr = self.head
         display = '('
         while curr:
-            display += str(curr.data) + ', '
+            display += str(curr.data) // ', '
             curr = curr.next
         return display[:-2] + ')'
 </pre></div><div class="alert alert-secondary"><pre class="diff">============================= test session starts ==============================
platform linux -- Python 3.10.10, pytest-7.2.1, pluggy-1.0.0
rootdir: /home/auri/temp/lucca/python_experiments/stack4
collected 46 items

MIO-MOSA-WHOLE_SUITE/test_stack4_MIO.py ...............FF...             [ 43%]
MIO-MOSA-WHOLE_SUITE/test_stack4_MOSA.py .F.FFF...F......F               [ 80%]
MIO-MOSA-WHOLE_SUITE/test_stack4_WHOLE_SUITE.py .F.......                [100%]

=========================== short test summary info ============================
FAILED MIO-MOSA-WHOLE_SUITE/test_stack4_MIO.py::test_case_15 - TypeError: uns...
FAILED MIO-MOSA-WHOLE_SUITE/test_stack4_MIO.py::test_case_16 - TypeError: uns...
FAILED MIO-MOSA-WHOLE_SUITE/test_stack4_MOSA.py::test_case_1 - TypeError: uns...
FAILED MIO-MOSA-WHOLE_SUITE/test_stack4_MOSA.py::test_case_3 - TypeError: uns...
FAILED MIO-MOSA-WHOLE_SUITE/test_stack4_MOSA.py::test_case_4 - TypeError: uns...
FAILED MIO-MOSA-WHOLE_SUITE/test_stack4_MOSA.py::test_case_5 - TypeError: uns...
FAILED MIO-MOSA-WHOLE_SUITE/test_stack4_MOSA.py::test_case_9 - TypeError: uns...
FAILED MIO-MOSA-WHOLE_SUITE/test_stack4_MOSA.py::test_case_16 - TypeError: un...
FAILED MIO-MOSA-WHOLE_SUITE/test_stack4_WHOLE_SUITE.py::test_case_1 - TypeErr...
========================= 9 failed, 37 passed in 0.07s =========================
</pre></div></div></div></div></div><div class="mb-1" id="job_list___sub_accordion_8"><div class="card"><a data-toggle="collapse" data-target="#job_list___sub_collapse_8_1" aria-expanded="false" aria-controls="job_list___sub_collapse_8_1" href="#" class="job_list___sub_multi_heading"><div role="alert" class="card-header alert-success" id="job_list___sub_heading_8_1"><button class="btn btn-outline-success"><span class="job_id">8 : Job ID 990a50bc0e374b65b5d8efd22a451345</span></button></div></a><div aria-labelledby="job_list___sub_heading_8_1" data-parent="#job_list___sub_accordion_8" class="collapse job_list___sub_multi_collapse" id="job_list___sub_collapse_8_1"><div class="card-body"><div class="work-item"><div class="alert alert-success test-outcome" role="alert"><p>worker outcome: normal</p><p>test outcome: killed</p></div></div><pre class="location"><a href="pycharm://open?file=stack4.py&amp;line=86" class="text-secondary"><button class="btn btn-outline-dark">stack4.py, start pos: (86, 28), end pos: (86, 29)</button></a></pre><pre>operator: core/ReplaceBinaryOperator_Add_FloorDiv, occurrence: 1</pre><div class="alert alert-secondary"><pre class="diff">--- mutation diff ---
--- astack4.py
+++ bstack4.py
@@ -83,7 +83,7 @@
         while curr:
             display += str(curr.data) + ', '
             curr = curr.next
-        return display[:-2] + ')'
+        return display[:-2] // ')'
 
 
 class Stack(object):</pre></div><div class="alert alert-secondary"><pre class="diff">============================= test session starts ==============================
platform linux -- Python 3.10.10, pytest-7.2.1, pluggy-1.0.0
rootdir: /home/auri/temp/lucca/python_experiments/stack4
collected 46 items

MIO-MOSA-WHOLE_SUITE/test_stack4_MIO.py ...............FFF..             [ 43%]
MIO-MOSA-WHOLE_SUITE/test_stack4_MOSA.py .F.FFF...FF.....F               [ 80%]
MIO-MOSA-WHOLE_SUITE/test_stack4_WHOLE_SUITE.py FFF......                [100%]

=========================== short test summary info ============================
FAILED MIO-MOSA-WHOLE_SUITE/test_stack4_MIO.py::test_case_15 - TypeError: uns...
FAILED MIO-MOSA-WHOLE_SUITE/test_stack4_MIO.py::test_case_16 - TypeError: uns...
FAILED MIO-MOSA-WHOLE_SUITE/test_stack4_MIO.py::test_case_17 - TypeError: uns...
FAILED MIO-MOSA-WHOLE_SUITE/test_stack4_MOSA.py::test_case_1 - TypeError: uns...
FAILED MIO-MOSA-WHOLE_SUITE/test_stack4_MOSA.py::test_case_3 - TypeError: uns...
FAILED MIO-MOSA-WHOLE_SUITE/test_stack4_MOSA.py::test_case_4 - TypeError: uns...
FAILED MIO-MOSA-WHOLE_SUITE/test_stack4_MOSA.py::test_case_5 - TypeError: uns...
FAILED MIO-MOSA-WHOLE_SUITE/test_stack4_MOSA.py::test_case_9 - TypeError: uns...
FAILED MIO-MOSA-WHOLE_SUITE/test_stack4_MOSA.py::test_case_10 - TypeError: un...
FAILED MIO-MOSA-WHOLE_SUITE/test_stack4_MOSA.py::test_case_16 - TypeError: un...
FAILED MIO-MOSA-WHOLE_SUITE/test_stack4_WHOLE_SUITE.py::test_case_0 - TypeErr...
FAILED MIO-MOSA-WHOLE_SUITE/test_stack4_WHOLE_SUITE.py::test_case_1 - TypeErr...
FAILED MIO-MOSA-WHOLE_SUITE/test_stack4_WHOLE_SUITE.py::test_case_2 - TypeErr...
======================== 13 failed, 33 passed in 0.07s =========================
</pre></div></div></div></div></div><div class="mb-1" id="job_list___sub_accordion_9"><div class="card"><a data-toggle="collapse" data-target="#job_list___sub_collapse_9_1" aria-expanded="false" aria-controls="job_list___sub_collapse_9_1" href="#" class="job_list___sub_multi_heading"><div role="alert" class="card-header alert-success" id="job_list___sub_heading_9_1"><button class="btn btn-outline-success"><span class="job_id">9 : Job ID b0ba4a78b1894472bf46be899c8776b1</span></button></div></a><div aria-labelledby="job_list___sub_heading_9_1" data-parent="#job_list___sub_accordion_9" class="collapse job_list___sub_multi_collapse" id="job_list___sub_collapse_9_1"><div class="card-body"><div class="work-item"><div class="alert alert-success test-outcome" role="alert"><p>worker outcome: normal</p><p>test outcome: killed</p></div></div><pre class="location"><a href="pycharm://open?file=stack4.py&amp;line=84" class="text-secondary"><button class="btn btn-outline-dark">stack4.py, start pos: (84, 38), end pos: (84, 39)</button></a></pre><pre>operator: core/ReplaceBinaryOperator_Add_Mod, occurrence: 0</pre><div class="alert alert-secondary"><pre class="diff">--- mutation diff ---
--- astack4.py
+++ bstack4.py
@@ -81,7 +81,7 @@
         curr = self.head
         display = '('
         while curr:
-            display += str(curr.data) + ', '
+            display += str(curr.data) % ', '
             curr = curr.next
         return display[:-2] + ')'
 </pre></div><div class="alert alert-secondary"><pre class="diff">============================= test session starts ==============================
platform linux -- Python 3.10.10, pytest-7.2.1, pluggy-1.0.0
rootdir: /home/auri/temp/lucca/python_experiments/stack4
collected 46 items

MIO-MOSA-WHOLE_SUITE/test_stack4_MIO.py ...............FF...             [ 43%]
MIO-MOSA-WHOLE_SUITE/test_stack4_MOSA.py .F.FFF...F......F               [ 80%]
MIO-MOSA-WHOLE_SUITE/test_stack4_WHOLE_SUITE.py .F.......                [100%]

=========================== short test summary info ============================
FAILED MIO-MOSA-WHOLE_SUITE/test_stack4_MIO.py::test_case_15 - TypeError: not...
FAILED MIO-MOSA-WHOLE_SUITE/test_stack4_MIO.py::test_case_16 - TypeError: not...
FAILED MIO-MOSA-WHOLE_SUITE/test_stack4_MOSA.py::test_case_1 - TypeError: not...
FAILED MIO-MOSA-WHOLE_SUITE/test_stack4_MOSA.py::test_case_3 - TypeError: not...
FAILED MIO-MOSA-WHOLE_SUITE/test_stack4_MOSA.py::test_case_4 - TypeError: not...
FAILED MIO-MOSA-WHOLE_SUITE/test_stack4_MOSA.py::test_case_5 - TypeError: not...
FAILED MIO-MOSA-WHOLE_SUITE/test_stack4_MOSA.py::test_case_9 - TypeError: not...
FAILED MIO-MOSA-WHOLE_SUITE/test_stack4_MOSA.py::test_case_16 - TypeError: no...
FAILED MIO-MOSA-WHOLE_SUITE/test_stack4_WHOLE_SUITE.py::test_case_1 - TypeErr...
========================= 9 failed, 37 passed in 0.07s =========================
</pre></div></div></div></div></div><div class="mb-1" id="job_list___sub_accordion_10"><div class="card"><a data-toggle="collapse" data-target="#job_list___sub_collapse_10_1" aria-expanded="false" aria-controls="job_list___sub_collapse_10_1" href="#" class="job_list___sub_multi_heading"><div role="alert" class="card-header alert-success" id="job_list___sub_heading_10_1"><button class="btn btn-outline-success"><span class="job_id">10 : Job ID 2acb47c808084f80a11a61b61913753a</span></button></div></a><div aria-labelledby="job_list___sub_heading_10_1" data-parent="#job_list___sub_accordion_10" class="collapse job_list___sub_multi_collapse" id="job_list___sub_collapse_10_1"><div class="card-body"><div class="work-item"><div class="alert alert-success test-outcome" role="alert"><p>worker outcome: normal</p><p>test outcome: killed</p></div></div><pre class="location"><a href="pycharm://open?file=stack4.py&amp;line=86" class="text-secondary"><button class="btn btn-outline-dark">stack4.py, start pos: (86, 28), end pos: (86, 29)</button></a></pre><pre>operator: core/ReplaceBinaryOperator_Add_Mod, occurrence: 1</pre><div class="alert alert-secondary"><pre class="diff">--- mutation diff ---
--- astack4.py
+++ bstack4.py
@@ -83,7 +83,7 @@
         while curr:
             display += str(curr.data) + ', '
             curr = curr.next
-        return display[:-2] + ')'
+        return display[:-2] % ')'
 
 
 class Stack(object):</pre></div><div class="alert alert-secondary"><pre class="diff">============================= test session starts ==============================
platform linux -- Python 3.10.10, pytest-7.2.1, pluggy-1.0.0
rootdir: /home/auri/temp/lucca/python_experiments/stack4
collected 46 items

MIO-MOSA-WHOLE_SUITE/test_stack4_MIO.py ...............FFF..             [ 43%]
MIO-MOSA-WHOLE_SUITE/test_stack4_MOSA.py .F.FFF...FF.....F               [ 80%]
MIO-MOSA-WHOLE_SUITE/test_stack4_WHOLE_SUITE.py FFF......                [100%]

=========================== short test summary info ============================
FAILED MIO-MOSA-WHOLE_SUITE/test_stack4_MIO.py::test_case_15 - TypeError: not...
FAILED MIO-MOSA-WHOLE_SUITE/test_stack4_MIO.py::test_case_16 - TypeError: not...
FAILED MIO-MOSA-WHOLE_SUITE/test_stack4_MIO.py::test_case_17 - TypeError: not...
FAILED MIO-MOSA-WHOLE_SUITE/test_stack4_MOSA.py::test_case_1 - TypeError: not...
FAILED MIO-MOSA-WHOLE_SUITE/test_stack4_MOSA.py::test_case_3 - TypeError: not...
FAILED MIO-MOSA-WHOLE_SUITE/test_stack4_MOSA.py::test_case_4 - TypeError: not...
FAILED MIO-MOSA-WHOLE_SUITE/test_stack4_MOSA.py::test_case_5 - TypeError: not...
FAILED MIO-MOSA-WHOLE_SUITE/test_stack4_MOSA.py::test_case_9 - TypeError: not...
FAILED MIO-MOSA-WHOLE_SUITE/test_stack4_MOSA.py::test_case_10 - TypeError: no...
FAILED MIO-MOSA-WHOLE_SUITE/test_stack4_MOSA.py::test_case_16 - TypeError: no...
FAILED MIO-MOSA-WHOLE_SUITE/test_stack4_WHOLE_SUITE.py::test_case_0 - TypeErr...
FAILED MIO-MOSA-WHOLE_SUITE/test_stack4_WHOLE_SUITE.py::test_case_1 - TypeErr...
FAILED MIO-MOSA-WHOLE_SUITE/test_stack4_WHOLE_SUITE.py::test_case_2 - TypeErr...
======================== 13 failed, 33 passed in 0.07s =========================
</pre></div></div></div></div></div><div class="mb-1" id="job_list___sub_accordion_11"><div class="card"><a data-toggle="collapse" data-target="#job_list___sub_collapse_11_1" aria-expanded="false" aria-controls="job_list___sub_collapse_11_1" href="#" class="job_list___sub_multi_heading"><div role="alert" class="card-header alert-success" id="job_list___sub_heading_11_1"><button class="btn btn-outline-success"><span class="job_id">11 : Job ID 9a5daa1bc0b24b34ac69bb10a3146363</span></button></div></a><div aria-labelledby="job_list___sub_heading_11_1" data-parent="#job_list___sub_accordion_11" class="collapse job_list___sub_multi_collapse" id="job_list___sub_collapse_11_1"><div class="card-body"><div class="work-item"><div class="alert alert-success test-outcome" role="alert"><p>worker outcome: normal</p><p>test outcome: killed</p></div></div><pre class="location"><a href="pycharm://open?file=stack4.py&amp;line=84" class="text-secondary"><button class="btn btn-outline-dark">stack4.py, start pos: (84, 38), end pos: (84, 39)</button></a></pre><pre>operator: core/ReplaceBinaryOperator_Add_Pow, occurrence: 0</pre><div class="alert alert-secondary"><pre class="diff">--- mutation diff ---
--- astack4.py
+++ bstack4.py
@@ -81,7 +81,7 @@
         curr = self.head
         display = '('
         while curr:
-            display += str(curr.data) + ', '
+            display += str(curr.data) ** ', '
             curr = curr.next
         return display[:-2] + ')'
 </pre></div><div class="alert alert-secondary"><pre class="diff">============================= test session starts ==============================
platform linux -- Python 3.10.10, pytest-7.2.1, pluggy-1.0.0
rootdir: /home/auri/temp/lucca/python_experiments/stack4
collected 46 items

MIO-MOSA-WHOLE_SUITE/test_stack4_MIO.py ...............FF...             [ 43%]
MIO-MOSA-WHOLE_SUITE/test_stack4_MOSA.py .F.FFF...F......F               [ 80%]
MIO-MOSA-WHOLE_SUITE/test_stack4_WHOLE_SUITE.py .F.......                [100%]

=========================== short test summary info ============================
FAILED MIO-MOSA-WHOLE_SUITE/test_stack4_MIO.py::test_case_15 - TypeError: uns...
FAILED MIO-MOSA-WHOLE_SUITE/test_stack4_MIO.py::test_case_16 - TypeError: uns...
FAILED MIO-MOSA-WHOLE_SUITE/test_stack4_MOSA.py::test_case_1 - TypeError: uns...
FAILED MIO-MOSA-WHOLE_SUITE/test_stack4_MOSA.py::test_case_3 - TypeError: uns...
FAILED MIO-MOSA-WHOLE_SUITE/test_stack4_MOSA.py::test_case_4 - TypeError: uns...
FAILED MIO-MOSA-WHOLE_SUITE/test_stack4_MOSA.py::test_case_5 - TypeError: uns...
FAILED MIO-MOSA-WHOLE_SUITE/test_stack4_MOSA.py::test_case_9 - TypeError: uns...
FAILED MIO-MOSA-WHOLE_SUITE/test_stack4_MOSA.py::test_case_16 - TypeError: un...
FAILED MIO-MOSA-WHOLE_SUITE/test_stack4_WHOLE_SUITE.py::test_case_1 - TypeErr...
========================= 9 failed, 37 passed in 0.07s =========================
</pre></div></div></div></div></div><div class="mb-1" id="job_list___sub_accordion_12"><div class="card"><a data-toggle="collapse" data-target="#job_list___sub_collapse_12_1" aria-expanded="false" aria-controls="job_list___sub_collapse_12_1" href="#" class="job_list___sub_multi_heading"><div role="alert" class="card-header alert-success" id="job_list___sub_heading_12_1"><button class="btn btn-outline-success"><span class="job_id">12 : Job ID 6109c49c27a5499586a92e88527e10ae</span></button></div></a><div aria-labelledby="job_list___sub_heading_12_1" data-parent="#job_list___sub_accordion_12" class="collapse job_list___sub_multi_collapse" id="job_list___sub_collapse_12_1"><div class="card-body"><div class="work-item"><div class="alert alert-success test-outcome" role="alert"><p>worker outcome: normal</p><p>test outcome: killed</p></div></div><pre class="location"><a href="pycharm://open?file=stack4.py&amp;line=86" class="text-secondary"><button class="btn btn-outline-dark">stack4.py, start pos: (86, 28), end pos: (86, 29)</button></a></pre><pre>operator: core/ReplaceBinaryOperator_Add_Pow, occurrence: 1</pre><div class="alert alert-secondary"><pre class="diff">--- mutation diff ---
--- astack4.py
+++ bstack4.py
@@ -83,7 +83,7 @@
         while curr:
             display += str(curr.data) + ', '
             curr = curr.next
-        return display[:-2] + ')'
+        return display[:-2] ** ')'
 
 
 class Stack(object):</pre></div><div class="alert alert-secondary"><pre class="diff">============================= test session starts ==============================
platform linux -- Python 3.10.10, pytest-7.2.1, pluggy-1.0.0
rootdir: /home/auri/temp/lucca/python_experiments/stack4
collected 46 items

MIO-MOSA-WHOLE_SUITE/test_stack4_MIO.py ...............FFF..             [ 43%]
MIO-MOSA-WHOLE_SUITE/test_stack4_MOSA.py .F.FFF...FF.....F               [ 80%]
MIO-MOSA-WHOLE_SUITE/test_stack4_WHOLE_SUITE.py FFF......                [100%]

=========================== short test summary info ============================
FAILED MIO-MOSA-WHOLE_SUITE/test_stack4_MIO.py::test_case_15 - TypeError: uns...
FAILED MIO-MOSA-WHOLE_SUITE/test_stack4_MIO.py::test_case_16 - TypeError: uns...
FAILED MIO-MOSA-WHOLE_SUITE/test_stack4_MIO.py::test_case_17 - TypeError: uns...
FAILED MIO-MOSA-WHOLE_SUITE/test_stack4_MOSA.py::test_case_1 - TypeError: uns...
FAILED MIO-MOSA-WHOLE_SUITE/test_stack4_MOSA.py::test_case_3 - TypeError: uns...
FAILED MIO-MOSA-WHOLE_SUITE/test_stack4_MOSA.py::test_case_4 - TypeError: uns...
FAILED MIO-MOSA-WHOLE_SUITE/test_stack4_MOSA.py::test_case_5 - TypeError: uns...
FAILED MIO-MOSA-WHOLE_SUITE/test_stack4_MOSA.py::test_case_9 - TypeError: uns...
FAILED MIO-MOSA-WHOLE_SUITE/test_stack4_MOSA.py::test_case_10 - TypeError: un...
FAILED MIO-MOSA-WHOLE_SUITE/test_stack4_MOSA.py::test_case_16 - TypeError: un...
FAILED MIO-MOSA-WHOLE_SUITE/test_stack4_WHOLE_SUITE.py::test_case_0 - TypeErr...
FAILED MIO-MOSA-WHOLE_SUITE/test_stack4_WHOLE_SUITE.py::test_case_1 - TypeErr...
FAILED MIO-MOSA-WHOLE_SUITE/test_stack4_WHOLE_SUITE.py::test_case_2 - TypeErr...
======================== 13 failed, 33 passed in 0.07s =========================
</pre></div></div></div></div></div><div class="mb-1" id="job_list___sub_accordion_13"><div class="card"><a data-toggle="collapse" data-target="#job_list___sub_collapse_13_1" aria-expanded="false" aria-controls="job_list___sub_collapse_13_1" href="#" class="job_list___sub_multi_heading"><div role="alert" class="card-header alert-success" id="job_list___sub_heading_13_1"><button class="btn btn-outline-success"><span class="job_id">13 : Job ID 8b138046ccf94b2fab930d179be9b7f9</span></button></div></a><div aria-labelledby="job_list___sub_heading_13_1" data-parent="#job_list___sub_accordion_13" class="collapse job_list___sub_multi_collapse" id="job_list___sub_collapse_13_1"><div class="card-body"><div class="work-item"><div class="alert alert-success test-outcome" role="alert"><p>worker outcome: normal</p><p>test outcome: killed</p></div></div><pre class="location"><a href="pycharm://open?file=stack4.py&amp;line=84" class="text-secondary"><button class="btn btn-outline-dark">stack4.py, start pos: (84, 38), end pos: (84, 39)</button></a></pre><pre>operator: core/ReplaceBinaryOperator_Add_RShift, occurrence: 0</pre><div class="alert alert-secondary"><pre class="diff">--- mutation diff ---
--- astack4.py
+++ bstack4.py
@@ -81,7 +81,7 @@
         curr = self.head
         display = '('
         while curr:
-            display += str(curr.data) + ', '
+            display += str(curr.data) &gt;&gt; ', '
             curr = curr.next
         return display[:-2] + ')'
 </pre></div><div class="alert alert-secondary"><pre class="diff">============================= test session starts ==============================
platform linux -- Python 3.10.10, pytest-7.2.1, pluggy-1.0.0
rootdir: /home/auri/temp/lucca/python_experiments/stack4
collected 46 items

MIO-MOSA-WHOLE_SUITE/test_stack4_MIO.py ...............FF...             [ 43%]
MIO-MOSA-WHOLE_SUITE/test_stack4_MOSA.py .F.FFF...F......F               [ 80%]
MIO-MOSA-WHOLE_SUITE/test_stack4_WHOLE_SUITE.py .F.......                [100%]

=========================== short test summary info ============================
FAILED MIO-MOSA-WHOLE_SUITE/test_stack4_MIO.py::test_case_15 - TypeError: uns...
FAILED MIO-MOSA-WHOLE_SUITE/test_stack4_MIO.py::test_case_16 - TypeError: uns...
FAILED MIO-MOSA-WHOLE_SUITE/test_stack4_MOSA.py::test_case_1 - TypeError: uns...
FAILED MIO-MOSA-WHOLE_SUITE/test_stack4_MOSA.py::test_case_3 - TypeError: uns...
FAILED MIO-MOSA-WHOLE_SUITE/test_stack4_MOSA.py::test_case_4 - TypeError: uns...
FAILED MIO-MOSA-WHOLE_SUITE/test_stack4_MOSA.py::test_case_5 - TypeError: uns...
FAILED MIO-MOSA-WHOLE_SUITE/test_stack4_MOSA.py::test_case_9 - TypeError: uns...
FAILED MIO-MOSA-WHOLE_SUITE/test_stack4_MOSA.py::test_case_16 - TypeError: un...
FAILED MIO-MOSA-WHOLE_SUITE/test_stack4_WHOLE_SUITE.py::test_case_1 - TypeErr...
========================= 9 failed, 37 passed in 0.07s =========================
</pre></div></div></div></div></div><div class="mb-1" id="job_list___sub_accordion_14"><div class="card"><a data-toggle="collapse" data-target="#job_list___sub_collapse_14_1" aria-expanded="false" aria-controls="job_list___sub_collapse_14_1" href="#" class="job_list___sub_multi_heading"><div role="alert" class="card-header alert-success" id="job_list___sub_heading_14_1"><button class="btn btn-outline-success"><span class="job_id">14 : Job ID f8aa3c9059d94bbfa85f8527216a76ee</span></button></div></a><div aria-labelledby="job_list___sub_heading_14_1" data-parent="#job_list___sub_accordion_14" class="collapse job_list___sub_multi_collapse" id="job_list___sub_collapse_14_1"><div class="card-body"><div class="work-item"><div class="alert alert-success test-outcome" role="alert"><p>worker outcome: normal</p><p>test outcome: killed</p></div></div><pre class="location"><a href="pycharm://open?file=stack4.py&amp;line=86" class="text-secondary"><button class="btn btn-outline-dark">stack4.py, start pos: (86, 28), end pos: (86, 29)</button></a></pre><pre>operator: core/ReplaceBinaryOperator_Add_RShift, occurrence: 1</pre><div class="alert alert-secondary"><pre class="diff">--- mutation diff ---
--- astack4.py
+++ bstack4.py
@@ -83,7 +83,7 @@
         while curr:
             display += str(curr.data) + ', '
             curr = curr.next
-        return display[:-2] + ')'
+        return display[:-2] &gt;&gt; ')'
 
 
 class Stack(object):</pre></div><div class="alert alert-secondary"><pre class="diff">============================= test session starts ==============================
platform linux -- Python 3.10.10, pytest-7.2.1, pluggy-1.0.0
rootdir: /home/auri/temp/lucca/python_experiments/stack4
collected 46 items

MIO-MOSA-WHOLE_SUITE/test_stack4_MIO.py ...............FFF..             [ 43%]
MIO-MOSA-WHOLE_SUITE/test_stack4_MOSA.py .F.FFF...FF.....F               [ 80%]
MIO-MOSA-WHOLE_SUITE/test_stack4_WHOLE_SUITE.py FFF......                [100%]

=========================== short test summary info ============================
FAILED MIO-MOSA-WHOLE_SUITE/test_stack4_MIO.py::test_case_15 - TypeError: uns...
FAILED MIO-MOSA-WHOLE_SUITE/test_stack4_MIO.py::test_case_16 - TypeError: uns...
FAILED MIO-MOSA-WHOLE_SUITE/test_stack4_MIO.py::test_case_17 - TypeError: uns...
FAILED MIO-MOSA-WHOLE_SUITE/test_stack4_MOSA.py::test_case_1 - TypeError: uns...
FAILED MIO-MOSA-WHOLE_SUITE/test_stack4_MOSA.py::test_case_3 - TypeError: uns...
FAILED MIO-MOSA-WHOLE_SUITE/test_stack4_MOSA.py::test_case_4 - TypeError: uns...
FAILED MIO-MOSA-WHOLE_SUITE/test_stack4_MOSA.py::test_case_5 - TypeError: uns...
FAILED MIO-MOSA-WHOLE_SUITE/test_stack4_MOSA.py::test_case_9 - TypeError: uns...
FAILED MIO-MOSA-WHOLE_SUITE/test_stack4_MOSA.py::test_case_10 - TypeError: un...
FAILED MIO-MOSA-WHOLE_SUITE/test_stack4_MOSA.py::test_case_16 - TypeError: un...
FAILED MIO-MOSA-WHOLE_SUITE/test_stack4_WHOLE_SUITE.py::test_case_0 - TypeErr...
FAILED MIO-MOSA-WHOLE_SUITE/test_stack4_WHOLE_SUITE.py::test_case_1 - TypeErr...
FAILED MIO-MOSA-WHOLE_SUITE/test_stack4_WHOLE_SUITE.py::test_case_2 - TypeErr...
======================== 13 failed, 33 passed in 0.07s =========================
</pre></div></div></div></div></div><div class="mb-1" id="job_list___sub_accordion_15"><div class="card"><a data-toggle="collapse" data-target="#job_list___sub_collapse_15_1" aria-expanded="false" aria-controls="job_list___sub_collapse_15_1" href="#" class="job_list___sub_multi_heading"><div role="alert" class="card-header alert-success" id="job_list___sub_heading_15_1"><button class="btn btn-outline-success"><span class="job_id">15 : Job ID 73ab9e5052c54723a6bf7eee832bb5f2</span></button></div></a><div aria-labelledby="job_list___sub_heading_15_1" data-parent="#job_list___sub_accordion_15" class="collapse job_list___sub_multi_collapse" id="job_list___sub_collapse_15_1"><div class="card-body"><div class="work-item"><div class="alert alert-success test-outcome" role="alert"><p>worker outcome: normal</p><p>test outcome: killed</p></div></div><pre class="location"><a href="pycharm://open?file=stack4.py&amp;line=84" class="text-secondary"><button class="btn btn-outline-dark">stack4.py, start pos: (84, 38), end pos: (84, 39)</button></a></pre><pre>operator: core/ReplaceBinaryOperator_Add_LShift, occurrence: 0</pre><div class="alert alert-secondary"><pre class="diff">--- mutation diff ---
--- astack4.py
+++ bstack4.py
@@ -81,7 +81,7 @@
         curr = self.head
         display = '('
         while curr:
-            display += str(curr.data) + ', '
+            display += str(curr.data) &lt;&lt; ', '
             curr = curr.next
         return display[:-2] + ')'
 </pre></div><div class="alert alert-secondary"><pre class="diff">============================= test session starts ==============================
platform linux -- Python 3.10.10, pytest-7.2.1, pluggy-1.0.0
rootdir: /home/auri/temp/lucca/python_experiments/stack4
collected 46 items

MIO-MOSA-WHOLE_SUITE/test_stack4_MIO.py ...............FF...             [ 43%]
MIO-MOSA-WHOLE_SUITE/test_stack4_MOSA.py .F.FFF...F......F               [ 80%]
MIO-MOSA-WHOLE_SUITE/test_stack4_WHOLE_SUITE.py .F.......                [100%]

=========================== short test summary info ============================
FAILED MIO-MOSA-WHOLE_SUITE/test_stack4_MIO.py::test_case_15 - TypeError: uns...
FAILED MIO-MOSA-WHOLE_SUITE/test_stack4_MIO.py::test_case_16 - TypeError: uns...
FAILED MIO-MOSA-WHOLE_SUITE/test_stack4_MOSA.py::test_case_1 - TypeError: uns...
FAILED MIO-MOSA-WHOLE_SUITE/test_stack4_MOSA.py::test_case_3 - TypeError: uns...
FAILED MIO-MOSA-WHOLE_SUITE/test_stack4_MOSA.py::test_case_4 - TypeError: uns...
FAILED MIO-MOSA-WHOLE_SUITE/test_stack4_MOSA.py::test_case_5 - TypeError: uns...
FAILED MIO-MOSA-WHOLE_SUITE/test_stack4_MOSA.py::test_case_9 - TypeError: uns...
FAILED MIO-MOSA-WHOLE_SUITE/test_stack4_MOSA.py::test_case_16 - TypeError: un...
FAILED MIO-MOSA-WHOLE_SUITE/test_stack4_WHOLE_SUITE.py::test_case_1 - TypeErr...
========================= 9 failed, 37 passed in 0.06s =========================
</pre></div></div></div></div></div><div class="mb-1" id="job_list___sub_accordion_16"><div class="card"><a data-toggle="collapse" data-target="#job_list___sub_collapse_16_1" aria-expanded="false" aria-controls="job_list___sub_collapse_16_1" href="#" class="job_list___sub_multi_heading"><div role="alert" class="card-header alert-success" id="job_list___sub_heading_16_1"><button class="btn btn-outline-success"><span class="job_id">16 : Job ID 345e3271c2e245af934ae25d8f3ecd34</span></button></div></a><div aria-labelledby="job_list___sub_heading_16_1" data-parent="#job_list___sub_accordion_16" class="collapse job_list___sub_multi_collapse" id="job_list___sub_collapse_16_1"><div class="card-body"><div class="work-item"><div class="alert alert-success test-outcome" role="alert"><p>worker outcome: normal</p><p>test outcome: killed</p></div></div><pre class="location"><a href="pycharm://open?file=stack4.py&amp;line=86" class="text-secondary"><button class="btn btn-outline-dark">stack4.py, start pos: (86, 28), end pos: (86, 29)</button></a></pre><pre>operator: core/ReplaceBinaryOperator_Add_LShift, occurrence: 1</pre><div class="alert alert-secondary"><pre class="diff">--- mutation diff ---
--- astack4.py
+++ bstack4.py
@@ -83,7 +83,7 @@
         while curr:
             display += str(curr.data) + ', '
             curr = curr.next
-        return display[:-2] + ')'
+        return display[:-2] &lt;&lt; ')'
 
 
 class Stack(object):</pre></div><div class="alert alert-secondary"><pre class="diff">============================= test session starts ==============================
platform linux -- Python 3.10.10, pytest-7.2.1, pluggy-1.0.0
rootdir: /home/auri/temp/lucca/python_experiments/stack4
collected 46 items

MIO-MOSA-WHOLE_SUITE/test_stack4_MIO.py ...............FFF..             [ 43%]
MIO-MOSA-WHOLE_SUITE/test_stack4_MOSA.py .F.FFF...FF.....F               [ 80%]
MIO-MOSA-WHOLE_SUITE/test_stack4_WHOLE_SUITE.py FFF......                [100%]

=========================== short test summary info ============================
FAILED MIO-MOSA-WHOLE_SUITE/test_stack4_MIO.py::test_case_15 - TypeError: uns...
FAILED MIO-MOSA-WHOLE_SUITE/test_stack4_MIO.py::test_case_16 - TypeError: uns...
FAILED MIO-MOSA-WHOLE_SUITE/test_stack4_MIO.py::test_case_17 - TypeError: uns...
FAILED MIO-MOSA-WHOLE_SUITE/test_stack4_MOSA.py::test_case_1 - TypeError: uns...
FAILED MIO-MOSA-WHOLE_SUITE/test_stack4_MOSA.py::test_case_3 - TypeError: uns...
FAILED MIO-MOSA-WHOLE_SUITE/test_stack4_MOSA.py::test_case_4 - TypeError: uns...
FAILED MIO-MOSA-WHOLE_SUITE/test_stack4_MOSA.py::test_case_5 - TypeError: uns...
FAILED MIO-MOSA-WHOLE_SUITE/test_stack4_MOSA.py::test_case_9 - TypeError: uns...
FAILED MIO-MOSA-WHOLE_SUITE/test_stack4_MOSA.py::test_case_10 - TypeError: un...
FAILED MIO-MOSA-WHOLE_SUITE/test_stack4_MOSA.py::test_case_16 - TypeError: un...
FAILED MIO-MOSA-WHOLE_SUITE/test_stack4_WHOLE_SUITE.py::test_case_0 - TypeErr...
FAILED MIO-MOSA-WHOLE_SUITE/test_stack4_WHOLE_SUITE.py::test_case_1 - TypeErr...
FAILED MIO-MOSA-WHOLE_SUITE/test_stack4_WHOLE_SUITE.py::test_case_2 - TypeErr...
======================== 13 failed, 33 passed in 0.07s =========================
</pre></div></div></div></div></div><div class="mb-1" id="job_list___sub_accordion_17"><div class="card"><a data-toggle="collapse" data-target="#job_list___sub_collapse_17_1" aria-expanded="false" aria-controls="job_list___sub_collapse_17_1" href="#" class="job_list___sub_multi_heading"><div role="alert" class="card-header alert-success" id="job_list___sub_heading_17_1"><button class="btn btn-outline-success"><span class="job_id">17 : Job ID 77578c6844bd4d5397375781897684e5</span></button></div></a><div aria-labelledby="job_list___sub_heading_17_1" data-parent="#job_list___sub_accordion_17" class="collapse job_list___sub_multi_collapse" id="job_list___sub_collapse_17_1"><div class="card-body"><div class="work-item"><div class="alert alert-success test-outcome" role="alert"><p>worker outcome: normal</p><p>test outcome: killed</p></div></div><pre class="location"><a href="pycharm://open?file=stack4.py&amp;line=84" class="text-secondary"><button class="btn btn-outline-dark">stack4.py, start pos: (84, 38), end pos: (84, 39)</button></a></pre><pre>operator: core/ReplaceBinaryOperator_Add_BitOr, occurrence: 0</pre><div class="alert alert-secondary"><pre class="diff">--- mutation diff ---
--- astack4.py
+++ bstack4.py
@@ -81,7 +81,7 @@
         curr = self.head
         display = '('
         while curr:
-            display += str(curr.data) + ', '
+            display += str(curr.data) | ', '
             curr = curr.next
         return display[:-2] + ')'
 </pre></div><div class="alert alert-secondary"><pre class="diff">============================= test session starts ==============================
platform linux -- Python 3.10.10, pytest-7.2.1, pluggy-1.0.0
rootdir: /home/auri/temp/lucca/python_experiments/stack4
collected 46 items

MIO-MOSA-WHOLE_SUITE/test_stack4_MIO.py ...............FF...             [ 43%]
MIO-MOSA-WHOLE_SUITE/test_stack4_MOSA.py .F.FFF...F......F               [ 80%]
MIO-MOSA-WHOLE_SUITE/test_stack4_WHOLE_SUITE.py .F.......                [100%]

=========================== short test summary info ============================
FAILED MIO-MOSA-WHOLE_SUITE/test_stack4_MIO.py::test_case_15 - TypeError: uns...
FAILED MIO-MOSA-WHOLE_SUITE/test_stack4_MIO.py::test_case_16 - TypeError: uns...
FAILED MIO-MOSA-WHOLE_SUITE/test_stack4_MOSA.py::test_case_1 - TypeError: uns...
FAILED MIO-MOSA-WHOLE_SUITE/test_stack4_MOSA.py::test_case_3 - TypeError: uns...
FAILED MIO-MOSA-WHOLE_SUITE/test_stack4_MOSA.py::test_case_4 - TypeError: uns...
FAILED MIO-MOSA-WHOLE_SUITE/test_stack4_MOSA.py::test_case_5 - TypeError: uns...
FAILED MIO-MOSA-WHOLE_SUITE/test_stack4_MOSA.py::test_case_9 - TypeError: uns...
FAILED MIO-MOSA-WHOLE_SUITE/test_stack4_MOSA.py::test_case_16 - TypeError: un...
FAILED MIO-MOSA-WHOLE_SUITE/test_stack4_WHOLE_SUITE.py::test_case_1 - TypeErr...
========================= 9 failed, 37 passed in 0.07s =========================
</pre></div></div></div></div></div><div class="mb-1" id="job_list___sub_accordion_18"><div class="card"><a data-toggle="collapse" data-target="#job_list___sub_collapse_18_1" aria-expanded="false" aria-controls="job_list___sub_collapse_18_1" href="#" class="job_list___sub_multi_heading"><div role="alert" class="card-header alert-success" id="job_list___sub_heading_18_1"><button class="btn btn-outline-success"><span class="job_id">18 : Job ID 3fec7fb091f64ab38c78aba03c15b4a2</span></button></div></a><div aria-labelledby="job_list___sub_heading_18_1" data-parent="#job_list___sub_accordion_18" class="collapse job_list___sub_multi_collapse" id="job_list___sub_collapse_18_1"><div class="card-body"><div class="work-item"><div class="alert alert-success test-outcome" role="alert"><p>worker outcome: normal</p><p>test outcome: killed</p></div></div><pre class="location"><a href="pycharm://open?file=stack4.py&amp;line=86" class="text-secondary"><button class="btn btn-outline-dark">stack4.py, start pos: (86, 28), end pos: (86, 29)</button></a></pre><pre>operator: core/ReplaceBinaryOperator_Add_BitOr, occurrence: 1</pre><div class="alert alert-secondary"><pre class="diff">--- mutation diff ---
--- astack4.py
+++ bstack4.py
@@ -83,7 +83,7 @@
         while curr:
             display += str(curr.data) + ', '
             curr = curr.next
-        return display[:-2] + ')'
+        return display[:-2] | ')'
 
 
 class Stack(object):</pre></div><div class="alert alert-secondary"><pre class="diff">============================= test session starts ==============================
platform linux -- Python 3.10.10, pytest-7.2.1, pluggy-1.0.0
rootdir: /home/auri/temp/lucca/python_experiments/stack4
collected 46 items

MIO-MOSA-WHOLE_SUITE/test_stack4_MIO.py ...............FFF..             [ 43%]
MIO-MOSA-WHOLE_SUITE/test_stack4_MOSA.py .F.FFF...FF.....F               [ 80%]
MIO-MOSA-WHOLE_SUITE/test_stack4_WHOLE_SUITE.py FFF......                [100%]

=========================== short test summary info ============================
FAILED MIO-MOSA-WHOLE_SUITE/test_stack4_MIO.py::test_case_15 - TypeError: uns...
FAILED MIO-MOSA-WHOLE_SUITE/test_stack4_MIO.py::test_case_16 - TypeError: uns...
FAILED MIO-MOSA-WHOLE_SUITE/test_stack4_MIO.py::test_case_17 - TypeError: uns...
FAILED MIO-MOSA-WHOLE_SUITE/test_stack4_MOSA.py::test_case_1 - TypeError: uns...
FAILED MIO-MOSA-WHOLE_SUITE/test_stack4_MOSA.py::test_case_3 - TypeError: uns...
FAILED MIO-MOSA-WHOLE_SUITE/test_stack4_MOSA.py::test_case_4 - TypeError: uns...
FAILED MIO-MOSA-WHOLE_SUITE/test_stack4_MOSA.py::test_case_5 - TypeError: uns...
FAILED MIO-MOSA-WHOLE_SUITE/test_stack4_MOSA.py::test_case_9 - TypeError: uns...
FAILED MIO-MOSA-WHOLE_SUITE/test_stack4_MOSA.py::test_case_10 - TypeError: un...
FAILED MIO-MOSA-WHOLE_SUITE/test_stack4_MOSA.py::test_case_16 - TypeError: un...
FAILED MIO-MOSA-WHOLE_SUITE/test_stack4_WHOLE_SUITE.py::test_case_0 - TypeErr...
FAILED MIO-MOSA-WHOLE_SUITE/test_stack4_WHOLE_SUITE.py::test_case_1 - TypeErr...
FAILED MIO-MOSA-WHOLE_SUITE/test_stack4_WHOLE_SUITE.py::test_case_2 - TypeErr...
======================== 13 failed, 33 passed in 0.07s =========================
</pre></div></div></div></div></div><div class="mb-1" id="job_list___sub_accordion_19"><div class="card"><a data-toggle="collapse" data-target="#job_list___sub_collapse_19_1" aria-expanded="false" aria-controls="job_list___sub_collapse_19_1" href="#" class="job_list___sub_multi_heading"><div role="alert" class="card-header alert-success" id="job_list___sub_heading_19_1"><button class="btn btn-outline-success"><span class="job_id">19 : Job ID a192b39983c5405cbd52c87026eec61c</span></button></div></a><div aria-labelledby="job_list___sub_heading_19_1" data-parent="#job_list___sub_accordion_19" class="collapse job_list___sub_multi_collapse" id="job_list___sub_collapse_19_1"><div class="card-body"><div class="work-item"><div class="alert alert-success test-outcome" role="alert"><p>worker outcome: normal</p><p>test outcome: killed</p></div></div><pre class="location"><a href="pycharm://open?file=stack4.py&amp;line=84" class="text-secondary"><button class="btn btn-outline-dark">stack4.py, start pos: (84, 38), end pos: (84, 39)</button></a></pre><pre>operator: core/ReplaceBinaryOperator_Add_BitAnd, occurrence: 0</pre><div class="alert alert-secondary"><pre class="diff">--- mutation diff ---
--- astack4.py
+++ bstack4.py
@@ -81,7 +81,7 @@
         curr = self.head
         display = '('
         while curr:
-            display += str(curr.data) + ', '
+            display += str(curr.data) &amp; ', '
             curr = curr.next
         return display[:-2] + ')'
 </pre></div><div class="alert alert-secondary"><pre class="diff">============================= test session starts ==============================
platform linux -- Python 3.10.10, pytest-7.2.1, pluggy-1.0.0
rootdir: /home/auri/temp/lucca/python_experiments/stack4
collected 46 items

MIO-MOSA-WHOLE_SUITE/test_stack4_MIO.py ...............FF...             [ 43%]
MIO-MOSA-WHOLE_SUITE/test_stack4_MOSA.py .F.FFF...F......F               [ 80%]
MIO-MOSA-WHOLE_SUITE/test_stack4_WHOLE_SUITE.py .F.......                [100%]

=========================== short test summary info ============================
FAILED MIO-MOSA-WHOLE_SUITE/test_stack4_MIO.py::test_case_15 - TypeError: uns...
FAILED MIO-MOSA-WHOLE_SUITE/test_stack4_MIO.py::test_case_16 - TypeError: uns...
FAILED MIO-MOSA-WHOLE_SUITE/test_stack4_MOSA.py::test_case_1 - TypeError: uns...
FAILED MIO-MOSA-WHOLE_SUITE/test_stack4_MOSA.py::test_case_3 - TypeError: uns...
FAILED MIO-MOSA-WHOLE_SUITE/test_stack4_MOSA.py::test_case_4 - TypeError: uns...
FAILED MIO-MOSA-WHOLE_SUITE/test_stack4_MOSA.py::test_case_5 - TypeError: uns...
FAILED MIO-MOSA-WHOLE_SUITE/test_stack4_MOSA.py::test_case_9 - TypeError: uns...
FAILED MIO-MOSA-WHOLE_SUITE/test_stack4_MOSA.py::test_case_16 - TypeError: un...
FAILED MIO-MOSA-WHOLE_SUITE/test_stack4_WHOLE_SUITE.py::test_case_1 - TypeErr...
========================= 9 failed, 37 passed in 0.06s =========================
</pre></div></div></div></div></div><div class="mb-1" id="job_list___sub_accordion_20"><div class="card"><a data-toggle="collapse" data-target="#job_list___sub_collapse_20_1" aria-expanded="false" aria-controls="job_list___sub_collapse_20_1" href="#" class="job_list___sub_multi_heading"><div role="alert" class="card-header alert-success" id="job_list___sub_heading_20_1"><button class="btn btn-outline-success"><span class="job_id">20 : Job ID 0d6ba5cf6938468a87386670eab0cf9e</span></button></div></a><div aria-labelledby="job_list___sub_heading_20_1" data-parent="#job_list___sub_accordion_20" class="collapse job_list___sub_multi_collapse" id="job_list___sub_collapse_20_1"><div class="card-body"><div class="work-item"><div class="alert alert-success test-outcome" role="alert"><p>worker outcome: normal</p><p>test outcome: killed</p></div></div><pre class="location"><a href="pycharm://open?file=stack4.py&amp;line=86" class="text-secondary"><button class="btn btn-outline-dark">stack4.py, start pos: (86, 28), end pos: (86, 29)</button></a></pre><pre>operator: core/ReplaceBinaryOperator_Add_BitAnd, occurrence: 1</pre><div class="alert alert-secondary"><pre class="diff">--- mutation diff ---
--- astack4.py
+++ bstack4.py
@@ -83,7 +83,7 @@
         while curr:
             display += str(curr.data) + ', '
             curr = curr.next
-        return display[:-2] + ')'
+        return display[:-2] &amp; ')'
 
 
 class Stack(object):</pre></div><div class="alert alert-secondary"><pre class="diff">============================= test session starts ==============================
platform linux -- Python 3.10.10, pytest-7.2.1, pluggy-1.0.0
rootdir: /home/auri/temp/lucca/python_experiments/stack4
collected 46 items

MIO-MOSA-WHOLE_SUITE/test_stack4_MIO.py ...............FFF..             [ 43%]
MIO-MOSA-WHOLE_SUITE/test_stack4_MOSA.py .F.FFF...FF.....F               [ 80%]
MIO-MOSA-WHOLE_SUITE/test_stack4_WHOLE_SUITE.py FFF......                [100%]

=========================== short test summary info ============================
FAILED MIO-MOSA-WHOLE_SUITE/test_stack4_MIO.py::test_case_15 - TypeError: uns...
FAILED MIO-MOSA-WHOLE_SUITE/test_stack4_MIO.py::test_case_16 - TypeError: uns...
FAILED MIO-MOSA-WHOLE_SUITE/test_stack4_MIO.py::test_case_17 - TypeError: uns...
FAILED MIO-MOSA-WHOLE_SUITE/test_stack4_MOSA.py::test_case_1 - TypeError: uns...
FAILED MIO-MOSA-WHOLE_SUITE/test_stack4_MOSA.py::test_case_3 - TypeError: uns...
FAILED MIO-MOSA-WHOLE_SUITE/test_stack4_MOSA.py::test_case_4 - TypeError: uns...
FAILED MIO-MOSA-WHOLE_SUITE/test_stack4_MOSA.py::test_case_5 - TypeError: uns...
FAILED MIO-MOSA-WHOLE_SUITE/test_stack4_MOSA.py::test_case_9 - TypeError: uns...
FAILED MIO-MOSA-WHOLE_SUITE/test_stack4_MOSA.py::test_case_10 - TypeError: un...
FAILED MIO-MOSA-WHOLE_SUITE/test_stack4_MOSA.py::test_case_16 - TypeError: un...
FAILED MIO-MOSA-WHOLE_SUITE/test_stack4_WHOLE_SUITE.py::test_case_0 - TypeErr...
FAILED MIO-MOSA-WHOLE_SUITE/test_stack4_WHOLE_SUITE.py::test_case_1 - TypeErr...
FAILED MIO-MOSA-WHOLE_SUITE/test_stack4_WHOLE_SUITE.py::test_case_2 - TypeErr...
======================== 13 failed, 33 passed in 0.07s =========================
</pre></div></div></div></div></div><div class="mb-1" id="job_list___sub_accordion_21"><div class="card"><a data-toggle="collapse" data-target="#job_list___sub_collapse_21_1" aria-expanded="false" aria-controls="job_list___sub_collapse_21_1" href="#" class="job_list___sub_multi_heading"><div role="alert" class="card-header alert-success" id="job_list___sub_heading_21_1"><button class="btn btn-outline-success"><span class="job_id">21 : Job ID 4f2f4e85534642f5b4ce4818667bc0c4</span></button></div></a><div aria-labelledby="job_list___sub_heading_21_1" data-parent="#job_list___sub_accordion_21" class="collapse job_list___sub_multi_collapse" id="job_list___sub_collapse_21_1"><div class="card-body"><div class="work-item"><div class="alert alert-success test-outcome" role="alert"><p>worker outcome: normal</p><p>test outcome: killed</p></div></div><pre class="location"><a href="pycharm://open?file=stack4.py&amp;line=84" class="text-secondary"><button class="btn btn-outline-dark">stack4.py, start pos: (84, 38), end pos: (84, 39)</button></a></pre><pre>operator: core/ReplaceBinaryOperator_Add_BitXor, occurrence: 0</pre><div class="alert alert-secondary"><pre class="diff">--- mutation diff ---
--- astack4.py
+++ bstack4.py
@@ -81,7 +81,7 @@
         curr = self.head
         display = '('
         while curr:
-            display += str(curr.data) + ', '
+            display += str(curr.data) ^ ', '
             curr = curr.next
         return display[:-2] + ')'
 </pre></div><div class="alert alert-secondary"><pre class="diff">============================= test session starts ==============================
platform linux -- Python 3.10.10, pytest-7.2.1, pluggy-1.0.0
rootdir: /home/auri/temp/lucca/python_experiments/stack4
collected 46 items

MIO-MOSA-WHOLE_SUITE/test_stack4_MIO.py ...............FF...             [ 43%]
MIO-MOSA-WHOLE_SUITE/test_stack4_MOSA.py .F.FFF...F......F               [ 80%]
MIO-MOSA-WHOLE_SUITE/test_stack4_WHOLE_SUITE.py .F.......                [100%]

=========================== short test summary info ============================
FAILED MIO-MOSA-WHOLE_SUITE/test_stack4_MIO.py::test_case_15 - TypeError: uns...
FAILED MIO-MOSA-WHOLE_SUITE/test_stack4_MIO.py::test_case_16 - TypeError: uns...
FAILED MIO-MOSA-WHOLE_SUITE/test_stack4_MOSA.py::test_case_1 - TypeError: uns...
FAILED MIO-MOSA-WHOLE_SUITE/test_stack4_MOSA.py::test_case_3 - TypeError: uns...
FAILED MIO-MOSA-WHOLE_SUITE/test_stack4_MOSA.py::test_case_4 - TypeError: uns...
FAILED MIO-MOSA-WHOLE_SUITE/test_stack4_MOSA.py::test_case_5 - TypeError: uns...
FAILED MIO-MOSA-WHOLE_SUITE/test_stack4_MOSA.py::test_case_9 - TypeError: uns...
FAILED MIO-MOSA-WHOLE_SUITE/test_stack4_MOSA.py::test_case_16 - TypeError: un...
FAILED MIO-MOSA-WHOLE_SUITE/test_stack4_WHOLE_SUITE.py::test_case_1 - TypeErr...
========================= 9 failed, 37 passed in 0.07s =========================
</pre></div></div></div></div></div><div class="mb-1" id="job_list___sub_accordion_22"><div class="card"><a data-toggle="collapse" data-target="#job_list___sub_collapse_22_1" aria-expanded="false" aria-controls="job_list___sub_collapse_22_1" href="#" class="job_list___sub_multi_heading"><div role="alert" class="card-header alert-success" id="job_list___sub_heading_22_1"><button class="btn btn-outline-success"><span class="job_id">22 : Job ID 94b16ce5183840a2ac4405f680952ba2</span></button></div></a><div aria-labelledby="job_list___sub_heading_22_1" data-parent="#job_list___sub_accordion_22" class="collapse job_list___sub_multi_collapse" id="job_list___sub_collapse_22_1"><div class="card-body"><div class="work-item"><div class="alert alert-success test-outcome" role="alert"><p>worker outcome: normal</p><p>test outcome: killed</p></div></div><pre class="location"><a href="pycharm://open?file=stack4.py&amp;line=86" class="text-secondary"><button class="btn btn-outline-dark">stack4.py, start pos: (86, 28), end pos: (86, 29)</button></a></pre><pre>operator: core/ReplaceBinaryOperator_Add_BitXor, occurrence: 1</pre><div class="alert alert-secondary"><pre class="diff">--- mutation diff ---
--- astack4.py
+++ bstack4.py
@@ -83,7 +83,7 @@
         while curr:
             display += str(curr.data) + ', '
             curr = curr.next
-        return display[:-2] + ')'
+        return display[:-2] ^ ')'
 
 
 class Stack(object):</pre></div><div class="alert alert-secondary"><pre class="diff">============================= test session starts ==============================
platform linux -- Python 3.10.10, pytest-7.2.1, pluggy-1.0.0
rootdir: /home/auri/temp/lucca/python_experiments/stack4
collected 46 items

MIO-MOSA-WHOLE_SUITE/test_stack4_MIO.py ...............FFF..             [ 43%]
MIO-MOSA-WHOLE_SUITE/test_stack4_MOSA.py .F.FFF...FF.....F               [ 80%]
MIO-MOSA-WHOLE_SUITE/test_stack4_WHOLE_SUITE.py FFF......                [100%]

=========================== short test summary info ============================
FAILED MIO-MOSA-WHOLE_SUITE/test_stack4_MIO.py::test_case_15 - TypeError: uns...
FAILED MIO-MOSA-WHOLE_SUITE/test_stack4_MIO.py::test_case_16 - TypeError: uns...
FAILED MIO-MOSA-WHOLE_SUITE/test_stack4_MIO.py::test_case_17 - TypeError: uns...
FAILED MIO-MOSA-WHOLE_SUITE/test_stack4_MOSA.py::test_case_1 - TypeError: uns...
FAILED MIO-MOSA-WHOLE_SUITE/test_stack4_MOSA.py::test_case_3 - TypeError: uns...
FAILED MIO-MOSA-WHOLE_SUITE/test_stack4_MOSA.py::test_case_4 - TypeError: uns...
FAILED MIO-MOSA-WHOLE_SUITE/test_stack4_MOSA.py::test_case_5 - TypeError: uns...
FAILED MIO-MOSA-WHOLE_SUITE/test_stack4_MOSA.py::test_case_9 - TypeError: uns...
FAILED MIO-MOSA-WHOLE_SUITE/test_stack4_MOSA.py::test_case_10 - TypeError: un...
FAILED MIO-MOSA-WHOLE_SUITE/test_stack4_MOSA.py::test_case_16 - TypeError: un...
FAILED MIO-MOSA-WHOLE_SUITE/test_stack4_WHOLE_SUITE.py::test_case_0 - TypeErr...
FAILED MIO-MOSA-WHOLE_SUITE/test_stack4_WHOLE_SUITE.py::test_case_1 - TypeErr...
FAILED MIO-MOSA-WHOLE_SUITE/test_stack4_WHOLE_SUITE.py::test_case_2 - TypeErr...
======================== 13 failed, 33 passed in 0.07s =========================
</pre></div></div></div></div></div><div class="mb-1" id="job_list___sub_accordion_23"><div class="card"><a data-toggle="collapse" data-target="#job_list___sub_collapse_23_1" aria-expanded="false" aria-controls="job_list___sub_collapse_23_1" href="#" class="job_list___sub_multi_heading"><div role="alert" class="card-header alert-success" id="job_list___sub_heading_23_1"><button class="btn btn-outline-success"><span class="job_id">23 : Job ID 945f0eb64b6949ccbf0f3b916d6910ff</span></button></div></a><div aria-labelledby="job_list___sub_heading_23_1" data-parent="#job_list___sub_accordion_23" class="collapse job_list___sub_multi_collapse" id="job_list___sub_collapse_23_1"><div class="card-body"><div class="work-item"><div class="alert alert-success test-outcome" role="alert"><p>worker outcome: normal</p><p>test outcome: killed</p></div></div><pre class="location"><a href="pycharm://open?file=stack4.py&amp;line=63" class="text-secondary"><button class="btn btn-outline-dark">stack4.py, start pos: (63, 25), end pos: (63, 27)</button></a></pre><pre>operator: core/ReplaceComparisonOperator_Eq_NotEq, occurrence: 0</pre><div class="alert alert-secondary"><pre class="diff">--- mutation diff ---
--- astack4.py
+++ bstack4.py
@@ -60,7 +60,7 @@
         """Return the node containing val."""
         curr = self.head
         while curr:
-            if curr.data == val:
+            if curr.data != val:
                 return curr
             curr = curr.next
 </pre></div><div class="alert alert-secondary"><pre class="diff">============================= test session starts ==============================
platform linux -- Python 3.10.10, pytest-7.2.1, pluggy-1.0.0
rootdir: /home/auri/temp/lucca/python_experiments/stack4
collected 46 items

MIO-MOSA-WHOLE_SUITE/test_stack4_MIO.py ......F.............             [ 43%]
MIO-MOSA-WHOLE_SUITE/test_stack4_MOSA.py ......F..........               [ 80%]
MIO-MOSA-WHOLE_SUITE/test_stack4_WHOLE_SUITE.py ..F......                [100%]

=========================== short test summary info ============================
FAILED MIO-MOSA-WHOLE_SUITE/test_stack4_MIO.py::test_case_6 - AssertionError:...
FAILED MIO-MOSA-WHOLE_SUITE/test_stack4_MOSA.py::test_case_6 - AssertionError...
FAILED MIO-MOSA-WHOLE_SUITE/test_stack4_WHOLE_SUITE.py::test_case_2 - Asserti...
========================= 3 failed, 43 passed in 0.06s =========================
</pre></div></div></div></div></div><div class="mb-1" id="job_list___sub_accordion_24"><div class="card"><a data-toggle="collapse" data-target="#job_list___sub_collapse_24_1" aria-expanded="false" aria-controls="job_list___sub_collapse_24_1" href="#" class="job_list___sub_multi_heading"><div role="alert" class="card-header alert-danger" id="job_list___sub_heading_24_1"><button class="btn btn-outline-danger"><span class="job_id">24 : Job ID cccbc99541084703966fa5667537723e</span></button></div></a><div aria-labelledby="job_list___sub_heading_24_1" data-parent="#job_list___sub_accordion_24" class="collapse job_list___sub_multi_collapse" id="job_list___sub_collapse_24_1"><div class="card-body"><div class="work-item"><div class="alert alert-danger test-outcome" role="alert"><p>SURVIVED</p><p>worker outcome: normal</p><p>test outcome: survived</p></div></div><pre class="location"><a href="pycharm://open?file=stack4.py&amp;line=74" class="text-secondary"><button class="btn btn-outline-dark">stack4.py, start pos: (74, 45), end pos: (74, 47)</button></a></pre><pre>operator: core/ReplaceComparisonOperator_Eq_NotEq, occurrence: 1</pre><div class="alert alert-secondary"><pre class="diff">--- mutation diff ---
--- astack4.py
+++ bstack4.py
@@ -71,7 +71,7 @@
             self.head = self.head.next
             self._length -= 1
         while curr:
-            if (curr.next and curr.next.data == val):
+            if (curr.next and curr.next.data != val):
                 curr.next = curr.next.next
                 self._length -= 1
             curr = curr.next</pre></div><div class="alert alert-secondary"><pre class="diff">============================= test session starts ==============================
platform linux -- Python 3.10.10, pytest-7.2.1, pluggy-1.0.0
rootdir: /home/auri/temp/lucca/python_experiments/stack4
collected 46 items

MIO-MOSA-WHOLE_SUITE/test_stack4_MIO.py ....................             [ 43%]
MIO-MOSA-WHOLE_SUITE/test_stack4_MOSA.py .................               [ 80%]
MIO-MOSA-WHOLE_SUITE/test_stack4_WHOLE_SUITE.py .........                [100%]

============================== 46 passed in 0.06s ==============================
</pre></div></div></div></div></div><div class="mb-1" id="job_list___sub_accordion_25"><div class="card"><a data-toggle="collapse" data-target="#job_list___sub_collapse_25_1" aria-expanded="false" aria-controls="job_list___sub_collapse_25_1" href="#" class="job_list___sub_multi_heading"><div role="alert" class="card-header alert-success" id="job_list___sub_heading_25_1"><button class="btn btn-outline-success"><span class="job_id">25 : Job ID cd97d4b6213e418ba07227fd35341a3e</span></button></div></a><div aria-labelledby="job_list___sub_heading_25_1" data-parent="#job_list___sub_accordion_25" class="collapse job_list___sub_multi_collapse" id="job_list___sub_collapse_25_1"><div class="card-body"><div class="work-item"><div class="alert alert-success test-outcome" role="alert"><p>worker outcome: normal</p><p>test outcome: killed</p></div></div><pre class="location"><a href="pycharm://open?file=stack4.py&amp;line=63" class="text-secondary"><button class="btn btn-outline-dark">stack4.py, start pos: (63, 25), end pos: (63, 27)</button></a></pre><pre>operator: core/ReplaceComparisonOperator_Eq_Lt, occurrence: 0</pre><div class="alert alert-secondary"><pre class="diff">--- mutation diff ---
--- astack4.py
+++ bstack4.py
@@ -60,7 +60,7 @@
         """Return the node containing val."""
         curr = self.head
         while curr:
-            if curr.data == val:
+            if curr.data &lt; val:
                 return curr
             curr = curr.next
 </pre></div><div class="alert alert-secondary"><pre class="diff">============================= test session starts ==============================
platform linux -- Python 3.10.10, pytest-7.2.1, pluggy-1.0.0
rootdir: /home/auri/temp/lucca/python_experiments/stack4
collected 46 items

MIO-MOSA-WHOLE_SUITE/test_stack4_MIO.py ......FF............             [ 43%]
MIO-MOSA-WHOLE_SUITE/test_stack4_MOSA.py .....FF..........               [ 80%]
MIO-MOSA-WHOLE_SUITE/test_stack4_WHOLE_SUITE.py .FF......                [100%]

=========================== short test summary info ============================
FAILED MIO-MOSA-WHOLE_SUITE/test_stack4_MIO.py::test_case_6 - TypeError: '&lt;' ...
FAILED MIO-MOSA-WHOLE_SUITE/test_stack4_MIO.py::test_case_7 - TypeError: '&lt;' ...
FAILED MIO-MOSA-WHOLE_SUITE/test_stack4_MOSA.py::test_case_5 - TypeError: '&lt;'...
FAILED MIO-MOSA-WHOLE_SUITE/test_stack4_MOSA.py::test_case_6 - AssertionError...
FAILED MIO-MOSA-WHOLE_SUITE/test_stack4_WHOLE_SUITE.py::test_case_1 - TypeErr...
FAILED MIO-MOSA-WHOLE_SUITE/test_stack4_WHOLE_SUITE.py::test_case_2 - TypeErr...
========================= 6 failed, 40 passed in 0.07s =========================
</pre></div></div></div></div></div><div class="mb-1" id="job_list___sub_accordion_26"><div class="card"><a data-toggle="collapse" data-target="#job_list___sub_collapse_26_1" aria-expanded="false" aria-controls="job_list___sub_collapse_26_1" href="#" class="job_list___sub_multi_heading"><div role="alert" class="card-header alert-success" id="job_list___sub_heading_26_1"><button class="btn btn-outline-success"><span class="job_id">26 : Job ID 5b1b0607d6944d5db2b7f2e34d6a0167</span></button></div></a><div aria-labelledby="job_list___sub_heading_26_1" data-parent="#job_list___sub_accordion_26" class="collapse job_list___sub_multi_collapse" id="job_list___sub_collapse_26_1"><div class="card-body"><div class="work-item"><div class="alert alert-success test-outcome" role="alert"><p>worker outcome: normal</p><p>test outcome: killed</p></div></div><pre class="location"><a href="pycharm://open?file=stack4.py&amp;line=74" class="text-secondary"><button class="btn btn-outline-dark">stack4.py, start pos: (74, 45), end pos: (74, 47)</button></a></pre><pre>operator: core/ReplaceComparisonOperator_Eq_Lt, occurrence: 1</pre><div class="alert alert-secondary"><pre class="diff">--- mutation diff ---
--- astack4.py
+++ bstack4.py
@@ -71,7 +71,7 @@
             self.head = self.head.next
             self._length -= 1
         while curr:
-            if (curr.next and curr.next.data == val):
+            if (curr.next and curr.next.data &lt; val):
                 curr.next = curr.next.next
                 self._length -= 1
             curr = curr.next</pre></div><div class="alert alert-secondary"><pre class="diff">============================= test session starts ==============================
platform linux -- Python 3.10.10, pytest-7.2.1, pluggy-1.0.0
rootdir: /home/auri/temp/lucca/python_experiments/stack4
collected 46 items

MIO-MOSA-WHOLE_SUITE/test_stack4_MIO.py ..........F...F.....             [ 43%]
MIO-MOSA-WHOLE_SUITE/test_stack4_MOSA.py ...FFF........FFF               [ 80%]
MIO-MOSA-WHOLE_SUITE/test_stack4_WHOLE_SUITE.py F........                [100%]

=========================== short test summary info ============================
FAILED MIO-MOSA-WHOLE_SUITE/test_stack4_MIO.py::test_case_10 - TypeError: '&lt;'...
FAILED MIO-MOSA-WHOLE_SUITE/test_stack4_MIO.py::test_case_14 - TypeError: '&lt;'...
FAILED MIO-MOSA-WHOLE_SUITE/test_stack4_MOSA.py::test_case_3 - TypeError: '&lt;'...
FAILED MIO-MOSA-WHOLE_SUITE/test_stack4_MOSA.py::test_case_4 - TypeError: '&lt;'...
FAILED MIO-MOSA-WHOLE_SUITE/test_stack4_MOSA.py::test_case_5 - TypeError: '&lt;'...
FAILED MIO-MOSA-WHOLE_SUITE/test_stack4_MOSA.py::test_case_14 - TypeError: '&lt;...
FAILED MIO-MOSA-WHOLE_SUITE/test_stack4_MOSA.py::test_case_15 - TypeError: '&lt;...
FAILED MIO-MOSA-WHOLE_SUITE/test_stack4_MOSA.py::test_case_16 - TypeError: '&lt;...
FAILED MIO-MOSA-WHOLE_SUITE/test_stack4_WHOLE_SUITE.py::test_case_0 - TypeErr...
========================= 9 failed, 37 passed in 0.07s =========================
</pre></div></div></div></div></div><div class="mb-1" id="job_list___sub_accordion_27"><div class="card"><a data-toggle="collapse" data-target="#job_list___sub_collapse_27_1" aria-expanded="false" aria-controls="job_list___sub_collapse_27_1" href="#" class="job_list___sub_multi_heading"><div role="alert" class="card-header alert-success" id="job_list___sub_heading_27_1"><button class="btn btn-outline-success"><span class="job_id">27 : Job ID 1bf82327aa434241b21295d2228b5fda</span></button></div></a><div aria-labelledby="job_list___sub_heading_27_1" data-parent="#job_list___sub_accordion_27" class="collapse job_list___sub_multi_collapse" id="job_list___sub_collapse_27_1"><div class="card-body"><div class="work-item"><div class="alert alert-success test-outcome" role="alert"><p>worker outcome: normal</p><p>test outcome: killed</p></div></div><pre class="location"><a href="pycharm://open?file=stack4.py&amp;line=63" class="text-secondary"><button class="btn btn-outline-dark">stack4.py, start pos: (63, 25), end pos: (63, 27)</button></a></pre><pre>operator: core/ReplaceComparisonOperator_Eq_LtE, occurrence: 0</pre><div class="alert alert-secondary"><pre class="diff">--- mutation diff ---
--- astack4.py
+++ bstack4.py
@@ -60,7 +60,7 @@
         """Return the node containing val."""
         curr = self.head
         while curr:
-            if curr.data == val:
+            if curr.data &lt;= val:
                 return curr
             curr = curr.next
 </pre></div><div class="alert alert-secondary"><pre class="diff">============================= test session starts ==============================
platform linux -- Python 3.10.10, pytest-7.2.1, pluggy-1.0.0
rootdir: /home/auri/temp/lucca/python_experiments/stack4
collected 46 items

MIO-MOSA-WHOLE_SUITE/test_stack4_MIO.py ......FF............             [ 43%]
MIO-MOSA-WHOLE_SUITE/test_stack4_MOSA.py .....F...........               [ 80%]
MIO-MOSA-WHOLE_SUITE/test_stack4_WHOLE_SUITE.py .FF......                [100%]

=========================== short test summary info ============================
FAILED MIO-MOSA-WHOLE_SUITE/test_stack4_MIO.py::test_case_6 - TypeError: '&lt;='...
FAILED MIO-MOSA-WHOLE_SUITE/test_stack4_MIO.py::test_case_7 - TypeError: '&lt;='...
FAILED MIO-MOSA-WHOLE_SUITE/test_stack4_MOSA.py::test_case_5 - TypeError: '&lt;=...
FAILED MIO-MOSA-WHOLE_SUITE/test_stack4_WHOLE_SUITE.py::test_case_1 - TypeErr...
FAILED MIO-MOSA-WHOLE_SUITE/test_stack4_WHOLE_SUITE.py::test_case_2 - TypeErr...
========================= 5 failed, 41 passed in 0.06s =========================
</pre></div></div></div></div></div><div class="mb-1" id="job_list___sub_accordion_28"><div class="card"><a data-toggle="collapse" data-target="#job_list___sub_collapse_28_1" aria-expanded="false" aria-controls="job_list___sub_collapse_28_1" href="#" class="job_list___sub_multi_heading"><div role="alert" class="card-header alert-success" id="job_list___sub_heading_28_1"><button class="btn btn-outline-success"><span class="job_id">28 : Job ID 90c01b9a45c341fa8dcac538b80496ff</span></button></div></a><div aria-labelledby="job_list___sub_heading_28_1" data-parent="#job_list___sub_accordion_28" class="collapse job_list___sub_multi_collapse" id="job_list___sub_collapse_28_1"><div class="card-body"><div class="work-item"><div class="alert alert-success test-outcome" role="alert"><p>worker outcome: normal</p><p>test outcome: killed</p></div></div><pre class="location"><a href="pycharm://open?file=stack4.py&amp;line=74" class="text-secondary"><button class="btn btn-outline-dark">stack4.py, start pos: (74, 45), end pos: (74, 47)</button></a></pre><pre>operator: core/ReplaceComparisonOperator_Eq_LtE, occurrence: 1</pre><div class="alert alert-secondary"><pre class="diff">--- mutation diff ---
--- astack4.py
+++ bstack4.py
@@ -71,7 +71,7 @@
             self.head = self.head.next
             self._length -= 1
         while curr:
-            if (curr.next and curr.next.data == val):
+            if (curr.next and curr.next.data &lt;= val):
                 curr.next = curr.next.next
                 self._length -= 1
             curr = curr.next</pre></div><div class="alert alert-secondary"><pre class="diff">============================= test session starts ==============================
platform linux -- Python 3.10.10, pytest-7.2.1, pluggy-1.0.0
rootdir: /home/auri/temp/lucca/python_experiments/stack4
collected 46 items

MIO-MOSA-WHOLE_SUITE/test_stack4_MIO.py ..........F...F.....             [ 43%]
MIO-MOSA-WHOLE_SUITE/test_stack4_MOSA.py ...FFF........FFF               [ 80%]
MIO-MOSA-WHOLE_SUITE/test_stack4_WHOLE_SUITE.py F........                [100%]

=========================== short test summary info ============================
FAILED MIO-MOSA-WHOLE_SUITE/test_stack4_MIO.py::test_case_10 - TypeError: '&lt;=...
FAILED MIO-MOSA-WHOLE_SUITE/test_stack4_MIO.py::test_case_14 - TypeError: '&lt;=...
FAILED MIO-MOSA-WHOLE_SUITE/test_stack4_MOSA.py::test_case_3 - TypeError: '&lt;=...
FAILED MIO-MOSA-WHOLE_SUITE/test_stack4_MOSA.py::test_case_4 - TypeError: '&lt;=...
FAILED MIO-MOSA-WHOLE_SUITE/test_stack4_MOSA.py::test_case_5 - TypeError: '&lt;=...
FAILED MIO-MOSA-WHOLE_SUITE/test_stack4_MOSA.py::test_case_14 - TypeError: '&lt;...
FAILED MIO-MOSA-WHOLE_SUITE/test_stack4_MOSA.py::test_case_15 - TypeError: '&lt;...
FAILED MIO-MOSA-WHOLE_SUITE/test_stack4_MOSA.py::test_case_16 - TypeError: '&lt;...
FAILED MIO-MOSA-WHOLE_SUITE/test_stack4_WHOLE_SUITE.py::test_case_0 - TypeErr...
========================= 9 failed, 37 passed in 0.06s =========================
</pre></div></div></div></div></div><div class="mb-1" id="job_list___sub_accordion_29"><div class="card"><a data-toggle="collapse" data-target="#job_list___sub_collapse_29_1" aria-expanded="false" aria-controls="job_list___sub_collapse_29_1" href="#" class="job_list___sub_multi_heading"><div role="alert" class="card-header alert-success" id="job_list___sub_heading_29_1"><button class="btn btn-outline-success"><span class="job_id">29 : Job ID 8a8b4fb056fb414e92912dcfafcd1476</span></button></div></a><div aria-labelledby="job_list___sub_heading_29_1" data-parent="#job_list___sub_accordion_29" class="collapse job_list___sub_multi_collapse" id="job_list___sub_collapse_29_1"><div class="card-body"><div class="work-item"><div class="alert alert-success test-outcome" role="alert"><p>worker outcome: normal</p><p>test outcome: killed</p></div></div><pre class="location"><a href="pycharm://open?file=stack4.py&amp;line=63" class="text-secondary"><button class="btn btn-outline-dark">stack4.py, start pos: (63, 25), end pos: (63, 27)</button></a></pre><pre>operator: core/ReplaceComparisonOperator_Eq_Gt, occurrence: 0</pre><div class="alert alert-secondary"><pre class="diff">--- mutation diff ---
--- astack4.py
+++ bstack4.py
@@ -60,7 +60,7 @@
         """Return the node containing val."""
         curr = self.head
         while curr:
-            if curr.data == val:
+            if curr.data &gt; val:
                 return curr
             curr = curr.next
 </pre></div><div class="alert alert-secondary"><pre class="diff">============================= test session starts ==============================
platform linux -- Python 3.10.10, pytest-7.2.1, pluggy-1.0.0
rootdir: /home/auri/temp/lucca/python_experiments/stack4
collected 46 items

MIO-MOSA-WHOLE_SUITE/test_stack4_MIO.py ......FF............             [ 43%]
MIO-MOSA-WHOLE_SUITE/test_stack4_MOSA.py .....FF..........               [ 80%]
MIO-MOSA-WHOLE_SUITE/test_stack4_WHOLE_SUITE.py .FF......                [100%]

=========================== short test summary info ============================
FAILED MIO-MOSA-WHOLE_SUITE/test_stack4_MIO.py::test_case_6 - TypeError: '&gt;' ...
FAILED MIO-MOSA-WHOLE_SUITE/test_stack4_MIO.py::test_case_7 - TypeError: '&gt;' ...
FAILED MIO-MOSA-WHOLE_SUITE/test_stack4_MOSA.py::test_case_5 - TypeError: '&gt;'...
FAILED MIO-MOSA-WHOLE_SUITE/test_stack4_MOSA.py::test_case_6 - AssertionError...
FAILED MIO-MOSA-WHOLE_SUITE/test_stack4_WHOLE_SUITE.py::test_case_1 - TypeErr...
FAILED MIO-MOSA-WHOLE_SUITE/test_stack4_WHOLE_SUITE.py::test_case_2 - TypeErr...
========================= 6 failed, 40 passed in 0.07s =========================
</pre></div></div></div></div></div><div class="mb-1" id="job_list___sub_accordion_30"><div class="card"><a data-toggle="collapse" data-target="#job_list___sub_collapse_30_1" aria-expanded="false" aria-controls="job_list___sub_collapse_30_1" href="#" class="job_list___sub_multi_heading"><div role="alert" class="card-header alert-success" id="job_list___sub_heading_30_1"><button class="btn btn-outline-success"><span class="job_id">30 : Job ID 290a52a1fdd2435195cdde0d45a112b7</span></button></div></a><div aria-labelledby="job_list___sub_heading_30_1" data-parent="#job_list___sub_accordion_30" class="collapse job_list___sub_multi_collapse" id="job_list___sub_collapse_30_1"><div class="card-body"><div class="work-item"><div class="alert alert-success test-outcome" role="alert"><p>worker outcome: normal</p><p>test outcome: killed</p></div></div><pre class="location"><a href="pycharm://open?file=stack4.py&amp;line=74" class="text-secondary"><button class="btn btn-outline-dark">stack4.py, start pos: (74, 45), end pos: (74, 47)</button></a></pre><pre>operator: core/ReplaceComparisonOperator_Eq_Gt, occurrence: 1</pre><div class="alert alert-secondary"><pre class="diff">--- mutation diff ---
--- astack4.py
+++ bstack4.py
@@ -71,7 +71,7 @@
             self.head = self.head.next
             self._length -= 1
         while curr:
-            if (curr.next and curr.next.data == val):
+            if (curr.next and curr.next.data &gt; val):
                 curr.next = curr.next.next
                 self._length -= 1
             curr = curr.next</pre></div><div class="alert alert-secondary"><pre class="diff">============================= test session starts ==============================
platform linux -- Python 3.10.10, pytest-7.2.1, pluggy-1.0.0
rootdir: /home/auri/temp/lucca/python_experiments/stack4
collected 46 items

MIO-MOSA-WHOLE_SUITE/test_stack4_MIO.py ..........F...F.....             [ 43%]
MIO-MOSA-WHOLE_SUITE/test_stack4_MOSA.py ...FFF........FFF               [ 80%]
MIO-MOSA-WHOLE_SUITE/test_stack4_WHOLE_SUITE.py F........                [100%]

=========================== short test summary info ============================
FAILED MIO-MOSA-WHOLE_SUITE/test_stack4_MIO.py::test_case_10 - TypeError: '&gt;'...
FAILED MIO-MOSA-WHOLE_SUITE/test_stack4_MIO.py::test_case_14 - TypeError: '&gt;'...
FAILED MIO-MOSA-WHOLE_SUITE/test_stack4_MOSA.py::test_case_3 - TypeError: '&gt;'...
FAILED MIO-MOSA-WHOLE_SUITE/test_stack4_MOSA.py::test_case_4 - TypeError: '&gt;'...
FAILED MIO-MOSA-WHOLE_SUITE/test_stack4_MOSA.py::test_case_5 - TypeError: '&gt;'...
FAILED MIO-MOSA-WHOLE_SUITE/test_stack4_MOSA.py::test_case_14 - TypeError: '&gt;...
FAILED MIO-MOSA-WHOLE_SUITE/test_stack4_MOSA.py::test_case_15 - TypeError: '&gt;...
FAILED MIO-MOSA-WHOLE_SUITE/test_stack4_MOSA.py::test_case_16 - TypeError: '&gt;...
FAILED MIO-MOSA-WHOLE_SUITE/test_stack4_WHOLE_SUITE.py::test_case_0 - TypeErr...
========================= 9 failed, 37 passed in 0.07s =========================
</pre></div></div></div></div></div><div class="mb-1" id="job_list___sub_accordion_31"><div class="card"><a data-toggle="collapse" data-target="#job_list___sub_collapse_31_1" aria-expanded="false" aria-controls="job_list___sub_collapse_31_1" href="#" class="job_list___sub_multi_heading"><div role="alert" class="card-header alert-success" id="job_list___sub_heading_31_1"><button class="btn btn-outline-success"><span class="job_id">31 : Job ID d8d02420012242589e5d708d4bc7a712</span></button></div></a><div aria-labelledby="job_list___sub_heading_31_1" data-parent="#job_list___sub_accordion_31" class="collapse job_list___sub_multi_collapse" id="job_list___sub_collapse_31_1"><div class="card-body"><div class="work-item"><div class="alert alert-success test-outcome" role="alert"><p>worker outcome: normal</p><p>test outcome: killed</p></div></div><pre class="location"><a href="pycharm://open?file=stack4.py&amp;line=63" class="text-secondary"><button class="btn btn-outline-dark">stack4.py, start pos: (63, 25), end pos: (63, 27)</button></a></pre><pre>operator: core/ReplaceComparisonOperator_Eq_GtE, occurrence: 0</pre><div class="alert alert-secondary"><pre class="diff">--- mutation diff ---
--- astack4.py
+++ bstack4.py
@@ -60,7 +60,7 @@
         """Return the node containing val."""
         curr = self.head
         while curr:
-            if curr.data == val:
+            if curr.data &gt;= val:
                 return curr
             curr = curr.next
 </pre></div><div class="alert alert-secondary"><pre class="diff">============================= test session starts ==============================
platform linux -- Python 3.10.10, pytest-7.2.1, pluggy-1.0.0
rootdir: /home/auri/temp/lucca/python_experiments/stack4
collected 46 items

MIO-MOSA-WHOLE_SUITE/test_stack4_MIO.py ......FF............             [ 43%]
MIO-MOSA-WHOLE_SUITE/test_stack4_MOSA.py .....F...........               [ 80%]
MIO-MOSA-WHOLE_SUITE/test_stack4_WHOLE_SUITE.py .FF......                [100%]

=========================== short test summary info ============================
FAILED MIO-MOSA-WHOLE_SUITE/test_stack4_MIO.py::test_case_6 - TypeError: '&gt;='...
FAILED MIO-MOSA-WHOLE_SUITE/test_stack4_MIO.py::test_case_7 - TypeError: '&gt;='...
FAILED MIO-MOSA-WHOLE_SUITE/test_stack4_MOSA.py::test_case_5 - TypeError: '&gt;=...
FAILED MIO-MOSA-WHOLE_SUITE/test_stack4_WHOLE_SUITE.py::test_case_1 - TypeErr...
FAILED MIO-MOSA-WHOLE_SUITE/test_stack4_WHOLE_SUITE.py::test_case_2 - TypeErr...
========================= 5 failed, 41 passed in 0.07s =========================
</pre></div></div></div></div></div><div class="mb-1" id="job_list___sub_accordion_32"><div class="card"><a data-toggle="collapse" data-target="#job_list___sub_collapse_32_1" aria-expanded="false" aria-controls="job_list___sub_collapse_32_1" href="#" class="job_list___sub_multi_heading"><div role="alert" class="card-header alert-success" id="job_list___sub_heading_32_1"><button class="btn btn-outline-success"><span class="job_id">32 : Job ID 39bde7c177f54e0aa200759893fb7162</span></button></div></a><div aria-labelledby="job_list___sub_heading_32_1" data-parent="#job_list___sub_accordion_32" class="collapse job_list___sub_multi_collapse" id="job_list___sub_collapse_32_1"><div class="card-body"><div class="work-item"><div class="alert alert-success test-outcome" role="alert"><p>worker outcome: normal</p><p>test outcome: killed</p></div></div><pre class="location"><a href="pycharm://open?file=stack4.py&amp;line=74" class="text-secondary"><button class="btn btn-outline-dark">stack4.py, start pos: (74, 45), end pos: (74, 47)</button></a></pre><pre>operator: core/ReplaceComparisonOperator_Eq_GtE, occurrence: 1</pre><div class="alert alert-secondary"><pre class="diff">--- mutation diff ---
--- astack4.py
+++ bstack4.py
@@ -71,7 +71,7 @@
             self.head = self.head.next
             self._length -= 1
         while curr:
-            if (curr.next and curr.next.data == val):
+            if (curr.next and curr.next.data &gt;= val):
                 curr.next = curr.next.next
                 self._length -= 1
             curr = curr.next</pre></div><div class="alert alert-secondary"><pre class="diff">============================= test session starts ==============================
platform linux -- Python 3.10.10, pytest-7.2.1, pluggy-1.0.0
rootdir: /home/auri/temp/lucca/python_experiments/stack4
collected 46 items

MIO-MOSA-WHOLE_SUITE/test_stack4_MIO.py ..........F...F.....             [ 43%]
MIO-MOSA-WHOLE_SUITE/test_stack4_MOSA.py ...FFF........FF.               [ 80%]
MIO-MOSA-WHOLE_SUITE/test_stack4_WHOLE_SUITE.py F........                [100%]

=========================== short test summary info ============================
FAILED MIO-MOSA-WHOLE_SUITE/test_stack4_MIO.py::test_case_10 - TypeError: '&gt;=...
FAILED MIO-MOSA-WHOLE_SUITE/test_stack4_MIO.py::test_case_14 - TypeError: '&gt;=...
FAILED MIO-MOSA-WHOLE_SUITE/test_stack4_MOSA.py::test_case_3 - TypeError: '&gt;=...
FAILED MIO-MOSA-WHOLE_SUITE/test_stack4_MOSA.py::test_case_4 - TypeError: '&gt;=...
FAILED MIO-MOSA-WHOLE_SUITE/test_stack4_MOSA.py::test_case_5 - TypeError: '&gt;=...
FAILED MIO-MOSA-WHOLE_SUITE/test_stack4_MOSA.py::test_case_14 - TypeError: '&gt;...
FAILED MIO-MOSA-WHOLE_SUITE/test_stack4_MOSA.py::test_case_15 - TypeError: '&gt;...
FAILED MIO-MOSA-WHOLE_SUITE/test_stack4_WHOLE_SUITE.py::test_case_0 - TypeErr...
========================= 8 failed, 38 passed in 0.06s =========================
</pre></div></div></div></div></div><div class="mb-1" id="job_list___sub_accordion_33"><div class="card"><a data-toggle="collapse" data-target="#job_list___sub_collapse_33_1" aria-expanded="false" aria-controls="job_list___sub_collapse_33_1" href="#" class="job_list___sub_multi_heading"><div role="alert" class="card-header alert-danger" id="job_list___sub_heading_33_1"><button class="btn btn-outline-danger"><span class="job_id">33 : Job ID b1f0d27e341f4998a472dd1210e9b7f6</span></button></div></a><div aria-labelledby="job_list___sub_heading_33_1" data-parent="#job_list___sub_accordion_33" class="collapse job_list___sub_multi_collapse" id="job_list___sub_collapse_33_1"><div class="card-body"><div class="work-item"><div class="alert alert-danger test-outcome" role="alert"><p>SURVIVED</p><p>worker outcome: normal</p><p>test outcome: survived</p></div></div><pre class="location"><a href="pycharm://open?file=stack4.py&amp;line=63" class="text-secondary"><button class="btn btn-outline-dark">stack4.py, start pos: (63, 25), end pos: (63, 27)</button></a></pre><pre>operator: core/ReplaceComparisonOperator_Eq_Is, occurrence: 0</pre><div class="alert alert-secondary"><pre class="diff">--- mutation diff ---
--- astack4.py
+++ bstack4.py
@@ -60,7 +60,7 @@
         """Return the node containing val."""
         curr = self.head
         while curr:
-            if curr.data == val:
+            if curr.data is val:
                 return curr
             curr = curr.next
 </pre></div><div class="alert alert-secondary"><pre class="diff">============================= test session starts ==============================
platform linux -- Python 3.10.10, pytest-7.2.1, pluggy-1.0.0
rootdir: /home/auri/temp/lucca/python_experiments/stack4
collected 46 items

MIO-MOSA-WHOLE_SUITE/test_stack4_MIO.py ....................             [ 43%]
MIO-MOSA-WHOLE_SUITE/test_stack4_MOSA.py .................               [ 80%]
MIO-MOSA-WHOLE_SUITE/test_stack4_WHOLE_SUITE.py .........                [100%]

============================== 46 passed in 0.08s ==============================
</pre></div></div></div></div></div><div class="mb-1" id="job_list___sub_accordion_34"><div class="card"><a data-toggle="collapse" data-target="#job_list___sub_collapse_34_1" aria-expanded="false" aria-controls="job_list___sub_collapse_34_1" href="#" class="job_list___sub_multi_heading"><div role="alert" class="card-header alert-danger" id="job_list___sub_heading_34_1"><button class="btn btn-outline-danger"><span class="job_id">34 : Job ID 608e9f6d790c464aaebae53ccb83e699</span></button></div></a><div aria-labelledby="job_list___sub_heading_34_1" data-parent="#job_list___sub_accordion_34" class="collapse job_list___sub_multi_collapse" id="job_list___sub_collapse_34_1"><div class="card-body"><div class="work-item"><div class="alert alert-danger test-outcome" role="alert"><p>SURVIVED</p><p>worker outcome: normal</p><p>test outcome: survived</p></div></div><pre class="location"><a href="pycharm://open?file=stack4.py&amp;line=74" class="text-secondary"><button class="btn btn-outline-dark">stack4.py, start pos: (74, 45), end pos: (74, 47)</button></a></pre><pre>operator: core/ReplaceComparisonOperator_Eq_Is, occurrence: 1</pre><div class="alert alert-secondary"><pre class="diff">--- mutation diff ---
--- astack4.py
+++ bstack4.py
@@ -71,7 +71,7 @@
             self.head = self.head.next
             self._length -= 1
         while curr:
-            if (curr.next and curr.next.data == val):
+            if (curr.next and curr.next.data is val):
                 curr.next = curr.next.next
                 self._length -= 1
             curr = curr.next</pre></div><div class="alert alert-secondary"><pre class="diff">============================= test session starts ==============================
platform linux -- Python 3.10.10, pytest-7.2.1, pluggy-1.0.0
rootdir: /home/auri/temp/lucca/python_experiments/stack4
collected 46 items

MIO-MOSA-WHOLE_SUITE/test_stack4_MIO.py ....................             [ 43%]
MIO-MOSA-WHOLE_SUITE/test_stack4_MOSA.py .................               [ 80%]
MIO-MOSA-WHOLE_SUITE/test_stack4_WHOLE_SUITE.py .........                [100%]

============================== 46 passed in 0.06s ==============================
</pre></div></div></div></div></div><div class="mb-1" id="job_list___sub_accordion_35"><div class="card"><a data-toggle="collapse" data-target="#job_list___sub_collapse_35_1" aria-expanded="false" aria-controls="job_list___sub_collapse_35_1" href="#" class="job_list___sub_multi_heading"><div role="alert" class="card-header alert-success" id="job_list___sub_heading_35_1"><button class="btn btn-outline-success"><span class="job_id">35 : Job ID 5940c67658104f758737b8e830dc984e</span></button></div></a><div aria-labelledby="job_list___sub_heading_35_1" data-parent="#job_list___sub_accordion_35" class="collapse job_list___sub_multi_collapse" id="job_list___sub_collapse_35_1"><div class="card-body"><div class="work-item"><div class="alert alert-success test-outcome" role="alert"><p>worker outcome: normal</p><p>test outcome: killed</p></div></div><pre class="location"><a href="pycharm://open?file=stack4.py&amp;line=63" class="text-secondary"><button class="btn btn-outline-dark">stack4.py, start pos: (63, 25), end pos: (63, 27)</button></a></pre><pre>operator: core/ReplaceComparisonOperator_Eq_IsNot, occurrence: 0</pre><div class="alert alert-secondary"><pre class="diff">--- mutation diff ---
--- astack4.py
+++ bstack4.py
@@ -60,7 +60,7 @@
         """Return the node containing val."""
         curr = self.head
         while curr:
-            if curr.data == val:
+            if curr.data is not val:
                 return curr
             curr = curr.next
 </pre></div><div class="alert alert-secondary"><pre class="diff">============================= test session starts ==============================
platform linux -- Python 3.10.10, pytest-7.2.1, pluggy-1.0.0
rootdir: /home/auri/temp/lucca/python_experiments/stack4
collected 46 items

MIO-MOSA-WHOLE_SUITE/test_stack4_MIO.py ......F.............             [ 43%]
MIO-MOSA-WHOLE_SUITE/test_stack4_MOSA.py ......F..........               [ 80%]
MIO-MOSA-WHOLE_SUITE/test_stack4_WHOLE_SUITE.py ..F......                [100%]

=========================== short test summary info ============================
FAILED MIO-MOSA-WHOLE_SUITE/test_stack4_MIO.py::test_case_6 - AssertionError:...
FAILED MIO-MOSA-WHOLE_SUITE/test_stack4_MOSA.py::test_case_6 - AssertionError...
FAILED MIO-MOSA-WHOLE_SUITE/test_stack4_WHOLE_SUITE.py::test_case_2 - Asserti...
========================= 3 failed, 43 passed in 0.07s =========================
</pre></div></div></div></div></div><div class="mb-1" id="job_list___sub_accordion_36"><div class="card"><a data-toggle="collapse" data-target="#job_list___sub_collapse_36_1" aria-expanded="false" aria-controls="job_list___sub_collapse_36_1" href="#" class="job_list___sub_multi_heading"><div role="alert" class="card-header alert-danger" id="job_list___sub_heading_36_1"><button class="btn btn-outline-danger"><span class="job_id">36 : Job ID 7248e644524a4ea6b412ec78c4d01702</span></button></div></a><div aria-labelledby="job_list___sub_heading_36_1" data-parent="#job_list___sub_accordion_36" class="collapse job_list___sub_multi_collapse" id="job_list___sub_collapse_36_1"><div class="card-body"><div class="work-item"><div class="alert alert-danger test-outcome" role="alert"><p>SURVIVED</p><p>worker outcome: normal</p><p>test outcome: survived</p></div></div><pre class="location"><a href="pycharm://open?file=stack4.py&amp;line=74" class="text-secondary"><button class="btn btn-outline-dark">stack4.py, start pos: (74, 45), end pos: (74, 47)</button></a></pre><pre>operator: core/ReplaceComparisonOperator_Eq_IsNot, occurrence: 1</pre><div class="alert alert-secondary"><pre class="diff">--- mutation diff ---
--- astack4.py
+++ bstack4.py
@@ -71,7 +71,7 @@
             self.head = self.head.next
             self._length -= 1
         while curr:
-            if (curr.next and curr.next.data == val):
+            if (curr.next and curr.next.data is not val):
                 curr.next = curr.next.next
                 self._length -= 1
             curr = curr.next</pre></div><div class="alert alert-secondary"><pre class="diff">============================= test session starts ==============================
platform linux -- Python 3.10.10, pytest-7.2.1, pluggy-1.0.0
rootdir: /home/auri/temp/lucca/python_experiments/stack4
collected 46 items

MIO-MOSA-WHOLE_SUITE/test_stack4_MIO.py ....................             [ 43%]
MIO-MOSA-WHOLE_SUITE/test_stack4_MOSA.py .................               [ 80%]
MIO-MOSA-WHOLE_SUITE/test_stack4_WHOLE_SUITE.py .........                [100%]

============================== 46 passed in 0.06s ==============================
</pre></div></div></div></div></div><div class="mb-1" id="job_list___sub_accordion_37"><div class="card"><a data-toggle="collapse" data-target="#job_list___sub_collapse_37_1" aria-expanded="false" aria-controls="job_list___sub_collapse_37_1" href="#" class="job_list___sub_multi_heading"><div role="alert" class="card-header alert-danger" id="job_list___sub_heading_37_1"><button class="btn btn-outline-danger"><span class="job_id">37 : Job ID 9380c77eca8c4273af82bcc38481f2a0</span></button></div></a><div aria-labelledby="job_list___sub_heading_37_1" data-parent="#job_list___sub_accordion_37" class="collapse job_list___sub_multi_collapse" id="job_list___sub_collapse_37_1"><div class="card-body"><div class="work-item"><div class="alert alert-danger test-outcome" role="alert"><p>SURVIVED</p><p>worker outcome: normal</p><p>test outcome: survived</p></div></div><pre class="location"><a href="pycharm://open?file=stack4.py&amp;line=70" class="text-secondary"><button class="btn btn-outline-dark">stack4.py, start pos: (70, 24), end pos: (70, 26)</button></a></pre><pre>operator: core/ReplaceComparisonOperator_Is_Eq, occurrence: 0</pre><div class="alert alert-secondary"><pre class="diff">--- mutation diff ---
--- astack4.py
+++ bstack4.py
@@ -67,7 +67,7 @@
     def remove(self, val):
         """Remove node from list if exists."""
         curr = self.head
-        if curr and val is self.head.data:
+        if curr and val == self.head.data:
             self.head = self.head.next
             self._length -= 1
         while curr:</pre></div><div class="alert alert-secondary"><pre class="diff">============================= test session starts ==============================
platform linux -- Python 3.10.10, pytest-7.2.1, pluggy-1.0.0
rootdir: /home/auri/temp/lucca/python_experiments/stack4
collected 46 items

MIO-MOSA-WHOLE_SUITE/test_stack4_MIO.py ....................             [ 43%]
MIO-MOSA-WHOLE_SUITE/test_stack4_MOSA.py .................               [ 80%]
MIO-MOSA-WHOLE_SUITE/test_stack4_WHOLE_SUITE.py .........                [100%]

============================== 46 passed in 0.06s ==============================
</pre></div></div></div></div></div><div class="mb-1" id="job_list___sub_accordion_38"><div class="card"><a data-toggle="collapse" data-target="#job_list___sub_collapse_38_1" aria-expanded="false" aria-controls="job_list___sub_collapse_38_1" href="#" class="job_list___sub_multi_heading"><div role="alert" class="card-header alert-success" id="job_list___sub_heading_38_1"><button class="btn btn-outline-success"><span class="job_id">38 : Job ID a5de12d8191c4f0eae0e6bf9e0f2f64b</span></button></div></a><div aria-labelledby="job_list___sub_heading_38_1" data-parent="#job_list___sub_accordion_38" class="collapse job_list___sub_multi_collapse" id="job_list___sub_collapse_38_1"><div class="card-body"><div class="work-item"><div class="alert alert-success test-outcome" role="alert"><p>worker outcome: normal</p><p>test outcome: killed</p></div></div><pre class="location"><a href="pycharm://open?file=stack4.py&amp;line=70" class="text-secondary"><button class="btn btn-outline-dark">stack4.py, start pos: (70, 24), end pos: (70, 26)</button></a></pre><pre>operator: core/ReplaceComparisonOperator_Is_NotEq, occurrence: 0</pre><div class="alert alert-secondary"><pre class="diff">--- mutation diff ---
--- astack4.py
+++ bstack4.py
@@ -67,7 +67,7 @@
     def remove(self, val):
         """Remove node from list if exists."""
         curr = self.head
-        if curr and val is self.head.data:
+        if curr and val != self.head.data:
             self.head = self.head.next
             self._length -= 1
         while curr:</pre></div><div class="alert alert-secondary"><pre class="diff">============================= test session starts ==============================
platform linux -- Python 3.10.10, pytest-7.2.1, pluggy-1.0.0
rootdir: /home/auri/temp/lucca/python_experiments/stack4
collected 46 items

MIO-MOSA-WHOLE_SUITE/test_stack4_MIO.py ............F.......             [ 43%]
MIO-MOSA-WHOLE_SUITE/test_stack4_MOSA.py ...F.............               [ 80%]
MIO-MOSA-WHOLE_SUITE/test_stack4_WHOLE_SUITE.py .........                [100%]

=========================== short test summary info ============================
FAILED MIO-MOSA-WHOLE_SUITE/test_stack4_MIO.py::test_case_12 - assert &lt;stack4...
FAILED MIO-MOSA-WHOLE_SUITE/test_stack4_MOSA.py::test_case_3 - AssertionError...
========================= 2 failed, 44 passed in 0.06s =========================
</pre></div></div></div></div></div><div class="mb-1" id="job_list___sub_accordion_39"><div class="card"><a data-toggle="collapse" data-target="#job_list___sub_collapse_39_1" aria-expanded="false" aria-controls="job_list___sub_collapse_39_1" href="#" class="job_list___sub_multi_heading"><div role="alert" class="card-header alert-success" id="job_list___sub_heading_39_1"><button class="btn btn-outline-success"><span class="job_id">39 : Job ID 49d99d0305b041728f243ec58f1ba0eb</span></button></div></a><div aria-labelledby="job_list___sub_heading_39_1" data-parent="#job_list___sub_accordion_39" class="collapse job_list___sub_multi_collapse" id="job_list___sub_collapse_39_1"><div class="card-body"><div class="work-item"><div class="alert alert-success test-outcome" role="alert"><p>worker outcome: normal</p><p>test outcome: killed</p></div></div><pre class="location"><a href="pycharm://open?file=stack4.py&amp;line=70" class="text-secondary"><button class="btn btn-outline-dark">stack4.py, start pos: (70, 24), end pos: (70, 26)</button></a></pre><pre>operator: core/ReplaceComparisonOperator_Is_Lt, occurrence: 0</pre><div class="alert alert-secondary"><pre class="diff">--- mutation diff ---
--- astack4.py
+++ bstack4.py
@@ -67,7 +67,7 @@
     def remove(self, val):
         """Remove node from list if exists."""
         curr = self.head
-        if curr and val is self.head.data:
+        if curr and val &lt; self.head.data:
             self.head = self.head.next
             self._length -= 1
         while curr:</pre></div><div class="alert alert-secondary"><pre class="diff">============================= test session starts ==============================
platform linux -- Python 3.10.10, pytest-7.2.1, pluggy-1.0.0
rootdir: /home/auri/temp/lucca/python_experiments/stack4
collected 46 items

MIO-MOSA-WHOLE_SUITE/test_stack4_MIO.py ..........FFF.F.....             [ 43%]
MIO-MOSA-WHOLE_SUITE/test_stack4_MOSA.py ...FFF........FF.               [ 80%]
MIO-MOSA-WHOLE_SUITE/test_stack4_WHOLE_SUITE.py F........                [100%]

=========================== short test summary info ============================
FAILED MIO-MOSA-WHOLE_SUITE/test_stack4_MIO.py::test_case_10 - TypeError: '&lt;'...
FAILED MIO-MOSA-WHOLE_SUITE/test_stack4_MIO.py::test_case_11 - TypeError: '&lt;'...
FAILED MIO-MOSA-WHOLE_SUITE/test_stack4_MIO.py::test_case_12 - TypeError: '&lt;'...
FAILED MIO-MOSA-WHOLE_SUITE/test_stack4_MIO.py::test_case_14 - TypeError: '&lt;'...
FAILED MIO-MOSA-WHOLE_SUITE/test_stack4_MOSA.py::test_case_3 - TypeError: '&lt;'...
FAILED MIO-MOSA-WHOLE_SUITE/test_stack4_MOSA.py::test_case_4 - TypeError: '&lt;'...
FAILED MIO-MOSA-WHOLE_SUITE/test_stack4_MOSA.py::test_case_5 - TypeError: '&lt;'...
FAILED MIO-MOSA-WHOLE_SUITE/test_stack4_MOSA.py::test_case_14 - TypeError: '&lt;...
FAILED MIO-MOSA-WHOLE_SUITE/test_stack4_MOSA.py::test_case_15 - TypeError: '&lt;...
FAILED MIO-MOSA-WHOLE_SUITE/test_stack4_WHOLE_SUITE.py::test_case_0 - TypeErr...
======================== 10 failed, 36 passed in 0.07s =========================
</pre></div></div></div></div></div><div class="mb-1" id="job_list___sub_accordion_40"><div class="card"><a data-toggle="collapse" data-target="#job_list___sub_collapse_40_1" aria-expanded="false" aria-controls="job_list___sub_collapse_40_1" href="#" class="job_list___sub_multi_heading"><div role="alert" class="card-header alert-success" id="job_list___sub_heading_40_1"><button class="btn btn-outline-success"><span class="job_id">40 : Job ID 4e9ef4d90b1a4046a2003b97bb743417</span></button></div></a><div aria-labelledby="job_list___sub_heading_40_1" data-parent="#job_list___sub_accordion_40" class="collapse job_list___sub_multi_collapse" id="job_list___sub_collapse_40_1"><div class="card-body"><div class="work-item"><div class="alert alert-success test-outcome" role="alert"><p>worker outcome: normal</p><p>test outcome: killed</p></div></div><pre class="location"><a href="pycharm://open?file=stack4.py&amp;line=70" class="text-secondary"><button class="btn btn-outline-dark">stack4.py, start pos: (70, 24), end pos: (70, 26)</button></a></pre><pre>operator: core/ReplaceComparisonOperator_Is_LtE, occurrence: 0</pre><div class="alert alert-secondary"><pre class="diff">--- mutation diff ---
--- astack4.py
+++ bstack4.py
@@ -67,7 +67,7 @@
     def remove(self, val):
         """Remove node from list if exists."""
         curr = self.head
-        if curr and val is self.head.data:
+        if curr and val &lt;= self.head.data:
             self.head = self.head.next
             self._length -= 1
         while curr:</pre></div><div class="alert alert-secondary"><pre class="diff">============================= test session starts ==============================
platform linux -- Python 3.10.10, pytest-7.2.1, pluggy-1.0.0
rootdir: /home/auri/temp/lucca/python_experiments/stack4
collected 46 items

MIO-MOSA-WHOLE_SUITE/test_stack4_MIO.py ..........FFF.F.....             [ 43%]
MIO-MOSA-WHOLE_SUITE/test_stack4_MOSA.py ...FFF........FF.               [ 80%]
MIO-MOSA-WHOLE_SUITE/test_stack4_WHOLE_SUITE.py F........                [100%]

=========================== short test summary info ============================
FAILED MIO-MOSA-WHOLE_SUITE/test_stack4_MIO.py::test_case_10 - TypeError: '&lt;=...
FAILED MIO-MOSA-WHOLE_SUITE/test_stack4_MIO.py::test_case_11 - TypeError: '&lt;=...
FAILED MIO-MOSA-WHOLE_SUITE/test_stack4_MIO.py::test_case_12 - TypeError: '&lt;=...
FAILED MIO-MOSA-WHOLE_SUITE/test_stack4_MIO.py::test_case_14 - TypeError: '&lt;=...
FAILED MIO-MOSA-WHOLE_SUITE/test_stack4_MOSA.py::test_case_3 - TypeError: '&lt;=...
FAILED MIO-MOSA-WHOLE_SUITE/test_stack4_MOSA.py::test_case_4 - TypeError: '&lt;=...
FAILED MIO-MOSA-WHOLE_SUITE/test_stack4_MOSA.py::test_case_5 - TypeError: '&lt;=...
FAILED MIO-MOSA-WHOLE_SUITE/test_stack4_MOSA.py::test_case_14 - TypeError: '&lt;...
FAILED MIO-MOSA-WHOLE_SUITE/test_stack4_MOSA.py::test_case_15 - TypeError: '&lt;...
FAILED MIO-MOSA-WHOLE_SUITE/test_stack4_WHOLE_SUITE.py::test_case_0 - TypeErr...
======================== 10 failed, 36 passed in 0.08s =========================
</pre></div></div></div></div></div><div class="mb-1" id="job_list___sub_accordion_41"><div class="card"><a data-toggle="collapse" data-target="#job_list___sub_collapse_41_1" aria-expanded="false" aria-controls="job_list___sub_collapse_41_1" href="#" class="job_list___sub_multi_heading"><div role="alert" class="card-header alert-success" id="job_list___sub_heading_41_1"><button class="btn btn-outline-success"><span class="job_id">41 : Job ID 2e117b5acaa74212ac2b35f1221f5c08</span></button></div></a><div aria-labelledby="job_list___sub_heading_41_1" data-parent="#job_list___sub_accordion_41" class="collapse job_list___sub_multi_collapse" id="job_list___sub_collapse_41_1"><div class="card-body"><div class="work-item"><div class="alert alert-success test-outcome" role="alert"><p>worker outcome: normal</p><p>test outcome: killed</p></div></div><pre class="location"><a href="pycharm://open?file=stack4.py&amp;line=70" class="text-secondary"><button class="btn btn-outline-dark">stack4.py, start pos: (70, 24), end pos: (70, 26)</button></a></pre><pre>operator: core/ReplaceComparisonOperator_Is_Gt, occurrence: 0</pre><div class="alert alert-secondary"><pre class="diff">--- mutation diff ---
--- astack4.py
+++ bstack4.py
@@ -67,7 +67,7 @@
     def remove(self, val):
         """Remove node from list if exists."""
         curr = self.head
-        if curr and val is self.head.data:
+        if curr and val &gt; self.head.data:
             self.head = self.head.next
             self._length -= 1
         while curr:</pre></div><div class="alert alert-secondary"><pre class="diff">============================= test session starts ==============================
platform linux -- Python 3.10.10, pytest-7.2.1, pluggy-1.0.0
rootdir: /home/auri/temp/lucca/python_experiments/stack4
collected 46 items

MIO-MOSA-WHOLE_SUITE/test_stack4_MIO.py ..........FFF.F.....             [ 43%]
MIO-MOSA-WHOLE_SUITE/test_stack4_MOSA.py ...FFF........FFF               [ 80%]
MIO-MOSA-WHOLE_SUITE/test_stack4_WHOLE_SUITE.py F........                [100%]

=========================== short test summary info ============================
FAILED MIO-MOSA-WHOLE_SUITE/test_stack4_MIO.py::test_case_10 - TypeError: '&gt;'...
FAILED MIO-MOSA-WHOLE_SUITE/test_stack4_MIO.py::test_case_11 - TypeError: '&gt;'...
FAILED MIO-MOSA-WHOLE_SUITE/test_stack4_MIO.py::test_case_12 - TypeError: '&gt;'...
FAILED MIO-MOSA-WHOLE_SUITE/test_stack4_MIO.py::test_case_14 - TypeError: '&gt;'...
FAILED MIO-MOSA-WHOLE_SUITE/test_stack4_MOSA.py::test_case_3 - TypeError: '&gt;'...
FAILED MIO-MOSA-WHOLE_SUITE/test_stack4_MOSA.py::test_case_4 - TypeError: '&gt;'...
FAILED MIO-MOSA-WHOLE_SUITE/test_stack4_MOSA.py::test_case_5 - TypeError: '&gt;'...
FAILED MIO-MOSA-WHOLE_SUITE/test_stack4_MOSA.py::test_case_14 - TypeError: '&gt;...
FAILED MIO-MOSA-WHOLE_SUITE/test_stack4_MOSA.py::test_case_15 - TypeError: '&gt;...
FAILED MIO-MOSA-WHOLE_SUITE/test_stack4_MOSA.py::test_case_16 - TypeError: '&gt;...
FAILED MIO-MOSA-WHOLE_SUITE/test_stack4_WHOLE_SUITE.py::test_case_0 - TypeErr...
======================== 11 failed, 35 passed in 0.07s =========================
</pre></div></div></div></div></div><div class="mb-1" id="job_list___sub_accordion_42"><div class="card"><a data-toggle="collapse" data-target="#job_list___sub_collapse_42_1" aria-expanded="false" aria-controls="job_list___sub_collapse_42_1" href="#" class="job_list___sub_multi_heading"><div role="alert" class="card-header alert-success" id="job_list___sub_heading_42_1"><button class="btn btn-outline-success"><span class="job_id">42 : Job ID 0f346e0bb3a641a7915ff67633996bf9</span></button></div></a><div aria-labelledby="job_list___sub_heading_42_1" data-parent="#job_list___sub_accordion_42" class="collapse job_list___sub_multi_collapse" id="job_list___sub_collapse_42_1"><div class="card-body"><div class="work-item"><div class="alert alert-success test-outcome" role="alert"><p>worker outcome: normal</p><p>test outcome: killed</p></div></div><pre class="location"><a href="pycharm://open?file=stack4.py&amp;line=70" class="text-secondary"><button class="btn btn-outline-dark">stack4.py, start pos: (70, 24), end pos: (70, 26)</button></a></pre><pre>operator: core/ReplaceComparisonOperator_Is_GtE, occurrence: 0</pre><div class="alert alert-secondary"><pre class="diff">--- mutation diff ---
--- astack4.py
+++ bstack4.py
@@ -67,7 +67,7 @@
     def remove(self, val):
         """Remove node from list if exists."""
         curr = self.head
-        if curr and val is self.head.data:
+        if curr and val &gt;= self.head.data:
             self.head = self.head.next
             self._length -= 1
         while curr:</pre></div><div class="alert alert-secondary"><pre class="diff">============================= test session starts ==============================
platform linux -- Python 3.10.10, pytest-7.2.1, pluggy-1.0.0
rootdir: /home/auri/temp/lucca/python_experiments/stack4
collected 46 items

MIO-MOSA-WHOLE_SUITE/test_stack4_MIO.py ..........FFF.F.....             [ 43%]
MIO-MOSA-WHOLE_SUITE/test_stack4_MOSA.py ...FFF........FFF               [ 80%]
MIO-MOSA-WHOLE_SUITE/test_stack4_WHOLE_SUITE.py F........                [100%]

=========================== short test summary info ============================
FAILED MIO-MOSA-WHOLE_SUITE/test_stack4_MIO.py::test_case_10 - TypeError: '&gt;=...
FAILED MIO-MOSA-WHOLE_SUITE/test_stack4_MIO.py::test_case_11 - TypeError: '&gt;=...
FAILED MIO-MOSA-WHOLE_SUITE/test_stack4_MIO.py::test_case_12 - TypeError: '&gt;=...
FAILED MIO-MOSA-WHOLE_SUITE/test_stack4_MIO.py::test_case_14 - TypeError: '&gt;=...
FAILED MIO-MOSA-WHOLE_SUITE/test_stack4_MOSA.py::test_case_3 - TypeError: '&gt;=...
FAILED MIO-MOSA-WHOLE_SUITE/test_stack4_MOSA.py::test_case_4 - TypeError: '&gt;=...
FAILED MIO-MOSA-WHOLE_SUITE/test_stack4_MOSA.py::test_case_5 - TypeError: '&gt;=...
FAILED MIO-MOSA-WHOLE_SUITE/test_stack4_MOSA.py::test_case_14 - TypeError: '&gt;...
FAILED MIO-MOSA-WHOLE_SUITE/test_stack4_MOSA.py::test_case_15 - TypeError: '&gt;...
FAILED MIO-MOSA-WHOLE_SUITE/test_stack4_MOSA.py::test_case_16 - TypeError: '&gt;...
FAILED MIO-MOSA-WHOLE_SUITE/test_stack4_WHOLE_SUITE.py::test_case_0 - TypeErr...
======================== 11 failed, 35 passed in 0.08s =========================
</pre></div></div></div></div></div><div class="mb-1" id="job_list___sub_accordion_43"><div class="card"><a data-toggle="collapse" data-target="#job_list___sub_collapse_43_1" aria-expanded="false" aria-controls="job_list___sub_collapse_43_1" href="#" class="job_list___sub_multi_heading"><div role="alert" class="card-header alert-success" id="job_list___sub_heading_43_1"><button class="btn btn-outline-success"><span class="job_id">43 : Job ID 780ed7aa3f8f4d359a8fb6ffef8e5528</span></button></div></a><div aria-labelledby="job_list___sub_heading_43_1" data-parent="#job_list___sub_accordion_43" class="collapse job_list___sub_multi_collapse" id="job_list___sub_collapse_43_1"><div class="card-body"><div class="work-item"><div class="alert alert-success test-outcome" role="alert"><p>worker outcome: normal</p><p>test outcome: killed</p></div></div><pre class="location"><a href="pycharm://open?file=stack4.py&amp;line=70" class="text-secondary"><button class="btn btn-outline-dark">stack4.py, start pos: (70, 24), end pos: (70, 26)</button></a></pre><pre>operator: core/ReplaceComparisonOperator_Is_IsNot, occurrence: 0</pre><div class="alert alert-secondary"><pre class="diff">--- mutation diff ---
--- astack4.py
+++ bstack4.py
@@ -67,7 +67,7 @@
     def remove(self, val):
         """Remove node from list if exists."""
         curr = self.head
-        if curr and val is self.head.data:
+        if curr and val is not self.head.data:
             self.head = self.head.next
             self._length -= 1
         while curr:</pre></div><div class="alert alert-secondary"><pre class="diff">============================= test session starts ==============================
platform linux -- Python 3.10.10, pytest-7.2.1, pluggy-1.0.0
rootdir: /home/auri/temp/lucca/python_experiments/stack4
collected 46 items

MIO-MOSA-WHOLE_SUITE/test_stack4_MIO.py ............F.......             [ 43%]
MIO-MOSA-WHOLE_SUITE/test_stack4_MOSA.py ...F.............               [ 80%]
MIO-MOSA-WHOLE_SUITE/test_stack4_WHOLE_SUITE.py .........                [100%]

=========================== short test summary info ============================
FAILED MIO-MOSA-WHOLE_SUITE/test_stack4_MIO.py::test_case_12 - assert &lt;stack4...
FAILED MIO-MOSA-WHOLE_SUITE/test_stack4_MOSA.py::test_case_3 - AssertionError...
========================= 2 failed, 44 passed in 0.06s =========================
</pre></div></div></div></div></div><div class="mb-1" id="job_list___sub_accordion_44"><div class="card"><a data-toggle="collapse" data-target="#job_list___sub_collapse_44_1" aria-expanded="false" aria-controls="job_list___sub_collapse_44_1" href="#" class="job_list___sub_multi_heading"><div role="alert" class="card-header alert-success" id="job_list___sub_heading_44_1"><button class="btn btn-outline-success"><span class="job_id">44 : Job ID 01aadf59d0ae4a49a7a4cee4692bbe0d</span></button></div></a><div aria-labelledby="job_list___sub_heading_44_1" data-parent="#job_list___sub_accordion_44" class="collapse job_list___sub_multi_collapse" id="job_list___sub_collapse_44_1"><div class="card-body"><div class="work-item"><div class="alert alert-success test-outcome" role="alert"><p>worker outcome: normal</p><p>test outcome: killed</p></div></div><pre class="location"><a href="pycharm://open?file=stack4.py&amp;line=86" class="text-secondary"><button class="btn btn-outline-dark">stack4.py, start pos: (86, 24), end pos: (86, 25)</button></a></pre><pre>operator: core/ReplaceUnaryOperator_USub_UAdd, occurrence: 0</pre><div class="alert alert-secondary"><pre class="diff">--- mutation diff ---
--- astack4.py
+++ bstack4.py
@@ -83,7 +83,7 @@
         while curr:
             display += str(curr.data) + ', '
             curr = curr.next
-        return display[:-2] + ')'
+        return display[:+2] + ')'
 
 
 class Stack(object):</pre></div><div class="alert alert-secondary"><pre class="diff">============================= test session starts ==============================
platform linux -- Python 3.10.10, pytest-7.2.1, pluggy-1.0.0
rootdir: /home/auri/temp/lucca/python_experiments/stack4
collected 46 items

MIO-MOSA-WHOLE_SUITE/test_stack4_MIO.py ...............F.F..             [ 43%]
MIO-MOSA-WHOLE_SUITE/test_stack4_MOSA.py .F.FFF...FF......               [ 80%]
MIO-MOSA-WHOLE_SUITE/test_stack4_WHOLE_SUITE.py F.F......                [100%]

=========================== short test summary info ============================
FAILED MIO-MOSA-WHOLE_SUITE/test_stack4_MIO.py::test_case_15 - AssertionError...
FAILED MIO-MOSA-WHOLE_SUITE/test_stack4_MIO.py::test_case_17 - AssertionError...
FAILED MIO-MOSA-WHOLE_SUITE/test_stack4_MOSA.py::test_case_1 - AssertionError...
FAILED MIO-MOSA-WHOLE_SUITE/test_stack4_MOSA.py::test_case_3 - AssertionError...
FAILED MIO-MOSA-WHOLE_SUITE/test_stack4_MOSA.py::test_case_4 - AssertionError...
FAILED MIO-MOSA-WHOLE_SUITE/test_stack4_MOSA.py::test_case_5 - AssertionError...
FAILED MIO-MOSA-WHOLE_SUITE/test_stack4_MOSA.py::test_case_9 - AssertionError...
FAILED MIO-MOSA-WHOLE_SUITE/test_stack4_MOSA.py::test_case_10 - AssertionErro...
FAILED MIO-MOSA-WHOLE_SUITE/test_stack4_WHOLE_SUITE.py::test_case_0 - Asserti...
FAILED MIO-MOSA-WHOLE_SUITE/test_stack4_WHOLE_SUITE.py::test_case_2 - Asserti...
======================== 10 failed, 36 passed in 0.07s =========================
</pre></div></div></div></div></div><div class="mb-1" id="job_list___sub_accordion_45"><div class="card"><a data-toggle="collapse" data-target="#job_list___sub_collapse_45_1" aria-expanded="false" aria-controls="job_list___sub_collapse_45_1" href="#" class="job_list___sub_multi_heading"><div role="alert" class="card-header alert-success" id="job_list___sub_heading_45_1"><button class="btn btn-outline-success"><span class="job_id">45 : Job ID e944420d07a5445b9467acdf69bdcd95</span></button></div></a><div aria-labelledby="job_list___sub_heading_45_1" data-parent="#job_list___sub_accordion_45" class="collapse job_list___sub_multi_collapse" id="job_list___sub_collapse_45_1"><div class="card-body"><div class="work-item"><div class="alert alert-success test-outcome" role="alert"><p>worker outcome: normal</p><p>test outcome: killed</p></div></div><pre class="location"><a href="pycharm://open?file=stack4.py&amp;line=86" class="text-secondary"><button class="btn btn-outline-dark">stack4.py, start pos: (86, 24), end pos: (86, 25)</button></a></pre><pre>operator: core/ReplaceUnaryOperator_USub_Invert, occurrence: 0</pre><div class="alert alert-secondary"><pre class="diff">--- mutation diff ---
--- astack4.py
+++ bstack4.py
@@ -83,7 +83,7 @@
         while curr:
             display += str(curr.data) + ', '
             curr = curr.next
-        return display[:-2] + ')'
+        return display[:~2] + ')'
 
 
 class Stack(object):</pre></div><div class="alert alert-secondary"><pre class="diff">============================= test session starts ==============================
platform linux -- Python 3.10.10, pytest-7.2.1, pluggy-1.0.0
rootdir: /home/auri/temp/lucca/python_experiments/stack4
collected 46 items

MIO-MOSA-WHOLE_SUITE/test_stack4_MIO.py ...............F....             [ 43%]
MIO-MOSA-WHOLE_SUITE/test_stack4_MOSA.py .F.FFF...F.......               [ 80%]
MIO-MOSA-WHOLE_SUITE/test_stack4_WHOLE_SUITE.py .........                [100%]

=========================== short test summary info ============================
FAILED MIO-MOSA-WHOLE_SUITE/test_stack4_MIO.py::test_case_15 - AssertionError...
FAILED MIO-MOSA-WHOLE_SUITE/test_stack4_MOSA.py::test_case_1 - AssertionError...
FAILED MIO-MOSA-WHOLE_SUITE/test_stack4_MOSA.py::test_case_3 - AssertionError...
FAILED MIO-MOSA-WHOLE_SUITE/test_stack4_MOSA.py::test_case_4 - AssertionError...
FAILED MIO-MOSA-WHOLE_SUITE/test_stack4_MOSA.py::test_case_5 - AssertionError...
FAILED MIO-MOSA-WHOLE_SUITE/test_stack4_MOSA.py::test_case_9 - AssertionError...
========================= 6 failed, 40 passed in 0.07s =========================
</pre></div></div></div></div></div><div class="mb-1" id="job_list___sub_accordion_46"><div class="card"><a data-toggle="collapse" data-target="#job_list___sub_collapse_46_1" aria-expanded="false" aria-controls="job_list___sub_collapse_46_1" href="#" class="job_list___sub_multi_heading"><div role="alert" class="card-header alert-success" id="job_list___sub_heading_46_1"><button class="btn btn-outline-success"><span class="job_id">46 : Job ID 1435348cf25549598da7b0ba7c5df57d</span></button></div></a><div aria-labelledby="job_list___sub_heading_46_1" data-parent="#job_list___sub_accordion_46" class="collapse job_list___sub_multi_collapse" id="job_list___sub_collapse_46_1"><div class="card-body"><div class="work-item"><div class="alert alert-success test-outcome" role="alert"><p>worker outcome: normal</p><p>test outcome: killed</p></div></div><pre class="location"><a href="pycharm://open?file=stack4.py&amp;line=86" class="text-secondary"><button class="btn btn-outline-dark">stack4.py, start pos: (86, 24), end pos: (86, 25)</button></a></pre><pre>operator: core/ReplaceUnaryOperator_USub_Not, occurrence: 0</pre><div class="alert alert-secondary"><pre class="diff">--- mutation diff ---
--- astack4.py
+++ bstack4.py
@@ -83,7 +83,7 @@
         while curr:
             display += str(curr.data) + ', '
             curr = curr.next
-        return display[:-2] + ')'
+        return display[:not 2] + ')'
 
 
 class Stack(object):</pre></div><div class="alert alert-secondary"><pre class="diff">============================= test session starts ==============================
platform linux -- Python 3.10.10, pytest-7.2.1, pluggy-1.0.0
rootdir: /home/auri/temp/lucca/python_experiments/stack4
collected 46 items

MIO-MOSA-WHOLE_SUITE/test_stack4_MIO.py ...............F....             [ 43%]
MIO-MOSA-WHOLE_SUITE/test_stack4_MOSA.py .F.FFF...F.......               [ 80%]
MIO-MOSA-WHOLE_SUITE/test_stack4_WHOLE_SUITE.py .........                [100%]

=========================== short test summary info ============================
FAILED MIO-MOSA-WHOLE_SUITE/test_stack4_MIO.py::test_case_15 - AssertionError...
FAILED MIO-MOSA-WHOLE_SUITE/test_stack4_MOSA.py::test_case_1 - AssertionError...
FAILED MIO-MOSA-WHOLE_SUITE/test_stack4_MOSA.py::test_case_3 - AssertionError...
FAILED MIO-MOSA-WHOLE_SUITE/test_stack4_MOSA.py::test_case_4 - AssertionError...
FAILED MIO-MOSA-WHOLE_SUITE/test_stack4_MOSA.py::test_case_5 - AssertionError...
FAILED MIO-MOSA-WHOLE_SUITE/test_stack4_MOSA.py::test_case_9 - AssertionError...
========================= 6 failed, 40 passed in 0.06s =========================
</pre></div></div></div></div></div><div class="mb-1" id="job_list___sub_accordion_47"><div class="card"><a data-toggle="collapse" data-target="#job_list___sub_collapse_47_1" aria-expanded="false" aria-controls="job_list___sub_collapse_47_1" href="#" class="job_list___sub_multi_heading"><div role="alert" class="card-header alert-success" id="job_list___sub_heading_47_1"><button class="btn btn-outline-success"><span class="job_id">47 : Job ID ca7ab669f898441685328a13ed3c82f7</span></button></div></a><div aria-labelledby="job_list___sub_heading_47_1" data-parent="#job_list___sub_accordion_47" class="collapse job_list___sub_multi_collapse" id="job_list___sub_collapse_47_1"><div class="card-body"><div class="work-item"><div class="alert alert-success test-outcome" role="alert"><p>worker outcome: normal</p><p>test outcome: killed</p></div></div><pre class="location"><a href="pycharm://open?file=stack4.py&amp;line=86" class="text-secondary"><button class="btn btn-outline-dark">stack4.py, start pos: (86, 24), end pos: (86, 25)</button></a></pre><pre>operator: core/ReplaceUnaryOperator_Delete_USub, occurrence: 0</pre><div class="alert alert-secondary"><pre class="diff">--- mutation diff ---
--- astack4.py
+++ bstack4.py
@@ -83,7 +83,7 @@
         while curr:
             display += str(curr.data) + ', '
             curr = curr.next
-        return display[:-2] + ')'
+        return display[:2] + ')'
 
 
 class Stack(object):</pre></div><div class="alert alert-secondary"><pre class="diff">============================= test session starts ==============================
platform linux -- Python 3.10.10, pytest-7.2.1, pluggy-1.0.0
rootdir: /home/auri/temp/lucca/python_experiments/stack4
collected 46 items

MIO-MOSA-WHOLE_SUITE/test_stack4_MIO.py ...............F.F..             [ 43%]
MIO-MOSA-WHOLE_SUITE/test_stack4_MOSA.py .F.FFF...FF......               [ 80%]
MIO-MOSA-WHOLE_SUITE/test_stack4_WHOLE_SUITE.py F.F......                [100%]

=========================== short test summary info ============================
FAILED MIO-MOSA-WHOLE_SUITE/test_stack4_MIO.py::test_case_15 - AssertionError...
FAILED MIO-MOSA-WHOLE_SUITE/test_stack4_MIO.py::test_case_17 - AssertionError...
FAILED MIO-MOSA-WHOLE_SUITE/test_stack4_MOSA.py::test_case_1 - AssertionError...
FAILED MIO-MOSA-WHOLE_SUITE/test_stack4_MOSA.py::test_case_3 - AssertionError...
FAILED MIO-MOSA-WHOLE_SUITE/test_stack4_MOSA.py::test_case_4 - AssertionError...
FAILED MIO-MOSA-WHOLE_SUITE/test_stack4_MOSA.py::test_case_5 - AssertionError...
FAILED MIO-MOSA-WHOLE_SUITE/test_stack4_MOSA.py::test_case_9 - AssertionError...
FAILED MIO-MOSA-WHOLE_SUITE/test_stack4_MOSA.py::test_case_10 - AssertionErro...
FAILED MIO-MOSA-WHOLE_SUITE/test_stack4_WHOLE_SUITE.py::test_case_0 - Asserti...
FAILED MIO-MOSA-WHOLE_SUITE/test_stack4_WHOLE_SUITE.py::test_case_2 - Asserti...
======================== 10 failed, 36 passed in 0.07s =========================
</pre></div></div></div></div></div><div class="mb-1" id="job_list___sub_accordion_48"><div class="card"><a data-toggle="collapse" data-target="#job_list___sub_collapse_48_1" aria-expanded="false" aria-controls="job_list___sub_collapse_48_1" href="#" class="job_list___sub_multi_heading"><div role="alert" class="card-header alert-success" id="job_list___sub_heading_48_1"><button class="btn btn-outline-success"><span class="job_id">48 : Job ID b7862e8cc19443c0af82f1108cc71b53</span></button></div></a><div aria-labelledby="job_list___sub_heading_48_1" data-parent="#job_list___sub_accordion_48" class="collapse job_list___sub_multi_collapse" id="job_list___sub_collapse_48_1"><div class="card-body"><div class="work-item"><div class="alert alert-success test-outcome" role="alert"><p>worker outcome: normal</p><p>test outcome: killed</p></div></div><pre class="location"><a href="pycharm://open?file=stack4.py&amp;line=48" class="text-secondary"><button class="btn btn-outline-dark">stack4.py, start pos: (48, 11), end pos: (48, 14)</button></a></pre><pre>operator: core/ReplaceUnaryOperator_Delete_Not, occurrence: 0</pre><div class="alert alert-secondary"><pre class="diff">--- mutation diff ---
--- astack4.py
+++ bstack4.py
@@ -45,7 +45,7 @@
 
     def pop(self):
         """Remove the first value and return it."""
-        if not self.head:
+        if  self.head:
             raise IndexError('Cannot pop from an empty list')
         to_return = self.head
         self.head = self.head.next</pre></div><div class="alert alert-secondary"><pre class="diff">============================= test session starts ==============================
platform linux -- Python 3.10.10, pytest-7.2.1, pluggy-1.0.0
rootdir: /home/auri/temp/lucca/python_experiments/stack4
collected 46 items

MIO-MOSA-WHOLE_SUITE/test_stack4_MIO.py ....F...............             [ 43%]
MIO-MOSA-WHOLE_SUITE/test_stack4_MOSA.py ...F...........F.               [ 80%]
MIO-MOSA-WHOLE_SUITE/test_stack4_WHOLE_SUITE.py ...FF.F..                [100%]

=========================== short test summary info ============================
FAILED MIO-MOSA-WHOLE_SUITE/test_stack4_MIO.py::test_case_4 - IndexError: Can...
FAILED MIO-MOSA-WHOLE_SUITE/test_stack4_MOSA.py::test_case_3 - IndexError: Ca...
FAILED MIO-MOSA-WHOLE_SUITE/test_stack4_MOSA.py::test_case_15 - IndexError: C...
FAILED MIO-MOSA-WHOLE_SUITE/test_stack4_WHOLE_SUITE.py::test_case_3 - Attribu...
FAILED MIO-MOSA-WHOLE_SUITE/test_stack4_WHOLE_SUITE.py::test_case_4 - Attribu...
FAILED MIO-MOSA-WHOLE_SUITE/test_stack4_WHOLE_SUITE.py::test_case_6 - IndexEr...
========================= 6 failed, 40 passed in 0.06s =========================
</pre></div></div></div></div></div><div class="mb-1" id="job_list___sub_accordion_49"><div class="card"><a data-toggle="collapse" data-target="#job_list___sub_collapse_49_1" aria-expanded="false" aria-controls="job_list___sub_collapse_49_1" href="#" class="job_list___sub_multi_heading"><div role="alert" class="card-header alert-success" id="job_list___sub_heading_49_1"><button class="btn btn-outline-success"><span class="job_id">49 : Job ID e3e7e599d3f94be589d7819c2b4d78bf</span></button></div></a><div aria-labelledby="job_list___sub_heading_49_1" data-parent="#job_list___sub_accordion_49" class="collapse job_list___sub_multi_collapse" id="job_list___sub_collapse_49_1"><div class="card-body"><div class="work-item"><div class="alert alert-success test-outcome" role="alert"><p>worker outcome: normal</p><p>test outcome: killed</p></div></div><pre class="location"><a href="pycharm://open?file=stack4.py&amp;line=37" class="text-secondary"><button class="btn btn-outline-dark">stack4.py, start pos: (37, 15), end pos: (37, 19)</button></a></pre><pre>operator: core/AddNot, occurrence: 0</pre><div class="alert alert-secondary"><pre class="diff">--- mutation diff ---
--- astack4.py
+++ bstack4.py
@@ -34,7 +34,7 @@
             for val in data:
                 self.push(val)
         except TypeError:
-            if data:
+            if not data:
                 self.push(data)
 
     def push(self, val):</pre></div><div class="alert alert-secondary"><pre class="diff">============================= test session starts ==============================
platform linux -- Python 3.10.10, pytest-7.2.1, pluggy-1.0.0
rootdir: /home/auri/temp/lucca/python_experiments/stack4
collected 46 items

MIO-MOSA-WHOLE_SUITE/test_stack4_MIO.py ..F...FF.FFFFFF.FF.F             [ 43%]
MIO-MOSA-WHOLE_SUITE/test_stack4_MOSA.py FFF...FFF.F.F....               [ 80%]
MIO-MOSA-WHOLE_SUITE/test_stack4_WHOLE_SUITE.py FFFFFFF..                [100%]

=========================== short test summary info ============================
FAILED MIO-MOSA-WHOLE_SUITE/test_stack4_MIO.py::test_case_2 - AssertionError:...
FAILED MIO-MOSA-WHOLE_SUITE/test_stack4_MIO.py::test_case_6 - assert &lt;stack4....
FAILED MIO-MOSA-WHOLE_SUITE/test_stack4_MIO.py::test_case_7 - assert &lt;stack4....
FAILED MIO-MOSA-WHOLE_SUITE/test_stack4_MIO.py::test_case_9 - assert &lt;stack4....
FAILED MIO-MOSA-WHOLE_SUITE/test_stack4_MIO.py::test_case_10 - assert &lt;stack4...
FAILED MIO-MOSA-WHOLE_SUITE/test_stack4_MIO.py::test_case_11 - assert &lt;stack4...
FAILED MIO-MOSA-WHOLE_SUITE/test_stack4_MIO.py::test_case_12 - assert &lt;stack4...
FAILED MIO-MOSA-WHOLE_SUITE/test_stack4_MIO.py::test_case_13 - assert &lt;stack4...
FAILED MIO-MOSA-WHOLE_SUITE/test_stack4_MIO.py::test_case_14 - assert &lt;stack4...
FAILED MIO-MOSA-WHOLE_SUITE/test_stack4_MIO.py::test_case_16 - AssertionError...
FAILED MIO-MOSA-WHOLE_SUITE/test_stack4_MIO.py::test_case_17 - assert &lt;stack4...
FAILED MIO-MOSA-WHOLE_SUITE/test_stack4_MIO.py::test_case_19 - assert &lt;stack4...
FAILED MIO-MOSA-WHOLE_SUITE/test_stack4_MOSA.py::test_case_0 - assert &lt;stack4...
FAILED MIO-MOSA-WHOLE_SUITE/test_stack4_MOSA.py::test_case_1 - AssertionError...
FAILED MIO-MOSA-WHOLE_SUITE/test_stack4_MOSA.py::test_case_2 - assert &lt;stack4...
FAILED MIO-MOSA-WHOLE_SUITE/test_stack4_MOSA.py::test_case_6 - assert &lt;stack4...
FAILED MIO-MOSA-WHOLE_SUITE/test_stack4_MOSA.py::test_case_7 - assert &lt;stack4...
FAILED MIO-MOSA-WHOLE_SUITE/test_stack4_MOSA.py::test_case_8 - assert &lt;stack4...
FAILED MIO-MOSA-WHOLE_SUITE/test_stack4_MOSA.py::test_case_10 - assert &lt;stack...
FAILED MIO-MOSA-WHOLE_SUITE/test_stack4_MOSA.py::test_case_12 - assert &lt;stack...
FAILED MIO-MOSA-WHOLE_SUITE/test_stack4_WHOLE_SUITE.py::test_case_0 - assert ...
FAILED MIO-MOSA-WHOLE_SUITE/test_stack4_WHOLE_SUITE.py::test_case_1 - assert ...
FAILED MIO-MOSA-WHOLE_SUITE/test_stack4_WHOLE_SUITE.py::test_case_2 - assert ...
FAILED MIO-MOSA-WHOLE_SUITE/test_stack4_WHOLE_SUITE.py::test_case_3 - assert ...
FAILED MIO-MOSA-WHOLE_SUITE/test_stack4_WHOLE_SUITE.py::test_case_4 - assert ...
FAILED MIO-MOSA-WHOLE_SUITE/test_stack4_WHOLE_SUITE.py::test_case_5 - assert ...
FAILED MIO-MOSA-WHOLE_SUITE/test_stack4_WHOLE_SUITE.py::test_case_6 - IndexEr...
======================== 27 failed, 19 passed in 0.08s =========================
</pre></div></div></div></div></div><div class="mb-1" id="job_list___sub_accordion_50"><div class="card"><a data-toggle="collapse" data-target="#job_list___sub_collapse_50_1" aria-expanded="false" aria-controls="job_list___sub_collapse_50_1" href="#" class="job_list___sub_multi_heading"><div role="alert" class="card-header alert-success" id="job_list___sub_heading_50_1"><button class="btn btn-outline-success"><span class="job_id">50 : Job ID c3efd27f7e5d4b45b70c1bc4e5e1f9bc</span></button></div></a><div aria-labelledby="job_list___sub_heading_50_1" data-parent="#job_list___sub_accordion_50" class="collapse job_list___sub_multi_collapse" id="job_list___sub_collapse_50_1"><div class="card-body"><div class="work-item"><div class="alert alert-success test-outcome" role="alert"><p>worker outcome: normal</p><p>test outcome: killed</p></div></div><pre class="location"><a href="pycharm://open?file=stack4.py&amp;line=48" class="text-secondary"><button class="btn btn-outline-dark">stack4.py, start pos: (48, 11), end pos: (48, 24)</button></a></pre><pre>operator: core/AddNot, occurrence: 1</pre><div class="alert alert-secondary"><pre class="diff">--- mutation diff ---
--- astack4.py
+++ bstack4.py
@@ -45,7 +45,7 @@
 
     def pop(self):
         """Remove the first value and return it."""
-        if not self.head:
+        if not not self.head:
             raise IndexError('Cannot pop from an empty list')
         to_return = self.head
         self.head = self.head.next</pre></div><div class="alert alert-secondary"><pre class="diff">============================= test session starts ==============================
platform linux -- Python 3.10.10, pytest-7.2.1, pluggy-1.0.0
rootdir: /home/auri/temp/lucca/python_experiments/stack4
collected 46 items

MIO-MOSA-WHOLE_SUITE/test_stack4_MIO.py ....F...............             [ 43%]
MIO-MOSA-WHOLE_SUITE/test_stack4_MOSA.py ...F...........F.               [ 80%]
MIO-MOSA-WHOLE_SUITE/test_stack4_WHOLE_SUITE.py ...FF.F..                [100%]

=========================== short test summary info ============================
FAILED MIO-MOSA-WHOLE_SUITE/test_stack4_MIO.py::test_case_4 - IndexError: Can...
FAILED MIO-MOSA-WHOLE_SUITE/test_stack4_MOSA.py::test_case_3 - IndexError: Ca...
FAILED MIO-MOSA-WHOLE_SUITE/test_stack4_MOSA.py::test_case_15 - IndexError: C...
FAILED MIO-MOSA-WHOLE_SUITE/test_stack4_WHOLE_SUITE.py::test_case_3 - Attribu...
FAILED MIO-MOSA-WHOLE_SUITE/test_stack4_WHOLE_SUITE.py::test_case_4 - Attribu...
FAILED MIO-MOSA-WHOLE_SUITE/test_stack4_WHOLE_SUITE.py::test_case_6 - IndexEr...
========================= 6 failed, 40 passed in 0.06s =========================
</pre></div></div></div></div></div><div class="mb-1" id="job_list___sub_accordion_51"><div class="card"><a data-toggle="collapse" data-target="#job_list___sub_collapse_51_1" aria-expanded="false" aria-controls="job_list___sub_collapse_51_1" href="#" class="job_list___sub_multi_heading"><div role="alert" class="card-header alert-success" id="job_list___sub_heading_51_1"><button class="btn btn-outline-success"><span class="job_id">51 : Job ID fe127ece8e4746d88f5a82eb02aeda33</span></button></div></a><div aria-labelledby="job_list___sub_heading_51_1" data-parent="#job_list___sub_accordion_51" class="collapse job_list___sub_multi_collapse" id="job_list___sub_collapse_51_1"><div class="card-body"><div class="work-item"><div class="alert alert-success test-outcome" role="alert"><p>worker outcome: normal</p><p>test outcome: killed</p></div></div><pre class="location"><a href="pycharm://open?file=stack4.py&amp;line=62" class="text-secondary"><button class="btn btn-outline-dark">stack4.py, start pos: (62, 14), end pos: (62, 18)</button></a></pre><pre>operator: core/AddNot, occurrence: 2</pre><div class="alert alert-secondary"><pre class="diff">--- mutation diff ---
--- astack4.py
+++ bstack4.py
@@ -59,7 +59,7 @@
     def search(self, val):
         """Return the node containing val."""
         curr = self.head
-        while curr:
+        while not curr:
             if curr.data == val:
                 return curr
             curr = curr.next</pre></div><div class="alert alert-secondary"><pre class="diff">============================= test session starts ==============================
platform linux -- Python 3.10.10, pytest-7.2.1, pluggy-1.0.0
rootdir: /home/auri/temp/lucca/python_experiments/stack4
collected 46 items

MIO-MOSA-WHOLE_SUITE/test_stack4_MIO.py ......F..F..........             [ 43%]
MIO-MOSA-WHOLE_SUITE/test_stack4_MOSA.py ......FF.........               [ 80%]
MIO-MOSA-WHOLE_SUITE/test_stack4_WHOLE_SUITE.py F.F......                [100%]

=========================== short test summary info ============================
FAILED MIO-MOSA-WHOLE_SUITE/test_stack4_MIO.py::test_case_6 - AssertionError:...
FAILED MIO-MOSA-WHOLE_SUITE/test_stack4_MIO.py::test_case_9 - AttributeError:...
FAILED MIO-MOSA-WHOLE_SUITE/test_stack4_MOSA.py::test_case_6 - AssertionError...
FAILED MIO-MOSA-WHOLE_SUITE/test_stack4_MOSA.py::test_case_7 - AttributeError...
FAILED MIO-MOSA-WHOLE_SUITE/test_stack4_WHOLE_SUITE.py::test_case_0 - Attribu...
FAILED MIO-MOSA-WHOLE_SUITE/test_stack4_WHOLE_SUITE.py::test_case_2 - Asserti...
========================= 6 failed, 40 passed in 0.08s =========================
</pre></div></div></div></div></div><div class="mb-1" id="job_list___sub_accordion_52"><div class="card"><a data-toggle="collapse" data-target="#job_list___sub_collapse_52_1" aria-expanded="false" aria-controls="job_list___sub_collapse_52_1" href="#" class="job_list___sub_multi_heading"><div role="alert" class="card-header alert-success" id="job_list___sub_heading_52_1"><button class="btn btn-outline-success"><span class="job_id">52 : Job ID 6dfd06f3bd9748818d099b7836279454</span></button></div></a><div aria-labelledby="job_list___sub_heading_52_1" data-parent="#job_list___sub_accordion_52" class="collapse job_list___sub_multi_collapse" id="job_list___sub_collapse_52_1"><div class="card-body"><div class="work-item"><div class="alert alert-success test-outcome" role="alert"><p>worker outcome: normal</p><p>test outcome: killed</p></div></div><pre class="location"><a href="pycharm://open?file=stack4.py&amp;line=63" class="text-secondary"><button class="btn btn-outline-dark">stack4.py, start pos: (63, 15), end pos: (63, 31)</button></a></pre><pre>operator: core/AddNot, occurrence: 3</pre><div class="alert alert-secondary"><pre class="diff">--- mutation diff ---
--- astack4.py
+++ bstack4.py
@@ -60,7 +60,7 @@
         """Return the node containing val."""
         curr = self.head
         while curr:
-            if curr.data == val:
+            if not curr.data == val:
                 return curr
             curr = curr.next
 </pre></div><div class="alert alert-secondary"><pre class="diff">============================= test session starts ==============================
platform linux -- Python 3.10.10, pytest-7.2.1, pluggy-1.0.0
rootdir: /home/auri/temp/lucca/python_experiments/stack4
collected 46 items

MIO-MOSA-WHOLE_SUITE/test_stack4_MIO.py ......F.............             [ 43%]
MIO-MOSA-WHOLE_SUITE/test_stack4_MOSA.py ......F..........               [ 80%]
MIO-MOSA-WHOLE_SUITE/test_stack4_WHOLE_SUITE.py ..F......                [100%]

=========================== short test summary info ============================
FAILED MIO-MOSA-WHOLE_SUITE/test_stack4_MIO.py::test_case_6 - AssertionError:...
FAILED MIO-MOSA-WHOLE_SUITE/test_stack4_MOSA.py::test_case_6 - AssertionError...
FAILED MIO-MOSA-WHOLE_SUITE/test_stack4_WHOLE_SUITE.py::test_case_2 - Asserti...
========================= 3 failed, 43 passed in 0.06s =========================
</pre></div></div></div></div></div><div class="mb-1" id="job_list___sub_accordion_53"><div class="card"><a data-toggle="collapse" data-target="#job_list___sub_collapse_53_1" aria-expanded="false" aria-controls="job_list___sub_collapse_53_1" href="#" class="job_list___sub_multi_heading"><div role="alert" class="card-header alert-success" id="job_list___sub_heading_53_1"><button class="btn btn-outline-success"><span class="job_id">53 : Job ID 59159d3ca5c449a792a7fc7b7c96ce84</span></button></div></a><div aria-labelledby="job_list___sub_heading_53_1" data-parent="#job_list___sub_accordion_53" class="collapse job_list___sub_multi_collapse" id="job_list___sub_collapse_53_1"><div class="card-body"><div class="work-item"><div class="alert alert-success test-outcome" role="alert"><p>worker outcome: normal</p><p>test outcome: killed</p></div></div><pre class="location"><a href="pycharm://open?file=stack4.py&amp;line=70" class="text-secondary"><button class="btn btn-outline-dark">stack4.py, start pos: (70, 11), end pos: (70, 41)</button></a></pre><pre>operator: core/AddNot, occurrence: 4</pre><div class="alert alert-secondary"><pre class="diff">--- mutation diff ---
--- astack4.py
+++ bstack4.py
@@ -67,7 +67,7 @@
     def remove(self, val):
         """Remove node from list if exists."""
         curr = self.head
-        if curr and val is self.head.data:
+        if not curr and val is self.head.data:
             self.head = self.head.next
             self._length -= 1
         while curr:</pre></div><div class="alert alert-secondary"><pre class="diff">============================= test session starts ==============================
platform linux -- Python 3.10.10, pytest-7.2.1, pluggy-1.0.0
rootdir: /home/auri/temp/lucca/python_experiments/stack4
collected 46 items

MIO-MOSA-WHOLE_SUITE/test_stack4_MIO.py ............FF......             [ 43%]
MIO-MOSA-WHOLE_SUITE/test_stack4_MOSA.py .......FF...F....               [ 80%]
MIO-MOSA-WHOLE_SUITE/test_stack4_WHOLE_SUITE.py F........                [100%]

=========================== short test summary info ============================
FAILED MIO-MOSA-WHOLE_SUITE/test_stack4_MIO.py::test_case_12 - assert &lt;stack4...
FAILED MIO-MOSA-WHOLE_SUITE/test_stack4_MIO.py::test_case_13 - AttributeError...
FAILED MIO-MOSA-WHOLE_SUITE/test_stack4_MOSA.py::test_case_7 - AttributeError...
FAILED MIO-MOSA-WHOLE_SUITE/test_stack4_MOSA.py::test_case_8 - AttributeError...
FAILED MIO-MOSA-WHOLE_SUITE/test_stack4_MOSA.py::test_case_12 - AttributeErro...
FAILED MIO-MOSA-WHOLE_SUITE/test_stack4_WHOLE_SUITE.py::test_case_0 - Attribu...
========================= 6 failed, 40 passed in 0.07s =========================
</pre></div></div></div></div></div><div class="mb-1" id="job_list___sub_accordion_54"><div class="card"><a data-toggle="collapse" data-target="#job_list___sub_collapse_54_1" aria-expanded="false" aria-controls="job_list___sub_collapse_54_1" href="#" class="job_list___sub_multi_heading"><div role="alert" class="card-header alert-success" id="job_list___sub_heading_54_1"><button class="btn btn-outline-success"><span class="job_id">54 : Job ID 3008e3dfbafe499590a6c61b384e75f4</span></button></div></a><div aria-labelledby="job_list___sub_heading_54_1" data-parent="#job_list___sub_accordion_54" class="collapse job_list___sub_multi_collapse" id="job_list___sub_collapse_54_1"><div class="card-body"><div class="work-item"><div class="alert alert-success test-outcome" role="alert"><p>worker outcome: normal</p><p>test outcome: killed</p></div></div><pre class="location"><a href="pycharm://open?file=stack4.py&amp;line=73" class="text-secondary"><button class="btn btn-outline-dark">stack4.py, start pos: (73, 14), end pos: (73, 18)</button></a></pre><pre>operator: core/AddNot, occurrence: 5</pre><div class="alert alert-secondary"><pre class="diff">--- mutation diff ---
--- astack4.py
+++ bstack4.py
@@ -70,7 +70,7 @@
         if curr and val is self.head.data:
             self.head = self.head.next
             self._length -= 1
-        while curr:
+        while not curr:
             if (curr.next and curr.next.data == val):
                 curr.next = curr.next.next
                 self._length -= 1</pre></div><div class="alert alert-secondary"><pre class="diff">============================= test session starts ==============================
platform linux -- Python 3.10.10, pytest-7.2.1, pluggy-1.0.0
rootdir: /home/auri/temp/lucca/python_experiments/stack4
collected 46 items

MIO-MOSA-WHOLE_SUITE/test_stack4_MIO.py .............F......             [ 43%]
MIO-MOSA-WHOLE_SUITE/test_stack4_MOSA.py .......FF...F....               [ 80%]
MIO-MOSA-WHOLE_SUITE/test_stack4_WHOLE_SUITE.py F........                [100%]

=========================== short test summary info ============================
FAILED MIO-MOSA-WHOLE_SUITE/test_stack4_MIO.py::test_case_13 - AttributeError...
FAILED MIO-MOSA-WHOLE_SUITE/test_stack4_MOSA.py::test_case_7 - AttributeError...
FAILED MIO-MOSA-WHOLE_SUITE/test_stack4_MOSA.py::test_case_8 - AttributeError...
FAILED MIO-MOSA-WHOLE_SUITE/test_stack4_MOSA.py::test_case_12 - AttributeErro...
FAILED MIO-MOSA-WHOLE_SUITE/test_stack4_WHOLE_SUITE.py::test_case_0 - Attribu...
========================= 5 failed, 41 passed in 0.06s =========================
</pre></div></div></div></div></div><div class="mb-1" id="job_list___sub_accordion_55"><div class="card"><a data-toggle="collapse" data-target="#job_list___sub_collapse_55_1" aria-expanded="false" aria-controls="job_list___sub_collapse_55_1" href="#" class="job_list___sub_multi_heading"><div role="alert" class="card-header alert-success" id="job_list___sub_heading_55_1"><button class="btn btn-outline-success"><span class="job_id">55 : Job ID 0595c9e2fde4471bbfb994dd20ef8e87</span></button></div></a><div aria-labelledby="job_list___sub_heading_55_1" data-parent="#job_list___sub_accordion_55" class="collapse job_list___sub_multi_collapse" id="job_list___sub_collapse_55_1"><div class="card-body"><div class="work-item"><div class="alert alert-success test-outcome" role="alert"><p>worker outcome: normal</p><p>test outcome: killed</p></div></div><pre class="location"><a href="pycharm://open?file=stack4.py&amp;line=74" class="text-secondary"><button class="btn btn-outline-dark">stack4.py, start pos: (74, 15), end pos: (74, 52)</button></a></pre><pre>operator: core/AddNot, occurrence: 6</pre><div class="alert alert-secondary"><pre class="diff">--- mutation diff ---
--- astack4.py
+++ bstack4.py
@@ -71,7 +71,7 @@
             self.head = self.head.next
             self._length -= 1
         while curr:
-            if (curr.next and curr.next.data == val):
+            if not (curr.next and curr.next.data == val):
                 curr.next = curr.next.next
                 self._length -= 1
             curr = curr.next</pre></div><div class="alert alert-secondary"><pre class="diff">============================= test session starts ==============================
platform linux -- Python 3.10.10, pytest-7.2.1, pluggy-1.0.0
rootdir: /home/auri/temp/lucca/python_experiments/stack4
collected 46 items

MIO-MOSA-WHOLE_SUITE/test_stack4_MIO.py ..........FFF.......             [ 43%]
MIO-MOSA-WHOLE_SUITE/test_stack4_MOSA.py ...FFF...F....F..               [ 80%]
MIO-MOSA-WHOLE_SUITE/test_stack4_WHOLE_SUITE.py F....F...                [100%]

=========================== short test summary info ============================
FAILED MIO-MOSA-WHOLE_SUITE/test_stack4_MIO.py::test_case_10 - AttributeError...
FAILED MIO-MOSA-WHOLE_SUITE/test_stack4_MIO.py::test_case_11 - AttributeError...
FAILED MIO-MOSA-WHOLE_SUITE/test_stack4_MIO.py::test_case_12 - AttributeError...
FAILED MIO-MOSA-WHOLE_SUITE/test_stack4_MOSA.py::test_case_3 - AttributeError...
FAILED MIO-MOSA-WHOLE_SUITE/test_stack4_MOSA.py::test_case_4 - AttributeError...
FAILED MIO-MOSA-WHOLE_SUITE/test_stack4_MOSA.py::test_case_5 - AttributeError...
FAILED MIO-MOSA-WHOLE_SUITE/test_stack4_MOSA.py::test_case_9 - AttributeError...
FAILED MIO-MOSA-WHOLE_SUITE/test_stack4_MOSA.py::test_case_14 - AttributeErro...
FAILED MIO-MOSA-WHOLE_SUITE/test_stack4_WHOLE_SUITE.py::test_case_0 - Attribu...
FAILED MIO-MOSA-WHOLE_SUITE/test_stack4_WHOLE_SUITE.py::test_case_5 - Attribu...
======================== 10 failed, 36 passed in 0.07s =========================
</pre></div></div></div></div></div><div class="mb-1" id="job_list___sub_accordion_56"><div class="card"><a data-toggle="collapse" data-target="#job_list___sub_collapse_56_1" aria-expanded="false" aria-controls="job_list___sub_collapse_56_1" href="#" class="job_list___sub_multi_heading"><div role="alert" class="card-header alert-success" id="job_list___sub_heading_56_1"><button class="btn btn-outline-success"><span class="job_id">56 : Job ID 349063f553464f688b79d6724ba895e9</span></button></div></a><div aria-labelledby="job_list___sub_heading_56_1" data-parent="#job_list___sub_accordion_56" class="collapse job_list___sub_multi_collapse" id="job_list___sub_collapse_56_1"><div class="card-body"><div class="work-item"><div class="alert alert-success test-outcome" role="alert"><p>worker outcome: normal</p><p>test outcome: killed</p></div></div><pre class="location"><a href="pycharm://open?file=stack4.py&amp;line=83" class="text-secondary"><button class="btn btn-outline-dark">stack4.py, start pos: (83, 14), end pos: (83, 18)</button></a></pre><pre>operator: core/AddNot, occurrence: 7</pre><div class="alert alert-secondary"><pre class="diff">--- mutation diff ---
--- astack4.py
+++ bstack4.py
@@ -80,7 +80,7 @@
         """Display list as a tuple."""
         curr = self.head
         display = '('
-        while curr:
+        while not curr:
             display += str(curr.data) + ', '
             curr = curr.next
         return display[:-2] + ')'</pre></div><div class="alert alert-secondary"><pre class="diff">============================= test session starts ==============================
platform linux -- Python 3.10.10, pytest-7.2.1, pluggy-1.0.0
rootdir: /home/auri/temp/lucca/python_experiments/stack4
collected 46 items

MIO-MOSA-WHOLE_SUITE/test_stack4_MIO.py ...............F.F..             [ 43%]
MIO-MOSA-WHOLE_SUITE/test_stack4_MOSA.py .F.FFF...FF......               [ 80%]
MIO-MOSA-WHOLE_SUITE/test_stack4_WHOLE_SUITE.py F.F......                [100%]

=========================== short test summary info ============================
FAILED MIO-MOSA-WHOLE_SUITE/test_stack4_MIO.py::test_case_15 - AssertionError...
FAILED MIO-MOSA-WHOLE_SUITE/test_stack4_MIO.py::test_case_17 - AttributeError...
FAILED MIO-MOSA-WHOLE_SUITE/test_stack4_MOSA.py::test_case_1 - AssertionError...
FAILED MIO-MOSA-WHOLE_SUITE/test_stack4_MOSA.py::test_case_3 - AssertionError...
FAILED MIO-MOSA-WHOLE_SUITE/test_stack4_MOSA.py::test_case_4 - AssertionError...
FAILED MIO-MOSA-WHOLE_SUITE/test_stack4_MOSA.py::test_case_5 - AssertionError...
FAILED MIO-MOSA-WHOLE_SUITE/test_stack4_MOSA.py::test_case_9 - AssertionError...
FAILED MIO-MOSA-WHOLE_SUITE/test_stack4_MOSA.py::test_case_10 - AttributeErro...
FAILED MIO-MOSA-WHOLE_SUITE/test_stack4_WHOLE_SUITE.py::test_case_0 - Attribu...
FAILED MIO-MOSA-WHOLE_SUITE/test_stack4_WHOLE_SUITE.py::test_case_2 - Attribu...
======================== 10 failed, 36 passed in 0.07s =========================
</pre></div></div></div></div></div><div class="mb-1" id="job_list___sub_accordion_57"><div class="card"><a data-toggle="collapse" data-target="#job_list___sub_collapse_57_1" aria-expanded="false" aria-controls="job_list___sub_collapse_57_1" href="#" class="job_list___sub_multi_heading"><div role="alert" class="card-header alert-success" id="job_list___sub_heading_57_1"><button class="btn btn-outline-success"><span class="job_id">57 : Job ID 33865dede7494375938859b7aafa6106</span></button></div></a><div aria-labelledby="job_list___sub_heading_57_1" data-parent="#job_list___sub_accordion_57" class="collapse job_list___sub_multi_collapse" id="job_list___sub_collapse_57_1"><div class="card-body"><div class="work-item"><div class="alert alert-success test-outcome" role="alert"><p>worker outcome: normal</p><p>test outcome: killed</p></div></div><pre class="location"><a href="pycharm://open?file=stack4.py&amp;line=70" class="text-secondary"><button class="btn btn-outline-dark">stack4.py, start pos: (70, 16), end pos: (70, 19)</button></a></pre><pre>operator: core/ReplaceAndWithOr, occurrence: 0</pre><div class="alert alert-secondary"><pre class="diff">--- mutation diff ---
--- astack4.py
+++ bstack4.py
@@ -67,7 +67,7 @@
     def remove(self, val):
         """Remove node from list if exists."""
         curr = self.head
-        if curr and val is self.head.data:
+        if curr or val is self.head.data:
             self.head = self.head.next
             self._length -= 1
         while curr:</pre></div><div class="alert alert-secondary"><pre class="diff">============================= test session starts ==============================
platform linux -- Python 3.10.10, pytest-7.2.1, pluggy-1.0.0
rootdir: /home/auri/temp/lucca/python_experiments/stack4
collected 46 items

MIO-MOSA-WHOLE_SUITE/test_stack4_MIO.py .............F......             [ 43%]
MIO-MOSA-WHOLE_SUITE/test_stack4_MOSA.py ...F...FF...F....               [ 80%]
MIO-MOSA-WHOLE_SUITE/test_stack4_WHOLE_SUITE.py F........                [100%]

=========================== short test summary info ============================
FAILED MIO-MOSA-WHOLE_SUITE/test_stack4_MIO.py::test_case_13 - AttributeError...
FAILED MIO-MOSA-WHOLE_SUITE/test_stack4_MOSA.py::test_case_3 - AssertionError...
FAILED MIO-MOSA-WHOLE_SUITE/test_stack4_MOSA.py::test_case_7 - AttributeError...
FAILED MIO-MOSA-WHOLE_SUITE/test_stack4_MOSA.py::test_case_8 - AttributeError...
FAILED MIO-MOSA-WHOLE_SUITE/test_stack4_MOSA.py::test_case_12 - AttributeErro...
FAILED MIO-MOSA-WHOLE_SUITE/test_stack4_WHOLE_SUITE.py::test_case_0 - Attribu...
========================= 6 failed, 40 passed in 0.07s =========================
</pre></div></div></div></div></div><div class="mb-1" id="job_list___sub_accordion_58"><div class="card"><a data-toggle="collapse" data-target="#job_list___sub_collapse_58_1" aria-expanded="false" aria-controls="job_list___sub_collapse_58_1" href="#" class="job_list___sub_multi_heading"><div role="alert" class="card-header alert-success" id="job_list___sub_heading_58_1"><button class="btn btn-outline-success"><span class="job_id">58 : Job ID 960beafbfabc4e27b29556dec6c0b863</span></button></div></a><div aria-labelledby="job_list___sub_heading_58_1" data-parent="#job_list___sub_accordion_58" class="collapse job_list___sub_multi_collapse" id="job_list___sub_collapse_58_1"><div class="card-body"><div class="work-item"><div class="alert alert-success test-outcome" role="alert"><p>worker outcome: normal</p><p>test outcome: killed</p></div></div><pre class="location"><a href="pycharm://open?file=stack4.py&amp;line=74" class="text-secondary"><button class="btn btn-outline-dark">stack4.py, start pos: (74, 26), end pos: (74, 29)</button></a></pre><pre>operator: core/ReplaceAndWithOr, occurrence: 1</pre><div class="alert alert-secondary"><pre class="diff">--- mutation diff ---
--- astack4.py
+++ bstack4.py
@@ -71,7 +71,7 @@
             self.head = self.head.next
             self._length -= 1
         while curr:
-            if (curr.next and curr.next.data == val):
+            if (curr.next or curr.next.data == val):
                 curr.next = curr.next.next
                 self._length -= 1
             curr = curr.next</pre></div><div class="alert alert-secondary"><pre class="diff">============================= test session starts ==============================
platform linux -- Python 3.10.10, pytest-7.2.1, pluggy-1.0.0
rootdir: /home/auri/temp/lucca/python_experiments/stack4
collected 46 items

MIO-MOSA-WHOLE_SUITE/test_stack4_MIO.py ...........FF.......             [ 43%]
MIO-MOSA-WHOLE_SUITE/test_stack4_MOSA.py ...FFF...F....F.F               [ 80%]
MIO-MOSA-WHOLE_SUITE/test_stack4_WHOLE_SUITE.py .....F...                [100%]

=========================== short test summary info ============================
FAILED MIO-MOSA-WHOLE_SUITE/test_stack4_MIO.py::test_case_11 - AttributeError...
FAILED MIO-MOSA-WHOLE_SUITE/test_stack4_MIO.py::test_case_12 - AttributeError...
FAILED MIO-MOSA-WHOLE_SUITE/test_stack4_MOSA.py::test_case_3 - AttributeError...
FAILED MIO-MOSA-WHOLE_SUITE/test_stack4_MOSA.py::test_case_4 - AttributeError...
FAILED MIO-MOSA-WHOLE_SUITE/test_stack4_MOSA.py::test_case_5 - AttributeError...
FAILED MIO-MOSA-WHOLE_SUITE/test_stack4_MOSA.py::test_case_9 - AttributeError...
FAILED MIO-MOSA-WHOLE_SUITE/test_stack4_MOSA.py::test_case_14 - AttributeErro...
FAILED MIO-MOSA-WHOLE_SUITE/test_stack4_MOSA.py::test_case_16 - AttributeErro...
FAILED MIO-MOSA-WHOLE_SUITE/test_stack4_WHOLE_SUITE.py::test_case_5 - Attribu...
========================= 9 failed, 37 passed in 0.08s =========================
</pre></div></div></div></div></div><div class="mb-1" id="job_list___sub_accordion_59"><div class="card"><a data-toggle="collapse" data-target="#job_list___sub_collapse_59_1" aria-expanded="false" aria-controls="job_list___sub_collapse_59_1" href="#" class="job_list___sub_multi_heading"><div role="alert" class="card-header alert-success" id="job_list___sub_heading_59_1"><button class="btn btn-outline-success"><span class="job_id">59 : Job ID c361829512e940ada388e67f65cf8535</span></button></div></a><div aria-labelledby="job_list___sub_heading_59_1" data-parent="#job_list___sub_accordion_59" class="collapse job_list___sub_multi_collapse" id="job_list___sub_collapse_59_1"><div class="card-body"><div class="work-item"><div class="alert alert-success test-outcome" role="alert"><p>worker outcome: normal</p><p>test outcome: killed</p></div></div><pre class="location"><a href="pycharm://open?file=stack4.py&amp;line=36" class="text-secondary"><button class="btn btn-outline-dark">stack4.py, start pos: (36, 15), end pos: (36, 24)</button></a></pre><pre>operator: core/ExceptionReplacer, occurrence: 0</pre><div class="alert alert-secondary"><pre class="diff">--- mutation diff ---
--- astack4.py
+++ bstack4.py
@@ -33,7 +33,7 @@
         try:
             for val in data:
                 self.push(val)
-        except TypeError:
+        except CosmicRayTestingException:
             if data:
                 self.push(data)
 </pre></div><div class="alert alert-secondary"><pre class="diff">============================= test session starts ==============================
platform linux -- Python 3.10.10, pytest-7.2.1, pluggy-1.0.0
rootdir: /home/auri/temp/lucca/python_experiments/stack4
collected 46 items

MIO-MOSA-WHOLE_SUITE/test_stack4_MIO.py ..FFFFFF.FFFFFF.FFFF             [ 43%]
MIO-MOSA-WHOLE_SUITE/test_stack4_MOSA.py FFFFF.FFFFFFFFF.F               [ 80%]
MIO-MOSA-WHOLE_SUITE/test_stack4_WHOLE_SUITE.py FFFFFFFFF                [100%]

=========================== short test summary info ============================
FAILED MIO-MOSA-WHOLE_SUITE/test_stack4_MIO.py::test_case_2 - NameError: name...
FAILED MIO-MOSA-WHOLE_SUITE/test_stack4_MIO.py::test_case_3 - NameError: name...
FAILED MIO-MOSA-WHOLE_SUITE/test_stack4_MIO.py::test_case_4 - NameError: name...
FAILED MIO-MOSA-WHOLE_SUITE/test_stack4_MIO.py::test_case_5 - NameError: name...
FAILED MIO-MOSA-WHOLE_SUITE/test_stack4_MIO.py::test_case_6 - NameError: name...
FAILED MIO-MOSA-WHOLE_SUITE/test_stack4_MIO.py::test_case_7 - NameError: name...
FAILED MIO-MOSA-WHOLE_SUITE/test_stack4_MIO.py::test_case_9 - NameError: name...
FAILED MIO-MOSA-WHOLE_SUITE/test_stack4_MIO.py::test_case_10 - NameError: nam...
FAILED MIO-MOSA-WHOLE_SUITE/test_stack4_MIO.py::test_case_11 - NameError: nam...
FAILED MIO-MOSA-WHOLE_SUITE/test_stack4_MIO.py::test_case_12 - NameError: nam...
FAILED MIO-MOSA-WHOLE_SUITE/test_stack4_MIO.py::test_case_13 - NameError: nam...
FAILED MIO-MOSA-WHOLE_SUITE/test_stack4_MIO.py::test_case_14 - NameError: nam...
FAILED MIO-MOSA-WHOLE_SUITE/test_stack4_MIO.py::test_case_16 - NameError: nam...
FAILED MIO-MOSA-WHOLE_SUITE/test_stack4_MIO.py::test_case_17 - NameError: nam...
FAILED MIO-MOSA-WHOLE_SUITE/test_stack4_MIO.py::test_case_18 - NameError: nam...
FAILED MIO-MOSA-WHOLE_SUITE/test_stack4_MIO.py::test_case_19 - NameError: nam...
FAILED MIO-MOSA-WHOLE_SUITE/test_stack4_MOSA.py::test_case_0 - NameError: nam...
FAILED MIO-MOSA-WHOLE_SUITE/test_stack4_MOSA.py::test_case_1 - NameError: nam...
FAILED MIO-MOSA-WHOLE_SUITE/test_stack4_MOSA.py::test_case_2 - NameError: nam...
FAILED MIO-MOSA-WHOLE_SUITE/test_stack4_MOSA.py::test_case_3 - NameError: nam...
FAILED MIO-MOSA-WHOLE_SUITE/test_stack4_MOSA.py::test_case_4 - NameError: nam...
FAILED MIO-MOSA-WHOLE_SUITE/test_stack4_MOSA.py::test_case_6 - NameError: nam...
FAILED MIO-MOSA-WHOLE_SUITE/test_stack4_MOSA.py::test_case_7 - NameError: nam...
FAILED MIO-MOSA-WHOLE_SUITE/test_stack4_MOSA.py::test_case_8 - NameError: nam...
FAILED MIO-MOSA-WHOLE_SUITE/test_stack4_MOSA.py::test_case_9 - NameError: nam...
FAILED MIO-MOSA-WHOLE_SUITE/test_stack4_MOSA.py::test_case_10 - NameError: na...
FAILED MIO-MOSA-WHOLE_SUITE/test_stack4_MOSA.py::test_case_11 - NameError: na...
FAILED MIO-MOSA-WHOLE_SUITE/test_stack4_MOSA.py::test_case_12 - NameError: na...
FAILED MIO-MOSA-WHOLE_SUITE/test_stack4_MOSA.py::test_case_13 - NameError: na...
FAILED MIO-MOSA-WHOLE_SUITE/test_stack4_MOSA.py::test_case_14 - NameError: na...
FAILED MIO-MOSA-WHOLE_SUITE/test_stack4_MOSA.py::test_case_16 - NameError: na...
FAILED MIO-MOSA-WHOLE_SUITE/test_stack4_WHOLE_SUITE.py::test_case_0 - NameErr...
FAILED MIO-MOSA-WHOLE_SUITE/test_stack4_WHOLE_SUITE.py::test_case_1 - NameErr...
FAILED MIO-MOSA-WHOLE_SUITE/test_stack4_WHOLE_SUITE.py::test_case_2 - NameErr...
FAILED MIO-MOSA-WHOLE_SUITE/test_stack4_WHOLE_SUITE.py::test_case_3 - NameErr...
FAILED MIO-MOSA-WHOLE_SUITE/test_stack4_WHOLE_SUITE.py::test_case_4 - NameErr...
FAILED MIO-MOSA-WHOLE_SUITE/test_stack4_WHOLE_SUITE.py::test_case_5 - NameErr...
FAILED MIO-MOSA-WHOLE_SUITE/test_stack4_WHOLE_SUITE.py::test_case_6 - NameErr...
FAILED MIO-MOSA-WHOLE_SUITE/test_stack4_WHOLE_SUITE.py::test_case_7 - NameErr...
FAILED MIO-MOSA-WHOLE_SUITE/test_stack4_WHOLE_SUITE.py::test_case_8 - NameErr...
========================= 40 failed, 6 passed in 0.09s =========================
</pre></div></div></div></div></div><div class="mb-1" id="job_list___sub_accordion_60"><div class="card"><a data-toggle="collapse" data-target="#job_list___sub_collapse_60_1" aria-expanded="false" aria-controls="job_list___sub_collapse_60_1" href="#" class="job_list___sub_multi_heading"><div role="alert" class="card-header alert-success" id="job_list___sub_heading_60_1"><button class="btn btn-outline-success"><span class="job_id">60 : Job ID fdd11fb3ddae4cd0b9850695705e5bbb</span></button></div></a><div aria-labelledby="job_list___sub_heading_60_1" data-parent="#job_list___sub_accordion_60" class="collapse job_list___sub_multi_collapse" id="job_list___sub_collapse_60_1"><div class="card-body"><div class="work-item"><div class="alert alert-success test-outcome" role="alert"><p>worker outcome: normal</p><p>test outcome: killed</p></div></div><pre class="location"><a href="pycharm://open?file=stack4.py&amp;line=31" class="text-secondary"><button class="btn btn-outline-dark">stack4.py, start pos: (31, 23), end pos: (31, 24)</button></a></pre><pre>operator: core/NumberReplacer, occurrence: 0</pre><div class="alert alert-secondary"><pre class="diff">--- mutation diff ---
--- astack4.py
+++ bstack4.py
@@ -28,7 +28,7 @@
 
     def __init__(self, data=None):
         """Linked list initialized with head."""
-        self._length = 0
+        self._length = 1
         self.head = None
         try:
             for val in data:</pre></div><div class="alert alert-secondary"><pre class="diff">============================= test session starts ==============================
platform linux -- Python 3.10.10, pytest-7.2.1, pluggy-1.0.0
rootdir: /home/auri/temp/lucca/python_experiments/stack4
collected 46 items

MIO-MOSA-WHOLE_SUITE/test_stack4_MIO.py ...................F             [ 43%]
MIO-MOSA-WHOLE_SUITE/test_stack4_MOSA.py ............F....               [ 80%]
MIO-MOSA-WHOLE_SUITE/test_stack4_WHOLE_SUITE.py ...F.....                [100%]

=========================== short test summary info ============================
FAILED MIO-MOSA-WHOLE_SUITE/test_stack4_MIO.py::test_case_19 - assert 1 == 0
FAILED MIO-MOSA-WHOLE_SUITE/test_stack4_MOSA.py::test_case_12 - assert 1 == 0
FAILED MIO-MOSA-WHOLE_SUITE/test_stack4_WHOLE_SUITE.py::test_case_3 - assert ...
========================= 3 failed, 43 passed in 0.07s =========================
</pre></div></div></div></div></div><div class="mb-1" id="job_list___sub_accordion_61"><div class="card"><a data-toggle="collapse" data-target="#job_list___sub_collapse_61_1" aria-expanded="false" aria-controls="job_list___sub_collapse_61_1" href="#" class="job_list___sub_multi_heading"><div role="alert" class="card-header alert-success" id="job_list___sub_heading_61_1"><button class="btn btn-outline-success"><span class="job_id">61 : Job ID a75c761d0b64448fa795edcc4424e36d</span></button></div></a><div aria-labelledby="job_list___sub_heading_61_1" data-parent="#job_list___sub_accordion_61" class="collapse job_list___sub_multi_collapse" id="job_list___sub_collapse_61_1"><div class="card-body"><div class="work-item"><div class="alert alert-success test-outcome" role="alert"><p>worker outcome: normal</p><p>test outcome: killed</p></div></div><pre class="location"><a href="pycharm://open?file=stack4.py&amp;line=31" class="text-secondary"><button class="btn btn-outline-dark">stack4.py, start pos: (31, 23), end pos: (31, 24)</button></a></pre><pre>operator: core/NumberReplacer, occurrence: 1</pre><div class="alert alert-secondary"><pre class="diff">--- mutation diff ---
--- astack4.py
+++ bstack4.py
@@ -28,7 +28,7 @@
 
     def __init__(self, data=None):
         """Linked list initialized with head."""
-        self._length = 0
+        self._length = -1
         self.head = None
         try:
             for val in data:</pre></div><div class="alert alert-secondary"><pre class="diff">============================= test session starts ==============================
platform linux -- Python 3.10.10, pytest-7.2.1, pluggy-1.0.0
rootdir: /home/auri/temp/lucca/python_experiments/stack4
collected 46 items

MIO-MOSA-WHOLE_SUITE/test_stack4_MIO.py ...................F             [ 43%]
MIO-MOSA-WHOLE_SUITE/test_stack4_MOSA.py ............F....               [ 80%]
MIO-MOSA-WHOLE_SUITE/test_stack4_WHOLE_SUITE.py ...F.....                [100%]

=========================== short test summary info ============================
FAILED MIO-MOSA-WHOLE_SUITE/test_stack4_MIO.py::test_case_19 - assert -1 == 0
FAILED MIO-MOSA-WHOLE_SUITE/test_stack4_MOSA.py::test_case_12 - assert -1 == 0
FAILED MIO-MOSA-WHOLE_SUITE/test_stack4_WHOLE_SUITE.py::test_case_3 - assert ...
========================= 3 failed, 43 passed in 0.06s =========================
</pre></div></div></div></div></div><div class="mb-1" id="job_list___sub_accordion_62"><div class="card"><a data-toggle="collapse" data-target="#job_list___sub_collapse_62_1" aria-expanded="false" aria-controls="job_list___sub_collapse_62_1" href="#" class="job_list___sub_multi_heading"><div role="alert" class="card-header alert-danger" id="job_list___sub_heading_62_1"><button class="btn btn-outline-danger"><span class="job_id">62 : Job ID b50f64be77584103a5f0811ad177cff0</span></button></div></a><div aria-labelledby="job_list___sub_heading_62_1" data-parent="#job_list___sub_accordion_62" class="collapse job_list___sub_multi_collapse" id="job_list___sub_collapse_62_1"><div class="card-body"><div class="work-item"><div class="alert alert-danger test-outcome" role="alert"><p>SURVIVED</p><p>worker outcome: normal</p><p>test outcome: survived</p></div></div><pre class="location"><a href="pycharm://open?file=stack4.py&amp;line=44" class="text-secondary"><button class="btn btn-outline-dark">stack4.py, start pos: (44, 24), end pos: (44, 25)</button></a></pre><pre>operator: core/NumberReplacer, occurrence: 2</pre><div class="alert alert-secondary"><pre class="diff">--- mutation diff ---
--- astack4.py
+++ bstack4.py
@@ -41,7 +41,7 @@
         """Insert a value at the head of the list."""
         old_head = self.head
         self.head = Node(val, old_head)
-        self._length += 1
+        self._length += 2
 
     def pop(self):
         """Remove the first value and return it."""</pre></div><div class="alert alert-secondary"><pre class="diff">============================= test session starts ==============================
platform linux -- Python 3.10.10, pytest-7.2.1, pluggy-1.0.0
rootdir: /home/auri/temp/lucca/python_experiments/stack4
collected 46 items

MIO-MOSA-WHOLE_SUITE/test_stack4_MIO.py ....................             [ 43%]
MIO-MOSA-WHOLE_SUITE/test_stack4_MOSA.py .................               [ 80%]
MIO-MOSA-WHOLE_SUITE/test_stack4_WHOLE_SUITE.py .........                [100%]

============================== 46 passed in 0.06s ==============================
</pre></div></div></div></div></div><div class="mb-1" id="job_list___sub_accordion_63"><div class="card"><a data-toggle="collapse" data-target="#job_list___sub_collapse_63_1" aria-expanded="false" aria-controls="job_list___sub_collapse_63_1" href="#" class="job_list___sub_multi_heading"><div role="alert" class="card-header alert-danger" id="job_list___sub_heading_63_1"><button class="btn btn-outline-danger"><span class="job_id">63 : Job ID 04afcd4fc3a141b6a6dae383576dcc2a</span></button></div></a><div aria-labelledby="job_list___sub_heading_63_1" data-parent="#job_list___sub_accordion_63" class="collapse job_list___sub_multi_collapse" id="job_list___sub_collapse_63_1"><div class="card-body"><div class="work-item"><div class="alert alert-danger test-outcome" role="alert"><p>SURVIVED</p><p>worker outcome: normal</p><p>test outcome: survived</p></div></div><pre class="location"><a href="pycharm://open?file=stack4.py&amp;line=44" class="text-secondary"><button class="btn btn-outline-dark">stack4.py, start pos: (44, 24), end pos: (44, 25)</button></a></pre><pre>operator: core/NumberReplacer, occurrence: 3</pre><div class="alert alert-secondary"><pre class="diff">--- mutation diff ---
--- astack4.py
+++ bstack4.py
@@ -41,7 +41,7 @@
         """Insert a value at the head of the list."""
         old_head = self.head
         self.head = Node(val, old_head)
-        self._length += 1
+        self._length += 0
 
     def pop(self):
         """Remove the first value and return it."""</pre></div><div class="alert alert-secondary"><pre class="diff">============================= test session starts ==============================
platform linux -- Python 3.10.10, pytest-7.2.1, pluggy-1.0.0
rootdir: /home/auri/temp/lucca/python_experiments/stack4
collected 46 items

MIO-MOSA-WHOLE_SUITE/test_stack4_MIO.py ....................             [ 43%]
MIO-MOSA-WHOLE_SUITE/test_stack4_MOSA.py .................               [ 80%]
MIO-MOSA-WHOLE_SUITE/test_stack4_WHOLE_SUITE.py .........                [100%]

============================== 46 passed in 0.06s ==============================
</pre></div></div></div></div></div><div class="mb-1" id="job_list___sub_accordion_64"><div class="card"><a data-toggle="collapse" data-target="#job_list___sub_collapse_64_1" aria-expanded="false" aria-controls="job_list___sub_collapse_64_1" href="#" class="job_list___sub_multi_heading"><div role="alert" class="card-header alert-danger" id="job_list___sub_heading_64_1"><button class="btn btn-outline-danger"><span class="job_id">64 : Job ID 1bfc7545cda4404eb626c200b4571695</span></button></div></a><div aria-labelledby="job_list___sub_heading_64_1" data-parent="#job_list___sub_accordion_64" class="collapse job_list___sub_multi_collapse" id="job_list___sub_collapse_64_1"><div class="card-body"><div class="work-item"><div class="alert alert-danger test-outcome" role="alert"><p>SURVIVED</p><p>worker outcome: normal</p><p>test outcome: survived</p></div></div><pre class="location"><a href="pycharm://open?file=stack4.py&amp;line=52" class="text-secondary"><button class="btn btn-outline-dark">stack4.py, start pos: (52, 24), end pos: (52, 25)</button></a></pre><pre>operator: core/NumberReplacer, occurrence: 4</pre><div class="alert alert-secondary"><pre class="diff">--- mutation diff ---
--- astack4.py
+++ bstack4.py
@@ -49,7 +49,7 @@
             raise IndexError('Cannot pop from an empty list')
         to_return = self.head
         self.head = self.head.next
-        self._length -= 1
+        self._length -= 2
         return to_return.data
 
     def size(self):</pre></div><div class="alert alert-secondary"><pre class="diff">============================= test session starts ==============================
platform linux -- Python 3.10.10, pytest-7.2.1, pluggy-1.0.0
rootdir: /home/auri/temp/lucca/python_experiments/stack4
collected 46 items

MIO-MOSA-WHOLE_SUITE/test_stack4_MIO.py ....................             [ 43%]
MIO-MOSA-WHOLE_SUITE/test_stack4_MOSA.py .................               [ 80%]
MIO-MOSA-WHOLE_SUITE/test_stack4_WHOLE_SUITE.py .........                [100%]

============================== 46 passed in 0.06s ==============================
</pre></div></div></div></div></div><div class="mb-1" id="job_list___sub_accordion_65"><div class="card"><a data-toggle="collapse" data-target="#job_list___sub_collapse_65_1" aria-expanded="false" aria-controls="job_list___sub_collapse_65_1" href="#" class="job_list___sub_multi_heading"><div role="alert" class="card-header alert-danger" id="job_list___sub_heading_65_1"><button class="btn btn-outline-danger"><span class="job_id">65 : Job ID 79a32cc0ef6e4f48b41f18051f1663b5</span></button></div></a><div aria-labelledby="job_list___sub_heading_65_1" data-parent="#job_list___sub_accordion_65" class="collapse job_list___sub_multi_collapse" id="job_list___sub_collapse_65_1"><div class="card-body"><div class="work-item"><div class="alert alert-danger test-outcome" role="alert"><p>SURVIVED</p><p>worker outcome: normal</p><p>test outcome: survived</p></div></div><pre class="location"><a href="pycharm://open?file=stack4.py&amp;line=52" class="text-secondary"><button class="btn btn-outline-dark">stack4.py, start pos: (52, 24), end pos: (52, 25)</button></a></pre><pre>operator: core/NumberReplacer, occurrence: 5</pre><div class="alert alert-secondary"><pre class="diff">--- mutation diff ---
--- astack4.py
+++ bstack4.py
@@ -49,7 +49,7 @@
             raise IndexError('Cannot pop from an empty list')
         to_return = self.head
         self.head = self.head.next
-        self._length -= 1
+        self._length -= 0
         return to_return.data
 
     def size(self):</pre></div><div class="alert alert-secondary"><pre class="diff">============================= test session starts ==============================
platform linux -- Python 3.10.10, pytest-7.2.1, pluggy-1.0.0
rootdir: /home/auri/temp/lucca/python_experiments/stack4
collected 46 items

MIO-MOSA-WHOLE_SUITE/test_stack4_MIO.py ....................             [ 43%]
MIO-MOSA-WHOLE_SUITE/test_stack4_MOSA.py .................               [ 80%]
MIO-MOSA-WHOLE_SUITE/test_stack4_WHOLE_SUITE.py .........                [100%]

============================== 46 passed in 0.06s ==============================
</pre></div></div></div></div></div><div class="mb-1" id="job_list___sub_accordion_66"><div class="card"><a data-toggle="collapse" data-target="#job_list___sub_collapse_66_1" aria-expanded="false" aria-controls="job_list___sub_collapse_66_1" href="#" class="job_list___sub_multi_heading"><div role="alert" class="card-header alert-danger" id="job_list___sub_heading_66_1"><button class="btn btn-outline-danger"><span class="job_id">66 : Job ID 65512510b85f477b9f7f07b5bf41102f</span></button></div></a><div aria-labelledby="job_list___sub_heading_66_1" data-parent="#job_list___sub_accordion_66" class="collapse job_list___sub_multi_collapse" id="job_list___sub_collapse_66_1"><div class="card-body"><div class="work-item"><div class="alert alert-danger test-outcome" role="alert"><p>SURVIVED</p><p>worker outcome: normal</p><p>test outcome: survived</p></div></div><pre class="location"><a href="pycharm://open?file=stack4.py&amp;line=72" class="text-secondary"><button class="btn btn-outline-dark">stack4.py, start pos: (72, 28), end pos: (72, 29)</button></a></pre><pre>operator: core/NumberReplacer, occurrence: 6</pre><div class="alert alert-secondary"><pre class="diff">--- mutation diff ---
--- astack4.py
+++ bstack4.py
@@ -69,7 +69,7 @@
         curr = self.head
         if curr and val is self.head.data:
             self.head = self.head.next
-            self._length -= 1
+            self._length -= 2
         while curr:
             if (curr.next and curr.next.data == val):
                 curr.next = curr.next.next</pre></div><div class="alert alert-secondary"><pre class="diff">============================= test session starts ==============================
platform linux -- Python 3.10.10, pytest-7.2.1, pluggy-1.0.0
rootdir: /home/auri/temp/lucca/python_experiments/stack4
collected 46 items

MIO-MOSA-WHOLE_SUITE/test_stack4_MIO.py ....................             [ 43%]
MIO-MOSA-WHOLE_SUITE/test_stack4_MOSA.py .................               [ 80%]
MIO-MOSA-WHOLE_SUITE/test_stack4_WHOLE_SUITE.py .........                [100%]

============================== 46 passed in 0.06s ==============================
</pre></div></div></div></div></div><div class="mb-1" id="job_list___sub_accordion_67"><div class="card"><a data-toggle="collapse" data-target="#job_list___sub_collapse_67_1" aria-expanded="false" aria-controls="job_list___sub_collapse_67_1" href="#" class="job_list___sub_multi_heading"><div role="alert" class="card-header alert-danger" id="job_list___sub_heading_67_1"><button class="btn btn-outline-danger"><span class="job_id">67 : Job ID 8710fccb3e8d4fa6b06a42a8f41cf178</span></button></div></a><div aria-labelledby="job_list___sub_heading_67_1" data-parent="#job_list___sub_accordion_67" class="collapse job_list___sub_multi_collapse" id="job_list___sub_collapse_67_1"><div class="card-body"><div class="work-item"><div class="alert alert-danger test-outcome" role="alert"><p>SURVIVED</p><p>worker outcome: normal</p><p>test outcome: survived</p></div></div><pre class="location"><a href="pycharm://open?file=stack4.py&amp;line=72" class="text-secondary"><button class="btn btn-outline-dark">stack4.py, start pos: (72, 28), end pos: (72, 29)</button></a></pre><pre>operator: core/NumberReplacer, occurrence: 7</pre><div class="alert alert-secondary"><pre class="diff">--- mutation diff ---
--- astack4.py
+++ bstack4.py
@@ -69,7 +69,7 @@
         curr = self.head
         if curr and val is self.head.data:
             self.head = self.head.next
-            self._length -= 1
+            self._length -= 0
         while curr:
             if (curr.next and curr.next.data == val):
                 curr.next = curr.next.next</pre></div><div class="alert alert-secondary"><pre class="diff">============================= test session starts ==============================
platform linux -- Python 3.10.10, pytest-7.2.1, pluggy-1.0.0
rootdir: /home/auri/temp/lucca/python_experiments/stack4
collected 46 items

MIO-MOSA-WHOLE_SUITE/test_stack4_MIO.py ....................             [ 43%]
MIO-MOSA-WHOLE_SUITE/test_stack4_MOSA.py .................               [ 80%]
MIO-MOSA-WHOLE_SUITE/test_stack4_WHOLE_SUITE.py .........                [100%]

============================== 46 passed in 0.06s ==============================
</pre></div></div></div></div></div><div class="mb-1" id="job_list___sub_accordion_68"><div class="card"><a data-toggle="collapse" data-target="#job_list___sub_collapse_68_1" aria-expanded="false" aria-controls="job_list___sub_collapse_68_1" href="#" class="job_list___sub_multi_heading"><div role="alert" class="card-header alert-danger" id="job_list___sub_heading_68_1"><button class="btn btn-outline-danger"><span class="job_id">68 : Job ID 0781f6883400482989e1e1b897b3cbb2</span></button></div></a><div aria-labelledby="job_list___sub_heading_68_1" data-parent="#job_list___sub_accordion_68" class="collapse job_list___sub_multi_collapse" id="job_list___sub_collapse_68_1"><div class="card-body"><div class="work-item"><div class="alert alert-danger test-outcome" role="alert"><p>SURVIVED</p><p>worker outcome: normal</p><p>test outcome: survived</p></div></div><pre class="location"><a href="pycharm://open?file=stack4.py&amp;line=76" class="text-secondary"><button class="btn btn-outline-dark">stack4.py, start pos: (76, 32), end pos: (76, 33)</button></a></pre><pre>operator: core/NumberReplacer, occurrence: 8</pre><div class="alert alert-secondary"><pre class="diff">--- mutation diff ---
--- astack4.py
+++ bstack4.py
@@ -73,7 +73,7 @@
         while curr:
             if (curr.next and curr.next.data == val):
                 curr.next = curr.next.next
-                self._length -= 1
+                self._length -= 2
             curr = curr.next
 
     def display(self):</pre></div><div class="alert alert-secondary"><pre class="diff">============================= test session starts ==============================
platform linux -- Python 3.10.10, pytest-7.2.1, pluggy-1.0.0
rootdir: /home/auri/temp/lucca/python_experiments/stack4
collected 46 items

MIO-MOSA-WHOLE_SUITE/test_stack4_MIO.py ....................             [ 43%]
MIO-MOSA-WHOLE_SUITE/test_stack4_MOSA.py .................               [ 80%]
MIO-MOSA-WHOLE_SUITE/test_stack4_WHOLE_SUITE.py .........                [100%]

============================== 46 passed in 0.06s ==============================
</pre></div></div></div></div></div><div class="mb-1" id="job_list___sub_accordion_69"><div class="card"><a data-toggle="collapse" data-target="#job_list___sub_collapse_69_1" aria-expanded="false" aria-controls="job_list___sub_collapse_69_1" href="#" class="job_list___sub_multi_heading"><div role="alert" class="card-header alert-danger" id="job_list___sub_heading_69_1"><button class="btn btn-outline-danger"><span class="job_id">69 : Job ID 7e569ecd535542d8a295541b2a34c1c3</span></button></div></a><div aria-labelledby="job_list___sub_heading_69_1" data-parent="#job_list___sub_accordion_69" class="collapse job_list___sub_multi_collapse" id="job_list___sub_collapse_69_1"><div class="card-body"><div class="work-item"><div class="alert alert-danger test-outcome" role="alert"><p>SURVIVED</p><p>worker outcome: normal</p><p>test outcome: survived</p></div></div><pre class="location"><a href="pycharm://open?file=stack4.py&amp;line=76" class="text-secondary"><button class="btn btn-outline-dark">stack4.py, start pos: (76, 32), end pos: (76, 33)</button></a></pre><pre>operator: core/NumberReplacer, occurrence: 9</pre><div class="alert alert-secondary"><pre class="diff">--- mutation diff ---
--- astack4.py
+++ bstack4.py
@@ -73,7 +73,7 @@
         while curr:
             if (curr.next and curr.next.data == val):
                 curr.next = curr.next.next
-                self._length -= 1
+                self._length -= 0
             curr = curr.next
 
     def display(self):</pre></div><div class="alert alert-secondary"><pre class="diff">============================= test session starts ==============================
platform linux -- Python 3.10.10, pytest-7.2.1, pluggy-1.0.0
rootdir: /home/auri/temp/lucca/python_experiments/stack4
collected 46 items

MIO-MOSA-WHOLE_SUITE/test_stack4_MIO.py ....................             [ 43%]
MIO-MOSA-WHOLE_SUITE/test_stack4_MOSA.py .................               [ 80%]
MIO-MOSA-WHOLE_SUITE/test_stack4_WHOLE_SUITE.py .........                [100%]

============================== 46 passed in 0.06s ==============================
</pre></div></div></div></div></div><div class="mb-1" id="job_list___sub_accordion_70"><div class="card"><a data-toggle="collapse" data-target="#job_list___sub_collapse_70_1" aria-expanded="false" aria-controls="job_list___sub_collapse_70_1" href="#" class="job_list___sub_multi_heading"><div role="alert" class="card-header alert-success" id="job_list___sub_heading_70_1"><button class="btn btn-outline-success"><span class="job_id">70 : Job ID 594e46a2b19a4e6a8e9470b7dbf67f9e</span></button></div></a><div aria-labelledby="job_list___sub_heading_70_1" data-parent="#job_list___sub_accordion_70" class="collapse job_list___sub_multi_collapse" id="job_list___sub_collapse_70_1"><div class="card-body"><div class="work-item"><div class="alert alert-success test-outcome" role="alert"><p>worker outcome: normal</p><p>test outcome: killed</p></div></div><pre class="location"><a href="pycharm://open?file=stack4.py&amp;line=86" class="text-secondary"><button class="btn btn-outline-dark">stack4.py, start pos: (86, 25), end pos: (86, 26)</button></a></pre><pre>operator: core/NumberReplacer, occurrence: 10</pre><div class="alert alert-secondary"><pre class="diff">--- mutation diff ---
--- astack4.py
+++ bstack4.py
@@ -83,7 +83,7 @@
         while curr:
             display += str(curr.data) + ', '
             curr = curr.next
-        return display[:-2] + ')'
+        return display[:- 3] + ')'
 
 
 class Stack(object):</pre></div><div class="alert alert-secondary"><pre class="diff">============================= test session starts ==============================
platform linux -- Python 3.10.10, pytest-7.2.1, pluggy-1.0.0
rootdir: /home/auri/temp/lucca/python_experiments/stack4
collected 46 items

MIO-MOSA-WHOLE_SUITE/test_stack4_MIO.py ...............F....             [ 43%]
MIO-MOSA-WHOLE_SUITE/test_stack4_MOSA.py .F.FFF...F.......               [ 80%]
MIO-MOSA-WHOLE_SUITE/test_stack4_WHOLE_SUITE.py .........                [100%]

=========================== short test summary info ============================
FAILED MIO-MOSA-WHOLE_SUITE/test_stack4_MIO.py::test_case_15 - AssertionError...
FAILED MIO-MOSA-WHOLE_SUITE/test_stack4_MOSA.py::test_case_1 - AssertionError...
FAILED MIO-MOSA-WHOLE_SUITE/test_stack4_MOSA.py::test_case_3 - AssertionError...
FAILED MIO-MOSA-WHOLE_SUITE/test_stack4_MOSA.py::test_case_4 - AssertionError...
FAILED MIO-MOSA-WHOLE_SUITE/test_stack4_MOSA.py::test_case_5 - AssertionError...
FAILED MIO-MOSA-WHOLE_SUITE/test_stack4_MOSA.py::test_case_9 - AssertionError...
========================= 6 failed, 40 passed in 0.07s =========================
</pre></div></div></div></div></div><div class="mb-1" id="job_list___sub_accordion_71"><div class="card"><a data-toggle="collapse" data-target="#job_list___sub_collapse_71_1" aria-expanded="false" aria-controls="job_list___sub_collapse_71_1" href="#" class="job_list___sub_multi_heading"><div role="alert" class="card-header alert-success" id="job_list___sub_heading_71_1"><button class="btn btn-outline-success"><span class="job_id">71 : Job ID b1ed28171e784f09a5f6452e28b1e449</span></button></div></a><div aria-labelledby="job_list___sub_heading_71_1" data-parent="#job_list___sub_accordion_71" class="collapse job_list___sub_multi_collapse" id="job_list___sub_collapse_71_1"><div class="card-body"><div class="work-item"><div class="alert alert-success test-outcome" role="alert"><p>worker outcome: normal</p><p>test outcome: killed</p></div></div><pre class="location"><a href="pycharm://open?file=stack4.py&amp;line=86" class="text-secondary"><button class="btn btn-outline-dark">stack4.py, start pos: (86, 25), end pos: (86, 26)</button></a></pre><pre>operator: core/NumberReplacer, occurrence: 11</pre><div class="alert alert-secondary"><pre class="diff">--- mutation diff ---
--- astack4.py
+++ bstack4.py
@@ -83,7 +83,7 @@
         while curr:
             display += str(curr.data) + ', '
             curr = curr.next
-        return display[:-2] + ')'
+        return display[:- 1] + ')'
 
 
 class Stack(object):</pre></div><div class="alert alert-secondary"><pre class="diff">============================= test session starts ==============================
platform linux -- Python 3.10.10, pytest-7.2.1, pluggy-1.0.0
rootdir: /home/auri/temp/lucca/python_experiments/stack4
collected 46 items

MIO-MOSA-WHOLE_SUITE/test_stack4_MIO.py ...............F....             [ 43%]
MIO-MOSA-WHOLE_SUITE/test_stack4_MOSA.py .F.FFF...F.......               [ 80%]
MIO-MOSA-WHOLE_SUITE/test_stack4_WHOLE_SUITE.py .........                [100%]

=========================== short test summary info ============================
FAILED MIO-MOSA-WHOLE_SUITE/test_stack4_MIO.py::test_case_15 - AssertionError...
FAILED MIO-MOSA-WHOLE_SUITE/test_stack4_MOSA.py::test_case_1 - AssertionError...
FAILED MIO-MOSA-WHOLE_SUITE/test_stack4_MOSA.py::test_case_3 - AssertionError...
FAILED MIO-MOSA-WHOLE_SUITE/test_stack4_MOSA.py::test_case_4 - AssertionError...
FAILED MIO-MOSA-WHOLE_SUITE/test_stack4_MOSA.py::test_case_5 - AssertionError...
FAILED MIO-MOSA-WHOLE_SUITE/test_stack4_MOSA.py::test_case_9 - AssertionError...
========================= 6 failed, 40 passed in 0.06s =========================
</pre></div></div></div></div></div><div class="mb-1" id="job_list___sub_accordion_72"><div class="card"><a data-toggle="collapse" data-target="#job_list___sub_collapse_72_1" aria-expanded="false" aria-controls="job_list___sub_collapse_72_1" href="#" class="job_list___sub_multi_heading"><div role="alert" class="card-header alert-success" id="job_list___sub_heading_72_1"><button class="btn btn-outline-success"><span class="job_id">72 : Job ID 64ca351d3f3348e8aca505562cc74d0e</span></button></div></a><div aria-labelledby="job_list___sub_heading_72_1" data-parent="#job_list___sub_accordion_72" class="collapse job_list___sub_multi_collapse" id="job_list___sub_collapse_72_1"><div class="card-body"><div class="work-item"><div class="alert alert-success test-outcome" role="alert"><p>worker outcome: normal</p><p>test outcome: killed</p></div></div><pre class="location"><a href="pycharm://open?file=stack4.py&amp;line=34" class="text-secondary"><button class="btn btn-outline-dark">stack4.py, start pos: (34, 23), end pos: (34, 27)</button></a></pre><pre>operator: core/ZeroIterationForLoop, occurrence: 0</pre><div class="alert alert-secondary"><pre class="diff">--- mutation diff ---
--- astack4.py
+++ bstack4.py
@@ -31,7 +31,7 @@
         self._length = 0
         self.head = None
         try:
-            for val in data:
+            for val in []:
                 self.push(val)
         except TypeError:
             if data:</pre></div><div class="alert alert-secondary"><pre class="diff">============================= test session starts ==============================
platform linux -- Python 3.10.10, pytest-7.2.1, pluggy-1.0.0
rootdir: /home/auri/temp/lucca/python_experiments/stack4
collected 46 items

MIO-MOSA-WHOLE_SUITE/test_stack4_MIO.py ..F.....F...F..FF...             [ 43%]
MIO-MOSA-WHOLE_SUITE/test_stack4_MOSA.py .F.FFF...F....FFF               [ 80%]
MIO-MOSA-WHOLE_SUITE/test_stack4_WHOLE_SUITE.py ..F..FF..                [100%]

=========================== short test summary info ============================
FAILED MIO-MOSA-WHOLE_SUITE/test_stack4_MIO.py::test_case_2 - AssertionError:...
FAILED MIO-MOSA-WHOLE_SUITE/test_stack4_MIO.py::test_case_8 - AssertionError:...
FAILED MIO-MOSA-WHOLE_SUITE/test_stack4_MIO.py::test_case_12 - AssertionError...
FAILED MIO-MOSA-WHOLE_SUITE/test_stack4_MIO.py::test_case_15 - AssertionError...
FAILED MIO-MOSA-WHOLE_SUITE/test_stack4_MIO.py::test_case_16 - AssertionError...
FAILED MIO-MOSA-WHOLE_SUITE/test_stack4_MOSA.py::test_case_1 - AssertionError...
FAILED MIO-MOSA-WHOLE_SUITE/test_stack4_MOSA.py::test_case_3 - AssertionError...
FAILED MIO-MOSA-WHOLE_SUITE/test_stack4_MOSA.py::test_case_4 - AssertionError...
FAILED MIO-MOSA-WHOLE_SUITE/test_stack4_MOSA.py::test_case_5 - AssertionError...
FAILED MIO-MOSA-WHOLE_SUITE/test_stack4_MOSA.py::test_case_9 - AssertionError...
FAILED MIO-MOSA-WHOLE_SUITE/test_stack4_MOSA.py::test_case_14 - AssertionErro...
FAILED MIO-MOSA-WHOLE_SUITE/test_stack4_MOSA.py::test_case_15 - AssertionErro...
FAILED MIO-MOSA-WHOLE_SUITE/test_stack4_MOSA.py::test_case_16 - AssertionErro...
FAILED MIO-MOSA-WHOLE_SUITE/test_stack4_WHOLE_SUITE.py::test_case_2 - Asserti...
FAILED MIO-MOSA-WHOLE_SUITE/test_stack4_WHOLE_SUITE.py::test_case_5 - Asserti...
FAILED MIO-MOSA-WHOLE_SUITE/test_stack4_WHOLE_SUITE.py::test_case_6 - IndexEr...
======================== 16 failed, 30 passed in 0.07s =========================
</pre></div></div></div></div></div></div></div></div></div></div><script src="https://code.jquery.com/jquery-3.3.1.slim.min.js" integrity="sha384-q8i/X+965DzO0rT7abK41JStQIAqVgRVzpbzo5smXKp4YfRvH+8abtTE1Pi6jizo" crossorigin="anonymous"></script><script src="https://cdnjs.cloudflare.com/ajax/libs/popper.js/1.14.7/umd/popper.min.js" integrity="sha384-UO2eT0CpHqdSJQ6hJty5KVphtPhzWj9WO1clHTMGa3JDZwrnQq4sF86dIHNDz0W1" crossorigin="anonymous"></script><script src="https://stackpath.bootstrapcdn.com/bootstrap/4.3.1/js/bootstrap.min.js" integrity="sha384-JjSmVgyd0p3pXB1rRibZUAYoIIy6OrQ6VrjIEaFf/nJGzIxFDsf4x0xIM+B07jRM" crossorigin="anonymous"></script><script type="text/javascript">$('div.job_list___sub_multi_collapse').on('shown.bs.collapse',  function () {    correct_behavior_functional_buttons();  });$('div.job_list___sub_multi_collapse').on('hidden.bs.collapse',  function () {    correct_behavior_functional_buttons();  });function correct_behavior_functional_buttons() {    var expand = false;    var collapse = false;    $('a.job_list___sub_multi_heading').each(function(index) {      if ($(this).attr('aria-expanded') == 'false') {        expand = true;        return false;      };    });    $('a.job_list___sub_multi_heading').each(function(index) {      if ($(this).attr('aria-expanded') == 'true') {        collapse = true;        return false;      };    });    if (expand) {      $('div#job_item_expand_all').css('display', 'inline-block');    } else {      $('div#job_item_expand_all').css('display', 'none');    };    if (collapse) {      $('div#job_item_collapse_all').css('display', 'inline-block');    } else {      $('div#job_item_collapse_all').css('display', 'none');    };  };correct_behavior_functional_buttons();</script></body></html>
