[*] Start mutation process:
   - targets: stack1.py
   - tests: ./MIO-WHOLE_SUITE
[*] 32 tests passed:
   - test_stack1_MIO [0.05542 s]
   - test_stack1_WHOLE_SUITE [0.04448 s]
[*] Start mutants generation and execution:
   - [#   1] AOR stack1: 
--------------------------------------------------------------------------------
   90:         The add function can also be accessed via the ``operator``
   91:         module.
   92:     """
   93:     stack = Stack()
-  94:     ops = {'+': lambda a, b: (a + b), \
+  94:     ops = {'+': lambda a, b: (a - b), \
   95:         '-': lambda a, b: (a - b), \
   96:         '*': lambda a, b: (a * b), \
   97:         '/': lambda a, b: (a / b), \
   98:         '%': lambda a, b: (a % b), \
--------------------------------------------------------------------------------
[0.06399 s] survived
   - [#   2] AOR stack1: 
--------------------------------------------------------------------------------
   91:         module.
   92:     """
   93:     stack = Stack()
   94:     ops = {'+': lambda a, b: (a + b), \
-  95:         '-': lambda a, b: (a - b), \
+  95:         '-': lambda a, b: (a + b), \
   96:         '*': lambda a, b: (a * b), \
   97:         '/': lambda a, b: (a / b), \
   98:         '%': lambda a, b: (a % b), \
   99:         '^': lambda a, b: (a ** b)}
--------------------------------------------------------------------------------
[0.06341 s] survived
   - [#   3] AOR stack1: 
--------------------------------------------------------------------------------
   92:     """
   93:     stack = Stack()
   94:     ops = {'+': lambda a, b: (a + b), \
   95:         '-': lambda a, b: (a - b), \
-  96:         '*': lambda a, b: (a * b), \
+  96:         '*': lambda a, b: (a / b), \
   97:         '/': lambda a, b: (a / b), \
   98:         '%': lambda a, b: (a % b), \
   99:         '^': lambda a, b: (a ** b)}
  100:     
--------------------------------------------------------------------------------
[0.06379 s] survived
   - [#   4] AOR stack1: 
--------------------------------------------------------------------------------
   92:     """
   93:     stack = Stack()
   94:     ops = {'+': lambda a, b: (a + b), \
   95:         '-': lambda a, b: (a - b), \
-  96:         '*': lambda a, b: (a * b), \
+  96:         '*': lambda a, b: (a // b), \
   97:         '/': lambda a, b: (a / b), \
   98:         '%': lambda a, b: (a % b), \
   99:         '^': lambda a, b: (a ** b)}
  100:     
--------------------------------------------------------------------------------
[0.06432 s] survived
   - [#   5] AOR stack1: 
--------------------------------------------------------------------------------
   92:     """
   93:     stack = Stack()
   94:     ops = {'+': lambda a, b: (a + b), \
   95:         '-': lambda a, b: (a - b), \
-  96:         '*': lambda a, b: (a * b), \
+  96:         '*': lambda a, b: (a ** b), \
   97:         '/': lambda a, b: (a / b), \
   98:         '%': lambda a, b: (a % b), \
   99:         '^': lambda a, b: (a ** b)}
  100:     
--------------------------------------------------------------------------------
[0.06467 s] survived
   - [#   6] AOR stack1: 
--------------------------------------------------------------------------------
   93:     stack = Stack()
   94:     ops = {'+': lambda a, b: (a + b), \
   95:         '-': lambda a, b: (a - b), \
   96:         '*': lambda a, b: (a * b), \
-  97:         '/': lambda a, b: (a / b), \
+  97:         '/': lambda a, b: (a // b), \
   98:         '%': lambda a, b: (a % b), \
   99:         '^': lambda a, b: (a ** b)}
  100:     
  101:     
--------------------------------------------------------------------------------
[0.06503 s] survived
   - [#   7] AOR stack1: 
--------------------------------------------------------------------------------
   93:     stack = Stack()
   94:     ops = {'+': lambda a, b: (a + b), \
   95:         '-': lambda a, b: (a - b), \
   96:         '*': lambda a, b: (a * b), \
-  97:         '/': lambda a, b: (a / b), \
+  97:         '/': lambda a, b: (a * b), \
   98:         '%': lambda a, b: (a % b), \
   99:         '^': lambda a, b: (a ** b)}
  100:     
  101:     
--------------------------------------------------------------------------------
[0.06492 s] survived
   - [#   8] AOR stack1: 
--------------------------------------------------------------------------------
   94:     ops = {'+': lambda a, b: (a + b), \
   95:         '-': lambda a, b: (a - b), \
   96:         '*': lambda a, b: (a * b), \
   97:         '/': lambda a, b: (a / b), \
-  98:         '%': lambda a, b: (a % b), \
+  98:         '%': lambda a, b: (a * b), \
   99:         '^': lambda a, b: (a ** b)}
  100:     
  101:     
  102:     tokens = string.split(' ')
--------------------------------------------------------------------------------
[0.06422 s] survived
   - [#   9] AOR stack1: 
--------------------------------------------------------------------------------
   95:         '-': lambda a, b: (a - b), \
   96:         '*': lambda a, b: (a * b), \
   97:         '/': lambda a, b: (a / b), \
   98:         '%': lambda a, b: (a % b), \
-  99:         '^': lambda a, b: (a ** b)}
+  99:         '^': lambda a, b: (a * b)}
  100:     
  101:     
  102:     tokens = string.split(' ')
  103:     
--------------------------------------------------------------------------------
[0.06439 s] survived
   - [#  10] ASR stack1: 
--------------------------------------------------------------------------------
   22:             
   23:             self.top = item2
   24:             item2.next = item1
   25:         
-  26:         self.size += 1
+  26:         self.size -= 1
   27:     
   28:     def pop(self):
   29:         if self.top is None:
   30:             raise ValueError()
--------------------------------------------------------------------------------
[0.07161 s] killed by MIO-WHOLE_SUITE/test_stack1_WHOLE_SUITE.py::test_case_1

def test_case_1():
        float_0 = -1074.68
        stack_node_0 = module_0.StackNode(float_0)
        stack_0 = module_0.Stack()
        assert len(stack_0) == 0
        stack_node_1 = module_0.StackNode(stack_0)
        assert len(stack_node_1.data) == 0
        stack_1 = module_0.Stack()
        assert len(stack_1) == 0
        var_0 = stack_1.push(stack_1)
>       assert len(stack_1) == 1
E       ValueError: __len__() should return >= 0

MIO-WHOLE_SUITE/test_stack1_WHOLE_SUITE.py:22: ValueError
   - [#  11] ASR stack1: 
--------------------------------------------------------------------------------
   31:         else:
   32:             top_data = self.top.data
   33:             
   34:             self.top = self.top.next
-  35:             self.size -= 1
+  35:             self.size += 1
   36:             return top_data
   37:     
   38:     def peek(self):
   39:         if self.top is None:
--------------------------------------------------------------------------------
[0.09846 s] killed by MIO-WHOLE_SUITE/test_stack1_WHOLE_SUITE.py::test_case_11

def test_case_11():
        str_0 = 'a"e{v#}1l$1\rqjR!'
        var_0 = module_0.check_parenthesis(str_0)
>       assert var_0 is True
E       AssertionError

MIO-WHOLE_SUITE/test_stack1_WHOLE_SUITE.py:88: AssertionError
   - [#  12] CDI stack1: 
--------------------------------------------------------------------------------
    3:     thomas moll 2015
    4: '''
    5: 
    6: class Stack(object):
-   7:     def __init__(self):
-   8:         self.size = 0
-   9:         self.top = None
-  10:     
+   7:     @classmethod
+   8:     def __init__(self):
+   9:         self.size = 0
+  10:         self.top = None
   11:     def __len__(self):
   12:         return self.size
   13:     
   14:     def push(self, item):
--------------------------------------------------------------------------------
[0.06511 s] survived
   - [#  13] CDI stack1: 
--------------------------------------------------------------------------------
    7:     def __init__(self):
    8:         self.size = 0
    9:         self.top = None
   10:     
-  11:     def __len__(self):
-  12:         return self.size
-  13:     
+  11:     @classmethod
+  12:     def __len__(self):
+  13:         return self.size
   14:     def push(self, item):
   15:         if self.top is None:
   16:             self.top = StackNode(item)
   17:         else:
--------------------------------------------------------------------------------
[0.07083 s] killed by MIO-WHOLE_SUITE/test_stack1_WHOLE_SUITE.py::test_case_1

def test_case_1():
        float_0 = -1074.68
        stack_node_0 = module_0.StackNode(float_0)
        stack_0 = module_0.Stack()
>       assert len(stack_0) == 0

MIO-WHOLE_SUITE/test_stack1_WHOLE_SUITE.py:16: 
_ _ _ _ _ _ _ _ _ _ _ _ _ _ _ _ _ _ _ _ _ _ _ _ _ _ _ _ _ _ _ _ _ _ _ _ _ _ _ _ 

self = <class 'stack1.Stack'>

>   ???
E   AttributeError: type object 'Stack' has no attribute 'size'

stack1:13: AttributeError
   - [#  14] CDI stack1: 
--------------------------------------------------------------------------------
   10:     
   11:     def __len__(self):
   12:         return self.size
   13:     
-  14:     def push(self, item):
-  15:         if self.top is None:
-  16:             self.top = StackNode(item)
-  17:         else:
-  18:             
-  19:             item1 = self.top
-  20:             item2 = StackNode(item)
-  21:             
+  14:     @classmethod
+  15:     def push(self, item):
+  16:         if self.top is None:
+  17:             self.top = StackNode(item)
+  18:         else:
+  19:             
+  20:             item1 = self.top
+  21:             item2 = StackNode(item)
   22:             
-  23:             self.top = item2
-  24:             item2.next = item1
-  25:         
-  26:         self.size += 1
-  27:     
+  23:             
+  24:             self.top = item2
+  25:             item2.next = item1
+  26:         
+  27:         self.size += 1
   28:     def pop(self):
   29:         if self.top is None:
   30:             raise ValueError()
   31:         else:
--------------------------------------------------------------------------------
[0.07056 s] killed by MIO-WHOLE_SUITE/test_stack1_WHOLE_SUITE.py::test_case_1

def test_case_1():
        float_0 = -1074.68
        stack_node_0 = module_0.StackNode(float_0)
        stack_0 = module_0.Stack()
        assert len(stack_0) == 0
        stack_node_1 = module_0.StackNode(stack_0)
        assert len(stack_node_1.data) == 0
        stack_1 = module_0.Stack()
        assert len(stack_1) == 0
>       var_0 = stack_1.push(stack_1)

MIO-WHOLE_SUITE/test_stack1_WHOLE_SUITE.py:21: 
_ _ _ _ _ _ _ _ _ _ _ _ _ _ _ _ _ _ _ _ _ _ _ _ _ _ _ _ _ _ _ _ _ _ _ _ _ _ _ _ 

self = <class 'stack1.Stack'>, item = <stack1.Stack object at 0x7f34849685e0>

>   ???
E   AttributeError: type object 'Stack' has no attribute 'top'. Did you mean: 'pop'?

stack1:16: AttributeError
   - [#  15] CDI stack1: 
--------------------------------------------------------------------------------
   24:             item2.next = item1
   25:         
   26:         self.size += 1
   27:     
-  28:     def pop(self):
-  29:         if self.top is None:
-  30:             raise ValueError()
-  31:         else:
-  32:             top_data = self.top.data
-  33:             
-  34:             self.top = self.top.next
-  35:             self.size -= 1
-  36:             return top_data
-  37:     
+  28:     @classmethod
+  29:     def pop(self):
+  30:         if self.top is None:
+  31:             raise ValueError()
+  32:         else:
+  33:             top_data = self.top.data
+  34:             
+  35:             self.top = self.top.next
+  36:             self.size -= 1
+  37:             return top_data
   38:     def peek(self):
   39:         if self.top is None:
   40:             raise ValueError()
   41:         else:
--------------------------------------------------------------------------------
[0.07303 s] killed by MIO-WHOLE_SUITE/test_stack1_WHOLE_SUITE.py::test_case_0

def test_case_0():
        str_0 = '+'
        var_0 = module_0.check_parenthesis(str_0)
        assert var_0 is True
        with pytest.raises(ValueError):
>           module_0.postfix_eval(str_0)

MIO-WHOLE_SUITE/test_stack1_WHOLE_SUITE.py:10: 
_ _ _ _ _ _ _ _ _ _ _ _ _ _ _ _ _ _ _ _ _ _ _ _ _ _ _ _ _ _ _ _ _ _ _ _ _ _ _ _ 
stack1:109: in postfix_eval
    ???
_ _ _ _ _ _ _ _ _ _ _ _ _ _ _ _ _ _ _ _ _ _ _ _ _ _ _ _ _ _ _ _ _ _ _ _ _ _ _ _ 

self = <class 'stack1.Stack'>

>   ???
E   AttributeError: type object 'Stack' has no attribute 'top'. Did you mean: 'pop'?

stack1:30: AttributeError
   - [#  16] CDI stack1: 
--------------------------------------------------------------------------------
   34:             self.top = self.top.next
   35:             self.size -= 1
   36:             return top_data
   37:     
-  38:     def peek(self):
-  39:         if self.top is None:
-  40:             raise ValueError()
-  41:         else:
-  42:             return self.top.data
-  43: 
+  38:     @classmethod
+  39:     def peek(self):
+  40:         if self.top is None:
+  41:             raise ValueError()
+  42:         else:
+  43:             return self.top.data
   44: class StackNode(object):
   45:     ''' Look familiar? '''
   46:     def __init__(self, item):
   47:         self.data = item
--------------------------------------------------------------------------------
[0.07007 s] killed by MIO-WHOLE_SUITE/test_stack1_WHOLE_SUITE.py::test_case_1

def test_case_1():
        float_0 = -1074.68
        stack_node_0 = module_0.StackNode(float_0)
        stack_0 = module_0.Stack()
        assert len(stack_0) == 0
        stack_node_1 = module_0.StackNode(stack_0)
        assert len(stack_node_1.data) == 0
        stack_1 = module_0.Stack()
        assert len(stack_1) == 0
        var_0 = stack_1.push(stack_1)
        assert len(stack_1) == 1
        var_1 = stack_1.push(float_0)
        assert len(stack_1) == 2
>       var_2 = stack_1.peek()

MIO-WHOLE_SUITE/test_stack1_WHOLE_SUITE.py:25: 
_ _ _ _ _ _ _ _ _ _ _ _ _ _ _ _ _ _ _ _ _ _ _ _ _ _ _ _ _ _ _ _ _ _ _ _ _ _ _ _ 

self = <class 'stack1.Stack'>

>   ???
E   AttributeError: type object 'Stack' has no attribute 'top'. Did you mean: 'pop'?

stack1:40: AttributeError
   - [#  17] CDI stack1: 
--------------------------------------------------------------------------------
   42:             return self.top.data
   43: 
   44: class StackNode(object):
   45:     ''' Look familiar? '''
-  46:     def __init__(self, item):
-  47:         self.data = item
-  48:         self.next = None
-  49: 
+  46:     @classmethod
+  47:     def __init__(self, item):
+  48:         self.data = item
+  49:         self.next = None
   50: def check_parenthesis(string):
   51:     stack = Stack()
   52:     
   53:     brackets = {'{': '}', '[': ']', '(': ')'}
--------------------------------------------------------------------------------
[0.06570 s] survived
   - [#  18] COI stack1: 
--------------------------------------------------------------------------------
   11:     def __len__(self):
   12:         return self.size
   13:     
   14:     def push(self, item):
-  15:         if self.top is None:
+  15:         if not (self.top is None):
   16:             self.top = StackNode(item)
   17:         else:
   18:             
   19:             item1 = self.top
--------------------------------------------------------------------------------
[0.06582 s] survived
   - [#  19] COI stack1: 
--------------------------------------------------------------------------------
   25:         
   26:         self.size += 1
   27:     
   28:     def pop(self):
-  29:         if self.top is None:
+  29:         if not (self.top is None):
   30:             raise ValueError()
   31:         else:
   32:             top_data = self.top.data
   33:             
--------------------------------------------------------------------------------
[0.07239 s] killed by MIO-WHOLE_SUITE/test_stack1_WHOLE_SUITE.py::test_case_0

def test_case_0():
        str_0 = '+'
        var_0 = module_0.check_parenthesis(str_0)
        assert var_0 is True
        with pytest.raises(ValueError):
>           module_0.postfix_eval(str_0)

MIO-WHOLE_SUITE/test_stack1_WHOLE_SUITE.py:10: 
_ _ _ _ _ _ _ _ _ _ _ _ _ _ _ _ _ _ _ _ _ _ _ _ _ _ _ _ _ _ _ _ _ _ _ _ _ _ _ _ 
stack1:109: in postfix_eval
    ???
_ _ _ _ _ _ _ _ _ _ _ _ _ _ _ _ _ _ _ _ _ _ _ _ _ _ _ _ _ _ _ _ _ _ _ _ _ _ _ _ 

self = <stack1.Stack object at 0x7f34848f72b0>

>   ???
E   AttributeError: 'NoneType' object has no attribute 'data'

stack1:32: AttributeError
   - [#  20] COI stack1: 
--------------------------------------------------------------------------------
   35:             self.size -= 1
   36:             return top_data
   37:     
   38:     def peek(self):
-  39:         if self.top is None:
+  39:         if not (self.top is None):
   40:             raise ValueError()
   41:         else:
   42:             return self.top.data
   43: 
--------------------------------------------------------------------------------
[0.07154 s] killed by MIO-WHOLE_SUITE/test_stack1_WHOLE_SUITE.py::test_case_1

def test_case_1():
        float_0 = -1074.68
        stack_node_0 = module_0.StackNode(float_0)
        stack_0 = module_0.Stack()
        assert len(stack_0) == 0
        stack_node_1 = module_0.StackNode(stack_0)
        assert len(stack_node_1.data) == 0
        stack_1 = module_0.Stack()
        assert len(stack_1) == 0
        var_0 = stack_1.push(stack_1)
        assert len(stack_1) == 1
        var_1 = stack_1.push(float_0)
        assert len(stack_1) == 2
>       var_2 = stack_1.peek()

MIO-WHOLE_SUITE/test_stack1_WHOLE_SUITE.py:25: 
_ _ _ _ _ _ _ _ _ _ _ _ _ _ _ _ _ _ _ _ _ _ _ _ _ _ _ _ _ _ _ _ _ _ _ _ _ _ _ _ 

self = <stack1.Stack object at 0x7f34848c7280>

>   ???
E   ValueError

stack1:40: ValueError
   - [#  21] COI stack1: 
--------------------------------------------------------------------------------
   53:     brackets = {'{': '}', '[': ']', '(': ')'}
   54:     
   55:     for character in string:
   56:         
-  57:         if character in brackets.keys():
+  57:         if not (character in brackets.keys()):
   58:             stack.push(character)
   59:         
   60:         
   61:         if character in brackets.values():
--------------------------------------------------------------------------------
[0.06868 s] killed by MIO-WHOLE_SUITE/test_stack1_WHOLE_SUITE.py::test_case_0

def test_case_0():
        str_0 = '+'
        var_0 = module_0.check_parenthesis(str_0)
>       assert var_0 is True
E       AssertionError

MIO-WHOLE_SUITE/test_stack1_WHOLE_SUITE.py:8: AssertionError
   - [#  22] COI stack1: 
--------------------------------------------------------------------------------
   53:     brackets = {'{': '}', '[': ']', '(': ')'}
   54:     
   55:     for character in string:
   56:         
-  57:         if character in brackets.keys():
+  57:         if character not in brackets.keys():
   58:             stack.push(character)
   59:         
   60:         
   61:         if character in brackets.values():
--------------------------------------------------------------------------------
[0.06969 s] killed by MIO-WHOLE_SUITE/test_stack1_WHOLE_SUITE.py::test_case_0

def test_case_0():
        str_0 = '+'
        var_0 = module_0.check_parenthesis(str_0)
>       assert var_0 is True
E       AssertionError

MIO-WHOLE_SUITE/test_stack1_WHOLE_SUITE.py:8: AssertionError
   - [#  23] COI stack1: 
--------------------------------------------------------------------------------
   57:         if character in brackets.keys():
   58:             stack.push(character)
   59:         
   60:         
-  61:         if character in brackets.values():
+  61:         if not (character in brackets.values()):
   62:             try:
   63:                 other = stack.pop()
   64:                 
   65:                 
--------------------------------------------------------------------------------
[0.07073 s] killed by MIO-WHOLE_SUITE/test_stack1_WHOLE_SUITE.py::test_case_0

def test_case_0():
        str_0 = '+'
        var_0 = module_0.check_parenthesis(str_0)
>       assert var_0 is True
E       AssertionError

MIO-WHOLE_SUITE/test_stack1_WHOLE_SUITE.py:8: AssertionError
   - [#  24] COI stack1: 
--------------------------------------------------------------------------------
   57:         if character in brackets.keys():
   58:             stack.push(character)
   59:         
   60:         
-  61:         if character in brackets.values():
+  61:         if character not in brackets.values():
   62:             try:
   63:                 other = stack.pop()
   64:                 
   65:                 
--------------------------------------------------------------------------------
[0.07093 s] killed by MIO-WHOLE_SUITE/test_stack1_WHOLE_SUITE.py::test_case_0

def test_case_0():
        str_0 = '+'
        var_0 = module_0.check_parenthesis(str_0)
>       assert var_0 is True
E       AssertionError

MIO-WHOLE_SUITE/test_stack1_WHOLE_SUITE.py:8: AssertionError
   - [#  25] COI stack1: 
--------------------------------------------------------------------------------
   62:             try:
   63:                 other = stack.pop()
   64:                 
   65:                 
-  66:                 if brackets[other] != character:
+  66:                 if not (brackets[other] != character):
   67:                     return False
   68:             
   69:             except ValueError:
   70:                 return False
--------------------------------------------------------------------------------
[0.07538 s] killed by MIO-WHOLE_SUITE/test_stack1_WHOLE_SUITE.py::test_case_9

def test_case_9():
        str_0 = 'K*{g\\\nq1p\\j~,7`]'
        var_0 = module_0.check_parenthesis(str_0)
>       assert var_0 is False
E       AssertionError

MIO-WHOLE_SUITE/test_stack1_WHOLE_SUITE.py:73: AssertionError
   - [#  26] COI stack1: 
--------------------------------------------------------------------------------
   68:             
   69:             except ValueError:
   70:                 return False
   71:     
-  72:     if stack.size != 0:
+  72:     if not (stack.size != 0):
   73:         return False
   74:     else:
   75:         
   76:         return True
--------------------------------------------------------------------------------
[0.06952 s] killed by MIO-WHOLE_SUITE/test_stack1_WHOLE_SUITE.py::test_case_0

def test_case_0():
        str_0 = '+'
        var_0 = module_0.check_parenthesis(str_0)
>       assert var_0 is True
E       AssertionError

MIO-WHOLE_SUITE/test_stack1_WHOLE_SUITE.py:8: AssertionError
   - [#  27] COI stack1: 
--------------------------------------------------------------------------------
  102:     tokens = string.split(' ')
  103:     
  104:     for character in tokens:
  105:         
- 106:         if character in ops.keys():
+ 106:         if not (character in ops.keys()):
  107:             try:
  108:                 
  109:                 right = stack.pop()
  110:                 left = stack.pop()
--------------------------------------------------------------------------------
[0.07900 s] killed by MIO-WHOLE_SUITE/test_stack1_WHOLE_SUITE.py::test_case_14

def test_case_14():
        str_0 = '3'
        stack_node_0 = module_0.StackNode(str_0)
>       var_0 = module_0.postfix_eval(str_0)

MIO-WHOLE_SUITE/test_stack1_WHOLE_SUITE.py:105: 
_ _ _ _ _ _ _ _ _ _ _ _ _ _ _ _ _ _ _ _ _ _ _ _ _ _ _ _ _ _ _ _ _ _ _ _ _ _ _ _ 
stack1:118: in postfix_eval
    ???
stack1:109: in postfix_eval
    ???
_ _ _ _ _ _ _ _ _ _ _ _ _ _ _ _ _ _ _ _ _ _ _ _ _ _ _ _ _ _ _ _ _ _ _ _ _ _ _ _ 

self = <stack1.Stack object at 0x7f34849c5120>

>   ???
E   ValueError

stack1:30: ValueError
   - [#  28] COI stack1: 
--------------------------------------------------------------------------------
  102:     tokens = string.split(' ')
  103:     
  104:     for character in tokens:
  105:         
- 106:         if character in ops.keys():
+ 106:         if character not in ops.keys():
  107:             try:
  108:                 
  109:                 right = stack.pop()
  110:                 left = stack.pop()
--------------------------------------------------------------------------------
[0.07980 s] killed by MIO-WHOLE_SUITE/test_stack1_WHOLE_SUITE.py::test_case_14

def test_case_14():
        str_0 = '3'
        stack_node_0 = module_0.StackNode(str_0)
>       var_0 = module_0.postfix_eval(str_0)

MIO-WHOLE_SUITE/test_stack1_WHOLE_SUITE.py:105: 
_ _ _ _ _ _ _ _ _ _ _ _ _ _ _ _ _ _ _ _ _ _ _ _ _ _ _ _ _ _ _ _ _ _ _ _ _ _ _ _ 
stack1:118: in postfix_eval
    ???
stack1:109: in postfix_eval
    ???
_ _ _ _ _ _ _ _ _ _ _ _ _ _ _ _ _ _ _ _ _ _ _ _ _ _ _ _ _ _ _ _ _ _ _ _ _ _ _ _ 

self = <stack1.Stack object at 0x7f34849d19f0>

>   ???
E   ValueError

stack1:30: ValueError
   - [#  29] COI stack1: 
--------------------------------------------------------------------------------
  126:             except ValueError as e:
  127:                 raise e
  128:     
  129:     
- 130:     if stack.size > 1:
+ 130:     if not (stack.size > 1):
  131:         raise ValueError()
  132:     
  133:     return stack.pop()
--------------------------------------------------------------------------------
[0.07783 s] killed by MIO-WHOLE_SUITE/test_stack1_WHOLE_SUITE.py::test_case_14

def test_case_14():
        str_0 = '3'
        stack_node_0 = module_0.StackNode(str_0)
>       var_0 = module_0.postfix_eval(str_0)

MIO-WHOLE_SUITE/test_stack1_WHOLE_SUITE.py:105: 
_ _ _ _ _ _ _ _ _ _ _ _ _ _ _ _ _ _ _ _ _ _ _ _ _ _ _ _ _ _ _ _ _ _ _ _ _ _ _ _ 

string = '3'

>   ???
E   ValueError

stack1:131: ValueError
   - [#  30] CRP stack1: 
--------------------------------------------------------------------------------
    4: '''
    5: 
    6: class Stack(object):
    7:     def __init__(self):
-   8:         self.size = 0
+   8:         self.size = 1
    9:         self.top = None
   10:     
   11:     def __len__(self):
   12:         return self.size
--------------------------------------------------------------------------------
[0.07344 s] killed by MIO-WHOLE_SUITE/test_stack1_WHOLE_SUITE.py::test_case_0

def test_case_0():
        str_0 = '+'
        var_0 = module_0.check_parenthesis(str_0)
>       assert var_0 is True
E       AssertionError

MIO-WHOLE_SUITE/test_stack1_WHOLE_SUITE.py:8: AssertionError
   - [#  31] CRP stack1: 
--------------------------------------------------------------------------------
   22:             
   23:             self.top = item2
   24:             item2.next = item1
   25:         
-  26:         self.size += 1
+  26:         self.size += 2
   27:     
   28:     def pop(self):
   29:         if self.top is None:
   30:             raise ValueError()
--------------------------------------------------------------------------------
[0.07204 s] killed by MIO-WHOLE_SUITE/test_stack1_WHOLE_SUITE.py::test_case_1

def test_case_1():
        float_0 = -1074.68
        stack_node_0 = module_0.StackNode(float_0)
        stack_0 = module_0.Stack()
        assert len(stack_0) == 0
        stack_node_1 = module_0.StackNode(stack_0)
        assert len(stack_node_1.data) == 0
        stack_1 = module_0.Stack()
        assert len(stack_1) == 0
        var_0 = stack_1.push(stack_1)
>       assert len(stack_1) == 1
E       AssertionError

MIO-WHOLE_SUITE/test_stack1_WHOLE_SUITE.py:22: AssertionError
   - [#  32] CRP stack1: 
--------------------------------------------------------------------------------
   31:         else:
   32:             top_data = self.top.data
   33:             
   34:             self.top = self.top.next
-  35:             self.size -= 1
+  35:             self.size -= 2
   36:             return top_data
   37:     
   38:     def peek(self):
   39:         if self.top is None:
--------------------------------------------------------------------------------
[0.09619 s] killed by MIO-WHOLE_SUITE/test_stack1_WHOLE_SUITE.py::test_case_11

def test_case_11():
        str_0 = 'a"e{v#}1l$1\rqjR!'
        var_0 = module_0.check_parenthesis(str_0)
>       assert var_0 is True
E       AssertionError

MIO-WHOLE_SUITE/test_stack1_WHOLE_SUITE.py:88: AssertionError
   - [#  33] CRP stack1: 
--------------------------------------------------------------------------------
   49: 
   50: def check_parenthesis(string):
   51:     stack = Stack()
   52:     
-  53:     brackets = {'{': '}', '[': ']', '(': ')'}
+  53:     brackets = {'mutpy': '}', '[': ']', '(': ')'}
   54:     
   55:     for character in string:
   56:         
   57:         if character in brackets.keys():
--------------------------------------------------------------------------------
[0.07973 s] killed by MIO-WHOLE_SUITE/test_stack1_WHOLE_SUITE.py::test_case_11

def test_case_11():
        str_0 = 'a"e{v#}1l$1\rqjR!'
        var_0 = module_0.check_parenthesis(str_0)
>       assert var_0 is True
E       AssertionError

MIO-WHOLE_SUITE/test_stack1_WHOLE_SUITE.py:88: AssertionError
   - [#  34] CRP stack1: 
--------------------------------------------------------------------------------
   49: 
   50: def check_parenthesis(string):
   51:     stack = Stack()
   52:     
-  53:     brackets = {'{': '}', '[': ']', '(': ')'}
+  53:     brackets = {'': '}', '[': ']', '(': ')'}
   54:     
   55:     for character in string:
   56:         
   57:         if character in brackets.keys():
--------------------------------------------------------------------------------
[0.07901 s] killed by MIO-WHOLE_SUITE/test_stack1_WHOLE_SUITE.py::test_case_11

def test_case_11():
        str_0 = 'a"e{v#}1l$1\rqjR!'
        var_0 = module_0.check_parenthesis(str_0)
>       assert var_0 is True
E       AssertionError

MIO-WHOLE_SUITE/test_stack1_WHOLE_SUITE.py:88: AssertionError
   - [#  35] CRP stack1: 
--------------------------------------------------------------------------------
   49: 
   50: def check_parenthesis(string):
   51:     stack = Stack()
   52:     
-  53:     brackets = {'{': '}', '[': ']', '(': ')'}
+  53:     brackets = {'{': '}', 'mutpy': ']', '(': ')'}
   54:     
   55:     for character in string:
   56:         
   57:         if character in brackets.keys():
--------------------------------------------------------------------------------
[0.07695 s] killed by MIO-WHOLE_SUITE/test_stack1_WHOLE_SUITE.py::test_case_5

def test_case_5():
        str_0 = '%V[^8\x0b3#niiMS&'
        var_0 = module_0.check_parenthesis(str_0)
>       assert var_0 is False
E       AssertionError

MIO-WHOLE_SUITE/test_stack1_WHOLE_SUITE.py:50: AssertionError
   - [#  36] CRP stack1: 
--------------------------------------------------------------------------------
   49: 
   50: def check_parenthesis(string):
   51:     stack = Stack()
   52:     
-  53:     brackets = {'{': '}', '[': ']', '(': ')'}
+  53:     brackets = {'{': '}', '': ']', '(': ')'}
   54:     
   55:     for character in string:
   56:         
   57:         if character in brackets.keys():
--------------------------------------------------------------------------------
[0.07765 s] killed by MIO-WHOLE_SUITE/test_stack1_WHOLE_SUITE.py::test_case_5

def test_case_5():
        str_0 = '%V[^8\x0b3#niiMS&'
        var_0 = module_0.check_parenthesis(str_0)
>       assert var_0 is False
E       AssertionError

MIO-WHOLE_SUITE/test_stack1_WHOLE_SUITE.py:50: AssertionError
   - [#  37] CRP stack1: 
--------------------------------------------------------------------------------
   49: 
   50: def check_parenthesis(string):
   51:     stack = Stack()
   52:     
-  53:     brackets = {'{': '}', '[': ']', '(': ')'}
+  53:     brackets = {'{': '}', '[': ']', 'mutpy': ')'}
   54:     
   55:     for character in string:
   56:         
   57:         if character in brackets.keys():
--------------------------------------------------------------------------------
[0.06727 s] survived
   - [#  38] CRP stack1: 
--------------------------------------------------------------------------------
   49: 
   50: def check_parenthesis(string):
   51:     stack = Stack()
   52:     
-  53:     brackets = {'{': '}', '[': ']', '(': ')'}
+  53:     brackets = {'{': '}', '[': ']', '': ')'}
   54:     
   55:     for character in string:
   56:         
   57:         if character in brackets.keys():
--------------------------------------------------------------------------------
[0.06744 s] survived
   - [#  39] CRP stack1: 
--------------------------------------------------------------------------------
   49: 
   50: def check_parenthesis(string):
   51:     stack = Stack()
   52:     
-  53:     brackets = {'{': '}', '[': ']', '(': ')'}
+  53:     brackets = {'{': 'mutpy', '[': ']', '(': ')'}
   54:     
   55:     for character in string:
   56:         
   57:         if character in brackets.keys():
--------------------------------------------------------------------------------
[0.07943 s] killed by MIO-WHOLE_SUITE/test_stack1_WHOLE_SUITE.py::test_case_11

def test_case_11():
        str_0 = 'a"e{v#}1l$1\rqjR!'
        var_0 = module_0.check_parenthesis(str_0)
>       assert var_0 is True
E       AssertionError

MIO-WHOLE_SUITE/test_stack1_WHOLE_SUITE.py:88: AssertionError
   - [#  40] CRP stack1: 
--------------------------------------------------------------------------------
   49: 
   50: def check_parenthesis(string):
   51:     stack = Stack()
   52:     
-  53:     brackets = {'{': '}', '[': ']', '(': ')'}
+  53:     brackets = {'{': '', '[': ']', '(': ')'}
   54:     
   55:     for character in string:
   56:         
   57:         if character in brackets.keys():
--------------------------------------------------------------------------------
[0.08015 s] killed by MIO-WHOLE_SUITE/test_stack1_WHOLE_SUITE.py::test_case_11

def test_case_11():
        str_0 = 'a"e{v#}1l$1\rqjR!'
        var_0 = module_0.check_parenthesis(str_0)
>       assert var_0 is True
E       AssertionError

MIO-WHOLE_SUITE/test_stack1_WHOLE_SUITE.py:88: AssertionError
   - [#  41] CRP stack1: 
--------------------------------------------------------------------------------
   49: 
   50: def check_parenthesis(string):
   51:     stack = Stack()
   52:     
-  53:     brackets = {'{': '}', '[': ']', '(': ')'}
+  53:     brackets = {'{': '}', '[': 'mutpy', '(': ')'}
   54:     
   55:     for character in string:
   56:         
   57:         if character in brackets.keys():
--------------------------------------------------------------------------------
[0.08968 s] killed by MIO-WHOLE_SUITE/test_stack1_MIO.py::test_case_9

def test_case_9():
        str_0 = '1~ZY[]TI0m%"BbE3G^'
        var_0 = module_0.check_parenthesis(str_0)
>       assert var_0 is True
E       AssertionError

MIO-WHOLE_SUITE/test_stack1_MIO.py:60: AssertionError
   - [#  42] CRP stack1: 
--------------------------------------------------------------------------------
   49: 
   50: def check_parenthesis(string):
   51:     stack = Stack()
   52:     
-  53:     brackets = {'{': '}', '[': ']', '(': ')'}
+  53:     brackets = {'{': '}', '[': '', '(': ')'}
   54:     
   55:     for character in string:
   56:         
   57:         if character in brackets.keys():
--------------------------------------------------------------------------------
[0.08751 s] killed by MIO-WHOLE_SUITE/test_stack1_MIO.py::test_case_9

def test_case_9():
        str_0 = '1~ZY[]TI0m%"BbE3G^'
        var_0 = module_0.check_parenthesis(str_0)
>       assert var_0 is True
E       AssertionError

MIO-WHOLE_SUITE/test_stack1_MIO.py:60: AssertionError
   - [#  43] CRP stack1: 
--------------------------------------------------------------------------------
   49: 
   50: def check_parenthesis(string):
   51:     stack = Stack()
   52:     
-  53:     brackets = {'{': '}', '[': ']', '(': ')'}
+  53:     brackets = {'{': '}', '[': ']', '(': 'mutpy'}
   54:     
   55:     for character in string:
   56:         
   57:         if character in brackets.keys():
--------------------------------------------------------------------------------
[0.08269 s] survived
   - [#  44] CRP stack1: 
--------------------------------------------------------------------------------
   49: 
   50: def check_parenthesis(string):
   51:     stack = Stack()
   52:     
-  53:     brackets = {'{': '}', '[': ']', '(': ')'}
+  53:     brackets = {'{': '}', '[': ']', '(': ''}
   54:     
   55:     for character in string:
   56:         
   57:         if character in brackets.keys():
--------------------------------------------------------------------------------
[0.06543 s] survived
   - [#  45] CRP stack1: 
--------------------------------------------------------------------------------
   68:             
   69:             except ValueError:
   70:                 return False
   71:     
-  72:     if stack.size != 0:
+  72:     if stack.size != 1:
   73:         return False
   74:     else:
   75:         
   76:         return True
--------------------------------------------------------------------------------
[0.06991 s] killed by MIO-WHOLE_SUITE/test_stack1_WHOLE_SUITE.py::test_case_0

def test_case_0():
        str_0 = '+'
        var_0 = module_0.check_parenthesis(str_0)
>       assert var_0 is True
E       AssertionError

MIO-WHOLE_SUITE/test_stack1_WHOLE_SUITE.py:8: AssertionError
   - [#  46] CRP stack1: 
--------------------------------------------------------------------------------
   90:         The add function can also be accessed via the ``operator``
   91:         module.
   92:     """
   93:     stack = Stack()
-  94:     ops = {'+': lambda a, b: (a + b), \
+  94:     ops = {'mutpy': lambda a, b: (a + b), \
   95:         '-': lambda a, b: (a - b), \
   96:         '*': lambda a, b: (a * b), \
   97:         '/': lambda a, b: (a / b), \
   98:         '%': lambda a, b: (a % b), \
--------------------------------------------------------------------------------
[0.06659 s] survived
   - [#  47] CRP stack1: 
--------------------------------------------------------------------------------
   90:         The add function can also be accessed via the ``operator``
   91:         module.
   92:     """
   93:     stack = Stack()
-  94:     ops = {'+': lambda a, b: (a + b), \
+  94:     ops = {'': lambda a, b: (a + b), \
   95:         '-': lambda a, b: (a - b), \
   96:         '*': lambda a, b: (a * b), \
   97:         '/': lambda a, b: (a / b), \
   98:         '%': lambda a, b: (a % b), \
--------------------------------------------------------------------------------
[0.06674 s] survived
   - [#  48] CRP stack1: 
--------------------------------------------------------------------------------
   91:         module.
   92:     """
   93:     stack = Stack()
   94:     ops = {'+': lambda a, b: (a + b), \
-  95:         '-': lambda a, b: (a - b), \
+  95:         'mutpy': lambda a, b: (a - b), \
   96:         '*': lambda a, b: (a * b), \
   97:         '/': lambda a, b: (a / b), \
   98:         '%': lambda a, b: (a % b), \
   99:         '^': lambda a, b: (a ** b)}
--------------------------------------------------------------------------------
[0.06743 s] survived
   - [#  49] CRP stack1: 
--------------------------------------------------------------------------------
   91:         module.
   92:     """
   93:     stack = Stack()
   94:     ops = {'+': lambda a, b: (a + b), \
-  95:         '-': lambda a, b: (a - b), \
+  95:         '': lambda a, b: (a - b), \
   96:         '*': lambda a, b: (a * b), \
   97:         '/': lambda a, b: (a / b), \
   98:         '%': lambda a, b: (a % b), \
   99:         '^': lambda a, b: (a ** b)}
--------------------------------------------------------------------------------
[0.06859 s] survived
   - [#  50] CRP stack1: 
--------------------------------------------------------------------------------
   92:     """
   93:     stack = Stack()
   94:     ops = {'+': lambda a, b: (a + b), \
   95:         '-': lambda a, b: (a - b), \
-  96:         '*': lambda a, b: (a * b), \
+  96:         'mutpy': lambda a, b: (a * b), \
   97:         '/': lambda a, b: (a / b), \
   98:         '%': lambda a, b: (a % b), \
   99:         '^': lambda a, b: (a ** b)}
  100:     
--------------------------------------------------------------------------------
[0.06757 s] survived
   - [#  51] CRP stack1: 
--------------------------------------------------------------------------------
   92:     """
   93:     stack = Stack()
   94:     ops = {'+': lambda a, b: (a + b), \
   95:         '-': lambda a, b: (a - b), \
-  96:         '*': lambda a, b: (a * b), \
+  96:         '': lambda a, b: (a * b), \
   97:         '/': lambda a, b: (a / b), \
   98:         '%': lambda a, b: (a % b), \
   99:         '^': lambda a, b: (a ** b)}
  100:     
--------------------------------------------------------------------------------
[0.06767 s] survived
   - [#  52] CRP stack1: 
--------------------------------------------------------------------------------
   93:     stack = Stack()
   94:     ops = {'+': lambda a, b: (a + b), \
   95:         '-': lambda a, b: (a - b), \
   96:         '*': lambda a, b: (a * b), \
-  97:         '/': lambda a, b: (a / b), \
+  97:         'mutpy': lambda a, b: (a / b), \
   98:         '%': lambda a, b: (a % b), \
   99:         '^': lambda a, b: (a ** b)}
  100:     
  101:     
--------------------------------------------------------------------------------
[0.06728 s] survived
   - [#  53] CRP stack1: 
--------------------------------------------------------------------------------
   93:     stack = Stack()
   94:     ops = {'+': lambda a, b: (a + b), \
   95:         '-': lambda a, b: (a - b), \
   96:         '*': lambda a, b: (a * b), \
-  97:         '/': lambda a, b: (a / b), \
+  97:         '': lambda a, b: (a / b), \
   98:         '%': lambda a, b: (a % b), \
   99:         '^': lambda a, b: (a ** b)}
  100:     
  101:     
--------------------------------------------------------------------------------
[0.06723 s] survived
   - [#  54] CRP stack1: 
--------------------------------------------------------------------------------
   94:     ops = {'+': lambda a, b: (a + b), \
   95:         '-': lambda a, b: (a - b), \
   96:         '*': lambda a, b: (a * b), \
   97:         '/': lambda a, b: (a / b), \
-  98:         '%': lambda a, b: (a % b), \
+  98:         'mutpy': lambda a, b: (a % b), \
   99:         '^': lambda a, b: (a ** b)}
  100:     
  101:     
  102:     tokens = string.split(' ')
--------------------------------------------------------------------------------
[0.08377 s] survived
   - [#  55] CRP stack1: 
--------------------------------------------------------------------------------
   94:     ops = {'+': lambda a, b: (a + b), \
   95:         '-': lambda a, b: (a - b), \
   96:         '*': lambda a, b: (a * b), \
   97:         '/': lambda a, b: (a / b), \
-  98:         '%': lambda a, b: (a % b), \
+  98:         '': lambda a, b: (a % b), \
   99:         '^': lambda a, b: (a ** b)}
  100:     
  101:     
  102:     tokens = string.split(' ')
--------------------------------------------------------------------------------
[0.06500 s] survived
   - [#  56] CRP stack1: 
--------------------------------------------------------------------------------
   95:         '-': lambda a, b: (a - b), \
   96:         '*': lambda a, b: (a * b), \
   97:         '/': lambda a, b: (a / b), \
   98:         '%': lambda a, b: (a % b), \
-  99:         '^': lambda a, b: (a ** b)}
+  99:         'mutpy': lambda a, b: (a ** b)}
  100:     
  101:     
  102:     tokens = string.split(' ')
  103:     
--------------------------------------------------------------------------------
[0.06709 s] survived
   - [#  57] CRP stack1: 
--------------------------------------------------------------------------------
   95:         '-': lambda a, b: (a - b), \
   96:         '*': lambda a, b: (a * b), \
   97:         '/': lambda a, b: (a / b), \
   98:         '%': lambda a, b: (a % b), \
-  99:         '^': lambda a, b: (a ** b)}
+  99:         '': lambda a, b: (a ** b)}
  100:     
  101:     
  102:     tokens = string.split(' ')
  103:     
--------------------------------------------------------------------------------
[0.06722 s] survived
   - [#  58] CRP stack1: 
--------------------------------------------------------------------------------
   98:         '%': lambda a, b: (a % b), \
   99:         '^': lambda a, b: (a ** b)}
  100:     
  101:     
- 102:     tokens = string.split(' ')
+ 102:     tokens = string.split('mutpy')
  103:     
  104:     for character in tokens:
  105:         
  106:         if character in ops.keys():
--------------------------------------------------------------------------------
[0.06758 s] survived
   - [#  59] CRP stack1: 
--------------------------------------------------------------------------------
   98:         '%': lambda a, b: (a % b), \
   99:         '^': lambda a, b: (a ** b)}
  100:     
  101:     
- 102:     tokens = string.split(' ')
+ 102:     tokens = string.split('')
  103:     
  104:     for character in tokens:
  105:         
  106:         if character in ops.keys():
--------------------------------------------------------------------------------
[0.08128 s] killed by MIO-WHOLE_SUITE/test_stack1_WHOLE_SUITE.py::test_case_14

def test_case_14():
        str_0 = '3'
        stack_node_0 = module_0.StackNode(str_0)
>       var_0 = module_0.postfix_eval(str_0)

MIO-WHOLE_SUITE/test_stack1_WHOLE_SUITE.py:105: 
_ _ _ _ _ _ _ _ _ _ _ _ _ _ _ _ _ _ _ _ _ _ _ _ _ _ _ _ _ _ _ _ _ _ _ _ _ _ _ _ 

string = '3'

>   ???
E   ValueError: empty separator

stack1:102: ValueError
   - [#  60] CRP stack1: 
--------------------------------------------------------------------------------
  126:             except ValueError as e:
  127:                 raise e
  128:     
  129:     
- 130:     if stack.size > 1:
+ 130:     if stack.size > 2:
  131:         raise ValueError()
  132:     
  133:     return stack.pop()
--------------------------------------------------------------------------------
[0.06628 s] survived
   - [#  61] EHD stack1: 
--------------------------------------------------------------------------------
   66:                 if brackets[other] != character:
   67:                     return False
   68:             
   69:             except ValueError:
-  70:                 return False
+  70:                 raise
   71:     
   72:     if stack.size != 0:
   73:         return False
   74:     else:
--------------------------------------------------------------------------------
[0.08025 s] killed by MIO-WHOLE_SUITE/test_stack1_WHOLE_SUITE.py::test_case_13

def test_case_13():
        str_0 = 'W\t\rwj}KJ9'
>       var_0 = module_0.check_parenthesis(str_0)

MIO-WHOLE_SUITE/test_stack1_WHOLE_SUITE.py:97: 
_ _ _ _ _ _ _ _ _ _ _ _ _ _ _ _ _ _ _ _ _ _ _ _ _ _ _ _ _ _ _ _ _ _ _ _ _ _ _ _ 
stack1:63: in check_parenthesis
    ???
_ _ _ _ _ _ _ _ _ _ _ _ _ _ _ _ _ _ _ _ _ _ _ _ _ _ _ _ _ _ _ _ _ _ _ _ _ _ _ _ 

self = <stack1.Stack object at 0x7f348491d0f0>

>   ???
E   ValueError

stack1:30: ValueError
   - [#  62] EXS stack1: 
--------------------------------------------------------------------------------
   66:                 if brackets[other] != character:
   67:                     return False
   68:             
   69:             except ValueError:
-  70:                 return False
+  70:                 pass
   71:     
   72:     if stack.size != 0:
   73:         return False
   74:     else:
--------------------------------------------------------------------------------
[0.08005 s] killed by MIO-WHOLE_SUITE/test_stack1_WHOLE_SUITE.py::test_case_13

def test_case_13():
        str_0 = 'W\t\rwj}KJ9'
        var_0 = module_0.check_parenthesis(str_0)
>       assert var_0 is False
E       AssertionError

MIO-WHOLE_SUITE/test_stack1_WHOLE_SUITE.py:98: AssertionError
   - [#  63] EXS stack1: 
--------------------------------------------------------------------------------
  114:                 stack.push(result)
  115:             
  116:             
  117:             except ValueError as e:
- 118:                 raise e
+ 118:                 pass
  119:         else:
  120:             
  121:             try:
  122:                 
--------------------------------------------------------------------------------
[0.06771 s] survived
   - [#  64] EXS stack1: 
--------------------------------------------------------------------------------
  123:                 value = int(character)
  124:                 stack.push(value)
  125:             
  126:             except ValueError as e:
- 127:                 raise e
+ 127:                 pass
  128:     
  129:     
  130:     if stack.size > 1:
  131:         raise ValueError()
--------------------------------------------------------------------------------
[0.06749 s] survived
   - [#  65] OIL stack1: 
--------------------------------------------------------------------------------
   66:                 if brackets[other] != character:
   67:                     return False
   68:             
   69:             except ValueError:
-  70:                 return False
+  70:                 return Falsebreak
   71:     
   72:     if stack.size != 0:
   73:         return False
   74:     else:
--------------------------------------------------------------------------------
[0.09227 s] killed by MIO-WHOLE_SUITE/test_stack1_WHOLE_SUITE.py::test_case_5

def test_case_5():
        str_0 = '%V[^8\x0b3#niiMS&'
        var_0 = module_0.check_parenthesis(str_0)
>       assert var_0 is False
E       AssertionError

MIO-WHOLE_SUITE/test_stack1_WHOLE_SUITE.py:50: AssertionError
   - [#  66] OIL stack1: 
--------------------------------------------------------------------------------
  123:                 value = int(character)
  124:                 stack.push(value)
  125:             
  126:             except ValueError as e:
- 127:                 raise e
+ 127:                 raise ebreak
  128:     
  129:     
  130:     if stack.size > 1:
  131:         raise ValueError()
--------------------------------------------------------------------------------
[0.06519 s] survived
   - [#  67] RIL stack1: 
--------------------------------------------------------------------------------
   51:     stack = Stack()
   52:     
   53:     brackets = {'{': '}', '[': ']', '(': ')'}
   54:     
-  55:     for character in string:
+  55:     for character in reversed(string):
   56:         
   57:         if character in brackets.keys():
   58:             stack.push(character)
   59:         
--------------------------------------------------------------------------------
[0.07807 s] killed by MIO-WHOLE_SUITE/test_stack1_WHOLE_SUITE.py::test_case_11

def test_case_11():
        str_0 = 'a"e{v#}1l$1\rqjR!'
        var_0 = module_0.check_parenthesis(str_0)
>       assert var_0 is True
E       AssertionError

MIO-WHOLE_SUITE/test_stack1_WHOLE_SUITE.py:88: AssertionError
   - [#  68] RIL stack1: 
--------------------------------------------------------------------------------
  100:     
  101:     
  102:     tokens = string.split(' ')
  103:     
- 104:     for character in tokens:
+ 104:     for character in reversed(tokens):
  105:         
  106:         if character in ops.keys():
  107:             try:
  108:                 
--------------------------------------------------------------------------------
[0.06439 s] survived
   - [#  69] ROR stack1: 
--------------------------------------------------------------------------------
   62:             try:
   63:                 other = stack.pop()
   64:                 
   65:                 
-  66:                 if brackets[other] != character:
+  66:                 if brackets[other] == character:
   67:                     return False
   68:             
   69:             except ValueError:
   70:                 return False
--------------------------------------------------------------------------------
[0.07664 s] killed by MIO-WHOLE_SUITE/test_stack1_WHOLE_SUITE.py::test_case_9

def test_case_9():
        str_0 = 'K*{g\\\nq1p\\j~,7`]'
        var_0 = module_0.check_parenthesis(str_0)
>       assert var_0 is False
E       AssertionError

MIO-WHOLE_SUITE/test_stack1_WHOLE_SUITE.py:73: AssertionError
   - [#  70] ROR stack1: 
--------------------------------------------------------------------------------
   68:             
   69:             except ValueError:
   70:                 return False
   71:     
-  72:     if stack.size != 0:
+  72:     if stack.size == 0:
   73:         return False
   74:     else:
   75:         
   76:         return True
--------------------------------------------------------------------------------
[0.07227 s] killed by MIO-WHOLE_SUITE/test_stack1_WHOLE_SUITE.py::test_case_0

def test_case_0():
        str_0 = '+'
        var_0 = module_0.check_parenthesis(str_0)
>       assert var_0 is True
E       AssertionError

MIO-WHOLE_SUITE/test_stack1_WHOLE_SUITE.py:8: AssertionError
   - [#  71] ROR stack1: 
--------------------------------------------------------------------------------
  126:             except ValueError as e:
  127:                 raise e
  128:     
  129:     
- 130:     if stack.size > 1:
+ 130:     if stack.size < 1:
  131:         raise ValueError()
  132:     
  133:     return stack.pop()
--------------------------------------------------------------------------------
[0.06680 s] survived
   - [#  72] ROR stack1: 
--------------------------------------------------------------------------------
  126:             except ValueError as e:
  127:                 raise e
  128:     
  129:     
- 130:     if stack.size > 1:
+ 130:     if stack.size >= 1:
  131:         raise ValueError()
  132:     
  133:     return stack.pop()
--------------------------------------------------------------------------------
[0.07845 s] killed by MIO-WHOLE_SUITE/test_stack1_WHOLE_SUITE.py::test_case_14

def test_case_14():
        str_0 = '3'
        stack_node_0 = module_0.StackNode(str_0)
>       var_0 = module_0.postfix_eval(str_0)

MIO-WHOLE_SUITE/test_stack1_WHOLE_SUITE.py:105: 
_ _ _ _ _ _ _ _ _ _ _ _ _ _ _ _ _ _ _ _ _ _ _ _ _ _ _ _ _ _ _ _ _ _ _ _ _ _ _ _ 

string = '3'

>   ???
E   ValueError

stack1:131: ValueError
   - [#  73] SDI stack1: 
--------------------------------------------------------------------------------
    3:     thomas moll 2015
    4: '''
    5: 
    6: class Stack(object):
-   7:     def __init__(self):
-   8:         self.size = 0
-   9:         self.top = None
-  10:     
+   7:     @staticmethod
+   8:     def __init__(self):
+   9:         self.size = 0
+  10:         self.top = None
   11:     def __len__(self):
   12:         return self.size
   13:     
   14:     def push(self, item):
--------------------------------------------------------------------------------
[0.07204 s] incompetent

TypeError: stack1:51: TypeError: Stack.__init__() missing 1 required positional argument: 'self'

   - [#  74] SDI stack1: 
--------------------------------------------------------------------------------
    7:     def __init__(self):
    8:         self.size = 0
    9:         self.top = None
   10:     
-  11:     def __len__(self):
-  12:         return self.size
-  13:     
+  11:     @staticmethod
+  12:     def __len__(self):
+  13:         return self.size
   14:     def push(self, item):
   15:         if self.top is None:
   16:             self.top = StackNode(item)
   17:         else:
--------------------------------------------------------------------------------
[0.07408 s] incompetent

TypeError: /home/auri/temp/lucca/python_experiments/stack1/MIO-WHOLE_SUITE/test_stack1_WHOLE_SUITE.py:16: TypeError: Stack.__len__() missing 1 required positional argument: 'self'

   - [#  75] SDI stack1: 
--------------------------------------------------------------------------------
   10:     
   11:     def __len__(self):
   12:         return self.size
   13:     
-  14:     def push(self, item):
-  15:         if self.top is None:
-  16:             self.top = StackNode(item)
-  17:         else:
-  18:             
-  19:             item1 = self.top
-  20:             item2 = StackNode(item)
-  21:             
+  14:     @staticmethod
+  15:     def push(self, item):
+  16:         if self.top is None:
+  17:             self.top = StackNode(item)
+  18:         else:
+  19:             
+  20:             item1 = self.top
+  21:             item2 = StackNode(item)
   22:             
-  23:             self.top = item2
-  24:             item2.next = item1
-  25:         
-  26:         self.size += 1
-  27:     
+  23:             
+  24:             self.top = item2
+  25:             item2.next = item1
+  26:         
+  27:         self.size += 1
   28:     def pop(self):
   29:         if self.top is None:
   30:             raise ValueError()
   31:         else:
--------------------------------------------------------------------------------
[0.08858 s] incompetent

TypeError: /home/auri/temp/lucca/python_experiments/stack1/MIO-WHOLE_SUITE/test_stack1_WHOLE_SUITE.py:21: TypeError: Stack.push() missing 1 required positional argument: 'item'

   - [#  76] SDI stack1: 
--------------------------------------------------------------------------------
   24:             item2.next = item1
   25:         
   26:         self.size += 1
   27:     
-  28:     def pop(self):
-  29:         if self.top is None:
-  30:             raise ValueError()
-  31:         else:
-  32:             top_data = self.top.data
-  33:             
-  34:             self.top = self.top.next
-  35:             self.size -= 1
-  36:             return top_data
-  37:     
+  28:     @staticmethod
+  29:     def pop(self):
+  30:         if self.top is None:
+  31:             raise ValueError()
+  32:         else:
+  33:             top_data = self.top.data
+  34:             
+  35:             self.top = self.top.next
+  36:             self.size -= 1
+  37:             return top_data
   38:     def peek(self):
   39:         if self.top is None:
   40:             raise ValueError()
   41:         else:
--------------------------------------------------------------------------------
[0.07330 s] incompetent

TypeError: stack1:109: TypeError: Stack.pop() missing 1 required positional argument: 'self'

   - [#  77] SDI stack1: 
--------------------------------------------------------------------------------
   34:             self.top = self.top.next
   35:             self.size -= 1
   36:             return top_data
   37:     
-  38:     def peek(self):
-  39:         if self.top is None:
-  40:             raise ValueError()
-  41:         else:
-  42:             return self.top.data
-  43: 
+  38:     @staticmethod
+  39:     def peek(self):
+  40:         if self.top is None:
+  41:             raise ValueError()
+  42:         else:
+  43:             return self.top.data
   44: class StackNode(object):
   45:     ''' Look familiar? '''
   46:     def __init__(self, item):
   47:         self.data = item
--------------------------------------------------------------------------------
[0.07041 s] incompetent

TypeError: /home/auri/temp/lucca/python_experiments/stack1/MIO-WHOLE_SUITE/test_stack1_WHOLE_SUITE.py:25: TypeError: Stack.peek() missing 1 required positional argument: 'self'

   - [#  78] SDI stack1: 
--------------------------------------------------------------------------------
   42:             return self.top.data
   43: 
   44: class StackNode(object):
   45:     ''' Look familiar? '''
-  46:     def __init__(self, item):
-  47:         self.data = item
-  48:         self.next = None
-  49: 
+  46:     @staticmethod
+  47:     def __init__(self, item):
+  48:         self.data = item
+  49:         self.next = None
   50: def check_parenthesis(string):
   51:     stack = Stack()
   52:     
   53:     brackets = {'{': '}', '[': ']', '(': ')'}
--------------------------------------------------------------------------------
[0.06889 s] incompetent

TypeError: /home/auri/temp/lucca/python_experiments/stack1/MIO-WHOLE_SUITE/test_stack1_WHOLE_SUITE.py:14: TypeError: StackNode.__init__() missing 1 required positional argument: 'item'

   - [#  79] SDL stack1: 
--------------------------------------------------------------------------------
    4: '''
    5: 
    6: class Stack(object):
    7:     def __init__(self):
-   8:         self.size = 0
+   8:         pass
    9:         self.top = None
   10:     
   11:     def __len__(self):
   12:         return self.size
--------------------------------------------------------------------------------
[0.07028 s] killed by MIO-WHOLE_SUITE/test_stack1_WHOLE_SUITE.py::test_case_0

def test_case_0():
        str_0 = '+'
>       var_0 = module_0.check_parenthesis(str_0)

MIO-WHOLE_SUITE/test_stack1_WHOLE_SUITE.py:7: 
_ _ _ _ _ _ _ _ _ _ _ _ _ _ _ _ _ _ _ _ _ _ _ _ _ _ _ _ _ _ _ _ _ _ _ _ _ _ _ _ 

string = '+'

>   ???
E   AttributeError: 'Stack' object has no attribute 'size'

stack1:72: AttributeError
   - [#  80] SDL stack1: 
--------------------------------------------------------------------------------
    5: 
    6: class Stack(object):
    7:     def __init__(self):
    8:         self.size = 0
-   9:         self.top = None
+   9:         pass
   10:     
   11:     def __len__(self):
   12:         return self.size
   13:     
--------------------------------------------------------------------------------
[0.07503 s] killed by MIO-WHOLE_SUITE/test_stack1_WHOLE_SUITE.py::test_case_0

def test_case_0():
        str_0 = '+'
        var_0 = module_0.check_parenthesis(str_0)
        assert var_0 is True
        with pytest.raises(ValueError):
>           module_0.postfix_eval(str_0)

MIO-WHOLE_SUITE/test_stack1_WHOLE_SUITE.py:10: 
_ _ _ _ _ _ _ _ _ _ _ _ _ _ _ _ _ _ _ _ _ _ _ _ _ _ _ _ _ _ _ _ _ _ _ _ _ _ _ _ 
stack1:109: in postfix_eval
    ???
_ _ _ _ _ _ _ _ _ _ _ _ _ _ _ _ _ _ _ _ _ _ _ _ _ _ _ _ _ _ _ _ _ _ _ _ _ _ _ _ 

self = <stack1.Stack object at 0x7f3484af6350>

>   ???
E   AttributeError: 'Stack' object has no attribute 'top'. Did you mean: 'pop'?

stack1:29: AttributeError
   - [#  81] SDL stack1: 
--------------------------------------------------------------------------------
    8:         self.size = 0
    9:         self.top = None
   10:     
   11:     def __len__(self):
-  12:         return self.size
+  12:         pass
   13:     
   14:     def push(self, item):
   15:         if self.top is None:
   16:             self.top = StackNode(item)
--------------------------------------------------------------------------------
[0.07031 s] incompetent

TypeError: /home/auri/temp/lucca/python_experiments/stack1/MIO-WHOLE_SUITE/test_stack1_WHOLE_SUITE.py:16: TypeError: 'NoneType' object cannot be interpreted as an integer

   - [#  82] SDL stack1: 
--------------------------------------------------------------------------------
   12:         return self.size
   13:     
   14:     def push(self, item):
   15:         if self.top is None:
-  16:             self.top = StackNode(item)
+  16:             pass
   17:         else:
   18:             
   19:             item1 = self.top
   20:             item2 = StackNode(item)
--------------------------------------------------------------------------------
[0.06984 s] killed by MIO-WHOLE_SUITE/test_stack1_WHOLE_SUITE.py::test_case_1

def test_case_1():
        float_0 = -1074.68
        stack_node_0 = module_0.StackNode(float_0)
        stack_0 = module_0.Stack()
        assert len(stack_0) == 0
        stack_node_1 = module_0.StackNode(stack_0)
        assert len(stack_node_1.data) == 0
        stack_1 = module_0.Stack()
        assert len(stack_1) == 0
        var_0 = stack_1.push(stack_1)
        assert len(stack_1) == 1
        var_1 = stack_1.push(float_0)
        assert len(stack_1) == 2
>       var_2 = stack_1.peek()

MIO-WHOLE_SUITE/test_stack1_WHOLE_SUITE.py:25: 
_ _ _ _ _ _ _ _ _ _ _ _ _ _ _ _ _ _ _ _ _ _ _ _ _ _ _ _ _ _ _ _ _ _ _ _ _ _ _ _ 

self = <stack1.Stack object at 0x7f3484b0da20>

>   ???
E   ValueError

stack1:40: ValueError
   - [#  83] SDL stack1: 
--------------------------------------------------------------------------------
   15:         if self.top is None:
   16:             self.top = StackNode(item)
   17:         else:
   18:             
-  19:             item1 = self.top
+  19:             pass
   20:             item2 = StackNode(item)
   21:             
   22:             
   23:             self.top = item2
--------------------------------------------------------------------------------
[0.07027 s] killed by MIO-WHOLE_SUITE/test_stack1_WHOLE_SUITE.py::test_case_1

def test_case_1():
        float_0 = -1074.68
        stack_node_0 = module_0.StackNode(float_0)
        stack_0 = module_0.Stack()
        assert len(stack_0) == 0
        stack_node_1 = module_0.StackNode(stack_0)
        assert len(stack_node_1.data) == 0
        stack_1 = module_0.Stack()
        assert len(stack_1) == 0
        var_0 = stack_1.push(stack_1)
        assert len(stack_1) == 1
>       var_1 = stack_1.push(float_0)

MIO-WHOLE_SUITE/test_stack1_WHOLE_SUITE.py:23: 
_ _ _ _ _ _ _ _ _ _ _ _ _ _ _ _ _ _ _ _ _ _ _ _ _ _ _ _ _ _ _ _ _ _ _ _ _ _ _ _ 

self = <stack1.Stack object at 0x7f34848bee30>, item = -1074.68

>   ???
E   NameError: name 'item1' is not defined

stack1:24: NameError
   - [#  84] SDL stack1: 
--------------------------------------------------------------------------------
   16:             self.top = StackNode(item)
   17:         else:
   18:             
   19:             item1 = self.top
-  20:             item2 = StackNode(item)
+  20:             pass
   21:             
   22:             
   23:             self.top = item2
   24:             item2.next = item1
--------------------------------------------------------------------------------
[0.06949 s] killed by MIO-WHOLE_SUITE/test_stack1_WHOLE_SUITE.py::test_case_1

def test_case_1():
        float_0 = -1074.68
        stack_node_0 = module_0.StackNode(float_0)
        stack_0 = module_0.Stack()
        assert len(stack_0) == 0
        stack_node_1 = module_0.StackNode(stack_0)
        assert len(stack_node_1.data) == 0
        stack_1 = module_0.Stack()
        assert len(stack_1) == 0
        var_0 = stack_1.push(stack_1)
        assert len(stack_1) == 1
>       var_1 = stack_1.push(float_0)

MIO-WHOLE_SUITE/test_stack1_WHOLE_SUITE.py:23: 
_ _ _ _ _ _ _ _ _ _ _ _ _ _ _ _ _ _ _ _ _ _ _ _ _ _ _ _ _ _ _ _ _ _ _ _ _ _ _ _ 

self = <stack1.Stack object at 0x7f34849f8280>, item = -1074.68

>   ???
E   NameError: name 'item2' is not defined

stack1:23: NameError
   - [#  85] SDL stack1: 
--------------------------------------------------------------------------------
   19:             item1 = self.top
   20:             item2 = StackNode(item)
   21:             
   22:             
-  23:             self.top = item2
+  23:             pass
   24:             item2.next = item1
   25:         
   26:         self.size += 1
   27:     
--------------------------------------------------------------------------------
[0.07400 s] killed by MIO-WHOLE_SUITE/test_stack1_WHOLE_SUITE.py::test_case_1

def test_case_1():
        float_0 = -1074.68
        stack_node_0 = module_0.StackNode(float_0)
        stack_0 = module_0.Stack()
        assert len(stack_0) == 0
        stack_node_1 = module_0.StackNode(stack_0)
        assert len(stack_node_1.data) == 0
        stack_1 = module_0.Stack()
        assert len(stack_1) == 0
        var_0 = stack_1.push(stack_1)
        assert len(stack_1) == 1
        var_1 = stack_1.push(float_0)
        assert len(stack_1) == 2
        var_2 = stack_1.peek()
>       assert var_2 == pytest.approx(-1074.68, abs=0.01, rel=0.01)
E       AssertionError

MIO-WHOLE_SUITE/test_stack1_WHOLE_SUITE.py:26: AssertionError
   - [#  86] SDL stack1: 
--------------------------------------------------------------------------------
   20:             item2 = StackNode(item)
   21:             
   22:             
   23:             self.top = item2
-  24:             item2.next = item1
+  24:             pass
   25:         
   26:         self.size += 1
   27:     
   28:     def pop(self):
--------------------------------------------------------------------------------
[0.06533 s] survived
   - [#  87] SDL stack1: 
--------------------------------------------------------------------------------
   28:     def pop(self):
   29:         if self.top is None:
   30:             raise ValueError()
   31:         else:
-  32:             top_data = self.top.data
+  32:             pass
   33:             
   34:             self.top = self.top.next
   35:             self.size -= 1
   36:             return top_data
--------------------------------------------------------------------------------
[0.07436 s] killed by MIO-WHOLE_SUITE/test_stack1_WHOLE_SUITE.py::test_case_9

def test_case_9():
        str_0 = 'K*{g\\\nq1p\\j~,7`]'
>       var_0 = module_0.check_parenthesis(str_0)

MIO-WHOLE_SUITE/test_stack1_WHOLE_SUITE.py:72: 
_ _ _ _ _ _ _ _ _ _ _ _ _ _ _ _ _ _ _ _ _ _ _ _ _ _ _ _ _ _ _ _ _ _ _ _ _ _ _ _ 
stack1:63: in check_parenthesis
    ???
_ _ _ _ _ _ _ _ _ _ _ _ _ _ _ _ _ _ _ _ _ _ _ _ _ _ _ _ _ _ _ _ _ _ _ _ _ _ _ _ 

self = <stack1.Stack object at 0x7f3484a21090>

>   ???
E   NameError: name 'top_data' is not defined

stack1:36: NameError
   - [#  88] SDL stack1: 
--------------------------------------------------------------------------------
   30:             raise ValueError()
   31:         else:
   32:             top_data = self.top.data
   33:             
-  34:             self.top = self.top.next
+  34:             pass
   35:             self.size -= 1
   36:             return top_data
   37:     
   38:     def peek(self):
--------------------------------------------------------------------------------
[0.06421 s] survived
   - [#  89] SDL stack1: 
--------------------------------------------------------------------------------
   32:             top_data = self.top.data
   33:             
   34:             self.top = self.top.next
   35:             self.size -= 1
-  36:             return top_data
+  36:             pass
   37:     
   38:     def peek(self):
   39:         if self.top is None:
   40:             raise ValueError()
--------------------------------------------------------------------------------
[0.07466 s] killed by MIO-WHOLE_SUITE/test_stack1_WHOLE_SUITE.py::test_case_9

def test_case_9():
        str_0 = 'K*{g\\\nq1p\\j~,7`]'
>       var_0 = module_0.check_parenthesis(str_0)

MIO-WHOLE_SUITE/test_stack1_WHOLE_SUITE.py:72: 
_ _ _ _ _ _ _ _ _ _ _ _ _ _ _ _ _ _ _ _ _ _ _ _ _ _ _ _ _ _ _ _ _ _ _ _ _ _ _ _ 

string = 'K*{g\\\nq1p\\j~,7`]'

>   ???
E   KeyError: None

stack1:66: KeyError
   - [#  90] SDL stack1: 
--------------------------------------------------------------------------------
   38:     def peek(self):
   39:         if self.top is None:
   40:             raise ValueError()
   41:         else:
-  42:             return self.top.data
+  42:             pass
   43: 
   44: class StackNode(object):
   45:     ''' Look familiar? '''
   46:     def __init__(self, item):
--------------------------------------------------------------------------------
[0.07266 s] killed by MIO-WHOLE_SUITE/test_stack1_WHOLE_SUITE.py::test_case_1

def test_case_1():
        float_0 = -1074.68
        stack_node_0 = module_0.StackNode(float_0)
        stack_0 = module_0.Stack()
        assert len(stack_0) == 0
        stack_node_1 = module_0.StackNode(stack_0)
        assert len(stack_node_1.data) == 0
        stack_1 = module_0.Stack()
        assert len(stack_1) == 0
        var_0 = stack_1.push(stack_1)
        assert len(stack_1) == 1
        var_1 = stack_1.push(float_0)
        assert len(stack_1) == 2
        var_2 = stack_1.peek()
>       assert var_2 == pytest.approx(-1074.68, abs=0.01, rel=0.01)
E       AssertionError

MIO-WHOLE_SUITE/test_stack1_WHOLE_SUITE.py:26: AssertionError
   - [#  91] SDL stack1: 
--------------------------------------------------------------------------------
   43: 
   44: class StackNode(object):
   45:     ''' Look familiar? '''
   46:     def __init__(self, item):
-  47:         self.data = item
+  47:         pass
   48:         self.next = None
   49: 
   50: def check_parenthesis(string):
   51:     stack = Stack()
--------------------------------------------------------------------------------
[0.07258 s] killed by MIO-WHOLE_SUITE/test_stack1_WHOLE_SUITE.py::test_case_1

def test_case_1():
        float_0 = -1074.68
        stack_node_0 = module_0.StackNode(float_0)
        stack_0 = module_0.Stack()
        assert len(stack_0) == 0
        stack_node_1 = module_0.StackNode(stack_0)
>       assert len(stack_node_1.data) == 0
E       AttributeError: 'StackNode' object has no attribute 'data'

MIO-WHOLE_SUITE/test_stack1_WHOLE_SUITE.py:18: AttributeError
   - [#  92] SDL stack1: 
--------------------------------------------------------------------------------
   44: class StackNode(object):
   45:     ''' Look familiar? '''
   46:     def __init__(self, item):
   47:         self.data = item
-  48:         self.next = None
+  48:         pass
   49: 
   50: def check_parenthesis(string):
   51:     stack = Stack()
   52:     
--------------------------------------------------------------------------------
[0.07449 s] killed by MIO-WHOLE_SUITE/test_stack1_WHOLE_SUITE.py::test_case_9

def test_case_9():
        str_0 = 'K*{g\\\nq1p\\j~,7`]'
>       var_0 = module_0.check_parenthesis(str_0)

MIO-WHOLE_SUITE/test_stack1_WHOLE_SUITE.py:72: 
_ _ _ _ _ _ _ _ _ _ _ _ _ _ _ _ _ _ _ _ _ _ _ _ _ _ _ _ _ _ _ _ _ _ _ _ _ _ _ _ 
stack1:63: in check_parenthesis
    ???
_ _ _ _ _ _ _ _ _ _ _ _ _ _ _ _ _ _ _ _ _ _ _ _ _ _ _ _ _ _ _ _ _ _ _ _ _ _ _ _ 

self = <stack1.Stack object at 0x7f3484cc7850>

>   ???
E   AttributeError: 'StackNode' object has no attribute 'next'

stack1:34: AttributeError
   - [#  93] SDL stack1: 
--------------------------------------------------------------------------------
   47:         self.data = item
   48:         self.next = None
   49: 
   50: def check_parenthesis(string):
-  51:     stack = Stack()
+  51:     pass
   52:     
   53:     brackets = {'{': '}', '[': ']', '(': ')'}
   54:     
   55:     for character in string:
--------------------------------------------------------------------------------
[0.06931 s] killed by MIO-WHOLE_SUITE/test_stack1_WHOLE_SUITE.py::test_case_0

def test_case_0():
        str_0 = '+'
>       var_0 = module_0.check_parenthesis(str_0)

MIO-WHOLE_SUITE/test_stack1_WHOLE_SUITE.py:7: 
_ _ _ _ _ _ _ _ _ _ _ _ _ _ _ _ _ _ _ _ _ _ _ _ _ _ _ _ _ _ _ _ _ _ _ _ _ _ _ _ 

string = '+'

>   ???
E   NameError: name 'stack' is not defined

stack1:72: NameError
   - [#  94] SDL stack1: 
--------------------------------------------------------------------------------
   49: 
   50: def check_parenthesis(string):
   51:     stack = Stack()
   52:     
-  53:     brackets = {'{': '}', '[': ']', '(': ')'}
+  53:     pass
   54:     
   55:     for character in string:
   56:         
   57:         if character in brackets.keys():
--------------------------------------------------------------------------------
[0.07063 s] killed by MIO-WHOLE_SUITE/test_stack1_WHOLE_SUITE.py::test_case_0

def test_case_0():
        str_0 = '+'
>       var_0 = module_0.check_parenthesis(str_0)

MIO-WHOLE_SUITE/test_stack1_WHOLE_SUITE.py:7: 
_ _ _ _ _ _ _ _ _ _ _ _ _ _ _ _ _ _ _ _ _ _ _ _ _ _ _ _ _ _ _ _ _ _ _ _ _ _ _ _ 

string = '+'

>   ???
E   NameError: name 'brackets' is not defined

stack1:57: NameError
   - [#  95] SDL stack1: 
--------------------------------------------------------------------------------
   54:     
   55:     for character in string:
   56:         
   57:         if character in brackets.keys():
-  58:             stack.push(character)
+  58:             pass
   59:         
   60:         
   61:         if character in brackets.values():
   62:             try:
--------------------------------------------------------------------------------
[0.07676 s] killed by MIO-WHOLE_SUITE/test_stack1_WHOLE_SUITE.py::test_case_5

def test_case_5():
        str_0 = '%V[^8\x0b3#niiMS&'
        var_0 = module_0.check_parenthesis(str_0)
>       assert var_0 is False
E       AssertionError

MIO-WHOLE_SUITE/test_stack1_WHOLE_SUITE.py:50: AssertionError
   - [#  96] SDL stack1: 
--------------------------------------------------------------------------------
   59:         
   60:         
   61:         if character in brackets.values():
   62:             try:
-  63:                 other = stack.pop()
+  63:                 pass
   64:                 
   65:                 
   66:                 if brackets[other] != character:
   67:                     return False
--------------------------------------------------------------------------------
[0.07609 s] killed by MIO-WHOLE_SUITE/test_stack1_WHOLE_SUITE.py::test_case_9

def test_case_9():
        str_0 = 'K*{g\\\nq1p\\j~,7`]'
>       var_0 = module_0.check_parenthesis(str_0)

MIO-WHOLE_SUITE/test_stack1_WHOLE_SUITE.py:72: 
_ _ _ _ _ _ _ _ _ _ _ _ _ _ _ _ _ _ _ _ _ _ _ _ _ _ _ _ _ _ _ _ _ _ _ _ _ _ _ _ 

string = 'K*{g\\\nq1p\\j~,7`]'

>   ???
E   NameError: name 'other' is not defined

stack1:66: NameError
   - [#  97] SDL stack1: 
--------------------------------------------------------------------------------
   63:                 other = stack.pop()
   64:                 
   65:                 
   66:                 if brackets[other] != character:
-  67:                     return False
+  67:                     pass
   68:             
   69:             except ValueError:
   70:                 return False
   71:     
--------------------------------------------------------------------------------
[0.07583 s] killed by MIO-WHOLE_SUITE/test_stack1_WHOLE_SUITE.py::test_case_9

def test_case_9():
        str_0 = 'K*{g\\\nq1p\\j~,7`]'
        var_0 = module_0.check_parenthesis(str_0)
>       assert var_0 is False
E       AssertionError

MIO-WHOLE_SUITE/test_stack1_WHOLE_SUITE.py:73: AssertionError
   - [#  98] SDL stack1: 
--------------------------------------------------------------------------------
   66:                 if brackets[other] != character:
   67:                     return False
   68:             
   69:             except ValueError:
-  70:                 return False
+  70:                 pass
   71:     
   72:     if stack.size != 0:
   73:         return False
   74:     else:
--------------------------------------------------------------------------------
[0.07633 s] killed by MIO-WHOLE_SUITE/test_stack1_WHOLE_SUITE.py::test_case_13

def test_case_13():
        str_0 = 'W\t\rwj}KJ9'
        var_0 = module_0.check_parenthesis(str_0)
>       assert var_0 is False
E       AssertionError

MIO-WHOLE_SUITE/test_stack1_WHOLE_SUITE.py:98: AssertionError
   - [#  99] SDL stack1: 
--------------------------------------------------------------------------------
   69:             except ValueError:
   70:                 return False
   71:     
   72:     if stack.size != 0:
-  73:         return False
+  73:         pass
   74:     else:
   75:         
   76:         return True
   77: 
--------------------------------------------------------------------------------
[0.07484 s] killed by MIO-WHOLE_SUITE/test_stack1_WHOLE_SUITE.py::test_case_5

def test_case_5():
        str_0 = '%V[^8\x0b3#niiMS&'
        var_0 = module_0.check_parenthesis(str_0)
>       assert var_0 is False
E       AssertionError

MIO-WHOLE_SUITE/test_stack1_WHOLE_SUITE.py:50: AssertionError
   - [# 100] SDL stack1: 
--------------------------------------------------------------------------------
   72:     if stack.size != 0:
   73:         return False
   74:     else:
   75:         
-  76:         return True
+  76:         pass
   77: 
   78: def postfix_eval(string):
   79:     """ Here we setup a dictionary relating the characters of 
   80:         operations to lambda functions. It's similar to saying:
--------------------------------------------------------------------------------
[0.06902 s] killed by MIO-WHOLE_SUITE/test_stack1_WHOLE_SUITE.py::test_case_0

def test_case_0():
        str_0 = '+'
        var_0 = module_0.check_parenthesis(str_0)
>       assert var_0 is True
E       AssertionError

MIO-WHOLE_SUITE/test_stack1_WHOLE_SUITE.py:8: AssertionError
   - [# 101] SDL stack1: 
--------------------------------------------------------------------------------
   89: 
   90:         The add function can also be accessed via the ``operator``
   91:         module.
   92:     """
-  93:     stack = Stack()
+  93:     pass
   94:     ops = {'+': lambda a, b: (a + b), \
   95:         '-': lambda a, b: (a - b), \
   96:         '*': lambda a, b: (a * b), \
   97:         '/': lambda a, b: (a / b), \
--------------------------------------------------------------------------------
[0.07359 s] killed by MIO-WHOLE_SUITE/test_stack1_WHOLE_SUITE.py::test_case_0

def test_case_0():
        str_0 = '+'
        var_0 = module_0.check_parenthesis(str_0)
        assert var_0 is True
        with pytest.raises(ValueError):
>           module_0.postfix_eval(str_0)

MIO-WHOLE_SUITE/test_stack1_WHOLE_SUITE.py:10: 
_ _ _ _ _ _ _ _ _ _ _ _ _ _ _ _ _ _ _ _ _ _ _ _ _ _ _ _ _ _ _ _ _ _ _ _ _ _ _ _ 

string = '+'

>   ???
E   NameError: name 'stack' is not defined

stack1:109: NameError
   - [# 102] SDL stack1: 
--------------------------------------------------------------------------------
   90:         The add function can also be accessed via the ``operator``
   91:         module.
   92:     """
   93:     stack = Stack()
-  94:     ops = {'+': lambda a, b: (a + b), \
-  95:         '-': lambda a, b: (a - b), \
-  96:         '*': lambda a, b: (a * b), \
-  97:         '/': lambda a, b: (a / b), \
-  98:         '%': lambda a, b: (a % b), \
-  99:         '^': lambda a, b: (a ** b)}
+  94:     pass
+  95:     
+  96:     
+  97:     
+  98:     
+  99:     
  100:     
  101:     
  102:     tokens = string.split(' ')
  103:     
--------------------------------------------------------------------------------
[0.07212 s] killed by MIO-WHOLE_SUITE/test_stack1_WHOLE_SUITE.py::test_case_0

def test_case_0():
        str_0 = '+'
        var_0 = module_0.check_parenthesis(str_0)
        assert var_0 is True
        with pytest.raises(ValueError):
>           module_0.postfix_eval(str_0)

MIO-WHOLE_SUITE/test_stack1_WHOLE_SUITE.py:10: 
_ _ _ _ _ _ _ _ _ _ _ _ _ _ _ _ _ _ _ _ _ _ _ _ _ _ _ _ _ _ _ _ _ _ _ _ _ _ _ _ 

string = '+'

>   ???
E   NameError: name 'ops' is not defined

stack1:106: NameError
   - [# 103] SDL stack1: 
--------------------------------------------------------------------------------
   98:         '%': lambda a, b: (a % b), \
   99:         '^': lambda a, b: (a ** b)}
  100:     
  101:     
- 102:     tokens = string.split(' ')
+ 102:     pass
  103:     
  104:     for character in tokens:
  105:         
  106:         if character in ops.keys():
--------------------------------------------------------------------------------
[0.07193 s] killed by MIO-WHOLE_SUITE/test_stack1_WHOLE_SUITE.py::test_case_0

def test_case_0():
        str_0 = '+'
        var_0 = module_0.check_parenthesis(str_0)
        assert var_0 is True
        with pytest.raises(ValueError):
>           module_0.postfix_eval(str_0)

MIO-WHOLE_SUITE/test_stack1_WHOLE_SUITE.py:10: 
_ _ _ _ _ _ _ _ _ _ _ _ _ _ _ _ _ _ _ _ _ _ _ _ _ _ _ _ _ _ _ _ _ _ _ _ _ _ _ _ 

string = '+'

>   ???
E   NameError: name 'tokens' is not defined

stack1:104: NameError
   - [# 104] SDL stack1: 
--------------------------------------------------------------------------------
  105:         
  106:         if character in ops.keys():
  107:             try:
  108:                 
- 109:                 right = stack.pop()
+ 109:                 pass
  110:                 left = stack.pop()
  111:                 
  112:                 
  113:                 result = ops[character](left, right)
--------------------------------------------------------------------------------
[0.06521 s] survived
   - [# 105] SDL stack1: 
--------------------------------------------------------------------------------
  106:         if character in ops.keys():
  107:             try:
  108:                 
  109:                 right = stack.pop()
- 110:                 left = stack.pop()
+ 110:                 pass
  111:                 
  112:                 
  113:                 result = ops[character](left, right)
  114:                 stack.push(result)
--------------------------------------------------------------------------------
[0.06530 s] survived
   - [# 106] SDL stack1: 
--------------------------------------------------------------------------------
  109:                 right = stack.pop()
  110:                 left = stack.pop()
  111:                 
  112:                 
- 113:                 result = ops[character](left, right)
+ 113:                 pass
  114:                 stack.push(result)
  115:             
  116:             
  117:             except ValueError as e:
--------------------------------------------------------------------------------
[0.06519 s] survived
   - [# 107] SDL stack1: 
--------------------------------------------------------------------------------
  110:                 left = stack.pop()
  111:                 
  112:                 
  113:                 result = ops[character](left, right)
- 114:                 stack.push(result)
+ 114:                 pass
  115:             
  116:             
  117:             except ValueError as e:
  118:                 raise e
--------------------------------------------------------------------------------
[0.06463 s] survived
   - [# 108] SDL stack1: 
--------------------------------------------------------------------------------
  119:         else:
  120:             
  121:             try:
  122:                 
- 123:                 value = int(character)
+ 123:                 pass
  124:                 stack.push(value)
  125:             
  126:             except ValueError as e:
  127:                 raise e
--------------------------------------------------------------------------------
[0.07691 s] killed by MIO-WHOLE_SUITE/test_stack1_WHOLE_SUITE.py::test_case_7

def test_case_7():
        stack_0 = module_0.Stack()
        assert len(stack_0) == 0
        str_0 = 'Eo(l<,t{Sl=T`'
        with pytest.raises(ValueError):
>           module_0.postfix_eval(str_0)

MIO-WHOLE_SUITE/test_stack1_WHOLE_SUITE.py:61: 
_ _ _ _ _ _ _ _ _ _ _ _ _ _ _ _ _ _ _ _ _ _ _ _ _ _ _ _ _ _ _ _ _ _ _ _ _ _ _ _ 

string = 'Eo(l<,t{Sl=T`'

>   ???
E   NameError: name 'value' is not defined

stack1:124: NameError
   - [# 109] SDL stack1: 
--------------------------------------------------------------------------------
  120:             
  121:             try:
  122:                 
  123:                 value = int(character)
- 124:                 stack.push(value)
+ 124:                 pass
  125:             
  126:             except ValueError as e:
  127:                 raise e
  128:     
--------------------------------------------------------------------------------
[0.08005 s] killed by MIO-WHOLE_SUITE/test_stack1_WHOLE_SUITE.py::test_case_14

def test_case_14():
        str_0 = '3'
        stack_node_0 = module_0.StackNode(str_0)
>       var_0 = module_0.postfix_eval(str_0)

MIO-WHOLE_SUITE/test_stack1_WHOLE_SUITE.py:105: 
_ _ _ _ _ _ _ _ _ _ _ _ _ _ _ _ _ _ _ _ _ _ _ _ _ _ _ _ _ _ _ _ _ _ _ _ _ _ _ _ 
stack1:133: in postfix_eval
    ???
_ _ _ _ _ _ _ _ _ _ _ _ _ _ _ _ _ _ _ _ _ _ _ _ _ _ _ _ _ _ _ _ _ _ _ _ _ _ _ _ 

self = <stack1.Stack object at 0x7f34849e1ff0>

>   ???
E   ValueError

stack1:30: ValueError
   - [# 110] SDL stack1: 
--------------------------------------------------------------------------------
  129:     
  130:     if stack.size > 1:
  131:         raise ValueError()
  132:     
- 133:     return stack.pop()
+ 133:     pass
--------------------------------------------------------------------------------
[0.07921 s] killed by MIO-WHOLE_SUITE/test_stack1_WHOLE_SUITE.py::test_case_14

def test_case_14():
        str_0 = '3'
        stack_node_0 = module_0.StackNode(str_0)
        var_0 = module_0.postfix_eval(str_0)
>       assert var_0 == 3
E       AssertionError

MIO-WHOLE_SUITE/test_stack1_WHOLE_SUITE.py:106: AssertionError
   - [# 111] SVD stack1: 
--------------------------------------------------------------------------------
    4: '''
    5: 
    6: class Stack(object):
    7:     def __init__(self):
-   8:         self.size = 0
+   8:         size = 0
    9:         self.top = None
   10:     
   11:     def __len__(self):
   12:         return self.size
--------------------------------------------------------------------------------
[0.00000 s] incompetent

ValueError: expression must have Store context but has Load instead

   - [# 112] SVD stack1: 
--------------------------------------------------------------------------------
    5: 
    6: class Stack(object):
    7:     def __init__(self):
    8:         self.size = 0
-   9:         self.top = None
+   9:         top = None
   10:     
   11:     def __len__(self):
   12:         return self.size
   13:     
--------------------------------------------------------------------------------
[0.00000 s] incompetent

ValueError: expression must have Store context but has Load instead

   - [# 113] SVD stack1: 
--------------------------------------------------------------------------------
    8:         self.size = 0
    9:         self.top = None
   10:     
   11:     def __len__(self):
-  12:         return self.size
+  12:         return size
   13:     
   14:     def push(self, item):
   15:         if self.top is None:
   16:             self.top = StackNode(item)
--------------------------------------------------------------------------------
[0.07190 s] killed by MIO-WHOLE_SUITE/test_stack1_WHOLE_SUITE.py::test_case_1

def test_case_1():
        float_0 = -1074.68
        stack_node_0 = module_0.StackNode(float_0)
        stack_0 = module_0.Stack()
>       assert len(stack_0) == 0

MIO-WHOLE_SUITE/test_stack1_WHOLE_SUITE.py:16: 
_ _ _ _ _ _ _ _ _ _ _ _ _ _ _ _ _ _ _ _ _ _ _ _ _ _ _ _ _ _ _ _ _ _ _ _ _ _ _ _ 

self = <stack1.Stack object at 0x7f3484c868c0>

>   ???
E   NameError: name 'size' is not defined

stack1:12: NameError
   - [# 114] SVD stack1: 
--------------------------------------------------------------------------------
   11:     def __len__(self):
   12:         return self.size
   13:     
   14:     def push(self, item):
-  15:         if self.top is None:
+  15:         if top is None:
   16:             self.top = StackNode(item)
   17:         else:
   18:             
   19:             item1 = self.top
--------------------------------------------------------------------------------
[0.07217 s] killed by MIO-WHOLE_SUITE/test_stack1_WHOLE_SUITE.py::test_case_1

def test_case_1():
        float_0 = -1074.68
        stack_node_0 = module_0.StackNode(float_0)
        stack_0 = module_0.Stack()
        assert len(stack_0) == 0
        stack_node_1 = module_0.StackNode(stack_0)
        assert len(stack_node_1.data) == 0
        stack_1 = module_0.Stack()
        assert len(stack_1) == 0
>       var_0 = stack_1.push(stack_1)

MIO-WHOLE_SUITE/test_stack1_WHOLE_SUITE.py:21: 
_ _ _ _ _ _ _ _ _ _ _ _ _ _ _ _ _ _ _ _ _ _ _ _ _ _ _ _ _ _ _ _ _ _ _ _ _ _ _ _ 

self = <stack1.Stack object at 0x7f3484cc5c30>
item = <stack1.Stack object at 0x7f3484cc5c30>

>   ???
E   NameError: name 'top' is not defined

stack1:15: NameError
   - [# 115] SVD stack1: 
--------------------------------------------------------------------------------
   12:         return self.size
   13:     
   14:     def push(self, item):
   15:         if self.top is None:
-  16:             self.top = StackNode(item)
+  16:             top = StackNode(item)
   17:         else:
   18:             
   19:             item1 = self.top
   20:             item2 = StackNode(item)
--------------------------------------------------------------------------------
[0.00000 s] incompetent

ValueError: expression must have Store context but has Load instead

   - [# 116] SVD stack1: 
--------------------------------------------------------------------------------
   15:         if self.top is None:
   16:             self.top = StackNode(item)
   17:         else:
   18:             
-  19:             item1 = self.top
+  19:             item1 = top
   20:             item2 = StackNode(item)
   21:             
   22:             
   23:             self.top = item2
--------------------------------------------------------------------------------
[0.07216 s] killed by MIO-WHOLE_SUITE/test_stack1_WHOLE_SUITE.py::test_case_1

def test_case_1():
        float_0 = -1074.68
        stack_node_0 = module_0.StackNode(float_0)
        stack_0 = module_0.Stack()
        assert len(stack_0) == 0
        stack_node_1 = module_0.StackNode(stack_0)
        assert len(stack_node_1.data) == 0
        stack_1 = module_0.Stack()
        assert len(stack_1) == 0
        var_0 = stack_1.push(stack_1)
        assert len(stack_1) == 1
>       var_1 = stack_1.push(float_0)

MIO-WHOLE_SUITE/test_stack1_WHOLE_SUITE.py:23: 
_ _ _ _ _ _ _ _ _ _ _ _ _ _ _ _ _ _ _ _ _ _ _ _ _ _ _ _ _ _ _ _ _ _ _ _ _ _ _ _ 

self = <stack1.Stack object at 0x7f3484d1aa40>, item = -1074.68

>   ???
E   NameError: name 'top' is not defined

stack1:19: NameError
   - [# 117] SVD stack1: 
--------------------------------------------------------------------------------
   19:             item1 = self.top
   20:             item2 = StackNode(item)
   21:             
   22:             
-  23:             self.top = item2
+  23:             top = item2
   24:             item2.next = item1
   25:         
   26:         self.size += 1
   27:     
--------------------------------------------------------------------------------
[0.00000 s] incompetent

ValueError: expression must have Store context but has Load instead

   - [# 118] SVD stack1: 
--------------------------------------------------------------------------------
   22:             
   23:             self.top = item2
   24:             item2.next = item1
   25:         
-  26:         self.size += 1
+  26:         size += 1
   27:     
   28:     def pop(self):
   29:         if self.top is None:
   30:             raise ValueError()
--------------------------------------------------------------------------------
[0.00000 s] incompetent

ValueError: expression must have Store context but has Load instead

   - [# 119] SVD stack1: 
--------------------------------------------------------------------------------
   25:         
   26:         self.size += 1
   27:     
   28:     def pop(self):
-  29:         if self.top is None:
+  29:         if top is None:
   30:             raise ValueError()
   31:         else:
   32:             top_data = self.top.data
   33:             
--------------------------------------------------------------------------------
[0.07163 s] killed by MIO-WHOLE_SUITE/test_stack1_WHOLE_SUITE.py::test_case_0

def test_case_0():
        str_0 = '+'
        var_0 = module_0.check_parenthesis(str_0)
        assert var_0 is True
        with pytest.raises(ValueError):
>           module_0.postfix_eval(str_0)

MIO-WHOLE_SUITE/test_stack1_WHOLE_SUITE.py:10: 
_ _ _ _ _ _ _ _ _ _ _ _ _ _ _ _ _ _ _ _ _ _ _ _ _ _ _ _ _ _ _ _ _ _ _ _ _ _ _ _ 
stack1:109: in postfix_eval
    ???
_ _ _ _ _ _ _ _ _ _ _ _ _ _ _ _ _ _ _ _ _ _ _ _ _ _ _ _ _ _ _ _ _ _ _ _ _ _ _ _ 

self = <stack1.Stack object at 0x7f34848f6890>

>   ???
E   NameError: name 'top' is not defined

stack1:29: NameError
   - [# 120] SVD stack1: 
--------------------------------------------------------------------------------
   28:     def pop(self):
   29:         if self.top is None:
   30:             raise ValueError()
   31:         else:
-  32:             top_data = self.top.data
+  32:             top_data = top.data
   33:             
   34:             self.top = self.top.next
   35:             self.size -= 1
   36:             return top_data
--------------------------------------------------------------------------------
[0.07812 s] killed by MIO-WHOLE_SUITE/test_stack1_WHOLE_SUITE.py::test_case_9

def test_case_9():
        str_0 = 'K*{g\\\nq1p\\j~,7`]'
>       var_0 = module_0.check_parenthesis(str_0)

MIO-WHOLE_SUITE/test_stack1_WHOLE_SUITE.py:72: 
_ _ _ _ _ _ _ _ _ _ _ _ _ _ _ _ _ _ _ _ _ _ _ _ _ _ _ _ _ _ _ _ _ _ _ _ _ _ _ _ 
stack1:63: in check_parenthesis
    ???
_ _ _ _ _ _ _ _ _ _ _ _ _ _ _ _ _ _ _ _ _ _ _ _ _ _ _ _ _ _ _ _ _ _ _ _ _ _ _ _ 

self = <stack1.Stack object at 0x7f3484a25b40>

>   ???
E   NameError: name 'top' is not defined

stack1:32: NameError
   - [# 121] SVD stack1: 
--------------------------------------------------------------------------------
   30:             raise ValueError()
   31:         else:
   32:             top_data = self.top.data
   33:             
-  34:             self.top = self.top.next
+  34:             top = self.top.next
   35:             self.size -= 1
   36:             return top_data
   37:     
   38:     def peek(self):
--------------------------------------------------------------------------------
[0.00000 s] incompetent

ValueError: expression must have Store context but has Load instead

   - [# 122] SVD stack1: 
--------------------------------------------------------------------------------
   30:             raise ValueError()
   31:         else:
   32:             top_data = self.top.data
   33:             
-  34:             self.top = self.top.next
+  34:             self.top = top.next
   35:             self.size -= 1
   36:             return top_data
   37:     
   38:     def peek(self):
--------------------------------------------------------------------------------
[0.07613 s] killed by MIO-WHOLE_SUITE/test_stack1_WHOLE_SUITE.py::test_case_9

def test_case_9():
        str_0 = 'K*{g\\\nq1p\\j~,7`]'
>       var_0 = module_0.check_parenthesis(str_0)

MIO-WHOLE_SUITE/test_stack1_WHOLE_SUITE.py:72: 
_ _ _ _ _ _ _ _ _ _ _ _ _ _ _ _ _ _ _ _ _ _ _ _ _ _ _ _ _ _ _ _ _ _ _ _ _ _ _ _ 
stack1:63: in check_parenthesis
    ???
_ _ _ _ _ _ _ _ _ _ _ _ _ _ _ _ _ _ _ _ _ _ _ _ _ _ _ _ _ _ _ _ _ _ _ _ _ _ _ _ 

self = <stack1.Stack object at 0x7f3484a24fd0>

>   ???
E   NameError: name 'top' is not defined

stack1:34: NameError
   - [# 123] SVD stack1: 
--------------------------------------------------------------------------------
   31:         else:
   32:             top_data = self.top.data
   33:             
   34:             self.top = self.top.next
-  35:             self.size -= 1
+  35:             size -= 1
   36:             return top_data
   37:     
   38:     def peek(self):
   39:         if self.top is None:
--------------------------------------------------------------------------------
[0.00000 s] incompetent

ValueError: expression must have Store context but has Load instead

   - [# 124] SVD stack1: 
--------------------------------------------------------------------------------
   35:             self.size -= 1
   36:             return top_data
   37:     
   38:     def peek(self):
-  39:         if self.top is None:
+  39:         if top is None:
   40:             raise ValueError()
   41:         else:
   42:             return self.top.data
   43: 
--------------------------------------------------------------------------------
[0.07143 s] killed by MIO-WHOLE_SUITE/test_stack1_WHOLE_SUITE.py::test_case_1

def test_case_1():
        float_0 = -1074.68
        stack_node_0 = module_0.StackNode(float_0)
        stack_0 = module_0.Stack()
        assert len(stack_0) == 0
        stack_node_1 = module_0.StackNode(stack_0)
        assert len(stack_node_1.data) == 0
        stack_1 = module_0.Stack()
        assert len(stack_1) == 0
        var_0 = stack_1.push(stack_1)
        assert len(stack_1) == 1
        var_1 = stack_1.push(float_0)
        assert len(stack_1) == 2
>       var_2 = stack_1.peek()

MIO-WHOLE_SUITE/test_stack1_WHOLE_SUITE.py:25: 
_ _ _ _ _ _ _ _ _ _ _ _ _ _ _ _ _ _ _ _ _ _ _ _ _ _ _ _ _ _ _ _ _ _ _ _ _ _ _ _ 

self = <stack1.Stack object at 0x7f3484b0d060>

>   ???
E   NameError: name 'top' is not defined

stack1:39: NameError
   - [# 125] SVD stack1: 
--------------------------------------------------------------------------------
   38:     def peek(self):
   39:         if self.top is None:
   40:             raise ValueError()
   41:         else:
-  42:             return self.top.data
+  42:             return top.data
   43: 
   44: class StackNode(object):
   45:     ''' Look familiar? '''
   46:     def __init__(self, item):
--------------------------------------------------------------------------------
[0.07169 s] killed by MIO-WHOLE_SUITE/test_stack1_WHOLE_SUITE.py::test_case_1

def test_case_1():
        float_0 = -1074.68
        stack_node_0 = module_0.StackNode(float_0)
        stack_0 = module_0.Stack()
        assert len(stack_0) == 0
        stack_node_1 = module_0.StackNode(stack_0)
        assert len(stack_node_1.data) == 0
        stack_1 = module_0.Stack()
        assert len(stack_1) == 0
        var_0 = stack_1.push(stack_1)
        assert len(stack_1) == 1
        var_1 = stack_1.push(float_0)
        assert len(stack_1) == 2
>       var_2 = stack_1.peek()

MIO-WHOLE_SUITE/test_stack1_WHOLE_SUITE.py:25: 
_ _ _ _ _ _ _ _ _ _ _ _ _ _ _ _ _ _ _ _ _ _ _ _ _ _ _ _ _ _ _ _ _ _ _ _ _ _ _ _ 

self = <stack1.Stack object at 0x7f34848f5900>

>   ???
E   NameError: name 'top' is not defined

stack1:42: NameError
   - [# 126] SVD stack1: 
--------------------------------------------------------------------------------
   43: 
   44: class StackNode(object):
   45:     ''' Look familiar? '''
   46:     def __init__(self, item):
-  47:         self.data = item
+  47:         data = item
   48:         self.next = None
   49: 
   50: def check_parenthesis(string):
   51:     stack = Stack()
--------------------------------------------------------------------------------
[0.00000 s] incompetent

ValueError: expression must have Store context but has Load instead

   - [# 127] SVD stack1: 
--------------------------------------------------------------------------------
   44: class StackNode(object):
   45:     ''' Look familiar? '''
   46:     def __init__(self, item):
   47:         self.data = item
-  48:         self.next = None
+  48:         next = None
   49: 
   50: def check_parenthesis(string):
   51:     stack = Stack()
   52:     
--------------------------------------------------------------------------------
[0.00000 s] incompetent

ValueError: expression must have Store context but has Load instead

   - [# 128] ZIL stack1: 
--------------------------------------------------------------------------------
   53:     brackets = {'{': '}', '[': ']', '(': ')'}
   54:     
   55:     for character in string:
   56:         
-  57:         if character in brackets.keys():
-  58:             stack.push(character)
-  59:         
-  60:         
-  61:         if character in brackets.values():
-  62:             try:
-  63:                 other = stack.pop()
-  64:                 
-  65:                 
-  66:                 if brackets[other] != character:
-  67:                     return False
-  68:             
-  69:             except ValueError:
-  70:                 return False
+  57:         break
+  58:     
+  59:     
+  60:     
+  61:     
+  62:     
+  63:     
+  64:     
+  65:     
+  66:     
+  67:     
+  68:     
+  69:     
+  70:     
   71:     
   72:     if stack.size != 0:
   73:         return False
   74:     else:
--------------------------------------------------------------------------------
[0.07560 s] killed by MIO-WHOLE_SUITE/test_stack1_WHOLE_SUITE.py::test_case_5

def test_case_5():
        str_0 = '%V[^8\x0b3#niiMS&'
        var_0 = module_0.check_parenthesis(str_0)
>       assert var_0 is False
E       AssertionError

MIO-WHOLE_SUITE/test_stack1_WHOLE_SUITE.py:50: AssertionError
   - [# 129] ZIL stack1: 
--------------------------------------------------------------------------------
  102:     tokens = string.split(' ')
  103:     
  104:     for character in tokens:
  105:         
- 106:         if character in ops.keys():
- 107:             try:
- 108:                 
- 109:                 right = stack.pop()
- 110:                 left = stack.pop()
- 111:                 
- 112:                 
- 113:                 result = ops[character](left, right)
- 114:                 stack.push(result)
- 115:             
- 116:             
- 117:             except ValueError as e:
- 118:                 raise e
- 119:         else:
- 120:             
- 121:             try:
- 122:                 
- 123:                 value = int(character)
- 124:                 stack.push(value)
- 125:             
- 126:             except ValueError as e:
- 127:                 raise e
+ 106:         break
+ 107:     
+ 108:     
+ 109:     
+ 110:     
+ 111:     
+ 112:     
+ 113:     
+ 114:     
+ 115:     
+ 116:     
+ 117:     
+ 118:     
+ 119:     
+ 120:     
+ 121:     
+ 122:     
+ 123:     
+ 124:     
+ 125:     
+ 126:     
+ 127:     
  128:     
  129:     
  130:     if stack.size > 1:
  131:         raise ValueError()
--------------------------------------------------------------------------------
[0.08018 s] killed by MIO-WHOLE_SUITE/test_stack1_WHOLE_SUITE.py::test_case_14

def test_case_14():
        str_0 = '3'
        stack_node_0 = module_0.StackNode(str_0)
>       var_0 = module_0.postfix_eval(str_0)

MIO-WHOLE_SUITE/test_stack1_WHOLE_SUITE.py:105: 
_ _ _ _ _ _ _ _ _ _ _ _ _ _ _ _ _ _ _ _ _ _ _ _ _ _ _ _ _ _ _ _ _ _ _ _ _ _ _ _ 
stack1:133: in postfix_eval
    ???
_ _ _ _ _ _ _ _ _ _ _ _ _ _ _ _ _ _ _ _ _ _ _ _ _ _ _ _ _ _ _ _ _ _ _ _ _ _ _ _ 

self = <stack1.Stack object at 0x7f34847c0760>

>   ???
E   ValueError

stack1:30: ValueError
[*] Mutation score [14.28295 s]: 63.7%
   - all: 129
   - killed: 72 (55.8%)
   - survived: 41 (31.8%)
   - incompetent: 16 (12.4%)
   - timeout: 0 (0.0%)
