[34m[*][0m Start mutation process:
[36m   -[0m targets: identifier1.py
[36m   -[0m tests: ./ALL-SMART-GPT-MUTMUT
[34m[*][0m 49 tests passed:
[36m   -[0m test_identifier1_WHOLE_SUITE [0.36679 s]
[36m   -[0m test_identifier1_MIO [0.19426 s]
[36m   -[0m test_identifier1_MUTMUT [0.14238 s]
[36m   -[0m test_identifier1_DYNAMOSA [0.13844 s]
[36m   -[0m test_identifier1_MOSA [0.12980 s]
[34m[*][0m Start mutants generation and execution:
[36m   -[0m [#   1] ASR identifier1: 
--------------------------------------------------------------------------------
  29:                 while i < len(s):
  30:                     achar = s[i]
  31:                     if not (self.valid_f(achar)):
  32:                         valid_id = False
[34m- 33:                     i += 1[0m
[32m+ 33:                     i -= 1[0m
  34:             if (valid_id and len(s) >= 1 and len(s) <= 6):
  35:                 return True
  36:             else:
  37:                 return False
--------------------------------------------------------------------------------
[0.19303 s] [32mkilled[0m by ALL-SMART-GPT-MUTMUT/test_identifier1_WHOLE_SUITE.py::test_case_0

def test_case_0():
        none_type_0 = None
        identifier_0 = module_0.Identifier()
        str_0 = 'N~P{c=2s'
>       var_0 = identifier_0.validateIdentifier(str_0)

ALL-SMART-GPT-MUTMUT/test_identifier1_WHOLE_SUITE.py:10: 
_ _ _ _ _ _ _ _ _ _ _ _ _ _ _ _ _ _ _ _ _ _ _ _ _ _ _ _ _ _ _ _ _ _ _ _ _ _ _ _ 

self = <identifier1.Identifier object at 0x7fc98b00ca00>, s = 'N~P{c=2s'

>   ???
E   IndexError: string index out of range

identifier1:30: IndexError
[36m   -[0m [#   2] CDI identifier1: 
--------------------------------------------------------------------------------
   1: 
   2: class Identifier(object):
   3:     ''' generated source for class Identifier '''
   4:     
[34m-  5:     def valid_s(self, ch):[0m
[34m-  6:         ''' generated source for method valid_s '''[0m
[34m-  7:         if ((ch >= 'A' and ch <= 'Z') or (ch >= 'a' and ch <= 'z')):[0m
[34m-  8:             return True[0m
[34m-  9:         else:[0m
[34m- 10:             return False[0m
[34m- 11:     [0m
[32m+  5:     @classmethod[0m
[32m+  6:     def valid_s(self, ch):[0m
[32m+  7:         ''' generated source for method valid_s '''[0m
[32m+  8:         if ((ch >= 'A' and ch <= 'Z') or (ch >= 'a' and ch <= 'z')):[0m
[32m+  9:             return True[0m
[32m+ 10:         else:[0m
[32m+ 11:             return False[0m
  12:     def valid_f(self, ch):
  13:         ''' generated source for method valid_f '''
  14:         if ((ch >= 'A' and ch <= 'Z') or (ch >= 'a' and ch <= 'z') or (ch >= '0' and ch <= '9')):
  15:             return True
--------------------------------------------------------------------------------
[0.24044 s] [31msurvived[0m
[36m   -[0m [#   3] CDI identifier1: 
--------------------------------------------------------------------------------
   8:             return True
   9:         else:
  10:             return False
  11:     
[34m- 12:     def valid_f(self, ch):[0m
[34m- 13:         ''' generated source for method valid_f '''[0m
[34m- 14:         if ((ch >= 'A' and ch <= 'Z') or (ch >= 'a' and ch <= 'z') or (ch >= '0' and ch <= '9')):[0m
[34m- 15:             return True[0m
[34m- 16:         else:[0m
[34m- 17:             return False[0m
[34m- 18:     [0m
[32m+ 12:     @classmethod[0m
[32m+ 13:     def valid_f(self, ch):[0m
[32m+ 14:         ''' generated source for method valid_f '''[0m
[32m+ 15:         if ((ch >= 'A' and ch <= 'Z') or (ch >= 'a' and ch <= 'z') or (ch >= '0' and ch <= '9')):[0m
[32m+ 16:             return True[0m
[32m+ 17:         else:[0m
[32m+ 18:             return False[0m
  19:     def validateIdentifier(self, s):
  20:         ''' generated source for method validateIdentifier '''
  21:         achar = str()
  22:         valid_id = False
--------------------------------------------------------------------------------
[0.23635 s] [31msurvived[0m
[36m   -[0m [#   4] CDI identifier1: 
--------------------------------------------------------------------------------
  15:             return True
  16:         else:
  17:             return False
  18:     
[34m- 19:     def validateIdentifier(self, s):[0m
[34m- 20:         ''' generated source for method validateIdentifier '''[0m
[34m- 21:         achar = str()[0m
[34m- 22:         valid_id = False[0m
[34m- 23:         if len(s) > 0:[0m
[34m- 24:             achar = s[0][0m
[34m- 25:             valid_id = self.valid_s(achar)[0m
[34m- 26:             if len(s) > 1:[0m
[34m- 27:                 achar = s[1][0m
[34m- 28:                 i = 1[0m
[34m- 29:                 while i < len(s):[0m
[34m- 30:                     achar = s[i][0m
[34m- 31:                     if not (self.valid_f(achar)):[0m
[34m- 32:                         valid_id = False[0m
[34m- 33:                     i += 1[0m
[34m- 34:             if (valid_id and len(s) >= 1 and len(s) <= 6):[0m
[34m- 35:                 return True[0m
[34m- 36:             else:[0m
[34m- 37:                 return False[0m
[34m- 38:         else:[0m
[34m- 39:             return False[0m
[32m+ 19:     @classmethod[0m
[32m+ 20:     def validateIdentifier(self, s):[0m
[32m+ 21:         ''' generated source for method validateIdentifier '''[0m
[32m+ 22:         achar = str()[0m
[32m+ 23:         valid_id = False[0m
[32m+ 24:         if len(s) > 0:[0m
[32m+ 25:             achar = s[0][0m
[32m+ 26:             valid_id = self.valid_s(achar)[0m
[32m+ 27:             if len(s) > 1:[0m
[32m+ 28:                 achar = s[1][0m
[32m+ 29:                 i = 1[0m
[32m+ 30:                 while i < len(s):[0m
[32m+ 31:                     achar = s[i][0m
[32m+ 32:                     if not (self.valid_f(achar)):[0m
[32m+ 33:                         valid_id = False[0m
[32m+ 34:                     i += 1[0m
[32m+ 35:             if (valid_id and len(s) >= 1 and len(s) <= 6):[0m
[32m+ 36:                 return True[0m
[32m+ 37:             else:[0m
[32m+ 38:                 return False[0m
[32m+ 39:         else:[0m
[32m+ 40:             return False[0m
--------------------------------------------------------------------------------
[0.21114 s] [36mincompetent[0m

TypeError: identifier1:26: TypeError: Identifier.valid_s() missing 1 required positional argument: 'ch'

[36m   -[0m [#   5] COD identifier1: 
--------------------------------------------------------------------------------
  27:                 achar = s[1]
  28:                 i = 1
  29:                 while i < len(s):
  30:                     achar = s[i]
[34m- 31:                     if not (self.valid_f(achar)):[0m
[32m+ 31:                     if self.valid_f(achar):[0m
  32:                         valid_id = False
  33:                     i += 1
  34:             if (valid_id and len(s) >= 1 and len(s) <= 6):
  35:                 return True
--------------------------------------------------------------------------------
[0.22972 s] [32mkilled[0m by ALL-SMART-GPT-MUTMUT/test_identifier1_MOSA.py::test_case_0

def test_case_0():
        identifier_0 = module_0.Identifier()
        str_0 = 'H9'
        var_0 = identifier_0.validateIdentifier(str_0)
>       assert var_0 is True
E       AssertionError

ALL-SMART-GPT-MUTMUT/test_identifier1_MOSA.py:9: AssertionError
[36m   -[0m [#   6] COI identifier1: 
--------------------------------------------------------------------------------
   3:     ''' generated source for class Identifier '''
   4:     
   5:     def valid_s(self, ch):
   6:         ''' generated source for method valid_s '''
[34m-  7:         if ((ch >= 'A' and ch <= 'Z') or (ch >= 'a' and ch <= 'z')):[0m
[32m+  7:         if not (((ch >= 'A' and ch <= 'Z') or (ch >= 'a' and ch <= 'z'))):[0m
   8:             return True
   9:         else:
  10:             return False
  11:     
--------------------------------------------------------------------------------
[0.22943 s] [32mkilled[0m by ALL-SMART-GPT-MUTMUT/test_identifier1_WHOLE_SUITE.py::test_case_6

def test_case_6():
        str_0 = 'u'
        bytes_0 = b'~P%d\x99S'
        identifier_0 = module_0.Identifier()
        var_0 = identifier_0.validateIdentifier(str_0)
>       assert var_0 is True
E       AssertionError

ALL-SMART-GPT-MUTMUT/test_identifier1_WHOLE_SUITE.py:56: AssertionError
[36m   -[0m [#   7] COI identifier1: 
--------------------------------------------------------------------------------
  10:             return False
  11:     
  12:     def valid_f(self, ch):
  13:         ''' generated source for method valid_f '''
[34m- 14:         if ((ch >= 'A' and ch <= 'Z') or (ch >= 'a' and ch <= 'z') or (ch >= '0' and ch <= '9')):[0m
[32m+ 14:         if not (((ch >= 'A' and ch <= 'Z') or (ch >= 'a' and ch <= 'z') or (ch >= '0' and ch <= '9'))):[0m
  15:             return True
  16:         else:
  17:             return False
  18:     
--------------------------------------------------------------------------------
[0.20858 s] [32mkilled[0m by ALL-SMART-GPT-MUTMUT/test_identifier1_WHOLE_SUITE.py::test_case_5

def test_case_5():
        str_0 = 'dYjOEfJ'
        identifier_0 = module_0.Identifier()
        identifier_1 = module_0.Identifier()
        identifier_2 = module_0.Identifier()
        var_0 = identifier_2.valid_f(str_0)
>       assert var_0 is True
E       AssertionError

ALL-SMART-GPT-MUTMUT/test_identifier1_WHOLE_SUITE.py:47: AssertionError
[36m   -[0m [#   8] COI identifier1: 
--------------------------------------------------------------------------------
  19:     def validateIdentifier(self, s):
  20:         ''' generated source for method validateIdentifier '''
  21:         achar = str()
  22:         valid_id = False
[34m- 23:         if len(s) > 0:[0m
[32m+ 23:         if not (len(s) > 0):[0m
  24:             achar = s[0]
  25:             valid_id = self.valid_s(achar)
  26:             if len(s) > 1:
  27:                 achar = s[1]
--------------------------------------------------------------------------------
[0.23072 s] [32mkilled[0m by ALL-SMART-GPT-MUTMUT/test_identifier1_WHOLE_SUITE.py::test_case_2

def test_case_2():
        list_0 = []
        str_0 = "y\n(s/i'#!\x0b46WuH\x0cixuN"
        dict_0 = {str_0: str_0, str_0: str_0}
        identifier_0 = module_0.Identifier()
>       var_0 = identifier_0.validateIdentifier(list_0)

ALL-SMART-GPT-MUTMUT/test_identifier1_WHOLE_SUITE.py:24: 
_ _ _ _ _ _ _ _ _ _ _ _ _ _ _ _ _ _ _ _ _ _ _ _ _ _ _ _ _ _ _ _ _ _ _ _ _ _ _ _ 

self = <identifier1.Identifier object at 0x7fc98afbf460>, s = []

>   ???
E   IndexError: list index out of range

identifier1:24: IndexError
[36m   -[0m [#   9] COI identifier1: 
--------------------------------------------------------------------------------
  22:         valid_id = False
  23:         if len(s) > 0:
  24:             achar = s[0]
  25:             valid_id = self.valid_s(achar)
[34m- 26:             if len(s) > 1:[0m
[32m+ 26:             if not (len(s) > 1):[0m
  27:                 achar = s[1]
  28:                 i = 1
  29:                 while i < len(s):
  30:                     achar = s[i]
--------------------------------------------------------------------------------
[0.21968 s] [32mkilled[0m by ALL-SMART-GPT-MUTMUT/test_identifier1_WHOLE_SUITE.py::test_case_6

def test_case_6():
        str_0 = 'u'
        bytes_0 = b'~P%d\x99S'
        identifier_0 = module_0.Identifier()
>       var_0 = identifier_0.validateIdentifier(str_0)

ALL-SMART-GPT-MUTMUT/test_identifier1_WHOLE_SUITE.py:55: 
_ _ _ _ _ _ _ _ _ _ _ _ _ _ _ _ _ _ _ _ _ _ _ _ _ _ _ _ _ _ _ _ _ _ _ _ _ _ _ _ 

self = <identifier1.Identifier object at 0x7fc98b140dc0>, s = 'u'

>   ???
E   IndexError: string index out of range

identifier1:27: IndexError
[36m   -[0m [#  10] COI identifier1: 
--------------------------------------------------------------------------------
  25:             valid_id = self.valid_s(achar)
  26:             if len(s) > 1:
  27:                 achar = s[1]
  28:                 i = 1
[34m- 29:                 while i < len(s):[0m
[32m+ 29:                 while not (i < len(s)):[0m
  30:                     achar = s[i]
  31:                     if not (self.valid_f(achar)):
  32:                         valid_id = False
  33:                     i += 1
--------------------------------------------------------------------------------
[0.30107 s] [32mkilled[0m by ALL-SMART-GPT-MUTMUT/test_identifier1_MOSA.py::test_case_5

def test_case_5():
        identifier_0 = module_0.Identifier()
        str_0 = 'j{'
        var_0 = identifier_0.validateIdentifier(str_0)
>       assert var_0 is False
E       AssertionError

ALL-SMART-GPT-MUTMUT/test_identifier1_MOSA.py:36: AssertionError
[36m   -[0m [#  11] COI identifier1: 
--------------------------------------------------------------------------------
  27:                 achar = s[1]
  28:                 i = 1
  29:                 while i < len(s):
  30:                     achar = s[i]
[34m- 31:                     if not (self.valid_f(achar)):[0m
[32m+ 31:                     if not ((not (self.valid_f(achar)))):[0m
  32:                         valid_id = False
  33:                     i += 1
  34:             if (valid_id and len(s) >= 1 and len(s) <= 6):
  35:                 return True
--------------------------------------------------------------------------------
[0.29512 s] [32mkilled[0m by ALL-SMART-GPT-MUTMUT/test_identifier1_MOSA.py::test_case_0

def test_case_0():
        identifier_0 = module_0.Identifier()
        str_0 = 'H9'
        var_0 = identifier_0.validateIdentifier(str_0)
>       assert var_0 is True
E       AssertionError

ALL-SMART-GPT-MUTMUT/test_identifier1_MOSA.py:9: AssertionError
[36m   -[0m [#  12] COI identifier1: 
--------------------------------------------------------------------------------
  30:                     achar = s[i]
  31:                     if not (self.valid_f(achar)):
  32:                         valid_id = False
  33:                     i += 1
[34m- 34:             if (valid_id and len(s) >= 1 and len(s) <= 6):[0m
[32m+ 34:             if not ((valid_id and len(s) >= 1 and len(s) <= 6)):[0m
  35:                 return True
  36:             else:
  37:                 return False
  38:         else:
--------------------------------------------------------------------------------
[0.27874 s] [32mkilled[0m by ALL-SMART-GPT-MUTMUT/test_identifier1_WHOLE_SUITE.py::test_case_0

def test_case_0():
        none_type_0 = None
        identifier_0 = module_0.Identifier()
        str_0 = 'N~P{c=2s'
        var_0 = identifier_0.validateIdentifier(str_0)
>       assert var_0 is False
E       AssertionError

ALL-SMART-GPT-MUTMUT/test_identifier1_WHOLE_SUITE.py:11: AssertionError
[36m   -[0m [#  13] CRP identifier1: 
--------------------------------------------------------------------------------
   3:     ''' generated source for class Identifier '''
   4:     
   5:     def valid_s(self, ch):
   6:         ''' generated source for method valid_s '''
[34m-  7:         if ((ch >= 'A' and ch <= 'Z') or (ch >= 'a' and ch <= 'z')):[0m
[32m+  7:         if ((ch >= 'mutpy' and ch <= 'Z') or (ch >= 'a' and ch <= 'z')):[0m
   8:             return True
   9:         else:
  10:             return False
  11:     
--------------------------------------------------------------------------------
[0.23156 s] [32mkilled[0m by ALL-SMART-GPT-MUTMUT/test_identifier1_MOSA.py::test_case_0

def test_case_0():
        identifier_0 = module_0.Identifier()
        str_0 = 'H9'
        var_0 = identifier_0.validateIdentifier(str_0)
>       assert var_0 is True
E       AssertionError

ALL-SMART-GPT-MUTMUT/test_identifier1_MOSA.py:9: AssertionError
[36m   -[0m [#  14] CRP identifier1: 
--------------------------------------------------------------------------------
   3:     ''' generated source for class Identifier '''
   4:     
   5:     def valid_s(self, ch):
   6:         ''' generated source for method valid_s '''
[34m-  7:         if ((ch >= 'A' and ch <= 'Z') or (ch >= 'a' and ch <= 'z')):[0m
[32m+  7:         if ((ch >= '' and ch <= 'Z') or (ch >= 'a' and ch <= 'z')):[0m
   8:             return True
   9:         else:
  10:             return False
  11:     
--------------------------------------------------------------------------------
[0.26417 s] [32mkilled[0m by ALL-SMART-GPT-MUTMUT/test_identifier1_MOSA.py::test_case_2

def test_case_2():
        identifier_0 = module_0.Identifier()
        str_0 = '6E'
        var_0 = identifier_0.validateIdentifier(str_0)
>       assert var_0 is False
E       AssertionError

ALL-SMART-GPT-MUTMUT/test_identifier1_MOSA.py:21: AssertionError
[36m   -[0m [#  15] CRP identifier1: 
--------------------------------------------------------------------------------
   3:     ''' generated source for class Identifier '''
   4:     
   5:     def valid_s(self, ch):
   6:         ''' generated source for method valid_s '''
[34m-  7:         if ((ch >= 'A' and ch <= 'Z') or (ch >= 'a' and ch <= 'z')):[0m
[32m+  7:         if ((ch >= 'A' and ch <= 'mutpy') or (ch >= 'a' and ch <= 'z')):[0m
   8:             return True
   9:         else:
  10:             return False
  11:     
--------------------------------------------------------------------------------
[0.23787 s] [32mkilled[0m by ALL-SMART-GPT-MUTMUT/test_identifier1_MUTMUT.py::test_valid_s_special_char

def test_valid_s_special_char():
        identifier_instance = Identifier()
    
>       assert identifier_instance.valid_s('[') == False
E       AssertionError

ALL-SMART-GPT-MUTMUT/test_identifier1_MUTMUT.py:31: AssertionError
[36m   -[0m [#  16] CRP identifier1: 
--------------------------------------------------------------------------------
   3:     ''' generated source for class Identifier '''
   4:     
   5:     def valid_s(self, ch):
   6:         ''' generated source for method valid_s '''
[34m-  7:         if ((ch >= 'A' and ch <= 'Z') or (ch >= 'a' and ch <= 'z')):[0m
[32m+  7:         if ((ch >= 'A' and ch <= '') or (ch >= 'a' and ch <= 'z')):[0m
   8:             return True
   9:         else:
  10:             return False
  11:     
--------------------------------------------------------------------------------
[0.23445 s] [32mkilled[0m by ALL-SMART-GPT-MUTMUT/test_identifier1_MOSA.py::test_case_0

def test_case_0():
        identifier_0 = module_0.Identifier()
        str_0 = 'H9'
        var_0 = identifier_0.validateIdentifier(str_0)
>       assert var_0 is True
E       AssertionError

ALL-SMART-GPT-MUTMUT/test_identifier1_MOSA.py:9: AssertionError
[36m   -[0m [#  17] CRP identifier1: 
--------------------------------------------------------------------------------
   3:     ''' generated source for class Identifier '''
   4:     
   5:     def valid_s(self, ch):
   6:         ''' generated source for method valid_s '''
[34m-  7:         if ((ch >= 'A' and ch <= 'Z') or (ch >= 'a' and ch <= 'z')):[0m
[32m+  7:         if ((ch >= 'A' and ch <= 'Z') or (ch >= 'mutpy' and ch <= 'z')):[0m
   8:             return True
   9:         else:
  10:             return False
  11:     
--------------------------------------------------------------------------------
[0.24458 s] [32mkilled[0m by ALL-SMART-GPT-MUTMUT/test_identifier1_MOSA.py::test_case_1

def test_case_1():
        identifier_0 = module_0.Identifier()
        str_0 = 'f'
        var_0 = identifier_0.validateIdentifier(str_0)
>       assert var_0 is True
E       AssertionError

ALL-SMART-GPT-MUTMUT/test_identifier1_MOSA.py:15: AssertionError
[36m   -[0m [#  18] CRP identifier1: 
--------------------------------------------------------------------------------
   3:     ''' generated source for class Identifier '''
   4:     
   5:     def valid_s(self, ch):
   6:         ''' generated source for method valid_s '''
[34m-  7:         if ((ch >= 'A' and ch <= 'Z') or (ch >= 'a' and ch <= 'z')):[0m
[32m+  7:         if ((ch >= 'A' and ch <= 'Z') or (ch >= '' and ch <= 'z')):[0m
   8:             return True
   9:         else:
  10:             return False
  11:     
--------------------------------------------------------------------------------
[0.23832 s] [32mkilled[0m by ALL-SMART-GPT-MUTMUT/test_identifier1_MOSA.py::test_case_2

def test_case_2():
        identifier_0 = module_0.Identifier()
        str_0 = '6E'
        var_0 = identifier_0.validateIdentifier(str_0)
>       assert var_0 is False
E       AssertionError

ALL-SMART-GPT-MUTMUT/test_identifier1_MOSA.py:21: AssertionError
[36m   -[0m [#  19] CRP identifier1: 
--------------------------------------------------------------------------------
   3:     ''' generated source for class Identifier '''
   4:     
   5:     def valid_s(self, ch):
   6:         ''' generated source for method valid_s '''
[34m-  7:         if ((ch >= 'A' and ch <= 'Z') or (ch >= 'a' and ch <= 'z')):[0m
[32m+  7:         if ((ch >= 'A' and ch <= 'Z') or (ch >= 'a' and ch <= 'mutpy')):[0m
   8:             return True
   9:         else:
  10:             return False
  11:     
--------------------------------------------------------------------------------
[0.21898 s] [32mkilled[0m by ALL-SMART-GPT-MUTMUT/test_identifier1_WHOLE_SUITE.py::test_case_6

def test_case_6():
        str_0 = 'u'
        bytes_0 = b'~P%d\x99S'
        identifier_0 = module_0.Identifier()
        var_0 = identifier_0.validateIdentifier(str_0)
>       assert var_0 is True
E       AssertionError

ALL-SMART-GPT-MUTMUT/test_identifier1_WHOLE_SUITE.py:56: AssertionError
[36m   -[0m [#  20] CRP identifier1: 
--------------------------------------------------------------------------------
   3:     ''' generated source for class Identifier '''
   4:     
   5:     def valid_s(self, ch):
   6:         ''' generated source for method valid_s '''
[34m-  7:         if ((ch >= 'A' and ch <= 'Z') or (ch >= 'a' and ch <= 'z')):[0m
[32m+  7:         if ((ch >= 'A' and ch <= 'Z') or (ch >= 'a' and ch <= '')):[0m
   8:             return True
   9:         else:
  10:             return False
  11:     
--------------------------------------------------------------------------------
[0.24665 s] [32mkilled[0m by ALL-SMART-GPT-MUTMUT/test_identifier1_WHOLE_SUITE.py::test_case_6

def test_case_6():
        str_0 = 'u'
        bytes_0 = b'~P%d\x99S'
        identifier_0 = module_0.Identifier()
        var_0 = identifier_0.validateIdentifier(str_0)
>       assert var_0 is True
E       AssertionError

ALL-SMART-GPT-MUTMUT/test_identifier1_WHOLE_SUITE.py:56: AssertionError
[36m   -[0m [#  21] CRP identifier1: 
--------------------------------------------------------------------------------
  10:             return False
  11:     
  12:     def valid_f(self, ch):
  13:         ''' generated source for method valid_f '''
[34m- 14:         if ((ch >= 'A' and ch <= 'Z') or (ch >= 'a' and ch <= 'z') or (ch >= '0' and ch <= '9')):[0m
[32m+ 14:         if ((ch >= 'mutpy' and ch <= 'Z') or (ch >= 'a' and ch <= 'z') or (ch >= '0' and ch <= '9')):[0m
  15:             return True
  16:         else:
  17:             return False
  18:     
--------------------------------------------------------------------------------
[0.24567 s] [32mkilled[0m by ALL-SMART-GPT-MUTMUT/test_identifier1_MOSA.py::test_case_8

def test_case_8():
        str_0 = 'e6zLE'
        identifier_0 = module_0.Identifier()
        var_0 = identifier_0.validateIdentifier(str_0)
>       assert var_0 is True
E       AssertionError

ALL-SMART-GPT-MUTMUT/test_identifier1_MOSA.py:55: AssertionError
[36m   -[0m [#  22] CRP identifier1: 
--------------------------------------------------------------------------------
  10:             return False
  11:     
  12:     def valid_f(self, ch):
  13:         ''' generated source for method valid_f '''
[34m- 14:         if ((ch >= 'A' and ch <= 'Z') or (ch >= 'a' and ch <= 'z') or (ch >= '0' and ch <= '9')):[0m
[32m+ 14:         if ((ch >= '' and ch <= 'Z') or (ch >= 'a' and ch <= 'z') or (ch >= '0' and ch <= '9')):[0m
  15:             return True
  16:         else:
  17:             return False
  18:     
--------------------------------------------------------------------------------
[0.25194 s] [32mkilled[0m by ALL-SMART-GPT-MUTMUT/test_identifier1_MOSA.py::test_case_6

def test_case_6():
        identifier_0 = module_0.Identifier()
        str_0 = 'g$'
        var_0 = identifier_0.validateIdentifier(str_0)
>       assert var_0 is False
E       AssertionError

ALL-SMART-GPT-MUTMUT/test_identifier1_MOSA.py:42: AssertionError
[36m   -[0m [#  23] CRP identifier1: 
--------------------------------------------------------------------------------
  10:             return False
  11:     
  12:     def valid_f(self, ch):
  13:         ''' generated source for method valid_f '''
[34m- 14:         if ((ch >= 'A' and ch <= 'Z') or (ch >= 'a' and ch <= 'z') or (ch >= '0' and ch <= '9')):[0m
[32m+ 14:         if ((ch >= 'A' and ch <= 'mutpy') or (ch >= 'a' and ch <= 'z') or (ch >= '0' and ch <= '9')):[0m
  15:             return True
  16:         else:
  17:             return False
  18:     
--------------------------------------------------------------------------------
[0.27601 s] [32mkilled[0m by ALL-SMART-GPT-MUTMUT/test_identifier1_DYNAMOSA.py::test_case_3

def test_case_3():
        str_0 = 'K^'
        identifier_0 = module_0.Identifier()
        var_0 = identifier_0.validateIdentifier(str_0)
>       assert var_0 is False
E       AssertionError

ALL-SMART-GPT-MUTMUT/test_identifier1_DYNAMOSA.py:24: AssertionError
[36m   -[0m [#  24] CRP identifier1: 
--------------------------------------------------------------------------------
  10:             return False
  11:     
  12:     def valid_f(self, ch):
  13:         ''' generated source for method valid_f '''
[34m- 14:         if ((ch >= 'A' and ch <= 'Z') or (ch >= 'a' and ch <= 'z') or (ch >= '0' and ch <= '9')):[0m
[32m+ 14:         if ((ch >= 'A' and ch <= '') or (ch >= 'a' and ch <= 'z') or (ch >= '0' and ch <= '9')):[0m
  15:             return True
  16:         else:
  17:             return False
  18:     
--------------------------------------------------------------------------------
[0.24061 s] [32mkilled[0m by ALL-SMART-GPT-MUTMUT/test_identifier1_MOSA.py::test_case_8

def test_case_8():
        str_0 = 'e6zLE'
        identifier_0 = module_0.Identifier()
        var_0 = identifier_0.validateIdentifier(str_0)
>       assert var_0 is True
E       AssertionError

ALL-SMART-GPT-MUTMUT/test_identifier1_MOSA.py:55: AssertionError
[36m   -[0m [#  25] CRP identifier1: 
--------------------------------------------------------------------------------
  10:             return False
  11:     
  12:     def valid_f(self, ch):
  13:         ''' generated source for method valid_f '''
[34m- 14:         if ((ch >= 'A' and ch <= 'Z') or (ch >= 'a' and ch <= 'z') or (ch >= '0' and ch <= '9')):[0m
[32m+ 14:         if ((ch >= 'A' and ch <= 'Z') or (ch >= 'mutpy' and ch <= 'z') or (ch >= '0' and ch <= '9')):[0m
  15:             return True
  16:         else:
  17:             return False
  18:     
--------------------------------------------------------------------------------
[0.22474 s] [32mkilled[0m by ALL-SMART-GPT-MUTMUT/test_identifier1_WHOLE_SUITE.py::test_case_5

def test_case_5():
        str_0 = 'dYjOEfJ'
        identifier_0 = module_0.Identifier()
        identifier_1 = module_0.Identifier()
        identifier_2 = module_0.Identifier()
        var_0 = identifier_2.valid_f(str_0)
>       assert var_0 is True
E       AssertionError

ALL-SMART-GPT-MUTMUT/test_identifier1_WHOLE_SUITE.py:47: AssertionError
[36m   -[0m [#  26] CRP identifier1: 
--------------------------------------------------------------------------------
  10:             return False
  11:     
  12:     def valid_f(self, ch):
  13:         ''' generated source for method valid_f '''
[34m- 14:         if ((ch >= 'A' and ch <= 'Z') or (ch >= 'a' and ch <= 'z') or (ch >= '0' and ch <= '9')):[0m
[32m+ 14:         if ((ch >= 'A' and ch <= 'Z') or (ch >= '' and ch <= 'z') or (ch >= '0' and ch <= '9')):[0m
  15:             return True
  16:         else:
  17:             return False
  18:     
--------------------------------------------------------------------------------
[0.24657 s] [32mkilled[0m by ALL-SMART-GPT-MUTMUT/test_identifier1_MOSA.py::test_case_6

def test_case_6():
        identifier_0 = module_0.Identifier()
        str_0 = 'g$'
        var_0 = identifier_0.validateIdentifier(str_0)
>       assert var_0 is False
E       AssertionError

ALL-SMART-GPT-MUTMUT/test_identifier1_MOSA.py:42: AssertionError
[36m   -[0m [#  27] CRP identifier1: 
--------------------------------------------------------------------------------
  10:             return False
  11:     
  12:     def valid_f(self, ch):
  13:         ''' generated source for method valid_f '''
[34m- 14:         if ((ch >= 'A' and ch <= 'Z') or (ch >= 'a' and ch <= 'z') or (ch >= '0' and ch <= '9')):[0m
[32m+ 14:         if ((ch >= 'A' and ch <= 'Z') or (ch >= 'a' and ch <= 'mutpy') or (ch >= '0' and ch <= '9')):[0m
  15:             return True
  16:         else:
  17:             return False
  18:     
--------------------------------------------------------------------------------
[0.24772 s] [32mkilled[0m by ALL-SMART-GPT-MUTMUT/test_identifier1_MOSA.py::test_case_7

def test_case_7():
        str_0 = 'e6v'
        identifier_0 = module_0.Identifier()
        var_0 = identifier_0.validateIdentifier(str_0)
>       assert var_0 is True
E       AssertionError

ALL-SMART-GPT-MUTMUT/test_identifier1_MOSA.py:48: AssertionError
[36m   -[0m [#  28] CRP identifier1: 
--------------------------------------------------------------------------------
  10:             return False
  11:     
  12:     def valid_f(self, ch):
  13:         ''' generated source for method valid_f '''
[34m- 14:         if ((ch >= 'A' and ch <= 'Z') or (ch >= 'a' and ch <= 'z') or (ch >= '0' and ch <= '9')):[0m
[32m+ 14:         if ((ch >= 'A' and ch <= 'Z') or (ch >= 'a' and ch <= '') or (ch >= '0' and ch <= '9')):[0m
  15:             return True
  16:         else:
  17:             return False
  18:     
--------------------------------------------------------------------------------
[0.24816 s] [32mkilled[0m by ALL-SMART-GPT-MUTMUT/test_identifier1_WHOLE_SUITE.py::test_case_5

def test_case_5():
        str_0 = 'dYjOEfJ'
        identifier_0 = module_0.Identifier()
        identifier_1 = module_0.Identifier()
        identifier_2 = module_0.Identifier()
        var_0 = identifier_2.valid_f(str_0)
>       assert var_0 is True
E       AssertionError

ALL-SMART-GPT-MUTMUT/test_identifier1_WHOLE_SUITE.py:47: AssertionError
[36m   -[0m [#  29] CRP identifier1: 
--------------------------------------------------------------------------------
  10:             return False
  11:     
  12:     def valid_f(self, ch):
  13:         ''' generated source for method valid_f '''
[34m- 14:         if ((ch >= 'A' and ch <= 'Z') or (ch >= 'a' and ch <= 'z') or (ch >= '0' and ch <= '9')):[0m
[32m+ 14:         if ((ch >= 'A' and ch <= 'Z') or (ch >= 'a' and ch <= 'z') or (ch >= 'mutpy' and ch <= '9')):[0m
  15:             return True
  16:         else:
  17:             return False
  18:     
--------------------------------------------------------------------------------
[0.23588 s] [32mkilled[0m by ALL-SMART-GPT-MUTMUT/test_identifier1_MOSA.py::test_case_0

def test_case_0():
        identifier_0 = module_0.Identifier()
        str_0 = 'H9'
        var_0 = identifier_0.validateIdentifier(str_0)
>       assert var_0 is True
E       AssertionError

ALL-SMART-GPT-MUTMUT/test_identifier1_MOSA.py:9: AssertionError
[36m   -[0m [#  30] CRP identifier1: 
--------------------------------------------------------------------------------
  10:             return False
  11:     
  12:     def valid_f(self, ch):
  13:         ''' generated source for method valid_f '''
[34m- 14:         if ((ch >= 'A' and ch <= 'Z') or (ch >= 'a' and ch <= 'z') or (ch >= '0' and ch <= '9')):[0m
[32m+ 14:         if ((ch >= 'A' and ch <= 'Z') or (ch >= 'a' and ch <= 'z') or (ch >= '' and ch <= '9')):[0m
  15:             return True
  16:         else:
  17:             return False
  18:     
--------------------------------------------------------------------------------
[0.22894 s] [32mkilled[0m by ALL-SMART-GPT-MUTMUT/test_identifier1_MOSA.py::test_case_6

def test_case_6():
        identifier_0 = module_0.Identifier()
        str_0 = 'g$'
        var_0 = identifier_0.validateIdentifier(str_0)
>       assert var_0 is False
E       AssertionError

ALL-SMART-GPT-MUTMUT/test_identifier1_MOSA.py:42: AssertionError
[36m   -[0m [#  31] CRP identifier1: 
--------------------------------------------------------------------------------
  10:             return False
  11:     
  12:     def valid_f(self, ch):
  13:         ''' generated source for method valid_f '''
[34m- 14:         if ((ch >= 'A' and ch <= 'Z') or (ch >= 'a' and ch <= 'z') or (ch >= '0' and ch <= '9')):[0m
[32m+ 14:         if ((ch >= 'A' and ch <= 'Z') or (ch >= 'a' and ch <= 'z') or (ch >= '0' and ch <= 'mutpy')):[0m
  15:             return True
  16:         else:
  17:             return False
  18:     
--------------------------------------------------------------------------------
[0.24754 s] [32mkilled[0m by ALL-SMART-GPT-MUTMUT/test_identifier1_MIO.py::test_case_0

def test_case_0():
        str_0 = 'e=g'
        identifier_0 = module_0.Identifier()
        var_0 = identifier_0.validateIdentifier(str_0)
>       assert var_0 is False
E       AssertionError

ALL-SMART-GPT-MUTMUT/test_identifier1_MIO.py:8: AssertionError
[36m   -[0m [#  32] CRP identifier1: 
--------------------------------------------------------------------------------
  10:             return False
  11:     
  12:     def valid_f(self, ch):
  13:         ''' generated source for method valid_f '''
[34m- 14:         if ((ch >= 'A' and ch <= 'Z') or (ch >= 'a' and ch <= 'z') or (ch >= '0' and ch <= '9')):[0m
[32m+ 14:         if ((ch >= 'A' and ch <= 'Z') or (ch >= 'a' and ch <= 'z') or (ch >= '0' and ch <= '')):[0m
  15:             return True
  16:         else:
  17:             return False
  18:     
--------------------------------------------------------------------------------
[0.24102 s] [32mkilled[0m by ALL-SMART-GPT-MUTMUT/test_identifier1_MOSA.py::test_case_0

def test_case_0():
        identifier_0 = module_0.Identifier()
        str_0 = 'H9'
        var_0 = identifier_0.validateIdentifier(str_0)
>       assert var_0 is True
E       AssertionError

ALL-SMART-GPT-MUTMUT/test_identifier1_MOSA.py:9: AssertionError
[36m   -[0m [#  33] CRP identifier1: 
--------------------------------------------------------------------------------
  19:     def validateIdentifier(self, s):
  20:         ''' generated source for method validateIdentifier '''
  21:         achar = str()
  22:         valid_id = False
[34m- 23:         if len(s) > 0:[0m
[32m+ 23:         if len(s) > 1:[0m
  24:             achar = s[0]
  25:             valid_id = self.valid_s(achar)
  26:             if len(s) > 1:
  27:                 achar = s[1]
--------------------------------------------------------------------------------
[0.23076 s] [32mkilled[0m by ALL-SMART-GPT-MUTMUT/test_identifier1_WHOLE_SUITE.py::test_case_6

def test_case_6():
        str_0 = 'u'
        bytes_0 = b'~P%d\x99S'
        identifier_0 = module_0.Identifier()
        var_0 = identifier_0.validateIdentifier(str_0)
>       assert var_0 is True
E       AssertionError

ALL-SMART-GPT-MUTMUT/test_identifier1_WHOLE_SUITE.py:56: AssertionError
[36m   -[0m [#  34] CRP identifier1: 
--------------------------------------------------------------------------------
  20:         ''' generated source for method validateIdentifier '''
  21:         achar = str()
  22:         valid_id = False
  23:         if len(s) > 0:
[34m- 24:             achar = s[0][0m
[32m+ 24:             achar = s[1][0m
  25:             valid_id = self.valid_s(achar)
  26:             if len(s) > 1:
  27:                 achar = s[1]
  28:                 i = 1
--------------------------------------------------------------------------------
[0.22757 s] [32mkilled[0m by ALL-SMART-GPT-MUTMUT/test_identifier1_WHOLE_SUITE.py::test_case_6

def test_case_6():
        str_0 = 'u'
        bytes_0 = b'~P%d\x99S'
        identifier_0 = module_0.Identifier()
>       var_0 = identifier_0.validateIdentifier(str_0)

ALL-SMART-GPT-MUTMUT/test_identifier1_WHOLE_SUITE.py:55: 
_ _ _ _ _ _ _ _ _ _ _ _ _ _ _ _ _ _ _ _ _ _ _ _ _ _ _ _ _ _ _ _ _ _ _ _ _ _ _ _ 

self = <identifier1.Identifier object at 0x7fc98b377ac0>, s = 'u'

>   ???
E   IndexError: string index out of range

identifier1:24: IndexError
[36m   -[0m [#  35] CRP identifier1: 
--------------------------------------------------------------------------------
  22:         valid_id = False
  23:         if len(s) > 0:
  24:             achar = s[0]
  25:             valid_id = self.valid_s(achar)
[34m- 26:             if len(s) > 1:[0m
[32m+ 26:             if len(s) > 2:[0m
  27:                 achar = s[1]
  28:                 i = 1
  29:                 while i < len(s):
  30:                     achar = s[i]
--------------------------------------------------------------------------------
[0.25384 s] [32mkilled[0m by ALL-SMART-GPT-MUTMUT/test_identifier1_MOSA.py::test_case_5

def test_case_5():
        identifier_0 = module_0.Identifier()
        str_0 = 'j{'
        var_0 = identifier_0.validateIdentifier(str_0)
>       assert var_0 is False
E       AssertionError

ALL-SMART-GPT-MUTMUT/test_identifier1_MOSA.py:36: AssertionError
[36m   -[0m [#  36] CRP identifier1: 
--------------------------------------------------------------------------------
  23:         if len(s) > 0:
  24:             achar = s[0]
  25:             valid_id = self.valid_s(achar)
  26:             if len(s) > 1:
[34m- 27:                 achar = s[1][0m
[32m+ 27:                 achar = s[2][0m
  28:                 i = 1
  29:                 while i < len(s):
  30:                     achar = s[i]
  31:                     if not (self.valid_f(achar)):
--------------------------------------------------------------------------------
[0.22907 s] [32mkilled[0m by ALL-SMART-GPT-MUTMUT/test_identifier1_WHOLE_SUITE.py::test_case_9

def test_case_9():
        str_0 = '1~'
        identifier_0 = module_0.Identifier()
>       var_0 = identifier_0.validateIdentifier(str_0)

ALL-SMART-GPT-MUTMUT/test_identifier1_WHOLE_SUITE.py:74: 
_ _ _ _ _ _ _ _ _ _ _ _ _ _ _ _ _ _ _ _ _ _ _ _ _ _ _ _ _ _ _ _ _ _ _ _ _ _ _ _ 

self = <identifier1.Identifier object at 0x7fc98ae9a3b0>, s = '1~'

>   ???
E   IndexError: string index out of range

identifier1:27: IndexError
[36m   -[0m [#  37] CRP identifier1: 
--------------------------------------------------------------------------------
  24:             achar = s[0]
  25:             valid_id = self.valid_s(achar)
  26:             if len(s) > 1:
  27:                 achar = s[1]
[34m- 28:                 i = 1[0m
[32m+ 28:                 i = 2[0m
  29:                 while i < len(s):
  30:                     achar = s[i]
  31:                     if not (self.valid_f(achar)):
  32:                         valid_id = False
--------------------------------------------------------------------------------
[0.30367 s] [32mkilled[0m by ALL-SMART-GPT-MUTMUT/test_identifier1_MOSA.py::test_case_5

def test_case_5():
        identifier_0 = module_0.Identifier()
        str_0 = 'j{'
        var_0 = identifier_0.validateIdentifier(str_0)
>       assert var_0 is False
E       AssertionError

ALL-SMART-GPT-MUTMUT/test_identifier1_MOSA.py:36: AssertionError
[36m   -[0m [#  38] CRP identifier1: 
--------------------------------------------------------------------------------
  29:                 while i < len(s):
  30:                     achar = s[i]
  31:                     if not (self.valid_f(achar)):
  32:                         valid_id = False
[34m- 33:                     i += 1[0m
[32m+ 33:                     i += 2[0m
  34:             if (valid_id and len(s) >= 1 and len(s) <= 6):
  35:                 return True
  36:             else:
  37:                 return False
--------------------------------------------------------------------------------
[0.33610 s] [32mkilled[0m by ALL-SMART-GPT-MUTMUT/test_identifier1_DYNAMOSA.py::test_case_7

def test_case_7():
        str_0 = 'i8='
        str_1 = 'j'
        dict_0 = {}
        identifier_0 = module_0.Identifier(**dict_0)
        var_0 = identifier_0.validateIdentifier(str_1)
        assert var_0 is True
        var_1 = identifier_0.validateIdentifier(str_0)
>       assert var_1 is False
E       AssertionError

ALL-SMART-GPT-MUTMUT/test_identifier1_DYNAMOSA.py:52: AssertionError
[36m   -[0m [#  39] CRP identifier1: 
--------------------------------------------------------------------------------
  30:                     achar = s[i]
  31:                     if not (self.valid_f(achar)):
  32:                         valid_id = False
  33:                     i += 1
[34m- 34:             if (valid_id and len(s) >= 1 and len(s) <= 6):[0m
[32m+ 34:             if (valid_id and len(s) >= 2 and len(s) <= 6):[0m
  35:                 return True
  36:             else:
  37:                 return False
  38:         else:
--------------------------------------------------------------------------------
[0.29024 s] [32mkilled[0m by ALL-SMART-GPT-MUTMUT/test_identifier1_WHOLE_SUITE.py::test_case_6

def test_case_6():
        str_0 = 'u'
        bytes_0 = b'~P%d\x99S'
        identifier_0 = module_0.Identifier()
        var_0 = identifier_0.validateIdentifier(str_0)
>       assert var_0 is True
E       AssertionError

ALL-SMART-GPT-MUTMUT/test_identifier1_WHOLE_SUITE.py:56: AssertionError
[36m   -[0m [#  40] CRP identifier1: 
--------------------------------------------------------------------------------
  30:                     achar = s[i]
  31:                     if not (self.valid_f(achar)):
  32:                         valid_id = False
  33:                     i += 1
[34m- 34:             if (valid_id and len(s) >= 1 and len(s) <= 6):[0m
[32m+ 34:             if (valid_id and len(s) >= 1 and len(s) <= 7):[0m
  35:                 return True
  36:             else:
  37:                 return False
  38:         else:
--------------------------------------------------------------------------------
[0.25868 s] [32mkilled[0m by ALL-SMART-GPT-MUTMUT/test_identifier1_WHOLE_SUITE.py::test_case_5

def test_case_5():
        str_0 = 'dYjOEfJ'
        identifier_0 = module_0.Identifier()
        identifier_1 = module_0.Identifier()
        identifier_2 = module_0.Identifier()
        var_0 = identifier_2.valid_f(str_0)
        assert var_0 is True
        var_1 = identifier_1.validateIdentifier(str_0)
>       assert var_1 is False
E       AssertionError

ALL-SMART-GPT-MUTMUT/test_identifier1_WHOLE_SUITE.py:49: AssertionError
[36m   -[0m [#  41] LCR identifier1: 
--------------------------------------------------------------------------------
   3:     ''' generated source for class Identifier '''
   4:     
   5:     def valid_s(self, ch):
   6:         ''' generated source for method valid_s '''
[34m-  7:         if ((ch >= 'A' and ch <= 'Z') or (ch >= 'a' and ch <= 'z')):[0m
[32m+  7:         if ((ch >= 'A' and ch <= 'Z') and (ch >= 'a' and ch <= 'z')):[0m
   8:             return True
   9:         else:
  10:             return False
  11:     
--------------------------------------------------------------------------------
[0.21830 s] [32mkilled[0m by ALL-SMART-GPT-MUTMUT/test_identifier1_WHOLE_SUITE.py::test_case_6

def test_case_6():
        str_0 = 'u'
        bytes_0 = b'~P%d\x99S'
        identifier_0 = module_0.Identifier()
        var_0 = identifier_0.validateIdentifier(str_0)
>       assert var_0 is True
E       AssertionError

ALL-SMART-GPT-MUTMUT/test_identifier1_WHOLE_SUITE.py:56: AssertionError
[36m   -[0m [#  42] LCR identifier1: 
--------------------------------------------------------------------------------
   3:     ''' generated source for class Identifier '''
   4:     
   5:     def valid_s(self, ch):
   6:         ''' generated source for method valid_s '''
[34m-  7:         if ((ch >= 'A' and ch <= 'Z') or (ch >= 'a' and ch <= 'z')):[0m
[32m+  7:         if ((ch >= 'A' or ch <= 'Z') or (ch >= 'a' and ch <= 'z')):[0m
   8:             return True
   9:         else:
  10:             return False
  11:     
--------------------------------------------------------------------------------
[0.21944 s] [32mkilled[0m by ALL-SMART-GPT-MUTMUT/test_identifier1_WHOLE_SUITE.py::test_case_8

def test_case_8():
        object_0 = module_1.object()
        int_0 = 2545
        str_0 = "}#Ys%@&Kx,u=M)6'V"
        identifier_0 = module_0.Identifier()
        var_0 = identifier_0.valid_s(str_0)
>       assert var_0 is False
E       AssertionError

ALL-SMART-GPT-MUTMUT/test_identifier1_WHOLE_SUITE.py:69: AssertionError
[36m   -[0m [#  43] LCR identifier1: 
--------------------------------------------------------------------------------
   3:     ''' generated source for class Identifier '''
   4:     
   5:     def valid_s(self, ch):
   6:         ''' generated source for method valid_s '''
[34m-  7:         if ((ch >= 'A' and ch <= 'Z') or (ch >= 'a' and ch <= 'z')):[0m
[32m+  7:         if ((ch >= 'A' and ch <= 'Z') or (ch >= 'a' or ch <= 'z')):[0m
   8:             return True
   9:         else:
  10:             return False
  11:     
--------------------------------------------------------------------------------
[0.23378 s] [32mkilled[0m by ALL-SMART-GPT-MUTMUT/test_identifier1_WHOLE_SUITE.py::test_case_8

def test_case_8():
        object_0 = module_1.object()
        int_0 = 2545
        str_0 = "}#Ys%@&Kx,u=M)6'V"
        identifier_0 = module_0.Identifier()
        var_0 = identifier_0.valid_s(str_0)
>       assert var_0 is False
E       AssertionError

ALL-SMART-GPT-MUTMUT/test_identifier1_WHOLE_SUITE.py:69: AssertionError
[36m   -[0m [#  44] LCR identifier1: 
--------------------------------------------------------------------------------
  10:             return False
  11:     
  12:     def valid_f(self, ch):
  13:         ''' generated source for method valid_f '''
[34m- 14:         if ((ch >= 'A' and ch <= 'Z') or (ch >= 'a' and ch <= 'z') or (ch >= '0' and ch <= '9')):[0m
[32m+ 14:         if ((ch >= 'A' and ch <= 'Z') and (ch >= 'a' and ch <= 'z') and (ch >= '0' and ch <= '9')):[0m
  15:             return True
  16:         else:
  17:             return False
  18:     
--------------------------------------------------------------------------------
[0.21630 s] [32mkilled[0m by ALL-SMART-GPT-MUTMUT/test_identifier1_WHOLE_SUITE.py::test_case_5

def test_case_5():
        str_0 = 'dYjOEfJ'
        identifier_0 = module_0.Identifier()
        identifier_1 = module_0.Identifier()
        identifier_2 = module_0.Identifier()
        var_0 = identifier_2.valid_f(str_0)
>       assert var_0 is True
E       AssertionError

ALL-SMART-GPT-MUTMUT/test_identifier1_WHOLE_SUITE.py:47: AssertionError
[36m   -[0m [#  45] LCR identifier1: 
--------------------------------------------------------------------------------
  10:             return False
  11:     
  12:     def valid_f(self, ch):
  13:         ''' generated source for method valid_f '''
[34m- 14:         if ((ch >= 'A' and ch <= 'Z') or (ch >= 'a' and ch <= 'z') or (ch >= '0' and ch <= '9')):[0m
[32m+ 14:         if ((ch >= 'A' or ch <= 'Z') or (ch >= 'a' and ch <= 'z') or (ch >= '0' and ch <= '9')):[0m
  15:             return True
  16:         else:
  17:             return False
  18:     
--------------------------------------------------------------------------------
[0.23965 s] [32mkilled[0m by ALL-SMART-GPT-MUTMUT/test_identifier1_MOSA.py::test_case_5

def test_case_5():
        identifier_0 = module_0.Identifier()
        str_0 = 'j{'
        var_0 = identifier_0.validateIdentifier(str_0)
>       assert var_0 is False
E       AssertionError

ALL-SMART-GPT-MUTMUT/test_identifier1_MOSA.py:36: AssertionError
[36m   -[0m [#  46] LCR identifier1: 
--------------------------------------------------------------------------------
  10:             return False
  11:     
  12:     def valid_f(self, ch):
  13:         ''' generated source for method valid_f '''
[34m- 14:         if ((ch >= 'A' and ch <= 'Z') or (ch >= 'a' and ch <= 'z') or (ch >= '0' and ch <= '9')):[0m
[32m+ 14:         if ((ch >= 'A' and ch <= 'Z') or (ch >= 'a' or ch <= 'z') or (ch >= '0' and ch <= '9')):[0m
  15:             return True
  16:         else:
  17:             return False
  18:     
--------------------------------------------------------------------------------
[0.24367 s] [32mkilled[0m by ALL-SMART-GPT-MUTMUT/test_identifier1_MOSA.py::test_case_5

def test_case_5():
        identifier_0 = module_0.Identifier()
        str_0 = 'j{'
        var_0 = identifier_0.validateIdentifier(str_0)
>       assert var_0 is False
E       AssertionError

ALL-SMART-GPT-MUTMUT/test_identifier1_MOSA.py:36: AssertionError
[36m   -[0m [#  47] LCR identifier1: 
--------------------------------------------------------------------------------
  10:             return False
  11:     
  12:     def valid_f(self, ch):
  13:         ''' generated source for method valid_f '''
[34m- 14:         if ((ch >= 'A' and ch <= 'Z') or (ch >= 'a' and ch <= 'z') or (ch >= '0' and ch <= '9')):[0m
[32m+ 14:         if ((ch >= 'A' and ch <= 'Z') or (ch >= 'a' and ch <= 'z') or (ch >= '0' or ch <= '9')):[0m
  15:             return True
  16:         else:
  17:             return False
  18:     
--------------------------------------------------------------------------------
[0.23599 s] [32mkilled[0m by ALL-SMART-GPT-MUTMUT/test_identifier1_MOSA.py::test_case_5

def test_case_5():
        identifier_0 = module_0.Identifier()
        str_0 = 'j{'
        var_0 = identifier_0.validateIdentifier(str_0)
>       assert var_0 is False
E       AssertionError

ALL-SMART-GPT-MUTMUT/test_identifier1_MOSA.py:36: AssertionError
[36m   -[0m [#  48] LCR identifier1: 
--------------------------------------------------------------------------------
  30:                     achar = s[i]
  31:                     if not (self.valid_f(achar)):
  32:                         valid_id = False
  33:                     i += 1
[34m- 34:             if (valid_id and len(s) >= 1 and len(s) <= 6):[0m
[32m+ 34:             if (valid_id or len(s) >= 1 or len(s) <= 6):[0m
  35:                 return True
  36:             else:
  37:                 return False
  38:         else:
--------------------------------------------------------------------------------
[0.21732 s] [32mkilled[0m by ALL-SMART-GPT-MUTMUT/test_identifier1_WHOLE_SUITE.py::test_case_0

def test_case_0():
        none_type_0 = None
        identifier_0 = module_0.Identifier()
        str_0 = 'N~P{c=2s'
        var_0 = identifier_0.validateIdentifier(str_0)
>       assert var_0 is False
E       AssertionError

ALL-SMART-GPT-MUTMUT/test_identifier1_WHOLE_SUITE.py:11: AssertionError
[36m   -[0m [#  49] OIL identifier1: 
--------------------------------------------------------------------------------
  30:                     achar = s[i]
  31:                     if not (self.valid_f(achar)):
  32:                         valid_id = False
  33:                     i += 1
[34m- 34:             if (valid_id and len(s) >= 1 and len(s) <= 6):[0m
[34m- 35:                 return True[0m
[34m- 36:             else:[0m
[34m- 37:                 return False[0m
[32m+ 34:                     break[0m
[32m+ 35:             if (valid_id and len(s) >= 1 and len(s) <= 6):[0m
[32m+ 36:                 return True[0m
[32m+ 37:             else:return False[0m
  38:         else:
  39:             return False
--------------------------------------------------------------------------------
[0.26789 s] [32mkilled[0m by ALL-SMART-GPT-MUTMUT/test_identifier1_DYNAMOSA.py::test_case_7

def test_case_7():
        str_0 = 'i8='
        str_1 = 'j'
        dict_0 = {}
        identifier_0 = module_0.Identifier(**dict_0)
        var_0 = identifier_0.validateIdentifier(str_1)
        assert var_0 is True
        var_1 = identifier_0.validateIdentifier(str_0)
>       assert var_1 is False
E       AssertionError

ALL-SMART-GPT-MUTMUT/test_identifier1_DYNAMOSA.py:52: AssertionError
[36m   -[0m [#  50] ROR identifier1: 
--------------------------------------------------------------------------------
   3:     ''' generated source for class Identifier '''
   4:     
   5:     def valid_s(self, ch):
   6:         ''' generated source for method valid_s '''
[34m-  7:         if ((ch >= 'A' and ch <= 'Z') or (ch >= 'a' and ch <= 'z')):[0m
[32m+  7:         if ((ch <= 'A' and ch <= 'Z') or (ch >= 'a' and ch <= 'z')):[0m
   8:             return True
   9:         else:
  10:             return False
  11:     
--------------------------------------------------------------------------------
[0.24437 s] [32mkilled[0m by ALL-SMART-GPT-MUTMUT/test_identifier1_MOSA.py::test_case_0

def test_case_0():
        identifier_0 = module_0.Identifier()
        str_0 = 'H9'
        var_0 = identifier_0.validateIdentifier(str_0)
>       assert var_0 is True
E       AssertionError

ALL-SMART-GPT-MUTMUT/test_identifier1_MOSA.py:9: AssertionError
[36m   -[0m [#  51] ROR identifier1: 
--------------------------------------------------------------------------------
   3:     ''' generated source for class Identifier '''
   4:     
   5:     def valid_s(self, ch):
   6:         ''' generated source for method valid_s '''
[34m-  7:         if ((ch >= 'A' and ch <= 'Z') or (ch >= 'a' and ch <= 'z')):[0m
[32m+  7:         if ((ch > 'A' and ch <= 'Z') or (ch >= 'a' and ch <= 'z')):[0m
   8:             return True
   9:         else:
  10:             return False
  11:     
--------------------------------------------------------------------------------
[0.25124 s] [32mkilled[0m by ALL-SMART-GPT-MUTMUT/test_identifier1_MUTMUT.py::test_edge_cases

def test_edge_cases():
        identifier_instance = Identifier()
    
        assert identifier_instance.valid_s('a') == True
    
        assert identifier_instance.valid_s('z') == True
    
        assert identifier_instance.valid_s('Z') == True
    
>       assert identifier_instance.valid_s('A') == True
E       AssertionError

ALL-SMART-GPT-MUTMUT/test_identifier1_MUTMUT.py:13: AssertionError
[36m   -[0m [#  52] ROR identifier1: 
--------------------------------------------------------------------------------
   3:     ''' generated source for class Identifier '''
   4:     
   5:     def valid_s(self, ch):
   6:         ''' generated source for method valid_s '''
[34m-  7:         if ((ch >= 'A' and ch <= 'Z') or (ch >= 'a' and ch <= 'z')):[0m
[32m+  7:         if ((ch >= 'A' and ch >= 'Z') or (ch >= 'a' and ch <= 'z')):[0m
   8:             return True
   9:         else:
  10:             return False
  11:     
--------------------------------------------------------------------------------
[0.22317 s] [32mkilled[0m by ALL-SMART-GPT-MUTMUT/test_identifier1_WHOLE_SUITE.py::test_case_8

def test_case_8():
        object_0 = module_1.object()
        int_0 = 2545
        str_0 = "}#Ys%@&Kx,u=M)6'V"
        identifier_0 = module_0.Identifier()
        var_0 = identifier_0.valid_s(str_0)
>       assert var_0 is False
E       AssertionError

ALL-SMART-GPT-MUTMUT/test_identifier1_WHOLE_SUITE.py:69: AssertionError
[36m   -[0m [#  53] ROR identifier1: 
--------------------------------------------------------------------------------
   3:     ''' generated source for class Identifier '''
   4:     
   5:     def valid_s(self, ch):
   6:         ''' generated source for method valid_s '''
[34m-  7:         if ((ch >= 'A' and ch <= 'Z') or (ch >= 'a' and ch <= 'z')):[0m
[32m+  7:         if ((ch >= 'A' and ch < 'Z') or (ch >= 'a' and ch <= 'z')):[0m
   8:             return True
   9:         else:
  10:             return False
  11:     
--------------------------------------------------------------------------------
[0.25581 s] [32mkilled[0m by ALL-SMART-GPT-MUTMUT/test_identifier1_MUTMUT.py::test_edge_cases

def test_edge_cases():
        identifier_instance = Identifier()
    
        assert identifier_instance.valid_s('a') == True
    
        assert identifier_instance.valid_s('z') == True
    
>       assert identifier_instance.valid_s('Z') == True
E       AssertionError

ALL-SMART-GPT-MUTMUT/test_identifier1_MUTMUT.py:11: AssertionError
[36m   -[0m [#  54] ROR identifier1: 
--------------------------------------------------------------------------------
   3:     ''' generated source for class Identifier '''
   4:     
   5:     def valid_s(self, ch):
   6:         ''' generated source for method valid_s '''
[34m-  7:         if ((ch >= 'A' and ch <= 'Z') or (ch >= 'a' and ch <= 'z')):[0m
[32m+  7:         if ((ch >= 'A' and ch <= 'Z') or (ch <= 'a' and ch <= 'z')):[0m
   8:             return True
   9:         else:
  10:             return False
  11:     
--------------------------------------------------------------------------------
[0.24055 s] [32mkilled[0m by ALL-SMART-GPT-MUTMUT/test_identifier1_WHOLE_SUITE.py::test_case_6

def test_case_6():
        str_0 = 'u'
        bytes_0 = b'~P%d\x99S'
        identifier_0 = module_0.Identifier()
        var_0 = identifier_0.validateIdentifier(str_0)
>       assert var_0 is True
E       AssertionError

ALL-SMART-GPT-MUTMUT/test_identifier1_WHOLE_SUITE.py:56: AssertionError
[36m   -[0m [#  55] ROR identifier1: 
--------------------------------------------------------------------------------
   3:     ''' generated source for class Identifier '''
   4:     
   5:     def valid_s(self, ch):
   6:         ''' generated source for method valid_s '''
[34m-  7:         if ((ch >= 'A' and ch <= 'Z') or (ch >= 'a' and ch <= 'z')):[0m
[32m+  7:         if ((ch >= 'A' and ch <= 'Z') or (ch > 'a' and ch <= 'z')):[0m
   8:             return True
   9:         else:
  10:             return False
  11:     
--------------------------------------------------------------------------------
[0.25776 s] [32mkilled[0m by ALL-SMART-GPT-MUTMUT/test_identifier1_MUTMUT.py::test_edge_cases

def test_edge_cases():
        identifier_instance = Identifier()
    
>       assert identifier_instance.valid_s('a') == True
E       AssertionError

ALL-SMART-GPT-MUTMUT/test_identifier1_MUTMUT.py:7: AssertionError
[36m   -[0m [#  56] ROR identifier1: 
--------------------------------------------------------------------------------
   3:     ''' generated source for class Identifier '''
   4:     
   5:     def valid_s(self, ch):
   6:         ''' generated source for method valid_s '''
[34m-  7:         if ((ch >= 'A' and ch <= 'Z') or (ch >= 'a' and ch <= 'z')):[0m
[32m+  7:         if ((ch >= 'A' and ch <= 'Z') or (ch >= 'a' and ch >= 'z')):[0m
   8:             return True
   9:         else:
  10:             return False
  11:     
--------------------------------------------------------------------------------
[0.22177 s] [32mkilled[0m by ALL-SMART-GPT-MUTMUT/test_identifier1_WHOLE_SUITE.py::test_case_6

def test_case_6():
        str_0 = 'u'
        bytes_0 = b'~P%d\x99S'
        identifier_0 = module_0.Identifier()
        var_0 = identifier_0.validateIdentifier(str_0)
>       assert var_0 is True
E       AssertionError

ALL-SMART-GPT-MUTMUT/test_identifier1_WHOLE_SUITE.py:56: AssertionError
[36m   -[0m [#  57] ROR identifier1: 
--------------------------------------------------------------------------------
   3:     ''' generated source for class Identifier '''
   4:     
   5:     def valid_s(self, ch):
   6:         ''' generated source for method valid_s '''
[34m-  7:         if ((ch >= 'A' and ch <= 'Z') or (ch >= 'a' and ch <= 'z')):[0m
[32m+  7:         if ((ch >= 'A' and ch <= 'Z') or (ch >= 'a' and ch < 'z')):[0m
   8:             return True
   9:         else:
  10:             return False
  11:     
--------------------------------------------------------------------------------
[0.24867 s] [32mkilled[0m by ALL-SMART-GPT-MUTMUT/test_identifier1_MUTMUT.py::test_edge_cases

def test_edge_cases():
        identifier_instance = Identifier()
    
        assert identifier_instance.valid_s('a') == True
    
>       assert identifier_instance.valid_s('z') == True
E       AssertionError

ALL-SMART-GPT-MUTMUT/test_identifier1_MUTMUT.py:9: AssertionError
[36m   -[0m [#  58] ROR identifier1: 
--------------------------------------------------------------------------------
  10:             return False
  11:     
  12:     def valid_f(self, ch):
  13:         ''' generated source for method valid_f '''
[34m- 14:         if ((ch >= 'A' and ch <= 'Z') or (ch >= 'a' and ch <= 'z') or (ch >= '0' and ch <= '9')):[0m
[32m+ 14:         if ((ch <= 'A' and ch <= 'Z') or (ch >= 'a' and ch <= 'z') or (ch >= '0' and ch <= '9')):[0m
  15:             return True
  16:         else:
  17:             return False
  18:     
--------------------------------------------------------------------------------
[0.27134 s] [32mkilled[0m by ALL-SMART-GPT-MUTMUT/test_identifier1_MOSA.py::test_case_6

def test_case_6():
        identifier_0 = module_0.Identifier()
        str_0 = 'g$'
        var_0 = identifier_0.validateIdentifier(str_0)
>       assert var_0 is False
E       AssertionError

ALL-SMART-GPT-MUTMUT/test_identifier1_MOSA.py:42: AssertionError
[36m   -[0m [#  59] ROR identifier1: 
--------------------------------------------------------------------------------
  10:             return False
  11:     
  12:     def valid_f(self, ch):
  13:         ''' generated source for method valid_f '''
[34m- 14:         if ((ch >= 'A' and ch <= 'Z') or (ch >= 'a' and ch <= 'z') or (ch >= '0' and ch <= '9')):[0m
[32m+ 14:         if ((ch > 'A' and ch <= 'Z') or (ch >= 'a' and ch <= 'z') or (ch >= '0' and ch <= '9')):[0m
  15:             return True
  16:         else:
  17:             return False
  18:     
--------------------------------------------------------------------------------
[0.24879 s] [32mkilled[0m by ALL-SMART-GPT-MUTMUT/test_identifier1_MUTMUT.py::test_edge_cases

def test_edge_cases():
        identifier_instance = Identifier()
    
        assert identifier_instance.valid_s('a') == True
    
        assert identifier_instance.valid_s('z') == True
    
        assert identifier_instance.valid_s('Z') == True
    
        assert identifier_instance.valid_s('A') == True
    
>       assert identifier_instance.valid_f('A') == True
E       AssertionError

ALL-SMART-GPT-MUTMUT/test_identifier1_MUTMUT.py:15: AssertionError
[36m   -[0m [#  60] ROR identifier1: 
--------------------------------------------------------------------------------
  10:             return False
  11:     
  12:     def valid_f(self, ch):
  13:         ''' generated source for method valid_f '''
[34m- 14:         if ((ch >= 'A' and ch <= 'Z') or (ch >= 'a' and ch <= 'z') or (ch >= '0' and ch <= '9')):[0m
[32m+ 14:         if ((ch >= 'A' and ch >= 'Z') or (ch >= 'a' and ch <= 'z') or (ch >= '0' and ch <= '9')):[0m
  15:             return True
  16:         else:
  17:             return False
  18:     
--------------------------------------------------------------------------------
[0.24702 s] [32mkilled[0m by ALL-SMART-GPT-MUTMUT/test_identifier1_MOSA.py::test_case_5

def test_case_5():
        identifier_0 = module_0.Identifier()
        str_0 = 'j{'
        var_0 = identifier_0.validateIdentifier(str_0)
>       assert var_0 is False
E       AssertionError

ALL-SMART-GPT-MUTMUT/test_identifier1_MOSA.py:36: AssertionError
[36m   -[0m [#  61] ROR identifier1: 
--------------------------------------------------------------------------------
  10:             return False
  11:     
  12:     def valid_f(self, ch):
  13:         ''' generated source for method valid_f '''
[34m- 14:         if ((ch >= 'A' and ch <= 'Z') or (ch >= 'a' and ch <= 'z') or (ch >= '0' and ch <= '9')):[0m
[32m+ 14:         if ((ch >= 'A' and ch < 'Z') or (ch >= 'a' and ch <= 'z') or (ch >= '0' and ch <= '9')):[0m
  15:             return True
  16:         else:
  17:             return False
  18:     
--------------------------------------------------------------------------------
[0.26053 s] [32mkilled[0m by ALL-SMART-GPT-MUTMUT/test_identifier1_MUTMUT.py::test_edge_cases

def test_edge_cases():
        identifier_instance = Identifier()
    
        assert identifier_instance.valid_s('a') == True
    
        assert identifier_instance.valid_s('z') == True
    
        assert identifier_instance.valid_s('Z') == True
    
        assert identifier_instance.valid_s('A') == True
    
        assert identifier_instance.valid_f('A') == True
    
>       assert identifier_instance.valid_f('Z') == True
E       AssertionError

ALL-SMART-GPT-MUTMUT/test_identifier1_MUTMUT.py:17: AssertionError
[36m   -[0m [#  62] ROR identifier1: 
--------------------------------------------------------------------------------
  10:             return False
  11:     
  12:     def valid_f(self, ch):
  13:         ''' generated source for method valid_f '''
[34m- 14:         if ((ch >= 'A' and ch <= 'Z') or (ch >= 'a' and ch <= 'z') or (ch >= '0' and ch <= '9')):[0m
[32m+ 14:         if ((ch >= 'A' and ch <= 'Z') or (ch <= 'a' and ch <= 'z') or (ch >= '0' and ch <= '9')):[0m
  15:             return True
  16:         else:
  17:             return False
  18:     
--------------------------------------------------------------------------------
[0.22516 s] [32mkilled[0m by ALL-SMART-GPT-MUTMUT/test_identifier1_WHOLE_SUITE.py::test_case_5

def test_case_5():
        str_0 = 'dYjOEfJ'
        identifier_0 = module_0.Identifier()
        identifier_1 = module_0.Identifier()
        identifier_2 = module_0.Identifier()
        var_0 = identifier_2.valid_f(str_0)
>       assert var_0 is True
E       AssertionError

ALL-SMART-GPT-MUTMUT/test_identifier1_WHOLE_SUITE.py:47: AssertionError
[36m   -[0m [#  63] ROR identifier1: 
--------------------------------------------------------------------------------
  10:             return False
  11:     
  12:     def valid_f(self, ch):
  13:         ''' generated source for method valid_f '''
[34m- 14:         if ((ch >= 'A' and ch <= 'Z') or (ch >= 'a' and ch <= 'z') or (ch >= '0' and ch <= '9')):[0m
[32m+ 14:         if ((ch >= 'A' and ch <= 'Z') or (ch > 'a' and ch <= 'z') or (ch >= '0' and ch <= '9')):[0m
  15:             return True
  16:         else:
  17:             return False
  18:     
--------------------------------------------------------------------------------
[0.30450 s] [32mkilled[0m by ALL-SMART-GPT-MUTMUT/test_identifier1_MUTMUT.py::test_edge_cases

def test_edge_cases():
        identifier_instance = Identifier()
    
        assert identifier_instance.valid_s('a') == True
    
        assert identifier_instance.valid_s('z') == True
    
        assert identifier_instance.valid_s('Z') == True
    
        assert identifier_instance.valid_s('A') == True
    
        assert identifier_instance.valid_f('A') == True
    
        assert identifier_instance.valid_f('Z') == True
    
>       assert identifier_instance.valid_f('a') == True
E       AssertionError

ALL-SMART-GPT-MUTMUT/test_identifier1_MUTMUT.py:19: AssertionError
[36m   -[0m [#  64] ROR identifier1: 
--------------------------------------------------------------------------------
  10:             return False
  11:     
  12:     def valid_f(self, ch):
  13:         ''' generated source for method valid_f '''
[34m- 14:         if ((ch >= 'A' and ch <= 'Z') or (ch >= 'a' and ch <= 'z') or (ch >= '0' and ch <= '9')):[0m
[32m+ 14:         if ((ch >= 'A' and ch <= 'Z') or (ch >= 'a' and ch >= 'z') or (ch >= '0' and ch <= '9')):[0m
  15:             return True
  16:         else:
  17:             return False
  18:     
--------------------------------------------------------------------------------
[0.28703 s] [32mkilled[0m by ALL-SMART-GPT-MUTMUT/test_identifier1_WHOLE_SUITE.py::test_case_5

def test_case_5():
        str_0 = 'dYjOEfJ'
        identifier_0 = module_0.Identifier()
        identifier_1 = module_0.Identifier()
        identifier_2 = module_0.Identifier()
        var_0 = identifier_2.valid_f(str_0)
>       assert var_0 is True
E       AssertionError

ALL-SMART-GPT-MUTMUT/test_identifier1_WHOLE_SUITE.py:47: AssertionError
[36m   -[0m [#  65] ROR identifier1: 
--------------------------------------------------------------------------------
  10:             return False
  11:     
  12:     def valid_f(self, ch):
  13:         ''' generated source for method valid_f '''
[34m- 14:         if ((ch >= 'A' and ch <= 'Z') or (ch >= 'a' and ch <= 'z') or (ch >= '0' and ch <= '9')):[0m
[32m+ 14:         if ((ch >= 'A' and ch <= 'Z') or (ch >= 'a' and ch < 'z') or (ch >= '0' and ch <= '9')):[0m
  15:             return True
  16:         else:
  17:             return False
  18:     
--------------------------------------------------------------------------------
[0.31445 s] [32mkilled[0m by ALL-SMART-GPT-MUTMUT/test_identifier1_MOSA.py::test_case_8

def test_case_8():
        str_0 = 'e6zLE'
        identifier_0 = module_0.Identifier()
        var_0 = identifier_0.validateIdentifier(str_0)
>       assert var_0 is True
E       AssertionError

ALL-SMART-GPT-MUTMUT/test_identifier1_MOSA.py:55: AssertionError
[36m   -[0m [#  66] ROR identifier1: 
--------------------------------------------------------------------------------
  10:             return False
  11:     
  12:     def valid_f(self, ch):
  13:         ''' generated source for method valid_f '''
[34m- 14:         if ((ch >= 'A' and ch <= 'Z') or (ch >= 'a' and ch <= 'z') or (ch >= '0' and ch <= '9')):[0m
[32m+ 14:         if ((ch >= 'A' and ch <= 'Z') or (ch >= 'a' and ch <= 'z') or (ch <= '0' and ch <= '9')):[0m
  15:             return True
  16:         else:
  17:             return False
  18:     
--------------------------------------------------------------------------------
[0.23194 s] [32mkilled[0m by ALL-SMART-GPT-MUTMUT/test_identifier1_MOSA.py::test_case_0

def test_case_0():
        identifier_0 = module_0.Identifier()
        str_0 = 'H9'
        var_0 = identifier_0.validateIdentifier(str_0)
>       assert var_0 is True
E       AssertionError

ALL-SMART-GPT-MUTMUT/test_identifier1_MOSA.py:9: AssertionError
[36m   -[0m [#  67] ROR identifier1: 
--------------------------------------------------------------------------------
  10:             return False
  11:     
  12:     def valid_f(self, ch):
  13:         ''' generated source for method valid_f '''
[34m- 14:         if ((ch >= 'A' and ch <= 'Z') or (ch >= 'a' and ch <= 'z') or (ch >= '0' and ch <= '9')):[0m
[32m+ 14:         if ((ch >= 'A' and ch <= 'Z') or (ch >= 'a' and ch <= 'z') or (ch > '0' and ch <= '9')):[0m
  15:             return True
  16:         else:
  17:             return False
  18:     
--------------------------------------------------------------------------------
[0.25318 s] [32mkilled[0m by ALL-SMART-GPT-MUTMUT/test_identifier1_MUTMUT.py::test_edge_cases

def test_edge_cases():
        identifier_instance = Identifier()
    
        assert identifier_instance.valid_s('a') == True
    
        assert identifier_instance.valid_s('z') == True
    
        assert identifier_instance.valid_s('Z') == True
    
        assert identifier_instance.valid_s('A') == True
    
        assert identifier_instance.valid_f('A') == True
    
        assert identifier_instance.valid_f('Z') == True
    
        assert identifier_instance.valid_f('a') == True
    
>       assert identifier_instance.valid_f('0') == True
E       AssertionError

ALL-SMART-GPT-MUTMUT/test_identifier1_MUTMUT.py:21: AssertionError
[36m   -[0m [#  68] ROR identifier1: 
--------------------------------------------------------------------------------
  10:             return False
  11:     
  12:     def valid_f(self, ch):
  13:         ''' generated source for method valid_f '''
[34m- 14:         if ((ch >= 'A' and ch <= 'Z') or (ch >= 'a' and ch <= 'z') or (ch >= '0' and ch <= '9')):[0m
[32m+ 14:         if ((ch >= 'A' and ch <= 'Z') or (ch >= 'a' and ch <= 'z') or (ch >= '0' and ch >= '9')):[0m
  15:             return True
  16:         else:
  17:             return False
  18:     
--------------------------------------------------------------------------------
[0.22880 s] [32mkilled[0m by ALL-SMART-GPT-MUTMUT/test_identifier1_MOSA.py::test_case_5

def test_case_5():
        identifier_0 = module_0.Identifier()
        str_0 = 'j{'
        var_0 = identifier_0.validateIdentifier(str_0)
>       assert var_0 is False
E       AssertionError

ALL-SMART-GPT-MUTMUT/test_identifier1_MOSA.py:36: AssertionError
[36m   -[0m [#  69] ROR identifier1: 
--------------------------------------------------------------------------------
  10:             return False
  11:     
  12:     def valid_f(self, ch):
  13:         ''' generated source for method valid_f '''
[34m- 14:         if ((ch >= 'A' and ch <= 'Z') or (ch >= 'a' and ch <= 'z') or (ch >= '0' and ch <= '9')):[0m
[32m+ 14:         if ((ch >= 'A' and ch <= 'Z') or (ch >= 'a' and ch <= 'z') or (ch >= '0' and ch < '9')):[0m
  15:             return True
  16:         else:
  17:             return False
  18:     
--------------------------------------------------------------------------------
[0.22920 s] [32mkilled[0m by ALL-SMART-GPT-MUTMUT/test_identifier1_MOSA.py::test_case_0

def test_case_0():
        identifier_0 = module_0.Identifier()
        str_0 = 'H9'
        var_0 = identifier_0.validateIdentifier(str_0)
>       assert var_0 is True
E       AssertionError

ALL-SMART-GPT-MUTMUT/test_identifier1_MOSA.py:9: AssertionError
[36m   -[0m [#  70] ROR identifier1: 
--------------------------------------------------------------------------------
  19:     def validateIdentifier(self, s):
  20:         ''' generated source for method validateIdentifier '''
  21:         achar = str()
  22:         valid_id = False
[34m- 23:         if len(s) > 0:[0m
[32m+ 23:         if len(s) < 0:[0m
  24:             achar = s[0]
  25:             valid_id = self.valid_s(achar)
  26:             if len(s) > 1:
  27:                 achar = s[1]
--------------------------------------------------------------------------------
[0.21954 s] [32mkilled[0m by ALL-SMART-GPT-MUTMUT/test_identifier1_WHOLE_SUITE.py::test_case_6

def test_case_6():
        str_0 = 'u'
        bytes_0 = b'~P%d\x99S'
        identifier_0 = module_0.Identifier()
        var_0 = identifier_0.validateIdentifier(str_0)
>       assert var_0 is True
E       AssertionError

ALL-SMART-GPT-MUTMUT/test_identifier1_WHOLE_SUITE.py:56: AssertionError
[36m   -[0m [#  71] ROR identifier1: 
--------------------------------------------------------------------------------
  19:     def validateIdentifier(self, s):
  20:         ''' generated source for method validateIdentifier '''
  21:         achar = str()
  22:         valid_id = False
[34m- 23:         if len(s) > 0:[0m
[32m+ 23:         if len(s) >= 0:[0m
  24:             achar = s[0]
  25:             valid_id = self.valid_s(achar)
  26:             if len(s) > 1:
  27:                 achar = s[1]
--------------------------------------------------------------------------------
[0.23831 s] [32mkilled[0m by ALL-SMART-GPT-MUTMUT/test_identifier1_WHOLE_SUITE.py::test_case_2

def test_case_2():
        list_0 = []
        str_0 = "y\n(s/i'#!\x0b46WuH\x0cixuN"
        dict_0 = {str_0: str_0, str_0: str_0}
        identifier_0 = module_0.Identifier()
>       var_0 = identifier_0.validateIdentifier(list_0)

ALL-SMART-GPT-MUTMUT/test_identifier1_WHOLE_SUITE.py:24: 
_ _ _ _ _ _ _ _ _ _ _ _ _ _ _ _ _ _ _ _ _ _ _ _ _ _ _ _ _ _ _ _ _ _ _ _ _ _ _ _ 

self = <identifier1.Identifier object at 0x7fc98b0669e0>, s = []

>   ???
E   IndexError: list index out of range

identifier1:24: IndexError
[36m   -[0m [#  72] ROR identifier1: 
--------------------------------------------------------------------------------
  22:         valid_id = False
  23:         if len(s) > 0:
  24:             achar = s[0]
  25:             valid_id = self.valid_s(achar)
[34m- 26:             if len(s) > 1:[0m
[32m+ 26:             if len(s) < 1:[0m
  27:                 achar = s[1]
  28:                 i = 1
  29:                 while i < len(s):
  30:                     achar = s[i]
--------------------------------------------------------------------------------
[0.24997 s] [32mkilled[0m by ALL-SMART-GPT-MUTMUT/test_identifier1_MOSA.py::test_case_5

def test_case_5():
        identifier_0 = module_0.Identifier()
        str_0 = 'j{'
        var_0 = identifier_0.validateIdentifier(str_0)
>       assert var_0 is False
E       AssertionError

ALL-SMART-GPT-MUTMUT/test_identifier1_MOSA.py:36: AssertionError
[36m   -[0m [#  73] ROR identifier1: 
--------------------------------------------------------------------------------
  22:         valid_id = False
  23:         if len(s) > 0:
  24:             achar = s[0]
  25:             valid_id = self.valid_s(achar)
[34m- 26:             if len(s) > 1:[0m
[32m+ 26:             if len(s) >= 1:[0m
  27:                 achar = s[1]
  28:                 i = 1
  29:                 while i < len(s):
  30:                     achar = s[i]
--------------------------------------------------------------------------------
[0.22842 s] [32mkilled[0m by ALL-SMART-GPT-MUTMUT/test_identifier1_WHOLE_SUITE.py::test_case_6

def test_case_6():
        str_0 = 'u'
        bytes_0 = b'~P%d\x99S'
        identifier_0 = module_0.Identifier()
>       var_0 = identifier_0.validateIdentifier(str_0)

ALL-SMART-GPT-MUTMUT/test_identifier1_WHOLE_SUITE.py:55: 
_ _ _ _ _ _ _ _ _ _ _ _ _ _ _ _ _ _ _ _ _ _ _ _ _ _ _ _ _ _ _ _ _ _ _ _ _ _ _ _ 

self = <identifier1.Identifier object at 0x7fc98b3771c0>, s = 'u'

>   ???
E   IndexError: string index out of range

identifier1:27: IndexError
[36m   -[0m [#  74] ROR identifier1: 
--------------------------------------------------------------------------------
  25:             valid_id = self.valid_s(achar)
  26:             if len(s) > 1:
  27:                 achar = s[1]
  28:                 i = 1
[34m- 29:                 while i < len(s):[0m
[32m+ 29:                 while i > len(s):[0m
  30:                     achar = s[i]
  31:                     if not (self.valid_f(achar)):
  32:                         valid_id = False
  33:                     i += 1
--------------------------------------------------------------------------------
[0.24215 s] [32mkilled[0m by ALL-SMART-GPT-MUTMUT/test_identifier1_MOSA.py::test_case_5

def test_case_5():
        identifier_0 = module_0.Identifier()
        str_0 = 'j{'
        var_0 = identifier_0.validateIdentifier(str_0)
>       assert var_0 is False
E       AssertionError

ALL-SMART-GPT-MUTMUT/test_identifier1_MOSA.py:36: AssertionError
[36m   -[0m [#  75] ROR identifier1: 
--------------------------------------------------------------------------------
  25:             valid_id = self.valid_s(achar)
  26:             if len(s) > 1:
  27:                 achar = s[1]
  28:                 i = 1
[34m- 29:                 while i < len(s):[0m
[32m+ 29:                 while i <= len(s):[0m
  30:                     achar = s[i]
  31:                     if not (self.valid_f(achar)):
  32:                         valid_id = False
  33:                     i += 1
--------------------------------------------------------------------------------
[0.21226 s] [32mkilled[0m by ALL-SMART-GPT-MUTMUT/test_identifier1_WHOLE_SUITE.py::test_case_0

def test_case_0():
        none_type_0 = None
        identifier_0 = module_0.Identifier()
        str_0 = 'N~P{c=2s'
>       var_0 = identifier_0.validateIdentifier(str_0)

ALL-SMART-GPT-MUTMUT/test_identifier1_WHOLE_SUITE.py:10: 
_ _ _ _ _ _ _ _ _ _ _ _ _ _ _ _ _ _ _ _ _ _ _ _ _ _ _ _ _ _ _ _ _ _ _ _ _ _ _ _ 

self = <identifier1.Identifier object at 0x7fc98afd2830>, s = 'N~P{c=2s'

>   ???
E   IndexError: string index out of range

identifier1:30: IndexError
[36m   -[0m [#  76] ROR identifier1: 
--------------------------------------------------------------------------------
  30:                     achar = s[i]
  31:                     if not (self.valid_f(achar)):
  32:                         valid_id = False
  33:                     i += 1
[34m- 34:             if (valid_id and len(s) >= 1 and len(s) <= 6):[0m
[32m+ 34:             if (valid_id and len(s) <= 1 and len(s) <= 6):[0m
  35:                 return True
  36:             else:
  37:                 return False
  38:         else:
--------------------------------------------------------------------------------
[0.21453 s] [32mkilled[0m by ALL-SMART-GPT-MUTMUT/test_identifier1_MOSA.py::test_case_0

def test_case_0():
        identifier_0 = module_0.Identifier()
        str_0 = 'H9'
        var_0 = identifier_0.validateIdentifier(str_0)
>       assert var_0 is True
E       AssertionError

ALL-SMART-GPT-MUTMUT/test_identifier1_MOSA.py:9: AssertionError
[36m   -[0m [#  77] ROR identifier1: 
--------------------------------------------------------------------------------
  30:                     achar = s[i]
  31:                     if not (self.valid_f(achar)):
  32:                         valid_id = False
  33:                     i += 1
[34m- 34:             if (valid_id and len(s) >= 1 and len(s) <= 6):[0m
[32m+ 34:             if (valid_id and len(s) > 1 and len(s) <= 6):[0m
  35:                 return True
  36:             else:
  37:                 return False
  38:         else:
--------------------------------------------------------------------------------
[0.22426 s] [32mkilled[0m by ALL-SMART-GPT-MUTMUT/test_identifier1_WHOLE_SUITE.py::test_case_6

def test_case_6():
        str_0 = 'u'
        bytes_0 = b'~P%d\x99S'
        identifier_0 = module_0.Identifier()
        var_0 = identifier_0.validateIdentifier(str_0)
>       assert var_0 is True
E       AssertionError

ALL-SMART-GPT-MUTMUT/test_identifier1_WHOLE_SUITE.py:56: AssertionError
[36m   -[0m [#  78] ROR identifier1: 
--------------------------------------------------------------------------------
  30:                     achar = s[i]
  31:                     if not (self.valid_f(achar)):
  32:                         valid_id = False
  33:                     i += 1
[34m- 34:             if (valid_id and len(s) >= 1 and len(s) <= 6):[0m
[32m+ 34:             if (valid_id and len(s) >= 1 and len(s) >= 6):[0m
  35:                 return True
  36:             else:
  37:                 return False
  38:         else:
--------------------------------------------------------------------------------
[0.24852 s] [32mkilled[0m by ALL-SMART-GPT-MUTMUT/test_identifier1_WHOLE_SUITE.py::test_case_5

def test_case_5():
        str_0 = 'dYjOEfJ'
        identifier_0 = module_0.Identifier()
        identifier_1 = module_0.Identifier()
        identifier_2 = module_0.Identifier()
        var_0 = identifier_2.valid_f(str_0)
        assert var_0 is True
        var_1 = identifier_1.validateIdentifier(str_0)
>       assert var_1 is False
E       AssertionError

ALL-SMART-GPT-MUTMUT/test_identifier1_WHOLE_SUITE.py:49: AssertionError
[36m   -[0m [#  79] ROR identifier1: 
--------------------------------------------------------------------------------
  30:                     achar = s[i]
  31:                     if not (self.valid_f(achar)):
  32:                         valid_id = False
  33:                     i += 1
[34m- 34:             if (valid_id and len(s) >= 1 and len(s) <= 6):[0m
[32m+ 34:             if (valid_id and len(s) >= 1 and len(s) < 6):[0m
  35:                 return True
  36:             else:
  37:                 return False
  38:         else:
--------------------------------------------------------------------------------
[0.25162 s] [32mkilled[0m by ALL-SMART-GPT-MUTMUT/test_identifier1_MUTMUT.py::test_validate_identifier_max_length

def test_validate_identifier_max_length():
        identifier_instance = Identifier()
    
>       assert identifier_instance.validateIdentifier('AbCdEf') == True
E       AssertionError

ALL-SMART-GPT-MUTMUT/test_identifier1_MUTMUT.py:26: AssertionError
[36m   -[0m [#  80] SDI identifier1: 
--------------------------------------------------------------------------------
   1: 
   2: class Identifier(object):
   3:     ''' generated source for class Identifier '''
   4:     
[34m-  5:     def valid_s(self, ch):[0m
[34m-  6:         ''' generated source for method valid_s '''[0m
[34m-  7:         if ((ch >= 'A' and ch <= 'Z') or (ch >= 'a' and ch <= 'z')):[0m
[34m-  8:             return True[0m
[34m-  9:         else:[0m
[34m- 10:             return False[0m
[34m- 11:     [0m
[32m+  5:     @staticmethod[0m
[32m+  6:     def valid_s(self, ch):[0m
[32m+  7:         ''' generated source for method valid_s '''[0m
[32m+  8:         if ((ch >= 'A' and ch <= 'Z') or (ch >= 'a' and ch <= 'z')):[0m
[32m+  9:             return True[0m
[32m+ 10:         else:[0m
[32m+ 11:             return False[0m
  12:     def valid_f(self, ch):
  13:         ''' generated source for method valid_f '''
  14:         if ((ch >= 'A' and ch <= 'Z') or (ch >= 'a' and ch <= 'z') or (ch >= '0' and ch <= '9')):
  15:             return True
--------------------------------------------------------------------------------
[0.21736 s] [36mincompetent[0m

TypeError: identifier1:25: TypeError: Identifier.valid_s() missing 1 required positional argument: 'ch'

[36m   -[0m [#  81] SDI identifier1: 
--------------------------------------------------------------------------------
   8:             return True
   9:         else:
  10:             return False
  11:     
[34m- 12:     def valid_f(self, ch):[0m
[34m- 13:         ''' generated source for method valid_f '''[0m
[34m- 14:         if ((ch >= 'A' and ch <= 'Z') or (ch >= 'a' and ch <= 'z') or (ch >= '0' and ch <= '9')):[0m
[34m- 15:             return True[0m
[34m- 16:         else:[0m
[34m- 17:             return False[0m
[34m- 18:     [0m
[32m+ 12:     @staticmethod[0m
[32m+ 13:     def valid_f(self, ch):[0m
[32m+ 14:         ''' generated source for method valid_f '''[0m
[32m+ 15:         if ((ch >= 'A' and ch <= 'Z') or (ch >= 'a' and ch <= 'z') or (ch >= '0' and ch <= '9')):[0m
[32m+ 16:             return True[0m
[32m+ 17:         else:[0m
[32m+ 18:             return False[0m
  19:     def validateIdentifier(self, s):
  20:         ''' generated source for method validateIdentifier '''
  21:         achar = str()
  22:         valid_id = False
--------------------------------------------------------------------------------
[0.21585 s] [36mincompetent[0m

TypeError: identifier1:31: TypeError: Identifier.valid_f() missing 1 required positional argument: 'ch'

[36m   -[0m [#  82] SDI identifier1: 
--------------------------------------------------------------------------------
  15:             return True
  16:         else:
  17:             return False
  18:     
[34m- 19:     def validateIdentifier(self, s):[0m
[34m- 20:         ''' generated source for method validateIdentifier '''[0m
[34m- 21:         achar = str()[0m
[34m- 22:         valid_id = False[0m
[34m- 23:         if len(s) > 0:[0m
[34m- 24:             achar = s[0][0m
[34m- 25:             valid_id = self.valid_s(achar)[0m
[34m- 26:             if len(s) > 1:[0m
[34m- 27:                 achar = s[1][0m
[34m- 28:                 i = 1[0m
[34m- 29:                 while i < len(s):[0m
[34m- 30:                     achar = s[i][0m
[34m- 31:                     if not (self.valid_f(achar)):[0m
[34m- 32:                         valid_id = False[0m
[34m- 33:                     i += 1[0m
[34m- 34:             if (valid_id and len(s) >= 1 and len(s) <= 6):[0m
[34m- 35:                 return True[0m
[34m- 36:             else:[0m
[34m- 37:                 return False[0m
[34m- 38:         else:[0m
[34m- 39:             return False[0m
[32m+ 19:     @staticmethod[0m
[32m+ 20:     def validateIdentifier(self, s):[0m
[32m+ 21:         ''' generated source for method validateIdentifier '''[0m
[32m+ 22:         achar = str()[0m
[32m+ 23:         valid_id = False[0m
[32m+ 24:         if len(s) > 0:[0m
[32m+ 25:             achar = s[0][0m
[32m+ 26:             valid_id = self.valid_s(achar)[0m
[32m+ 27:             if len(s) > 1:[0m
[32m+ 28:                 achar = s[1][0m
[32m+ 29:                 i = 1[0m
[32m+ 30:                 while i < len(s):[0m
[32m+ 31:                     achar = s[i][0m
[32m+ 32:                     if not (self.valid_f(achar)):[0m
[32m+ 33:                         valid_id = False[0m
[32m+ 34:                     i += 1[0m
[32m+ 35:             if (valid_id and len(s) >= 1 and len(s) <= 6):[0m
[32m+ 36:                 return True[0m
[32m+ 37:             else:[0m
[32m+ 38:                 return False[0m
[32m+ 39:         else:[0m
[32m+ 40:             return False[0m
--------------------------------------------------------------------------------
[0.21333 s] [36mincompetent[0m

TypeError: /home/lucca/desktop/ic/experimento/testes/python_experiments/identifier1/ALL-SMART-GPT-MUTMUT/test_identifier1_WHOLE_SUITE.py:10: TypeError: Identifier.validateIdentifier() missing 1 required positional argument: 's'

[36m   -[0m [#  83] SDL identifier1: 
--------------------------------------------------------------------------------
   4:     
   5:     def valid_s(self, ch):
   6:         ''' generated source for method valid_s '''
   7:         if ((ch >= 'A' and ch <= 'Z') or (ch >= 'a' and ch <= 'z')):
[34m-  8:             return True[0m
[32m+  8:             pass[0m
   9:         else:
  10:             return False
  11:     
  12:     def valid_f(self, ch):
--------------------------------------------------------------------------------
[0.24774 s] [32mkilled[0m by ALL-SMART-GPT-MUTMUT/test_identifier1_WHOLE_SUITE.py::test_case_6

def test_case_6():
        str_0 = 'u'
        bytes_0 = b'~P%d\x99S'
        identifier_0 = module_0.Identifier()
        var_0 = identifier_0.validateIdentifier(str_0)
>       assert var_0 is True
E       AssertionError

ALL-SMART-GPT-MUTMUT/test_identifier1_WHOLE_SUITE.py:56: AssertionError
[36m   -[0m [#  84] SDL identifier1: 
--------------------------------------------------------------------------------
   6:         ''' generated source for method valid_s '''
   7:         if ((ch >= 'A' and ch <= 'Z') or (ch >= 'a' and ch <= 'z')):
   8:             return True
   9:         else:
[34m- 10:             return False[0m
[32m+ 10:             pass[0m
  11:     
  12:     def valid_f(self, ch):
  13:         ''' generated source for method valid_f '''
  14:         if ((ch >= 'A' and ch <= 'Z') or (ch >= 'a' and ch <= 'z') or (ch >= '0' and ch <= '9')):
--------------------------------------------------------------------------------
[0.23323 s] [32mkilled[0m by ALL-SMART-GPT-MUTMUT/test_identifier1_WHOLE_SUITE.py::test_case_8

def test_case_8():
        object_0 = module_1.object()
        int_0 = 2545
        str_0 = "}#Ys%@&Kx,u=M)6'V"
        identifier_0 = module_0.Identifier()
        var_0 = identifier_0.valid_s(str_0)
>       assert var_0 is False
E       AssertionError

ALL-SMART-GPT-MUTMUT/test_identifier1_WHOLE_SUITE.py:69: AssertionError
[36m   -[0m [#  85] SDL identifier1: 
--------------------------------------------------------------------------------
  11:     
  12:     def valid_f(self, ch):
  13:         ''' generated source for method valid_f '''
  14:         if ((ch >= 'A' and ch <= 'Z') or (ch >= 'a' and ch <= 'z') or (ch >= '0' and ch <= '9')):
[34m- 15:             return True[0m
[32m+ 15:             pass[0m
  16:         else:
  17:             return False
  18:     
  19:     def validateIdentifier(self, s):
--------------------------------------------------------------------------------
[0.22757 s] [32mkilled[0m by ALL-SMART-GPT-MUTMUT/test_identifier1_WHOLE_SUITE.py::test_case_5

def test_case_5():
        str_0 = 'dYjOEfJ'
        identifier_0 = module_0.Identifier()
        identifier_1 = module_0.Identifier()
        identifier_2 = module_0.Identifier()
        var_0 = identifier_2.valid_f(str_0)
>       assert var_0 is True
E       AssertionError

ALL-SMART-GPT-MUTMUT/test_identifier1_WHOLE_SUITE.py:47: AssertionError
[36m   -[0m [#  86] SDL identifier1: 
--------------------------------------------------------------------------------
  13:         ''' generated source for method valid_f '''
  14:         if ((ch >= 'A' and ch <= 'Z') or (ch >= 'a' and ch <= 'z') or (ch >= '0' and ch <= '9')):
  15:             return True
  16:         else:
[34m- 17:             return False[0m
[32m+ 17:             pass[0m
  18:     
  19:     def validateIdentifier(self, s):
  20:         ''' generated source for method validateIdentifier '''
  21:         achar = str()
--------------------------------------------------------------------------------
[0.24147 s] [31msurvived[0m
[36m   -[0m [#  87] SDL identifier1: 
--------------------------------------------------------------------------------
  17:             return False
  18:     
  19:     def validateIdentifier(self, s):
  20:         ''' generated source for method validateIdentifier '''
[34m- 21:         achar = str()[0m
[32m+ 21:         pass[0m
  22:         valid_id = False
  23:         if len(s) > 0:
  24:             achar = s[0]
  25:             valid_id = self.valid_s(achar)
--------------------------------------------------------------------------------
[0.23788 s] [31msurvived[0m
[36m   -[0m [#  88] SDL identifier1: 
--------------------------------------------------------------------------------
  18:     
  19:     def validateIdentifier(self, s):
  20:         ''' generated source for method validateIdentifier '''
  21:         achar = str()
[34m- 22:         valid_id = False[0m
[32m+ 22:         pass[0m
  23:         if len(s) > 0:
  24:             achar = s[0]
  25:             valid_id = self.valid_s(achar)
  26:             if len(s) > 1:
--------------------------------------------------------------------------------
[0.30220 s] [31msurvived[0m
[36m   -[0m [#  89] SDL identifier1: 
--------------------------------------------------------------------------------
  20:         ''' generated source for method validateIdentifier '''
  21:         achar = str()
  22:         valid_id = False
  23:         if len(s) > 0:
[34m- 24:             achar = s[0][0m
[32m+ 24:             pass[0m
  25:             valid_id = self.valid_s(achar)
  26:             if len(s) > 1:
  27:                 achar = s[1]
  28:                 i = 1
--------------------------------------------------------------------------------
[0.29109 s] [32mkilled[0m by ALL-SMART-GPT-MUTMUT/test_identifier1_WHOLE_SUITE.py::test_case_6

def test_case_6():
        str_0 = 'u'
        bytes_0 = b'~P%d\x99S'
        identifier_0 = module_0.Identifier()
        var_0 = identifier_0.validateIdentifier(str_0)
>       assert var_0 is True
E       AssertionError

ALL-SMART-GPT-MUTMUT/test_identifier1_WHOLE_SUITE.py:56: AssertionError
[36m   -[0m [#  90] SDL identifier1: 
--------------------------------------------------------------------------------
  21:         achar = str()
  22:         valid_id = False
  23:         if len(s) > 0:
  24:             achar = s[0]
[34m- 25:             valid_id = self.valid_s(achar)[0m
[32m+ 25:             pass[0m
  26:             if len(s) > 1:
  27:                 achar = s[1]
  28:                 i = 1
  29:                 while i < len(s):
--------------------------------------------------------------------------------
[0.28547 s] [32mkilled[0m by ALL-SMART-GPT-MUTMUT/test_identifier1_WHOLE_SUITE.py::test_case_6

def test_case_6():
        str_0 = 'u'
        bytes_0 = b'~P%d\x99S'
        identifier_0 = module_0.Identifier()
        var_0 = identifier_0.validateIdentifier(str_0)
>       assert var_0 is True
E       AssertionError

ALL-SMART-GPT-MUTMUT/test_identifier1_WHOLE_SUITE.py:56: AssertionError
[36m   -[0m [#  91] SDL identifier1: 
--------------------------------------------------------------------------------
  23:         if len(s) > 0:
  24:             achar = s[0]
  25:             valid_id = self.valid_s(achar)
  26:             if len(s) > 1:
[34m- 27:                 achar = s[1][0m
[32m+ 27:                 pass[0m
  28:                 i = 1
  29:                 while i < len(s):
  30:                     achar = s[i]
  31:                     if not (self.valid_f(achar)):
--------------------------------------------------------------------------------
[0.24285 s] [31msurvived[0m
[36m   -[0m [#  92] SDL identifier1: 
--------------------------------------------------------------------------------
  24:             achar = s[0]
  25:             valid_id = self.valid_s(achar)
  26:             if len(s) > 1:
  27:                 achar = s[1]
[34m- 28:                 i = 1[0m
[32m+ 28:                 pass[0m
  29:                 while i < len(s):
  30:                     achar = s[i]
  31:                     if not (self.valid_f(achar)):
  32:                         valid_id = False
--------------------------------------------------------------------------------
[0.21351 s] [32mkilled[0m by ALL-SMART-GPT-MUTMUT/test_identifier1_WHOLE_SUITE.py::test_case_0

def test_case_0():
        none_type_0 = None
        identifier_0 = module_0.Identifier()
        str_0 = 'N~P{c=2s'
>       var_0 = identifier_0.validateIdentifier(str_0)

ALL-SMART-GPT-MUTMUT/test_identifier1_WHOLE_SUITE.py:10: 
_ _ _ _ _ _ _ _ _ _ _ _ _ _ _ _ _ _ _ _ _ _ _ _ _ _ _ _ _ _ _ _ _ _ _ _ _ _ _ _ 

self = <identifier1.Identifier object at 0x7fc98b0ef790>, s = 'N~P{c=2s'

>   ???
E   UnboundLocalError: local variable 'i' referenced before assignment

identifier1:29: UnboundLocalError
[36m   -[0m [#  93] SDL identifier1: 
--------------------------------------------------------------------------------
  26:             if len(s) > 1:
  27:                 achar = s[1]
  28:                 i = 1
  29:                 while i < len(s):
[34m- 30:                     achar = s[i][0m
[32m+ 30:                     pass[0m
  31:                     if not (self.valid_f(achar)):
  32:                         valid_id = False
  33:                     i += 1
  34:             if (valid_id and len(s) >= 1 and len(s) <= 6):
--------------------------------------------------------------------------------
[0.29350 s] [32mkilled[0m by ALL-SMART-GPT-MUTMUT/test_identifier1_DYNAMOSA.py::test_case_7

def test_case_7():
        str_0 = 'i8='
        str_1 = 'j'
        dict_0 = {}
        identifier_0 = module_0.Identifier(**dict_0)
        var_0 = identifier_0.validateIdentifier(str_1)
        assert var_0 is True
        var_1 = identifier_0.validateIdentifier(str_0)
>       assert var_1 is False
E       AssertionError

ALL-SMART-GPT-MUTMUT/test_identifier1_DYNAMOSA.py:52: AssertionError
[36m   -[0m [#  94] SDL identifier1: 
--------------------------------------------------------------------------------
  28:                 i = 1
  29:                 while i < len(s):
  30:                     achar = s[i]
  31:                     if not (self.valid_f(achar)):
[34m- 32:                         valid_id = False[0m
[32m+ 32:                         pass[0m
  33:                     i += 1
  34:             if (valid_id and len(s) >= 1 and len(s) <= 6):
  35:                 return True
  36:             else:
--------------------------------------------------------------------------------
[0.24115 s] [32mkilled[0m by ALL-SMART-GPT-MUTMUT/test_identifier1_MOSA.py::test_case_5

def test_case_5():
        identifier_0 = module_0.Identifier()
        str_0 = 'j{'
        var_0 = identifier_0.validateIdentifier(str_0)
>       assert var_0 is False
E       AssertionError

ALL-SMART-GPT-MUTMUT/test_identifier1_MOSA.py:36: AssertionError
[36m   -[0m [#  95] SDL identifier1: 
--------------------------------------------------------------------------------
  31:                     if not (self.valid_f(achar)):
  32:                         valid_id = False
  33:                     i += 1
  34:             if (valid_id and len(s) >= 1 and len(s) <= 6):
[34m- 35:                 return True[0m
[32m+ 35:                 pass[0m
  36:             else:
  37:                 return False
  38:         else:
  39:             return False
--------------------------------------------------------------------------------
[0.26987 s] [32mkilled[0m by ALL-SMART-GPT-MUTMUT/test_identifier1_WHOLE_SUITE.py::test_case_6

def test_case_6():
        str_0 = 'u'
        bytes_0 = b'~P%d\x99S'
        identifier_0 = module_0.Identifier()
        var_0 = identifier_0.validateIdentifier(str_0)
>       assert var_0 is True
E       AssertionError

ALL-SMART-GPT-MUTMUT/test_identifier1_WHOLE_SUITE.py:56: AssertionError
[36m   -[0m [#  96] SDL identifier1: 
--------------------------------------------------------------------------------
  33:                     i += 1
  34:             if (valid_id and len(s) >= 1 and len(s) <= 6):
  35:                 return True
  36:             else:
[34m- 37:                 return False[0m
[32m+ 37:                 pass[0m
  38:         else:
  39:             return False
--------------------------------------------------------------------------------
[0.22956 s] [32mkilled[0m by ALL-SMART-GPT-MUTMUT/test_identifier1_WHOLE_SUITE.py::test_case_0

def test_case_0():
        none_type_0 = None
        identifier_0 = module_0.Identifier()
        str_0 = 'N~P{c=2s'
        var_0 = identifier_0.validateIdentifier(str_0)
>       assert var_0 is False
E       AssertionError

ALL-SMART-GPT-MUTMUT/test_identifier1_WHOLE_SUITE.py:11: AssertionError
[36m   -[0m [#  97] SDL identifier1: 
--------------------------------------------------------------------------------
  35:                 return True
  36:             else:
  37:                 return False
  38:         else:
[34m- 39:             return False[0m
[32m+ 39:             pass[0m
--------------------------------------------------------------------------------
[0.22582 s] [32mkilled[0m by ALL-SMART-GPT-MUTMUT/test_identifier1_WHOLE_SUITE.py::test_case_2

def test_case_2():
        list_0 = []
        str_0 = "y\n(s/i'#!\x0b46WuH\x0cixuN"
        dict_0 = {str_0: str_0, str_0: str_0}
        identifier_0 = module_0.Identifier()
        var_0 = identifier_0.validateIdentifier(list_0)
>       assert var_0 is False
E       AssertionError

ALL-SMART-GPT-MUTMUT/test_identifier1_WHOLE_SUITE.py:25: AssertionError
[36m   -[0m [#  98] SVD identifier1: 
--------------------------------------------------------------------------------
  21:         achar = str()
  22:         valid_id = False
  23:         if len(s) > 0:
  24:             achar = s[0]
[34m- 25:             valid_id = self.valid_s(achar)[0m
[32m+ 25:             valid_id = valid_s(achar)[0m
  26:             if len(s) > 1:
  27:                 achar = s[1]
  28:                 i = 1
  29:                 while i < len(s):
--------------------------------------------------------------------------------
[0.23214 s] [32mkilled[0m by ALL-SMART-GPT-MUTMUT/test_identifier1_WHOLE_SUITE.py::test_case_0

def test_case_0():
        none_type_0 = None
        identifier_0 = module_0.Identifier()
        str_0 = 'N~P{c=2s'
>       var_0 = identifier_0.validateIdentifier(str_0)

ALL-SMART-GPT-MUTMUT/test_identifier1_WHOLE_SUITE.py:10: 
_ _ _ _ _ _ _ _ _ _ _ _ _ _ _ _ _ _ _ _ _ _ _ _ _ _ _ _ _ _ _ _ _ _ _ _ _ _ _ _ 

self = <identifier1.Identifier object at 0x7fc98b376110>, s = 'N~P{c=2s'

>   ???
E   NameError: name 'valid_s' is not defined

identifier1:25: NameError
[36m   -[0m [#  99] SVD identifier1: 
--------------------------------------------------------------------------------
  27:                 achar = s[1]
  28:                 i = 1
  29:                 while i < len(s):
  30:                     achar = s[i]
[34m- 31:                     if not (self.valid_f(achar)):[0m
[32m+ 31:                     if not (valid_f(achar)):[0m
  32:                         valid_id = False
  33:                     i += 1
  34:             if (valid_id and len(s) >= 1 and len(s) <= 6):
  35:                 return True
--------------------------------------------------------------------------------
[0.21261 s] [32mkilled[0m by ALL-SMART-GPT-MUTMUT/test_identifier1_WHOLE_SUITE.py::test_case_0

def test_case_0():
        none_type_0 = None
        identifier_0 = module_0.Identifier()
        str_0 = 'N~P{c=2s'
>       var_0 = identifier_0.validateIdentifier(str_0)

ALL-SMART-GPT-MUTMUT/test_identifier1_WHOLE_SUITE.py:10: 
_ _ _ _ _ _ _ _ _ _ _ _ _ _ _ _ _ _ _ _ _ _ _ _ _ _ _ _ _ _ _ _ _ _ _ _ _ _ _ _ 

self = <identifier1.Identifier object at 0x7fc98b142110>, s = 'N~P{c=2s'

>   ???
E   NameError: name 'valid_f' is not defined

identifier1:31: NameError
[36m   -[0m [# 100] ZIL identifier1: 
--------------------------------------------------------------------------------
  26:             if len(s) > 1:
  27:                 achar = s[1]
  28:                 i = 1
  29:                 while i < len(s):
[34m- 30:                     achar = s[i][0m
[34m- 31:                     if not (self.valid_f(achar)):[0m
[34m- 32:                         valid_id = False[0m
[34m- 33:                     i += 1[0m
[32m+ 30:                     break[0m
[32m+ 31:             [0m
[32m+ 32:             [0m
[32m+ 33:             [0m
  34:             if (valid_id and len(s) >= 1 and len(s) <= 6):
  35:                 return True
  36:             else:
  37:                 return False
--------------------------------------------------------------------------------
[0.24578 s] [32mkilled[0m by ALL-SMART-GPT-MUTMUT/test_identifier1_MOSA.py::test_case_5

def test_case_5():
        identifier_0 = module_0.Identifier()
        str_0 = 'j{'
        var_0 = identifier_0.validateIdentifier(str_0)
>       assert var_0 is False
E       AssertionError

ALL-SMART-GPT-MUTMUT/test_identifier1_MOSA.py:36: AssertionError
[34m[*][0m Mutation score [31.48502 s]: [1m[34m93.8%[0m
[36m   -[0m all: 100
[36m   -[0m killed: 90 (90.0%)
[36m   -[0m survived: 6 (6.0%)
[36m   -[0m incompetent: 4 (4.0%)
[36m   -[0m timeout: 0 (0.0%)
