[*] Start mutation process:
   - targets: stack1.py
   - tests: ./RANDOM
[*] 2255 tests passed:
   - test_stack1_RANDOM [2.76113 s]
[*] Start mutants generation and execution:
   - [#   1] AOR stack1: 
--------------------------------------------------------------------------------
   90:         The add function can also be accessed via the ``operator``
   91:         module.
   92:     """
   93:     stack = Stack()
-  94:     ops = {'+': lambda a, b: (a + b), \
+  94:     ops = {'+': lambda a, b: (a - b), \
   95:         '-': lambda a, b: (a - b), \
   96:         '*': lambda a, b: (a * b), \
   97:         '/': lambda a, b: (a / b), \
   98:         '%': lambda a, b: (a % b), \
--------------------------------------------------------------------------------
[2.82166 s] survived
   - [#   2] AOR stack1: 
--------------------------------------------------------------------------------
   91:         module.
   92:     """
   93:     stack = Stack()
   94:     ops = {'+': lambda a, b: (a + b), \
-  95:         '-': lambda a, b: (a - b), \
+  95:         '-': lambda a, b: (a + b), \
   96:         '*': lambda a, b: (a * b), \
   97:         '/': lambda a, b: (a / b), \
   98:         '%': lambda a, b: (a % b), \
   99:         '^': lambda a, b: (a ** b)}
--------------------------------------------------------------------------------
[2.72405 s] survived
   - [#   3] AOR stack1: 
--------------------------------------------------------------------------------
   92:     """
   93:     stack = Stack()
   94:     ops = {'+': lambda a, b: (a + b), \
   95:         '-': lambda a, b: (a - b), \
-  96:         '*': lambda a, b: (a * b), \
+  96:         '*': lambda a, b: (a / b), \
   97:         '/': lambda a, b: (a / b), \
   98:         '%': lambda a, b: (a % b), \
   99:         '^': lambda a, b: (a ** b)}
  100:     
--------------------------------------------------------------------------------
[2.75173 s] survived
   - [#   4] AOR stack1: 
--------------------------------------------------------------------------------
   92:     """
   93:     stack = Stack()
   94:     ops = {'+': lambda a, b: (a + b), \
   95:         '-': lambda a, b: (a - b), \
-  96:         '*': lambda a, b: (a * b), \
+  96:         '*': lambda a, b: (a // b), \
   97:         '/': lambda a, b: (a / b), \
   98:         '%': lambda a, b: (a % b), \
   99:         '^': lambda a, b: (a ** b)}
  100:     
--------------------------------------------------------------------------------
[2.67819 s] survived
   - [#   5] AOR stack1: 
--------------------------------------------------------------------------------
   92:     """
   93:     stack = Stack()
   94:     ops = {'+': lambda a, b: (a + b), \
   95:         '-': lambda a, b: (a - b), \
-  96:         '*': lambda a, b: (a * b), \
+  96:         '*': lambda a, b: (a ** b), \
   97:         '/': lambda a, b: (a / b), \
   98:         '%': lambda a, b: (a % b), \
   99:         '^': lambda a, b: (a ** b)}
  100:     
--------------------------------------------------------------------------------
[2.71306 s] survived
   - [#   6] AOR stack1: 
--------------------------------------------------------------------------------
   93:     stack = Stack()
   94:     ops = {'+': lambda a, b: (a + b), \
   95:         '-': lambda a, b: (a - b), \
   96:         '*': lambda a, b: (a * b), \
-  97:         '/': lambda a, b: (a / b), \
+  97:         '/': lambda a, b: (a // b), \
   98:         '%': lambda a, b: (a % b), \
   99:         '^': lambda a, b: (a ** b)}
  100:     
  101:     
--------------------------------------------------------------------------------
[2.73862 s] survived
   - [#   7] AOR stack1: 
--------------------------------------------------------------------------------
   93:     stack = Stack()
   94:     ops = {'+': lambda a, b: (a + b), \
   95:         '-': lambda a, b: (a - b), \
   96:         '*': lambda a, b: (a * b), \
-  97:         '/': lambda a, b: (a / b), \
+  97:         '/': lambda a, b: (a * b), \
   98:         '%': lambda a, b: (a % b), \
   99:         '^': lambda a, b: (a ** b)}
  100:     
  101:     
--------------------------------------------------------------------------------
[2.78817 s] survived
   - [#   8] AOR stack1: 
--------------------------------------------------------------------------------
   94:     ops = {'+': lambda a, b: (a + b), \
   95:         '-': lambda a, b: (a - b), \
   96:         '*': lambda a, b: (a * b), \
   97:         '/': lambda a, b: (a / b), \
-  98:         '%': lambda a, b: (a % b), \
+  98:         '%': lambda a, b: (a * b), \
   99:         '^': lambda a, b: (a ** b)}
  100:     
  101:     
  102:     tokens = string.split(' ')
--------------------------------------------------------------------------------
[2.77763 s] survived
   - [#   9] AOR stack1: 
--------------------------------------------------------------------------------
   95:         '-': lambda a, b: (a - b), \
   96:         '*': lambda a, b: (a * b), \
   97:         '/': lambda a, b: (a / b), \
   98:         '%': lambda a, b: (a % b), \
-  99:         '^': lambda a, b: (a ** b)}
+  99:         '^': lambda a, b: (a * b)}
  100:     
  101:     
  102:     tokens = string.split(' ')
  103:     
--------------------------------------------------------------------------------
[2.88143 s] survived
   - [#  10] ASR stack1: 
--------------------------------------------------------------------------------
   22:             
   23:             self.top = item2
   24:             item2.next = item1
   25:         
-  26:         self.size += 1
+  26:         self.size -= 1
   27:     
   28:     def pop(self):
   29:         if self.top is None:
   30:             raise ValueError()
--------------------------------------------------------------------------------
[5.51449 s] killed by RANDOM/test_stack1_RANDOM.py::test_case_7

def test_case_7():
        stack_0 = module_0.Stack()
        assert len(stack_0) == 0
        var_0 = stack_0.__len__()
        assert var_0 == 0
        stack_1 = module_0.Stack()
        assert len(stack_1) == 0
        stack_node_0 = module_0.StackNode(var_0)
        assert stack_node_0.data == 0
        stack_2 = module_0.Stack()
        assert len(stack_2) == 0
        stack_3 = module_0.Stack()
        assert len(stack_3) == 0
        stack_4 = module_0.Stack()
        assert len(stack_4) == 0
        var_1 = stack_4.__len__()
        assert var_1 == 0
        stack_5 = module_0.Stack()
        assert len(stack_5) == 0
        var_2 = stack_5.__len__()
        assert var_2 == 0
        stack_6 = module_0.Stack()
        assert len(stack_6) == 0
        stack_node_1 = module_0.StackNode(var_2)
        assert stack_node_1.data == 0
        stack_7 = module_0.Stack()
        assert len(stack_7) == 0
        var_3 = stack_1.push(stack_node_0)
>       assert len(stack_1) == 1
E       ValueError: __len__() should return >= 0

RANDOM/test_stack1_RANDOM.py:148: ValueError
   - [#  11] ASR stack1: 
--------------------------------------------------------------------------------
   31:         else:
   32:             top_data = self.top.data
   33:             
   34:             self.top = self.top.next
-  35:             self.size -= 1
+  35:             self.size += 1
   36:             return top_data
   37:     
   38:     def peek(self):
   39:         if self.top is None:
--------------------------------------------------------------------------------
[5.59203 s] killed by RANDOM/test_stack1_RANDOM.py::test_case_153

def test_case_153():
        stack_0 = module_0.Stack()
        assert len(stack_0) == 0
        var_0 = stack_0.__len__()
        assert var_0 == 0
        stack_1 = module_0.Stack()
        assert len(stack_1) == 0
        stack_node_0 = module_0.StackNode(var_0)
        assert stack_node_0.data == 0
        stack_node_1 = module_0.StackNode(stack_node_0)
        stack_node_2 = module_0.StackNode(stack_1)
        assert len(stack_node_2.data) == 0
        stack_2 = module_0.Stack()
        assert len(stack_2) == 0
        var_1 = stack_2.__len__()
        assert var_1 == 0
        stack_3 = module_0.Stack()
        assert len(stack_3) == 0
        stack_node_3 = module_0.StackNode(var_1)
        assert stack_node_3.data == 0
        stack_node_4 = module_0.StackNode(stack_node_3)
        stack_node_5 = module_0.StackNode(stack_node_3)
        stack_node_6 = module_0.StackNode(stack_2)
        assert len(stack_node_6.data) == 0
        var_2 = stack_3.__len__()
        assert var_2 == 0
        complex_0 = -3711.3 - 806.2j
        stack_node_7 = module_0.StackNode(complex_0)
        stack_4 = module_0.Stack()
        assert len(stack_4) == 0
        var_3 = stack_4.__len__()
        assert var_3 == 0
        stack_5 = module_0.Stack()
        assert len(stack_5) == 0
        stack_node_8 = module_0.StackNode(var_3)
        assert stack_node_8.data == 0
        stack_node_9 = module_0.StackNode(stack_node_8)
        stack_node_10 = module_0.StackNode(stack_node_8)
        stack_6 = module_0.Stack()
        assert len(stack_6) == 0
        var_4 = stack_6.__len__()
        assert var_4 == 0
        stack_7 = module_0.Stack()
        assert len(stack_7) == 0
        stack_node_11 = module_0.StackNode(var_4)
        assert stack_node_11.data == 0
        stack_node_12 = module_0.StackNode(stack_node_11)
        stack_node_13 = module_0.StackNode(stack_node_11)
        stack_node_14 = module_0.StackNode(stack_6)
        assert len(stack_node_14.data) == 0
        var_5 = stack_7.__len__()
        assert var_5 == 0
        var_6 = stack_6.push(stack_node_13)
        assert len(stack_6) == 1
        assert len(stack_node_14.data) == 1
        var_7 = stack_6.pop()
>       assert len(stack_6) == 0
E       AssertionError

RANDOM/test_stack1_RANDOM.py:8275: AssertionError
   - [#  12] CDI stack1: 
--------------------------------------------------------------------------------
    3:     thomas moll 2015
    4: '''
    5: 
    6: class Stack(object):
-   7:     def __init__(self):
-   8:         self.size = 0
-   9:         self.top = None
-  10:     
+   7:     @classmethod
+   8:     def __init__(self):
+   9:         self.size = 0
+  10:         self.top = None
   11:     def __len__(self):
   12:         return self.size
   13:     
   14:     def push(self, item):
--------------------------------------------------------------------------------
[2.78505 s] survived
   - [#  13] CDI stack1: 
--------------------------------------------------------------------------------
    7:     def __init__(self):
    8:         self.size = 0
    9:         self.top = None
   10:     
-  11:     def __len__(self):
-  12:         return self.size
-  13:     
+  11:     @classmethod
+  12:     def __len__(self):
+  13:         return self.size
   14:     def push(self, item):
   15:         if self.top is None:
   16:             self.top = StackNode(item)
   17:         else:
--------------------------------------------------------------------------------
[5.51415 s] killed by RANDOM/test_stack1_RANDOM.py::test_case_0

def test_case_0():
        stack_0 = module_0.Stack()
>       assert len(stack_0) == 0

RANDOM/test_stack1_RANDOM.py:8: 
_ _ _ _ _ _ _ _ _ _ _ _ _ _ _ _ _ _ _ _ _ _ _ _ _ _ _ _ _ _ _ _ _ _ _ _ _ _ _ _ 

self = <class 'stack1.Stack'>

>   ???
E   AttributeError: type object 'Stack' has no attribute 'size'

stack1:13: AttributeError
   - [#  14] CDI stack1: 
--------------------------------------------------------------------------------
   10:     
   11:     def __len__(self):
   12:         return self.size
   13:     
-  14:     def push(self, item):
-  15:         if self.top is None:
-  16:             self.top = StackNode(item)
-  17:         else:
-  18:             
-  19:             item1 = self.top
-  20:             item2 = StackNode(item)
-  21:             
+  14:     @classmethod
+  15:     def push(self, item):
+  16:         if self.top is None:
+  17:             self.top = StackNode(item)
+  18:         else:
+  19:             
+  20:             item1 = self.top
+  21:             item2 = StackNode(item)
   22:             
-  23:             self.top = item2
-  24:             item2.next = item1
-  25:         
-  26:         self.size += 1
-  27:     
+  23:             
+  24:             self.top = item2
+  25:             item2.next = item1
+  26:         
+  27:         self.size += 1
   28:     def pop(self):
   29:         if self.top is None:
   30:             raise ValueError()
   31:         else:
--------------------------------------------------------------------------------
[5.69833 s] killed by RANDOM/test_stack1_RANDOM.py::test_case_7

def test_case_7():
        stack_0 = module_0.Stack()
        assert len(stack_0) == 0
        var_0 = stack_0.__len__()
        assert var_0 == 0
        stack_1 = module_0.Stack()
        assert len(stack_1) == 0
        stack_node_0 = module_0.StackNode(var_0)
        assert stack_node_0.data == 0
        stack_2 = module_0.Stack()
        assert len(stack_2) == 0
        stack_3 = module_0.Stack()
        assert len(stack_3) == 0
        stack_4 = module_0.Stack()
        assert len(stack_4) == 0
        var_1 = stack_4.__len__()
        assert var_1 == 0
        stack_5 = module_0.Stack()
        assert len(stack_5) == 0
        var_2 = stack_5.__len__()
        assert var_2 == 0
        stack_6 = module_0.Stack()
        assert len(stack_6) == 0
        stack_node_1 = module_0.StackNode(var_2)
        assert stack_node_1.data == 0
        stack_7 = module_0.Stack()
        assert len(stack_7) == 0
>       var_3 = stack_1.push(stack_node_0)

RANDOM/test_stack1_RANDOM.py:147: 
_ _ _ _ _ _ _ _ _ _ _ _ _ _ _ _ _ _ _ _ _ _ _ _ _ _ _ _ _ _ _ _ _ _ _ _ _ _ _ _ 

self = <class 'stack1.Stack'>
item = <stack1.StackNode object at 0x7f6ec55c4e20>

>   ???
E   AttributeError: type object 'Stack' has no attribute 'top'. Did you mean: 'pop'?

stack1:16: AttributeError
   - [#  15] CDI stack1: 
--------------------------------------------------------------------------------
   24:             item2.next = item1
   25:         
   26:         self.size += 1
   27:     
-  28:     def pop(self):
-  29:         if self.top is None:
-  30:             raise ValueError()
-  31:         else:
-  32:             top_data = self.top.data
-  33:             
-  34:             self.top = self.top.next
-  35:             self.size -= 1
-  36:             return top_data
-  37:     
+  28:     @classmethod
+  29:     def pop(self):
+  30:         if self.top is None:
+  31:             raise ValueError()
+  32:         else:
+  33:             top_data = self.top.data
+  34:             
+  35:             self.top = self.top.next
+  36:             self.size -= 1
+  37:             return top_data
   38:     def peek(self):
   39:         if self.top is None:
   40:             raise ValueError()
   41:         else:
--------------------------------------------------------------------------------
[5.68631 s] killed by RANDOM/test_stack1_RANDOM.py::test_case_153

def test_case_153():
        stack_0 = module_0.Stack()
        assert len(stack_0) == 0
        var_0 = stack_0.__len__()
        assert var_0 == 0
        stack_1 = module_0.Stack()
        assert len(stack_1) == 0
        stack_node_0 = module_0.StackNode(var_0)
        assert stack_node_0.data == 0
        stack_node_1 = module_0.StackNode(stack_node_0)
        stack_node_2 = module_0.StackNode(stack_1)
        assert len(stack_node_2.data) == 0
        stack_2 = module_0.Stack()
        assert len(stack_2) == 0
        var_1 = stack_2.__len__()
        assert var_1 == 0
        stack_3 = module_0.Stack()
        assert len(stack_3) == 0
        stack_node_3 = module_0.StackNode(var_1)
        assert stack_node_3.data == 0
        stack_node_4 = module_0.StackNode(stack_node_3)
        stack_node_5 = module_0.StackNode(stack_node_3)
        stack_node_6 = module_0.StackNode(stack_2)
        assert len(stack_node_6.data) == 0
        var_2 = stack_3.__len__()
        assert var_2 == 0
        complex_0 = -3711.3 - 806.2j
        stack_node_7 = module_0.StackNode(complex_0)
        stack_4 = module_0.Stack()
        assert len(stack_4) == 0
        var_3 = stack_4.__len__()
        assert var_3 == 0
        stack_5 = module_0.Stack()
        assert len(stack_5) == 0
        stack_node_8 = module_0.StackNode(var_3)
        assert stack_node_8.data == 0
        stack_node_9 = module_0.StackNode(stack_node_8)
        stack_node_10 = module_0.StackNode(stack_node_8)
        stack_6 = module_0.Stack()
        assert len(stack_6) == 0
        var_4 = stack_6.__len__()
        assert var_4 == 0
        stack_7 = module_0.Stack()
        assert len(stack_7) == 0
        stack_node_11 = module_0.StackNode(var_4)
        assert stack_node_11.data == 0
        stack_node_12 = module_0.StackNode(stack_node_11)
        stack_node_13 = module_0.StackNode(stack_node_11)
        stack_node_14 = module_0.StackNode(stack_6)
        assert len(stack_node_14.data) == 0
        var_5 = stack_7.__len__()
        assert var_5 == 0
        var_6 = stack_6.push(stack_node_13)
        assert len(stack_6) == 1
        assert len(stack_node_14.data) == 1
>       var_7 = stack_6.pop()

RANDOM/test_stack1_RANDOM.py:8274: 
_ _ _ _ _ _ _ _ _ _ _ _ _ _ _ _ _ _ _ _ _ _ _ _ _ _ _ _ _ _ _ _ _ _ _ _ _ _ _ _ 

self = <class 'stack1.Stack'>

>   ???
E   AttributeError: type object 'Stack' has no attribute 'top'. Did you mean: 'pop'?

stack1:30: AttributeError
   - [#  16] CDI stack1: 
--------------------------------------------------------------------------------
   34:             self.top = self.top.next
   35:             self.size -= 1
   36:             return top_data
   37:     
-  38:     def peek(self):
-  39:         if self.top is None:
-  40:             raise ValueError()
-  41:         else:
-  42:             return self.top.data
-  43: 
+  38:     @classmethod
+  39:     def peek(self):
+  40:         if self.top is None:
+  41:             raise ValueError()
+  42:         else:
+  43:             return self.top.data
   44: class StackNode(object):
   45:     ''' Look familiar? '''
   46:     def __init__(self, item):
   47:         self.data = item
--------------------------------------------------------------------------------
[5.61698 s] killed by RANDOM/test_stack1_RANDOM.py::test_case_139

def test_case_139():
        stack_0 = module_0.Stack()
        assert len(stack_0) == 0
        var_0 = stack_0.__len__()
        assert var_0 == 0
        stack_1 = module_0.Stack()
        assert len(stack_1) == 0
        stack_node_0 = module_0.StackNode(var_0)
        assert stack_node_0.data == 0
        stack_2 = module_0.Stack()
        assert len(stack_2) == 0
        stack_node_1 = module_0.StackNode(stack_1)
        assert len(stack_node_1.data) == 0
        stack_3 = module_0.Stack()
        assert len(stack_3) == 0
        var_1 = stack_3.__len__()
        assert var_1 == 0
        stack_4 = module_0.Stack()
        assert len(stack_4) == 0
        stack_node_2 = module_0.StackNode(var_1)
        assert stack_node_2.data == 0
        stack_5 = module_0.Stack()
        assert len(stack_5) == 0
        stack_6 = module_0.Stack()
        assert len(stack_6) == 0
        stack_7 = module_0.Stack()
        assert len(stack_7) == 0
        var_2 = stack_7.__len__()
        assert var_2 == 0
        stack_8 = module_0.Stack()
        assert len(stack_8) == 0
        stack_node_3 = module_0.StackNode(var_2)
        assert stack_node_3.data == 0
        stack_9 = module_0.Stack()
        assert len(stack_9) == 0
        stack_node_4 = module_0.StackNode(stack_7)
        assert len(stack_node_4.data) == 0
        stack_10 = module_0.Stack()
        assert len(stack_10) == 0
        var_3 = stack_10.__len__()
        assert var_3 == 0
        stack_11 = module_0.Stack()
        assert len(stack_11) == 0
        stack_node_5 = module_0.StackNode(var_3)
        assert stack_node_5.data == 0
        stack_node_6 = module_0.StackNode(stack_node_5)
        stack_node_7 = module_0.StackNode(stack_node_5)
        stack_12 = module_0.Stack()
        assert len(stack_12) == 0
        var_4 = stack_12.__len__()
        assert var_4 == 0
        stack_13 = module_0.Stack()
        assert len(stack_13) == 0
        stack_node_8 = module_0.StackNode(var_4)
        assert stack_node_8.data == 0
        stack_node_9 = module_0.StackNode(stack_node_8)
        stack_node_10 = module_0.StackNode(stack_node_8)
        stack_node_11 = module_0.StackNode(stack_12)
        assert len(stack_node_11.data) == 0
        var_5 = stack_13.__len__()
        assert var_5 == 0
        stack_14 = module_0.Stack()
        assert len(stack_14) == 0
        var_6 = stack_14.__len__()
        assert var_6 == 0
        stack_15 = module_0.Stack()
        assert len(stack_15) == 0
        stack_node_12 = module_0.StackNode(var_6)
        assert stack_node_12.data == 0
        stack_node_13 = module_0.StackNode(stack_node_12)
        stack_node_14 = module_0.StackNode(stack_node_12)
        stack_node_15 = module_0.StackNode(stack_14)
        assert len(stack_node_15.data) == 0
        var_7 = stack_15.__len__()
        assert var_7 == 0
        var_8 = stack_14.push(stack_node_14)
        assert len(stack_14) == 1
        assert len(stack_node_15.data) == 1
        stack_16 = module_0.Stack()
        assert len(stack_16) == 0
>       var_9 = stack_14.peek()

RANDOM/test_stack1_RANDOM.py:7365: 
_ _ _ _ _ _ _ _ _ _ _ _ _ _ _ _ _ _ _ _ _ _ _ _ _ _ _ _ _ _ _ _ _ _ _ _ _ _ _ _ 

self = <class 'stack1.Stack'>

>   ???
E   AttributeError: type object 'Stack' has no attribute 'top'. Did you mean: 'pop'?

stack1:40: AttributeError
   - [#  17] CDI stack1: 
--------------------------------------------------------------------------------
   42:             return self.top.data
   43: 
   44: class StackNode(object):
   45:     ''' Look familiar? '''
-  46:     def __init__(self, item):
-  47:         self.data = item
-  48:         self.next = None
-  49: 
+  46:     @classmethod
+  47:     def __init__(self, item):
+  48:         self.data = item
+  49:         self.next = None
   50: def check_parenthesis(string):
   51:     stack = Stack()
   52:     
   53:     brackets = {'{': '}', '[': ']', '(': ')'}
--------------------------------------------------------------------------------
[5.48564 s] incompetent

TypeError: /home/auri/temp/lucca/python_experiments/stack1/RANDOM/test_stack1_RANDOM.py:3155: TypeError: object of type 'int' has no len()

   - [#  18] COI stack1: 
--------------------------------------------------------------------------------
   11:     def __len__(self):
   12:         return self.size
   13:     
   14:     def push(self, item):
-  15:         if self.top is None:
+  15:         if not (self.top is None):
   16:             self.top = StackNode(item)
   17:         else:
   18:             
   19:             item1 = self.top
--------------------------------------------------------------------------------
[2.84830 s] survived
   - [#  19] COI stack1: 
--------------------------------------------------------------------------------
   25:         
   26:         self.size += 1
   27:     
   28:     def pop(self):
-  29:         if self.top is None:
+  29:         if not (self.top is None):
   30:             raise ValueError()
   31:         else:
   32:             top_data = self.top.data
   33:             
--------------------------------------------------------------------------------
[5.75717 s] killed by RANDOM/test_stack1_RANDOM.py::test_case_153

def test_case_153():
        stack_0 = module_0.Stack()
        assert len(stack_0) == 0
        var_0 = stack_0.__len__()
        assert var_0 == 0
        stack_1 = module_0.Stack()
        assert len(stack_1) == 0
        stack_node_0 = module_0.StackNode(var_0)
        assert stack_node_0.data == 0
        stack_node_1 = module_0.StackNode(stack_node_0)
        stack_node_2 = module_0.StackNode(stack_1)
        assert len(stack_node_2.data) == 0
        stack_2 = module_0.Stack()
        assert len(stack_2) == 0
        var_1 = stack_2.__len__()
        assert var_1 == 0
        stack_3 = module_0.Stack()
        assert len(stack_3) == 0
        stack_node_3 = module_0.StackNode(var_1)
        assert stack_node_3.data == 0
        stack_node_4 = module_0.StackNode(stack_node_3)
        stack_node_5 = module_0.StackNode(stack_node_3)
        stack_node_6 = module_0.StackNode(stack_2)
        assert len(stack_node_6.data) == 0
        var_2 = stack_3.__len__()
        assert var_2 == 0
        complex_0 = -3711.3 - 806.2j
        stack_node_7 = module_0.StackNode(complex_0)
        stack_4 = module_0.Stack()
        assert len(stack_4) == 0
        var_3 = stack_4.__len__()
        assert var_3 == 0
        stack_5 = module_0.Stack()
        assert len(stack_5) == 0
        stack_node_8 = module_0.StackNode(var_3)
        assert stack_node_8.data == 0
        stack_node_9 = module_0.StackNode(stack_node_8)
        stack_node_10 = module_0.StackNode(stack_node_8)
        stack_6 = module_0.Stack()
        assert len(stack_6) == 0
        var_4 = stack_6.__len__()
        assert var_4 == 0
        stack_7 = module_0.Stack()
        assert len(stack_7) == 0
        stack_node_11 = module_0.StackNode(var_4)
        assert stack_node_11.data == 0
        stack_node_12 = module_0.StackNode(stack_node_11)
        stack_node_13 = module_0.StackNode(stack_node_11)
        stack_node_14 = module_0.StackNode(stack_6)
        assert len(stack_node_14.data) == 0
        var_5 = stack_7.__len__()
        assert var_5 == 0
        var_6 = stack_6.push(stack_node_13)
        assert len(stack_6) == 1
        assert len(stack_node_14.data) == 1
>       var_7 = stack_6.pop()

RANDOM/test_stack1_RANDOM.py:8274: 
_ _ _ _ _ _ _ _ _ _ _ _ _ _ _ _ _ _ _ _ _ _ _ _ _ _ _ _ _ _ _ _ _ _ _ _ _ _ _ _ 

self = <stack1.Stack object at 0x7f6ec5d4e380>

>   ???
E   ValueError

stack1:30: ValueError
   - [#  20] COI stack1: 
--------------------------------------------------------------------------------
   35:             self.size -= 1
   36:             return top_data
   37:     
   38:     def peek(self):
-  39:         if self.top is None:
+  39:         if not (self.top is None):
   40:             raise ValueError()
   41:         else:
   42:             return self.top.data
   43: 
--------------------------------------------------------------------------------
[5.77413 s] killed by RANDOM/test_stack1_RANDOM.py::test_case_139

def test_case_139():
        stack_0 = module_0.Stack()
        assert len(stack_0) == 0
        var_0 = stack_0.__len__()
        assert var_0 == 0
        stack_1 = module_0.Stack()
        assert len(stack_1) == 0
        stack_node_0 = module_0.StackNode(var_0)
        assert stack_node_0.data == 0
        stack_2 = module_0.Stack()
        assert len(stack_2) == 0
        stack_node_1 = module_0.StackNode(stack_1)
        assert len(stack_node_1.data) == 0
        stack_3 = module_0.Stack()
        assert len(stack_3) == 0
        var_1 = stack_3.__len__()
        assert var_1 == 0
        stack_4 = module_0.Stack()
        assert len(stack_4) == 0
        stack_node_2 = module_0.StackNode(var_1)
        assert stack_node_2.data == 0
        stack_5 = module_0.Stack()
        assert len(stack_5) == 0
        stack_6 = module_0.Stack()
        assert len(stack_6) == 0
        stack_7 = module_0.Stack()
        assert len(stack_7) == 0
        var_2 = stack_7.__len__()
        assert var_2 == 0
        stack_8 = module_0.Stack()
        assert len(stack_8) == 0
        stack_node_3 = module_0.StackNode(var_2)
        assert stack_node_3.data == 0
        stack_9 = module_0.Stack()
        assert len(stack_9) == 0
        stack_node_4 = module_0.StackNode(stack_7)
        assert len(stack_node_4.data) == 0
        stack_10 = module_0.Stack()
        assert len(stack_10) == 0
        var_3 = stack_10.__len__()
        assert var_3 == 0
        stack_11 = module_0.Stack()
        assert len(stack_11) == 0
        stack_node_5 = module_0.StackNode(var_3)
        assert stack_node_5.data == 0
        stack_node_6 = module_0.StackNode(stack_node_5)
        stack_node_7 = module_0.StackNode(stack_node_5)
        stack_12 = module_0.Stack()
        assert len(stack_12) == 0
        var_4 = stack_12.__len__()
        assert var_4 == 0
        stack_13 = module_0.Stack()
        assert len(stack_13) == 0
        stack_node_8 = module_0.StackNode(var_4)
        assert stack_node_8.data == 0
        stack_node_9 = module_0.StackNode(stack_node_8)
        stack_node_10 = module_0.StackNode(stack_node_8)
        stack_node_11 = module_0.StackNode(stack_12)
        assert len(stack_node_11.data) == 0
        var_5 = stack_13.__len__()
        assert var_5 == 0
        stack_14 = module_0.Stack()
        assert len(stack_14) == 0
        var_6 = stack_14.__len__()
        assert var_6 == 0
        stack_15 = module_0.Stack()
        assert len(stack_15) == 0
        stack_node_12 = module_0.StackNode(var_6)
        assert stack_node_12.data == 0
        stack_node_13 = module_0.StackNode(stack_node_12)
        stack_node_14 = module_0.StackNode(stack_node_12)
        stack_node_15 = module_0.StackNode(stack_14)
        assert len(stack_node_15.data) == 0
        var_7 = stack_15.__len__()
        assert var_7 == 0
        var_8 = stack_14.push(stack_node_14)
        assert len(stack_14) == 1
        assert len(stack_node_15.data) == 1
        stack_16 = module_0.Stack()
        assert len(stack_16) == 0
>       var_9 = stack_14.peek()

RANDOM/test_stack1_RANDOM.py:7365: 
_ _ _ _ _ _ _ _ _ _ _ _ _ _ _ _ _ _ _ _ _ _ _ _ _ _ _ _ _ _ _ _ _ _ _ _ _ _ _ _ 

self = <stack1.Stack object at 0x7f6ec5d36b60>

>   ???
E   ValueError

stack1:40: ValueError
   - [#  21] COI stack1: 
--------------------------------------------------------------------------------
   53:     brackets = {'{': '}', '[': ']', '(': ')'}
   54:     
   55:     for character in string:
   56:         
-  57:         if character in brackets.keys():
+  57:         if not (character in brackets.keys()):
   58:             stack.push(character)
   59:         
   60:         
   61:         if character in brackets.values():
--------------------------------------------------------------------------------
[5.77726 s] killed by RANDOM/test_stack1_RANDOM.py::test_case_88

def test_case_88():
        float_0 = 712.593
        dict_0 = {float_0: float_0, float_0: float_0}
        var_0 = module_0.check_parenthesis(dict_0)
>       assert var_0 is True
E       AssertionError

RANDOM/test_stack1_RANDOM.py:4268: AssertionError
   - [#  22] COI stack1: 
--------------------------------------------------------------------------------
   53:     brackets = {'{': '}', '[': ']', '(': ')'}
   54:     
   55:     for character in string:
   56:         
-  57:         if character in brackets.keys():
+  57:         if character not in brackets.keys():
   58:             stack.push(character)
   59:         
   60:         
   61:         if character in brackets.values():
--------------------------------------------------------------------------------
[5.63852 s] killed by RANDOM/test_stack1_RANDOM.py::test_case_88

def test_case_88():
        float_0 = 712.593
        dict_0 = {float_0: float_0, float_0: float_0}
        var_0 = module_0.check_parenthesis(dict_0)
>       assert var_0 is True
E       AssertionError

RANDOM/test_stack1_RANDOM.py:4268: AssertionError
   - [#  23] COI stack1: 
--------------------------------------------------------------------------------
   57:         if character in brackets.keys():
   58:             stack.push(character)
   59:         
   60:         
-  61:         if character in brackets.values():
+  61:         if not (character in brackets.values()):
   62:             try:
   63:                 other = stack.pop()
   64:                 
   65:                 
--------------------------------------------------------------------------------
[5.57939 s] killed by RANDOM/test_stack1_RANDOM.py::test_case_88

def test_case_88():
        float_0 = 712.593
        dict_0 = {float_0: float_0, float_0: float_0}
        var_0 = module_0.check_parenthesis(dict_0)
>       assert var_0 is True
E       AssertionError

RANDOM/test_stack1_RANDOM.py:4268: AssertionError
   - [#  24] COI stack1: 
--------------------------------------------------------------------------------
   57:         if character in brackets.keys():
   58:             stack.push(character)
   59:         
   60:         
-  61:         if character in brackets.values():
+  61:         if character not in brackets.values():
   62:             try:
   63:                 other = stack.pop()
   64:                 
   65:                 
--------------------------------------------------------------------------------
[5.71197 s] killed by RANDOM/test_stack1_RANDOM.py::test_case_88

def test_case_88():
        float_0 = 712.593
        dict_0 = {float_0: float_0, float_0: float_0}
        var_0 = module_0.check_parenthesis(dict_0)
>       assert var_0 is True
E       AssertionError

RANDOM/test_stack1_RANDOM.py:4268: AssertionError
   - [#  25] COI stack1: 
--------------------------------------------------------------------------------
   62:             try:
   63:                 other = stack.pop()
   64:                 
   65:                 
-  66:                 if brackets[other] != character:
+  66:                 if not (brackets[other] != character):
   67:                     return False
   68:             
   69:             except ValueError:
   70:                 return False
--------------------------------------------------------------------------------
[2.89925 s] survived
   - [#  26] COI stack1: 
--------------------------------------------------------------------------------
   68:             
   69:             except ValueError:
   70:                 return False
   71:     
-  72:     if stack.size != 0:
+  72:     if not (stack.size != 0):
   73:         return False
   74:     else:
   75:         
   76:         return True
--------------------------------------------------------------------------------
[5.41857 s] killed by RANDOM/test_stack1_RANDOM.py::test_case_88

def test_case_88():
        float_0 = 712.593
        dict_0 = {float_0: float_0, float_0: float_0}
        var_0 = module_0.check_parenthesis(dict_0)
>       assert var_0 is True
E       AssertionError

RANDOM/test_stack1_RANDOM.py:4268: AssertionError
   - [#  27] COI stack1: 
--------------------------------------------------------------------------------
  102:     tokens = string.split(' ')
  103:     
  104:     for character in tokens:
  105:         
- 106:         if character in ops.keys():
+ 106:         if not (character in ops.keys()):
  107:             try:
  108:                 
  109:                 right = stack.pop()
  110:                 left = stack.pop()
--------------------------------------------------------------------------------
[2.70740 s] survived
   - [#  28] COI stack1: 
--------------------------------------------------------------------------------
  102:     tokens = string.split(' ')
  103:     
  104:     for character in tokens:
  105:         
- 106:         if character in ops.keys():
+ 106:         if character not in ops.keys():
  107:             try:
  108:                 
  109:                 right = stack.pop()
  110:                 left = stack.pop()
--------------------------------------------------------------------------------
[2.70142 s] survived
   - [#  29] COI stack1: 
--------------------------------------------------------------------------------
  126:             except ValueError as e:
  127:                 raise e
  128:     
  129:     
- 130:     if stack.size > 1:
+ 130:     if not (stack.size > 1):
  131:         raise ValueError()
  132:     
  133:     return stack.pop()
--------------------------------------------------------------------------------
[2.70149 s] survived
   - [#  30] CRP stack1: 
--------------------------------------------------------------------------------
    4: '''
    5: 
    6: class Stack(object):
    7:     def __init__(self):
-   8:         self.size = 0
+   8:         self.size = 1
    9:         self.top = None
   10:     
   11:     def __len__(self):
   12:         return self.size
--------------------------------------------------------------------------------
[5.53978 s] killed by RANDOM/test_stack1_RANDOM.py::test_case_0

def test_case_0():
        stack_0 = module_0.Stack()
>       assert len(stack_0) == 0
E       AssertionError

RANDOM/test_stack1_RANDOM.py:8: AssertionError
   - [#  31] CRP stack1: 
--------------------------------------------------------------------------------
   22:             
   23:             self.top = item2
   24:             item2.next = item1
   25:         
-  26:         self.size += 1
+  26:         self.size += 2
   27:     
   28:     def pop(self):
   29:         if self.top is None:
   30:             raise ValueError()
--------------------------------------------------------------------------------
[5.62885 s] killed by RANDOM/test_stack1_RANDOM.py::test_case_7

def test_case_7():
        stack_0 = module_0.Stack()
        assert len(stack_0) == 0
        var_0 = stack_0.__len__()
        assert var_0 == 0
        stack_1 = module_0.Stack()
        assert len(stack_1) == 0
        stack_node_0 = module_0.StackNode(var_0)
        assert stack_node_0.data == 0
        stack_2 = module_0.Stack()
        assert len(stack_2) == 0
        stack_3 = module_0.Stack()
        assert len(stack_3) == 0
        stack_4 = module_0.Stack()
        assert len(stack_4) == 0
        var_1 = stack_4.__len__()
        assert var_1 == 0
        stack_5 = module_0.Stack()
        assert len(stack_5) == 0
        var_2 = stack_5.__len__()
        assert var_2 == 0
        stack_6 = module_0.Stack()
        assert len(stack_6) == 0
        stack_node_1 = module_0.StackNode(var_2)
        assert stack_node_1.data == 0
        stack_7 = module_0.Stack()
        assert len(stack_7) == 0
        var_3 = stack_1.push(stack_node_0)
>       assert len(stack_1) == 1
E       AssertionError

RANDOM/test_stack1_RANDOM.py:148: AssertionError
   - [#  32] CRP stack1: 
--------------------------------------------------------------------------------
   31:         else:
   32:             top_data = self.top.data
   33:             
   34:             self.top = self.top.next
-  35:             self.size -= 1
+  35:             self.size -= 2
   36:             return top_data
   37:     
   38:     def peek(self):
   39:         if self.top is None:
--------------------------------------------------------------------------------
[6.01301 s] killed by RANDOM/test_stack1_RANDOM.py::test_case_153

def test_case_153():
        stack_0 = module_0.Stack()
        assert len(stack_0) == 0
        var_0 = stack_0.__len__()
        assert var_0 == 0
        stack_1 = module_0.Stack()
        assert len(stack_1) == 0
        stack_node_0 = module_0.StackNode(var_0)
        assert stack_node_0.data == 0
        stack_node_1 = module_0.StackNode(stack_node_0)
        stack_node_2 = module_0.StackNode(stack_1)
        assert len(stack_node_2.data) == 0
        stack_2 = module_0.Stack()
        assert len(stack_2) == 0
        var_1 = stack_2.__len__()
        assert var_1 == 0
        stack_3 = module_0.Stack()
        assert len(stack_3) == 0
        stack_node_3 = module_0.StackNode(var_1)
        assert stack_node_3.data == 0
        stack_node_4 = module_0.StackNode(stack_node_3)
        stack_node_5 = module_0.StackNode(stack_node_3)
        stack_node_6 = module_0.StackNode(stack_2)
        assert len(stack_node_6.data) == 0
        var_2 = stack_3.__len__()
        assert var_2 == 0
        complex_0 = -3711.3 - 806.2j
        stack_node_7 = module_0.StackNode(complex_0)
        stack_4 = module_0.Stack()
        assert len(stack_4) == 0
        var_3 = stack_4.__len__()
        assert var_3 == 0
        stack_5 = module_0.Stack()
        assert len(stack_5) == 0
        stack_node_8 = module_0.StackNode(var_3)
        assert stack_node_8.data == 0
        stack_node_9 = module_0.StackNode(stack_node_8)
        stack_node_10 = module_0.StackNode(stack_node_8)
        stack_6 = module_0.Stack()
        assert len(stack_6) == 0
        var_4 = stack_6.__len__()
        assert var_4 == 0
        stack_7 = module_0.Stack()
        assert len(stack_7) == 0
        stack_node_11 = module_0.StackNode(var_4)
        assert stack_node_11.data == 0
        stack_node_12 = module_0.StackNode(stack_node_11)
        stack_node_13 = module_0.StackNode(stack_node_11)
        stack_node_14 = module_0.StackNode(stack_6)
        assert len(stack_node_14.data) == 0
        var_5 = stack_7.__len__()
        assert var_5 == 0
        var_6 = stack_6.push(stack_node_13)
        assert len(stack_6) == 1
        assert len(stack_node_14.data) == 1
        var_7 = stack_6.pop()
>       assert len(stack_6) == 0
E       ValueError: __len__() should return >= 0

RANDOM/test_stack1_RANDOM.py:8275: ValueError
   - [#  33] CRP stack1: 
--------------------------------------------------------------------------------
   49: 
   50: def check_parenthesis(string):
   51:     stack = Stack()
   52:     
-  53:     brackets = {'{': '}', '[': ']', '(': ')'}
+  53:     brackets = {'mutpy': '}', '[': ']', '(': ')'}
   54:     
   55:     for character in string:
   56:         
   57:         if character in brackets.keys():
--------------------------------------------------------------------------------
[2.73852 s] survived
   - [#  34] CRP stack1: 
--------------------------------------------------------------------------------
   49: 
   50: def check_parenthesis(string):
   51:     stack = Stack()
   52:     
-  53:     brackets = {'{': '}', '[': ']', '(': ')'}
+  53:     brackets = {'': '}', '[': ']', '(': ')'}
   54:     
   55:     for character in string:
   56:         
   57:         if character in brackets.keys():
--------------------------------------------------------------------------------
[2.72948 s] survived
   - [#  35] CRP stack1: 
--------------------------------------------------------------------------------
   49: 
   50: def check_parenthesis(string):
   51:     stack = Stack()
   52:     
-  53:     brackets = {'{': '}', '[': ']', '(': ')'}
+  53:     brackets = {'{': '}', 'mutpy': ']', '(': ')'}
   54:     
   55:     for character in string:
   56:         
   57:         if character in brackets.keys():
--------------------------------------------------------------------------------
[5.96400 s] killed by RANDOM/test_stack1_RANDOM.py::test_case_461

def test_case_461():
        str_0 = 'UbV2bCf,[PX\\\n`Lj\\L'
        var_0 = module_0.check_parenthesis(str_0)
>       assert var_0 is False
E       AssertionError

RANDOM/test_stack1_RANDOM.py:25502: AssertionError
   - [#  36] CRP stack1: 
--------------------------------------------------------------------------------
   49: 
   50: def check_parenthesis(string):
   51:     stack = Stack()
   52:     
-  53:     brackets = {'{': '}', '[': ']', '(': ')'}
+  53:     brackets = {'{': '}', '': ']', '(': ')'}
   54:     
   55:     for character in string:
   56:         
   57:         if character in brackets.keys():
--------------------------------------------------------------------------------
[5.90384 s] killed by RANDOM/test_stack1_RANDOM.py::test_case_461

def test_case_461():
        str_0 = 'UbV2bCf,[PX\\\n`Lj\\L'
        var_0 = module_0.check_parenthesis(str_0)
>       assert var_0 is False
E       AssertionError

RANDOM/test_stack1_RANDOM.py:25502: AssertionError
   - [#  37] CRP stack1: 
--------------------------------------------------------------------------------
   49: 
   50: def check_parenthesis(string):
   51:     stack = Stack()
   52:     
-  53:     brackets = {'{': '}', '[': ']', '(': ')'}
+  53:     brackets = {'{': '}', '[': ']', 'mutpy': ')'}
   54:     
   55:     for character in string:
   56:         
   57:         if character in brackets.keys():
--------------------------------------------------------------------------------
[2.78379 s] survived
   - [#  38] CRP stack1: 
--------------------------------------------------------------------------------
   49: 
   50: def check_parenthesis(string):
   51:     stack = Stack()
   52:     
-  53:     brackets = {'{': '}', '[': ']', '(': ')'}
+  53:     brackets = {'{': '}', '[': ']', '': ')'}
   54:     
   55:     for character in string:
   56:         
   57:         if character in brackets.keys():
--------------------------------------------------------------------------------
[2.78110 s] survived
   - [#  39] CRP stack1: 
--------------------------------------------------------------------------------
   49: 
   50: def check_parenthesis(string):
   51:     stack = Stack()
   52:     
-  53:     brackets = {'{': '}', '[': ']', '(': ')'}
+  53:     brackets = {'{': 'mutpy', '[': ']', '(': ')'}
   54:     
   55:     for character in string:
   56:         
   57:         if character in brackets.keys():
--------------------------------------------------------------------------------
[2.77513 s] survived
   - [#  40] CRP stack1: 
--------------------------------------------------------------------------------
   49: 
   50: def check_parenthesis(string):
   51:     stack = Stack()
   52:     
-  53:     brackets = {'{': '}', '[': ']', '(': ')'}
+  53:     brackets = {'{': '', '[': ']', '(': ')'}
   54:     
   55:     for character in string:
   56:         
   57:         if character in brackets.keys():
--------------------------------------------------------------------------------
[2.82525 s] survived
   - [#  41] CRP stack1: 
--------------------------------------------------------------------------------
   49: 
   50: def check_parenthesis(string):
   51:     stack = Stack()
   52:     
-  53:     brackets = {'{': '}', '[': ']', '(': ')'}
+  53:     brackets = {'{': '}', '[': 'mutpy', '(': ')'}
   54:     
   55:     for character in string:
   56:         
   57:         if character in brackets.keys():
--------------------------------------------------------------------------------
[2.77229 s] survived
   - [#  42] CRP stack1: 
--------------------------------------------------------------------------------
   49: 
   50: def check_parenthesis(string):
   51:     stack = Stack()
   52:     
-  53:     brackets = {'{': '}', '[': ']', '(': ')'}
+  53:     brackets = {'{': '}', '[': '', '(': ')'}
   54:     
   55:     for character in string:
   56:         
   57:         if character in brackets.keys():
--------------------------------------------------------------------------------
[2.82262 s] survived
   - [#  43] CRP stack1: 
--------------------------------------------------------------------------------
   49: 
   50: def check_parenthesis(string):
   51:     stack = Stack()
   52:     
-  53:     brackets = {'{': '}', '[': ']', '(': ')'}
+  53:     brackets = {'{': '}', '[': ']', '(': 'mutpy'}
   54:     
   55:     for character in string:
   56:         
   57:         if character in brackets.keys():
--------------------------------------------------------------------------------
[6.50584 s] killed by RANDOM/test_stack1_RANDOM.py::test_case_920

def test_case_920():
        none_type_0 = None
        str_0 = 'ya\r&.-)fvwLh3O'
        var_0 = module_0.check_parenthesis(str_0)
>       assert var_0 is False
E       AssertionError

RANDOM/test_stack1_RANDOM.py:49024: AssertionError
   - [#  44] CRP stack1: 
--------------------------------------------------------------------------------
   49: 
   50: def check_parenthesis(string):
   51:     stack = Stack()
   52:     
-  53:     brackets = {'{': '}', '[': ']', '(': ')'}
+  53:     brackets = {'{': '}', '[': ']', '(': ''}
   54:     
   55:     for character in string:
   56:         
   57:         if character in brackets.keys():
--------------------------------------------------------------------------------
[6.43784 s] killed by RANDOM/test_stack1_RANDOM.py::test_case_920

def test_case_920():
        none_type_0 = None
        str_0 = 'ya\r&.-)fvwLh3O'
        var_0 = module_0.check_parenthesis(str_0)
>       assert var_0 is False
E       AssertionError

RANDOM/test_stack1_RANDOM.py:49024: AssertionError
   - [#  45] CRP stack1: 
--------------------------------------------------------------------------------
   68:             
   69:             except ValueError:
   70:                 return False
   71:     
-  72:     if stack.size != 0:
+  72:     if stack.size != 1:
   73:         return False
   74:     else:
   75:         
   76:         return True
--------------------------------------------------------------------------------
[5.65595 s] killed by RANDOM/test_stack1_RANDOM.py::test_case_88

def test_case_88():
        float_0 = 712.593
        dict_0 = {float_0: float_0, float_0: float_0}
        var_0 = module_0.check_parenthesis(dict_0)
>       assert var_0 is True
E       AssertionError

RANDOM/test_stack1_RANDOM.py:4268: AssertionError
   - [#  46] CRP stack1: 
--------------------------------------------------------------------------------
   90:         The add function can also be accessed via the ``operator``
   91:         module.
   92:     """
   93:     stack = Stack()
-  94:     ops = {'+': lambda a, b: (a + b), \
+  94:     ops = {'mutpy': lambda a, b: (a + b), \
   95:         '-': lambda a, b: (a - b), \
   96:         '*': lambda a, b: (a * b), \
   97:         '/': lambda a, b: (a / b), \
   98:         '%': lambda a, b: (a % b), \
--------------------------------------------------------------------------------
[2.76928 s] survived
   - [#  47] CRP stack1: 
--------------------------------------------------------------------------------
   90:         The add function can also be accessed via the ``operator``
   91:         module.
   92:     """
   93:     stack = Stack()
-  94:     ops = {'+': lambda a, b: (a + b), \
+  94:     ops = {'': lambda a, b: (a + b), \
   95:         '-': lambda a, b: (a - b), \
   96:         '*': lambda a, b: (a * b), \
   97:         '/': lambda a, b: (a / b), \
   98:         '%': lambda a, b: (a % b), \
--------------------------------------------------------------------------------
[2.79652 s] survived
   - [#  48] CRP stack1: 
--------------------------------------------------------------------------------
   91:         module.
   92:     """
   93:     stack = Stack()
   94:     ops = {'+': lambda a, b: (a + b), \
-  95:         '-': lambda a, b: (a - b), \
+  95:         'mutpy': lambda a, b: (a - b), \
   96:         '*': lambda a, b: (a * b), \
   97:         '/': lambda a, b: (a / b), \
   98:         '%': lambda a, b: (a % b), \
   99:         '^': lambda a, b: (a ** b)}
--------------------------------------------------------------------------------
[2.82341 s] survived
   - [#  49] CRP stack1: 
--------------------------------------------------------------------------------
   91:         module.
   92:     """
   93:     stack = Stack()
   94:     ops = {'+': lambda a, b: (a + b), \
-  95:         '-': lambda a, b: (a - b), \
+  95:         '': lambda a, b: (a - b), \
   96:         '*': lambda a, b: (a * b), \
   97:         '/': lambda a, b: (a / b), \
   98:         '%': lambda a, b: (a % b), \
   99:         '^': lambda a, b: (a ** b)}
--------------------------------------------------------------------------------
[2.90690 s] survived
   - [#  50] CRP stack1: 
--------------------------------------------------------------------------------
   92:     """
   93:     stack = Stack()
   94:     ops = {'+': lambda a, b: (a + b), \
   95:         '-': lambda a, b: (a - b), \
-  96:         '*': lambda a, b: (a * b), \
+  96:         'mutpy': lambda a, b: (a * b), \
   97:         '/': lambda a, b: (a / b), \
   98:         '%': lambda a, b: (a % b), \
   99:         '^': lambda a, b: (a ** b)}
  100:     
--------------------------------------------------------------------------------
[2.82356 s] survived
   - [#  51] CRP stack1: 
--------------------------------------------------------------------------------
   92:     """
   93:     stack = Stack()
   94:     ops = {'+': lambda a, b: (a + b), \
   95:         '-': lambda a, b: (a - b), \
-  96:         '*': lambda a, b: (a * b), \
+  96:         '': lambda a, b: (a * b), \
   97:         '/': lambda a, b: (a / b), \
   98:         '%': lambda a, b: (a % b), \
   99:         '^': lambda a, b: (a ** b)}
  100:     
--------------------------------------------------------------------------------
[2.90210 s] survived
   - [#  52] CRP stack1: 
--------------------------------------------------------------------------------
   93:     stack = Stack()
   94:     ops = {'+': lambda a, b: (a + b), \
   95:         '-': lambda a, b: (a - b), \
   96:         '*': lambda a, b: (a * b), \
-  97:         '/': lambda a, b: (a / b), \
+  97:         'mutpy': lambda a, b: (a / b), \
   98:         '%': lambda a, b: (a % b), \
   99:         '^': lambda a, b: (a ** b)}
  100:     
  101:     
--------------------------------------------------------------------------------
[2.82474 s] survived
   - [#  53] CRP stack1: 
--------------------------------------------------------------------------------
   93:     stack = Stack()
   94:     ops = {'+': lambda a, b: (a + b), \
   95:         '-': lambda a, b: (a - b), \
   96:         '*': lambda a, b: (a * b), \
-  97:         '/': lambda a, b: (a / b), \
+  97:         '': lambda a, b: (a / b), \
   98:         '%': lambda a, b: (a % b), \
   99:         '^': lambda a, b: (a ** b)}
  100:     
  101:     
--------------------------------------------------------------------------------
[2.81804 s] survived
   - [#  54] CRP stack1: 
--------------------------------------------------------------------------------
   94:     ops = {'+': lambda a, b: (a + b), \
   95:         '-': lambda a, b: (a - b), \
   96:         '*': lambda a, b: (a * b), \
   97:         '/': lambda a, b: (a / b), \
-  98:         '%': lambda a, b: (a % b), \
+  98:         'mutpy': lambda a, b: (a % b), \
   99:         '^': lambda a, b: (a ** b)}
  100:     
  101:     
  102:     tokens = string.split(' ')
--------------------------------------------------------------------------------
[2.75527 s] survived
   - [#  55] CRP stack1: 
--------------------------------------------------------------------------------
   94:     ops = {'+': lambda a, b: (a + b), \
   95:         '-': lambda a, b: (a - b), \
   96:         '*': lambda a, b: (a * b), \
   97:         '/': lambda a, b: (a / b), \
-  98:         '%': lambda a, b: (a % b), \
+  98:         '': lambda a, b: (a % b), \
   99:         '^': lambda a, b: (a ** b)}
  100:     
  101:     
  102:     tokens = string.split(' ')
--------------------------------------------------------------------------------
[2.75557 s] survived
   - [#  56] CRP stack1: 
--------------------------------------------------------------------------------
   95:         '-': lambda a, b: (a - b), \
   96:         '*': lambda a, b: (a * b), \
   97:         '/': lambda a, b: (a / b), \
   98:         '%': lambda a, b: (a % b), \
-  99:         '^': lambda a, b: (a ** b)}
+  99:         'mutpy': lambda a, b: (a ** b)}
  100:     
  101:     
  102:     tokens = string.split(' ')
  103:     
--------------------------------------------------------------------------------
[2.80944 s] survived
   - [#  57] CRP stack1: 
--------------------------------------------------------------------------------
   95:         '-': lambda a, b: (a - b), \
   96:         '*': lambda a, b: (a * b), \
   97:         '/': lambda a, b: (a / b), \
   98:         '%': lambda a, b: (a % b), \
-  99:         '^': lambda a, b: (a ** b)}
+  99:         '': lambda a, b: (a ** b)}
  100:     
  101:     
  102:     tokens = string.split(' ')
  103:     
--------------------------------------------------------------------------------
[2.78830 s] survived
   - [#  58] CRP stack1: 
--------------------------------------------------------------------------------
   98:         '%': lambda a, b: (a % b), \
   99:         '^': lambda a, b: (a ** b)}
  100:     
  101:     
- 102:     tokens = string.split(' ')
+ 102:     tokens = string.split('mutpy')
  103:     
  104:     for character in tokens:
  105:         
  106:         if character in ops.keys():
--------------------------------------------------------------------------------
[2.83765 s] survived
   - [#  59] CRP stack1: 
--------------------------------------------------------------------------------
   98:         '%': lambda a, b: (a % b), \
   99:         '^': lambda a, b: (a ** b)}
  100:     
  101:     
- 102:     tokens = string.split(' ')
+ 102:     tokens = string.split('')
  103:     
  104:     for character in tokens:
  105:         
  106:         if character in ops.keys():
--------------------------------------------------------------------------------
[2.81395 s] survived
   - [#  60] CRP stack1: 
--------------------------------------------------------------------------------
  126:             except ValueError as e:
  127:                 raise e
  128:     
  129:     
- 130:     if stack.size > 1:
+ 130:     if stack.size > 2:
  131:         raise ValueError()
  132:     
  133:     return stack.pop()
--------------------------------------------------------------------------------
[2.83279 s] survived
   - [#  61] EHD stack1: 
--------------------------------------------------------------------------------
   66:                 if brackets[other] != character:
   67:                     return False
   68:             
   69:             except ValueError:
-  70:                 return False
+  70:                 raise
   71:     
   72:     if stack.size != 0:
   73:         return False
   74:     else:
--------------------------------------------------------------------------------
[6.57724 s] killed by RANDOM/test_stack1_RANDOM.py::test_case_920

def test_case_920():
        none_type_0 = None
        str_0 = 'ya\r&.-)fvwLh3O'
>       var_0 = module_0.check_parenthesis(str_0)

RANDOM/test_stack1_RANDOM.py:49023: 
_ _ _ _ _ _ _ _ _ _ _ _ _ _ _ _ _ _ _ _ _ _ _ _ _ _ _ _ _ _ _ _ _ _ _ _ _ _ _ _ 
stack1:63: in check_parenthesis
    ???
_ _ _ _ _ _ _ _ _ _ _ _ _ _ _ _ _ _ _ _ _ _ _ _ _ _ _ _ _ _ _ _ _ _ _ _ _ _ _ _ 

self = <stack1.Stack object at 0x7f6ec56fb460>

>   ???
E   ValueError

stack1:30: ValueError
   - [#  62] EXS stack1: 
--------------------------------------------------------------------------------
   66:                 if brackets[other] != character:
   67:                     return False
   68:             
   69:             except ValueError:
-  70:                 return False
+  70:                 pass
   71:     
   72:     if stack.size != 0:
   73:         return False
   74:     else:
--------------------------------------------------------------------------------
[6.51363 s] killed by RANDOM/test_stack1_RANDOM.py::test_case_920

def test_case_920():
        none_type_0 = None
        str_0 = 'ya\r&.-)fvwLh3O'
        var_0 = module_0.check_parenthesis(str_0)
>       assert var_0 is False
E       AssertionError

RANDOM/test_stack1_RANDOM.py:49024: AssertionError
   - [#  63] EXS stack1: 
--------------------------------------------------------------------------------
  114:                 stack.push(result)
  115:             
  116:             
  117:             except ValueError as e:
- 118:                 raise e
+ 118:                 pass
  119:         else:
  120:             
  121:             try:
  122:                 
--------------------------------------------------------------------------------
[2.82414 s] survived
   - [#  64] EXS stack1: 
--------------------------------------------------------------------------------
  123:                 value = int(character)
  124:                 stack.push(value)
  125:             
  126:             except ValueError as e:
- 127:                 raise e
+ 127:                 pass
  128:     
  129:     
  130:     if stack.size > 1:
  131:         raise ValueError()
--------------------------------------------------------------------------------
[2.81805 s] survived
   - [#  65] OIL stack1: 
--------------------------------------------------------------------------------
   66:                 if brackets[other] != character:
   67:                     return False
   68:             
   69:             except ValueError:
-  70:                 return False
+  70:                 return Falsebreak
   71:     
   72:     if stack.size != 0:
   73:         return False
   74:     else:
--------------------------------------------------------------------------------
[6.06927 s] killed by RANDOM/test_stack1_RANDOM.py::test_case_461

def test_case_461():
        str_0 = 'UbV2bCf,[PX\\\n`Lj\\L'
        var_0 = module_0.check_parenthesis(str_0)
>       assert var_0 is False
E       AssertionError

RANDOM/test_stack1_RANDOM.py:25502: AssertionError
   - [#  66] OIL stack1: 
--------------------------------------------------------------------------------
  123:                 value = int(character)
  124:                 stack.push(value)
  125:             
  126:             except ValueError as e:
- 127:                 raise e
+ 127:                 raise ebreak
  128:     
  129:     
  130:     if stack.size > 1:
  131:         raise ValueError()
--------------------------------------------------------------------------------
[2.77326 s] survived
   - [#  67] RIL stack1: 
--------------------------------------------------------------------------------
   51:     stack = Stack()
   52:     
   53:     brackets = {'{': '}', '[': ']', '(': ')'}
   54:     
-  55:     for character in string:
+  55:     for character in reversed(string):
   56:         
   57:         if character in brackets.keys():
   58:             stack.push(character)
   59:         
--------------------------------------------------------------------------------
[6.12123 s] incompetent

TypeError: stack1:55: TypeError: 'set' object is not reversible

   - [#  68] RIL stack1: 
--------------------------------------------------------------------------------
  100:     
  101:     
  102:     tokens = string.split(' ')
  103:     
- 104:     for character in tokens:
+ 104:     for character in reversed(tokens):
  105:         
  106:         if character in ops.keys():
  107:             try:
  108:                 
--------------------------------------------------------------------------------
[2.76108 s] survived
   - [#  69] ROR stack1: 
--------------------------------------------------------------------------------
   62:             try:
   63:                 other = stack.pop()
   64:                 
   65:                 
-  66:                 if brackets[other] != character:
+  66:                 if brackets[other] == character:
   67:                     return False
   68:             
   69:             except ValueError:
   70:                 return False
--------------------------------------------------------------------------------
[2.80376 s] survived
   - [#  70] ROR stack1: 
--------------------------------------------------------------------------------
   68:             
   69:             except ValueError:
   70:                 return False
   71:     
-  72:     if stack.size != 0:
+  72:     if stack.size == 0:
   73:         return False
   74:     else:
   75:         
   76:         return True
--------------------------------------------------------------------------------
[5.59559 s] killed by RANDOM/test_stack1_RANDOM.py::test_case_88

def test_case_88():
        float_0 = 712.593
        dict_0 = {float_0: float_0, float_0: float_0}
        var_0 = module_0.check_parenthesis(dict_0)
>       assert var_0 is True
E       AssertionError

RANDOM/test_stack1_RANDOM.py:4268: AssertionError
   - [#  71] ROR stack1: 
--------------------------------------------------------------------------------
  126:             except ValueError as e:
  127:                 raise e
  128:     
  129:     
- 130:     if stack.size > 1:
+ 130:     if stack.size < 1:
  131:         raise ValueError()
  132:     
  133:     return stack.pop()
--------------------------------------------------------------------------------
[2.78292 s] survived
   - [#  72] ROR stack1: 
--------------------------------------------------------------------------------
  126:             except ValueError as e:
  127:                 raise e
  128:     
  129:     
- 130:     if stack.size > 1:
+ 130:     if stack.size >= 1:
  131:         raise ValueError()
  132:     
  133:     return stack.pop()
--------------------------------------------------------------------------------
[2.67718 s] survived
   - [#  73] SDI stack1: 
--------------------------------------------------------------------------------
    3:     thomas moll 2015
    4: '''
    5: 
    6: class Stack(object):
-   7:     def __init__(self):
-   8:         self.size = 0
-   9:         self.top = None
-  10:     
+   7:     @staticmethod
+   8:     def __init__(self):
+   9:         self.size = 0
+  10:         self.top = None
   11:     def __len__(self):
   12:         return self.size
   13:     
   14:     def push(self, item):
--------------------------------------------------------------------------------
[5.69061 s] incompetent

TypeError: /home/auri/temp/lucca/python_experiments/stack1/RANDOM/test_stack1_RANDOM.py:7: TypeError: Stack.__init__() missing 1 required positional argument: 'self'

   - [#  74] SDI stack1: 
--------------------------------------------------------------------------------
    7:     def __init__(self):
    8:         self.size = 0
    9:         self.top = None
   10:     
-  11:     def __len__(self):
-  12:         return self.size
-  13:     
+  11:     @staticmethod
+  12:     def __len__(self):
+  13:         return self.size
   14:     def push(self, item):
   15:         if self.top is None:
   16:             self.top = StackNode(item)
   17:         else:
--------------------------------------------------------------------------------
[5.81409 s] incompetent

TypeError: /home/auri/temp/lucca/python_experiments/stack1/RANDOM/test_stack1_RANDOM.py:8: TypeError: Stack.__len__() missing 1 required positional argument: 'self'

   - [#  75] SDI stack1: 
--------------------------------------------------------------------------------
   10:     
   11:     def __len__(self):
   12:         return self.size
   13:     
-  14:     def push(self, item):
-  15:         if self.top is None:
-  16:             self.top = StackNode(item)
-  17:         else:
-  18:             
-  19:             item1 = self.top
-  20:             item2 = StackNode(item)
-  21:             
+  14:     @staticmethod
+  15:     def push(self, item):
+  16:         if self.top is None:
+  17:             self.top = StackNode(item)
+  18:         else:
+  19:             
+  20:             item1 = self.top
+  21:             item2 = StackNode(item)
   22:             
-  23:             self.top = item2
-  24:             item2.next = item1
-  25:         
-  26:         self.size += 1
-  27:     
+  23:             
+  24:             self.top = item2
+  25:             item2.next = item1
+  26:         
+  27:         self.size += 1
   28:     def pop(self):
   29:         if self.top is None:
   30:             raise ValueError()
   31:         else:
--------------------------------------------------------------------------------
[5.76923 s] incompetent

TypeError: /home/auri/temp/lucca/python_experiments/stack1/RANDOM/test_stack1_RANDOM.py:147: TypeError: Stack.push() missing 1 required positional argument: 'item'

   - [#  76] SDI stack1: 
--------------------------------------------------------------------------------
   24:             item2.next = item1
   25:         
   26:         self.size += 1
   27:     
-  28:     def pop(self):
-  29:         if self.top is None:
-  30:             raise ValueError()
-  31:         else:
-  32:             top_data = self.top.data
-  33:             
-  34:             self.top = self.top.next
-  35:             self.size -= 1
-  36:             return top_data
-  37:     
+  28:     @staticmethod
+  29:     def pop(self):
+  30:         if self.top is None:
+  31:             raise ValueError()
+  32:         else:
+  33:             top_data = self.top.data
+  34:             
+  35:             self.top = self.top.next
+  36:             self.size -= 1
+  37:             return top_data
   38:     def peek(self):
   39:         if self.top is None:
   40:             raise ValueError()
   41:         else:
--------------------------------------------------------------------------------
[5.75141 s] incompetent

TypeError: /home/auri/temp/lucca/python_experiments/stack1/RANDOM/test_stack1_RANDOM.py:8274: TypeError: Stack.pop() missing 1 required positional argument: 'self'

   - [#  77] SDI stack1: 
--------------------------------------------------------------------------------
   34:             self.top = self.top.next
   35:             self.size -= 1
   36:             return top_data
   37:     
-  38:     def peek(self):
-  39:         if self.top is None:
-  40:             raise ValueError()
-  41:         else:
-  42:             return self.top.data
-  43: 
+  38:     @staticmethod
+  39:     def peek(self):
+  40:         if self.top is None:
+  41:             raise ValueError()
+  42:         else:
+  43:             return self.top.data
   44: class StackNode(object):
   45:     ''' Look familiar? '''
   46:     def __init__(self, item):
   47:         self.data = item
--------------------------------------------------------------------------------
[5.85488 s] incompetent

TypeError: /home/auri/temp/lucca/python_experiments/stack1/RANDOM/test_stack1_RANDOM.py:7365: TypeError: Stack.peek() missing 1 required positional argument: 'self'

   - [#  78] SDI stack1: 
--------------------------------------------------------------------------------
   42:             return self.top.data
   43: 
   44: class StackNode(object):
   45:     ''' Look familiar? '''
-  46:     def __init__(self, item):
-  47:         self.data = item
-  48:         self.next = None
-  49: 
+  46:     @staticmethod
+  47:     def __init__(self, item):
+  48:         self.data = item
+  49:         self.next = None
   50: def check_parenthesis(string):
   51:     stack = Stack()
   52:     
   53:     brackets = {'{': '}', '[': ']', '(': ')'}
--------------------------------------------------------------------------------
[5.64711 s] incompetent

TypeError: /home/auri/temp/lucca/python_experiments/stack1/RANDOM/test_stack1_RANDOM.py:23: TypeError: StackNode.__init__() missing 1 required positional argument: 'item'

   - [#  79] SDL stack1: 
--------------------------------------------------------------------------------
    4: '''
    5: 
    6: class Stack(object):
    7:     def __init__(self):
-   8:         self.size = 0
+   8:         pass
    9:         self.top = None
   10:     
   11:     def __len__(self):
   12:         return self.size
--------------------------------------------------------------------------------
[5.67042 s] killed by RANDOM/test_stack1_RANDOM.py::test_case_0

def test_case_0():
        stack_0 = module_0.Stack()
>       assert len(stack_0) == 0

RANDOM/test_stack1_RANDOM.py:8: 
_ _ _ _ _ _ _ _ _ _ _ _ _ _ _ _ _ _ _ _ _ _ _ _ _ _ _ _ _ _ _ _ _ _ _ _ _ _ _ _ 

self = <stack1.Stack object at 0x7f6ec6ee1480>

>   ???
E   AttributeError: 'Stack' object has no attribute 'size'

stack1:12: AttributeError
   - [#  80] SDL stack1: 
--------------------------------------------------------------------------------
    5: 
    6: class Stack(object):
    7:     def __init__(self):
    8:         self.size = 0
-   9:         self.top = None
+   9:         pass
   10:     
   11:     def __len__(self):
   12:         return self.size
   13:     
--------------------------------------------------------------------------------
[5.56345 s] killed by RANDOM/test_stack1_RANDOM.py::test_case_7

def test_case_7():
        stack_0 = module_0.Stack()
        assert len(stack_0) == 0
        var_0 = stack_0.__len__()
        assert var_0 == 0
        stack_1 = module_0.Stack()
        assert len(stack_1) == 0
        stack_node_0 = module_0.StackNode(var_0)
        assert stack_node_0.data == 0
        stack_2 = module_0.Stack()
        assert len(stack_2) == 0
        stack_3 = module_0.Stack()
        assert len(stack_3) == 0
        stack_4 = module_0.Stack()
        assert len(stack_4) == 0
        var_1 = stack_4.__len__()
        assert var_1 == 0
        stack_5 = module_0.Stack()
        assert len(stack_5) == 0
        var_2 = stack_5.__len__()
        assert var_2 == 0
        stack_6 = module_0.Stack()
        assert len(stack_6) == 0
        stack_node_1 = module_0.StackNode(var_2)
        assert stack_node_1.data == 0
        stack_7 = module_0.Stack()
        assert len(stack_7) == 0
>       var_3 = stack_1.push(stack_node_0)

RANDOM/test_stack1_RANDOM.py:147: 
_ _ _ _ _ _ _ _ _ _ _ _ _ _ _ _ _ _ _ _ _ _ _ _ _ _ _ _ _ _ _ _ _ _ _ _ _ _ _ _ 

self = <stack1.Stack object at 0x7f6ec5b29870>
item = <stack1.StackNode object at 0x7f6ec5b28e80>

>   ???
E   AttributeError: 'Stack' object has no attribute 'top'. Did you mean: 'pop'?

stack1:15: AttributeError
   - [#  81] SDL stack1: 
--------------------------------------------------------------------------------
    8:         self.size = 0
    9:         self.top = None
   10:     
   11:     def __len__(self):
-  12:         return self.size
+  12:         pass
   13:     
   14:     def push(self, item):
   15:         if self.top is None:
   16:             self.top = StackNode(item)
--------------------------------------------------------------------------------
[5.70031 s] incompetent

TypeError: /home/auri/temp/lucca/python_experiments/stack1/RANDOM/test_stack1_RANDOM.py:8: TypeError: 'NoneType' object cannot be interpreted as an integer

   - [#  82] SDL stack1: 
--------------------------------------------------------------------------------
   12:         return self.size
   13:     
   14:     def push(self, item):
   15:         if self.top is None:
-  16:             self.top = StackNode(item)
+  16:             pass
   17:         else:
   18:             
   19:             item1 = self.top
   20:             item2 = StackNode(item)
--------------------------------------------------------------------------------
[5.91470 s] killed by RANDOM/test_stack1_RANDOM.py::test_case_139

def test_case_139():
        stack_0 = module_0.Stack()
        assert len(stack_0) == 0
        var_0 = stack_0.__len__()
        assert var_0 == 0
        stack_1 = module_0.Stack()
        assert len(stack_1) == 0
        stack_node_0 = module_0.StackNode(var_0)
        assert stack_node_0.data == 0
        stack_2 = module_0.Stack()
        assert len(stack_2) == 0
        stack_node_1 = module_0.StackNode(stack_1)
        assert len(stack_node_1.data) == 0
        stack_3 = module_0.Stack()
        assert len(stack_3) == 0
        var_1 = stack_3.__len__()
        assert var_1 == 0
        stack_4 = module_0.Stack()
        assert len(stack_4) == 0
        stack_node_2 = module_0.StackNode(var_1)
        assert stack_node_2.data == 0
        stack_5 = module_0.Stack()
        assert len(stack_5) == 0
        stack_6 = module_0.Stack()
        assert len(stack_6) == 0
        stack_7 = module_0.Stack()
        assert len(stack_7) == 0
        var_2 = stack_7.__len__()
        assert var_2 == 0
        stack_8 = module_0.Stack()
        assert len(stack_8) == 0
        stack_node_3 = module_0.StackNode(var_2)
        assert stack_node_3.data == 0
        stack_9 = module_0.Stack()
        assert len(stack_9) == 0
        stack_node_4 = module_0.StackNode(stack_7)
        assert len(stack_node_4.data) == 0
        stack_10 = module_0.Stack()
        assert len(stack_10) == 0
        var_3 = stack_10.__len__()
        assert var_3 == 0
        stack_11 = module_0.Stack()
        assert len(stack_11) == 0
        stack_node_5 = module_0.StackNode(var_3)
        assert stack_node_5.data == 0
        stack_node_6 = module_0.StackNode(stack_node_5)
        stack_node_7 = module_0.StackNode(stack_node_5)
        stack_12 = module_0.Stack()
        assert len(stack_12) == 0
        var_4 = stack_12.__len__()
        assert var_4 == 0
        stack_13 = module_0.Stack()
        assert len(stack_13) == 0
        stack_node_8 = module_0.StackNode(var_4)
        assert stack_node_8.data == 0
        stack_node_9 = module_0.StackNode(stack_node_8)
        stack_node_10 = module_0.StackNode(stack_node_8)
        stack_node_11 = module_0.StackNode(stack_12)
        assert len(stack_node_11.data) == 0
        var_5 = stack_13.__len__()
        assert var_5 == 0
        stack_14 = module_0.Stack()
        assert len(stack_14) == 0
        var_6 = stack_14.__len__()
        assert var_6 == 0
        stack_15 = module_0.Stack()
        assert len(stack_15) == 0
        stack_node_12 = module_0.StackNode(var_6)
        assert stack_node_12.data == 0
        stack_node_13 = module_0.StackNode(stack_node_12)
        stack_node_14 = module_0.StackNode(stack_node_12)
        stack_node_15 = module_0.StackNode(stack_14)
        assert len(stack_node_15.data) == 0
        var_7 = stack_15.__len__()
        assert var_7 == 0
        var_8 = stack_14.push(stack_node_14)
        assert len(stack_14) == 1
        assert len(stack_node_15.data) == 1
        stack_16 = module_0.Stack()
        assert len(stack_16) == 0
>       var_9 = stack_14.peek()

RANDOM/test_stack1_RANDOM.py:7365: 
_ _ _ _ _ _ _ _ _ _ _ _ _ _ _ _ _ _ _ _ _ _ _ _ _ _ _ _ _ _ _ _ _ _ _ _ _ _ _ _ 

self = <stack1.Stack object at 0x7f6ec5d36680>

>   ???
E   ValueError

stack1:40: ValueError
   - [#  83] SDL stack1: 
--------------------------------------------------------------------------------
   15:         if self.top is None:
   16:             self.top = StackNode(item)
   17:         else:
   18:             
-  19:             item1 = self.top
+  19:             pass
   20:             item2 = StackNode(item)
   21:             
   22:             
   23:             self.top = item2
--------------------------------------------------------------------------------
[6.01042 s] killed by RANDOM/test_stack1_RANDOM.py::test_case_292

def test_case_292():
        bool_0 = False
        stack_node_0 = module_0.StackNode(bool_0)
        none_type_0 = None
        stack_node_1 = module_0.StackNode(none_type_0)
        stack_0 = module_0.Stack()
        assert len(stack_0) == 0
        var_0 = stack_0.__len__()
        assert var_0 == 0
        float_0 = 712.593
        dict_0 = {float_0: float_0, float_0: float_0}
        var_1 = module_0.check_parenthesis(dict_0)
        assert var_1 is True
        var_2 = stack_0.__len__()
        assert var_2 == 0
        none_type_1 = None
        stack_node_2 = module_0.StackNode(none_type_1)
        stack_1 = module_0.Stack()
        assert len(stack_1) == 0
        var_3 = stack_1.__len__()
        assert var_3 == 0
        stack_2 = module_0.Stack()
        assert len(stack_2) == 0
        var_4 = stack_2.__len__()
        assert var_4 == 0
        stack_3 = module_0.Stack()
        assert len(stack_3) == 0
        stack_4 = module_0.Stack()
        assert len(stack_4) == 0
        bool_1 = False
        stack_node_3 = module_0.StackNode(bool_1)
        stack_node_4 = module_0.StackNode(bool_1)
        none_type_2 = None
        stack_5 = module_0.Stack()
        assert len(stack_5) == 0
        var_5 = stack_5.push(none_type_2)
        assert len(stack_5) == 1
        stack_node_5 = module_0.StackNode(var_5)
>       var_6 = stack_5.push(stack_5)

RANDOM/test_stack1_RANDOM.py:16315: 
_ _ _ _ _ _ _ _ _ _ _ _ _ _ _ _ _ _ _ _ _ _ _ _ _ _ _ _ _ _ _ _ _ _ _ _ _ _ _ _ 

self = <stack1.Stack object at 0x7f6ec5d34df0>
item = <stack1.Stack object at 0x7f6ec5d34df0>

>   ???
E   NameError: name 'item1' is not defined

stack1:24: NameError
   - [#  84] SDL stack1: 
--------------------------------------------------------------------------------
   16:             self.top = StackNode(item)
   17:         else:
   18:             
   19:             item1 = self.top
-  20:             item2 = StackNode(item)
+  20:             pass
   21:             
   22:             
   23:             self.top = item2
   24:             item2.next = item1
--------------------------------------------------------------------------------
[5.93416 s] killed by RANDOM/test_stack1_RANDOM.py::test_case_292

def test_case_292():
        bool_0 = False
        stack_node_0 = module_0.StackNode(bool_0)
        none_type_0 = None
        stack_node_1 = module_0.StackNode(none_type_0)
        stack_0 = module_0.Stack()
        assert len(stack_0) == 0
        var_0 = stack_0.__len__()
        assert var_0 == 0
        float_0 = 712.593
        dict_0 = {float_0: float_0, float_0: float_0}
        var_1 = module_0.check_parenthesis(dict_0)
        assert var_1 is True
        var_2 = stack_0.__len__()
        assert var_2 == 0
        none_type_1 = None
        stack_node_2 = module_0.StackNode(none_type_1)
        stack_1 = module_0.Stack()
        assert len(stack_1) == 0
        var_3 = stack_1.__len__()
        assert var_3 == 0
        stack_2 = module_0.Stack()
        assert len(stack_2) == 0
        var_4 = stack_2.__len__()
        assert var_4 == 0
        stack_3 = module_0.Stack()
        assert len(stack_3) == 0
        stack_4 = module_0.Stack()
        assert len(stack_4) == 0
        bool_1 = False
        stack_node_3 = module_0.StackNode(bool_1)
        stack_node_4 = module_0.StackNode(bool_1)
        none_type_2 = None
        stack_5 = module_0.Stack()
        assert len(stack_5) == 0
        var_5 = stack_5.push(none_type_2)
        assert len(stack_5) == 1
        stack_node_5 = module_0.StackNode(var_5)
>       var_6 = stack_5.push(stack_5)

RANDOM/test_stack1_RANDOM.py:16315: 
_ _ _ _ _ _ _ _ _ _ _ _ _ _ _ _ _ _ _ _ _ _ _ _ _ _ _ _ _ _ _ _ _ _ _ _ _ _ _ _ 

self = <stack1.Stack object at 0x7f6ec5d346d0>
item = <stack1.Stack object at 0x7f6ec5d346d0>

>   ???
E   NameError: name 'item2' is not defined

stack1:23: NameError
   - [#  85] SDL stack1: 
--------------------------------------------------------------------------------
   19:             item1 = self.top
   20:             item2 = StackNode(item)
   21:             
   22:             
-  23:             self.top = item2
+  23:             pass
   24:             item2.next = item1
   25:         
   26:         self.size += 1
   27:     
--------------------------------------------------------------------------------
[6.37597 s] killed by RANDOM/test_stack1_RANDOM.py::test_case_784

def test_case_784():
        int_0 = 2594
        stack_node_0 = module_0.StackNode(int_0)
        none_type_0 = None
        stack_0 = module_0.Stack()
        assert len(stack_0) == 0
        var_0 = stack_0.push(none_type_0)
        assert len(stack_0) == 1
        var_1 = stack_0.push(stack_0)
        assert len(stack_0) == 2
        var_2 = stack_0.peek()
>       assert f'{type(var_2).__module__}.{type(var_2).__qualname__}' == 'stack1.Stack'
E       AssertionError

RANDOM/test_stack1_RANDOM.py:41792: AssertionError
   - [#  86] SDL stack1: 
--------------------------------------------------------------------------------
   20:             item2 = StackNode(item)
   21:             
   22:             
   23:             self.top = item2
-  24:             item2.next = item1
+  24:             pass
   25:         
   26:         self.size += 1
   27:     
   28:     def pop(self):
--------------------------------------------------------------------------------
[2.77489 s] survived
   - [#  87] SDL stack1: 
--------------------------------------------------------------------------------
   28:     def pop(self):
   29:         if self.top is None:
   30:             raise ValueError()
   31:         else:
-  32:             top_data = self.top.data
+  32:             pass
   33:             
   34:             self.top = self.top.next
   35:             self.size -= 1
   36:             return top_data
--------------------------------------------------------------------------------
[5.72157 s] killed by RANDOM/test_stack1_RANDOM.py::test_case_153

def test_case_153():
        stack_0 = module_0.Stack()
        assert len(stack_0) == 0
        var_0 = stack_0.__len__()
        assert var_0 == 0
        stack_1 = module_0.Stack()
        assert len(stack_1) == 0
        stack_node_0 = module_0.StackNode(var_0)
        assert stack_node_0.data == 0
        stack_node_1 = module_0.StackNode(stack_node_0)
        stack_node_2 = module_0.StackNode(stack_1)
        assert len(stack_node_2.data) == 0
        stack_2 = module_0.Stack()
        assert len(stack_2) == 0
        var_1 = stack_2.__len__()
        assert var_1 == 0
        stack_3 = module_0.Stack()
        assert len(stack_3) == 0
        stack_node_3 = module_0.StackNode(var_1)
        assert stack_node_3.data == 0
        stack_node_4 = module_0.StackNode(stack_node_3)
        stack_node_5 = module_0.StackNode(stack_node_3)
        stack_node_6 = module_0.StackNode(stack_2)
        assert len(stack_node_6.data) == 0
        var_2 = stack_3.__len__()
        assert var_2 == 0
        complex_0 = -3711.3 - 806.2j
        stack_node_7 = module_0.StackNode(complex_0)
        stack_4 = module_0.Stack()
        assert len(stack_4) == 0
        var_3 = stack_4.__len__()
        assert var_3 == 0
        stack_5 = module_0.Stack()
        assert len(stack_5) == 0
        stack_node_8 = module_0.StackNode(var_3)
        assert stack_node_8.data == 0
        stack_node_9 = module_0.StackNode(stack_node_8)
        stack_node_10 = module_0.StackNode(stack_node_8)
        stack_6 = module_0.Stack()
        assert len(stack_6) == 0
        var_4 = stack_6.__len__()
        assert var_4 == 0
        stack_7 = module_0.Stack()
        assert len(stack_7) == 0
        stack_node_11 = module_0.StackNode(var_4)
        assert stack_node_11.data == 0
        stack_node_12 = module_0.StackNode(stack_node_11)
        stack_node_13 = module_0.StackNode(stack_node_11)
        stack_node_14 = module_0.StackNode(stack_6)
        assert len(stack_node_14.data) == 0
        var_5 = stack_7.__len__()
        assert var_5 == 0
        var_6 = stack_6.push(stack_node_13)
        assert len(stack_6) == 1
        assert len(stack_node_14.data) == 1
>       var_7 = stack_6.pop()

RANDOM/test_stack1_RANDOM.py:8274: 
_ _ _ _ _ _ _ _ _ _ _ _ _ _ _ _ _ _ _ _ _ _ _ _ _ _ _ _ _ _ _ _ _ _ _ _ _ _ _ _ 

self = <stack1.Stack object at 0x7f6ec81a0400>

>   ???
E   NameError: name 'top_data' is not defined

stack1:36: NameError
   - [#  88] SDL stack1: 
--------------------------------------------------------------------------------
   30:             raise ValueError()
   31:         else:
   32:             top_data = self.top.data
   33:             
-  34:             self.top = self.top.next
+  34:             pass
   35:             self.size -= 1
   36:             return top_data
   37:     
   38:     def peek(self):
--------------------------------------------------------------------------------
[2.74740 s] survived
   - [#  89] SDL stack1: 
--------------------------------------------------------------------------------
   32:             top_data = self.top.data
   33:             
   34:             self.top = self.top.next
   35:             self.size -= 1
-  36:             return top_data
+  36:             pass
   37:     
   38:     def peek(self):
   39:         if self.top is None:
   40:             raise ValueError()
--------------------------------------------------------------------------------
[5.68158 s] killed by RANDOM/test_stack1_RANDOM.py::test_case_153

def test_case_153():
        stack_0 = module_0.Stack()
        assert len(stack_0) == 0
        var_0 = stack_0.__len__()
        assert var_0 == 0
        stack_1 = module_0.Stack()
        assert len(stack_1) == 0
        stack_node_0 = module_0.StackNode(var_0)
        assert stack_node_0.data == 0
        stack_node_1 = module_0.StackNode(stack_node_0)
        stack_node_2 = module_0.StackNode(stack_1)
        assert len(stack_node_2.data) == 0
        stack_2 = module_0.Stack()
        assert len(stack_2) == 0
        var_1 = stack_2.__len__()
        assert var_1 == 0
        stack_3 = module_0.Stack()
        assert len(stack_3) == 0
        stack_node_3 = module_0.StackNode(var_1)
        assert stack_node_3.data == 0
        stack_node_4 = module_0.StackNode(stack_node_3)
        stack_node_5 = module_0.StackNode(stack_node_3)
        stack_node_6 = module_0.StackNode(stack_2)
        assert len(stack_node_6.data) == 0
        var_2 = stack_3.__len__()
        assert var_2 == 0
        complex_0 = -3711.3 - 806.2j
        stack_node_7 = module_0.StackNode(complex_0)
        stack_4 = module_0.Stack()
        assert len(stack_4) == 0
        var_3 = stack_4.__len__()
        assert var_3 == 0
        stack_5 = module_0.Stack()
        assert len(stack_5) == 0
        stack_node_8 = module_0.StackNode(var_3)
        assert stack_node_8.data == 0
        stack_node_9 = module_0.StackNode(stack_node_8)
        stack_node_10 = module_0.StackNode(stack_node_8)
        stack_6 = module_0.Stack()
        assert len(stack_6) == 0
        var_4 = stack_6.__len__()
        assert var_4 == 0
        stack_7 = module_0.Stack()
        assert len(stack_7) == 0
        stack_node_11 = module_0.StackNode(var_4)
        assert stack_node_11.data == 0
        stack_node_12 = module_0.StackNode(stack_node_11)
        stack_node_13 = module_0.StackNode(stack_node_11)
        stack_node_14 = module_0.StackNode(stack_6)
        assert len(stack_node_14.data) == 0
        var_5 = stack_7.__len__()
        assert var_5 == 0
        var_6 = stack_6.push(stack_node_13)
        assert len(stack_6) == 1
        assert len(stack_node_14.data) == 1
        var_7 = stack_6.pop()
        assert len(stack_6) == 0
        assert len(stack_node_14.data) == 0
>       assert f'{type(var_7).__module__}.{type(var_7).__qualname__}' == 'stack1.StackNode'
E       AssertionError

RANDOM/test_stack1_RANDOM.py:8277: AssertionError
   - [#  90] SDL stack1: 
--------------------------------------------------------------------------------
   38:     def peek(self):
   39:         if self.top is None:
   40:             raise ValueError()
   41:         else:
-  42:             return self.top.data
+  42:             pass
   43: 
   44: class StackNode(object):
   45:     ''' Look familiar? '''
   46:     def __init__(self, item):
--------------------------------------------------------------------------------
[5.62019 s] killed by RANDOM/test_stack1_RANDOM.py::test_case_139

def test_case_139():
        stack_0 = module_0.Stack()
        assert len(stack_0) == 0
        var_0 = stack_0.__len__()
        assert var_0 == 0
        stack_1 = module_0.Stack()
        assert len(stack_1) == 0
        stack_node_0 = module_0.StackNode(var_0)
        assert stack_node_0.data == 0
        stack_2 = module_0.Stack()
        assert len(stack_2) == 0
        stack_node_1 = module_0.StackNode(stack_1)
        assert len(stack_node_1.data) == 0
        stack_3 = module_0.Stack()
        assert len(stack_3) == 0
        var_1 = stack_3.__len__()
        assert var_1 == 0
        stack_4 = module_0.Stack()
        assert len(stack_4) == 0
        stack_node_2 = module_0.StackNode(var_1)
        assert stack_node_2.data == 0
        stack_5 = module_0.Stack()
        assert len(stack_5) == 0
        stack_6 = module_0.Stack()
        assert len(stack_6) == 0
        stack_7 = module_0.Stack()
        assert len(stack_7) == 0
        var_2 = stack_7.__len__()
        assert var_2 == 0
        stack_8 = module_0.Stack()
        assert len(stack_8) == 0
        stack_node_3 = module_0.StackNode(var_2)
        assert stack_node_3.data == 0
        stack_9 = module_0.Stack()
        assert len(stack_9) == 0
        stack_node_4 = module_0.StackNode(stack_7)
        assert len(stack_node_4.data) == 0
        stack_10 = module_0.Stack()
        assert len(stack_10) == 0
        var_3 = stack_10.__len__()
        assert var_3 == 0
        stack_11 = module_0.Stack()
        assert len(stack_11) == 0
        stack_node_5 = module_0.StackNode(var_3)
        assert stack_node_5.data == 0
        stack_node_6 = module_0.StackNode(stack_node_5)
        stack_node_7 = module_0.StackNode(stack_node_5)
        stack_12 = module_0.Stack()
        assert len(stack_12) == 0
        var_4 = stack_12.__len__()
        assert var_4 == 0
        stack_13 = module_0.Stack()
        assert len(stack_13) == 0
        stack_node_8 = module_0.StackNode(var_4)
        assert stack_node_8.data == 0
        stack_node_9 = module_0.StackNode(stack_node_8)
        stack_node_10 = module_0.StackNode(stack_node_8)
        stack_node_11 = module_0.StackNode(stack_12)
        assert len(stack_node_11.data) == 0
        var_5 = stack_13.__len__()
        assert var_5 == 0
        stack_14 = module_0.Stack()
        assert len(stack_14) == 0
        var_6 = stack_14.__len__()
        assert var_6 == 0
        stack_15 = module_0.Stack()
        assert len(stack_15) == 0
        stack_node_12 = module_0.StackNode(var_6)
        assert stack_node_12.data == 0
        stack_node_13 = module_0.StackNode(stack_node_12)
        stack_node_14 = module_0.StackNode(stack_node_12)
        stack_node_15 = module_0.StackNode(stack_14)
        assert len(stack_node_15.data) == 0
        var_7 = stack_15.__len__()
        assert var_7 == 0
        var_8 = stack_14.push(stack_node_14)
        assert len(stack_14) == 1
        assert len(stack_node_15.data) == 1
        stack_16 = module_0.Stack()
        assert len(stack_16) == 0
        var_9 = stack_14.peek()
>       assert f'{type(var_9).__module__}.{type(var_9).__qualname__}' == 'stack1.StackNode'
E       AssertionError

RANDOM/test_stack1_RANDOM.py:7366: AssertionError
   - [#  91] SDL stack1: 
--------------------------------------------------------------------------------
   43: 
   44: class StackNode(object):
   45:     ''' Look familiar? '''
   46:     def __init__(self, item):
-  47:         self.data = item
+  47:         pass
   48:         self.next = None
   49: 
   50: def check_parenthesis(string):
   51:     stack = Stack()
--------------------------------------------------------------------------------
[5.47324 s] killed by RANDOM/test_stack1_RANDOM.py::test_case_2

def test_case_2():
        stack_0 = module_0.Stack()
        assert len(stack_0) == 0
        var_0 = stack_0.__len__()
        assert var_0 == 0
        stack_1 = module_0.Stack()
        assert len(stack_1) == 0
        stack_node_0 = module_0.StackNode(var_0)
>       assert stack_node_0.data == 0
E       AttributeError: 'StackNode' object has no attribute 'data'

RANDOM/test_stack1_RANDOM.py:24: AttributeError
   - [#  92] SDL stack1: 
--------------------------------------------------------------------------------
   44: class StackNode(object):
   45:     ''' Look familiar? '''
   46:     def __init__(self, item):
   47:         self.data = item
-  48:         self.next = None
+  48:         pass
   49: 
   50: def check_parenthesis(string):
   51:     stack = Stack()
   52:     
--------------------------------------------------------------------------------
[6.16187 s] killed by RANDOM/test_stack1_RANDOM.py::test_case_139

def test_case_139():
        stack_0 = module_0.Stack()
        assert len(stack_0) == 0
        var_0 = stack_0.__len__()
        assert var_0 == 0
        stack_1 = module_0.Stack()
        assert len(stack_1) == 0
        stack_node_0 = module_0.StackNode(var_0)
        assert stack_node_0.data == 0
        stack_2 = module_0.Stack()
        assert len(stack_2) == 0
        stack_node_1 = module_0.StackNode(stack_1)
        assert len(stack_node_1.data) == 0
        stack_3 = module_0.Stack()
        assert len(stack_3) == 0
        var_1 = stack_3.__len__()
        assert var_1 == 0
        stack_4 = module_0.Stack()
        assert len(stack_4) == 0
        stack_node_2 = module_0.StackNode(var_1)
        assert stack_node_2.data == 0
        stack_5 = module_0.Stack()
        assert len(stack_5) == 0
        stack_6 = module_0.Stack()
        assert len(stack_6) == 0
        stack_7 = module_0.Stack()
        assert len(stack_7) == 0
        var_2 = stack_7.__len__()
        assert var_2 == 0
        stack_8 = module_0.Stack()
        assert len(stack_8) == 0
        stack_node_3 = module_0.StackNode(var_2)
        assert stack_node_3.data == 0
        stack_9 = module_0.Stack()
        assert len(stack_9) == 0
        stack_node_4 = module_0.StackNode(stack_7)
        assert len(stack_node_4.data) == 0
        stack_10 = module_0.Stack()
        assert len(stack_10) == 0
        var_3 = stack_10.__len__()
        assert var_3 == 0
        stack_11 = module_0.Stack()
        assert len(stack_11) == 0
        stack_node_5 = module_0.StackNode(var_3)
        assert stack_node_5.data == 0
        stack_node_6 = module_0.StackNode(stack_node_5)
        stack_node_7 = module_0.StackNode(stack_node_5)
        stack_12 = module_0.Stack()
        assert len(stack_12) == 0
        var_4 = stack_12.__len__()
        assert var_4 == 0
        stack_13 = module_0.Stack()
        assert len(stack_13) == 0
        stack_node_8 = module_0.StackNode(var_4)
        assert stack_node_8.data == 0
        stack_node_9 = module_0.StackNode(stack_node_8)
        stack_node_10 = module_0.StackNode(stack_node_8)
        stack_node_11 = module_0.StackNode(stack_12)
        assert len(stack_node_11.data) == 0
        var_5 = stack_13.__len__()
        assert var_5 == 0
        stack_14 = module_0.Stack()
        assert len(stack_14) == 0
        var_6 = stack_14.__len__()
        assert var_6 == 0
        stack_15 = module_0.Stack()
        assert len(stack_15) == 0
        stack_node_12 = module_0.StackNode(var_6)
        assert stack_node_12.data == 0
        stack_node_13 = module_0.StackNode(stack_node_12)
        stack_node_14 = module_0.StackNode(stack_node_12)
        stack_node_15 = module_0.StackNode(stack_14)
        assert len(stack_node_15.data) == 0
        var_7 = stack_15.__len__()
        assert var_7 == 0
        var_8 = stack_14.push(stack_node_14)
        assert len(stack_14) == 1
        assert len(stack_node_15.data) == 1
        stack_16 = module_0.Stack()
        assert len(stack_16) == 0
        var_9 = stack_14.peek()
        assert f'{type(var_9).__module__}.{type(var_9).__qualname__}' == 'stack1.StackNode'
        assert f'{type(var_9.data).__module__}.{type(var_9.data).__qualname__}' == 'stack1.StackNode'
>       assert var_9.next is None
E       AttributeError: 'StackNode' object has no attribute 'next'

RANDOM/test_stack1_RANDOM.py:7368: AttributeError
   - [#  93] SDL stack1: 
--------------------------------------------------------------------------------
   47:         self.data = item
   48:         self.next = None
   49: 
   50: def check_parenthesis(string):
-  51:     stack = Stack()
+  51:     pass
   52:     
   53:     brackets = {'{': '}', '[': ']', '(': ')'}
   54:     
   55:     for character in string:
--------------------------------------------------------------------------------
[5.82978 s] killed by RANDOM/test_stack1_RANDOM.py::test_case_88

def test_case_88():
        float_0 = 712.593
        dict_0 = {float_0: float_0, float_0: float_0}
>       var_0 = module_0.check_parenthesis(dict_0)

RANDOM/test_stack1_RANDOM.py:4267: 
_ _ _ _ _ _ _ _ _ _ _ _ _ _ _ _ _ _ _ _ _ _ _ _ _ _ _ _ _ _ _ _ _ _ _ _ _ _ _ _ 

string = {712.593: 712.593}

>   ???
E   NameError: name 'stack' is not defined

stack1:72: NameError
   - [#  94] SDL stack1: 
--------------------------------------------------------------------------------
   49: 
   50: def check_parenthesis(string):
   51:     stack = Stack()
   52:     
-  53:     brackets = {'{': '}', '[': ']', '(': ')'}
+  53:     pass
   54:     
   55:     for character in string:
   56:         
   57:         if character in brackets.keys():
--------------------------------------------------------------------------------
[5.75176 s] killed by RANDOM/test_stack1_RANDOM.py::test_case_88

def test_case_88():
        float_0 = 712.593
        dict_0 = {float_0: float_0, float_0: float_0}
>       var_0 = module_0.check_parenthesis(dict_0)

RANDOM/test_stack1_RANDOM.py:4267: 
_ _ _ _ _ _ _ _ _ _ _ _ _ _ _ _ _ _ _ _ _ _ _ _ _ _ _ _ _ _ _ _ _ _ _ _ _ _ _ _ 

string = {712.593: 712.593}

>   ???
E   NameError: name 'brackets' is not defined

stack1:57: NameError
   - [#  95] SDL stack1: 
--------------------------------------------------------------------------------
   54:     
   55:     for character in string:
   56:         
   57:         if character in brackets.keys():
-  58:             stack.push(character)
+  58:             pass
   59:         
   60:         
   61:         if character in brackets.values():
   62:             try:
--------------------------------------------------------------------------------
[6.22024 s] killed by RANDOM/test_stack1_RANDOM.py::test_case_461

def test_case_461():
        str_0 = 'UbV2bCf,[PX\\\n`Lj\\L'
        var_0 = module_0.check_parenthesis(str_0)
>       assert var_0 is False
E       AssertionError

RANDOM/test_stack1_RANDOM.py:25502: AssertionError
   - [#  96] SDL stack1: 
--------------------------------------------------------------------------------
   59:         
   60:         
   61:         if character in brackets.values():
   62:             try:
-  63:                 other = stack.pop()
+  63:                 pass
   64:                 
   65:                 
   66:                 if brackets[other] != character:
   67:                     return False
--------------------------------------------------------------------------------
[6.61181 s] killed by RANDOM/test_stack1_RANDOM.py::test_case_920

def test_case_920():
        none_type_0 = None
        str_0 = 'ya\r&.-)fvwLh3O'
>       var_0 = module_0.check_parenthesis(str_0)

RANDOM/test_stack1_RANDOM.py:49023: 
_ _ _ _ _ _ _ _ _ _ _ _ _ _ _ _ _ _ _ _ _ _ _ _ _ _ _ _ _ _ _ _ _ _ _ _ _ _ _ _ 

string = 'ya\r&.-)fvwLh3O'

>   ???
E   NameError: name 'other' is not defined

stack1:66: NameError
   - [#  97] SDL stack1: 
--------------------------------------------------------------------------------
   63:                 other = stack.pop()
   64:                 
   65:                 
   66:                 if brackets[other] != character:
-  67:                     return False
+  67:                     pass
   68:             
   69:             except ValueError:
   70:                 return False
   71:     
--------------------------------------------------------------------------------
[2.76639 s] survived
   - [#  98] SDL stack1: 
--------------------------------------------------------------------------------
   66:                 if brackets[other] != character:
   67:                     return False
   68:             
   69:             except ValueError:
-  70:                 return False
+  70:                 pass
   71:     
   72:     if stack.size != 0:
   73:         return False
   74:     else:
--------------------------------------------------------------------------------
[6.47173 s] killed by RANDOM/test_stack1_RANDOM.py::test_case_920

def test_case_920():
        none_type_0 = None
        str_0 = 'ya\r&.-)fvwLh3O'
        var_0 = module_0.check_parenthesis(str_0)
>       assert var_0 is False
E       AssertionError

RANDOM/test_stack1_RANDOM.py:49024: AssertionError
   - [#  99] SDL stack1: 
--------------------------------------------------------------------------------
   69:             except ValueError:
   70:                 return False
   71:     
   72:     if stack.size != 0:
-  73:         return False
+  73:         pass
   74:     else:
   75:         
   76:         return True
   77: 
--------------------------------------------------------------------------------
[6.02760 s] killed by RANDOM/test_stack1_RANDOM.py::test_case_461

def test_case_461():
        str_0 = 'UbV2bCf,[PX\\\n`Lj\\L'
        var_0 = module_0.check_parenthesis(str_0)
>       assert var_0 is False
E       AssertionError

RANDOM/test_stack1_RANDOM.py:25502: AssertionError
   - [# 100] SDL stack1: 
--------------------------------------------------------------------------------
   72:     if stack.size != 0:
   73:         return False
   74:     else:
   75:         
-  76:         return True
+  76:         pass
   77: 
   78: def postfix_eval(string):
   79:     """ Here we setup a dictionary relating the characters of 
   80:         operations to lambda functions. It's similar to saying:
--------------------------------------------------------------------------------
[5.61589 s] killed by RANDOM/test_stack1_RANDOM.py::test_case_88

def test_case_88():
        float_0 = 712.593
        dict_0 = {float_0: float_0, float_0: float_0}
        var_0 = module_0.check_parenthesis(dict_0)
>       assert var_0 is True
E       AssertionError

RANDOM/test_stack1_RANDOM.py:4268: AssertionError
   - [# 101] SDL stack1: 
--------------------------------------------------------------------------------
   89: 
   90:         The add function can also be accessed via the ``operator``
   91:         module.
   92:     """
-  93:     stack = Stack()
+  93:     pass
   94:     ops = {'+': lambda a, b: (a + b), \
   95:         '-': lambda a, b: (a - b), \
   96:         '*': lambda a, b: (a * b), \
   97:         '/': lambda a, b: (a / b), \
--------------------------------------------------------------------------------
[2.80952 s] survived
   - [# 102] SDL stack1: 
--------------------------------------------------------------------------------
   90:         The add function can also be accessed via the ``operator``
   91:         module.
   92:     """
   93:     stack = Stack()
-  94:     ops = {'+': lambda a, b: (a + b), \
-  95:         '-': lambda a, b: (a - b), \
-  96:         '*': lambda a, b: (a * b), \
-  97:         '/': lambda a, b: (a / b), \
-  98:         '%': lambda a, b: (a % b), \
-  99:         '^': lambda a, b: (a ** b)}
+  94:     pass
+  95:     
+  96:     
+  97:     
+  98:     
+  99:     
  100:     
  101:     
  102:     tokens = string.split(' ')
  103:     
--------------------------------------------------------------------------------
[6.54586 s] killed by RANDOM/test_stack1_RANDOM.py::test_case_1027

def test_case_1027():
        stack_0 = module_0.Stack()
        assert len(stack_0) == 0
        stack_1 = module_0.Stack()
        assert len(stack_1) == 0
        var_0 = stack_1.__len__()
        assert var_0 == 0
        stack_2 = module_0.Stack()
        assert len(stack_2) == 0
        stack_node_0 = module_0.StackNode(var_0)
        assert stack_node_0.data == 0
        stack_3 = module_0.Stack()
        assert len(stack_3) == 0
        stack_4 = module_0.Stack()
        assert len(stack_4) == 0
        stack_5 = module_0.Stack()
        assert len(stack_5) == 0
        var_1 = stack_5.__len__()
        assert var_1 == 0
        stack_6 = module_0.Stack()
        assert len(stack_6) == 0
        var_2 = stack_6.__len__()
        assert var_2 == 0
        stack_7 = module_0.Stack()
        assert len(stack_7) == 0
        stack_node_1 = module_0.StackNode(var_2)
        assert stack_node_1.data == 0
        stack_8 = module_0.Stack()
        assert len(stack_8) == 0
        stack_9 = module_0.Stack()
        assert len(stack_9) == 0
        var_3 = stack_9.__len__()
        assert var_3 == 0
        stack_10 = module_0.Stack()
        assert len(stack_10) == 0
        stack_node_2 = module_0.StackNode(var_3)
        assert stack_node_2.data == 0
        stack_11 = module_0.Stack()
        assert len(stack_11) == 0
        stack_node_3 = module_0.StackNode(stack_9)
        assert len(stack_node_3.data) == 0
        stack_12 = module_0.Stack()
        assert len(stack_12) == 0
        var_4 = stack_12.__len__()
        assert var_4 == 0
        stack_13 = module_0.Stack()
        assert len(stack_13) == 0
        stack_node_4 = module_0.StackNode(var_4)
        assert stack_node_4.data == 0
        stack_node_5 = module_0.StackNode(stack_node_4)
        stack_node_6 = module_0.StackNode(stack_node_4)
        stack_node_7 = module_0.StackNode(stack_12)
        assert len(stack_node_7.data) == 0
        stack_14 = module_0.Stack()
        assert len(stack_14) == 0
        none_type_0 = None
        stack_node_8 = module_0.StackNode(none_type_0)
        stack_15 = module_0.Stack()
        assert len(stack_15) == 0
        var_5 = stack_15.__len__()
        assert var_5 == 0
        stack_16 = module_0.Stack()
        assert len(stack_16) == 0
        stack_node_9 = module_0.StackNode(var_5)
        assert stack_node_9.data == 0
        stack_node_10 = module_0.StackNode(stack_node_9)
        stack_node_11 = module_0.StackNode(stack_node_9)
        bool_0 = False
        stack_node_12 = module_0.StackNode(bool_0)
        stack_17 = module_0.Stack()
        assert len(stack_17) == 0
        var_6 = stack_17.__len__()
        assert var_6 == 0
        stack_18 = module_0.Stack()
        assert len(stack_18) == 0
        stack_node_13 = module_0.StackNode(var_6)
        assert stack_node_13.data == 0
        str_0 = 'S,<'
        with pytest.raises(ValueError):
>           module_0.postfix_eval(str_0)

RANDOM/test_stack1_RANDOM.py:54381: 
_ _ _ _ _ _ _ _ _ _ _ _ _ _ _ _ _ _ _ _ _ _ _ _ _ _ _ _ _ _ _ _ _ _ _ _ _ _ _ _ 

string = 'S,<'

>   ???
E   NameError: name 'ops' is not defined

stack1:106: NameError
   - [# 103] SDL stack1: 
--------------------------------------------------------------------------------
   98:         '%': lambda a, b: (a % b), \
   99:         '^': lambda a, b: (a ** b)}
  100:     
  101:     
- 102:     tokens = string.split(' ')
+ 102:     pass
  103:     
  104:     for character in tokens:
  105:         
  106:         if character in ops.keys():
--------------------------------------------------------------------------------
[7.06016 s] killed by RANDOM/test_stack1_RANDOM.py::test_case_1027

def test_case_1027():
        stack_0 = module_0.Stack()
        assert len(stack_0) == 0
        stack_1 = module_0.Stack()
        assert len(stack_1) == 0
        var_0 = stack_1.__len__()
        assert var_0 == 0
        stack_2 = module_0.Stack()
        assert len(stack_2) == 0
        stack_node_0 = module_0.StackNode(var_0)
        assert stack_node_0.data == 0
        stack_3 = module_0.Stack()
        assert len(stack_3) == 0
        stack_4 = module_0.Stack()
        assert len(stack_4) == 0
        stack_5 = module_0.Stack()
        assert len(stack_5) == 0
        var_1 = stack_5.__len__()
        assert var_1 == 0
        stack_6 = module_0.Stack()
        assert len(stack_6) == 0
        var_2 = stack_6.__len__()
        assert var_2 == 0
        stack_7 = module_0.Stack()
        assert len(stack_7) == 0
        stack_node_1 = module_0.StackNode(var_2)
        assert stack_node_1.data == 0
        stack_8 = module_0.Stack()
        assert len(stack_8) == 0
        stack_9 = module_0.Stack()
        assert len(stack_9) == 0
        var_3 = stack_9.__len__()
        assert var_3 == 0
        stack_10 = module_0.Stack()
        assert len(stack_10) == 0
        stack_node_2 = module_0.StackNode(var_3)
        assert stack_node_2.data == 0
        stack_11 = module_0.Stack()
        assert len(stack_11) == 0
        stack_node_3 = module_0.StackNode(stack_9)
        assert len(stack_node_3.data) == 0
        stack_12 = module_0.Stack()
        assert len(stack_12) == 0
        var_4 = stack_12.__len__()
        assert var_4 == 0
        stack_13 = module_0.Stack()
        assert len(stack_13) == 0
        stack_node_4 = module_0.StackNode(var_4)
        assert stack_node_4.data == 0
        stack_node_5 = module_0.StackNode(stack_node_4)
        stack_node_6 = module_0.StackNode(stack_node_4)
        stack_node_7 = module_0.StackNode(stack_12)
        assert len(stack_node_7.data) == 0
        stack_14 = module_0.Stack()
        assert len(stack_14) == 0
        none_type_0 = None
        stack_node_8 = module_0.StackNode(none_type_0)
        stack_15 = module_0.Stack()
        assert len(stack_15) == 0
        var_5 = stack_15.__len__()
        assert var_5 == 0
        stack_16 = module_0.Stack()
        assert len(stack_16) == 0
        stack_node_9 = module_0.StackNode(var_5)
        assert stack_node_9.data == 0
        stack_node_10 = module_0.StackNode(stack_node_9)
        stack_node_11 = module_0.StackNode(stack_node_9)
        bool_0 = False
        stack_node_12 = module_0.StackNode(bool_0)
        stack_17 = module_0.Stack()
        assert len(stack_17) == 0
        var_6 = stack_17.__len__()
        assert var_6 == 0
        stack_18 = module_0.Stack()
        assert len(stack_18) == 0
        stack_node_13 = module_0.StackNode(var_6)
        assert stack_node_13.data == 0
        str_0 = 'S,<'
        with pytest.raises(ValueError):
>           module_0.postfix_eval(str_0)

RANDOM/test_stack1_RANDOM.py:54381: 
_ _ _ _ _ _ _ _ _ _ _ _ _ _ _ _ _ _ _ _ _ _ _ _ _ _ _ _ _ _ _ _ _ _ _ _ _ _ _ _ 

string = 'S,<'

>   ???
E   NameError: name 'tokens' is not defined

stack1:104: NameError
   - [# 104] SDL stack1: 
--------------------------------------------------------------------------------
  105:         
  106:         if character in ops.keys():
  107:             try:
  108:                 
- 109:                 right = stack.pop()
+ 109:                 pass
  110:                 left = stack.pop()
  111:                 
  112:                 
  113:                 result = ops[character](left, right)
--------------------------------------------------------------------------------
[2.76082 s] survived
   - [# 105] SDL stack1: 
--------------------------------------------------------------------------------
  106:         if character in ops.keys():
  107:             try:
  108:                 
  109:                 right = stack.pop()
- 110:                 left = stack.pop()
+ 110:                 pass
  111:                 
  112:                 
  113:                 result = ops[character](left, right)
  114:                 stack.push(result)
--------------------------------------------------------------------------------
[2.68464 s] survived
   - [# 106] SDL stack1: 
--------------------------------------------------------------------------------
  109:                 right = stack.pop()
  110:                 left = stack.pop()
  111:                 
  112:                 
- 113:                 result = ops[character](left, right)
+ 113:                 pass
  114:                 stack.push(result)
  115:             
  116:             
  117:             except ValueError as e:
--------------------------------------------------------------------------------
[2.80259 s] survived
   - [# 107] SDL stack1: 
--------------------------------------------------------------------------------
  110:                 left = stack.pop()
  111:                 
  112:                 
  113:                 result = ops[character](left, right)
- 114:                 stack.push(result)
+ 114:                 pass
  115:             
  116:             
  117:             except ValueError as e:
  118:                 raise e
--------------------------------------------------------------------------------
[2.75253 s] survived
   - [# 108] SDL stack1: 
--------------------------------------------------------------------------------
  119:         else:
  120:             
  121:             try:
  122:                 
- 123:                 value = int(character)
+ 123:                 pass
  124:                 stack.push(value)
  125:             
  126:             except ValueError as e:
  127:                 raise e
--------------------------------------------------------------------------------
[6.64767 s] killed by RANDOM/test_stack1_RANDOM.py::test_case_1027

def test_case_1027():
        stack_0 = module_0.Stack()
        assert len(stack_0) == 0
        stack_1 = module_0.Stack()
        assert len(stack_1) == 0
        var_0 = stack_1.__len__()
        assert var_0 == 0
        stack_2 = module_0.Stack()
        assert len(stack_2) == 0
        stack_node_0 = module_0.StackNode(var_0)
        assert stack_node_0.data == 0
        stack_3 = module_0.Stack()
        assert len(stack_3) == 0
        stack_4 = module_0.Stack()
        assert len(stack_4) == 0
        stack_5 = module_0.Stack()
        assert len(stack_5) == 0
        var_1 = stack_5.__len__()
        assert var_1 == 0
        stack_6 = module_0.Stack()
        assert len(stack_6) == 0
        var_2 = stack_6.__len__()
        assert var_2 == 0
        stack_7 = module_0.Stack()
        assert len(stack_7) == 0
        stack_node_1 = module_0.StackNode(var_2)
        assert stack_node_1.data == 0
        stack_8 = module_0.Stack()
        assert len(stack_8) == 0
        stack_9 = module_0.Stack()
        assert len(stack_9) == 0
        var_3 = stack_9.__len__()
        assert var_3 == 0
        stack_10 = module_0.Stack()
        assert len(stack_10) == 0
        stack_node_2 = module_0.StackNode(var_3)
        assert stack_node_2.data == 0
        stack_11 = module_0.Stack()
        assert len(stack_11) == 0
        stack_node_3 = module_0.StackNode(stack_9)
        assert len(stack_node_3.data) == 0
        stack_12 = module_0.Stack()
        assert len(stack_12) == 0
        var_4 = stack_12.__len__()
        assert var_4 == 0
        stack_13 = module_0.Stack()
        assert len(stack_13) == 0
        stack_node_4 = module_0.StackNode(var_4)
        assert stack_node_4.data == 0
        stack_node_5 = module_0.StackNode(stack_node_4)
        stack_node_6 = module_0.StackNode(stack_node_4)
        stack_node_7 = module_0.StackNode(stack_12)
        assert len(stack_node_7.data) == 0
        stack_14 = module_0.Stack()
        assert len(stack_14) == 0
        none_type_0 = None
        stack_node_8 = module_0.StackNode(none_type_0)
        stack_15 = module_0.Stack()
        assert len(stack_15) == 0
        var_5 = stack_15.__len__()
        assert var_5 == 0
        stack_16 = module_0.Stack()
        assert len(stack_16) == 0
        stack_node_9 = module_0.StackNode(var_5)
        assert stack_node_9.data == 0
        stack_node_10 = module_0.StackNode(stack_node_9)
        stack_node_11 = module_0.StackNode(stack_node_9)
        bool_0 = False
        stack_node_12 = module_0.StackNode(bool_0)
        stack_17 = module_0.Stack()
        assert len(stack_17) == 0
        var_6 = stack_17.__len__()
        assert var_6 == 0
        stack_18 = module_0.Stack()
        assert len(stack_18) == 0
        stack_node_13 = module_0.StackNode(var_6)
        assert stack_node_13.data == 0
        str_0 = 'S,<'
        with pytest.raises(ValueError):
>           module_0.postfix_eval(str_0)

RANDOM/test_stack1_RANDOM.py:54381: 
_ _ _ _ _ _ _ _ _ _ _ _ _ _ _ _ _ _ _ _ _ _ _ _ _ _ _ _ _ _ _ _ _ _ _ _ _ _ _ _ 

string = 'S,<'

>   ???
E   NameError: name 'value' is not defined

stack1:124: NameError
   - [# 109] SDL stack1: 
--------------------------------------------------------------------------------
  120:             
  121:             try:
  122:                 
  123:                 value = int(character)
- 124:                 stack.push(value)
+ 124:                 pass
  125:             
  126:             except ValueError as e:
  127:                 raise e
  128:     
--------------------------------------------------------------------------------
[2.77148 s] survived
   - [# 110] SDL stack1: 
--------------------------------------------------------------------------------
  129:     
  130:     if stack.size > 1:
  131:         raise ValueError()
  132:     
- 133:     return stack.pop()
+ 133:     pass
--------------------------------------------------------------------------------
[2.80330 s] survived
   - [# 111] SVD stack1: 
--------------------------------------------------------------------------------
    4: '''
    5: 
    6: class Stack(object):
    7:     def __init__(self):
-   8:         self.size = 0
+   8:         size = 0
    9:         self.top = None
   10:     
   11:     def __len__(self):
   12:         return self.size
--------------------------------------------------------------------------------
[0.00000 s] incompetent

ValueError: expression must have Store context but has Load instead

   - [# 112] SVD stack1: 
--------------------------------------------------------------------------------
    5: 
    6: class Stack(object):
    7:     def __init__(self):
    8:         self.size = 0
-   9:         self.top = None
+   9:         top = None
   10:     
   11:     def __len__(self):
   12:         return self.size
   13:     
--------------------------------------------------------------------------------
[0.00000 s] incompetent

ValueError: expression must have Store context but has Load instead

   - [# 113] SVD stack1: 
--------------------------------------------------------------------------------
    8:         self.size = 0
    9:         self.top = None
   10:     
   11:     def __len__(self):
-  12:         return self.size
+  12:         return size
   13:     
   14:     def push(self, item):
   15:         if self.top is None:
   16:             self.top = StackNode(item)
--------------------------------------------------------------------------------
[5.50773 s] killed by RANDOM/test_stack1_RANDOM.py::test_case_0

def test_case_0():
        stack_0 = module_0.Stack()
>       assert len(stack_0) == 0

RANDOM/test_stack1_RANDOM.py:8: 
_ _ _ _ _ _ _ _ _ _ _ _ _ _ _ _ _ _ _ _ _ _ _ _ _ _ _ _ _ _ _ _ _ _ _ _ _ _ _ _ 

self = <stack1.Stack object at 0x7f6ec5654490>

>   ???
E   NameError: name 'size' is not defined

stack1:12: NameError
   - [# 114] SVD stack1: 
--------------------------------------------------------------------------------
   11:     def __len__(self):
   12:         return self.size
   13:     
   14:     def push(self, item):
-  15:         if self.top is None:
+  15:         if top is None:
   16:             self.top = StackNode(item)
   17:         else:
   18:             
   19:             item1 = self.top
--------------------------------------------------------------------------------
[5.50004 s] killed by RANDOM/test_stack1_RANDOM.py::test_case_7

def test_case_7():
        stack_0 = module_0.Stack()
        assert len(stack_0) == 0
        var_0 = stack_0.__len__()
        assert var_0 == 0
        stack_1 = module_0.Stack()
        assert len(stack_1) == 0
        stack_node_0 = module_0.StackNode(var_0)
        assert stack_node_0.data == 0
        stack_2 = module_0.Stack()
        assert len(stack_2) == 0
        stack_3 = module_0.Stack()
        assert len(stack_3) == 0
        stack_4 = module_0.Stack()
        assert len(stack_4) == 0
        var_1 = stack_4.__len__()
        assert var_1 == 0
        stack_5 = module_0.Stack()
        assert len(stack_5) == 0
        var_2 = stack_5.__len__()
        assert var_2 == 0
        stack_6 = module_0.Stack()
        assert len(stack_6) == 0
        stack_node_1 = module_0.StackNode(var_2)
        assert stack_node_1.data == 0
        stack_7 = module_0.Stack()
        assert len(stack_7) == 0
>       var_3 = stack_1.push(stack_node_0)

RANDOM/test_stack1_RANDOM.py:147: 
_ _ _ _ _ _ _ _ _ _ _ _ _ _ _ _ _ _ _ _ _ _ _ _ _ _ _ _ _ _ _ _ _ _ _ _ _ _ _ _ 

self = <stack1.Stack object at 0x7f6ec5654e80>
item = <stack1.StackNode object at 0x7f6ec5654340>

>   ???
E   NameError: name 'top' is not defined

stack1:15: NameError
   - [# 115] SVD stack1: 
--------------------------------------------------------------------------------
   12:         return self.size
   13:     
   14:     def push(self, item):
   15:         if self.top is None:
-  16:             self.top = StackNode(item)
+  16:             top = StackNode(item)
   17:         else:
   18:             
   19:             item1 = self.top
   20:             item2 = StackNode(item)
--------------------------------------------------------------------------------
[0.00000 s] incompetent

ValueError: expression must have Store context but has Load instead

   - [# 116] SVD stack1: 
--------------------------------------------------------------------------------
   15:         if self.top is None:
   16:             self.top = StackNode(item)
   17:         else:
   18:             
-  19:             item1 = self.top
+  19:             item1 = top
   20:             item2 = StackNode(item)
   21:             
   22:             
   23:             self.top = item2
--------------------------------------------------------------------------------
[6.05382 s] killed by RANDOM/test_stack1_RANDOM.py::test_case_292

def test_case_292():
        bool_0 = False
        stack_node_0 = module_0.StackNode(bool_0)
        none_type_0 = None
        stack_node_1 = module_0.StackNode(none_type_0)
        stack_0 = module_0.Stack()
        assert len(stack_0) == 0
        var_0 = stack_0.__len__()
        assert var_0 == 0
        float_0 = 712.593
        dict_0 = {float_0: float_0, float_0: float_0}
        var_1 = module_0.check_parenthesis(dict_0)
        assert var_1 is True
        var_2 = stack_0.__len__()
        assert var_2 == 0
        none_type_1 = None
        stack_node_2 = module_0.StackNode(none_type_1)
        stack_1 = module_0.Stack()
        assert len(stack_1) == 0
        var_3 = stack_1.__len__()
        assert var_3 == 0
        stack_2 = module_0.Stack()
        assert len(stack_2) == 0
        var_4 = stack_2.__len__()
        assert var_4 == 0
        stack_3 = module_0.Stack()
        assert len(stack_3) == 0
        stack_4 = module_0.Stack()
        assert len(stack_4) == 0
        bool_1 = False
        stack_node_3 = module_0.StackNode(bool_1)
        stack_node_4 = module_0.StackNode(bool_1)
        none_type_2 = None
        stack_5 = module_0.Stack()
        assert len(stack_5) == 0
        var_5 = stack_5.push(none_type_2)
        assert len(stack_5) == 1
        stack_node_5 = module_0.StackNode(var_5)
>       var_6 = stack_5.push(stack_5)

RANDOM/test_stack1_RANDOM.py:16315: 
_ _ _ _ _ _ _ _ _ _ _ _ _ _ _ _ _ _ _ _ _ _ _ _ _ _ _ _ _ _ _ _ _ _ _ _ _ _ _ _ 

self = <stack1.Stack object at 0x7f6ec71e4700>
item = <stack1.Stack object at 0x7f6ec71e4700>

>   ???
E   NameError: name 'top' is not defined

stack1:19: NameError
   - [# 117] SVD stack1: 
--------------------------------------------------------------------------------
   19:             item1 = self.top
   20:             item2 = StackNode(item)
   21:             
   22:             
-  23:             self.top = item2
+  23:             top = item2
   24:             item2.next = item1
   25:         
   26:         self.size += 1
   27:     
--------------------------------------------------------------------------------
[0.00000 s] incompetent

ValueError: expression must have Store context but has Load instead

   - [# 118] SVD stack1: 
--------------------------------------------------------------------------------
   22:             
   23:             self.top = item2
   24:             item2.next = item1
   25:         
-  26:         self.size += 1
+  26:         size += 1
   27:     
   28:     def pop(self):
   29:         if self.top is None:
   30:             raise ValueError()
--------------------------------------------------------------------------------
[0.00000 s] incompetent

ValueError: expression must have Store context but has Load instead

   - [# 119] SVD stack1: 
--------------------------------------------------------------------------------
   25:         
   26:         self.size += 1
   27:     
   28:     def pop(self):
-  29:         if self.top is None:
+  29:         if top is None:
   30:             raise ValueError()
   31:         else:
   32:             top_data = self.top.data
   33:             
--------------------------------------------------------------------------------
[5.80437 s] killed by RANDOM/test_stack1_RANDOM.py::test_case_153

def test_case_153():
        stack_0 = module_0.Stack()
        assert len(stack_0) == 0
        var_0 = stack_0.__len__()
        assert var_0 == 0
        stack_1 = module_0.Stack()
        assert len(stack_1) == 0
        stack_node_0 = module_0.StackNode(var_0)
        assert stack_node_0.data == 0
        stack_node_1 = module_0.StackNode(stack_node_0)
        stack_node_2 = module_0.StackNode(stack_1)
        assert len(stack_node_2.data) == 0
        stack_2 = module_0.Stack()
        assert len(stack_2) == 0
        var_1 = stack_2.__len__()
        assert var_1 == 0
        stack_3 = module_0.Stack()
        assert len(stack_3) == 0
        stack_node_3 = module_0.StackNode(var_1)
        assert stack_node_3.data == 0
        stack_node_4 = module_0.StackNode(stack_node_3)
        stack_node_5 = module_0.StackNode(stack_node_3)
        stack_node_6 = module_0.StackNode(stack_2)
        assert len(stack_node_6.data) == 0
        var_2 = stack_3.__len__()
        assert var_2 == 0
        complex_0 = -3711.3 - 806.2j
        stack_node_7 = module_0.StackNode(complex_0)
        stack_4 = module_0.Stack()
        assert len(stack_4) == 0
        var_3 = stack_4.__len__()
        assert var_3 == 0
        stack_5 = module_0.Stack()
        assert len(stack_5) == 0
        stack_node_8 = module_0.StackNode(var_3)
        assert stack_node_8.data == 0
        stack_node_9 = module_0.StackNode(stack_node_8)
        stack_node_10 = module_0.StackNode(stack_node_8)
        stack_6 = module_0.Stack()
        assert len(stack_6) == 0
        var_4 = stack_6.__len__()
        assert var_4 == 0
        stack_7 = module_0.Stack()
        assert len(stack_7) == 0
        stack_node_11 = module_0.StackNode(var_4)
        assert stack_node_11.data == 0
        stack_node_12 = module_0.StackNode(stack_node_11)
        stack_node_13 = module_0.StackNode(stack_node_11)
        stack_node_14 = module_0.StackNode(stack_6)
        assert len(stack_node_14.data) == 0
        var_5 = stack_7.__len__()
        assert var_5 == 0
        var_6 = stack_6.push(stack_node_13)
        assert len(stack_6) == 1
        assert len(stack_node_14.data) == 1
>       var_7 = stack_6.pop()

RANDOM/test_stack1_RANDOM.py:8274: 
_ _ _ _ _ _ _ _ _ _ _ _ _ _ _ _ _ _ _ _ _ _ _ _ _ _ _ _ _ _ _ _ _ _ _ _ _ _ _ _ 

self = <stack1.Stack object at 0x7f6ec7bfa830>

>   ???
E   NameError: name 'top' is not defined

stack1:29: NameError
   - [# 120] SVD stack1: 
--------------------------------------------------------------------------------
   28:     def pop(self):
   29:         if self.top is None:
   30:             raise ValueError()
   31:         else:
-  32:             top_data = self.top.data
+  32:             top_data = top.data
   33:             
   34:             self.top = self.top.next
   35:             self.size -= 1
   36:             return top_data
--------------------------------------------------------------------------------
[5.74776 s] killed by RANDOM/test_stack1_RANDOM.py::test_case_153

def test_case_153():
        stack_0 = module_0.Stack()
        assert len(stack_0) == 0
        var_0 = stack_0.__len__()
        assert var_0 == 0
        stack_1 = module_0.Stack()
        assert len(stack_1) == 0
        stack_node_0 = module_0.StackNode(var_0)
        assert stack_node_0.data == 0
        stack_node_1 = module_0.StackNode(stack_node_0)
        stack_node_2 = module_0.StackNode(stack_1)
        assert len(stack_node_2.data) == 0
        stack_2 = module_0.Stack()
        assert len(stack_2) == 0
        var_1 = stack_2.__len__()
        assert var_1 == 0
        stack_3 = module_0.Stack()
        assert len(stack_3) == 0
        stack_node_3 = module_0.StackNode(var_1)
        assert stack_node_3.data == 0
        stack_node_4 = module_0.StackNode(stack_node_3)
        stack_node_5 = module_0.StackNode(stack_node_3)
        stack_node_6 = module_0.StackNode(stack_2)
        assert len(stack_node_6.data) == 0
        var_2 = stack_3.__len__()
        assert var_2 == 0
        complex_0 = -3711.3 - 806.2j
        stack_node_7 = module_0.StackNode(complex_0)
        stack_4 = module_0.Stack()
        assert len(stack_4) == 0
        var_3 = stack_4.__len__()
        assert var_3 == 0
        stack_5 = module_0.Stack()
        assert len(stack_5) == 0
        stack_node_8 = module_0.StackNode(var_3)
        assert stack_node_8.data == 0
        stack_node_9 = module_0.StackNode(stack_node_8)
        stack_node_10 = module_0.StackNode(stack_node_8)
        stack_6 = module_0.Stack()
        assert len(stack_6) == 0
        var_4 = stack_6.__len__()
        assert var_4 == 0
        stack_7 = module_0.Stack()
        assert len(stack_7) == 0
        stack_node_11 = module_0.StackNode(var_4)
        assert stack_node_11.data == 0
        stack_node_12 = module_0.StackNode(stack_node_11)
        stack_node_13 = module_0.StackNode(stack_node_11)
        stack_node_14 = module_0.StackNode(stack_6)
        assert len(stack_node_14.data) == 0
        var_5 = stack_7.__len__()
        assert var_5 == 0
        var_6 = stack_6.push(stack_node_13)
        assert len(stack_6) == 1
        assert len(stack_node_14.data) == 1
>       var_7 = stack_6.pop()

RANDOM/test_stack1_RANDOM.py:8274: 
_ _ _ _ _ _ _ _ _ _ _ _ _ _ _ _ _ _ _ _ _ _ _ _ _ _ _ _ _ _ _ _ _ _ _ _ _ _ _ _ 

self = <stack1.Stack object at 0x7f6ec6ee37c0>

>   ???
E   NameError: name 'top' is not defined

stack1:32: NameError
   - [# 121] SVD stack1: 
--------------------------------------------------------------------------------
   30:             raise ValueError()
   31:         else:
   32:             top_data = self.top.data
   33:             
-  34:             self.top = self.top.next
+  34:             top = self.top.next
   35:             self.size -= 1
   36:             return top_data
   37:     
   38:     def peek(self):
--------------------------------------------------------------------------------
[0.00000 s] incompetent

ValueError: expression must have Store context but has Load instead

   - [# 122] SVD stack1: 
--------------------------------------------------------------------------------
   30:             raise ValueError()
   31:         else:
   32:             top_data = self.top.data
   33:             
-  34:             self.top = self.top.next
+  34:             self.top = top.next
   35:             self.size -= 1
   36:             return top_data
   37:     
   38:     def peek(self):
--------------------------------------------------------------------------------
[5.73267 s] killed by RANDOM/test_stack1_RANDOM.py::test_case_153

def test_case_153():
        stack_0 = module_0.Stack()
        assert len(stack_0) == 0
        var_0 = stack_0.__len__()
        assert var_0 == 0
        stack_1 = module_0.Stack()
        assert len(stack_1) == 0
        stack_node_0 = module_0.StackNode(var_0)
        assert stack_node_0.data == 0
        stack_node_1 = module_0.StackNode(stack_node_0)
        stack_node_2 = module_0.StackNode(stack_1)
        assert len(stack_node_2.data) == 0
        stack_2 = module_0.Stack()
        assert len(stack_2) == 0
        var_1 = stack_2.__len__()
        assert var_1 == 0
        stack_3 = module_0.Stack()
        assert len(stack_3) == 0
        stack_node_3 = module_0.StackNode(var_1)
        assert stack_node_3.data == 0
        stack_node_4 = module_0.StackNode(stack_node_3)
        stack_node_5 = module_0.StackNode(stack_node_3)
        stack_node_6 = module_0.StackNode(stack_2)
        assert len(stack_node_6.data) == 0
        var_2 = stack_3.__len__()
        assert var_2 == 0
        complex_0 = -3711.3 - 806.2j
        stack_node_7 = module_0.StackNode(complex_0)
        stack_4 = module_0.Stack()
        assert len(stack_4) == 0
        var_3 = stack_4.__len__()
        assert var_3 == 0
        stack_5 = module_0.Stack()
        assert len(stack_5) == 0
        stack_node_8 = module_0.StackNode(var_3)
        assert stack_node_8.data == 0
        stack_node_9 = module_0.StackNode(stack_node_8)
        stack_node_10 = module_0.StackNode(stack_node_8)
        stack_6 = module_0.Stack()
        assert len(stack_6) == 0
        var_4 = stack_6.__len__()
        assert var_4 == 0
        stack_7 = module_0.Stack()
        assert len(stack_7) == 0
        stack_node_11 = module_0.StackNode(var_4)
        assert stack_node_11.data == 0
        stack_node_12 = module_0.StackNode(stack_node_11)
        stack_node_13 = module_0.StackNode(stack_node_11)
        stack_node_14 = module_0.StackNode(stack_6)
        assert len(stack_node_14.data) == 0
        var_5 = stack_7.__len__()
        assert var_5 == 0
        var_6 = stack_6.push(stack_node_13)
        assert len(stack_6) == 1
        assert len(stack_node_14.data) == 1
>       var_7 = stack_6.pop()

RANDOM/test_stack1_RANDOM.py:8274: 
_ _ _ _ _ _ _ _ _ _ _ _ _ _ _ _ _ _ _ _ _ _ _ _ _ _ _ _ _ _ _ _ _ _ _ _ _ _ _ _ 

self = <stack1.Stack object at 0x7f6ec5b2a770>

>   ???
E   NameError: name 'top' is not defined

stack1:34: NameError
   - [# 123] SVD stack1: 
--------------------------------------------------------------------------------
   31:         else:
   32:             top_data = self.top.data
   33:             
   34:             self.top = self.top.next
-  35:             self.size -= 1
+  35:             size -= 1
   36:             return top_data
   37:     
   38:     def peek(self):
   39:         if self.top is None:
--------------------------------------------------------------------------------
[0.00000 s] incompetent

ValueError: expression must have Store context but has Load instead

   - [# 124] SVD stack1: 
--------------------------------------------------------------------------------
   35:             self.size -= 1
   36:             return top_data
   37:     
   38:     def peek(self):
-  39:         if self.top is None:
+  39:         if top is None:
   40:             raise ValueError()
   41:         else:
   42:             return self.top.data
   43: 
--------------------------------------------------------------------------------
[5.67672 s] killed by RANDOM/test_stack1_RANDOM.py::test_case_139

def test_case_139():
        stack_0 = module_0.Stack()
        assert len(stack_0) == 0
        var_0 = stack_0.__len__()
        assert var_0 == 0
        stack_1 = module_0.Stack()
        assert len(stack_1) == 0
        stack_node_0 = module_0.StackNode(var_0)
        assert stack_node_0.data == 0
        stack_2 = module_0.Stack()
        assert len(stack_2) == 0
        stack_node_1 = module_0.StackNode(stack_1)
        assert len(stack_node_1.data) == 0
        stack_3 = module_0.Stack()
        assert len(stack_3) == 0
        var_1 = stack_3.__len__()
        assert var_1 == 0
        stack_4 = module_0.Stack()
        assert len(stack_4) == 0
        stack_node_2 = module_0.StackNode(var_1)
        assert stack_node_2.data == 0
        stack_5 = module_0.Stack()
        assert len(stack_5) == 0
        stack_6 = module_0.Stack()
        assert len(stack_6) == 0
        stack_7 = module_0.Stack()
        assert len(stack_7) == 0
        var_2 = stack_7.__len__()
        assert var_2 == 0
        stack_8 = module_0.Stack()
        assert len(stack_8) == 0
        stack_node_3 = module_0.StackNode(var_2)
        assert stack_node_3.data == 0
        stack_9 = module_0.Stack()
        assert len(stack_9) == 0
        stack_node_4 = module_0.StackNode(stack_7)
        assert len(stack_node_4.data) == 0
        stack_10 = module_0.Stack()
        assert len(stack_10) == 0
        var_3 = stack_10.__len__()
        assert var_3 == 0
        stack_11 = module_0.Stack()
        assert len(stack_11) == 0
        stack_node_5 = module_0.StackNode(var_3)
        assert stack_node_5.data == 0
        stack_node_6 = module_0.StackNode(stack_node_5)
        stack_node_7 = module_0.StackNode(stack_node_5)
        stack_12 = module_0.Stack()
        assert len(stack_12) == 0
        var_4 = stack_12.__len__()
        assert var_4 == 0
        stack_13 = module_0.Stack()
        assert len(stack_13) == 0
        stack_node_8 = module_0.StackNode(var_4)
        assert stack_node_8.data == 0
        stack_node_9 = module_0.StackNode(stack_node_8)
        stack_node_10 = module_0.StackNode(stack_node_8)
        stack_node_11 = module_0.StackNode(stack_12)
        assert len(stack_node_11.data) == 0
        var_5 = stack_13.__len__()
        assert var_5 == 0
        stack_14 = module_0.Stack()
        assert len(stack_14) == 0
        var_6 = stack_14.__len__()
        assert var_6 == 0
        stack_15 = module_0.Stack()
        assert len(stack_15) == 0
        stack_node_12 = module_0.StackNode(var_6)
        assert stack_node_12.data == 0
        stack_node_13 = module_0.StackNode(stack_node_12)
        stack_node_14 = module_0.StackNode(stack_node_12)
        stack_node_15 = module_0.StackNode(stack_14)
        assert len(stack_node_15.data) == 0
        var_7 = stack_15.__len__()
        assert var_7 == 0
        var_8 = stack_14.push(stack_node_14)
        assert len(stack_14) == 1
        assert len(stack_node_15.data) == 1
        stack_16 = module_0.Stack()
        assert len(stack_16) == 0
>       var_9 = stack_14.peek()

RANDOM/test_stack1_RANDOM.py:7365: 
_ _ _ _ _ _ _ _ _ _ _ _ _ _ _ _ _ _ _ _ _ _ _ _ _ _ _ _ _ _ _ _ _ _ _ _ _ _ _ _ 

self = <stack1.Stack object at 0x7f6ec5b295a0>

>   ???
E   NameError: name 'top' is not defined

stack1:39: NameError
   - [# 125] SVD stack1: 
--------------------------------------------------------------------------------
   38:     def peek(self):
   39:         if self.top is None:
   40:             raise ValueError()
   41:         else:
-  42:             return self.top.data
+  42:             return top.data
   43: 
   44: class StackNode(object):
   45:     ''' Look familiar? '''
   46:     def __init__(self, item):
--------------------------------------------------------------------------------
[5.64761 s] killed by RANDOM/test_stack1_RANDOM.py::test_case_139

def test_case_139():
        stack_0 = module_0.Stack()
        assert len(stack_0) == 0
        var_0 = stack_0.__len__()
        assert var_0 == 0
        stack_1 = module_0.Stack()
        assert len(stack_1) == 0
        stack_node_0 = module_0.StackNode(var_0)
        assert stack_node_0.data == 0
        stack_2 = module_0.Stack()
        assert len(stack_2) == 0
        stack_node_1 = module_0.StackNode(stack_1)
        assert len(stack_node_1.data) == 0
        stack_3 = module_0.Stack()
        assert len(stack_3) == 0
        var_1 = stack_3.__len__()
        assert var_1 == 0
        stack_4 = module_0.Stack()
        assert len(stack_4) == 0
        stack_node_2 = module_0.StackNode(var_1)
        assert stack_node_2.data == 0
        stack_5 = module_0.Stack()
        assert len(stack_5) == 0
        stack_6 = module_0.Stack()
        assert len(stack_6) == 0
        stack_7 = module_0.Stack()
        assert len(stack_7) == 0
        var_2 = stack_7.__len__()
        assert var_2 == 0
        stack_8 = module_0.Stack()
        assert len(stack_8) == 0
        stack_node_3 = module_0.StackNode(var_2)
        assert stack_node_3.data == 0
        stack_9 = module_0.Stack()
        assert len(stack_9) == 0
        stack_node_4 = module_0.StackNode(stack_7)
        assert len(stack_node_4.data) == 0
        stack_10 = module_0.Stack()
        assert len(stack_10) == 0
        var_3 = stack_10.__len__()
        assert var_3 == 0
        stack_11 = module_0.Stack()
        assert len(stack_11) == 0
        stack_node_5 = module_0.StackNode(var_3)
        assert stack_node_5.data == 0
        stack_node_6 = module_0.StackNode(stack_node_5)
        stack_node_7 = module_0.StackNode(stack_node_5)
        stack_12 = module_0.Stack()
        assert len(stack_12) == 0
        var_4 = stack_12.__len__()
        assert var_4 == 0
        stack_13 = module_0.Stack()
        assert len(stack_13) == 0
        stack_node_8 = module_0.StackNode(var_4)
        assert stack_node_8.data == 0
        stack_node_9 = module_0.StackNode(stack_node_8)
        stack_node_10 = module_0.StackNode(stack_node_8)
        stack_node_11 = module_0.StackNode(stack_12)
        assert len(stack_node_11.data) == 0
        var_5 = stack_13.__len__()
        assert var_5 == 0
        stack_14 = module_0.Stack()
        assert len(stack_14) == 0
        var_6 = stack_14.__len__()
        assert var_6 == 0
        stack_15 = module_0.Stack()
        assert len(stack_15) == 0
        stack_node_12 = module_0.StackNode(var_6)
        assert stack_node_12.data == 0
        stack_node_13 = module_0.StackNode(stack_node_12)
        stack_node_14 = module_0.StackNode(stack_node_12)
        stack_node_15 = module_0.StackNode(stack_14)
        assert len(stack_node_15.data) == 0
        var_7 = stack_15.__len__()
        assert var_7 == 0
        var_8 = stack_14.push(stack_node_14)
        assert len(stack_14) == 1
        assert len(stack_node_15.data) == 1
        stack_16 = module_0.Stack()
        assert len(stack_16) == 0
>       var_9 = stack_14.peek()

RANDOM/test_stack1_RANDOM.py:7365: 
_ _ _ _ _ _ _ _ _ _ _ _ _ _ _ _ _ _ _ _ _ _ _ _ _ _ _ _ _ _ _ _ _ _ _ _ _ _ _ _ 

self = <stack1.Stack object at 0x7f6ec5b299f0>

>   ???
E   NameError: name 'top' is not defined

stack1:42: NameError
   - [# 126] SVD stack1: 
--------------------------------------------------------------------------------
   43: 
   44: class StackNode(object):
   45:     ''' Look familiar? '''
   46:     def __init__(self, item):
-  47:         self.data = item
+  47:         data = item
   48:         self.next = None
   49: 
   50: def check_parenthesis(string):
   51:     stack = Stack()
--------------------------------------------------------------------------------
[0.00000 s] incompetent

ValueError: expression must have Store context but has Load instead

   - [# 127] SVD stack1: 
--------------------------------------------------------------------------------
   44: class StackNode(object):
   45:     ''' Look familiar? '''
   46:     def __init__(self, item):
   47:         self.data = item
-  48:         self.next = None
+  48:         next = None
   49: 
   50: def check_parenthesis(string):
   51:     stack = Stack()
   52:     
--------------------------------------------------------------------------------
[0.00000 s] incompetent

ValueError: expression must have Store context but has Load instead

   - [# 128] ZIL stack1: 
--------------------------------------------------------------------------------
   53:     brackets = {'{': '}', '[': ']', '(': ')'}
   54:     
   55:     for character in string:
   56:         
-  57:         if character in brackets.keys():
-  58:             stack.push(character)
-  59:         
-  60:         
-  61:         if character in brackets.values():
-  62:             try:
-  63:                 other = stack.pop()
-  64:                 
-  65:                 
-  66:                 if brackets[other] != character:
-  67:                     return False
-  68:             
-  69:             except ValueError:
-  70:                 return False
+  57:         break
+  58:     
+  59:     
+  60:     
+  61:     
+  62:     
+  63:     
+  64:     
+  65:     
+  66:     
+  67:     
+  68:     
+  69:     
+  70:     
   71:     
   72:     if stack.size != 0:
   73:         return False
   74:     else:
--------------------------------------------------------------------------------
[6.17402 s] killed by RANDOM/test_stack1_RANDOM.py::test_case_461

def test_case_461():
        str_0 = 'UbV2bCf,[PX\\\n`Lj\\L'
        var_0 = module_0.check_parenthesis(str_0)
>       assert var_0 is False
E       AssertionError

RANDOM/test_stack1_RANDOM.py:25502: AssertionError
   - [# 129] ZIL stack1: 
--------------------------------------------------------------------------------
  102:     tokens = string.split(' ')
  103:     
  104:     for character in tokens:
  105:         
- 106:         if character in ops.keys():
- 107:             try:
- 108:                 
- 109:                 right = stack.pop()
- 110:                 left = stack.pop()
- 111:                 
- 112:                 
- 113:                 result = ops[character](left, right)
- 114:                 stack.push(result)
- 115:             
- 116:             
- 117:             except ValueError as e:
- 118:                 raise e
- 119:         else:
- 120:             
- 121:             try:
- 122:                 
- 123:                 value = int(character)
- 124:                 stack.push(value)
- 125:             
- 126:             except ValueError as e:
- 127:                 raise e
+ 106:         break
+ 107:     
+ 108:     
+ 109:     
+ 110:     
+ 111:     
+ 112:     
+ 113:     
+ 114:     
+ 115:     
+ 116:     
+ 117:     
+ 118:     
+ 119:     
+ 120:     
+ 121:     
+ 122:     
+ 123:     
+ 124:     
+ 125:     
+ 126:     
+ 127:     
  128:     
  129:     
  130:     if stack.size > 1:
  131:         raise ValueError()
--------------------------------------------------------------------------------
[2.81813 s] survived
[*] Mutation score [548.44464 s]: 49.5%
   - all: 129
   - killed: 55 (42.6%)
   - survived: 56 (43.4%)
   - incompetent: 18 (14.0%)
   - timeout: 0 (0.0%)
