[34m[*][0m Start mutation process:
[36m   -[0m targets: stack1.py
[36m   -[0m tests: ./ALL-SMART-GPT-MUTMUT
[34m[*][0m 66 tests passed:
[36m   -[0m test_stack1_MUTMUT [0.31450 s]
[36m   -[0m test_stack1_MIO [0.18908 s]
[36m   -[0m test_stack1_MOSA [0.14944 s]
[36m   -[0m test_stack1_DYNAMOSA [0.14669 s]
[36m   -[0m test_stack1_WHOLE_SUITE [0.15245 s]
[34m[*][0m Start mutants generation and execution:
[36m   -[0m [#   1] AOR stack1: 
--------------------------------------------------------------------------------
   90:         The add function can also be accessed via the ``operator``
   91:         module.
   92:     """
   93:     stack = Stack()
[34m-  94:     ops = {'+': lambda a, b: (a + b), \[0m
[32m+  94:     ops = {'+': lambda a, b: (a - b), \[0m
   95:         '-': lambda a, b: (a - b), \
   96:         '*': lambda a, b: (a * b), \
   97:         '/': lambda a, b: (a / b), \
   98:         '%': lambda a, b: (a % b), \
--------------------------------------------------------------------------------
[0.23630 s] [32mkilled[0m by ALL-SMART-GPT-MUTMUT/test_stack1_MUTMUT.py::test_postfix_eval_add

def test_postfix_eval_add():
>       assert postfix_eval("2 3 +") == 5
E       AssertionError

ALL-SMART-GPT-MUTMUT/test_stack1_MUTMUT.py:5: AssertionError
[36m   -[0m [#   2] AOR stack1: 
--------------------------------------------------------------------------------
   91:         module.
   92:     """
   93:     stack = Stack()
   94:     ops = {'+': lambda a, b: (a + b), \
[34m-  95:         '-': lambda a, b: (a - b), \[0m
[32m+  95:         '-': lambda a, b: (a + b), \[0m
   96:         '*': lambda a, b: (a * b), \
   97:         '/': lambda a, b: (a / b), \
   98:         '%': lambda a, b: (a % b), \
   99:         '^': lambda a, b: (a ** b)}
--------------------------------------------------------------------------------
[0.25997 s] [32mkilled[0m by ALL-SMART-GPT-MUTMUT/test_stack1_MUTMUT.py::test_postfix_eval_subtraction

def test_postfix_eval_subtraction():
        result = postfix_eval("7 3 -")
>       assert result == 4
E       AssertionError

ALL-SMART-GPT-MUTMUT/test_stack1_MUTMUT.py:25: AssertionError
[36m   -[0m [#   3] AOR stack1: 
--------------------------------------------------------------------------------
   92:     """
   93:     stack = Stack()
   94:     ops = {'+': lambda a, b: (a + b), \
   95:         '-': lambda a, b: (a - b), \
[34m-  96:         '*': lambda a, b: (a * b), \[0m
[32m+  96:         '*': lambda a, b: (a / b), \[0m
   97:         '/': lambda a, b: (a / b), \
   98:         '%': lambda a, b: (a % b), \
   99:         '^': lambda a, b: (a ** b)}
  100:     
--------------------------------------------------------------------------------
[0.24296 s] [32mkilled[0m by ALL-SMART-GPT-MUTMUT/test_stack1_MUTMUT.py::test_postfix_eval_multiplication

def test_postfix_eval_multiplication():
        result = postfix_eval("3 4 *")
>       assert result == 12
E       AssertionError

ALL-SMART-GPT-MUTMUT/test_stack1_MUTMUT.py:9: AssertionError
[36m   -[0m [#   4] AOR stack1: 
--------------------------------------------------------------------------------
   92:     """
   93:     stack = Stack()
   94:     ops = {'+': lambda a, b: (a + b), \
   95:         '-': lambda a, b: (a - b), \
[34m-  96:         '*': lambda a, b: (a * b), \[0m
[32m+  96:         '*': lambda a, b: (a // b), \[0m
   97:         '/': lambda a, b: (a / b), \
   98:         '%': lambda a, b: (a % b), \
   99:         '^': lambda a, b: (a ** b)}
  100:     
--------------------------------------------------------------------------------
[0.22749 s] [32mkilled[0m by ALL-SMART-GPT-MUTMUT/test_stack1_MUTMUT.py::test_postfix_eval_multiplication

def test_postfix_eval_multiplication():
        result = postfix_eval("3 4 *")
>       assert result == 12
E       AssertionError

ALL-SMART-GPT-MUTMUT/test_stack1_MUTMUT.py:9: AssertionError
[36m   -[0m [#   5] AOR stack1: 
--------------------------------------------------------------------------------
   92:     """
   93:     stack = Stack()
   94:     ops = {'+': lambda a, b: (a + b), \
   95:         '-': lambda a, b: (a - b), \
[34m-  96:         '*': lambda a, b: (a * b), \[0m
[32m+  96:         '*': lambda a, b: (a ** b), \[0m
   97:         '/': lambda a, b: (a / b), \
   98:         '%': lambda a, b: (a % b), \
   99:         '^': lambda a, b: (a ** b)}
  100:     
--------------------------------------------------------------------------------
[0.30531 s] [32mkilled[0m by ALL-SMART-GPT-MUTMUT/test_stack1_MUTMUT.py::test_postfix_eval_multiplication

def test_postfix_eval_multiplication():
        result = postfix_eval("3 4 *")
>       assert result == 12
E       AssertionError

ALL-SMART-GPT-MUTMUT/test_stack1_MUTMUT.py:9: AssertionError
[36m   -[0m [#   6] AOR stack1: 
--------------------------------------------------------------------------------
   93:     stack = Stack()
   94:     ops = {'+': lambda a, b: (a + b), \
   95:         '-': lambda a, b: (a - b), \
   96:         '*': lambda a, b: (a * b), \
[34m-  97:         '/': lambda a, b: (a / b), \[0m
[32m+  97:         '/': lambda a, b: (a // b), \[0m
   98:         '%': lambda a, b: (a % b), \
   99:         '^': lambda a, b: (a ** b)}
  100:     
  101:     
--------------------------------------------------------------------------------
[0.28677 s] [32mkilled[0m by ALL-SMART-GPT-MUTMUT/test_stack1_MUTMUT.py::test_postfix_eval_general_division

def test_postfix_eval_general_division():
        result = postfix_eval("9 2 /")
>       assert result == 4.5
E       AssertionError

ALL-SMART-GPT-MUTMUT/test_stack1_MUTMUT.py:13: AssertionError
[36m   -[0m [#   7] AOR stack1: 
--------------------------------------------------------------------------------
   93:     stack = Stack()
   94:     ops = {'+': lambda a, b: (a + b), \
   95:         '-': lambda a, b: (a - b), \
   96:         '*': lambda a, b: (a * b), \
[34m-  97:         '/': lambda a, b: (a / b), \[0m
[32m+  97:         '/': lambda a, b: (a * b), \[0m
   98:         '%': lambda a, b: (a % b), \
   99:         '^': lambda a, b: (a ** b)}
  100:     
  101:     
--------------------------------------------------------------------------------
[0.27321 s] [32mkilled[0m by ALL-SMART-GPT-MUTMUT/test_stack1_MUTMUT.py::test_postfix_eval_general_division

def test_postfix_eval_general_division():
        result = postfix_eval("9 2 /")
>       assert result == 4.5
E       AssertionError

ALL-SMART-GPT-MUTMUT/test_stack1_MUTMUT.py:13: AssertionError
[36m   -[0m [#   8] AOR stack1: 
--------------------------------------------------------------------------------
   94:     ops = {'+': lambda a, b: (a + b), \
   95:         '-': lambda a, b: (a - b), \
   96:         '*': lambda a, b: (a * b), \
   97:         '/': lambda a, b: (a / b), \
[34m-  98:         '%': lambda a, b: (a % b), \[0m
[32m+  98:         '%': lambda a, b: (a * b), \[0m
   99:         '^': lambda a, b: (a ** b)}
  100:     
  101:     
  102:     tokens = string.split(' ')
--------------------------------------------------------------------------------
[0.27335 s] [32mkilled[0m by ALL-SMART-GPT-MUTMUT/test_stack1_MUTMUT.py::test_postfix_eval_modulus

def test_postfix_eval_modulus():
        result = postfix_eval("10 3 %")
>       assert result == 1
E       AssertionError

ALL-SMART-GPT-MUTMUT/test_stack1_MUTMUT.py:17: AssertionError
[36m   -[0m [#   9] AOR stack1: 
--------------------------------------------------------------------------------
   95:         '-': lambda a, b: (a - b), \
   96:         '*': lambda a, b: (a * b), \
   97:         '/': lambda a, b: (a / b), \
   98:         '%': lambda a, b: (a % b), \
[34m-  99:         '^': lambda a, b: (a ** b)}[0m
[32m+  99:         '^': lambda a, b: (a * b)}[0m
  100:     
  101:     
  102:     tokens = string.split(' ')
  103:     
--------------------------------------------------------------------------------
[0.24447 s] [32mkilled[0m by ALL-SMART-GPT-MUTMUT/test_stack1_MUTMUT.py::test_postfix_eval_exponentiation

def test_postfix_eval_exponentiation():
        result = postfix_eval("2 3 ^")
>       assert result == 8
E       AssertionError

ALL-SMART-GPT-MUTMUT/test_stack1_MUTMUT.py:21: AssertionError
[36m   -[0m [#  10] ASR stack1: 
--------------------------------------------------------------------------------
   22:             
   23:             self.top = item2
   24:             item2.next = item1
   25:         
[34m-  26:         self.size += 1[0m
[32m+  26:         self.size -= 1[0m
   27:     
   28:     def pop(self):
   29:         if self.top is None:
   30:             raise ValueError()
--------------------------------------------------------------------------------
[0.22968 s] [32mkilled[0m by ALL-SMART-GPT-MUTMUT/test_stack1_MOSA.py::test_case_8

def test_case_8():
        stack_0 = module_0.Stack()
        assert len(stack_0) == 0
        var_0 = stack_0.__len__()
        assert var_0 == 0
        none_type_0 = None
        var_1 = stack_0.push(none_type_0)
>       assert len(stack_0) == 1
E       ValueError: __len__() should return >= 0

ALL-SMART-GPT-MUTMUT/test_stack1_MOSA.py:57: ValueError
[36m   -[0m [#  11] ASR stack1: 
--------------------------------------------------------------------------------
   31:         else:
   32:             top_data = self.top.data
   33:             
   34:             self.top = self.top.next
[34m-  35:             self.size -= 1[0m
[32m+  35:             self.size += 1[0m
   36:             return top_data
   37:     
   38:     def peek(self):
   39:         if self.top is None:
--------------------------------------------------------------------------------
[0.24278 s] [32mkilled[0m by ALL-SMART-GPT-MUTMUT/test_stack1_MUTMUT.py::test_postfix_eval_add

def test_postfix_eval_add():
>       assert postfix_eval("2 3 +") == 5

ALL-SMART-GPT-MUTMUT/test_stack1_MUTMUT.py:5: 
_ _ _ _ _ _ _ _ _ _ _ _ _ _ _ _ _ _ _ _ _ _ _ _ _ _ _ _ _ _ _ _ _ _ _ _ _ _ _ _ 

string = '2 3 +'

>   ???
E   ValueError

stack1:131: ValueError
[36m   -[0m [#  12] CDI stack1: 
--------------------------------------------------------------------------------
    3:     thomas moll 2015
    4: '''
    5: 
    6: class Stack(object):
[34m-   7:     def __init__(self):[0m
[34m-   8:         self.size = 0[0m
[34m-   9:         self.top = None[0m
[34m-  10:     [0m
[32m+   7:     @classmethod[0m
[32m+   8:     def __init__(self):[0m
[32m+   9:         self.size = 0[0m
[32m+  10:         self.top = None[0m
   11:     def __len__(self):
   12:         return self.size
   13:     
   14:     def push(self, item):
--------------------------------------------------------------------------------
[0.26698 s] [31msurvived[0m
[36m   -[0m [#  13] CDI stack1: 
--------------------------------------------------------------------------------
    7:     def __init__(self):
    8:         self.size = 0
    9:         self.top = None
   10:     
[34m-  11:     def __len__(self):[0m
[34m-  12:         return self.size[0m
[34m-  13:     [0m
[32m+  11:     @classmethod[0m
[32m+  12:     def __len__(self):[0m
[32m+  13:         return self.size[0m
   14:     def push(self, item):
   15:         if self.top is None:
   16:             self.top = StackNode(item)
   17:         else:
--------------------------------------------------------------------------------
[0.24336 s] [32mkilled[0m by ALL-SMART-GPT-MUTMUT/test_stack1_MOSA.py::test_case_1

def test_case_1():
        stack_0 = module_0.Stack()
>       assert len(stack_0) == 0

ALL-SMART-GPT-MUTMUT/test_stack1_MOSA.py:12: 
_ _ _ _ _ _ _ _ _ _ _ _ _ _ _ _ _ _ _ _ _ _ _ _ _ _ _ _ _ _ _ _ _ _ _ _ _ _ _ _ 

self = <class 'stack1.Stack'>

>   ???
E   AttributeError: type object 'Stack' has no attribute 'size'

stack1:13: AttributeError
[36m   -[0m [#  14] CDI stack1: 
--------------------------------------------------------------------------------
   10:     
   11:     def __len__(self):
   12:         return self.size
   13:     
[34m-  14:     def push(self, item):[0m
[34m-  15:         if self.top is None:[0m
[34m-  16:             self.top = StackNode(item)[0m
[34m-  17:         else:[0m
[34m-  18:             [0m
[34m-  19:             item1 = self.top[0m
[34m-  20:             item2 = StackNode(item)[0m
[34m-  21:             [0m
[32m+  14:     @classmethod[0m
[32m+  15:     def push(self, item):[0m
[32m+  16:         if self.top is None:[0m
[32m+  17:             self.top = StackNode(item)[0m
[32m+  18:         else:[0m
[32m+  19:             [0m
[32m+  20:             item1 = self.top[0m
[32m+  21:             item2 = StackNode(item)[0m
   22:             
[34m-  23:             self.top = item2[0m
[34m-  24:             item2.next = item1[0m
[34m-  25:         [0m
[34m-  26:         self.size += 1[0m
[34m-  27:     [0m
[32m+  23:             [0m
[32m+  24:             self.top = item2[0m
[32m+  25:             item2.next = item1[0m
[32m+  26:         [0m
[32m+  27:         self.size += 1[0m
   28:     def pop(self):
   29:         if self.top is None:
   30:             raise ValueError()
   31:         else:
--------------------------------------------------------------------------------
[0.23526 s] [32mkilled[0m by ALL-SMART-GPT-MUTMUT/test_stack1_MOSA.py::test_case_0

def test_case_0():
        str_0 = '0'
>       var_0 = module_0.postfix_eval(str_0)

ALL-SMART-GPT-MUTMUT/test_stack1_MOSA.py:7: 
_ _ _ _ _ _ _ _ _ _ _ _ _ _ _ _ _ _ _ _ _ _ _ _ _ _ _ _ _ _ _ _ _ _ _ _ _ _ _ _ 
stack1:124: in postfix_eval
    ???
_ _ _ _ _ _ _ _ _ _ _ _ _ _ _ _ _ _ _ _ _ _ _ _ _ _ _ _ _ _ _ _ _ _ _ _ _ _ _ _ 

self = <class 'stack1.Stack'>, item = 0

>   ???
E   AttributeError: type object 'Stack' has no attribute 'top'

stack1:16: AttributeError
[36m   -[0m [#  15] CDI stack1: 
--------------------------------------------------------------------------------
   24:             item2.next = item1
   25:         
   26:         self.size += 1
   27:     
[34m-  28:     def pop(self):[0m
[34m-  29:         if self.top is None:[0m
[34m-  30:             raise ValueError()[0m
[34m-  31:         else:[0m
[34m-  32:             top_data = self.top.data[0m
[34m-  33:             [0m
[34m-  34:             self.top = self.top.next[0m
[34m-  35:             self.size -= 1[0m
[34m-  36:             return top_data[0m
[34m-  37:     [0m
[32m+  28:     @classmethod[0m
[32m+  29:     def pop(self):[0m
[32m+  30:         if self.top is None:[0m
[32m+  31:             raise ValueError()[0m
[32m+  32:         else:[0m
[32m+  33:             top_data = self.top.data[0m
[32m+  34:             [0m
[32m+  35:             self.top = self.top.next[0m
[32m+  36:             self.size -= 1[0m
[32m+  37:             return top_data[0m
   38:     def peek(self):
   39:         if self.top is None:
   40:             raise ValueError()
   41:         else:
--------------------------------------------------------------------------------
[0.22409 s] [32mkilled[0m by ALL-SMART-GPT-MUTMUT/test_stack1_MOSA.py::test_case_0

def test_case_0():
        str_0 = '0'
>       var_0 = module_0.postfix_eval(str_0)

ALL-SMART-GPT-MUTMUT/test_stack1_MOSA.py:7: 
_ _ _ _ _ _ _ _ _ _ _ _ _ _ _ _ _ _ _ _ _ _ _ _ _ _ _ _ _ _ _ _ _ _ _ _ _ _ _ _ 
stack1:133: in postfix_eval
    ???
_ _ _ _ _ _ _ _ _ _ _ _ _ _ _ _ _ _ _ _ _ _ _ _ _ _ _ _ _ _ _ _ _ _ _ _ _ _ _ _ 

self = <class 'stack1.Stack'>

>   ???
E   AttributeError: type object 'Stack' has no attribute 'top'

stack1:30: AttributeError
[36m   -[0m [#  16] CDI stack1: 
--------------------------------------------------------------------------------
   34:             self.top = self.top.next
   35:             self.size -= 1
   36:             return top_data
   37:     
[34m-  38:     def peek(self):[0m
[34m-  39:         if self.top is None:[0m
[34m-  40:             raise ValueError()[0m
[34m-  41:         else:[0m
[34m-  42:             return self.top.data[0m
[34m-  43: [0m
[32m+  38:     @classmethod[0m
[32m+  39:     def peek(self):[0m
[32m+  40:         if self.top is None:[0m
[32m+  41:             raise ValueError()[0m
[32m+  42:         else:[0m
[32m+  43:             return self.top.data[0m
   44: class StackNode(object):
   45:     ''' Look familiar? '''
   46:     def __init__(self, item):
   47:         self.data = item
--------------------------------------------------------------------------------
[0.28809 s] [32mkilled[0m by ALL-SMART-GPT-MUTMUT/test_stack1_MOSA.py::test_case_2

def test_case_2():
        stack_0 = module_0.Stack()
        assert len(stack_0) == 0
        with pytest.raises(ValueError):
>           stack_0.peek()

ALL-SMART-GPT-MUTMUT/test_stack1_MOSA.py:20: 
_ _ _ _ _ _ _ _ _ _ _ _ _ _ _ _ _ _ _ _ _ _ _ _ _ _ _ _ _ _ _ _ _ _ _ _ _ _ _ _ 

self = <class 'stack1.Stack'>

>   ???
E   AttributeError: type object 'Stack' has no attribute 'top'

stack1:40: AttributeError
[36m   -[0m [#  17] CDI stack1: 
--------------------------------------------------------------------------------
   42:             return self.top.data
   43: 
   44: class StackNode(object):
   45:     ''' Look familiar? '''
[34m-  46:     def __init__(self, item):[0m
[34m-  47:         self.data = item[0m
[34m-  48:         self.next = None[0m
[34m-  49: [0m
[32m+  46:     @classmethod[0m
[32m+  47:     def __init__(self, item):[0m
[32m+  48:         self.data = item[0m
[32m+  49:         self.next = None[0m
   50: def check_parenthesis(string):
   51:     stack = Stack()
   52:     
   53:     brackets = {'{': '}', '[': ']', '(': ')'}
--------------------------------------------------------------------------------
[0.24359 s] [32mkilled[0m by ALL-SMART-GPT-MUTMUT/test_stack1_MUTMUT.py::test_postfix_eval_add

def test_postfix_eval_add():
>       assert postfix_eval("2 3 +") == 5
E       AssertionError

ALL-SMART-GPT-MUTMUT/test_stack1_MUTMUT.py:5: AssertionError
[36m   -[0m [#  18] COI stack1: 
--------------------------------------------------------------------------------
   11:     def __len__(self):
   12:         return self.size
   13:     
   14:     def push(self, item):
[34m-  15:         if self.top is None:[0m
[32m+  15:         if not (self.top is None):[0m
   16:             self.top = StackNode(item)
   17:         else:
   18:             
   19:             item1 = self.top
--------------------------------------------------------------------------------
[0.23706 s] [32mkilled[0m by ALL-SMART-GPT-MUTMUT/test_stack1_MUTMUT.py::test_postfix_eval_add

def test_postfix_eval_add():
>       assert postfix_eval("2 3 +") == 5

ALL-SMART-GPT-MUTMUT/test_stack1_MUTMUT.py:5: 
_ _ _ _ _ _ _ _ _ _ _ _ _ _ _ _ _ _ _ _ _ _ _ _ _ _ _ _ _ _ _ _ _ _ _ _ _ _ _ _ 
stack1:118: in postfix_eval
    ???
stack1:110: in postfix_eval
    ???
_ _ _ _ _ _ _ _ _ _ _ _ _ _ _ _ _ _ _ _ _ _ _ _ _ _ _ _ _ _ _ _ _ _ _ _ _ _ _ _ 

self = <stack1.Stack object at 0x7fb1e0fc5420>

>   ???
E   ValueError

stack1:30: ValueError
[36m   -[0m [#  19] COI stack1: 
--------------------------------------------------------------------------------
   25:         
   26:         self.size += 1
   27:     
   28:     def pop(self):
[34m-  29:         if self.top is None:[0m
[32m+  29:         if not (self.top is None):[0m
   30:             raise ValueError()
   31:         else:
   32:             top_data = self.top.data
   33:             
--------------------------------------------------------------------------------
[0.23226 s] [32mkilled[0m by ALL-SMART-GPT-MUTMUT/test_stack1_MOSA.py::test_case_0

def test_case_0():
        str_0 = '0'
>       var_0 = module_0.postfix_eval(str_0)

ALL-SMART-GPT-MUTMUT/test_stack1_MOSA.py:7: 
_ _ _ _ _ _ _ _ _ _ _ _ _ _ _ _ _ _ _ _ _ _ _ _ _ _ _ _ _ _ _ _ _ _ _ _ _ _ _ _ 
stack1:133: in postfix_eval
    ???
_ _ _ _ _ _ _ _ _ _ _ _ _ _ _ _ _ _ _ _ _ _ _ _ _ _ _ _ _ _ _ _ _ _ _ _ _ _ _ _ 

self = <stack1.Stack object at 0x7fb1e10f9d80>

>   ???
E   ValueError

stack1:30: ValueError
[36m   -[0m [#  20] COI stack1: 
--------------------------------------------------------------------------------
   35:             self.size -= 1
   36:             return top_data
   37:     
   38:     def peek(self):
[34m-  39:         if self.top is None:[0m
[32m+  39:         if not (self.top is None):[0m
   40:             raise ValueError()
   41:         else:
   42:             return self.top.data
   43: 
--------------------------------------------------------------------------------
[0.23698 s] [32mkilled[0m by ALL-SMART-GPT-MUTMUT/test_stack1_MOSA.py::test_case_2

def test_case_2():
        stack_0 = module_0.Stack()
        assert len(stack_0) == 0
        with pytest.raises(ValueError):
>           stack_0.peek()

ALL-SMART-GPT-MUTMUT/test_stack1_MOSA.py:20: 
_ _ _ _ _ _ _ _ _ _ _ _ _ _ _ _ _ _ _ _ _ _ _ _ _ _ _ _ _ _ _ _ _ _ _ _ _ _ _ _ 

self = <stack1.Stack object at 0x7fb1e0e3c8b0>

>   ???
E   AttributeError: 'NoneType' object has no attribute 'data'

stack1:42: AttributeError
[36m   -[0m [#  21] COI stack1: 
--------------------------------------------------------------------------------
   53:     brackets = {'{': '}', '[': ']', '(': ')'}
   54:     
   55:     for character in string:
   56:         
[34m-  57:         if character in brackets.keys():[0m
[32m+  57:         if not (character in brackets.keys()):[0m
   58:             stack.push(character)
   59:         
   60:         
   61:         if character in brackets.values():
--------------------------------------------------------------------------------
[0.22282 s] [32mkilled[0m by ALL-SMART-GPT-MUTMUT/test_stack1_MOSA.py::test_case_3

def test_case_3():
        str_0 = 'Q[?#\\\')"v":\tCX|(x'
        stack_node_0 = module_0.StackNode(str_0)
>       var_0 = module_0.check_parenthesis(str_0)

ALL-SMART-GPT-MUTMUT/test_stack1_MOSA.py:25: 
_ _ _ _ _ _ _ _ _ _ _ _ _ _ _ _ _ _ _ _ _ _ _ _ _ _ _ _ _ _ _ _ _ _ _ _ _ _ _ _ 

string = 'Q[?#\\\')"v":\tCX|(x'

>   ???
E   KeyError: ')'

stack1:66: KeyError
[36m   -[0m [#  22] COI stack1: 
--------------------------------------------------------------------------------
   53:     brackets = {'{': '}', '[': ']', '(': ')'}
   54:     
   55:     for character in string:
   56:         
[34m-  57:         if character in brackets.keys():[0m
[32m+  57:         if character not in brackets.keys():[0m
   58:             stack.push(character)
   59:         
   60:         
   61:         if character in brackets.values():
--------------------------------------------------------------------------------
[0.22592 s] [32mkilled[0m by ALL-SMART-GPT-MUTMUT/test_stack1_MOSA.py::test_case_3

def test_case_3():
        str_0 = 'Q[?#\\\')"v":\tCX|(x'
        stack_node_0 = module_0.StackNode(str_0)
>       var_0 = module_0.check_parenthesis(str_0)

ALL-SMART-GPT-MUTMUT/test_stack1_MOSA.py:25: 
_ _ _ _ _ _ _ _ _ _ _ _ _ _ _ _ _ _ _ _ _ _ _ _ _ _ _ _ _ _ _ _ _ _ _ _ _ _ _ _ 

string = 'Q[?#\\\')"v":\tCX|(x'

>   ???
E   KeyError: ')'

stack1:66: KeyError
[36m   -[0m [#  23] COI stack1: 
--------------------------------------------------------------------------------
   57:         if character in brackets.keys():
   58:             stack.push(character)
   59:         
   60:         
[34m-  61:         if character in brackets.values():[0m
[32m+  61:         if not (character in brackets.values()):[0m
   62:             try:
   63:                 other = stack.pop()
   64:                 
   65:                 
--------------------------------------------------------------------------------
[0.21887 s] [32mkilled[0m by ALL-SMART-GPT-MUTMUT/test_stack1_MOSA.py::test_case_5

def test_case_5():
        bytes_0 = b'\x1a8\xa3\x01x\x91\xd5'
        str_0 = '`=r'
        var_0 = module_0.check_parenthesis(bytes_0)
>       assert var_0 is True
E       AssertionError

ALL-SMART-GPT-MUTMUT/test_stack1_MOSA.py:37: AssertionError
[36m   -[0m [#  24] COI stack1: 
--------------------------------------------------------------------------------
   57:         if character in brackets.keys():
   58:             stack.push(character)
   59:         
   60:         
[34m-  61:         if character in brackets.values():[0m
[32m+  61:         if character not in brackets.values():[0m
   62:             try:
   63:                 other = stack.pop()
   64:                 
   65:                 
--------------------------------------------------------------------------------
[0.22359 s] [32mkilled[0m by ALL-SMART-GPT-MUTMUT/test_stack1_MOSA.py::test_case_5

def test_case_5():
        bytes_0 = b'\x1a8\xa3\x01x\x91\xd5'
        str_0 = '`=r'
        var_0 = module_0.check_parenthesis(bytes_0)
>       assert var_0 is True
E       AssertionError

ALL-SMART-GPT-MUTMUT/test_stack1_MOSA.py:37: AssertionError
[36m   -[0m [#  25] COI stack1: 
--------------------------------------------------------------------------------
   62:             try:
   63:                 other = stack.pop()
   64:                 
   65:                 
[34m-  66:                 if brackets[other] != character:[0m
[32m+  66:                 if not (brackets[other] != character):[0m
   67:                     return False
   68:             
   69:             except ValueError:
   70:                 return False
--------------------------------------------------------------------------------
[0.28925 s] [32mkilled[0m by ALL-SMART-GPT-MUTMUT/test_stack1_DYNAMOSA.py::test_case_11

def test_case_11():
        str_0 = '(T lON)_'
        var_0 = module_0.check_parenthesis(str_0)
>       assert var_0 is True
E       AssertionError

ALL-SMART-GPT-MUTMUT/test_stack1_DYNAMOSA.py:92: AssertionError
[36m   -[0m [#  26] COI stack1: 
--------------------------------------------------------------------------------
   68:             
   69:             except ValueError:
   70:                 return False
   71:     
[34m-  72:     if stack.size != 0:[0m
[32m+  72:     if not (stack.size != 0):[0m
   73:         return False
   74:     else:
   75:         
   76:         return True
--------------------------------------------------------------------------------
[0.29427 s] [32mkilled[0m by ALL-SMART-GPT-MUTMUT/test_stack1_MOSA.py::test_case_5

def test_case_5():
        bytes_0 = b'\x1a8\xa3\x01x\x91\xd5'
        str_0 = '`=r'
        var_0 = module_0.check_parenthesis(bytes_0)
>       assert var_0 is True
E       AssertionError

ALL-SMART-GPT-MUTMUT/test_stack1_MOSA.py:37: AssertionError
[36m   -[0m [#  27] COI stack1: 
--------------------------------------------------------------------------------
  102:     tokens = string.split(' ')
  103:     
  104:     for character in tokens:
  105:         
[34m- 106:         if character in ops.keys():[0m
[32m+ 106:         if not (character in ops.keys()):[0m
  107:             try:
  108:                 
  109:                 right = stack.pop()
  110:                 left = stack.pop()
--------------------------------------------------------------------------------
[0.26853 s] [32mkilled[0m by ALL-SMART-GPT-MUTMUT/test_stack1_MOSA.py::test_case_0

def test_case_0():
        str_0 = '0'
>       var_0 = module_0.postfix_eval(str_0)

ALL-SMART-GPT-MUTMUT/test_stack1_MOSA.py:7: 
_ _ _ _ _ _ _ _ _ _ _ _ _ _ _ _ _ _ _ _ _ _ _ _ _ _ _ _ _ _ _ _ _ _ _ _ _ _ _ _ 
stack1:118: in postfix_eval
    ???
stack1:109: in postfix_eval
    ???
_ _ _ _ _ _ _ _ _ _ _ _ _ _ _ _ _ _ _ _ _ _ _ _ _ _ _ _ _ _ _ _ _ _ _ _ _ _ _ _ 

self = <stack1.Stack object at 0x7fb1e103ddb0>

>   ???
E   ValueError

stack1:30: ValueError
[36m   -[0m [#  28] COI stack1: 
--------------------------------------------------------------------------------
  102:     tokens = string.split(' ')
  103:     
  104:     for character in tokens:
  105:         
[34m- 106:         if character in ops.keys():[0m
[32m+ 106:         if character not in ops.keys():[0m
  107:             try:
  108:                 
  109:                 right = stack.pop()
  110:                 left = stack.pop()
--------------------------------------------------------------------------------
[0.23652 s] [32mkilled[0m by ALL-SMART-GPT-MUTMUT/test_stack1_MOSA.py::test_case_0

def test_case_0():
        str_0 = '0'
>       var_0 = module_0.postfix_eval(str_0)

ALL-SMART-GPT-MUTMUT/test_stack1_MOSA.py:7: 
_ _ _ _ _ _ _ _ _ _ _ _ _ _ _ _ _ _ _ _ _ _ _ _ _ _ _ _ _ _ _ _ _ _ _ _ _ _ _ _ 
stack1:118: in postfix_eval
    ???
stack1:109: in postfix_eval
    ???
_ _ _ _ _ _ _ _ _ _ _ _ _ _ _ _ _ _ _ _ _ _ _ _ _ _ _ _ _ _ _ _ _ _ _ _ _ _ _ _ 

self = <stack1.Stack object at 0x7fb1e0e3e770>

>   ???
E   ValueError

stack1:30: ValueError
[36m   -[0m [#  29] COI stack1: 
--------------------------------------------------------------------------------
  126:             except ValueError as e:
  127:                 raise e
  128:     
  129:     
[34m- 130:     if stack.size > 1:[0m
[32m+ 130:     if not (stack.size > 1):[0m
  131:         raise ValueError()
  132:     
  133:     return stack.pop()
--------------------------------------------------------------------------------
[0.21933 s] [32mkilled[0m by ALL-SMART-GPT-MUTMUT/test_stack1_MOSA.py::test_case_0

def test_case_0():
        str_0 = '0'
>       var_0 = module_0.postfix_eval(str_0)

ALL-SMART-GPT-MUTMUT/test_stack1_MOSA.py:7: 
_ _ _ _ _ _ _ _ _ _ _ _ _ _ _ _ _ _ _ _ _ _ _ _ _ _ _ _ _ _ _ _ _ _ _ _ _ _ _ _ 

string = '0'

>   ???
E   ValueError

stack1:131: ValueError
[36m   -[0m [#  30] CRP stack1: 
--------------------------------------------------------------------------------
    4: '''
    5: 
    6: class Stack(object):
    7:     def __init__(self):
[34m-   8:         self.size = 0[0m
[32m+   8:         self.size = 1[0m
    9:         self.top = None
   10:     
   11:     def __len__(self):
   12:         return self.size
--------------------------------------------------------------------------------
[0.21063 s] [32mkilled[0m by ALL-SMART-GPT-MUTMUT/test_stack1_MOSA.py::test_case_0

def test_case_0():
        str_0 = '0'
>       var_0 = module_0.postfix_eval(str_0)

ALL-SMART-GPT-MUTMUT/test_stack1_MOSA.py:7: 
_ _ _ _ _ _ _ _ _ _ _ _ _ _ _ _ _ _ _ _ _ _ _ _ _ _ _ _ _ _ _ _ _ _ _ _ _ _ _ _ 

string = '0'

>   ???
E   ValueError

stack1:131: ValueError
[36m   -[0m [#  31] CRP stack1: 
--------------------------------------------------------------------------------
   22:             
   23:             self.top = item2
   24:             item2.next = item1
   25:         
[34m-  26:         self.size += 1[0m
[32m+  26:         self.size += 2[0m
   27:     
   28:     def pop(self):
   29:         if self.top is None:
   30:             raise ValueError()
--------------------------------------------------------------------------------
[0.27758 s] [32mkilled[0m by ALL-SMART-GPT-MUTMUT/test_stack1_MOSA.py::test_case_0

def test_case_0():
        str_0 = '0'
>       var_0 = module_0.postfix_eval(str_0)

ALL-SMART-GPT-MUTMUT/test_stack1_MOSA.py:7: 
_ _ _ _ _ _ _ _ _ _ _ _ _ _ _ _ _ _ _ _ _ _ _ _ _ _ _ _ _ _ _ _ _ _ _ _ _ _ _ _ 

string = '0'

>   ???
E   ValueError

stack1:131: ValueError
[36m   -[0m [#  32] CRP stack1: 
--------------------------------------------------------------------------------
   31:         else:
   32:             top_data = self.top.data
   33:             
   34:             self.top = self.top.next
[34m-  35:             self.size -= 1[0m
[32m+  35:             self.size -= 2[0m
   36:             return top_data
   37:     
   38:     def peek(self):
   39:         if self.top is None:
--------------------------------------------------------------------------------
[0.26304 s] [32mkilled[0m by ALL-SMART-GPT-MUTMUT/test_stack1_DYNAMOSA.py::test_case_11

def test_case_11():
        str_0 = '(T lON)_'
        var_0 = module_0.check_parenthesis(str_0)
>       assert var_0 is True
E       AssertionError

ALL-SMART-GPT-MUTMUT/test_stack1_DYNAMOSA.py:92: AssertionError
[36m   -[0m [#  33] CRP stack1: 
--------------------------------------------------------------------------------
   49: 
   50: def check_parenthesis(string):
   51:     stack = Stack()
   52:     
[34m-  53:     brackets = {'{': '}', '[': ']', '(': ')'}[0m
[32m+  53:     brackets = {'mutpy': '}', '[': ']', '(': ')'}[0m
   54:     
   55:     for character in string:
   56:         
   57:         if character in brackets.keys():
--------------------------------------------------------------------------------
[0.26076 s] [32mkilled[0m by ALL-SMART-GPT-MUTMUT/test_stack1_DYNAMOSA.py::test_case_6

def test_case_6():
        str_0 = 'dLrqj0=`{6N&8'
        var_0 = module_0.check_parenthesis(str_0)
>       assert var_0 is False
E       AssertionError

ALL-SMART-GPT-MUTMUT/test_stack1_DYNAMOSA.py:45: AssertionError
[36m   -[0m [#  34] CRP stack1: 
--------------------------------------------------------------------------------
   49: 
   50: def check_parenthesis(string):
   51:     stack = Stack()
   52:     
[34m-  53:     brackets = {'{': '}', '[': ']', '(': ')'}[0m
[32m+  53:     brackets = {'': '}', '[': ']', '(': ')'}[0m
   54:     
   55:     for character in string:
   56:         
   57:         if character in brackets.keys():
--------------------------------------------------------------------------------
[0.25520 s] [32mkilled[0m by ALL-SMART-GPT-MUTMUT/test_stack1_DYNAMOSA.py::test_case_6

def test_case_6():
        str_0 = 'dLrqj0=`{6N&8'
        var_0 = module_0.check_parenthesis(str_0)
>       assert var_0 is False
E       AssertionError

ALL-SMART-GPT-MUTMUT/test_stack1_DYNAMOSA.py:45: AssertionError
[36m   -[0m [#  35] CRP stack1: 
--------------------------------------------------------------------------------
   49: 
   50: def check_parenthesis(string):
   51:     stack = Stack()
   52:     
[34m-  53:     brackets = {'{': '}', '[': ']', '(': ')'}[0m
[32m+  53:     brackets = {'{': '}', 'mutpy': ']', '(': ')'}[0m
   54:     
   55:     for character in string:
   56:         
   57:         if character in brackets.keys():
--------------------------------------------------------------------------------
[0.27979 s] [32mkilled[0m by ALL-SMART-GPT-MUTMUT/test_stack1_WHOLE_SUITE.py::test_case_5

def test_case_5():
        str_0 = '%V[^8\x0b3#niiMS&'
        var_0 = module_0.check_parenthesis(str_0)
>       assert var_0 is False
E       AssertionError

ALL-SMART-GPT-MUTMUT/test_stack1_WHOLE_SUITE.py:50: AssertionError
[36m   -[0m [#  36] CRP stack1: 
--------------------------------------------------------------------------------
   49: 
   50: def check_parenthesis(string):
   51:     stack = Stack()
   52:     
[34m-  53:     brackets = {'{': '}', '[': ']', '(': ')'}[0m
[32m+  53:     brackets = {'{': '}', '': ']', '(': ')'}[0m
   54:     
   55:     for character in string:
   56:         
   57:         if character in brackets.keys():
--------------------------------------------------------------------------------
[0.27678 s] [32mkilled[0m by ALL-SMART-GPT-MUTMUT/test_stack1_WHOLE_SUITE.py::test_case_5

def test_case_5():
        str_0 = '%V[^8\x0b3#niiMS&'
        var_0 = module_0.check_parenthesis(str_0)
>       assert var_0 is False
E       AssertionError

ALL-SMART-GPT-MUTMUT/test_stack1_WHOLE_SUITE.py:50: AssertionError
[36m   -[0m [#  37] CRP stack1: 
--------------------------------------------------------------------------------
   49: 
   50: def check_parenthesis(string):
   51:     stack = Stack()
   52:     
[34m-  53:     brackets = {'{': '}', '[': ']', '(': ')'}[0m
[32m+  53:     brackets = {'{': '}', '[': ']', 'mutpy': ')'}[0m
   54:     
   55:     for character in string:
   56:         
   57:         if character in brackets.keys():
--------------------------------------------------------------------------------
[0.31484 s] [32mkilled[0m by ALL-SMART-GPT-MUTMUT/test_stack1_MOSA.py::test_case_6

def test_case_6():
        str_0 = "X(@\\>u'G"
        var_0 = module_0.check_parenthesis(str_0)
>       assert var_0 is False
E       AssertionError

ALL-SMART-GPT-MUTMUT/test_stack1_MOSA.py:44: AssertionError
[36m   -[0m [#  38] CRP stack1: 
--------------------------------------------------------------------------------
   49: 
   50: def check_parenthesis(string):
   51:     stack = Stack()
   52:     
[34m-  53:     brackets = {'{': '}', '[': ']', '(': ')'}[0m
[32m+  53:     brackets = {'{': '}', '[': ']', '': ')'}[0m
   54:     
   55:     for character in string:
   56:         
   57:         if character in brackets.keys():
--------------------------------------------------------------------------------
[0.29865 s] [32mkilled[0m by ALL-SMART-GPT-MUTMUT/test_stack1_MOSA.py::test_case_6

def test_case_6():
        str_0 = "X(@\\>u'G"
        var_0 = module_0.check_parenthesis(str_0)
>       assert var_0 is False
E       AssertionError

ALL-SMART-GPT-MUTMUT/test_stack1_MOSA.py:44: AssertionError
[36m   -[0m [#  39] CRP stack1: 
--------------------------------------------------------------------------------
   49: 
   50: def check_parenthesis(string):
   51:     stack = Stack()
   52:     
[34m-  53:     brackets = {'{': '}', '[': ']', '(': ')'}[0m
[32m+  53:     brackets = {'{': 'mutpy', '[': ']', '(': ')'}[0m
   54:     
   55:     for character in string:
   56:         
   57:         if character in brackets.keys():
--------------------------------------------------------------------------------
[0.27507 s] [32mkilled[0m by ALL-SMART-GPT-MUTMUT/test_stack1_WHOLE_SUITE.py::test_case_11

def test_case_11():
        str_0 = 'a"e{v#}1l$1\rqjR!'
        var_0 = module_0.check_parenthesis(str_0)
>       assert var_0 is True
E       AssertionError

ALL-SMART-GPT-MUTMUT/test_stack1_WHOLE_SUITE.py:88: AssertionError
[36m   -[0m [#  40] CRP stack1: 
--------------------------------------------------------------------------------
   49: 
   50: def check_parenthesis(string):
   51:     stack = Stack()
   52:     
[34m-  53:     brackets = {'{': '}', '[': ']', '(': ')'}[0m
[32m+  53:     brackets = {'{': '', '[': ']', '(': ')'}[0m
   54:     
   55:     for character in string:
   56:         
   57:         if character in brackets.keys():
--------------------------------------------------------------------------------
[0.30354 s] [32mkilled[0m by ALL-SMART-GPT-MUTMUT/test_stack1_WHOLE_SUITE.py::test_case_11

def test_case_11():
        str_0 = 'a"e{v#}1l$1\rqjR!'
        var_0 = module_0.check_parenthesis(str_0)
>       assert var_0 is True
E       AssertionError

ALL-SMART-GPT-MUTMUT/test_stack1_WHOLE_SUITE.py:88: AssertionError
[36m   -[0m [#  41] CRP stack1: 
--------------------------------------------------------------------------------
   49: 
   50: def check_parenthesis(string):
   51:     stack = Stack()
   52:     
[34m-  53:     brackets = {'{': '}', '[': ']', '(': ')'}[0m
[32m+  53:     brackets = {'{': '}', '[': 'mutpy', '(': ')'}[0m
   54:     
   55:     for character in string:
   56:         
   57:         if character in brackets.keys():
--------------------------------------------------------------------------------
[0.30722 s] [32mkilled[0m by ALL-SMART-GPT-MUTMUT/test_stack1_MIO.py::test_case_9

def test_case_9():
        str_0 = '1~ZY[]TI0m%"BbE3G^'
        var_0 = module_0.check_parenthesis(str_0)
>       assert var_0 is True
E       AssertionError

ALL-SMART-GPT-MUTMUT/test_stack1_MIO.py:60: AssertionError
[36m   -[0m [#  42] CRP stack1: 
--------------------------------------------------------------------------------
   49: 
   50: def check_parenthesis(string):
   51:     stack = Stack()
   52:     
[34m-  53:     brackets = {'{': '}', '[': ']', '(': ')'}[0m
[32m+  53:     brackets = {'{': '}', '[': '', '(': ')'}[0m
   54:     
   55:     for character in string:
   56:         
   57:         if character in brackets.keys():
--------------------------------------------------------------------------------
[0.31303 s] [32mkilled[0m by ALL-SMART-GPT-MUTMUT/test_stack1_MIO.py::test_case_9

def test_case_9():
        str_0 = '1~ZY[]TI0m%"BbE3G^'
        var_0 = module_0.check_parenthesis(str_0)
>       assert var_0 is True
E       AssertionError

ALL-SMART-GPT-MUTMUT/test_stack1_MIO.py:60: AssertionError
[36m   -[0m [#  43] CRP stack1: 
--------------------------------------------------------------------------------
   49: 
   50: def check_parenthesis(string):
   51:     stack = Stack()
   52:     
[34m-  53:     brackets = {'{': '}', '[': ']', '(': ')'}[0m
[32m+  53:     brackets = {'{': '}', '[': ']', '(': 'mutpy'}[0m
   54:     
   55:     for character in string:
   56:         
   57:         if character in brackets.keys():
--------------------------------------------------------------------------------
[0.24270 s] [32mkilled[0m by ALL-SMART-GPT-MUTMUT/test_stack1_MOSA.py::test_case_4

def test_case_4():
        str_0 = 't)z?xNb)'
        var_0 = module_0.check_parenthesis(str_0)
>       assert var_0 is False
E       AssertionError

ALL-SMART-GPT-MUTMUT/test_stack1_MOSA.py:31: AssertionError
[36m   -[0m [#  44] CRP stack1: 
--------------------------------------------------------------------------------
   49: 
   50: def check_parenthesis(string):
   51:     stack = Stack()
   52:     
[34m-  53:     brackets = {'{': '}', '[': ']', '(': ')'}[0m
[32m+  53:     brackets = {'{': '}', '[': ']', '(': ''}[0m
   54:     
   55:     for character in string:
   56:         
   57:         if character in brackets.keys():
--------------------------------------------------------------------------------
[0.23010 s] [32mkilled[0m by ALL-SMART-GPT-MUTMUT/test_stack1_MOSA.py::test_case_4

def test_case_4():
        str_0 = 't)z?xNb)'
        var_0 = module_0.check_parenthesis(str_0)
>       assert var_0 is False
E       AssertionError

ALL-SMART-GPT-MUTMUT/test_stack1_MOSA.py:31: AssertionError
[36m   -[0m [#  45] CRP stack1: 
--------------------------------------------------------------------------------
   68:             
   69:             except ValueError:
   70:                 return False
   71:     
[34m-  72:     if stack.size != 0:[0m
[32m+  72:     if stack.size != 1:[0m
   73:         return False
   74:     else:
   75:         
   76:         return True
--------------------------------------------------------------------------------
[0.21692 s] [32mkilled[0m by ALL-SMART-GPT-MUTMUT/test_stack1_MOSA.py::test_case_5

def test_case_5():
        bytes_0 = b'\x1a8\xa3\x01x\x91\xd5'
        str_0 = '`=r'
        var_0 = module_0.check_parenthesis(bytes_0)
>       assert var_0 is True
E       AssertionError

ALL-SMART-GPT-MUTMUT/test_stack1_MOSA.py:37: AssertionError
[36m   -[0m [#  46] CRP stack1: 
--------------------------------------------------------------------------------
   90:         The add function can also be accessed via the ``operator``
   91:         module.
   92:     """
   93:     stack = Stack()
[34m-  94:     ops = {'+': lambda a, b: (a + b), \[0m
[32m+  94:     ops = {'mutpy': lambda a, b: (a + b), \[0m
   95:         '-': lambda a, b: (a - b), \
   96:         '*': lambda a, b: (a * b), \
   97:         '/': lambda a, b: (a / b), \
   98:         '%': lambda a, b: (a % b), \
--------------------------------------------------------------------------------
[0.25393 s] [32mkilled[0m by ALL-SMART-GPT-MUTMUT/test_stack1_MUTMUT.py::test_postfix_eval_add

def test_postfix_eval_add():
>       assert postfix_eval("2 3 +") == 5

ALL-SMART-GPT-MUTMUT/test_stack1_MUTMUT.py:5: 
_ _ _ _ _ _ _ _ _ _ _ _ _ _ _ _ _ _ _ _ _ _ _ _ _ _ _ _ _ _ _ _ _ _ _ _ _ _ _ _ 
stack1:127: in postfix_eval
    ???
_ _ _ _ _ _ _ _ _ _ _ _ _ _ _ _ _ _ _ _ _ _ _ _ _ _ _ _ _ _ _ _ _ _ _ _ _ _ _ _ 

string = '2 3 +'

>   ???
E   ValueError: invalid literal for int() with base 10: '+'

stack1:123: ValueError
[36m   -[0m [#  47] CRP stack1: 
--------------------------------------------------------------------------------
   90:         The add function can also be accessed via the ``operator``
   91:         module.
   92:     """
   93:     stack = Stack()
[34m-  94:     ops = {'+': lambda a, b: (a + b), \[0m
[32m+  94:     ops = {'': lambda a, b: (a + b), \[0m
   95:         '-': lambda a, b: (a - b), \
   96:         '*': lambda a, b: (a * b), \
   97:         '/': lambda a, b: (a / b), \
   98:         '%': lambda a, b: (a % b), \
--------------------------------------------------------------------------------
[0.24654 s] [32mkilled[0m by ALL-SMART-GPT-MUTMUT/test_stack1_MUTMUT.py::test_postfix_eval_add

def test_postfix_eval_add():
>       assert postfix_eval("2 3 +") == 5

ALL-SMART-GPT-MUTMUT/test_stack1_MUTMUT.py:5: 
_ _ _ _ _ _ _ _ _ _ _ _ _ _ _ _ _ _ _ _ _ _ _ _ _ _ _ _ _ _ _ _ _ _ _ _ _ _ _ _ 
stack1:127: in postfix_eval
    ???
_ _ _ _ _ _ _ _ _ _ _ _ _ _ _ _ _ _ _ _ _ _ _ _ _ _ _ _ _ _ _ _ _ _ _ _ _ _ _ _ 

string = '2 3 +'

>   ???
E   ValueError: invalid literal for int() with base 10: '+'

stack1:123: ValueError
[36m   -[0m [#  48] CRP stack1: 
--------------------------------------------------------------------------------
   91:         module.
   92:     """
   93:     stack = Stack()
   94:     ops = {'+': lambda a, b: (a + b), \
[34m-  95:         '-': lambda a, b: (a - b), \[0m
[32m+  95:         'mutpy': lambda a, b: (a - b), \[0m
   96:         '*': lambda a, b: (a * b), \
   97:         '/': lambda a, b: (a / b), \
   98:         '%': lambda a, b: (a % b), \
   99:         '^': lambda a, b: (a ** b)}
--------------------------------------------------------------------------------
[0.32545 s] [32mkilled[0m by ALL-SMART-GPT-MUTMUT/test_stack1_MUTMUT.py::test_postfix_eval_subtraction

def test_postfix_eval_subtraction():
>       result = postfix_eval("7 3 -")

ALL-SMART-GPT-MUTMUT/test_stack1_MUTMUT.py:24: 
_ _ _ _ _ _ _ _ _ _ _ _ _ _ _ _ _ _ _ _ _ _ _ _ _ _ _ _ _ _ _ _ _ _ _ _ _ _ _ _ 
stack1:127: in postfix_eval
    ???
_ _ _ _ _ _ _ _ _ _ _ _ _ _ _ _ _ _ _ _ _ _ _ _ _ _ _ _ _ _ _ _ _ _ _ _ _ _ _ _ 

string = '7 3 -'

>   ???
E   ValueError: invalid literal for int() with base 10: '-'

stack1:123: ValueError
[36m   -[0m [#  49] CRP stack1: 
--------------------------------------------------------------------------------
   91:         module.
   92:     """
   93:     stack = Stack()
   94:     ops = {'+': lambda a, b: (a + b), \
[34m-  95:         '-': lambda a, b: (a - b), \[0m
[32m+  95:         '': lambda a, b: (a - b), \[0m
   96:         '*': lambda a, b: (a * b), \
   97:         '/': lambda a, b: (a / b), \
   98:         '%': lambda a, b: (a % b), \
   99:         '^': lambda a, b: (a ** b)}
--------------------------------------------------------------------------------
[0.32704 s] [32mkilled[0m by ALL-SMART-GPT-MUTMUT/test_stack1_MUTMUT.py::test_postfix_eval_subtraction

def test_postfix_eval_subtraction():
>       result = postfix_eval("7 3 -")

ALL-SMART-GPT-MUTMUT/test_stack1_MUTMUT.py:24: 
_ _ _ _ _ _ _ _ _ _ _ _ _ _ _ _ _ _ _ _ _ _ _ _ _ _ _ _ _ _ _ _ _ _ _ _ _ _ _ _ 
stack1:127: in postfix_eval
    ???
_ _ _ _ _ _ _ _ _ _ _ _ _ _ _ _ _ _ _ _ _ _ _ _ _ _ _ _ _ _ _ _ _ _ _ _ _ _ _ _ 

string = '7 3 -'

>   ???
E   ValueError: invalid literal for int() with base 10: '-'

stack1:123: ValueError
[36m   -[0m [#  50] CRP stack1: 
--------------------------------------------------------------------------------
   92:     """
   93:     stack = Stack()
   94:     ops = {'+': lambda a, b: (a + b), \
   95:         '-': lambda a, b: (a - b), \
[34m-  96:         '*': lambda a, b: (a * b), \[0m
[32m+  96:         'mutpy': lambda a, b: (a * b), \[0m
   97:         '/': lambda a, b: (a / b), \
   98:         '%': lambda a, b: (a % b), \
   99:         '^': lambda a, b: (a ** b)}
  100:     
--------------------------------------------------------------------------------
[0.25427 s] [32mkilled[0m by ALL-SMART-GPT-MUTMUT/test_stack1_MUTMUT.py::test_postfix_eval_multiplication

def test_postfix_eval_multiplication():
>       result = postfix_eval("3 4 *")

ALL-SMART-GPT-MUTMUT/test_stack1_MUTMUT.py:8: 
_ _ _ _ _ _ _ _ _ _ _ _ _ _ _ _ _ _ _ _ _ _ _ _ _ _ _ _ _ _ _ _ _ _ _ _ _ _ _ _ 
stack1:127: in postfix_eval
    ???
_ _ _ _ _ _ _ _ _ _ _ _ _ _ _ _ _ _ _ _ _ _ _ _ _ _ _ _ _ _ _ _ _ _ _ _ _ _ _ _ 

string = '3 4 *'

>   ???
E   ValueError: invalid literal for int() with base 10: '*'

stack1:123: ValueError
[36m   -[0m [#  51] CRP stack1: 
--------------------------------------------------------------------------------
   92:     """
   93:     stack = Stack()
   94:     ops = {'+': lambda a, b: (a + b), \
   95:         '-': lambda a, b: (a - b), \
[34m-  96:         '*': lambda a, b: (a * b), \[0m
[32m+  96:         '': lambda a, b: (a * b), \[0m
   97:         '/': lambda a, b: (a / b), \
   98:         '%': lambda a, b: (a % b), \
   99:         '^': lambda a, b: (a ** b)}
  100:     
--------------------------------------------------------------------------------
[0.23870 s] [32mkilled[0m by ALL-SMART-GPT-MUTMUT/test_stack1_MUTMUT.py::test_postfix_eval_multiplication

def test_postfix_eval_multiplication():
>       result = postfix_eval("3 4 *")

ALL-SMART-GPT-MUTMUT/test_stack1_MUTMUT.py:8: 
_ _ _ _ _ _ _ _ _ _ _ _ _ _ _ _ _ _ _ _ _ _ _ _ _ _ _ _ _ _ _ _ _ _ _ _ _ _ _ _ 
stack1:127: in postfix_eval
    ???
_ _ _ _ _ _ _ _ _ _ _ _ _ _ _ _ _ _ _ _ _ _ _ _ _ _ _ _ _ _ _ _ _ _ _ _ _ _ _ _ 

string = '3 4 *'

>   ???
E   ValueError: invalid literal for int() with base 10: '*'

stack1:123: ValueError
[36m   -[0m [#  52] CRP stack1: 
--------------------------------------------------------------------------------
   93:     stack = Stack()
   94:     ops = {'+': lambda a, b: (a + b), \
   95:         '-': lambda a, b: (a - b), \
   96:         '*': lambda a, b: (a * b), \
[34m-  97:         '/': lambda a, b: (a / b), \[0m
[32m+  97:         'mutpy': lambda a, b: (a / b), \[0m
   98:         '%': lambda a, b: (a % b), \
   99:         '^': lambda a, b: (a ** b)}
  100:     
  101:     
--------------------------------------------------------------------------------
[0.25824 s] [32mkilled[0m by ALL-SMART-GPT-MUTMUT/test_stack1_MUTMUT.py::test_postfix_eval_general_division

def test_postfix_eval_general_division():
>       result = postfix_eval("9 2 /")

ALL-SMART-GPT-MUTMUT/test_stack1_MUTMUT.py:12: 
_ _ _ _ _ _ _ _ _ _ _ _ _ _ _ _ _ _ _ _ _ _ _ _ _ _ _ _ _ _ _ _ _ _ _ _ _ _ _ _ 
stack1:127: in postfix_eval
    ???
_ _ _ _ _ _ _ _ _ _ _ _ _ _ _ _ _ _ _ _ _ _ _ _ _ _ _ _ _ _ _ _ _ _ _ _ _ _ _ _ 

string = '9 2 /'

>   ???
E   ValueError: invalid literal for int() with base 10: '/'

stack1:123: ValueError
[36m   -[0m [#  53] CRP stack1: 
--------------------------------------------------------------------------------
   93:     stack = Stack()
   94:     ops = {'+': lambda a, b: (a + b), \
   95:         '-': lambda a, b: (a - b), \
   96:         '*': lambda a, b: (a * b), \
[34m-  97:         '/': lambda a, b: (a / b), \[0m
[32m+  97:         '': lambda a, b: (a / b), \[0m
   98:         '%': lambda a, b: (a % b), \
   99:         '^': lambda a, b: (a ** b)}
  100:     
  101:     
--------------------------------------------------------------------------------
[0.25781 s] [32mkilled[0m by ALL-SMART-GPT-MUTMUT/test_stack1_MUTMUT.py::test_postfix_eval_general_division

def test_postfix_eval_general_division():
>       result = postfix_eval("9 2 /")

ALL-SMART-GPT-MUTMUT/test_stack1_MUTMUT.py:12: 
_ _ _ _ _ _ _ _ _ _ _ _ _ _ _ _ _ _ _ _ _ _ _ _ _ _ _ _ _ _ _ _ _ _ _ _ _ _ _ _ 
stack1:127: in postfix_eval
    ???
_ _ _ _ _ _ _ _ _ _ _ _ _ _ _ _ _ _ _ _ _ _ _ _ _ _ _ _ _ _ _ _ _ _ _ _ _ _ _ _ 

string = '9 2 /'

>   ???
E   ValueError: invalid literal for int() with base 10: '/'

stack1:123: ValueError
[36m   -[0m [#  54] CRP stack1: 
--------------------------------------------------------------------------------
   94:     ops = {'+': lambda a, b: (a + b), \
   95:         '-': lambda a, b: (a - b), \
   96:         '*': lambda a, b: (a * b), \
   97:         '/': lambda a, b: (a / b), \
[34m-  98:         '%': lambda a, b: (a % b), \[0m
[32m+  98:         'mutpy': lambda a, b: (a % b), \[0m
   99:         '^': lambda a, b: (a ** b)}
  100:     
  101:     
  102:     tokens = string.split(' ')
--------------------------------------------------------------------------------
[0.26978 s] [32mkilled[0m by ALL-SMART-GPT-MUTMUT/test_stack1_MUTMUT.py::test_postfix_eval_modulus

def test_postfix_eval_modulus():
>       result = postfix_eval("10 3 %")

ALL-SMART-GPT-MUTMUT/test_stack1_MUTMUT.py:16: 
_ _ _ _ _ _ _ _ _ _ _ _ _ _ _ _ _ _ _ _ _ _ _ _ _ _ _ _ _ _ _ _ _ _ _ _ _ _ _ _ 
stack1:127: in postfix_eval
    ???
_ _ _ _ _ _ _ _ _ _ _ _ _ _ _ _ _ _ _ _ _ _ _ _ _ _ _ _ _ _ _ _ _ _ _ _ _ _ _ _ 

string = '10 3 %'

>   ???
E   ValueError: invalid literal for int() with base 10: '%'

stack1:123: ValueError
[36m   -[0m [#  55] CRP stack1: 
--------------------------------------------------------------------------------
   94:     ops = {'+': lambda a, b: (a + b), \
   95:         '-': lambda a, b: (a - b), \
   96:         '*': lambda a, b: (a * b), \
   97:         '/': lambda a, b: (a / b), \
[34m-  98:         '%': lambda a, b: (a % b), \[0m
[32m+  98:         '': lambda a, b: (a % b), \[0m
   99:         '^': lambda a, b: (a ** b)}
  100:     
  101:     
  102:     tokens = string.split(' ')
--------------------------------------------------------------------------------
[0.24587 s] [32mkilled[0m by ALL-SMART-GPT-MUTMUT/test_stack1_MUTMUT.py::test_postfix_eval_modulus

def test_postfix_eval_modulus():
>       result = postfix_eval("10 3 %")

ALL-SMART-GPT-MUTMUT/test_stack1_MUTMUT.py:16: 
_ _ _ _ _ _ _ _ _ _ _ _ _ _ _ _ _ _ _ _ _ _ _ _ _ _ _ _ _ _ _ _ _ _ _ _ _ _ _ _ 
stack1:127: in postfix_eval
    ???
_ _ _ _ _ _ _ _ _ _ _ _ _ _ _ _ _ _ _ _ _ _ _ _ _ _ _ _ _ _ _ _ _ _ _ _ _ _ _ _ 

string = '10 3 %'

>   ???
E   ValueError: invalid literal for int() with base 10: '%'

stack1:123: ValueError
[36m   -[0m [#  56] CRP stack1: 
--------------------------------------------------------------------------------
   95:         '-': lambda a, b: (a - b), \
   96:         '*': lambda a, b: (a * b), \
   97:         '/': lambda a, b: (a / b), \
   98:         '%': lambda a, b: (a % b), \
[34m-  99:         '^': lambda a, b: (a ** b)}[0m
[32m+  99:         'mutpy': lambda a, b: (a ** b)}[0m
  100:     
  101:     
  102:     tokens = string.split(' ')
  103:     
--------------------------------------------------------------------------------
[0.24646 s] [32mkilled[0m by ALL-SMART-GPT-MUTMUT/test_stack1_MUTMUT.py::test_postfix_eval_exponentiation

def test_postfix_eval_exponentiation():
>       result = postfix_eval("2 3 ^")

ALL-SMART-GPT-MUTMUT/test_stack1_MUTMUT.py:20: 
_ _ _ _ _ _ _ _ _ _ _ _ _ _ _ _ _ _ _ _ _ _ _ _ _ _ _ _ _ _ _ _ _ _ _ _ _ _ _ _ 
stack1:127: in postfix_eval
    ???
_ _ _ _ _ _ _ _ _ _ _ _ _ _ _ _ _ _ _ _ _ _ _ _ _ _ _ _ _ _ _ _ _ _ _ _ _ _ _ _ 

string = '2 3 ^'

>   ???
E   ValueError: invalid literal for int() with base 10: '^'

stack1:123: ValueError
[36m   -[0m [#  57] CRP stack1: 
--------------------------------------------------------------------------------
   95:         '-': lambda a, b: (a - b), \
   96:         '*': lambda a, b: (a * b), \
   97:         '/': lambda a, b: (a / b), \
   98:         '%': lambda a, b: (a % b), \
[34m-  99:         '^': lambda a, b: (a ** b)}[0m
[32m+  99:         '': lambda a, b: (a ** b)}[0m
  100:     
  101:     
  102:     tokens = string.split(' ')
  103:     
--------------------------------------------------------------------------------
[0.24479 s] [32mkilled[0m by ALL-SMART-GPT-MUTMUT/test_stack1_MUTMUT.py::test_postfix_eval_exponentiation

def test_postfix_eval_exponentiation():
>       result = postfix_eval("2 3 ^")

ALL-SMART-GPT-MUTMUT/test_stack1_MUTMUT.py:20: 
_ _ _ _ _ _ _ _ _ _ _ _ _ _ _ _ _ _ _ _ _ _ _ _ _ _ _ _ _ _ _ _ _ _ _ _ _ _ _ _ 
stack1:127: in postfix_eval
    ???
_ _ _ _ _ _ _ _ _ _ _ _ _ _ _ _ _ _ _ _ _ _ _ _ _ _ _ _ _ _ _ _ _ _ _ _ _ _ _ _ 

string = '2 3 ^'

>   ???
E   ValueError: invalid literal for int() with base 10: '^'

stack1:123: ValueError
[36m   -[0m [#  58] CRP stack1: 
--------------------------------------------------------------------------------
   98:         '%': lambda a, b: (a % b), \
   99:         '^': lambda a, b: (a ** b)}
  100:     
  101:     
[34m- 102:     tokens = string.split(' ')[0m
[32m+ 102:     tokens = string.split('mutpy')[0m
  103:     
  104:     for character in tokens:
  105:         
  106:         if character in ops.keys():
--------------------------------------------------------------------------------
[0.23980 s] [32mkilled[0m by ALL-SMART-GPT-MUTMUT/test_stack1_MUTMUT.py::test_postfix_eval_add

def test_postfix_eval_add():
>       assert postfix_eval("2 3 +") == 5

ALL-SMART-GPT-MUTMUT/test_stack1_MUTMUT.py:5: 
_ _ _ _ _ _ _ _ _ _ _ _ _ _ _ _ _ _ _ _ _ _ _ _ _ _ _ _ _ _ _ _ _ _ _ _ _ _ _ _ 
stack1:127: in postfix_eval
    ???
_ _ _ _ _ _ _ _ _ _ _ _ _ _ _ _ _ _ _ _ _ _ _ _ _ _ _ _ _ _ _ _ _ _ _ _ _ _ _ _ 

string = '2 3 +'

>   ???
E   ValueError: invalid literal for int() with base 10: '2 3 +'

stack1:123: ValueError
[36m   -[0m [#  59] CRP stack1: 
--------------------------------------------------------------------------------
   98:         '%': lambda a, b: (a % b), \
   99:         '^': lambda a, b: (a ** b)}
  100:     
  101:     
[34m- 102:     tokens = string.split(' ')[0m
[32m+ 102:     tokens = string.split('')[0m
  103:     
  104:     for character in tokens:
  105:         
  106:         if character in ops.keys():
--------------------------------------------------------------------------------
[0.21454 s] [32mkilled[0m by ALL-SMART-GPT-MUTMUT/test_stack1_MOSA.py::test_case_0

def test_case_0():
        str_0 = '0'
>       var_0 = module_0.postfix_eval(str_0)

ALL-SMART-GPT-MUTMUT/test_stack1_MOSA.py:7: 
_ _ _ _ _ _ _ _ _ _ _ _ _ _ _ _ _ _ _ _ _ _ _ _ _ _ _ _ _ _ _ _ _ _ _ _ _ _ _ _ 

string = '0'

>   ???
E   ValueError: empty separator

stack1:102: ValueError
[36m   -[0m [#  60] CRP stack1: 
--------------------------------------------------------------------------------
  126:             except ValueError as e:
  127:                 raise e
  128:     
  129:     
[34m- 130:     if stack.size > 1:[0m
[32m+ 130:     if stack.size > 2:[0m
  131:         raise ValueError()
  132:     
  133:     return stack.pop()
--------------------------------------------------------------------------------
[0.24363 s] [32mkilled[0m by ALL-SMART-GPT-MUTMUT/test_stack1_MUTMUT.py::test_postfix_eval_raises_value_error_for_excessive_operands

def test_postfix_eval_raises_value_error_for_excessive_operands():
>       with pytest.raises(ValueError):
E       Failed: DID NOT RAISE <class 'ValueError'>

ALL-SMART-GPT-MUTMUT/test_stack1_MUTMUT.py:28: Failed
[36m   -[0m [#  61] EHD stack1: 
--------------------------------------------------------------------------------
   66:                 if brackets[other] != character:
   67:                     return False
   68:             
   69:             except ValueError:
[34m-  70:                 return False[0m
[32m+  70:                 raise[0m
   71:     
   72:     if stack.size != 0:
   73:         return False
   74:     else:
--------------------------------------------------------------------------------
[0.21364 s] [32mkilled[0m by ALL-SMART-GPT-MUTMUT/test_stack1_MOSA.py::test_case_4

def test_case_4():
        str_0 = 't)z?xNb)'
>       var_0 = module_0.check_parenthesis(str_0)

ALL-SMART-GPT-MUTMUT/test_stack1_MOSA.py:30: 
_ _ _ _ _ _ _ _ _ _ _ _ _ _ _ _ _ _ _ _ _ _ _ _ _ _ _ _ _ _ _ _ _ _ _ _ _ _ _ _ 
stack1:63: in check_parenthesis
    ???
_ _ _ _ _ _ _ _ _ _ _ _ _ _ _ _ _ _ _ _ _ _ _ _ _ _ _ _ _ _ _ _ _ _ _ _ _ _ _ _ 

self = <stack1.Stack object at 0x7fb1e11a9ae0>

>   ???
E   ValueError

stack1:30: ValueError
[36m   -[0m [#  62] EXS stack1: 
--------------------------------------------------------------------------------
   66:                 if brackets[other] != character:
   67:                     return False
   68:             
   69:             except ValueError:
[34m-  70:                 return False[0m
[32m+  70:                 pass[0m
   71:     
   72:     if stack.size != 0:
   73:         return False
   74:     else:
--------------------------------------------------------------------------------
[0.23889 s] [32mkilled[0m by ALL-SMART-GPT-MUTMUT/test_stack1_MOSA.py::test_case_4

def test_case_4():
        str_0 = 't)z?xNb)'
        var_0 = module_0.check_parenthesis(str_0)
>       assert var_0 is False
E       AssertionError

ALL-SMART-GPT-MUTMUT/test_stack1_MOSA.py:31: AssertionError
[36m   -[0m [#  63] EXS stack1: 
--------------------------------------------------------------------------------
  114:                 stack.push(result)
  115:             
  116:             
  117:             except ValueError as e:
[34m- 118:                 raise e[0m
[32m+ 118:                 pass[0m
  119:         else:
  120:             
  121:             try:
  122:                 
--------------------------------------------------------------------------------
[0.28732 s] [31msurvived[0m
[36m   -[0m [#  64] EXS stack1: 
--------------------------------------------------------------------------------
  123:                 value = int(character)
  124:                 stack.push(value)
  125:             
  126:             except ValueError as e:
[34m- 127:                 raise e[0m
[32m+ 127:                 pass[0m
  128:     
  129:     
  130:     if stack.size > 1:
  131:         raise ValueError()
--------------------------------------------------------------------------------
[0.28169 s] [31msurvived[0m
[36m   -[0m [#  65] OIL stack1: 
--------------------------------------------------------------------------------
   66:                 if brackets[other] != character:
   67:                     return False
   68:             
   69:             except ValueError:
[34m-  70:                 return False[0m
[32m+  70:                 return Falsebreak[0m
   71:     
   72:     if stack.size != 0:
   73:         return False
   74:     else:
--------------------------------------------------------------------------------
[0.28116 s] [32mkilled[0m by ALL-SMART-GPT-MUTMUT/test_stack1_MOSA.py::test_case_3

def test_case_3():
        str_0 = 'Q[?#\\\')"v":\tCX|(x'
        stack_node_0 = module_0.StackNode(str_0)
        var_0 = module_0.check_parenthesis(str_0)
>       assert var_0 is False
E       AssertionError

ALL-SMART-GPT-MUTMUT/test_stack1_MOSA.py:26: AssertionError
[36m   -[0m [#  66] OIL stack1: 
--------------------------------------------------------------------------------
  123:                 value = int(character)
  124:                 stack.push(value)
  125:             
  126:             except ValueError as e:
[34m- 127:                 raise e[0m
[32m+ 127:                 raise ebreak[0m
  128:     
  129:     
  130:     if stack.size > 1:
  131:         raise ValueError()
--------------------------------------------------------------------------------
[0.26626 s] [32mkilled[0m by ALL-SMART-GPT-MUTMUT/test_stack1_MUTMUT.py::test_postfix_eval_add

def test_postfix_eval_add():
>       assert postfix_eval("2 3 +") == 5
E       AssertionError

ALL-SMART-GPT-MUTMUT/test_stack1_MUTMUT.py:5: AssertionError
[36m   -[0m [#  67] RIL stack1: 
--------------------------------------------------------------------------------
   51:     stack = Stack()
   52:     
   53:     brackets = {'{': '}', '[': ']', '(': ')'}
   54:     
[34m-  55:     for character in string:[0m
[32m+  55:     for character in reversed(string):[0m
   56:         
   57:         if character in brackets.keys():
   58:             stack.push(character)
   59:         
--------------------------------------------------------------------------------
[0.26419 s] [32mkilled[0m by ALL-SMART-GPT-MUTMUT/test_stack1_DYNAMOSA.py::test_case_11

def test_case_11():
        str_0 = '(T lON)_'
        var_0 = module_0.check_parenthesis(str_0)
>       assert var_0 is True
E       AssertionError

ALL-SMART-GPT-MUTMUT/test_stack1_DYNAMOSA.py:92: AssertionError
[36m   -[0m [#  68] RIL stack1: 
--------------------------------------------------------------------------------
  100:     
  101:     
  102:     tokens = string.split(' ')
  103:     
[34m- 104:     for character in tokens:[0m
[32m+ 104:     for character in reversed(tokens):[0m
  105:         
  106:         if character in ops.keys():
  107:             try:
  108:                 
--------------------------------------------------------------------------------
[0.24269 s] [32mkilled[0m by ALL-SMART-GPT-MUTMUT/test_stack1_MUTMUT.py::test_postfix_eval_add

def test_postfix_eval_add():
>       assert postfix_eval("2 3 +") == 5

ALL-SMART-GPT-MUTMUT/test_stack1_MUTMUT.py:5: 
_ _ _ _ _ _ _ _ _ _ _ _ _ _ _ _ _ _ _ _ _ _ _ _ _ _ _ _ _ _ _ _ _ _ _ _ _ _ _ _ 
stack1:118: in postfix_eval
    ???
stack1:109: in postfix_eval
    ???
_ _ _ _ _ _ _ _ _ _ _ _ _ _ _ _ _ _ _ _ _ _ _ _ _ _ _ _ _ _ _ _ _ _ _ _ _ _ _ _ 

self = <stack1.Stack object at 0x7fb1e11c2c80>

>   ???
E   ValueError

stack1:30: ValueError
[36m   -[0m [#  69] ROR stack1: 
--------------------------------------------------------------------------------
   62:             try:
   63:                 other = stack.pop()
   64:                 
   65:                 
[34m-  66:                 if brackets[other] != character:[0m
[32m+  66:                 if brackets[other] == character:[0m
   67:                     return False
   68:             
   69:             except ValueError:
   70:                 return False
--------------------------------------------------------------------------------
[0.26443 s] [32mkilled[0m by ALL-SMART-GPT-MUTMUT/test_stack1_DYNAMOSA.py::test_case_11

def test_case_11():
        str_0 = '(T lON)_'
        var_0 = module_0.check_parenthesis(str_0)
>       assert var_0 is True
E       AssertionError

ALL-SMART-GPT-MUTMUT/test_stack1_DYNAMOSA.py:92: AssertionError
[36m   -[0m [#  70] ROR stack1: 
--------------------------------------------------------------------------------
   68:             
   69:             except ValueError:
   70:                 return False
   71:     
[34m-  72:     if stack.size != 0:[0m
[32m+  72:     if stack.size == 0:[0m
   73:         return False
   74:     else:
   75:         
   76:         return True
--------------------------------------------------------------------------------
[0.22599 s] [32mkilled[0m by ALL-SMART-GPT-MUTMUT/test_stack1_MOSA.py::test_case_5

def test_case_5():
        bytes_0 = b'\x1a8\xa3\x01x\x91\xd5'
        str_0 = '`=r'
        var_0 = module_0.check_parenthesis(bytes_0)
>       assert var_0 is True
E       AssertionError

ALL-SMART-GPT-MUTMUT/test_stack1_MOSA.py:37: AssertionError
[36m   -[0m [#  71] ROR stack1: 
--------------------------------------------------------------------------------
  126:             except ValueError as e:
  127:                 raise e
  128:     
  129:     
[34m- 130:     if stack.size > 1:[0m
[32m+ 130:     if stack.size < 1:[0m
  131:         raise ValueError()
  132:     
  133:     return stack.pop()
--------------------------------------------------------------------------------
[0.24485 s] [32mkilled[0m by ALL-SMART-GPT-MUTMUT/test_stack1_MUTMUT.py::test_postfix_eval_raises_value_error_for_excessive_operands

def test_postfix_eval_raises_value_error_for_excessive_operands():
>       with pytest.raises(ValueError):
E       Failed: DID NOT RAISE <class 'ValueError'>

ALL-SMART-GPT-MUTMUT/test_stack1_MUTMUT.py:28: Failed
[36m   -[0m [#  72] ROR stack1: 
--------------------------------------------------------------------------------
  126:             except ValueError as e:
  127:                 raise e
  128:     
  129:     
[34m- 130:     if stack.size > 1:[0m
[32m+ 130:     if stack.size >= 1:[0m
  131:         raise ValueError()
  132:     
  133:     return stack.pop()
--------------------------------------------------------------------------------
[0.22024 s] [32mkilled[0m by ALL-SMART-GPT-MUTMUT/test_stack1_MOSA.py::test_case_0

def test_case_0():
        str_0 = '0'
>       var_0 = module_0.postfix_eval(str_0)

ALL-SMART-GPT-MUTMUT/test_stack1_MOSA.py:7: 
_ _ _ _ _ _ _ _ _ _ _ _ _ _ _ _ _ _ _ _ _ _ _ _ _ _ _ _ _ _ _ _ _ _ _ _ _ _ _ _ 

string = '0'

>   ???
E   ValueError

stack1:131: ValueError
[36m   -[0m [#  73] SDI stack1: 
--------------------------------------------------------------------------------
    3:     thomas moll 2015
    4: '''
    5: 
    6: class Stack(object):
[34m-   7:     def __init__(self):[0m
[34m-   8:         self.size = 0[0m
[34m-   9:         self.top = None[0m
[34m-  10:     [0m
[32m+   7:     @staticmethod[0m
[32m+   8:     def __init__(self):[0m
[32m+   9:         self.size = 0[0m
[32m+  10:         self.top = None[0m
   11:     def __len__(self):
   12:         return self.size
   13:     
   14:     def push(self, item):
--------------------------------------------------------------------------------
[0.21332 s] [36mincompetent[0m

TypeError: stack1:93: TypeError: Stack.__init__() missing 1 required positional argument: 'self'

[36m   -[0m [#  74] SDI stack1: 
--------------------------------------------------------------------------------
    7:     def __init__(self):
    8:         self.size = 0
    9:         self.top = None
   10:     
[34m-  11:     def __len__(self):[0m
[34m-  12:         return self.size[0m
[34m-  13:     [0m
[32m+  11:     @staticmethod[0m
[32m+  12:     def __len__(self):[0m
[32m+  13:         return self.size[0m
   14:     def push(self, item):
   15:         if self.top is None:
   16:             self.top = StackNode(item)
   17:         else:
--------------------------------------------------------------------------------
[0.22123 s] [36mincompetent[0m

TypeError: /home/lucca/desktop/ic/experimento/testes/python_experiments/stack1/ALL-SMART-GPT-MUTMUT/test_stack1_MOSA.py:12: TypeError: Stack.__len__() missing 1 required positional argument: 'self'

[36m   -[0m [#  75] SDI stack1: 
--------------------------------------------------------------------------------
   10:     
   11:     def __len__(self):
   12:         return self.size
   13:     
[34m-  14:     def push(self, item):[0m
[34m-  15:         if self.top is None:[0m
[34m-  16:             self.top = StackNode(item)[0m
[34m-  17:         else:[0m
[34m-  18:             [0m
[34m-  19:             item1 = self.top[0m
[34m-  20:             item2 = StackNode(item)[0m
[34m-  21:             [0m
[32m+  14:     @staticmethod[0m
[32m+  15:     def push(self, item):[0m
[32m+  16:         if self.top is None:[0m
[32m+  17:             self.top = StackNode(item)[0m
[32m+  18:         else:[0m
[32m+  19:             [0m
[32m+  20:             item1 = self.top[0m
[32m+  21:             item2 = StackNode(item)[0m
   22:             
[34m-  23:             self.top = item2[0m
[34m-  24:             item2.next = item1[0m
[34m-  25:         [0m
[34m-  26:         self.size += 1[0m
[34m-  27:     [0m
[32m+  23:             [0m
[32m+  24:             self.top = item2[0m
[32m+  25:             item2.next = item1[0m
[32m+  26:         [0m
[32m+  27:         self.size += 1[0m
   28:     def pop(self):
   29:         if self.top is None:
   30:             raise ValueError()
   31:         else:
--------------------------------------------------------------------------------
[0.27996 s] [36mincompetent[0m

TypeError: stack1:124: TypeError: Stack.push() missing 1 required positional argument: 'item'

[36m   -[0m [#  76] SDI stack1: 
--------------------------------------------------------------------------------
   24:             item2.next = item1
   25:         
   26:         self.size += 1
   27:     
[34m-  28:     def pop(self):[0m
[34m-  29:         if self.top is None:[0m
[34m-  30:             raise ValueError()[0m
[34m-  31:         else:[0m
[34m-  32:             top_data = self.top.data[0m
[34m-  33:             [0m
[34m-  34:             self.top = self.top.next[0m
[34m-  35:             self.size -= 1[0m
[34m-  36:             return top_data[0m
[34m-  37:     [0m
[32m+  28:     @staticmethod[0m
[32m+  29:     def pop(self):[0m
[32m+  30:         if self.top is None:[0m
[32m+  31:             raise ValueError()[0m
[32m+  32:         else:[0m
[32m+  33:             top_data = self.top.data[0m
[32m+  34:             [0m
[32m+  35:             self.top = self.top.next[0m
[32m+  36:             self.size -= 1[0m
[32m+  37:             return top_data[0m
   38:     def peek(self):
   39:         if self.top is None:
   40:             raise ValueError()
   41:         else:
--------------------------------------------------------------------------------
[0.22921 s] [36mincompetent[0m

TypeError: stack1:133: TypeError: Stack.pop() missing 1 required positional argument: 'self'

[36m   -[0m [#  77] SDI stack1: 
--------------------------------------------------------------------------------
   34:             self.top = self.top.next
   35:             self.size -= 1
   36:             return top_data
   37:     
[34m-  38:     def peek(self):[0m
[34m-  39:         if self.top is None:[0m
[34m-  40:             raise ValueError()[0m
[34m-  41:         else:[0m
[34m-  42:             return self.top.data[0m
[34m-  43: [0m
[32m+  38:     @staticmethod[0m
[32m+  39:     def peek(self):[0m
[32m+  40:         if self.top is None:[0m
[32m+  41:             raise ValueError()[0m
[32m+  42:         else:[0m
[32m+  43:             return self.top.data[0m
   44: class StackNode(object):
   45:     ''' Look familiar? '''
   46:     def __init__(self, item):
   47:         self.data = item
--------------------------------------------------------------------------------
[0.23445 s] [36mincompetent[0m

TypeError: /home/lucca/desktop/ic/experimento/testes/python_experiments/stack1/ALL-SMART-GPT-MUTMUT/test_stack1_MOSA.py:20: TypeError: Stack.peek() missing 1 required positional argument: 'self'

[36m   -[0m [#  78] SDI stack1: 
--------------------------------------------------------------------------------
   42:             return self.top.data
   43: 
   44: class StackNode(object):
   45:     ''' Look familiar? '''
[34m-  46:     def __init__(self, item):[0m
[34m-  47:         self.data = item[0m
[34m-  48:         self.next = None[0m
[34m-  49: [0m
[32m+  46:     @staticmethod[0m
[32m+  47:     def __init__(self, item):[0m
[32m+  48:         self.data = item[0m
[32m+  49:         self.next = None[0m
   50: def check_parenthesis(string):
   51:     stack = Stack()
   52:     
   53:     brackets = {'{': '}', '[': ']', '(': ')'}
--------------------------------------------------------------------------------
[0.21941 s] [36mincompetent[0m

TypeError: stack1:16: TypeError: StackNode.__init__() missing 1 required positional argument: 'item'

[36m   -[0m [#  79] SDL stack1: 
--------------------------------------------------------------------------------
    4: '''
    5: 
    6: class Stack(object):
    7:     def __init__(self):
[34m-   8:         self.size = 0[0m
[32m+   8:         pass[0m
    9:         self.top = None
   10:     
   11:     def __len__(self):
   12:         return self.size
--------------------------------------------------------------------------------
[0.22453 s] [32mkilled[0m by ALL-SMART-GPT-MUTMUT/test_stack1_MOSA.py::test_case_0

def test_case_0():
        str_0 = '0'
>       var_0 = module_0.postfix_eval(str_0)

ALL-SMART-GPT-MUTMUT/test_stack1_MOSA.py:7: 
_ _ _ _ _ _ _ _ _ _ _ _ _ _ _ _ _ _ _ _ _ _ _ _ _ _ _ _ _ _ _ _ _ _ _ _ _ _ _ _ 
stack1:124: in postfix_eval
    ???
_ _ _ _ _ _ _ _ _ _ _ _ _ _ _ _ _ _ _ _ _ _ _ _ _ _ _ _ _ _ _ _ _ _ _ _ _ _ _ _ 

self = <stack1.Stack object at 0x7fb1e104fe20>, item = 0

>   ???
E   AttributeError: 'Stack' object has no attribute 'size'

stack1:26: AttributeError
[36m   -[0m [#  80] SDL stack1: 
--------------------------------------------------------------------------------
    5: 
    6: class Stack(object):
    7:     def __init__(self):
    8:         self.size = 0
[34m-   9:         self.top = None[0m
[32m+   9:         pass[0m
   10:     
   11:     def __len__(self):
   12:         return self.size
   13:     
--------------------------------------------------------------------------------
[0.23508 s] [32mkilled[0m by ALL-SMART-GPT-MUTMUT/test_stack1_MOSA.py::test_case_0

def test_case_0():
        str_0 = '0'
>       var_0 = module_0.postfix_eval(str_0)

ALL-SMART-GPT-MUTMUT/test_stack1_MOSA.py:7: 
_ _ _ _ _ _ _ _ _ _ _ _ _ _ _ _ _ _ _ _ _ _ _ _ _ _ _ _ _ _ _ _ _ _ _ _ _ _ _ _ 
stack1:124: in postfix_eval
    ???
_ _ _ _ _ _ _ _ _ _ _ _ _ _ _ _ _ _ _ _ _ _ _ _ _ _ _ _ _ _ _ _ _ _ _ _ _ _ _ _ 

self = <stack1.Stack object at 0x7fb1e109f3a0>, item = 0

>   ???
E   AttributeError: 'Stack' object has no attribute 'top'

stack1:15: AttributeError
[36m   -[0m [#  81] SDL stack1: 
--------------------------------------------------------------------------------
    8:         self.size = 0
    9:         self.top = None
   10:     
   11:     def __len__(self):
[34m-  12:         return self.size[0m
[32m+  12:         pass[0m
   13:     
   14:     def push(self, item):
   15:         if self.top is None:
   16:             self.top = StackNode(item)
--------------------------------------------------------------------------------
[0.21566 s] [36mincompetent[0m

TypeError: /home/lucca/desktop/ic/experimento/testes/python_experiments/stack1/ALL-SMART-GPT-MUTMUT/test_stack1_MOSA.py:12: TypeError: 'NoneType' object cannot be interpreted as an integer

[36m   -[0m [#  82] SDL stack1: 
--------------------------------------------------------------------------------
   12:         return self.size
   13:     
   14:     def push(self, item):
   15:         if self.top is None:
[34m-  16:             self.top = StackNode(item)[0m
[32m+  16:             pass[0m
   17:         else:
   18:             
   19:             item1 = self.top
   20:             item2 = StackNode(item)
--------------------------------------------------------------------------------
[0.23995 s] [32mkilled[0m by ALL-SMART-GPT-MUTMUT/test_stack1_MOSA.py::test_case_0

def test_case_0():
        str_0 = '0'
>       var_0 = module_0.postfix_eval(str_0)

ALL-SMART-GPT-MUTMUT/test_stack1_MOSA.py:7: 
_ _ _ _ _ _ _ _ _ _ _ _ _ _ _ _ _ _ _ _ _ _ _ _ _ _ _ _ _ _ _ _ _ _ _ _ _ _ _ _ 
stack1:133: in postfix_eval
    ???
_ _ _ _ _ _ _ _ _ _ _ _ _ _ _ _ _ _ _ _ _ _ _ _ _ _ _ _ _ _ _ _ _ _ _ _ _ _ _ _ 

self = <stack1.Stack object at 0x7fb1e104e410>

>   ???
E   ValueError

stack1:30: ValueError
[36m   -[0m [#  83] SDL stack1: 
--------------------------------------------------------------------------------
   15:         if self.top is None:
   16:             self.top = StackNode(item)
   17:         else:
   18:             
[34m-  19:             item1 = self.top[0m
[32m+  19:             pass[0m
   20:             item2 = StackNode(item)
   21:             
   22:             
   23:             self.top = item2
--------------------------------------------------------------------------------
[0.25632 s] [32mkilled[0m by ALL-SMART-GPT-MUTMUT/test_stack1_MOSA.py::test_case_10

def test_case_10():
        stack_0 = module_0.Stack()
        assert len(stack_0) == 0
        var_0 = stack_0.push(stack_0)
        assert len(stack_0) == 1
        bytes_0 = b'\xd8'
>       var_1 = stack_0.push(var_0)

ALL-SMART-GPT-MUTMUT/test_stack1_MOSA.py:70: 
_ _ _ _ _ _ _ _ _ _ _ _ _ _ _ _ _ _ _ _ _ _ _ _ _ _ _ _ _ _ _ _ _ _ _ _ _ _ _ _ 

self = <stack1.Stack object at 0x7fb1e11ab400>, item = None

>   ???
E   NameError: name 'item1' is not defined

stack1:24: NameError
[36m   -[0m [#  84] SDL stack1: 
--------------------------------------------------------------------------------
   16:             self.top = StackNode(item)
   17:         else:
   18:             
   19:             item1 = self.top
[34m-  20:             item2 = StackNode(item)[0m
[32m+  20:             pass[0m
   21:             
   22:             
   23:             self.top = item2
   24:             item2.next = item1
--------------------------------------------------------------------------------
[0.25673 s] [32mkilled[0m by ALL-SMART-GPT-MUTMUT/test_stack1_MOSA.py::test_case_10

def test_case_10():
        stack_0 = module_0.Stack()
        assert len(stack_0) == 0
        var_0 = stack_0.push(stack_0)
        assert len(stack_0) == 1
        bytes_0 = b'\xd8'
>       var_1 = stack_0.push(var_0)

ALL-SMART-GPT-MUTMUT/test_stack1_MOSA.py:70: 
_ _ _ _ _ _ _ _ _ _ _ _ _ _ _ _ _ _ _ _ _ _ _ _ _ _ _ _ _ _ _ _ _ _ _ _ _ _ _ _ 

self = <stack1.Stack object at 0x7fb1e104d330>, item = None

>   ???
E   NameError: name 'item2' is not defined

stack1:23: NameError
[36m   -[0m [#  85] SDL stack1: 
--------------------------------------------------------------------------------
   19:             item1 = self.top
   20:             item2 = StackNode(item)
   21:             
   22:             
[34m-  23:             self.top = item2[0m
[32m+  23:             pass[0m
   24:             item2.next = item1
   25:         
   26:         self.size += 1
   27:     
--------------------------------------------------------------------------------
[0.29863 s] [32mkilled[0m by ALL-SMART-GPT-MUTMUT/test_stack1_MUTMUT.py::test_postfix_eval_add

def test_postfix_eval_add():
>       assert postfix_eval("2 3 +") == 5

ALL-SMART-GPT-MUTMUT/test_stack1_MUTMUT.py:5: 
_ _ _ _ _ _ _ _ _ _ _ _ _ _ _ _ _ _ _ _ _ _ _ _ _ _ _ _ _ _ _ _ _ _ _ _ _ _ _ _ 
stack1:118: in postfix_eval
    ???
stack1:110: in postfix_eval
    ???
_ _ _ _ _ _ _ _ _ _ _ _ _ _ _ _ _ _ _ _ _ _ _ _ _ _ _ _ _ _ _ _ _ _ _ _ _ _ _ _ 

self = <stack1.Stack object at 0x7fb1e0e3e410>

>   ???
E   ValueError

stack1:30: ValueError
[36m   -[0m [#  86] SDL stack1: 
--------------------------------------------------------------------------------
   20:             item2 = StackNode(item)
   21:             
   22:             
   23:             self.top = item2
[34m-  24:             item2.next = item1[0m
[32m+  24:             pass[0m
   25:         
   26:         self.size += 1
   27:     
   28:     def pop(self):
--------------------------------------------------------------------------------
[0.30271 s] [32mkilled[0m by ALL-SMART-GPT-MUTMUT/test_stack1_MUTMUT.py::test_postfix_eval_add

def test_postfix_eval_add():
>       assert postfix_eval("2 3 +") == 5

ALL-SMART-GPT-MUTMUT/test_stack1_MUTMUT.py:5: 
_ _ _ _ _ _ _ _ _ _ _ _ _ _ _ _ _ _ _ _ _ _ _ _ _ _ _ _ _ _ _ _ _ _ _ _ _ _ _ _ 
stack1:118: in postfix_eval
    ???
stack1:110: in postfix_eval
    ???
_ _ _ _ _ _ _ _ _ _ _ _ _ _ _ _ _ _ _ _ _ _ _ _ _ _ _ _ _ _ _ _ _ _ _ _ _ _ _ _ 

self = <stack1.Stack object at 0x7fb1e103e410>

>   ???
E   ValueError

stack1:30: ValueError
[36m   -[0m [#  87] SDL stack1: 
--------------------------------------------------------------------------------
   28:     def pop(self):
   29:         if self.top is None:
   30:             raise ValueError()
   31:         else:
[34m-  32:             top_data = self.top.data[0m
[32m+  32:             pass[0m
   33:             
   34:             self.top = self.top.next
   35:             self.size -= 1
   36:             return top_data
--------------------------------------------------------------------------------
[0.23524 s] [32mkilled[0m by ALL-SMART-GPT-MUTMUT/test_stack1_MOSA.py::test_case_0

def test_case_0():
        str_0 = '0'
>       var_0 = module_0.postfix_eval(str_0)

ALL-SMART-GPT-MUTMUT/test_stack1_MOSA.py:7: 
_ _ _ _ _ _ _ _ _ _ _ _ _ _ _ _ _ _ _ _ _ _ _ _ _ _ _ _ _ _ _ _ _ _ _ _ _ _ _ _ 
stack1:133: in postfix_eval
    ???
_ _ _ _ _ _ _ _ _ _ _ _ _ _ _ _ _ _ _ _ _ _ _ _ _ _ _ _ _ _ _ _ _ _ _ _ _ _ _ _ 

self = <stack1.Stack object at 0x7fb1e11aad40>

>   ???
E   NameError: name 'top_data' is not defined

stack1:36: NameError
[36m   -[0m [#  88] SDL stack1: 
--------------------------------------------------------------------------------
   30:             raise ValueError()
   31:         else:
   32:             top_data = self.top.data
   33:             
[34m-  34:             self.top = self.top.next[0m
[32m+  34:             pass[0m
   35:             self.size -= 1
   36:             return top_data
   37:     
   38:     def peek(self):
--------------------------------------------------------------------------------
[0.24176 s] [32mkilled[0m by ALL-SMART-GPT-MUTMUT/test_stack1_MUTMUT.py::test_postfix_eval_add

def test_postfix_eval_add():
>       assert postfix_eval("2 3 +") == 5
E       AssertionError

ALL-SMART-GPT-MUTMUT/test_stack1_MUTMUT.py:5: AssertionError
[36m   -[0m [#  89] SDL stack1: 
--------------------------------------------------------------------------------
   32:             top_data = self.top.data
   33:             
   34:             self.top = self.top.next
   35:             self.size -= 1
[34m-  36:             return top_data[0m
[32m+  36:             pass[0m
   37:     
   38:     def peek(self):
   39:         if self.top is None:
   40:             raise ValueError()
--------------------------------------------------------------------------------
[0.23554 s] [32mkilled[0m by ALL-SMART-GPT-MUTMUT/test_stack1_MOSA.py::test_case_0

def test_case_0():
        str_0 = '0'
        var_0 = module_0.postfix_eval(str_0)
>       assert var_0 == 0
E       AssertionError

ALL-SMART-GPT-MUTMUT/test_stack1_MOSA.py:8: AssertionError
[36m   -[0m [#  90] SDL stack1: 
--------------------------------------------------------------------------------
   38:     def peek(self):
   39:         if self.top is None:
   40:             raise ValueError()
   41:         else:
[34m-  42:             return self.top.data[0m
[32m+  42:             pass[0m
   43: 
   44: class StackNode(object):
   45:     ''' Look familiar? '''
   46:     def __init__(self, item):
--------------------------------------------------------------------------------
[0.24661 s] [32mkilled[0m by ALL-SMART-GPT-MUTMUT/test_stack1_MOSA.py::test_case_11

def test_case_11():
        str_0 = ')'
        var_0 = module_0.check_parenthesis(str_0)
        assert var_0 is False
        stack_0 = module_0.Stack()
        assert len(stack_0) == 0
        var_1 = stack_0.push(var_0)
        assert len(stack_0) == 1
        var_2 = stack_0.peek()
>       assert var_2 is False
E       AssertionError

ALL-SMART-GPT-MUTMUT/test_stack1_MOSA.py:89: AssertionError
[36m   -[0m [#  91] SDL stack1: 
--------------------------------------------------------------------------------
   43: 
   44: class StackNode(object):
   45:     ''' Look familiar? '''
   46:     def __init__(self, item):
[34m-  47:         self.data = item[0m
[32m+  47:         pass[0m
   48:         self.next = None
   49: 
   50: def check_parenthesis(string):
   51:     stack = Stack()
--------------------------------------------------------------------------------
[0.22071 s] [32mkilled[0m by ALL-SMART-GPT-MUTMUT/test_stack1_MOSA.py::test_case_0

def test_case_0():
        str_0 = '0'
>       var_0 = module_0.postfix_eval(str_0)

ALL-SMART-GPT-MUTMUT/test_stack1_MOSA.py:7: 
_ _ _ _ _ _ _ _ _ _ _ _ _ _ _ _ _ _ _ _ _ _ _ _ _ _ _ _ _ _ _ _ _ _ _ _ _ _ _ _ 
stack1:133: in postfix_eval
    ???
_ _ _ _ _ _ _ _ _ _ _ _ _ _ _ _ _ _ _ _ _ _ _ _ _ _ _ _ _ _ _ _ _ _ _ _ _ _ _ _ 

self = <stack1.Stack object at 0x7fb1e0fb58a0>

>   ???
E   AttributeError: 'StackNode' object has no attribute 'data'

stack1:32: AttributeError
[36m   -[0m [#  92] SDL stack1: 
--------------------------------------------------------------------------------
   44: class StackNode(object):
   45:     ''' Look familiar? '''
   46:     def __init__(self, item):
   47:         self.data = item
[34m-  48:         self.next = None[0m
[32m+  48:         pass[0m
   49: 
   50: def check_parenthesis(string):
   51:     stack = Stack()
   52:     
--------------------------------------------------------------------------------
[0.22374 s] [32mkilled[0m by ALL-SMART-GPT-MUTMUT/test_stack1_MOSA.py::test_case_0

def test_case_0():
        str_0 = '0'
>       var_0 = module_0.postfix_eval(str_0)

ALL-SMART-GPT-MUTMUT/test_stack1_MOSA.py:7: 
_ _ _ _ _ _ _ _ _ _ _ _ _ _ _ _ _ _ _ _ _ _ _ _ _ _ _ _ _ _ _ _ _ _ _ _ _ _ _ _ 
stack1:133: in postfix_eval
    ???
_ _ _ _ _ _ _ _ _ _ _ _ _ _ _ _ _ _ _ _ _ _ _ _ _ _ _ _ _ _ _ _ _ _ _ _ _ _ _ _ 

self = <stack1.Stack object at 0x7fb1e0fb7460>

>   ???
E   AttributeError: 'StackNode' object has no attribute 'next'

stack1:34: AttributeError
[36m   -[0m [#  93] SDL stack1: 
--------------------------------------------------------------------------------
   47:         self.data = item
   48:         self.next = None
   49: 
   50: def check_parenthesis(string):
[34m-  51:     stack = Stack()[0m
[32m+  51:     pass[0m
   52:     
   53:     brackets = {'{': '}', '[': ']', '(': ')'}
   54:     
   55:     for character in string:
--------------------------------------------------------------------------------
[0.23384 s] [32mkilled[0m by ALL-SMART-GPT-MUTMUT/test_stack1_MOSA.py::test_case_3

def test_case_3():
        str_0 = 'Q[?#\\\')"v":\tCX|(x'
        stack_node_0 = module_0.StackNode(str_0)
>       var_0 = module_0.check_parenthesis(str_0)

ALL-SMART-GPT-MUTMUT/test_stack1_MOSA.py:25: 
_ _ _ _ _ _ _ _ _ _ _ _ _ _ _ _ _ _ _ _ _ _ _ _ _ _ _ _ _ _ _ _ _ _ _ _ _ _ _ _ 

string = 'Q[?#\\\')"v":\tCX|(x'

>   ???
E   NameError: name 'stack' is not defined

stack1:58: NameError
[36m   -[0m [#  94] SDL stack1: 
--------------------------------------------------------------------------------
   49: 
   50: def check_parenthesis(string):
   51:     stack = Stack()
   52:     
[34m-  53:     brackets = {'{': '}', '[': ']', '(': ')'}[0m
[32m+  53:     pass[0m
   54:     
   55:     for character in string:
   56:         
   57:         if character in brackets.keys():
--------------------------------------------------------------------------------
[0.22918 s] [32mkilled[0m by ALL-SMART-GPT-MUTMUT/test_stack1_MOSA.py::test_case_3

def test_case_3():
        str_0 = 'Q[?#\\\')"v":\tCX|(x'
        stack_node_0 = module_0.StackNode(str_0)
>       var_0 = module_0.check_parenthesis(str_0)

ALL-SMART-GPT-MUTMUT/test_stack1_MOSA.py:25: 
_ _ _ _ _ _ _ _ _ _ _ _ _ _ _ _ _ _ _ _ _ _ _ _ _ _ _ _ _ _ _ _ _ _ _ _ _ _ _ _ 

string = 'Q[?#\\\')"v":\tCX|(x'

>   ???
E   NameError: name 'brackets' is not defined

stack1:57: NameError
[36m   -[0m [#  95] SDL stack1: 
--------------------------------------------------------------------------------
   54:     
   55:     for character in string:
   56:         
   57:         if character in brackets.keys():
[34m-  58:             stack.push(character)[0m
[32m+  58:             pass[0m
   59:         
   60:         
   61:         if character in brackets.values():
   62:             try:
--------------------------------------------------------------------------------
[0.22845 s] [32mkilled[0m by ALL-SMART-GPT-MUTMUT/test_stack1_MOSA.py::test_case_6

def test_case_6():
        str_0 = "X(@\\>u'G"
        var_0 = module_0.check_parenthesis(str_0)
>       assert var_0 is False
E       AssertionError

ALL-SMART-GPT-MUTMUT/test_stack1_MOSA.py:44: AssertionError
[36m   -[0m [#  96] SDL stack1: 
--------------------------------------------------------------------------------
   59:         
   60:         
   61:         if character in brackets.values():
   62:             try:
[34m-  63:                 other = stack.pop()[0m
[32m+  63:                 pass[0m
   64:                 
   65:                 
   66:                 if brackets[other] != character:
   67:                     return False
--------------------------------------------------------------------------------
[0.32803 s] [32mkilled[0m by ALL-SMART-GPT-MUTMUT/test_stack1_MOSA.py::test_case_3

def test_case_3():
        str_0 = 'Q[?#\\\')"v":\tCX|(x'
        stack_node_0 = module_0.StackNode(str_0)
>       var_0 = module_0.check_parenthesis(str_0)

ALL-SMART-GPT-MUTMUT/test_stack1_MOSA.py:25: 
_ _ _ _ _ _ _ _ _ _ _ _ _ _ _ _ _ _ _ _ _ _ _ _ _ _ _ _ _ _ _ _ _ _ _ _ _ _ _ _ 

string = 'Q[?#\\\')"v":\tCX|(x'

>   ???
E   NameError: name 'other' is not defined

stack1:66: NameError
[36m   -[0m [#  97] SDL stack1: 
--------------------------------------------------------------------------------
   63:                 other = stack.pop()
   64:                 
   65:                 
   66:                 if brackets[other] != character:
[34m-  67:                     return False[0m
[32m+  67:                     pass[0m
   68:             
   69:             except ValueError:
   70:                 return False
   71:     
--------------------------------------------------------------------------------
[0.35335 s] [32mkilled[0m by ALL-SMART-GPT-MUTMUT/test_stack1_WHOLE_SUITE.py::test_case_9

def test_case_9():
        str_0 = 'K*{g\\\nq1p\\j~,7`]'
        var_0 = module_0.check_parenthesis(str_0)
>       assert var_0 is False
E       AssertionError

ALL-SMART-GPT-MUTMUT/test_stack1_WHOLE_SUITE.py:73: AssertionError
[36m   -[0m [#  98] SDL stack1: 
--------------------------------------------------------------------------------
   66:                 if brackets[other] != character:
   67:                     return False
   68:             
   69:             except ValueError:
[34m-  70:                 return False[0m
[32m+  70:                 pass[0m
   71:     
   72:     if stack.size != 0:
   73:         return False
   74:     else:
--------------------------------------------------------------------------------
[0.24475 s] [32mkilled[0m by ALL-SMART-GPT-MUTMUT/test_stack1_MOSA.py::test_case_4

def test_case_4():
        str_0 = 't)z?xNb)'
        var_0 = module_0.check_parenthesis(str_0)
>       assert var_0 is False
E       AssertionError

ALL-SMART-GPT-MUTMUT/test_stack1_MOSA.py:31: AssertionError
[36m   -[0m [#  99] SDL stack1: 
--------------------------------------------------------------------------------
   69:             except ValueError:
   70:                 return False
   71:     
   72:     if stack.size != 0:
[34m-  73:         return False[0m
[32m+  73:         pass[0m
   74:     else:
   75:         
   76:         return True
   77: 
--------------------------------------------------------------------------------
[0.25026 s] [32mkilled[0m by ALL-SMART-GPT-MUTMUT/test_stack1_MOSA.py::test_case_6

def test_case_6():
        str_0 = "X(@\\>u'G"
        var_0 = module_0.check_parenthesis(str_0)
>       assert var_0 is False
E       AssertionError

ALL-SMART-GPT-MUTMUT/test_stack1_MOSA.py:44: AssertionError
[36m   -[0m [# 100] SDL stack1: 
--------------------------------------------------------------------------------
   72:     if stack.size != 0:
   73:         return False
   74:     else:
   75:         
[34m-  76:         return True[0m
[32m+  76:         pass[0m
   77: 
   78: def postfix_eval(string):
   79:     """ Here we setup a dictionary relating the characters of 
   80:         operations to lambda functions. It's similar to saying:
--------------------------------------------------------------------------------
[0.23982 s] [32mkilled[0m by ALL-SMART-GPT-MUTMUT/test_stack1_MOSA.py::test_case_5

def test_case_5():
        bytes_0 = b'\x1a8\xa3\x01x\x91\xd5'
        str_0 = '`=r'
        var_0 = module_0.check_parenthesis(bytes_0)
>       assert var_0 is True
E       AssertionError

ALL-SMART-GPT-MUTMUT/test_stack1_MOSA.py:37: AssertionError
[36m   -[0m [# 101] SDL stack1: 
--------------------------------------------------------------------------------
   89: 
   90:         The add function can also be accessed via the ``operator``
   91:         module.
   92:     """
[34m-  93:     stack = Stack()[0m
[32m+  93:     pass[0m
   94:     ops = {'+': lambda a, b: (a + b), \
   95:         '-': lambda a, b: (a - b), \
   96:         '*': lambda a, b: (a * b), \
   97:         '/': lambda a, b: (a / b), \
--------------------------------------------------------------------------------
[0.21584 s] [32mkilled[0m by ALL-SMART-GPT-MUTMUT/test_stack1_MOSA.py::test_case_0

def test_case_0():
        str_0 = '0'
>       var_0 = module_0.postfix_eval(str_0)

ALL-SMART-GPT-MUTMUT/test_stack1_MOSA.py:7: 
_ _ _ _ _ _ _ _ _ _ _ _ _ _ _ _ _ _ _ _ _ _ _ _ _ _ _ _ _ _ _ _ _ _ _ _ _ _ _ _ 

string = '0'

>   ???
E   NameError: name 'stack' is not defined

stack1:124: NameError
[36m   -[0m [# 102] SDL stack1: 
--------------------------------------------------------------------------------
   90:         The add function can also be accessed via the ``operator``
   91:         module.
   92:     """
   93:     stack = Stack()
[34m-  94:     ops = {'+': lambda a, b: (a + b), \[0m
[34m-  95:         '-': lambda a, b: (a - b), \[0m
[34m-  96:         '*': lambda a, b: (a * b), \[0m
[34m-  97:         '/': lambda a, b: (a / b), \[0m
[34m-  98:         '%': lambda a, b: (a % b), \[0m
[34m-  99:         '^': lambda a, b: (a ** b)}[0m
[32m+  94:     pass[0m
[32m+  95:     [0m
[32m+  96:     [0m
[32m+  97:     [0m
[32m+  98:     [0m
[32m+  99:     [0m
  100:     
  101:     
  102:     tokens = string.split(' ')
  103:     
--------------------------------------------------------------------------------
[0.22265 s] [32mkilled[0m by ALL-SMART-GPT-MUTMUT/test_stack1_MOSA.py::test_case_0

def test_case_0():
        str_0 = '0'
>       var_0 = module_0.postfix_eval(str_0)

ALL-SMART-GPT-MUTMUT/test_stack1_MOSA.py:7: 
_ _ _ _ _ _ _ _ _ _ _ _ _ _ _ _ _ _ _ _ _ _ _ _ _ _ _ _ _ _ _ _ _ _ _ _ _ _ _ _ 

string = '0'

>   ???
E   NameError: name 'ops' is not defined

stack1:106: NameError
[36m   -[0m [# 103] SDL stack1: 
--------------------------------------------------------------------------------
   98:         '%': lambda a, b: (a % b), \
   99:         '^': lambda a, b: (a ** b)}
  100:     
  101:     
[34m- 102:     tokens = string.split(' ')[0m
[32m+ 102:     pass[0m
  103:     
  104:     for character in tokens:
  105:         
  106:         if character in ops.keys():
--------------------------------------------------------------------------------
[0.23318 s] [32mkilled[0m by ALL-SMART-GPT-MUTMUT/test_stack1_MOSA.py::test_case_0

def test_case_0():
        str_0 = '0'
>       var_0 = module_0.postfix_eval(str_0)

ALL-SMART-GPT-MUTMUT/test_stack1_MOSA.py:7: 
_ _ _ _ _ _ _ _ _ _ _ _ _ _ _ _ _ _ _ _ _ _ _ _ _ _ _ _ _ _ _ _ _ _ _ _ _ _ _ _ 

string = '0'

>   ???
E   NameError: name 'tokens' is not defined

stack1:104: NameError
[36m   -[0m [# 104] SDL stack1: 
--------------------------------------------------------------------------------
  105:         
  106:         if character in ops.keys():
  107:             try:
  108:                 
[34m- 109:                 right = stack.pop()[0m
[32m+ 109:                 pass[0m
  110:                 left = stack.pop()
  111:                 
  112:                 
  113:                 result = ops[character](left, right)
--------------------------------------------------------------------------------
[0.24456 s] [32mkilled[0m by ALL-SMART-GPT-MUTMUT/test_stack1_MUTMUT.py::test_postfix_eval_add

def test_postfix_eval_add():
>       assert postfix_eval("2 3 +") == 5

ALL-SMART-GPT-MUTMUT/test_stack1_MUTMUT.py:5: 
_ _ _ _ _ _ _ _ _ _ _ _ _ _ _ _ _ _ _ _ _ _ _ _ _ _ _ _ _ _ _ _ _ _ _ _ _ _ _ _ 

string = '2 3 +'

>   ???
E   NameError: name 'right' is not defined

stack1:113: NameError
[36m   -[0m [# 105] SDL stack1: 
--------------------------------------------------------------------------------
  106:         if character in ops.keys():
  107:             try:
  108:                 
  109:                 right = stack.pop()
[34m- 110:                 left = stack.pop()[0m
[32m+ 110:                 pass[0m
  111:                 
  112:                 
  113:                 result = ops[character](left, right)
  114:                 stack.push(result)
--------------------------------------------------------------------------------
[0.26244 s] [32mkilled[0m by ALL-SMART-GPT-MUTMUT/test_stack1_MUTMUT.py::test_postfix_eval_add

def test_postfix_eval_add():
>       assert postfix_eval("2 3 +") == 5

ALL-SMART-GPT-MUTMUT/test_stack1_MUTMUT.py:5: 
_ _ _ _ _ _ _ _ _ _ _ _ _ _ _ _ _ _ _ _ _ _ _ _ _ _ _ _ _ _ _ _ _ _ _ _ _ _ _ _ 

string = '2 3 +'

>   ???
E   NameError: name 'left' is not defined

stack1:113: NameError
[36m   -[0m [# 106] SDL stack1: 
--------------------------------------------------------------------------------
  109:                 right = stack.pop()
  110:                 left = stack.pop()
  111:                 
  112:                 
[34m- 113:                 result = ops[character](left, right)[0m
[32m+ 113:                 pass[0m
  114:                 stack.push(result)
  115:             
  116:             
  117:             except ValueError as e:
--------------------------------------------------------------------------------
[0.24947 s] [32mkilled[0m by ALL-SMART-GPT-MUTMUT/test_stack1_MUTMUT.py::test_postfix_eval_add

def test_postfix_eval_add():
>       assert postfix_eval("2 3 +") == 5

ALL-SMART-GPT-MUTMUT/test_stack1_MUTMUT.py:5: 
_ _ _ _ _ _ _ _ _ _ _ _ _ _ _ _ _ _ _ _ _ _ _ _ _ _ _ _ _ _ _ _ _ _ _ _ _ _ _ _ 

string = '2 3 +'

>   ???
E   NameError: name 'result' is not defined

stack1:114: NameError
[36m   -[0m [# 107] SDL stack1: 
--------------------------------------------------------------------------------
  110:                 left = stack.pop()
  111:                 
  112:                 
  113:                 result = ops[character](left, right)
[34m- 114:                 stack.push(result)[0m
[32m+ 114:                 pass[0m
  115:             
  116:             
  117:             except ValueError as e:
  118:                 raise e
--------------------------------------------------------------------------------
[0.30674 s] [32mkilled[0m by ALL-SMART-GPT-MUTMUT/test_stack1_MUTMUT.py::test_postfix_eval_add

def test_postfix_eval_add():
>       assert postfix_eval("2 3 +") == 5

ALL-SMART-GPT-MUTMUT/test_stack1_MUTMUT.py:5: 
_ _ _ _ _ _ _ _ _ _ _ _ _ _ _ _ _ _ _ _ _ _ _ _ _ _ _ _ _ _ _ _ _ _ _ _ _ _ _ _ 
stack1:133: in postfix_eval
    ???
_ _ _ _ _ _ _ _ _ _ _ _ _ _ _ _ _ _ _ _ _ _ _ _ _ _ _ _ _ _ _ _ _ _ _ _ _ _ _ _ 

self = <stack1.Stack object at 0x7fb1e104d4b0>

>   ???
E   ValueError

stack1:30: ValueError
[36m   -[0m [# 108] SDL stack1: 
--------------------------------------------------------------------------------
  119:         else:
  120:             
  121:             try:
  122:                 
[34m- 123:                 value = int(character)[0m
[32m+ 123:                 pass[0m
  124:                 stack.push(value)
  125:             
  126:             except ValueError as e:
  127:                 raise e
--------------------------------------------------------------------------------
[0.29363 s] [32mkilled[0m by ALL-SMART-GPT-MUTMUT/test_stack1_MOSA.py::test_case_0

def test_case_0():
        str_0 = '0'
>       var_0 = module_0.postfix_eval(str_0)

ALL-SMART-GPT-MUTMUT/test_stack1_MOSA.py:7: 
_ _ _ _ _ _ _ _ _ _ _ _ _ _ _ _ _ _ _ _ _ _ _ _ _ _ _ _ _ _ _ _ _ _ _ _ _ _ _ _ 

string = '0'

>   ???
E   NameError: name 'value' is not defined

stack1:124: NameError
[36m   -[0m [# 109] SDL stack1: 
--------------------------------------------------------------------------------
  120:             
  121:             try:
  122:                 
  123:                 value = int(character)
[34m- 124:                 stack.push(value)[0m
[32m+ 124:                 pass[0m
  125:             
  126:             except ValueError as e:
  127:                 raise e
  128:     
--------------------------------------------------------------------------------
[0.23761 s] [32mkilled[0m by ALL-SMART-GPT-MUTMUT/test_stack1_MOSA.py::test_case_0

def test_case_0():
        str_0 = '0'
>       var_0 = module_0.postfix_eval(str_0)

ALL-SMART-GPT-MUTMUT/test_stack1_MOSA.py:7: 
_ _ _ _ _ _ _ _ _ _ _ _ _ _ _ _ _ _ _ _ _ _ _ _ _ _ _ _ _ _ _ _ _ _ _ _ _ _ _ _ 
stack1:133: in postfix_eval
    ???
_ _ _ _ _ _ _ _ _ _ _ _ _ _ _ _ _ _ _ _ _ _ _ _ _ _ _ _ _ _ _ _ _ _ _ _ _ _ _ _ 

self = <stack1.Stack object at 0x7fb1e1303070>

>   ???
E   ValueError

stack1:30: ValueError
[36m   -[0m [# 110] SDL stack1: 
--------------------------------------------------------------------------------
  129:     
  130:     if stack.size > 1:
  131:         raise ValueError()
  132:     
[34m- 133:     return stack.pop()[0m
[32m+ 133:     pass[0m
--------------------------------------------------------------------------------
[0.23223 s] [32mkilled[0m by ALL-SMART-GPT-MUTMUT/test_stack1_MOSA.py::test_case_0

def test_case_0():
        str_0 = '0'
        var_0 = module_0.postfix_eval(str_0)
>       assert var_0 == 0
E       AssertionError

ALL-SMART-GPT-MUTMUT/test_stack1_MOSA.py:8: AssertionError
[36m   -[0m [# 111] SVD stack1: 
--------------------------------------------------------------------------------
    4: '''
    5: 
    6: class Stack(object):
    7:     def __init__(self):
[34m-   8:         self.size = 0[0m
[32m+   8:         size = 0[0m
    9:         self.top = None
   10:     
   11:     def __len__(self):
   12:         return self.size
--------------------------------------------------------------------------------
[0.00000 s] [36mincompetent[0m

ValueError: expression must have Store context but has Load instead

[36m   -[0m [# 112] SVD stack1: 
--------------------------------------------------------------------------------
    5: 
    6: class Stack(object):
    7:     def __init__(self):
    8:         self.size = 0
[34m-   9:         self.top = None[0m
[32m+   9:         top = None[0m
   10:     
   11:     def __len__(self):
   12:         return self.size
   13:     
--------------------------------------------------------------------------------
[0.00000 s] [36mincompetent[0m

ValueError: expression must have Store context but has Load instead

[36m   -[0m [# 113] SVD stack1: 
--------------------------------------------------------------------------------
    8:         self.size = 0
    9:         self.top = None
   10:     
   11:     def __len__(self):
[34m-  12:         return self.size[0m
[32m+  12:         return size[0m
   13:     
   14:     def push(self, item):
   15:         if self.top is None:
   16:             self.top = StackNode(item)
--------------------------------------------------------------------------------
[0.22469 s] [32mkilled[0m by ALL-SMART-GPT-MUTMUT/test_stack1_MOSA.py::test_case_1

def test_case_1():
        stack_0 = module_0.Stack()
>       assert len(stack_0) == 0

ALL-SMART-GPT-MUTMUT/test_stack1_MOSA.py:12: 
_ _ _ _ _ _ _ _ _ _ _ _ _ _ _ _ _ _ _ _ _ _ _ _ _ _ _ _ _ _ _ _ _ _ _ _ _ _ _ _ 

self = <stack1.Stack object at 0x7fb1e0e6fc10>

>   ???
E   NameError: name 'size' is not defined

stack1:12: NameError
[36m   -[0m [# 114] SVD stack1: 
--------------------------------------------------------------------------------
   11:     def __len__(self):
   12:         return self.size
   13:     
   14:     def push(self, item):
[34m-  15:         if self.top is None:[0m
[32m+  15:         if top is None:[0m
   16:             self.top = StackNode(item)
   17:         else:
   18:             
   19:             item1 = self.top
--------------------------------------------------------------------------------
[0.23670 s] [32mkilled[0m by ALL-SMART-GPT-MUTMUT/test_stack1_MOSA.py::test_case_0

def test_case_0():
        str_0 = '0'
>       var_0 = module_0.postfix_eval(str_0)

ALL-SMART-GPT-MUTMUT/test_stack1_MOSA.py:7: 
_ _ _ _ _ _ _ _ _ _ _ _ _ _ _ _ _ _ _ _ _ _ _ _ _ _ _ _ _ _ _ _ _ _ _ _ _ _ _ _ 
stack1:124: in postfix_eval
    ???
_ _ _ _ _ _ _ _ _ _ _ _ _ _ _ _ _ _ _ _ _ _ _ _ _ _ _ _ _ _ _ _ _ _ _ _ _ _ _ _ 

self = <stack1.Stack object at 0x7fb1e103c100>, item = 0

>   ???
E   NameError: name 'top' is not defined

stack1:15: NameError
[36m   -[0m [# 115] SVD stack1: 
--------------------------------------------------------------------------------
   12:         return self.size
   13:     
   14:     def push(self, item):
   15:         if self.top is None:
[34m-  16:             self.top = StackNode(item)[0m
[32m+  16:             top = StackNode(item)[0m
   17:         else:
   18:             
   19:             item1 = self.top
   20:             item2 = StackNode(item)
--------------------------------------------------------------------------------
[0.00000 s] [36mincompetent[0m

ValueError: expression must have Store context but has Load instead

[36m   -[0m [# 116] SVD stack1: 
--------------------------------------------------------------------------------
   15:         if self.top is None:
   16:             self.top = StackNode(item)
   17:         else:
   18:             
[34m-  19:             item1 = self.top[0m
[32m+  19:             item1 = top[0m
   20:             item2 = StackNode(item)
   21:             
   22:             
   23:             self.top = item2
--------------------------------------------------------------------------------
[0.24730 s] [32mkilled[0m by ALL-SMART-GPT-MUTMUT/test_stack1_MOSA.py::test_case_10

def test_case_10():
        stack_0 = module_0.Stack()
        assert len(stack_0) == 0
        var_0 = stack_0.push(stack_0)
        assert len(stack_0) == 1
        bytes_0 = b'\xd8'
>       var_1 = stack_0.push(var_0)

ALL-SMART-GPT-MUTMUT/test_stack1_MOSA.py:70: 
_ _ _ _ _ _ _ _ _ _ _ _ _ _ _ _ _ _ _ _ _ _ _ _ _ _ _ _ _ _ _ _ _ _ _ _ _ _ _ _ 

self = <stack1.Stack object at 0x7fb1e0ef1990>, item = None

>   ???
E   NameError: name 'top' is not defined

stack1:19: NameError
[36m   -[0m [# 117] SVD stack1: 
--------------------------------------------------------------------------------
   19:             item1 = self.top
   20:             item2 = StackNode(item)
   21:             
   22:             
[34m-  23:             self.top = item2[0m
[32m+  23:             top = item2[0m
   24:             item2.next = item1
   25:         
   26:         self.size += 1
   27:     
--------------------------------------------------------------------------------
[0.00000 s] [36mincompetent[0m

ValueError: expression must have Store context but has Load instead

[36m   -[0m [# 118] SVD stack1: 
--------------------------------------------------------------------------------
   22:             
   23:             self.top = item2
   24:             item2.next = item1
   25:         
[34m-  26:         self.size += 1[0m
[32m+  26:         size += 1[0m
   27:     
   28:     def pop(self):
   29:         if self.top is None:
   30:             raise ValueError()
--------------------------------------------------------------------------------
[0.00000 s] [36mincompetent[0m

ValueError: expression must have Store context but has Load instead

[36m   -[0m [# 119] SVD stack1: 
--------------------------------------------------------------------------------
   25:         
   26:         self.size += 1
   27:     
   28:     def pop(self):
[34m-  29:         if self.top is None:[0m
[32m+  29:         if top is None:[0m
   30:             raise ValueError()
   31:         else:
   32:             top_data = self.top.data
   33:             
--------------------------------------------------------------------------------
[0.26942 s] [32mkilled[0m by ALL-SMART-GPT-MUTMUT/test_stack1_MOSA.py::test_case_0

def test_case_0():
        str_0 = '0'
>       var_0 = module_0.postfix_eval(str_0)

ALL-SMART-GPT-MUTMUT/test_stack1_MOSA.py:7: 
_ _ _ _ _ _ _ _ _ _ _ _ _ _ _ _ _ _ _ _ _ _ _ _ _ _ _ _ _ _ _ _ _ _ _ _ _ _ _ _ 
stack1:133: in postfix_eval
    ???
_ _ _ _ _ _ _ _ _ _ _ _ _ _ _ _ _ _ _ _ _ _ _ _ _ _ _ _ _ _ _ _ _ _ _ _ _ _ _ _ 

self = <stack1.Stack object at 0x7fb1e10fe0b0>

>   ???
E   NameError: name 'top' is not defined

stack1:29: NameError
[36m   -[0m [# 120] SVD stack1: 
--------------------------------------------------------------------------------
   28:     def pop(self):
   29:         if self.top is None:
   30:             raise ValueError()
   31:         else:
[34m-  32:             top_data = self.top.data[0m
[32m+  32:             top_data = top.data[0m
   33:             
   34:             self.top = self.top.next
   35:             self.size -= 1
   36:             return top_data
--------------------------------------------------------------------------------
[0.23703 s] [32mkilled[0m by ALL-SMART-GPT-MUTMUT/test_stack1_MOSA.py::test_case_0

def test_case_0():
        str_0 = '0'
>       var_0 = module_0.postfix_eval(str_0)

ALL-SMART-GPT-MUTMUT/test_stack1_MOSA.py:7: 
_ _ _ _ _ _ _ _ _ _ _ _ _ _ _ _ _ _ _ _ _ _ _ _ _ _ _ _ _ _ _ _ _ _ _ _ _ _ _ _ 
stack1:133: in postfix_eval
    ???
_ _ _ _ _ _ _ _ _ _ _ _ _ _ _ _ _ _ _ _ _ _ _ _ _ _ _ _ _ _ _ _ _ _ _ _ _ _ _ _ 

self = <stack1.Stack object at 0x7fb1e11ab340>

>   ???
E   NameError: name 'top' is not defined

stack1:32: NameError
[36m   -[0m [# 121] SVD stack1: 
--------------------------------------------------------------------------------
   30:             raise ValueError()
   31:         else:
   32:             top_data = self.top.data
   33:             
[34m-  34:             self.top = self.top.next[0m
[32m+  34:             top = self.top.next[0m
   35:             self.size -= 1
   36:             return top_data
   37:     
   38:     def peek(self):
--------------------------------------------------------------------------------
[0.00000 s] [36mincompetent[0m

ValueError: expression must have Store context but has Load instead

[36m   -[0m [# 122] SVD stack1: 
--------------------------------------------------------------------------------
   30:             raise ValueError()
   31:         else:
   32:             top_data = self.top.data
   33:             
[34m-  34:             self.top = self.top.next[0m
[32m+  34:             self.top = top.next[0m
   35:             self.size -= 1
   36:             return top_data
   37:     
   38:     def peek(self):
--------------------------------------------------------------------------------
[0.23914 s] [32mkilled[0m by ALL-SMART-GPT-MUTMUT/test_stack1_MOSA.py::test_case_0

def test_case_0():
        str_0 = '0'
>       var_0 = module_0.postfix_eval(str_0)

ALL-SMART-GPT-MUTMUT/test_stack1_MOSA.py:7: 
_ _ _ _ _ _ _ _ _ _ _ _ _ _ _ _ _ _ _ _ _ _ _ _ _ _ _ _ _ _ _ _ _ _ _ _ _ _ _ _ 
stack1:133: in postfix_eval
    ???
_ _ _ _ _ _ _ _ _ _ _ _ _ _ _ _ _ _ _ _ _ _ _ _ _ _ _ _ _ _ _ _ _ _ _ _ _ _ _ _ 

self = <stack1.Stack object at 0x7fb1e11a9420>

>   ???
E   NameError: name 'top' is not defined

stack1:34: NameError
[36m   -[0m [# 123] SVD stack1: 
--------------------------------------------------------------------------------
   31:         else:
   32:             top_data = self.top.data
   33:             
   34:             self.top = self.top.next
[34m-  35:             self.size -= 1[0m
[32m+  35:             size -= 1[0m
   36:             return top_data
   37:     
   38:     def peek(self):
   39:         if self.top is None:
--------------------------------------------------------------------------------
[0.00000 s] [36mincompetent[0m

ValueError: expression must have Store context but has Load instead

[36m   -[0m [# 124] SVD stack1: 
--------------------------------------------------------------------------------
   35:             self.size -= 1
   36:             return top_data
   37:     
   38:     def peek(self):
[34m-  39:         if self.top is None:[0m
[32m+  39:         if top is None:[0m
   40:             raise ValueError()
   41:         else:
   42:             return self.top.data
   43: 
--------------------------------------------------------------------------------
[0.24204 s] [32mkilled[0m by ALL-SMART-GPT-MUTMUT/test_stack1_MOSA.py::test_case_2

def test_case_2():
        stack_0 = module_0.Stack()
        assert len(stack_0) == 0
        with pytest.raises(ValueError):
>           stack_0.peek()

ALL-SMART-GPT-MUTMUT/test_stack1_MOSA.py:20: 
_ _ _ _ _ _ _ _ _ _ _ _ _ _ _ _ _ _ _ _ _ _ _ _ _ _ _ _ _ _ _ _ _ _ _ _ _ _ _ _ 

self = <stack1.Stack object at 0x7fb1e11c33a0>

>   ???
E   NameError: name 'top' is not defined

stack1:39: NameError
[36m   -[0m [# 125] SVD stack1: 
--------------------------------------------------------------------------------
   38:     def peek(self):
   39:         if self.top is None:
   40:             raise ValueError()
   41:         else:
[34m-  42:             return self.top.data[0m
[32m+  42:             return top.data[0m
   43: 
   44: class StackNode(object):
   45:     ''' Look familiar? '''
   46:     def __init__(self, item):
--------------------------------------------------------------------------------
[0.22969 s] [32mkilled[0m by ALL-SMART-GPT-MUTMUT/test_stack1_MOSA.py::test_case_11

def test_case_11():
        str_0 = ')'
        var_0 = module_0.check_parenthesis(str_0)
        assert var_0 is False
        stack_0 = module_0.Stack()
        assert len(stack_0) == 0
        var_1 = stack_0.push(var_0)
        assert len(stack_0) == 1
>       var_2 = stack_0.peek()

ALL-SMART-GPT-MUTMUT/test_stack1_MOSA.py:88: 
_ _ _ _ _ _ _ _ _ _ _ _ _ _ _ _ _ _ _ _ _ _ _ _ _ _ _ _ _ _ _ _ _ _ _ _ _ _ _ _ 

self = <stack1.Stack object at 0x7fb1e11a9fc0>

>   ???
E   NameError: name 'top' is not defined

stack1:42: NameError
[36m   -[0m [# 126] SVD stack1: 
--------------------------------------------------------------------------------
   43: 
   44: class StackNode(object):
   45:     ''' Look familiar? '''
   46:     def __init__(self, item):
[34m-  47:         self.data = item[0m
[32m+  47:         data = item[0m
   48:         self.next = None
   49: 
   50: def check_parenthesis(string):
   51:     stack = Stack()
--------------------------------------------------------------------------------
[0.00000 s] [36mincompetent[0m

ValueError: expression must have Store context but has Load instead

[36m   -[0m [# 127] SVD stack1: 
--------------------------------------------------------------------------------
   44: class StackNode(object):
   45:     ''' Look familiar? '''
   46:     def __init__(self, item):
   47:         self.data = item
[34m-  48:         self.next = None[0m
[32m+  48:         next = None[0m
   49: 
   50: def check_parenthesis(string):
   51:     stack = Stack()
   52:     
--------------------------------------------------------------------------------
[0.00000 s] [36mincompetent[0m

ValueError: expression must have Store context but has Load instead

[36m   -[0m [# 128] ZIL stack1: 
--------------------------------------------------------------------------------
   53:     brackets = {'{': '}', '[': ']', '(': ')'}
   54:     
   55:     for character in string:
   56:         
[34m-  57:         if character in brackets.keys():[0m
[34m-  58:             stack.push(character)[0m
[34m-  59:         [0m
[34m-  60:         [0m
[34m-  61:         if character in brackets.values():[0m
[34m-  62:             try:[0m
[34m-  63:                 other = stack.pop()[0m
[34m-  64:                 [0m
[34m-  65:                 [0m
[34m-  66:                 if brackets[other] != character:[0m
[34m-  67:                     return False[0m
[34m-  68:             [0m
[34m-  69:             except ValueError:[0m
[34m-  70:                 return False[0m
[32m+  57:         break[0m
[32m+  58:     [0m
[32m+  59:     [0m
[32m+  60:     [0m
[32m+  61:     [0m
[32m+  62:     [0m
[32m+  63:     [0m
[32m+  64:     [0m
[32m+  65:     [0m
[32m+  66:     [0m
[32m+  67:     [0m
[32m+  68:     [0m
[32m+  69:     [0m
[32m+  70:     [0m
   71:     
   72:     if stack.size != 0:
   73:         return False
   74:     else:
--------------------------------------------------------------------------------
[0.23610 s] [32mkilled[0m by ALL-SMART-GPT-MUTMUT/test_stack1_MOSA.py::test_case_3

def test_case_3():
        str_0 = 'Q[?#\\\')"v":\tCX|(x'
        stack_node_0 = module_0.StackNode(str_0)
        var_0 = module_0.check_parenthesis(str_0)
>       assert var_0 is False
E       AssertionError

ALL-SMART-GPT-MUTMUT/test_stack1_MOSA.py:26: AssertionError
[36m   -[0m [# 129] ZIL stack1: 
--------------------------------------------------------------------------------
  102:     tokens = string.split(' ')
  103:     
  104:     for character in tokens:
  105:         
[34m- 106:         if character in ops.keys():[0m
[34m- 107:             try:[0m
[34m- 108:                 [0m
[34m- 109:                 right = stack.pop()[0m
[34m- 110:                 left = stack.pop()[0m
[34m- 111:                 [0m
[34m- 112:                 [0m
[34m- 113:                 result = ops[character](left, right)[0m
[34m- 114:                 stack.push(result)[0m
[34m- 115:             [0m
[34m- 116:             [0m
[34m- 117:             except ValueError as e:[0m
[34m- 118:                 raise e[0m
[34m- 119:         else:[0m
[34m- 120:             [0m
[34m- 121:             try:[0m
[34m- 122:                 [0m
[34m- 123:                 value = int(character)[0m
[34m- 124:                 stack.push(value)[0m
[34m- 125:             [0m
[34m- 126:             except ValueError as e:[0m
[34m- 127:                 raise e[0m
[32m+ 106:         break[0m
[32m+ 107:     [0m
[32m+ 108:     [0m
[32m+ 109:     [0m
[32m+ 110:     [0m
[32m+ 111:     [0m
[32m+ 112:     [0m
[32m+ 113:     [0m
[32m+ 114:     [0m
[32m+ 115:     [0m
[32m+ 116:     [0m
[32m+ 117:     [0m
[32m+ 118:     [0m
[32m+ 119:     [0m
[32m+ 120:     [0m
[32m+ 121:     [0m
[32m+ 122:     [0m
[32m+ 123:     [0m
[32m+ 124:     [0m
[32m+ 125:     [0m
[32m+ 126:     [0m
[32m+ 127:     [0m
  128:     
  129:     
  130:     if stack.size > 1:
  131:         raise ValueError()
--------------------------------------------------------------------------------
[0.29528 s] [32mkilled[0m by ALL-SMART-GPT-MUTMUT/test_stack1_MOSA.py::test_case_0

def test_case_0():
        str_0 = '0'
>       var_0 = module_0.postfix_eval(str_0)

ALL-SMART-GPT-MUTMUT/test_stack1_MOSA.py:7: 
_ _ _ _ _ _ _ _ _ _ _ _ _ _ _ _ _ _ _ _ _ _ _ _ _ _ _ _ _ _ _ _ _ _ _ _ _ _ _ _ 
stack1:133: in postfix_eval
    ???
_ _ _ _ _ _ _ _ _ _ _ _ _ _ _ _ _ _ _ _ _ _ _ _ _ _ _ _ _ _ _ _ _ _ _ _ _ _ _ _ 

self = <stack1.Stack object at 0x7fb1e12117b0>

>   ???
E   ValueError

stack1:30: ValueError
[34m[*][0m Mutation score [43.86222 s]: [1m[34m97.3%[0m
[36m   -[0m all: 129
[36m   -[0m killed: 110 (85.3%)
[36m   -[0m survived: 3 (2.3%)
[36m   -[0m incompetent: 16 (12.4%)
[36m   -[0m timeout: 0 (0.0%)
