<!DOCTYPE html><html lang="en"><head><meta charset="utf-8" /><meta name="viewport" content="width=device-width, initial-scale=1, shrink-to-fit=no" /><link rel="stylesheet" href="https://stackpath.bootstrapcdn.com/bootstrap/4.3.1/css/bootstrap.min.css" integrity="sha384-ggOyR0iXCbMQv3Xipma34MD+dH/1fQ784/j6cY/iJTQUOhcWr7x9JvoRxT2MZw1T" crossorigin="anonymous" /><title>Cosmic Ray Report</title></head><body><div class="container"><h1><p class="text-dark">Cosmic Ray Report</p></h1></div><div class="container"><div class="mb-1" id="summary_info___accordion"><div class="card"><a data-toggle="collapse" data-target="#summary_info___collapse_1" aria-expanded="true" aria-controls="summary_info___collapse_1" href="#"><div class="card-header" id="summary_info___heading_1"><button class="btn btn-outline-dark"><h4 class="m-0">Summary info</h4></button></div></a><div aria-labelledby="summary_info___heading_1" data-parent="#summary_info___accordion" class="collapse show" id="summary_info___collapse_1"><div class="card-body"><p>Date time: 24/02/2024 00:01:31</p><p>Total jobs: 62</p><p>Complete: 62 (100.00%)</p><p>Surviving mutants: 5 (8.06%)</p></div></div></div></div><div class="mb-1" id="job_list___accordion"><div class="card"><a data-toggle="collapse" data-target="#job_list___collapse_1" aria-expanded="false" aria-controls="job_list___collapse_1" href="#"><div class="card-header" id="job_list___heading_1"><button class="btn btn-outline-dark"><h4 class="m-0">Job list</h4></button></div></a><div aria-labelledby="job_list___heading_1" data-parent="#job_list___accordion" class="collapse" id="job_list___collapse_1"><div class="card-body"><div class="text-right mb-1"><div class="mx-1" id="job_item_expand_all"><a href="#" onclick="$('div.job_list___sub_multi_collapse').collapse('show');"><button class="btn btn-outline-dark"><span>Expand All</span></button></a></div><div class="mx-1" id="job_item_collapse_all"><a href="#" onclick="$('div.job_list___sub_multi_collapse').collapse('hide');"><button class="btn btn-outline-dark"><span>Collapse All</span></button></a></div></div><div class="mb-1" id="job_list___sub_accordion_1"><div class="card"><a data-toggle="collapse" data-target="#job_list___sub_collapse_1_1" aria-expanded="false" aria-controls="job_list___sub_collapse_1_1" href="#" class="job_list___sub_multi_heading"><div role="alert" class="card-header alert-success" id="job_list___sub_heading_1_1"><button class="btn btn-outline-success"><span class="job_id">1 : Job ID da33691321e047a18d4d8f2e32bb6a53</span></button></div></a><div aria-labelledby="job_list___sub_heading_1_1" data-parent="#job_list___sub_accordion_1" class="collapse job_list___sub_multi_collapse" id="job_list___sub_collapse_1_1"><div class="card-body"><div class="work-item"><div class="alert alert-success test-outcome" role="alert"><p>worker outcome: normal</p><p>test outcome: killed</p></div></div><pre class="location"><a href="pycharm://open?file=stack3.py&amp;line=24" class="text-secondary"><button class="btn btn-outline-dark">stack3.py, start pos: (24, 23), end pos: (24, 25)</button></a></pre><pre>operator: core/ReplaceComparisonOperator_Eq_NotEq, occurrence: 0</pre><div class="alert alert-secondary"><pre class="diff">--- mutation diff ---
--- astack3.py
+++ bstack3.py
@@ -21,7 +21,7 @@
         """Add element to linked list."""
 
         newNode = Node(value)
-        if self.__size == 0:
+        if self.__size != 0:
             self.__head.next = newNode
             self.__head = newNode
             self.__size += 1</pre></div><div class="alert alert-secondary"><pre class="diff">timeout</pre></div></div></div></div></div><div class="mb-1" id="job_list___sub_accordion_2"><div class="card"><a data-toggle="collapse" data-target="#job_list___sub_collapse_2_1" aria-expanded="false" aria-controls="job_list___sub_collapse_2_1" href="#" class="job_list___sub_multi_heading"><div role="alert" class="card-header alert-success" id="job_list___sub_heading_2_1"><button class="btn btn-outline-success"><span class="job_id">2 : Job ID fcdc051a577e4dc8bf63d4ae784194c5</span></button></div></a><div aria-labelledby="job_list___sub_heading_2_1" data-parent="#job_list___sub_accordion_2" class="collapse job_list___sub_multi_collapse" id="job_list___sub_collapse_2_1"><div class="card-body"><div class="work-item"><div class="alert alert-success test-outcome" role="alert"><p>worker outcome: normal</p><p>test outcome: killed</p></div></div><pre class="location"><a href="pycharm://open?file=stack3.py&amp;line=38" class="text-secondary"><button class="btn btn-outline-dark">stack3.py, start pos: (38, 23), end pos: (38, 25)</button></a></pre><pre>operator: core/ReplaceComparisonOperator_Eq_NotEq, occurrence: 1</pre><div class="alert alert-secondary"><pre class="diff">--- mutation diff ---
--- astack3.py
+++ bstack3.py
@@ -35,7 +35,7 @@
 
         """Remove node from linkedlist."""
 
-        if self.__size == 0:
+        if self.__size != 0:
             return None
         if self.__size == 1: # Alterado para corrigir comportamento
             nodeToRemove = self.__head</pre></div><div class="alert alert-secondary"><pre class="diff">============================= test session starts ==============================
platform linux -- Python 3.10.12, pytest-7.1.3, pluggy-1.0.0
rootdir: /home/lucca/desktop/ic/experimento/testes/python_experiments/stack3
plugins: Faker-15.1.1, hypothesis-6.56.3
collected 68 items

ALL-SMART-GPT-MUTMUT/test_stack3_DYNAMOSA.py .F..F....FF..F.FF           [ 25%]
ALL-SMART-GPT-MUTMUT/test_stack3_MIO.py ...F.................            [ 55%]
ALL-SMART-GPT-MUTMUT/test_stack3_MOSA.py .F..F....FF..F.FF               [ 80%]
ALL-SMART-GPT-MUTMUT/test_stack3_MUTMUT.py FF..                          [ 86%]
ALL-SMART-GPT-MUTMUT/test_stack3_WHOLE_SUITE.py .F..FF..F                [100%]

=========================== short test summary info ============================
FAILED ALL-SMART-GPT-MUTMUT/test_stack3_DYNAMOSA.py::test_case_1 - AssertionE...
FAILED ALL-SMART-GPT-MUTMUT/test_stack3_DYNAMOSA.py::test_case_4 - assert &lt;st...
FAILED ALL-SMART-GPT-MUTMUT/test_stack3_DYNAMOSA.py::test_case_9 - AssertionE...
FAILED ALL-SMART-GPT-MUTMUT/test_stack3_DYNAMOSA.py::test_case_10 - Assertion...
FAILED ALL-SMART-GPT-MUTMUT/test_stack3_DYNAMOSA.py::test_case_13 - Assertion...
FAILED ALL-SMART-GPT-MUTMUT/test_stack3_DYNAMOSA.py::test_case_15 - Assertion...
FAILED ALL-SMART-GPT-MUTMUT/test_stack3_DYNAMOSA.py::test_case_16 - Assertion...
FAILED ALL-SMART-GPT-MUTMUT/test_stack3_MIO.py::test_case_3 - AssertionError:...
FAILED ALL-SMART-GPT-MUTMUT/test_stack3_MOSA.py::test_case_1 - AssertionError...
FAILED ALL-SMART-GPT-MUTMUT/test_stack3_MOSA.py::test_case_4 - assert &lt;stack3...
FAILED ALL-SMART-GPT-MUTMUT/test_stack3_MOSA.py::test_case_9 - AssertionError...
FAILED ALL-SMART-GPT-MUTMUT/test_stack3_MOSA.py::test_case_10 - AssertionErro...
FAILED ALL-SMART-GPT-MUTMUT/test_stack3_MOSA.py::test_case_13 - AssertionErro...
FAILED ALL-SMART-GPT-MUTMUT/test_stack3_MOSA.py::test_case_15 - AssertionErro...
FAILED ALL-SMART-GPT-MUTMUT/test_stack3_MOSA.py::test_case_16 - AssertionErro...
FAILED ALL-SMART-GPT-MUTMUT/test_stack3_MUTMUT.py::test_remove_single_element
FAILED ALL-SMART-GPT-MUTMUT/test_stack3_MUTMUT.py::test_remove_multiple_elements_small_list
FAILED ALL-SMART-GPT-MUTMUT/test_stack3_WHOLE_SUITE.py::test_case_1 - Asserti...
FAILED ALL-SMART-GPT-MUTMUT/test_stack3_WHOLE_SUITE.py::test_case_4 - Asserti...
FAILED ALL-SMART-GPT-MUTMUT/test_stack3_WHOLE_SUITE.py::test_case_5 - assert ...
FAILED ALL-SMART-GPT-MUTMUT/test_stack3_WHOLE_SUITE.py::test_case_8 - assert ...
======================== 21 failed, 47 passed in 0.25s =========================
</pre></div></div></div></div></div><div class="mb-1" id="job_list___sub_accordion_3"><div class="card"><a data-toggle="collapse" data-target="#job_list___sub_collapse_3_1" aria-expanded="false" aria-controls="job_list___sub_collapse_3_1" href="#" class="job_list___sub_multi_heading"><div role="alert" class="card-header alert-success" id="job_list___sub_heading_3_1"><button class="btn btn-outline-success"><span class="job_id">3 : Job ID c94cd14497b2441c8ae9a66f8b188a6e</span></button></div></a><div aria-labelledby="job_list___sub_heading_3_1" data-parent="#job_list___sub_accordion_3" class="collapse job_list___sub_multi_collapse" id="job_list___sub_collapse_3_1"><div class="card-body"><div class="work-item"><div class="alert alert-success test-outcome" role="alert"><p>worker outcome: normal</p><p>test outcome: killed</p></div></div><pre class="location"><a href="pycharm://open?file=stack3.py&amp;line=40" class="text-secondary"><button class="btn btn-outline-dark">stack3.py, start pos: (40, 23), end pos: (40, 25)</button></a></pre><pre>operator: core/ReplaceComparisonOperator_Eq_NotEq, occurrence: 2</pre><div class="alert alert-secondary"><pre class="diff">--- mutation diff ---
--- astack3.py
+++ bstack3.py
@@ -37,7 +37,7 @@
 
         if self.__size == 0:
             return None
-        if self.__size == 1: # Alterado para corrigir comportamento
+        if self.__size != 1: # Alterado para corrigir comportamento
             nodeToRemove = self.__head
             self.__sentinel.next = None
             self.__head = self.__sentinel</pre></div><div class="alert alert-secondary"><pre class="diff">============================= test session starts ==============================
platform linux -- Python 3.10.12, pytest-7.1.3, pluggy-1.0.0
rootdir: /home/lucca/desktop/ic/experimento/testes/python_experiments/stack3
plugins: Faker-15.1.1, hypothesis-6.56.3
collected 68 items

ALL-SMART-GPT-MUTMUT/test_stack3_DYNAMOSA.py .........F...F...           [ 25%]
ALL-SMART-GPT-MUTMUT/test_stack3_MIO.py .....................            [ 55%]
ALL-SMART-GPT-MUTMUT/test_stack3_MOSA.py .........F...F...               [ 80%]
ALL-SMART-GPT-MUTMUT/test_stack3_MUTMUT.py FF..                          [ 86%]
ALL-SMART-GPT-MUTMUT/test_stack3_WHOLE_SUITE.py .........                [100%]

=========================== short test summary info ============================
FAILED ALL-SMART-GPT-MUTMUT/test_stack3_DYNAMOSA.py::test_case_9 - AssertionE...
FAILED ALL-SMART-GPT-MUTMUT/test_stack3_DYNAMOSA.py::test_case_13 - Attribute...
FAILED ALL-SMART-GPT-MUTMUT/test_stack3_MOSA.py::test_case_9 - AssertionError...
FAILED ALL-SMART-GPT-MUTMUT/test_stack3_MOSA.py::test_case_13 - AttributeErro...
FAILED ALL-SMART-GPT-MUTMUT/test_stack3_MUTMUT.py::test_remove_single_element
FAILED ALL-SMART-GPT-MUTMUT/test_stack3_MUTMUT.py::test_remove_multiple_elements_small_list
========================= 6 failed, 62 passed in 0.24s =========================
</pre></div></div></div></div></div><div class="mb-1" id="job_list___sub_accordion_4"><div class="card"><a data-toggle="collapse" data-target="#job_list___sub_collapse_4_1" aria-expanded="false" aria-controls="job_list___sub_collapse_4_1" href="#" class="job_list___sub_multi_heading"><div role="alert" class="card-header alert-success" id="job_list___sub_heading_4_1"><button class="btn btn-outline-success"><span class="job_id">4 : Job ID b66794ac64084fea94e12ddc6aad1803</span></button></div></a><div aria-labelledby="job_list___sub_heading_4_1" data-parent="#job_list___sub_accordion_4" class="collapse job_list___sub_multi_collapse" id="job_list___sub_collapse_4_1"><div class="card-body"><div class="work-item"><div class="alert alert-success test-outcome" role="alert"><p>worker outcome: normal</p><p>test outcome: killed</p></div></div><pre class="location"><a href="pycharm://open?file=stack3.py&amp;line=75" class="text-secondary"><button class="btn btn-outline-dark">stack3.py, start pos: (75, 35), end pos: (75, 37)</button></a></pre><pre>operator: core/ReplaceComparisonOperator_Eq_NotEq, occurrence: 3</pre><div class="alert alert-secondary"><pre class="diff">--- mutation diff ---
--- astack3.py
+++ bstack3.py
@@ -72,7 +72,7 @@
 
         """Checks if linkedlist is empty."""
 
-        return True if self.__size == 0 else False
+        return True if self.__size != 0 else False
 
     def toArray(self) -&gt; list:
 </pre></div><div class="alert alert-secondary"><pre class="diff">============================= test session starts ==============================
platform linux -- Python 3.10.12, pytest-7.1.3, pluggy-1.0.0
rootdir: /home/lucca/desktop/ic/experimento/testes/python_experiments/stack3
plugins: Faker-15.1.1, hypothesis-6.56.3
collected 68 items

ALL-SMART-GPT-MUTMUT/test_stack3_DYNAMOSA.py ...FF..........FF           [ 25%]
ALL-SMART-GPT-MUTMUT/test_stack3_MIO.py .....FF..............            [ 55%]
ALL-SMART-GPT-MUTMUT/test_stack3_MOSA.py ...FF..........FF               [ 80%]
ALL-SMART-GPT-MUTMUT/test_stack3_MUTMUT.py F...                          [ 86%]
ALL-SMART-GPT-MUTMUT/test_stack3_WHOLE_SUITE.py .F.....F.                [100%]

=========================== short test summary info ============================
FAILED ALL-SMART-GPT-MUTMUT/test_stack3_DYNAMOSA.py::test_case_3 - assert Fal...
FAILED ALL-SMART-GPT-MUTMUT/test_stack3_DYNAMOSA.py::test_case_4 - assert Tru...
FAILED ALL-SMART-GPT-MUTMUT/test_stack3_DYNAMOSA.py::test_case_15 - assert Tr...
FAILED ALL-SMART-GPT-MUTMUT/test_stack3_DYNAMOSA.py::test_case_16 - assert Tr...
FAILED ALL-SMART-GPT-MUTMUT/test_stack3_MIO.py::test_case_5 - assert False is...
FAILED ALL-SMART-GPT-MUTMUT/test_stack3_MIO.py::test_case_6 - assert True is ...
FAILED ALL-SMART-GPT-MUTMUT/test_stack3_MOSA.py::test_case_3 - assert False i...
FAILED ALL-SMART-GPT-MUTMUT/test_stack3_MOSA.py::test_case_4 - assert True is...
FAILED ALL-SMART-GPT-MUTMUT/test_stack3_MOSA.py::test_case_15 - assert True i...
FAILED ALL-SMART-GPT-MUTMUT/test_stack3_MOSA.py::test_case_16 - assert True i...
FAILED ALL-SMART-GPT-MUTMUT/test_stack3_MUTMUT.py::test_remove_single_element
FAILED ALL-SMART-GPT-MUTMUT/test_stack3_WHOLE_SUITE.py::test_case_1 - assert ...
FAILED ALL-SMART-GPT-MUTMUT/test_stack3_WHOLE_SUITE.py::test_case_7 - assert ...
======================== 13 failed, 55 passed in 0.23s =========================
</pre></div></div></div></div></div><div class="mb-1" id="job_list___sub_accordion_5"><div class="card"><a data-toggle="collapse" data-target="#job_list___sub_collapse_5_1" aria-expanded="false" aria-controls="job_list___sub_collapse_5_1" href="#" class="job_list___sub_multi_heading"><div role="alert" class="card-header alert-success" id="job_list___sub_heading_5_1"><button class="btn btn-outline-success"><span class="job_id">5 : Job ID 8e944dc3fb974d87981a396d21691525</span></button></div></a><div aria-labelledby="job_list___sub_heading_5_1" data-parent="#job_list___sub_accordion_5" class="collapse job_list___sub_multi_collapse" id="job_list___sub_collapse_5_1"><div class="card-body"><div class="work-item"><div class="alert alert-success test-outcome" role="alert"><p>worker outcome: normal</p><p>test outcome: killed</p></div></div><pre class="location"><a href="pycharm://open?file=stack3.py&amp;line=125" class="text-secondary"><button class="btn btn-outline-dark">stack3.py, start pos: (125, 46), end pos: (125, 48)</button></a></pre><pre>operator: core/ReplaceComparisonOperator_Eq_NotEq, occurrence: 4</pre><div class="alert alert-secondary"><pre class="diff">--- mutation diff ---
--- astack3.py
+++ bstack3.py
@@ -122,7 +122,7 @@
 
         """Check if stack is empty."""
 
-        return True if self.__stack.getSize() == 0 else False
+        return True if self.__stack.getSize() != 0 else False
 
     def getSize(self) -&gt; int:
 </pre></div><div class="alert alert-secondary"><pre class="diff">============================= test session starts ==============================
platform linux -- Python 3.10.12, pytest-7.1.3, pluggy-1.0.0
rootdir: /home/lucca/desktop/ic/experimento/testes/python_experiments/stack3
plugins: Faker-15.1.1, hypothesis-6.56.3
collected 68 items

ALL-SMART-GPT-MUTMUT/test_stack3_DYNAMOSA.py .......F.....F...           [ 25%]
ALL-SMART-GPT-MUTMUT/test_stack3_MIO.py ...........FF........            [ 55%]
ALL-SMART-GPT-MUTMUT/test_stack3_MOSA.py .......F.....F...               [ 80%]
ALL-SMART-GPT-MUTMUT/test_stack3_MUTMUT.py ....                          [ 86%]
ALL-SMART-GPT-MUTMUT/test_stack3_WHOLE_SUITE.py ..FF.....                [100%]

=========================== short test summary info ============================
FAILED ALL-SMART-GPT-MUTMUT/test_stack3_DYNAMOSA.py::test_case_7 - assert Fal...
FAILED ALL-SMART-GPT-MUTMUT/test_stack3_DYNAMOSA.py::test_case_13 - assert Tr...
FAILED ALL-SMART-GPT-MUTMUT/test_stack3_MIO.py::test_case_11 - assert False i...
FAILED ALL-SMART-GPT-MUTMUT/test_stack3_MIO.py::test_case_12 - assert True is...
FAILED ALL-SMART-GPT-MUTMUT/test_stack3_MOSA.py::test_case_7 - assert False i...
FAILED ALL-SMART-GPT-MUTMUT/test_stack3_MOSA.py::test_case_13 - assert True i...
FAILED ALL-SMART-GPT-MUTMUT/test_stack3_WHOLE_SUITE.py::test_case_2 - assert ...
FAILED ALL-SMART-GPT-MUTMUT/test_stack3_WHOLE_SUITE.py::test_case_3 - assert ...
========================= 8 failed, 60 passed in 0.21s =========================
</pre></div></div></div></div></div><div class="mb-1" id="job_list___sub_accordion_6"><div class="card"><a data-toggle="collapse" data-target="#job_list___sub_collapse_6_1" aria-expanded="false" aria-controls="job_list___sub_collapse_6_1" href="#" class="job_list___sub_multi_heading"><div role="alert" class="card-header alert-success" id="job_list___sub_heading_6_1"><button class="btn btn-outline-success"><span class="job_id">6 : Job ID 7419486dccc648dbab5c937af44b18f8</span></button></div></a><div aria-labelledby="job_list___sub_heading_6_1" data-parent="#job_list___sub_accordion_6" class="collapse job_list___sub_multi_collapse" id="job_list___sub_collapse_6_1"><div class="card-body"><div class="work-item"><div class="alert alert-success test-outcome" role="alert"><p>worker outcome: normal</p><p>test outcome: killed</p></div></div><pre class="location"><a href="pycharm://open?file=stack3.py&amp;line=24" class="text-secondary"><button class="btn btn-outline-dark">stack3.py, start pos: (24, 23), end pos: (24, 25)</button></a></pre><pre>operator: core/ReplaceComparisonOperator_Eq_Lt, occurrence: 0</pre><div class="alert alert-secondary"><pre class="diff">--- mutation diff ---
--- astack3.py
+++ bstack3.py
@@ -21,7 +21,7 @@
         """Add element to linked list."""
 
         newNode = Node(value)
-        if self.__size == 0:
+        if self.__size &lt; 0:
             self.__head.next = newNode
             self.__head = newNode
             self.__size += 1</pre></div><div class="alert alert-secondary"><pre class="diff">timeout</pre></div></div></div></div></div><div class="mb-1" id="job_list___sub_accordion_7"><div class="card"><a data-toggle="collapse" data-target="#job_list___sub_collapse_7_1" aria-expanded="false" aria-controls="job_list___sub_collapse_7_1" href="#" class="job_list___sub_multi_heading"><div role="alert" class="card-header alert-success" id="job_list___sub_heading_7_1"><button class="btn btn-outline-success"><span class="job_id">7 : Job ID cec2944822da415e8673854628218816</span></button></div></a><div aria-labelledby="job_list___sub_heading_7_1" data-parent="#job_list___sub_accordion_7" class="collapse job_list___sub_multi_collapse" id="job_list___sub_collapse_7_1"><div class="card-body"><div class="work-item"><div class="alert alert-success test-outcome" role="alert"><p>worker outcome: normal</p><p>test outcome: killed</p></div></div><pre class="location"><a href="pycharm://open?file=stack3.py&amp;line=38" class="text-secondary"><button class="btn btn-outline-dark">stack3.py, start pos: (38, 23), end pos: (38, 25)</button></a></pre><pre>operator: core/ReplaceComparisonOperator_Eq_Lt, occurrence: 1</pre><div class="alert alert-secondary"><pre class="diff">--- mutation diff ---
--- astack3.py
+++ bstack3.py
@@ -35,7 +35,7 @@
 
         """Remove node from linkedlist."""
 
-        if self.__size == 0:
+        if self.__size &lt; 0:
             return None
         if self.__size == 1: # Alterado para corrigir comportamento
             nodeToRemove = self.__head</pre></div><div class="alert alert-secondary"><pre class="diff">============================= test session starts ==============================
platform linux -- Python 3.10.12, pytest-7.1.3, pluggy-1.0.0
rootdir: /home/lucca/desktop/ic/experimento/testes/python_experiments/stack3
plugins: Faker-15.1.1, hypothesis-6.56.3
collected 68 items

ALL-SMART-GPT-MUTMUT/test_stack3_DYNAMOSA.py .................           [ 25%]
ALL-SMART-GPT-MUTMUT/test_stack3_MIO.py .....................            [ 55%]
ALL-SMART-GPT-MUTMUT/test_stack3_MOSA.py .................               [ 80%]
ALL-SMART-GPT-MUTMUT/test_stack3_MUTMUT.py ....                          [ 86%]
ALL-SMART-GPT-MUTMUT/test_stack3_WHOLE_SUITE.py .....F..F                [100%]

=========================== short test summary info ============================
FAILED ALL-SMART-GPT-MUTMUT/test_stack3_WHOLE_SUITE.py::test_case_5 - assert ...
FAILED ALL-SMART-GPT-MUTMUT/test_stack3_WHOLE_SUITE.py::test_case_8 - assert ...
========================= 2 failed, 66 passed in 0.25s =========================
</pre></div></div></div></div></div><div class="mb-1" id="job_list___sub_accordion_8"><div class="card"><a data-toggle="collapse" data-target="#job_list___sub_collapse_8_1" aria-expanded="false" aria-controls="job_list___sub_collapse_8_1" href="#" class="job_list___sub_multi_heading"><div role="alert" class="card-header alert-success" id="job_list___sub_heading_8_1"><button class="btn btn-outline-success"><span class="job_id">8 : Job ID 63db171b13434e6ba3dda5e7db15fa39</span></button></div></a><div aria-labelledby="job_list___sub_heading_8_1" data-parent="#job_list___sub_accordion_8" class="collapse job_list___sub_multi_collapse" id="job_list___sub_collapse_8_1"><div class="card-body"><div class="work-item"><div class="alert alert-success test-outcome" role="alert"><p>worker outcome: normal</p><p>test outcome: killed</p></div></div><pre class="location"><a href="pycharm://open?file=stack3.py&amp;line=40" class="text-secondary"><button class="btn btn-outline-dark">stack3.py, start pos: (40, 23), end pos: (40, 25)</button></a></pre><pre>operator: core/ReplaceComparisonOperator_Eq_Lt, occurrence: 2</pre><div class="alert alert-secondary"><pre class="diff">--- mutation diff ---
--- astack3.py
+++ bstack3.py
@@ -37,7 +37,7 @@
 
         if self.__size == 0:
             return None
-        if self.__size == 1: # Alterado para corrigir comportamento
+        if self.__size &lt; 1: # Alterado para corrigir comportamento
             nodeToRemove = self.__head
             self.__sentinel.next = None
             self.__head = self.__sentinel</pre></div><div class="alert alert-secondary"><pre class="diff">============================= test session starts ==============================
platform linux -- Python 3.10.12, pytest-7.1.3, pluggy-1.0.0
rootdir: /home/lucca/desktop/ic/experimento/testes/python_experiments/stack3
plugins: Faker-15.1.1, hypothesis-6.56.3
collected 68 items

ALL-SMART-GPT-MUTMUT/test_stack3_DYNAMOSA.py .........F...F...           [ 25%]
ALL-SMART-GPT-MUTMUT/test_stack3_MIO.py .....................            [ 55%]
ALL-SMART-GPT-MUTMUT/test_stack3_MOSA.py .........F...F...               [ 80%]
ALL-SMART-GPT-MUTMUT/test_stack3_MUTMUT.py F...                          [ 86%]
ALL-SMART-GPT-MUTMUT/test_stack3_WHOLE_SUITE.py .........                [100%]

=========================== short test summary info ============================
FAILED ALL-SMART-GPT-MUTMUT/test_stack3_DYNAMOSA.py::test_case_9 - AssertionE...
FAILED ALL-SMART-GPT-MUTMUT/test_stack3_DYNAMOSA.py::test_case_13 - Attribute...
FAILED ALL-SMART-GPT-MUTMUT/test_stack3_MOSA.py::test_case_9 - AssertionError...
FAILED ALL-SMART-GPT-MUTMUT/test_stack3_MOSA.py::test_case_13 - AttributeErro...
FAILED ALL-SMART-GPT-MUTMUT/test_stack3_MUTMUT.py::test_remove_single_element
========================= 5 failed, 63 passed in 0.29s =========================
</pre></div></div></div></div></div><div class="mb-1" id="job_list___sub_accordion_9"><div class="card"><a data-toggle="collapse" data-target="#job_list___sub_collapse_9_1" aria-expanded="false" aria-controls="job_list___sub_collapse_9_1" href="#" class="job_list___sub_multi_heading"><div role="alert" class="card-header alert-success" id="job_list___sub_heading_9_1"><button class="btn btn-outline-success"><span class="job_id">9 : Job ID e81f6b27620f4c398586a3697923e0d1</span></button></div></a><div aria-labelledby="job_list___sub_heading_9_1" data-parent="#job_list___sub_accordion_9" class="collapse job_list___sub_multi_collapse" id="job_list___sub_collapse_9_1"><div class="card-body"><div class="work-item"><div class="alert alert-success test-outcome" role="alert"><p>worker outcome: normal</p><p>test outcome: killed</p></div></div><pre class="location"><a href="pycharm://open?file=stack3.py&amp;line=75" class="text-secondary"><button class="btn btn-outline-dark">stack3.py, start pos: (75, 35), end pos: (75, 37)</button></a></pre><pre>operator: core/ReplaceComparisonOperator_Eq_Lt, occurrence: 3</pre><div class="alert alert-secondary"><pre class="diff">--- mutation diff ---
--- astack3.py
+++ bstack3.py
@@ -72,7 +72,7 @@
 
         """Checks if linkedlist is empty."""
 
-        return True if self.__size == 0 else False
+        return True if self.__size &lt; 0 else False
 
     def toArray(self) -&gt; list:
 </pre></div><div class="alert alert-secondary"><pre class="diff">============================= test session starts ==============================
platform linux -- Python 3.10.12, pytest-7.1.3, pluggy-1.0.0
rootdir: /home/lucca/desktop/ic/experimento/testes/python_experiments/stack3
plugins: Faker-15.1.1, hypothesis-6.56.3
collected 68 items

ALL-SMART-GPT-MUTMUT/test_stack3_DYNAMOSA.py ...F.............           [ 25%]
ALL-SMART-GPT-MUTMUT/test_stack3_MIO.py .....F...............            [ 55%]
ALL-SMART-GPT-MUTMUT/test_stack3_MOSA.py ...F.............               [ 80%]
ALL-SMART-GPT-MUTMUT/test_stack3_MUTMUT.py F...                          [ 86%]
ALL-SMART-GPT-MUTMUT/test_stack3_WHOLE_SUITE.py .......F.                [100%]

=========================== short test summary info ============================
FAILED ALL-SMART-GPT-MUTMUT/test_stack3_DYNAMOSA.py::test_case_3 - assert Fal...
FAILED ALL-SMART-GPT-MUTMUT/test_stack3_MIO.py::test_case_5 - assert False is...
FAILED ALL-SMART-GPT-MUTMUT/test_stack3_MOSA.py::test_case_3 - assert False i...
FAILED ALL-SMART-GPT-MUTMUT/test_stack3_MUTMUT.py::test_remove_single_element
FAILED ALL-SMART-GPT-MUTMUT/test_stack3_WHOLE_SUITE.py::test_case_7 - assert ...
========================= 5 failed, 63 passed in 0.33s =========================
</pre></div></div></div></div></div><div class="mb-1" id="job_list___sub_accordion_10"><div class="card"><a data-toggle="collapse" data-target="#job_list___sub_collapse_10_1" aria-expanded="false" aria-controls="job_list___sub_collapse_10_1" href="#" class="job_list___sub_multi_heading"><div role="alert" class="card-header alert-success" id="job_list___sub_heading_10_1"><button class="btn btn-outline-success"><span class="job_id">10 : Job ID 7602f216bf4142f18341a684f8143314</span></button></div></a><div aria-labelledby="job_list___sub_heading_10_1" data-parent="#job_list___sub_accordion_10" class="collapse job_list___sub_multi_collapse" id="job_list___sub_collapse_10_1"><div class="card-body"><div class="work-item"><div class="alert alert-success test-outcome" role="alert"><p>worker outcome: normal</p><p>test outcome: killed</p></div></div><pre class="location"><a href="pycharm://open?file=stack3.py&amp;line=125" class="text-secondary"><button class="btn btn-outline-dark">stack3.py, start pos: (125, 46), end pos: (125, 48)</button></a></pre><pre>operator: core/ReplaceComparisonOperator_Eq_Lt, occurrence: 4</pre><div class="alert alert-secondary"><pre class="diff">--- mutation diff ---
--- astack3.py
+++ bstack3.py
@@ -122,7 +122,7 @@
 
         """Check if stack is empty."""
 
-        return True if self.__stack.getSize() == 0 else False
+        return True if self.__stack.getSize() &lt; 0 else False
 
     def getSize(self) -&gt; int:
 </pre></div><div class="alert alert-secondary"><pre class="diff">============================= test session starts ==============================
platform linux -- Python 3.10.12, pytest-7.1.3, pluggy-1.0.0
rootdir: /home/lucca/desktop/ic/experimento/testes/python_experiments/stack3
plugins: Faker-15.1.1, hypothesis-6.56.3
collected 68 items

ALL-SMART-GPT-MUTMUT/test_stack3_DYNAMOSA.py .......F.........           [ 25%]
ALL-SMART-GPT-MUTMUT/test_stack3_MIO.py ...........F.........            [ 55%]
ALL-SMART-GPT-MUTMUT/test_stack3_MOSA.py .......F.........               [ 80%]
ALL-SMART-GPT-MUTMUT/test_stack3_MUTMUT.py ....                          [ 86%]
ALL-SMART-GPT-MUTMUT/test_stack3_WHOLE_SUITE.py ..F......                [100%]

=========================== short test summary info ============================
FAILED ALL-SMART-GPT-MUTMUT/test_stack3_DYNAMOSA.py::test_case_7 - assert Fal...
FAILED ALL-SMART-GPT-MUTMUT/test_stack3_MIO.py::test_case_11 - assert False i...
FAILED ALL-SMART-GPT-MUTMUT/test_stack3_MOSA.py::test_case_7 - assert False i...
FAILED ALL-SMART-GPT-MUTMUT/test_stack3_WHOLE_SUITE.py::test_case_2 - assert ...
========================= 4 failed, 64 passed in 0.25s =========================
</pre></div></div></div></div></div><div class="mb-1" id="job_list___sub_accordion_11"><div class="card"><a data-toggle="collapse" data-target="#job_list___sub_collapse_11_1" aria-expanded="false" aria-controls="job_list___sub_collapse_11_1" href="#" class="job_list___sub_multi_heading"><div role="alert" class="card-header alert-danger" id="job_list___sub_heading_11_1"><button class="btn btn-outline-danger"><span class="job_id">11 : Job ID fa28787e2e004cdb8e7ea377cb3f04a1</span></button></div></a><div aria-labelledby="job_list___sub_heading_11_1" data-parent="#job_list___sub_accordion_11" class="collapse job_list___sub_multi_collapse" id="job_list___sub_collapse_11_1"><div class="card-body"><div class="work-item"><div class="alert alert-danger test-outcome" role="alert"><p>SURVIVED</p><p>worker outcome: normal</p><p>test outcome: survived</p></div></div><pre class="location"><a href="pycharm://open?file=stack3.py&amp;line=24" class="text-secondary"><button class="btn btn-outline-dark">stack3.py, start pos: (24, 23), end pos: (24, 25)</button></a></pre><pre>operator: core/ReplaceComparisonOperator_Eq_LtE, occurrence: 0</pre><div class="alert alert-secondary"><pre class="diff">--- mutation diff ---
--- astack3.py
+++ bstack3.py
@@ -21,7 +21,7 @@
         """Add element to linked list."""
 
         newNode = Node(value)
-        if self.__size == 0:
+        if self.__size &lt;= 0:
             self.__head.next = newNode
             self.__head = newNode
             self.__size += 1</pre></div><div class="alert alert-secondary"><pre class="diff">============================= test session starts ==============================
platform linux -- Python 3.10.12, pytest-7.1.3, pluggy-1.0.0
rootdir: /home/lucca/desktop/ic/experimento/testes/python_experiments/stack3
plugins: Faker-15.1.1, hypothesis-6.56.3
collected 68 items

ALL-SMART-GPT-MUTMUT/test_stack3_DYNAMOSA.py .................           [ 25%]
ALL-SMART-GPT-MUTMUT/test_stack3_MIO.py .....................            [ 55%]
ALL-SMART-GPT-MUTMUT/test_stack3_MOSA.py .................               [ 80%]
ALL-SMART-GPT-MUTMUT/test_stack3_MUTMUT.py ....                          [ 86%]
ALL-SMART-GPT-MUTMUT/test_stack3_WHOLE_SUITE.py .........                [100%]

============================== 68 passed in 0.24s ==============================
</pre></div></div></div></div></div><div class="mb-1" id="job_list___sub_accordion_12"><div class="card"><a data-toggle="collapse" data-target="#job_list___sub_collapse_12_1" aria-expanded="false" aria-controls="job_list___sub_collapse_12_1" href="#" class="job_list___sub_multi_heading"><div role="alert" class="card-header alert-danger" id="job_list___sub_heading_12_1"><button class="btn btn-outline-danger"><span class="job_id">12 : Job ID 66738b8c2b7641559b2ddec0aa5f58bc</span></button></div></a><div aria-labelledby="job_list___sub_heading_12_1" data-parent="#job_list___sub_accordion_12" class="collapse job_list___sub_multi_collapse" id="job_list___sub_collapse_12_1"><div class="card-body"><div class="work-item"><div class="alert alert-danger test-outcome" role="alert"><p>SURVIVED</p><p>worker outcome: normal</p><p>test outcome: survived</p></div></div><pre class="location"><a href="pycharm://open?file=stack3.py&amp;line=38" class="text-secondary"><button class="btn btn-outline-dark">stack3.py, start pos: (38, 23), end pos: (38, 25)</button></a></pre><pre>operator: core/ReplaceComparisonOperator_Eq_LtE, occurrence: 1</pre><div class="alert alert-secondary"><pre class="diff">--- mutation diff ---
--- astack3.py
+++ bstack3.py
@@ -35,7 +35,7 @@
 
         """Remove node from linkedlist."""
 
-        if self.__size == 0:
+        if self.__size &lt;= 0:
             return None
         if self.__size == 1: # Alterado para corrigir comportamento
             nodeToRemove = self.__head</pre></div><div class="alert alert-secondary"><pre class="diff">============================= test session starts ==============================
platform linux -- Python 3.10.12, pytest-7.1.3, pluggy-1.0.0
rootdir: /home/lucca/desktop/ic/experimento/testes/python_experiments/stack3
plugins: Faker-15.1.1, hypothesis-6.56.3
collected 68 items

ALL-SMART-GPT-MUTMUT/test_stack3_DYNAMOSA.py .................           [ 25%]
ALL-SMART-GPT-MUTMUT/test_stack3_MIO.py .....................            [ 55%]
ALL-SMART-GPT-MUTMUT/test_stack3_MOSA.py .................               [ 80%]
ALL-SMART-GPT-MUTMUT/test_stack3_MUTMUT.py ....                          [ 86%]
ALL-SMART-GPT-MUTMUT/test_stack3_WHOLE_SUITE.py .........                [100%]

============================== 68 passed in 0.23s ==============================
</pre></div></div></div></div></div><div class="mb-1" id="job_list___sub_accordion_13"><div class="card"><a data-toggle="collapse" data-target="#job_list___sub_collapse_13_1" aria-expanded="false" aria-controls="job_list___sub_collapse_13_1" href="#" class="job_list___sub_multi_heading"><div role="alert" class="card-header alert-danger" id="job_list___sub_heading_13_1"><button class="btn btn-outline-danger"><span class="job_id">13 : Job ID 0cb918b2e34a4154888ef14e71754f07</span></button></div></a><div aria-labelledby="job_list___sub_heading_13_1" data-parent="#job_list___sub_accordion_13" class="collapse job_list___sub_multi_collapse" id="job_list___sub_collapse_13_1"><div class="card-body"><div class="work-item"><div class="alert alert-danger test-outcome" role="alert"><p>SURVIVED</p><p>worker outcome: normal</p><p>test outcome: survived</p></div></div><pre class="location"><a href="pycharm://open?file=stack3.py&amp;line=40" class="text-secondary"><button class="btn btn-outline-dark">stack3.py, start pos: (40, 23), end pos: (40, 25)</button></a></pre><pre>operator: core/ReplaceComparisonOperator_Eq_LtE, occurrence: 2</pre><div class="alert alert-secondary"><pre class="diff">--- mutation diff ---
--- astack3.py
+++ bstack3.py
@@ -37,7 +37,7 @@
 
         if self.__size == 0:
             return None
-        if self.__size == 1: # Alterado para corrigir comportamento
+        if self.__size &lt;= 1: # Alterado para corrigir comportamento
             nodeToRemove = self.__head
             self.__sentinel.next = None
             self.__head = self.__sentinel</pre></div><div class="alert alert-secondary"><pre class="diff">============================= test session starts ==============================
platform linux -- Python 3.10.12, pytest-7.1.3, pluggy-1.0.0
rootdir: /home/lucca/desktop/ic/experimento/testes/python_experiments/stack3
plugins: Faker-15.1.1, hypothesis-6.56.3
collected 68 items

ALL-SMART-GPT-MUTMUT/test_stack3_DYNAMOSA.py .................           [ 25%]
ALL-SMART-GPT-MUTMUT/test_stack3_MIO.py .....................            [ 55%]
ALL-SMART-GPT-MUTMUT/test_stack3_MOSA.py .................               [ 80%]
ALL-SMART-GPT-MUTMUT/test_stack3_MUTMUT.py ....                          [ 86%]
ALL-SMART-GPT-MUTMUT/test_stack3_WHOLE_SUITE.py .........                [100%]

============================== 68 passed in 0.24s ==============================
</pre></div></div></div></div></div><div class="mb-1" id="job_list___sub_accordion_14"><div class="card"><a data-toggle="collapse" data-target="#job_list___sub_collapse_14_1" aria-expanded="false" aria-controls="job_list___sub_collapse_14_1" href="#" class="job_list___sub_multi_heading"><div role="alert" class="card-header alert-danger" id="job_list___sub_heading_14_1"><button class="btn btn-outline-danger"><span class="job_id">14 : Job ID a92902f4eda5477c930b2093ba342bc0</span></button></div></a><div aria-labelledby="job_list___sub_heading_14_1" data-parent="#job_list___sub_accordion_14" class="collapse job_list___sub_multi_collapse" id="job_list___sub_collapse_14_1"><div class="card-body"><div class="work-item"><div class="alert alert-danger test-outcome" role="alert"><p>SURVIVED</p><p>worker outcome: normal</p><p>test outcome: survived</p></div></div><pre class="location"><a href="pycharm://open?file=stack3.py&amp;line=75" class="text-secondary"><button class="btn btn-outline-dark">stack3.py, start pos: (75, 35), end pos: (75, 37)</button></a></pre><pre>operator: core/ReplaceComparisonOperator_Eq_LtE, occurrence: 3</pre><div class="alert alert-secondary"><pre class="diff">--- mutation diff ---
--- astack3.py
+++ bstack3.py
@@ -72,7 +72,7 @@
 
         """Checks if linkedlist is empty."""
 
-        return True if self.__size == 0 else False
+        return True if self.__size &lt;= 0 else False
 
     def toArray(self) -&gt; list:
 </pre></div><div class="alert alert-secondary"><pre class="diff">============================= test session starts ==============================
platform linux -- Python 3.10.12, pytest-7.1.3, pluggy-1.0.0
rootdir: /home/lucca/desktop/ic/experimento/testes/python_experiments/stack3
plugins: Faker-15.1.1, hypothesis-6.56.3
collected 68 items

ALL-SMART-GPT-MUTMUT/test_stack3_DYNAMOSA.py .................           [ 25%]
ALL-SMART-GPT-MUTMUT/test_stack3_MIO.py .....................            [ 55%]
ALL-SMART-GPT-MUTMUT/test_stack3_MOSA.py .................               [ 80%]
ALL-SMART-GPT-MUTMUT/test_stack3_MUTMUT.py ....                          [ 86%]
ALL-SMART-GPT-MUTMUT/test_stack3_WHOLE_SUITE.py .........                [100%]

============================== 68 passed in 0.24s ==============================
</pre></div></div></div></div></div><div class="mb-1" id="job_list___sub_accordion_15"><div class="card"><a data-toggle="collapse" data-target="#job_list___sub_collapse_15_1" aria-expanded="false" aria-controls="job_list___sub_collapse_15_1" href="#" class="job_list___sub_multi_heading"><div role="alert" class="card-header alert-danger" id="job_list___sub_heading_15_1"><button class="btn btn-outline-danger"><span class="job_id">15 : Job ID 718b12b07a10457dacf5f6450724723b</span></button></div></a><div aria-labelledby="job_list___sub_heading_15_1" data-parent="#job_list___sub_accordion_15" class="collapse job_list___sub_multi_collapse" id="job_list___sub_collapse_15_1"><div class="card-body"><div class="work-item"><div class="alert alert-danger test-outcome" role="alert"><p>SURVIVED</p><p>worker outcome: normal</p><p>test outcome: survived</p></div></div><pre class="location"><a href="pycharm://open?file=stack3.py&amp;line=125" class="text-secondary"><button class="btn btn-outline-dark">stack3.py, start pos: (125, 46), end pos: (125, 48)</button></a></pre><pre>operator: core/ReplaceComparisonOperator_Eq_LtE, occurrence: 4</pre><div class="alert alert-secondary"><pre class="diff">--- mutation diff ---
--- astack3.py
+++ bstack3.py
@@ -122,7 +122,7 @@
 
         """Check if stack is empty."""
 
-        return True if self.__stack.getSize() == 0 else False
+        return True if self.__stack.getSize() &lt;= 0 else False
 
     def getSize(self) -&gt; int:
 </pre></div><div class="alert alert-secondary"><pre class="diff">============================= test session starts ==============================
platform linux -- Python 3.10.12, pytest-7.1.3, pluggy-1.0.0
rootdir: /home/lucca/desktop/ic/experimento/testes/python_experiments/stack3
plugins: Faker-15.1.1, hypothesis-6.56.3
collected 68 items

ALL-SMART-GPT-MUTMUT/test_stack3_DYNAMOSA.py .................           [ 25%]
ALL-SMART-GPT-MUTMUT/test_stack3_MIO.py .....................            [ 55%]
ALL-SMART-GPT-MUTMUT/test_stack3_MOSA.py .................               [ 80%]
ALL-SMART-GPT-MUTMUT/test_stack3_MUTMUT.py ....                          [ 86%]
ALL-SMART-GPT-MUTMUT/test_stack3_WHOLE_SUITE.py .........                [100%]

============================== 68 passed in 0.24s ==============================
</pre></div></div></div></div></div><div class="mb-1" id="job_list___sub_accordion_16"><div class="card"><a data-toggle="collapse" data-target="#job_list___sub_collapse_16_1" aria-expanded="false" aria-controls="job_list___sub_collapse_16_1" href="#" class="job_list___sub_multi_heading"><div role="alert" class="card-header alert-success" id="job_list___sub_heading_16_1"><button class="btn btn-outline-success"><span class="job_id">16 : Job ID 74d9dd751ae9457b80fb9ff395fdb953</span></button></div></a><div aria-labelledby="job_list___sub_heading_16_1" data-parent="#job_list___sub_accordion_16" class="collapse job_list___sub_multi_collapse" id="job_list___sub_collapse_16_1"><div class="card-body"><div class="work-item"><div class="alert alert-success test-outcome" role="alert"><p>worker outcome: normal</p><p>test outcome: killed</p></div></div><pre class="location"><a href="pycharm://open?file=stack3.py&amp;line=24" class="text-secondary"><button class="btn btn-outline-dark">stack3.py, start pos: (24, 23), end pos: (24, 25)</button></a></pre><pre>operator: core/ReplaceComparisonOperator_Eq_Gt, occurrence: 0</pre><div class="alert alert-secondary"><pre class="diff">--- mutation diff ---
--- astack3.py
+++ bstack3.py
@@ -21,7 +21,7 @@
         """Add element to linked list."""
 
         newNode = Node(value)
-        if self.__size == 0:
+        if self.__size &gt; 0:
             self.__head.next = newNode
             self.__head = newNode
             self.__size += 1</pre></div><div class="alert alert-secondary"><pre class="diff">timeout</pre></div></div></div></div></div><div class="mb-1" id="job_list___sub_accordion_17"><div class="card"><a data-toggle="collapse" data-target="#job_list___sub_collapse_17_1" aria-expanded="false" aria-controls="job_list___sub_collapse_17_1" href="#" class="job_list___sub_multi_heading"><div role="alert" class="card-header alert-success" id="job_list___sub_heading_17_1"><button class="btn btn-outline-success"><span class="job_id">17 : Job ID b837cbc6968745259989788be1f37975</span></button></div></a><div aria-labelledby="job_list___sub_heading_17_1" data-parent="#job_list___sub_accordion_17" class="collapse job_list___sub_multi_collapse" id="job_list___sub_collapse_17_1"><div class="card-body"><div class="work-item"><div class="alert alert-success test-outcome" role="alert"><p>worker outcome: normal</p><p>test outcome: killed</p></div></div><pre class="location"><a href="pycharm://open?file=stack3.py&amp;line=38" class="text-secondary"><button class="btn btn-outline-dark">stack3.py, start pos: (38, 23), end pos: (38, 25)</button></a></pre><pre>operator: core/ReplaceComparisonOperator_Eq_Gt, occurrence: 1</pre><div class="alert alert-secondary"><pre class="diff">--- mutation diff ---
--- astack3.py
+++ bstack3.py
@@ -35,7 +35,7 @@
 
         """Remove node from linkedlist."""
 
-        if self.__size == 0:
+        if self.__size &gt; 0:
             return None
         if self.__size == 1: # Alterado para corrigir comportamento
             nodeToRemove = self.__head</pre></div><div class="alert alert-secondary"><pre class="diff">============================= test session starts ==============================
platform linux -- Python 3.10.12, pytest-7.1.3, pluggy-1.0.0
rootdir: /home/lucca/desktop/ic/experimento/testes/python_experiments/stack3
plugins: Faker-15.1.1, hypothesis-6.56.3
collected 68 items

ALL-SMART-GPT-MUTMUT/test_stack3_DYNAMOSA.py .F..F....FF..F.FF           [ 25%]
ALL-SMART-GPT-MUTMUT/test_stack3_MIO.py ...F.................            [ 55%]
ALL-SMART-GPT-MUTMUT/test_stack3_MOSA.py .F..F....FF..F.FF               [ 80%]
ALL-SMART-GPT-MUTMUT/test_stack3_MUTMUT.py FF..                          [ 86%]
ALL-SMART-GPT-MUTMUT/test_stack3_WHOLE_SUITE.py .F..FF..F                [100%]

=========================== short test summary info ============================
FAILED ALL-SMART-GPT-MUTMUT/test_stack3_DYNAMOSA.py::test_case_1 - AssertionE...
FAILED ALL-SMART-GPT-MUTMUT/test_stack3_DYNAMOSA.py::test_case_4 - assert &lt;st...
FAILED ALL-SMART-GPT-MUTMUT/test_stack3_DYNAMOSA.py::test_case_9 - AssertionE...
FAILED ALL-SMART-GPT-MUTMUT/test_stack3_DYNAMOSA.py::test_case_10 - Assertion...
FAILED ALL-SMART-GPT-MUTMUT/test_stack3_DYNAMOSA.py::test_case_13 - Assertion...
FAILED ALL-SMART-GPT-MUTMUT/test_stack3_DYNAMOSA.py::test_case_15 - Assertion...
FAILED ALL-SMART-GPT-MUTMUT/test_stack3_DYNAMOSA.py::test_case_16 - Assertion...
FAILED ALL-SMART-GPT-MUTMUT/test_stack3_MIO.py::test_case_3 - AssertionError:...
FAILED ALL-SMART-GPT-MUTMUT/test_stack3_MOSA.py::test_case_1 - AssertionError...
FAILED ALL-SMART-GPT-MUTMUT/test_stack3_MOSA.py::test_case_4 - assert &lt;stack3...
FAILED ALL-SMART-GPT-MUTMUT/test_stack3_MOSA.py::test_case_9 - AssertionError...
FAILED ALL-SMART-GPT-MUTMUT/test_stack3_MOSA.py::test_case_10 - AssertionErro...
FAILED ALL-SMART-GPT-MUTMUT/test_stack3_MOSA.py::test_case_13 - AssertionErro...
FAILED ALL-SMART-GPT-MUTMUT/test_stack3_MOSA.py::test_case_15 - AssertionErro...
FAILED ALL-SMART-GPT-MUTMUT/test_stack3_MOSA.py::test_case_16 - AssertionErro...
FAILED ALL-SMART-GPT-MUTMUT/test_stack3_MUTMUT.py::test_remove_single_element
FAILED ALL-SMART-GPT-MUTMUT/test_stack3_MUTMUT.py::test_remove_multiple_elements_small_list
FAILED ALL-SMART-GPT-MUTMUT/test_stack3_WHOLE_SUITE.py::test_case_1 - Asserti...
FAILED ALL-SMART-GPT-MUTMUT/test_stack3_WHOLE_SUITE.py::test_case_4 - Asserti...
FAILED ALL-SMART-GPT-MUTMUT/test_stack3_WHOLE_SUITE.py::test_case_5 - assert ...
FAILED ALL-SMART-GPT-MUTMUT/test_stack3_WHOLE_SUITE.py::test_case_8 - assert ...
======================== 21 failed, 47 passed in 0.32s =========================
</pre></div></div></div></div></div><div class="mb-1" id="job_list___sub_accordion_18"><div class="card"><a data-toggle="collapse" data-target="#job_list___sub_collapse_18_1" aria-expanded="false" aria-controls="job_list___sub_collapse_18_1" href="#" class="job_list___sub_multi_heading"><div role="alert" class="card-header alert-success" id="job_list___sub_heading_18_1"><button class="btn btn-outline-success"><span class="job_id">18 : Job ID d9702c74bd3c473c9361e98a1bc81125</span></button></div></a><div aria-labelledby="job_list___sub_heading_18_1" data-parent="#job_list___sub_accordion_18" class="collapse job_list___sub_multi_collapse" id="job_list___sub_collapse_18_1"><div class="card-body"><div class="work-item"><div class="alert alert-success test-outcome" role="alert"><p>worker outcome: normal</p><p>test outcome: killed</p></div></div><pre class="location"><a href="pycharm://open?file=stack3.py&amp;line=40" class="text-secondary"><button class="btn btn-outline-dark">stack3.py, start pos: (40, 23), end pos: (40, 25)</button></a></pre><pre>operator: core/ReplaceComparisonOperator_Eq_Gt, occurrence: 2</pre><div class="alert alert-secondary"><pre class="diff">--- mutation diff ---
--- astack3.py
+++ bstack3.py
@@ -37,7 +37,7 @@
 
         if self.__size == 0:
             return None
-        if self.__size == 1: # Alterado para corrigir comportamento
+        if self.__size &gt; 1: # Alterado para corrigir comportamento
             nodeToRemove = self.__head
             self.__sentinel.next = None
             self.__head = self.__sentinel</pre></div><div class="alert alert-secondary"><pre class="diff">============================= test session starts ==============================
platform linux -- Python 3.10.12, pytest-7.1.3, pluggy-1.0.0
rootdir: /home/lucca/desktop/ic/experimento/testes/python_experiments/stack3
plugins: Faker-15.1.1, hypothesis-6.56.3
collected 68 items

ALL-SMART-GPT-MUTMUT/test_stack3_DYNAMOSA.py .........F...F...           [ 25%]
ALL-SMART-GPT-MUTMUT/test_stack3_MIO.py .....................            [ 55%]
ALL-SMART-GPT-MUTMUT/test_stack3_MOSA.py .........F...F...               [ 80%]
ALL-SMART-GPT-MUTMUT/test_stack3_MUTMUT.py FF..                          [ 86%]
ALL-SMART-GPT-MUTMUT/test_stack3_WHOLE_SUITE.py .........                [100%]

=========================== short test summary info ============================
FAILED ALL-SMART-GPT-MUTMUT/test_stack3_DYNAMOSA.py::test_case_9 - AssertionE...
FAILED ALL-SMART-GPT-MUTMUT/test_stack3_DYNAMOSA.py::test_case_13 - Attribute...
FAILED ALL-SMART-GPT-MUTMUT/test_stack3_MOSA.py::test_case_9 - AssertionError...
FAILED ALL-SMART-GPT-MUTMUT/test_stack3_MOSA.py::test_case_13 - AttributeErro...
FAILED ALL-SMART-GPT-MUTMUT/test_stack3_MUTMUT.py::test_remove_single_element
FAILED ALL-SMART-GPT-MUTMUT/test_stack3_MUTMUT.py::test_remove_multiple_elements_small_list
========================= 6 failed, 62 passed in 0.23s =========================
</pre></div></div></div></div></div><div class="mb-1" id="job_list___sub_accordion_19"><div class="card"><a data-toggle="collapse" data-target="#job_list___sub_collapse_19_1" aria-expanded="false" aria-controls="job_list___sub_collapse_19_1" href="#" class="job_list___sub_multi_heading"><div role="alert" class="card-header alert-success" id="job_list___sub_heading_19_1"><button class="btn btn-outline-success"><span class="job_id">19 : Job ID 8c8a6b0493b04fed9d0e59a70f6db806</span></button></div></a><div aria-labelledby="job_list___sub_heading_19_1" data-parent="#job_list___sub_accordion_19" class="collapse job_list___sub_multi_collapse" id="job_list___sub_collapse_19_1"><div class="card-body"><div class="work-item"><div class="alert alert-success test-outcome" role="alert"><p>worker outcome: normal</p><p>test outcome: killed</p></div></div><pre class="location"><a href="pycharm://open?file=stack3.py&amp;line=75" class="text-secondary"><button class="btn btn-outline-dark">stack3.py, start pos: (75, 35), end pos: (75, 37)</button></a></pre><pre>operator: core/ReplaceComparisonOperator_Eq_Gt, occurrence: 3</pre><div class="alert alert-secondary"><pre class="diff">--- mutation diff ---
--- astack3.py
+++ bstack3.py
@@ -72,7 +72,7 @@
 
         """Checks if linkedlist is empty."""
 
-        return True if self.__size == 0 else False
+        return True if self.__size &gt; 0 else False
 
     def toArray(self) -&gt; list:
 </pre></div><div class="alert alert-secondary"><pre class="diff">============================= test session starts ==============================
platform linux -- Python 3.10.12, pytest-7.1.3, pluggy-1.0.0
rootdir: /home/lucca/desktop/ic/experimento/testes/python_experiments/stack3
plugins: Faker-15.1.1, hypothesis-6.56.3
collected 68 items

ALL-SMART-GPT-MUTMUT/test_stack3_DYNAMOSA.py ...FF..........FF           [ 25%]
ALL-SMART-GPT-MUTMUT/test_stack3_MIO.py .....FF..............            [ 55%]
ALL-SMART-GPT-MUTMUT/test_stack3_MOSA.py ...FF..........FF               [ 80%]
ALL-SMART-GPT-MUTMUT/test_stack3_MUTMUT.py F...                          [ 86%]
ALL-SMART-GPT-MUTMUT/test_stack3_WHOLE_SUITE.py .F.....F.                [100%]

=========================== short test summary info ============================
FAILED ALL-SMART-GPT-MUTMUT/test_stack3_DYNAMOSA.py::test_case_3 - assert Fal...
FAILED ALL-SMART-GPT-MUTMUT/test_stack3_DYNAMOSA.py::test_case_4 - assert Tru...
FAILED ALL-SMART-GPT-MUTMUT/test_stack3_DYNAMOSA.py::test_case_15 - assert Tr...
FAILED ALL-SMART-GPT-MUTMUT/test_stack3_DYNAMOSA.py::test_case_16 - assert Tr...
FAILED ALL-SMART-GPT-MUTMUT/test_stack3_MIO.py::test_case_5 - assert False is...
FAILED ALL-SMART-GPT-MUTMUT/test_stack3_MIO.py::test_case_6 - assert True is ...
FAILED ALL-SMART-GPT-MUTMUT/test_stack3_MOSA.py::test_case_3 - assert False i...
FAILED ALL-SMART-GPT-MUTMUT/test_stack3_MOSA.py::test_case_4 - assert True is...
FAILED ALL-SMART-GPT-MUTMUT/test_stack3_MOSA.py::test_case_15 - assert True i...
FAILED ALL-SMART-GPT-MUTMUT/test_stack3_MOSA.py::test_case_16 - assert True i...
FAILED ALL-SMART-GPT-MUTMUT/test_stack3_MUTMUT.py::test_remove_single_element
FAILED ALL-SMART-GPT-MUTMUT/test_stack3_WHOLE_SUITE.py::test_case_1 - assert ...
FAILED ALL-SMART-GPT-MUTMUT/test_stack3_WHOLE_SUITE.py::test_case_7 - assert ...
======================== 13 failed, 55 passed in 0.23s =========================
</pre></div></div></div></div></div><div class="mb-1" id="job_list___sub_accordion_20"><div class="card"><a data-toggle="collapse" data-target="#job_list___sub_collapse_20_1" aria-expanded="false" aria-controls="job_list___sub_collapse_20_1" href="#" class="job_list___sub_multi_heading"><div role="alert" class="card-header alert-success" id="job_list___sub_heading_20_1"><button class="btn btn-outline-success"><span class="job_id">20 : Job ID f2a124fab34742668954269e19c5734e</span></button></div></a><div aria-labelledby="job_list___sub_heading_20_1" data-parent="#job_list___sub_accordion_20" class="collapse job_list___sub_multi_collapse" id="job_list___sub_collapse_20_1"><div class="card-body"><div class="work-item"><div class="alert alert-success test-outcome" role="alert"><p>worker outcome: normal</p><p>test outcome: killed</p></div></div><pre class="location"><a href="pycharm://open?file=stack3.py&amp;line=125" class="text-secondary"><button class="btn btn-outline-dark">stack3.py, start pos: (125, 46), end pos: (125, 48)</button></a></pre><pre>operator: core/ReplaceComparisonOperator_Eq_Gt, occurrence: 4</pre><div class="alert alert-secondary"><pre class="diff">--- mutation diff ---
--- astack3.py
+++ bstack3.py
@@ -122,7 +122,7 @@
 
         """Check if stack is empty."""
 
-        return True if self.__stack.getSize() == 0 else False
+        return True if self.__stack.getSize() &gt; 0 else False
 
     def getSize(self) -&gt; int:
 </pre></div><div class="alert alert-secondary"><pre class="diff">============================= test session starts ==============================
platform linux -- Python 3.10.12, pytest-7.1.3, pluggy-1.0.0
rootdir: /home/lucca/desktop/ic/experimento/testes/python_experiments/stack3
plugins: Faker-15.1.1, hypothesis-6.56.3
collected 68 items

ALL-SMART-GPT-MUTMUT/test_stack3_DYNAMOSA.py .......F.....F...           [ 25%]
ALL-SMART-GPT-MUTMUT/test_stack3_MIO.py ...........FF........            [ 55%]
ALL-SMART-GPT-MUTMUT/test_stack3_MOSA.py .......F.....F...               [ 80%]
ALL-SMART-GPT-MUTMUT/test_stack3_MUTMUT.py ....                          [ 86%]
ALL-SMART-GPT-MUTMUT/test_stack3_WHOLE_SUITE.py ..FF.....                [100%]

=========================== short test summary info ============================
FAILED ALL-SMART-GPT-MUTMUT/test_stack3_DYNAMOSA.py::test_case_7 - assert Fal...
FAILED ALL-SMART-GPT-MUTMUT/test_stack3_DYNAMOSA.py::test_case_13 - assert Tr...
FAILED ALL-SMART-GPT-MUTMUT/test_stack3_MIO.py::test_case_11 - assert False i...
FAILED ALL-SMART-GPT-MUTMUT/test_stack3_MIO.py::test_case_12 - assert True is...
FAILED ALL-SMART-GPT-MUTMUT/test_stack3_MOSA.py::test_case_7 - assert False i...
FAILED ALL-SMART-GPT-MUTMUT/test_stack3_MOSA.py::test_case_13 - assert True i...
FAILED ALL-SMART-GPT-MUTMUT/test_stack3_WHOLE_SUITE.py::test_case_2 - assert ...
FAILED ALL-SMART-GPT-MUTMUT/test_stack3_WHOLE_SUITE.py::test_case_3 - assert ...
========================= 8 failed, 60 passed in 0.25s =========================
</pre></div></div></div></div></div><div class="mb-1" id="job_list___sub_accordion_21"><div class="card"><a data-toggle="collapse" data-target="#job_list___sub_collapse_21_1" aria-expanded="false" aria-controls="job_list___sub_collapse_21_1" href="#" class="job_list___sub_multi_heading"><div role="alert" class="card-header alert-success" id="job_list___sub_heading_21_1"><button class="btn btn-outline-success"><span class="job_id">21 : Job ID 72e6334fe6d042efad69e1406aef8ef2</span></button></div></a><div aria-labelledby="job_list___sub_heading_21_1" data-parent="#job_list___sub_accordion_21" class="collapse job_list___sub_multi_collapse" id="job_list___sub_collapse_21_1"><div class="card-body"><div class="work-item"><div class="alert alert-success test-outcome" role="alert"><p>worker outcome: normal</p><p>test outcome: killed</p></div></div><pre class="location"><a href="pycharm://open?file=stack3.py&amp;line=24" class="text-secondary"><button class="btn btn-outline-dark">stack3.py, start pos: (24, 23), end pos: (24, 25)</button></a></pre><pre>operator: core/ReplaceComparisonOperator_Eq_GtE, occurrence: 0</pre><div class="alert alert-secondary"><pre class="diff">--- mutation diff ---
--- astack3.py
+++ bstack3.py
@@ -21,7 +21,7 @@
         """Add element to linked list."""
 
         newNode = Node(value)
-        if self.__size == 0:
+        if self.__size &gt;= 0:
             self.__head.next = newNode
             self.__head = newNode
             self.__size += 1</pre></div><div class="alert alert-secondary"><pre class="diff">============================= test session starts ==============================
platform linux -- Python 3.10.12, pytest-7.1.3, pluggy-1.0.0
rootdir: /home/lucca/desktop/ic/experimento/testes/python_experiments/stack3
plugins: Faker-15.1.1, hypothesis-6.56.3
collected 68 items

ALL-SMART-GPT-MUTMUT/test_stack3_DYNAMOSA.py ...............FF           [ 25%]
ALL-SMART-GPT-MUTMUT/test_stack3_MIO.py .....................            [ 55%]
ALL-SMART-GPT-MUTMUT/test_stack3_MOSA.py ...............FF               [ 80%]
ALL-SMART-GPT-MUTMUT/test_stack3_MUTMUT.py .FFF                          [ 86%]
ALL-SMART-GPT-MUTMUT/test_stack3_WHOLE_SUITE.py .F.......                [100%]

=========================== short test summary info ============================
FAILED ALL-SMART-GPT-MUTMUT/test_stack3_DYNAMOSA.py::test_case_15 - Assertion...
FAILED ALL-SMART-GPT-MUTMUT/test_stack3_DYNAMOSA.py::test_case_16 - Assertion...
FAILED ALL-SMART-GPT-MUTMUT/test_stack3_MOSA.py::test_case_15 - AssertionErro...
FAILED ALL-SMART-GPT-MUTMUT/test_stack3_MOSA.py::test_case_16 - AssertionErro...
FAILED ALL-SMART-GPT-MUTMUT/test_stack3_MUTMUT.py::test_remove_multiple_elements_small_list
FAILED ALL-SMART-GPT-MUTMUT/test_stack3_MUTMUT.py::test_singly_linked_list_add
FAILED ALL-SMART-GPT-MUTMUT/test_stack3_MUTMUT.py::test_stack_push - Assertio...
FAILED ALL-SMART-GPT-MUTMUT/test_stack3_WHOLE_SUITE.py::test_case_1 - Asserti...
========================= 8 failed, 60 passed in 0.23s =========================
</pre></div></div></div></div></div><div class="mb-1" id="job_list___sub_accordion_22"><div class="card"><a data-toggle="collapse" data-target="#job_list___sub_collapse_22_1" aria-expanded="false" aria-controls="job_list___sub_collapse_22_1" href="#" class="job_list___sub_multi_heading"><div role="alert" class="card-header alert-success" id="job_list___sub_heading_22_1"><button class="btn btn-outline-success"><span class="job_id">22 : Job ID 108985db3e3845a09e41b1bc6ccad234</span></button></div></a><div aria-labelledby="job_list___sub_heading_22_1" data-parent="#job_list___sub_accordion_22" class="collapse job_list___sub_multi_collapse" id="job_list___sub_collapse_22_1"><div class="card-body"><div class="work-item"><div class="alert alert-success test-outcome" role="alert"><p>worker outcome: normal</p><p>test outcome: killed</p></div></div><pre class="location"><a href="pycharm://open?file=stack3.py&amp;line=38" class="text-secondary"><button class="btn btn-outline-dark">stack3.py, start pos: (38, 23), end pos: (38, 25)</button></a></pre><pre>operator: core/ReplaceComparisonOperator_Eq_GtE, occurrence: 1</pre><div class="alert alert-secondary"><pre class="diff">--- mutation diff ---
--- astack3.py
+++ bstack3.py
@@ -35,7 +35,7 @@
 
         """Remove node from linkedlist."""
 
-        if self.__size == 0:
+        if self.__size &gt;= 0:
             return None
         if self.__size == 1: # Alterado para corrigir comportamento
             nodeToRemove = self.__head</pre></div><div class="alert alert-secondary"><pre class="diff">============================= test session starts ==============================
platform linux -- Python 3.10.12, pytest-7.1.3, pluggy-1.0.0
rootdir: /home/lucca/desktop/ic/experimento/testes/python_experiments/stack3
plugins: Faker-15.1.1, hypothesis-6.56.3
collected 68 items

ALL-SMART-GPT-MUTMUT/test_stack3_DYNAMOSA.py .F..F....FF..F.FF           [ 25%]
ALL-SMART-GPT-MUTMUT/test_stack3_MIO.py ...F.................            [ 55%]
ALL-SMART-GPT-MUTMUT/test_stack3_MOSA.py .F..F....FF..F.FF               [ 80%]
ALL-SMART-GPT-MUTMUT/test_stack3_MUTMUT.py FF..                          [ 86%]
ALL-SMART-GPT-MUTMUT/test_stack3_WHOLE_SUITE.py .F..F....                [100%]

=========================== short test summary info ============================
FAILED ALL-SMART-GPT-MUTMUT/test_stack3_DYNAMOSA.py::test_case_1 - AssertionE...
FAILED ALL-SMART-GPT-MUTMUT/test_stack3_DYNAMOSA.py::test_case_4 - assert &lt;st...
FAILED ALL-SMART-GPT-MUTMUT/test_stack3_DYNAMOSA.py::test_case_9 - AssertionE...
FAILED ALL-SMART-GPT-MUTMUT/test_stack3_DYNAMOSA.py::test_case_10 - Assertion...
FAILED ALL-SMART-GPT-MUTMUT/test_stack3_DYNAMOSA.py::test_case_13 - Assertion...
FAILED ALL-SMART-GPT-MUTMUT/test_stack3_DYNAMOSA.py::test_case_15 - Assertion...
FAILED ALL-SMART-GPT-MUTMUT/test_stack3_DYNAMOSA.py::test_case_16 - Assertion...
FAILED ALL-SMART-GPT-MUTMUT/test_stack3_MIO.py::test_case_3 - AssertionError:...
FAILED ALL-SMART-GPT-MUTMUT/test_stack3_MOSA.py::test_case_1 - AssertionError...
FAILED ALL-SMART-GPT-MUTMUT/test_stack3_MOSA.py::test_case_4 - assert &lt;stack3...
FAILED ALL-SMART-GPT-MUTMUT/test_stack3_MOSA.py::test_case_9 - AssertionError...
FAILED ALL-SMART-GPT-MUTMUT/test_stack3_MOSA.py::test_case_10 - AssertionErro...
FAILED ALL-SMART-GPT-MUTMUT/test_stack3_MOSA.py::test_case_13 - AssertionErro...
FAILED ALL-SMART-GPT-MUTMUT/test_stack3_MOSA.py::test_case_15 - AssertionErro...
FAILED ALL-SMART-GPT-MUTMUT/test_stack3_MOSA.py::test_case_16 - AssertionErro...
FAILED ALL-SMART-GPT-MUTMUT/test_stack3_MUTMUT.py::test_remove_single_element
FAILED ALL-SMART-GPT-MUTMUT/test_stack3_MUTMUT.py::test_remove_multiple_elements_small_list
FAILED ALL-SMART-GPT-MUTMUT/test_stack3_WHOLE_SUITE.py::test_case_1 - Asserti...
FAILED ALL-SMART-GPT-MUTMUT/test_stack3_WHOLE_SUITE.py::test_case_4 - Asserti...
======================== 19 failed, 49 passed in 0.24s =========================
</pre></div></div></div></div></div><div class="mb-1" id="job_list___sub_accordion_23"><div class="card"><a data-toggle="collapse" data-target="#job_list___sub_collapse_23_1" aria-expanded="false" aria-controls="job_list___sub_collapse_23_1" href="#" class="job_list___sub_multi_heading"><div role="alert" class="card-header alert-success" id="job_list___sub_heading_23_1"><button class="btn btn-outline-success"><span class="job_id">23 : Job ID 8420f2027e48472f832820f4d453ebb6</span></button></div></a><div aria-labelledby="job_list___sub_heading_23_1" data-parent="#job_list___sub_accordion_23" class="collapse job_list___sub_multi_collapse" id="job_list___sub_collapse_23_1"><div class="card-body"><div class="work-item"><div class="alert alert-success test-outcome" role="alert"><p>worker outcome: normal</p><p>test outcome: killed</p></div></div><pre class="location"><a href="pycharm://open?file=stack3.py&amp;line=40" class="text-secondary"><button class="btn btn-outline-dark">stack3.py, start pos: (40, 23), end pos: (40, 25)</button></a></pre><pre>operator: core/ReplaceComparisonOperator_Eq_GtE, occurrence: 2</pre><div class="alert alert-secondary"><pre class="diff">--- mutation diff ---
--- astack3.py
+++ bstack3.py
@@ -37,7 +37,7 @@
 
         if self.__size == 0:
             return None
-        if self.__size == 1: # Alterado para corrigir comportamento
+        if self.__size &gt;= 1: # Alterado para corrigir comportamento
             nodeToRemove = self.__head
             self.__sentinel.next = None
             self.__head = self.__sentinel</pre></div><div class="alert alert-secondary"><pre class="diff">============================= test session starts ==============================
platform linux -- Python 3.10.12, pytest-7.1.3, pluggy-1.0.0
rootdir: /home/lucca/desktop/ic/experimento/testes/python_experiments/stack3
plugins: Faker-15.1.1, hypothesis-6.56.3
collected 68 items

ALL-SMART-GPT-MUTMUT/test_stack3_DYNAMOSA.py .................           [ 25%]
ALL-SMART-GPT-MUTMUT/test_stack3_MIO.py .....................            [ 55%]
ALL-SMART-GPT-MUTMUT/test_stack3_MOSA.py .................               [ 80%]
ALL-SMART-GPT-MUTMUT/test_stack3_MUTMUT.py .F..                          [ 86%]
ALL-SMART-GPT-MUTMUT/test_stack3_WHOLE_SUITE.py .........                [100%]

=========================== short test summary info ============================
FAILED ALL-SMART-GPT-MUTMUT/test_stack3_MUTMUT.py::test_remove_multiple_elements_small_list
========================= 1 failed, 67 passed in 0.24s =========================
</pre></div></div></div></div></div><div class="mb-1" id="job_list___sub_accordion_24"><div class="card"><a data-toggle="collapse" data-target="#job_list___sub_collapse_24_1" aria-expanded="false" aria-controls="job_list___sub_collapse_24_1" href="#" class="job_list___sub_multi_heading"><div role="alert" class="card-header alert-success" id="job_list___sub_heading_24_1"><button class="btn btn-outline-success"><span class="job_id">24 : Job ID 2dc12b280b7c44069f8a6690fab93544</span></button></div></a><div aria-labelledby="job_list___sub_heading_24_1" data-parent="#job_list___sub_accordion_24" class="collapse job_list___sub_multi_collapse" id="job_list___sub_collapse_24_1"><div class="card-body"><div class="work-item"><div class="alert alert-success test-outcome" role="alert"><p>worker outcome: normal</p><p>test outcome: killed</p></div></div><pre class="location"><a href="pycharm://open?file=stack3.py&amp;line=75" class="text-secondary"><button class="btn btn-outline-dark">stack3.py, start pos: (75, 35), end pos: (75, 37)</button></a></pre><pre>operator: core/ReplaceComparisonOperator_Eq_GtE, occurrence: 3</pre><div class="alert alert-secondary"><pre class="diff">--- mutation diff ---
--- astack3.py
+++ bstack3.py
@@ -72,7 +72,7 @@
 
         """Checks if linkedlist is empty."""
 
-        return True if self.__size == 0 else False
+        return True if self.__size &gt;= 0 else False
 
     def toArray(self) -&gt; list:
 </pre></div><div class="alert alert-secondary"><pre class="diff">============================= test session starts ==============================
platform linux -- Python 3.10.12, pytest-7.1.3, pluggy-1.0.0
rootdir: /home/lucca/desktop/ic/experimento/testes/python_experiments/stack3
plugins: Faker-15.1.1, hypothesis-6.56.3
collected 68 items

ALL-SMART-GPT-MUTMUT/test_stack3_DYNAMOSA.py ....F..........FF           [ 25%]
ALL-SMART-GPT-MUTMUT/test_stack3_MIO.py ......F..............            [ 55%]
ALL-SMART-GPT-MUTMUT/test_stack3_MOSA.py ....F..........FF               [ 80%]
ALL-SMART-GPT-MUTMUT/test_stack3_MUTMUT.py ....                          [ 86%]
ALL-SMART-GPT-MUTMUT/test_stack3_WHOLE_SUITE.py .F.......                [100%]

=========================== short test summary info ============================
FAILED ALL-SMART-GPT-MUTMUT/test_stack3_DYNAMOSA.py::test_case_4 - assert Tru...
FAILED ALL-SMART-GPT-MUTMUT/test_stack3_DYNAMOSA.py::test_case_15 - assert Tr...
FAILED ALL-SMART-GPT-MUTMUT/test_stack3_DYNAMOSA.py::test_case_16 - assert Tr...
FAILED ALL-SMART-GPT-MUTMUT/test_stack3_MIO.py::test_case_6 - assert True is ...
FAILED ALL-SMART-GPT-MUTMUT/test_stack3_MOSA.py::test_case_4 - assert True is...
FAILED ALL-SMART-GPT-MUTMUT/test_stack3_MOSA.py::test_case_15 - assert True i...
FAILED ALL-SMART-GPT-MUTMUT/test_stack3_MOSA.py::test_case_16 - assert True i...
FAILED ALL-SMART-GPT-MUTMUT/test_stack3_WHOLE_SUITE.py::test_case_1 - assert ...
========================= 8 failed, 60 passed in 0.24s =========================
</pre></div></div></div></div></div><div class="mb-1" id="job_list___sub_accordion_25"><div class="card"><a data-toggle="collapse" data-target="#job_list___sub_collapse_25_1" aria-expanded="false" aria-controls="job_list___sub_collapse_25_1" href="#" class="job_list___sub_multi_heading"><div role="alert" class="card-header alert-success" id="job_list___sub_heading_25_1"><button class="btn btn-outline-success"><span class="job_id">25 : Job ID 9b724f0508c4473ba0a23e60eede44db</span></button></div></a><div aria-labelledby="job_list___sub_heading_25_1" data-parent="#job_list___sub_accordion_25" class="collapse job_list___sub_multi_collapse" id="job_list___sub_collapse_25_1"><div class="card-body"><div class="work-item"><div class="alert alert-success test-outcome" role="alert"><p>worker outcome: normal</p><p>test outcome: killed</p></div></div><pre class="location"><a href="pycharm://open?file=stack3.py&amp;line=125" class="text-secondary"><button class="btn btn-outline-dark">stack3.py, start pos: (125, 46), end pos: (125, 48)</button></a></pre><pre>operator: core/ReplaceComparisonOperator_Eq_GtE, occurrence: 4</pre><div class="alert alert-secondary"><pre class="diff">--- mutation diff ---
--- astack3.py
+++ bstack3.py
@@ -122,7 +122,7 @@
 
         """Check if stack is empty."""
 
-        return True if self.__stack.getSize() == 0 else False
+        return True if self.__stack.getSize() &gt;= 0 else False
 
     def getSize(self) -&gt; int:
 </pre></div><div class="alert alert-secondary"><pre class="diff">============================= test session starts ==============================
platform linux -- Python 3.10.12, pytest-7.1.3, pluggy-1.0.0
rootdir: /home/lucca/desktop/ic/experimento/testes/python_experiments/stack3
plugins: Faker-15.1.1, hypothesis-6.56.3
collected 68 items

ALL-SMART-GPT-MUTMUT/test_stack3_DYNAMOSA.py .............F...           [ 25%]
ALL-SMART-GPT-MUTMUT/test_stack3_MIO.py ............F........            [ 55%]
ALL-SMART-GPT-MUTMUT/test_stack3_MOSA.py .............F...               [ 80%]
ALL-SMART-GPT-MUTMUT/test_stack3_MUTMUT.py ....                          [ 86%]
ALL-SMART-GPT-MUTMUT/test_stack3_WHOLE_SUITE.py ...F.....                [100%]

=========================== short test summary info ============================
FAILED ALL-SMART-GPT-MUTMUT/test_stack3_DYNAMOSA.py::test_case_13 - assert Tr...
FAILED ALL-SMART-GPT-MUTMUT/test_stack3_MIO.py::test_case_12 - assert True is...
FAILED ALL-SMART-GPT-MUTMUT/test_stack3_MOSA.py::test_case_13 - assert True i...
FAILED ALL-SMART-GPT-MUTMUT/test_stack3_WHOLE_SUITE.py::test_case_3 - assert ...
========================= 4 failed, 64 passed in 0.25s =========================
</pre></div></div></div></div></div><div class="mb-1" id="job_list___sub_accordion_26"><div class="card"><a data-toggle="collapse" data-target="#job_list___sub_collapse_26_1" aria-expanded="false" aria-controls="job_list___sub_collapse_26_1" href="#" class="job_list___sub_multi_heading"><div role="alert" class="card-header alert-success" id="job_list___sub_heading_26_1"><button class="btn btn-outline-success"><span class="job_id">26 : Job ID 5f0b71c9c10145d68c55631380e94524</span></button></div></a><div aria-labelledby="job_list___sub_heading_26_1" data-parent="#job_list___sub_accordion_26" class="collapse job_list___sub_multi_collapse" id="job_list___sub_collapse_26_1"><div class="card-body"><div class="work-item"><div class="alert alert-success test-outcome" role="alert"><p>worker outcome: normal</p><p>test outcome: killed</p></div></div><pre class="location"><a href="pycharm://open?file=stack3.py&amp;line=137" class="text-secondary"><button class="btn btn-outline-dark">stack3.py, start pos: (137, 44), end pos: (137, 45)</button></a></pre><pre>operator: core/ReplaceUnaryOperator_USub_UAdd, occurrence: 0</pre><div class="alert alert-secondary"><pre class="diff">--- mutation diff ---
--- astack3.py
+++ bstack3.py
@@ -134,5 +134,5 @@
 
         """Get string representation of the stack."""
 
-        return str(self.__stack.toArray()[::-1])
+        return str(self.__stack.toArray()[::+1])
 </pre></div><div class="alert alert-secondary"><pre class="diff">============================= test session starts ==============================
platform linux -- Python 3.10.12, pytest-7.1.3, pluggy-1.0.0
rootdir: /home/lucca/desktop/ic/experimento/testes/python_experiments/stack3
plugins: Faker-15.1.1, hypothesis-6.56.3
collected 68 items

ALL-SMART-GPT-MUTMUT/test_stack3_DYNAMOSA.py .................           [ 25%]
ALL-SMART-GPT-MUTMUT/test_stack3_MIO.py .....................            [ 55%]
ALL-SMART-GPT-MUTMUT/test_stack3_MOSA.py .................               [ 80%]
ALL-SMART-GPT-MUTMUT/test_stack3_MUTMUT.py ...F                          [ 86%]
ALL-SMART-GPT-MUTMUT/test_stack3_WHOLE_SUITE.py .........                [100%]

=========================== short test summary info ============================
FAILED ALL-SMART-GPT-MUTMUT/test_stack3_MUTMUT.py::test_stack_push - Assertio...
========================= 1 failed, 67 passed in 0.26s =========================
</pre></div></div></div></div></div><div class="mb-1" id="job_list___sub_accordion_27"><div class="card"><a data-toggle="collapse" data-target="#job_list___sub_collapse_27_1" aria-expanded="false" aria-controls="job_list___sub_collapse_27_1" href="#" class="job_list___sub_multi_heading"><div role="alert" class="card-header alert-success" id="job_list___sub_heading_27_1"><button class="btn btn-outline-success"><span class="job_id">27 : Job ID 5b8d2573460e46e78cd8319cab206204</span></button></div></a><div aria-labelledby="job_list___sub_heading_27_1" data-parent="#job_list___sub_accordion_27" class="collapse job_list___sub_multi_collapse" id="job_list___sub_collapse_27_1"><div class="card-body"><div class="work-item"><div class="alert alert-success test-outcome" role="alert"><p>worker outcome: normal</p><p>test outcome: killed</p></div></div><pre class="location"><a href="pycharm://open?file=stack3.py&amp;line=137" class="text-secondary"><button class="btn btn-outline-dark">stack3.py, start pos: (137, 44), end pos: (137, 45)</button></a></pre><pre>operator: core/ReplaceUnaryOperator_USub_Invert, occurrence: 0</pre><div class="alert alert-secondary"><pre class="diff">--- mutation diff ---
--- astack3.py
+++ bstack3.py
@@ -134,5 +134,5 @@
 
         """Get string representation of the stack."""
 
-        return str(self.__stack.toArray()[::-1])
+        return str(self.__stack.toArray()[::~1])
 </pre></div><div class="alert alert-secondary"><pre class="diff">============================= test session starts ==============================
platform linux -- Python 3.10.12, pytest-7.1.3, pluggy-1.0.0
rootdir: /home/lucca/desktop/ic/experimento/testes/python_experiments/stack3
plugins: Faker-15.1.1, hypothesis-6.56.3
collected 68 items

ALL-SMART-GPT-MUTMUT/test_stack3_DYNAMOSA.py .................           [ 25%]
ALL-SMART-GPT-MUTMUT/test_stack3_MIO.py .....................            [ 55%]
ALL-SMART-GPT-MUTMUT/test_stack3_MOSA.py .................               [ 80%]
ALL-SMART-GPT-MUTMUT/test_stack3_MUTMUT.py ...F                          [ 86%]
ALL-SMART-GPT-MUTMUT/test_stack3_WHOLE_SUITE.py .........                [100%]

=========================== short test summary info ============================
FAILED ALL-SMART-GPT-MUTMUT/test_stack3_MUTMUT.py::test_stack_push - Assertio...
========================= 1 failed, 67 passed in 0.24s =========================
</pre></div></div></div></div></div><div class="mb-1" id="job_list___sub_accordion_28"><div class="card"><a data-toggle="collapse" data-target="#job_list___sub_collapse_28_1" aria-expanded="false" aria-controls="job_list___sub_collapse_28_1" href="#" class="job_list___sub_multi_heading"><div role="alert" class="card-header alert-success" id="job_list___sub_heading_28_1"><button class="btn btn-outline-success"><span class="job_id">28 : Job ID ecdef5b7faf74abf9e36e9be38407507</span></button></div></a><div aria-labelledby="job_list___sub_heading_28_1" data-parent="#job_list___sub_accordion_28" class="collapse job_list___sub_multi_collapse" id="job_list___sub_collapse_28_1"><div class="card-body"><div class="work-item"><div class="alert alert-success test-outcome" role="alert"><p>worker outcome: normal</p><p>test outcome: killed</p></div></div><pre class="location"><a href="pycharm://open?file=stack3.py&amp;line=137" class="text-secondary"><button class="btn btn-outline-dark">stack3.py, start pos: (137, 44), end pos: (137, 45)</button></a></pre><pre>operator: core/ReplaceUnaryOperator_USub_Not, occurrence: 0</pre><div class="alert alert-secondary"><pre class="diff">--- mutation diff ---
--- astack3.py
+++ bstack3.py
@@ -134,5 +134,5 @@
 
         """Get string representation of the stack."""
 
-        return str(self.__stack.toArray()[::-1])
+        return str(self.__stack.toArray()[::not 1])
 </pre></div><div class="alert alert-secondary"><pre class="diff">============================= test session starts ==============================
platform linux -- Python 3.10.12, pytest-7.1.3, pluggy-1.0.0
rootdir: /home/lucca/desktop/ic/experimento/testes/python_experiments/stack3
plugins: Faker-15.1.1, hypothesis-6.56.3
collected 68 items

ALL-SMART-GPT-MUTMUT/test_stack3_DYNAMOSA.py .....F......F....           [ 25%]
ALL-SMART-GPT-MUTMUT/test_stack3_MIO.py ....................F            [ 55%]
ALL-SMART-GPT-MUTMUT/test_stack3_MOSA.py .....F......F....               [ 80%]
ALL-SMART-GPT-MUTMUT/test_stack3_MUTMUT.py ...F                          [ 86%]
ALL-SMART-GPT-MUTMUT/test_stack3_WHOLE_SUITE.py ...F.....                [100%]

=========================== short test summary info ============================
FAILED ALL-SMART-GPT-MUTMUT/test_stack3_DYNAMOSA.py::test_case_5 - ValueError...
FAILED ALL-SMART-GPT-MUTMUT/test_stack3_DYNAMOSA.py::test_case_12 - ValueErro...
FAILED ALL-SMART-GPT-MUTMUT/test_stack3_MIO.py::test_case_20 - ValueError: sl...
FAILED ALL-SMART-GPT-MUTMUT/test_stack3_MOSA.py::test_case_5 - ValueError: sl...
FAILED ALL-SMART-GPT-MUTMUT/test_stack3_MOSA.py::test_case_12 - ValueError: s...
FAILED ALL-SMART-GPT-MUTMUT/test_stack3_MUTMUT.py::test_stack_push - ValueErr...
FAILED ALL-SMART-GPT-MUTMUT/test_stack3_WHOLE_SUITE.py::test_case_3 - ValueEr...
========================= 7 failed, 61 passed in 0.25s =========================
</pre></div></div></div></div></div><div class="mb-1" id="job_list___sub_accordion_29"><div class="card"><a data-toggle="collapse" data-target="#job_list___sub_collapse_29_1" aria-expanded="false" aria-controls="job_list___sub_collapse_29_1" href="#" class="job_list___sub_multi_heading"><div role="alert" class="card-header alert-success" id="job_list___sub_heading_29_1"><button class="btn btn-outline-success"><span class="job_id">29 : Job ID d550d45f8e314e299d494b14b0b0035c</span></button></div></a><div aria-labelledby="job_list___sub_heading_29_1" data-parent="#job_list___sub_accordion_29" class="collapse job_list___sub_multi_collapse" id="job_list___sub_collapse_29_1"><div class="card-body"><div class="work-item"><div class="alert alert-success test-outcome" role="alert"><p>worker outcome: normal</p><p>test outcome: killed</p></div></div><pre class="location"><a href="pycharm://open?file=stack3.py&amp;line=137" class="text-secondary"><button class="btn btn-outline-dark">stack3.py, start pos: (137, 44), end pos: (137, 45)</button></a></pre><pre>operator: core/ReplaceUnaryOperator_Delete_USub, occurrence: 0</pre><div class="alert alert-secondary"><pre class="diff">--- mutation diff ---
--- astack3.py
+++ bstack3.py
@@ -134,5 +134,5 @@
 
         """Get string representation of the stack."""
 
-        return str(self.__stack.toArray()[::-1])
+        return str(self.__stack.toArray()[::1])
 </pre></div><div class="alert alert-secondary"><pre class="diff">============================= test session starts ==============================
platform linux -- Python 3.10.12, pytest-7.1.3, pluggy-1.0.0
rootdir: /home/lucca/desktop/ic/experimento/testes/python_experiments/stack3
plugins: Faker-15.1.1, hypothesis-6.56.3
collected 68 items

ALL-SMART-GPT-MUTMUT/test_stack3_DYNAMOSA.py .................           [ 25%]
ALL-SMART-GPT-MUTMUT/test_stack3_MIO.py .....................            [ 55%]
ALL-SMART-GPT-MUTMUT/test_stack3_MOSA.py .................               [ 80%]
ALL-SMART-GPT-MUTMUT/test_stack3_MUTMUT.py ...F                          [ 86%]
ALL-SMART-GPT-MUTMUT/test_stack3_WHOLE_SUITE.py .........                [100%]

=========================== short test summary info ============================
FAILED ALL-SMART-GPT-MUTMUT/test_stack3_MUTMUT.py::test_stack_push - Assertio...
========================= 1 failed, 67 passed in 0.23s =========================
</pre></div></div></div></div></div><div class="mb-1" id="job_list___sub_accordion_30"><div class="card"><a data-toggle="collapse" data-target="#job_list___sub_collapse_30_1" aria-expanded="false" aria-controls="job_list___sub_collapse_30_1" href="#" class="job_list___sub_multi_heading"><div role="alert" class="card-header alert-success" id="job_list___sub_heading_30_1"><button class="btn btn-outline-success"><span class="job_id">30 : Job ID 26d89980fcd1483f8d0b6ba0909cbc64</span></button></div></a><div aria-labelledby="job_list___sub_heading_30_1" data-parent="#job_list___sub_accordion_30" class="collapse job_list___sub_multi_collapse" id="job_list___sub_collapse_30_1"><div class="card-body"><div class="work-item"><div class="alert alert-success test-outcome" role="alert"><p>worker outcome: normal</p><p>test outcome: killed</p></div></div><pre class="location"><a href="pycharm://open?file=stack3.py&amp;line=24" class="text-secondary"><button class="btn btn-outline-dark">stack3.py, start pos: (24, 11), end pos: (24, 27)</button></a></pre><pre>operator: core/AddNot, occurrence: 0</pre><div class="alert alert-secondary"><pre class="diff">--- mutation diff ---
--- astack3.py
+++ bstack3.py
@@ -21,7 +21,7 @@
         """Add element to linked list."""
 
         newNode = Node(value)
-        if self.__size == 0:
+        if not self.__size == 0:
             self.__head.next = newNode
             self.__head = newNode
             self.__size += 1</pre></div><div class="alert alert-secondary"><pre class="diff">timeout</pre></div></div></div></div></div><div class="mb-1" id="job_list___sub_accordion_31"><div class="card"><a data-toggle="collapse" data-target="#job_list___sub_collapse_31_1" aria-expanded="false" aria-controls="job_list___sub_collapse_31_1" href="#" class="job_list___sub_multi_heading"><div role="alert" class="card-header alert-success" id="job_list___sub_heading_31_1"><button class="btn btn-outline-success"><span class="job_id">31 : Job ID 65e60a19661d4823bcaa9f78c70fbb33</span></button></div></a><div aria-labelledby="job_list___sub_heading_31_1" data-parent="#job_list___sub_accordion_31" class="collapse job_list___sub_multi_collapse" id="job_list___sub_collapse_31_1"><div class="card-body"><div class="work-item"><div class="alert alert-success test-outcome" role="alert"><p>worker outcome: normal</p><p>test outcome: killed</p></div></div><pre class="location"><a href="pycharm://open?file=stack3.py&amp;line=38" class="text-secondary"><button class="btn btn-outline-dark">stack3.py, start pos: (38, 11), end pos: (38, 27)</button></a></pre><pre>operator: core/AddNot, occurrence: 1</pre><div class="alert alert-secondary"><pre class="diff">--- mutation diff ---
--- astack3.py
+++ bstack3.py
@@ -35,7 +35,7 @@
 
         """Remove node from linkedlist."""
 
-        if self.__size == 0:
+        if not self.__size == 0:
             return None
         if self.__size == 1: # Alterado para corrigir comportamento
             nodeToRemove = self.__head</pre></div><div class="alert alert-secondary"><pre class="diff">============================= test session starts ==============================
platform linux -- Python 3.10.12, pytest-7.1.3, pluggy-1.0.0
rootdir: /home/lucca/desktop/ic/experimento/testes/python_experiments/stack3
plugins: Faker-15.1.1, hypothesis-6.56.3
collected 68 items

ALL-SMART-GPT-MUTMUT/test_stack3_DYNAMOSA.py .F..F....FF..F.FF           [ 25%]
ALL-SMART-GPT-MUTMUT/test_stack3_MIO.py ...F.................            [ 55%]
ALL-SMART-GPT-MUTMUT/test_stack3_MOSA.py .F..F....FF..F.FF               [ 80%]
ALL-SMART-GPT-MUTMUT/test_stack3_MUTMUT.py FF..                          [ 86%]
ALL-SMART-GPT-MUTMUT/test_stack3_WHOLE_SUITE.py .F..FF..F                [100%]

=========================== short test summary info ============================
FAILED ALL-SMART-GPT-MUTMUT/test_stack3_DYNAMOSA.py::test_case_1 - AssertionE...
FAILED ALL-SMART-GPT-MUTMUT/test_stack3_DYNAMOSA.py::test_case_4 - assert &lt;st...
FAILED ALL-SMART-GPT-MUTMUT/test_stack3_DYNAMOSA.py::test_case_9 - AssertionE...
FAILED ALL-SMART-GPT-MUTMUT/test_stack3_DYNAMOSA.py::test_case_10 - Assertion...
FAILED ALL-SMART-GPT-MUTMUT/test_stack3_DYNAMOSA.py::test_case_13 - Assertion...
FAILED ALL-SMART-GPT-MUTMUT/test_stack3_DYNAMOSA.py::test_case_15 - Assertion...
FAILED ALL-SMART-GPT-MUTMUT/test_stack3_DYNAMOSA.py::test_case_16 - Assertion...
FAILED ALL-SMART-GPT-MUTMUT/test_stack3_MIO.py::test_case_3 - AssertionError:...
FAILED ALL-SMART-GPT-MUTMUT/test_stack3_MOSA.py::test_case_1 - AssertionError...
FAILED ALL-SMART-GPT-MUTMUT/test_stack3_MOSA.py::test_case_4 - assert &lt;stack3...
FAILED ALL-SMART-GPT-MUTMUT/test_stack3_MOSA.py::test_case_9 - AssertionError...
FAILED ALL-SMART-GPT-MUTMUT/test_stack3_MOSA.py::test_case_10 - AssertionErro...
FAILED ALL-SMART-GPT-MUTMUT/test_stack3_MOSA.py::test_case_13 - AssertionErro...
FAILED ALL-SMART-GPT-MUTMUT/test_stack3_MOSA.py::test_case_15 - AssertionErro...
FAILED ALL-SMART-GPT-MUTMUT/test_stack3_MOSA.py::test_case_16 - AssertionErro...
FAILED ALL-SMART-GPT-MUTMUT/test_stack3_MUTMUT.py::test_remove_single_element
FAILED ALL-SMART-GPT-MUTMUT/test_stack3_MUTMUT.py::test_remove_multiple_elements_small_list
FAILED ALL-SMART-GPT-MUTMUT/test_stack3_WHOLE_SUITE.py::test_case_1 - Asserti...
FAILED ALL-SMART-GPT-MUTMUT/test_stack3_WHOLE_SUITE.py::test_case_4 - Asserti...
FAILED ALL-SMART-GPT-MUTMUT/test_stack3_WHOLE_SUITE.py::test_case_5 - assert ...
FAILED ALL-SMART-GPT-MUTMUT/test_stack3_WHOLE_SUITE.py::test_case_8 - assert ...
======================== 21 failed, 47 passed in 0.31s =========================
</pre></div></div></div></div></div><div class="mb-1" id="job_list___sub_accordion_32"><div class="card"><a data-toggle="collapse" data-target="#job_list___sub_collapse_32_1" aria-expanded="false" aria-controls="job_list___sub_collapse_32_1" href="#" class="job_list___sub_multi_heading"><div role="alert" class="card-header alert-success" id="job_list___sub_heading_32_1"><button class="btn btn-outline-success"><span class="job_id">32 : Job ID 5c3d346515f149728e591e8f86000ec7</span></button></div></a><div aria-labelledby="job_list___sub_heading_32_1" data-parent="#job_list___sub_accordion_32" class="collapse job_list___sub_multi_collapse" id="job_list___sub_collapse_32_1"><div class="card-body"><div class="work-item"><div class="alert alert-success test-outcome" role="alert"><p>worker outcome: normal</p><p>test outcome: killed</p></div></div><pre class="location"><a href="pycharm://open?file=stack3.py&amp;line=40" class="text-secondary"><button class="btn btn-outline-dark">stack3.py, start pos: (40, 11), end pos: (40, 27)</button></a></pre><pre>operator: core/AddNot, occurrence: 2</pre><div class="alert alert-secondary"><pre class="diff">--- mutation diff ---
--- astack3.py
+++ bstack3.py
@@ -37,7 +37,7 @@
 
         if self.__size == 0:
             return None
-        if self.__size == 1: # Alterado para corrigir comportamento
+        if not self.__size == 1: # Alterado para corrigir comportamento
             nodeToRemove = self.__head
             self.__sentinel.next = None
             self.__head = self.__sentinel</pre></div><div class="alert alert-secondary"><pre class="diff">============================= test session starts ==============================
platform linux -- Python 3.10.12, pytest-7.1.3, pluggy-1.0.0
rootdir: /home/lucca/desktop/ic/experimento/testes/python_experiments/stack3
plugins: Faker-15.1.1, hypothesis-6.56.3
collected 68 items

ALL-SMART-GPT-MUTMUT/test_stack3_DYNAMOSA.py .........F...F...           [ 25%]
ALL-SMART-GPT-MUTMUT/test_stack3_MIO.py .....................            [ 55%]
ALL-SMART-GPT-MUTMUT/test_stack3_MOSA.py .........F...F...               [ 80%]
ALL-SMART-GPT-MUTMUT/test_stack3_MUTMUT.py FF..                          [ 86%]
ALL-SMART-GPT-MUTMUT/test_stack3_WHOLE_SUITE.py .........                [100%]

=========================== short test summary info ============================
FAILED ALL-SMART-GPT-MUTMUT/test_stack3_DYNAMOSA.py::test_case_9 - AssertionE...
FAILED ALL-SMART-GPT-MUTMUT/test_stack3_DYNAMOSA.py::test_case_13 - Attribute...
FAILED ALL-SMART-GPT-MUTMUT/test_stack3_MOSA.py::test_case_9 - AssertionError...
FAILED ALL-SMART-GPT-MUTMUT/test_stack3_MOSA.py::test_case_13 - AttributeErro...
FAILED ALL-SMART-GPT-MUTMUT/test_stack3_MUTMUT.py::test_remove_single_element
FAILED ALL-SMART-GPT-MUTMUT/test_stack3_MUTMUT.py::test_remove_multiple_elements_small_list
========================= 6 failed, 62 passed in 0.27s =========================
</pre></div></div></div></div></div><div class="mb-1" id="job_list___sub_accordion_33"><div class="card"><a data-toggle="collapse" data-target="#job_list___sub_collapse_33_1" aria-expanded="false" aria-controls="job_list___sub_collapse_33_1" href="#" class="job_list___sub_multi_heading"><div role="alert" class="card-header alert-success" id="job_list___sub_heading_33_1"><button class="btn btn-outline-success"><span class="job_id">33 : Job ID 6d42c33e48ab45918e6a67e3c6f0ac39</span></button></div></a><div aria-labelledby="job_list___sub_heading_33_1" data-parent="#job_list___sub_accordion_33" class="collapse job_list___sub_multi_collapse" id="job_list___sub_collapse_33_1"><div class="card-body"><div class="work-item"><div class="alert alert-success test-outcome" role="alert"><p>worker outcome: normal</p><p>test outcome: killed</p></div></div><pre class="location"><a href="pycharm://open?file=stack3.py&amp;line=75" class="text-secondary"><button class="btn btn-outline-dark">stack3.py, start pos: (75, 23), end pos: (75, 39)</button></a></pre><pre>operator: core/AddNot, occurrence: 3</pre><div class="alert alert-secondary"><pre class="diff">--- mutation diff ---
--- astack3.py
+++ bstack3.py
@@ -72,7 +72,7 @@
 
         """Checks if linkedlist is empty."""
 
-        return True if self.__size == 0 else False
+        return True if not self.__size == 0 else False
 
     def toArray(self) -&gt; list:
 </pre></div><div class="alert alert-secondary"><pre class="diff">============================= test session starts ==============================
platform linux -- Python 3.10.12, pytest-7.1.3, pluggy-1.0.0
rootdir: /home/lucca/desktop/ic/experimento/testes/python_experiments/stack3
plugins: Faker-15.1.1, hypothesis-6.56.3
collected 68 items

ALL-SMART-GPT-MUTMUT/test_stack3_DYNAMOSA.py ...FF..........FF           [ 25%]
ALL-SMART-GPT-MUTMUT/test_stack3_MIO.py .....FF..............            [ 55%]
ALL-SMART-GPT-MUTMUT/test_stack3_MOSA.py ...FF..........FF               [ 80%]
ALL-SMART-GPT-MUTMUT/test_stack3_MUTMUT.py F...                          [ 86%]
ALL-SMART-GPT-MUTMUT/test_stack3_WHOLE_SUITE.py .F.....F.                [100%]

=========================== short test summary info ============================
FAILED ALL-SMART-GPT-MUTMUT/test_stack3_DYNAMOSA.py::test_case_3 - assert Fal...
FAILED ALL-SMART-GPT-MUTMUT/test_stack3_DYNAMOSA.py::test_case_4 - assert Tru...
FAILED ALL-SMART-GPT-MUTMUT/test_stack3_DYNAMOSA.py::test_case_15 - assert Tr...
FAILED ALL-SMART-GPT-MUTMUT/test_stack3_DYNAMOSA.py::test_case_16 - assert Tr...
FAILED ALL-SMART-GPT-MUTMUT/test_stack3_MIO.py::test_case_5 - assert False is...
FAILED ALL-SMART-GPT-MUTMUT/test_stack3_MIO.py::test_case_6 - assert True is ...
FAILED ALL-SMART-GPT-MUTMUT/test_stack3_MOSA.py::test_case_3 - assert False i...
FAILED ALL-SMART-GPT-MUTMUT/test_stack3_MOSA.py::test_case_4 - assert True is...
FAILED ALL-SMART-GPT-MUTMUT/test_stack3_MOSA.py::test_case_15 - assert True i...
FAILED ALL-SMART-GPT-MUTMUT/test_stack3_MOSA.py::test_case_16 - assert True i...
FAILED ALL-SMART-GPT-MUTMUT/test_stack3_MUTMUT.py::test_remove_single_element
FAILED ALL-SMART-GPT-MUTMUT/test_stack3_WHOLE_SUITE.py::test_case_1 - assert ...
FAILED ALL-SMART-GPT-MUTMUT/test_stack3_WHOLE_SUITE.py::test_case_7 - assert ...
======================== 13 failed, 55 passed in 0.24s =========================
</pre></div></div></div></div></div><div class="mb-1" id="job_list___sub_accordion_34"><div class="card"><a data-toggle="collapse" data-target="#job_list___sub_collapse_34_1" aria-expanded="false" aria-controls="job_list___sub_collapse_34_1" href="#" class="job_list___sub_multi_heading"><div role="alert" class="card-header alert-success" id="job_list___sub_heading_34_1"><button class="btn btn-outline-success"><span class="job_id">34 : Job ID 381a9ea6e1e84c90aa4c4b9635859caf</span></button></div></a><div aria-labelledby="job_list___sub_heading_34_1" data-parent="#job_list___sub_accordion_34" class="collapse job_list___sub_multi_collapse" id="job_list___sub_collapse_34_1"><div class="card-body"><div class="work-item"><div class="alert alert-success test-outcome" role="alert"><p>worker outcome: normal</p><p>test outcome: killed</p></div></div><pre class="location"><a href="pycharm://open?file=stack3.py&amp;line=83" class="text-secondary"><button class="btn btn-outline-dark">stack3.py, start pos: (83, 14), end pos: (83, 21)</button></a></pre><pre>operator: core/AddNot, occurrence: 4</pre><div class="alert alert-secondary"><pre class="diff">--- mutation diff ---
--- astack3.py
+++ bstack3.py
@@ -80,7 +80,7 @@
 
         arr = []
         current = self.__head
-        while current:
+        while not current:
             arr.append(current.value)
             current = current.next
         return arr</pre></div><div class="alert alert-secondary"><pre class="diff">============================= test session starts ==============================
platform linux -- Python 3.10.12, pytest-7.1.3, pluggy-1.0.0
rootdir: /home/lucca/desktop/ic/experimento/testes/python_experiments/stack3
plugins: Faker-15.1.1, hypothesis-6.56.3
collected 68 items

ALL-SMART-GPT-MUTMUT/test_stack3_DYNAMOSA.py ....FF......F..F.           [ 25%]
ALL-SMART-GPT-MUTMUT/test_stack3_MIO.py ....................F            [ 55%]
ALL-SMART-GPT-MUTMUT/test_stack3_MOSA.py ....FF......F..F.               [ 80%]
ALL-SMART-GPT-MUTMUT/test_stack3_MUTMUT.py ..FF                          [ 86%]
ALL-SMART-GPT-MUTMUT/test_stack3_WHOLE_SUITE.py ...F.....                [100%]

=========================== short test summary info ============================
FAILED ALL-SMART-GPT-MUTMUT/test_stack3_DYNAMOSA.py::test_case_4 - assert [] ...
FAILED ALL-SMART-GPT-MUTMUT/test_stack3_DYNAMOSA.py::test_case_5 - AssertionE...
FAILED ALL-SMART-GPT-MUTMUT/test_stack3_DYNAMOSA.py::test_case_12 - Assertion...
FAILED ALL-SMART-GPT-MUTMUT/test_stack3_DYNAMOSA.py::test_case_15 - assert []...
FAILED ALL-SMART-GPT-MUTMUT/test_stack3_MIO.py::test_case_20 - AssertionError...
FAILED ALL-SMART-GPT-MUTMUT/test_stack3_MOSA.py::test_case_4 - assert [] == [...
FAILED ALL-SMART-GPT-MUTMUT/test_stack3_MOSA.py::test_case_5 - AssertionError...
FAILED ALL-SMART-GPT-MUTMUT/test_stack3_MOSA.py::test_case_12 - AssertionErro...
FAILED ALL-SMART-GPT-MUTMUT/test_stack3_MOSA.py::test_case_15 - assert [] == ...
FAILED ALL-SMART-GPT-MUTMUT/test_stack3_MUTMUT.py::test_singly_linked_list_add
FAILED ALL-SMART-GPT-MUTMUT/test_stack3_MUTMUT.py::test_stack_push - Assertio...
FAILED ALL-SMART-GPT-MUTMUT/test_stack3_WHOLE_SUITE.py::test_case_3 - Asserti...
======================== 12 failed, 56 passed in 0.25s =========================
</pre></div></div></div></div></div><div class="mb-1" id="job_list___sub_accordion_35"><div class="card"><a data-toggle="collapse" data-target="#job_list___sub_collapse_35_1" aria-expanded="false" aria-controls="job_list___sub_collapse_35_1" href="#" class="job_list___sub_multi_heading"><div role="alert" class="card-header alert-success" id="job_list___sub_heading_35_1"><button class="btn btn-outline-success"><span class="job_id">35 : Job ID be74538f3f14406ebb01d676b94c14eb</span></button></div></a><div aria-labelledby="job_list___sub_heading_35_1" data-parent="#job_list___sub_accordion_35" class="collapse job_list___sub_multi_collapse" id="job_list___sub_collapse_35_1"><div class="card-body"><div class="work-item"><div class="alert alert-success test-outcome" role="alert"><p>worker outcome: normal</p><p>test outcome: killed</p></div></div><pre class="location"><a href="pycharm://open?file=stack3.py&amp;line=94" class="text-secondary"><button class="btn btn-outline-dark">stack3.py, start pos: (94, 14), end pos: (94, 21)</button></a></pre><pre>operator: core/AddNot, occurrence: 5</pre><div class="alert alert-secondary"><pre class="diff">--- mutation diff ---
--- astack3.py
+++ bstack3.py
@@ -91,7 +91,7 @@
 
         arr = []
         current = self.__head
-        while current:
+        while not current:
             arr.append(current.value)
             current = current.next
         return str(arr)</pre></div><div class="alert alert-secondary"><pre class="diff">============================= test session starts ==============================
platform linux -- Python 3.10.12, pytest-7.1.3, pluggy-1.0.0
rootdir: /home/lucca/desktop/ic/experimento/testes/python_experiments/stack3
plugins: Faker-15.1.1, hypothesis-6.56.3
collected 68 items

ALL-SMART-GPT-MUTMUT/test_stack3_DYNAMOSA.py ......F........FF           [ 25%]
ALL-SMART-GPT-MUTMUT/test_stack3_MIO.py ..........F..........            [ 55%]
ALL-SMART-GPT-MUTMUT/test_stack3_MOSA.py ......F........FF               [ 80%]
ALL-SMART-GPT-MUTMUT/test_stack3_MUTMUT.py ..F.                          [ 86%]
ALL-SMART-GPT-MUTMUT/test_stack3_WHOLE_SUITE.py .....F...                [100%]

=========================== short test summary info ============================
FAILED ALL-SMART-GPT-MUTMUT/test_stack3_DYNAMOSA.py::test_case_6 - AssertionE...
FAILED ALL-SMART-GPT-MUTMUT/test_stack3_DYNAMOSA.py::test_case_15 - Assertion...
FAILED ALL-SMART-GPT-MUTMUT/test_stack3_DYNAMOSA.py::test_case_16 - Assertion...
FAILED ALL-SMART-GPT-MUTMUT/test_stack3_MIO.py::test_case_10 - AssertionError...
FAILED ALL-SMART-GPT-MUTMUT/test_stack3_MOSA.py::test_case_6 - AssertionError...
FAILED ALL-SMART-GPT-MUTMUT/test_stack3_MOSA.py::test_case_15 - AssertionErro...
FAILED ALL-SMART-GPT-MUTMUT/test_stack3_MOSA.py::test_case_16 - AssertionErro...
FAILED ALL-SMART-GPT-MUTMUT/test_stack3_MUTMUT.py::test_singly_linked_list_add
FAILED ALL-SMART-GPT-MUTMUT/test_stack3_WHOLE_SUITE.py::test_case_5 - Asserti...
========================= 9 failed, 59 passed in 1.57s =========================
</pre></div></div></div></div></div><div class="mb-1" id="job_list___sub_accordion_36"><div class="card"><a data-toggle="collapse" data-target="#job_list___sub_collapse_36_1" aria-expanded="false" aria-controls="job_list___sub_collapse_36_1" href="#" class="job_list___sub_multi_heading"><div role="alert" class="card-header alert-success" id="job_list___sub_heading_36_1"><button class="btn btn-outline-success"><span class="job_id">36 : Job ID 9ea4cb02b990440c9b2a2c2d0329acd2</span></button></div></a><div aria-labelledby="job_list___sub_heading_36_1" data-parent="#job_list___sub_accordion_36" class="collapse job_list___sub_multi_collapse" id="job_list___sub_collapse_36_1"><div class="card-body"><div class="work-item"><div class="alert alert-success test-outcome" role="alert"><p>worker outcome: normal</p><p>test outcome: killed</p></div></div><pre class="location"><a href="pycharm://open?file=stack3.py&amp;line=125" class="text-secondary"><button class="btn btn-outline-dark">stack3.py, start pos: (125, 23), end pos: (125, 50)</button></a></pre><pre>operator: core/AddNot, occurrence: 6</pre><div class="alert alert-secondary"><pre class="diff">--- mutation diff ---
--- astack3.py
+++ bstack3.py
@@ -122,7 +122,7 @@
 
         """Check if stack is empty."""
 
-        return True if self.__stack.getSize() == 0 else False
+        return True if not self.__stack.getSize() == 0 else False
 
     def getSize(self) -&gt; int:
 </pre></div><div class="alert alert-secondary"><pre class="diff">============================= test session starts ==============================
platform linux -- Python 3.10.12, pytest-7.1.3, pluggy-1.0.0
rootdir: /home/lucca/desktop/ic/experimento/testes/python_experiments/stack3
plugins: Faker-15.1.1, hypothesis-6.56.3
collected 68 items

ALL-SMART-GPT-MUTMUT/test_stack3_DYNAMOSA.py .......F.....F...           [ 25%]
ALL-SMART-GPT-MUTMUT/test_stack3_MIO.py ...........FF........            [ 55%]
ALL-SMART-GPT-MUTMUT/test_stack3_MOSA.py .......F.....F...               [ 80%]
ALL-SMART-GPT-MUTMUT/test_stack3_MUTMUT.py ....                          [ 86%]
ALL-SMART-GPT-MUTMUT/test_stack3_WHOLE_SUITE.py ..FF.....                [100%]

=========================== short test summary info ============================
FAILED ALL-SMART-GPT-MUTMUT/test_stack3_DYNAMOSA.py::test_case_7 - assert Fal...
FAILED ALL-SMART-GPT-MUTMUT/test_stack3_DYNAMOSA.py::test_case_13 - assert Tr...
FAILED ALL-SMART-GPT-MUTMUT/test_stack3_MIO.py::test_case_11 - assert False i...
FAILED ALL-SMART-GPT-MUTMUT/test_stack3_MIO.py::test_case_12 - assert True is...
FAILED ALL-SMART-GPT-MUTMUT/test_stack3_MOSA.py::test_case_7 - assert False i...
FAILED ALL-SMART-GPT-MUTMUT/test_stack3_MOSA.py::test_case_13 - assert True i...
FAILED ALL-SMART-GPT-MUTMUT/test_stack3_WHOLE_SUITE.py::test_case_2 - assert ...
FAILED ALL-SMART-GPT-MUTMUT/test_stack3_WHOLE_SUITE.py::test_case_3 - assert ...
========================= 8 failed, 60 passed in 0.26s =========================
</pre></div></div></div></div></div><div class="mb-1" id="job_list___sub_accordion_37"><div class="card"><a data-toggle="collapse" data-target="#job_list___sub_collapse_37_1" aria-expanded="false" aria-controls="job_list___sub_collapse_37_1" href="#" class="job_list___sub_multi_heading"><div role="alert" class="card-header alert-success" id="job_list___sub_heading_37_1"><button class="btn btn-outline-success"><span class="job_id">37 : Job ID 5c8495dc09e04b1b8dd0f5137cb8f061</span></button></div></a><div aria-labelledby="job_list___sub_heading_37_1" data-parent="#job_list___sub_accordion_37" class="collapse job_list___sub_multi_collapse" id="job_list___sub_collapse_37_1"><div class="card-body"><div class="work-item"><div class="alert alert-success test-outcome" role="alert"><p>worker outcome: normal</p><p>test outcome: killed</p></div></div><pre class="location"><a href="pycharm://open?file=stack3.py&amp;line=75" class="text-secondary"><button class="btn btn-outline-dark">stack3.py, start pos: (75, 15), end pos: (75, 19)</button></a></pre><pre>operator: core/ReplaceTrueWithFalse, occurrence: 0</pre><div class="alert alert-secondary"><pre class="diff">--- mutation diff ---
--- astack3.py
+++ bstack3.py
@@ -72,7 +72,7 @@
 
         """Checks if linkedlist is empty."""
 
-        return True if self.__size == 0 else False
+        return False if self.__size == 0 else False
 
     def toArray(self) -&gt; list:
 </pre></div><div class="alert alert-secondary"><pre class="diff">============================= test session starts ==============================
platform linux -- Python 3.10.12, pytest-7.1.3, pluggy-1.0.0
rootdir: /home/lucca/desktop/ic/experimento/testes/python_experiments/stack3
plugins: Faker-15.1.1, hypothesis-6.56.3
collected 68 items

ALL-SMART-GPT-MUTMUT/test_stack3_DYNAMOSA.py ...F.............           [ 25%]
ALL-SMART-GPT-MUTMUT/test_stack3_MIO.py .....F...............            [ 55%]
ALL-SMART-GPT-MUTMUT/test_stack3_MOSA.py ...F.............               [ 80%]
ALL-SMART-GPT-MUTMUT/test_stack3_MUTMUT.py F...                          [ 86%]
ALL-SMART-GPT-MUTMUT/test_stack3_WHOLE_SUITE.py .......F.                [100%]

=========================== short test summary info ============================
FAILED ALL-SMART-GPT-MUTMUT/test_stack3_DYNAMOSA.py::test_case_3 - assert Fal...
FAILED ALL-SMART-GPT-MUTMUT/test_stack3_MIO.py::test_case_5 - assert False is...
FAILED ALL-SMART-GPT-MUTMUT/test_stack3_MOSA.py::test_case_3 - assert False i...
FAILED ALL-SMART-GPT-MUTMUT/test_stack3_MUTMUT.py::test_remove_single_element
FAILED ALL-SMART-GPT-MUTMUT/test_stack3_WHOLE_SUITE.py::test_case_7 - assert ...
========================= 5 failed, 63 passed in 0.23s =========================
</pre></div></div></div></div></div><div class="mb-1" id="job_list___sub_accordion_38"><div class="card"><a data-toggle="collapse" data-target="#job_list___sub_collapse_38_1" aria-expanded="false" aria-controls="job_list___sub_collapse_38_1" href="#" class="job_list___sub_multi_heading"><div role="alert" class="card-header alert-success" id="job_list___sub_heading_38_1"><button class="btn btn-outline-success"><span class="job_id">38 : Job ID 23cbf725080c416b9727ec45428d0a2a</span></button></div></a><div aria-labelledby="job_list___sub_heading_38_1" data-parent="#job_list___sub_accordion_38" class="collapse job_list___sub_multi_collapse" id="job_list___sub_collapse_38_1"><div class="card-body"><div class="work-item"><div class="alert alert-success test-outcome" role="alert"><p>worker outcome: normal</p><p>test outcome: killed</p></div></div><pre class="location"><a href="pycharm://open?file=stack3.py&amp;line=125" class="text-secondary"><button class="btn btn-outline-dark">stack3.py, start pos: (125, 15), end pos: (125, 19)</button></a></pre><pre>operator: core/ReplaceTrueWithFalse, occurrence: 1</pre><div class="alert alert-secondary"><pre class="diff">--- mutation diff ---
--- astack3.py
+++ bstack3.py
@@ -122,7 +122,7 @@
 
         """Check if stack is empty."""
 
-        return True if self.__stack.getSize() == 0 else False
+        return False if self.__stack.getSize() == 0 else False
 
     def getSize(self) -&gt; int:
 </pre></div><div class="alert alert-secondary"><pre class="diff">============================= test session starts ==============================
platform linux -- Python 3.10.12, pytest-7.1.3, pluggy-1.0.0
rootdir: /home/lucca/desktop/ic/experimento/testes/python_experiments/stack3
plugins: Faker-15.1.1, hypothesis-6.56.3
collected 68 items

ALL-SMART-GPT-MUTMUT/test_stack3_DYNAMOSA.py .......F.........           [ 25%]
ALL-SMART-GPT-MUTMUT/test_stack3_MIO.py ...........F.........            [ 55%]
ALL-SMART-GPT-MUTMUT/test_stack3_MOSA.py .......F.........               [ 80%]
ALL-SMART-GPT-MUTMUT/test_stack3_MUTMUT.py ....                          [ 86%]
ALL-SMART-GPT-MUTMUT/test_stack3_WHOLE_SUITE.py ..F......                [100%]

=========================== short test summary info ============================
FAILED ALL-SMART-GPT-MUTMUT/test_stack3_DYNAMOSA.py::test_case_7 - assert Fal...
FAILED ALL-SMART-GPT-MUTMUT/test_stack3_MIO.py::test_case_11 - assert False i...
FAILED ALL-SMART-GPT-MUTMUT/test_stack3_MOSA.py::test_case_7 - assert False i...
FAILED ALL-SMART-GPT-MUTMUT/test_stack3_WHOLE_SUITE.py::test_case_2 - assert ...
========================= 4 failed, 64 passed in 0.24s =========================
</pre></div></div></div></div></div><div class="mb-1" id="job_list___sub_accordion_39"><div class="card"><a data-toggle="collapse" data-target="#job_list___sub_collapse_39_1" aria-expanded="false" aria-controls="job_list___sub_collapse_39_1" href="#" class="job_list___sub_multi_heading"><div role="alert" class="card-header alert-success" id="job_list___sub_heading_39_1"><button class="btn btn-outline-success"><span class="job_id">39 : Job ID 3ec69b0e60aa4a64b7e913c8727eb59b</span></button></div></a><div aria-labelledby="job_list___sub_heading_39_1" data-parent="#job_list___sub_accordion_39" class="collapse job_list___sub_multi_collapse" id="job_list___sub_collapse_39_1"><div class="card-body"><div class="work-item"><div class="alert alert-success test-outcome" role="alert"><p>worker outcome: normal</p><p>test outcome: killed</p></div></div><pre class="location"><a href="pycharm://open?file=stack3.py&amp;line=75" class="text-secondary"><button class="btn btn-outline-dark">stack3.py, start pos: (75, 45), end pos: (75, 50)</button></a></pre><pre>operator: core/ReplaceFalseWithTrue, occurrence: 0</pre><div class="alert alert-secondary"><pre class="diff">--- mutation diff ---
--- astack3.py
+++ bstack3.py
@@ -72,7 +72,7 @@
 
         """Checks if linkedlist is empty."""
 
-        return True if self.__size == 0 else False
+        return True if self.__size == 0 else True
 
     def toArray(self) -&gt; list:
 </pre></div><div class="alert alert-secondary"><pre class="diff">============================= test session starts ==============================
platform linux -- Python 3.10.12, pytest-7.1.3, pluggy-1.0.0
rootdir: /home/lucca/desktop/ic/experimento/testes/python_experiments/stack3
plugins: Faker-15.1.1, hypothesis-6.56.3
collected 68 items

ALL-SMART-GPT-MUTMUT/test_stack3_DYNAMOSA.py ....F..........FF           [ 25%]
ALL-SMART-GPT-MUTMUT/test_stack3_MIO.py ......F..............            [ 55%]
ALL-SMART-GPT-MUTMUT/test_stack3_MOSA.py ....F..........FF               [ 80%]
ALL-SMART-GPT-MUTMUT/test_stack3_MUTMUT.py ....                          [ 86%]
ALL-SMART-GPT-MUTMUT/test_stack3_WHOLE_SUITE.py .F.......                [100%]

=========================== short test summary info ============================
FAILED ALL-SMART-GPT-MUTMUT/test_stack3_DYNAMOSA.py::test_case_4 - assert Tru...
FAILED ALL-SMART-GPT-MUTMUT/test_stack3_DYNAMOSA.py::test_case_15 - assert Tr...
FAILED ALL-SMART-GPT-MUTMUT/test_stack3_DYNAMOSA.py::test_case_16 - assert Tr...
FAILED ALL-SMART-GPT-MUTMUT/test_stack3_MIO.py::test_case_6 - assert True is ...
FAILED ALL-SMART-GPT-MUTMUT/test_stack3_MOSA.py::test_case_4 - assert True is...
FAILED ALL-SMART-GPT-MUTMUT/test_stack3_MOSA.py::test_case_15 - assert True i...
FAILED ALL-SMART-GPT-MUTMUT/test_stack3_MOSA.py::test_case_16 - assert True i...
FAILED ALL-SMART-GPT-MUTMUT/test_stack3_WHOLE_SUITE.py::test_case_1 - assert ...
========================= 8 failed, 60 passed in 0.23s =========================
</pre></div></div></div></div></div><div class="mb-1" id="job_list___sub_accordion_40"><div class="card"><a data-toggle="collapse" data-target="#job_list___sub_collapse_40_1" aria-expanded="false" aria-controls="job_list___sub_collapse_40_1" href="#" class="job_list___sub_multi_heading"><div role="alert" class="card-header alert-success" id="job_list___sub_heading_40_1"><button class="btn btn-outline-success"><span class="job_id">40 : Job ID 14e76c8bdc3e480eaef87585877a1830</span></button></div></a><div aria-labelledby="job_list___sub_heading_40_1" data-parent="#job_list___sub_accordion_40" class="collapse job_list___sub_multi_collapse" id="job_list___sub_collapse_40_1"><div class="card-body"><div class="work-item"><div class="alert alert-success test-outcome" role="alert"><p>worker outcome: normal</p><p>test outcome: killed</p></div></div><pre class="location"><a href="pycharm://open?file=stack3.py&amp;line=125" class="text-secondary"><button class="btn btn-outline-dark">stack3.py, start pos: (125, 56), end pos: (125, 61)</button></a></pre><pre>operator: core/ReplaceFalseWithTrue, occurrence: 1</pre><div class="alert alert-secondary"><pre class="diff">--- mutation diff ---
--- astack3.py
+++ bstack3.py
@@ -122,7 +122,7 @@
 
         """Check if stack is empty."""
 
-        return True if self.__stack.getSize() == 0 else False
+        return True if self.__stack.getSize() == 0 else True
 
     def getSize(self) -&gt; int:
 </pre></div><div class="alert alert-secondary"><pre class="diff">============================= test session starts ==============================
platform linux -- Python 3.10.12, pytest-7.1.3, pluggy-1.0.0
rootdir: /home/lucca/desktop/ic/experimento/testes/python_experiments/stack3
plugins: Faker-15.1.1, hypothesis-6.56.3
collected 68 items

ALL-SMART-GPT-MUTMUT/test_stack3_DYNAMOSA.py .............F...           [ 25%]
ALL-SMART-GPT-MUTMUT/test_stack3_MIO.py ............F........            [ 55%]
ALL-SMART-GPT-MUTMUT/test_stack3_MOSA.py .............F...               [ 80%]
ALL-SMART-GPT-MUTMUT/test_stack3_MUTMUT.py ....                          [ 86%]
ALL-SMART-GPT-MUTMUT/test_stack3_WHOLE_SUITE.py ...F.....                [100%]

=========================== short test summary info ============================
FAILED ALL-SMART-GPT-MUTMUT/test_stack3_DYNAMOSA.py::test_case_13 - assert Tr...
FAILED ALL-SMART-GPT-MUTMUT/test_stack3_MIO.py::test_case_12 - assert True is...
FAILED ALL-SMART-GPT-MUTMUT/test_stack3_MOSA.py::test_case_13 - assert True i...
FAILED ALL-SMART-GPT-MUTMUT/test_stack3_WHOLE_SUITE.py::test_case_3 - assert ...
========================= 4 failed, 64 passed in 0.23s =========================
</pre></div></div></div></div></div><div class="mb-1" id="job_list___sub_accordion_41"><div class="card"><a data-toggle="collapse" data-target="#job_list___sub_collapse_41_1" aria-expanded="false" aria-controls="job_list___sub_collapse_41_1" href="#" class="job_list___sub_multi_heading"><div role="alert" class="card-header alert-success" id="job_list___sub_heading_41_1"><button class="btn btn-outline-success"><span class="job_id">41 : Job ID fd7b0cc287e44cfa85ef65bf20e28f82</span></button></div></a><div aria-labelledby="job_list___sub_heading_41_1" data-parent="#job_list___sub_accordion_41" class="collapse job_list___sub_multi_collapse" id="job_list___sub_collapse_41_1"><div class="card-body"><div class="work-item"><div class="alert alert-success test-outcome" role="alert"><p>worker outcome: normal</p><p>test outcome: killed</p></div></div><pre class="location"><a href="pycharm://open?file=stack3.py&amp;line=17" class="text-secondary"><button class="btn btn-outline-dark">stack3.py, start pos: (17, 22), end pos: (17, 23)</button></a></pre><pre>operator: core/NumberReplacer, occurrence: 0</pre><div class="alert alert-secondary"><pre class="diff">--- mutation diff ---
--- astack3.py
+++ bstack3.py
@@ -14,7 +14,7 @@
     def __init__(self):
         self.__sentinel = Node(None)
         self.__head = self.__sentinel
-        self.__size = 0
+        self.__size = 1
 
     def add(self, value: T) -&gt; None:
 </pre></div><div class="alert alert-secondary"><pre class="diff">timeout</pre></div></div></div></div></div><div class="mb-1" id="job_list___sub_accordion_42"><div class="card"><a data-toggle="collapse" data-target="#job_list___sub_collapse_42_1" aria-expanded="false" aria-controls="job_list___sub_collapse_42_1" href="#" class="job_list___sub_multi_heading"><div role="alert" class="card-header alert-success" id="job_list___sub_heading_42_1"><button class="btn btn-outline-success"><span class="job_id">42 : Job ID 8f5a638fefeb491b9275a2857587d13e</span></button></div></a><div aria-labelledby="job_list___sub_heading_42_1" data-parent="#job_list___sub_accordion_42" class="collapse job_list___sub_multi_collapse" id="job_list___sub_collapse_42_1"><div class="card-body"><div class="work-item"><div class="alert alert-success test-outcome" role="alert"><p>worker outcome: normal</p><p>test outcome: killed</p></div></div><pre class="location"><a href="pycharm://open?file=stack3.py&amp;line=17" class="text-secondary"><button class="btn btn-outline-dark">stack3.py, start pos: (17, 22), end pos: (17, 23)</button></a></pre><pre>operator: core/NumberReplacer, occurrence: 1</pre><div class="alert alert-secondary"><pre class="diff">--- mutation diff ---
--- astack3.py
+++ bstack3.py
@@ -14,7 +14,7 @@
     def __init__(self):
         self.__sentinel = Node(None)
         self.__head = self.__sentinel
-        self.__size = 0
+        self.__size = -1
 
     def add(self, value: T) -&gt; None:
 </pre></div><div class="alert alert-secondary"><pre class="diff">timeout</pre></div></div></div></div></div><div class="mb-1" id="job_list___sub_accordion_43"><div class="card"><a data-toggle="collapse" data-target="#job_list___sub_collapse_43_1" aria-expanded="false" aria-controls="job_list___sub_collapse_43_1" href="#" class="job_list___sub_multi_heading"><div role="alert" class="card-header alert-success" id="job_list___sub_heading_43_1"><button class="btn btn-outline-success"><span class="job_id">43 : Job ID 28c5c5c6c9c14bd88ee6559bb55f9e25</span></button></div></a><div aria-labelledby="job_list___sub_heading_43_1" data-parent="#job_list___sub_accordion_43" class="collapse job_list___sub_multi_collapse" id="job_list___sub_collapse_43_1"><div class="card-body"><div class="work-item"><div class="alert alert-success test-outcome" role="alert"><p>worker outcome: normal</p><p>test outcome: killed</p></div></div><pre class="location"><a href="pycharm://open?file=stack3.py&amp;line=24" class="text-secondary"><button class="btn btn-outline-dark">stack3.py, start pos: (24, 26), end pos: (24, 27)</button></a></pre><pre>operator: core/NumberReplacer, occurrence: 2</pre><div class="alert alert-secondary"><pre class="diff">--- mutation diff ---
--- astack3.py
+++ bstack3.py
@@ -21,7 +21,7 @@
         """Add element to linked list."""
 
         newNode = Node(value)
-        if self.__size == 0:
+        if self.__size == 1:
             self.__head.next = newNode
             self.__head = newNode
             self.__size += 1</pre></div><div class="alert alert-secondary"><pre class="diff">timeout</pre></div></div></div></div></div><div class="mb-1" id="job_list___sub_accordion_44"><div class="card"><a data-toggle="collapse" data-target="#job_list___sub_collapse_44_1" aria-expanded="false" aria-controls="job_list___sub_collapse_44_1" href="#" class="job_list___sub_multi_heading"><div role="alert" class="card-header alert-success" id="job_list___sub_heading_44_1"><button class="btn btn-outline-success"><span class="job_id">44 : Job ID 5d6b1110ff6e4725bfa21ab3fb00e1ba</span></button></div></a><div aria-labelledby="job_list___sub_heading_44_1" data-parent="#job_list___sub_accordion_44" class="collapse job_list___sub_multi_collapse" id="job_list___sub_collapse_44_1"><div class="card-body"><div class="work-item"><div class="alert alert-success test-outcome" role="alert"><p>worker outcome: normal</p><p>test outcome: killed</p></div></div><pre class="location"><a href="pycharm://open?file=stack3.py&amp;line=24" class="text-secondary"><button class="btn btn-outline-dark">stack3.py, start pos: (24, 26), end pos: (24, 27)</button></a></pre><pre>operator: core/NumberReplacer, occurrence: 3</pre><div class="alert alert-secondary"><pre class="diff">--- mutation diff ---
--- astack3.py
+++ bstack3.py
@@ -21,7 +21,7 @@
         """Add element to linked list."""
 
         newNode = Node(value)
-        if self.__size == 0:
+        if self.__size == -1:
             self.__head.next = newNode
             self.__head = newNode
             self.__size += 1</pre></div><div class="alert alert-secondary"><pre class="diff">timeout</pre></div></div></div></div></div><div class="mb-1" id="job_list___sub_accordion_45"><div class="card"><a data-toggle="collapse" data-target="#job_list___sub_collapse_45_1" aria-expanded="false" aria-controls="job_list___sub_collapse_45_1" href="#" class="job_list___sub_multi_heading"><div role="alert" class="card-header alert-success" id="job_list___sub_heading_45_1"><button class="btn btn-outline-success"><span class="job_id">45 : Job ID 9a0f3f2320be4fa0b7fab9450b34c38b</span></button></div></a><div aria-labelledby="job_list___sub_heading_45_1" data-parent="#job_list___sub_accordion_45" class="collapse job_list___sub_multi_collapse" id="job_list___sub_collapse_45_1"><div class="card-body"><div class="work-item"><div class="alert alert-success test-outcome" role="alert"><p>worker outcome: normal</p><p>test outcome: killed</p></div></div><pre class="location"><a href="pycharm://open?file=stack3.py&amp;line=27" class="text-secondary"><button class="btn btn-outline-dark">stack3.py, start pos: (27, 27), end pos: (27, 28)</button></a></pre><pre>operator: core/NumberReplacer, occurrence: 4</pre><div class="alert alert-secondary"><pre class="diff">--- mutation diff ---
--- astack3.py
+++ bstack3.py
@@ -24,7 +24,7 @@
         if self.__size == 0:
             self.__head.next = newNode
             self.__head = newNode
-            self.__size += 1
+            self.__size += 2
         else:
             self.__sentinel.next = newNode
             newNode.next = self.__head</pre></div><div class="alert alert-secondary"><pre class="diff">============================= test session starts ==============================
platform linux -- Python 3.10.12, pytest-7.1.3, pluggy-1.0.0
rootdir: /home/lucca/desktop/ic/experimento/testes/python_experiments/stack3
plugins: Faker-15.1.1, hypothesis-6.56.3
collected 68 items

ALL-SMART-GPT-MUTMUT/test_stack3_DYNAMOSA.py .........F...F..F           [ 25%]
ALL-SMART-GPT-MUTMUT/test_stack3_MIO.py .....................            [ 55%]
ALL-SMART-GPT-MUTMUT/test_stack3_MOSA.py .........F...F..F               [ 80%]
ALL-SMART-GPT-MUTMUT/test_stack3_MUTMUT.py FF..                          [ 86%]
ALL-SMART-GPT-MUTMUT/test_stack3_WHOLE_SUITE.py .F.F.....                [100%]

=========================== short test summary info ============================
FAILED ALL-SMART-GPT-MUTMUT/test_stack3_DYNAMOSA.py::test_case_9 - AssertionE...
FAILED ALL-SMART-GPT-MUTMUT/test_stack3_DYNAMOSA.py::test_case_13 - Attribute...
FAILED ALL-SMART-GPT-MUTMUT/test_stack3_DYNAMOSA.py::test_case_16 - assert 3 ...
FAILED ALL-SMART-GPT-MUTMUT/test_stack3_MOSA.py::test_case_9 - AssertionError...
FAILED ALL-SMART-GPT-MUTMUT/test_stack3_MOSA.py::test_case_13 - AttributeErro...
FAILED ALL-SMART-GPT-MUTMUT/test_stack3_MOSA.py::test_case_16 - assert 3 == 2
FAILED ALL-SMART-GPT-MUTMUT/test_stack3_MUTMUT.py::test_remove_single_element
FAILED ALL-SMART-GPT-MUTMUT/test_stack3_MUTMUT.py::test_remove_multiple_elements_small_list
FAILED ALL-SMART-GPT-MUTMUT/test_stack3_WHOLE_SUITE.py::test_case_1 - assert ...
FAILED ALL-SMART-GPT-MUTMUT/test_stack3_WHOLE_SUITE.py::test_case_3 - assert ...
======================== 10 failed, 58 passed in 0.29s =========================
</pre></div></div></div></div></div><div class="mb-1" id="job_list___sub_accordion_46"><div class="card"><a data-toggle="collapse" data-target="#job_list___sub_collapse_46_1" aria-expanded="false" aria-controls="job_list___sub_collapse_46_1" href="#" class="job_list___sub_multi_heading"><div role="alert" class="card-header alert-success" id="job_list___sub_heading_46_1"><button class="btn btn-outline-success"><span class="job_id">46 : Job ID 434a63387db4497f969881ec2ebbb719</span></button></div></a><div aria-labelledby="job_list___sub_heading_46_1" data-parent="#job_list___sub_accordion_46" class="collapse job_list___sub_multi_collapse" id="job_list___sub_collapse_46_1"><div class="card-body"><div class="work-item"><div class="alert alert-success test-outcome" role="alert"><p>worker outcome: normal</p><p>test outcome: killed</p></div></div><pre class="location"><a href="pycharm://open?file=stack3.py&amp;line=27" class="text-secondary"><button class="btn btn-outline-dark">stack3.py, start pos: (27, 27), end pos: (27, 28)</button></a></pre><pre>operator: core/NumberReplacer, occurrence: 5</pre><div class="alert alert-secondary"><pre class="diff">--- mutation diff ---
--- astack3.py
+++ bstack3.py
@@ -24,7 +24,7 @@
         if self.__size == 0:
             self.__head.next = newNode
             self.__head = newNode
-            self.__size += 1
+            self.__size += 0
         else:
             self.__sentinel.next = newNode
             newNode.next = self.__head</pre></div><div class="alert alert-secondary"><pre class="diff">============================= test session starts ==============================
platform linux -- Python 3.10.12, pytest-7.1.3, pluggy-1.0.0
rootdir: /home/lucca/desktop/ic/experimento/testes/python_experiments/stack3
plugins: Faker-15.1.1, hypothesis-6.56.3
collected 68 items

ALL-SMART-GPT-MUTMUT/test_stack3_DYNAMOSA.py .F..F....FF..F.FF           [ 25%]
ALL-SMART-GPT-MUTMUT/test_stack3_MIO.py ...F..F.....F........            [ 55%]
ALL-SMART-GPT-MUTMUT/test_stack3_MOSA.py .F..F....FF..F.FF               [ 80%]
ALL-SMART-GPT-MUTMUT/test_stack3_MUTMUT.py FFFF                          [ 86%]
ALL-SMART-GPT-MUTMUT/test_stack3_WHOLE_SUITE.py .F.FF....                [100%]

=========================== short test summary info ============================
FAILED ALL-SMART-GPT-MUTMUT/test_stack3_DYNAMOSA.py::test_case_1 - AssertionE...
FAILED ALL-SMART-GPT-MUTMUT/test_stack3_DYNAMOSA.py::test_case_4 - assert Tru...
FAILED ALL-SMART-GPT-MUTMUT/test_stack3_DYNAMOSA.py::test_case_9 - AssertionE...
FAILED ALL-SMART-GPT-MUTMUT/test_stack3_DYNAMOSA.py::test_case_10 - Assertion...
FAILED ALL-SMART-GPT-MUTMUT/test_stack3_DYNAMOSA.py::test_case_13 - assert Tr...
FAILED ALL-SMART-GPT-MUTMUT/test_stack3_DYNAMOSA.py::test_case_15 - assert Tr...
FAILED ALL-SMART-GPT-MUTMUT/test_stack3_DYNAMOSA.py::test_case_16 - assert Tr...
FAILED ALL-SMART-GPT-MUTMUT/test_stack3_MIO.py::test_case_3 - AssertionError:...
FAILED ALL-SMART-GPT-MUTMUT/test_stack3_MIO.py::test_case_6 - assert True is ...
FAILED ALL-SMART-GPT-MUTMUT/test_stack3_MIO.py::test_case_12 - assert True is...
FAILED ALL-SMART-GPT-MUTMUT/test_stack3_MOSA.py::test_case_1 - AssertionError...
FAILED ALL-SMART-GPT-MUTMUT/test_stack3_MOSA.py::test_case_4 - assert True is...
FAILED ALL-SMART-GPT-MUTMUT/test_stack3_MOSA.py::test_case_9 - AssertionError...
FAILED ALL-SMART-GPT-MUTMUT/test_stack3_MOSA.py::test_case_10 - AssertionErro...
FAILED ALL-SMART-GPT-MUTMUT/test_stack3_MOSA.py::test_case_13 - assert True i...
FAILED ALL-SMART-GPT-MUTMUT/test_stack3_MOSA.py::test_case_15 - assert True i...
FAILED ALL-SMART-GPT-MUTMUT/test_stack3_MOSA.py::test_case_16 - assert True i...
FAILED ALL-SMART-GPT-MUTMUT/test_stack3_MUTMUT.py::test_remove_single_element
FAILED ALL-SMART-GPT-MUTMUT/test_stack3_MUTMUT.py::test_remove_multiple_elements_small_list
FAILED ALL-SMART-GPT-MUTMUT/test_stack3_MUTMUT.py::test_singly_linked_list_add
FAILED ALL-SMART-GPT-MUTMUT/test_stack3_MUTMUT.py::test_stack_push - Assertio...
FAILED ALL-SMART-GPT-MUTMUT/test_stack3_WHOLE_SUITE.py::test_case_1 - Asserti...
FAILED ALL-SMART-GPT-MUTMUT/test_stack3_WHOLE_SUITE.py::test_case_3 - assert ...
FAILED ALL-SMART-GPT-MUTMUT/test_stack3_WHOLE_SUITE.py::test_case_4 - Asserti...
======================== 24 failed, 44 passed in 0.25s =========================
</pre></div></div></div></div></div><div class="mb-1" id="job_list___sub_accordion_47"><div class="card"><a data-toggle="collapse" data-target="#job_list___sub_collapse_47_1" aria-expanded="false" aria-controls="job_list___sub_collapse_47_1" href="#" class="job_list___sub_multi_heading"><div role="alert" class="card-header alert-success" id="job_list___sub_heading_47_1"><button class="btn btn-outline-success"><span class="job_id">47 : Job ID 14977b5d5be64296ade8b195e1f0399f</span></button></div></a><div aria-labelledby="job_list___sub_heading_47_1" data-parent="#job_list___sub_accordion_47" class="collapse job_list___sub_multi_collapse" id="job_list___sub_collapse_47_1"><div class="card-body"><div class="work-item"><div class="alert alert-success test-outcome" role="alert"><p>worker outcome: normal</p><p>test outcome: killed</p></div></div><pre class="location"><a href="pycharm://open?file=stack3.py&amp;line=32" class="text-secondary"><button class="btn btn-outline-dark">stack3.py, start pos: (32, 27), end pos: (32, 28)</button></a></pre><pre>operator: core/NumberReplacer, occurrence: 6</pre><div class="alert alert-secondary"><pre class="diff">--- mutation diff ---
--- astack3.py
+++ bstack3.py
@@ -29,7 +29,7 @@
             self.__sentinel.next = newNode
             newNode.next = self.__head
             self.__head = newNode
-            self.__size += 1
+            self.__size += 2
 
     def remove(self):
 </pre></div><div class="alert alert-secondary"><pre class="diff">============================= test session starts ==============================
platform linux -- Python 3.10.12, pytest-7.1.3, pluggy-1.0.0
rootdir: /home/lucca/desktop/ic/experimento/testes/python_experiments/stack3
plugins: Faker-15.1.1, hypothesis-6.56.3
collected 68 items

ALL-SMART-GPT-MUTMUT/test_stack3_DYNAMOSA.py ................F           [ 25%]
ALL-SMART-GPT-MUTMUT/test_stack3_MIO.py .....................            [ 55%]
ALL-SMART-GPT-MUTMUT/test_stack3_MOSA.py ................F               [ 80%]
ALL-SMART-GPT-MUTMUT/test_stack3_MUTMUT.py .F..                          [ 86%]
ALL-SMART-GPT-MUTMUT/test_stack3_WHOLE_SUITE.py .F.F.....                [100%]

=========================== short test summary info ============================
FAILED ALL-SMART-GPT-MUTMUT/test_stack3_DYNAMOSA.py::test_case_16 - assert 3 ...
FAILED ALL-SMART-GPT-MUTMUT/test_stack3_MOSA.py::test_case_16 - assert 3 == 2
FAILED ALL-SMART-GPT-MUTMUT/test_stack3_MUTMUT.py::test_remove_multiple_elements_small_list
FAILED ALL-SMART-GPT-MUTMUT/test_stack3_WHOLE_SUITE.py::test_case_1 - assert ...
FAILED ALL-SMART-GPT-MUTMUT/test_stack3_WHOLE_SUITE.py::test_case_3 - assert ...
========================= 5 failed, 63 passed in 0.23s =========================
</pre></div></div></div></div></div><div class="mb-1" id="job_list___sub_accordion_48"><div class="card"><a data-toggle="collapse" data-target="#job_list___sub_collapse_48_1" aria-expanded="false" aria-controls="job_list___sub_collapse_48_1" href="#" class="job_list___sub_multi_heading"><div role="alert" class="card-header alert-success" id="job_list___sub_heading_48_1"><button class="btn btn-outline-success"><span class="job_id">48 : Job ID 482b4b93988f4d80848c4170b157de5d</span></button></div></a><div aria-labelledby="job_list___sub_heading_48_1" data-parent="#job_list___sub_accordion_48" class="collapse job_list___sub_multi_collapse" id="job_list___sub_collapse_48_1"><div class="card-body"><div class="work-item"><div class="alert alert-success test-outcome" role="alert"><p>worker outcome: normal</p><p>test outcome: killed</p></div></div><pre class="location"><a href="pycharm://open?file=stack3.py&amp;line=32" class="text-secondary"><button class="btn btn-outline-dark">stack3.py, start pos: (32, 27), end pos: (32, 28)</button></a></pre><pre>operator: core/NumberReplacer, occurrence: 7</pre><div class="alert alert-secondary"><pre class="diff">--- mutation diff ---
--- astack3.py
+++ bstack3.py
@@ -29,7 +29,7 @@
             self.__sentinel.next = newNode
             newNode.next = self.__head
             self.__head = newNode
-            self.__size += 1
+            self.__size += 0
 
     def remove(self):
 </pre></div><div class="alert alert-secondary"><pre class="diff">============================= test session starts ==============================
platform linux -- Python 3.10.12, pytest-7.1.3, pluggy-1.0.0
rootdir: /home/lucca/desktop/ic/experimento/testes/python_experiments/stack3
plugins: Faker-15.1.1, hypothesis-6.56.3
collected 68 items

ALL-SMART-GPT-MUTMUT/test_stack3_DYNAMOSA.py ................F           [ 25%]
ALL-SMART-GPT-MUTMUT/test_stack3_MIO.py .....................            [ 55%]
ALL-SMART-GPT-MUTMUT/test_stack3_MOSA.py ................F               [ 80%]
ALL-SMART-GPT-MUTMUT/test_stack3_MUTMUT.py .F..                          [ 86%]
ALL-SMART-GPT-MUTMUT/test_stack3_WHOLE_SUITE.py .F.F.....                [100%]

=========================== short test summary info ============================
FAILED ALL-SMART-GPT-MUTMUT/test_stack3_DYNAMOSA.py::test_case_16 - assert 1 ...
FAILED ALL-SMART-GPT-MUTMUT/test_stack3_MOSA.py::test_case_16 - assert 1 == 2
FAILED ALL-SMART-GPT-MUTMUT/test_stack3_MUTMUT.py::test_remove_multiple_elements_small_list
FAILED ALL-SMART-GPT-MUTMUT/test_stack3_WHOLE_SUITE.py::test_case_1 - assert ...
FAILED ALL-SMART-GPT-MUTMUT/test_stack3_WHOLE_SUITE.py::test_case_3 - assert ...
========================= 5 failed, 63 passed in 0.22s =========================
</pre></div></div></div></div></div><div class="mb-1" id="job_list___sub_accordion_49"><div class="card"><a data-toggle="collapse" data-target="#job_list___sub_collapse_49_1" aria-expanded="false" aria-controls="job_list___sub_collapse_49_1" href="#" class="job_list___sub_multi_heading"><div role="alert" class="card-header alert-success" id="job_list___sub_heading_49_1"><button class="btn btn-outline-success"><span class="job_id">49 : Job ID a97730deea7341b29553df27c383b9a2</span></button></div></a><div aria-labelledby="job_list___sub_heading_49_1" data-parent="#job_list___sub_accordion_49" class="collapse job_list___sub_multi_collapse" id="job_list___sub_collapse_49_1"><div class="card-body"><div class="work-item"><div class="alert alert-success test-outcome" role="alert"><p>worker outcome: normal</p><p>test outcome: killed</p></div></div><pre class="location"><a href="pycharm://open?file=stack3.py&amp;line=38" class="text-secondary"><button class="btn btn-outline-dark">stack3.py, start pos: (38, 26), end pos: (38, 27)</button></a></pre><pre>operator: core/NumberReplacer, occurrence: 8</pre><div class="alert alert-secondary"><pre class="diff">--- mutation diff ---
--- astack3.py
+++ bstack3.py
@@ -35,7 +35,7 @@
 
         """Remove node from linkedlist."""
 
-        if self.__size == 0:
+        if self.__size == 1:
             return None
         if self.__size == 1: # Alterado para corrigir comportamento
             nodeToRemove = self.__head</pre></div><div class="alert alert-secondary"><pre class="diff">============================= test session starts ==============================
platform linux -- Python 3.10.12, pytest-7.1.3, pluggy-1.0.0
rootdir: /home/lucca/desktop/ic/experimento/testes/python_experiments/stack3
plugins: Faker-15.1.1, hypothesis-6.56.3
collected 68 items

ALL-SMART-GPT-MUTMUT/test_stack3_DYNAMOSA.py .F..F....FF..F...           [ 25%]
ALL-SMART-GPT-MUTMUT/test_stack3_MIO.py ...F.................            [ 55%]
ALL-SMART-GPT-MUTMUT/test_stack3_MOSA.py .F..F....FF..F...               [ 80%]
ALL-SMART-GPT-MUTMUT/test_stack3_MUTMUT.py F...                          [ 86%]
ALL-SMART-GPT-MUTMUT/test_stack3_WHOLE_SUITE.py ....FF..F                [100%]

=========================== short test summary info ============================
FAILED ALL-SMART-GPT-MUTMUT/test_stack3_DYNAMOSA.py::test_case_1 - AssertionE...
FAILED ALL-SMART-GPT-MUTMUT/test_stack3_DYNAMOSA.py::test_case_4 - assert &lt;st...
FAILED ALL-SMART-GPT-MUTMUT/test_stack3_DYNAMOSA.py::test_case_9 - AssertionE...
FAILED ALL-SMART-GPT-MUTMUT/test_stack3_DYNAMOSA.py::test_case_10 - Assertion...
FAILED ALL-SMART-GPT-MUTMUT/test_stack3_DYNAMOSA.py::test_case_13 - Assertion...
FAILED ALL-SMART-GPT-MUTMUT/test_stack3_MIO.py::test_case_3 - AssertionError:...
FAILED ALL-SMART-GPT-MUTMUT/test_stack3_MOSA.py::test_case_1 - AssertionError...
FAILED ALL-SMART-GPT-MUTMUT/test_stack3_MOSA.py::test_case_4 - assert &lt;stack3...
FAILED ALL-SMART-GPT-MUTMUT/test_stack3_MOSA.py::test_case_9 - AssertionError...
FAILED ALL-SMART-GPT-MUTMUT/test_stack3_MOSA.py::test_case_10 - AssertionErro...
FAILED ALL-SMART-GPT-MUTMUT/test_stack3_MOSA.py::test_case_13 - AssertionErro...
FAILED ALL-SMART-GPT-MUTMUT/test_stack3_MUTMUT.py::test_remove_single_element
FAILED ALL-SMART-GPT-MUTMUT/test_stack3_WHOLE_SUITE.py::test_case_4 - Asserti...
FAILED ALL-SMART-GPT-MUTMUT/test_stack3_WHOLE_SUITE.py::test_case_5 - assert ...
FAILED ALL-SMART-GPT-MUTMUT/test_stack3_WHOLE_SUITE.py::test_case_8 - assert ...
======================== 15 failed, 53 passed in 0.26s =========================
</pre></div></div></div></div></div><div class="mb-1" id="job_list___sub_accordion_50"><div class="card"><a data-toggle="collapse" data-target="#job_list___sub_collapse_50_1" aria-expanded="false" aria-controls="job_list___sub_collapse_50_1" href="#" class="job_list___sub_multi_heading"><div role="alert" class="card-header alert-success" id="job_list___sub_heading_50_1"><button class="btn btn-outline-success"><span class="job_id">50 : Job ID 8eb7e0087a9b43e196a1e9902cd0a1d4</span></button></div></a><div aria-labelledby="job_list___sub_heading_50_1" data-parent="#job_list___sub_accordion_50" class="collapse job_list___sub_multi_collapse" id="job_list___sub_collapse_50_1"><div class="card-body"><div class="work-item"><div class="alert alert-success test-outcome" role="alert"><p>worker outcome: normal</p><p>test outcome: killed</p></div></div><pre class="location"><a href="pycharm://open?file=stack3.py&amp;line=38" class="text-secondary"><button class="btn btn-outline-dark">stack3.py, start pos: (38, 26), end pos: (38, 27)</button></a></pre><pre>operator: core/NumberReplacer, occurrence: 9</pre><div class="alert alert-secondary"><pre class="diff">--- mutation diff ---
--- astack3.py
+++ bstack3.py
@@ -35,7 +35,7 @@
 
         """Remove node from linkedlist."""
 
-        if self.__size == 0:
+        if self.__size == -1:
             return None
         if self.__size == 1: # Alterado para corrigir comportamento
             nodeToRemove = self.__head</pre></div><div class="alert alert-secondary"><pre class="diff">============================= test session starts ==============================
platform linux -- Python 3.10.12, pytest-7.1.3, pluggy-1.0.0
rootdir: /home/lucca/desktop/ic/experimento/testes/python_experiments/stack3
plugins: Faker-15.1.1, hypothesis-6.56.3
collected 68 items

ALL-SMART-GPT-MUTMUT/test_stack3_DYNAMOSA.py .................           [ 25%]
ALL-SMART-GPT-MUTMUT/test_stack3_MIO.py .....................            [ 55%]
ALL-SMART-GPT-MUTMUT/test_stack3_MOSA.py .................               [ 80%]
ALL-SMART-GPT-MUTMUT/test_stack3_MUTMUT.py ....                          [ 86%]
ALL-SMART-GPT-MUTMUT/test_stack3_WHOLE_SUITE.py .....F..F                [100%]

=========================== short test summary info ============================
FAILED ALL-SMART-GPT-MUTMUT/test_stack3_WHOLE_SUITE.py::test_case_5 - assert ...
FAILED ALL-SMART-GPT-MUTMUT/test_stack3_WHOLE_SUITE.py::test_case_8 - assert ...
========================= 2 failed, 66 passed in 0.23s =========================
</pre></div></div></div></div></div><div class="mb-1" id="job_list___sub_accordion_51"><div class="card"><a data-toggle="collapse" data-target="#job_list___sub_collapse_51_1" aria-expanded="false" aria-controls="job_list___sub_collapse_51_1" href="#" class="job_list___sub_multi_heading"><div role="alert" class="card-header alert-success" id="job_list___sub_heading_51_1"><button class="btn btn-outline-success"><span class="job_id">51 : Job ID 2be47b55103340bcb82fbdc6366c7920</span></button></div></a><div aria-labelledby="job_list___sub_heading_51_1" data-parent="#job_list___sub_accordion_51" class="collapse job_list___sub_multi_collapse" id="job_list___sub_collapse_51_1"><div class="card-body"><div class="work-item"><div class="alert alert-success test-outcome" role="alert"><p>worker outcome: normal</p><p>test outcome: killed</p></div></div><pre class="location"><a href="pycharm://open?file=stack3.py&amp;line=40" class="text-secondary"><button class="btn btn-outline-dark">stack3.py, start pos: (40, 26), end pos: (40, 27)</button></a></pre><pre>operator: core/NumberReplacer, occurrence: 10</pre><div class="alert alert-secondary"><pre class="diff">--- mutation diff ---
--- astack3.py
+++ bstack3.py
@@ -37,7 +37,7 @@
 
         if self.__size == 0:
             return None
-        if self.__size == 1: # Alterado para corrigir comportamento
+        if self.__size == 2: # Alterado para corrigir comportamento
             nodeToRemove = self.__head
             self.__sentinel.next = None
             self.__head = self.__sentinel</pre></div><div class="alert alert-secondary"><pre class="diff">============================= test session starts ==============================
platform linux -- Python 3.10.12, pytest-7.1.3, pluggy-1.0.0
rootdir: /home/lucca/desktop/ic/experimento/testes/python_experiments/stack3
plugins: Faker-15.1.1, hypothesis-6.56.3
collected 68 items

ALL-SMART-GPT-MUTMUT/test_stack3_DYNAMOSA.py .........F...F...           [ 25%]
ALL-SMART-GPT-MUTMUT/test_stack3_MIO.py .....................            [ 55%]
ALL-SMART-GPT-MUTMUT/test_stack3_MOSA.py .........F...F...               [ 80%]
ALL-SMART-GPT-MUTMUT/test_stack3_MUTMUT.py F...                          [ 86%]
ALL-SMART-GPT-MUTMUT/test_stack3_WHOLE_SUITE.py .........                [100%]

=========================== short test summary info ============================
FAILED ALL-SMART-GPT-MUTMUT/test_stack3_DYNAMOSA.py::test_case_9 - AssertionE...
FAILED ALL-SMART-GPT-MUTMUT/test_stack3_DYNAMOSA.py::test_case_13 - Attribute...
FAILED ALL-SMART-GPT-MUTMUT/test_stack3_MOSA.py::test_case_9 - AssertionError...
FAILED ALL-SMART-GPT-MUTMUT/test_stack3_MOSA.py::test_case_13 - AttributeErro...
FAILED ALL-SMART-GPT-MUTMUT/test_stack3_MUTMUT.py::test_remove_single_element
========================= 5 failed, 63 passed in 0.25s =========================
</pre></div></div></div></div></div><div class="mb-1" id="job_list___sub_accordion_52"><div class="card"><a data-toggle="collapse" data-target="#job_list___sub_collapse_52_1" aria-expanded="false" aria-controls="job_list___sub_collapse_52_1" href="#" class="job_list___sub_multi_heading"><div role="alert" class="card-header alert-success" id="job_list___sub_heading_52_1"><button class="btn btn-outline-success"><span class="job_id">52 : Job ID b82152934b1a4c99bd407a322c537e18</span></button></div></a><div aria-labelledby="job_list___sub_heading_52_1" data-parent="#job_list___sub_accordion_52" class="collapse job_list___sub_multi_collapse" id="job_list___sub_collapse_52_1"><div class="card-body"><div class="work-item"><div class="alert alert-success test-outcome" role="alert"><p>worker outcome: normal</p><p>test outcome: killed</p></div></div><pre class="location"><a href="pycharm://open?file=stack3.py&amp;line=40" class="text-secondary"><button class="btn btn-outline-dark">stack3.py, start pos: (40, 26), end pos: (40, 27)</button></a></pre><pre>operator: core/NumberReplacer, occurrence: 11</pre><div class="alert alert-secondary"><pre class="diff">--- mutation diff ---
--- astack3.py
+++ bstack3.py
@@ -37,7 +37,7 @@
 
         if self.__size == 0:
             return None
-        if self.__size == 1: # Alterado para corrigir comportamento
+        if self.__size == 0: # Alterado para corrigir comportamento
             nodeToRemove = self.__head
             self.__sentinel.next = None
             self.__head = self.__sentinel</pre></div><div class="alert alert-secondary"><pre class="diff">============================= test session starts ==============================
platform linux -- Python 3.10.12, pytest-7.1.3, pluggy-1.0.0
rootdir: /home/lucca/desktop/ic/experimento/testes/python_experiments/stack3
plugins: Faker-15.1.1, hypothesis-6.56.3
collected 68 items

ALL-SMART-GPT-MUTMUT/test_stack3_DYNAMOSA.py .........F...F...           [ 25%]
ALL-SMART-GPT-MUTMUT/test_stack3_MIO.py .....................            [ 55%]
ALL-SMART-GPT-MUTMUT/test_stack3_MOSA.py .........F...F...               [ 80%]
ALL-SMART-GPT-MUTMUT/test_stack3_MUTMUT.py F...                          [ 86%]
ALL-SMART-GPT-MUTMUT/test_stack3_WHOLE_SUITE.py .........                [100%]

=========================== short test summary info ============================
FAILED ALL-SMART-GPT-MUTMUT/test_stack3_DYNAMOSA.py::test_case_9 - AssertionE...
FAILED ALL-SMART-GPT-MUTMUT/test_stack3_DYNAMOSA.py::test_case_13 - Attribute...
FAILED ALL-SMART-GPT-MUTMUT/test_stack3_MOSA.py::test_case_9 - AssertionError...
FAILED ALL-SMART-GPT-MUTMUT/test_stack3_MOSA.py::test_case_13 - AttributeErro...
FAILED ALL-SMART-GPT-MUTMUT/test_stack3_MUTMUT.py::test_remove_single_element
========================= 5 failed, 63 passed in 0.23s =========================
</pre></div></div></div></div></div><div class="mb-1" id="job_list___sub_accordion_53"><div class="card"><a data-toggle="collapse" data-target="#job_list___sub_collapse_53_1" aria-expanded="false" aria-controls="job_list___sub_collapse_53_1" href="#" class="job_list___sub_multi_heading"><div role="alert" class="card-header alert-success" id="job_list___sub_heading_53_1"><button class="btn btn-outline-success"><span class="job_id">53 : Job ID f90e6f7c70264c33ba07620a89229510</span></button></div></a><div aria-labelledby="job_list___sub_heading_53_1" data-parent="#job_list___sub_accordion_53" class="collapse job_list___sub_multi_collapse" id="job_list___sub_collapse_53_1"><div class="card-body"><div class="work-item"><div class="alert alert-success test-outcome" role="alert"><p>worker outcome: normal</p><p>test outcome: killed</p></div></div><pre class="location"><a href="pycharm://open?file=stack3.py&amp;line=44" class="text-secondary"><button class="btn btn-outline-dark">stack3.py, start pos: (44, 27), end pos: (44, 28)</button></a></pre><pre>operator: core/NumberReplacer, occurrence: 12</pre><div class="alert alert-secondary"><pre class="diff">--- mutation diff ---
--- astack3.py
+++ bstack3.py
@@ -41,7 +41,7 @@
             nodeToRemove = self.__head
             self.__sentinel.next = None
             self.__head = self.__sentinel
-            self.__size -= 1
+            self.__size -= 2
             return nodeToRemove
         else:
             nodeToRemove = self.__head</pre></div><div class="alert alert-secondary"><pre class="diff">============================= test session starts ==============================
platform linux -- Python 3.10.12, pytest-7.1.3, pluggy-1.0.0
rootdir: /home/lucca/desktop/ic/experimento/testes/python_experiments/stack3
plugins: Faker-15.1.1, hypothesis-6.56.3
collected 68 items

ALL-SMART-GPT-MUTMUT/test_stack3_DYNAMOSA.py .................           [ 25%]
ALL-SMART-GPT-MUTMUT/test_stack3_MIO.py .....................            [ 55%]
ALL-SMART-GPT-MUTMUT/test_stack3_MOSA.py .................               [ 80%]
ALL-SMART-GPT-MUTMUT/test_stack3_MUTMUT.py F...                          [ 86%]
ALL-SMART-GPT-MUTMUT/test_stack3_WHOLE_SUITE.py .........                [100%]

=========================== short test summary info ============================
FAILED ALL-SMART-GPT-MUTMUT/test_stack3_MUTMUT.py::test_remove_single_element
========================= 1 failed, 67 passed in 0.23s =========================
</pre></div></div></div></div></div><div class="mb-1" id="job_list___sub_accordion_54"><div class="card"><a data-toggle="collapse" data-target="#job_list___sub_collapse_54_1" aria-expanded="false" aria-controls="job_list___sub_collapse_54_1" href="#" class="job_list___sub_multi_heading"><div role="alert" class="card-header alert-success" id="job_list___sub_heading_54_1"><button class="btn btn-outline-success"><span class="job_id">54 : Job ID c61027bf9fe64cb58a4a04fdc2cf41d2</span></button></div></a><div aria-labelledby="job_list___sub_heading_54_1" data-parent="#job_list___sub_accordion_54" class="collapse job_list___sub_multi_collapse" id="job_list___sub_collapse_54_1"><div class="card-body"><div class="work-item"><div class="alert alert-success test-outcome" role="alert"><p>worker outcome: normal</p><p>test outcome: killed</p></div></div><pre class="location"><a href="pycharm://open?file=stack3.py&amp;line=44" class="text-secondary"><button class="btn btn-outline-dark">stack3.py, start pos: (44, 27), end pos: (44, 28)</button></a></pre><pre>operator: core/NumberReplacer, occurrence: 13</pre><div class="alert alert-secondary"><pre class="diff">--- mutation diff ---
--- astack3.py
+++ bstack3.py
@@ -41,7 +41,7 @@
             nodeToRemove = self.__head
             self.__sentinel.next = None
             self.__head = self.__sentinel
-            self.__size -= 1
+            self.__size -= 0
             return nodeToRemove
         else:
             nodeToRemove = self.__head</pre></div><div class="alert alert-secondary"><pre class="diff">============================= test session starts ==============================
platform linux -- Python 3.10.12, pytest-7.1.3, pluggy-1.0.0
rootdir: /home/lucca/desktop/ic/experimento/testes/python_experiments/stack3
plugins: Faker-15.1.1, hypothesis-6.56.3
collected 68 items

ALL-SMART-GPT-MUTMUT/test_stack3_DYNAMOSA.py .................           [ 25%]
ALL-SMART-GPT-MUTMUT/test_stack3_MIO.py .....................            [ 55%]
ALL-SMART-GPT-MUTMUT/test_stack3_MOSA.py .................               [ 80%]
ALL-SMART-GPT-MUTMUT/test_stack3_MUTMUT.py F...                          [ 86%]
ALL-SMART-GPT-MUTMUT/test_stack3_WHOLE_SUITE.py .........                [100%]

=========================== short test summary info ============================
FAILED ALL-SMART-GPT-MUTMUT/test_stack3_MUTMUT.py::test_remove_single_element
========================= 1 failed, 67 passed in 0.24s =========================
</pre></div></div></div></div></div><div class="mb-1" id="job_list___sub_accordion_55"><div class="card"><a data-toggle="collapse" data-target="#job_list___sub_collapse_55_1" aria-expanded="false" aria-controls="job_list___sub_collapse_55_1" href="#" class="job_list___sub_multi_heading"><div role="alert" class="card-header alert-success" id="job_list___sub_heading_55_1"><button class="btn btn-outline-success"><span class="job_id">55 : Job ID 6fe128a8cebd4767b03f30d34851756f</span></button></div></a><div aria-labelledby="job_list___sub_heading_55_1" data-parent="#job_list___sub_accordion_55" class="collapse job_list___sub_multi_collapse" id="job_list___sub_collapse_55_1"><div class="card-body"><div class="work-item"><div class="alert alert-success test-outcome" role="alert"><p>worker outcome: normal</p><p>test outcome: killed</p></div></div><pre class="location"><a href="pycharm://open?file=stack3.py&amp;line=50" class="text-secondary"><button class="btn btn-outline-dark">stack3.py, start pos: (50, 27), end pos: (50, 28)</button></a></pre><pre>operator: core/NumberReplacer, occurrence: 14</pre><div class="alert alert-secondary"><pre class="diff">--- mutation diff ---
--- astack3.py
+++ bstack3.py
@@ -47,7 +47,7 @@
             nodeToRemove = self.__head
             self.__sentinel.next = self.__head.next
             self.__head = self.__sentinel.next
-            self.__size -= 1
+            self.__size -= 2
             return nodeToRemove
 
     def getHead(self) -&gt; T:</pre></div><div class="alert alert-secondary"><pre class="diff">============================= test session starts ==============================
platform linux -- Python 3.10.12, pytest-7.1.3, pluggy-1.0.0
rootdir: /home/lucca/desktop/ic/experimento/testes/python_experiments/stack3
plugins: Faker-15.1.1, hypothesis-6.56.3
collected 68 items

ALL-SMART-GPT-MUTMUT/test_stack3_DYNAMOSA.py .................           [ 25%]
ALL-SMART-GPT-MUTMUT/test_stack3_MIO.py .....................            [ 55%]
ALL-SMART-GPT-MUTMUT/test_stack3_MOSA.py .................               [ 80%]
ALL-SMART-GPT-MUTMUT/test_stack3_MUTMUT.py .F..                          [ 86%]
ALL-SMART-GPT-MUTMUT/test_stack3_WHOLE_SUITE.py .F.......                [100%]

=========================== short test summary info ============================
FAILED ALL-SMART-GPT-MUTMUT/test_stack3_MUTMUT.py::test_remove_multiple_elements_small_list
FAILED ALL-SMART-GPT-MUTMUT/test_stack3_WHOLE_SUITE.py::test_case_1 - assert ...
========================= 2 failed, 66 passed in 0.22s =========================
</pre></div></div></div></div></div><div class="mb-1" id="job_list___sub_accordion_56"><div class="card"><a data-toggle="collapse" data-target="#job_list___sub_collapse_56_1" aria-expanded="false" aria-controls="job_list___sub_collapse_56_1" href="#" class="job_list___sub_multi_heading"><div role="alert" class="card-header alert-success" id="job_list___sub_heading_56_1"><button class="btn btn-outline-success"><span class="job_id">56 : Job ID c12a8f27611e45d79f3169bd863011e0</span></button></div></a><div aria-labelledby="job_list___sub_heading_56_1" data-parent="#job_list___sub_accordion_56" class="collapse job_list___sub_multi_collapse" id="job_list___sub_collapse_56_1"><div class="card-body"><div class="work-item"><div class="alert alert-success test-outcome" role="alert"><p>worker outcome: normal</p><p>test outcome: killed</p></div></div><pre class="location"><a href="pycharm://open?file=stack3.py&amp;line=50" class="text-secondary"><button class="btn btn-outline-dark">stack3.py, start pos: (50, 27), end pos: (50, 28)</button></a></pre><pre>operator: core/NumberReplacer, occurrence: 15</pre><div class="alert alert-secondary"><pre class="diff">--- mutation diff ---
--- astack3.py
+++ bstack3.py
@@ -47,7 +47,7 @@
             nodeToRemove = self.__head
             self.__sentinel.next = self.__head.next
             self.__head = self.__sentinel.next
-            self.__size -= 1
+            self.__size -= 0
             return nodeToRemove
 
     def getHead(self) -&gt; T:</pre></div><div class="alert alert-secondary"><pre class="diff">============================= test session starts ==============================
platform linux -- Python 3.10.12, pytest-7.1.3, pluggy-1.0.0
rootdir: /home/lucca/desktop/ic/experimento/testes/python_experiments/stack3
plugins: Faker-15.1.1, hypothesis-6.56.3
collected 68 items

ALL-SMART-GPT-MUTMUT/test_stack3_DYNAMOSA.py .................           [ 25%]
ALL-SMART-GPT-MUTMUT/test_stack3_MIO.py .....................            [ 55%]
ALL-SMART-GPT-MUTMUT/test_stack3_MOSA.py .................               [ 80%]
ALL-SMART-GPT-MUTMUT/test_stack3_MUTMUT.py .F..                          [ 86%]
ALL-SMART-GPT-MUTMUT/test_stack3_WHOLE_SUITE.py .F.......                [100%]

=========================== short test summary info ============================
FAILED ALL-SMART-GPT-MUTMUT/test_stack3_MUTMUT.py::test_remove_multiple_elements_small_list
FAILED ALL-SMART-GPT-MUTMUT/test_stack3_WHOLE_SUITE.py::test_case_1 - assert ...
========================= 2 failed, 66 passed in 0.23s =========================
</pre></div></div></div></div></div><div class="mb-1" id="job_list___sub_accordion_57"><div class="card"><a data-toggle="collapse" data-target="#job_list___sub_collapse_57_1" aria-expanded="false" aria-controls="job_list___sub_collapse_57_1" href="#" class="job_list___sub_multi_heading"><div role="alert" class="card-header alert-success" id="job_list___sub_heading_57_1"><button class="btn btn-outline-success"><span class="job_id">57 : Job ID 01405d8c700a4cb386cc6493a7a2fcd4</span></button></div></a><div aria-labelledby="job_list___sub_heading_57_1" data-parent="#job_list___sub_accordion_57" class="collapse job_list___sub_multi_collapse" id="job_list___sub_collapse_57_1"><div class="card-body"><div class="work-item"><div class="alert alert-success test-outcome" role="alert"><p>worker outcome: normal</p><p>test outcome: killed</p></div></div><pre class="location"><a href="pycharm://open?file=stack3.py&amp;line=75" class="text-secondary"><button class="btn btn-outline-dark">stack3.py, start pos: (75, 38), end pos: (75, 39)</button></a></pre><pre>operator: core/NumberReplacer, occurrence: 16</pre><div class="alert alert-secondary"><pre class="diff">--- mutation diff ---
--- astack3.py
+++ bstack3.py
@@ -72,7 +72,7 @@
 
         """Checks if linkedlist is empty."""
 
-        return True if self.__size == 0 else False
+        return True if self.__size == 1 else False
 
     def toArray(self) -&gt; list:
 </pre></div><div class="alert alert-secondary"><pre class="diff">============================= test session starts ==============================
platform linux -- Python 3.10.12, pytest-7.1.3, pluggy-1.0.0
rootdir: /home/lucca/desktop/ic/experimento/testes/python_experiments/stack3
plugins: Faker-15.1.1, hypothesis-6.56.3
collected 68 items

ALL-SMART-GPT-MUTMUT/test_stack3_DYNAMOSA.py ...FF..........F.           [ 25%]
ALL-SMART-GPT-MUTMUT/test_stack3_MIO.py .....FF..............            [ 55%]
ALL-SMART-GPT-MUTMUT/test_stack3_MOSA.py ...FF..........F.               [ 80%]
ALL-SMART-GPT-MUTMUT/test_stack3_MUTMUT.py F...                          [ 86%]
ALL-SMART-GPT-MUTMUT/test_stack3_WHOLE_SUITE.py .F.....F.                [100%]

=========================== short test summary info ============================
FAILED ALL-SMART-GPT-MUTMUT/test_stack3_DYNAMOSA.py::test_case_3 - assert Fal...
FAILED ALL-SMART-GPT-MUTMUT/test_stack3_DYNAMOSA.py::test_case_4 - assert Tru...
FAILED ALL-SMART-GPT-MUTMUT/test_stack3_DYNAMOSA.py::test_case_15 - assert Tr...
FAILED ALL-SMART-GPT-MUTMUT/test_stack3_MIO.py::test_case_5 - assert False is...
FAILED ALL-SMART-GPT-MUTMUT/test_stack3_MIO.py::test_case_6 - assert True is ...
FAILED ALL-SMART-GPT-MUTMUT/test_stack3_MOSA.py::test_case_3 - assert False i...
FAILED ALL-SMART-GPT-MUTMUT/test_stack3_MOSA.py::test_case_4 - assert True is...
FAILED ALL-SMART-GPT-MUTMUT/test_stack3_MOSA.py::test_case_15 - assert True i...
FAILED ALL-SMART-GPT-MUTMUT/test_stack3_MUTMUT.py::test_remove_single_element
FAILED ALL-SMART-GPT-MUTMUT/test_stack3_WHOLE_SUITE.py::test_case_1 - assert ...
FAILED ALL-SMART-GPT-MUTMUT/test_stack3_WHOLE_SUITE.py::test_case_7 - assert ...
======================== 11 failed, 57 passed in 0.24s =========================
</pre></div></div></div></div></div><div class="mb-1" id="job_list___sub_accordion_58"><div class="card"><a data-toggle="collapse" data-target="#job_list___sub_collapse_58_1" aria-expanded="false" aria-controls="job_list___sub_collapse_58_1" href="#" class="job_list___sub_multi_heading"><div role="alert" class="card-header alert-success" id="job_list___sub_heading_58_1"><button class="btn btn-outline-success"><span class="job_id">58 : Job ID 2af7edf938d74131bd293543fcb38c24</span></button></div></a><div aria-labelledby="job_list___sub_heading_58_1" data-parent="#job_list___sub_accordion_58" class="collapse job_list___sub_multi_collapse" id="job_list___sub_collapse_58_1"><div class="card-body"><div class="work-item"><div class="alert alert-success test-outcome" role="alert"><p>worker outcome: normal</p><p>test outcome: killed</p></div></div><pre class="location"><a href="pycharm://open?file=stack3.py&amp;line=75" class="text-secondary"><button class="btn btn-outline-dark">stack3.py, start pos: (75, 38), end pos: (75, 39)</button></a></pre><pre>operator: core/NumberReplacer, occurrence: 17</pre><div class="alert alert-secondary"><pre class="diff">--- mutation diff ---
--- astack3.py
+++ bstack3.py
@@ -72,7 +72,7 @@
 
         """Checks if linkedlist is empty."""
 
-        return True if self.__size == 0 else False
+        return True if self.__size == -1 else False
 
     def toArray(self) -&gt; list:
 </pre></div><div class="alert alert-secondary"><pre class="diff">============================= test session starts ==============================
platform linux -- Python 3.10.12, pytest-7.1.3, pluggy-1.0.0
rootdir: /home/lucca/desktop/ic/experimento/testes/python_experiments/stack3
plugins: Faker-15.1.1, hypothesis-6.56.3
collected 68 items

ALL-SMART-GPT-MUTMUT/test_stack3_DYNAMOSA.py ...F.............           [ 25%]
ALL-SMART-GPT-MUTMUT/test_stack3_MIO.py .....F...............            [ 55%]
ALL-SMART-GPT-MUTMUT/test_stack3_MOSA.py ...F.............               [ 80%]
ALL-SMART-GPT-MUTMUT/test_stack3_MUTMUT.py F...                          [ 86%]
ALL-SMART-GPT-MUTMUT/test_stack3_WHOLE_SUITE.py .......F.                [100%]

=========================== short test summary info ============================
FAILED ALL-SMART-GPT-MUTMUT/test_stack3_DYNAMOSA.py::test_case_3 - assert Fal...
FAILED ALL-SMART-GPT-MUTMUT/test_stack3_MIO.py::test_case_5 - assert False is...
FAILED ALL-SMART-GPT-MUTMUT/test_stack3_MOSA.py::test_case_3 - assert False i...
FAILED ALL-SMART-GPT-MUTMUT/test_stack3_MUTMUT.py::test_remove_single_element
FAILED ALL-SMART-GPT-MUTMUT/test_stack3_WHOLE_SUITE.py::test_case_7 - assert ...
========================= 5 failed, 63 passed in 0.25s =========================
</pre></div></div></div></div></div><div class="mb-1" id="job_list___sub_accordion_59"><div class="card"><a data-toggle="collapse" data-target="#job_list___sub_collapse_59_1" aria-expanded="false" aria-controls="job_list___sub_collapse_59_1" href="#" class="job_list___sub_multi_heading"><div role="alert" class="card-header alert-success" id="job_list___sub_heading_59_1"><button class="btn btn-outline-success"><span class="job_id">59 : Job ID 034c10ee98fd46948a8058a7aa092176</span></button></div></a><div aria-labelledby="job_list___sub_heading_59_1" data-parent="#job_list___sub_accordion_59" class="collapse job_list___sub_multi_collapse" id="job_list___sub_collapse_59_1"><div class="card-body"><div class="work-item"><div class="alert alert-success test-outcome" role="alert"><p>worker outcome: normal</p><p>test outcome: killed</p></div></div><pre class="location"><a href="pycharm://open?file=stack3.py&amp;line=125" class="text-secondary"><button class="btn btn-outline-dark">stack3.py, start pos: (125, 49), end pos: (125, 50)</button></a></pre><pre>operator: core/NumberReplacer, occurrence: 18</pre><div class="alert alert-secondary"><pre class="diff">--- mutation diff ---
--- astack3.py
+++ bstack3.py
@@ -122,7 +122,7 @@
 
         """Check if stack is empty."""
 
-        return True if self.__stack.getSize() == 0 else False
+        return True if self.__stack.getSize() == 1 else False
 
     def getSize(self) -&gt; int:
 </pre></div><div class="alert alert-secondary"><pre class="diff">============================= test session starts ==============================
platform linux -- Python 3.10.12, pytest-7.1.3, pluggy-1.0.0
rootdir: /home/lucca/desktop/ic/experimento/testes/python_experiments/stack3
plugins: Faker-15.1.1, hypothesis-6.56.3
collected 68 items

ALL-SMART-GPT-MUTMUT/test_stack3_DYNAMOSA.py .......F.....F...           [ 25%]
ALL-SMART-GPT-MUTMUT/test_stack3_MIO.py ...........FF........            [ 55%]
ALL-SMART-GPT-MUTMUT/test_stack3_MOSA.py .......F.....F...               [ 80%]
ALL-SMART-GPT-MUTMUT/test_stack3_MUTMUT.py ....                          [ 86%]
ALL-SMART-GPT-MUTMUT/test_stack3_WHOLE_SUITE.py ..F......                [100%]

=========================== short test summary info ============================
FAILED ALL-SMART-GPT-MUTMUT/test_stack3_DYNAMOSA.py::test_case_7 - assert Fal...
FAILED ALL-SMART-GPT-MUTMUT/test_stack3_DYNAMOSA.py::test_case_13 - assert Tr...
FAILED ALL-SMART-GPT-MUTMUT/test_stack3_MIO.py::test_case_11 - assert False i...
FAILED ALL-SMART-GPT-MUTMUT/test_stack3_MIO.py::test_case_12 - assert True is...
FAILED ALL-SMART-GPT-MUTMUT/test_stack3_MOSA.py::test_case_7 - assert False i...
FAILED ALL-SMART-GPT-MUTMUT/test_stack3_MOSA.py::test_case_13 - assert True i...
FAILED ALL-SMART-GPT-MUTMUT/test_stack3_WHOLE_SUITE.py::test_case_2 - assert ...
========================= 7 failed, 61 passed in 0.23s =========================
</pre></div></div></div></div></div><div class="mb-1" id="job_list___sub_accordion_60"><div class="card"><a data-toggle="collapse" data-target="#job_list___sub_collapse_60_1" aria-expanded="false" aria-controls="job_list___sub_collapse_60_1" href="#" class="job_list___sub_multi_heading"><div role="alert" class="card-header alert-success" id="job_list___sub_heading_60_1"><button class="btn btn-outline-success"><span class="job_id">60 : Job ID 99cdf99835d94d6d9cfb4b775c94baab</span></button></div></a><div aria-labelledby="job_list___sub_heading_60_1" data-parent="#job_list___sub_accordion_60" class="collapse job_list___sub_multi_collapse" id="job_list___sub_collapse_60_1"><div class="card-body"><div class="work-item"><div class="alert alert-success test-outcome" role="alert"><p>worker outcome: normal</p><p>test outcome: killed</p></div></div><pre class="location"><a href="pycharm://open?file=stack3.py&amp;line=125" class="text-secondary"><button class="btn btn-outline-dark">stack3.py, start pos: (125, 49), end pos: (125, 50)</button></a></pre><pre>operator: core/NumberReplacer, occurrence: 19</pre><div class="alert alert-secondary"><pre class="diff">--- mutation diff ---
--- astack3.py
+++ bstack3.py
@@ -122,7 +122,7 @@
 
         """Check if stack is empty."""
 
-        return True if self.__stack.getSize() == 0 else False
+        return True if self.__stack.getSize() == -1 else False
 
     def getSize(self) -&gt; int:
 </pre></div><div class="alert alert-secondary"><pre class="diff">============================= test session starts ==============================
platform linux -- Python 3.10.12, pytest-7.1.3, pluggy-1.0.0
rootdir: /home/lucca/desktop/ic/experimento/testes/python_experiments/stack3
plugins: Faker-15.1.1, hypothesis-6.56.3
collected 68 items

ALL-SMART-GPT-MUTMUT/test_stack3_DYNAMOSA.py .......F.........           [ 25%]
ALL-SMART-GPT-MUTMUT/test_stack3_MIO.py ...........F.........            [ 55%]
ALL-SMART-GPT-MUTMUT/test_stack3_MOSA.py .......F.........               [ 80%]
ALL-SMART-GPT-MUTMUT/test_stack3_MUTMUT.py ....                          [ 86%]
ALL-SMART-GPT-MUTMUT/test_stack3_WHOLE_SUITE.py ..F......                [100%]

=========================== short test summary info ============================
FAILED ALL-SMART-GPT-MUTMUT/test_stack3_DYNAMOSA.py::test_case_7 - assert Fal...
FAILED ALL-SMART-GPT-MUTMUT/test_stack3_MIO.py::test_case_11 - assert False i...
FAILED ALL-SMART-GPT-MUTMUT/test_stack3_MOSA.py::test_case_7 - assert False i...
FAILED ALL-SMART-GPT-MUTMUT/test_stack3_WHOLE_SUITE.py::test_case_2 - assert ...
========================= 4 failed, 64 passed in 0.23s =========================
</pre></div></div></div></div></div><div class="mb-1" id="job_list___sub_accordion_61"><div class="card"><a data-toggle="collapse" data-target="#job_list___sub_collapse_61_1" aria-expanded="false" aria-controls="job_list___sub_collapse_61_1" href="#" class="job_list___sub_multi_heading"><div role="alert" class="card-header alert-success" id="job_list___sub_heading_61_1"><button class="btn btn-outline-success"><span class="job_id">61 : Job ID f929b5e507c340f8b916cfe34428683d</span></button></div></a><div aria-labelledby="job_list___sub_heading_61_1" data-parent="#job_list___sub_accordion_61" class="collapse job_list___sub_multi_collapse" id="job_list___sub_collapse_61_1"><div class="card-body"><div class="work-item"><div class="alert alert-success test-outcome" role="alert"><p>worker outcome: normal</p><p>test outcome: killed</p></div></div><pre class="location"><a href="pycharm://open?file=stack3.py&amp;line=137" class="text-secondary"><button class="btn btn-outline-dark">stack3.py, start pos: (137, 45), end pos: (137, 46)</button></a></pre><pre>operator: core/NumberReplacer, occurrence: 20</pre><div class="alert alert-secondary"><pre class="diff">--- mutation diff ---
--- astack3.py
+++ bstack3.py
@@ -134,5 +134,5 @@
 
         """Get string representation of the stack."""
 
-        return str(self.__stack.toArray()[::-1])
+        return str(self.__stack.toArray()[::- 2])
 </pre></div><div class="alert alert-secondary"><pre class="diff">============================= test session starts ==============================
platform linux -- Python 3.10.12, pytest-7.1.3, pluggy-1.0.0
rootdir: /home/lucca/desktop/ic/experimento/testes/python_experiments/stack3
plugins: Faker-15.1.1, hypothesis-6.56.3
collected 68 items

ALL-SMART-GPT-MUTMUT/test_stack3_DYNAMOSA.py .................           [ 25%]
ALL-SMART-GPT-MUTMUT/test_stack3_MIO.py .....................            [ 55%]
ALL-SMART-GPT-MUTMUT/test_stack3_MOSA.py .................               [ 80%]
ALL-SMART-GPT-MUTMUT/test_stack3_MUTMUT.py ...F                          [ 86%]
ALL-SMART-GPT-MUTMUT/test_stack3_WHOLE_SUITE.py .........                [100%]

=========================== short test summary info ============================
FAILED ALL-SMART-GPT-MUTMUT/test_stack3_MUTMUT.py::test_stack_push - Assertio...
========================= 1 failed, 67 passed in 0.25s =========================
</pre></div></div></div></div></div><div class="mb-1" id="job_list___sub_accordion_62"><div class="card"><a data-toggle="collapse" data-target="#job_list___sub_collapse_62_1" aria-expanded="false" aria-controls="job_list___sub_collapse_62_1" href="#" class="job_list___sub_multi_heading"><div role="alert" class="card-header alert-success" id="job_list___sub_heading_62_1"><button class="btn btn-outline-success"><span class="job_id">62 : Job ID c5d60751145745d08f55fa7ed5d44abf</span></button></div></a><div aria-labelledby="job_list___sub_heading_62_1" data-parent="#job_list___sub_accordion_62" class="collapse job_list___sub_multi_collapse" id="job_list___sub_collapse_62_1"><div class="card-body"><div class="work-item"><div class="alert alert-success test-outcome" role="alert"><p>worker outcome: normal</p><p>test outcome: killed</p></div></div><pre class="location"><a href="pycharm://open?file=stack3.py&amp;line=137" class="text-secondary"><button class="btn btn-outline-dark">stack3.py, start pos: (137, 45), end pos: (137, 46)</button></a></pre><pre>operator: core/NumberReplacer, occurrence: 21</pre><div class="alert alert-secondary"><pre class="diff">--- mutation diff ---
--- astack3.py
+++ bstack3.py
@@ -134,5 +134,5 @@
 
         """Get string representation of the stack."""
 
-        return str(self.__stack.toArray()[::-1])
+        return str(self.__stack.toArray()[::- 0])
 </pre></div><div class="alert alert-secondary"><pre class="diff">============================= test session starts ==============================
platform linux -- Python 3.10.12, pytest-7.1.3, pluggy-1.0.0
rootdir: /home/lucca/desktop/ic/experimento/testes/python_experiments/stack3
plugins: Faker-15.1.1, hypothesis-6.56.3
collected 68 items

ALL-SMART-GPT-MUTMUT/test_stack3_DYNAMOSA.py .....F......F....           [ 25%]
ALL-SMART-GPT-MUTMUT/test_stack3_MIO.py ....................F            [ 55%]
ALL-SMART-GPT-MUTMUT/test_stack3_MOSA.py .....F......F....               [ 80%]
ALL-SMART-GPT-MUTMUT/test_stack3_MUTMUT.py ...F                          [ 86%]
ALL-SMART-GPT-MUTMUT/test_stack3_WHOLE_SUITE.py ...F.....                [100%]

=========================== short test summary info ============================
FAILED ALL-SMART-GPT-MUTMUT/test_stack3_DYNAMOSA.py::test_case_5 - ValueError...
FAILED ALL-SMART-GPT-MUTMUT/test_stack3_DYNAMOSA.py::test_case_12 - ValueErro...
FAILED ALL-SMART-GPT-MUTMUT/test_stack3_MIO.py::test_case_20 - ValueError: sl...
FAILED ALL-SMART-GPT-MUTMUT/test_stack3_MOSA.py::test_case_5 - ValueError: sl...
FAILED ALL-SMART-GPT-MUTMUT/test_stack3_MOSA.py::test_case_12 - ValueError: s...
FAILED ALL-SMART-GPT-MUTMUT/test_stack3_MUTMUT.py::test_stack_push - ValueErr...
FAILED ALL-SMART-GPT-MUTMUT/test_stack3_WHOLE_SUITE.py::test_case_3 - ValueEr...
========================= 7 failed, 61 passed in 0.24s =========================
</pre></div></div></div></div></div></div></div></div></div></div><script src="https://code.jquery.com/jquery-3.3.1.slim.min.js" integrity="sha384-q8i/X+965DzO0rT7abK41JStQIAqVgRVzpbzo5smXKp4YfRvH+8abtTE1Pi6jizo" crossorigin="anonymous"></script><script src="https://cdnjs.cloudflare.com/ajax/libs/popper.js/1.14.7/umd/popper.min.js" integrity="sha384-UO2eT0CpHqdSJQ6hJty5KVphtPhzWj9WO1clHTMGa3JDZwrnQq4sF86dIHNDz0W1" crossorigin="anonymous"></script><script src="https://stackpath.bootstrapcdn.com/bootstrap/4.3.1/js/bootstrap.min.js" integrity="sha384-JjSmVgyd0p3pXB1rRibZUAYoIIy6OrQ6VrjIEaFf/nJGzIxFDsf4x0xIM+B07jRM" crossorigin="anonymous"></script><script type="text/javascript">$('div.job_list___sub_multi_collapse').on('shown.bs.collapse',  function () {    correct_behavior_functional_buttons();  });$('div.job_list___sub_multi_collapse').on('hidden.bs.collapse',  function () {    correct_behavior_functional_buttons();  });function correct_behavior_functional_buttons() {    var expand = false;    var collapse = false;    $('a.job_list___sub_multi_heading').each(function(index) {      if ($(this).attr('aria-expanded') == 'false') {        expand = true;        return false;      };    });    $('a.job_list___sub_multi_heading').each(function(index) {      if ($(this).attr('aria-expanded') == 'true') {        collapse = true;        return false;      };    });    if (expand) {      $('div#job_item_expand_all').css('display', 'inline-block');    } else {      $('div#job_item_expand_all').css('display', 'none');    };    if (collapse) {      $('div#job_item_collapse_all').css('display', 'inline-block');    } else {      $('div#job_item_collapse_all').css('display', 'none');    };  };correct_behavior_functional_buttons();</script></body></html>
