<!DOCTYPE html><html lang="en"><head><meta charset="utf-8" /><meta name="viewport" content="width=device-width, initial-scale=1, shrink-to-fit=no" /><link rel="stylesheet" href="https://stackpath.bootstrapcdn.com/bootstrap/4.3.1/css/bootstrap.min.css" integrity="sha384-ggOyR0iXCbMQv3Xipma34MD+dH/1fQ784/j6cY/iJTQUOhcWr7x9JvoRxT2MZw1T" crossorigin="anonymous" /><title>Cosmic Ray Report</title></head><body><div class="container"><h1><p class="text-dark">Cosmic Ray Report</p></h1></div><div class="container"><div class="mb-1" id="summary_info___accordion"><div class="card"><a data-toggle="collapse" data-target="#summary_info___collapse_1" aria-expanded="true" aria-controls="summary_info___collapse_1" href="#"><div class="card-header" id="summary_info___heading_1"><button class="btn btn-outline-dark"><h4 class="m-0">Summary info</h4></button></div></a><div aria-labelledby="summary_info___heading_1" data-parent="#summary_info___accordion" class="collapse show" id="summary_info___collapse_1"><div class="card-body"><p>Date time: 20/04/2023 18:11:54</p><p>Total jobs: 62</p><p>Complete: 62 (100.00%)</p><p>Surviving mutants: 9 (14.52%)</p></div></div></div></div><div class="mb-1" id="job_list___accordion"><div class="card"><a data-toggle="collapse" data-target="#job_list___collapse_1" aria-expanded="false" aria-controls="job_list___collapse_1" href="#"><div class="card-header" id="job_list___heading_1"><button class="btn btn-outline-dark"><h4 class="m-0">Job list</h4></button></div></a><div aria-labelledby="job_list___heading_1" data-parent="#job_list___accordion" class="collapse" id="job_list___collapse_1"><div class="card-body"><div class="text-right mb-1"><div class="mx-1" id="job_item_expand_all"><a href="#" onclick="$('div.job_list___sub_multi_collapse').collapse('show');"><button class="btn btn-outline-dark"><span>Expand All</span></button></a></div><div class="mx-1" id="job_item_collapse_all"><a href="#" onclick="$('div.job_list___sub_multi_collapse').collapse('hide');"><button class="btn btn-outline-dark"><span>Collapse All</span></button></a></div></div><div class="mb-1" id="job_list___sub_accordion_1"><div class="card"><a data-toggle="collapse" data-target="#job_list___sub_collapse_1_1" aria-expanded="false" aria-controls="job_list___sub_collapse_1_1" href="#" class="job_list___sub_multi_heading"><div role="alert" class="card-header alert-success" id="job_list___sub_heading_1_1"><button class="btn btn-outline-success"><span class="job_id">1 : Job ID 75a944817c00420dba1ff2450687c881</span></button></div></a><div aria-labelledby="job_list___sub_heading_1_1" data-parent="#job_list___sub_accordion_1" class="collapse job_list___sub_multi_collapse" id="job_list___sub_collapse_1_1"><div class="card-body"><div class="work-item"><div class="alert alert-success test-outcome" role="alert"><p>worker outcome: normal</p><p>test outcome: killed</p></div></div><pre class="location"><a href="pycharm://open?file=queue2.py&amp;line=21" class="text-secondary"><button class="btn btn-outline-dark">queue2.py, start pos: (21, 18), end pos: (21, 20)</button></a></pre><pre>operator: core/ReplaceComparisonOperator_Eq_NotEq, occurrence: 0</pre><div class="alert alert-secondary"><pre class="diff">--- mutation diff ---
--- aqueue2.py
+++ bqueue2.py
@@ -18,7 +18,7 @@
             p1 = p1.next
             p2 = p2.next.next
             
-            if p1 == p2: return True
+            if p1 != p2: return True
         return False
 
 class LinkedList:</pre></div><div class="alert alert-secondary"><pre class="diff">============================= test session starts ==============================
platform linux -- Python 3.10.10, pytest-7.2.1, pluggy-1.0.0
rootdir: /home/auri/temp/lucca/python_experiments/queue2
collected 41 items

MOSA-WHOLE_SUITE/test_queue2_MOSA.py ...FF..........F.........F.         [ 65%]
MOSA-WHOLE_SUITE/test_queue2_WHOLE_SUITE.py ..............               [100%]

=========================== short test summary info ============================
FAILED MOSA-WHOLE_SUITE/test_queue2_MOSA.py::test_case_3 - assert True is False
FAILED MOSA-WHOLE_SUITE/test_queue2_MOSA.py::test_case_4 - assert True is False
FAILED MOSA-WHOLE_SUITE/test_queue2_MOSA.py::test_case_15 - assert True is False
FAILED MOSA-WHOLE_SUITE/test_queue2_MOSA.py::test_case_25 - assert True is False
========================= 4 failed, 37 passed in 0.06s =========================
</pre></div></div></div></div></div><div class="mb-1" id="job_list___sub_accordion_2"><div class="card"><a data-toggle="collapse" data-target="#job_list___sub_collapse_2_1" aria-expanded="false" aria-controls="job_list___sub_collapse_2_1" href="#" class="job_list___sub_multi_heading"><div role="alert" class="card-header alert-success" id="job_list___sub_heading_2_1"><button class="btn btn-outline-success"><span class="job_id">2 : Job ID ff2b8c0a81f24332b803dffa9dd4872d</span></button></div></a><div aria-labelledby="job_list___sub_heading_2_1" data-parent="#job_list___sub_accordion_2" class="collapse job_list___sub_multi_collapse" id="job_list___sub_collapse_2_1"><div class="card-body"><div class="work-item"><div class="alert alert-success test-outcome" role="alert"><p>worker outcome: normal</p><p>test outcome: killed</p></div></div><pre class="location"><a href="pycharm://open?file=queue2.py&amp;line=48" class="text-secondary"><button class="btn btn-outline-dark">queue2.py, start pos: (48, 23), end pos: (48, 25)</button></a></pre><pre>operator: core/ReplaceComparisonOperator_Eq_NotEq, occurrence: 1</pre><div class="alert alert-secondary"><pre class="diff">--- mutation diff ---
--- aqueue2.py
+++ bqueue2.py
@@ -45,7 +45,7 @@
         n = self.head
         last = None
         while n != None:
-            if n.value == value:
+            if n.value != value:
                 if last == None:
                     self.head = self.head.next
                 else:</pre></div><div class="alert alert-secondary"><pre class="diff">============================= test session starts ==============================
platform linux -- Python 3.10.10, pytest-7.2.1, pluggy-1.0.0
rootdir: /home/auri/temp/lucca/python_experiments/queue2
collected 41 items

MOSA-WHOLE_SUITE/test_queue2_MOSA.py ..F..F.....F.F....F..F.FF..         [ 65%]
MOSA-WHOLE_SUITE/test_queue2_WHOLE_SUITE.py ....F.....F...               [100%]

=========================== short test summary info ============================
FAILED MOSA-WHOLE_SUITE/test_queue2_MOSA.py::test_case_2 - assert False is True
FAILED MOSA-WHOLE_SUITE/test_queue2_MOSA.py::test_case_5 - assert False is True
FAILED MOSA-WHOLE_SUITE/test_queue2_MOSA.py::test_case_11 - assert False is True
FAILED MOSA-WHOLE_SUITE/test_queue2_MOSA.py::test_case_13 - assert False is True
FAILED MOSA-WHOLE_SUITE/test_queue2_MOSA.py::test_case_18 - assert True is False
FAILED MOSA-WHOLE_SUITE/test_queue2_MOSA.py::test_case_21 - assert False is True
FAILED MOSA-WHOLE_SUITE/test_queue2_MOSA.py::test_case_23 - assert True is False
FAILED MOSA-WHOLE_SUITE/test_queue2_MOSA.py::test_case_24 - assert True is False
FAILED MOSA-WHOLE_SUITE/test_queue2_WHOLE_SUITE.py::test_case_4 - assert True...
FAILED MOSA-WHOLE_SUITE/test_queue2_WHOLE_SUITE.py::test_case_10 - assert Tru...
======================== 10 failed, 31 passed in 0.07s =========================
</pre></div></div></div></div></div><div class="mb-1" id="job_list___sub_accordion_3"><div class="card"><a data-toggle="collapse" data-target="#job_list___sub_collapse_3_1" aria-expanded="false" aria-controls="job_list___sub_collapse_3_1" href="#" class="job_list___sub_multi_heading"><div role="alert" class="card-header alert-success" id="job_list___sub_heading_3_1"><button class="btn btn-outline-success"><span class="job_id">3 : Job ID c0d0e1d6040544d882bb92f0bb8fc686</span></button></div></a><div aria-labelledby="job_list___sub_heading_3_1" data-parent="#job_list___sub_accordion_3" class="collapse job_list___sub_multi_collapse" id="job_list___sub_collapse_3_1"><div class="card-body"><div class="work-item"><div class="alert alert-success test-outcome" role="alert"><p>worker outcome: normal</p><p>test outcome: killed</p></div></div><pre class="location"><a href="pycharm://open?file=queue2.py&amp;line=21" class="text-secondary"><button class="btn btn-outline-dark">queue2.py, start pos: (21, 18), end pos: (21, 20)</button></a></pre><pre>operator: core/ReplaceComparisonOperator_Eq_Lt, occurrence: 0</pre><div class="alert alert-secondary"><pre class="diff">--- mutation diff ---
--- aqueue2.py
+++ bqueue2.py
@@ -18,7 +18,7 @@
             p1 = p1.next
             p2 = p2.next.next
             
-            if p1 == p2: return True
+            if p1 &lt; p2: return True
         return False
 
 class LinkedList:</pre></div><div class="alert alert-secondary"><pre class="diff">============================= test session starts ==============================
platform linux -- Python 3.10.10, pytest-7.2.1, pluggy-1.0.0
rootdir: /home/auri/temp/lucca/python_experiments/queue2
collected 41 items

MOSA-WHOLE_SUITE/test_queue2_MOSA.py ...FF..........F.........F.         [ 65%]
MOSA-WHOLE_SUITE/test_queue2_WHOLE_SUITE.py ..............               [100%]

=========================== short test summary info ============================
FAILED MOSA-WHOLE_SUITE/test_queue2_MOSA.py::test_case_3 - TypeError: '&lt;' not...
FAILED MOSA-WHOLE_SUITE/test_queue2_MOSA.py::test_case_4 - TypeError: '&lt;' not...
FAILED MOSA-WHOLE_SUITE/test_queue2_MOSA.py::test_case_15 - TypeError: '&lt;' no...
FAILED MOSA-WHOLE_SUITE/test_queue2_MOSA.py::test_case_25 - TypeError: '&lt;' no...
========================= 4 failed, 37 passed in 0.07s =========================
</pre></div></div></div></div></div><div class="mb-1" id="job_list___sub_accordion_4"><div class="card"><a data-toggle="collapse" data-target="#job_list___sub_collapse_4_1" aria-expanded="false" aria-controls="job_list___sub_collapse_4_1" href="#" class="job_list___sub_multi_heading"><div role="alert" class="card-header alert-success" id="job_list___sub_heading_4_1"><button class="btn btn-outline-success"><span class="job_id">4 : Job ID e0d490ac28124e30ac40114c68eab089</span></button></div></a><div aria-labelledby="job_list___sub_heading_4_1" data-parent="#job_list___sub_accordion_4" class="collapse job_list___sub_multi_collapse" id="job_list___sub_collapse_4_1"><div class="card-body"><div class="work-item"><div class="alert alert-success test-outcome" role="alert"><p>worker outcome: normal</p><p>test outcome: killed</p></div></div><pre class="location"><a href="pycharm://open?file=queue2.py&amp;line=48" class="text-secondary"><button class="btn btn-outline-dark">queue2.py, start pos: (48, 23), end pos: (48, 25)</button></a></pre><pre>operator: core/ReplaceComparisonOperator_Eq_Lt, occurrence: 1</pre><div class="alert alert-secondary"><pre class="diff">--- mutation diff ---
--- aqueue2.py
+++ bqueue2.py
@@ -45,7 +45,7 @@
         n = self.head
         last = None
         while n != None:
-            if n.value == value:
+            if n.value &lt; value:
                 if last == None:
                     self.head = self.head.next
                 else:</pre></div><div class="alert alert-secondary"><pre class="diff">============================= test session starts ==============================
platform linux -- Python 3.10.10, pytest-7.2.1, pluggy-1.0.0
rootdir: /home/auri/temp/lucca/python_experiments/queue2
collected 41 items

MOSA-WHOLE_SUITE/test_queue2_MOSA.py ..F..F.....F.F....F..F.FF..         [ 65%]
MOSA-WHOLE_SUITE/test_queue2_WHOLE_SUITE.py ..........F...               [100%]

=========================== short test summary info ============================
FAILED MOSA-WHOLE_SUITE/test_queue2_MOSA.py::test_case_2 - TypeError: '&lt;' not...
FAILED MOSA-WHOLE_SUITE/test_queue2_MOSA.py::test_case_5 - TypeError: '&lt;' not...
FAILED MOSA-WHOLE_SUITE/test_queue2_MOSA.py::test_case_11 - assert False is True
FAILED MOSA-WHOLE_SUITE/test_queue2_MOSA.py::test_case_13 - TypeError: '&lt;' no...
FAILED MOSA-WHOLE_SUITE/test_queue2_MOSA.py::test_case_18 - TypeError: '&lt;' no...
FAILED MOSA-WHOLE_SUITE/test_queue2_MOSA.py::test_case_21 - TypeError: '&lt;' no...
FAILED MOSA-WHOLE_SUITE/test_queue2_MOSA.py::test_case_23 - TypeError: '&lt;' no...
FAILED MOSA-WHOLE_SUITE/test_queue2_MOSA.py::test_case_24 - TypeError: '&lt;' no...
FAILED MOSA-WHOLE_SUITE/test_queue2_WHOLE_SUITE.py::test_case_10 - TypeError:...
========================= 9 failed, 32 passed in 0.07s =========================
</pre></div></div></div></div></div><div class="mb-1" id="job_list___sub_accordion_5"><div class="card"><a data-toggle="collapse" data-target="#job_list___sub_collapse_5_1" aria-expanded="false" aria-controls="job_list___sub_collapse_5_1" href="#" class="job_list___sub_multi_heading"><div role="alert" class="card-header alert-success" id="job_list___sub_heading_5_1"><button class="btn btn-outline-success"><span class="job_id">5 : Job ID c80ae77fc6724f3fa1643953eb58c4e5</span></button></div></a><div aria-labelledby="job_list___sub_heading_5_1" data-parent="#job_list___sub_accordion_5" class="collapse job_list___sub_multi_collapse" id="job_list___sub_collapse_5_1"><div class="card-body"><div class="work-item"><div class="alert alert-success test-outcome" role="alert"><p>worker outcome: normal</p><p>test outcome: killed</p></div></div><pre class="location"><a href="pycharm://open?file=queue2.py&amp;line=21" class="text-secondary"><button class="btn btn-outline-dark">queue2.py, start pos: (21, 18), end pos: (21, 20)</button></a></pre><pre>operator: core/ReplaceComparisonOperator_Eq_LtE, occurrence: 0</pre><div class="alert alert-secondary"><pre class="diff">--- mutation diff ---
--- aqueue2.py
+++ bqueue2.py
@@ -18,7 +18,7 @@
             p1 = p1.next
             p2 = p2.next.next
             
-            if p1 == p2: return True
+            if p1 &lt;= p2: return True
         return False
 
 class LinkedList:</pre></div><div class="alert alert-secondary"><pre class="diff">============================= test session starts ==============================
platform linux -- Python 3.10.10, pytest-7.2.1, pluggy-1.0.0
rootdir: /home/auri/temp/lucca/python_experiments/queue2
collected 41 items

MOSA-WHOLE_SUITE/test_queue2_MOSA.py ...FF..........F.........F.         [ 65%]
MOSA-WHOLE_SUITE/test_queue2_WHOLE_SUITE.py ..............               [100%]

=========================== short test summary info ============================
FAILED MOSA-WHOLE_SUITE/test_queue2_MOSA.py::test_case_3 - TypeError: '&lt;=' no...
FAILED MOSA-WHOLE_SUITE/test_queue2_MOSA.py::test_case_4 - TypeError: '&lt;=' no...
FAILED MOSA-WHOLE_SUITE/test_queue2_MOSA.py::test_case_15 - TypeError: '&lt;=' n...
FAILED MOSA-WHOLE_SUITE/test_queue2_MOSA.py::test_case_25 - TypeError: '&lt;=' n...
========================= 4 failed, 37 passed in 0.07s =========================
</pre></div></div></div></div></div><div class="mb-1" id="job_list___sub_accordion_6"><div class="card"><a data-toggle="collapse" data-target="#job_list___sub_collapse_6_1" aria-expanded="false" aria-controls="job_list___sub_collapse_6_1" href="#" class="job_list___sub_multi_heading"><div role="alert" class="card-header alert-success" id="job_list___sub_heading_6_1"><button class="btn btn-outline-success"><span class="job_id">6 : Job ID c9486d5e3c154cda8087cd0c51ee0e8c</span></button></div></a><div aria-labelledby="job_list___sub_heading_6_1" data-parent="#job_list___sub_accordion_6" class="collapse job_list___sub_multi_collapse" id="job_list___sub_collapse_6_1"><div class="card-body"><div class="work-item"><div class="alert alert-success test-outcome" role="alert"><p>worker outcome: normal</p><p>test outcome: killed</p></div></div><pre class="location"><a href="pycharm://open?file=queue2.py&amp;line=48" class="text-secondary"><button class="btn btn-outline-dark">queue2.py, start pos: (48, 23), end pos: (48, 25)</button></a></pre><pre>operator: core/ReplaceComparisonOperator_Eq_LtE, occurrence: 1</pre><div class="alert alert-secondary"><pre class="diff">--- mutation diff ---
--- aqueue2.py
+++ bqueue2.py
@@ -45,7 +45,7 @@
         n = self.head
         last = None
         while n != None:
-            if n.value == value:
+            if n.value &lt;= value:
                 if last == None:
                     self.head = self.head.next
                 else:</pre></div><div class="alert alert-secondary"><pre class="diff">============================= test session starts ==============================
platform linux -- Python 3.10.10, pytest-7.2.1, pluggy-1.0.0
rootdir: /home/auri/temp/lucca/python_experiments/queue2
collected 41 items

MOSA-WHOLE_SUITE/test_queue2_MOSA.py ..F..F.......F....F..F.FF..         [ 65%]
MOSA-WHOLE_SUITE/test_queue2_WHOLE_SUITE.py ..........F...               [100%]

=========================== short test summary info ============================
FAILED MOSA-WHOLE_SUITE/test_queue2_MOSA.py::test_case_2 - TypeError: '&lt;=' no...
FAILED MOSA-WHOLE_SUITE/test_queue2_MOSA.py::test_case_5 - TypeError: '&lt;=' no...
FAILED MOSA-WHOLE_SUITE/test_queue2_MOSA.py::test_case_13 - TypeError: '&lt;=' n...
FAILED MOSA-WHOLE_SUITE/test_queue2_MOSA.py::test_case_18 - TypeError: '&lt;=' n...
FAILED MOSA-WHOLE_SUITE/test_queue2_MOSA.py::test_case_21 - TypeError: '&lt;=' n...
FAILED MOSA-WHOLE_SUITE/test_queue2_MOSA.py::test_case_23 - TypeError: '&lt;=' n...
FAILED MOSA-WHOLE_SUITE/test_queue2_MOSA.py::test_case_24 - TypeError: '&lt;=' n...
FAILED MOSA-WHOLE_SUITE/test_queue2_WHOLE_SUITE.py::test_case_10 - TypeError:...
========================= 8 failed, 33 passed in 0.07s =========================
</pre></div></div></div></div></div><div class="mb-1" id="job_list___sub_accordion_7"><div class="card"><a data-toggle="collapse" data-target="#job_list___sub_collapse_7_1" aria-expanded="false" aria-controls="job_list___sub_collapse_7_1" href="#" class="job_list___sub_multi_heading"><div role="alert" class="card-header alert-success" id="job_list___sub_heading_7_1"><button class="btn btn-outline-success"><span class="job_id">7 : Job ID 5c2b4cc6f27c4c8b8092d928ee6a26f1</span></button></div></a><div aria-labelledby="job_list___sub_heading_7_1" data-parent="#job_list___sub_accordion_7" class="collapse job_list___sub_multi_collapse" id="job_list___sub_collapse_7_1"><div class="card-body"><div class="work-item"><div class="alert alert-success test-outcome" role="alert"><p>worker outcome: normal</p><p>test outcome: killed</p></div></div><pre class="location"><a href="pycharm://open?file=queue2.py&amp;line=21" class="text-secondary"><button class="btn btn-outline-dark">queue2.py, start pos: (21, 18), end pos: (21, 20)</button></a></pre><pre>operator: core/ReplaceComparisonOperator_Eq_Gt, occurrence: 0</pre><div class="alert alert-secondary"><pre class="diff">--- mutation diff ---
--- aqueue2.py
+++ bqueue2.py
@@ -18,7 +18,7 @@
             p1 = p1.next
             p2 = p2.next.next
             
-            if p1 == p2: return True
+            if p1 &gt; p2: return True
         return False
 
 class LinkedList:</pre></div><div class="alert alert-secondary"><pre class="diff">============================= test session starts ==============================
platform linux -- Python 3.10.10, pytest-7.2.1, pluggy-1.0.0
rootdir: /home/auri/temp/lucca/python_experiments/queue2
collected 41 items

MOSA-WHOLE_SUITE/test_queue2_MOSA.py ...FF..........F.........F.         [ 65%]
MOSA-WHOLE_SUITE/test_queue2_WHOLE_SUITE.py ..............               [100%]

=========================== short test summary info ============================
FAILED MOSA-WHOLE_SUITE/test_queue2_MOSA.py::test_case_3 - TypeError: '&gt;' not...
FAILED MOSA-WHOLE_SUITE/test_queue2_MOSA.py::test_case_4 - TypeError: '&gt;' not...
FAILED MOSA-WHOLE_SUITE/test_queue2_MOSA.py::test_case_15 - TypeError: '&gt;' no...
FAILED MOSA-WHOLE_SUITE/test_queue2_MOSA.py::test_case_25 - TypeError: '&gt;' no...
========================= 4 failed, 37 passed in 0.06s =========================
</pre></div></div></div></div></div><div class="mb-1" id="job_list___sub_accordion_8"><div class="card"><a data-toggle="collapse" data-target="#job_list___sub_collapse_8_1" aria-expanded="false" aria-controls="job_list___sub_collapse_8_1" href="#" class="job_list___sub_multi_heading"><div role="alert" class="card-header alert-success" id="job_list___sub_heading_8_1"><button class="btn btn-outline-success"><span class="job_id">8 : Job ID 19127d9f4f304ec8a6c81b8878b6640d</span></button></div></a><div aria-labelledby="job_list___sub_heading_8_1" data-parent="#job_list___sub_accordion_8" class="collapse job_list___sub_multi_collapse" id="job_list___sub_collapse_8_1"><div class="card-body"><div class="work-item"><div class="alert alert-success test-outcome" role="alert"><p>worker outcome: normal</p><p>test outcome: killed</p></div></div><pre class="location"><a href="pycharm://open?file=queue2.py&amp;line=48" class="text-secondary"><button class="btn btn-outline-dark">queue2.py, start pos: (48, 23), end pos: (48, 25)</button></a></pre><pre>operator: core/ReplaceComparisonOperator_Eq_Gt, occurrence: 1</pre><div class="alert alert-secondary"><pre class="diff">--- mutation diff ---
--- aqueue2.py
+++ bqueue2.py
@@ -45,7 +45,7 @@
         n = self.head
         last = None
         while n != None:
-            if n.value == value:
+            if n.value &gt; value:
                 if last == None:
                     self.head = self.head.next
                 else:</pre></div><div class="alert alert-secondary"><pre class="diff">============================= test session starts ==============================
platform linux -- Python 3.10.10, pytest-7.2.1, pluggy-1.0.0
rootdir: /home/auri/temp/lucca/python_experiments/queue2
collected 41 items

MOSA-WHOLE_SUITE/test_queue2_MOSA.py ..F..F.....F.F....F..F.FF..         [ 65%]
MOSA-WHOLE_SUITE/test_queue2_WHOLE_SUITE.py ....F.....F...               [100%]

=========================== short test summary info ============================
FAILED MOSA-WHOLE_SUITE/test_queue2_MOSA.py::test_case_2 - TypeError: '&gt;' not...
FAILED MOSA-WHOLE_SUITE/test_queue2_MOSA.py::test_case_5 - TypeError: '&gt;' not...
FAILED MOSA-WHOLE_SUITE/test_queue2_MOSA.py::test_case_11 - assert False is True
FAILED MOSA-WHOLE_SUITE/test_queue2_MOSA.py::test_case_13 - TypeError: '&gt;' no...
FAILED MOSA-WHOLE_SUITE/test_queue2_MOSA.py::test_case_18 - TypeError: '&gt;' no...
FAILED MOSA-WHOLE_SUITE/test_queue2_MOSA.py::test_case_21 - TypeError: '&gt;' no...
FAILED MOSA-WHOLE_SUITE/test_queue2_MOSA.py::test_case_23 - TypeError: '&gt;' no...
FAILED MOSA-WHOLE_SUITE/test_queue2_MOSA.py::test_case_24 - TypeError: '&gt;' no...
FAILED MOSA-WHOLE_SUITE/test_queue2_WHOLE_SUITE.py::test_case_4 - assert True...
FAILED MOSA-WHOLE_SUITE/test_queue2_WHOLE_SUITE.py::test_case_10 - assert Fal...
======================== 10 failed, 31 passed in 0.07s =========================
</pre></div></div></div></div></div><div class="mb-1" id="job_list___sub_accordion_9"><div class="card"><a data-toggle="collapse" data-target="#job_list___sub_collapse_9_1" aria-expanded="false" aria-controls="job_list___sub_collapse_9_1" href="#" class="job_list___sub_multi_heading"><div role="alert" class="card-header alert-success" id="job_list___sub_heading_9_1"><button class="btn btn-outline-success"><span class="job_id">9 : Job ID 43b869c3cc0e4b82b0e383234c5c6e3f</span></button></div></a><div aria-labelledby="job_list___sub_heading_9_1" data-parent="#job_list___sub_accordion_9" class="collapse job_list___sub_multi_collapse" id="job_list___sub_collapse_9_1"><div class="card-body"><div class="work-item"><div class="alert alert-success test-outcome" role="alert"><p>worker outcome: normal</p><p>test outcome: killed</p></div></div><pre class="location"><a href="pycharm://open?file=queue2.py&amp;line=21" class="text-secondary"><button class="btn btn-outline-dark">queue2.py, start pos: (21, 18), end pos: (21, 20)</button></a></pre><pre>operator: core/ReplaceComparisonOperator_Eq_GtE, occurrence: 0</pre><div class="alert alert-secondary"><pre class="diff">--- mutation diff ---
--- aqueue2.py
+++ bqueue2.py
@@ -18,7 +18,7 @@
             p1 = p1.next
             p2 = p2.next.next
             
-            if p1 == p2: return True
+            if p1 &gt;= p2: return True
         return False
 
 class LinkedList:</pre></div><div class="alert alert-secondary"><pre class="diff">============================= test session starts ==============================
platform linux -- Python 3.10.10, pytest-7.2.1, pluggy-1.0.0
rootdir: /home/auri/temp/lucca/python_experiments/queue2
collected 41 items

MOSA-WHOLE_SUITE/test_queue2_MOSA.py ...FF..........F.........F.         [ 65%]
MOSA-WHOLE_SUITE/test_queue2_WHOLE_SUITE.py ..............               [100%]

=========================== short test summary info ============================
FAILED MOSA-WHOLE_SUITE/test_queue2_MOSA.py::test_case_3 - TypeError: '&gt;=' no...
FAILED MOSA-WHOLE_SUITE/test_queue2_MOSA.py::test_case_4 - TypeError: '&gt;=' no...
FAILED MOSA-WHOLE_SUITE/test_queue2_MOSA.py::test_case_15 - TypeError: '&gt;=' n...
FAILED MOSA-WHOLE_SUITE/test_queue2_MOSA.py::test_case_25 - TypeError: '&gt;=' n...
========================= 4 failed, 37 passed in 0.06s =========================
</pre></div></div></div></div></div><div class="mb-1" id="job_list___sub_accordion_10"><div class="card"><a data-toggle="collapse" data-target="#job_list___sub_collapse_10_1" aria-expanded="false" aria-controls="job_list___sub_collapse_10_1" href="#" class="job_list___sub_multi_heading"><div role="alert" class="card-header alert-success" id="job_list___sub_heading_10_1"><button class="btn btn-outline-success"><span class="job_id">10 : Job ID d4f92f44d8be4672a2b5872c34a3d177</span></button></div></a><div aria-labelledby="job_list___sub_heading_10_1" data-parent="#job_list___sub_accordion_10" class="collapse job_list___sub_multi_collapse" id="job_list___sub_collapse_10_1"><div class="card-body"><div class="work-item"><div class="alert alert-success test-outcome" role="alert"><p>worker outcome: normal</p><p>test outcome: killed</p></div></div><pre class="location"><a href="pycharm://open?file=queue2.py&amp;line=48" class="text-secondary"><button class="btn btn-outline-dark">queue2.py, start pos: (48, 23), end pos: (48, 25)</button></a></pre><pre>operator: core/ReplaceComparisonOperator_Eq_GtE, occurrence: 1</pre><div class="alert alert-secondary"><pre class="diff">--- mutation diff ---
--- aqueue2.py
+++ bqueue2.py
@@ -45,7 +45,7 @@
         n = self.head
         last = None
         while n != None:
-            if n.value == value:
+            if n.value &gt;= value:
                 if last == None:
                     self.head = self.head.next
                 else:</pre></div><div class="alert alert-secondary"><pre class="diff">============================= test session starts ==============================
platform linux -- Python 3.10.10, pytest-7.2.1, pluggy-1.0.0
rootdir: /home/auri/temp/lucca/python_experiments/queue2
collected 41 items

MOSA-WHOLE_SUITE/test_queue2_MOSA.py ..F..F.......F....F..F.FF..         [ 65%]
MOSA-WHOLE_SUITE/test_queue2_WHOLE_SUITE.py ....F.....F...               [100%]

=========================== short test summary info ============================
FAILED MOSA-WHOLE_SUITE/test_queue2_MOSA.py::test_case_2 - TypeError: '&gt;=' no...
FAILED MOSA-WHOLE_SUITE/test_queue2_MOSA.py::test_case_5 - TypeError: '&gt;=' no...
FAILED MOSA-WHOLE_SUITE/test_queue2_MOSA.py::test_case_13 - TypeError: '&gt;=' n...
FAILED MOSA-WHOLE_SUITE/test_queue2_MOSA.py::test_case_18 - TypeError: '&gt;=' n...
FAILED MOSA-WHOLE_SUITE/test_queue2_MOSA.py::test_case_21 - TypeError: '&gt;=' n...
FAILED MOSA-WHOLE_SUITE/test_queue2_MOSA.py::test_case_23 - TypeError: '&gt;=' n...
FAILED MOSA-WHOLE_SUITE/test_queue2_MOSA.py::test_case_24 - TypeError: '&gt;=' n...
FAILED MOSA-WHOLE_SUITE/test_queue2_WHOLE_SUITE.py::test_case_4 - assert True...
FAILED MOSA-WHOLE_SUITE/test_queue2_WHOLE_SUITE.py::test_case_10 - TypeError:...
========================= 9 failed, 32 passed in 0.07s =========================
</pre></div></div></div></div></div><div class="mb-1" id="job_list___sub_accordion_11"><div class="card"><a data-toggle="collapse" data-target="#job_list___sub_collapse_11_1" aria-expanded="false" aria-controls="job_list___sub_collapse_11_1" href="#" class="job_list___sub_multi_heading"><div role="alert" class="card-header alert-danger" id="job_list___sub_heading_11_1"><button class="btn btn-outline-danger"><span class="job_id">11 : Job ID 02a092ccafe34e328b9d6e91b99224f0</span></button></div></a><div aria-labelledby="job_list___sub_heading_11_1" data-parent="#job_list___sub_accordion_11" class="collapse job_list___sub_multi_collapse" id="job_list___sub_collapse_11_1"><div class="card-body"><div class="work-item"><div class="alert alert-danger test-outcome" role="alert"><p>SURVIVED</p><p>worker outcome: normal</p><p>test outcome: survived</p></div></div><pre class="location"><a href="pycharm://open?file=queue2.py&amp;line=21" class="text-secondary"><button class="btn btn-outline-dark">queue2.py, start pos: (21, 18), end pos: (21, 20)</button></a></pre><pre>operator: core/ReplaceComparisonOperator_Eq_Is, occurrence: 0</pre><div class="alert alert-secondary"><pre class="diff">--- mutation diff ---
--- aqueue2.py
+++ bqueue2.py
@@ -18,7 +18,7 @@
             p1 = p1.next
             p2 = p2.next.next
             
-            if p1 == p2: return True
+            if p1 is p2: return True
         return False
 
 class LinkedList:</pre></div><div class="alert alert-secondary"><pre class="diff">============================= test session starts ==============================
platform linux -- Python 3.10.10, pytest-7.2.1, pluggy-1.0.0
rootdir: /home/auri/temp/lucca/python_experiments/queue2
collected 41 items

MOSA-WHOLE_SUITE/test_queue2_MOSA.py ...........................         [ 65%]
MOSA-WHOLE_SUITE/test_queue2_WHOLE_SUITE.py ..............               [100%]

============================== 41 passed in 0.06s ==============================
</pre></div></div></div></div></div><div class="mb-1" id="job_list___sub_accordion_12"><div class="card"><a data-toggle="collapse" data-target="#job_list___sub_collapse_12_1" aria-expanded="false" aria-controls="job_list___sub_collapse_12_1" href="#" class="job_list___sub_multi_heading"><div role="alert" class="card-header alert-danger" id="job_list___sub_heading_12_1"><button class="btn btn-outline-danger"><span class="job_id">12 : Job ID 8cdde61b188449799a7d41eba436b662</span></button></div></a><div aria-labelledby="job_list___sub_heading_12_1" data-parent="#job_list___sub_accordion_12" class="collapse job_list___sub_multi_collapse" id="job_list___sub_collapse_12_1"><div class="card-body"><div class="work-item"><div class="alert alert-danger test-outcome" role="alert"><p>SURVIVED</p><p>worker outcome: normal</p><p>test outcome: survived</p></div></div><pre class="location"><a href="pycharm://open?file=queue2.py&amp;line=48" class="text-secondary"><button class="btn btn-outline-dark">queue2.py, start pos: (48, 23), end pos: (48, 25)</button></a></pre><pre>operator: core/ReplaceComparisonOperator_Eq_Is, occurrence: 1</pre><div class="alert alert-secondary"><pre class="diff">--- mutation diff ---
--- aqueue2.py
+++ bqueue2.py
@@ -45,7 +45,7 @@
         n = self.head
         last = None
         while n != None:
-            if n.value == value:
+            if n.value is value:
                 if last == None:
                     self.head = self.head.next
                 else:</pre></div><div class="alert alert-secondary"><pre class="diff">============================= test session starts ==============================
platform linux -- Python 3.10.10, pytest-7.2.1, pluggy-1.0.0
rootdir: /home/auri/temp/lucca/python_experiments/queue2
collected 41 items

MOSA-WHOLE_SUITE/test_queue2_MOSA.py ...........................         [ 65%]
MOSA-WHOLE_SUITE/test_queue2_WHOLE_SUITE.py ..............               [100%]

============================== 41 passed in 0.06s ==============================
</pre></div></div></div></div></div><div class="mb-1" id="job_list___sub_accordion_13"><div class="card"><a data-toggle="collapse" data-target="#job_list___sub_collapse_13_1" aria-expanded="false" aria-controls="job_list___sub_collapse_13_1" href="#" class="job_list___sub_multi_heading"><div role="alert" class="card-header alert-success" id="job_list___sub_heading_13_1"><button class="btn btn-outline-success"><span class="job_id">13 : Job ID 08ad0fb720f84e17b826889722859494</span></button></div></a><div aria-labelledby="job_list___sub_heading_13_1" data-parent="#job_list___sub_accordion_13" class="collapse job_list___sub_multi_collapse" id="job_list___sub_collapse_13_1"><div class="card-body"><div class="work-item"><div class="alert alert-success test-outcome" role="alert"><p>worker outcome: normal</p><p>test outcome: killed</p></div></div><pre class="location"><a href="pycharm://open?file=queue2.py&amp;line=16" class="text-secondary"><button class="btn btn-outline-dark">queue2.py, start pos: (16, 23), end pos: (16, 25)</button></a></pre><pre>operator: core/ReplaceComparisonOperator_Eq_IsNot, occurrence: 0</pre><div class="alert alert-secondary"><pre class="diff">--- mutation diff ---
--- aqueue2.py
+++ bqueue2.py
@@ -13,7 +13,7 @@
         """Check whether infinite loop via next."""
         p1 = p2 = self
         while p1 != None and p2 != None:
-            if p2.next == None: return False
+            if p2.next is not None: return False
 
             p1 = p1.next
             p2 = p2.next.next</pre></div><div class="alert alert-secondary"><pre class="diff">============================= test session starts ==============================
platform linux -- Python 3.10.10, pytest-7.2.1, pluggy-1.0.0
rootdir: /home/auri/temp/lucca/python_experiments/queue2
collected 41 items

MOSA-WHOLE_SUITE/test_queue2_MOSA.py F....F............F.FF.....         [ 65%]
MOSA-WHOLE_SUITE/test_queue2_WHOLE_SUITE.py ..F...........               [100%]

=========================== short test summary info ============================
FAILED MOSA-WHOLE_SUITE/test_queue2_MOSA.py::test_case_0 - AttributeError: 'N...
FAILED MOSA-WHOLE_SUITE/test_queue2_MOSA.py::test_case_5 - AttributeError: 'N...
FAILED MOSA-WHOLE_SUITE/test_queue2_MOSA.py::test_case_18 - AttributeError: '...
FAILED MOSA-WHOLE_SUITE/test_queue2_MOSA.py::test_case_20 - AttributeError: '...
FAILED MOSA-WHOLE_SUITE/test_queue2_MOSA.py::test_case_21 - AttributeError: '...
FAILED MOSA-WHOLE_SUITE/test_queue2_WHOLE_SUITE.py::test_case_2 - AttributeEr...
========================= 6 failed, 35 passed in 0.07s =========================
</pre></div></div></div></div></div><div class="mb-1" id="job_list___sub_accordion_14"><div class="card"><a data-toggle="collapse" data-target="#job_list___sub_collapse_14_1" aria-expanded="false" aria-controls="job_list___sub_collapse_14_1" href="#" class="job_list___sub_multi_heading"><div role="alert" class="card-header alert-success" id="job_list___sub_heading_14_1"><button class="btn btn-outline-success"><span class="job_id">14 : Job ID fb044a64bac944ed8f0d8caf04b91fde</span></button></div></a><div aria-labelledby="job_list___sub_heading_14_1" data-parent="#job_list___sub_accordion_14" class="collapse job_list___sub_multi_collapse" id="job_list___sub_collapse_14_1"><div class="card-body"><div class="work-item"><div class="alert alert-success test-outcome" role="alert"><p>worker outcome: normal</p><p>test outcome: killed</p></div></div><pre class="location"><a href="pycharm://open?file=queue2.py&amp;line=21" class="text-secondary"><button class="btn btn-outline-dark">queue2.py, start pos: (21, 18), end pos: (21, 20)</button></a></pre><pre>operator: core/ReplaceComparisonOperator_Eq_IsNot, occurrence: 1</pre><div class="alert alert-secondary"><pre class="diff">--- mutation diff ---
--- aqueue2.py
+++ bqueue2.py
@@ -18,7 +18,7 @@
             p1 = p1.next
             p2 = p2.next.next
             
-            if p1 == p2: return True
+            if p1 is not p2: return True
         return False
 
 class LinkedList:</pre></div><div class="alert alert-secondary"><pre class="diff">============================= test session starts ==============================
platform linux -- Python 3.10.10, pytest-7.2.1, pluggy-1.0.0
rootdir: /home/auri/temp/lucca/python_experiments/queue2
collected 41 items

MOSA-WHOLE_SUITE/test_queue2_MOSA.py ...FF..........F.........F.         [ 65%]
MOSA-WHOLE_SUITE/test_queue2_WHOLE_SUITE.py ..............               [100%]

=========================== short test summary info ============================
FAILED MOSA-WHOLE_SUITE/test_queue2_MOSA.py::test_case_3 - assert True is False
FAILED MOSA-WHOLE_SUITE/test_queue2_MOSA.py::test_case_4 - assert True is False
FAILED MOSA-WHOLE_SUITE/test_queue2_MOSA.py::test_case_15 - assert True is False
FAILED MOSA-WHOLE_SUITE/test_queue2_MOSA.py::test_case_25 - assert True is False
========================= 4 failed, 37 passed in 0.07s =========================
</pre></div></div></div></div></div><div class="mb-1" id="job_list___sub_accordion_15"><div class="card"><a data-toggle="collapse" data-target="#job_list___sub_collapse_15_1" aria-expanded="false" aria-controls="job_list___sub_collapse_15_1" href="#" class="job_list___sub_multi_heading"><div role="alert" class="card-header alert-success" id="job_list___sub_heading_15_1"><button class="btn btn-outline-success"><span class="job_id">15 : Job ID 9c56dcbf21494e3b8d144cb7d59d95f0</span></button></div></a><div aria-labelledby="job_list___sub_heading_15_1" data-parent="#job_list___sub_accordion_15" class="collapse job_list___sub_multi_collapse" id="job_list___sub_collapse_15_1"><div class="card-body"><div class="work-item"><div class="alert alert-success test-outcome" role="alert"><p>worker outcome: normal</p><p>test outcome: killed</p></div></div><pre class="location"><a href="pycharm://open?file=queue2.py&amp;line=48" class="text-secondary"><button class="btn btn-outline-dark">queue2.py, start pos: (48, 23), end pos: (48, 25)</button></a></pre><pre>operator: core/ReplaceComparisonOperator_Eq_IsNot, occurrence: 2</pre><div class="alert alert-secondary"><pre class="diff">--- mutation diff ---
--- aqueue2.py
+++ bqueue2.py
@@ -45,7 +45,7 @@
         n = self.head
         last = None
         while n != None:
-            if n.value == value:
+            if n.value is not value:
                 if last == None:
                     self.head = self.head.next
                 else:</pre></div><div class="alert alert-secondary"><pre class="diff">============================= test session starts ==============================
platform linux -- Python 3.10.10, pytest-7.2.1, pluggy-1.0.0
rootdir: /home/auri/temp/lucca/python_experiments/queue2
collected 41 items

MOSA-WHOLE_SUITE/test_queue2_MOSA.py ..F..F.....F.F....F..F.FF..         [ 65%]
MOSA-WHOLE_SUITE/test_queue2_WHOLE_SUITE.py ....F.....F...               [100%]

=========================== short test summary info ============================
FAILED MOSA-WHOLE_SUITE/test_queue2_MOSA.py::test_case_2 - assert False is True
FAILED MOSA-WHOLE_SUITE/test_queue2_MOSA.py::test_case_5 - assert False is True
FAILED MOSA-WHOLE_SUITE/test_queue2_MOSA.py::test_case_11 - assert False is True
FAILED MOSA-WHOLE_SUITE/test_queue2_MOSA.py::test_case_13 - assert False is True
FAILED MOSA-WHOLE_SUITE/test_queue2_MOSA.py::test_case_18 - assert True is False
FAILED MOSA-WHOLE_SUITE/test_queue2_MOSA.py::test_case_21 - assert False is True
FAILED MOSA-WHOLE_SUITE/test_queue2_MOSA.py::test_case_23 - assert True is False
FAILED MOSA-WHOLE_SUITE/test_queue2_MOSA.py::test_case_24 - assert True is False
FAILED MOSA-WHOLE_SUITE/test_queue2_WHOLE_SUITE.py::test_case_4 - assert True...
FAILED MOSA-WHOLE_SUITE/test_queue2_WHOLE_SUITE.py::test_case_10 - assert Tru...
======================== 10 failed, 31 passed in 0.07s =========================
</pre></div></div></div></div></div><div class="mb-1" id="job_list___sub_accordion_16"><div class="card"><a data-toggle="collapse" data-target="#job_list___sub_collapse_16_1" aria-expanded="false" aria-controls="job_list___sub_collapse_16_1" href="#" class="job_list___sub_multi_heading"><div role="alert" class="card-header alert-success" id="job_list___sub_heading_16_1"><button class="btn btn-outline-success"><span class="job_id">16 : Job ID a431fae34d644fabab3e3f9e93bfac8f</span></button></div></a><div aria-labelledby="job_list___sub_heading_16_1" data-parent="#job_list___sub_accordion_16" class="collapse job_list___sub_multi_collapse" id="job_list___sub_collapse_16_1"><div class="card-body"><div class="work-item"><div class="alert alert-success test-outcome" role="alert"><p>worker outcome: normal</p><p>test outcome: killed</p></div></div><pre class="location"><a href="pycharm://open?file=queue2.py&amp;line=49" class="text-secondary"><button class="btn btn-outline-dark">queue2.py, start pos: (49, 24), end pos: (49, 26)</button></a></pre><pre>operator: core/ReplaceComparisonOperator_Eq_IsNot, occurrence: 3</pre><div class="alert alert-secondary"><pre class="diff">--- mutation diff ---
--- aqueue2.py
+++ bqueue2.py
@@ -46,7 +46,7 @@
         last = None
         while n != None:
             if n.value == value:
-                if last == None:
+                if last is not None:
                     self.head = self.head.next
                 else:
                     last.next = n.next</pre></div><div class="alert alert-secondary"><pre class="diff">============================= test session starts ==============================
platform linux -- Python 3.10.10, pytest-7.2.1, pluggy-1.0.0
rootdir: /home/auri/temp/lucca/python_experiments/queue2
collected 41 items

MOSA-WHOLE_SUITE/test_queue2_MOSA.py ..F..F.....F.F.......F.....         [ 65%]
MOSA-WHOLE_SUITE/test_queue2_WHOLE_SUITE.py ..........F...               [100%]

=========================== short test summary info ============================
FAILED MOSA-WHOLE_SUITE/test_queue2_MOSA.py::test_case_2 - AttributeError: 'N...
FAILED MOSA-WHOLE_SUITE/test_queue2_MOSA.py::test_case_5 - AttributeError: 'N...
FAILED MOSA-WHOLE_SUITE/test_queue2_MOSA.py::test_case_11 - AttributeError: '...
FAILED MOSA-WHOLE_SUITE/test_queue2_MOSA.py::test_case_13 - AttributeError: '...
FAILED MOSA-WHOLE_SUITE/test_queue2_MOSA.py::test_case_21 - AttributeError: '...
FAILED MOSA-WHOLE_SUITE/test_queue2_WHOLE_SUITE.py::test_case_10 - AttributeE...
========================= 6 failed, 35 passed in 0.07s =========================
</pre></div></div></div></div></div><div class="mb-1" id="job_list___sub_accordion_17"><div class="card"><a data-toggle="collapse" data-target="#job_list___sub_collapse_17_1" aria-expanded="false" aria-controls="job_list___sub_collapse_17_1" href="#" class="job_list___sub_multi_heading"><div role="alert" class="card-header alert-success" id="job_list___sub_heading_17_1"><button class="btn btn-outline-success"><span class="job_id">17 : Job ID d243956501d34582823554ffeb21a693</span></button></div></a><div aria-labelledby="job_list___sub_heading_17_1" data-parent="#job_list___sub_accordion_17" class="collapse job_list___sub_multi_collapse" id="job_list___sub_collapse_17_1"><div class="card-body"><div class="work-item"><div class="alert alert-success test-outcome" role="alert"><p>worker outcome: normal</p><p>test outcome: killed</p></div></div><pre class="location"><a href="pycharm://open?file=queue2.py&amp;line=99" class="text-secondary"><button class="btn btn-outline-dark">queue2.py, start pos: (99, 25), end pos: (99, 27)</button></a></pre><pre>operator: core/ReplaceComparisonOperator_Eq_IsNot, occurrence: 4</pre><div class="alert alert-secondary"><pre class="diff">--- mutation diff ---
--- aqueue2.py
+++ bqueue2.py
@@ -96,7 +96,7 @@
 
     def isEmpty(self):
         """Determine if queue is empty."""
-        return self.head == None
+        return self.head is not None
 
     def pop(self):
         """Remove first value from queue."""</pre></div><div class="alert alert-secondary"><pre class="diff">============================= test session starts ==============================
platform linux -- Python 3.10.10, pytest-7.2.1, pluggy-1.0.0
rootdir: /home/auri/temp/lucca/python_experiments/queue2
collected 41 items

MOSA-WHOLE_SUITE/test_queue2_MOSA.py ...............F.F....F....         [ 65%]
MOSA-WHOLE_SUITE/test_queue2_WHOLE_SUITE.py F.F..........F               [100%]

=========================== short test summary info ============================
FAILED MOSA-WHOLE_SUITE/test_queue2_MOSA.py::test_case_15 - assert False is True
FAILED MOSA-WHOLE_SUITE/test_queue2_MOSA.py::test_case_17 - assert False is True
FAILED MOSA-WHOLE_SUITE/test_queue2_MOSA.py::test_case_22 - assert False is True
FAILED MOSA-WHOLE_SUITE/test_queue2_WHOLE_SUITE.py::test_case_0 - assert Fals...
FAILED MOSA-WHOLE_SUITE/test_queue2_WHOLE_SUITE.py::test_case_2 - assert Fals...
FAILED MOSA-WHOLE_SUITE/test_queue2_WHOLE_SUITE.py::test_case_13 - assert Fal...
========================= 6 failed, 35 passed in 0.07s =========================
</pre></div></div></div></div></div><div class="mb-1" id="job_list___sub_accordion_18"><div class="card"><a data-toggle="collapse" data-target="#job_list___sub_collapse_18_1" aria-expanded="false" aria-controls="job_list___sub_collapse_18_1" href="#" class="job_list___sub_multi_heading"><div role="alert" class="card-header alert-danger" id="job_list___sub_heading_18_1"><button class="btn btn-outline-danger"><span class="job_id">18 : Job ID b879d22e278241d08150ca29408c0f5c</span></button></div></a><div aria-labelledby="job_list___sub_heading_18_1" data-parent="#job_list___sub_accordion_18" class="collapse job_list___sub_multi_collapse" id="job_list___sub_collapse_18_1"><div class="card-body"><div class="work-item"><div class="alert alert-danger test-outcome" role="alert"><p>SURVIVED</p><p>worker outcome: normal</p><p>test outcome: survived</p></div></div><pre class="location"><a href="pycharm://open?file=queue2.py&amp;line=15" class="text-secondary"><button class="btn btn-outline-dark">queue2.py, start pos: (15, 17), end pos: (15, 19)</button></a></pre><pre>operator: core/ReplaceComparisonOperator_NotEq_Is, occurrence: 0</pre><div class="alert alert-secondary"><pre class="diff">--- mutation diff ---
--- aqueue2.py
+++ bqueue2.py
@@ -12,7 +12,7 @@
     def checkInfinite(self):
         """Check whether infinite loop via next."""
         p1 = p2 = self
-        while p1 != None and p2 != None:
+        while p1 is None and p2 != None:
             if p2.next == None: return False
 
             p1 = p1.next</pre></div><div class="alert alert-secondary"><pre class="diff">============================= test session starts ==============================
platform linux -- Python 3.10.10, pytest-7.2.1, pluggy-1.0.0
rootdir: /home/auri/temp/lucca/python_experiments/queue2
collected 41 items

MOSA-WHOLE_SUITE/test_queue2_MOSA.py ...........................         [ 65%]
MOSA-WHOLE_SUITE/test_queue2_WHOLE_SUITE.py ..............               [100%]

============================== 41 passed in 0.06s ==============================
</pre></div></div></div></div></div><div class="mb-1" id="job_list___sub_accordion_19"><div class="card"><a data-toggle="collapse" data-target="#job_list___sub_collapse_19_1" aria-expanded="false" aria-controls="job_list___sub_collapse_19_1" href="#" class="job_list___sub_multi_heading"><div role="alert" class="card-header alert-danger" id="job_list___sub_heading_19_1"><button class="btn btn-outline-danger"><span class="job_id">19 : Job ID 4b2050c8ca77452390a20aae33778f22</span></button></div></a><div aria-labelledby="job_list___sub_heading_19_1" data-parent="#job_list___sub_accordion_19" class="collapse job_list___sub_multi_collapse" id="job_list___sub_collapse_19_1"><div class="card-body"><div class="work-item"><div class="alert alert-danger test-outcome" role="alert"><p>SURVIVED</p><p>worker outcome: normal</p><p>test outcome: survived</p></div></div><pre class="location"><a href="pycharm://open?file=queue2.py&amp;line=15" class="text-secondary"><button class="btn btn-outline-dark">queue2.py, start pos: (15, 32), end pos: (15, 34)</button></a></pre><pre>operator: core/ReplaceComparisonOperator_NotEq_Is, occurrence: 1</pre><div class="alert alert-secondary"><pre class="diff">--- mutation diff ---
--- aqueue2.py
+++ bqueue2.py
@@ -12,7 +12,7 @@
     def checkInfinite(self):
         """Check whether infinite loop via next."""
         p1 = p2 = self
-        while p1 != None and p2 != None:
+        while p1 != None and p2 is None:
             if p2.next == None: return False
 
             p1 = p1.next</pre></div><div class="alert alert-secondary"><pre class="diff">============================= test session starts ==============================
platform linux -- Python 3.10.10, pytest-7.2.1, pluggy-1.0.0
rootdir: /home/auri/temp/lucca/python_experiments/queue2
collected 41 items

MOSA-WHOLE_SUITE/test_queue2_MOSA.py ...........................         [ 65%]
MOSA-WHOLE_SUITE/test_queue2_WHOLE_SUITE.py ..............               [100%]

============================== 41 passed in 0.06s ==============================
</pre></div></div></div></div></div><div class="mb-1" id="job_list___sub_accordion_20"><div class="card"><a data-toggle="collapse" data-target="#job_list___sub_collapse_20_1" aria-expanded="false" aria-controls="job_list___sub_collapse_20_1" href="#" class="job_list___sub_multi_heading"><div role="alert" class="card-header alert-success" id="job_list___sub_heading_20_1"><button class="btn btn-outline-success"><span class="job_id">20 : Job ID c1ca2e246d5449eeba5953dde13e7de5</span></button></div></a><div aria-labelledby="job_list___sub_heading_20_1" data-parent="#job_list___sub_accordion_20" class="collapse job_list___sub_multi_collapse" id="job_list___sub_collapse_20_1"><div class="card-body"><div class="work-item"><div class="alert alert-success test-outcome" role="alert"><p>worker outcome: normal</p><p>test outcome: killed</p></div></div><pre class="location"><a href="pycharm://open?file=queue2.py&amp;line=47" class="text-secondary"><button class="btn btn-outline-dark">queue2.py, start pos: (47, 16), end pos: (47, 18)</button></a></pre><pre>operator: core/ReplaceComparisonOperator_NotEq_Is, occurrence: 2</pre><div class="alert alert-secondary"><pre class="diff">--- mutation diff ---
--- aqueue2.py
+++ bqueue2.py
@@ -44,7 +44,7 @@
         """Remove value from list."""
         n = self.head
         last = None
-        while n != None:
+        while n is None:
             if n.value == value:
                 if last == None:
                     self.head = self.head.next</pre></div><div class="alert alert-secondary"><pre class="diff">============================= test session starts ==============================
platform linux -- Python 3.10.10, pytest-7.2.1, pluggy-1.0.0
rootdir: /home/auri/temp/lucca/python_experiments/queue2
collected 41 items

MOSA-WHOLE_SUITE/test_queue2_MOSA.py ..F..F.....F.F.......F.....         [ 65%]
MOSA-WHOLE_SUITE/test_queue2_WHOLE_SUITE.py .F........F...               [100%]

=========================== short test summary info ============================
FAILED MOSA-WHOLE_SUITE/test_queue2_MOSA.py::test_case_2 - assert False is True
FAILED MOSA-WHOLE_SUITE/test_queue2_MOSA.py::test_case_5 - assert False is True
FAILED MOSA-WHOLE_SUITE/test_queue2_MOSA.py::test_case_11 - assert False is True
FAILED MOSA-WHOLE_SUITE/test_queue2_MOSA.py::test_case_13 - assert False is True
FAILED MOSA-WHOLE_SUITE/test_queue2_MOSA.py::test_case_21 - assert False is True
FAILED MOSA-WHOLE_SUITE/test_queue2_WHOLE_SUITE.py::test_case_1 - AttributeEr...
FAILED MOSA-WHOLE_SUITE/test_queue2_WHOLE_SUITE.py::test_case_10 - assert Fal...
========================= 7 failed, 34 passed in 0.08s =========================
</pre></div></div></div></div></div><div class="mb-1" id="job_list___sub_accordion_21"><div class="card"><a data-toggle="collapse" data-target="#job_list___sub_collapse_21_1" aria-expanded="false" aria-controls="job_list___sub_collapse_21_1" href="#" class="job_list___sub_multi_heading"><div role="alert" class="card-header alert-success" id="job_list___sub_heading_21_1"><button class="btn btn-outline-success"><span class="job_id">21 : Job ID 048f5fa380e44d09ae79f78ff385e98c</span></button></div></a><div aria-labelledby="job_list___sub_heading_21_1" data-parent="#job_list___sub_accordion_21" class="collapse job_list___sub_multi_collapse" id="job_list___sub_collapse_21_1"><div class="card-body"><div class="work-item"><div class="alert alert-success test-outcome" role="alert"><p>worker outcome: normal</p><p>test outcome: killed</p></div></div><pre class="location"><a href="pycharm://open?file=queue2.py&amp;line=60" class="text-secondary"><button class="btn btn-outline-dark">queue2.py, start pos: (60, 16), end pos: (60, 18)</button></a></pre><pre>operator: core/ReplaceComparisonOperator_NotEq_Is, occurrence: 3</pre><div class="alert alert-secondary"><pre class="diff">--- mutation diff ---
--- aqueue2.py
+++ bqueue2.py
@@ -57,7 +57,7 @@
     def __iter__(self):
         """Iterator of values in the list."""
         n = self.head
-        while n != None:
+        while n is None:
             yield n.value
             n = n.next
         </pre></div><div class="alert alert-secondary"><pre class="diff">============================= test session starts ==============================
platform linux -- Python 3.10.10, pytest-7.2.1, pluggy-1.0.0
rootdir: /home/auri/temp/lucca/python_experiments/queue2
collected 41 items

MOSA-WHOLE_SUITE/test_queue2_MOSA.py .F......F..................         [ 65%]
MOSA-WHOLE_SUITE/test_queue2_WHOLE_SUITE.py ....F....F....               [100%]

=========================== short test summary info ============================
FAILED MOSA-WHOLE_SUITE/test_queue2_MOSA.py::test_case_1 - AssertionError: as...
FAILED MOSA-WHOLE_SUITE/test_queue2_MOSA.py::test_case_8 - AttributeError: 'N...
FAILED MOSA-WHOLE_SUITE/test_queue2_WHOLE_SUITE.py::test_case_4 - AssertionEr...
FAILED MOSA-WHOLE_SUITE/test_queue2_WHOLE_SUITE.py::test_case_9 - AttributeEr...
========================= 4 failed, 37 passed in 0.07s =========================
</pre></div></div></div></div></div><div class="mb-1" id="job_list___sub_accordion_22"><div class="card"><a data-toggle="collapse" data-target="#job_list___sub_collapse_22_1" aria-expanded="false" aria-controls="job_list___sub_collapse_22_1" href="#" class="job_list___sub_multi_heading"><div role="alert" class="card-header alert-success" id="job_list___sub_heading_22_1"><button class="btn btn-outline-success"><span class="job_id">22 : Job ID c8653c68285d4ca1b8b3b82af778fad0</span></button></div></a><div aria-labelledby="job_list___sub_heading_22_1" data-parent="#job_list___sub_accordion_22" class="collapse job_list___sub_multi_collapse" id="job_list___sub_collapse_22_1"><div class="card-body"><div class="work-item"><div class="alert alert-success test-outcome" role="alert"><p>worker outcome: normal</p><p>test outcome: killed</p></div></div><pre class="location"><a href="pycharm://open?file=queue2.py&amp;line=75" class="text-secondary"><button class="btn btn-outline-dark">queue2.py, start pos: (75, 16), end pos: (75, 18)</button></a></pre><pre>operator: core/ReplaceComparisonOperator_NotEq_Is, occurrence: 4</pre><div class="alert alert-secondary"><pre class="diff">--- mutation diff ---
--- aqueue2.py
+++ bqueue2.py
@@ -72,7 +72,7 @@
         """Count values in list."""
         n = self.head
         count = 0
-        while n != None:
+        while n is None:
             count += 1
             n = n.next
         return count</pre></div><div class="alert alert-secondary"><pre class="diff">============================= test session starts ==============================
platform linux -- Python 3.10.10, pytest-7.2.1, pluggy-1.0.0
rootdir: /home/auri/temp/lucca/python_experiments/queue2
collected 41 items

MOSA-WHOLE_SUITE/test_queue2_MOSA.py .FFFFFFFF..F.F.FF.F..FFFF..         [ 65%]
MOSA-WHOLE_SUITE/test_queue2_WHOLE_SUITE.py .FF.F....FF.FF               [100%]

=========================== short test summary info ============================
FAILED MOSA-WHOLE_SUITE/test_queue2_MOSA.py::test_case_1 - assert 0 == 3
FAILED MOSA-WHOLE_SUITE/test_queue2_MOSA.py::test_case_2 - AttributeError: 'N...
FAILED MOSA-WHOLE_SUITE/test_queue2_MOSA.py::test_case_3 - AttributeError: 'N...
FAILED MOSA-WHOLE_SUITE/test_queue2_MOSA.py::test_case_4 - AttributeError: 'N...
FAILED MOSA-WHOLE_SUITE/test_queue2_MOSA.py::test_case_5 - AttributeError: 'N...
FAILED MOSA-WHOLE_SUITE/test_queue2_MOSA.py::test_case_6 - AttributeError: 'N...
FAILED MOSA-WHOLE_SUITE/test_queue2_MOSA.py::test_case_7 - assert 0 == 1
FAILED MOSA-WHOLE_SUITE/test_queue2_MOSA.py::test_case_8 - AttributeError: 'N...
FAILED MOSA-WHOLE_SUITE/test_queue2_MOSA.py::test_case_11 - assert 0 == 1
FAILED MOSA-WHOLE_SUITE/test_queue2_MOSA.py::test_case_13 - AttributeError: '...
FAILED MOSA-WHOLE_SUITE/test_queue2_MOSA.py::test_case_15 - AttributeError: '...
FAILED MOSA-WHOLE_SUITE/test_queue2_MOSA.py::test_case_16 - AttributeError: '...
FAILED MOSA-WHOLE_SUITE/test_queue2_MOSA.py::test_case_18 - AttributeError: '...
FAILED MOSA-WHOLE_SUITE/test_queue2_MOSA.py::test_case_21 - AttributeError: '...
FAILED MOSA-WHOLE_SUITE/test_queue2_MOSA.py::test_case_22 - assert 0 == 4
FAILED MOSA-WHOLE_SUITE/test_queue2_MOSA.py::test_case_23 - AttributeError: '...
FAILED MOSA-WHOLE_SUITE/test_queue2_MOSA.py::test_case_24 - assert 0 == 3
FAILED MOSA-WHOLE_SUITE/test_queue2_WHOLE_SUITE.py::test_case_1 - AttributeEr...
FAILED MOSA-WHOLE_SUITE/test_queue2_WHOLE_SUITE.py::test_case_2 - AttributeEr...
FAILED MOSA-WHOLE_SUITE/test_queue2_WHOLE_SUITE.py::test_case_4 - assert 0 == 4
FAILED MOSA-WHOLE_SUITE/test_queue2_WHOLE_SUITE.py::test_case_9 - AttributeEr...
FAILED MOSA-WHOLE_SUITE/test_queue2_WHOLE_SUITE.py::test_case_10 - assert 0 == 4
FAILED MOSA-WHOLE_SUITE/test_queue2_WHOLE_SUITE.py::test_case_12 - AttributeE...
FAILED MOSA-WHOLE_SUITE/test_queue2_WHOLE_SUITE.py::test_case_13 - AttributeE...
======================== 24 failed, 17 passed in 0.08s =========================
</pre></div></div></div></div></div><div class="mb-1" id="job_list___sub_accordion_23"><div class="card"><a data-toggle="collapse" data-target="#job_list___sub_collapse_23_1" aria-expanded="false" aria-controls="job_list___sub_collapse_23_1" href="#" class="job_list___sub_multi_heading"><div role="alert" class="card-header alert-success" id="job_list___sub_heading_23_1"><button class="btn btn-outline-success"><span class="job_id">23 : Job ID 3714d5c497af41d09dfe4ee49ee23f45</span></button></div></a><div aria-labelledby="job_list___sub_heading_23_1" data-parent="#job_list___sub_accordion_23" class="collapse job_list___sub_multi_collapse" id="job_list___sub_collapse_23_1"><div class="card-body"><div class="work-item"><div class="alert alert-success test-outcome" role="alert"><p>worker outcome: normal</p><p>test outcome: killed</p></div></div><pre class="location"><a href="pycharm://open?file=queue2.py&amp;line=114" class="text-secondary"><button class="btn btn-outline-dark">queue2.py, start pos: (114, 16), end pos: (114, 18)</button></a></pre><pre>operator: core/ReplaceComparisonOperator_NotEq_Is, occurrence: 5</pre><div class="alert alert-secondary"><pre class="diff">--- mutation diff ---
--- aqueue2.py
+++ bqueue2.py
@@ -111,7 +111,7 @@
     def __iter__(self):
         """Iterator of values in queue."""
         n = self.head
-        while n != None:
+        while n is None:
             yield n.value
             n = n.next
         </pre></div><div class="alert alert-secondary"><pre class="diff">============================= test session starts ==============================
platform linux -- Python 3.10.10, pytest-7.2.1, pluggy-1.0.0
rootdir: /home/auri/temp/lucca/python_experiments/queue2
collected 41 items

MOSA-WHOLE_SUITE/test_queue2_MOSA.py ....FF.....F.F.F..F..F.F...         [ 65%]
MOSA-WHOLE_SUITE/test_queue2_WHOLE_SUITE.py .......F....FF               [100%]

=========================== short test summary info ============================
FAILED MOSA-WHOLE_SUITE/test_queue2_MOSA.py::test_case_4 - assert 0 == 1
FAILED MOSA-WHOLE_SUITE/test_queue2_MOSA.py::test_case_5 - AttributeError: 'N...
FAILED MOSA-WHOLE_SUITE/test_queue2_MOSA.py::test_case_11 - assert 0 == 1
FAILED MOSA-WHOLE_SUITE/test_queue2_MOSA.py::test_case_13 - AttributeError: '...
FAILED MOSA-WHOLE_SUITE/test_queue2_MOSA.py::test_case_15 - assert 0 == 1
FAILED MOSA-WHOLE_SUITE/test_queue2_MOSA.py::test_case_18 - assert 0 == 1
FAILED MOSA-WHOLE_SUITE/test_queue2_MOSA.py::test_case_21 - assert 0 == 1
FAILED MOSA-WHOLE_SUITE/test_queue2_MOSA.py::test_case_23 - assert 0 == 1
FAILED MOSA-WHOLE_SUITE/test_queue2_WHOLE_SUITE.py::test_case_7 - AssertionEr...
FAILED MOSA-WHOLE_SUITE/test_queue2_WHOLE_SUITE.py::test_case_12 - AssertionE...
FAILED MOSA-WHOLE_SUITE/test_queue2_WHOLE_SUITE.py::test_case_13 - AttributeE...
======================== 11 failed, 30 passed in 0.07s =========================
</pre></div></div></div></div></div><div class="mb-1" id="job_list___sub_accordion_24"><div class="card"><a data-toggle="collapse" data-target="#job_list___sub_collapse_24_1" aria-expanded="false" aria-controls="job_list___sub_collapse_24_1" href="#" class="job_list___sub_multi_heading"><div role="alert" class="card-header alert-success" id="job_list___sub_heading_24_1"><button class="btn btn-outline-success"><span class="job_id">24 : Job ID c4ecfa4683264dccafc2c65b465ce635</span></button></div></a><div aria-labelledby="job_list___sub_heading_24_1" data-parent="#job_list___sub_accordion_24" class="collapse job_list___sub_multi_collapse" id="job_list___sub_collapse_24_1"><div class="card-body"><div class="work-item"><div class="alert alert-success test-outcome" role="alert"><p>worker outcome: normal</p><p>test outcome: killed</p></div></div><pre class="location"><a href="pycharm://open?file=queue2.py&amp;line=129" class="text-secondary"><button class="btn btn-outline-dark">queue2.py, start pos: (129, 16), end pos: (129, 18)</button></a></pre><pre>operator: core/ReplaceComparisonOperator_NotEq_Is, occurrence: 6</pre><div class="alert alert-secondary"><pre class="diff">--- mutation diff ---
--- aqueue2.py
+++ bqueue2.py
@@ -126,7 +126,7 @@
         """Count values in queue."""
         n = self.head
         count = 0
-        while n != None:
+        while n is None:
             count += 1
             n = n.next
         return count</pre></div><div class="alert alert-secondary"><pre class="diff">============================= test session starts ==============================
platform linux -- Python 3.10.10, pytest-7.2.1, pluggy-1.0.0
rootdir: /home/auri/temp/lucca/python_experiments/queue2
collected 41 items

MOSA-WHOLE_SUITE/test_queue2_MOSA.py ....FFFFF.FFFFFFFFF.FFFF...         [ 65%]
MOSA-WHOLE_SUITE/test_queue2_WHOLE_SUITE.py F.F..FFF..F.FF               [100%]

=========================== short test summary info ============================
FAILED MOSA-WHOLE_SUITE/test_queue2_MOSA.py::test_case_4 - AttributeError: 'N...
FAILED MOSA-WHOLE_SUITE/test_queue2_MOSA.py::test_case_5 - AttributeError: 'N...
FAILED MOSA-WHOLE_SUITE/test_queue2_MOSA.py::test_case_6 - AttributeError: 'N...
FAILED MOSA-WHOLE_SUITE/test_queue2_MOSA.py::test_case_7 - AttributeError: 'N...
FAILED MOSA-WHOLE_SUITE/test_queue2_MOSA.py::test_case_8 - AttributeError: 'N...
FAILED MOSA-WHOLE_SUITE/test_queue2_MOSA.py::test_case_10 - AttributeError: '...
FAILED MOSA-WHOLE_SUITE/test_queue2_MOSA.py::test_case_11 - AttributeError: '...
FAILED MOSA-WHOLE_SUITE/test_queue2_MOSA.py::test_case_12 - AttributeError: '...
FAILED MOSA-WHOLE_SUITE/test_queue2_MOSA.py::test_case_13 - AttributeError: '...
FAILED MOSA-WHOLE_SUITE/test_queue2_MOSA.py::test_case_14 - AttributeError: '...
FAILED MOSA-WHOLE_SUITE/test_queue2_MOSA.py::test_case_15 - AttributeError: '...
FAILED MOSA-WHOLE_SUITE/test_queue2_MOSA.py::test_case_16 - AttributeError: '...
FAILED MOSA-WHOLE_SUITE/test_queue2_MOSA.py::test_case_17 - AttributeError: '...
FAILED MOSA-WHOLE_SUITE/test_queue2_MOSA.py::test_case_18 - AttributeError: '...
FAILED MOSA-WHOLE_SUITE/test_queue2_MOSA.py::test_case_20 - AttributeError: '...
FAILED MOSA-WHOLE_SUITE/test_queue2_MOSA.py::test_case_21 - AttributeError: '...
FAILED MOSA-WHOLE_SUITE/test_queue2_MOSA.py::test_case_22 - AttributeError: '...
FAILED MOSA-WHOLE_SUITE/test_queue2_MOSA.py::test_case_23 - AttributeError: '...
FAILED MOSA-WHOLE_SUITE/test_queue2_WHOLE_SUITE.py::test_case_0 - AttributeEr...
FAILED MOSA-WHOLE_SUITE/test_queue2_WHOLE_SUITE.py::test_case_2 - AttributeEr...
FAILED MOSA-WHOLE_SUITE/test_queue2_WHOLE_SUITE.py::test_case_5 - AttributeEr...
FAILED MOSA-WHOLE_SUITE/test_queue2_WHOLE_SUITE.py::test_case_6 - AttributeEr...
FAILED MOSA-WHOLE_SUITE/test_queue2_WHOLE_SUITE.py::test_case_7 - AttributeEr...
FAILED MOSA-WHOLE_SUITE/test_queue2_WHOLE_SUITE.py::test_case_10 - AttributeE...
FAILED MOSA-WHOLE_SUITE/test_queue2_WHOLE_SUITE.py::test_case_12 - AttributeE...
FAILED MOSA-WHOLE_SUITE/test_queue2_WHOLE_SUITE.py::test_case_13 - AttributeE...
======================== 26 failed, 15 passed in 0.08s =========================
</pre></div></div></div></div></div><div class="mb-1" id="job_list___sub_accordion_25"><div class="card"><a data-toggle="collapse" data-target="#job_list___sub_collapse_25_1" aria-expanded="false" aria-controls="job_list___sub_collapse_25_1" href="#" class="job_list___sub_multi_heading"><div role="alert" class="card-header alert-success" id="job_list___sub_heading_25_1"><button class="btn btn-outline-success"><span class="job_id">25 : Job ID 4070672d55634220b6a2863c6eccd750</span></button></div></a><div aria-labelledby="job_list___sub_heading_25_1" data-parent="#job_list___sub_accordion_25" class="collapse job_list___sub_multi_collapse" id="job_list___sub_collapse_25_1"><div class="card-body"><div class="work-item"><div class="alert alert-success test-outcome" role="alert"><p>worker outcome: normal</p><p>test outcome: killed</p></div></div><pre class="location"><a href="pycharm://open?file=queue2.py&amp;line=37" class="text-secondary"><button class="btn btn-outline-dark">queue2.py, start pos: (37, 21), end pos: (37, 23)</button></a></pre><pre>operator: core/ReplaceComparisonOperator_Is_IsNot, occurrence: 0</pre><div class="alert alert-secondary"><pre class="diff">--- mutation diff ---
--- aqueue2.py
+++ bqueue2.py
@@ -34,7 +34,7 @@
 
     def pop(self):
         """Remove first value in list."""
-        if self.head is None:
+        if self.head is not None:
             raise Exception ("Linked list is empty.")
         val = self.head.value
         self.head = self.head.next</pre></div><div class="alert alert-secondary"><pre class="diff">============================= test session starts ==============================
platform linux -- Python 3.10.10, pytest-7.2.1, pluggy-1.0.0
rootdir: /home/auri/temp/lucca/python_experiments/queue2
collected 41 items

MOSA-WHOLE_SUITE/test_queue2_MOSA.py ....F.................F....         [ 65%]
MOSA-WHOLE_SUITE/test_queue2_WHOLE_SUITE.py ....F.........               [100%]

=========================== short test summary info ============================
FAILED MOSA-WHOLE_SUITE/test_queue2_MOSA.py::test_case_4 - Exception: Linked ...
FAILED MOSA-WHOLE_SUITE/test_queue2_MOSA.py::test_case_22 - Exception: Linked...
FAILED MOSA-WHOLE_SUITE/test_queue2_WHOLE_SUITE.py::test_case_4 - Exception: ...
========================= 3 failed, 38 passed in 0.07s =========================
</pre></div></div></div></div></div><div class="mb-1" id="job_list___sub_accordion_26"><div class="card"><a data-toggle="collapse" data-target="#job_list___sub_collapse_26_1" aria-expanded="false" aria-controls="job_list___sub_collapse_26_1" href="#" class="job_list___sub_multi_heading"><div role="alert" class="card-header alert-success" id="job_list___sub_heading_26_1"><button class="btn btn-outline-success"><span class="job_id">26 : Job ID b0bec0072b454e3b8b6fb8739eab411b</span></button></div></a><div aria-labelledby="job_list___sub_heading_26_1" data-parent="#job_list___sub_accordion_26" class="collapse job_list___sub_multi_collapse" id="job_list___sub_collapse_26_1"><div class="card-body"><div class="work-item"><div class="alert alert-success test-outcome" role="alert"><p>worker outcome: normal</p><p>test outcome: killed</p></div></div><pre class="location"><a href="pycharm://open?file=queue2.py&amp;line=66" class="text-secondary"><button class="btn btn-outline-dark">queue2.py, start pos: (66, 21), end pos: (66, 23)</button></a></pre><pre>operator: core/ReplaceComparisonOperator_Is_IsNot, occurrence: 1</pre><div class="alert alert-secondary"><pre class="diff">--- mutation diff ---
--- aqueue2.py
+++ bqueue2.py
@@ -63,7 +63,7 @@
         
     def __repr__(self):
         """String representation of linked list."""
-        if self.head is None:
+        if self.head is not None:
             return 'link:[]'
 
         return 'link:[{0:s}]'.format(','.join(map(str,self)))</pre></div><div class="alert alert-secondary"><pre class="diff">============================= test session starts ==============================
platform linux -- Python 3.10.10, pytest-7.2.1, pluggy-1.0.0
rootdir: /home/auri/temp/lucca/python_experiments/queue2
collected 41 items

MOSA-WHOLE_SUITE/test_queue2_MOSA.py .F.........................         [ 65%]
MOSA-WHOLE_SUITE/test_queue2_WHOLE_SUITE.py ....F.........               [100%]

=========================== short test summary info ============================
FAILED MOSA-WHOLE_SUITE/test_queue2_MOSA.py::test_case_1 - AssertionError: as...
FAILED MOSA-WHOLE_SUITE/test_queue2_WHOLE_SUITE.py::test_case_4 - AssertionEr...
========================= 2 failed, 39 passed in 0.06s =========================
</pre></div></div></div></div></div><div class="mb-1" id="job_list___sub_accordion_27"><div class="card"><a data-toggle="collapse" data-target="#job_list___sub_collapse_27_1" aria-expanded="false" aria-controls="job_list___sub_collapse_27_1" href="#" class="job_list___sub_multi_heading"><div role="alert" class="card-header alert-success" id="job_list___sub_heading_27_1"><button class="btn btn-outline-success"><span class="job_id">27 : Job ID 463fd77ede4049ea84500c18f3d85f6f</span></button></div></a><div aria-labelledby="job_list___sub_heading_27_1" data-parent="#job_list___sub_accordion_27" class="collapse job_list___sub_multi_collapse" id="job_list___sub_collapse_27_1"><div class="card-body"><div class="work-item"><div class="alert alert-success test-outcome" role="alert"><p>worker outcome: normal</p><p>test outcome: killed</p></div></div><pre class="location"><a href="pycharm://open?file=queue2.py&amp;line=91" class="text-secondary"><button class="btn btn-outline-dark">queue2.py, start pos: (91, 21), end pos: (91, 23)</button></a></pre><pre>operator: core/ReplaceComparisonOperator_Is_IsNot, occurrence: 2</pre><div class="alert alert-secondary"><pre class="diff">--- mutation diff ---
--- aqueue2.py
+++ bqueue2.py
@@ -88,7 +88,7 @@
     def append(self, value):
         """Add value to end of queue."""
         newNode = LinkedNode(value, None)
-        if self.head is None:
+        if self.head is not None:
             self.head = self.tail = newNode
         else:
             self.tail.next = newNode</pre></div><div class="alert alert-secondary"><pre class="diff">============================= test session starts ==============================
platform linux -- Python 3.10.10, pytest-7.2.1, pluggy-1.0.0
rootdir: /home/auri/temp/lucca/python_experiments/queue2
collected 41 items

MOSA-WHOLE_SUITE/test_queue2_MOSA.py ....FF.....FF..F..F.FFFF...         [ 65%]
MOSA-WHOLE_SUITE/test_queue2_WHOLE_SUITE.py .....F.F....F.               [100%]

=========================== short test summary info ============================
FAILED MOSA-WHOLE_SUITE/test_queue2_MOSA.py::test_case_4 - AttributeError: 'N...
FAILED MOSA-WHOLE_SUITE/test_queue2_MOSA.py::test_case_5 - AttributeError: 'N...
FAILED MOSA-WHOLE_SUITE/test_queue2_MOSA.py::test_case_11 - AttributeError: '...
FAILED MOSA-WHOLE_SUITE/test_queue2_MOSA.py::test_case_12 - AttributeError: '...
FAILED MOSA-WHOLE_SUITE/test_queue2_MOSA.py::test_case_15 - AttributeError: '...
FAILED MOSA-WHOLE_SUITE/test_queue2_MOSA.py::test_case_18 - AttributeError: '...
FAILED MOSA-WHOLE_SUITE/test_queue2_MOSA.py::test_case_20 - AttributeError: '...
FAILED MOSA-WHOLE_SUITE/test_queue2_MOSA.py::test_case_21 - AttributeError: '...
FAILED MOSA-WHOLE_SUITE/test_queue2_MOSA.py::test_case_22 - AttributeError: '...
FAILED MOSA-WHOLE_SUITE/test_queue2_MOSA.py::test_case_23 - AttributeError: '...
FAILED MOSA-WHOLE_SUITE/test_queue2_WHOLE_SUITE.py::test_case_5 - AttributeEr...
FAILED MOSA-WHOLE_SUITE/test_queue2_WHOLE_SUITE.py::test_case_7 - AttributeEr...
FAILED MOSA-WHOLE_SUITE/test_queue2_WHOLE_SUITE.py::test_case_12 - AttributeE...
======================== 13 failed, 28 passed in 0.07s =========================
</pre></div></div></div></div></div><div class="mb-1" id="job_list___sub_accordion_28"><div class="card"><a data-toggle="collapse" data-target="#job_list___sub_collapse_28_1" aria-expanded="false" aria-controls="job_list___sub_collapse_28_1" href="#" class="job_list___sub_multi_heading"><div role="alert" class="card-header alert-success" id="job_list___sub_heading_28_1"><button class="btn btn-outline-success"><span class="job_id">28 : Job ID 55087978118240de929f031ac743394f</span></button></div></a><div aria-labelledby="job_list___sub_heading_28_1" data-parent="#job_list___sub_accordion_28" class="collapse job_list___sub_multi_collapse" id="job_list___sub_collapse_28_1"><div class="card-body"><div class="work-item"><div class="alert alert-success test-outcome" role="alert"><p>worker outcome: normal</p><p>test outcome: killed</p></div></div><pre class="location"><a href="pycharm://open?file=queue2.py&amp;line=103" class="text-secondary"><button class="btn btn-outline-dark">queue2.py, start pos: (103, 21), end pos: (103, 23)</button></a></pre><pre>operator: core/ReplaceComparisonOperator_Is_IsNot, occurrence: 3</pre><div class="alert alert-secondary"><pre class="diff">--- mutation diff ---
--- aqueue2.py
+++ bqueue2.py
@@ -100,7 +100,7 @@
 
     def pop(self):
         """Remove first value from queue."""
-        if self.head is None:
+        if self.head is not None:
             raise Exception ("Queue is empty.")
         val = self.head.value
         self.head = self.head.next</pre></div><div class="alert alert-secondary"><pre class="diff">============================= test session starts ==============================
platform linux -- Python 3.10.10, pytest-7.2.1, pluggy-1.0.0
rootdir: /home/auri/temp/lucca/python_experiments/queue2
collected 41 items

MOSA-WHOLE_SUITE/test_queue2_MOSA.py .....F......F.....F..F.....         [ 65%]
MOSA-WHOLE_SUITE/test_queue2_WHOLE_SUITE.py .....F.F......               [100%]

=========================== short test summary info ============================
FAILED MOSA-WHOLE_SUITE/test_queue2_MOSA.py::test_case_5 - Exception: Queue i...
FAILED MOSA-WHOLE_SUITE/test_queue2_MOSA.py::test_case_12 - Exception: Queue ...
FAILED MOSA-WHOLE_SUITE/test_queue2_MOSA.py::test_case_18 - Exception: Queue ...
FAILED MOSA-WHOLE_SUITE/test_queue2_MOSA.py::test_case_21 - Exception: Queue ...
FAILED MOSA-WHOLE_SUITE/test_queue2_WHOLE_SUITE.py::test_case_5 - Exception: ...
FAILED MOSA-WHOLE_SUITE/test_queue2_WHOLE_SUITE.py::test_case_7 - Exception: ...
========================= 6 failed, 35 passed in 0.07s =========================
</pre></div></div></div></div></div><div class="mb-1" id="job_list___sub_accordion_29"><div class="card"><a data-toggle="collapse" data-target="#job_list___sub_collapse_29_1" aria-expanded="false" aria-controls="job_list___sub_collapse_29_1" href="#" class="job_list___sub_multi_heading"><div role="alert" class="card-header alert-danger" id="job_list___sub_heading_29_1"><button class="btn btn-outline-danger"><span class="job_id">29 : Job ID c74b8a95000c4f5a9c7471352c930ee7</span></button></div></a><div aria-labelledby="job_list___sub_heading_29_1" data-parent="#job_list___sub_accordion_29" class="collapse job_list___sub_multi_collapse" id="job_list___sub_collapse_29_1"><div class="card-body"><div class="work-item"><div class="alert alert-danger test-outcome" role="alert"><p>SURVIVED</p><p>worker outcome: normal</p><p>test outcome: survived</p></div></div><pre class="location"><a href="pycharm://open?file=queue2.py&amp;line=107" class="text-secondary"><button class="btn btn-outline-dark">queue2.py, start pos: (107, 21), end pos: (107, 23)</button></a></pre><pre>operator: core/ReplaceComparisonOperator_Is_IsNot, occurrence: 4</pre><div class="alert alert-secondary"><pre class="diff">--- mutation diff ---
--- aqueue2.py
+++ bqueue2.py
@@ -104,7 +104,7 @@
             raise Exception ("Queue is empty.")
         val = self.head.value
         self.head = self.head.next
-        if self.head is None:
+        if self.head is not None:
             self.tail = None
         return val
 </pre></div><div class="alert alert-secondary"><pre class="diff">============================= test session starts ==============================
platform linux -- Python 3.10.10, pytest-7.2.1, pluggy-1.0.0
rootdir: /home/auri/temp/lucca/python_experiments/queue2
collected 41 items

MOSA-WHOLE_SUITE/test_queue2_MOSA.py ...........................         [ 65%]
MOSA-WHOLE_SUITE/test_queue2_WHOLE_SUITE.py ..............               [100%]

============================== 41 passed in 0.06s ==============================
</pre></div></div></div></div></div><div class="mb-1" id="job_list___sub_accordion_30"><div class="card"><a data-toggle="collapse" data-target="#job_list___sub_collapse_30_1" aria-expanded="false" aria-controls="job_list___sub_collapse_30_1" href="#" class="job_list___sub_multi_heading"><div role="alert" class="card-header alert-success" id="job_list___sub_heading_30_1"><button class="btn btn-outline-success"><span class="job_id">30 : Job ID df133ae0528b4d97a24cb904f3f51868</span></button></div></a><div aria-labelledby="job_list___sub_heading_30_1" data-parent="#job_list___sub_accordion_30" class="collapse job_list___sub_multi_collapse" id="job_list___sub_collapse_30_1"><div class="card-body"><div class="work-item"><div class="alert alert-success test-outcome" role="alert"><p>worker outcome: normal</p><p>test outcome: killed</p></div></div><pre class="location"><a href="pycharm://open?file=queue2.py&amp;line=120" class="text-secondary"><button class="btn btn-outline-dark">queue2.py, start pos: (120, 21), end pos: (120, 23)</button></a></pre><pre>operator: core/ReplaceComparisonOperator_Is_IsNot, occurrence: 5</pre><div class="alert alert-secondary"><pre class="diff">--- mutation diff ---
--- aqueue2.py
+++ bqueue2.py
@@ -117,7 +117,7 @@
         
     def __repr__(self):
         """String representation of queue."""
-        if self.head is None:
+        if self.head is not None:
             return 'queue:[]'
 
         return 'queue:[{0:s}]'.format(','.join(map(str,self)))</pre></div><div class="alert alert-secondary"><pre class="diff">============================= test session starts ==============================
platform linux -- Python 3.10.10, pytest-7.2.1, pluggy-1.0.0
rootdir: /home/auri/temp/lucca/python_experiments/queue2
collected 41 items

MOSA-WHOLE_SUITE/test_queue2_MOSA.py ...............F...........         [ 65%]
MOSA-WHOLE_SUITE/test_queue2_WHOLE_SUITE.py .......F....F.               [100%]

=========================== short test summary info ============================
FAILED MOSA-WHOLE_SUITE/test_queue2_MOSA.py::test_case_15 - AssertionError: a...
FAILED MOSA-WHOLE_SUITE/test_queue2_WHOLE_SUITE.py::test_case_7 - AssertionEr...
FAILED MOSA-WHOLE_SUITE/test_queue2_WHOLE_SUITE.py::test_case_12 - AssertionE...
========================= 3 failed, 38 passed in 0.06s =========================
</pre></div></div></div></div></div><div class="mb-1" id="job_list___sub_accordion_31"><div class="card"><a data-toggle="collapse" data-target="#job_list___sub_collapse_31_1" aria-expanded="false" aria-controls="job_list___sub_collapse_31_1" href="#" class="job_list___sub_multi_heading"><div role="alert" class="card-header alert-danger" id="job_list___sub_heading_31_1"><button class="btn btn-outline-danger"><span class="job_id">31 : Job ID 85226941915d403f955be8dccd9ee4b7</span></button></div></a><div aria-labelledby="job_list___sub_heading_31_1" data-parent="#job_list___sub_accordion_31" class="collapse job_list___sub_multi_collapse" id="job_list___sub_collapse_31_1"><div class="card-body"><div class="work-item"><div class="alert alert-danger test-outcome" role="alert"><p>SURVIVED</p><p>worker outcome: normal</p><p>test outcome: survived</p></div></div><pre class="location"><a href="pycharm://open?file=queue2.py&amp;line=15" class="text-secondary"><button class="btn btn-outline-dark">queue2.py, start pos: (15, 14), end pos: (15, 39)</button></a></pre><pre>operator: core/AddNot, occurrence: 0</pre><div class="alert alert-secondary"><pre class="diff">--- mutation diff ---
--- aqueue2.py
+++ bqueue2.py
@@ -12,7 +12,7 @@
     def checkInfinite(self):
         """Check whether infinite loop via next."""
         p1 = p2 = self
-        while p1 != None and p2 != None:
+        while not p1 != None and p2 != None:
             if p2.next == None: return False
 
             p1 = p1.next</pre></div><div class="alert alert-secondary"><pre class="diff">============================= test session starts ==============================
platform linux -- Python 3.10.10, pytest-7.2.1, pluggy-1.0.0
rootdir: /home/auri/temp/lucca/python_experiments/queue2
collected 41 items

MOSA-WHOLE_SUITE/test_queue2_MOSA.py ...........................         [ 65%]
MOSA-WHOLE_SUITE/test_queue2_WHOLE_SUITE.py ..............               [100%]

============================== 41 passed in 0.06s ==============================
</pre></div></div></div></div></div><div class="mb-1" id="job_list___sub_accordion_32"><div class="card"><a data-toggle="collapse" data-target="#job_list___sub_collapse_32_1" aria-expanded="false" aria-controls="job_list___sub_collapse_32_1" href="#" class="job_list___sub_multi_heading"><div role="alert" class="card-header alert-success" id="job_list___sub_heading_32_1"><button class="btn btn-outline-success"><span class="job_id">32 : Job ID 4bf125c7c3ba4cd899c9b8f928f48e2c</span></button></div></a><div aria-labelledby="job_list___sub_heading_32_1" data-parent="#job_list___sub_accordion_32" class="collapse job_list___sub_multi_collapse" id="job_list___sub_collapse_32_1"><div class="card-body"><div class="work-item"><div class="alert alert-success test-outcome" role="alert"><p>worker outcome: normal</p><p>test outcome: killed</p></div></div><pre class="location"><a href="pycharm://open?file=queue2.py&amp;line=16" class="text-secondary"><button class="btn btn-outline-dark">queue2.py, start pos: (16, 15), end pos: (16, 30)</button></a></pre><pre>operator: core/AddNot, occurrence: 1</pre><div class="alert alert-secondary"><pre class="diff">--- mutation diff ---
--- aqueue2.py
+++ bqueue2.py
@@ -13,7 +13,7 @@
         """Check whether infinite loop via next."""
         p1 = p2 = self
         while p1 != None and p2 != None:
-            if p2.next == None: return False
+            if not p2.next == None: return False
 
             p1 = p1.next
             p2 = p2.next.next</pre></div><div class="alert alert-secondary"><pre class="diff">============================= test session starts ==============================
platform linux -- Python 3.10.10, pytest-7.2.1, pluggy-1.0.0
rootdir: /home/auri/temp/lucca/python_experiments/queue2
collected 41 items

MOSA-WHOLE_SUITE/test_queue2_MOSA.py F....F............F.FF.....         [ 65%]
MOSA-WHOLE_SUITE/test_queue2_WHOLE_SUITE.py ..F...........               [100%]

=========================== short test summary info ============================
FAILED MOSA-WHOLE_SUITE/test_queue2_MOSA.py::test_case_0 - AttributeError: 'N...
FAILED MOSA-WHOLE_SUITE/test_queue2_MOSA.py::test_case_5 - AttributeError: 'N...
FAILED MOSA-WHOLE_SUITE/test_queue2_MOSA.py::test_case_18 - AttributeError: '...
FAILED MOSA-WHOLE_SUITE/test_queue2_MOSA.py::test_case_20 - AttributeError: '...
FAILED MOSA-WHOLE_SUITE/test_queue2_MOSA.py::test_case_21 - AttributeError: '...
FAILED MOSA-WHOLE_SUITE/test_queue2_WHOLE_SUITE.py::test_case_2 - AttributeEr...
========================= 6 failed, 35 passed in 0.07s =========================
</pre></div></div></div></div></div><div class="mb-1" id="job_list___sub_accordion_33"><div class="card"><a data-toggle="collapse" data-target="#job_list___sub_collapse_33_1" aria-expanded="false" aria-controls="job_list___sub_collapse_33_1" href="#" class="job_list___sub_multi_heading"><div role="alert" class="card-header alert-success" id="job_list___sub_heading_33_1"><button class="btn btn-outline-success"><span class="job_id">33 : Job ID fd1b83ea744f4765a3783075e9231338</span></button></div></a><div aria-labelledby="job_list___sub_heading_33_1" data-parent="#job_list___sub_accordion_33" class="collapse job_list___sub_multi_collapse" id="job_list___sub_collapse_33_1"><div class="card-body"><div class="work-item"><div class="alert alert-success test-outcome" role="alert"><p>worker outcome: normal</p><p>test outcome: killed</p></div></div><pre class="location"><a href="pycharm://open?file=queue2.py&amp;line=21" class="text-secondary"><button class="btn btn-outline-dark">queue2.py, start pos: (21, 15), end pos: (21, 23)</button></a></pre><pre>operator: core/AddNot, occurrence: 2</pre><div class="alert alert-secondary"><pre class="diff">--- mutation diff ---
--- aqueue2.py
+++ bqueue2.py
@@ -18,7 +18,7 @@
             p1 = p1.next
             p2 = p2.next.next
             
-            if p1 == p2: return True
+            if not p1 == p2: return True
         return False
 
 class LinkedList:</pre></div><div class="alert alert-secondary"><pre class="diff">============================= test session starts ==============================
platform linux -- Python 3.10.10, pytest-7.2.1, pluggy-1.0.0
rootdir: /home/auri/temp/lucca/python_experiments/queue2
collected 41 items

MOSA-WHOLE_SUITE/test_queue2_MOSA.py ...FF..........F.........F.         [ 65%]
MOSA-WHOLE_SUITE/test_queue2_WHOLE_SUITE.py ..............               [100%]

=========================== short test summary info ============================
FAILED MOSA-WHOLE_SUITE/test_queue2_MOSA.py::test_case_3 - assert True is False
FAILED MOSA-WHOLE_SUITE/test_queue2_MOSA.py::test_case_4 - assert True is False
FAILED MOSA-WHOLE_SUITE/test_queue2_MOSA.py::test_case_15 - assert True is False
FAILED MOSA-WHOLE_SUITE/test_queue2_MOSA.py::test_case_25 - assert True is False
========================= 4 failed, 37 passed in 0.06s =========================
</pre></div></div></div></div></div><div class="mb-1" id="job_list___sub_accordion_34"><div class="card"><a data-toggle="collapse" data-target="#job_list___sub_collapse_34_1" aria-expanded="false" aria-controls="job_list___sub_collapse_34_1" href="#" class="job_list___sub_multi_heading"><div role="alert" class="card-header alert-success" id="job_list___sub_heading_34_1"><button class="btn btn-outline-success"><span class="job_id">34 : Job ID b0a4ad7bf7d64a79b49f047b5a5d3212</span></button></div></a><div aria-labelledby="job_list___sub_heading_34_1" data-parent="#job_list___sub_accordion_34" class="collapse job_list___sub_multi_collapse" id="job_list___sub_collapse_34_1"><div class="card-body"><div class="work-item"><div class="alert alert-success test-outcome" role="alert"><p>worker outcome: normal</p><p>test outcome: killed</p></div></div><pre class="location"><a href="pycharm://open?file=queue2.py&amp;line=37" class="text-secondary"><button class="btn btn-outline-dark">queue2.py, start pos: (37, 11), end pos: (37, 28)</button></a></pre><pre>operator: core/AddNot, occurrence: 3</pre><div class="alert alert-secondary"><pre class="diff">--- mutation diff ---
--- aqueue2.py
+++ bqueue2.py
@@ -34,7 +34,7 @@
 
     def pop(self):
         """Remove first value in list."""
-        if self.head is None:
+        if not self.head is None:
             raise Exception ("Linked list is empty.")
         val = self.head.value
         self.head = self.head.next</pre></div><div class="alert alert-secondary"><pre class="diff">============================= test session starts ==============================
platform linux -- Python 3.10.10, pytest-7.2.1, pluggy-1.0.0
rootdir: /home/auri/temp/lucca/python_experiments/queue2
collected 41 items

MOSA-WHOLE_SUITE/test_queue2_MOSA.py ....F.................F....         [ 65%]
MOSA-WHOLE_SUITE/test_queue2_WHOLE_SUITE.py ....F.........               [100%]

=========================== short test summary info ============================
FAILED MOSA-WHOLE_SUITE/test_queue2_MOSA.py::test_case_4 - Exception: Linked ...
FAILED MOSA-WHOLE_SUITE/test_queue2_MOSA.py::test_case_22 - Exception: Linked...
FAILED MOSA-WHOLE_SUITE/test_queue2_WHOLE_SUITE.py::test_case_4 - Exception: ...
========================= 3 failed, 38 passed in 0.06s =========================
</pre></div></div></div></div></div><div class="mb-1" id="job_list___sub_accordion_35"><div class="card"><a data-toggle="collapse" data-target="#job_list___sub_collapse_35_1" aria-expanded="false" aria-controls="job_list___sub_collapse_35_1" href="#" class="job_list___sub_multi_heading"><div role="alert" class="card-header alert-success" id="job_list___sub_heading_35_1"><button class="btn btn-outline-success"><span class="job_id">35 : Job ID aa4cdbbbaa574a74b5034dc45e546685</span></button></div></a><div aria-labelledby="job_list___sub_heading_35_1" data-parent="#job_list___sub_accordion_35" class="collapse job_list___sub_multi_collapse" id="job_list___sub_collapse_35_1"><div class="card-body"><div class="work-item"><div class="alert alert-success test-outcome" role="alert"><p>worker outcome: normal</p><p>test outcome: killed</p></div></div><pre class="location"><a href="pycharm://open?file=queue2.py&amp;line=47" class="text-secondary"><button class="btn btn-outline-dark">queue2.py, start pos: (47, 14), end pos: (47, 23)</button></a></pre><pre>operator: core/AddNot, occurrence: 4</pre><div class="alert alert-secondary"><pre class="diff">--- mutation diff ---
--- aqueue2.py
+++ bqueue2.py
@@ -44,7 +44,7 @@
         """Remove value from list."""
         n = self.head
         last = None
-        while n != None:
+        while not n != None:
             if n.value == value:
                 if last == None:
                     self.head = self.head.next</pre></div><div class="alert alert-secondary"><pre class="diff">============================= test session starts ==============================
platform linux -- Python 3.10.10, pytest-7.2.1, pluggy-1.0.0
rootdir: /home/auri/temp/lucca/python_experiments/queue2
collected 41 items

MOSA-WHOLE_SUITE/test_queue2_MOSA.py ..F..F.....F.F.......F.....         [ 65%]
MOSA-WHOLE_SUITE/test_queue2_WHOLE_SUITE.py .F........F...               [100%]

=========================== short test summary info ============================
FAILED MOSA-WHOLE_SUITE/test_queue2_MOSA.py::test_case_2 - assert False is True
FAILED MOSA-WHOLE_SUITE/test_queue2_MOSA.py::test_case_5 - assert False is True
FAILED MOSA-WHOLE_SUITE/test_queue2_MOSA.py::test_case_11 - assert False is True
FAILED MOSA-WHOLE_SUITE/test_queue2_MOSA.py::test_case_13 - assert False is True
FAILED MOSA-WHOLE_SUITE/test_queue2_MOSA.py::test_case_21 - assert False is True
FAILED MOSA-WHOLE_SUITE/test_queue2_WHOLE_SUITE.py::test_case_1 - AttributeEr...
FAILED MOSA-WHOLE_SUITE/test_queue2_WHOLE_SUITE.py::test_case_10 - assert Fal...
========================= 7 failed, 34 passed in 0.07s =========================
</pre></div></div></div></div></div><div class="mb-1" id="job_list___sub_accordion_36"><div class="card"><a data-toggle="collapse" data-target="#job_list___sub_collapse_36_1" aria-expanded="false" aria-controls="job_list___sub_collapse_36_1" href="#" class="job_list___sub_multi_heading"><div role="alert" class="card-header alert-success" id="job_list___sub_heading_36_1"><button class="btn btn-outline-success"><span class="job_id">36 : Job ID 6409b7116a5642dcb189af3fbed4ab84</span></button></div></a><div aria-labelledby="job_list___sub_heading_36_1" data-parent="#job_list___sub_accordion_36" class="collapse job_list___sub_multi_collapse" id="job_list___sub_collapse_36_1"><div class="card-body"><div class="work-item"><div class="alert alert-success test-outcome" role="alert"><p>worker outcome: normal</p><p>test outcome: killed</p></div></div><pre class="location"><a href="pycharm://open?file=queue2.py&amp;line=48" class="text-secondary"><button class="btn btn-outline-dark">queue2.py, start pos: (48, 15), end pos: (48, 31)</button></a></pre><pre>operator: core/AddNot, occurrence: 5</pre><div class="alert alert-secondary"><pre class="diff">--- mutation diff ---
--- aqueue2.py
+++ bqueue2.py
@@ -45,7 +45,7 @@
         n = self.head
         last = None
         while n != None:
-            if n.value == value:
+            if not n.value == value:
                 if last == None:
                     self.head = self.head.next
                 else:</pre></div><div class="alert alert-secondary"><pre class="diff">============================= test session starts ==============================
platform linux -- Python 3.10.10, pytest-7.2.1, pluggy-1.0.0
rootdir: /home/auri/temp/lucca/python_experiments/queue2
collected 41 items

MOSA-WHOLE_SUITE/test_queue2_MOSA.py ..F..F.....F.F....F..F.FF..         [ 65%]
MOSA-WHOLE_SUITE/test_queue2_WHOLE_SUITE.py ....F.....F...               [100%]

=========================== short test summary info ============================
FAILED MOSA-WHOLE_SUITE/test_queue2_MOSA.py::test_case_2 - assert False is True
FAILED MOSA-WHOLE_SUITE/test_queue2_MOSA.py::test_case_5 - assert False is True
FAILED MOSA-WHOLE_SUITE/test_queue2_MOSA.py::test_case_11 - assert False is True
FAILED MOSA-WHOLE_SUITE/test_queue2_MOSA.py::test_case_13 - assert False is True
FAILED MOSA-WHOLE_SUITE/test_queue2_MOSA.py::test_case_18 - assert True is False
FAILED MOSA-WHOLE_SUITE/test_queue2_MOSA.py::test_case_21 - assert False is True
FAILED MOSA-WHOLE_SUITE/test_queue2_MOSA.py::test_case_23 - assert True is False
FAILED MOSA-WHOLE_SUITE/test_queue2_MOSA.py::test_case_24 - assert True is False
FAILED MOSA-WHOLE_SUITE/test_queue2_WHOLE_SUITE.py::test_case_4 - assert True...
FAILED MOSA-WHOLE_SUITE/test_queue2_WHOLE_SUITE.py::test_case_10 - assert Tru...
======================== 10 failed, 31 passed in 0.07s =========================
</pre></div></div></div></div></div><div class="mb-1" id="job_list___sub_accordion_37"><div class="card"><a data-toggle="collapse" data-target="#job_list___sub_collapse_37_1" aria-expanded="false" aria-controls="job_list___sub_collapse_37_1" href="#" class="job_list___sub_multi_heading"><div role="alert" class="card-header alert-success" id="job_list___sub_heading_37_1"><button class="btn btn-outline-success"><span class="job_id">37 : Job ID a254ecb294ec4ecf99d2fba009af50ee</span></button></div></a><div aria-labelledby="job_list___sub_heading_37_1" data-parent="#job_list___sub_accordion_37" class="collapse job_list___sub_multi_collapse" id="job_list___sub_collapse_37_1"><div class="card-body"><div class="work-item"><div class="alert alert-success test-outcome" role="alert"><p>worker outcome: normal</p><p>test outcome: killed</p></div></div><pre class="location"><a href="pycharm://open?file=queue2.py&amp;line=49" class="text-secondary"><button class="btn btn-outline-dark">queue2.py, start pos: (49, 19), end pos: (49, 31)</button></a></pre><pre>operator: core/AddNot, occurrence: 6</pre><div class="alert alert-secondary"><pre class="diff">--- mutation diff ---
--- aqueue2.py
+++ bqueue2.py
@@ -46,7 +46,7 @@
         last = None
         while n != None:
             if n.value == value:
-                if last == None:
+                if not last == None:
                     self.head = self.head.next
                 else:
                     last.next = n.next</pre></div><div class="alert alert-secondary"><pre class="diff">============================= test session starts ==============================
platform linux -- Python 3.10.10, pytest-7.2.1, pluggy-1.0.0
rootdir: /home/auri/temp/lucca/python_experiments/queue2
collected 41 items

MOSA-WHOLE_SUITE/test_queue2_MOSA.py ..F..F.....F.F.......F.....         [ 65%]
MOSA-WHOLE_SUITE/test_queue2_WHOLE_SUITE.py ..........F...               [100%]

=========================== short test summary info ============================
FAILED MOSA-WHOLE_SUITE/test_queue2_MOSA.py::test_case_2 - AttributeError: 'N...
FAILED MOSA-WHOLE_SUITE/test_queue2_MOSA.py::test_case_5 - AttributeError: 'N...
FAILED MOSA-WHOLE_SUITE/test_queue2_MOSA.py::test_case_11 - AttributeError: '...
FAILED MOSA-WHOLE_SUITE/test_queue2_MOSA.py::test_case_13 - AttributeError: '...
FAILED MOSA-WHOLE_SUITE/test_queue2_MOSA.py::test_case_21 - AttributeError: '...
FAILED MOSA-WHOLE_SUITE/test_queue2_WHOLE_SUITE.py::test_case_10 - AttributeE...
========================= 6 failed, 35 passed in 0.07s =========================
</pre></div></div></div></div></div><div class="mb-1" id="job_list___sub_accordion_38"><div class="card"><a data-toggle="collapse" data-target="#job_list___sub_collapse_38_1" aria-expanded="false" aria-controls="job_list___sub_collapse_38_1" href="#" class="job_list___sub_multi_heading"><div role="alert" class="card-header alert-success" id="job_list___sub_heading_38_1"><button class="btn btn-outline-success"><span class="job_id">38 : Job ID e86df3c85d05447a87c9414aee3f7fd3</span></button></div></a><div aria-labelledby="job_list___sub_heading_38_1" data-parent="#job_list___sub_accordion_38" class="collapse job_list___sub_multi_collapse" id="job_list___sub_collapse_38_1"><div class="card-body"><div class="work-item"><div class="alert alert-success test-outcome" role="alert"><p>worker outcome: normal</p><p>test outcome: killed</p></div></div><pre class="location"><a href="pycharm://open?file=queue2.py&amp;line=60" class="text-secondary"><button class="btn btn-outline-dark">queue2.py, start pos: (60, 14), end pos: (60, 23)</button></a></pre><pre>operator: core/AddNot, occurrence: 7</pre><div class="alert alert-secondary"><pre class="diff">--- mutation diff ---
--- aqueue2.py
+++ bqueue2.py
@@ -57,7 +57,7 @@
     def __iter__(self):
         """Iterator of values in the list."""
         n = self.head
-        while n != None:
+        while not n != None:
             yield n.value
             n = n.next
         </pre></div><div class="alert alert-secondary"><pre class="diff">============================= test session starts ==============================
platform linux -- Python 3.10.10, pytest-7.2.1, pluggy-1.0.0
rootdir: /home/auri/temp/lucca/python_experiments/queue2
collected 41 items

MOSA-WHOLE_SUITE/test_queue2_MOSA.py .F......F..................         [ 65%]
MOSA-WHOLE_SUITE/test_queue2_WHOLE_SUITE.py ....F....F....               [100%]

=========================== short test summary info ============================
FAILED MOSA-WHOLE_SUITE/test_queue2_MOSA.py::test_case_1 - AssertionError: as...
FAILED MOSA-WHOLE_SUITE/test_queue2_MOSA.py::test_case_8 - AttributeError: 'N...
FAILED MOSA-WHOLE_SUITE/test_queue2_WHOLE_SUITE.py::test_case_4 - AssertionEr...
FAILED MOSA-WHOLE_SUITE/test_queue2_WHOLE_SUITE.py::test_case_9 - AttributeEr...
========================= 4 failed, 37 passed in 0.06s =========================
</pre></div></div></div></div></div><div class="mb-1" id="job_list___sub_accordion_39"><div class="card"><a data-toggle="collapse" data-target="#job_list___sub_collapse_39_1" aria-expanded="false" aria-controls="job_list___sub_collapse_39_1" href="#" class="job_list___sub_multi_heading"><div role="alert" class="card-header alert-success" id="job_list___sub_heading_39_1"><button class="btn btn-outline-success"><span class="job_id">39 : Job ID 2a9269fe18a04926b9ca2013740128ea</span></button></div></a><div aria-labelledby="job_list___sub_heading_39_1" data-parent="#job_list___sub_accordion_39" class="collapse job_list___sub_multi_collapse" id="job_list___sub_collapse_39_1"><div class="card-body"><div class="work-item"><div class="alert alert-success test-outcome" role="alert"><p>worker outcome: normal</p><p>test outcome: killed</p></div></div><pre class="location"><a href="pycharm://open?file=queue2.py&amp;line=66" class="text-secondary"><button class="btn btn-outline-dark">queue2.py, start pos: (66, 11), end pos: (66, 28)</button></a></pre><pre>operator: core/AddNot, occurrence: 8</pre><div class="alert alert-secondary"><pre class="diff">--- mutation diff ---
--- aqueue2.py
+++ bqueue2.py
@@ -63,7 +63,7 @@
         
     def __repr__(self):
         """String representation of linked list."""
-        if self.head is None:
+        if not self.head is None:
             return 'link:[]'
 
         return 'link:[{0:s}]'.format(','.join(map(str,self)))</pre></div><div class="alert alert-secondary"><pre class="diff">============================= test session starts ==============================
platform linux -- Python 3.10.10, pytest-7.2.1, pluggy-1.0.0
rootdir: /home/auri/temp/lucca/python_experiments/queue2
collected 41 items

MOSA-WHOLE_SUITE/test_queue2_MOSA.py .F.........................         [ 65%]
MOSA-WHOLE_SUITE/test_queue2_WHOLE_SUITE.py ....F.........               [100%]

=========================== short test summary info ============================
FAILED MOSA-WHOLE_SUITE/test_queue2_MOSA.py::test_case_1 - AssertionError: as...
FAILED MOSA-WHOLE_SUITE/test_queue2_WHOLE_SUITE.py::test_case_4 - AssertionEr...
========================= 2 failed, 39 passed in 0.06s =========================
</pre></div></div></div></div></div><div class="mb-1" id="job_list___sub_accordion_40"><div class="card"><a data-toggle="collapse" data-target="#job_list___sub_collapse_40_1" aria-expanded="false" aria-controls="job_list___sub_collapse_40_1" href="#" class="job_list___sub_multi_heading"><div role="alert" class="card-header alert-success" id="job_list___sub_heading_40_1"><button class="btn btn-outline-success"><span class="job_id">40 : Job ID 1a87bc46849e4ff88a245e1789a4aec8</span></button></div></a><div aria-labelledby="job_list___sub_heading_40_1" data-parent="#job_list___sub_accordion_40" class="collapse job_list___sub_multi_collapse" id="job_list___sub_collapse_40_1"><div class="card-body"><div class="work-item"><div class="alert alert-success test-outcome" role="alert"><p>worker outcome: normal</p><p>test outcome: killed</p></div></div><pre class="location"><a href="pycharm://open?file=queue2.py&amp;line=75" class="text-secondary"><button class="btn btn-outline-dark">queue2.py, start pos: (75, 14), end pos: (75, 23)</button></a></pre><pre>operator: core/AddNot, occurrence: 9</pre><div class="alert alert-secondary"><pre class="diff">--- mutation diff ---
--- aqueue2.py
+++ bqueue2.py
@@ -72,7 +72,7 @@
         """Count values in list."""
         n = self.head
         count = 0
-        while n != None:
+        while not n != None:
             count += 1
             n = n.next
         return count</pre></div><div class="alert alert-secondary"><pre class="diff">============================= test session starts ==============================
platform linux -- Python 3.10.10, pytest-7.2.1, pluggy-1.0.0
rootdir: /home/auri/temp/lucca/python_experiments/queue2
collected 41 items

MOSA-WHOLE_SUITE/test_queue2_MOSA.py .FFFFFFFF..F.F.FF.F..FFFF..         [ 65%]
MOSA-WHOLE_SUITE/test_queue2_WHOLE_SUITE.py .FF.F....FF.FF               [100%]

=========================== short test summary info ============================
FAILED MOSA-WHOLE_SUITE/test_queue2_MOSA.py::test_case_1 - assert 0 == 3
FAILED MOSA-WHOLE_SUITE/test_queue2_MOSA.py::test_case_2 - AttributeError: 'N...
FAILED MOSA-WHOLE_SUITE/test_queue2_MOSA.py::test_case_3 - AttributeError: 'N...
FAILED MOSA-WHOLE_SUITE/test_queue2_MOSA.py::test_case_4 - AttributeError: 'N...
FAILED MOSA-WHOLE_SUITE/test_queue2_MOSA.py::test_case_5 - AttributeError: 'N...
FAILED MOSA-WHOLE_SUITE/test_queue2_MOSA.py::test_case_6 - AttributeError: 'N...
FAILED MOSA-WHOLE_SUITE/test_queue2_MOSA.py::test_case_7 - assert 0 == 1
FAILED MOSA-WHOLE_SUITE/test_queue2_MOSA.py::test_case_8 - AttributeError: 'N...
FAILED MOSA-WHOLE_SUITE/test_queue2_MOSA.py::test_case_11 - assert 0 == 1
FAILED MOSA-WHOLE_SUITE/test_queue2_MOSA.py::test_case_13 - AttributeError: '...
FAILED MOSA-WHOLE_SUITE/test_queue2_MOSA.py::test_case_15 - AttributeError: '...
FAILED MOSA-WHOLE_SUITE/test_queue2_MOSA.py::test_case_16 - AttributeError: '...
FAILED MOSA-WHOLE_SUITE/test_queue2_MOSA.py::test_case_18 - AttributeError: '...
FAILED MOSA-WHOLE_SUITE/test_queue2_MOSA.py::test_case_21 - AttributeError: '...
FAILED MOSA-WHOLE_SUITE/test_queue2_MOSA.py::test_case_22 - assert 0 == 4
FAILED MOSA-WHOLE_SUITE/test_queue2_MOSA.py::test_case_23 - AttributeError: '...
FAILED MOSA-WHOLE_SUITE/test_queue2_MOSA.py::test_case_24 - assert 0 == 3
FAILED MOSA-WHOLE_SUITE/test_queue2_WHOLE_SUITE.py::test_case_1 - AttributeEr...
FAILED MOSA-WHOLE_SUITE/test_queue2_WHOLE_SUITE.py::test_case_2 - AttributeEr...
FAILED MOSA-WHOLE_SUITE/test_queue2_WHOLE_SUITE.py::test_case_4 - assert 0 == 4
FAILED MOSA-WHOLE_SUITE/test_queue2_WHOLE_SUITE.py::test_case_9 - AttributeEr...
FAILED MOSA-WHOLE_SUITE/test_queue2_WHOLE_SUITE.py::test_case_10 - assert 0 == 4
FAILED MOSA-WHOLE_SUITE/test_queue2_WHOLE_SUITE.py::test_case_12 - AttributeE...
FAILED MOSA-WHOLE_SUITE/test_queue2_WHOLE_SUITE.py::test_case_13 - AttributeE...
======================== 24 failed, 17 passed in 0.08s =========================
</pre></div></div></div></div></div><div class="mb-1" id="job_list___sub_accordion_41"><div class="card"><a data-toggle="collapse" data-target="#job_list___sub_collapse_41_1" aria-expanded="false" aria-controls="job_list___sub_collapse_41_1" href="#" class="job_list___sub_multi_heading"><div role="alert" class="card-header alert-success" id="job_list___sub_heading_41_1"><button class="btn btn-outline-success"><span class="job_id">41 : Job ID 885125dbe35a4f2fac7de6512e8ab9fb</span></button></div></a><div aria-labelledby="job_list___sub_heading_41_1" data-parent="#job_list___sub_accordion_41" class="collapse job_list___sub_multi_collapse" id="job_list___sub_collapse_41_1"><div class="card-body"><div class="work-item"><div class="alert alert-success test-outcome" role="alert"><p>worker outcome: normal</p><p>test outcome: killed</p></div></div><pre class="location"><a href="pycharm://open?file=queue2.py&amp;line=91" class="text-secondary"><button class="btn btn-outline-dark">queue2.py, start pos: (91, 11), end pos: (91, 28)</button></a></pre><pre>operator: core/AddNot, occurrence: 10</pre><div class="alert alert-secondary"><pre class="diff">--- mutation diff ---
--- aqueue2.py
+++ bqueue2.py
@@ -88,7 +88,7 @@
     def append(self, value):
         """Add value to end of queue."""
         newNode = LinkedNode(value, None)
-        if self.head is None:
+        if not self.head is None:
             self.head = self.tail = newNode
         else:
             self.tail.next = newNode</pre></div><div class="alert alert-secondary"><pre class="diff">============================= test session starts ==============================
platform linux -- Python 3.10.10, pytest-7.2.1, pluggy-1.0.0
rootdir: /home/auri/temp/lucca/python_experiments/queue2
collected 41 items

MOSA-WHOLE_SUITE/test_queue2_MOSA.py ....FF.....FF..F..F.FFFF...         [ 65%]
MOSA-WHOLE_SUITE/test_queue2_WHOLE_SUITE.py .....F.F....F.               [100%]

=========================== short test summary info ============================
FAILED MOSA-WHOLE_SUITE/test_queue2_MOSA.py::test_case_4 - AttributeError: 'N...
FAILED MOSA-WHOLE_SUITE/test_queue2_MOSA.py::test_case_5 - AttributeError: 'N...
FAILED MOSA-WHOLE_SUITE/test_queue2_MOSA.py::test_case_11 - AttributeError: '...
FAILED MOSA-WHOLE_SUITE/test_queue2_MOSA.py::test_case_12 - AttributeError: '...
FAILED MOSA-WHOLE_SUITE/test_queue2_MOSA.py::test_case_15 - AttributeError: '...
FAILED MOSA-WHOLE_SUITE/test_queue2_MOSA.py::test_case_18 - AttributeError: '...
FAILED MOSA-WHOLE_SUITE/test_queue2_MOSA.py::test_case_20 - AttributeError: '...
FAILED MOSA-WHOLE_SUITE/test_queue2_MOSA.py::test_case_21 - AttributeError: '...
FAILED MOSA-WHOLE_SUITE/test_queue2_MOSA.py::test_case_22 - AttributeError: '...
FAILED MOSA-WHOLE_SUITE/test_queue2_MOSA.py::test_case_23 - AttributeError: '...
FAILED MOSA-WHOLE_SUITE/test_queue2_WHOLE_SUITE.py::test_case_5 - AttributeEr...
FAILED MOSA-WHOLE_SUITE/test_queue2_WHOLE_SUITE.py::test_case_7 - AttributeEr...
FAILED MOSA-WHOLE_SUITE/test_queue2_WHOLE_SUITE.py::test_case_12 - AttributeE...
======================== 13 failed, 28 passed in 0.07s =========================
</pre></div></div></div></div></div><div class="mb-1" id="job_list___sub_accordion_42"><div class="card"><a data-toggle="collapse" data-target="#job_list___sub_collapse_42_1" aria-expanded="false" aria-controls="job_list___sub_collapse_42_1" href="#" class="job_list___sub_multi_heading"><div role="alert" class="card-header alert-success" id="job_list___sub_heading_42_1"><button class="btn btn-outline-success"><span class="job_id">42 : Job ID e509505b205542579de9683b097e8c1f</span></button></div></a><div aria-labelledby="job_list___sub_heading_42_1" data-parent="#job_list___sub_accordion_42" class="collapse job_list___sub_multi_collapse" id="job_list___sub_collapse_42_1"><div class="card-body"><div class="work-item"><div class="alert alert-success test-outcome" role="alert"><p>worker outcome: normal</p><p>test outcome: killed</p></div></div><pre class="location"><a href="pycharm://open?file=queue2.py&amp;line=103" class="text-secondary"><button class="btn btn-outline-dark">queue2.py, start pos: (103, 11), end pos: (103, 28)</button></a></pre><pre>operator: core/AddNot, occurrence: 11</pre><div class="alert alert-secondary"><pre class="diff">--- mutation diff ---
--- aqueue2.py
+++ bqueue2.py
@@ -100,7 +100,7 @@
 
     def pop(self):
         """Remove first value from queue."""
-        if self.head is None:
+        if not self.head is None:
             raise Exception ("Queue is empty.")
         val = self.head.value
         self.head = self.head.next</pre></div><div class="alert alert-secondary"><pre class="diff">============================= test session starts ==============================
platform linux -- Python 3.10.10, pytest-7.2.1, pluggy-1.0.0
rootdir: /home/auri/temp/lucca/python_experiments/queue2
collected 41 items

MOSA-WHOLE_SUITE/test_queue2_MOSA.py .....F......F.....F..F.....         [ 65%]
MOSA-WHOLE_SUITE/test_queue2_WHOLE_SUITE.py .....F.F......               [100%]

=========================== short test summary info ============================
FAILED MOSA-WHOLE_SUITE/test_queue2_MOSA.py::test_case_5 - Exception: Queue i...
FAILED MOSA-WHOLE_SUITE/test_queue2_MOSA.py::test_case_12 - Exception: Queue ...
FAILED MOSA-WHOLE_SUITE/test_queue2_MOSA.py::test_case_18 - Exception: Queue ...
FAILED MOSA-WHOLE_SUITE/test_queue2_MOSA.py::test_case_21 - Exception: Queue ...
FAILED MOSA-WHOLE_SUITE/test_queue2_WHOLE_SUITE.py::test_case_5 - Exception: ...
FAILED MOSA-WHOLE_SUITE/test_queue2_WHOLE_SUITE.py::test_case_7 - Exception: ...
========================= 6 failed, 35 passed in 0.07s =========================
</pre></div></div></div></div></div><div class="mb-1" id="job_list___sub_accordion_43"><div class="card"><a data-toggle="collapse" data-target="#job_list___sub_collapse_43_1" aria-expanded="false" aria-controls="job_list___sub_collapse_43_1" href="#" class="job_list___sub_multi_heading"><div role="alert" class="card-header alert-danger" id="job_list___sub_heading_43_1"><button class="btn btn-outline-danger"><span class="job_id">43 : Job ID 35a1dc774a2e4240b0a3beb6dbcc8295</span></button></div></a><div aria-labelledby="job_list___sub_heading_43_1" data-parent="#job_list___sub_accordion_43" class="collapse job_list___sub_multi_collapse" id="job_list___sub_collapse_43_1"><div class="card-body"><div class="work-item"><div class="alert alert-danger test-outcome" role="alert"><p>SURVIVED</p><p>worker outcome: normal</p><p>test outcome: survived</p></div></div><pre class="location"><a href="pycharm://open?file=queue2.py&amp;line=107" class="text-secondary"><button class="btn btn-outline-dark">queue2.py, start pos: (107, 11), end pos: (107, 28)</button></a></pre><pre>operator: core/AddNot, occurrence: 12</pre><div class="alert alert-secondary"><pre class="diff">--- mutation diff ---
--- aqueue2.py
+++ bqueue2.py
@@ -104,7 +104,7 @@
             raise Exception ("Queue is empty.")
         val = self.head.value
         self.head = self.head.next
-        if self.head is None:
+        if not self.head is None:
             self.tail = None
         return val
 </pre></div><div class="alert alert-secondary"><pre class="diff">============================= test session starts ==============================
platform linux -- Python 3.10.10, pytest-7.2.1, pluggy-1.0.0
rootdir: /home/auri/temp/lucca/python_experiments/queue2
collected 41 items

MOSA-WHOLE_SUITE/test_queue2_MOSA.py ...........................         [ 65%]
MOSA-WHOLE_SUITE/test_queue2_WHOLE_SUITE.py ..............               [100%]

============================== 41 passed in 0.06s ==============================
</pre></div></div></div></div></div><div class="mb-1" id="job_list___sub_accordion_44"><div class="card"><a data-toggle="collapse" data-target="#job_list___sub_collapse_44_1" aria-expanded="false" aria-controls="job_list___sub_collapse_44_1" href="#" class="job_list___sub_multi_heading"><div role="alert" class="card-header alert-success" id="job_list___sub_heading_44_1"><button class="btn btn-outline-success"><span class="job_id">44 : Job ID db10f9a65828438cbf4dc8ab87ff4e80</span></button></div></a><div aria-labelledby="job_list___sub_heading_44_1" data-parent="#job_list___sub_accordion_44" class="collapse job_list___sub_multi_collapse" id="job_list___sub_collapse_44_1"><div class="card-body"><div class="work-item"><div class="alert alert-success test-outcome" role="alert"><p>worker outcome: normal</p><p>test outcome: killed</p></div></div><pre class="location"><a href="pycharm://open?file=queue2.py&amp;line=114" class="text-secondary"><button class="btn btn-outline-dark">queue2.py, start pos: (114, 14), end pos: (114, 23)</button></a></pre><pre>operator: core/AddNot, occurrence: 13</pre><div class="alert alert-secondary"><pre class="diff">--- mutation diff ---
--- aqueue2.py
+++ bqueue2.py
@@ -111,7 +111,7 @@
     def __iter__(self):
         """Iterator of values in queue."""
         n = self.head
-        while n != None:
+        while not n != None:
             yield n.value
             n = n.next
         </pre></div><div class="alert alert-secondary"><pre class="diff">============================= test session starts ==============================
platform linux -- Python 3.10.10, pytest-7.2.1, pluggy-1.0.0
rootdir: /home/auri/temp/lucca/python_experiments/queue2
collected 41 items

MOSA-WHOLE_SUITE/test_queue2_MOSA.py ....FF.....F.F.F..F..F.F...         [ 65%]
MOSA-WHOLE_SUITE/test_queue2_WHOLE_SUITE.py .......F....FF               [100%]

=========================== short test summary info ============================
FAILED MOSA-WHOLE_SUITE/test_queue2_MOSA.py::test_case_4 - assert 0 == 1
FAILED MOSA-WHOLE_SUITE/test_queue2_MOSA.py::test_case_5 - AttributeError: 'N...
FAILED MOSA-WHOLE_SUITE/test_queue2_MOSA.py::test_case_11 - assert 0 == 1
FAILED MOSA-WHOLE_SUITE/test_queue2_MOSA.py::test_case_13 - AttributeError: '...
FAILED MOSA-WHOLE_SUITE/test_queue2_MOSA.py::test_case_15 - assert 0 == 1
FAILED MOSA-WHOLE_SUITE/test_queue2_MOSA.py::test_case_18 - assert 0 == 1
FAILED MOSA-WHOLE_SUITE/test_queue2_MOSA.py::test_case_21 - assert 0 == 1
FAILED MOSA-WHOLE_SUITE/test_queue2_MOSA.py::test_case_23 - assert 0 == 1
FAILED MOSA-WHOLE_SUITE/test_queue2_WHOLE_SUITE.py::test_case_7 - AssertionEr...
FAILED MOSA-WHOLE_SUITE/test_queue2_WHOLE_SUITE.py::test_case_12 - AssertionE...
FAILED MOSA-WHOLE_SUITE/test_queue2_WHOLE_SUITE.py::test_case_13 - AttributeE...
======================== 11 failed, 30 passed in 0.07s =========================
</pre></div></div></div></div></div><div class="mb-1" id="job_list___sub_accordion_45"><div class="card"><a data-toggle="collapse" data-target="#job_list___sub_collapse_45_1" aria-expanded="false" aria-controls="job_list___sub_collapse_45_1" href="#" class="job_list___sub_multi_heading"><div role="alert" class="card-header alert-success" id="job_list___sub_heading_45_1"><button class="btn btn-outline-success"><span class="job_id">45 : Job ID 4d23af7c01ae4e8d8daef5d64a353227</span></button></div></a><div aria-labelledby="job_list___sub_heading_45_1" data-parent="#job_list___sub_accordion_45" class="collapse job_list___sub_multi_collapse" id="job_list___sub_collapse_45_1"><div class="card-body"><div class="work-item"><div class="alert alert-success test-outcome" role="alert"><p>worker outcome: normal</p><p>test outcome: killed</p></div></div><pre class="location"><a href="pycharm://open?file=queue2.py&amp;line=120" class="text-secondary"><button class="btn btn-outline-dark">queue2.py, start pos: (120, 11), end pos: (120, 28)</button></a></pre><pre>operator: core/AddNot, occurrence: 14</pre><div class="alert alert-secondary"><pre class="diff">--- mutation diff ---
--- aqueue2.py
+++ bqueue2.py
@@ -117,7 +117,7 @@
         
     def __repr__(self):
         """String representation of queue."""
-        if self.head is None:
+        if not self.head is None:
             return 'queue:[]'
 
         return 'queue:[{0:s}]'.format(','.join(map(str,self)))</pre></div><div class="alert alert-secondary"><pre class="diff">============================= test session starts ==============================
platform linux -- Python 3.10.10, pytest-7.2.1, pluggy-1.0.0
rootdir: /home/auri/temp/lucca/python_experiments/queue2
collected 41 items

MOSA-WHOLE_SUITE/test_queue2_MOSA.py ...............F...........         [ 65%]
MOSA-WHOLE_SUITE/test_queue2_WHOLE_SUITE.py .......F....F.               [100%]

=========================== short test summary info ============================
FAILED MOSA-WHOLE_SUITE/test_queue2_MOSA.py::test_case_15 - AssertionError: a...
FAILED MOSA-WHOLE_SUITE/test_queue2_WHOLE_SUITE.py::test_case_7 - AssertionEr...
FAILED MOSA-WHOLE_SUITE/test_queue2_WHOLE_SUITE.py::test_case_12 - AssertionE...
========================= 3 failed, 38 passed in 0.06s =========================
</pre></div></div></div></div></div><div class="mb-1" id="job_list___sub_accordion_46"><div class="card"><a data-toggle="collapse" data-target="#job_list___sub_collapse_46_1" aria-expanded="false" aria-controls="job_list___sub_collapse_46_1" href="#" class="job_list___sub_multi_heading"><div role="alert" class="card-header alert-success" id="job_list___sub_heading_46_1"><button class="btn btn-outline-success"><span class="job_id">46 : Job ID 2896a8bd80b443c293c4272b83b67ee3</span></button></div></a><div aria-labelledby="job_list___sub_heading_46_1" data-parent="#job_list___sub_accordion_46" class="collapse job_list___sub_multi_collapse" id="job_list___sub_collapse_46_1"><div class="card-body"><div class="work-item"><div class="alert alert-success test-outcome" role="alert"><p>worker outcome: normal</p><p>test outcome: killed</p></div></div><pre class="location"><a href="pycharm://open?file=queue2.py&amp;line=129" class="text-secondary"><button class="btn btn-outline-dark">queue2.py, start pos: (129, 14), end pos: (129, 23)</button></a></pre><pre>operator: core/AddNot, occurrence: 15</pre><div class="alert alert-secondary"><pre class="diff">--- mutation diff ---
--- aqueue2.py
+++ bqueue2.py
@@ -126,7 +126,7 @@
         """Count values in queue."""
         n = self.head
         count = 0
-        while n != None:
+        while not n != None:
             count += 1
             n = n.next
         return count</pre></div><div class="alert alert-secondary"><pre class="diff">============================= test session starts ==============================
platform linux -- Python 3.10.10, pytest-7.2.1, pluggy-1.0.0
rootdir: /home/auri/temp/lucca/python_experiments/queue2
collected 41 items

MOSA-WHOLE_SUITE/test_queue2_MOSA.py ....FFFFF.FFFFFFFFF.FFFF...         [ 65%]
MOSA-WHOLE_SUITE/test_queue2_WHOLE_SUITE.py F.F..FFF..F.FF               [100%]

=========================== short test summary info ============================
FAILED MOSA-WHOLE_SUITE/test_queue2_MOSA.py::test_case_4 - AttributeError: 'N...
FAILED MOSA-WHOLE_SUITE/test_queue2_MOSA.py::test_case_5 - AttributeError: 'N...
FAILED MOSA-WHOLE_SUITE/test_queue2_MOSA.py::test_case_6 - AttributeError: 'N...
FAILED MOSA-WHOLE_SUITE/test_queue2_MOSA.py::test_case_7 - AttributeError: 'N...
FAILED MOSA-WHOLE_SUITE/test_queue2_MOSA.py::test_case_8 - AttributeError: 'N...
FAILED MOSA-WHOLE_SUITE/test_queue2_MOSA.py::test_case_10 - AttributeError: '...
FAILED MOSA-WHOLE_SUITE/test_queue2_MOSA.py::test_case_11 - AttributeError: '...
FAILED MOSA-WHOLE_SUITE/test_queue2_MOSA.py::test_case_12 - AttributeError: '...
FAILED MOSA-WHOLE_SUITE/test_queue2_MOSA.py::test_case_13 - AttributeError: '...
FAILED MOSA-WHOLE_SUITE/test_queue2_MOSA.py::test_case_14 - AttributeError: '...
FAILED MOSA-WHOLE_SUITE/test_queue2_MOSA.py::test_case_15 - AttributeError: '...
FAILED MOSA-WHOLE_SUITE/test_queue2_MOSA.py::test_case_16 - AttributeError: '...
FAILED MOSA-WHOLE_SUITE/test_queue2_MOSA.py::test_case_17 - AttributeError: '...
FAILED MOSA-WHOLE_SUITE/test_queue2_MOSA.py::test_case_18 - AttributeError: '...
FAILED MOSA-WHOLE_SUITE/test_queue2_MOSA.py::test_case_20 - AttributeError: '...
FAILED MOSA-WHOLE_SUITE/test_queue2_MOSA.py::test_case_21 - AttributeError: '...
FAILED MOSA-WHOLE_SUITE/test_queue2_MOSA.py::test_case_22 - AttributeError: '...
FAILED MOSA-WHOLE_SUITE/test_queue2_MOSA.py::test_case_23 - AttributeError: '...
FAILED MOSA-WHOLE_SUITE/test_queue2_WHOLE_SUITE.py::test_case_0 - AttributeEr...
FAILED MOSA-WHOLE_SUITE/test_queue2_WHOLE_SUITE.py::test_case_2 - AttributeEr...
FAILED MOSA-WHOLE_SUITE/test_queue2_WHOLE_SUITE.py::test_case_5 - AttributeEr...
FAILED MOSA-WHOLE_SUITE/test_queue2_WHOLE_SUITE.py::test_case_6 - AttributeEr...
FAILED MOSA-WHOLE_SUITE/test_queue2_WHOLE_SUITE.py::test_case_7 - AttributeEr...
FAILED MOSA-WHOLE_SUITE/test_queue2_WHOLE_SUITE.py::test_case_10 - AttributeE...
FAILED MOSA-WHOLE_SUITE/test_queue2_WHOLE_SUITE.py::test_case_12 - AttributeE...
FAILED MOSA-WHOLE_SUITE/test_queue2_WHOLE_SUITE.py::test_case_13 - AttributeE...
======================== 26 failed, 15 passed in 0.08s =========================
</pre></div></div></div></div></div><div class="mb-1" id="job_list___sub_accordion_47"><div class="card"><a data-toggle="collapse" data-target="#job_list___sub_collapse_47_1" aria-expanded="false" aria-controls="job_list___sub_collapse_47_1" href="#" class="job_list___sub_multi_heading"><div role="alert" class="card-header alert-danger" id="job_list___sub_heading_47_1"><button class="btn btn-outline-danger"><span class="job_id">47 : Job ID 974c7d7ab2bb498496c1f02188710077</span></button></div></a><div aria-labelledby="job_list___sub_heading_47_1" data-parent="#job_list___sub_accordion_47" class="collapse job_list___sub_multi_collapse" id="job_list___sub_collapse_47_1"><div class="card-body"><div class="work-item"><div class="alert alert-danger test-outcome" role="alert"><p>SURVIVED</p><p>worker outcome: normal</p><p>test outcome: survived</p></div></div><pre class="location"><a href="pycharm://open?file=queue2.py&amp;line=21" class="text-secondary"><button class="btn btn-outline-dark">queue2.py, start pos: (21, 32), end pos: (21, 36)</button></a></pre><pre>operator: core/ReplaceTrueWithFalse, occurrence: 0</pre><div class="alert alert-secondary"><pre class="diff">--- mutation diff ---
--- aqueue2.py
+++ bqueue2.py
@@ -18,7 +18,7 @@
             p1 = p1.next
             p2 = p2.next.next
             
-            if p1 == p2: return True
+            if p1 == p2: return False
         return False
 
 class LinkedList:</pre></div><div class="alert alert-secondary"><pre class="diff">============================= test session starts ==============================
platform linux -- Python 3.10.10, pytest-7.2.1, pluggy-1.0.0
rootdir: /home/auri/temp/lucca/python_experiments/queue2
collected 41 items

MOSA-WHOLE_SUITE/test_queue2_MOSA.py ...........................         [ 65%]
MOSA-WHOLE_SUITE/test_queue2_WHOLE_SUITE.py ..............               [100%]

============================== 41 passed in 0.06s ==============================
</pre></div></div></div></div></div><div class="mb-1" id="job_list___sub_accordion_48"><div class="card"><a data-toggle="collapse" data-target="#job_list___sub_collapse_48_1" aria-expanded="false" aria-controls="job_list___sub_collapse_48_1" href="#" class="job_list___sub_multi_heading"><div role="alert" class="card-header alert-success" id="job_list___sub_heading_48_1"><button class="btn btn-outline-success"><span class="job_id">48 : Job ID b268ff63579344358a464321103739a2</span></button></div></a><div aria-labelledby="job_list___sub_heading_48_1" data-parent="#job_list___sub_accordion_48" class="collapse job_list___sub_multi_collapse" id="job_list___sub_collapse_48_1"><div class="card-body"><div class="work-item"><div class="alert alert-success test-outcome" role="alert"><p>worker outcome: normal</p><p>test outcome: killed</p></div></div><pre class="location"><a href="pycharm://open?file=queue2.py&amp;line=53" class="text-secondary"><button class="btn btn-outline-dark">queue2.py, start pos: (53, 23), end pos: (53, 27)</button></a></pre><pre>operator: core/ReplaceTrueWithFalse, occurrence: 1</pre><div class="alert alert-secondary"><pre class="diff">--- mutation diff ---
--- aqueue2.py
+++ bqueue2.py
@@ -50,7 +50,7 @@
                     self.head = self.head.next
                 else:
                     last.next = n.next
-                return True
+                return False
             n = n.next
         return False
         </pre></div><div class="alert alert-secondary"><pre class="diff">============================= test session starts ==============================
platform linux -- Python 3.10.10, pytest-7.2.1, pluggy-1.0.0
rootdir: /home/auri/temp/lucca/python_experiments/queue2
collected 41 items

MOSA-WHOLE_SUITE/test_queue2_MOSA.py ..F..F.....F.F.......F.....         [ 65%]
MOSA-WHOLE_SUITE/test_queue2_WHOLE_SUITE.py ..........F...               [100%]

=========================== short test summary info ============================
FAILED MOSA-WHOLE_SUITE/test_queue2_MOSA.py::test_case_2 - assert False is True
FAILED MOSA-WHOLE_SUITE/test_queue2_MOSA.py::test_case_5 - assert False is True
FAILED MOSA-WHOLE_SUITE/test_queue2_MOSA.py::test_case_11 - assert False is True
FAILED MOSA-WHOLE_SUITE/test_queue2_MOSA.py::test_case_13 - assert False is True
FAILED MOSA-WHOLE_SUITE/test_queue2_MOSA.py::test_case_21 - assert False is True
FAILED MOSA-WHOLE_SUITE/test_queue2_WHOLE_SUITE.py::test_case_10 - assert Fal...
========================= 6 failed, 35 passed in 0.07s =========================
</pre></div></div></div></div></div><div class="mb-1" id="job_list___sub_accordion_49"><div class="card"><a data-toggle="collapse" data-target="#job_list___sub_collapse_49_1" aria-expanded="false" aria-controls="job_list___sub_collapse_49_1" href="#" class="job_list___sub_multi_heading"><div role="alert" class="card-header alert-success" id="job_list___sub_heading_49_1"><button class="btn btn-outline-success"><span class="job_id">49 : Job ID 5edf80d6a7a84bcab7b6322c6550e320</span></button></div></a><div aria-labelledby="job_list___sub_heading_49_1" data-parent="#job_list___sub_accordion_49" class="collapse job_list___sub_multi_collapse" id="job_list___sub_collapse_49_1"><div class="card-body"><div class="work-item"><div class="alert alert-success test-outcome" role="alert"><p>worker outcome: normal</p><p>test outcome: killed</p></div></div><pre class="location"><a href="pycharm://open?file=queue2.py&amp;line=16" class="text-secondary"><button class="btn btn-outline-dark">queue2.py, start pos: (16, 39), end pos: (16, 44)</button></a></pre><pre>operator: core/ReplaceFalseWithTrue, occurrence: 0</pre><div class="alert alert-secondary"><pre class="diff">--- mutation diff ---
--- aqueue2.py
+++ bqueue2.py
@@ -13,7 +13,7 @@
         """Check whether infinite loop via next."""
         p1 = p2 = self
         while p1 != None and p2 != None:
-            if p2.next == None: return False
+            if p2.next == None: return True
 
             p1 = p1.next
             p2 = p2.next.next</pre></div><div class="alert alert-secondary"><pre class="diff">============================= test session starts ==============================
platform linux -- Python 3.10.10, pytest-7.2.1, pluggy-1.0.0
rootdir: /home/auri/temp/lucca/python_experiments/queue2
collected 41 items

MOSA-WHOLE_SUITE/test_queue2_MOSA.py F....F............F.FF.....         [ 65%]
MOSA-WHOLE_SUITE/test_queue2_WHOLE_SUITE.py ..F...........               [100%]

=========================== short test summary info ============================
FAILED MOSA-WHOLE_SUITE/test_queue2_MOSA.py::test_case_0 - assert True is False
FAILED MOSA-WHOLE_SUITE/test_queue2_MOSA.py::test_case_5 - assert True is False
FAILED MOSA-WHOLE_SUITE/test_queue2_MOSA.py::test_case_18 - assert True is False
FAILED MOSA-WHOLE_SUITE/test_queue2_MOSA.py::test_case_20 - assert True is False
FAILED MOSA-WHOLE_SUITE/test_queue2_MOSA.py::test_case_21 - assert True is False
FAILED MOSA-WHOLE_SUITE/test_queue2_WHOLE_SUITE.py::test_case_2 - assert True...
========================= 6 failed, 35 passed in 0.07s =========================
</pre></div></div></div></div></div><div class="mb-1" id="job_list___sub_accordion_50"><div class="card"><a data-toggle="collapse" data-target="#job_list___sub_collapse_50_1" aria-expanded="false" aria-controls="job_list___sub_collapse_50_1" href="#" class="job_list___sub_multi_heading"><div role="alert" class="card-header alert-success" id="job_list___sub_heading_50_1"><button class="btn btn-outline-success"><span class="job_id">50 : Job ID 87da9642507745d1996f9e224a6b5c31</span></button></div></a><div aria-labelledby="job_list___sub_heading_50_1" data-parent="#job_list___sub_accordion_50" class="collapse job_list___sub_multi_collapse" id="job_list___sub_collapse_50_1"><div class="card-body"><div class="work-item"><div class="alert alert-success test-outcome" role="alert"><p>worker outcome: normal</p><p>test outcome: killed</p></div></div><pre class="location"><a href="pycharm://open?file=queue2.py&amp;line=22" class="text-secondary"><button class="btn btn-outline-dark">queue2.py, start pos: (22, 15), end pos: (22, 20)</button></a></pre><pre>operator: core/ReplaceFalseWithTrue, occurrence: 1</pre><div class="alert alert-secondary"><pre class="diff">--- mutation diff ---
--- aqueue2.py
+++ bqueue2.py
@@ -19,7 +19,7 @@
             p2 = p2.next.next
             
             if p1 == p2: return True
-        return False
+        return True
 
 class LinkedList:
     def __init__(self, *start):</pre></div><div class="alert alert-secondary"><pre class="diff">============================= test session starts ==============================
platform linux -- Python 3.10.10, pytest-7.2.1, pluggy-1.0.0
rootdir: /home/auri/temp/lucca/python_experiments/queue2
collected 41 items

MOSA-WHOLE_SUITE/test_queue2_MOSA.py ...FF..........F.........F.         [ 65%]
MOSA-WHOLE_SUITE/test_queue2_WHOLE_SUITE.py ..............               [100%]

=========================== short test summary info ============================
FAILED MOSA-WHOLE_SUITE/test_queue2_MOSA.py::test_case_3 - assert True is False
FAILED MOSA-WHOLE_SUITE/test_queue2_MOSA.py::test_case_4 - assert True is False
FAILED MOSA-WHOLE_SUITE/test_queue2_MOSA.py::test_case_15 - assert True is False
FAILED MOSA-WHOLE_SUITE/test_queue2_MOSA.py::test_case_25 - assert True is False
========================= 4 failed, 37 passed in 0.07s =========================
</pre></div></div></div></div></div><div class="mb-1" id="job_list___sub_accordion_51"><div class="card"><a data-toggle="collapse" data-target="#job_list___sub_collapse_51_1" aria-expanded="false" aria-controls="job_list___sub_collapse_51_1" href="#" class="job_list___sub_multi_heading"><div role="alert" class="card-header alert-success" id="job_list___sub_heading_51_1"><button class="btn btn-outline-success"><span class="job_id">51 : Job ID 0baa7a939cc14e37aae09b97741c10d8</span></button></div></a><div aria-labelledby="job_list___sub_heading_51_1" data-parent="#job_list___sub_accordion_51" class="collapse job_list___sub_multi_collapse" id="job_list___sub_collapse_51_1"><div class="card-body"><div class="work-item"><div class="alert alert-success test-outcome" role="alert"><p>worker outcome: normal</p><p>test outcome: killed</p></div></div><pre class="location"><a href="pycharm://open?file=queue2.py&amp;line=55" class="text-secondary"><button class="btn btn-outline-dark">queue2.py, start pos: (55, 15), end pos: (55, 20)</button></a></pre><pre>operator: core/ReplaceFalseWithTrue, occurrence: 2</pre><div class="alert alert-secondary"><pre class="diff">--- mutation diff ---
--- aqueue2.py
+++ bqueue2.py
@@ -52,7 +52,7 @@
                     last.next = n.next
                 return True
             n = n.next
-        return False
+        return True
         
     def __iter__(self):
         """Iterator of values in the list."""</pre></div><div class="alert alert-secondary"><pre class="diff">============================= test session starts ==============================
platform linux -- Python 3.10.10, pytest-7.2.1, pluggy-1.0.0
rootdir: /home/auri/temp/lucca/python_experiments/queue2
collected 41 items

MOSA-WHOLE_SUITE/test_queue2_MOSA.py .....F............F..F.FF..         [ 65%]
MOSA-WHOLE_SUITE/test_queue2_WHOLE_SUITE.py .F..F.....F...               [100%]

=========================== short test summary info ============================
FAILED MOSA-WHOLE_SUITE/test_queue2_MOSA.py::test_case_5 - assert True is False
FAILED MOSA-WHOLE_SUITE/test_queue2_MOSA.py::test_case_18 - assert True is False
FAILED MOSA-WHOLE_SUITE/test_queue2_MOSA.py::test_case_21 - assert True is False
FAILED MOSA-WHOLE_SUITE/test_queue2_MOSA.py::test_case_23 - assert True is False
FAILED MOSA-WHOLE_SUITE/test_queue2_MOSA.py::test_case_24 - assert True is False
FAILED MOSA-WHOLE_SUITE/test_queue2_WHOLE_SUITE.py::test_case_1 - assert True...
FAILED MOSA-WHOLE_SUITE/test_queue2_WHOLE_SUITE.py::test_case_4 - assert True...
FAILED MOSA-WHOLE_SUITE/test_queue2_WHOLE_SUITE.py::test_case_10 - assert Tru...
========================= 8 failed, 33 passed in 0.07s =========================
</pre></div></div></div></div></div><div class="mb-1" id="job_list___sub_accordion_52"><div class="card"><a data-toggle="collapse" data-target="#job_list___sub_collapse_52_1" aria-expanded="false" aria-controls="job_list___sub_collapse_52_1" href="#" class="job_list___sub_multi_heading"><div role="alert" class="card-header alert-success" id="job_list___sub_heading_52_1"><button class="btn btn-outline-success"><span class="job_id">52 : Job ID eb56ecc2f9ad44e18e75b393672dd790</span></button></div></a><div aria-labelledby="job_list___sub_heading_52_1" data-parent="#job_list___sub_accordion_52" class="collapse job_list___sub_multi_collapse" id="job_list___sub_collapse_52_1"><div class="card-body"><div class="work-item"><div class="alert alert-success test-outcome" role="alert"><p>worker outcome: normal</p><p>test outcome: killed</p></div></div><pre class="location"><a href="pycharm://open?file=queue2.py&amp;line=15" class="text-secondary"><button class="btn btn-outline-dark">queue2.py, start pos: (15, 25), end pos: (15, 28)</button></a></pre><pre>operator: core/ReplaceAndWithOr, occurrence: 0</pre><div class="alert alert-secondary"><pre class="diff">--- mutation diff ---
--- aqueue2.py
+++ bqueue2.py
@@ -12,7 +12,7 @@
     def checkInfinite(self):
         """Check whether infinite loop via next."""
         p1 = p2 = self
-        while p1 != None and p2 != None:
+        while p1 != None or p2 != None:
             if p2.next == None: return False
 
             p1 = p1.next</pre></div><div class="alert alert-secondary"><pre class="diff">============================= test session starts ==============================
platform linux -- Python 3.10.10, pytest-7.2.1, pluggy-1.0.0
rootdir: /home/auri/temp/lucca/python_experiments/queue2
collected 41 items

MOSA-WHOLE_SUITE/test_queue2_MOSA.py ...FF..........F.........F.         [ 65%]
MOSA-WHOLE_SUITE/test_queue2_WHOLE_SUITE.py ..............               [100%]

=========================== short test summary info ============================
FAILED MOSA-WHOLE_SUITE/test_queue2_MOSA.py::test_case_3 - AttributeError: 'N...
FAILED MOSA-WHOLE_SUITE/test_queue2_MOSA.py::test_case_4 - AttributeError: 'N...
FAILED MOSA-WHOLE_SUITE/test_queue2_MOSA.py::test_case_15 - AttributeError: '...
FAILED MOSA-WHOLE_SUITE/test_queue2_MOSA.py::test_case_25 - AttributeError: '...
========================= 4 failed, 37 passed in 0.07s =========================
</pre></div></div></div></div></div><div class="mb-1" id="job_list___sub_accordion_53"><div class="card"><a data-toggle="collapse" data-target="#job_list___sub_collapse_53_1" aria-expanded="false" aria-controls="job_list___sub_collapse_53_1" href="#" class="job_list___sub_multi_heading"><div role="alert" class="card-header alert-success" id="job_list___sub_heading_53_1"><button class="btn btn-outline-success"><span class="job_id">53 : Job ID d3f87985e8874b848b9f66fd74f35dd8</span></button></div></a><div aria-labelledby="job_list___sub_heading_53_1" data-parent="#job_list___sub_accordion_53" class="collapse job_list___sub_multi_collapse" id="job_list___sub_collapse_53_1"><div class="card-body"><div class="work-item"><div class="alert alert-success test-outcome" role="alert"><p>worker outcome: normal</p><p>test outcome: killed</p></div></div><pre class="location"><a href="pycharm://open?file=queue2.py&amp;line=74" class="text-secondary"><button class="btn btn-outline-dark">queue2.py, start pos: (74, 16), end pos: (74, 17)</button></a></pre><pre>operator: core/NumberReplacer, occurrence: 0</pre><div class="alert alert-secondary"><pre class="diff">--- mutation diff ---
--- aqueue2.py
+++ bqueue2.py
@@ -71,7 +71,7 @@
     def __len__(self):
         """Count values in list."""
         n = self.head
-        count = 0
+        count = 1
         while n != None:
             count += 1
             n = n.next</pre></div><div class="alert alert-secondary"><pre class="diff">============================= test session starts ==============================
platform linux -- Python 3.10.10, pytest-7.2.1, pluggy-1.0.0
rootdir: /home/auri/temp/lucca/python_experiments/queue2
collected 41 items

MOSA-WHOLE_SUITE/test_queue2_MOSA.py .FFFFFFFF..F.F.FF.F..FFFF..         [ 65%]
MOSA-WHOLE_SUITE/test_queue2_WHOLE_SUITE.py .FF.F....FF.FF               [100%]

=========================== short test summary info ============================
FAILED MOSA-WHOLE_SUITE/test_queue2_MOSA.py::test_case_1 - assert 4 == 3
FAILED MOSA-WHOLE_SUITE/test_queue2_MOSA.py::test_case_2 - assert 1 == 0
FAILED MOSA-WHOLE_SUITE/test_queue2_MOSA.py::test_case_3 - assert 1 == 0
FAILED MOSA-WHOLE_SUITE/test_queue2_MOSA.py::test_case_4 - assert 1 == 0
FAILED MOSA-WHOLE_SUITE/test_queue2_MOSA.py::test_case_5 - assert 1 == 0
FAILED MOSA-WHOLE_SUITE/test_queue2_MOSA.py::test_case_6 - assert 1 == 0
FAILED MOSA-WHOLE_SUITE/test_queue2_MOSA.py::test_case_7 - assert 2 == 1
FAILED MOSA-WHOLE_SUITE/test_queue2_MOSA.py::test_case_8 - assert 1 == 0
FAILED MOSA-WHOLE_SUITE/test_queue2_MOSA.py::test_case_11 - assert 2 == 1
FAILED MOSA-WHOLE_SUITE/test_queue2_MOSA.py::test_case_13 - assert 1 == 0
FAILED MOSA-WHOLE_SUITE/test_queue2_MOSA.py::test_case_15 - assert 1 == 0
FAILED MOSA-WHOLE_SUITE/test_queue2_MOSA.py::test_case_16 - assert 1 == 0
FAILED MOSA-WHOLE_SUITE/test_queue2_MOSA.py::test_case_18 - assert 1 == 0
FAILED MOSA-WHOLE_SUITE/test_queue2_MOSA.py::test_case_21 - assert 1 == 0
FAILED MOSA-WHOLE_SUITE/test_queue2_MOSA.py::test_case_22 - assert 5 == 4
FAILED MOSA-WHOLE_SUITE/test_queue2_MOSA.py::test_case_23 - assert 1 == 0
FAILED MOSA-WHOLE_SUITE/test_queue2_MOSA.py::test_case_24 - assert 4 == 3
FAILED MOSA-WHOLE_SUITE/test_queue2_WHOLE_SUITE.py::test_case_1 - assert 1 == 0
FAILED MOSA-WHOLE_SUITE/test_queue2_WHOLE_SUITE.py::test_case_2 - assert 1 == 0
FAILED MOSA-WHOLE_SUITE/test_queue2_WHOLE_SUITE.py::test_case_4 - assert 5 == 4
FAILED MOSA-WHOLE_SUITE/test_queue2_WHOLE_SUITE.py::test_case_9 - assert 1 == 0
FAILED MOSA-WHOLE_SUITE/test_queue2_WHOLE_SUITE.py::test_case_10 - assert 5 == 4
FAILED MOSA-WHOLE_SUITE/test_queue2_WHOLE_SUITE.py::test_case_12 - assert 1 == 0
FAILED MOSA-WHOLE_SUITE/test_queue2_WHOLE_SUITE.py::test_case_13 - assert 1 == 0
======================== 24 failed, 17 passed in 0.08s =========================
</pre></div></div></div></div></div><div class="mb-1" id="job_list___sub_accordion_54"><div class="card"><a data-toggle="collapse" data-target="#job_list___sub_collapse_54_1" aria-expanded="false" aria-controls="job_list___sub_collapse_54_1" href="#" class="job_list___sub_multi_heading"><div role="alert" class="card-header alert-success" id="job_list___sub_heading_54_1"><button class="btn btn-outline-success"><span class="job_id">54 : Job ID cfa97b515efb46b1bec3dfa69405f443</span></button></div></a><div aria-labelledby="job_list___sub_heading_54_1" data-parent="#job_list___sub_accordion_54" class="collapse job_list___sub_multi_collapse" id="job_list___sub_collapse_54_1"><div class="card-body"><div class="work-item"><div class="alert alert-success test-outcome" role="alert"><p>worker outcome: normal</p><p>test outcome: killed</p></div></div><pre class="location"><a href="pycharm://open?file=queue2.py&amp;line=74" class="text-secondary"><button class="btn btn-outline-dark">queue2.py, start pos: (74, 16), end pos: (74, 17)</button></a></pre><pre>operator: core/NumberReplacer, occurrence: 1</pre><div class="alert alert-secondary"><pre class="diff">--- mutation diff ---
--- aqueue2.py
+++ bqueue2.py
@@ -71,7 +71,7 @@
     def __len__(self):
         """Count values in list."""
         n = self.head
-        count = 0
+        count = -1
         while n != None:
             count += 1
             n = n.next</pre></div><div class="alert alert-secondary"><pre class="diff">============================= test session starts ==============================
platform linux -- Python 3.10.10, pytest-7.2.1, pluggy-1.0.0
rootdir: /home/auri/temp/lucca/python_experiments/queue2
collected 41 items

MOSA-WHOLE_SUITE/test_queue2_MOSA.py .FFFFFFFF..F.F.FF.F..FFFF..         [ 65%]
MOSA-WHOLE_SUITE/test_queue2_WHOLE_SUITE.py .FF.F....FF.FF               [100%]

=========================== short test summary info ============================
FAILED MOSA-WHOLE_SUITE/test_queue2_MOSA.py::test_case_1 - assert 2 == 3
FAILED MOSA-WHOLE_SUITE/test_queue2_MOSA.py::test_case_2 - ValueError: __len_...
FAILED MOSA-WHOLE_SUITE/test_queue2_MOSA.py::test_case_3 - ValueError: __len_...
FAILED MOSA-WHOLE_SUITE/test_queue2_MOSA.py::test_case_4 - ValueError: __len_...
FAILED MOSA-WHOLE_SUITE/test_queue2_MOSA.py::test_case_5 - ValueError: __len_...
FAILED MOSA-WHOLE_SUITE/test_queue2_MOSA.py::test_case_6 - ValueError: __len_...
FAILED MOSA-WHOLE_SUITE/test_queue2_MOSA.py::test_case_7 - assert 0 == 1
FAILED MOSA-WHOLE_SUITE/test_queue2_MOSA.py::test_case_8 - ValueError: __len_...
FAILED MOSA-WHOLE_SUITE/test_queue2_MOSA.py::test_case_11 - assert 0 == 1
FAILED MOSA-WHOLE_SUITE/test_queue2_MOSA.py::test_case_13 - ValueError: __len...
FAILED MOSA-WHOLE_SUITE/test_queue2_MOSA.py::test_case_15 - ValueError: __len...
FAILED MOSA-WHOLE_SUITE/test_queue2_MOSA.py::test_case_16 - ValueError: __len...
FAILED MOSA-WHOLE_SUITE/test_queue2_MOSA.py::test_case_18 - ValueError: __len...
FAILED MOSA-WHOLE_SUITE/test_queue2_MOSA.py::test_case_21 - ValueError: __len...
FAILED MOSA-WHOLE_SUITE/test_queue2_MOSA.py::test_case_22 - assert 3 == 4
FAILED MOSA-WHOLE_SUITE/test_queue2_MOSA.py::test_case_23 - ValueError: __len...
FAILED MOSA-WHOLE_SUITE/test_queue2_MOSA.py::test_case_24 - assert 2 == 3
FAILED MOSA-WHOLE_SUITE/test_queue2_WHOLE_SUITE.py::test_case_1 - ValueError:...
FAILED MOSA-WHOLE_SUITE/test_queue2_WHOLE_SUITE.py::test_case_2 - ValueError:...
FAILED MOSA-WHOLE_SUITE/test_queue2_WHOLE_SUITE.py::test_case_4 - assert 3 == 4
FAILED MOSA-WHOLE_SUITE/test_queue2_WHOLE_SUITE.py::test_case_9 - ValueError:...
FAILED MOSA-WHOLE_SUITE/test_queue2_WHOLE_SUITE.py::test_case_10 - assert 3 == 4
FAILED MOSA-WHOLE_SUITE/test_queue2_WHOLE_SUITE.py::test_case_12 - ValueError...
FAILED MOSA-WHOLE_SUITE/test_queue2_WHOLE_SUITE.py::test_case_13 - ValueError...
======================== 24 failed, 17 passed in 0.08s =========================
</pre></div></div></div></div></div><div class="mb-1" id="job_list___sub_accordion_55"><div class="card"><a data-toggle="collapse" data-target="#job_list___sub_collapse_55_1" aria-expanded="false" aria-controls="job_list___sub_collapse_55_1" href="#" class="job_list___sub_multi_heading"><div role="alert" class="card-header alert-success" id="job_list___sub_heading_55_1"><button class="btn btn-outline-success"><span class="job_id">55 : Job ID 1b21a44392b54312a9c5a5feac3c5e11</span></button></div></a><div aria-labelledby="job_list___sub_heading_55_1" data-parent="#job_list___sub_accordion_55" class="collapse job_list___sub_multi_collapse" id="job_list___sub_collapse_55_1"><div class="card-body"><div class="work-item"><div class="alert alert-success test-outcome" role="alert"><p>worker outcome: normal</p><p>test outcome: killed</p></div></div><pre class="location"><a href="pycharm://open?file=queue2.py&amp;line=76" class="text-secondary"><button class="btn btn-outline-dark">queue2.py, start pos: (76, 21), end pos: (76, 22)</button></a></pre><pre>operator: core/NumberReplacer, occurrence: 2</pre><div class="alert alert-secondary"><pre class="diff">--- mutation diff ---
--- aqueue2.py
+++ bqueue2.py
@@ -73,7 +73,7 @@
         n = self.head
         count = 0
         while n != None:
-            count += 1
+            count += 2
             n = n.next
         return count
     </pre></div><div class="alert alert-secondary"><pre class="diff">============================= test session starts ==============================
platform linux -- Python 3.10.10, pytest-7.2.1, pluggy-1.0.0
rootdir: /home/auri/temp/lucca/python_experiments/queue2
collected 41 items

MOSA-WHOLE_SUITE/test_queue2_MOSA.py .FF.FF.F...F.F.F..F..FFFF..         [ 65%]
MOSA-WHOLE_SUITE/test_queue2_WHOLE_SUITE.py ....F.....F.F.               [100%]

=========================== short test summary info ============================
FAILED MOSA-WHOLE_SUITE/test_queue2_MOSA.py::test_case_1 - assert 6 == 3
FAILED MOSA-WHOLE_SUITE/test_queue2_MOSA.py::test_case_2 - AssertionError: as...
FAILED MOSA-WHOLE_SUITE/test_queue2_MOSA.py::test_case_4 - assert 2 == 1
FAILED MOSA-WHOLE_SUITE/test_queue2_MOSA.py::test_case_5 - AssertionError: as...
FAILED MOSA-WHOLE_SUITE/test_queue2_MOSA.py::test_case_7 - assert 2 == 1
FAILED MOSA-WHOLE_SUITE/test_queue2_MOSA.py::test_case_11 - assert 2 == 1
FAILED MOSA-WHOLE_SUITE/test_queue2_MOSA.py::test_case_13 - AssertionError: a...
FAILED MOSA-WHOLE_SUITE/test_queue2_MOSA.py::test_case_15 - assert 2 == 1
FAILED MOSA-WHOLE_SUITE/test_queue2_MOSA.py::test_case_18 - AssertionError: a...
FAILED MOSA-WHOLE_SUITE/test_queue2_MOSA.py::test_case_21 - AssertionError: a...
FAILED MOSA-WHOLE_SUITE/test_queue2_MOSA.py::test_case_22 - assert 8 == 4
FAILED MOSA-WHOLE_SUITE/test_queue2_MOSA.py::test_case_23 - AssertionError: a...
FAILED MOSA-WHOLE_SUITE/test_queue2_MOSA.py::test_case_24 - assert 6 == 3
FAILED MOSA-WHOLE_SUITE/test_queue2_WHOLE_SUITE.py::test_case_4 - assert 8 == 4
FAILED MOSA-WHOLE_SUITE/test_queue2_WHOLE_SUITE.py::test_case_10 - assert 8 == 4
FAILED MOSA-WHOLE_SUITE/test_queue2_WHOLE_SUITE.py::test_case_12 - assert 2 == 1
======================== 16 failed, 25 passed in 0.07s =========================
</pre></div></div></div></div></div><div class="mb-1" id="job_list___sub_accordion_56"><div class="card"><a data-toggle="collapse" data-target="#job_list___sub_collapse_56_1" aria-expanded="false" aria-controls="job_list___sub_collapse_56_1" href="#" class="job_list___sub_multi_heading"><div role="alert" class="card-header alert-success" id="job_list___sub_heading_56_1"><button class="btn btn-outline-success"><span class="job_id">56 : Job ID 507b5bef9f8342d992795bd54d5e8b65</span></button></div></a><div aria-labelledby="job_list___sub_heading_56_1" data-parent="#job_list___sub_accordion_56" class="collapse job_list___sub_multi_collapse" id="job_list___sub_collapse_56_1"><div class="card-body"><div class="work-item"><div class="alert alert-success test-outcome" role="alert"><p>worker outcome: normal</p><p>test outcome: killed</p></div></div><pre class="location"><a href="pycharm://open?file=queue2.py&amp;line=76" class="text-secondary"><button class="btn btn-outline-dark">queue2.py, start pos: (76, 21), end pos: (76, 22)</button></a></pre><pre>operator: core/NumberReplacer, occurrence: 3</pre><div class="alert alert-secondary"><pre class="diff">--- mutation diff ---
--- aqueue2.py
+++ bqueue2.py
@@ -73,7 +73,7 @@
         n = self.head
         count = 0
         while n != None:
-            count += 1
+            count += 0
             n = n.next
         return count
     </pre></div><div class="alert alert-secondary"><pre class="diff">============================= test session starts ==============================
platform linux -- Python 3.10.10, pytest-7.2.1, pluggy-1.0.0
rootdir: /home/auri/temp/lucca/python_experiments/queue2
collected 41 items

MOSA-WHOLE_SUITE/test_queue2_MOSA.py .FF.FF.F...F.F.F..F..FFFF..         [ 65%]
MOSA-WHOLE_SUITE/test_queue2_WHOLE_SUITE.py ....F.....F.F.               [100%]

=========================== short test summary info ============================
FAILED MOSA-WHOLE_SUITE/test_queue2_MOSA.py::test_case_1 - assert 0 == 3
FAILED MOSA-WHOLE_SUITE/test_queue2_MOSA.py::test_case_2 - AssertionError: as...
FAILED MOSA-WHOLE_SUITE/test_queue2_MOSA.py::test_case_4 - assert 0 == 1
FAILED MOSA-WHOLE_SUITE/test_queue2_MOSA.py::test_case_5 - AssertionError: as...
FAILED MOSA-WHOLE_SUITE/test_queue2_MOSA.py::test_case_7 - assert 0 == 1
FAILED MOSA-WHOLE_SUITE/test_queue2_MOSA.py::test_case_11 - assert 0 == 1
FAILED MOSA-WHOLE_SUITE/test_queue2_MOSA.py::test_case_13 - AssertionError: a...
FAILED MOSA-WHOLE_SUITE/test_queue2_MOSA.py::test_case_15 - assert 0 == 1
FAILED MOSA-WHOLE_SUITE/test_queue2_MOSA.py::test_case_18 - AssertionError: a...
FAILED MOSA-WHOLE_SUITE/test_queue2_MOSA.py::test_case_21 - AssertionError: a...
FAILED MOSA-WHOLE_SUITE/test_queue2_MOSA.py::test_case_22 - assert 0 == 4
FAILED MOSA-WHOLE_SUITE/test_queue2_MOSA.py::test_case_23 - AssertionError: a...
FAILED MOSA-WHOLE_SUITE/test_queue2_MOSA.py::test_case_24 - assert 0 == 3
FAILED MOSA-WHOLE_SUITE/test_queue2_WHOLE_SUITE.py::test_case_4 - assert 0 == 4
FAILED MOSA-WHOLE_SUITE/test_queue2_WHOLE_SUITE.py::test_case_10 - assert 0 == 4
FAILED MOSA-WHOLE_SUITE/test_queue2_WHOLE_SUITE.py::test_case_12 - assert 0 == 1
======================== 16 failed, 25 passed in 0.07s =========================
</pre></div></div></div></div></div><div class="mb-1" id="job_list___sub_accordion_57"><div class="card"><a data-toggle="collapse" data-target="#job_list___sub_collapse_57_1" aria-expanded="false" aria-controls="job_list___sub_collapse_57_1" href="#" class="job_list___sub_multi_heading"><div role="alert" class="card-header alert-success" id="job_list___sub_heading_57_1"><button class="btn btn-outline-success"><span class="job_id">57 : Job ID 26a0a9c8fb07465e9ddf281606c1548a</span></button></div></a><div aria-labelledby="job_list___sub_heading_57_1" data-parent="#job_list___sub_accordion_57" class="collapse job_list___sub_multi_collapse" id="job_list___sub_collapse_57_1"><div class="card-body"><div class="work-item"><div class="alert alert-success test-outcome" role="alert"><p>worker outcome: normal</p><p>test outcome: killed</p></div></div><pre class="location"><a href="pycharm://open?file=queue2.py&amp;line=128" class="text-secondary"><button class="btn btn-outline-dark">queue2.py, start pos: (128, 16), end pos: (128, 17)</button></a></pre><pre>operator: core/NumberReplacer, occurrence: 4</pre><div class="alert alert-secondary"><pre class="diff">--- mutation diff ---
--- aqueue2.py
+++ bqueue2.py
@@ -125,7 +125,7 @@
     def __len__(self):
         """Count values in queue."""
         n = self.head
-        count = 0
+        count = 1
         while n != None:
             count += 1
             n = n.next</pre></div><div class="alert alert-secondary"><pre class="diff">============================= test session starts ==============================
platform linux -- Python 3.10.10, pytest-7.2.1, pluggy-1.0.0
rootdir: /home/auri/temp/lucca/python_experiments/queue2
collected 41 items

MOSA-WHOLE_SUITE/test_queue2_MOSA.py ....FFFFF.FFFFFFFFF.FFFF...         [ 65%]
MOSA-WHOLE_SUITE/test_queue2_WHOLE_SUITE.py F.F..FFF..F.FF               [100%]

=========================== short test summary info ============================
FAILED MOSA-WHOLE_SUITE/test_queue2_MOSA.py::test_case_4 - assert 1 == 0
FAILED MOSA-WHOLE_SUITE/test_queue2_MOSA.py::test_case_5 - assert 1 == 0
FAILED MOSA-WHOLE_SUITE/test_queue2_MOSA.py::test_case_6 - assert 1 == 0
FAILED MOSA-WHOLE_SUITE/test_queue2_MOSA.py::test_case_7 - assert 1 == 0
FAILED MOSA-WHOLE_SUITE/test_queue2_MOSA.py::test_case_8 - assert 1 == 0
FAILED MOSA-WHOLE_SUITE/test_queue2_MOSA.py::test_case_10 - assert 1 == 0
FAILED MOSA-WHOLE_SUITE/test_queue2_MOSA.py::test_case_11 - assert 1 == 0
FAILED MOSA-WHOLE_SUITE/test_queue2_MOSA.py::test_case_12 - assert 1 == 0
FAILED MOSA-WHOLE_SUITE/test_queue2_MOSA.py::test_case_13 - assert 1 == 0
FAILED MOSA-WHOLE_SUITE/test_queue2_MOSA.py::test_case_14 - assert 1 == 0
FAILED MOSA-WHOLE_SUITE/test_queue2_MOSA.py::test_case_15 - assert 1 == 0
FAILED MOSA-WHOLE_SUITE/test_queue2_MOSA.py::test_case_16 - assert 1 == 0
FAILED MOSA-WHOLE_SUITE/test_queue2_MOSA.py::test_case_17 - assert 1 == 0
FAILED MOSA-WHOLE_SUITE/test_queue2_MOSA.py::test_case_18 - assert 1 == 0
FAILED MOSA-WHOLE_SUITE/test_queue2_MOSA.py::test_case_20 - assert 1 == 0
FAILED MOSA-WHOLE_SUITE/test_queue2_MOSA.py::test_case_21 - assert 1 == 0
FAILED MOSA-WHOLE_SUITE/test_queue2_MOSA.py::test_case_22 - assert 1 == 0
FAILED MOSA-WHOLE_SUITE/test_queue2_MOSA.py::test_case_23 - assert 1 == 0
FAILED MOSA-WHOLE_SUITE/test_queue2_WHOLE_SUITE.py::test_case_0 - assert 1 == 0
FAILED MOSA-WHOLE_SUITE/test_queue2_WHOLE_SUITE.py::test_case_2 - assert 1 == 0
FAILED MOSA-WHOLE_SUITE/test_queue2_WHOLE_SUITE.py::test_case_5 - assert 1 == 0
FAILED MOSA-WHOLE_SUITE/test_queue2_WHOLE_SUITE.py::test_case_6 - assert 1 == 0
FAILED MOSA-WHOLE_SUITE/test_queue2_WHOLE_SUITE.py::test_case_7 - assert 1 == 0
FAILED MOSA-WHOLE_SUITE/test_queue2_WHOLE_SUITE.py::test_case_10 - assert 1 == 0
FAILED MOSA-WHOLE_SUITE/test_queue2_WHOLE_SUITE.py::test_case_12 - assert 1 == 0
FAILED MOSA-WHOLE_SUITE/test_queue2_WHOLE_SUITE.py::test_case_13 - assert 1 == 0
======================== 26 failed, 15 passed in 0.08s =========================
</pre></div></div></div></div></div><div class="mb-1" id="job_list___sub_accordion_58"><div class="card"><a data-toggle="collapse" data-target="#job_list___sub_collapse_58_1" aria-expanded="false" aria-controls="job_list___sub_collapse_58_1" href="#" class="job_list___sub_multi_heading"><div role="alert" class="card-header alert-success" id="job_list___sub_heading_58_1"><button class="btn btn-outline-success"><span class="job_id">58 : Job ID e4eb2b2186c94c91bccf4f7e28aa059c</span></button></div></a><div aria-labelledby="job_list___sub_heading_58_1" data-parent="#job_list___sub_accordion_58" class="collapse job_list___sub_multi_collapse" id="job_list___sub_collapse_58_1"><div class="card-body"><div class="work-item"><div class="alert alert-success test-outcome" role="alert"><p>worker outcome: normal</p><p>test outcome: killed</p></div></div><pre class="location"><a href="pycharm://open?file=queue2.py&amp;line=128" class="text-secondary"><button class="btn btn-outline-dark">queue2.py, start pos: (128, 16), end pos: (128, 17)</button></a></pre><pre>operator: core/NumberReplacer, occurrence: 5</pre><div class="alert alert-secondary"><pre class="diff">--- mutation diff ---
--- aqueue2.py
+++ bqueue2.py
@@ -125,7 +125,7 @@
     def __len__(self):
         """Count values in queue."""
         n = self.head
-        count = 0
+        count = -1
         while n != None:
             count += 1
             n = n.next</pre></div><div class="alert alert-secondary"><pre class="diff">============================= test session starts ==============================
platform linux -- Python 3.10.10, pytest-7.2.1, pluggy-1.0.0
rootdir: /home/auri/temp/lucca/python_experiments/queue2
collected 41 items

MOSA-WHOLE_SUITE/test_queue2_MOSA.py ....FFFFF.FFFFFFFFF.FFFF...         [ 65%]
MOSA-WHOLE_SUITE/test_queue2_WHOLE_SUITE.py F.F..FFF..F.FF               [100%]

=========================== short test summary info ============================
FAILED MOSA-WHOLE_SUITE/test_queue2_MOSA.py::test_case_4 - ValueError: __len_...
FAILED MOSA-WHOLE_SUITE/test_queue2_MOSA.py::test_case_5 - ValueError: __len_...
FAILED MOSA-WHOLE_SUITE/test_queue2_MOSA.py::test_case_6 - ValueError: __len_...
FAILED MOSA-WHOLE_SUITE/test_queue2_MOSA.py::test_case_7 - ValueError: __len_...
FAILED MOSA-WHOLE_SUITE/test_queue2_MOSA.py::test_case_8 - ValueError: __len_...
FAILED MOSA-WHOLE_SUITE/test_queue2_MOSA.py::test_case_10 - ValueError: __len...
FAILED MOSA-WHOLE_SUITE/test_queue2_MOSA.py::test_case_11 - ValueError: __len...
FAILED MOSA-WHOLE_SUITE/test_queue2_MOSA.py::test_case_12 - ValueError: __len...
FAILED MOSA-WHOLE_SUITE/test_queue2_MOSA.py::test_case_13 - ValueError: __len...
FAILED MOSA-WHOLE_SUITE/test_queue2_MOSA.py::test_case_14 - ValueError: __len...
FAILED MOSA-WHOLE_SUITE/test_queue2_MOSA.py::test_case_15 - ValueError: __len...
FAILED MOSA-WHOLE_SUITE/test_queue2_MOSA.py::test_case_16 - ValueError: __len...
FAILED MOSA-WHOLE_SUITE/test_queue2_MOSA.py::test_case_17 - ValueError: __len...
FAILED MOSA-WHOLE_SUITE/test_queue2_MOSA.py::test_case_18 - ValueError: __len...
FAILED MOSA-WHOLE_SUITE/test_queue2_MOSA.py::test_case_20 - ValueError: __len...
FAILED MOSA-WHOLE_SUITE/test_queue2_MOSA.py::test_case_21 - ValueError: __len...
FAILED MOSA-WHOLE_SUITE/test_queue2_MOSA.py::test_case_22 - ValueError: __len...
FAILED MOSA-WHOLE_SUITE/test_queue2_MOSA.py::test_case_23 - ValueError: __len...
FAILED MOSA-WHOLE_SUITE/test_queue2_WHOLE_SUITE.py::test_case_0 - ValueError:...
FAILED MOSA-WHOLE_SUITE/test_queue2_WHOLE_SUITE.py::test_case_2 - ValueError:...
FAILED MOSA-WHOLE_SUITE/test_queue2_WHOLE_SUITE.py::test_case_5 - ValueError:...
FAILED MOSA-WHOLE_SUITE/test_queue2_WHOLE_SUITE.py::test_case_6 - ValueError:...
FAILED MOSA-WHOLE_SUITE/test_queue2_WHOLE_SUITE.py::test_case_7 - ValueError:...
FAILED MOSA-WHOLE_SUITE/test_queue2_WHOLE_SUITE.py::test_case_10 - ValueError...
FAILED MOSA-WHOLE_SUITE/test_queue2_WHOLE_SUITE.py::test_case_12 - ValueError...
FAILED MOSA-WHOLE_SUITE/test_queue2_WHOLE_SUITE.py::test_case_13 - ValueError...
======================== 26 failed, 15 passed in 0.08s =========================
</pre></div></div></div></div></div><div class="mb-1" id="job_list___sub_accordion_59"><div class="card"><a data-toggle="collapse" data-target="#job_list___sub_collapse_59_1" aria-expanded="false" aria-controls="job_list___sub_collapse_59_1" href="#" class="job_list___sub_multi_heading"><div role="alert" class="card-header alert-success" id="job_list___sub_heading_59_1"><button class="btn btn-outline-success"><span class="job_id">59 : Job ID 63bf6d1b2e244ec6ae5425701d01cd29</span></button></div></a><div aria-labelledby="job_list___sub_heading_59_1" data-parent="#job_list___sub_accordion_59" class="collapse job_list___sub_multi_collapse" id="job_list___sub_collapse_59_1"><div class="card-body"><div class="work-item"><div class="alert alert-success test-outcome" role="alert"><p>worker outcome: normal</p><p>test outcome: killed</p></div></div><pre class="location"><a href="pycharm://open?file=queue2.py&amp;line=130" class="text-secondary"><button class="btn btn-outline-dark">queue2.py, start pos: (130, 21), end pos: (130, 22)</button></a></pre><pre>operator: core/NumberReplacer, occurrence: 6</pre><div class="alert alert-secondary"><pre class="diff">--- mutation diff ---
--- aqueue2.py
+++ bqueue2.py
@@ -127,7 +127,7 @@
         n = self.head
         count = 0
         while n != None:
-            count += 1
+            count += 2
             n = n.next
         return count
 </pre></div><div class="alert alert-secondary"><pre class="diff">============================= test session starts ==============================
platform linux -- Python 3.10.10, pytest-7.2.1, pluggy-1.0.0
rootdir: /home/auri/temp/lucca/python_experiments/queue2
collected 41 items

MOSA-WHOLE_SUITE/test_queue2_MOSA.py ....FF.....FF..F..F.FFFF...         [ 65%]
MOSA-WHOLE_SUITE/test_queue2_WHOLE_SUITE.py .....F.F....F.               [100%]

=========================== short test summary info ============================
FAILED MOSA-WHOLE_SUITE/test_queue2_MOSA.py::test_case_4 - assert 2 == 1
FAILED MOSA-WHOLE_SUITE/test_queue2_MOSA.py::test_case_5 - AssertionError: as...
FAILED MOSA-WHOLE_SUITE/test_queue2_MOSA.py::test_case_11 - assert 2 == 1
FAILED MOSA-WHOLE_SUITE/test_queue2_MOSA.py::test_case_12 - AssertionError: a...
FAILED MOSA-WHOLE_SUITE/test_queue2_MOSA.py::test_case_15 - assert 2 == 1
FAILED MOSA-WHOLE_SUITE/test_queue2_MOSA.py::test_case_18 - assert 2 == 1
FAILED MOSA-WHOLE_SUITE/test_queue2_MOSA.py::test_case_20 - AssertionError: a...
FAILED MOSA-WHOLE_SUITE/test_queue2_MOSA.py::test_case_21 - assert 2 == 1
FAILED MOSA-WHOLE_SUITE/test_queue2_MOSA.py::test_case_22 - assert 2 == 1
FAILED MOSA-WHOLE_SUITE/test_queue2_MOSA.py::test_case_23 - assert 2 == 1
FAILED MOSA-WHOLE_SUITE/test_queue2_WHOLE_SUITE.py::test_case_5 - AssertionEr...
FAILED MOSA-WHOLE_SUITE/test_queue2_WHOLE_SUITE.py::test_case_7 - AssertionEr...
FAILED MOSA-WHOLE_SUITE/test_queue2_WHOLE_SUITE.py::test_case_12 - assert 2 == 1
======================== 13 failed, 28 passed in 0.07s =========================
</pre></div></div></div></div></div><div class="mb-1" id="job_list___sub_accordion_60"><div class="card"><a data-toggle="collapse" data-target="#job_list___sub_collapse_60_1" aria-expanded="false" aria-controls="job_list___sub_collapse_60_1" href="#" class="job_list___sub_multi_heading"><div role="alert" class="card-header alert-success" id="job_list___sub_heading_60_1"><button class="btn btn-outline-success"><span class="job_id">60 : Job ID bd47df5a1ebb47389a12de0fa0921e83</span></button></div></a><div aria-labelledby="job_list___sub_heading_60_1" data-parent="#job_list___sub_accordion_60" class="collapse job_list___sub_multi_collapse" id="job_list___sub_collapse_60_1"><div class="card-body"><div class="work-item"><div class="alert alert-success test-outcome" role="alert"><p>worker outcome: normal</p><p>test outcome: killed</p></div></div><pre class="location"><a href="pycharm://open?file=queue2.py&amp;line=130" class="text-secondary"><button class="btn btn-outline-dark">queue2.py, start pos: (130, 21), end pos: (130, 22)</button></a></pre><pre>operator: core/NumberReplacer, occurrence: 7</pre><div class="alert alert-secondary"><pre class="diff">--- mutation diff ---
--- aqueue2.py
+++ bqueue2.py
@@ -127,7 +127,7 @@
         n = self.head
         count = 0
         while n != None:
-            count += 1
+            count += 0
             n = n.next
         return count
 </pre></div><div class="alert alert-secondary"><pre class="diff">============================= test session starts ==============================
platform linux -- Python 3.10.10, pytest-7.2.1, pluggy-1.0.0
rootdir: /home/auri/temp/lucca/python_experiments/queue2
collected 41 items

MOSA-WHOLE_SUITE/test_queue2_MOSA.py ....FF.....FF..F..F.FFFF...         [ 65%]
MOSA-WHOLE_SUITE/test_queue2_WHOLE_SUITE.py .....F.F....F.               [100%]

=========================== short test summary info ============================
FAILED MOSA-WHOLE_SUITE/test_queue2_MOSA.py::test_case_4 - assert 0 == 1
FAILED MOSA-WHOLE_SUITE/test_queue2_MOSA.py::test_case_5 - AssertionError: as...
FAILED MOSA-WHOLE_SUITE/test_queue2_MOSA.py::test_case_11 - assert 0 == 1
FAILED MOSA-WHOLE_SUITE/test_queue2_MOSA.py::test_case_12 - AssertionError: a...
FAILED MOSA-WHOLE_SUITE/test_queue2_MOSA.py::test_case_15 - assert 0 == 1
FAILED MOSA-WHOLE_SUITE/test_queue2_MOSA.py::test_case_18 - assert 0 == 1
FAILED MOSA-WHOLE_SUITE/test_queue2_MOSA.py::test_case_20 - AssertionError: a...
FAILED MOSA-WHOLE_SUITE/test_queue2_MOSA.py::test_case_21 - assert 0 == 1
FAILED MOSA-WHOLE_SUITE/test_queue2_MOSA.py::test_case_22 - assert 0 == 1
FAILED MOSA-WHOLE_SUITE/test_queue2_MOSA.py::test_case_23 - assert 0 == 1
FAILED MOSA-WHOLE_SUITE/test_queue2_WHOLE_SUITE.py::test_case_5 - AssertionEr...
FAILED MOSA-WHOLE_SUITE/test_queue2_WHOLE_SUITE.py::test_case_7 - AssertionEr...
FAILED MOSA-WHOLE_SUITE/test_queue2_WHOLE_SUITE.py::test_case_12 - assert 0 == 1
======================== 13 failed, 28 passed in 0.07s =========================
</pre></div></div></div></div></div><div class="mb-1" id="job_list___sub_accordion_61"><div class="card"><a data-toggle="collapse" data-target="#job_list___sub_collapse_61_1" aria-expanded="false" aria-controls="job_list___sub_collapse_61_1" href="#" class="job_list___sub_multi_heading"><div role="alert" class="card-header alert-success" id="job_list___sub_heading_61_1"><button class="btn btn-outline-success"><span class="job_id">61 : Job ID 6f10135472684e0aaffd35dc6b8340bf</span></button></div></a><div aria-labelledby="job_list___sub_heading_61_1" data-parent="#job_list___sub_accordion_61" class="collapse job_list___sub_multi_collapse" id="job_list___sub_collapse_61_1"><div class="card-body"><div class="work-item"><div class="alert alert-success test-outcome" role="alert"><p>worker outcome: normal</p><p>test outcome: killed</p></div></div><pre class="location"><a href="pycharm://open?file=queue2.py&amp;line=28" class="text-secondary"><button class="btn btn-outline-dark">queue2.py, start pos: (28, 17), end pos: (28, 22)</button></a></pre><pre>operator: core/ZeroIterationForLoop, occurrence: 0</pre><div class="alert alert-secondary"><pre class="diff">--- mutation diff ---
--- aqueue2.py
+++ bqueue2.py
@@ -25,7 +25,7 @@
     def __init__(self, *start):
         """Demonstrate linked lists in Python."""
         self.head  = None
-        for _ in start:
+        for _ in []:
             self.prepend(_)
 
     def prepend(self, value):</pre></div><div class="alert alert-secondary"><pre class="diff">============================= test session starts ==============================
platform linux -- Python 3.10.10, pytest-7.2.1, pluggy-1.0.0
rootdir: /home/auri/temp/lucca/python_experiments/queue2
collected 41 items

MOSA-WHOLE_SUITE/test_queue2_MOSA.py .F..F..F...F...F..F..FFFF..         [ 65%]
MOSA-WHOLE_SUITE/test_queue2_WHOLE_SUITE.py ....F.....F...               [100%]

=========================== short test summary info ============================
FAILED MOSA-WHOLE_SUITE/test_queue2_MOSA.py::test_case_1 - assert 0 == 3
FAILED MOSA-WHOLE_SUITE/test_queue2_MOSA.py::test_case_4 - assert 0 == 1
FAILED MOSA-WHOLE_SUITE/test_queue2_MOSA.py::test_case_7 - assert 0 == 1
FAILED MOSA-WHOLE_SUITE/test_queue2_MOSA.py::test_case_11 - assert 0 == 1
FAILED MOSA-WHOLE_SUITE/test_queue2_MOSA.py::test_case_15 - assert 0 == 1
FAILED MOSA-WHOLE_SUITE/test_queue2_MOSA.py::test_case_18 - assert 0 == 1
FAILED MOSA-WHOLE_SUITE/test_queue2_MOSA.py::test_case_21 - assert 0 == 1
FAILED MOSA-WHOLE_SUITE/test_queue2_MOSA.py::test_case_22 - assert 0 == 4
FAILED MOSA-WHOLE_SUITE/test_queue2_MOSA.py::test_case_23 - assert 0 == 1
FAILED MOSA-WHOLE_SUITE/test_queue2_MOSA.py::test_case_24 - assert 0 == 3
FAILED MOSA-WHOLE_SUITE/test_queue2_WHOLE_SUITE.py::test_case_4 - assert 0 == 4
FAILED MOSA-WHOLE_SUITE/test_queue2_WHOLE_SUITE.py::test_case_10 - assert 0 == 4
======================== 12 failed, 29 passed in 0.07s =========================
</pre></div></div></div></div></div><div class="mb-1" id="job_list___sub_accordion_62"><div class="card"><a data-toggle="collapse" data-target="#job_list___sub_collapse_62_1" aria-expanded="false" aria-controls="job_list___sub_collapse_62_1" href="#" class="job_list___sub_multi_heading"><div role="alert" class="card-header alert-danger" id="job_list___sub_heading_62_1"><button class="btn btn-outline-danger"><span class="job_id">62 : Job ID 51e0e2f27d6d40e8a08c4a7b85637160</span></button></div></a><div aria-labelledby="job_list___sub_heading_62_1" data-parent="#job_list___sub_accordion_62" class="collapse job_list___sub_multi_collapse" id="job_list___sub_collapse_62_1"><div class="card-body"><div class="work-item"><div class="alert alert-danger test-outcome" role="alert"><p>SURVIVED</p><p>worker outcome: normal</p><p>test outcome: survived</p></div></div><pre class="location"><a href="pycharm://open?file=queue2.py&amp;line=85" class="text-secondary"><button class="btn btn-outline-dark">queue2.py, start pos: (85, 17), end pos: (85, 22)</button></a></pre><pre>operator: core/ZeroIterationForLoop, occurrence: 1</pre><div class="alert alert-secondary"><pre class="diff">--- mutation diff ---
--- aqueue2.py
+++ bqueue2.py
@@ -82,7 +82,7 @@
         """Demonstrate queue using linked list in Python."""
         self.head = None
         self.tail = None
-        for _ in start:
+        for _ in []:
             self.add(_)
 
     def append(self, value):</pre></div><div class="alert alert-secondary"><pre class="diff">============================= test session starts ==============================
platform linux -- Python 3.10.10, pytest-7.2.1, pluggy-1.0.0
rootdir: /home/auri/temp/lucca/python_experiments/queue2
collected 41 items

MOSA-WHOLE_SUITE/test_queue2_MOSA.py ...........................         [ 65%]
MOSA-WHOLE_SUITE/test_queue2_WHOLE_SUITE.py ..............               [100%]

============================== 41 passed in 0.06s ==============================
</pre></div></div></div></div></div></div></div></div></div></div><script src="https://code.jquery.com/jquery-3.3.1.slim.min.js" integrity="sha384-q8i/X+965DzO0rT7abK41JStQIAqVgRVzpbzo5smXKp4YfRvH+8abtTE1Pi6jizo" crossorigin="anonymous"></script><script src="https://cdnjs.cloudflare.com/ajax/libs/popper.js/1.14.7/umd/popper.min.js" integrity="sha384-UO2eT0CpHqdSJQ6hJty5KVphtPhzWj9WO1clHTMGa3JDZwrnQq4sF86dIHNDz0W1" crossorigin="anonymous"></script><script src="https://stackpath.bootstrapcdn.com/bootstrap/4.3.1/js/bootstrap.min.js" integrity="sha384-JjSmVgyd0p3pXB1rRibZUAYoIIy6OrQ6VrjIEaFf/nJGzIxFDsf4x0xIM+B07jRM" crossorigin="anonymous"></script><script type="text/javascript">$('div.job_list___sub_multi_collapse').on('shown.bs.collapse',  function () {    correct_behavior_functional_buttons();  });$('div.job_list___sub_multi_collapse').on('hidden.bs.collapse',  function () {    correct_behavior_functional_buttons();  });function correct_behavior_functional_buttons() {    var expand = false;    var collapse = false;    $('a.job_list___sub_multi_heading').each(function(index) {      if ($(this).attr('aria-expanded') == 'false') {        expand = true;        return false;      };    });    $('a.job_list___sub_multi_heading').each(function(index) {      if ($(this).attr('aria-expanded') == 'true') {        collapse = true;        return false;      };    });    if (expand) {      $('div#job_item_expand_all').css('display', 'inline-block');    } else {      $('div#job_item_expand_all').css('display', 'none');    };    if (collapse) {      $('div#job_item_collapse_all').css('display', 'inline-block');    } else {      $('div#job_item_collapse_all').css('display', 'none');    };  };correct_behavior_functional_buttons();</script></body></html>
