<!DOCTYPE html><html lang="en"><head><meta charset="utf-8" /><meta name="viewport" content="width=device-width, initial-scale=1, shrink-to-fit=no" /><link rel="stylesheet" href="https://stackpath.bootstrapcdn.com/bootstrap/4.3.1/css/bootstrap.min.css" integrity="sha384-ggOyR0iXCbMQv3Xipma34MD+dH/1fQ784/j6cY/iJTQUOhcWr7x9JvoRxT2MZw1T" crossorigin="anonymous" /><title>Cosmic Ray Report</title></head><body><div class="container"><h1><p class="text-dark">Cosmic Ray Report</p></h1></div><div class="container"><div class="mb-1" id="summary_info___accordion"><div class="card"><a data-toggle="collapse" data-target="#summary_info___collapse_1" aria-expanded="true" aria-controls="summary_info___collapse_1" href="#"><div class="card-header" id="summary_info___heading_1"><button class="btn btn-outline-dark"><h4 class="m-0">Summary info</h4></button></div></a><div aria-labelledby="summary_info___heading_1" data-parent="#summary_info___accordion" class="collapse show" id="summary_info___collapse_1"><div class="card-body"><p>Date time: 20/04/2023 13:26:35</p><p>Total jobs: 62</p><p>Complete: 62 (100.00%)</p><p>Surviving mutants: 18 (29.03%)</p></div></div></div></div><div class="mb-1" id="job_list___accordion"><div class="card"><a data-toggle="collapse" data-target="#job_list___collapse_1" aria-expanded="false" aria-controls="job_list___collapse_1" href="#"><div class="card-header" id="job_list___heading_1"><button class="btn btn-outline-dark"><h4 class="m-0">Job list</h4></button></div></a><div aria-labelledby="job_list___heading_1" data-parent="#job_list___accordion" class="collapse" id="job_list___collapse_1"><div class="card-body"><div class="text-right mb-1"><div class="mx-1" id="job_item_expand_all"><a href="#" onclick="$('div.job_list___sub_multi_collapse').collapse('show');"><button class="btn btn-outline-dark"><span>Expand All</span></button></a></div><div class="mx-1" id="job_item_collapse_all"><a href="#" onclick="$('div.job_list___sub_multi_collapse').collapse('hide');"><button class="btn btn-outline-dark"><span>Collapse All</span></button></a></div></div><div class="mb-1" id="job_list___sub_accordion_1"><div class="card"><a data-toggle="collapse" data-target="#job_list___sub_collapse_1_1" aria-expanded="false" aria-controls="job_list___sub_collapse_1_1" href="#" class="job_list___sub_multi_heading"><div role="alert" class="card-header alert-danger" id="job_list___sub_heading_1_1"><button class="btn btn-outline-danger"><span class="job_id">1 : Job ID 6e0e5696555242dea49ddff6a71b021c</span></button></div></a><div aria-labelledby="job_list___sub_heading_1_1" data-parent="#job_list___sub_accordion_1" class="collapse job_list___sub_multi_collapse" id="job_list___sub_collapse_1_1"><div class="card-body"><div class="work-item"><div class="alert alert-danger test-outcome" role="alert"><p>SURVIVED</p><p>worker outcome: normal</p><p>test outcome: survived</p></div></div><pre class="location"><a href="pycharm://open?file=queue2.py&amp;line=21" class="text-secondary"><button class="btn btn-outline-dark">queue2.py, start pos: (21, 18), end pos: (21, 20)</button></a></pre><pre>operator: core/ReplaceComparisonOperator_Eq_NotEq, occurrence: 0</pre><div class="alert alert-secondary"><pre class="diff">--- mutation diff ---
--- aqueue2.py
+++ bqueue2.py
@@ -18,7 +18,7 @@
             p1 = p1.next
             p2 = p2.next.next
             
-            if p1 == p2: return True
+            if p1 != p2: return True
         return False
 
 class LinkedList:</pre></div><div class="alert alert-secondary"><pre class="diff">============================= test session starts ==============================
platform linux -- Python 3.10.10, pytest-7.2.1, pluggy-1.0.0
rootdir: /home/auri/temp/lucca/python_experiments/queue2
collected 14 items

WHOLE_SUITE/test_queue2_WHOLE_SUITE.py ..............                    [100%]

============================== 14 passed in 0.04s ==============================
</pre></div></div></div></div></div><div class="mb-1" id="job_list___sub_accordion_2"><div class="card"><a data-toggle="collapse" data-target="#job_list___sub_collapse_2_1" aria-expanded="false" aria-controls="job_list___sub_collapse_2_1" href="#" class="job_list___sub_multi_heading"><div role="alert" class="card-header alert-success" id="job_list___sub_heading_2_1"><button class="btn btn-outline-success"><span class="job_id">2 : Job ID 069ac9fb9baa4bf3ba15711e1a69bf07</span></button></div></a><div aria-labelledby="job_list___sub_heading_2_1" data-parent="#job_list___sub_accordion_2" class="collapse job_list___sub_multi_collapse" id="job_list___sub_collapse_2_1"><div class="card-body"><div class="work-item"><div class="alert alert-success test-outcome" role="alert"><p>worker outcome: normal</p><p>test outcome: killed</p></div></div><pre class="location"><a href="pycharm://open?file=queue2.py&amp;line=48" class="text-secondary"><button class="btn btn-outline-dark">queue2.py, start pos: (48, 23), end pos: (48, 25)</button></a></pre><pre>operator: core/ReplaceComparisonOperator_Eq_NotEq, occurrence: 1</pre><div class="alert alert-secondary"><pre class="diff">--- mutation diff ---
--- aqueue2.py
+++ bqueue2.py
@@ -45,7 +45,7 @@
         n = self.head
         last = None
         while n != None:
-            if n.value == value:
+            if n.value != value:
                 if last == None:
                     self.head = self.head.next
                 else:</pre></div><div class="alert alert-secondary"><pre class="diff">============================= test session starts ==============================
platform linux -- Python 3.10.10, pytest-7.2.1, pluggy-1.0.0
rootdir: /home/auri/temp/lucca/python_experiments/queue2
collected 14 items

WHOLE_SUITE/test_queue2_WHOLE_SUITE.py ....F.....F...                    [100%]

=========================== short test summary info ============================
FAILED WHOLE_SUITE/test_queue2_WHOLE_SUITE.py::test_case_4 - assert True is F...
FAILED WHOLE_SUITE/test_queue2_WHOLE_SUITE.py::test_case_10 - assert True is ...
========================= 2 failed, 12 passed in 0.05s =========================
</pre></div></div></div></div></div><div class="mb-1" id="job_list___sub_accordion_3"><div class="card"><a data-toggle="collapse" data-target="#job_list___sub_collapse_3_1" aria-expanded="false" aria-controls="job_list___sub_collapse_3_1" href="#" class="job_list___sub_multi_heading"><div role="alert" class="card-header alert-danger" id="job_list___sub_heading_3_1"><button class="btn btn-outline-danger"><span class="job_id">3 : Job ID a6ef51b17c734e7b9578db8cf8d56fb0</span></button></div></a><div aria-labelledby="job_list___sub_heading_3_1" data-parent="#job_list___sub_accordion_3" class="collapse job_list___sub_multi_collapse" id="job_list___sub_collapse_3_1"><div class="card-body"><div class="work-item"><div class="alert alert-danger test-outcome" role="alert"><p>SURVIVED</p><p>worker outcome: normal</p><p>test outcome: survived</p></div></div><pre class="location"><a href="pycharm://open?file=queue2.py&amp;line=21" class="text-secondary"><button class="btn btn-outline-dark">queue2.py, start pos: (21, 18), end pos: (21, 20)</button></a></pre><pre>operator: core/ReplaceComparisonOperator_Eq_Lt, occurrence: 0</pre><div class="alert alert-secondary"><pre class="diff">--- mutation diff ---
--- aqueue2.py
+++ bqueue2.py
@@ -18,7 +18,7 @@
             p1 = p1.next
             p2 = p2.next.next
             
-            if p1 == p2: return True
+            if p1 &lt; p2: return True
         return False
 
 class LinkedList:</pre></div><div class="alert alert-secondary"><pre class="diff">============================= test session starts ==============================
platform linux -- Python 3.10.10, pytest-7.2.1, pluggy-1.0.0
rootdir: /home/auri/temp/lucca/python_experiments/queue2
collected 14 items

WHOLE_SUITE/test_queue2_WHOLE_SUITE.py ..............                    [100%]

============================== 14 passed in 0.04s ==============================
</pre></div></div></div></div></div><div class="mb-1" id="job_list___sub_accordion_4"><div class="card"><a data-toggle="collapse" data-target="#job_list___sub_collapse_4_1" aria-expanded="false" aria-controls="job_list___sub_collapse_4_1" href="#" class="job_list___sub_multi_heading"><div role="alert" class="card-header alert-success" id="job_list___sub_heading_4_1"><button class="btn btn-outline-success"><span class="job_id">4 : Job ID 520bc35d18db4193b74c8d6483bdfedf</span></button></div></a><div aria-labelledby="job_list___sub_heading_4_1" data-parent="#job_list___sub_accordion_4" class="collapse job_list___sub_multi_collapse" id="job_list___sub_collapse_4_1"><div class="card-body"><div class="work-item"><div class="alert alert-success test-outcome" role="alert"><p>worker outcome: normal</p><p>test outcome: killed</p></div></div><pre class="location"><a href="pycharm://open?file=queue2.py&amp;line=48" class="text-secondary"><button class="btn btn-outline-dark">queue2.py, start pos: (48, 23), end pos: (48, 25)</button></a></pre><pre>operator: core/ReplaceComparisonOperator_Eq_Lt, occurrence: 1</pre><div class="alert alert-secondary"><pre class="diff">--- mutation diff ---
--- aqueue2.py
+++ bqueue2.py
@@ -45,7 +45,7 @@
         n = self.head
         last = None
         while n != None:
-            if n.value == value:
+            if n.value &lt; value:
                 if last == None:
                     self.head = self.head.next
                 else:</pre></div><div class="alert alert-secondary"><pre class="diff">============================= test session starts ==============================
platform linux -- Python 3.10.10, pytest-7.2.1, pluggy-1.0.0
rootdir: /home/auri/temp/lucca/python_experiments/queue2
collected 14 items

WHOLE_SUITE/test_queue2_WHOLE_SUITE.py ..........F...                    [100%]

=========================== short test summary info ============================
FAILED WHOLE_SUITE/test_queue2_WHOLE_SUITE.py::test_case_10 - TypeError: '&lt;' ...
========================= 1 failed, 13 passed in 0.05s =========================
</pre></div></div></div></div></div><div class="mb-1" id="job_list___sub_accordion_5"><div class="card"><a data-toggle="collapse" data-target="#job_list___sub_collapse_5_1" aria-expanded="false" aria-controls="job_list___sub_collapse_5_1" href="#" class="job_list___sub_multi_heading"><div role="alert" class="card-header alert-danger" id="job_list___sub_heading_5_1"><button class="btn btn-outline-danger"><span class="job_id">5 : Job ID beac87fde5f442aeb0d1c2b673ffe0f6</span></button></div></a><div aria-labelledby="job_list___sub_heading_5_1" data-parent="#job_list___sub_accordion_5" class="collapse job_list___sub_multi_collapse" id="job_list___sub_collapse_5_1"><div class="card-body"><div class="work-item"><div class="alert alert-danger test-outcome" role="alert"><p>SURVIVED</p><p>worker outcome: normal</p><p>test outcome: survived</p></div></div><pre class="location"><a href="pycharm://open?file=queue2.py&amp;line=21" class="text-secondary"><button class="btn btn-outline-dark">queue2.py, start pos: (21, 18), end pos: (21, 20)</button></a></pre><pre>operator: core/ReplaceComparisonOperator_Eq_LtE, occurrence: 0</pre><div class="alert alert-secondary"><pre class="diff">--- mutation diff ---
--- aqueue2.py
+++ bqueue2.py
@@ -18,7 +18,7 @@
             p1 = p1.next
             p2 = p2.next.next
             
-            if p1 == p2: return True
+            if p1 &lt;= p2: return True
         return False
 
 class LinkedList:</pre></div><div class="alert alert-secondary"><pre class="diff">============================= test session starts ==============================
platform linux -- Python 3.10.10, pytest-7.2.1, pluggy-1.0.0
rootdir: /home/auri/temp/lucca/python_experiments/queue2
collected 14 items

WHOLE_SUITE/test_queue2_WHOLE_SUITE.py ..............                    [100%]

============================== 14 passed in 0.05s ==============================
</pre></div></div></div></div></div><div class="mb-1" id="job_list___sub_accordion_6"><div class="card"><a data-toggle="collapse" data-target="#job_list___sub_collapse_6_1" aria-expanded="false" aria-controls="job_list___sub_collapse_6_1" href="#" class="job_list___sub_multi_heading"><div role="alert" class="card-header alert-success" id="job_list___sub_heading_6_1"><button class="btn btn-outline-success"><span class="job_id">6 : Job ID e6f6a3079c674007b076e8f03c717639</span></button></div></a><div aria-labelledby="job_list___sub_heading_6_1" data-parent="#job_list___sub_accordion_6" class="collapse job_list___sub_multi_collapse" id="job_list___sub_collapse_6_1"><div class="card-body"><div class="work-item"><div class="alert alert-success test-outcome" role="alert"><p>worker outcome: normal</p><p>test outcome: killed</p></div></div><pre class="location"><a href="pycharm://open?file=queue2.py&amp;line=48" class="text-secondary"><button class="btn btn-outline-dark">queue2.py, start pos: (48, 23), end pos: (48, 25)</button></a></pre><pre>operator: core/ReplaceComparisonOperator_Eq_LtE, occurrence: 1</pre><div class="alert alert-secondary"><pre class="diff">--- mutation diff ---
--- aqueue2.py
+++ bqueue2.py
@@ -45,7 +45,7 @@
         n = self.head
         last = None
         while n != None:
-            if n.value == value:
+            if n.value &lt;= value:
                 if last == None:
                     self.head = self.head.next
                 else:</pre></div><div class="alert alert-secondary"><pre class="diff">============================= test session starts ==============================
platform linux -- Python 3.10.10, pytest-7.2.1, pluggy-1.0.0
rootdir: /home/auri/temp/lucca/python_experiments/queue2
collected 14 items

WHOLE_SUITE/test_queue2_WHOLE_SUITE.py ..........F...                    [100%]

=========================== short test summary info ============================
FAILED WHOLE_SUITE/test_queue2_WHOLE_SUITE.py::test_case_10 - TypeError: '&lt;='...
========================= 1 failed, 13 passed in 0.05s =========================
</pre></div></div></div></div></div><div class="mb-1" id="job_list___sub_accordion_7"><div class="card"><a data-toggle="collapse" data-target="#job_list___sub_collapse_7_1" aria-expanded="false" aria-controls="job_list___sub_collapse_7_1" href="#" class="job_list___sub_multi_heading"><div role="alert" class="card-header alert-danger" id="job_list___sub_heading_7_1"><button class="btn btn-outline-danger"><span class="job_id">7 : Job ID 140eef0160174f64b312f2f4a62a1c15</span></button></div></a><div aria-labelledby="job_list___sub_heading_7_1" data-parent="#job_list___sub_accordion_7" class="collapse job_list___sub_multi_collapse" id="job_list___sub_collapse_7_1"><div class="card-body"><div class="work-item"><div class="alert alert-danger test-outcome" role="alert"><p>SURVIVED</p><p>worker outcome: normal</p><p>test outcome: survived</p></div></div><pre class="location"><a href="pycharm://open?file=queue2.py&amp;line=21" class="text-secondary"><button class="btn btn-outline-dark">queue2.py, start pos: (21, 18), end pos: (21, 20)</button></a></pre><pre>operator: core/ReplaceComparisonOperator_Eq_Gt, occurrence: 0</pre><div class="alert alert-secondary"><pre class="diff">--- mutation diff ---
--- aqueue2.py
+++ bqueue2.py
@@ -18,7 +18,7 @@
             p1 = p1.next
             p2 = p2.next.next
             
-            if p1 == p2: return True
+            if p1 &gt; p2: return True
         return False
 
 class LinkedList:</pre></div><div class="alert alert-secondary"><pre class="diff">============================= test session starts ==============================
platform linux -- Python 3.10.10, pytest-7.2.1, pluggy-1.0.0
rootdir: /home/auri/temp/lucca/python_experiments/queue2
collected 14 items

WHOLE_SUITE/test_queue2_WHOLE_SUITE.py ..............                    [100%]

============================== 14 passed in 0.04s ==============================
</pre></div></div></div></div></div><div class="mb-1" id="job_list___sub_accordion_8"><div class="card"><a data-toggle="collapse" data-target="#job_list___sub_collapse_8_1" aria-expanded="false" aria-controls="job_list___sub_collapse_8_1" href="#" class="job_list___sub_multi_heading"><div role="alert" class="card-header alert-success" id="job_list___sub_heading_8_1"><button class="btn btn-outline-success"><span class="job_id">8 : Job ID f3b2f92b0b894177aeb54f484c2a51e4</span></button></div></a><div aria-labelledby="job_list___sub_heading_8_1" data-parent="#job_list___sub_accordion_8" class="collapse job_list___sub_multi_collapse" id="job_list___sub_collapse_8_1"><div class="card-body"><div class="work-item"><div class="alert alert-success test-outcome" role="alert"><p>worker outcome: normal</p><p>test outcome: killed</p></div></div><pre class="location"><a href="pycharm://open?file=queue2.py&amp;line=48" class="text-secondary"><button class="btn btn-outline-dark">queue2.py, start pos: (48, 23), end pos: (48, 25)</button></a></pre><pre>operator: core/ReplaceComparisonOperator_Eq_Gt, occurrence: 1</pre><div class="alert alert-secondary"><pre class="diff">--- mutation diff ---
--- aqueue2.py
+++ bqueue2.py
@@ -45,7 +45,7 @@
         n = self.head
         last = None
         while n != None:
-            if n.value == value:
+            if n.value &gt; value:
                 if last == None:
                     self.head = self.head.next
                 else:</pre></div><div class="alert alert-secondary"><pre class="diff">============================= test session starts ==============================
platform linux -- Python 3.10.10, pytest-7.2.1, pluggy-1.0.0
rootdir: /home/auri/temp/lucca/python_experiments/queue2
collected 14 items

WHOLE_SUITE/test_queue2_WHOLE_SUITE.py ....F.....F...                    [100%]

=========================== short test summary info ============================
FAILED WHOLE_SUITE/test_queue2_WHOLE_SUITE.py::test_case_4 - assert True is F...
FAILED WHOLE_SUITE/test_queue2_WHOLE_SUITE.py::test_case_10 - assert False is...
========================= 2 failed, 12 passed in 0.05s =========================
</pre></div></div></div></div></div><div class="mb-1" id="job_list___sub_accordion_9"><div class="card"><a data-toggle="collapse" data-target="#job_list___sub_collapse_9_1" aria-expanded="false" aria-controls="job_list___sub_collapse_9_1" href="#" class="job_list___sub_multi_heading"><div role="alert" class="card-header alert-danger" id="job_list___sub_heading_9_1"><button class="btn btn-outline-danger"><span class="job_id">9 : Job ID ee6a69506d6546a89bea19d04d00a88d</span></button></div></a><div aria-labelledby="job_list___sub_heading_9_1" data-parent="#job_list___sub_accordion_9" class="collapse job_list___sub_multi_collapse" id="job_list___sub_collapse_9_1"><div class="card-body"><div class="work-item"><div class="alert alert-danger test-outcome" role="alert"><p>SURVIVED</p><p>worker outcome: normal</p><p>test outcome: survived</p></div></div><pre class="location"><a href="pycharm://open?file=queue2.py&amp;line=21" class="text-secondary"><button class="btn btn-outline-dark">queue2.py, start pos: (21, 18), end pos: (21, 20)</button></a></pre><pre>operator: core/ReplaceComparisonOperator_Eq_GtE, occurrence: 0</pre><div class="alert alert-secondary"><pre class="diff">--- mutation diff ---
--- aqueue2.py
+++ bqueue2.py
@@ -18,7 +18,7 @@
             p1 = p1.next
             p2 = p2.next.next
             
-            if p1 == p2: return True
+            if p1 &gt;= p2: return True
         return False
 
 class LinkedList:</pre></div><div class="alert alert-secondary"><pre class="diff">============================= test session starts ==============================
platform linux -- Python 3.10.10, pytest-7.2.1, pluggy-1.0.0
rootdir: /home/auri/temp/lucca/python_experiments/queue2
collected 14 items

WHOLE_SUITE/test_queue2_WHOLE_SUITE.py ..............                    [100%]

============================== 14 passed in 0.05s ==============================
</pre></div></div></div></div></div><div class="mb-1" id="job_list___sub_accordion_10"><div class="card"><a data-toggle="collapse" data-target="#job_list___sub_collapse_10_1" aria-expanded="false" aria-controls="job_list___sub_collapse_10_1" href="#" class="job_list___sub_multi_heading"><div role="alert" class="card-header alert-success" id="job_list___sub_heading_10_1"><button class="btn btn-outline-success"><span class="job_id">10 : Job ID 424b810f66c749608359803450c73ef2</span></button></div></a><div aria-labelledby="job_list___sub_heading_10_1" data-parent="#job_list___sub_accordion_10" class="collapse job_list___sub_multi_collapse" id="job_list___sub_collapse_10_1"><div class="card-body"><div class="work-item"><div class="alert alert-success test-outcome" role="alert"><p>worker outcome: normal</p><p>test outcome: killed</p></div></div><pre class="location"><a href="pycharm://open?file=queue2.py&amp;line=48" class="text-secondary"><button class="btn btn-outline-dark">queue2.py, start pos: (48, 23), end pos: (48, 25)</button></a></pre><pre>operator: core/ReplaceComparisonOperator_Eq_GtE, occurrence: 1</pre><div class="alert alert-secondary"><pre class="diff">--- mutation diff ---
--- aqueue2.py
+++ bqueue2.py
@@ -45,7 +45,7 @@
         n = self.head
         last = None
         while n != None:
-            if n.value == value:
+            if n.value &gt;= value:
                 if last == None:
                     self.head = self.head.next
                 else:</pre></div><div class="alert alert-secondary"><pre class="diff">============================= test session starts ==============================
platform linux -- Python 3.10.10, pytest-7.2.1, pluggy-1.0.0
rootdir: /home/auri/temp/lucca/python_experiments/queue2
collected 14 items

WHOLE_SUITE/test_queue2_WHOLE_SUITE.py ....F.....F...                    [100%]

=========================== short test summary info ============================
FAILED WHOLE_SUITE/test_queue2_WHOLE_SUITE.py::test_case_4 - assert True is F...
FAILED WHOLE_SUITE/test_queue2_WHOLE_SUITE.py::test_case_10 - TypeError: '&gt;='...
========================= 2 failed, 12 passed in 0.05s =========================
</pre></div></div></div></div></div><div class="mb-1" id="job_list___sub_accordion_11"><div class="card"><a data-toggle="collapse" data-target="#job_list___sub_collapse_11_1" aria-expanded="false" aria-controls="job_list___sub_collapse_11_1" href="#" class="job_list___sub_multi_heading"><div role="alert" class="card-header alert-danger" id="job_list___sub_heading_11_1"><button class="btn btn-outline-danger"><span class="job_id">11 : Job ID cf32021533c34d999e7b303955d1d677</span></button></div></a><div aria-labelledby="job_list___sub_heading_11_1" data-parent="#job_list___sub_accordion_11" class="collapse job_list___sub_multi_collapse" id="job_list___sub_collapse_11_1"><div class="card-body"><div class="work-item"><div class="alert alert-danger test-outcome" role="alert"><p>SURVIVED</p><p>worker outcome: normal</p><p>test outcome: survived</p></div></div><pre class="location"><a href="pycharm://open?file=queue2.py&amp;line=21" class="text-secondary"><button class="btn btn-outline-dark">queue2.py, start pos: (21, 18), end pos: (21, 20)</button></a></pre><pre>operator: core/ReplaceComparisonOperator_Eq_Is, occurrence: 0</pre><div class="alert alert-secondary"><pre class="diff">--- mutation diff ---
--- aqueue2.py
+++ bqueue2.py
@@ -18,7 +18,7 @@
             p1 = p1.next
             p2 = p2.next.next
             
-            if p1 == p2: return True
+            if p1 is p2: return True
         return False
 
 class LinkedList:</pre></div><div class="alert alert-secondary"><pre class="diff">============================= test session starts ==============================
platform linux -- Python 3.10.10, pytest-7.2.1, pluggy-1.0.0
rootdir: /home/auri/temp/lucca/python_experiments/queue2
collected 14 items

WHOLE_SUITE/test_queue2_WHOLE_SUITE.py ..............                    [100%]

============================== 14 passed in 0.04s ==============================
</pre></div></div></div></div></div><div class="mb-1" id="job_list___sub_accordion_12"><div class="card"><a data-toggle="collapse" data-target="#job_list___sub_collapse_12_1" aria-expanded="false" aria-controls="job_list___sub_collapse_12_1" href="#" class="job_list___sub_multi_heading"><div role="alert" class="card-header alert-danger" id="job_list___sub_heading_12_1"><button class="btn btn-outline-danger"><span class="job_id">12 : Job ID 196bb7b5b6e8465d997ec76c42ad3da6</span></button></div></a><div aria-labelledby="job_list___sub_heading_12_1" data-parent="#job_list___sub_accordion_12" class="collapse job_list___sub_multi_collapse" id="job_list___sub_collapse_12_1"><div class="card-body"><div class="work-item"><div class="alert alert-danger test-outcome" role="alert"><p>SURVIVED</p><p>worker outcome: normal</p><p>test outcome: survived</p></div></div><pre class="location"><a href="pycharm://open?file=queue2.py&amp;line=48" class="text-secondary"><button class="btn btn-outline-dark">queue2.py, start pos: (48, 23), end pos: (48, 25)</button></a></pre><pre>operator: core/ReplaceComparisonOperator_Eq_Is, occurrence: 1</pre><div class="alert alert-secondary"><pre class="diff">--- mutation diff ---
--- aqueue2.py
+++ bqueue2.py
@@ -45,7 +45,7 @@
         n = self.head
         last = None
         while n != None:
-            if n.value == value:
+            if n.value is value:
                 if last == None:
                     self.head = self.head.next
                 else:</pre></div><div class="alert alert-secondary"><pre class="diff">============================= test session starts ==============================
platform linux -- Python 3.10.10, pytest-7.2.1, pluggy-1.0.0
rootdir: /home/auri/temp/lucca/python_experiments/queue2
collected 14 items

WHOLE_SUITE/test_queue2_WHOLE_SUITE.py ..............                    [100%]

============================== 14 passed in 0.04s ==============================
</pre></div></div></div></div></div><div class="mb-1" id="job_list___sub_accordion_13"><div class="card"><a data-toggle="collapse" data-target="#job_list___sub_collapse_13_1" aria-expanded="false" aria-controls="job_list___sub_collapse_13_1" href="#" class="job_list___sub_multi_heading"><div role="alert" class="card-header alert-success" id="job_list___sub_heading_13_1"><button class="btn btn-outline-success"><span class="job_id">13 : Job ID b13c0ebd2dd1428c95dedee5bb72d1fd</span></button></div></a><div aria-labelledby="job_list___sub_heading_13_1" data-parent="#job_list___sub_accordion_13" class="collapse job_list___sub_multi_collapse" id="job_list___sub_collapse_13_1"><div class="card-body"><div class="work-item"><div class="alert alert-success test-outcome" role="alert"><p>worker outcome: normal</p><p>test outcome: killed</p></div></div><pre class="location"><a href="pycharm://open?file=queue2.py&amp;line=16" class="text-secondary"><button class="btn btn-outline-dark">queue2.py, start pos: (16, 23), end pos: (16, 25)</button></a></pre><pre>operator: core/ReplaceComparisonOperator_Eq_IsNot, occurrence: 0</pre><div class="alert alert-secondary"><pre class="diff">--- mutation diff ---
--- aqueue2.py
+++ bqueue2.py
@@ -13,7 +13,7 @@
         """Check whether infinite loop via next."""
         p1 = p2 = self
         while p1 != None and p2 != None:
-            if p2.next == None: return False
+            if p2.next is not None: return False
 
             p1 = p1.next
             p2 = p2.next.next</pre></div><div class="alert alert-secondary"><pre class="diff">============================= test session starts ==============================
platform linux -- Python 3.10.10, pytest-7.2.1, pluggy-1.0.0
rootdir: /home/auri/temp/lucca/python_experiments/queue2
collected 14 items

WHOLE_SUITE/test_queue2_WHOLE_SUITE.py ..F...........                    [100%]

=========================== short test summary info ============================
FAILED WHOLE_SUITE/test_queue2_WHOLE_SUITE.py::test_case_2 - AttributeError: ...
========================= 1 failed, 13 passed in 0.05s =========================
</pre></div></div></div></div></div><div class="mb-1" id="job_list___sub_accordion_14"><div class="card"><a data-toggle="collapse" data-target="#job_list___sub_collapse_14_1" aria-expanded="false" aria-controls="job_list___sub_collapse_14_1" href="#" class="job_list___sub_multi_heading"><div role="alert" class="card-header alert-danger" id="job_list___sub_heading_14_1"><button class="btn btn-outline-danger"><span class="job_id">14 : Job ID a17e956e38b74bac9a543c5fce91ae3e</span></button></div></a><div aria-labelledby="job_list___sub_heading_14_1" data-parent="#job_list___sub_accordion_14" class="collapse job_list___sub_multi_collapse" id="job_list___sub_collapse_14_1"><div class="card-body"><div class="work-item"><div class="alert alert-danger test-outcome" role="alert"><p>SURVIVED</p><p>worker outcome: normal</p><p>test outcome: survived</p></div></div><pre class="location"><a href="pycharm://open?file=queue2.py&amp;line=21" class="text-secondary"><button class="btn btn-outline-dark">queue2.py, start pos: (21, 18), end pos: (21, 20)</button></a></pre><pre>operator: core/ReplaceComparisonOperator_Eq_IsNot, occurrence: 1</pre><div class="alert alert-secondary"><pre class="diff">--- mutation diff ---
--- aqueue2.py
+++ bqueue2.py
@@ -18,7 +18,7 @@
             p1 = p1.next
             p2 = p2.next.next
             
-            if p1 == p2: return True
+            if p1 is not p2: return True
         return False
 
 class LinkedList:</pre></div><div class="alert alert-secondary"><pre class="diff">============================= test session starts ==============================
platform linux -- Python 3.10.10, pytest-7.2.1, pluggy-1.0.0
rootdir: /home/auri/temp/lucca/python_experiments/queue2
collected 14 items

WHOLE_SUITE/test_queue2_WHOLE_SUITE.py ..............                    [100%]

============================== 14 passed in 0.04s ==============================
</pre></div></div></div></div></div><div class="mb-1" id="job_list___sub_accordion_15"><div class="card"><a data-toggle="collapse" data-target="#job_list___sub_collapse_15_1" aria-expanded="false" aria-controls="job_list___sub_collapse_15_1" href="#" class="job_list___sub_multi_heading"><div role="alert" class="card-header alert-success" id="job_list___sub_heading_15_1"><button class="btn btn-outline-success"><span class="job_id">15 : Job ID 4d4d8e38d9234f238115153baf786645</span></button></div></a><div aria-labelledby="job_list___sub_heading_15_1" data-parent="#job_list___sub_accordion_15" class="collapse job_list___sub_multi_collapse" id="job_list___sub_collapse_15_1"><div class="card-body"><div class="work-item"><div class="alert alert-success test-outcome" role="alert"><p>worker outcome: normal</p><p>test outcome: killed</p></div></div><pre class="location"><a href="pycharm://open?file=queue2.py&amp;line=48" class="text-secondary"><button class="btn btn-outline-dark">queue2.py, start pos: (48, 23), end pos: (48, 25)</button></a></pre><pre>operator: core/ReplaceComparisonOperator_Eq_IsNot, occurrence: 2</pre><div class="alert alert-secondary"><pre class="diff">--- mutation diff ---
--- aqueue2.py
+++ bqueue2.py
@@ -45,7 +45,7 @@
         n = self.head
         last = None
         while n != None:
-            if n.value == value:
+            if n.value is not value:
                 if last == None:
                     self.head = self.head.next
                 else:</pre></div><div class="alert alert-secondary"><pre class="diff">============================= test session starts ==============================
platform linux -- Python 3.10.10, pytest-7.2.1, pluggy-1.0.0
rootdir: /home/auri/temp/lucca/python_experiments/queue2
collected 14 items

WHOLE_SUITE/test_queue2_WHOLE_SUITE.py ....F.....F...                    [100%]

=========================== short test summary info ============================
FAILED WHOLE_SUITE/test_queue2_WHOLE_SUITE.py::test_case_4 - assert True is F...
FAILED WHOLE_SUITE/test_queue2_WHOLE_SUITE.py::test_case_10 - assert True is ...
========================= 2 failed, 12 passed in 0.05s =========================
</pre></div></div></div></div></div><div class="mb-1" id="job_list___sub_accordion_16"><div class="card"><a data-toggle="collapse" data-target="#job_list___sub_collapse_16_1" aria-expanded="false" aria-controls="job_list___sub_collapse_16_1" href="#" class="job_list___sub_multi_heading"><div role="alert" class="card-header alert-success" id="job_list___sub_heading_16_1"><button class="btn btn-outline-success"><span class="job_id">16 : Job ID d8a3b9ab283b44f8b755cc7c63738158</span></button></div></a><div aria-labelledby="job_list___sub_heading_16_1" data-parent="#job_list___sub_accordion_16" class="collapse job_list___sub_multi_collapse" id="job_list___sub_collapse_16_1"><div class="card-body"><div class="work-item"><div class="alert alert-success test-outcome" role="alert"><p>worker outcome: normal</p><p>test outcome: killed</p></div></div><pre class="location"><a href="pycharm://open?file=queue2.py&amp;line=49" class="text-secondary"><button class="btn btn-outline-dark">queue2.py, start pos: (49, 24), end pos: (49, 26)</button></a></pre><pre>operator: core/ReplaceComparisonOperator_Eq_IsNot, occurrence: 3</pre><div class="alert alert-secondary"><pre class="diff">--- mutation diff ---
--- aqueue2.py
+++ bqueue2.py
@@ -46,7 +46,7 @@
         last = None
         while n != None:
             if n.value == value:
-                if last == None:
+                if last is not None:
                     self.head = self.head.next
                 else:
                     last.next = n.next</pre></div><div class="alert alert-secondary"><pre class="diff">============================= test session starts ==============================
platform linux -- Python 3.10.10, pytest-7.2.1, pluggy-1.0.0
rootdir: /home/auri/temp/lucca/python_experiments/queue2
collected 14 items

WHOLE_SUITE/test_queue2_WHOLE_SUITE.py ..........F...                    [100%]

=========================== short test summary info ============================
FAILED WHOLE_SUITE/test_queue2_WHOLE_SUITE.py::test_case_10 - AttributeError:...
========================= 1 failed, 13 passed in 0.04s =========================
</pre></div></div></div></div></div><div class="mb-1" id="job_list___sub_accordion_17"><div class="card"><a data-toggle="collapse" data-target="#job_list___sub_collapse_17_1" aria-expanded="false" aria-controls="job_list___sub_collapse_17_1" href="#" class="job_list___sub_multi_heading"><div role="alert" class="card-header alert-success" id="job_list___sub_heading_17_1"><button class="btn btn-outline-success"><span class="job_id">17 : Job ID b5caf746665140119ebdf6f593d23df4</span></button></div></a><div aria-labelledby="job_list___sub_heading_17_1" data-parent="#job_list___sub_accordion_17" class="collapse job_list___sub_multi_collapse" id="job_list___sub_collapse_17_1"><div class="card-body"><div class="work-item"><div class="alert alert-success test-outcome" role="alert"><p>worker outcome: normal</p><p>test outcome: killed</p></div></div><pre class="location"><a href="pycharm://open?file=queue2.py&amp;line=99" class="text-secondary"><button class="btn btn-outline-dark">queue2.py, start pos: (99, 25), end pos: (99, 27)</button></a></pre><pre>operator: core/ReplaceComparisonOperator_Eq_IsNot, occurrence: 4</pre><div class="alert alert-secondary"><pre class="diff">--- mutation diff ---
--- aqueue2.py
+++ bqueue2.py
@@ -96,7 +96,7 @@
 
     def isEmpty(self):
         """Determine if queue is empty."""
-        return self.head == None
+        return self.head is not None
 
     def pop(self):
         """Remove first value from queue."""</pre></div><div class="alert alert-secondary"><pre class="diff">============================= test session starts ==============================
platform linux -- Python 3.10.10, pytest-7.2.1, pluggy-1.0.0
rootdir: /home/auri/temp/lucca/python_experiments/queue2
collected 14 items

WHOLE_SUITE/test_queue2_WHOLE_SUITE.py F.F..........F                    [100%]

=========================== short test summary info ============================
FAILED WHOLE_SUITE/test_queue2_WHOLE_SUITE.py::test_case_0 - assert False is ...
FAILED WHOLE_SUITE/test_queue2_WHOLE_SUITE.py::test_case_2 - assert False is ...
FAILED WHOLE_SUITE/test_queue2_WHOLE_SUITE.py::test_case_13 - assert False is...
========================= 3 failed, 11 passed in 0.05s =========================
</pre></div></div></div></div></div><div class="mb-1" id="job_list___sub_accordion_18"><div class="card"><a data-toggle="collapse" data-target="#job_list___sub_collapse_18_1" aria-expanded="false" aria-controls="job_list___sub_collapse_18_1" href="#" class="job_list___sub_multi_heading"><div role="alert" class="card-header alert-danger" id="job_list___sub_heading_18_1"><button class="btn btn-outline-danger"><span class="job_id">18 : Job ID 012c62295e4742e5bbb7d7ff6c4766b6</span></button></div></a><div aria-labelledby="job_list___sub_heading_18_1" data-parent="#job_list___sub_accordion_18" class="collapse job_list___sub_multi_collapse" id="job_list___sub_collapse_18_1"><div class="card-body"><div class="work-item"><div class="alert alert-danger test-outcome" role="alert"><p>SURVIVED</p><p>worker outcome: normal</p><p>test outcome: survived</p></div></div><pre class="location"><a href="pycharm://open?file=queue2.py&amp;line=15" class="text-secondary"><button class="btn btn-outline-dark">queue2.py, start pos: (15, 17), end pos: (15, 19)</button></a></pre><pre>operator: core/ReplaceComparisonOperator_NotEq_Is, occurrence: 0</pre><div class="alert alert-secondary"><pre class="diff">--- mutation diff ---
--- aqueue2.py
+++ bqueue2.py
@@ -12,7 +12,7 @@
     def checkInfinite(self):
         """Check whether infinite loop via next."""
         p1 = p2 = self
-        while p1 != None and p2 != None:
+        while p1 is None and p2 != None:
             if p2.next == None: return False
 
             p1 = p1.next</pre></div><div class="alert alert-secondary"><pre class="diff">============================= test session starts ==============================
platform linux -- Python 3.10.10, pytest-7.2.1, pluggy-1.0.0
rootdir: /home/auri/temp/lucca/python_experiments/queue2
collected 14 items

WHOLE_SUITE/test_queue2_WHOLE_SUITE.py ..............                    [100%]

============================== 14 passed in 0.04s ==============================
</pre></div></div></div></div></div><div class="mb-1" id="job_list___sub_accordion_19"><div class="card"><a data-toggle="collapse" data-target="#job_list___sub_collapse_19_1" aria-expanded="false" aria-controls="job_list___sub_collapse_19_1" href="#" class="job_list___sub_multi_heading"><div role="alert" class="card-header alert-danger" id="job_list___sub_heading_19_1"><button class="btn btn-outline-danger"><span class="job_id">19 : Job ID f277ae50b6214e03bb19b08d49d89f97</span></button></div></a><div aria-labelledby="job_list___sub_heading_19_1" data-parent="#job_list___sub_accordion_19" class="collapse job_list___sub_multi_collapse" id="job_list___sub_collapse_19_1"><div class="card-body"><div class="work-item"><div class="alert alert-danger test-outcome" role="alert"><p>SURVIVED</p><p>worker outcome: normal</p><p>test outcome: survived</p></div></div><pre class="location"><a href="pycharm://open?file=queue2.py&amp;line=15" class="text-secondary"><button class="btn btn-outline-dark">queue2.py, start pos: (15, 32), end pos: (15, 34)</button></a></pre><pre>operator: core/ReplaceComparisonOperator_NotEq_Is, occurrence: 1</pre><div class="alert alert-secondary"><pre class="diff">--- mutation diff ---
--- aqueue2.py
+++ bqueue2.py
@@ -12,7 +12,7 @@
     def checkInfinite(self):
         """Check whether infinite loop via next."""
         p1 = p2 = self
-        while p1 != None and p2 != None:
+        while p1 != None and p2 is None:
             if p2.next == None: return False
 
             p1 = p1.next</pre></div><div class="alert alert-secondary"><pre class="diff">============================= test session starts ==============================
platform linux -- Python 3.10.10, pytest-7.2.1, pluggy-1.0.0
rootdir: /home/auri/temp/lucca/python_experiments/queue2
collected 14 items

WHOLE_SUITE/test_queue2_WHOLE_SUITE.py ..............                    [100%]

============================== 14 passed in 0.06s ==============================
</pre></div></div></div></div></div><div class="mb-1" id="job_list___sub_accordion_20"><div class="card"><a data-toggle="collapse" data-target="#job_list___sub_collapse_20_1" aria-expanded="false" aria-controls="job_list___sub_collapse_20_1" href="#" class="job_list___sub_multi_heading"><div role="alert" class="card-header alert-success" id="job_list___sub_heading_20_1"><button class="btn btn-outline-success"><span class="job_id">20 : Job ID 69395547ef814b0e9035d861cd777bd5</span></button></div></a><div aria-labelledby="job_list___sub_heading_20_1" data-parent="#job_list___sub_accordion_20" class="collapse job_list___sub_multi_collapse" id="job_list___sub_collapse_20_1"><div class="card-body"><div class="work-item"><div class="alert alert-success test-outcome" role="alert"><p>worker outcome: normal</p><p>test outcome: killed</p></div></div><pre class="location"><a href="pycharm://open?file=queue2.py&amp;line=47" class="text-secondary"><button class="btn btn-outline-dark">queue2.py, start pos: (47, 16), end pos: (47, 18)</button></a></pre><pre>operator: core/ReplaceComparisonOperator_NotEq_Is, occurrence: 2</pre><div class="alert alert-secondary"><pre class="diff">--- mutation diff ---
--- aqueue2.py
+++ bqueue2.py
@@ -44,7 +44,7 @@
         """Remove value from list."""
         n = self.head
         last = None
-        while n != None:
+        while n is None:
             if n.value == value:
                 if last == None:
                     self.head = self.head.next</pre></div><div class="alert alert-secondary"><pre class="diff">============================= test session starts ==============================
platform linux -- Python 3.10.10, pytest-7.2.1, pluggy-1.0.0
rootdir: /home/auri/temp/lucca/python_experiments/queue2
collected 14 items

WHOLE_SUITE/test_queue2_WHOLE_SUITE.py .F........F...                    [100%]

=========================== short test summary info ============================
FAILED WHOLE_SUITE/test_queue2_WHOLE_SUITE.py::test_case_1 - AttributeError: ...
FAILED WHOLE_SUITE/test_queue2_WHOLE_SUITE.py::test_case_10 - assert False is...
========================= 2 failed, 12 passed in 0.05s =========================
</pre></div></div></div></div></div><div class="mb-1" id="job_list___sub_accordion_21"><div class="card"><a data-toggle="collapse" data-target="#job_list___sub_collapse_21_1" aria-expanded="false" aria-controls="job_list___sub_collapse_21_1" href="#" class="job_list___sub_multi_heading"><div role="alert" class="card-header alert-success" id="job_list___sub_heading_21_1"><button class="btn btn-outline-success"><span class="job_id">21 : Job ID f2e30444c3e247c5a3b3b25bc54a0fe5</span></button></div></a><div aria-labelledby="job_list___sub_heading_21_1" data-parent="#job_list___sub_accordion_21" class="collapse job_list___sub_multi_collapse" id="job_list___sub_collapse_21_1"><div class="card-body"><div class="work-item"><div class="alert alert-success test-outcome" role="alert"><p>worker outcome: normal</p><p>test outcome: killed</p></div></div><pre class="location"><a href="pycharm://open?file=queue2.py&amp;line=60" class="text-secondary"><button class="btn btn-outline-dark">queue2.py, start pos: (60, 16), end pos: (60, 18)</button></a></pre><pre>operator: core/ReplaceComparisonOperator_NotEq_Is, occurrence: 3</pre><div class="alert alert-secondary"><pre class="diff">--- mutation diff ---
--- aqueue2.py
+++ bqueue2.py
@@ -57,7 +57,7 @@
     def __iter__(self):
         """Iterator of values in the list."""
         n = self.head
-        while n != None:
+        while n is None:
             yield n.value
             n = n.next
         </pre></div><div class="alert alert-secondary"><pre class="diff">============================= test session starts ==============================
platform linux -- Python 3.10.10, pytest-7.2.1, pluggy-1.0.0
rootdir: /home/auri/temp/lucca/python_experiments/queue2
collected 14 items

WHOLE_SUITE/test_queue2_WHOLE_SUITE.py ....F....F....                    [100%]

=========================== short test summary info ============================
FAILED WHOLE_SUITE/test_queue2_WHOLE_SUITE.py::test_case_4 - AssertionError: ...
FAILED WHOLE_SUITE/test_queue2_WHOLE_SUITE.py::test_case_9 - AttributeError: ...
========================= 2 failed, 12 passed in 0.05s =========================
</pre></div></div></div></div></div><div class="mb-1" id="job_list___sub_accordion_22"><div class="card"><a data-toggle="collapse" data-target="#job_list___sub_collapse_22_1" aria-expanded="false" aria-controls="job_list___sub_collapse_22_1" href="#" class="job_list___sub_multi_heading"><div role="alert" class="card-header alert-success" id="job_list___sub_heading_22_1"><button class="btn btn-outline-success"><span class="job_id">22 : Job ID b1c97b989aea404ba7851293c3abc0af</span></button></div></a><div aria-labelledby="job_list___sub_heading_22_1" data-parent="#job_list___sub_accordion_22" class="collapse job_list___sub_multi_collapse" id="job_list___sub_collapse_22_1"><div class="card-body"><div class="work-item"><div class="alert alert-success test-outcome" role="alert"><p>worker outcome: normal</p><p>test outcome: killed</p></div></div><pre class="location"><a href="pycharm://open?file=queue2.py&amp;line=75" class="text-secondary"><button class="btn btn-outline-dark">queue2.py, start pos: (75, 16), end pos: (75, 18)</button></a></pre><pre>operator: core/ReplaceComparisonOperator_NotEq_Is, occurrence: 4</pre><div class="alert alert-secondary"><pre class="diff">--- mutation diff ---
--- aqueue2.py
+++ bqueue2.py
@@ -72,7 +72,7 @@
         """Count values in list."""
         n = self.head
         count = 0
-        while n != None:
+        while n is None:
             count += 1
             n = n.next
         return count</pre></div><div class="alert alert-secondary"><pre class="diff">============================= test session starts ==============================
platform linux -- Python 3.10.10, pytest-7.2.1, pluggy-1.0.0
rootdir: /home/auri/temp/lucca/python_experiments/queue2
collected 14 items

WHOLE_SUITE/test_queue2_WHOLE_SUITE.py .FF.F....FF.FF                    [100%]

=========================== short test summary info ============================
FAILED WHOLE_SUITE/test_queue2_WHOLE_SUITE.py::test_case_1 - AttributeError: ...
FAILED WHOLE_SUITE/test_queue2_WHOLE_SUITE.py::test_case_2 - AttributeError: ...
FAILED WHOLE_SUITE/test_queue2_WHOLE_SUITE.py::test_case_4 - assert 0 == 4
FAILED WHOLE_SUITE/test_queue2_WHOLE_SUITE.py::test_case_9 - AttributeError: ...
FAILED WHOLE_SUITE/test_queue2_WHOLE_SUITE.py::test_case_10 - assert 0 == 4
FAILED WHOLE_SUITE/test_queue2_WHOLE_SUITE.py::test_case_12 - AttributeError:...
FAILED WHOLE_SUITE/test_queue2_WHOLE_SUITE.py::test_case_13 - AttributeError:...
========================= 7 failed, 7 passed in 0.05s ==========================
</pre></div></div></div></div></div><div class="mb-1" id="job_list___sub_accordion_23"><div class="card"><a data-toggle="collapse" data-target="#job_list___sub_collapse_23_1" aria-expanded="false" aria-controls="job_list___sub_collapse_23_1" href="#" class="job_list___sub_multi_heading"><div role="alert" class="card-header alert-success" id="job_list___sub_heading_23_1"><button class="btn btn-outline-success"><span class="job_id">23 : Job ID 6bebb9d689ce4a76a0e2d25a0390999c</span></button></div></a><div aria-labelledby="job_list___sub_heading_23_1" data-parent="#job_list___sub_accordion_23" class="collapse job_list___sub_multi_collapse" id="job_list___sub_collapse_23_1"><div class="card-body"><div class="work-item"><div class="alert alert-success test-outcome" role="alert"><p>worker outcome: normal</p><p>test outcome: killed</p></div></div><pre class="location"><a href="pycharm://open?file=queue2.py&amp;line=114" class="text-secondary"><button class="btn btn-outline-dark">queue2.py, start pos: (114, 16), end pos: (114, 18)</button></a></pre><pre>operator: core/ReplaceComparisonOperator_NotEq_Is, occurrence: 5</pre><div class="alert alert-secondary"><pre class="diff">--- mutation diff ---
--- aqueue2.py
+++ bqueue2.py
@@ -111,7 +111,7 @@
     def __iter__(self):
         """Iterator of values in queue."""
         n = self.head
-        while n != None:
+        while n is None:
             yield n.value
             n = n.next
         </pre></div><div class="alert alert-secondary"><pre class="diff">============================= test session starts ==============================
platform linux -- Python 3.10.10, pytest-7.2.1, pluggy-1.0.0
rootdir: /home/auri/temp/lucca/python_experiments/queue2
collected 14 items

WHOLE_SUITE/test_queue2_WHOLE_SUITE.py .......F....FF                    [100%]

=========================== short test summary info ============================
FAILED WHOLE_SUITE/test_queue2_WHOLE_SUITE.py::test_case_7 - AssertionError: ...
FAILED WHOLE_SUITE/test_queue2_WHOLE_SUITE.py::test_case_12 - AssertionError:...
FAILED WHOLE_SUITE/test_queue2_WHOLE_SUITE.py::test_case_13 - AttributeError:...
========================= 3 failed, 11 passed in 0.05s =========================
</pre></div></div></div></div></div><div class="mb-1" id="job_list___sub_accordion_24"><div class="card"><a data-toggle="collapse" data-target="#job_list___sub_collapse_24_1" aria-expanded="false" aria-controls="job_list___sub_collapse_24_1" href="#" class="job_list___sub_multi_heading"><div role="alert" class="card-header alert-success" id="job_list___sub_heading_24_1"><button class="btn btn-outline-success"><span class="job_id">24 : Job ID 60c1943ee9b84d128eb42242c2e4ddb6</span></button></div></a><div aria-labelledby="job_list___sub_heading_24_1" data-parent="#job_list___sub_accordion_24" class="collapse job_list___sub_multi_collapse" id="job_list___sub_collapse_24_1"><div class="card-body"><div class="work-item"><div class="alert alert-success test-outcome" role="alert"><p>worker outcome: normal</p><p>test outcome: killed</p></div></div><pre class="location"><a href="pycharm://open?file=queue2.py&amp;line=129" class="text-secondary"><button class="btn btn-outline-dark">queue2.py, start pos: (129, 16), end pos: (129, 18)</button></a></pre><pre>operator: core/ReplaceComparisonOperator_NotEq_Is, occurrence: 6</pre><div class="alert alert-secondary"><pre class="diff">--- mutation diff ---
--- aqueue2.py
+++ bqueue2.py
@@ -126,7 +126,7 @@
         """Count values in queue."""
         n = self.head
         count = 0
-        while n != None:
+        while n is None:
             count += 1
             n = n.next
         return count</pre></div><div class="alert alert-secondary"><pre class="diff">============================= test session starts ==============================
platform linux -- Python 3.10.10, pytest-7.2.1, pluggy-1.0.0
rootdir: /home/auri/temp/lucca/python_experiments/queue2
collected 14 items

WHOLE_SUITE/test_queue2_WHOLE_SUITE.py F.F..FFF..F.FF                    [100%]

=========================== short test summary info ============================
FAILED WHOLE_SUITE/test_queue2_WHOLE_SUITE.py::test_case_0 - AttributeError: ...
FAILED WHOLE_SUITE/test_queue2_WHOLE_SUITE.py::test_case_2 - AttributeError: ...
FAILED WHOLE_SUITE/test_queue2_WHOLE_SUITE.py::test_case_5 - AttributeError: ...
FAILED WHOLE_SUITE/test_queue2_WHOLE_SUITE.py::test_case_6 - AttributeError: ...
FAILED WHOLE_SUITE/test_queue2_WHOLE_SUITE.py::test_case_7 - AttributeError: ...
FAILED WHOLE_SUITE/test_queue2_WHOLE_SUITE.py::test_case_10 - AttributeError:...
FAILED WHOLE_SUITE/test_queue2_WHOLE_SUITE.py::test_case_12 - AttributeError:...
FAILED WHOLE_SUITE/test_queue2_WHOLE_SUITE.py::test_case_13 - AttributeError:...
========================= 8 failed, 6 passed in 0.05s ==========================
</pre></div></div></div></div></div><div class="mb-1" id="job_list___sub_accordion_25"><div class="card"><a data-toggle="collapse" data-target="#job_list___sub_collapse_25_1" aria-expanded="false" aria-controls="job_list___sub_collapse_25_1" href="#" class="job_list___sub_multi_heading"><div role="alert" class="card-header alert-success" id="job_list___sub_heading_25_1"><button class="btn btn-outline-success"><span class="job_id">25 : Job ID cc2313f502d1462ca75b24d0994f1f72</span></button></div></a><div aria-labelledby="job_list___sub_heading_25_1" data-parent="#job_list___sub_accordion_25" class="collapse job_list___sub_multi_collapse" id="job_list___sub_collapse_25_1"><div class="card-body"><div class="work-item"><div class="alert alert-success test-outcome" role="alert"><p>worker outcome: normal</p><p>test outcome: killed</p></div></div><pre class="location"><a href="pycharm://open?file=queue2.py&amp;line=37" class="text-secondary"><button class="btn btn-outline-dark">queue2.py, start pos: (37, 21), end pos: (37, 23)</button></a></pre><pre>operator: core/ReplaceComparisonOperator_Is_IsNot, occurrence: 0</pre><div class="alert alert-secondary"><pre class="diff">--- mutation diff ---
--- aqueue2.py
+++ bqueue2.py
@@ -34,7 +34,7 @@
 
     def pop(self):
         """Remove first value in list."""
-        if self.head is None:
+        if self.head is not None:
             raise Exception ("Linked list is empty.")
         val = self.head.value
         self.head = self.head.next</pre></div><div class="alert alert-secondary"><pre class="diff">============================= test session starts ==============================
platform linux -- Python 3.10.10, pytest-7.2.1, pluggy-1.0.0
rootdir: /home/auri/temp/lucca/python_experiments/queue2
collected 14 items

WHOLE_SUITE/test_queue2_WHOLE_SUITE.py ....F.........                    [100%]

=========================== short test summary info ============================
FAILED WHOLE_SUITE/test_queue2_WHOLE_SUITE.py::test_case_4 - Exception: Linke...
========================= 1 failed, 13 passed in 0.05s =========================
</pre></div></div></div></div></div><div class="mb-1" id="job_list___sub_accordion_26"><div class="card"><a data-toggle="collapse" data-target="#job_list___sub_collapse_26_1" aria-expanded="false" aria-controls="job_list___sub_collapse_26_1" href="#" class="job_list___sub_multi_heading"><div role="alert" class="card-header alert-success" id="job_list___sub_heading_26_1"><button class="btn btn-outline-success"><span class="job_id">26 : Job ID f0b30d4af55848b5a63541716e88be5b</span></button></div></a><div aria-labelledby="job_list___sub_heading_26_1" data-parent="#job_list___sub_accordion_26" class="collapse job_list___sub_multi_collapse" id="job_list___sub_collapse_26_1"><div class="card-body"><div class="work-item"><div class="alert alert-success test-outcome" role="alert"><p>worker outcome: normal</p><p>test outcome: killed</p></div></div><pre class="location"><a href="pycharm://open?file=queue2.py&amp;line=66" class="text-secondary"><button class="btn btn-outline-dark">queue2.py, start pos: (66, 21), end pos: (66, 23)</button></a></pre><pre>operator: core/ReplaceComparisonOperator_Is_IsNot, occurrence: 1</pre><div class="alert alert-secondary"><pre class="diff">--- mutation diff ---
--- aqueue2.py
+++ bqueue2.py
@@ -63,7 +63,7 @@
         
     def __repr__(self):
         """String representation of linked list."""
-        if self.head is None:
+        if self.head is not None:
             return 'link:[]'
 
         return 'link:[{0:s}]'.format(','.join(map(str,self)))</pre></div><div class="alert alert-secondary"><pre class="diff">============================= test session starts ==============================
platform linux -- Python 3.10.10, pytest-7.2.1, pluggy-1.0.0
rootdir: /home/auri/temp/lucca/python_experiments/queue2
collected 14 items

WHOLE_SUITE/test_queue2_WHOLE_SUITE.py ....F.........                    [100%]

=========================== short test summary info ============================
FAILED WHOLE_SUITE/test_queue2_WHOLE_SUITE.py::test_case_4 - AssertionError: ...
========================= 1 failed, 13 passed in 0.05s =========================
</pre></div></div></div></div></div><div class="mb-1" id="job_list___sub_accordion_27"><div class="card"><a data-toggle="collapse" data-target="#job_list___sub_collapse_27_1" aria-expanded="false" aria-controls="job_list___sub_collapse_27_1" href="#" class="job_list___sub_multi_heading"><div role="alert" class="card-header alert-success" id="job_list___sub_heading_27_1"><button class="btn btn-outline-success"><span class="job_id">27 : Job ID be4a5b6c59704a36ab21de680c44b267</span></button></div></a><div aria-labelledby="job_list___sub_heading_27_1" data-parent="#job_list___sub_accordion_27" class="collapse job_list___sub_multi_collapse" id="job_list___sub_collapse_27_1"><div class="card-body"><div class="work-item"><div class="alert alert-success test-outcome" role="alert"><p>worker outcome: normal</p><p>test outcome: killed</p></div></div><pre class="location"><a href="pycharm://open?file=queue2.py&amp;line=91" class="text-secondary"><button class="btn btn-outline-dark">queue2.py, start pos: (91, 21), end pos: (91, 23)</button></a></pre><pre>operator: core/ReplaceComparisonOperator_Is_IsNot, occurrence: 2</pre><div class="alert alert-secondary"><pre class="diff">--- mutation diff ---
--- aqueue2.py
+++ bqueue2.py
@@ -88,7 +88,7 @@
     def append(self, value):
         """Add value to end of queue."""
         newNode = LinkedNode(value, None)
-        if self.head is None:
+        if self.head is not None:
             self.head = self.tail = newNode
         else:
             self.tail.next = newNode</pre></div><div class="alert alert-secondary"><pre class="diff">============================= test session starts ==============================
platform linux -- Python 3.10.10, pytest-7.2.1, pluggy-1.0.0
rootdir: /home/auri/temp/lucca/python_experiments/queue2
collected 14 items

WHOLE_SUITE/test_queue2_WHOLE_SUITE.py .....F.F....F.                    [100%]

=========================== short test summary info ============================
FAILED WHOLE_SUITE/test_queue2_WHOLE_SUITE.py::test_case_5 - AttributeError: ...
FAILED WHOLE_SUITE/test_queue2_WHOLE_SUITE.py::test_case_7 - AttributeError: ...
FAILED WHOLE_SUITE/test_queue2_WHOLE_SUITE.py::test_case_12 - AttributeError:...
========================= 3 failed, 11 passed in 0.05s =========================
</pre></div></div></div></div></div><div class="mb-1" id="job_list___sub_accordion_28"><div class="card"><a data-toggle="collapse" data-target="#job_list___sub_collapse_28_1" aria-expanded="false" aria-controls="job_list___sub_collapse_28_1" href="#" class="job_list___sub_multi_heading"><div role="alert" class="card-header alert-success" id="job_list___sub_heading_28_1"><button class="btn btn-outline-success"><span class="job_id">28 : Job ID 38f4d44150d549a8965b7a39f97c0687</span></button></div></a><div aria-labelledby="job_list___sub_heading_28_1" data-parent="#job_list___sub_accordion_28" class="collapse job_list___sub_multi_collapse" id="job_list___sub_collapse_28_1"><div class="card-body"><div class="work-item"><div class="alert alert-success test-outcome" role="alert"><p>worker outcome: normal</p><p>test outcome: killed</p></div></div><pre class="location"><a href="pycharm://open?file=queue2.py&amp;line=103" class="text-secondary"><button class="btn btn-outline-dark">queue2.py, start pos: (103, 21), end pos: (103, 23)</button></a></pre><pre>operator: core/ReplaceComparisonOperator_Is_IsNot, occurrence: 3</pre><div class="alert alert-secondary"><pre class="diff">--- mutation diff ---
--- aqueue2.py
+++ bqueue2.py
@@ -100,7 +100,7 @@
 
     def pop(self):
         """Remove first value from queue."""
-        if self.head is None:
+        if self.head is not None:
             raise Exception ("Queue is empty.")
         val = self.head.value
         self.head = self.head.next</pre></div><div class="alert alert-secondary"><pre class="diff">============================= test session starts ==============================
platform linux -- Python 3.10.10, pytest-7.2.1, pluggy-1.0.0
rootdir: /home/auri/temp/lucca/python_experiments/queue2
collected 14 items

WHOLE_SUITE/test_queue2_WHOLE_SUITE.py .....F.F......                    [100%]

=========================== short test summary info ============================
FAILED WHOLE_SUITE/test_queue2_WHOLE_SUITE.py::test_case_5 - Exception: Queue...
FAILED WHOLE_SUITE/test_queue2_WHOLE_SUITE.py::test_case_7 - Exception: Queue...
========================= 2 failed, 12 passed in 0.05s =========================
</pre></div></div></div></div></div><div class="mb-1" id="job_list___sub_accordion_29"><div class="card"><a data-toggle="collapse" data-target="#job_list___sub_collapse_29_1" aria-expanded="false" aria-controls="job_list___sub_collapse_29_1" href="#" class="job_list___sub_multi_heading"><div role="alert" class="card-header alert-danger" id="job_list___sub_heading_29_1"><button class="btn btn-outline-danger"><span class="job_id">29 : Job ID 67aacc92df9c4b6a94b9649b61539fc6</span></button></div></a><div aria-labelledby="job_list___sub_heading_29_1" data-parent="#job_list___sub_accordion_29" class="collapse job_list___sub_multi_collapse" id="job_list___sub_collapse_29_1"><div class="card-body"><div class="work-item"><div class="alert alert-danger test-outcome" role="alert"><p>SURVIVED</p><p>worker outcome: normal</p><p>test outcome: survived</p></div></div><pre class="location"><a href="pycharm://open?file=queue2.py&amp;line=107" class="text-secondary"><button class="btn btn-outline-dark">queue2.py, start pos: (107, 21), end pos: (107, 23)</button></a></pre><pre>operator: core/ReplaceComparisonOperator_Is_IsNot, occurrence: 4</pre><div class="alert alert-secondary"><pre class="diff">--- mutation diff ---
--- aqueue2.py
+++ bqueue2.py
@@ -104,7 +104,7 @@
             raise Exception ("Queue is empty.")
         val = self.head.value
         self.head = self.head.next
-        if self.head is None:
+        if self.head is not None:
             self.tail = None
         return val
 </pre></div><div class="alert alert-secondary"><pre class="diff">============================= test session starts ==============================
platform linux -- Python 3.10.10, pytest-7.2.1, pluggy-1.0.0
rootdir: /home/auri/temp/lucca/python_experiments/queue2
collected 14 items

WHOLE_SUITE/test_queue2_WHOLE_SUITE.py ..............                    [100%]

============================== 14 passed in 0.05s ==============================
</pre></div></div></div></div></div><div class="mb-1" id="job_list___sub_accordion_30"><div class="card"><a data-toggle="collapse" data-target="#job_list___sub_collapse_30_1" aria-expanded="false" aria-controls="job_list___sub_collapse_30_1" href="#" class="job_list___sub_multi_heading"><div role="alert" class="card-header alert-success" id="job_list___sub_heading_30_1"><button class="btn btn-outline-success"><span class="job_id">30 : Job ID 229789d7602a49ab85e7e9867ed9945f</span></button></div></a><div aria-labelledby="job_list___sub_heading_30_1" data-parent="#job_list___sub_accordion_30" class="collapse job_list___sub_multi_collapse" id="job_list___sub_collapse_30_1"><div class="card-body"><div class="work-item"><div class="alert alert-success test-outcome" role="alert"><p>worker outcome: normal</p><p>test outcome: killed</p></div></div><pre class="location"><a href="pycharm://open?file=queue2.py&amp;line=120" class="text-secondary"><button class="btn btn-outline-dark">queue2.py, start pos: (120, 21), end pos: (120, 23)</button></a></pre><pre>operator: core/ReplaceComparisonOperator_Is_IsNot, occurrence: 5</pre><div class="alert alert-secondary"><pre class="diff">--- mutation diff ---
--- aqueue2.py
+++ bqueue2.py
@@ -117,7 +117,7 @@
         
     def __repr__(self):
         """String representation of queue."""
-        if self.head is None:
+        if self.head is not None:
             return 'queue:[]'
 
         return 'queue:[{0:s}]'.format(','.join(map(str,self)))</pre></div><div class="alert alert-secondary"><pre class="diff">============================= test session starts ==============================
platform linux -- Python 3.10.10, pytest-7.2.1, pluggy-1.0.0
rootdir: /home/auri/temp/lucca/python_experiments/queue2
collected 14 items

WHOLE_SUITE/test_queue2_WHOLE_SUITE.py .......F....F.                    [100%]

=========================== short test summary info ============================
FAILED WHOLE_SUITE/test_queue2_WHOLE_SUITE.py::test_case_7 - AssertionError: ...
FAILED WHOLE_SUITE/test_queue2_WHOLE_SUITE.py::test_case_12 - AssertionError:...
========================= 2 failed, 12 passed in 0.05s =========================
</pre></div></div></div></div></div><div class="mb-1" id="job_list___sub_accordion_31"><div class="card"><a data-toggle="collapse" data-target="#job_list___sub_collapse_31_1" aria-expanded="false" aria-controls="job_list___sub_collapse_31_1" href="#" class="job_list___sub_multi_heading"><div role="alert" class="card-header alert-danger" id="job_list___sub_heading_31_1"><button class="btn btn-outline-danger"><span class="job_id">31 : Job ID a0cf4d12d66744dcb463a33b874849ba</span></button></div></a><div aria-labelledby="job_list___sub_heading_31_1" data-parent="#job_list___sub_accordion_31" class="collapse job_list___sub_multi_collapse" id="job_list___sub_collapse_31_1"><div class="card-body"><div class="work-item"><div class="alert alert-danger test-outcome" role="alert"><p>SURVIVED</p><p>worker outcome: normal</p><p>test outcome: survived</p></div></div><pre class="location"><a href="pycharm://open?file=queue2.py&amp;line=15" class="text-secondary"><button class="btn btn-outline-dark">queue2.py, start pos: (15, 14), end pos: (15, 39)</button></a></pre><pre>operator: core/AddNot, occurrence: 0</pre><div class="alert alert-secondary"><pre class="diff">--- mutation diff ---
--- aqueue2.py
+++ bqueue2.py
@@ -12,7 +12,7 @@
     def checkInfinite(self):
         """Check whether infinite loop via next."""
         p1 = p2 = self
-        while p1 != None and p2 != None:
+        while not p1 != None and p2 != None:
             if p2.next == None: return False
 
             p1 = p1.next</pre></div><div class="alert alert-secondary"><pre class="diff">============================= test session starts ==============================
platform linux -- Python 3.10.10, pytest-7.2.1, pluggy-1.0.0
rootdir: /home/auri/temp/lucca/python_experiments/queue2
collected 14 items

WHOLE_SUITE/test_queue2_WHOLE_SUITE.py ..............                    [100%]

============================== 14 passed in 0.05s ==============================
</pre></div></div></div></div></div><div class="mb-1" id="job_list___sub_accordion_32"><div class="card"><a data-toggle="collapse" data-target="#job_list___sub_collapse_32_1" aria-expanded="false" aria-controls="job_list___sub_collapse_32_1" href="#" class="job_list___sub_multi_heading"><div role="alert" class="card-header alert-success" id="job_list___sub_heading_32_1"><button class="btn btn-outline-success"><span class="job_id">32 : Job ID 4ec87aa7945a46a595aea508a13bec6e</span></button></div></a><div aria-labelledby="job_list___sub_heading_32_1" data-parent="#job_list___sub_accordion_32" class="collapse job_list___sub_multi_collapse" id="job_list___sub_collapse_32_1"><div class="card-body"><div class="work-item"><div class="alert alert-success test-outcome" role="alert"><p>worker outcome: normal</p><p>test outcome: killed</p></div></div><pre class="location"><a href="pycharm://open?file=queue2.py&amp;line=16" class="text-secondary"><button class="btn btn-outline-dark">queue2.py, start pos: (16, 15), end pos: (16, 30)</button></a></pre><pre>operator: core/AddNot, occurrence: 1</pre><div class="alert alert-secondary"><pre class="diff">--- mutation diff ---
--- aqueue2.py
+++ bqueue2.py
@@ -13,7 +13,7 @@
         """Check whether infinite loop via next."""
         p1 = p2 = self
         while p1 != None and p2 != None:
-            if p2.next == None: return False
+            if not p2.next == None: return False
 
             p1 = p1.next
             p2 = p2.next.next</pre></div><div class="alert alert-secondary"><pre class="diff">============================= test session starts ==============================
platform linux -- Python 3.10.10, pytest-7.2.1, pluggy-1.0.0
rootdir: /home/auri/temp/lucca/python_experiments/queue2
collected 14 items

WHOLE_SUITE/test_queue2_WHOLE_SUITE.py ..F...........                    [100%]

=========================== short test summary info ============================
FAILED WHOLE_SUITE/test_queue2_WHOLE_SUITE.py::test_case_2 - AttributeError: ...
========================= 1 failed, 13 passed in 0.05s =========================
</pre></div></div></div></div></div><div class="mb-1" id="job_list___sub_accordion_33"><div class="card"><a data-toggle="collapse" data-target="#job_list___sub_collapse_33_1" aria-expanded="false" aria-controls="job_list___sub_collapse_33_1" href="#" class="job_list___sub_multi_heading"><div role="alert" class="card-header alert-danger" id="job_list___sub_heading_33_1"><button class="btn btn-outline-danger"><span class="job_id">33 : Job ID ab9b4b4979d64d1380118c61126c5da5</span></button></div></a><div aria-labelledby="job_list___sub_heading_33_1" data-parent="#job_list___sub_accordion_33" class="collapse job_list___sub_multi_collapse" id="job_list___sub_collapse_33_1"><div class="card-body"><div class="work-item"><div class="alert alert-danger test-outcome" role="alert"><p>SURVIVED</p><p>worker outcome: normal</p><p>test outcome: survived</p></div></div><pre class="location"><a href="pycharm://open?file=queue2.py&amp;line=21" class="text-secondary"><button class="btn btn-outline-dark">queue2.py, start pos: (21, 15), end pos: (21, 23)</button></a></pre><pre>operator: core/AddNot, occurrence: 2</pre><div class="alert alert-secondary"><pre class="diff">--- mutation diff ---
--- aqueue2.py
+++ bqueue2.py
@@ -18,7 +18,7 @@
             p1 = p1.next
             p2 = p2.next.next
             
-            if p1 == p2: return True
+            if not p1 == p2: return True
         return False
 
 class LinkedList:</pre></div><div class="alert alert-secondary"><pre class="diff">============================= test session starts ==============================
platform linux -- Python 3.10.10, pytest-7.2.1, pluggy-1.0.0
rootdir: /home/auri/temp/lucca/python_experiments/queue2
collected 14 items

WHOLE_SUITE/test_queue2_WHOLE_SUITE.py ..............                    [100%]

============================== 14 passed in 0.05s ==============================
</pre></div></div></div></div></div><div class="mb-1" id="job_list___sub_accordion_34"><div class="card"><a data-toggle="collapse" data-target="#job_list___sub_collapse_34_1" aria-expanded="false" aria-controls="job_list___sub_collapse_34_1" href="#" class="job_list___sub_multi_heading"><div role="alert" class="card-header alert-success" id="job_list___sub_heading_34_1"><button class="btn btn-outline-success"><span class="job_id">34 : Job ID 35e7faeda17e42e0ad9f9200df7c0ade</span></button></div></a><div aria-labelledby="job_list___sub_heading_34_1" data-parent="#job_list___sub_accordion_34" class="collapse job_list___sub_multi_collapse" id="job_list___sub_collapse_34_1"><div class="card-body"><div class="work-item"><div class="alert alert-success test-outcome" role="alert"><p>worker outcome: normal</p><p>test outcome: killed</p></div></div><pre class="location"><a href="pycharm://open?file=queue2.py&amp;line=37" class="text-secondary"><button class="btn btn-outline-dark">queue2.py, start pos: (37, 11), end pos: (37, 28)</button></a></pre><pre>operator: core/AddNot, occurrence: 3</pre><div class="alert alert-secondary"><pre class="diff">--- mutation diff ---
--- aqueue2.py
+++ bqueue2.py
@@ -34,7 +34,7 @@
 
     def pop(self):
         """Remove first value in list."""
-        if self.head is None:
+        if not self.head is None:
             raise Exception ("Linked list is empty.")
         val = self.head.value
         self.head = self.head.next</pre></div><div class="alert alert-secondary"><pre class="diff">============================= test session starts ==============================
platform linux -- Python 3.10.10, pytest-7.2.1, pluggy-1.0.0
rootdir: /home/auri/temp/lucca/python_experiments/queue2
collected 14 items

WHOLE_SUITE/test_queue2_WHOLE_SUITE.py ....F.........                    [100%]

=========================== short test summary info ============================
FAILED WHOLE_SUITE/test_queue2_WHOLE_SUITE.py::test_case_4 - Exception: Linke...
========================= 1 failed, 13 passed in 0.05s =========================
</pre></div></div></div></div></div><div class="mb-1" id="job_list___sub_accordion_35"><div class="card"><a data-toggle="collapse" data-target="#job_list___sub_collapse_35_1" aria-expanded="false" aria-controls="job_list___sub_collapse_35_1" href="#" class="job_list___sub_multi_heading"><div role="alert" class="card-header alert-success" id="job_list___sub_heading_35_1"><button class="btn btn-outline-success"><span class="job_id">35 : Job ID ec3cb87acf7a4ec0a55a6f0db23fdf93</span></button></div></a><div aria-labelledby="job_list___sub_heading_35_1" data-parent="#job_list___sub_accordion_35" class="collapse job_list___sub_multi_collapse" id="job_list___sub_collapse_35_1"><div class="card-body"><div class="work-item"><div class="alert alert-success test-outcome" role="alert"><p>worker outcome: normal</p><p>test outcome: killed</p></div></div><pre class="location"><a href="pycharm://open?file=queue2.py&amp;line=47" class="text-secondary"><button class="btn btn-outline-dark">queue2.py, start pos: (47, 14), end pos: (47, 23)</button></a></pre><pre>operator: core/AddNot, occurrence: 4</pre><div class="alert alert-secondary"><pre class="diff">--- mutation diff ---
--- aqueue2.py
+++ bqueue2.py
@@ -44,7 +44,7 @@
         """Remove value from list."""
         n = self.head
         last = None
-        while n != None:
+        while not n != None:
             if n.value == value:
                 if last == None:
                     self.head = self.head.next</pre></div><div class="alert alert-secondary"><pre class="diff">============================= test session starts ==============================
platform linux -- Python 3.10.10, pytest-7.2.1, pluggy-1.0.0
rootdir: /home/auri/temp/lucca/python_experiments/queue2
collected 14 items

WHOLE_SUITE/test_queue2_WHOLE_SUITE.py .F........F...                    [100%]

=========================== short test summary info ============================
FAILED WHOLE_SUITE/test_queue2_WHOLE_SUITE.py::test_case_1 - AttributeError: ...
FAILED WHOLE_SUITE/test_queue2_WHOLE_SUITE.py::test_case_10 - assert False is...
========================= 2 failed, 12 passed in 0.05s =========================
</pre></div></div></div></div></div><div class="mb-1" id="job_list___sub_accordion_36"><div class="card"><a data-toggle="collapse" data-target="#job_list___sub_collapse_36_1" aria-expanded="false" aria-controls="job_list___sub_collapse_36_1" href="#" class="job_list___sub_multi_heading"><div role="alert" class="card-header alert-success" id="job_list___sub_heading_36_1"><button class="btn btn-outline-success"><span class="job_id">36 : Job ID 9af714158e364479a3d4faf17a7ac494</span></button></div></a><div aria-labelledby="job_list___sub_heading_36_1" data-parent="#job_list___sub_accordion_36" class="collapse job_list___sub_multi_collapse" id="job_list___sub_collapse_36_1"><div class="card-body"><div class="work-item"><div class="alert alert-success test-outcome" role="alert"><p>worker outcome: normal</p><p>test outcome: killed</p></div></div><pre class="location"><a href="pycharm://open?file=queue2.py&amp;line=48" class="text-secondary"><button class="btn btn-outline-dark">queue2.py, start pos: (48, 15), end pos: (48, 31)</button></a></pre><pre>operator: core/AddNot, occurrence: 5</pre><div class="alert alert-secondary"><pre class="diff">--- mutation diff ---
--- aqueue2.py
+++ bqueue2.py
@@ -45,7 +45,7 @@
         n = self.head
         last = None
         while n != None:
-            if n.value == value:
+            if not n.value == value:
                 if last == None:
                     self.head = self.head.next
                 else:</pre></div><div class="alert alert-secondary"><pre class="diff">============================= test session starts ==============================
platform linux -- Python 3.10.10, pytest-7.2.1, pluggy-1.0.0
rootdir: /home/auri/temp/lucca/python_experiments/queue2
collected 14 items

WHOLE_SUITE/test_queue2_WHOLE_SUITE.py ....F.....F...                    [100%]

=========================== short test summary info ============================
FAILED WHOLE_SUITE/test_queue2_WHOLE_SUITE.py::test_case_4 - assert True is F...
FAILED WHOLE_SUITE/test_queue2_WHOLE_SUITE.py::test_case_10 - assert True is ...
========================= 2 failed, 12 passed in 0.05s =========================
</pre></div></div></div></div></div><div class="mb-1" id="job_list___sub_accordion_37"><div class="card"><a data-toggle="collapse" data-target="#job_list___sub_collapse_37_1" aria-expanded="false" aria-controls="job_list___sub_collapse_37_1" href="#" class="job_list___sub_multi_heading"><div role="alert" class="card-header alert-success" id="job_list___sub_heading_37_1"><button class="btn btn-outline-success"><span class="job_id">37 : Job ID 9cb86b9489d74f7d82bd759c3bda064b</span></button></div></a><div aria-labelledby="job_list___sub_heading_37_1" data-parent="#job_list___sub_accordion_37" class="collapse job_list___sub_multi_collapse" id="job_list___sub_collapse_37_1"><div class="card-body"><div class="work-item"><div class="alert alert-success test-outcome" role="alert"><p>worker outcome: normal</p><p>test outcome: killed</p></div></div><pre class="location"><a href="pycharm://open?file=queue2.py&amp;line=49" class="text-secondary"><button class="btn btn-outline-dark">queue2.py, start pos: (49, 19), end pos: (49, 31)</button></a></pre><pre>operator: core/AddNot, occurrence: 6</pre><div class="alert alert-secondary"><pre class="diff">--- mutation diff ---
--- aqueue2.py
+++ bqueue2.py
@@ -46,7 +46,7 @@
         last = None
         while n != None:
             if n.value == value:
-                if last == None:
+                if not last == None:
                     self.head = self.head.next
                 else:
                     last.next = n.next</pre></div><div class="alert alert-secondary"><pre class="diff">============================= test session starts ==============================
platform linux -- Python 3.10.10, pytest-7.2.1, pluggy-1.0.0
rootdir: /home/auri/temp/lucca/python_experiments/queue2
collected 14 items

WHOLE_SUITE/test_queue2_WHOLE_SUITE.py ..........F...                    [100%]

=========================== short test summary info ============================
FAILED WHOLE_SUITE/test_queue2_WHOLE_SUITE.py::test_case_10 - AttributeError:...
========================= 1 failed, 13 passed in 0.05s =========================
</pre></div></div></div></div></div><div class="mb-1" id="job_list___sub_accordion_38"><div class="card"><a data-toggle="collapse" data-target="#job_list___sub_collapse_38_1" aria-expanded="false" aria-controls="job_list___sub_collapse_38_1" href="#" class="job_list___sub_multi_heading"><div role="alert" class="card-header alert-success" id="job_list___sub_heading_38_1"><button class="btn btn-outline-success"><span class="job_id">38 : Job ID 4ff53c5d09554c609b391648b87e5e98</span></button></div></a><div aria-labelledby="job_list___sub_heading_38_1" data-parent="#job_list___sub_accordion_38" class="collapse job_list___sub_multi_collapse" id="job_list___sub_collapse_38_1"><div class="card-body"><div class="work-item"><div class="alert alert-success test-outcome" role="alert"><p>worker outcome: normal</p><p>test outcome: killed</p></div></div><pre class="location"><a href="pycharm://open?file=queue2.py&amp;line=60" class="text-secondary"><button class="btn btn-outline-dark">queue2.py, start pos: (60, 14), end pos: (60, 23)</button></a></pre><pre>operator: core/AddNot, occurrence: 7</pre><div class="alert alert-secondary"><pre class="diff">--- mutation diff ---
--- aqueue2.py
+++ bqueue2.py
@@ -57,7 +57,7 @@
     def __iter__(self):
         """Iterator of values in the list."""
         n = self.head
-        while n != None:
+        while not n != None:
             yield n.value
             n = n.next
         </pre></div><div class="alert alert-secondary"><pre class="diff">============================= test session starts ==============================
platform linux -- Python 3.10.10, pytest-7.2.1, pluggy-1.0.0
rootdir: /home/auri/temp/lucca/python_experiments/queue2
collected 14 items

WHOLE_SUITE/test_queue2_WHOLE_SUITE.py ....F....F....                    [100%]

=========================== short test summary info ============================
FAILED WHOLE_SUITE/test_queue2_WHOLE_SUITE.py::test_case_4 - AssertionError: ...
FAILED WHOLE_SUITE/test_queue2_WHOLE_SUITE.py::test_case_9 - AttributeError: ...
========================= 2 failed, 12 passed in 0.05s =========================
</pre></div></div></div></div></div><div class="mb-1" id="job_list___sub_accordion_39"><div class="card"><a data-toggle="collapse" data-target="#job_list___sub_collapse_39_1" aria-expanded="false" aria-controls="job_list___sub_collapse_39_1" href="#" class="job_list___sub_multi_heading"><div role="alert" class="card-header alert-success" id="job_list___sub_heading_39_1"><button class="btn btn-outline-success"><span class="job_id">39 : Job ID 0ccc06b5bcb64344bd8f6891926828e0</span></button></div></a><div aria-labelledby="job_list___sub_heading_39_1" data-parent="#job_list___sub_accordion_39" class="collapse job_list___sub_multi_collapse" id="job_list___sub_collapse_39_1"><div class="card-body"><div class="work-item"><div class="alert alert-success test-outcome" role="alert"><p>worker outcome: normal</p><p>test outcome: killed</p></div></div><pre class="location"><a href="pycharm://open?file=queue2.py&amp;line=66" class="text-secondary"><button class="btn btn-outline-dark">queue2.py, start pos: (66, 11), end pos: (66, 28)</button></a></pre><pre>operator: core/AddNot, occurrence: 8</pre><div class="alert alert-secondary"><pre class="diff">--- mutation diff ---
--- aqueue2.py
+++ bqueue2.py
@@ -63,7 +63,7 @@
         
     def __repr__(self):
         """String representation of linked list."""
-        if self.head is None:
+        if not self.head is None:
             return 'link:[]'
 
         return 'link:[{0:s}]'.format(','.join(map(str,self)))</pre></div><div class="alert alert-secondary"><pre class="diff">============================= test session starts ==============================
platform linux -- Python 3.10.10, pytest-7.2.1, pluggy-1.0.0
rootdir: /home/auri/temp/lucca/python_experiments/queue2
collected 14 items

WHOLE_SUITE/test_queue2_WHOLE_SUITE.py ....F.........                    [100%]

=========================== short test summary info ============================
FAILED WHOLE_SUITE/test_queue2_WHOLE_SUITE.py::test_case_4 - AssertionError: ...
========================= 1 failed, 13 passed in 0.05s =========================
</pre></div></div></div></div></div><div class="mb-1" id="job_list___sub_accordion_40"><div class="card"><a data-toggle="collapse" data-target="#job_list___sub_collapse_40_1" aria-expanded="false" aria-controls="job_list___sub_collapse_40_1" href="#" class="job_list___sub_multi_heading"><div role="alert" class="card-header alert-success" id="job_list___sub_heading_40_1"><button class="btn btn-outline-success"><span class="job_id">40 : Job ID 346db3042cbc4883afc9719dbc7acc7e</span></button></div></a><div aria-labelledby="job_list___sub_heading_40_1" data-parent="#job_list___sub_accordion_40" class="collapse job_list___sub_multi_collapse" id="job_list___sub_collapse_40_1"><div class="card-body"><div class="work-item"><div class="alert alert-success test-outcome" role="alert"><p>worker outcome: normal</p><p>test outcome: killed</p></div></div><pre class="location"><a href="pycharm://open?file=queue2.py&amp;line=75" class="text-secondary"><button class="btn btn-outline-dark">queue2.py, start pos: (75, 14), end pos: (75, 23)</button></a></pre><pre>operator: core/AddNot, occurrence: 9</pre><div class="alert alert-secondary"><pre class="diff">--- mutation diff ---
--- aqueue2.py
+++ bqueue2.py
@@ -72,7 +72,7 @@
         """Count values in list."""
         n = self.head
         count = 0
-        while n != None:
+        while not n != None:
             count += 1
             n = n.next
         return count</pre></div><div class="alert alert-secondary"><pre class="diff">============================= test session starts ==============================
platform linux -- Python 3.10.10, pytest-7.2.1, pluggy-1.0.0
rootdir: /home/auri/temp/lucca/python_experiments/queue2
collected 14 items

WHOLE_SUITE/test_queue2_WHOLE_SUITE.py .FF.F....FF.FF                    [100%]

=========================== short test summary info ============================
FAILED WHOLE_SUITE/test_queue2_WHOLE_SUITE.py::test_case_1 - AttributeError: ...
FAILED WHOLE_SUITE/test_queue2_WHOLE_SUITE.py::test_case_2 - AttributeError: ...
FAILED WHOLE_SUITE/test_queue2_WHOLE_SUITE.py::test_case_4 - assert 0 == 4
FAILED WHOLE_SUITE/test_queue2_WHOLE_SUITE.py::test_case_9 - AttributeError: ...
FAILED WHOLE_SUITE/test_queue2_WHOLE_SUITE.py::test_case_10 - assert 0 == 4
FAILED WHOLE_SUITE/test_queue2_WHOLE_SUITE.py::test_case_12 - AttributeError:...
FAILED WHOLE_SUITE/test_queue2_WHOLE_SUITE.py::test_case_13 - AttributeError:...
========================= 7 failed, 7 passed in 0.05s ==========================
</pre></div></div></div></div></div><div class="mb-1" id="job_list___sub_accordion_41"><div class="card"><a data-toggle="collapse" data-target="#job_list___sub_collapse_41_1" aria-expanded="false" aria-controls="job_list___sub_collapse_41_1" href="#" class="job_list___sub_multi_heading"><div role="alert" class="card-header alert-success" id="job_list___sub_heading_41_1"><button class="btn btn-outline-success"><span class="job_id">41 : Job ID e76c6497c20b4b52a3057a90f51bbbca</span></button></div></a><div aria-labelledby="job_list___sub_heading_41_1" data-parent="#job_list___sub_accordion_41" class="collapse job_list___sub_multi_collapse" id="job_list___sub_collapse_41_1"><div class="card-body"><div class="work-item"><div class="alert alert-success test-outcome" role="alert"><p>worker outcome: normal</p><p>test outcome: killed</p></div></div><pre class="location"><a href="pycharm://open?file=queue2.py&amp;line=91" class="text-secondary"><button class="btn btn-outline-dark">queue2.py, start pos: (91, 11), end pos: (91, 28)</button></a></pre><pre>operator: core/AddNot, occurrence: 10</pre><div class="alert alert-secondary"><pre class="diff">--- mutation diff ---
--- aqueue2.py
+++ bqueue2.py
@@ -88,7 +88,7 @@
     def append(self, value):
         """Add value to end of queue."""
         newNode = LinkedNode(value, None)
-        if self.head is None:
+        if not self.head is None:
             self.head = self.tail = newNode
         else:
             self.tail.next = newNode</pre></div><div class="alert alert-secondary"><pre class="diff">============================= test session starts ==============================
platform linux -- Python 3.10.10, pytest-7.2.1, pluggy-1.0.0
rootdir: /home/auri/temp/lucca/python_experiments/queue2
collected 14 items

WHOLE_SUITE/test_queue2_WHOLE_SUITE.py .....F.F....F.                    [100%]

=========================== short test summary info ============================
FAILED WHOLE_SUITE/test_queue2_WHOLE_SUITE.py::test_case_5 - AttributeError: ...
FAILED WHOLE_SUITE/test_queue2_WHOLE_SUITE.py::test_case_7 - AttributeError: ...
FAILED WHOLE_SUITE/test_queue2_WHOLE_SUITE.py::test_case_12 - AttributeError:...
========================= 3 failed, 11 passed in 0.05s =========================
</pre></div></div></div></div></div><div class="mb-1" id="job_list___sub_accordion_42"><div class="card"><a data-toggle="collapse" data-target="#job_list___sub_collapse_42_1" aria-expanded="false" aria-controls="job_list___sub_collapse_42_1" href="#" class="job_list___sub_multi_heading"><div role="alert" class="card-header alert-success" id="job_list___sub_heading_42_1"><button class="btn btn-outline-success"><span class="job_id">42 : Job ID 31d301423f0949f080395d3670bfb6f6</span></button></div></a><div aria-labelledby="job_list___sub_heading_42_1" data-parent="#job_list___sub_accordion_42" class="collapse job_list___sub_multi_collapse" id="job_list___sub_collapse_42_1"><div class="card-body"><div class="work-item"><div class="alert alert-success test-outcome" role="alert"><p>worker outcome: normal</p><p>test outcome: killed</p></div></div><pre class="location"><a href="pycharm://open?file=queue2.py&amp;line=103" class="text-secondary"><button class="btn btn-outline-dark">queue2.py, start pos: (103, 11), end pos: (103, 28)</button></a></pre><pre>operator: core/AddNot, occurrence: 11</pre><div class="alert alert-secondary"><pre class="diff">--- mutation diff ---
--- aqueue2.py
+++ bqueue2.py
@@ -100,7 +100,7 @@
 
     def pop(self):
         """Remove first value from queue."""
-        if self.head is None:
+        if not self.head is None:
             raise Exception ("Queue is empty.")
         val = self.head.value
         self.head = self.head.next</pre></div><div class="alert alert-secondary"><pre class="diff">============================= test session starts ==============================
platform linux -- Python 3.10.10, pytest-7.2.1, pluggy-1.0.0
rootdir: /home/auri/temp/lucca/python_experiments/queue2
collected 14 items

WHOLE_SUITE/test_queue2_WHOLE_SUITE.py .....F.F......                    [100%]

=========================== short test summary info ============================
FAILED WHOLE_SUITE/test_queue2_WHOLE_SUITE.py::test_case_5 - Exception: Queue...
FAILED WHOLE_SUITE/test_queue2_WHOLE_SUITE.py::test_case_7 - Exception: Queue...
========================= 2 failed, 12 passed in 0.05s =========================
</pre></div></div></div></div></div><div class="mb-1" id="job_list___sub_accordion_43"><div class="card"><a data-toggle="collapse" data-target="#job_list___sub_collapse_43_1" aria-expanded="false" aria-controls="job_list___sub_collapse_43_1" href="#" class="job_list___sub_multi_heading"><div role="alert" class="card-header alert-danger" id="job_list___sub_heading_43_1"><button class="btn btn-outline-danger"><span class="job_id">43 : Job ID 5a29077d3d5e45ad9b8cbb216f7fb157</span></button></div></a><div aria-labelledby="job_list___sub_heading_43_1" data-parent="#job_list___sub_accordion_43" class="collapse job_list___sub_multi_collapse" id="job_list___sub_collapse_43_1"><div class="card-body"><div class="work-item"><div class="alert alert-danger test-outcome" role="alert"><p>SURVIVED</p><p>worker outcome: normal</p><p>test outcome: survived</p></div></div><pre class="location"><a href="pycharm://open?file=queue2.py&amp;line=107" class="text-secondary"><button class="btn btn-outline-dark">queue2.py, start pos: (107, 11), end pos: (107, 28)</button></a></pre><pre>operator: core/AddNot, occurrence: 12</pre><div class="alert alert-secondary"><pre class="diff">--- mutation diff ---
--- aqueue2.py
+++ bqueue2.py
@@ -104,7 +104,7 @@
             raise Exception ("Queue is empty.")
         val = self.head.value
         self.head = self.head.next
-        if self.head is None:
+        if not self.head is None:
             self.tail = None
         return val
 </pre></div><div class="alert alert-secondary"><pre class="diff">============================= test session starts ==============================
platform linux -- Python 3.10.10, pytest-7.2.1, pluggy-1.0.0
rootdir: /home/auri/temp/lucca/python_experiments/queue2
collected 14 items

WHOLE_SUITE/test_queue2_WHOLE_SUITE.py ..............                    [100%]

============================== 14 passed in 0.05s ==============================
</pre></div></div></div></div></div><div class="mb-1" id="job_list___sub_accordion_44"><div class="card"><a data-toggle="collapse" data-target="#job_list___sub_collapse_44_1" aria-expanded="false" aria-controls="job_list___sub_collapse_44_1" href="#" class="job_list___sub_multi_heading"><div role="alert" class="card-header alert-success" id="job_list___sub_heading_44_1"><button class="btn btn-outline-success"><span class="job_id">44 : Job ID 41e291ada7b44b849f280ea967b60b59</span></button></div></a><div aria-labelledby="job_list___sub_heading_44_1" data-parent="#job_list___sub_accordion_44" class="collapse job_list___sub_multi_collapse" id="job_list___sub_collapse_44_1"><div class="card-body"><div class="work-item"><div class="alert alert-success test-outcome" role="alert"><p>worker outcome: normal</p><p>test outcome: killed</p></div></div><pre class="location"><a href="pycharm://open?file=queue2.py&amp;line=114" class="text-secondary"><button class="btn btn-outline-dark">queue2.py, start pos: (114, 14), end pos: (114, 23)</button></a></pre><pre>operator: core/AddNot, occurrence: 13</pre><div class="alert alert-secondary"><pre class="diff">--- mutation diff ---
--- aqueue2.py
+++ bqueue2.py
@@ -111,7 +111,7 @@
     def __iter__(self):
         """Iterator of values in queue."""
         n = self.head
-        while n != None:
+        while not n != None:
             yield n.value
             n = n.next
         </pre></div><div class="alert alert-secondary"><pre class="diff">============================= test session starts ==============================
platform linux -- Python 3.10.10, pytest-7.2.1, pluggy-1.0.0
rootdir: /home/auri/temp/lucca/python_experiments/queue2
collected 14 items

WHOLE_SUITE/test_queue2_WHOLE_SUITE.py .......F....FF                    [100%]

=========================== short test summary info ============================
FAILED WHOLE_SUITE/test_queue2_WHOLE_SUITE.py::test_case_7 - AssertionError: ...
FAILED WHOLE_SUITE/test_queue2_WHOLE_SUITE.py::test_case_12 - AssertionError:...
FAILED WHOLE_SUITE/test_queue2_WHOLE_SUITE.py::test_case_13 - AttributeError:...
========================= 3 failed, 11 passed in 0.05s =========================
</pre></div></div></div></div></div><div class="mb-1" id="job_list___sub_accordion_45"><div class="card"><a data-toggle="collapse" data-target="#job_list___sub_collapse_45_1" aria-expanded="false" aria-controls="job_list___sub_collapse_45_1" href="#" class="job_list___sub_multi_heading"><div role="alert" class="card-header alert-success" id="job_list___sub_heading_45_1"><button class="btn btn-outline-success"><span class="job_id">45 : Job ID c9f548e453be44b38f9be5fdbf65b9ee</span></button></div></a><div aria-labelledby="job_list___sub_heading_45_1" data-parent="#job_list___sub_accordion_45" class="collapse job_list___sub_multi_collapse" id="job_list___sub_collapse_45_1"><div class="card-body"><div class="work-item"><div class="alert alert-success test-outcome" role="alert"><p>worker outcome: normal</p><p>test outcome: killed</p></div></div><pre class="location"><a href="pycharm://open?file=queue2.py&amp;line=120" class="text-secondary"><button class="btn btn-outline-dark">queue2.py, start pos: (120, 11), end pos: (120, 28)</button></a></pre><pre>operator: core/AddNot, occurrence: 14</pre><div class="alert alert-secondary"><pre class="diff">--- mutation diff ---
--- aqueue2.py
+++ bqueue2.py
@@ -117,7 +117,7 @@
         
     def __repr__(self):
         """String representation of queue."""
-        if self.head is None:
+        if not self.head is None:
             return 'queue:[]'
 
         return 'queue:[{0:s}]'.format(','.join(map(str,self)))</pre></div><div class="alert alert-secondary"><pre class="diff">============================= test session starts ==============================
platform linux -- Python 3.10.10, pytest-7.2.1, pluggy-1.0.0
rootdir: /home/auri/temp/lucca/python_experiments/queue2
collected 14 items

WHOLE_SUITE/test_queue2_WHOLE_SUITE.py .......F....F.                    [100%]

=========================== short test summary info ============================
FAILED WHOLE_SUITE/test_queue2_WHOLE_SUITE.py::test_case_7 - AssertionError: ...
FAILED WHOLE_SUITE/test_queue2_WHOLE_SUITE.py::test_case_12 - AssertionError:...
========================= 2 failed, 12 passed in 0.05s =========================
</pre></div></div></div></div></div><div class="mb-1" id="job_list___sub_accordion_46"><div class="card"><a data-toggle="collapse" data-target="#job_list___sub_collapse_46_1" aria-expanded="false" aria-controls="job_list___sub_collapse_46_1" href="#" class="job_list___sub_multi_heading"><div role="alert" class="card-header alert-success" id="job_list___sub_heading_46_1"><button class="btn btn-outline-success"><span class="job_id">46 : Job ID 1dec2a70be7d444185f0de4c361e86eb</span></button></div></a><div aria-labelledby="job_list___sub_heading_46_1" data-parent="#job_list___sub_accordion_46" class="collapse job_list___sub_multi_collapse" id="job_list___sub_collapse_46_1"><div class="card-body"><div class="work-item"><div class="alert alert-success test-outcome" role="alert"><p>worker outcome: normal</p><p>test outcome: killed</p></div></div><pre class="location"><a href="pycharm://open?file=queue2.py&amp;line=129" class="text-secondary"><button class="btn btn-outline-dark">queue2.py, start pos: (129, 14), end pos: (129, 23)</button></a></pre><pre>operator: core/AddNot, occurrence: 15</pre><div class="alert alert-secondary"><pre class="diff">--- mutation diff ---
--- aqueue2.py
+++ bqueue2.py
@@ -126,7 +126,7 @@
         """Count values in queue."""
         n = self.head
         count = 0
-        while n != None:
+        while not n != None:
             count += 1
             n = n.next
         return count</pre></div><div class="alert alert-secondary"><pre class="diff">============================= test session starts ==============================
platform linux -- Python 3.10.10, pytest-7.2.1, pluggy-1.0.0
rootdir: /home/auri/temp/lucca/python_experiments/queue2
collected 14 items

WHOLE_SUITE/test_queue2_WHOLE_SUITE.py F.F..FFF..F.FF                    [100%]

=========================== short test summary info ============================
FAILED WHOLE_SUITE/test_queue2_WHOLE_SUITE.py::test_case_0 - AttributeError: ...
FAILED WHOLE_SUITE/test_queue2_WHOLE_SUITE.py::test_case_2 - AttributeError: ...
FAILED WHOLE_SUITE/test_queue2_WHOLE_SUITE.py::test_case_5 - AttributeError: ...
FAILED WHOLE_SUITE/test_queue2_WHOLE_SUITE.py::test_case_6 - AttributeError: ...
FAILED WHOLE_SUITE/test_queue2_WHOLE_SUITE.py::test_case_7 - AttributeError: ...
FAILED WHOLE_SUITE/test_queue2_WHOLE_SUITE.py::test_case_10 - AttributeError:...
FAILED WHOLE_SUITE/test_queue2_WHOLE_SUITE.py::test_case_12 - AttributeError:...
FAILED WHOLE_SUITE/test_queue2_WHOLE_SUITE.py::test_case_13 - AttributeError:...
========================= 8 failed, 6 passed in 0.05s ==========================
</pre></div></div></div></div></div><div class="mb-1" id="job_list___sub_accordion_47"><div class="card"><a data-toggle="collapse" data-target="#job_list___sub_collapse_47_1" aria-expanded="false" aria-controls="job_list___sub_collapse_47_1" href="#" class="job_list___sub_multi_heading"><div role="alert" class="card-header alert-danger" id="job_list___sub_heading_47_1"><button class="btn btn-outline-danger"><span class="job_id">47 : Job ID c686c7270536453e8e95925ad88754a8</span></button></div></a><div aria-labelledby="job_list___sub_heading_47_1" data-parent="#job_list___sub_accordion_47" class="collapse job_list___sub_multi_collapse" id="job_list___sub_collapse_47_1"><div class="card-body"><div class="work-item"><div class="alert alert-danger test-outcome" role="alert"><p>SURVIVED</p><p>worker outcome: normal</p><p>test outcome: survived</p></div></div><pre class="location"><a href="pycharm://open?file=queue2.py&amp;line=21" class="text-secondary"><button class="btn btn-outline-dark">queue2.py, start pos: (21, 32), end pos: (21, 36)</button></a></pre><pre>operator: core/ReplaceTrueWithFalse, occurrence: 0</pre><div class="alert alert-secondary"><pre class="diff">--- mutation diff ---
--- aqueue2.py
+++ bqueue2.py
@@ -18,7 +18,7 @@
             p1 = p1.next
             p2 = p2.next.next
             
-            if p1 == p2: return True
+            if p1 == p2: return False
         return False
 
 class LinkedList:</pre></div><div class="alert alert-secondary"><pre class="diff">============================= test session starts ==============================
platform linux -- Python 3.10.10, pytest-7.2.1, pluggy-1.0.0
rootdir: /home/auri/temp/lucca/python_experiments/queue2
collected 14 items

WHOLE_SUITE/test_queue2_WHOLE_SUITE.py ..............                    [100%]

============================== 14 passed in 0.04s ==============================
</pre></div></div></div></div></div><div class="mb-1" id="job_list___sub_accordion_48"><div class="card"><a data-toggle="collapse" data-target="#job_list___sub_collapse_48_1" aria-expanded="false" aria-controls="job_list___sub_collapse_48_1" href="#" class="job_list___sub_multi_heading"><div role="alert" class="card-header alert-success" id="job_list___sub_heading_48_1"><button class="btn btn-outline-success"><span class="job_id">48 : Job ID 8b42993f8f654ce8a53f804308431d29</span></button></div></a><div aria-labelledby="job_list___sub_heading_48_1" data-parent="#job_list___sub_accordion_48" class="collapse job_list___sub_multi_collapse" id="job_list___sub_collapse_48_1"><div class="card-body"><div class="work-item"><div class="alert alert-success test-outcome" role="alert"><p>worker outcome: normal</p><p>test outcome: killed</p></div></div><pre class="location"><a href="pycharm://open?file=queue2.py&amp;line=53" class="text-secondary"><button class="btn btn-outline-dark">queue2.py, start pos: (53, 23), end pos: (53, 27)</button></a></pre><pre>operator: core/ReplaceTrueWithFalse, occurrence: 1</pre><div class="alert alert-secondary"><pre class="diff">--- mutation diff ---
--- aqueue2.py
+++ bqueue2.py
@@ -50,7 +50,7 @@
                     self.head = self.head.next
                 else:
                     last.next = n.next
-                return True
+                return False
             n = n.next
         return False
         </pre></div><div class="alert alert-secondary"><pre class="diff">============================= test session starts ==============================
platform linux -- Python 3.10.10, pytest-7.2.1, pluggy-1.0.0
rootdir: /home/auri/temp/lucca/python_experiments/queue2
collected 14 items

WHOLE_SUITE/test_queue2_WHOLE_SUITE.py ..........F...                    [100%]

=========================== short test summary info ============================
FAILED WHOLE_SUITE/test_queue2_WHOLE_SUITE.py::test_case_10 - assert False is...
========================= 1 failed, 13 passed in 0.05s =========================
</pre></div></div></div></div></div><div class="mb-1" id="job_list___sub_accordion_49"><div class="card"><a data-toggle="collapse" data-target="#job_list___sub_collapse_49_1" aria-expanded="false" aria-controls="job_list___sub_collapse_49_1" href="#" class="job_list___sub_multi_heading"><div role="alert" class="card-header alert-success" id="job_list___sub_heading_49_1"><button class="btn btn-outline-success"><span class="job_id">49 : Job ID 277e1197c6df487abcc185233be6e8fd</span></button></div></a><div aria-labelledby="job_list___sub_heading_49_1" data-parent="#job_list___sub_accordion_49" class="collapse job_list___sub_multi_collapse" id="job_list___sub_collapse_49_1"><div class="card-body"><div class="work-item"><div class="alert alert-success test-outcome" role="alert"><p>worker outcome: normal</p><p>test outcome: killed</p></div></div><pre class="location"><a href="pycharm://open?file=queue2.py&amp;line=16" class="text-secondary"><button class="btn btn-outline-dark">queue2.py, start pos: (16, 39), end pos: (16, 44)</button></a></pre><pre>operator: core/ReplaceFalseWithTrue, occurrence: 0</pre><div class="alert alert-secondary"><pre class="diff">--- mutation diff ---
--- aqueue2.py
+++ bqueue2.py
@@ -13,7 +13,7 @@
         """Check whether infinite loop via next."""
         p1 = p2 = self
         while p1 != None and p2 != None:
-            if p2.next == None: return False
+            if p2.next == None: return True
 
             p1 = p1.next
             p2 = p2.next.next</pre></div><div class="alert alert-secondary"><pre class="diff">============================= test session starts ==============================
platform linux -- Python 3.10.10, pytest-7.2.1, pluggy-1.0.0
rootdir: /home/auri/temp/lucca/python_experiments/queue2
collected 14 items

WHOLE_SUITE/test_queue2_WHOLE_SUITE.py ..F...........                    [100%]

=========================== short test summary info ============================
FAILED WHOLE_SUITE/test_queue2_WHOLE_SUITE.py::test_case_2 - assert True is F...
========================= 1 failed, 13 passed in 0.05s =========================
</pre></div></div></div></div></div><div class="mb-1" id="job_list___sub_accordion_50"><div class="card"><a data-toggle="collapse" data-target="#job_list___sub_collapse_50_1" aria-expanded="false" aria-controls="job_list___sub_collapse_50_1" href="#" class="job_list___sub_multi_heading"><div role="alert" class="card-header alert-danger" id="job_list___sub_heading_50_1"><button class="btn btn-outline-danger"><span class="job_id">50 : Job ID 6b4bb223b1d144a1b8a74faf8cbfcea0</span></button></div></a><div aria-labelledby="job_list___sub_heading_50_1" data-parent="#job_list___sub_accordion_50" class="collapse job_list___sub_multi_collapse" id="job_list___sub_collapse_50_1"><div class="card-body"><div class="work-item"><div class="alert alert-danger test-outcome" role="alert"><p>SURVIVED</p><p>worker outcome: normal</p><p>test outcome: survived</p></div></div><pre class="location"><a href="pycharm://open?file=queue2.py&amp;line=22" class="text-secondary"><button class="btn btn-outline-dark">queue2.py, start pos: (22, 15), end pos: (22, 20)</button></a></pre><pre>operator: core/ReplaceFalseWithTrue, occurrence: 1</pre><div class="alert alert-secondary"><pre class="diff">--- mutation diff ---
--- aqueue2.py
+++ bqueue2.py
@@ -19,7 +19,7 @@
             p2 = p2.next.next
             
             if p1 == p2: return True
-        return False
+        return True
 
 class LinkedList:
     def __init__(self, *start):</pre></div><div class="alert alert-secondary"><pre class="diff">============================= test session starts ==============================
platform linux -- Python 3.10.10, pytest-7.2.1, pluggy-1.0.0
rootdir: /home/auri/temp/lucca/python_experiments/queue2
collected 14 items

WHOLE_SUITE/test_queue2_WHOLE_SUITE.py ..............                    [100%]

============================== 14 passed in 0.04s ==============================
</pre></div></div></div></div></div><div class="mb-1" id="job_list___sub_accordion_51"><div class="card"><a data-toggle="collapse" data-target="#job_list___sub_collapse_51_1" aria-expanded="false" aria-controls="job_list___sub_collapse_51_1" href="#" class="job_list___sub_multi_heading"><div role="alert" class="card-header alert-success" id="job_list___sub_heading_51_1"><button class="btn btn-outline-success"><span class="job_id">51 : Job ID 3fca74adeefe4cc6bfc4ce384eae76d4</span></button></div></a><div aria-labelledby="job_list___sub_heading_51_1" data-parent="#job_list___sub_accordion_51" class="collapse job_list___sub_multi_collapse" id="job_list___sub_collapse_51_1"><div class="card-body"><div class="work-item"><div class="alert alert-success test-outcome" role="alert"><p>worker outcome: normal</p><p>test outcome: killed</p></div></div><pre class="location"><a href="pycharm://open?file=queue2.py&amp;line=55" class="text-secondary"><button class="btn btn-outline-dark">queue2.py, start pos: (55, 15), end pos: (55, 20)</button></a></pre><pre>operator: core/ReplaceFalseWithTrue, occurrence: 2</pre><div class="alert alert-secondary"><pre class="diff">--- mutation diff ---
--- aqueue2.py
+++ bqueue2.py
@@ -52,7 +52,7 @@
                     last.next = n.next
                 return True
             n = n.next
-        return False
+        return True
         
     def __iter__(self):
         """Iterator of values in the list."""</pre></div><div class="alert alert-secondary"><pre class="diff">============================= test session starts ==============================
platform linux -- Python 3.10.10, pytest-7.2.1, pluggy-1.0.0
rootdir: /home/auri/temp/lucca/python_experiments/queue2
collected 14 items

WHOLE_SUITE/test_queue2_WHOLE_SUITE.py .F..F.....F...                    [100%]

=========================== short test summary info ============================
FAILED WHOLE_SUITE/test_queue2_WHOLE_SUITE.py::test_case_1 - assert True is F...
FAILED WHOLE_SUITE/test_queue2_WHOLE_SUITE.py::test_case_4 - assert True is F...
FAILED WHOLE_SUITE/test_queue2_WHOLE_SUITE.py::test_case_10 - assert True is ...
========================= 3 failed, 11 passed in 0.05s =========================
</pre></div></div></div></div></div><div class="mb-1" id="job_list___sub_accordion_52"><div class="card"><a data-toggle="collapse" data-target="#job_list___sub_collapse_52_1" aria-expanded="false" aria-controls="job_list___sub_collapse_52_1" href="#" class="job_list___sub_multi_heading"><div role="alert" class="card-header alert-danger" id="job_list___sub_heading_52_1"><button class="btn btn-outline-danger"><span class="job_id">52 : Job ID b9be1cceaf2f46f9b3dbfb5ec3bf6c91</span></button></div></a><div aria-labelledby="job_list___sub_heading_52_1" data-parent="#job_list___sub_accordion_52" class="collapse job_list___sub_multi_collapse" id="job_list___sub_collapse_52_1"><div class="card-body"><div class="work-item"><div class="alert alert-danger test-outcome" role="alert"><p>SURVIVED</p><p>worker outcome: normal</p><p>test outcome: survived</p></div></div><pre class="location"><a href="pycharm://open?file=queue2.py&amp;line=15" class="text-secondary"><button class="btn btn-outline-dark">queue2.py, start pos: (15, 25), end pos: (15, 28)</button></a></pre><pre>operator: core/ReplaceAndWithOr, occurrence: 0</pre><div class="alert alert-secondary"><pre class="diff">--- mutation diff ---
--- aqueue2.py
+++ bqueue2.py
@@ -12,7 +12,7 @@
     def checkInfinite(self):
         """Check whether infinite loop via next."""
         p1 = p2 = self
-        while p1 != None and p2 != None:
+        while p1 != None or p2 != None:
             if p2.next == None: return False
 
             p1 = p1.next</pre></div><div class="alert alert-secondary"><pre class="diff">============================= test session starts ==============================
platform linux -- Python 3.10.10, pytest-7.2.1, pluggy-1.0.0
rootdir: /home/auri/temp/lucca/python_experiments/queue2
collected 14 items

WHOLE_SUITE/test_queue2_WHOLE_SUITE.py ..............                    [100%]

============================== 14 passed in 0.05s ==============================
</pre></div></div></div></div></div><div class="mb-1" id="job_list___sub_accordion_53"><div class="card"><a data-toggle="collapse" data-target="#job_list___sub_collapse_53_1" aria-expanded="false" aria-controls="job_list___sub_collapse_53_1" href="#" class="job_list___sub_multi_heading"><div role="alert" class="card-header alert-success" id="job_list___sub_heading_53_1"><button class="btn btn-outline-success"><span class="job_id">53 : Job ID 5bcfca8cd54c4d12ad921dbcad5b0643</span></button></div></a><div aria-labelledby="job_list___sub_heading_53_1" data-parent="#job_list___sub_accordion_53" class="collapse job_list___sub_multi_collapse" id="job_list___sub_collapse_53_1"><div class="card-body"><div class="work-item"><div class="alert alert-success test-outcome" role="alert"><p>worker outcome: normal</p><p>test outcome: killed</p></div></div><pre class="location"><a href="pycharm://open?file=queue2.py&amp;line=74" class="text-secondary"><button class="btn btn-outline-dark">queue2.py, start pos: (74, 16), end pos: (74, 17)</button></a></pre><pre>operator: core/NumberReplacer, occurrence: 0</pre><div class="alert alert-secondary"><pre class="diff">--- mutation diff ---
--- aqueue2.py
+++ bqueue2.py
@@ -71,7 +71,7 @@
     def __len__(self):
         """Count values in list."""
         n = self.head
-        count = 0
+        count = 1
         while n != None:
             count += 1
             n = n.next</pre></div><div class="alert alert-secondary"><pre class="diff">============================= test session starts ==============================
platform linux -- Python 3.10.10, pytest-7.2.1, pluggy-1.0.0
rootdir: /home/auri/temp/lucca/python_experiments/queue2
collected 14 items

WHOLE_SUITE/test_queue2_WHOLE_SUITE.py .FF.F....FF.FF                    [100%]

=========================== short test summary info ============================
FAILED WHOLE_SUITE/test_queue2_WHOLE_SUITE.py::test_case_1 - assert 1 == 0
FAILED WHOLE_SUITE/test_queue2_WHOLE_SUITE.py::test_case_2 - assert 1 == 0
FAILED WHOLE_SUITE/test_queue2_WHOLE_SUITE.py::test_case_4 - assert 5 == 4
FAILED WHOLE_SUITE/test_queue2_WHOLE_SUITE.py::test_case_9 - assert 1 == 0
FAILED WHOLE_SUITE/test_queue2_WHOLE_SUITE.py::test_case_10 - assert 5 == 4
FAILED WHOLE_SUITE/test_queue2_WHOLE_SUITE.py::test_case_12 - assert 1 == 0
FAILED WHOLE_SUITE/test_queue2_WHOLE_SUITE.py::test_case_13 - assert 1 == 0
========================= 7 failed, 7 passed in 0.05s ==========================
</pre></div></div></div></div></div><div class="mb-1" id="job_list___sub_accordion_54"><div class="card"><a data-toggle="collapse" data-target="#job_list___sub_collapse_54_1" aria-expanded="false" aria-controls="job_list___sub_collapse_54_1" href="#" class="job_list___sub_multi_heading"><div role="alert" class="card-header alert-success" id="job_list___sub_heading_54_1"><button class="btn btn-outline-success"><span class="job_id">54 : Job ID 2472bfadccd941a99a0b09b499e266d0</span></button></div></a><div aria-labelledby="job_list___sub_heading_54_1" data-parent="#job_list___sub_accordion_54" class="collapse job_list___sub_multi_collapse" id="job_list___sub_collapse_54_1"><div class="card-body"><div class="work-item"><div class="alert alert-success test-outcome" role="alert"><p>worker outcome: normal</p><p>test outcome: killed</p></div></div><pre class="location"><a href="pycharm://open?file=queue2.py&amp;line=74" class="text-secondary"><button class="btn btn-outline-dark">queue2.py, start pos: (74, 16), end pos: (74, 17)</button></a></pre><pre>operator: core/NumberReplacer, occurrence: 1</pre><div class="alert alert-secondary"><pre class="diff">--- mutation diff ---
--- aqueue2.py
+++ bqueue2.py
@@ -71,7 +71,7 @@
     def __len__(self):
         """Count values in list."""
         n = self.head
-        count = 0
+        count = -1
         while n != None:
             count += 1
             n = n.next</pre></div><div class="alert alert-secondary"><pre class="diff">============================= test session starts ==============================
platform linux -- Python 3.10.10, pytest-7.2.1, pluggy-1.0.0
rootdir: /home/auri/temp/lucca/python_experiments/queue2
collected 14 items

WHOLE_SUITE/test_queue2_WHOLE_SUITE.py .FF.F....FF.FF                    [100%]

=========================== short test summary info ============================
FAILED WHOLE_SUITE/test_queue2_WHOLE_SUITE.py::test_case_1 - ValueError: __le...
FAILED WHOLE_SUITE/test_queue2_WHOLE_SUITE.py::test_case_2 - ValueError: __le...
FAILED WHOLE_SUITE/test_queue2_WHOLE_SUITE.py::test_case_4 - assert 3 == 4
FAILED WHOLE_SUITE/test_queue2_WHOLE_SUITE.py::test_case_9 - ValueError: __le...
FAILED WHOLE_SUITE/test_queue2_WHOLE_SUITE.py::test_case_10 - assert 3 == 4
FAILED WHOLE_SUITE/test_queue2_WHOLE_SUITE.py::test_case_12 - ValueError: __l...
FAILED WHOLE_SUITE/test_queue2_WHOLE_SUITE.py::test_case_13 - ValueError: __l...
========================= 7 failed, 7 passed in 0.05s ==========================
</pre></div></div></div></div></div><div class="mb-1" id="job_list___sub_accordion_55"><div class="card"><a data-toggle="collapse" data-target="#job_list___sub_collapse_55_1" aria-expanded="false" aria-controls="job_list___sub_collapse_55_1" href="#" class="job_list___sub_multi_heading"><div role="alert" class="card-header alert-success" id="job_list___sub_heading_55_1"><button class="btn btn-outline-success"><span class="job_id">55 : Job ID 01bf3d2cdb394529a582e6b65d637226</span></button></div></a><div aria-labelledby="job_list___sub_heading_55_1" data-parent="#job_list___sub_accordion_55" class="collapse job_list___sub_multi_collapse" id="job_list___sub_collapse_55_1"><div class="card-body"><div class="work-item"><div class="alert alert-success test-outcome" role="alert"><p>worker outcome: normal</p><p>test outcome: killed</p></div></div><pre class="location"><a href="pycharm://open?file=queue2.py&amp;line=76" class="text-secondary"><button class="btn btn-outline-dark">queue2.py, start pos: (76, 21), end pos: (76, 22)</button></a></pre><pre>operator: core/NumberReplacer, occurrence: 2</pre><div class="alert alert-secondary"><pre class="diff">--- mutation diff ---
--- aqueue2.py
+++ bqueue2.py
@@ -73,7 +73,7 @@
         n = self.head
         count = 0
         while n != None:
-            count += 1
+            count += 2
             n = n.next
         return count
     </pre></div><div class="alert alert-secondary"><pre class="diff">============================= test session starts ==============================
platform linux -- Python 3.10.10, pytest-7.2.1, pluggy-1.0.0
rootdir: /home/auri/temp/lucca/python_experiments/queue2
collected 14 items

WHOLE_SUITE/test_queue2_WHOLE_SUITE.py ....F.....F.F.                    [100%]

=========================== short test summary info ============================
FAILED WHOLE_SUITE/test_queue2_WHOLE_SUITE.py::test_case_4 - assert 8 == 4
FAILED WHOLE_SUITE/test_queue2_WHOLE_SUITE.py::test_case_10 - assert 8 == 4
FAILED WHOLE_SUITE/test_queue2_WHOLE_SUITE.py::test_case_12 - assert 2 == 1
========================= 3 failed, 11 passed in 0.05s =========================
</pre></div></div></div></div></div><div class="mb-1" id="job_list___sub_accordion_56"><div class="card"><a data-toggle="collapse" data-target="#job_list___sub_collapse_56_1" aria-expanded="false" aria-controls="job_list___sub_collapse_56_1" href="#" class="job_list___sub_multi_heading"><div role="alert" class="card-header alert-success" id="job_list___sub_heading_56_1"><button class="btn btn-outline-success"><span class="job_id">56 : Job ID 182dc7f8cc614db7b8bfff98812172d0</span></button></div></a><div aria-labelledby="job_list___sub_heading_56_1" data-parent="#job_list___sub_accordion_56" class="collapse job_list___sub_multi_collapse" id="job_list___sub_collapse_56_1"><div class="card-body"><div class="work-item"><div class="alert alert-success test-outcome" role="alert"><p>worker outcome: normal</p><p>test outcome: killed</p></div></div><pre class="location"><a href="pycharm://open?file=queue2.py&amp;line=76" class="text-secondary"><button class="btn btn-outline-dark">queue2.py, start pos: (76, 21), end pos: (76, 22)</button></a></pre><pre>operator: core/NumberReplacer, occurrence: 3</pre><div class="alert alert-secondary"><pre class="diff">--- mutation diff ---
--- aqueue2.py
+++ bqueue2.py
@@ -73,7 +73,7 @@
         n = self.head
         count = 0
         while n != None:
-            count += 1
+            count += 0
             n = n.next
         return count
     </pre></div><div class="alert alert-secondary"><pre class="diff">============================= test session starts ==============================
platform linux -- Python 3.10.10, pytest-7.2.1, pluggy-1.0.0
rootdir: /home/auri/temp/lucca/python_experiments/queue2
collected 14 items

WHOLE_SUITE/test_queue2_WHOLE_SUITE.py ....F.....F.F.                    [100%]

=========================== short test summary info ============================
FAILED WHOLE_SUITE/test_queue2_WHOLE_SUITE.py::test_case_4 - assert 0 == 4
FAILED WHOLE_SUITE/test_queue2_WHOLE_SUITE.py::test_case_10 - assert 0 == 4
FAILED WHOLE_SUITE/test_queue2_WHOLE_SUITE.py::test_case_12 - assert 0 == 1
========================= 3 failed, 11 passed in 0.05s =========================
</pre></div></div></div></div></div><div class="mb-1" id="job_list___sub_accordion_57"><div class="card"><a data-toggle="collapse" data-target="#job_list___sub_collapse_57_1" aria-expanded="false" aria-controls="job_list___sub_collapse_57_1" href="#" class="job_list___sub_multi_heading"><div role="alert" class="card-header alert-success" id="job_list___sub_heading_57_1"><button class="btn btn-outline-success"><span class="job_id">57 : Job ID 8fc1804b3ed44b779d7420312d246c66</span></button></div></a><div aria-labelledby="job_list___sub_heading_57_1" data-parent="#job_list___sub_accordion_57" class="collapse job_list___sub_multi_collapse" id="job_list___sub_collapse_57_1"><div class="card-body"><div class="work-item"><div class="alert alert-success test-outcome" role="alert"><p>worker outcome: normal</p><p>test outcome: killed</p></div></div><pre class="location"><a href="pycharm://open?file=queue2.py&amp;line=128" class="text-secondary"><button class="btn btn-outline-dark">queue2.py, start pos: (128, 16), end pos: (128, 17)</button></a></pre><pre>operator: core/NumberReplacer, occurrence: 4</pre><div class="alert alert-secondary"><pre class="diff">--- mutation diff ---
--- aqueue2.py
+++ bqueue2.py
@@ -125,7 +125,7 @@
     def __len__(self):
         """Count values in queue."""
         n = self.head
-        count = 0
+        count = 1
         while n != None:
             count += 1
             n = n.next</pre></div><div class="alert alert-secondary"><pre class="diff">============================= test session starts ==============================
platform linux -- Python 3.10.10, pytest-7.2.1, pluggy-1.0.0
rootdir: /home/auri/temp/lucca/python_experiments/queue2
collected 14 items

WHOLE_SUITE/test_queue2_WHOLE_SUITE.py F.F..FFF..F.FF                    [100%]

=========================== short test summary info ============================
FAILED WHOLE_SUITE/test_queue2_WHOLE_SUITE.py::test_case_0 - assert 1 == 0
FAILED WHOLE_SUITE/test_queue2_WHOLE_SUITE.py::test_case_2 - assert 1 == 0
FAILED WHOLE_SUITE/test_queue2_WHOLE_SUITE.py::test_case_5 - assert 1 == 0
FAILED WHOLE_SUITE/test_queue2_WHOLE_SUITE.py::test_case_6 - assert 1 == 0
FAILED WHOLE_SUITE/test_queue2_WHOLE_SUITE.py::test_case_7 - assert 1 == 0
FAILED WHOLE_SUITE/test_queue2_WHOLE_SUITE.py::test_case_10 - assert 1 == 0
FAILED WHOLE_SUITE/test_queue2_WHOLE_SUITE.py::test_case_12 - assert 1 == 0
FAILED WHOLE_SUITE/test_queue2_WHOLE_SUITE.py::test_case_13 - assert 1 == 0
========================= 8 failed, 6 passed in 0.05s ==========================
</pre></div></div></div></div></div><div class="mb-1" id="job_list___sub_accordion_58"><div class="card"><a data-toggle="collapse" data-target="#job_list___sub_collapse_58_1" aria-expanded="false" aria-controls="job_list___sub_collapse_58_1" href="#" class="job_list___sub_multi_heading"><div role="alert" class="card-header alert-success" id="job_list___sub_heading_58_1"><button class="btn btn-outline-success"><span class="job_id">58 : Job ID beae7948ad2241faa60e081ce1493eaa</span></button></div></a><div aria-labelledby="job_list___sub_heading_58_1" data-parent="#job_list___sub_accordion_58" class="collapse job_list___sub_multi_collapse" id="job_list___sub_collapse_58_1"><div class="card-body"><div class="work-item"><div class="alert alert-success test-outcome" role="alert"><p>worker outcome: normal</p><p>test outcome: killed</p></div></div><pre class="location"><a href="pycharm://open?file=queue2.py&amp;line=128" class="text-secondary"><button class="btn btn-outline-dark">queue2.py, start pos: (128, 16), end pos: (128, 17)</button></a></pre><pre>operator: core/NumberReplacer, occurrence: 5</pre><div class="alert alert-secondary"><pre class="diff">--- mutation diff ---
--- aqueue2.py
+++ bqueue2.py
@@ -125,7 +125,7 @@
     def __len__(self):
         """Count values in queue."""
         n = self.head
-        count = 0
+        count = -1
         while n != None:
             count += 1
             n = n.next</pre></div><div class="alert alert-secondary"><pre class="diff">============================= test session starts ==============================
platform linux -- Python 3.10.10, pytest-7.2.1, pluggy-1.0.0
rootdir: /home/auri/temp/lucca/python_experiments/queue2
collected 14 items

WHOLE_SUITE/test_queue2_WHOLE_SUITE.py F.F..FFF..F.FF                    [100%]

=========================== short test summary info ============================
FAILED WHOLE_SUITE/test_queue2_WHOLE_SUITE.py::test_case_0 - ValueError: __le...
FAILED WHOLE_SUITE/test_queue2_WHOLE_SUITE.py::test_case_2 - ValueError: __le...
FAILED WHOLE_SUITE/test_queue2_WHOLE_SUITE.py::test_case_5 - ValueError: __le...
FAILED WHOLE_SUITE/test_queue2_WHOLE_SUITE.py::test_case_6 - ValueError: __le...
FAILED WHOLE_SUITE/test_queue2_WHOLE_SUITE.py::test_case_7 - ValueError: __le...
FAILED WHOLE_SUITE/test_queue2_WHOLE_SUITE.py::test_case_10 - ValueError: __l...
FAILED WHOLE_SUITE/test_queue2_WHOLE_SUITE.py::test_case_12 - ValueError: __l...
FAILED WHOLE_SUITE/test_queue2_WHOLE_SUITE.py::test_case_13 - ValueError: __l...
========================= 8 failed, 6 passed in 0.05s ==========================
</pre></div></div></div></div></div><div class="mb-1" id="job_list___sub_accordion_59"><div class="card"><a data-toggle="collapse" data-target="#job_list___sub_collapse_59_1" aria-expanded="false" aria-controls="job_list___sub_collapse_59_1" href="#" class="job_list___sub_multi_heading"><div role="alert" class="card-header alert-success" id="job_list___sub_heading_59_1"><button class="btn btn-outline-success"><span class="job_id">59 : Job ID c8d86a03ff664bb3afd4f528a0339f95</span></button></div></a><div aria-labelledby="job_list___sub_heading_59_1" data-parent="#job_list___sub_accordion_59" class="collapse job_list___sub_multi_collapse" id="job_list___sub_collapse_59_1"><div class="card-body"><div class="work-item"><div class="alert alert-success test-outcome" role="alert"><p>worker outcome: normal</p><p>test outcome: killed</p></div></div><pre class="location"><a href="pycharm://open?file=queue2.py&amp;line=130" class="text-secondary"><button class="btn btn-outline-dark">queue2.py, start pos: (130, 21), end pos: (130, 22)</button></a></pre><pre>operator: core/NumberReplacer, occurrence: 6</pre><div class="alert alert-secondary"><pre class="diff">--- mutation diff ---
--- aqueue2.py
+++ bqueue2.py
@@ -127,7 +127,7 @@
         n = self.head
         count = 0
         while n != None:
-            count += 1
+            count += 2
             n = n.next
         return count
 </pre></div><div class="alert alert-secondary"><pre class="diff">============================= test session starts ==============================
platform linux -- Python 3.10.10, pytest-7.2.1, pluggy-1.0.0
rootdir: /home/auri/temp/lucca/python_experiments/queue2
collected 14 items

WHOLE_SUITE/test_queue2_WHOLE_SUITE.py .....F.F....F.                    [100%]

=========================== short test summary info ============================
FAILED WHOLE_SUITE/test_queue2_WHOLE_SUITE.py::test_case_5 - AssertionError: ...
FAILED WHOLE_SUITE/test_queue2_WHOLE_SUITE.py::test_case_7 - AssertionError: ...
FAILED WHOLE_SUITE/test_queue2_WHOLE_SUITE.py::test_case_12 - assert 2 == 1
========================= 3 failed, 11 passed in 0.05s =========================
</pre></div></div></div></div></div><div class="mb-1" id="job_list___sub_accordion_60"><div class="card"><a data-toggle="collapse" data-target="#job_list___sub_collapse_60_1" aria-expanded="false" aria-controls="job_list___sub_collapse_60_1" href="#" class="job_list___sub_multi_heading"><div role="alert" class="card-header alert-success" id="job_list___sub_heading_60_1"><button class="btn btn-outline-success"><span class="job_id">60 : Job ID 9469b1560ab64aa583d04395dd9caee4</span></button></div></a><div aria-labelledby="job_list___sub_heading_60_1" data-parent="#job_list___sub_accordion_60" class="collapse job_list___sub_multi_collapse" id="job_list___sub_collapse_60_1"><div class="card-body"><div class="work-item"><div class="alert alert-success test-outcome" role="alert"><p>worker outcome: normal</p><p>test outcome: killed</p></div></div><pre class="location"><a href="pycharm://open?file=queue2.py&amp;line=130" class="text-secondary"><button class="btn btn-outline-dark">queue2.py, start pos: (130, 21), end pos: (130, 22)</button></a></pre><pre>operator: core/NumberReplacer, occurrence: 7</pre><div class="alert alert-secondary"><pre class="diff">--- mutation diff ---
--- aqueue2.py
+++ bqueue2.py
@@ -127,7 +127,7 @@
         n = self.head
         count = 0
         while n != None:
-            count += 1
+            count += 0
             n = n.next
         return count
 </pre></div><div class="alert alert-secondary"><pre class="diff">============================= test session starts ==============================
platform linux -- Python 3.10.10, pytest-7.2.1, pluggy-1.0.0
rootdir: /home/auri/temp/lucca/python_experiments/queue2
collected 14 items

WHOLE_SUITE/test_queue2_WHOLE_SUITE.py .....F.F....F.                    [100%]

=========================== short test summary info ============================
FAILED WHOLE_SUITE/test_queue2_WHOLE_SUITE.py::test_case_5 - AssertionError: ...
FAILED WHOLE_SUITE/test_queue2_WHOLE_SUITE.py::test_case_7 - AssertionError: ...
FAILED WHOLE_SUITE/test_queue2_WHOLE_SUITE.py::test_case_12 - assert 0 == 1
========================= 3 failed, 11 passed in 0.05s =========================
</pre></div></div></div></div></div><div class="mb-1" id="job_list___sub_accordion_61"><div class="card"><a data-toggle="collapse" data-target="#job_list___sub_collapse_61_1" aria-expanded="false" aria-controls="job_list___sub_collapse_61_1" href="#" class="job_list___sub_multi_heading"><div role="alert" class="card-header alert-success" id="job_list___sub_heading_61_1"><button class="btn btn-outline-success"><span class="job_id">61 : Job ID deed3b96e8104cf99e58f9cb4b043229</span></button></div></a><div aria-labelledby="job_list___sub_heading_61_1" data-parent="#job_list___sub_accordion_61" class="collapse job_list___sub_multi_collapse" id="job_list___sub_collapse_61_1"><div class="card-body"><div class="work-item"><div class="alert alert-success test-outcome" role="alert"><p>worker outcome: normal</p><p>test outcome: killed</p></div></div><pre class="location"><a href="pycharm://open?file=queue2.py&amp;line=28" class="text-secondary"><button class="btn btn-outline-dark">queue2.py, start pos: (28, 17), end pos: (28, 22)</button></a></pre><pre>operator: core/ZeroIterationForLoop, occurrence: 0</pre><div class="alert alert-secondary"><pre class="diff">--- mutation diff ---
--- aqueue2.py
+++ bqueue2.py
@@ -25,7 +25,7 @@
     def __init__(self, *start):
         """Demonstrate linked lists in Python."""
         self.head  = None
-        for _ in start:
+        for _ in []:
             self.prepend(_)
 
     def prepend(self, value):</pre></div><div class="alert alert-secondary"><pre class="diff">============================= test session starts ==============================
platform linux -- Python 3.10.10, pytest-7.2.1, pluggy-1.0.0
rootdir: /home/auri/temp/lucca/python_experiments/queue2
collected 14 items

WHOLE_SUITE/test_queue2_WHOLE_SUITE.py ....F.....F...                    [100%]

=========================== short test summary info ============================
FAILED WHOLE_SUITE/test_queue2_WHOLE_SUITE.py::test_case_4 - assert 0 == 4
FAILED WHOLE_SUITE/test_queue2_WHOLE_SUITE.py::test_case_10 - assert 0 == 4
========================= 2 failed, 12 passed in 0.05s =========================
</pre></div></div></div></div></div><div class="mb-1" id="job_list___sub_accordion_62"><div class="card"><a data-toggle="collapse" data-target="#job_list___sub_collapse_62_1" aria-expanded="false" aria-controls="job_list___sub_collapse_62_1" href="#" class="job_list___sub_multi_heading"><div role="alert" class="card-header alert-danger" id="job_list___sub_heading_62_1"><button class="btn btn-outline-danger"><span class="job_id">62 : Job ID b90474b28a354c6796c9a18f8328cacd</span></button></div></a><div aria-labelledby="job_list___sub_heading_62_1" data-parent="#job_list___sub_accordion_62" class="collapse job_list___sub_multi_collapse" id="job_list___sub_collapse_62_1"><div class="card-body"><div class="work-item"><div class="alert alert-danger test-outcome" role="alert"><p>SURVIVED</p><p>worker outcome: normal</p><p>test outcome: survived</p></div></div><pre class="location"><a href="pycharm://open?file=queue2.py&amp;line=85" class="text-secondary"><button class="btn btn-outline-dark">queue2.py, start pos: (85, 17), end pos: (85, 22)</button></a></pre><pre>operator: core/ZeroIterationForLoop, occurrence: 1</pre><div class="alert alert-secondary"><pre class="diff">--- mutation diff ---
--- aqueue2.py
+++ bqueue2.py
@@ -82,7 +82,7 @@
         """Demonstrate queue using linked list in Python."""
         self.head = None
         self.tail = None
-        for _ in start:
+        for _ in []:
             self.add(_)
 
     def append(self, value):</pre></div><div class="alert alert-secondary"><pre class="diff">============================= test session starts ==============================
platform linux -- Python 3.10.10, pytest-7.2.1, pluggy-1.0.0
rootdir: /home/auri/temp/lucca/python_experiments/queue2
collected 14 items

WHOLE_SUITE/test_queue2_WHOLE_SUITE.py ..............                    [100%]

============================== 14 passed in 0.04s ==============================
</pre></div></div></div></div></div></div></div></div></div></div><script src="https://code.jquery.com/jquery-3.3.1.slim.min.js" integrity="sha384-q8i/X+965DzO0rT7abK41JStQIAqVgRVzpbzo5smXKp4YfRvH+8abtTE1Pi6jizo" crossorigin="anonymous"></script><script src="https://cdnjs.cloudflare.com/ajax/libs/popper.js/1.14.7/umd/popper.min.js" integrity="sha384-UO2eT0CpHqdSJQ6hJty5KVphtPhzWj9WO1clHTMGa3JDZwrnQq4sF86dIHNDz0W1" crossorigin="anonymous"></script><script src="https://stackpath.bootstrapcdn.com/bootstrap/4.3.1/js/bootstrap.min.js" integrity="sha384-JjSmVgyd0p3pXB1rRibZUAYoIIy6OrQ6VrjIEaFf/nJGzIxFDsf4x0xIM+B07jRM" crossorigin="anonymous"></script><script type="text/javascript">$('div.job_list___sub_multi_collapse').on('shown.bs.collapse',  function () {    correct_behavior_functional_buttons();  });$('div.job_list___sub_multi_collapse').on('hidden.bs.collapse',  function () {    correct_behavior_functional_buttons();  });function correct_behavior_functional_buttons() {    var expand = false;    var collapse = false;    $('a.job_list___sub_multi_heading').each(function(index) {      if ($(this).attr('aria-expanded') == 'false') {        expand = true;        return false;      };    });    $('a.job_list___sub_multi_heading').each(function(index) {      if ($(this).attr('aria-expanded') == 'true') {        collapse = true;        return false;      };    });    if (expand) {      $('div#job_item_expand_all').css('display', 'inline-block');    } else {      $('div#job_item_expand_all').css('display', 'none');    };    if (collapse) {      $('div#job_item_collapse_all').css('display', 'inline-block');    } else {      $('div#job_item_collapse_all').css('display', 'none');    };  };correct_behavior_functional_buttons();</script></body></html>
