[34m[*][0m Start mutation process:
[36m   -[0m targets: identifier1.py
[36m   -[0m tests: ./ALL-SMART-GPT-MUTATEST
[34m[*][0m 49 tests passed:
[36m   -[0m test_identifier1_WHOLE_SUITE [0.36024 s]
[36m   -[0m test_identifier1_MIO [0.18008 s]
[36m   -[0m test_identifier1_DYNAMOSA [0.14634 s]
[36m   -[0m test_identifier1_MOSA [0.13507 s]
[36m   -[0m test_identifier1_MUTATEST [0.11532 s]
[34m[*][0m Start mutants generation and execution:
[36m   -[0m [#   1] ASR identifier1: 
--------------------------------------------------------------------------------
  29:                 while i < len(s):
  30:                     achar = s[i]
  31:                     if not (self.valid_f(achar)):
  32:                         valid_id = False
[34m- 33:                     i += 1[0m
[32m+ 33:                     i -= 1[0m
  34:             if (valid_id and len(s) >= 1 and len(s) <= 6):
  35:                 return True
  36:             else:
  37:                 return False
--------------------------------------------------------------------------------
[0.21571 s] [32mkilled[0m by ALL-SMART-GPT-MUTATEST/test_identifier1_MUTATEST.py::test_validate_identifier_max_length

def test_validate_identifier_max_length():
        identifier_instance = Identifier()
    
>       assert identifier_instance.validateIdentifier('AbCdEf') == True

ALL-SMART-GPT-MUTATEST/test_identifier1_MUTATEST.py:31: 
_ _ _ _ _ _ _ _ _ _ _ _ _ _ _ _ _ _ _ _ _ _ _ _ _ _ _ _ _ _ _ _ _ _ _ _ _ _ _ _ 

self = <identifier1.Identifier object at 0x7f7ba482cca0>, s = 'AbCdEf'

>   ???
E   IndexError: string index out of range

identifier1:30: IndexError
[36m   -[0m [#   2] CDI identifier1: 
--------------------------------------------------------------------------------
   1: 
   2: class Identifier(object):
   3:     ''' generated source for class Identifier '''
   4:     
[34m-  5:     def valid_s(self, ch):[0m
[34m-  6:         ''' generated source for method valid_s '''[0m
[34m-  7:         if ((ch >= 'A' and ch <= 'Z') or (ch >= 'a' and ch <= 'z')):[0m
[34m-  8:             return True[0m
[34m-  9:         else:[0m
[34m- 10:             return False[0m
[34m- 11:     [0m
[32m+  5:     @classmethod[0m
[32m+  6:     def valid_s(self, ch):[0m
[32m+  7:         ''' generated source for method valid_s '''[0m
[32m+  8:         if ((ch >= 'A' and ch <= 'Z') or (ch >= 'a' and ch <= 'z')):[0m
[32m+  9:             return True[0m
[32m+ 10:         else:[0m
[32m+ 11:             return False[0m
  12:     def valid_f(self, ch):
  13:         ''' generated source for method valid_f '''
  14:         if ((ch >= 'A' and ch <= 'Z') or (ch >= 'a' and ch <= 'z') or (ch >= '0' and ch <= '9')):
  15:             return True
--------------------------------------------------------------------------------
[0.24355 s] [31msurvived[0m
[36m   -[0m [#   3] CDI identifier1: 
--------------------------------------------------------------------------------
   8:             return True
   9:         else:
  10:             return False
  11:     
[34m- 12:     def valid_f(self, ch):[0m
[34m- 13:         ''' generated source for method valid_f '''[0m
[34m- 14:         if ((ch >= 'A' and ch <= 'Z') or (ch >= 'a' and ch <= 'z') or (ch >= '0' and ch <= '9')):[0m
[34m- 15:             return True[0m
[34m- 16:         else:[0m
[34m- 17:             return False[0m
[34m- 18:     [0m
[32m+ 12:     @classmethod[0m
[32m+ 13:     def valid_f(self, ch):[0m
[32m+ 14:         ''' generated source for method valid_f '''[0m
[32m+ 15:         if ((ch >= 'A' and ch <= 'Z') or (ch >= 'a' and ch <= 'z') or (ch >= '0' and ch <= '9')):[0m
[32m+ 16:             return True[0m
[32m+ 17:         else:[0m
[32m+ 18:             return False[0m
  19:     def validateIdentifier(self, s):
  20:         ''' generated source for method validateIdentifier '''
  21:         achar = str()
  22:         valid_id = False
--------------------------------------------------------------------------------
[0.23878 s] [31msurvived[0m
[36m   -[0m [#   4] CDI identifier1: 
--------------------------------------------------------------------------------
  15:             return True
  16:         else:
  17:             return False
  18:     
[34m- 19:     def validateIdentifier(self, s):[0m
[34m- 20:         ''' generated source for method validateIdentifier '''[0m
[34m- 21:         achar = str()[0m
[34m- 22:         valid_id = False[0m
[34m- 23:         if len(s) > 0:[0m
[34m- 24:             achar = s[0][0m
[34m- 25:             valid_id = self.valid_s(achar)[0m
[34m- 26:             if len(s) > 1:[0m
[34m- 27:                 achar = s[1][0m
[34m- 28:                 i = 1[0m
[34m- 29:                 while i < len(s):[0m
[34m- 30:                     achar = s[i][0m
[34m- 31:                     if not (self.valid_f(achar)):[0m
[34m- 32:                         valid_id = False[0m
[34m- 33:                     i += 1[0m
[34m- 34:             if (valid_id and len(s) >= 1 and len(s) <= 6):[0m
[34m- 35:                 return True[0m
[34m- 36:             else:[0m
[34m- 37:                 return False[0m
[34m- 38:         else:[0m
[34m- 39:             return False[0m
[32m+ 19:     @classmethod[0m
[32m+ 20:     def validateIdentifier(self, s):[0m
[32m+ 21:         ''' generated source for method validateIdentifier '''[0m
[32m+ 22:         achar = str()[0m
[32m+ 23:         valid_id = False[0m
[32m+ 24:         if len(s) > 0:[0m
[32m+ 25:             achar = s[0][0m
[32m+ 26:             valid_id = self.valid_s(achar)[0m
[32m+ 27:             if len(s) > 1:[0m
[32m+ 28:                 achar = s[1][0m
[32m+ 29:                 i = 1[0m
[32m+ 30:                 while i < len(s):[0m
[32m+ 31:                     achar = s[i][0m
[32m+ 32:                     if not (self.valid_f(achar)):[0m
[32m+ 33:                         valid_id = False[0m
[32m+ 34:                     i += 1[0m
[32m+ 35:             if (valid_id and len(s) >= 1 and len(s) <= 6):[0m
[32m+ 36:                 return True[0m
[32m+ 37:             else:[0m
[32m+ 38:                 return False[0m
[32m+ 39:         else:[0m
[32m+ 40:             return False[0m
--------------------------------------------------------------------------------
[0.23012 s] [36mincompetent[0m

TypeError: identifier1:26: TypeError: Identifier.valid_s() missing 1 required positional argument: 'ch'

[36m   -[0m [#   5] COD identifier1: 
--------------------------------------------------------------------------------
  27:                 achar = s[1]
  28:                 i = 1
  29:                 while i < len(s):
  30:                     achar = s[i]
[34m- 31:                     if not (self.valid_f(achar)):[0m
[32m+ 31:                     if self.valid_f(achar):[0m
  32:                         valid_id = False
  33:                     i += 1
  34:             if (valid_id and len(s) >= 1 and len(s) <= 6):
  35:                 return True
--------------------------------------------------------------------------------
[0.22091 s] [32mkilled[0m by ALL-SMART-GPT-MUTATEST/test_identifier1_MUTATEST.py::test_validate_identifier_max_length

def test_validate_identifier_max_length():
        identifier_instance = Identifier()
    
>       assert identifier_instance.validateIdentifier('AbCdEf') == True
E       AssertionError

ALL-SMART-GPT-MUTATEST/test_identifier1_MUTATEST.py:31: AssertionError
[36m   -[0m [#   6] COI identifier1: 
--------------------------------------------------------------------------------
   3:     ''' generated source for class Identifier '''
   4:     
   5:     def valid_s(self, ch):
   6:         ''' generated source for method valid_s '''
[34m-  7:         if ((ch >= 'A' and ch <= 'Z') or (ch >= 'a' and ch <= 'z')):[0m
[32m+  7:         if not (((ch >= 'A' and ch <= 'Z') or (ch >= 'a' and ch <= 'z'))):[0m
   8:             return True
   9:         else:
  10:             return False
  11:     
--------------------------------------------------------------------------------
[0.20321 s] [32mkilled[0m by ALL-SMART-GPT-MUTATEST/test_identifier1_MUTATEST.py::test_edge_cases

def test_edge_cases():
        identifier_instance = Identifier()
    
>       assert identifier_instance.valid_s('a') == True
E       AssertionError

ALL-SMART-GPT-MUTATEST/test_identifier1_MUTATEST.py:7: AssertionError
[36m   -[0m [#   7] COI identifier1: 
--------------------------------------------------------------------------------
  10:             return False
  11:     
  12:     def valid_f(self, ch):
  13:         ''' generated source for method valid_f '''
[34m- 14:         if ((ch >= 'A' and ch <= 'Z') or (ch >= 'a' and ch <= 'z') or (ch >= '0' and ch <= '9')):[0m
[32m+ 14:         if not (((ch >= 'A' and ch <= 'Z') or (ch >= 'a' and ch <= 'z') or (ch >= '0' and ch <= '9'))):[0m
  15:             return True
  16:         else:
  17:             return False
  18:     
--------------------------------------------------------------------------------
[0.21494 s] [32mkilled[0m by ALL-SMART-GPT-MUTATEST/test_identifier1_MUTATEST.py::test_edge_cases

def test_edge_cases():
        identifier_instance = Identifier()
    
        assert identifier_instance.valid_s('a') == True
    
        assert identifier_instance.valid_s('z') == True
    
        assert identifier_instance.valid_s('A') == True
    
        assert identifier_instance.valid_s('Z') == True
    
>       assert identifier_instance.valid_f('A') == True
E       AssertionError

ALL-SMART-GPT-MUTATEST/test_identifier1_MUTATEST.py:15: AssertionError
[36m   -[0m [#   8] COI identifier1: 
--------------------------------------------------------------------------------
  19:     def validateIdentifier(self, s):
  20:         ''' generated source for method validateIdentifier '''
  21:         achar = str()
  22:         valid_id = False
[34m- 23:         if len(s) > 0:[0m
[32m+ 23:         if not (len(s) > 0):[0m
  24:             achar = s[0]
  25:             valid_id = self.valid_s(achar)
  26:             if len(s) > 1:
  27:                 achar = s[1]
--------------------------------------------------------------------------------
[0.22101 s] [32mkilled[0m by ALL-SMART-GPT-MUTATEST/test_identifier1_MUTATEST.py::test_validate_identifier_max_length

def test_validate_identifier_max_length():
        identifier_instance = Identifier()
    
>       assert identifier_instance.validateIdentifier('AbCdEf') == True
E       AssertionError

ALL-SMART-GPT-MUTATEST/test_identifier1_MUTATEST.py:31: AssertionError
[36m   -[0m [#   9] COI identifier1: 
--------------------------------------------------------------------------------
  22:         valid_id = False
  23:         if len(s) > 0:
  24:             achar = s[0]
  25:             valid_id = self.valid_s(achar)
[34m- 26:             if len(s) > 1:[0m
[32m+ 26:             if not (len(s) > 1):[0m
  27:                 achar = s[1]
  28:                 i = 1
  29:                 while i < len(s):
  30:                     achar = s[i]
--------------------------------------------------------------------------------
[0.23053 s] [32mkilled[0m by ALL-SMART-GPT-MUTATEST/test_identifier1_WHOLE_SUITE.py::test_case_6

def test_case_6():
        str_0 = 'u'
        bytes_0 = b'~P%d\x99S'
        identifier_0 = module_0.Identifier()
>       var_0 = identifier_0.validateIdentifier(str_0)

ALL-SMART-GPT-MUTATEST/test_identifier1_WHOLE_SUITE.py:55: 
_ _ _ _ _ _ _ _ _ _ _ _ _ _ _ _ _ _ _ _ _ _ _ _ _ _ _ _ _ _ _ _ _ _ _ _ _ _ _ _ 

self = <identifier1.Identifier object at 0x7f7ba4775a80>, s = 'u'

>   ???
E   IndexError: string index out of range

identifier1:27: IndexError
[36m   -[0m [#  10] COI identifier1: 
--------------------------------------------------------------------------------
  25:             valid_id = self.valid_s(achar)
  26:             if len(s) > 1:
  27:                 achar = s[1]
  28:                 i = 1
[34m- 29:                 while i < len(s):[0m
[32m+ 29:                 while not (i < len(s)):[0m
  30:                     achar = s[i]
  31:                     if not (self.valid_f(achar)):
  32:                         valid_id = False
  33:                     i += 1
--------------------------------------------------------------------------------
[0.30866 s] [32mkilled[0m by ALL-SMART-GPT-MUTATEST/test_identifier1_MIO.py::test_case_0

def test_case_0():
        str_0 = 'e=g'
        identifier_0 = module_0.Identifier()
        var_0 = identifier_0.validateIdentifier(str_0)
>       assert var_0 is False
E       AssertionError

ALL-SMART-GPT-MUTATEST/test_identifier1_MIO.py:8: AssertionError
[36m   -[0m [#  11] COI identifier1: 
--------------------------------------------------------------------------------
  27:                 achar = s[1]
  28:                 i = 1
  29:                 while i < len(s):
  30:                     achar = s[i]
[34m- 31:                     if not (self.valid_f(achar)):[0m
[32m+ 31:                     if not ((not (self.valid_f(achar)))):[0m
  32:                         valid_id = False
  33:                     i += 1
  34:             if (valid_id and len(s) >= 1 and len(s) <= 6):
  35:                 return True
--------------------------------------------------------------------------------
[0.26726 s] [32mkilled[0m by ALL-SMART-GPT-MUTATEST/test_identifier1_MUTATEST.py::test_validate_identifier_max_length

def test_validate_identifier_max_length():
        identifier_instance = Identifier()
    
>       assert identifier_instance.validateIdentifier('AbCdEf') == True
E       AssertionError

ALL-SMART-GPT-MUTATEST/test_identifier1_MUTATEST.py:31: AssertionError
[36m   -[0m [#  12] COI identifier1: 
--------------------------------------------------------------------------------
  30:                     achar = s[i]
  31:                     if not (self.valid_f(achar)):
  32:                         valid_id = False
  33:                     i += 1
[34m- 34:             if (valid_id and len(s) >= 1 and len(s) <= 6):[0m
[32m+ 34:             if not ((valid_id and len(s) >= 1 and len(s) <= 6)):[0m
  35:                 return True
  36:             else:
  37:                 return False
  38:         else:
--------------------------------------------------------------------------------
[0.27613 s] [32mkilled[0m by ALL-SMART-GPT-MUTATEST/test_identifier1_MUTATEST.py::test_validate_identifier_max_length

def test_validate_identifier_max_length():
        identifier_instance = Identifier()
    
>       assert identifier_instance.validateIdentifier('AbCdEf') == True
E       AssertionError

ALL-SMART-GPT-MUTATEST/test_identifier1_MUTATEST.py:31: AssertionError
[36m   -[0m [#  13] CRP identifier1: 
--------------------------------------------------------------------------------
   3:     ''' generated source for class Identifier '''
   4:     
   5:     def valid_s(self, ch):
   6:         ''' generated source for method valid_s '''
[34m-  7:         if ((ch >= 'A' and ch <= 'Z') or (ch >= 'a' and ch <= 'z')):[0m
[32m+  7:         if ((ch >= 'mutpy' and ch <= 'Z') or (ch >= 'a' and ch <= 'z')):[0m
   8:             return True
   9:         else:
  10:             return False
  11:     
--------------------------------------------------------------------------------
[0.22958 s] [32mkilled[0m by ALL-SMART-GPT-MUTATEST/test_identifier1_MUTATEST.py::test_edge_cases

def test_edge_cases():
        identifier_instance = Identifier()
    
        assert identifier_instance.valid_s('a') == True
    
        assert identifier_instance.valid_s('z') == True
    
>       assert identifier_instance.valid_s('A') == True
E       AssertionError

ALL-SMART-GPT-MUTATEST/test_identifier1_MUTATEST.py:11: AssertionError
[36m   -[0m [#  14] CRP identifier1: 
--------------------------------------------------------------------------------
   3:     ''' generated source for class Identifier '''
   4:     
   5:     def valid_s(self, ch):
   6:         ''' generated source for method valid_s '''
[34m-  7:         if ((ch >= 'A' and ch <= 'Z') or (ch >= 'a' and ch <= 'z')):[0m
[32m+  7:         if ((ch >= '' and ch <= 'Z') or (ch >= 'a' and ch <= 'z')):[0m
   8:             return True
   9:         else:
  10:             return False
  11:     
--------------------------------------------------------------------------------
[0.24738 s] [32mkilled[0m by ALL-SMART-GPT-MUTATEST/test_identifier1_MIO.py::test_case_1

def test_case_1():
        str_0 = ''
        identifier_0 = module_0.Identifier()
        var_0 = identifier_0.valid_s(str_0)
>       assert var_0 is False
E       AssertionError

ALL-SMART-GPT-MUTATEST/test_identifier1_MIO.py:14: AssertionError
[36m   -[0m [#  15] CRP identifier1: 
--------------------------------------------------------------------------------
   3:     ''' generated source for class Identifier '''
   4:     
   5:     def valid_s(self, ch):
   6:         ''' generated source for method valid_s '''
[34m-  7:         if ((ch >= 'A' and ch <= 'Z') or (ch >= 'a' and ch <= 'z')):[0m
[32m+  7:         if ((ch >= 'A' and ch <= 'mutpy') or (ch >= 'a' and ch <= 'z')):[0m
   8:             return True
   9:         else:
  10:             return False
  11:     
--------------------------------------------------------------------------------
[0.24509 s] [31msurvived[0m
[36m   -[0m [#  16] CRP identifier1: 
--------------------------------------------------------------------------------
   3:     ''' generated source for class Identifier '''
   4:     
   5:     def valid_s(self, ch):
   6:         ''' generated source for method valid_s '''
[34m-  7:         if ((ch >= 'A' and ch <= 'Z') or (ch >= 'a' and ch <= 'z')):[0m
[32m+  7:         if ((ch >= 'A' and ch <= '') or (ch >= 'a' and ch <= 'z')):[0m
   8:             return True
   9:         else:
  10:             return False
  11:     
--------------------------------------------------------------------------------
[0.21741 s] [32mkilled[0m by ALL-SMART-GPT-MUTATEST/test_identifier1_MUTATEST.py::test_edge_cases

def test_edge_cases():
        identifier_instance = Identifier()
    
        assert identifier_instance.valid_s('a') == True
    
        assert identifier_instance.valid_s('z') == True
    
>       assert identifier_instance.valid_s('A') == True
E       AssertionError

ALL-SMART-GPT-MUTATEST/test_identifier1_MUTATEST.py:11: AssertionError
[36m   -[0m [#  17] CRP identifier1: 
--------------------------------------------------------------------------------
   3:     ''' generated source for class Identifier '''
   4:     
   5:     def valid_s(self, ch):
   6:         ''' generated source for method valid_s '''
[34m-  7:         if ((ch >= 'A' and ch <= 'Z') or (ch >= 'a' and ch <= 'z')):[0m
[32m+  7:         if ((ch >= 'A' and ch <= 'Z') or (ch >= 'mutpy' and ch <= 'z')):[0m
   8:             return True
   9:         else:
  10:             return False
  11:     
--------------------------------------------------------------------------------
[0.21469 s] [32mkilled[0m by ALL-SMART-GPT-MUTATEST/test_identifier1_MUTATEST.py::test_edge_cases

def test_edge_cases():
        identifier_instance = Identifier()
    
>       assert identifier_instance.valid_s('a') == True
E       AssertionError

ALL-SMART-GPT-MUTATEST/test_identifier1_MUTATEST.py:7: AssertionError
[36m   -[0m [#  18] CRP identifier1: 
--------------------------------------------------------------------------------
   3:     ''' generated source for class Identifier '''
   4:     
   5:     def valid_s(self, ch):
   6:         ''' generated source for method valid_s '''
[34m-  7:         if ((ch >= 'A' and ch <= 'Z') or (ch >= 'a' and ch <= 'z')):[0m
[32m+  7:         if ((ch >= 'A' and ch <= 'Z') or (ch >= '' and ch <= 'z')):[0m
   8:             return True
   9:         else:
  10:             return False
  11:     
--------------------------------------------------------------------------------
[0.22719 s] [32mkilled[0m by ALL-SMART-GPT-MUTATEST/test_identifier1_MIO.py::test_case_1

def test_case_1():
        str_0 = ''
        identifier_0 = module_0.Identifier()
        var_0 = identifier_0.valid_s(str_0)
>       assert var_0 is False
E       AssertionError

ALL-SMART-GPT-MUTATEST/test_identifier1_MIO.py:14: AssertionError
[36m   -[0m [#  19] CRP identifier1: 
--------------------------------------------------------------------------------
   3:     ''' generated source for class Identifier '''
   4:     
   5:     def valid_s(self, ch):
   6:         ''' generated source for method valid_s '''
[34m-  7:         if ((ch >= 'A' and ch <= 'Z') or (ch >= 'a' and ch <= 'z')):[0m
[32m+  7:         if ((ch >= 'A' and ch <= 'Z') or (ch >= 'a' and ch <= 'mutpy')):[0m
   8:             return True
   9:         else:
  10:             return False
  11:     
--------------------------------------------------------------------------------
[0.20822 s] [32mkilled[0m by ALL-SMART-GPT-MUTATEST/test_identifier1_MUTATEST.py::test_edge_cases

def test_edge_cases():
        identifier_instance = Identifier()
    
        assert identifier_instance.valid_s('a') == True
    
>       assert identifier_instance.valid_s('z') == True
E       AssertionError

ALL-SMART-GPT-MUTATEST/test_identifier1_MUTATEST.py:9: AssertionError
[36m   -[0m [#  20] CRP identifier1: 
--------------------------------------------------------------------------------
   3:     ''' generated source for class Identifier '''
   4:     
   5:     def valid_s(self, ch):
   6:         ''' generated source for method valid_s '''
[34m-  7:         if ((ch >= 'A' and ch <= 'Z') or (ch >= 'a' and ch <= 'z')):[0m
[32m+  7:         if ((ch >= 'A' and ch <= 'Z') or (ch >= 'a' and ch <= '')):[0m
   8:             return True
   9:         else:
  10:             return False
  11:     
--------------------------------------------------------------------------------
[0.21350 s] [32mkilled[0m by ALL-SMART-GPT-MUTATEST/test_identifier1_MUTATEST.py::test_edge_cases

def test_edge_cases():
        identifier_instance = Identifier()
    
>       assert identifier_instance.valid_s('a') == True
E       AssertionError

ALL-SMART-GPT-MUTATEST/test_identifier1_MUTATEST.py:7: AssertionError
[36m   -[0m [#  21] CRP identifier1: 
--------------------------------------------------------------------------------
  10:             return False
  11:     
  12:     def valid_f(self, ch):
  13:         ''' generated source for method valid_f '''
[34m- 14:         if ((ch >= 'A' and ch <= 'Z') or (ch >= 'a' and ch <= 'z') or (ch >= '0' and ch <= '9')):[0m
[32m+ 14:         if ((ch >= 'mutpy' and ch <= 'Z') or (ch >= 'a' and ch <= 'z') or (ch >= '0' and ch <= '9')):[0m
  15:             return True
  16:         else:
  17:             return False
  18:     
--------------------------------------------------------------------------------
[0.21880 s] [32mkilled[0m by ALL-SMART-GPT-MUTATEST/test_identifier1_MUTATEST.py::test_edge_cases

def test_edge_cases():
        identifier_instance = Identifier()
    
        assert identifier_instance.valid_s('a') == True
    
        assert identifier_instance.valid_s('z') == True
    
        assert identifier_instance.valid_s('A') == True
    
        assert identifier_instance.valid_s('Z') == True
    
>       assert identifier_instance.valid_f('A') == True
E       AssertionError

ALL-SMART-GPT-MUTATEST/test_identifier1_MUTATEST.py:15: AssertionError
[36m   -[0m [#  22] CRP identifier1: 
--------------------------------------------------------------------------------
  10:             return False
  11:     
  12:     def valid_f(self, ch):
  13:         ''' generated source for method valid_f '''
[34m- 14:         if ((ch >= 'A' and ch <= 'Z') or (ch >= 'a' and ch <= 'z') or (ch >= '0' and ch <= '9')):[0m
[32m+ 14:         if ((ch >= '' and ch <= 'Z') or (ch >= 'a' and ch <= 'z') or (ch >= '0' and ch <= '9')):[0m
  15:             return True
  16:         else:
  17:             return False
  18:     
--------------------------------------------------------------------------------
[0.23321 s] [32mkilled[0m by ALL-SMART-GPT-MUTATEST/test_identifier1_MUTATEST.py::test_valid_f_special_char

def test_valid_f_special_char():
        identifier_instance = Identifier()
    
>       assert identifier_instance.valid_f('$') == False
E       AssertionError

ALL-SMART-GPT-MUTATEST/test_identifier1_MUTATEST.py:26: AssertionError
[36m   -[0m [#  23] CRP identifier1: 
--------------------------------------------------------------------------------
  10:             return False
  11:     
  12:     def valid_f(self, ch):
  13:         ''' generated source for method valid_f '''
[34m- 14:         if ((ch >= 'A' and ch <= 'Z') or (ch >= 'a' and ch <= 'z') or (ch >= '0' and ch <= '9')):[0m
[32m+ 14:         if ((ch >= 'A' and ch <= 'mutpy') or (ch >= 'a' and ch <= 'z') or (ch >= '0' and ch <= '9')):[0m
  15:             return True
  16:         else:
  17:             return False
  18:     
--------------------------------------------------------------------------------
[0.28361 s] [32mkilled[0m by ALL-SMART-GPT-MUTATEST/test_identifier1_DYNAMOSA.py::test_case_3

def test_case_3():
        str_0 = 'K^'
        identifier_0 = module_0.Identifier()
        var_0 = identifier_0.validateIdentifier(str_0)
>       assert var_0 is False
E       AssertionError

ALL-SMART-GPT-MUTATEST/test_identifier1_DYNAMOSA.py:24: AssertionError
[36m   -[0m [#  24] CRP identifier1: 
--------------------------------------------------------------------------------
  10:             return False
  11:     
  12:     def valid_f(self, ch):
  13:         ''' generated source for method valid_f '''
[34m- 14:         if ((ch >= 'A' and ch <= 'Z') or (ch >= 'a' and ch <= 'z') or (ch >= '0' and ch <= '9')):[0m
[32m+ 14:         if ((ch >= 'A' and ch <= '') or (ch >= 'a' and ch <= 'z') or (ch >= '0' and ch <= '9')):[0m
  15:             return True
  16:         else:
  17:             return False
  18:     
--------------------------------------------------------------------------------
[0.24835 s] [32mkilled[0m by ALL-SMART-GPT-MUTATEST/test_identifier1_MUTATEST.py::test_edge_cases

def test_edge_cases():
        identifier_instance = Identifier()
    
        assert identifier_instance.valid_s('a') == True
    
        assert identifier_instance.valid_s('z') == True
    
        assert identifier_instance.valid_s('A') == True
    
        assert identifier_instance.valid_s('Z') == True
    
>       assert identifier_instance.valid_f('A') == True
E       AssertionError

ALL-SMART-GPT-MUTATEST/test_identifier1_MUTATEST.py:15: AssertionError
[36m   -[0m [#  25] CRP identifier1: 
--------------------------------------------------------------------------------
  10:             return False
  11:     
  12:     def valid_f(self, ch):
  13:         ''' generated source for method valid_f '''
[34m- 14:         if ((ch >= 'A' and ch <= 'Z') or (ch >= 'a' and ch <= 'z') or (ch >= '0' and ch <= '9')):[0m
[32m+ 14:         if ((ch >= 'A' and ch <= 'Z') or (ch >= 'mutpy' and ch <= 'z') or (ch >= '0' and ch <= '9')):[0m
  15:             return True
  16:         else:
  17:             return False
  18:     
--------------------------------------------------------------------------------
[0.23492 s] [32mkilled[0m by ALL-SMART-GPT-MUTATEST/test_identifier1_MUTATEST.py::test_edge_cases

def test_edge_cases():
        identifier_instance = Identifier()
    
        assert identifier_instance.valid_s('a') == True
    
        assert identifier_instance.valid_s('z') == True
    
        assert identifier_instance.valid_s('A') == True
    
        assert identifier_instance.valid_s('Z') == True
    
        assert identifier_instance.valid_f('A') == True
    
        assert identifier_instance.valid_f('Z') == True
    
>       assert identifier_instance.valid_f('a') == True
E       AssertionError

ALL-SMART-GPT-MUTATEST/test_identifier1_MUTATEST.py:19: AssertionError
[36m   -[0m [#  26] CRP identifier1: 
--------------------------------------------------------------------------------
  10:             return False
  11:     
  12:     def valid_f(self, ch):
  13:         ''' generated source for method valid_f '''
[34m- 14:         if ((ch >= 'A' and ch <= 'Z') or (ch >= 'a' and ch <= 'z') or (ch >= '0' and ch <= '9')):[0m
[32m+ 14:         if ((ch >= 'A' and ch <= 'Z') or (ch >= '' and ch <= 'z') or (ch >= '0' and ch <= '9')):[0m
  15:             return True
  16:         else:
  17:             return False
  18:     
--------------------------------------------------------------------------------
[0.23344 s] [32mkilled[0m by ALL-SMART-GPT-MUTATEST/test_identifier1_MUTATEST.py::test_valid_f_special_char

def test_valid_f_special_char():
        identifier_instance = Identifier()
    
>       assert identifier_instance.valid_f('$') == False
E       AssertionError

ALL-SMART-GPT-MUTATEST/test_identifier1_MUTATEST.py:26: AssertionError
[36m   -[0m [#  27] CRP identifier1: 
--------------------------------------------------------------------------------
  10:             return False
  11:     
  12:     def valid_f(self, ch):
  13:         ''' generated source for method valid_f '''
[34m- 14:         if ((ch >= 'A' and ch <= 'Z') or (ch >= 'a' and ch <= 'z') or (ch >= '0' and ch <= '9')):[0m
[32m+ 14:         if ((ch >= 'A' and ch <= 'Z') or (ch >= 'a' and ch <= 'mutpy') or (ch >= '0' and ch <= '9')):[0m
  15:             return True
  16:         else:
  17:             return False
  18:     
--------------------------------------------------------------------------------
[0.25934 s] [32mkilled[0m by ALL-SMART-GPT-MUTATEST/test_identifier1_MIO.py::test_case_4

def test_case_4():
        str_0 = 'y'
        identifier_0 = module_0.Identifier()
        var_0 = identifier_0.valid_f(str_0)
>       assert var_0 is True
E       AssertionError

ALL-SMART-GPT-MUTATEST/test_identifier1_MIO.py:32: AssertionError
[36m   -[0m [#  28] CRP identifier1: 
--------------------------------------------------------------------------------
  10:             return False
  11:     
  12:     def valid_f(self, ch):
  13:         ''' generated source for method valid_f '''
[34m- 14:         if ((ch >= 'A' and ch <= 'Z') or (ch >= 'a' and ch <= 'z') or (ch >= '0' and ch <= '9')):[0m
[32m+ 14:         if ((ch >= 'A' and ch <= 'Z') or (ch >= 'a' and ch <= '') or (ch >= '0' and ch <= '9')):[0m
  15:             return True
  16:         else:
  17:             return False
  18:     
--------------------------------------------------------------------------------
[0.21950 s] [32mkilled[0m by ALL-SMART-GPT-MUTATEST/test_identifier1_MUTATEST.py::test_edge_cases

def test_edge_cases():
        identifier_instance = Identifier()
    
        assert identifier_instance.valid_s('a') == True
    
        assert identifier_instance.valid_s('z') == True
    
        assert identifier_instance.valid_s('A') == True
    
        assert identifier_instance.valid_s('Z') == True
    
        assert identifier_instance.valid_f('A') == True
    
        assert identifier_instance.valid_f('Z') == True
    
>       assert identifier_instance.valid_f('a') == True
E       AssertionError

ALL-SMART-GPT-MUTATEST/test_identifier1_MUTATEST.py:19: AssertionError
[36m   -[0m [#  29] CRP identifier1: 
--------------------------------------------------------------------------------
  10:             return False
  11:     
  12:     def valid_f(self, ch):
  13:         ''' generated source for method valid_f '''
[34m- 14:         if ((ch >= 'A' and ch <= 'Z') or (ch >= 'a' and ch <= 'z') or (ch >= '0' and ch <= '9')):[0m
[32m+ 14:         if ((ch >= 'A' and ch <= 'Z') or (ch >= 'a' and ch <= 'z') or (ch >= 'mutpy' and ch <= '9')):[0m
  15:             return True
  16:         else:
  17:             return False
  18:     
--------------------------------------------------------------------------------
[0.22066 s] [32mkilled[0m by ALL-SMART-GPT-MUTATEST/test_identifier1_MUTATEST.py::test_edge_cases

def test_edge_cases():
        identifier_instance = Identifier()
    
        assert identifier_instance.valid_s('a') == True
    
        assert identifier_instance.valid_s('z') == True
    
        assert identifier_instance.valid_s('A') == True
    
        assert identifier_instance.valid_s('Z') == True
    
        assert identifier_instance.valid_f('A') == True
    
        assert identifier_instance.valid_f('Z') == True
    
        assert identifier_instance.valid_f('a') == True
    
>       assert identifier_instance.valid_f('0') == True
E       AssertionError

ALL-SMART-GPT-MUTATEST/test_identifier1_MUTATEST.py:21: AssertionError
[36m   -[0m [#  30] CRP identifier1: 
--------------------------------------------------------------------------------
  10:             return False
  11:     
  12:     def valid_f(self, ch):
  13:         ''' generated source for method valid_f '''
[34m- 14:         if ((ch >= 'A' and ch <= 'Z') or (ch >= 'a' and ch <= 'z') or (ch >= '0' and ch <= '9')):[0m
[32m+ 14:         if ((ch >= 'A' and ch <= 'Z') or (ch >= 'a' and ch <= 'z') or (ch >= '' and ch <= '9')):[0m
  15:             return True
  16:         else:
  17:             return False
  18:     
--------------------------------------------------------------------------------
[0.21801 s] [32mkilled[0m by ALL-SMART-GPT-MUTATEST/test_identifier1_MUTATEST.py::test_valid_f_special_char

def test_valid_f_special_char():
        identifier_instance = Identifier()
    
>       assert identifier_instance.valid_f('$') == False
E       AssertionError

ALL-SMART-GPT-MUTATEST/test_identifier1_MUTATEST.py:26: AssertionError
[36m   -[0m [#  31] CRP identifier1: 
--------------------------------------------------------------------------------
  10:             return False
  11:     
  12:     def valid_f(self, ch):
  13:         ''' generated source for method valid_f '''
[34m- 14:         if ((ch >= 'A' and ch <= 'Z') or (ch >= 'a' and ch <= 'z') or (ch >= '0' and ch <= '9')):[0m
[32m+ 14:         if ((ch >= 'A' and ch <= 'Z') or (ch >= 'a' and ch <= 'z') or (ch >= '0' and ch <= 'mutpy')):[0m
  15:             return True
  16:         else:
  17:             return False
  18:     
--------------------------------------------------------------------------------
[0.25034 s] [32mkilled[0m by ALL-SMART-GPT-MUTATEST/test_identifier1_MIO.py::test_case_0

def test_case_0():
        str_0 = 'e=g'
        identifier_0 = module_0.Identifier()
        var_0 = identifier_0.validateIdentifier(str_0)
>       assert var_0 is False
E       AssertionError

ALL-SMART-GPT-MUTATEST/test_identifier1_MIO.py:8: AssertionError
[36m   -[0m [#  32] CRP identifier1: 
--------------------------------------------------------------------------------
  10:             return False
  11:     
  12:     def valid_f(self, ch):
  13:         ''' generated source for method valid_f '''
[34m- 14:         if ((ch >= 'A' and ch <= 'Z') or (ch >= 'a' and ch <= 'z') or (ch >= '0' and ch <= '9')):[0m
[32m+ 14:         if ((ch >= 'A' and ch <= 'Z') or (ch >= 'a' and ch <= 'z') or (ch >= '0' and ch <= '')):[0m
  15:             return True
  16:         else:
  17:             return False
  18:     
--------------------------------------------------------------------------------
[0.22709 s] [32mkilled[0m by ALL-SMART-GPT-MUTATEST/test_identifier1_MUTATEST.py::test_edge_cases

def test_edge_cases():
        identifier_instance = Identifier()
    
        assert identifier_instance.valid_s('a') == True
    
        assert identifier_instance.valid_s('z') == True
    
        assert identifier_instance.valid_s('A') == True
    
        assert identifier_instance.valid_s('Z') == True
    
        assert identifier_instance.valid_f('A') == True
    
        assert identifier_instance.valid_f('Z') == True
    
        assert identifier_instance.valid_f('a') == True
    
>       assert identifier_instance.valid_f('0') == True
E       AssertionError

ALL-SMART-GPT-MUTATEST/test_identifier1_MUTATEST.py:21: AssertionError
[36m   -[0m [#  33] CRP identifier1: 
--------------------------------------------------------------------------------
  19:     def validateIdentifier(self, s):
  20:         ''' generated source for method validateIdentifier '''
  21:         achar = str()
  22:         valid_id = False
[34m- 23:         if len(s) > 0:[0m
[32m+ 23:         if len(s) > 1:[0m
  24:             achar = s[0]
  25:             valid_id = self.valid_s(achar)
  26:             if len(s) > 1:
  27:                 achar = s[1]
--------------------------------------------------------------------------------
[0.23699 s] [32mkilled[0m by ALL-SMART-GPT-MUTATEST/test_identifier1_WHOLE_SUITE.py::test_case_6

def test_case_6():
        str_0 = 'u'
        bytes_0 = b'~P%d\x99S'
        identifier_0 = module_0.Identifier()
        var_0 = identifier_0.validateIdentifier(str_0)
>       assert var_0 is True
E       AssertionError

ALL-SMART-GPT-MUTATEST/test_identifier1_WHOLE_SUITE.py:56: AssertionError
[36m   -[0m [#  34] CRP identifier1: 
--------------------------------------------------------------------------------
  20:         ''' generated source for method validateIdentifier '''
  21:         achar = str()
  22:         valid_id = False
  23:         if len(s) > 0:
[34m- 24:             achar = s[0][0m
[32m+ 24:             achar = s[1][0m
  25:             valid_id = self.valid_s(achar)
  26:             if len(s) > 1:
  27:                 achar = s[1]
  28:                 i = 1
--------------------------------------------------------------------------------
[0.23142 s] [32mkilled[0m by ALL-SMART-GPT-MUTATEST/test_identifier1_WHOLE_SUITE.py::test_case_6

def test_case_6():
        str_0 = 'u'
        bytes_0 = b'~P%d\x99S'
        identifier_0 = module_0.Identifier()
>       var_0 = identifier_0.validateIdentifier(str_0)

ALL-SMART-GPT-MUTATEST/test_identifier1_WHOLE_SUITE.py:55: 
_ _ _ _ _ _ _ _ _ _ _ _ _ _ _ _ _ _ _ _ _ _ _ _ _ _ _ _ _ _ _ _ _ _ _ _ _ _ _ _ 

self = <identifier1.Identifier object at 0x7f7ba48e92a0>, s = 'u'

>   ???
E   IndexError: string index out of range

identifier1:24: IndexError
[36m   -[0m [#  35] CRP identifier1: 
--------------------------------------------------------------------------------
  22:         valid_id = False
  23:         if len(s) > 0:
  24:             achar = s[0]
  25:             valid_id = self.valid_s(achar)
[34m- 26:             if len(s) > 1:[0m
[32m+ 26:             if len(s) > 2:[0m
  27:                 achar = s[1]
  28:                 i = 1
  29:                 while i < len(s):
  30:                     achar = s[i]
--------------------------------------------------------------------------------
[0.25075 s] [32mkilled[0m by ALL-SMART-GPT-MUTATEST/test_identifier1_MIO.py::test_case_5

def test_case_5():
        str_0 = 'S\x0c'
        identifier_0 = module_0.Identifier()
        var_0 = identifier_0.validateIdentifier(str_0)
>       assert var_0 is False
E       AssertionError

ALL-SMART-GPT-MUTATEST/test_identifier1_MIO.py:38: AssertionError
[36m   -[0m [#  36] CRP identifier1: 
--------------------------------------------------------------------------------
  23:         if len(s) > 0:
  24:             achar = s[0]
  25:             valid_id = self.valid_s(achar)
  26:             if len(s) > 1:
[34m- 27:                 achar = s[1][0m
[32m+ 27:                 achar = s[2][0m
  28:                 i = 1
  29:                 while i < len(s):
  30:                     achar = s[i]
  31:                     if not (self.valid_f(achar)):
--------------------------------------------------------------------------------
[0.22815 s] [32mkilled[0m by ALL-SMART-GPT-MUTATEST/test_identifier1_WHOLE_SUITE.py::test_case_9

def test_case_9():
        str_0 = '1~'
        identifier_0 = module_0.Identifier()
>       var_0 = identifier_0.validateIdentifier(str_0)

ALL-SMART-GPT-MUTATEST/test_identifier1_WHOLE_SUITE.py:74: 
_ _ _ _ _ _ _ _ _ _ _ _ _ _ _ _ _ _ _ _ _ _ _ _ _ _ _ _ _ _ _ _ _ _ _ _ _ _ _ _ 

self = <identifier1.Identifier object at 0x7f7ba4b0fd00>, s = '1~'

>   ???
E   IndexError: string index out of range

identifier1:27: IndexError
[36m   -[0m [#  37] CRP identifier1: 
--------------------------------------------------------------------------------
  24:             achar = s[0]
  25:             valid_id = self.valid_s(achar)
  26:             if len(s) > 1:
  27:                 achar = s[1]
[34m- 28:                 i = 1[0m
[32m+ 28:                 i = 2[0m
  29:                 while i < len(s):
  30:                     achar = s[i]
  31:                     if not (self.valid_f(achar)):
  32:                         valid_id = False
--------------------------------------------------------------------------------
[0.29022 s] [32mkilled[0m by ALL-SMART-GPT-MUTATEST/test_identifier1_MIO.py::test_case_0

def test_case_0():
        str_0 = 'e=g'
        identifier_0 = module_0.Identifier()
        var_0 = identifier_0.validateIdentifier(str_0)
>       assert var_0 is False
E       AssertionError

ALL-SMART-GPT-MUTATEST/test_identifier1_MIO.py:8: AssertionError
[36m   -[0m [#  38] CRP identifier1: 
--------------------------------------------------------------------------------
  29:                 while i < len(s):
  30:                     achar = s[i]
  31:                     if not (self.valid_f(achar)):
  32:                         valid_id = False
[34m- 33:                     i += 1[0m
[32m+ 33:                     i += 2[0m
  34:             if (valid_id and len(s) >= 1 and len(s) <= 6):
  35:                 return True
  36:             else:
  37:                 return False
--------------------------------------------------------------------------------
[0.34506 s] [32mkilled[0m by ALL-SMART-GPT-MUTATEST/test_identifier1_DYNAMOSA.py::test_case_7

def test_case_7():
        str_0 = 'i8='
        str_1 = 'j'
        dict_0 = {}
        identifier_0 = module_0.Identifier(**dict_0)
        var_0 = identifier_0.validateIdentifier(str_1)
        assert var_0 is True
        var_1 = identifier_0.validateIdentifier(str_0)
>       assert var_1 is False
E       AssertionError

ALL-SMART-GPT-MUTATEST/test_identifier1_DYNAMOSA.py:52: AssertionError
[36m   -[0m [#  39] CRP identifier1: 
--------------------------------------------------------------------------------
  30:                     achar = s[i]
  31:                     if not (self.valid_f(achar)):
  32:                         valid_id = False
  33:                     i += 1
[34m- 34:             if (valid_id and len(s) >= 1 and len(s) <= 6):[0m
[32m+ 34:             if (valid_id and len(s) >= 2 and len(s) <= 6):[0m
  35:                 return True
  36:             else:
  37:                 return False
  38:         else:
--------------------------------------------------------------------------------
[0.28663 s] [32mkilled[0m by ALL-SMART-GPT-MUTATEST/test_identifier1_WHOLE_SUITE.py::test_case_6

def test_case_6():
        str_0 = 'u'
        bytes_0 = b'~P%d\x99S'
        identifier_0 = module_0.Identifier()
        var_0 = identifier_0.validateIdentifier(str_0)
>       assert var_0 is True
E       AssertionError

ALL-SMART-GPT-MUTATEST/test_identifier1_WHOLE_SUITE.py:56: AssertionError
[36m   -[0m [#  40] CRP identifier1: 
--------------------------------------------------------------------------------
  30:                     achar = s[i]
  31:                     if not (self.valid_f(achar)):
  32:                         valid_id = False
  33:                     i += 1
[34m- 34:             if (valid_id and len(s) >= 1 and len(s) <= 6):[0m
[32m+ 34:             if (valid_id and len(s) >= 1 and len(s) <= 7):[0m
  35:                 return True
  36:             else:
  37:                 return False
  38:         else:
--------------------------------------------------------------------------------
[0.24036 s] [32mkilled[0m by ALL-SMART-GPT-MUTATEST/test_identifier1_WHOLE_SUITE.py::test_case_5

def test_case_5():
        str_0 = 'dYjOEfJ'
        identifier_0 = module_0.Identifier()
        identifier_1 = module_0.Identifier()
        identifier_2 = module_0.Identifier()
        var_0 = identifier_2.valid_f(str_0)
        assert var_0 is True
        var_1 = identifier_1.validateIdentifier(str_0)
>       assert var_1 is False
E       AssertionError

ALL-SMART-GPT-MUTATEST/test_identifier1_WHOLE_SUITE.py:49: AssertionError
[36m   -[0m [#  41] LCR identifier1: 
--------------------------------------------------------------------------------
   3:     ''' generated source for class Identifier '''
   4:     
   5:     def valid_s(self, ch):
   6:         ''' generated source for method valid_s '''
[34m-  7:         if ((ch >= 'A' and ch <= 'Z') or (ch >= 'a' and ch <= 'z')):[0m
[32m+  7:         if ((ch >= 'A' and ch <= 'Z') and (ch >= 'a' and ch <= 'z')):[0m
   8:             return True
   9:         else:
  10:             return False
  11:     
--------------------------------------------------------------------------------
[0.22588 s] [32mkilled[0m by ALL-SMART-GPT-MUTATEST/test_identifier1_MUTATEST.py::test_edge_cases

def test_edge_cases():
        identifier_instance = Identifier()
    
>       assert identifier_instance.valid_s('a') == True
E       AssertionError

ALL-SMART-GPT-MUTATEST/test_identifier1_MUTATEST.py:7: AssertionError
[36m   -[0m [#  42] LCR identifier1: 
--------------------------------------------------------------------------------
   3:     ''' generated source for class Identifier '''
   4:     
   5:     def valid_s(self, ch):
   6:         ''' generated source for method valid_s '''
[34m-  7:         if ((ch >= 'A' and ch <= 'Z') or (ch >= 'a' and ch <= 'z')):[0m
[32m+  7:         if ((ch >= 'A' or ch <= 'Z') or (ch >= 'a' and ch <= 'z')):[0m
   8:             return True
   9:         else:
  10:             return False
  11:     
--------------------------------------------------------------------------------
[0.21351 s] [32mkilled[0m by ALL-SMART-GPT-MUTATEST/test_identifier1_WHOLE_SUITE.py::test_case_8

def test_case_8():
        object_0 = module_1.object()
        int_0 = 2545
        str_0 = "}#Ys%@&Kx,u=M)6'V"
        identifier_0 = module_0.Identifier()
        var_0 = identifier_0.valid_s(str_0)
>       assert var_0 is False
E       AssertionError

ALL-SMART-GPT-MUTATEST/test_identifier1_WHOLE_SUITE.py:69: AssertionError
[36m   -[0m [#  43] LCR identifier1: 
--------------------------------------------------------------------------------
   3:     ''' generated source for class Identifier '''
   4:     
   5:     def valid_s(self, ch):
   6:         ''' generated source for method valid_s '''
[34m-  7:         if ((ch >= 'A' and ch <= 'Z') or (ch >= 'a' and ch <= 'z')):[0m
[32m+  7:         if ((ch >= 'A' and ch <= 'Z') or (ch >= 'a' or ch <= 'z')):[0m
   8:             return True
   9:         else:
  10:             return False
  11:     
--------------------------------------------------------------------------------
[0.24937 s] [32mkilled[0m by ALL-SMART-GPT-MUTATEST/test_identifier1_WHOLE_SUITE.py::test_case_8

def test_case_8():
        object_0 = module_1.object()
        int_0 = 2545
        str_0 = "}#Ys%@&Kx,u=M)6'V"
        identifier_0 = module_0.Identifier()
        var_0 = identifier_0.valid_s(str_0)
>       assert var_0 is False
E       AssertionError

ALL-SMART-GPT-MUTATEST/test_identifier1_WHOLE_SUITE.py:69: AssertionError
[36m   -[0m [#  44] LCR identifier1: 
--------------------------------------------------------------------------------
  10:             return False
  11:     
  12:     def valid_f(self, ch):
  13:         ''' generated source for method valid_f '''
[34m- 14:         if ((ch >= 'A' and ch <= 'Z') or (ch >= 'a' and ch <= 'z') or (ch >= '0' and ch <= '9')):[0m
[32m+ 14:         if ((ch >= 'A' and ch <= 'Z') and (ch >= 'a' and ch <= 'z') and (ch >= '0' and ch <= '9')):[0m
  15:             return True
  16:         else:
  17:             return False
  18:     
--------------------------------------------------------------------------------
[0.22929 s] [32mkilled[0m by ALL-SMART-GPT-MUTATEST/test_identifier1_MUTATEST.py::test_edge_cases

def test_edge_cases():
        identifier_instance = Identifier()
    
        assert identifier_instance.valid_s('a') == True
    
        assert identifier_instance.valid_s('z') == True
    
        assert identifier_instance.valid_s('A') == True
    
        assert identifier_instance.valid_s('Z') == True
    
>       assert identifier_instance.valid_f('A') == True
E       AssertionError

ALL-SMART-GPT-MUTATEST/test_identifier1_MUTATEST.py:15: AssertionError
[36m   -[0m [#  45] LCR identifier1: 
--------------------------------------------------------------------------------
  10:             return False
  11:     
  12:     def valid_f(self, ch):
  13:         ''' generated source for method valid_f '''
[34m- 14:         if ((ch >= 'A' and ch <= 'Z') or (ch >= 'a' and ch <= 'z') or (ch >= '0' and ch <= '9')):[0m
[32m+ 14:         if ((ch >= 'A' or ch <= 'Z') or (ch >= 'a' and ch <= 'z') or (ch >= '0' and ch <= '9')):[0m
  15:             return True
  16:         else:
  17:             return False
  18:     
--------------------------------------------------------------------------------
[0.22325 s] [32mkilled[0m by ALL-SMART-GPT-MUTATEST/test_identifier1_MUTATEST.py::test_valid_f_special_char

def test_valid_f_special_char():
        identifier_instance = Identifier()
    
>       assert identifier_instance.valid_f('$') == False
E       AssertionError

ALL-SMART-GPT-MUTATEST/test_identifier1_MUTATEST.py:26: AssertionError
[36m   -[0m [#  46] LCR identifier1: 
--------------------------------------------------------------------------------
  10:             return False
  11:     
  12:     def valid_f(self, ch):
  13:         ''' generated source for method valid_f '''
[34m- 14:         if ((ch >= 'A' and ch <= 'Z') or (ch >= 'a' and ch <= 'z') or (ch >= '0' and ch <= '9')):[0m
[32m+ 14:         if ((ch >= 'A' and ch <= 'Z') or (ch >= 'a' or ch <= 'z') or (ch >= '0' and ch <= '9')):[0m
  15:             return True
  16:         else:
  17:             return False
  18:     
--------------------------------------------------------------------------------
[0.25255 s] [32mkilled[0m by ALL-SMART-GPT-MUTATEST/test_identifier1_MUTATEST.py::test_valid_f_special_char

def test_valid_f_special_char():
        identifier_instance = Identifier()
    
>       assert identifier_instance.valid_f('$') == False
E       AssertionError

ALL-SMART-GPT-MUTATEST/test_identifier1_MUTATEST.py:26: AssertionError
[36m   -[0m [#  47] LCR identifier1: 
--------------------------------------------------------------------------------
  10:             return False
  11:     
  12:     def valid_f(self, ch):
  13:         ''' generated source for method valid_f '''
[34m- 14:         if ((ch >= 'A' and ch <= 'Z') or (ch >= 'a' and ch <= 'z') or (ch >= '0' and ch <= '9')):[0m
[32m+ 14:         if ((ch >= 'A' and ch <= 'Z') or (ch >= 'a' and ch <= 'z') or (ch >= '0' or ch <= '9')):[0m
  15:             return True
  16:         else:
  17:             return False
  18:     
--------------------------------------------------------------------------------
[0.22042 s] [32mkilled[0m by ALL-SMART-GPT-MUTATEST/test_identifier1_MUTATEST.py::test_valid_f_special_char

def test_valid_f_special_char():
        identifier_instance = Identifier()
    
>       assert identifier_instance.valid_f('$') == False
E       AssertionError

ALL-SMART-GPT-MUTATEST/test_identifier1_MUTATEST.py:26: AssertionError
[36m   -[0m [#  48] LCR identifier1: 
--------------------------------------------------------------------------------
  30:                     achar = s[i]
  31:                     if not (self.valid_f(achar)):
  32:                         valid_id = False
  33:                     i += 1
[34m- 34:             if (valid_id and len(s) >= 1 and len(s) <= 6):[0m
[32m+ 34:             if (valid_id or len(s) >= 1 or len(s) <= 6):[0m
  35:                 return True
  36:             else:
  37:                 return False
  38:         else:
--------------------------------------------------------------------------------
[0.21841 s] [32mkilled[0m by ALL-SMART-GPT-MUTATEST/test_identifier1_WHOLE_SUITE.py::test_case_0

def test_case_0():
        none_type_0 = None
        identifier_0 = module_0.Identifier()
        str_0 = 'N~P{c=2s'
        var_0 = identifier_0.validateIdentifier(str_0)
>       assert var_0 is False
E       AssertionError

ALL-SMART-GPT-MUTATEST/test_identifier1_WHOLE_SUITE.py:11: AssertionError
[36m   -[0m [#  49] OIL identifier1: 
--------------------------------------------------------------------------------
  30:                     achar = s[i]
  31:                     if not (self.valid_f(achar)):
  32:                         valid_id = False
  33:                     i += 1
[34m- 34:             if (valid_id and len(s) >= 1 and len(s) <= 6):[0m
[34m- 35:                 return True[0m
[34m- 36:             else:[0m
[34m- 37:                 return False[0m
[32m+ 34:                     break[0m
[32m+ 35:             if (valid_id and len(s) >= 1 and len(s) <= 6):[0m
[32m+ 36:                 return True[0m
[32m+ 37:             else:return False[0m
  38:         else:
  39:             return False
--------------------------------------------------------------------------------
[0.29633 s] [32mkilled[0m by ALL-SMART-GPT-MUTATEST/test_identifier1_DYNAMOSA.py::test_case_7

def test_case_7():
        str_0 = 'i8='
        str_1 = 'j'
        dict_0 = {}
        identifier_0 = module_0.Identifier(**dict_0)
        var_0 = identifier_0.validateIdentifier(str_1)
        assert var_0 is True
        var_1 = identifier_0.validateIdentifier(str_0)
>       assert var_1 is False
E       AssertionError

ALL-SMART-GPT-MUTATEST/test_identifier1_DYNAMOSA.py:52: AssertionError
[36m   -[0m [#  50] ROR identifier1: 
--------------------------------------------------------------------------------
   3:     ''' generated source for class Identifier '''
   4:     
   5:     def valid_s(self, ch):
   6:         ''' generated source for method valid_s '''
[34m-  7:         if ((ch >= 'A' and ch <= 'Z') or (ch >= 'a' and ch <= 'z')):[0m
[32m+  7:         if ((ch <= 'A' and ch <= 'Z') or (ch >= 'a' and ch <= 'z')):[0m
   8:             return True
   9:         else:
  10:             return False
  11:     
--------------------------------------------------------------------------------
[0.23088 s] [32mkilled[0m by ALL-SMART-GPT-MUTATEST/test_identifier1_MUTATEST.py::test_edge_cases

def test_edge_cases():
        identifier_instance = Identifier()
    
        assert identifier_instance.valid_s('a') == True
    
        assert identifier_instance.valid_s('z') == True
    
        assert identifier_instance.valid_s('A') == True
    
>       assert identifier_instance.valid_s('Z') == True
E       AssertionError

ALL-SMART-GPT-MUTATEST/test_identifier1_MUTATEST.py:13: AssertionError
[36m   -[0m [#  51] ROR identifier1: 
--------------------------------------------------------------------------------
   3:     ''' generated source for class Identifier '''
   4:     
   5:     def valid_s(self, ch):
   6:         ''' generated source for method valid_s '''
[34m-  7:         if ((ch >= 'A' and ch <= 'Z') or (ch >= 'a' and ch <= 'z')):[0m
[32m+  7:         if ((ch > 'A' and ch <= 'Z') or (ch >= 'a' and ch <= 'z')):[0m
   8:             return True
   9:         else:
  10:             return False
  11:     
--------------------------------------------------------------------------------
[0.21442 s] [32mkilled[0m by ALL-SMART-GPT-MUTATEST/test_identifier1_MUTATEST.py::test_edge_cases

def test_edge_cases():
        identifier_instance = Identifier()
    
        assert identifier_instance.valid_s('a') == True
    
        assert identifier_instance.valid_s('z') == True
    
>       assert identifier_instance.valid_s('A') == True
E       AssertionError

ALL-SMART-GPT-MUTATEST/test_identifier1_MUTATEST.py:11: AssertionError
[36m   -[0m [#  52] ROR identifier1: 
--------------------------------------------------------------------------------
   3:     ''' generated source for class Identifier '''
   4:     
   5:     def valid_s(self, ch):
   6:         ''' generated source for method valid_s '''
[34m-  7:         if ((ch >= 'A' and ch <= 'Z') or (ch >= 'a' and ch <= 'z')):[0m
[32m+  7:         if ((ch >= 'A' and ch >= 'Z') or (ch >= 'a' and ch <= 'z')):[0m
   8:             return True
   9:         else:
  10:             return False
  11:     
--------------------------------------------------------------------------------
[0.22240 s] [32mkilled[0m by ALL-SMART-GPT-MUTATEST/test_identifier1_MUTATEST.py::test_edge_cases

def test_edge_cases():
        identifier_instance = Identifier()
    
        assert identifier_instance.valid_s('a') == True
    
        assert identifier_instance.valid_s('z') == True
    
>       assert identifier_instance.valid_s('A') == True
E       AssertionError

ALL-SMART-GPT-MUTATEST/test_identifier1_MUTATEST.py:11: AssertionError
[36m   -[0m [#  53] ROR identifier1: 
--------------------------------------------------------------------------------
   3:     ''' generated source for class Identifier '''
   4:     
   5:     def valid_s(self, ch):
   6:         ''' generated source for method valid_s '''
[34m-  7:         if ((ch >= 'A' and ch <= 'Z') or (ch >= 'a' and ch <= 'z')):[0m
[32m+  7:         if ((ch >= 'A' and ch < 'Z') or (ch >= 'a' and ch <= 'z')):[0m
   8:             return True
   9:         else:
  10:             return False
  11:     
--------------------------------------------------------------------------------
[0.24363 s] [32mkilled[0m by ALL-SMART-GPT-MUTATEST/test_identifier1_MUTATEST.py::test_edge_cases

def test_edge_cases():
        identifier_instance = Identifier()
    
        assert identifier_instance.valid_s('a') == True
    
        assert identifier_instance.valid_s('z') == True
    
        assert identifier_instance.valid_s('A') == True
    
>       assert identifier_instance.valid_s('Z') == True
E       AssertionError

ALL-SMART-GPT-MUTATEST/test_identifier1_MUTATEST.py:13: AssertionError
[36m   -[0m [#  54] ROR identifier1: 
--------------------------------------------------------------------------------
   3:     ''' generated source for class Identifier '''
   4:     
   5:     def valid_s(self, ch):
   6:         ''' generated source for method valid_s '''
[34m-  7:         if ((ch >= 'A' and ch <= 'Z') or (ch >= 'a' and ch <= 'z')):[0m
[32m+  7:         if ((ch >= 'A' and ch <= 'Z') or (ch <= 'a' and ch <= 'z')):[0m
   8:             return True
   9:         else:
  10:             return False
  11:     
--------------------------------------------------------------------------------
[0.22331 s] [32mkilled[0m by ALL-SMART-GPT-MUTATEST/test_identifier1_MUTATEST.py::test_edge_cases

def test_edge_cases():
        identifier_instance = Identifier()
    
        assert identifier_instance.valid_s('a') == True
    
>       assert identifier_instance.valid_s('z') == True
E       AssertionError

ALL-SMART-GPT-MUTATEST/test_identifier1_MUTATEST.py:9: AssertionError
[36m   -[0m [#  55] ROR identifier1: 
--------------------------------------------------------------------------------
   3:     ''' generated source for class Identifier '''
   4:     
   5:     def valid_s(self, ch):
   6:         ''' generated source for method valid_s '''
[34m-  7:         if ((ch >= 'A' and ch <= 'Z') or (ch >= 'a' and ch <= 'z')):[0m
[32m+  7:         if ((ch >= 'A' and ch <= 'Z') or (ch > 'a' and ch <= 'z')):[0m
   8:             return True
   9:         else:
  10:             return False
  11:     
--------------------------------------------------------------------------------
[0.23108 s] [32mkilled[0m by ALL-SMART-GPT-MUTATEST/test_identifier1_MUTATEST.py::test_edge_cases

def test_edge_cases():
        identifier_instance = Identifier()
    
>       assert identifier_instance.valid_s('a') == True
E       AssertionError

ALL-SMART-GPT-MUTATEST/test_identifier1_MUTATEST.py:7: AssertionError
[36m   -[0m [#  56] ROR identifier1: 
--------------------------------------------------------------------------------
   3:     ''' generated source for class Identifier '''
   4:     
   5:     def valid_s(self, ch):
   6:         ''' generated source for method valid_s '''
[34m-  7:         if ((ch >= 'A' and ch <= 'Z') or (ch >= 'a' and ch <= 'z')):[0m
[32m+  7:         if ((ch >= 'A' and ch <= 'Z') or (ch >= 'a' and ch >= 'z')):[0m
   8:             return True
   9:         else:
  10:             return False
  11:     
--------------------------------------------------------------------------------
[0.22888 s] [32mkilled[0m by ALL-SMART-GPT-MUTATEST/test_identifier1_MUTATEST.py::test_edge_cases

def test_edge_cases():
        identifier_instance = Identifier()
    
>       assert identifier_instance.valid_s('a') == True
E       AssertionError

ALL-SMART-GPT-MUTATEST/test_identifier1_MUTATEST.py:7: AssertionError
[36m   -[0m [#  57] ROR identifier1: 
--------------------------------------------------------------------------------
   3:     ''' generated source for class Identifier '''
   4:     
   5:     def valid_s(self, ch):
   6:         ''' generated source for method valid_s '''
[34m-  7:         if ((ch >= 'A' and ch <= 'Z') or (ch >= 'a' and ch <= 'z')):[0m
[32m+  7:         if ((ch >= 'A' and ch <= 'Z') or (ch >= 'a' and ch < 'z')):[0m
   8:             return True
   9:         else:
  10:             return False
  11:     
--------------------------------------------------------------------------------
[0.22065 s] [32mkilled[0m by ALL-SMART-GPT-MUTATEST/test_identifier1_MUTATEST.py::test_edge_cases

def test_edge_cases():
        identifier_instance = Identifier()
    
        assert identifier_instance.valid_s('a') == True
    
>       assert identifier_instance.valid_s('z') == True
E       AssertionError

ALL-SMART-GPT-MUTATEST/test_identifier1_MUTATEST.py:9: AssertionError
[36m   -[0m [#  58] ROR identifier1: 
--------------------------------------------------------------------------------
  10:             return False
  11:     
  12:     def valid_f(self, ch):
  13:         ''' generated source for method valid_f '''
[34m- 14:         if ((ch >= 'A' and ch <= 'Z') or (ch >= 'a' and ch <= 'z') or (ch >= '0' and ch <= '9')):[0m
[32m+ 14:         if ((ch <= 'A' and ch <= 'Z') or (ch >= 'a' and ch <= 'z') or (ch >= '0' and ch <= '9')):[0m
  15:             return True
  16:         else:
  17:             return False
  18:     
--------------------------------------------------------------------------------
[0.23785 s] [32mkilled[0m by ALL-SMART-GPT-MUTATEST/test_identifier1_MUTATEST.py::test_edge_cases

def test_edge_cases():
        identifier_instance = Identifier()
    
        assert identifier_instance.valid_s('a') == True
    
        assert identifier_instance.valid_s('z') == True
    
        assert identifier_instance.valid_s('A') == True
    
        assert identifier_instance.valid_s('Z') == True
    
        assert identifier_instance.valid_f('A') == True
    
>       assert identifier_instance.valid_f('Z') == True
E       AssertionError

ALL-SMART-GPT-MUTATEST/test_identifier1_MUTATEST.py:17: AssertionError
[36m   -[0m [#  59] ROR identifier1: 
--------------------------------------------------------------------------------
  10:             return False
  11:     
  12:     def valid_f(self, ch):
  13:         ''' generated source for method valid_f '''
[34m- 14:         if ((ch >= 'A' and ch <= 'Z') or (ch >= 'a' and ch <= 'z') or (ch >= '0' and ch <= '9')):[0m
[32m+ 14:         if ((ch > 'A' and ch <= 'Z') or (ch >= 'a' and ch <= 'z') or (ch >= '0' and ch <= '9')):[0m
  15:             return True
  16:         else:
  17:             return False
  18:     
--------------------------------------------------------------------------------
[0.21580 s] [32mkilled[0m by ALL-SMART-GPT-MUTATEST/test_identifier1_MUTATEST.py::test_edge_cases

def test_edge_cases():
        identifier_instance = Identifier()
    
        assert identifier_instance.valid_s('a') == True
    
        assert identifier_instance.valid_s('z') == True
    
        assert identifier_instance.valid_s('A') == True
    
        assert identifier_instance.valid_s('Z') == True
    
>       assert identifier_instance.valid_f('A') == True
E       AssertionError

ALL-SMART-GPT-MUTATEST/test_identifier1_MUTATEST.py:15: AssertionError
[36m   -[0m [#  60] ROR identifier1: 
--------------------------------------------------------------------------------
  10:             return False
  11:     
  12:     def valid_f(self, ch):
  13:         ''' generated source for method valid_f '''
[34m- 14:         if ((ch >= 'A' and ch <= 'Z') or (ch >= 'a' and ch <= 'z') or (ch >= '0' and ch <= '9')):[0m
[32m+ 14:         if ((ch >= 'A' and ch >= 'Z') or (ch >= 'a' and ch <= 'z') or (ch >= '0' and ch <= '9')):[0m
  15:             return True
  16:         else:
  17:             return False
  18:     
--------------------------------------------------------------------------------
[0.22690 s] [32mkilled[0m by ALL-SMART-GPT-MUTATEST/test_identifier1_MUTATEST.py::test_edge_cases

def test_edge_cases():
        identifier_instance = Identifier()
    
        assert identifier_instance.valid_s('a') == True
    
        assert identifier_instance.valid_s('z') == True
    
        assert identifier_instance.valid_s('A') == True
    
        assert identifier_instance.valid_s('Z') == True
    
>       assert identifier_instance.valid_f('A') == True
E       AssertionError

ALL-SMART-GPT-MUTATEST/test_identifier1_MUTATEST.py:15: AssertionError
[36m   -[0m [#  61] ROR identifier1: 
--------------------------------------------------------------------------------
  10:             return False
  11:     
  12:     def valid_f(self, ch):
  13:         ''' generated source for method valid_f '''
[34m- 14:         if ((ch >= 'A' and ch <= 'Z') or (ch >= 'a' and ch <= 'z') or (ch >= '0' and ch <= '9')):[0m
[32m+ 14:         if ((ch >= 'A' and ch < 'Z') or (ch >= 'a' and ch <= 'z') or (ch >= '0' and ch <= '9')):[0m
  15:             return True
  16:         else:
  17:             return False
  18:     
--------------------------------------------------------------------------------
[0.22149 s] [32mkilled[0m by ALL-SMART-GPT-MUTATEST/test_identifier1_MUTATEST.py::test_edge_cases

def test_edge_cases():
        identifier_instance = Identifier()
    
        assert identifier_instance.valid_s('a') == True
    
        assert identifier_instance.valid_s('z') == True
    
        assert identifier_instance.valid_s('A') == True
    
        assert identifier_instance.valid_s('Z') == True
    
        assert identifier_instance.valid_f('A') == True
    
>       assert identifier_instance.valid_f('Z') == True
E       AssertionError

ALL-SMART-GPT-MUTATEST/test_identifier1_MUTATEST.py:17: AssertionError
[36m   -[0m [#  62] ROR identifier1: 
--------------------------------------------------------------------------------
  10:             return False
  11:     
  12:     def valid_f(self, ch):
  13:         ''' generated source for method valid_f '''
[34m- 14:         if ((ch >= 'A' and ch <= 'Z') or (ch >= 'a' and ch <= 'z') or (ch >= '0' and ch <= '9')):[0m
[32m+ 14:         if ((ch >= 'A' and ch <= 'Z') or (ch <= 'a' and ch <= 'z') or (ch >= '0' and ch <= '9')):[0m
  15:             return True
  16:         else:
  17:             return False
  18:     
--------------------------------------------------------------------------------
[0.22252 s] [32mkilled[0m by ALL-SMART-GPT-MUTATEST/test_identifier1_MUTATEST.py::test_valid_f_special_char

def test_valid_f_special_char():
        identifier_instance = Identifier()
    
>       assert identifier_instance.valid_f('$') == False
E       AssertionError

ALL-SMART-GPT-MUTATEST/test_identifier1_MUTATEST.py:26: AssertionError
[36m   -[0m [#  63] ROR identifier1: 
--------------------------------------------------------------------------------
  10:             return False
  11:     
  12:     def valid_f(self, ch):
  13:         ''' generated source for method valid_f '''
[34m- 14:         if ((ch >= 'A' and ch <= 'Z') or (ch >= 'a' and ch <= 'z') or (ch >= '0' and ch <= '9')):[0m
[32m+ 14:         if ((ch >= 'A' and ch <= 'Z') or (ch > 'a' and ch <= 'z') or (ch >= '0' and ch <= '9')):[0m
  15:             return True
  16:         else:
  17:             return False
  18:     
--------------------------------------------------------------------------------
[0.27444 s] [32mkilled[0m by ALL-SMART-GPT-MUTATEST/test_identifier1_MUTATEST.py::test_edge_cases

def test_edge_cases():
        identifier_instance = Identifier()
    
        assert identifier_instance.valid_s('a') == True
    
        assert identifier_instance.valid_s('z') == True
    
        assert identifier_instance.valid_s('A') == True
    
        assert identifier_instance.valid_s('Z') == True
    
        assert identifier_instance.valid_f('A') == True
    
        assert identifier_instance.valid_f('Z') == True
    
>       assert identifier_instance.valid_f('a') == True
E       AssertionError

ALL-SMART-GPT-MUTATEST/test_identifier1_MUTATEST.py:19: AssertionError
[36m   -[0m [#  64] ROR identifier1: 
--------------------------------------------------------------------------------
  10:             return False
  11:     
  12:     def valid_f(self, ch):
  13:         ''' generated source for method valid_f '''
[34m- 14:         if ((ch >= 'A' and ch <= 'Z') or (ch >= 'a' and ch <= 'z') or (ch >= '0' and ch <= '9')):[0m
[32m+ 14:         if ((ch >= 'A' and ch <= 'Z') or (ch >= 'a' and ch >= 'z') or (ch >= '0' and ch <= '9')):[0m
  15:             return True
  16:         else:
  17:             return False
  18:     
--------------------------------------------------------------------------------
[0.27901 s] [32mkilled[0m by ALL-SMART-GPT-MUTATEST/test_identifier1_MUTATEST.py::test_edge_cases

def test_edge_cases():
        identifier_instance = Identifier()
    
        assert identifier_instance.valid_s('a') == True
    
        assert identifier_instance.valid_s('z') == True
    
        assert identifier_instance.valid_s('A') == True
    
        assert identifier_instance.valid_s('Z') == True
    
        assert identifier_instance.valid_f('A') == True
    
        assert identifier_instance.valid_f('Z') == True
    
>       assert identifier_instance.valid_f('a') == True
E       AssertionError

ALL-SMART-GPT-MUTATEST/test_identifier1_MUTATEST.py:19: AssertionError
[36m   -[0m [#  65] ROR identifier1: 
--------------------------------------------------------------------------------
  10:             return False
  11:     
  12:     def valid_f(self, ch):
  13:         ''' generated source for method valid_f '''
[34m- 14:         if ((ch >= 'A' and ch <= 'Z') or (ch >= 'a' and ch <= 'z') or (ch >= '0' and ch <= '9')):[0m
[32m+ 14:         if ((ch >= 'A' and ch <= 'Z') or (ch >= 'a' and ch < 'z') or (ch >= '0' and ch <= '9')):[0m
  15:             return True
  16:         else:
  17:             return False
  18:     
--------------------------------------------------------------------------------
[0.32250 s] [32mkilled[0m by ALL-SMART-GPT-MUTATEST/test_identifier1_MOSA.py::test_case_8

def test_case_8():
        str_0 = 'e6zLE'
        identifier_0 = module_0.Identifier()
        var_0 = identifier_0.validateIdentifier(str_0)
>       assert var_0 is True
E       AssertionError

ALL-SMART-GPT-MUTATEST/test_identifier1_MOSA.py:55: AssertionError
[36m   -[0m [#  66] ROR identifier1: 
--------------------------------------------------------------------------------
  10:             return False
  11:     
  12:     def valid_f(self, ch):
  13:         ''' generated source for method valid_f '''
[34m- 14:         if ((ch >= 'A' and ch <= 'Z') or (ch >= 'a' and ch <= 'z') or (ch >= '0' and ch <= '9')):[0m
[32m+ 14:         if ((ch >= 'A' and ch <= 'Z') or (ch >= 'a' and ch <= 'z') or (ch <= '0' and ch <= '9')):[0m
  15:             return True
  16:         else:
  17:             return False
  18:     
--------------------------------------------------------------------------------
[0.23386 s] [32mkilled[0m by ALL-SMART-GPT-MUTATEST/test_identifier1_MUTATEST.py::test_valid_f_special_char

def test_valid_f_special_char():
        identifier_instance = Identifier()
    
>       assert identifier_instance.valid_f('$') == False
E       AssertionError

ALL-SMART-GPT-MUTATEST/test_identifier1_MUTATEST.py:26: AssertionError
[36m   -[0m [#  67] ROR identifier1: 
--------------------------------------------------------------------------------
  10:             return False
  11:     
  12:     def valid_f(self, ch):
  13:         ''' generated source for method valid_f '''
[34m- 14:         if ((ch >= 'A' and ch <= 'Z') or (ch >= 'a' and ch <= 'z') or (ch >= '0' and ch <= '9')):[0m
[32m+ 14:         if ((ch >= 'A' and ch <= 'Z') or (ch >= 'a' and ch <= 'z') or (ch > '0' and ch <= '9')):[0m
  15:             return True
  16:         else:
  17:             return False
  18:     
--------------------------------------------------------------------------------
[0.21729 s] [32mkilled[0m by ALL-SMART-GPT-MUTATEST/test_identifier1_MUTATEST.py::test_edge_cases

def test_edge_cases():
        identifier_instance = Identifier()
    
        assert identifier_instance.valid_s('a') == True
    
        assert identifier_instance.valid_s('z') == True
    
        assert identifier_instance.valid_s('A') == True
    
        assert identifier_instance.valid_s('Z') == True
    
        assert identifier_instance.valid_f('A') == True
    
        assert identifier_instance.valid_f('Z') == True
    
        assert identifier_instance.valid_f('a') == True
    
>       assert identifier_instance.valid_f('0') == True
E       AssertionError

ALL-SMART-GPT-MUTATEST/test_identifier1_MUTATEST.py:21: AssertionError
[36m   -[0m [#  68] ROR identifier1: 
--------------------------------------------------------------------------------
  10:             return False
  11:     
  12:     def valid_f(self, ch):
  13:         ''' generated source for method valid_f '''
[34m- 14:         if ((ch >= 'A' and ch <= 'Z') or (ch >= 'a' and ch <= 'z') or (ch >= '0' and ch <= '9')):[0m
[32m+ 14:         if ((ch >= 'A' and ch <= 'Z') or (ch >= 'a' and ch <= 'z') or (ch >= '0' and ch >= '9')):[0m
  15:             return True
  16:         else:
  17:             return False
  18:     
--------------------------------------------------------------------------------
[0.20909 s] [32mkilled[0m by ALL-SMART-GPT-MUTATEST/test_identifier1_MUTATEST.py::test_edge_cases

def test_edge_cases():
        identifier_instance = Identifier()
    
        assert identifier_instance.valid_s('a') == True
    
        assert identifier_instance.valid_s('z') == True
    
        assert identifier_instance.valid_s('A') == True
    
        assert identifier_instance.valid_s('Z') == True
    
        assert identifier_instance.valid_f('A') == True
    
        assert identifier_instance.valid_f('Z') == True
    
        assert identifier_instance.valid_f('a') == True
    
>       assert identifier_instance.valid_f('0') == True
E       AssertionError

ALL-SMART-GPT-MUTATEST/test_identifier1_MUTATEST.py:21: AssertionError
[36m   -[0m [#  69] ROR identifier1: 
--------------------------------------------------------------------------------
  10:             return False
  11:     
  12:     def valid_f(self, ch):
  13:         ''' generated source for method valid_f '''
[34m- 14:         if ((ch >= 'A' and ch <= 'Z') or (ch >= 'a' and ch <= 'z') or (ch >= '0' and ch <= '9')):[0m
[32m+ 14:         if ((ch >= 'A' and ch <= 'Z') or (ch >= 'a' and ch <= 'z') or (ch >= '0' and ch < '9')):[0m
  15:             return True
  16:         else:
  17:             return False
  18:     
--------------------------------------------------------------------------------
[0.23583 s] [32mkilled[0m by ALL-SMART-GPT-MUTATEST/test_identifier1_MOSA.py::test_case_0

def test_case_0():
        identifier_0 = module_0.Identifier()
        str_0 = 'H9'
        var_0 = identifier_0.validateIdentifier(str_0)
>       assert var_0 is True
E       AssertionError

ALL-SMART-GPT-MUTATEST/test_identifier1_MOSA.py:9: AssertionError
[36m   -[0m [#  70] ROR identifier1: 
--------------------------------------------------------------------------------
  19:     def validateIdentifier(self, s):
  20:         ''' generated source for method validateIdentifier '''
  21:         achar = str()
  22:         valid_id = False
[34m- 23:         if len(s) > 0:[0m
[32m+ 23:         if len(s) < 0:[0m
  24:             achar = s[0]
  25:             valid_id = self.valid_s(achar)
  26:             if len(s) > 1:
  27:                 achar = s[1]
--------------------------------------------------------------------------------
[0.23083 s] [32mkilled[0m by ALL-SMART-GPT-MUTATEST/test_identifier1_MUTATEST.py::test_validate_identifier_max_length

def test_validate_identifier_max_length():
        identifier_instance = Identifier()
    
>       assert identifier_instance.validateIdentifier('AbCdEf') == True
E       AssertionError

ALL-SMART-GPT-MUTATEST/test_identifier1_MUTATEST.py:31: AssertionError
[36m   -[0m [#  71] ROR identifier1: 
--------------------------------------------------------------------------------
  19:     def validateIdentifier(self, s):
  20:         ''' generated source for method validateIdentifier '''
  21:         achar = str()
  22:         valid_id = False
[34m- 23:         if len(s) > 0:[0m
[32m+ 23:         if len(s) >= 0:[0m
  24:             achar = s[0]
  25:             valid_id = self.valid_s(achar)
  26:             if len(s) > 1:
  27:                 achar = s[1]
--------------------------------------------------------------------------------
[0.21611 s] [32mkilled[0m by ALL-SMART-GPT-MUTATEST/test_identifier1_WHOLE_SUITE.py::test_case_2

def test_case_2():
        list_0 = []
        str_0 = "y\n(s/i'#!\x0b46WuH\x0cixuN"
        dict_0 = {str_0: str_0, str_0: str_0}
        identifier_0 = module_0.Identifier()
>       var_0 = identifier_0.validateIdentifier(list_0)

ALL-SMART-GPT-MUTATEST/test_identifier1_WHOLE_SUITE.py:24: 
_ _ _ _ _ _ _ _ _ _ _ _ _ _ _ _ _ _ _ _ _ _ _ _ _ _ _ _ _ _ _ _ _ _ _ _ _ _ _ _ 

self = <identifier1.Identifier object at 0x7f7ba4808640>, s = []

>   ???
E   IndexError: list index out of range

identifier1:24: IndexError
[36m   -[0m [#  72] ROR identifier1: 
--------------------------------------------------------------------------------
  22:         valid_id = False
  23:         if len(s) > 0:
  24:             achar = s[0]
  25:             valid_id = self.valid_s(achar)
[34m- 26:             if len(s) > 1:[0m
[32m+ 26:             if len(s) < 1:[0m
  27:                 achar = s[1]
  28:                 i = 1
  29:                 while i < len(s):
  30:                     achar = s[i]
--------------------------------------------------------------------------------
[0.24918 s] [32mkilled[0m by ALL-SMART-GPT-MUTATEST/test_identifier1_MIO.py::test_case_0

def test_case_0():
        str_0 = 'e=g'
        identifier_0 = module_0.Identifier()
        var_0 = identifier_0.validateIdentifier(str_0)
>       assert var_0 is False
E       AssertionError

ALL-SMART-GPT-MUTATEST/test_identifier1_MIO.py:8: AssertionError
[36m   -[0m [#  73] ROR identifier1: 
--------------------------------------------------------------------------------
  22:         valid_id = False
  23:         if len(s) > 0:
  24:             achar = s[0]
  25:             valid_id = self.valid_s(achar)
[34m- 26:             if len(s) > 1:[0m
[32m+ 26:             if len(s) >= 1:[0m
  27:                 achar = s[1]
  28:                 i = 1
  29:                 while i < len(s):
  30:                     achar = s[i]
--------------------------------------------------------------------------------
[0.23806 s] [32mkilled[0m by ALL-SMART-GPT-MUTATEST/test_identifier1_WHOLE_SUITE.py::test_case_6

def test_case_6():
        str_0 = 'u'
        bytes_0 = b'~P%d\x99S'
        identifier_0 = module_0.Identifier()
>       var_0 = identifier_0.validateIdentifier(str_0)

ALL-SMART-GPT-MUTATEST/test_identifier1_WHOLE_SUITE.py:55: 
_ _ _ _ _ _ _ _ _ _ _ _ _ _ _ _ _ _ _ _ _ _ _ _ _ _ _ _ _ _ _ _ _ _ _ _ _ _ _ _ 

self = <identifier1.Identifier object at 0x7f7ba46d0fd0>, s = 'u'

>   ???
E   IndexError: string index out of range

identifier1:27: IndexError
[36m   -[0m [#  74] ROR identifier1: 
--------------------------------------------------------------------------------
  25:             valid_id = self.valid_s(achar)
  26:             if len(s) > 1:
  27:                 achar = s[1]
  28:                 i = 1
[34m- 29:                 while i < len(s):[0m
[32m+ 29:                 while i > len(s):[0m
  30:                     achar = s[i]
  31:                     if not (self.valid_f(achar)):
  32:                         valid_id = False
  33:                     i += 1
--------------------------------------------------------------------------------
[0.23623 s] [32mkilled[0m by ALL-SMART-GPT-MUTATEST/test_identifier1_MIO.py::test_case_0

def test_case_0():
        str_0 = 'e=g'
        identifier_0 = module_0.Identifier()
        var_0 = identifier_0.validateIdentifier(str_0)
>       assert var_0 is False
E       AssertionError

ALL-SMART-GPT-MUTATEST/test_identifier1_MIO.py:8: AssertionError
[36m   -[0m [#  75] ROR identifier1: 
--------------------------------------------------------------------------------
  25:             valid_id = self.valid_s(achar)
  26:             if len(s) > 1:
  27:                 achar = s[1]
  28:                 i = 1
[34m- 29:                 while i < len(s):[0m
[32m+ 29:                 while i <= len(s):[0m
  30:                     achar = s[i]
  31:                     if not (self.valid_f(achar)):
  32:                         valid_id = False
  33:                     i += 1
--------------------------------------------------------------------------------
[0.23302 s] [32mkilled[0m by ALL-SMART-GPT-MUTATEST/test_identifier1_MUTATEST.py::test_validate_identifier_max_length

def test_validate_identifier_max_length():
        identifier_instance = Identifier()
    
>       assert identifier_instance.validateIdentifier('AbCdEf') == True

ALL-SMART-GPT-MUTATEST/test_identifier1_MUTATEST.py:31: 
_ _ _ _ _ _ _ _ _ _ _ _ _ _ _ _ _ _ _ _ _ _ _ _ _ _ _ _ _ _ _ _ _ _ _ _ _ _ _ _ 

self = <identifier1.Identifier object at 0x7f7ba4774ca0>, s = 'AbCdEf'

>   ???
E   IndexError: string index out of range

identifier1:30: IndexError
[36m   -[0m [#  76] ROR identifier1: 
--------------------------------------------------------------------------------
  30:                     achar = s[i]
  31:                     if not (self.valid_f(achar)):
  32:                         valid_id = False
  33:                     i += 1
[34m- 34:             if (valid_id and len(s) >= 1 and len(s) <= 6):[0m
[32m+ 34:             if (valid_id and len(s) <= 1 and len(s) <= 6):[0m
  35:                 return True
  36:             else:
  37:                 return False
  38:         else:
--------------------------------------------------------------------------------
[0.21551 s] [32mkilled[0m by ALL-SMART-GPT-MUTATEST/test_identifier1_MUTATEST.py::test_validate_identifier_max_length

def test_validate_identifier_max_length():
        identifier_instance = Identifier()
    
>       assert identifier_instance.validateIdentifier('AbCdEf') == True
E       AssertionError

ALL-SMART-GPT-MUTATEST/test_identifier1_MUTATEST.py:31: AssertionError
[36m   -[0m [#  77] ROR identifier1: 
--------------------------------------------------------------------------------
  30:                     achar = s[i]
  31:                     if not (self.valid_f(achar)):
  32:                         valid_id = False
  33:                     i += 1
[34m- 34:             if (valid_id and len(s) >= 1 and len(s) <= 6):[0m
[32m+ 34:             if (valid_id and len(s) > 1 and len(s) <= 6):[0m
  35:                 return True
  36:             else:
  37:                 return False
  38:         else:
--------------------------------------------------------------------------------
[0.22975 s] [32mkilled[0m by ALL-SMART-GPT-MUTATEST/test_identifier1_WHOLE_SUITE.py::test_case_6

def test_case_6():
        str_0 = 'u'
        bytes_0 = b'~P%d\x99S'
        identifier_0 = module_0.Identifier()
        var_0 = identifier_0.validateIdentifier(str_0)
>       assert var_0 is True
E       AssertionError

ALL-SMART-GPT-MUTATEST/test_identifier1_WHOLE_SUITE.py:56: AssertionError
[36m   -[0m [#  78] ROR identifier1: 
--------------------------------------------------------------------------------
  30:                     achar = s[i]
  31:                     if not (self.valid_f(achar)):
  32:                         valid_id = False
  33:                     i += 1
[34m- 34:             if (valid_id and len(s) >= 1 and len(s) <= 6):[0m
[32m+ 34:             if (valid_id and len(s) >= 1 and len(s) >= 6):[0m
  35:                 return True
  36:             else:
  37:                 return False
  38:         else:
--------------------------------------------------------------------------------
[0.22496 s] [32mkilled[0m by ALL-SMART-GPT-MUTATEST/test_identifier1_WHOLE_SUITE.py::test_case_5

def test_case_5():
        str_0 = 'dYjOEfJ'
        identifier_0 = module_0.Identifier()
        identifier_1 = module_0.Identifier()
        identifier_2 = module_0.Identifier()
        var_0 = identifier_2.valid_f(str_0)
        assert var_0 is True
        var_1 = identifier_1.validateIdentifier(str_0)
>       assert var_1 is False
E       AssertionError

ALL-SMART-GPT-MUTATEST/test_identifier1_WHOLE_SUITE.py:49: AssertionError
[36m   -[0m [#  79] ROR identifier1: 
--------------------------------------------------------------------------------
  30:                     achar = s[i]
  31:                     if not (self.valid_f(achar)):
  32:                         valid_id = False
  33:                     i += 1
[34m- 34:             if (valid_id and len(s) >= 1 and len(s) <= 6):[0m
[32m+ 34:             if (valid_id and len(s) >= 1 and len(s) < 6):[0m
  35:                 return True
  36:             else:
  37:                 return False
  38:         else:
--------------------------------------------------------------------------------
[0.23464 s] [32mkilled[0m by ALL-SMART-GPT-MUTATEST/test_identifier1_MUTATEST.py::test_validate_identifier_max_length

def test_validate_identifier_max_length():
        identifier_instance = Identifier()
    
>       assert identifier_instance.validateIdentifier('AbCdEf') == True
E       AssertionError

ALL-SMART-GPT-MUTATEST/test_identifier1_MUTATEST.py:31: AssertionError
[36m   -[0m [#  80] SDI identifier1: 
--------------------------------------------------------------------------------
   1: 
   2: class Identifier(object):
   3:     ''' generated source for class Identifier '''
   4:     
[34m-  5:     def valid_s(self, ch):[0m
[34m-  6:         ''' generated source for method valid_s '''[0m
[34m-  7:         if ((ch >= 'A' and ch <= 'Z') or (ch >= 'a' and ch <= 'z')):[0m
[34m-  8:             return True[0m
[34m-  9:         else:[0m
[34m- 10:             return False[0m
[34m- 11:     [0m
[32m+  5:     @staticmethod[0m
[32m+  6:     def valid_s(self, ch):[0m
[32m+  7:         ''' generated source for method valid_s '''[0m
[32m+  8:         if ((ch >= 'A' and ch <= 'Z') or (ch >= 'a' and ch <= 'z')):[0m
[32m+  9:             return True[0m
[32m+ 10:         else:[0m
[32m+ 11:             return False[0m
  12:     def valid_f(self, ch):
  13:         ''' generated source for method valid_f '''
  14:         if ((ch >= 'A' and ch <= 'Z') or (ch >= 'a' and ch <= 'z') or (ch >= '0' and ch <= '9')):
  15:             return True
--------------------------------------------------------------------------------
[0.24515 s] [36mincompetent[0m

TypeError: /home/lucca/desktop/ic/experimento/testes/python_experiments/identifier1/ALL-SMART-GPT-MUTATEST/test_identifier1_MUTATEST.py:7: TypeError: Identifier.valid_s() missing 1 required positional argument: 'ch'

[36m   -[0m [#  81] SDI identifier1: 
--------------------------------------------------------------------------------
   8:             return True
   9:         else:
  10:             return False
  11:     
[34m- 12:     def valid_f(self, ch):[0m
[34m- 13:         ''' generated source for method valid_f '''[0m
[34m- 14:         if ((ch >= 'A' and ch <= 'Z') or (ch >= 'a' and ch <= 'z') or (ch >= '0' and ch <= '9')):[0m
[34m- 15:             return True[0m
[34m- 16:         else:[0m
[34m- 17:             return False[0m
[34m- 18:     [0m
[32m+ 12:     @staticmethod[0m
[32m+ 13:     def valid_f(self, ch):[0m
[32m+ 14:         ''' generated source for method valid_f '''[0m
[32m+ 15:         if ((ch >= 'A' and ch <= 'Z') or (ch >= 'a' and ch <= 'z') or (ch >= '0' and ch <= '9')):[0m
[32m+ 16:             return True[0m
[32m+ 17:         else:[0m
[32m+ 18:             return False[0m
  19:     def validateIdentifier(self, s):
  20:         ''' generated source for method validateIdentifier '''
  21:         achar = str()
  22:         valid_id = False
--------------------------------------------------------------------------------
[0.24961 s] [36mincompetent[0m

TypeError: /home/lucca/desktop/ic/experimento/testes/python_experiments/identifier1/ALL-SMART-GPT-MUTATEST/test_identifier1_MUTATEST.py:15: TypeError: Identifier.valid_f() missing 1 required positional argument: 'ch'

[36m   -[0m [#  82] SDI identifier1: 
--------------------------------------------------------------------------------
  15:             return True
  16:         else:
  17:             return False
  18:     
[34m- 19:     def validateIdentifier(self, s):[0m
[34m- 20:         ''' generated source for method validateIdentifier '''[0m
[34m- 21:         achar = str()[0m
[34m- 22:         valid_id = False[0m
[34m- 23:         if len(s) > 0:[0m
[34m- 24:             achar = s[0][0m
[34m- 25:             valid_id = self.valid_s(achar)[0m
[34m- 26:             if len(s) > 1:[0m
[34m- 27:                 achar = s[1][0m
[34m- 28:                 i = 1[0m
[34m- 29:                 while i < len(s):[0m
[34m- 30:                     achar = s[i][0m
[34m- 31:                     if not (self.valid_f(achar)):[0m
[34m- 32:                         valid_id = False[0m
[34m- 33:                     i += 1[0m
[34m- 34:             if (valid_id and len(s) >= 1 and len(s) <= 6):[0m
[34m- 35:                 return True[0m
[34m- 36:             else:[0m
[34m- 37:                 return False[0m
[34m- 38:         else:[0m
[34m- 39:             return False[0m
[32m+ 19:     @staticmethod[0m
[32m+ 20:     def validateIdentifier(self, s):[0m
[32m+ 21:         ''' generated source for method validateIdentifier '''[0m
[32m+ 22:         achar = str()[0m
[32m+ 23:         valid_id = False[0m
[32m+ 24:         if len(s) > 0:[0m
[32m+ 25:             achar = s[0][0m
[32m+ 26:             valid_id = self.valid_s(achar)[0m
[32m+ 27:             if len(s) > 1:[0m
[32m+ 28:                 achar = s[1][0m
[32m+ 29:                 i = 1[0m
[32m+ 30:                 while i < len(s):[0m
[32m+ 31:                     achar = s[i][0m
[32m+ 32:                     if not (self.valid_f(achar)):[0m
[32m+ 33:                         valid_id = False[0m
[32m+ 34:                     i += 1[0m
[32m+ 35:             if (valid_id and len(s) >= 1 and len(s) <= 6):[0m
[32m+ 36:                 return True[0m
[32m+ 37:             else:[0m
[32m+ 38:                 return False[0m
[32m+ 39:         else:[0m
[32m+ 40:             return False[0m
--------------------------------------------------------------------------------
[0.23803 s] [36mincompetent[0m

TypeError: /home/lucca/desktop/ic/experimento/testes/python_experiments/identifier1/ALL-SMART-GPT-MUTATEST/test_identifier1_MUTATEST.py:31: TypeError: Identifier.validateIdentifier() missing 1 required positional argument: 's'

[36m   -[0m [#  83] SDL identifier1: 
--------------------------------------------------------------------------------
   4:     
   5:     def valid_s(self, ch):
   6:         ''' generated source for method valid_s '''
   7:         if ((ch >= 'A' and ch <= 'Z') or (ch >= 'a' and ch <= 'z')):
[34m-  8:             return True[0m
[32m+  8:             pass[0m
   9:         else:
  10:             return False
  11:     
  12:     def valid_f(self, ch):
--------------------------------------------------------------------------------
[0.20870 s] [32mkilled[0m by ALL-SMART-GPT-MUTATEST/test_identifier1_MUTATEST.py::test_edge_cases

def test_edge_cases():
        identifier_instance = Identifier()
    
>       assert identifier_instance.valid_s('a') == True
E       AssertionError

ALL-SMART-GPT-MUTATEST/test_identifier1_MUTATEST.py:7: AssertionError
[36m   -[0m [#  84] SDL identifier1: 
--------------------------------------------------------------------------------
   6:         ''' generated source for method valid_s '''
   7:         if ((ch >= 'A' and ch <= 'Z') or (ch >= 'a' and ch <= 'z')):
   8:             return True
   9:         else:
[34m- 10:             return False[0m
[32m+ 10:             pass[0m
  11:     
  12:     def valid_f(self, ch):
  13:         ''' generated source for method valid_f '''
  14:         if ((ch >= 'A' and ch <= 'Z') or (ch >= 'a' and ch <= 'z') or (ch >= '0' and ch <= '9')):
--------------------------------------------------------------------------------
[0.23121 s] [32mkilled[0m by ALL-SMART-GPT-MUTATEST/test_identifier1_WHOLE_SUITE.py::test_case_8

def test_case_8():
        object_0 = module_1.object()
        int_0 = 2545
        str_0 = "}#Ys%@&Kx,u=M)6'V"
        identifier_0 = module_0.Identifier()
        var_0 = identifier_0.valid_s(str_0)
>       assert var_0 is False
E       AssertionError

ALL-SMART-GPT-MUTATEST/test_identifier1_WHOLE_SUITE.py:69: AssertionError
[36m   -[0m [#  85] SDL identifier1: 
--------------------------------------------------------------------------------
  11:     
  12:     def valid_f(self, ch):
  13:         ''' generated source for method valid_f '''
  14:         if ((ch >= 'A' and ch <= 'Z') or (ch >= 'a' and ch <= 'z') or (ch >= '0' and ch <= '9')):
[34m- 15:             return True[0m
[32m+ 15:             pass[0m
  16:         else:
  17:             return False
  18:     
  19:     def validateIdentifier(self, s):
--------------------------------------------------------------------------------
[0.22860 s] [32mkilled[0m by ALL-SMART-GPT-MUTATEST/test_identifier1_MUTATEST.py::test_edge_cases

def test_edge_cases():
        identifier_instance = Identifier()
    
        assert identifier_instance.valid_s('a') == True
    
        assert identifier_instance.valid_s('z') == True
    
        assert identifier_instance.valid_s('A') == True
    
        assert identifier_instance.valid_s('Z') == True
    
>       assert identifier_instance.valid_f('A') == True
E       AssertionError

ALL-SMART-GPT-MUTATEST/test_identifier1_MUTATEST.py:15: AssertionError
[36m   -[0m [#  86] SDL identifier1: 
--------------------------------------------------------------------------------
  13:         ''' generated source for method valid_f '''
  14:         if ((ch >= 'A' and ch <= 'Z') or (ch >= 'a' and ch <= 'z') or (ch >= '0' and ch <= '9')):
  15:             return True
  16:         else:
[34m- 17:             return False[0m
[32m+ 17:             pass[0m
  18:     
  19:     def validateIdentifier(self, s):
  20:         ''' generated source for method validateIdentifier '''
  21:         achar = str()
--------------------------------------------------------------------------------
[0.22865 s] [32mkilled[0m by ALL-SMART-GPT-MUTATEST/test_identifier1_MUTATEST.py::test_valid_f_special_char

def test_valid_f_special_char():
        identifier_instance = Identifier()
    
>       assert identifier_instance.valid_f('$') == False
E       AssertionError

ALL-SMART-GPT-MUTATEST/test_identifier1_MUTATEST.py:26: AssertionError
[36m   -[0m [#  87] SDL identifier1: 
--------------------------------------------------------------------------------
  17:             return False
  18:     
  19:     def validateIdentifier(self, s):
  20:         ''' generated source for method validateIdentifier '''
[34m- 21:         achar = str()[0m
[32m+ 21:         pass[0m
  22:         valid_id = False
  23:         if len(s) > 0:
  24:             achar = s[0]
  25:             valid_id = self.valid_s(achar)
--------------------------------------------------------------------------------
[0.24498 s] [31msurvived[0m
[36m   -[0m [#  88] SDL identifier1: 
--------------------------------------------------------------------------------
  18:     
  19:     def validateIdentifier(self, s):
  20:         ''' generated source for method validateIdentifier '''
  21:         achar = str()
[34m- 22:         valid_id = False[0m
[32m+ 22:         pass[0m
  23:         if len(s) > 0:
  24:             achar = s[0]
  25:             valid_id = self.valid_s(achar)
  26:             if len(s) > 1:
--------------------------------------------------------------------------------
[0.31251 s] [31msurvived[0m
[36m   -[0m [#  89] SDL identifier1: 
--------------------------------------------------------------------------------
  20:         ''' generated source for method validateIdentifier '''
  21:         achar = str()
  22:         valid_id = False
  23:         if len(s) > 0:
[34m- 24:             achar = s[0][0m
[32m+ 24:             pass[0m
  25:             valid_id = self.valid_s(achar)
  26:             if len(s) > 1:
  27:                 achar = s[1]
  28:                 i = 1
--------------------------------------------------------------------------------
[0.28131 s] [32mkilled[0m by ALL-SMART-GPT-MUTATEST/test_identifier1_MUTATEST.py::test_validate_identifier_max_length

def test_validate_identifier_max_length():
        identifier_instance = Identifier()
    
>       assert identifier_instance.validateIdentifier('AbCdEf') == True
E       AssertionError

ALL-SMART-GPT-MUTATEST/test_identifier1_MUTATEST.py:31: AssertionError
[36m   -[0m [#  90] SDL identifier1: 
--------------------------------------------------------------------------------
  21:         achar = str()
  22:         valid_id = False
  23:         if len(s) > 0:
  24:             achar = s[0]
[34m- 25:             valid_id = self.valid_s(achar)[0m
[32m+ 25:             pass[0m
  26:             if len(s) > 1:
  27:                 achar = s[1]
  28:                 i = 1
  29:                 while i < len(s):
--------------------------------------------------------------------------------
[0.26203 s] [32mkilled[0m by ALL-SMART-GPT-MUTATEST/test_identifier1_MUTATEST.py::test_validate_identifier_max_length

def test_validate_identifier_max_length():
        identifier_instance = Identifier()
    
>       assert identifier_instance.validateIdentifier('AbCdEf') == True
E       AssertionError

ALL-SMART-GPT-MUTATEST/test_identifier1_MUTATEST.py:31: AssertionError
[36m   -[0m [#  91] SDL identifier1: 
--------------------------------------------------------------------------------
  23:         if len(s) > 0:
  24:             achar = s[0]
  25:             valid_id = self.valid_s(achar)
  26:             if len(s) > 1:
[34m- 27:                 achar = s[1][0m
[32m+ 27:                 pass[0m
  28:                 i = 1
  29:                 while i < len(s):
  30:                     achar = s[i]
  31:                     if not (self.valid_f(achar)):
--------------------------------------------------------------------------------
[0.24127 s] [31msurvived[0m
[36m   -[0m [#  92] SDL identifier1: 
--------------------------------------------------------------------------------
  24:             achar = s[0]
  25:             valid_id = self.valid_s(achar)
  26:             if len(s) > 1:
  27:                 achar = s[1]
[34m- 28:                 i = 1[0m
[32m+ 28:                 pass[0m
  29:                 while i < len(s):
  30:                     achar = s[i]
  31:                     if not (self.valid_f(achar)):
  32:                         valid_id = False
--------------------------------------------------------------------------------
[0.21755 s] [32mkilled[0m by ALL-SMART-GPT-MUTATEST/test_identifier1_MUTATEST.py::test_validate_identifier_max_length

def test_validate_identifier_max_length():
        identifier_instance = Identifier()
    
>       assert identifier_instance.validateIdentifier('AbCdEf') == True

ALL-SMART-GPT-MUTATEST/test_identifier1_MUTATEST.py:31: 
_ _ _ _ _ _ _ _ _ _ _ _ _ _ _ _ _ _ _ _ _ _ _ _ _ _ _ _ _ _ _ _ _ _ _ _ _ _ _ _ 

self = <identifier1.Identifier object at 0x7f7ba4898400>, s = 'AbCdEf'

>   ???
E   UnboundLocalError: local variable 'i' referenced before assignment

identifier1:29: UnboundLocalError
[36m   -[0m [#  93] SDL identifier1: 
--------------------------------------------------------------------------------
  26:             if len(s) > 1:
  27:                 achar = s[1]
  28:                 i = 1
  29:                 while i < len(s):
[34m- 30:                     achar = s[i][0m
[32m+ 30:                     pass[0m
  31:                     if not (self.valid_f(achar)):
  32:                         valid_id = False
  33:                     i += 1
  34:             if (valid_id and len(s) >= 1 and len(s) <= 6):
--------------------------------------------------------------------------------
[0.28539 s] [32mkilled[0m by ALL-SMART-GPT-MUTATEST/test_identifier1_DYNAMOSA.py::test_case_7

def test_case_7():
        str_0 = 'i8='
        str_1 = 'j'
        dict_0 = {}
        identifier_0 = module_0.Identifier(**dict_0)
        var_0 = identifier_0.validateIdentifier(str_1)
        assert var_0 is True
        var_1 = identifier_0.validateIdentifier(str_0)
>       assert var_1 is False
E       AssertionError

ALL-SMART-GPT-MUTATEST/test_identifier1_DYNAMOSA.py:52: AssertionError
[36m   -[0m [#  94] SDL identifier1: 
--------------------------------------------------------------------------------
  28:                 i = 1
  29:                 while i < len(s):
  30:                     achar = s[i]
  31:                     if not (self.valid_f(achar)):
[34m- 32:                         valid_id = False[0m
[32m+ 32:                         pass[0m
  33:                     i += 1
  34:             if (valid_id and len(s) >= 1 and len(s) <= 6):
  35:                 return True
  36:             else:
--------------------------------------------------------------------------------
[0.26378 s] [32mkilled[0m by ALL-SMART-GPT-MUTATEST/test_identifier1_MIO.py::test_case_0

def test_case_0():
        str_0 = 'e=g'
        identifier_0 = module_0.Identifier()
        var_0 = identifier_0.validateIdentifier(str_0)
>       assert var_0 is False
E       AssertionError

ALL-SMART-GPT-MUTATEST/test_identifier1_MIO.py:8: AssertionError
[36m   -[0m [#  95] SDL identifier1: 
--------------------------------------------------------------------------------
  31:                     if not (self.valid_f(achar)):
  32:                         valid_id = False
  33:                     i += 1
  34:             if (valid_id and len(s) >= 1 and len(s) <= 6):
[34m- 35:                 return True[0m
[32m+ 35:                 pass[0m
  36:             else:
  37:                 return False
  38:         else:
  39:             return False
--------------------------------------------------------------------------------
[0.22699 s] [32mkilled[0m by ALL-SMART-GPT-MUTATEST/test_identifier1_MUTATEST.py::test_validate_identifier_max_length

def test_validate_identifier_max_length():
        identifier_instance = Identifier()
    
>       assert identifier_instance.validateIdentifier('AbCdEf') == True
E       AssertionError

ALL-SMART-GPT-MUTATEST/test_identifier1_MUTATEST.py:31: AssertionError
[36m   -[0m [#  96] SDL identifier1: 
--------------------------------------------------------------------------------
  33:                     i += 1
  34:             if (valid_id and len(s) >= 1 and len(s) <= 6):
  35:                 return True
  36:             else:
[34m- 37:                 return False[0m
[32m+ 37:                 pass[0m
  38:         else:
  39:             return False
--------------------------------------------------------------------------------
[0.21431 s] [32mkilled[0m by ALL-SMART-GPT-MUTATEST/test_identifier1_WHOLE_SUITE.py::test_case_0

def test_case_0():
        none_type_0 = None
        identifier_0 = module_0.Identifier()
        str_0 = 'N~P{c=2s'
        var_0 = identifier_0.validateIdentifier(str_0)
>       assert var_0 is False
E       AssertionError

ALL-SMART-GPT-MUTATEST/test_identifier1_WHOLE_SUITE.py:11: AssertionError
[36m   -[0m [#  97] SDL identifier1: 
--------------------------------------------------------------------------------
  35:                 return True
  36:             else:
  37:                 return False
  38:         else:
[34m- 39:             return False[0m
[32m+ 39:             pass[0m
--------------------------------------------------------------------------------
[0.22302 s] [32mkilled[0m by ALL-SMART-GPT-MUTATEST/test_identifier1_WHOLE_SUITE.py::test_case_2

def test_case_2():
        list_0 = []
        str_0 = "y\n(s/i'#!\x0b46WuH\x0cixuN"
        dict_0 = {str_0: str_0, str_0: str_0}
        identifier_0 = module_0.Identifier()
        var_0 = identifier_0.validateIdentifier(list_0)
>       assert var_0 is False
E       AssertionError

ALL-SMART-GPT-MUTATEST/test_identifier1_WHOLE_SUITE.py:25: AssertionError
[36m   -[0m [#  98] SVD identifier1: 
--------------------------------------------------------------------------------
  21:         achar = str()
  22:         valid_id = False
  23:         if len(s) > 0:
  24:             achar = s[0]
[34m- 25:             valid_id = self.valid_s(achar)[0m
[32m+ 25:             valid_id = valid_s(achar)[0m
  26:             if len(s) > 1:
  27:                 achar = s[1]
  28:                 i = 1
  29:                 while i < len(s):
--------------------------------------------------------------------------------
[0.22548 s] [32mkilled[0m by ALL-SMART-GPT-MUTATEST/test_identifier1_MUTATEST.py::test_validate_identifier_max_length

def test_validate_identifier_max_length():
        identifier_instance = Identifier()
    
>       assert identifier_instance.validateIdentifier('AbCdEf') == True

ALL-SMART-GPT-MUTATEST/test_identifier1_MUTATEST.py:31: 
_ _ _ _ _ _ _ _ _ _ _ _ _ _ _ _ _ _ _ _ _ _ _ _ _ _ _ _ _ _ _ _ _ _ _ _ _ _ _ _ 

self = <identifier1.Identifier object at 0x7f7ba4b0c7f0>, s = 'AbCdEf'

>   ???
E   NameError: name 'valid_s' is not defined

identifier1:25: NameError
[36m   -[0m [#  99] SVD identifier1: 
--------------------------------------------------------------------------------
  27:                 achar = s[1]
  28:                 i = 1
  29:                 while i < len(s):
  30:                     achar = s[i]
[34m- 31:                     if not (self.valid_f(achar)):[0m
[32m+ 31:                     if not (valid_f(achar)):[0m
  32:                         valid_id = False
  33:                     i += 1
  34:             if (valid_id and len(s) >= 1 and len(s) <= 6):
  35:                 return True
--------------------------------------------------------------------------------
[0.24564 s] [32mkilled[0m by ALL-SMART-GPT-MUTATEST/test_identifier1_MUTATEST.py::test_validate_identifier_max_length

def test_validate_identifier_max_length():
        identifier_instance = Identifier()
    
>       assert identifier_instance.validateIdentifier('AbCdEf') == True

ALL-SMART-GPT-MUTATEST/test_identifier1_MUTATEST.py:31: 
_ _ _ _ _ _ _ _ _ _ _ _ _ _ _ _ _ _ _ _ _ _ _ _ _ _ _ _ _ _ _ _ _ _ _ _ _ _ _ _ 

self = <identifier1.Identifier object at 0x7f7ba48abc70>, s = 'AbCdEf'

>   ???
E   NameError: name 'valid_f' is not defined

identifier1:31: NameError
[36m   -[0m [# 100] ZIL identifier1: 
--------------------------------------------------------------------------------
  26:             if len(s) > 1:
  27:                 achar = s[1]
  28:                 i = 1
  29:                 while i < len(s):
[34m- 30:                     achar = s[i][0m
[34m- 31:                     if not (self.valid_f(achar)):[0m
[34m- 32:                         valid_id = False[0m
[34m- 33:                     i += 1[0m
[32m+ 30:                     break[0m
[32m+ 31:             [0m
[32m+ 32:             [0m
[32m+ 33:             [0m
  34:             if (valid_id and len(s) >= 1 and len(s) <= 6):
  35:                 return True
  36:             else:
  37:                 return False
--------------------------------------------------------------------------------
[0.24331 s] [32mkilled[0m by ALL-SMART-GPT-MUTATEST/test_identifier1_MIO.py::test_case_0

def test_case_0():
        str_0 = 'e=g'
        identifier_0 = module_0.Identifier()
        var_0 = identifier_0.validateIdentifier(str_0)
>       assert var_0 is False
E       AssertionError

ALL-SMART-GPT-MUTATEST/test_identifier1_MIO.py:8: AssertionError
[34m[*][0m Mutation score [30.94132 s]: [1m[34m93.8%[0m
[36m   -[0m all: 100
[36m   -[0m killed: 90 (90.0%)
[36m   -[0m survived: 6 (6.0%)
[36m   -[0m incompetent: 4 (4.0%)
[36m   -[0m timeout: 0 (0.0%)
