<!DOCTYPE html><html lang="en"><head><meta charset="utf-8" /><meta name="viewport" content="width=device-width, initial-scale=1, shrink-to-fit=no" /><link rel="stylesheet" href="https://stackpath.bootstrapcdn.com/bootstrap/4.3.1/css/bootstrap.min.css" integrity="sha384-ggOyR0iXCbMQv3Xipma34MD+dH/1fQ784/j6cY/iJTQUOhcWr7x9JvoRxT2MZw1T" crossorigin="anonymous" /><title>Cosmic Ray Report</title></head><body><div class="container"><h1><p class="text-dark">Cosmic Ray Report</p></h1></div><div class="container"><div class="mb-1" id="summary_info___accordion"><div class="card"><a data-toggle="collapse" data-target="#summary_info___collapse_1" aria-expanded="true" aria-controls="summary_info___collapse_1" href="#"><div class="card-header" id="summary_info___heading_1"><button class="btn btn-outline-dark"><h4 class="m-0">Summary info</h4></button></div></a><div aria-labelledby="summary_info___heading_1" data-parent="#summary_info___accordion" class="collapse show" id="summary_info___collapse_1"><div class="card-body"><p>Date time: 25/02/2024 13:51:04</p><p>Total jobs: 72</p><p>Complete: 72 (100.00%)</p><p>Surviving mutants: 3 (4.17%)</p></div></div></div></div><div class="mb-1" id="job_list___accordion"><div class="card"><a data-toggle="collapse" data-target="#job_list___collapse_1" aria-expanded="false" aria-controls="job_list___collapse_1" href="#"><div class="card-header" id="job_list___heading_1"><button class="btn btn-outline-dark"><h4 class="m-0">Job list</h4></button></div></a><div aria-labelledby="job_list___heading_1" data-parent="#job_list___accordion" class="collapse" id="job_list___collapse_1"><div class="card-body"><div class="text-right mb-1"><div class="mx-1" id="job_item_expand_all"><a href="#" onclick="$('div.job_list___sub_multi_collapse').collapse('show');"><button class="btn btn-outline-dark"><span>Expand All</span></button></a></div><div class="mx-1" id="job_item_collapse_all"><a href="#" onclick="$('div.job_list___sub_multi_collapse').collapse('hide');"><button class="btn btn-outline-dark"><span>Collapse All</span></button></a></div></div><div class="mb-1" id="job_list___sub_accordion_1"><div class="card"><a data-toggle="collapse" data-target="#job_list___sub_collapse_1_1" aria-expanded="false" aria-controls="job_list___sub_collapse_1_1" href="#" class="job_list___sub_multi_heading"><div role="alert" class="card-header alert-success" id="job_list___sub_heading_1_1"><button class="btn btn-outline-success"><span class="job_id">1 : Job ID d6616b0f0401474e918aa2c2ca605f7c</span></button></div></a><div aria-labelledby="job_list___sub_heading_1_1" data-parent="#job_list___sub_accordion_1" class="collapse job_list___sub_multi_collapse" id="job_list___sub_collapse_1_1"><div class="card-body"><div class="work-item"><div class="alert alert-success test-outcome" role="alert"><p>worker outcome: normal</p><p>test outcome: killed</p></div></div><pre class="location"><a href="pycharm://open?file=stack4.py&amp;line=84" class="text-secondary"><button class="btn btn-outline-dark">stack4.py, start pos: (84, 38), end pos: (84, 39)</button></a></pre><pre>operator: core/ReplaceBinaryOperator_Add_Sub, occurrence: 0</pre><div class="alert alert-secondary"><pre class="diff">--- mutation diff ---
--- astack4.py
+++ bstack4.py
@@ -81,7 +81,7 @@
         curr = self.head
         display = '('
         while curr:
-            display += str(curr.data) + ', '
+            display += str(curr.data) - ', '
             curr = curr.next
         return display[:-2] + ')'
 </pre></div><div class="alert alert-secondary"><pre class="diff">============================= test session starts ==============================
platform linux -- Python 3.10.12, pytest-7.1.3, pluggy-1.0.0
rootdir: /home/lucca/desktop/ic/experimento/testes/python_experiments/stack4
plugins: Faker-15.1.1, hypothesis-6.56.3
collected 71 items

ALL-SMART-GPT-MUTPY/test_stack4_DYNAMOSA.py ......F.....F...             [ 22%]
ALL-SMART-GPT-MUTPY/test_stack4_MIO.py ...............FF...              [ 50%]
ALL-SMART-GPT-MUTPY/test_stack4_MOSA.py .F.FFF...F......F                [ 74%]
ALL-SMART-GPT-MUTPY/test_stack4_MUTPY.py ........F                       [ 87%]
ALL-SMART-GPT-MUTPY/test_stack4_WHOLE_SUITE.py .F.......                 [100%]

=========================== short test summary info ============================
FAILED ALL-SMART-GPT-MUTPY/test_stack4_DYNAMOSA.py::test_case_6 - TypeError: ...
FAILED ALL-SMART-GPT-MUTPY/test_stack4_DYNAMOSA.py::test_case_12 - TypeError:...
FAILED ALL-SMART-GPT-MUTPY/test_stack4_MIO.py::test_case_15 - TypeError: unsu...
FAILED ALL-SMART-GPT-MUTPY/test_stack4_MIO.py::test_case_16 - TypeError: unsu...
FAILED ALL-SMART-GPT-MUTPY/test_stack4_MOSA.py::test_case_1 - TypeError: unsu...
FAILED ALL-SMART-GPT-MUTPY/test_stack4_MOSA.py::test_case_3 - TypeError: unsu...
FAILED ALL-SMART-GPT-MUTPY/test_stack4_MOSA.py::test_case_4 - TypeError: unsu...
FAILED ALL-SMART-GPT-MUTPY/test_stack4_MOSA.py::test_case_5 - TypeError: unsu...
FAILED ALL-SMART-GPT-MUTPY/test_stack4_MOSA.py::test_case_9 - TypeError: unsu...
FAILED ALL-SMART-GPT-MUTPY/test_stack4_MOSA.py::test_case_16 - TypeError: uns...
FAILED ALL-SMART-GPT-MUTPY/test_stack4_MUTPY.py::test_remove_from_linked_list
FAILED ALL-SMART-GPT-MUTPY/test_stack4_WHOLE_SUITE.py::test_case_1 - TypeErro...
======================== 12 failed, 59 passed in 0.21s =========================
</pre></div></div></div></div></div><div class="mb-1" id="job_list___sub_accordion_2"><div class="card"><a data-toggle="collapse" data-target="#job_list___sub_collapse_2_1" aria-expanded="false" aria-controls="job_list___sub_collapse_2_1" href="#" class="job_list___sub_multi_heading"><div role="alert" class="card-header alert-success" id="job_list___sub_heading_2_1"><button class="btn btn-outline-success"><span class="job_id">2 : Job ID 653a7deeed5140d188c8a0e835097afa</span></button></div></a><div aria-labelledby="job_list___sub_heading_2_1" data-parent="#job_list___sub_accordion_2" class="collapse job_list___sub_multi_collapse" id="job_list___sub_collapse_2_1"><div class="card-body"><div class="work-item"><div class="alert alert-success test-outcome" role="alert"><p>worker outcome: normal</p><p>test outcome: killed</p></div></div><pre class="location"><a href="pycharm://open?file=stack4.py&amp;line=86" class="text-secondary"><button class="btn btn-outline-dark">stack4.py, start pos: (86, 28), end pos: (86, 29)</button></a></pre><pre>operator: core/ReplaceBinaryOperator_Add_Sub, occurrence: 1</pre><div class="alert alert-secondary"><pre class="diff">--- mutation diff ---
--- astack4.py
+++ bstack4.py
@@ -83,7 +83,7 @@
         while curr:
             display += str(curr.data) + ', '
             curr = curr.next
-        return display[:-2] + ')'
+        return display[:-2] - ')'
 
 
 class Stack(object):</pre></div><div class="alert alert-secondary"><pre class="diff">============================= test session starts ==============================
platform linux -- Python 3.10.12, pytest-7.1.3, pluggy-1.0.0
rootdir: /home/lucca/desktop/ic/experimento/testes/python_experiments/stack4
plugins: Faker-15.1.1, hypothesis-6.56.3
collected 71 items

ALL-SMART-GPT-MUTPY/test_stack4_DYNAMOSA.py ......FF....F...             [ 22%]
ALL-SMART-GPT-MUTPY/test_stack4_MIO.py ...............FFF..              [ 50%]
ALL-SMART-GPT-MUTPY/test_stack4_MOSA.py .F.FFF...FF.....F                [ 74%]
ALL-SMART-GPT-MUTPY/test_stack4_MUTPY.py ........F                       [ 87%]
ALL-SMART-GPT-MUTPY/test_stack4_WHOLE_SUITE.py FFF......                 [100%]

=========================== short test summary info ============================
FAILED ALL-SMART-GPT-MUTPY/test_stack4_DYNAMOSA.py::test_case_6 - TypeError: ...
FAILED ALL-SMART-GPT-MUTPY/test_stack4_DYNAMOSA.py::test_case_7 - TypeError: ...
FAILED ALL-SMART-GPT-MUTPY/test_stack4_DYNAMOSA.py::test_case_12 - TypeError:...
FAILED ALL-SMART-GPT-MUTPY/test_stack4_MIO.py::test_case_15 - TypeError: unsu...
FAILED ALL-SMART-GPT-MUTPY/test_stack4_MIO.py::test_case_16 - TypeError: unsu...
FAILED ALL-SMART-GPT-MUTPY/test_stack4_MIO.py::test_case_17 - TypeError: unsu...
FAILED ALL-SMART-GPT-MUTPY/test_stack4_MOSA.py::test_case_1 - TypeError: unsu...
FAILED ALL-SMART-GPT-MUTPY/test_stack4_MOSA.py::test_case_3 - TypeError: unsu...
FAILED ALL-SMART-GPT-MUTPY/test_stack4_MOSA.py::test_case_4 - TypeError: unsu...
FAILED ALL-SMART-GPT-MUTPY/test_stack4_MOSA.py::test_case_5 - TypeError: unsu...
FAILED ALL-SMART-GPT-MUTPY/test_stack4_MOSA.py::test_case_9 - TypeError: unsu...
FAILED ALL-SMART-GPT-MUTPY/test_stack4_MOSA.py::test_case_10 - TypeError: uns...
FAILED ALL-SMART-GPT-MUTPY/test_stack4_MOSA.py::test_case_16 - TypeError: uns...
FAILED ALL-SMART-GPT-MUTPY/test_stack4_MUTPY.py::test_remove_from_linked_list
FAILED ALL-SMART-GPT-MUTPY/test_stack4_WHOLE_SUITE.py::test_case_0 - TypeErro...
FAILED ALL-SMART-GPT-MUTPY/test_stack4_WHOLE_SUITE.py::test_case_1 - TypeErro...
FAILED ALL-SMART-GPT-MUTPY/test_stack4_WHOLE_SUITE.py::test_case_2 - TypeErro...
======================== 17 failed, 54 passed in 0.22s =========================
</pre></div></div></div></div></div><div class="mb-1" id="job_list___sub_accordion_3"><div class="card"><a data-toggle="collapse" data-target="#job_list___sub_collapse_3_1" aria-expanded="false" aria-controls="job_list___sub_collapse_3_1" href="#" class="job_list___sub_multi_heading"><div role="alert" class="card-header alert-success" id="job_list___sub_heading_3_1"><button class="btn btn-outline-success"><span class="job_id">3 : Job ID 153a7be97d6b4e74999650fb67db5b6d</span></button></div></a><div aria-labelledby="job_list___sub_heading_3_1" data-parent="#job_list___sub_accordion_3" class="collapse job_list___sub_multi_collapse" id="job_list___sub_collapse_3_1"><div class="card-body"><div class="work-item"><div class="alert alert-success test-outcome" role="alert"><p>worker outcome: normal</p><p>test outcome: killed</p></div></div><pre class="location"><a href="pycharm://open?file=stack4.py&amp;line=84" class="text-secondary"><button class="btn btn-outline-dark">stack4.py, start pos: (84, 38), end pos: (84, 39)</button></a></pre><pre>operator: core/ReplaceBinaryOperator_Add_Mul, occurrence: 0</pre><div class="alert alert-secondary"><pre class="diff">--- mutation diff ---
--- astack4.py
+++ bstack4.py
@@ -81,7 +81,7 @@
         curr = self.head
         display = '('
         while curr:
-            display += str(curr.data) + ', '
+            display += str(curr.data) * ', '
             curr = curr.next
         return display[:-2] + ')'
 </pre></div><div class="alert alert-secondary"><pre class="diff">============================= test session starts ==============================
platform linux -- Python 3.10.12, pytest-7.1.3, pluggy-1.0.0
rootdir: /home/lucca/desktop/ic/experimento/testes/python_experiments/stack4
plugins: Faker-15.1.1, hypothesis-6.56.3
collected 71 items

ALL-SMART-GPT-MUTPY/test_stack4_DYNAMOSA.py ......F.....F...             [ 22%]
ALL-SMART-GPT-MUTPY/test_stack4_MIO.py ...............FF...              [ 50%]
ALL-SMART-GPT-MUTPY/test_stack4_MOSA.py .F.FFF...F......F                [ 74%]
ALL-SMART-GPT-MUTPY/test_stack4_MUTPY.py ........F                       [ 87%]
ALL-SMART-GPT-MUTPY/test_stack4_WHOLE_SUITE.py .F.......                 [100%]

=========================== short test summary info ============================
FAILED ALL-SMART-GPT-MUTPY/test_stack4_DYNAMOSA.py::test_case_6 - TypeError: ...
FAILED ALL-SMART-GPT-MUTPY/test_stack4_DYNAMOSA.py::test_case_12 - TypeError:...
FAILED ALL-SMART-GPT-MUTPY/test_stack4_MIO.py::test_case_15 - TypeError: can'...
FAILED ALL-SMART-GPT-MUTPY/test_stack4_MIO.py::test_case_16 - TypeError: can'...
FAILED ALL-SMART-GPT-MUTPY/test_stack4_MOSA.py::test_case_1 - TypeError: can'...
FAILED ALL-SMART-GPT-MUTPY/test_stack4_MOSA.py::test_case_3 - TypeError: can'...
FAILED ALL-SMART-GPT-MUTPY/test_stack4_MOSA.py::test_case_4 - TypeError: can'...
FAILED ALL-SMART-GPT-MUTPY/test_stack4_MOSA.py::test_case_5 - TypeError: can'...
FAILED ALL-SMART-GPT-MUTPY/test_stack4_MOSA.py::test_case_9 - TypeError: can'...
FAILED ALL-SMART-GPT-MUTPY/test_stack4_MOSA.py::test_case_16 - TypeError: can...
FAILED ALL-SMART-GPT-MUTPY/test_stack4_MUTPY.py::test_remove_from_linked_list
FAILED ALL-SMART-GPT-MUTPY/test_stack4_WHOLE_SUITE.py::test_case_1 - TypeErro...
======================== 12 failed, 59 passed in 0.22s =========================
</pre></div></div></div></div></div><div class="mb-1" id="job_list___sub_accordion_4"><div class="card"><a data-toggle="collapse" data-target="#job_list___sub_collapse_4_1" aria-expanded="false" aria-controls="job_list___sub_collapse_4_1" href="#" class="job_list___sub_multi_heading"><div role="alert" class="card-header alert-success" id="job_list___sub_heading_4_1"><button class="btn btn-outline-success"><span class="job_id">4 : Job ID 23e091e6d7574717ab40a808f7f26dfe</span></button></div></a><div aria-labelledby="job_list___sub_heading_4_1" data-parent="#job_list___sub_accordion_4" class="collapse job_list___sub_multi_collapse" id="job_list___sub_collapse_4_1"><div class="card-body"><div class="work-item"><div class="alert alert-success test-outcome" role="alert"><p>worker outcome: normal</p><p>test outcome: killed</p></div></div><pre class="location"><a href="pycharm://open?file=stack4.py&amp;line=86" class="text-secondary"><button class="btn btn-outline-dark">stack4.py, start pos: (86, 28), end pos: (86, 29)</button></a></pre><pre>operator: core/ReplaceBinaryOperator_Add_Mul, occurrence: 1</pre><div class="alert alert-secondary"><pre class="diff">--- mutation diff ---
--- astack4.py
+++ bstack4.py
@@ -83,7 +83,7 @@
         while curr:
             display += str(curr.data) + ', '
             curr = curr.next
-        return display[:-2] + ')'
+        return display[:-2] * ')'
 
 
 class Stack(object):</pre></div><div class="alert alert-secondary"><pre class="diff">============================= test session starts ==============================
platform linux -- Python 3.10.12, pytest-7.1.3, pluggy-1.0.0
rootdir: /home/lucca/desktop/ic/experimento/testes/python_experiments/stack4
plugins: Faker-15.1.1, hypothesis-6.56.3
collected 71 items

ALL-SMART-GPT-MUTPY/test_stack4_DYNAMOSA.py ......FF....F...             [ 22%]
ALL-SMART-GPT-MUTPY/test_stack4_MIO.py ...............FFF..              [ 50%]
ALL-SMART-GPT-MUTPY/test_stack4_MOSA.py .F.FFF...FF.....F                [ 74%]
ALL-SMART-GPT-MUTPY/test_stack4_MUTPY.py ........F                       [ 87%]
ALL-SMART-GPT-MUTPY/test_stack4_WHOLE_SUITE.py FFF......                 [100%]

=========================== short test summary info ============================
FAILED ALL-SMART-GPT-MUTPY/test_stack4_DYNAMOSA.py::test_case_6 - TypeError: ...
FAILED ALL-SMART-GPT-MUTPY/test_stack4_DYNAMOSA.py::test_case_7 - TypeError: ...
FAILED ALL-SMART-GPT-MUTPY/test_stack4_DYNAMOSA.py::test_case_12 - TypeError:...
FAILED ALL-SMART-GPT-MUTPY/test_stack4_MIO.py::test_case_15 - TypeError: can'...
FAILED ALL-SMART-GPT-MUTPY/test_stack4_MIO.py::test_case_16 - TypeError: can'...
FAILED ALL-SMART-GPT-MUTPY/test_stack4_MIO.py::test_case_17 - TypeError: can'...
FAILED ALL-SMART-GPT-MUTPY/test_stack4_MOSA.py::test_case_1 - TypeError: can'...
FAILED ALL-SMART-GPT-MUTPY/test_stack4_MOSA.py::test_case_3 - TypeError: can'...
FAILED ALL-SMART-GPT-MUTPY/test_stack4_MOSA.py::test_case_4 - TypeError: can'...
FAILED ALL-SMART-GPT-MUTPY/test_stack4_MOSA.py::test_case_5 - TypeError: can'...
FAILED ALL-SMART-GPT-MUTPY/test_stack4_MOSA.py::test_case_9 - TypeError: can'...
FAILED ALL-SMART-GPT-MUTPY/test_stack4_MOSA.py::test_case_10 - TypeError: can...
FAILED ALL-SMART-GPT-MUTPY/test_stack4_MOSA.py::test_case_16 - TypeError: can...
FAILED ALL-SMART-GPT-MUTPY/test_stack4_MUTPY.py::test_remove_from_linked_list
FAILED ALL-SMART-GPT-MUTPY/test_stack4_WHOLE_SUITE.py::test_case_0 - TypeErro...
FAILED ALL-SMART-GPT-MUTPY/test_stack4_WHOLE_SUITE.py::test_case_1 - TypeErro...
FAILED ALL-SMART-GPT-MUTPY/test_stack4_WHOLE_SUITE.py::test_case_2 - TypeErro...
======================== 17 failed, 54 passed in 0.21s =========================
</pre></div></div></div></div></div><div class="mb-1" id="job_list___sub_accordion_5"><div class="card"><a data-toggle="collapse" data-target="#job_list___sub_collapse_5_1" aria-expanded="false" aria-controls="job_list___sub_collapse_5_1" href="#" class="job_list___sub_multi_heading"><div role="alert" class="card-header alert-success" id="job_list___sub_heading_5_1"><button class="btn btn-outline-success"><span class="job_id">5 : Job ID 68cda8c05b2b42128638bc25c9bbf5d4</span></button></div></a><div aria-labelledby="job_list___sub_heading_5_1" data-parent="#job_list___sub_accordion_5" class="collapse job_list___sub_multi_collapse" id="job_list___sub_collapse_5_1"><div class="card-body"><div class="work-item"><div class="alert alert-success test-outcome" role="alert"><p>worker outcome: normal</p><p>test outcome: killed</p></div></div><pre class="location"><a href="pycharm://open?file=stack4.py&amp;line=84" class="text-secondary"><button class="btn btn-outline-dark">stack4.py, start pos: (84, 38), end pos: (84, 39)</button></a></pre><pre>operator: core/ReplaceBinaryOperator_Add_Div, occurrence: 0</pre><div class="alert alert-secondary"><pre class="diff">--- mutation diff ---
--- astack4.py
+++ bstack4.py
@@ -81,7 +81,7 @@
         curr = self.head
         display = '('
         while curr:
-            display += str(curr.data) + ', '
+            display += str(curr.data) / ', '
             curr = curr.next
         return display[:-2] + ')'
 </pre></div><div class="alert alert-secondary"><pre class="diff">============================= test session starts ==============================
platform linux -- Python 3.10.12, pytest-7.1.3, pluggy-1.0.0
rootdir: /home/lucca/desktop/ic/experimento/testes/python_experiments/stack4
plugins: Faker-15.1.1, hypothesis-6.56.3
collected 71 items

ALL-SMART-GPT-MUTPY/test_stack4_DYNAMOSA.py ......F.....F...             [ 22%]
ALL-SMART-GPT-MUTPY/test_stack4_MIO.py ...............FF...              [ 50%]
ALL-SMART-GPT-MUTPY/test_stack4_MOSA.py .F.FFF...F......F                [ 74%]
ALL-SMART-GPT-MUTPY/test_stack4_MUTPY.py ........F                       [ 87%]
ALL-SMART-GPT-MUTPY/test_stack4_WHOLE_SUITE.py .F.......                 [100%]

=========================== short test summary info ============================
FAILED ALL-SMART-GPT-MUTPY/test_stack4_DYNAMOSA.py::test_case_6 - TypeError: ...
FAILED ALL-SMART-GPT-MUTPY/test_stack4_DYNAMOSA.py::test_case_12 - TypeError:...
FAILED ALL-SMART-GPT-MUTPY/test_stack4_MIO.py::test_case_15 - TypeError: unsu...
FAILED ALL-SMART-GPT-MUTPY/test_stack4_MIO.py::test_case_16 - TypeError: unsu...
FAILED ALL-SMART-GPT-MUTPY/test_stack4_MOSA.py::test_case_1 - TypeError: unsu...
FAILED ALL-SMART-GPT-MUTPY/test_stack4_MOSA.py::test_case_3 - TypeError: unsu...
FAILED ALL-SMART-GPT-MUTPY/test_stack4_MOSA.py::test_case_4 - TypeError: unsu...
FAILED ALL-SMART-GPT-MUTPY/test_stack4_MOSA.py::test_case_5 - TypeError: unsu...
FAILED ALL-SMART-GPT-MUTPY/test_stack4_MOSA.py::test_case_9 - TypeError: unsu...
FAILED ALL-SMART-GPT-MUTPY/test_stack4_MOSA.py::test_case_16 - TypeError: uns...
FAILED ALL-SMART-GPT-MUTPY/test_stack4_MUTPY.py::test_remove_from_linked_list
FAILED ALL-SMART-GPT-MUTPY/test_stack4_WHOLE_SUITE.py::test_case_1 - TypeErro...
======================== 12 failed, 59 passed in 0.21s =========================
</pre></div></div></div></div></div><div class="mb-1" id="job_list___sub_accordion_6"><div class="card"><a data-toggle="collapse" data-target="#job_list___sub_collapse_6_1" aria-expanded="false" aria-controls="job_list___sub_collapse_6_1" href="#" class="job_list___sub_multi_heading"><div role="alert" class="card-header alert-success" id="job_list___sub_heading_6_1"><button class="btn btn-outline-success"><span class="job_id">6 : Job ID d2e8cd0022344e54b3c9900889435765</span></button></div></a><div aria-labelledby="job_list___sub_heading_6_1" data-parent="#job_list___sub_accordion_6" class="collapse job_list___sub_multi_collapse" id="job_list___sub_collapse_6_1"><div class="card-body"><div class="work-item"><div class="alert alert-success test-outcome" role="alert"><p>worker outcome: normal</p><p>test outcome: killed</p></div></div><pre class="location"><a href="pycharm://open?file=stack4.py&amp;line=86" class="text-secondary"><button class="btn btn-outline-dark">stack4.py, start pos: (86, 28), end pos: (86, 29)</button></a></pre><pre>operator: core/ReplaceBinaryOperator_Add_Div, occurrence: 1</pre><div class="alert alert-secondary"><pre class="diff">--- mutation diff ---
--- astack4.py
+++ bstack4.py
@@ -83,7 +83,7 @@
         while curr:
             display += str(curr.data) + ', '
             curr = curr.next
-        return display[:-2] + ')'
+        return display[:-2] / ')'
 
 
 class Stack(object):</pre></div><div class="alert alert-secondary"><pre class="diff">============================= test session starts ==============================
platform linux -- Python 3.10.12, pytest-7.1.3, pluggy-1.0.0
rootdir: /home/lucca/desktop/ic/experimento/testes/python_experiments/stack4
plugins: Faker-15.1.1, hypothesis-6.56.3
collected 71 items

ALL-SMART-GPT-MUTPY/test_stack4_DYNAMOSA.py ......FF....F...             [ 22%]
ALL-SMART-GPT-MUTPY/test_stack4_MIO.py ...............FFF..              [ 50%]
ALL-SMART-GPT-MUTPY/test_stack4_MOSA.py .F.FFF...FF.....F                [ 74%]
ALL-SMART-GPT-MUTPY/test_stack4_MUTPY.py ........F                       [ 87%]
ALL-SMART-GPT-MUTPY/test_stack4_WHOLE_SUITE.py FFF......                 [100%]

=========================== short test summary info ============================
FAILED ALL-SMART-GPT-MUTPY/test_stack4_DYNAMOSA.py::test_case_6 - TypeError: ...
FAILED ALL-SMART-GPT-MUTPY/test_stack4_DYNAMOSA.py::test_case_7 - TypeError: ...
FAILED ALL-SMART-GPT-MUTPY/test_stack4_DYNAMOSA.py::test_case_12 - TypeError:...
FAILED ALL-SMART-GPT-MUTPY/test_stack4_MIO.py::test_case_15 - TypeError: unsu...
FAILED ALL-SMART-GPT-MUTPY/test_stack4_MIO.py::test_case_16 - TypeError: unsu...
FAILED ALL-SMART-GPT-MUTPY/test_stack4_MIO.py::test_case_17 - TypeError: unsu...
FAILED ALL-SMART-GPT-MUTPY/test_stack4_MOSA.py::test_case_1 - TypeError: unsu...
FAILED ALL-SMART-GPT-MUTPY/test_stack4_MOSA.py::test_case_3 - TypeError: unsu...
FAILED ALL-SMART-GPT-MUTPY/test_stack4_MOSA.py::test_case_4 - TypeError: unsu...
FAILED ALL-SMART-GPT-MUTPY/test_stack4_MOSA.py::test_case_5 - TypeError: unsu...
FAILED ALL-SMART-GPT-MUTPY/test_stack4_MOSA.py::test_case_9 - TypeError: unsu...
FAILED ALL-SMART-GPT-MUTPY/test_stack4_MOSA.py::test_case_10 - TypeError: uns...
FAILED ALL-SMART-GPT-MUTPY/test_stack4_MOSA.py::test_case_16 - TypeError: uns...
FAILED ALL-SMART-GPT-MUTPY/test_stack4_MUTPY.py::test_remove_from_linked_list
FAILED ALL-SMART-GPT-MUTPY/test_stack4_WHOLE_SUITE.py::test_case_0 - TypeErro...
FAILED ALL-SMART-GPT-MUTPY/test_stack4_WHOLE_SUITE.py::test_case_1 - TypeErro...
FAILED ALL-SMART-GPT-MUTPY/test_stack4_WHOLE_SUITE.py::test_case_2 - TypeErro...
======================== 17 failed, 54 passed in 0.22s =========================
</pre></div></div></div></div></div><div class="mb-1" id="job_list___sub_accordion_7"><div class="card"><a data-toggle="collapse" data-target="#job_list___sub_collapse_7_1" aria-expanded="false" aria-controls="job_list___sub_collapse_7_1" href="#" class="job_list___sub_multi_heading"><div role="alert" class="card-header alert-success" id="job_list___sub_heading_7_1"><button class="btn btn-outline-success"><span class="job_id">7 : Job ID 5cf5551f29dd4f56838e58cfd4c7d4cd</span></button></div></a><div aria-labelledby="job_list___sub_heading_7_1" data-parent="#job_list___sub_accordion_7" class="collapse job_list___sub_multi_collapse" id="job_list___sub_collapse_7_1"><div class="card-body"><div class="work-item"><div class="alert alert-success test-outcome" role="alert"><p>worker outcome: normal</p><p>test outcome: killed</p></div></div><pre class="location"><a href="pycharm://open?file=stack4.py&amp;line=84" class="text-secondary"><button class="btn btn-outline-dark">stack4.py, start pos: (84, 38), end pos: (84, 39)</button></a></pre><pre>operator: core/ReplaceBinaryOperator_Add_FloorDiv, occurrence: 0</pre><div class="alert alert-secondary"><pre class="diff">--- mutation diff ---
--- astack4.py
+++ bstack4.py
@@ -81,7 +81,7 @@
         curr = self.head
         display = '('
         while curr:
-            display += str(curr.data) + ', '
+            display += str(curr.data) // ', '
             curr = curr.next
         return display[:-2] + ')'
 </pre></div><div class="alert alert-secondary"><pre class="diff">============================= test session starts ==============================
platform linux -- Python 3.10.12, pytest-7.1.3, pluggy-1.0.0
rootdir: /home/lucca/desktop/ic/experimento/testes/python_experiments/stack4
plugins: Faker-15.1.1, hypothesis-6.56.3
collected 71 items

ALL-SMART-GPT-MUTPY/test_stack4_DYNAMOSA.py ......F.....F...             [ 22%]
ALL-SMART-GPT-MUTPY/test_stack4_MIO.py ...............FF...              [ 50%]
ALL-SMART-GPT-MUTPY/test_stack4_MOSA.py .F.FFF...F......F                [ 74%]
ALL-SMART-GPT-MUTPY/test_stack4_MUTPY.py ........F                       [ 87%]
ALL-SMART-GPT-MUTPY/test_stack4_WHOLE_SUITE.py .F.......                 [100%]

=========================== short test summary info ============================
FAILED ALL-SMART-GPT-MUTPY/test_stack4_DYNAMOSA.py::test_case_6 - TypeError: ...
FAILED ALL-SMART-GPT-MUTPY/test_stack4_DYNAMOSA.py::test_case_12 - TypeError:...
FAILED ALL-SMART-GPT-MUTPY/test_stack4_MIO.py::test_case_15 - TypeError: unsu...
FAILED ALL-SMART-GPT-MUTPY/test_stack4_MIO.py::test_case_16 - TypeError: unsu...
FAILED ALL-SMART-GPT-MUTPY/test_stack4_MOSA.py::test_case_1 - TypeError: unsu...
FAILED ALL-SMART-GPT-MUTPY/test_stack4_MOSA.py::test_case_3 - TypeError: unsu...
FAILED ALL-SMART-GPT-MUTPY/test_stack4_MOSA.py::test_case_4 - TypeError: unsu...
FAILED ALL-SMART-GPT-MUTPY/test_stack4_MOSA.py::test_case_5 - TypeError: unsu...
FAILED ALL-SMART-GPT-MUTPY/test_stack4_MOSA.py::test_case_9 - TypeError: unsu...
FAILED ALL-SMART-GPT-MUTPY/test_stack4_MOSA.py::test_case_16 - TypeError: uns...
FAILED ALL-SMART-GPT-MUTPY/test_stack4_MUTPY.py::test_remove_from_linked_list
FAILED ALL-SMART-GPT-MUTPY/test_stack4_WHOLE_SUITE.py::test_case_1 - TypeErro...
======================== 12 failed, 59 passed in 0.21s =========================
</pre></div></div></div></div></div><div class="mb-1" id="job_list___sub_accordion_8"><div class="card"><a data-toggle="collapse" data-target="#job_list___sub_collapse_8_1" aria-expanded="false" aria-controls="job_list___sub_collapse_8_1" href="#" class="job_list___sub_multi_heading"><div role="alert" class="card-header alert-success" id="job_list___sub_heading_8_1"><button class="btn btn-outline-success"><span class="job_id">8 : Job ID fc151c7b670b435193472cd8052b8692</span></button></div></a><div aria-labelledby="job_list___sub_heading_8_1" data-parent="#job_list___sub_accordion_8" class="collapse job_list___sub_multi_collapse" id="job_list___sub_collapse_8_1"><div class="card-body"><div class="work-item"><div class="alert alert-success test-outcome" role="alert"><p>worker outcome: normal</p><p>test outcome: killed</p></div></div><pre class="location"><a href="pycharm://open?file=stack4.py&amp;line=86" class="text-secondary"><button class="btn btn-outline-dark">stack4.py, start pos: (86, 28), end pos: (86, 29)</button></a></pre><pre>operator: core/ReplaceBinaryOperator_Add_FloorDiv, occurrence: 1</pre><div class="alert alert-secondary"><pre class="diff">--- mutation diff ---
--- astack4.py
+++ bstack4.py
@@ -83,7 +83,7 @@
         while curr:
             display += str(curr.data) + ', '
             curr = curr.next
-        return display[:-2] + ')'
+        return display[:-2] // ')'
 
 
 class Stack(object):</pre></div><div class="alert alert-secondary"><pre class="diff">============================= test session starts ==============================
platform linux -- Python 3.10.12, pytest-7.1.3, pluggy-1.0.0
rootdir: /home/lucca/desktop/ic/experimento/testes/python_experiments/stack4
plugins: Faker-15.1.1, hypothesis-6.56.3
collected 71 items

ALL-SMART-GPT-MUTPY/test_stack4_DYNAMOSA.py ......FF....F...             [ 22%]
ALL-SMART-GPT-MUTPY/test_stack4_MIO.py ...............FFF..              [ 50%]
ALL-SMART-GPT-MUTPY/test_stack4_MOSA.py .F.FFF...FF.....F                [ 74%]
ALL-SMART-GPT-MUTPY/test_stack4_MUTPY.py ........F                       [ 87%]
ALL-SMART-GPT-MUTPY/test_stack4_WHOLE_SUITE.py FFF......                 [100%]

=========================== short test summary info ============================
FAILED ALL-SMART-GPT-MUTPY/test_stack4_DYNAMOSA.py::test_case_6 - TypeError: ...
FAILED ALL-SMART-GPT-MUTPY/test_stack4_DYNAMOSA.py::test_case_7 - TypeError: ...
FAILED ALL-SMART-GPT-MUTPY/test_stack4_DYNAMOSA.py::test_case_12 - TypeError:...
FAILED ALL-SMART-GPT-MUTPY/test_stack4_MIO.py::test_case_15 - TypeError: unsu...
FAILED ALL-SMART-GPT-MUTPY/test_stack4_MIO.py::test_case_16 - TypeError: unsu...
FAILED ALL-SMART-GPT-MUTPY/test_stack4_MIO.py::test_case_17 - TypeError: unsu...
FAILED ALL-SMART-GPT-MUTPY/test_stack4_MOSA.py::test_case_1 - TypeError: unsu...
FAILED ALL-SMART-GPT-MUTPY/test_stack4_MOSA.py::test_case_3 - TypeError: unsu...
FAILED ALL-SMART-GPT-MUTPY/test_stack4_MOSA.py::test_case_4 - TypeError: unsu...
FAILED ALL-SMART-GPT-MUTPY/test_stack4_MOSA.py::test_case_5 - TypeError: unsu...
FAILED ALL-SMART-GPT-MUTPY/test_stack4_MOSA.py::test_case_9 - TypeError: unsu...
FAILED ALL-SMART-GPT-MUTPY/test_stack4_MOSA.py::test_case_10 - TypeError: uns...
FAILED ALL-SMART-GPT-MUTPY/test_stack4_MOSA.py::test_case_16 - TypeError: uns...
FAILED ALL-SMART-GPT-MUTPY/test_stack4_MUTPY.py::test_remove_from_linked_list
FAILED ALL-SMART-GPT-MUTPY/test_stack4_WHOLE_SUITE.py::test_case_0 - TypeErro...
FAILED ALL-SMART-GPT-MUTPY/test_stack4_WHOLE_SUITE.py::test_case_1 - TypeErro...
FAILED ALL-SMART-GPT-MUTPY/test_stack4_WHOLE_SUITE.py::test_case_2 - TypeErro...
======================== 17 failed, 54 passed in 0.21s =========================
</pre></div></div></div></div></div><div class="mb-1" id="job_list___sub_accordion_9"><div class="card"><a data-toggle="collapse" data-target="#job_list___sub_collapse_9_1" aria-expanded="false" aria-controls="job_list___sub_collapse_9_1" href="#" class="job_list___sub_multi_heading"><div role="alert" class="card-header alert-success" id="job_list___sub_heading_9_1"><button class="btn btn-outline-success"><span class="job_id">9 : Job ID 7a296313ca7246fa9b277725ef4a335c</span></button></div></a><div aria-labelledby="job_list___sub_heading_9_1" data-parent="#job_list___sub_accordion_9" class="collapse job_list___sub_multi_collapse" id="job_list___sub_collapse_9_1"><div class="card-body"><div class="work-item"><div class="alert alert-success test-outcome" role="alert"><p>worker outcome: normal</p><p>test outcome: killed</p></div></div><pre class="location"><a href="pycharm://open?file=stack4.py&amp;line=84" class="text-secondary"><button class="btn btn-outline-dark">stack4.py, start pos: (84, 38), end pos: (84, 39)</button></a></pre><pre>operator: core/ReplaceBinaryOperator_Add_Mod, occurrence: 0</pre><div class="alert alert-secondary"><pre class="diff">--- mutation diff ---
--- astack4.py
+++ bstack4.py
@@ -81,7 +81,7 @@
         curr = self.head
         display = '('
         while curr:
-            display += str(curr.data) + ', '
+            display += str(curr.data) % ', '
             curr = curr.next
         return display[:-2] + ')'
 </pre></div><div class="alert alert-secondary"><pre class="diff">============================= test session starts ==============================
platform linux -- Python 3.10.12, pytest-7.1.3, pluggy-1.0.0
rootdir: /home/lucca/desktop/ic/experimento/testes/python_experiments/stack4
plugins: Faker-15.1.1, hypothesis-6.56.3
collected 71 items

ALL-SMART-GPT-MUTPY/test_stack4_DYNAMOSA.py ......F.....F...             [ 22%]
ALL-SMART-GPT-MUTPY/test_stack4_MIO.py ...............FF...              [ 50%]
ALL-SMART-GPT-MUTPY/test_stack4_MOSA.py .F.FFF...F......F                [ 74%]
ALL-SMART-GPT-MUTPY/test_stack4_MUTPY.py ........F                       [ 87%]
ALL-SMART-GPT-MUTPY/test_stack4_WHOLE_SUITE.py .F.......                 [100%]

=========================== short test summary info ============================
FAILED ALL-SMART-GPT-MUTPY/test_stack4_DYNAMOSA.py::test_case_6 - TypeError: ...
FAILED ALL-SMART-GPT-MUTPY/test_stack4_DYNAMOSA.py::test_case_12 - TypeError:...
FAILED ALL-SMART-GPT-MUTPY/test_stack4_MIO.py::test_case_15 - TypeError: not ...
FAILED ALL-SMART-GPT-MUTPY/test_stack4_MIO.py::test_case_16 - TypeError: not ...
FAILED ALL-SMART-GPT-MUTPY/test_stack4_MOSA.py::test_case_1 - TypeError: not ...
FAILED ALL-SMART-GPT-MUTPY/test_stack4_MOSA.py::test_case_3 - TypeError: not ...
FAILED ALL-SMART-GPT-MUTPY/test_stack4_MOSA.py::test_case_4 - TypeError: not ...
FAILED ALL-SMART-GPT-MUTPY/test_stack4_MOSA.py::test_case_5 - TypeError: not ...
FAILED ALL-SMART-GPT-MUTPY/test_stack4_MOSA.py::test_case_9 - TypeError: not ...
FAILED ALL-SMART-GPT-MUTPY/test_stack4_MOSA.py::test_case_16 - TypeError: not...
FAILED ALL-SMART-GPT-MUTPY/test_stack4_MUTPY.py::test_remove_from_linked_list
FAILED ALL-SMART-GPT-MUTPY/test_stack4_WHOLE_SUITE.py::test_case_1 - TypeErro...
======================== 12 failed, 59 passed in 0.21s =========================
</pre></div></div></div></div></div><div class="mb-1" id="job_list___sub_accordion_10"><div class="card"><a data-toggle="collapse" data-target="#job_list___sub_collapse_10_1" aria-expanded="false" aria-controls="job_list___sub_collapse_10_1" href="#" class="job_list___sub_multi_heading"><div role="alert" class="card-header alert-success" id="job_list___sub_heading_10_1"><button class="btn btn-outline-success"><span class="job_id">10 : Job ID 3d51db5ab33844a58b44d0c99af566e9</span></button></div></a><div aria-labelledby="job_list___sub_heading_10_1" data-parent="#job_list___sub_accordion_10" class="collapse job_list___sub_multi_collapse" id="job_list___sub_collapse_10_1"><div class="card-body"><div class="work-item"><div class="alert alert-success test-outcome" role="alert"><p>worker outcome: normal</p><p>test outcome: killed</p></div></div><pre class="location"><a href="pycharm://open?file=stack4.py&amp;line=86" class="text-secondary"><button class="btn btn-outline-dark">stack4.py, start pos: (86, 28), end pos: (86, 29)</button></a></pre><pre>operator: core/ReplaceBinaryOperator_Add_Mod, occurrence: 1</pre><div class="alert alert-secondary"><pre class="diff">--- mutation diff ---
--- astack4.py
+++ bstack4.py
@@ -83,7 +83,7 @@
         while curr:
             display += str(curr.data) + ', '
             curr = curr.next
-        return display[:-2] + ')'
+        return display[:-2] % ')'
 
 
 class Stack(object):</pre></div><div class="alert alert-secondary"><pre class="diff">============================= test session starts ==============================
platform linux -- Python 3.10.12, pytest-7.1.3, pluggy-1.0.0
rootdir: /home/lucca/desktop/ic/experimento/testes/python_experiments/stack4
plugins: Faker-15.1.1, hypothesis-6.56.3
collected 71 items

ALL-SMART-GPT-MUTPY/test_stack4_DYNAMOSA.py ......FF....F...             [ 22%]
ALL-SMART-GPT-MUTPY/test_stack4_MIO.py ...............FFF..              [ 50%]
ALL-SMART-GPT-MUTPY/test_stack4_MOSA.py .F.FFF...FF.....F                [ 74%]
ALL-SMART-GPT-MUTPY/test_stack4_MUTPY.py ........F                       [ 87%]
ALL-SMART-GPT-MUTPY/test_stack4_WHOLE_SUITE.py FFF......                 [100%]

=========================== short test summary info ============================
FAILED ALL-SMART-GPT-MUTPY/test_stack4_DYNAMOSA.py::test_case_6 - TypeError: ...
FAILED ALL-SMART-GPT-MUTPY/test_stack4_DYNAMOSA.py::test_case_7 - TypeError: ...
FAILED ALL-SMART-GPT-MUTPY/test_stack4_DYNAMOSA.py::test_case_12 - TypeError:...
FAILED ALL-SMART-GPT-MUTPY/test_stack4_MIO.py::test_case_15 - TypeError: not ...
FAILED ALL-SMART-GPT-MUTPY/test_stack4_MIO.py::test_case_16 - TypeError: not ...
FAILED ALL-SMART-GPT-MUTPY/test_stack4_MIO.py::test_case_17 - TypeError: not ...
FAILED ALL-SMART-GPT-MUTPY/test_stack4_MOSA.py::test_case_1 - TypeError: not ...
FAILED ALL-SMART-GPT-MUTPY/test_stack4_MOSA.py::test_case_3 - TypeError: not ...
FAILED ALL-SMART-GPT-MUTPY/test_stack4_MOSA.py::test_case_4 - TypeError: not ...
FAILED ALL-SMART-GPT-MUTPY/test_stack4_MOSA.py::test_case_5 - TypeError: not ...
FAILED ALL-SMART-GPT-MUTPY/test_stack4_MOSA.py::test_case_9 - TypeError: not ...
FAILED ALL-SMART-GPT-MUTPY/test_stack4_MOSA.py::test_case_10 - TypeError: not...
FAILED ALL-SMART-GPT-MUTPY/test_stack4_MOSA.py::test_case_16 - TypeError: not...
FAILED ALL-SMART-GPT-MUTPY/test_stack4_MUTPY.py::test_remove_from_linked_list
FAILED ALL-SMART-GPT-MUTPY/test_stack4_WHOLE_SUITE.py::test_case_0 - TypeErro...
FAILED ALL-SMART-GPT-MUTPY/test_stack4_WHOLE_SUITE.py::test_case_1 - TypeErro...
FAILED ALL-SMART-GPT-MUTPY/test_stack4_WHOLE_SUITE.py::test_case_2 - TypeErro...
======================== 17 failed, 54 passed in 0.22s =========================
</pre></div></div></div></div></div><div class="mb-1" id="job_list___sub_accordion_11"><div class="card"><a data-toggle="collapse" data-target="#job_list___sub_collapse_11_1" aria-expanded="false" aria-controls="job_list___sub_collapse_11_1" href="#" class="job_list___sub_multi_heading"><div role="alert" class="card-header alert-success" id="job_list___sub_heading_11_1"><button class="btn btn-outline-success"><span class="job_id">11 : Job ID f0b342d9ed5345ebbbfa93d25b0ca73b</span></button></div></a><div aria-labelledby="job_list___sub_heading_11_1" data-parent="#job_list___sub_accordion_11" class="collapse job_list___sub_multi_collapse" id="job_list___sub_collapse_11_1"><div class="card-body"><div class="work-item"><div class="alert alert-success test-outcome" role="alert"><p>worker outcome: normal</p><p>test outcome: killed</p></div></div><pre class="location"><a href="pycharm://open?file=stack4.py&amp;line=84" class="text-secondary"><button class="btn btn-outline-dark">stack4.py, start pos: (84, 38), end pos: (84, 39)</button></a></pre><pre>operator: core/ReplaceBinaryOperator_Add_Pow, occurrence: 0</pre><div class="alert alert-secondary"><pre class="diff">--- mutation diff ---
--- astack4.py
+++ bstack4.py
@@ -81,7 +81,7 @@
         curr = self.head
         display = '('
         while curr:
-            display += str(curr.data) + ', '
+            display += str(curr.data) ** ', '
             curr = curr.next
         return display[:-2] + ')'
 </pre></div><div class="alert alert-secondary"><pre class="diff">============================= test session starts ==============================
platform linux -- Python 3.10.12, pytest-7.1.3, pluggy-1.0.0
rootdir: /home/lucca/desktop/ic/experimento/testes/python_experiments/stack4
plugins: Faker-15.1.1, hypothesis-6.56.3
collected 71 items

ALL-SMART-GPT-MUTPY/test_stack4_DYNAMOSA.py ......F.....F...             [ 22%]
ALL-SMART-GPT-MUTPY/test_stack4_MIO.py ...............FF...              [ 50%]
ALL-SMART-GPT-MUTPY/test_stack4_MOSA.py .F.FFF...F......F                [ 74%]
ALL-SMART-GPT-MUTPY/test_stack4_MUTPY.py ........F                       [ 87%]
ALL-SMART-GPT-MUTPY/test_stack4_WHOLE_SUITE.py .F.......                 [100%]

=========================== short test summary info ============================
FAILED ALL-SMART-GPT-MUTPY/test_stack4_DYNAMOSA.py::test_case_6 - TypeError: ...
FAILED ALL-SMART-GPT-MUTPY/test_stack4_DYNAMOSA.py::test_case_12 - TypeError:...
FAILED ALL-SMART-GPT-MUTPY/test_stack4_MIO.py::test_case_15 - TypeError: unsu...
FAILED ALL-SMART-GPT-MUTPY/test_stack4_MIO.py::test_case_16 - TypeError: unsu...
FAILED ALL-SMART-GPT-MUTPY/test_stack4_MOSA.py::test_case_1 - TypeError: unsu...
FAILED ALL-SMART-GPT-MUTPY/test_stack4_MOSA.py::test_case_3 - TypeError: unsu...
FAILED ALL-SMART-GPT-MUTPY/test_stack4_MOSA.py::test_case_4 - TypeError: unsu...
FAILED ALL-SMART-GPT-MUTPY/test_stack4_MOSA.py::test_case_5 - TypeError: unsu...
FAILED ALL-SMART-GPT-MUTPY/test_stack4_MOSA.py::test_case_9 - TypeError: unsu...
FAILED ALL-SMART-GPT-MUTPY/test_stack4_MOSA.py::test_case_16 - TypeError: uns...
FAILED ALL-SMART-GPT-MUTPY/test_stack4_MUTPY.py::test_remove_from_linked_list
FAILED ALL-SMART-GPT-MUTPY/test_stack4_WHOLE_SUITE.py::test_case_1 - TypeErro...
======================== 12 failed, 59 passed in 0.21s =========================
</pre></div></div></div></div></div><div class="mb-1" id="job_list___sub_accordion_12"><div class="card"><a data-toggle="collapse" data-target="#job_list___sub_collapse_12_1" aria-expanded="false" aria-controls="job_list___sub_collapse_12_1" href="#" class="job_list___sub_multi_heading"><div role="alert" class="card-header alert-success" id="job_list___sub_heading_12_1"><button class="btn btn-outline-success"><span class="job_id">12 : Job ID 838fef4c83b24c68b108b0e38e6b11ad</span></button></div></a><div aria-labelledby="job_list___sub_heading_12_1" data-parent="#job_list___sub_accordion_12" class="collapse job_list___sub_multi_collapse" id="job_list___sub_collapse_12_1"><div class="card-body"><div class="work-item"><div class="alert alert-success test-outcome" role="alert"><p>worker outcome: normal</p><p>test outcome: killed</p></div></div><pre class="location"><a href="pycharm://open?file=stack4.py&amp;line=86" class="text-secondary"><button class="btn btn-outline-dark">stack4.py, start pos: (86, 28), end pos: (86, 29)</button></a></pre><pre>operator: core/ReplaceBinaryOperator_Add_Pow, occurrence: 1</pre><div class="alert alert-secondary"><pre class="diff">--- mutation diff ---
--- astack4.py
+++ bstack4.py
@@ -83,7 +83,7 @@
         while curr:
             display += str(curr.data) + ', '
             curr = curr.next
-        return display[:-2] + ')'
+        return display[:-2] ** ')'
 
 
 class Stack(object):</pre></div><div class="alert alert-secondary"><pre class="diff">============================= test session starts ==============================
platform linux -- Python 3.10.12, pytest-7.1.3, pluggy-1.0.0
rootdir: /home/lucca/desktop/ic/experimento/testes/python_experiments/stack4
plugins: Faker-15.1.1, hypothesis-6.56.3
collected 71 items

ALL-SMART-GPT-MUTPY/test_stack4_DYNAMOSA.py ......FF....F...             [ 22%]
ALL-SMART-GPT-MUTPY/test_stack4_MIO.py ...............FFF..              [ 50%]
ALL-SMART-GPT-MUTPY/test_stack4_MOSA.py .F.FFF...FF.....F                [ 74%]
ALL-SMART-GPT-MUTPY/test_stack4_MUTPY.py ........F                       [ 87%]
ALL-SMART-GPT-MUTPY/test_stack4_WHOLE_SUITE.py FFF......                 [100%]

=========================== short test summary info ============================
FAILED ALL-SMART-GPT-MUTPY/test_stack4_DYNAMOSA.py::test_case_6 - TypeError: ...
FAILED ALL-SMART-GPT-MUTPY/test_stack4_DYNAMOSA.py::test_case_7 - TypeError: ...
FAILED ALL-SMART-GPT-MUTPY/test_stack4_DYNAMOSA.py::test_case_12 - TypeError:...
FAILED ALL-SMART-GPT-MUTPY/test_stack4_MIO.py::test_case_15 - TypeError: unsu...
FAILED ALL-SMART-GPT-MUTPY/test_stack4_MIO.py::test_case_16 - TypeError: unsu...
FAILED ALL-SMART-GPT-MUTPY/test_stack4_MIO.py::test_case_17 - TypeError: unsu...
FAILED ALL-SMART-GPT-MUTPY/test_stack4_MOSA.py::test_case_1 - TypeError: unsu...
FAILED ALL-SMART-GPT-MUTPY/test_stack4_MOSA.py::test_case_3 - TypeError: unsu...
FAILED ALL-SMART-GPT-MUTPY/test_stack4_MOSA.py::test_case_4 - TypeError: unsu...
FAILED ALL-SMART-GPT-MUTPY/test_stack4_MOSA.py::test_case_5 - TypeError: unsu...
FAILED ALL-SMART-GPT-MUTPY/test_stack4_MOSA.py::test_case_9 - TypeError: unsu...
FAILED ALL-SMART-GPT-MUTPY/test_stack4_MOSA.py::test_case_10 - TypeError: uns...
FAILED ALL-SMART-GPT-MUTPY/test_stack4_MOSA.py::test_case_16 - TypeError: uns...
FAILED ALL-SMART-GPT-MUTPY/test_stack4_MUTPY.py::test_remove_from_linked_list
FAILED ALL-SMART-GPT-MUTPY/test_stack4_WHOLE_SUITE.py::test_case_0 - TypeErro...
FAILED ALL-SMART-GPT-MUTPY/test_stack4_WHOLE_SUITE.py::test_case_1 - TypeErro...
FAILED ALL-SMART-GPT-MUTPY/test_stack4_WHOLE_SUITE.py::test_case_2 - TypeErro...
======================== 17 failed, 54 passed in 0.21s =========================
</pre></div></div></div></div></div><div class="mb-1" id="job_list___sub_accordion_13"><div class="card"><a data-toggle="collapse" data-target="#job_list___sub_collapse_13_1" aria-expanded="false" aria-controls="job_list___sub_collapse_13_1" href="#" class="job_list___sub_multi_heading"><div role="alert" class="card-header alert-success" id="job_list___sub_heading_13_1"><button class="btn btn-outline-success"><span class="job_id">13 : Job ID b1e8f42459ae41d087f4e6e8aded352b</span></button></div></a><div aria-labelledby="job_list___sub_heading_13_1" data-parent="#job_list___sub_accordion_13" class="collapse job_list___sub_multi_collapse" id="job_list___sub_collapse_13_1"><div class="card-body"><div class="work-item"><div class="alert alert-success test-outcome" role="alert"><p>worker outcome: normal</p><p>test outcome: killed</p></div></div><pre class="location"><a href="pycharm://open?file=stack4.py&amp;line=84" class="text-secondary"><button class="btn btn-outline-dark">stack4.py, start pos: (84, 38), end pos: (84, 39)</button></a></pre><pre>operator: core/ReplaceBinaryOperator_Add_RShift, occurrence: 0</pre><div class="alert alert-secondary"><pre class="diff">--- mutation diff ---
--- astack4.py
+++ bstack4.py
@@ -81,7 +81,7 @@
         curr = self.head
         display = '('
         while curr:
-            display += str(curr.data) + ', '
+            display += str(curr.data) &gt;&gt; ', '
             curr = curr.next
         return display[:-2] + ')'
 </pre></div><div class="alert alert-secondary"><pre class="diff">============================= test session starts ==============================
platform linux -- Python 3.10.12, pytest-7.1.3, pluggy-1.0.0
rootdir: /home/lucca/desktop/ic/experimento/testes/python_experiments/stack4
plugins: Faker-15.1.1, hypothesis-6.56.3
collected 71 items

ALL-SMART-GPT-MUTPY/test_stack4_DYNAMOSA.py ......F.....F...             [ 22%]
ALL-SMART-GPT-MUTPY/test_stack4_MIO.py ...............FF...              [ 50%]
ALL-SMART-GPT-MUTPY/test_stack4_MOSA.py .F.FFF...F......F                [ 74%]
ALL-SMART-GPT-MUTPY/test_stack4_MUTPY.py ........F                       [ 87%]
ALL-SMART-GPT-MUTPY/test_stack4_WHOLE_SUITE.py .F.......                 [100%]

=========================== short test summary info ============================
FAILED ALL-SMART-GPT-MUTPY/test_stack4_DYNAMOSA.py::test_case_6 - TypeError: ...
FAILED ALL-SMART-GPT-MUTPY/test_stack4_DYNAMOSA.py::test_case_12 - TypeError:...
FAILED ALL-SMART-GPT-MUTPY/test_stack4_MIO.py::test_case_15 - TypeError: unsu...
FAILED ALL-SMART-GPT-MUTPY/test_stack4_MIO.py::test_case_16 - TypeError: unsu...
FAILED ALL-SMART-GPT-MUTPY/test_stack4_MOSA.py::test_case_1 - TypeError: unsu...
FAILED ALL-SMART-GPT-MUTPY/test_stack4_MOSA.py::test_case_3 - TypeError: unsu...
FAILED ALL-SMART-GPT-MUTPY/test_stack4_MOSA.py::test_case_4 - TypeError: unsu...
FAILED ALL-SMART-GPT-MUTPY/test_stack4_MOSA.py::test_case_5 - TypeError: unsu...
FAILED ALL-SMART-GPT-MUTPY/test_stack4_MOSA.py::test_case_9 - TypeError: unsu...
FAILED ALL-SMART-GPT-MUTPY/test_stack4_MOSA.py::test_case_16 - TypeError: uns...
FAILED ALL-SMART-GPT-MUTPY/test_stack4_MUTPY.py::test_remove_from_linked_list
FAILED ALL-SMART-GPT-MUTPY/test_stack4_WHOLE_SUITE.py::test_case_1 - TypeErro...
======================== 12 failed, 59 passed in 0.21s =========================
</pre></div></div></div></div></div><div class="mb-1" id="job_list___sub_accordion_14"><div class="card"><a data-toggle="collapse" data-target="#job_list___sub_collapse_14_1" aria-expanded="false" aria-controls="job_list___sub_collapse_14_1" href="#" class="job_list___sub_multi_heading"><div role="alert" class="card-header alert-success" id="job_list___sub_heading_14_1"><button class="btn btn-outline-success"><span class="job_id">14 : Job ID 272c1df2c56b41bbb0528ccd00b91abc</span></button></div></a><div aria-labelledby="job_list___sub_heading_14_1" data-parent="#job_list___sub_accordion_14" class="collapse job_list___sub_multi_collapse" id="job_list___sub_collapse_14_1"><div class="card-body"><div class="work-item"><div class="alert alert-success test-outcome" role="alert"><p>worker outcome: normal</p><p>test outcome: killed</p></div></div><pre class="location"><a href="pycharm://open?file=stack4.py&amp;line=86" class="text-secondary"><button class="btn btn-outline-dark">stack4.py, start pos: (86, 28), end pos: (86, 29)</button></a></pre><pre>operator: core/ReplaceBinaryOperator_Add_RShift, occurrence: 1</pre><div class="alert alert-secondary"><pre class="diff">--- mutation diff ---
--- astack4.py
+++ bstack4.py
@@ -83,7 +83,7 @@
         while curr:
             display += str(curr.data) + ', '
             curr = curr.next
-        return display[:-2] + ')'
+        return display[:-2] &gt;&gt; ')'
 
 
 class Stack(object):</pre></div><div class="alert alert-secondary"><pre class="diff">============================= test session starts ==============================
platform linux -- Python 3.10.12, pytest-7.1.3, pluggy-1.0.0
rootdir: /home/lucca/desktop/ic/experimento/testes/python_experiments/stack4
plugins: Faker-15.1.1, hypothesis-6.56.3
collected 71 items

ALL-SMART-GPT-MUTPY/test_stack4_DYNAMOSA.py ......FF....F...             [ 22%]
ALL-SMART-GPT-MUTPY/test_stack4_MIO.py ...............FFF..              [ 50%]
ALL-SMART-GPT-MUTPY/test_stack4_MOSA.py .F.FFF...FF.....F                [ 74%]
ALL-SMART-GPT-MUTPY/test_stack4_MUTPY.py ........F                       [ 87%]
ALL-SMART-GPT-MUTPY/test_stack4_WHOLE_SUITE.py FFF......                 [100%]

=========================== short test summary info ============================
FAILED ALL-SMART-GPT-MUTPY/test_stack4_DYNAMOSA.py::test_case_6 - TypeError: ...
FAILED ALL-SMART-GPT-MUTPY/test_stack4_DYNAMOSA.py::test_case_7 - TypeError: ...
FAILED ALL-SMART-GPT-MUTPY/test_stack4_DYNAMOSA.py::test_case_12 - TypeError:...
FAILED ALL-SMART-GPT-MUTPY/test_stack4_MIO.py::test_case_15 - TypeError: unsu...
FAILED ALL-SMART-GPT-MUTPY/test_stack4_MIO.py::test_case_16 - TypeError: unsu...
FAILED ALL-SMART-GPT-MUTPY/test_stack4_MIO.py::test_case_17 - TypeError: unsu...
FAILED ALL-SMART-GPT-MUTPY/test_stack4_MOSA.py::test_case_1 - TypeError: unsu...
FAILED ALL-SMART-GPT-MUTPY/test_stack4_MOSA.py::test_case_3 - TypeError: unsu...
FAILED ALL-SMART-GPT-MUTPY/test_stack4_MOSA.py::test_case_4 - TypeError: unsu...
FAILED ALL-SMART-GPT-MUTPY/test_stack4_MOSA.py::test_case_5 - TypeError: unsu...
FAILED ALL-SMART-GPT-MUTPY/test_stack4_MOSA.py::test_case_9 - TypeError: unsu...
FAILED ALL-SMART-GPT-MUTPY/test_stack4_MOSA.py::test_case_10 - TypeError: uns...
FAILED ALL-SMART-GPT-MUTPY/test_stack4_MOSA.py::test_case_16 - TypeError: uns...
FAILED ALL-SMART-GPT-MUTPY/test_stack4_MUTPY.py::test_remove_from_linked_list
FAILED ALL-SMART-GPT-MUTPY/test_stack4_WHOLE_SUITE.py::test_case_0 - TypeErro...
FAILED ALL-SMART-GPT-MUTPY/test_stack4_WHOLE_SUITE.py::test_case_1 - TypeErro...
FAILED ALL-SMART-GPT-MUTPY/test_stack4_WHOLE_SUITE.py::test_case_2 - TypeErro...
======================== 17 failed, 54 passed in 0.21s =========================
</pre></div></div></div></div></div><div class="mb-1" id="job_list___sub_accordion_15"><div class="card"><a data-toggle="collapse" data-target="#job_list___sub_collapse_15_1" aria-expanded="false" aria-controls="job_list___sub_collapse_15_1" href="#" class="job_list___sub_multi_heading"><div role="alert" class="card-header alert-success" id="job_list___sub_heading_15_1"><button class="btn btn-outline-success"><span class="job_id">15 : Job ID f58075b516384c5c805ffe64f8640371</span></button></div></a><div aria-labelledby="job_list___sub_heading_15_1" data-parent="#job_list___sub_accordion_15" class="collapse job_list___sub_multi_collapse" id="job_list___sub_collapse_15_1"><div class="card-body"><div class="work-item"><div class="alert alert-success test-outcome" role="alert"><p>worker outcome: normal</p><p>test outcome: killed</p></div></div><pre class="location"><a href="pycharm://open?file=stack4.py&amp;line=84" class="text-secondary"><button class="btn btn-outline-dark">stack4.py, start pos: (84, 38), end pos: (84, 39)</button></a></pre><pre>operator: core/ReplaceBinaryOperator_Add_LShift, occurrence: 0</pre><div class="alert alert-secondary"><pre class="diff">--- mutation diff ---
--- astack4.py
+++ bstack4.py
@@ -81,7 +81,7 @@
         curr = self.head
         display = '('
         while curr:
-            display += str(curr.data) + ', '
+            display += str(curr.data) &lt;&lt; ', '
             curr = curr.next
         return display[:-2] + ')'
 </pre></div><div class="alert alert-secondary"><pre class="diff">============================= test session starts ==============================
platform linux -- Python 3.10.12, pytest-7.1.3, pluggy-1.0.0
rootdir: /home/lucca/desktop/ic/experimento/testes/python_experiments/stack4
plugins: Faker-15.1.1, hypothesis-6.56.3
collected 71 items

ALL-SMART-GPT-MUTPY/test_stack4_DYNAMOSA.py ......F.....F...             [ 22%]
ALL-SMART-GPT-MUTPY/test_stack4_MIO.py ...............FF...              [ 50%]
ALL-SMART-GPT-MUTPY/test_stack4_MOSA.py .F.FFF...F......F                [ 74%]
ALL-SMART-GPT-MUTPY/test_stack4_MUTPY.py ........F                       [ 87%]
ALL-SMART-GPT-MUTPY/test_stack4_WHOLE_SUITE.py .F.......                 [100%]

=========================== short test summary info ============================
FAILED ALL-SMART-GPT-MUTPY/test_stack4_DYNAMOSA.py::test_case_6 - TypeError: ...
FAILED ALL-SMART-GPT-MUTPY/test_stack4_DYNAMOSA.py::test_case_12 - TypeError:...
FAILED ALL-SMART-GPT-MUTPY/test_stack4_MIO.py::test_case_15 - TypeError: unsu...
FAILED ALL-SMART-GPT-MUTPY/test_stack4_MIO.py::test_case_16 - TypeError: unsu...
FAILED ALL-SMART-GPT-MUTPY/test_stack4_MOSA.py::test_case_1 - TypeError: unsu...
FAILED ALL-SMART-GPT-MUTPY/test_stack4_MOSA.py::test_case_3 - TypeError: unsu...
FAILED ALL-SMART-GPT-MUTPY/test_stack4_MOSA.py::test_case_4 - TypeError: unsu...
FAILED ALL-SMART-GPT-MUTPY/test_stack4_MOSA.py::test_case_5 - TypeError: unsu...
FAILED ALL-SMART-GPT-MUTPY/test_stack4_MOSA.py::test_case_9 - TypeError: unsu...
FAILED ALL-SMART-GPT-MUTPY/test_stack4_MOSA.py::test_case_16 - TypeError: uns...
FAILED ALL-SMART-GPT-MUTPY/test_stack4_MUTPY.py::test_remove_from_linked_list
FAILED ALL-SMART-GPT-MUTPY/test_stack4_WHOLE_SUITE.py::test_case_1 - TypeErro...
======================== 12 failed, 59 passed in 0.21s =========================
</pre></div></div></div></div></div><div class="mb-1" id="job_list___sub_accordion_16"><div class="card"><a data-toggle="collapse" data-target="#job_list___sub_collapse_16_1" aria-expanded="false" aria-controls="job_list___sub_collapse_16_1" href="#" class="job_list___sub_multi_heading"><div role="alert" class="card-header alert-success" id="job_list___sub_heading_16_1"><button class="btn btn-outline-success"><span class="job_id">16 : Job ID fe8abc8577c14c3c821b30a57c485479</span></button></div></a><div aria-labelledby="job_list___sub_heading_16_1" data-parent="#job_list___sub_accordion_16" class="collapse job_list___sub_multi_collapse" id="job_list___sub_collapse_16_1"><div class="card-body"><div class="work-item"><div class="alert alert-success test-outcome" role="alert"><p>worker outcome: normal</p><p>test outcome: killed</p></div></div><pre class="location"><a href="pycharm://open?file=stack4.py&amp;line=86" class="text-secondary"><button class="btn btn-outline-dark">stack4.py, start pos: (86, 28), end pos: (86, 29)</button></a></pre><pre>operator: core/ReplaceBinaryOperator_Add_LShift, occurrence: 1</pre><div class="alert alert-secondary"><pre class="diff">--- mutation diff ---
--- astack4.py
+++ bstack4.py
@@ -83,7 +83,7 @@
         while curr:
             display += str(curr.data) + ', '
             curr = curr.next
-        return display[:-2] + ')'
+        return display[:-2] &lt;&lt; ')'
 
 
 class Stack(object):</pre></div><div class="alert alert-secondary"><pre class="diff">============================= test session starts ==============================
platform linux -- Python 3.10.12, pytest-7.1.3, pluggy-1.0.0
rootdir: /home/lucca/desktop/ic/experimento/testes/python_experiments/stack4
plugins: Faker-15.1.1, hypothesis-6.56.3
collected 71 items

ALL-SMART-GPT-MUTPY/test_stack4_DYNAMOSA.py ......FF....F...             [ 22%]
ALL-SMART-GPT-MUTPY/test_stack4_MIO.py ...............FFF..              [ 50%]
ALL-SMART-GPT-MUTPY/test_stack4_MOSA.py .F.FFF...FF.....F                [ 74%]
ALL-SMART-GPT-MUTPY/test_stack4_MUTPY.py ........F                       [ 87%]
ALL-SMART-GPT-MUTPY/test_stack4_WHOLE_SUITE.py FFF......                 [100%]

=========================== short test summary info ============================
FAILED ALL-SMART-GPT-MUTPY/test_stack4_DYNAMOSA.py::test_case_6 - TypeError: ...
FAILED ALL-SMART-GPT-MUTPY/test_stack4_DYNAMOSA.py::test_case_7 - TypeError: ...
FAILED ALL-SMART-GPT-MUTPY/test_stack4_DYNAMOSA.py::test_case_12 - TypeError:...
FAILED ALL-SMART-GPT-MUTPY/test_stack4_MIO.py::test_case_15 - TypeError: unsu...
FAILED ALL-SMART-GPT-MUTPY/test_stack4_MIO.py::test_case_16 - TypeError: unsu...
FAILED ALL-SMART-GPT-MUTPY/test_stack4_MIO.py::test_case_17 - TypeError: unsu...
FAILED ALL-SMART-GPT-MUTPY/test_stack4_MOSA.py::test_case_1 - TypeError: unsu...
FAILED ALL-SMART-GPT-MUTPY/test_stack4_MOSA.py::test_case_3 - TypeError: unsu...
FAILED ALL-SMART-GPT-MUTPY/test_stack4_MOSA.py::test_case_4 - TypeError: unsu...
FAILED ALL-SMART-GPT-MUTPY/test_stack4_MOSA.py::test_case_5 - TypeError: unsu...
FAILED ALL-SMART-GPT-MUTPY/test_stack4_MOSA.py::test_case_9 - TypeError: unsu...
FAILED ALL-SMART-GPT-MUTPY/test_stack4_MOSA.py::test_case_10 - TypeError: uns...
FAILED ALL-SMART-GPT-MUTPY/test_stack4_MOSA.py::test_case_16 - TypeError: uns...
FAILED ALL-SMART-GPT-MUTPY/test_stack4_MUTPY.py::test_remove_from_linked_list
FAILED ALL-SMART-GPT-MUTPY/test_stack4_WHOLE_SUITE.py::test_case_0 - TypeErro...
FAILED ALL-SMART-GPT-MUTPY/test_stack4_WHOLE_SUITE.py::test_case_1 - TypeErro...
FAILED ALL-SMART-GPT-MUTPY/test_stack4_WHOLE_SUITE.py::test_case_2 - TypeErro...
======================== 17 failed, 54 passed in 0.21s =========================
</pre></div></div></div></div></div><div class="mb-1" id="job_list___sub_accordion_17"><div class="card"><a data-toggle="collapse" data-target="#job_list___sub_collapse_17_1" aria-expanded="false" aria-controls="job_list___sub_collapse_17_1" href="#" class="job_list___sub_multi_heading"><div role="alert" class="card-header alert-success" id="job_list___sub_heading_17_1"><button class="btn btn-outline-success"><span class="job_id">17 : Job ID 6e2c0a54270a4d55b6a952fe36f8653c</span></button></div></a><div aria-labelledby="job_list___sub_heading_17_1" data-parent="#job_list___sub_accordion_17" class="collapse job_list___sub_multi_collapse" id="job_list___sub_collapse_17_1"><div class="card-body"><div class="work-item"><div class="alert alert-success test-outcome" role="alert"><p>worker outcome: normal</p><p>test outcome: killed</p></div></div><pre class="location"><a href="pycharm://open?file=stack4.py&amp;line=84" class="text-secondary"><button class="btn btn-outline-dark">stack4.py, start pos: (84, 38), end pos: (84, 39)</button></a></pre><pre>operator: core/ReplaceBinaryOperator_Add_BitOr, occurrence: 0</pre><div class="alert alert-secondary"><pre class="diff">--- mutation diff ---
--- astack4.py
+++ bstack4.py
@@ -81,7 +81,7 @@
         curr = self.head
         display = '('
         while curr:
-            display += str(curr.data) + ', '
+            display += str(curr.data) | ', '
             curr = curr.next
         return display[:-2] + ')'
 </pre></div><div class="alert alert-secondary"><pre class="diff">============================= test session starts ==============================
platform linux -- Python 3.10.12, pytest-7.1.3, pluggy-1.0.0
rootdir: /home/lucca/desktop/ic/experimento/testes/python_experiments/stack4
plugins: Faker-15.1.1, hypothesis-6.56.3
collected 71 items

ALL-SMART-GPT-MUTPY/test_stack4_DYNAMOSA.py ......F.....F...             [ 22%]
ALL-SMART-GPT-MUTPY/test_stack4_MIO.py ...............FF...              [ 50%]
ALL-SMART-GPT-MUTPY/test_stack4_MOSA.py .F.FFF...F......F                [ 74%]
ALL-SMART-GPT-MUTPY/test_stack4_MUTPY.py ........F                       [ 87%]
ALL-SMART-GPT-MUTPY/test_stack4_WHOLE_SUITE.py .F.......                 [100%]

=========================== short test summary info ============================
FAILED ALL-SMART-GPT-MUTPY/test_stack4_DYNAMOSA.py::test_case_6 - TypeError: ...
FAILED ALL-SMART-GPT-MUTPY/test_stack4_DYNAMOSA.py::test_case_12 - TypeError:...
FAILED ALL-SMART-GPT-MUTPY/test_stack4_MIO.py::test_case_15 - TypeError: unsu...
FAILED ALL-SMART-GPT-MUTPY/test_stack4_MIO.py::test_case_16 - TypeError: unsu...
FAILED ALL-SMART-GPT-MUTPY/test_stack4_MOSA.py::test_case_1 - TypeError: unsu...
FAILED ALL-SMART-GPT-MUTPY/test_stack4_MOSA.py::test_case_3 - TypeError: unsu...
FAILED ALL-SMART-GPT-MUTPY/test_stack4_MOSA.py::test_case_4 - TypeError: unsu...
FAILED ALL-SMART-GPT-MUTPY/test_stack4_MOSA.py::test_case_5 - TypeError: unsu...
FAILED ALL-SMART-GPT-MUTPY/test_stack4_MOSA.py::test_case_9 - TypeError: unsu...
FAILED ALL-SMART-GPT-MUTPY/test_stack4_MOSA.py::test_case_16 - TypeError: uns...
FAILED ALL-SMART-GPT-MUTPY/test_stack4_MUTPY.py::test_remove_from_linked_list
FAILED ALL-SMART-GPT-MUTPY/test_stack4_WHOLE_SUITE.py::test_case_1 - TypeErro...
======================== 12 failed, 59 passed in 0.21s =========================
</pre></div></div></div></div></div><div class="mb-1" id="job_list___sub_accordion_18"><div class="card"><a data-toggle="collapse" data-target="#job_list___sub_collapse_18_1" aria-expanded="false" aria-controls="job_list___sub_collapse_18_1" href="#" class="job_list___sub_multi_heading"><div role="alert" class="card-header alert-success" id="job_list___sub_heading_18_1"><button class="btn btn-outline-success"><span class="job_id">18 : Job ID 2144260b76f14f8bbcff829b5b3b9568</span></button></div></a><div aria-labelledby="job_list___sub_heading_18_1" data-parent="#job_list___sub_accordion_18" class="collapse job_list___sub_multi_collapse" id="job_list___sub_collapse_18_1"><div class="card-body"><div class="work-item"><div class="alert alert-success test-outcome" role="alert"><p>worker outcome: normal</p><p>test outcome: killed</p></div></div><pre class="location"><a href="pycharm://open?file=stack4.py&amp;line=86" class="text-secondary"><button class="btn btn-outline-dark">stack4.py, start pos: (86, 28), end pos: (86, 29)</button></a></pre><pre>operator: core/ReplaceBinaryOperator_Add_BitOr, occurrence: 1</pre><div class="alert alert-secondary"><pre class="diff">--- mutation diff ---
--- astack4.py
+++ bstack4.py
@@ -83,7 +83,7 @@
         while curr:
             display += str(curr.data) + ', '
             curr = curr.next
-        return display[:-2] + ')'
+        return display[:-2] | ')'
 
 
 class Stack(object):</pre></div><div class="alert alert-secondary"><pre class="diff">============================= test session starts ==============================
platform linux -- Python 3.10.12, pytest-7.1.3, pluggy-1.0.0
rootdir: /home/lucca/desktop/ic/experimento/testes/python_experiments/stack4
plugins: Faker-15.1.1, hypothesis-6.56.3
collected 71 items

ALL-SMART-GPT-MUTPY/test_stack4_DYNAMOSA.py ......FF....F...             [ 22%]
ALL-SMART-GPT-MUTPY/test_stack4_MIO.py ...............FFF..              [ 50%]
ALL-SMART-GPT-MUTPY/test_stack4_MOSA.py .F.FFF...FF.....F                [ 74%]
ALL-SMART-GPT-MUTPY/test_stack4_MUTPY.py ........F                       [ 87%]
ALL-SMART-GPT-MUTPY/test_stack4_WHOLE_SUITE.py FFF......                 [100%]

=========================== short test summary info ============================
FAILED ALL-SMART-GPT-MUTPY/test_stack4_DYNAMOSA.py::test_case_6 - TypeError: ...
FAILED ALL-SMART-GPT-MUTPY/test_stack4_DYNAMOSA.py::test_case_7 - TypeError: ...
FAILED ALL-SMART-GPT-MUTPY/test_stack4_DYNAMOSA.py::test_case_12 - TypeError:...
FAILED ALL-SMART-GPT-MUTPY/test_stack4_MIO.py::test_case_15 - TypeError: unsu...
FAILED ALL-SMART-GPT-MUTPY/test_stack4_MIO.py::test_case_16 - TypeError: unsu...
FAILED ALL-SMART-GPT-MUTPY/test_stack4_MIO.py::test_case_17 - TypeError: unsu...
FAILED ALL-SMART-GPT-MUTPY/test_stack4_MOSA.py::test_case_1 - TypeError: unsu...
FAILED ALL-SMART-GPT-MUTPY/test_stack4_MOSA.py::test_case_3 - TypeError: unsu...
FAILED ALL-SMART-GPT-MUTPY/test_stack4_MOSA.py::test_case_4 - TypeError: unsu...
FAILED ALL-SMART-GPT-MUTPY/test_stack4_MOSA.py::test_case_5 - TypeError: unsu...
FAILED ALL-SMART-GPT-MUTPY/test_stack4_MOSA.py::test_case_9 - TypeError: unsu...
FAILED ALL-SMART-GPT-MUTPY/test_stack4_MOSA.py::test_case_10 - TypeError: uns...
FAILED ALL-SMART-GPT-MUTPY/test_stack4_MOSA.py::test_case_16 - TypeError: uns...
FAILED ALL-SMART-GPT-MUTPY/test_stack4_MUTPY.py::test_remove_from_linked_list
FAILED ALL-SMART-GPT-MUTPY/test_stack4_WHOLE_SUITE.py::test_case_0 - TypeErro...
FAILED ALL-SMART-GPT-MUTPY/test_stack4_WHOLE_SUITE.py::test_case_1 - TypeErro...
FAILED ALL-SMART-GPT-MUTPY/test_stack4_WHOLE_SUITE.py::test_case_2 - TypeErro...
======================== 17 failed, 54 passed in 0.21s =========================
</pre></div></div></div></div></div><div class="mb-1" id="job_list___sub_accordion_19"><div class="card"><a data-toggle="collapse" data-target="#job_list___sub_collapse_19_1" aria-expanded="false" aria-controls="job_list___sub_collapse_19_1" href="#" class="job_list___sub_multi_heading"><div role="alert" class="card-header alert-success" id="job_list___sub_heading_19_1"><button class="btn btn-outline-success"><span class="job_id">19 : Job ID 874deae9f0c64055b43bc613b13e7e5c</span></button></div></a><div aria-labelledby="job_list___sub_heading_19_1" data-parent="#job_list___sub_accordion_19" class="collapse job_list___sub_multi_collapse" id="job_list___sub_collapse_19_1"><div class="card-body"><div class="work-item"><div class="alert alert-success test-outcome" role="alert"><p>worker outcome: normal</p><p>test outcome: killed</p></div></div><pre class="location"><a href="pycharm://open?file=stack4.py&amp;line=84" class="text-secondary"><button class="btn btn-outline-dark">stack4.py, start pos: (84, 38), end pos: (84, 39)</button></a></pre><pre>operator: core/ReplaceBinaryOperator_Add_BitAnd, occurrence: 0</pre><div class="alert alert-secondary"><pre class="diff">--- mutation diff ---
--- astack4.py
+++ bstack4.py
@@ -81,7 +81,7 @@
         curr = self.head
         display = '('
         while curr:
-            display += str(curr.data) + ', '
+            display += str(curr.data) &amp; ', '
             curr = curr.next
         return display[:-2] + ')'
 </pre></div><div class="alert alert-secondary"><pre class="diff">============================= test session starts ==============================
platform linux -- Python 3.10.12, pytest-7.1.3, pluggy-1.0.0
rootdir: /home/lucca/desktop/ic/experimento/testes/python_experiments/stack4
plugins: Faker-15.1.1, hypothesis-6.56.3
collected 71 items

ALL-SMART-GPT-MUTPY/test_stack4_DYNAMOSA.py ......F.....F...             [ 22%]
ALL-SMART-GPT-MUTPY/test_stack4_MIO.py ...............FF...              [ 50%]
ALL-SMART-GPT-MUTPY/test_stack4_MOSA.py .F.FFF...F......F                [ 74%]
ALL-SMART-GPT-MUTPY/test_stack4_MUTPY.py ........F                       [ 87%]
ALL-SMART-GPT-MUTPY/test_stack4_WHOLE_SUITE.py .F.......                 [100%]

=========================== short test summary info ============================
FAILED ALL-SMART-GPT-MUTPY/test_stack4_DYNAMOSA.py::test_case_6 - TypeError: ...
FAILED ALL-SMART-GPT-MUTPY/test_stack4_DYNAMOSA.py::test_case_12 - TypeError:...
FAILED ALL-SMART-GPT-MUTPY/test_stack4_MIO.py::test_case_15 - TypeError: unsu...
FAILED ALL-SMART-GPT-MUTPY/test_stack4_MIO.py::test_case_16 - TypeError: unsu...
FAILED ALL-SMART-GPT-MUTPY/test_stack4_MOSA.py::test_case_1 - TypeError: unsu...
FAILED ALL-SMART-GPT-MUTPY/test_stack4_MOSA.py::test_case_3 - TypeError: unsu...
FAILED ALL-SMART-GPT-MUTPY/test_stack4_MOSA.py::test_case_4 - TypeError: unsu...
FAILED ALL-SMART-GPT-MUTPY/test_stack4_MOSA.py::test_case_5 - TypeError: unsu...
FAILED ALL-SMART-GPT-MUTPY/test_stack4_MOSA.py::test_case_9 - TypeError: unsu...
FAILED ALL-SMART-GPT-MUTPY/test_stack4_MOSA.py::test_case_16 - TypeError: uns...
FAILED ALL-SMART-GPT-MUTPY/test_stack4_MUTPY.py::test_remove_from_linked_list
FAILED ALL-SMART-GPT-MUTPY/test_stack4_WHOLE_SUITE.py::test_case_1 - TypeErro...
======================== 12 failed, 59 passed in 0.21s =========================
</pre></div></div></div></div></div><div class="mb-1" id="job_list___sub_accordion_20"><div class="card"><a data-toggle="collapse" data-target="#job_list___sub_collapse_20_1" aria-expanded="false" aria-controls="job_list___sub_collapse_20_1" href="#" class="job_list___sub_multi_heading"><div role="alert" class="card-header alert-success" id="job_list___sub_heading_20_1"><button class="btn btn-outline-success"><span class="job_id">20 : Job ID d374e4a0746a41b382d9d53a60db3ec7</span></button></div></a><div aria-labelledby="job_list___sub_heading_20_1" data-parent="#job_list___sub_accordion_20" class="collapse job_list___sub_multi_collapse" id="job_list___sub_collapse_20_1"><div class="card-body"><div class="work-item"><div class="alert alert-success test-outcome" role="alert"><p>worker outcome: normal</p><p>test outcome: killed</p></div></div><pre class="location"><a href="pycharm://open?file=stack4.py&amp;line=86" class="text-secondary"><button class="btn btn-outline-dark">stack4.py, start pos: (86, 28), end pos: (86, 29)</button></a></pre><pre>operator: core/ReplaceBinaryOperator_Add_BitAnd, occurrence: 1</pre><div class="alert alert-secondary"><pre class="diff">--- mutation diff ---
--- astack4.py
+++ bstack4.py
@@ -83,7 +83,7 @@
         while curr:
             display += str(curr.data) + ', '
             curr = curr.next
-        return display[:-2] + ')'
+        return display[:-2] &amp; ')'
 
 
 class Stack(object):</pre></div><div class="alert alert-secondary"><pre class="diff">============================= test session starts ==============================
platform linux -- Python 3.10.12, pytest-7.1.3, pluggy-1.0.0
rootdir: /home/lucca/desktop/ic/experimento/testes/python_experiments/stack4
plugins: Faker-15.1.1, hypothesis-6.56.3
collected 71 items

ALL-SMART-GPT-MUTPY/test_stack4_DYNAMOSA.py ......FF....F...             [ 22%]
ALL-SMART-GPT-MUTPY/test_stack4_MIO.py ...............FFF..              [ 50%]
ALL-SMART-GPT-MUTPY/test_stack4_MOSA.py .F.FFF...FF.....F                [ 74%]
ALL-SMART-GPT-MUTPY/test_stack4_MUTPY.py ........F                       [ 87%]
ALL-SMART-GPT-MUTPY/test_stack4_WHOLE_SUITE.py FFF......                 [100%]

=========================== short test summary info ============================
FAILED ALL-SMART-GPT-MUTPY/test_stack4_DYNAMOSA.py::test_case_6 - TypeError: ...
FAILED ALL-SMART-GPT-MUTPY/test_stack4_DYNAMOSA.py::test_case_7 - TypeError: ...
FAILED ALL-SMART-GPT-MUTPY/test_stack4_DYNAMOSA.py::test_case_12 - TypeError:...
FAILED ALL-SMART-GPT-MUTPY/test_stack4_MIO.py::test_case_15 - TypeError: unsu...
FAILED ALL-SMART-GPT-MUTPY/test_stack4_MIO.py::test_case_16 - TypeError: unsu...
FAILED ALL-SMART-GPT-MUTPY/test_stack4_MIO.py::test_case_17 - TypeError: unsu...
FAILED ALL-SMART-GPT-MUTPY/test_stack4_MOSA.py::test_case_1 - TypeError: unsu...
FAILED ALL-SMART-GPT-MUTPY/test_stack4_MOSA.py::test_case_3 - TypeError: unsu...
FAILED ALL-SMART-GPT-MUTPY/test_stack4_MOSA.py::test_case_4 - TypeError: unsu...
FAILED ALL-SMART-GPT-MUTPY/test_stack4_MOSA.py::test_case_5 - TypeError: unsu...
FAILED ALL-SMART-GPT-MUTPY/test_stack4_MOSA.py::test_case_9 - TypeError: unsu...
FAILED ALL-SMART-GPT-MUTPY/test_stack4_MOSA.py::test_case_10 - TypeError: uns...
FAILED ALL-SMART-GPT-MUTPY/test_stack4_MOSA.py::test_case_16 - TypeError: uns...
FAILED ALL-SMART-GPT-MUTPY/test_stack4_MUTPY.py::test_remove_from_linked_list
FAILED ALL-SMART-GPT-MUTPY/test_stack4_WHOLE_SUITE.py::test_case_0 - TypeErro...
FAILED ALL-SMART-GPT-MUTPY/test_stack4_WHOLE_SUITE.py::test_case_1 - TypeErro...
FAILED ALL-SMART-GPT-MUTPY/test_stack4_WHOLE_SUITE.py::test_case_2 - TypeErro...
======================== 17 failed, 54 passed in 0.21s =========================
</pre></div></div></div></div></div><div class="mb-1" id="job_list___sub_accordion_21"><div class="card"><a data-toggle="collapse" data-target="#job_list___sub_collapse_21_1" aria-expanded="false" aria-controls="job_list___sub_collapse_21_1" href="#" class="job_list___sub_multi_heading"><div role="alert" class="card-header alert-success" id="job_list___sub_heading_21_1"><button class="btn btn-outline-success"><span class="job_id">21 : Job ID 654db169571547239880f503ff990f52</span></button></div></a><div aria-labelledby="job_list___sub_heading_21_1" data-parent="#job_list___sub_accordion_21" class="collapse job_list___sub_multi_collapse" id="job_list___sub_collapse_21_1"><div class="card-body"><div class="work-item"><div class="alert alert-success test-outcome" role="alert"><p>worker outcome: normal</p><p>test outcome: killed</p></div></div><pre class="location"><a href="pycharm://open?file=stack4.py&amp;line=84" class="text-secondary"><button class="btn btn-outline-dark">stack4.py, start pos: (84, 38), end pos: (84, 39)</button></a></pre><pre>operator: core/ReplaceBinaryOperator_Add_BitXor, occurrence: 0</pre><div class="alert alert-secondary"><pre class="diff">--- mutation diff ---
--- astack4.py
+++ bstack4.py
@@ -81,7 +81,7 @@
         curr = self.head
         display = '('
         while curr:
-            display += str(curr.data) + ', '
+            display += str(curr.data) ^ ', '
             curr = curr.next
         return display[:-2] + ')'
 </pre></div><div class="alert alert-secondary"><pre class="diff">============================= test session starts ==============================
platform linux -- Python 3.10.12, pytest-7.1.3, pluggy-1.0.0
rootdir: /home/lucca/desktop/ic/experimento/testes/python_experiments/stack4
plugins: Faker-15.1.1, hypothesis-6.56.3
collected 71 items

ALL-SMART-GPT-MUTPY/test_stack4_DYNAMOSA.py ......F.....F...             [ 22%]
ALL-SMART-GPT-MUTPY/test_stack4_MIO.py ...............FF...              [ 50%]
ALL-SMART-GPT-MUTPY/test_stack4_MOSA.py .F.FFF...F......F                [ 74%]
ALL-SMART-GPT-MUTPY/test_stack4_MUTPY.py ........F                       [ 87%]
ALL-SMART-GPT-MUTPY/test_stack4_WHOLE_SUITE.py .F.......                 [100%]

=========================== short test summary info ============================
FAILED ALL-SMART-GPT-MUTPY/test_stack4_DYNAMOSA.py::test_case_6 - TypeError: ...
FAILED ALL-SMART-GPT-MUTPY/test_stack4_DYNAMOSA.py::test_case_12 - TypeError:...
FAILED ALL-SMART-GPT-MUTPY/test_stack4_MIO.py::test_case_15 - TypeError: unsu...
FAILED ALL-SMART-GPT-MUTPY/test_stack4_MIO.py::test_case_16 - TypeError: unsu...
FAILED ALL-SMART-GPT-MUTPY/test_stack4_MOSA.py::test_case_1 - TypeError: unsu...
FAILED ALL-SMART-GPT-MUTPY/test_stack4_MOSA.py::test_case_3 - TypeError: unsu...
FAILED ALL-SMART-GPT-MUTPY/test_stack4_MOSA.py::test_case_4 - TypeError: unsu...
FAILED ALL-SMART-GPT-MUTPY/test_stack4_MOSA.py::test_case_5 - TypeError: unsu...
FAILED ALL-SMART-GPT-MUTPY/test_stack4_MOSA.py::test_case_9 - TypeError: unsu...
FAILED ALL-SMART-GPT-MUTPY/test_stack4_MOSA.py::test_case_16 - TypeError: uns...
FAILED ALL-SMART-GPT-MUTPY/test_stack4_MUTPY.py::test_remove_from_linked_list
FAILED ALL-SMART-GPT-MUTPY/test_stack4_WHOLE_SUITE.py::test_case_1 - TypeErro...
======================== 12 failed, 59 passed in 0.21s =========================
</pre></div></div></div></div></div><div class="mb-1" id="job_list___sub_accordion_22"><div class="card"><a data-toggle="collapse" data-target="#job_list___sub_collapse_22_1" aria-expanded="false" aria-controls="job_list___sub_collapse_22_1" href="#" class="job_list___sub_multi_heading"><div role="alert" class="card-header alert-success" id="job_list___sub_heading_22_1"><button class="btn btn-outline-success"><span class="job_id">22 : Job ID 5bc44e0790804864a3f5a39b9ba27f3a</span></button></div></a><div aria-labelledby="job_list___sub_heading_22_1" data-parent="#job_list___sub_accordion_22" class="collapse job_list___sub_multi_collapse" id="job_list___sub_collapse_22_1"><div class="card-body"><div class="work-item"><div class="alert alert-success test-outcome" role="alert"><p>worker outcome: normal</p><p>test outcome: killed</p></div></div><pre class="location"><a href="pycharm://open?file=stack4.py&amp;line=86" class="text-secondary"><button class="btn btn-outline-dark">stack4.py, start pos: (86, 28), end pos: (86, 29)</button></a></pre><pre>operator: core/ReplaceBinaryOperator_Add_BitXor, occurrence: 1</pre><div class="alert alert-secondary"><pre class="diff">--- mutation diff ---
--- astack4.py
+++ bstack4.py
@@ -83,7 +83,7 @@
         while curr:
             display += str(curr.data) + ', '
             curr = curr.next
-        return display[:-2] + ')'
+        return display[:-2] ^ ')'
 
 
 class Stack(object):</pre></div><div class="alert alert-secondary"><pre class="diff">============================= test session starts ==============================
platform linux -- Python 3.10.12, pytest-7.1.3, pluggy-1.0.0
rootdir: /home/lucca/desktop/ic/experimento/testes/python_experiments/stack4
plugins: Faker-15.1.1, hypothesis-6.56.3
collected 71 items

ALL-SMART-GPT-MUTPY/test_stack4_DYNAMOSA.py ......FF....F...             [ 22%]
ALL-SMART-GPT-MUTPY/test_stack4_MIO.py ...............FFF..              [ 50%]
ALL-SMART-GPT-MUTPY/test_stack4_MOSA.py .F.FFF...FF.....F                [ 74%]
ALL-SMART-GPT-MUTPY/test_stack4_MUTPY.py ........F                       [ 87%]
ALL-SMART-GPT-MUTPY/test_stack4_WHOLE_SUITE.py FFF......                 [100%]

=========================== short test summary info ============================
FAILED ALL-SMART-GPT-MUTPY/test_stack4_DYNAMOSA.py::test_case_6 - TypeError: ...
FAILED ALL-SMART-GPT-MUTPY/test_stack4_DYNAMOSA.py::test_case_7 - TypeError: ...
FAILED ALL-SMART-GPT-MUTPY/test_stack4_DYNAMOSA.py::test_case_12 - TypeError:...
FAILED ALL-SMART-GPT-MUTPY/test_stack4_MIO.py::test_case_15 - TypeError: unsu...
FAILED ALL-SMART-GPT-MUTPY/test_stack4_MIO.py::test_case_16 - TypeError: unsu...
FAILED ALL-SMART-GPT-MUTPY/test_stack4_MIO.py::test_case_17 - TypeError: unsu...
FAILED ALL-SMART-GPT-MUTPY/test_stack4_MOSA.py::test_case_1 - TypeError: unsu...
FAILED ALL-SMART-GPT-MUTPY/test_stack4_MOSA.py::test_case_3 - TypeError: unsu...
FAILED ALL-SMART-GPT-MUTPY/test_stack4_MOSA.py::test_case_4 - TypeError: unsu...
FAILED ALL-SMART-GPT-MUTPY/test_stack4_MOSA.py::test_case_5 - TypeError: unsu...
FAILED ALL-SMART-GPT-MUTPY/test_stack4_MOSA.py::test_case_9 - TypeError: unsu...
FAILED ALL-SMART-GPT-MUTPY/test_stack4_MOSA.py::test_case_10 - TypeError: uns...
FAILED ALL-SMART-GPT-MUTPY/test_stack4_MOSA.py::test_case_16 - TypeError: uns...
FAILED ALL-SMART-GPT-MUTPY/test_stack4_MUTPY.py::test_remove_from_linked_list
FAILED ALL-SMART-GPT-MUTPY/test_stack4_WHOLE_SUITE.py::test_case_0 - TypeErro...
FAILED ALL-SMART-GPT-MUTPY/test_stack4_WHOLE_SUITE.py::test_case_1 - TypeErro...
FAILED ALL-SMART-GPT-MUTPY/test_stack4_WHOLE_SUITE.py::test_case_2 - TypeErro...
======================== 17 failed, 54 passed in 0.21s =========================
</pre></div></div></div></div></div><div class="mb-1" id="job_list___sub_accordion_23"><div class="card"><a data-toggle="collapse" data-target="#job_list___sub_collapse_23_1" aria-expanded="false" aria-controls="job_list___sub_collapse_23_1" href="#" class="job_list___sub_multi_heading"><div role="alert" class="card-header alert-success" id="job_list___sub_heading_23_1"><button class="btn btn-outline-success"><span class="job_id">23 : Job ID a296e74b5fee47c5aea8ab554cc6ddbf</span></button></div></a><div aria-labelledby="job_list___sub_heading_23_1" data-parent="#job_list___sub_accordion_23" class="collapse job_list___sub_multi_collapse" id="job_list___sub_collapse_23_1"><div class="card-body"><div class="work-item"><div class="alert alert-success test-outcome" role="alert"><p>worker outcome: normal</p><p>test outcome: killed</p></div></div><pre class="location"><a href="pycharm://open?file=stack4.py&amp;line=63" class="text-secondary"><button class="btn btn-outline-dark">stack4.py, start pos: (63, 25), end pos: (63, 27)</button></a></pre><pre>operator: core/ReplaceComparisonOperator_Eq_NotEq, occurrence: 0</pre><div class="alert alert-secondary"><pre class="diff">--- mutation diff ---
--- astack4.py
+++ bstack4.py
@@ -60,7 +60,7 @@
         """Return the node containing val."""
         curr = self.head
         while curr:
-            if curr.data == val:
+            if curr.data != val:
                 return curr
             curr = curr.next
 </pre></div><div class="alert alert-secondary"><pre class="diff">============================= test session starts ==============================
platform linux -- Python 3.10.12, pytest-7.1.3, pluggy-1.0.0
rootdir: /home/lucca/desktop/ic/experimento/testes/python_experiments/stack4
plugins: Faker-15.1.1, hypothesis-6.56.3
collected 71 items

ALL-SMART-GPT-MUTPY/test_stack4_DYNAMOSA.py ....F.........F.             [ 22%]
ALL-SMART-GPT-MUTPY/test_stack4_MIO.py ......F.............              [ 50%]
ALL-SMART-GPT-MUTPY/test_stack4_MOSA.py ......F..........                [ 74%]
ALL-SMART-GPT-MUTPY/test_stack4_MUTPY.py ..F......                       [ 87%]
ALL-SMART-GPT-MUTPY/test_stack4_WHOLE_SUITE.py ..F......                 [100%]

=========================== short test summary info ============================
FAILED ALL-SMART-GPT-MUTPY/test_stack4_DYNAMOSA.py::test_case_4 - AssertionEr...
FAILED ALL-SMART-GPT-MUTPY/test_stack4_DYNAMOSA.py::test_case_14 - AssertionE...
FAILED ALL-SMART-GPT-MUTPY/test_stack4_MIO.py::test_case_6 - AssertionError: ...
FAILED ALL-SMART-GPT-MUTPY/test_stack4_MOSA.py::test_case_6 - AssertionError:...
FAILED ALL-SMART-GPT-MUTPY/test_stack4_MUTPY.py::test_linked_list_search - as...
FAILED ALL-SMART-GPT-MUTPY/test_stack4_WHOLE_SUITE.py::test_case_2 - Assertio...
========================= 6 failed, 65 passed in 0.21s =========================
</pre></div></div></div></div></div><div class="mb-1" id="job_list___sub_accordion_24"><div class="card"><a data-toggle="collapse" data-target="#job_list___sub_collapse_24_1" aria-expanded="false" aria-controls="job_list___sub_collapse_24_1" href="#" class="job_list___sub_multi_heading"><div role="alert" class="card-header alert-success" id="job_list___sub_heading_24_1"><button class="btn btn-outline-success"><span class="job_id">24 : Job ID 4b4c4a7f08fa4b0fabbc1050710b810a</span></button></div></a><div aria-labelledby="job_list___sub_heading_24_1" data-parent="#job_list___sub_accordion_24" class="collapse job_list___sub_multi_collapse" id="job_list___sub_collapse_24_1"><div class="card-body"><div class="work-item"><div class="alert alert-success test-outcome" role="alert"><p>worker outcome: normal</p><p>test outcome: killed</p></div></div><pre class="location"><a href="pycharm://open?file=stack4.py&amp;line=74" class="text-secondary"><button class="btn btn-outline-dark">stack4.py, start pos: (74, 45), end pos: (74, 47)</button></a></pre><pre>operator: core/ReplaceComparisonOperator_Eq_NotEq, occurrence: 1</pre><div class="alert alert-secondary"><pre class="diff">--- mutation diff ---
--- astack4.py
+++ bstack4.py
@@ -71,7 +71,7 @@
             self.head = self.head.next
             self._length -= 1
         while curr:
-            if (curr.next and curr.next.data == val):
+            if (curr.next and curr.next.data != val):
                 curr.next = curr.next.next
                 self._length -= 1
             curr = curr.next</pre></div><div class="alert alert-secondary"><pre class="diff">============================= test session starts ==============================
platform linux -- Python 3.10.12, pytest-7.1.3, pluggy-1.0.0
rootdir: /home/lucca/desktop/ic/experimento/testes/python_experiments/stack4
plugins: Faker-15.1.1, hypothesis-6.56.3
collected 71 items

ALL-SMART-GPT-MUTPY/test_stack4_DYNAMOSA.py ................             [ 22%]
ALL-SMART-GPT-MUTPY/test_stack4_MIO.py ....................              [ 50%]
ALL-SMART-GPT-MUTPY/test_stack4_MOSA.py .................                [ 74%]
ALL-SMART-GPT-MUTPY/test_stack4_MUTPY.py ...F..F.F                       [ 87%]
ALL-SMART-GPT-MUTPY/test_stack4_WHOLE_SUITE.py .........                 [100%]

=========================== short test summary info ============================
FAILED ALL-SMART-GPT-MUTPY/test_stack4_MUTPY.py::test_linked_list_remove - as...
FAILED ALL-SMART-GPT-MUTPY/test_stack4_MUTPY.py::test_linked_list_remove_length
FAILED ALL-SMART-GPT-MUTPY/test_stack4_MUTPY.py::test_remove_from_linked_list
========================= 3 failed, 68 passed in 0.20s =========================
</pre></div></div></div></div></div><div class="mb-1" id="job_list___sub_accordion_25"><div class="card"><a data-toggle="collapse" data-target="#job_list___sub_collapse_25_1" aria-expanded="false" aria-controls="job_list___sub_collapse_25_1" href="#" class="job_list___sub_multi_heading"><div role="alert" class="card-header alert-success" id="job_list___sub_heading_25_1"><button class="btn btn-outline-success"><span class="job_id">25 : Job ID 27e762eda0e54289921842873a6b6605</span></button></div></a><div aria-labelledby="job_list___sub_heading_25_1" data-parent="#job_list___sub_accordion_25" class="collapse job_list___sub_multi_collapse" id="job_list___sub_collapse_25_1"><div class="card-body"><div class="work-item"><div class="alert alert-success test-outcome" role="alert"><p>worker outcome: normal</p><p>test outcome: killed</p></div></div><pre class="location"><a href="pycharm://open?file=stack4.py&amp;line=63" class="text-secondary"><button class="btn btn-outline-dark">stack4.py, start pos: (63, 25), end pos: (63, 27)</button></a></pre><pre>operator: core/ReplaceComparisonOperator_Eq_Lt, occurrence: 0</pre><div class="alert alert-secondary"><pre class="diff">--- mutation diff ---
--- astack4.py
+++ bstack4.py
@@ -60,7 +60,7 @@
         """Return the node containing val."""
         curr = self.head
         while curr:
-            if curr.data == val:
+            if curr.data &lt; val:
                 return curr
             curr = curr.next
 </pre></div><div class="alert alert-secondary"><pre class="diff">============================= test session starts ==============================
platform linux -- Python 3.10.12, pytest-7.1.3, pluggy-1.0.0
rootdir: /home/lucca/desktop/ic/experimento/testes/python_experiments/stack4
plugins: Faker-15.1.1, hypothesis-6.56.3
collected 71 items

ALL-SMART-GPT-MUTPY/test_stack4_DYNAMOSA.py ....F......F.FF.             [ 22%]
ALL-SMART-GPT-MUTPY/test_stack4_MIO.py ......FF............              [ 50%]
ALL-SMART-GPT-MUTPY/test_stack4_MOSA.py .....FF..........                [ 74%]
ALL-SMART-GPT-MUTPY/test_stack4_MUTPY.py ..F......                       [ 87%]
ALL-SMART-GPT-MUTPY/test_stack4_WHOLE_SUITE.py .FF......                 [100%]

=========================== short test summary info ============================
FAILED ALL-SMART-GPT-MUTPY/test_stack4_DYNAMOSA.py::test_case_4 - AssertionEr...
FAILED ALL-SMART-GPT-MUTPY/test_stack4_DYNAMOSA.py::test_case_11 - TypeError:...
FAILED ALL-SMART-GPT-MUTPY/test_stack4_DYNAMOSA.py::test_case_13 - TypeError:...
FAILED ALL-SMART-GPT-MUTPY/test_stack4_DYNAMOSA.py::test_case_14 - AssertionE...
FAILED ALL-SMART-GPT-MUTPY/test_stack4_MIO.py::test_case_6 - TypeError: '&lt;' n...
FAILED ALL-SMART-GPT-MUTPY/test_stack4_MIO.py::test_case_7 - TypeError: '&lt;' n...
FAILED ALL-SMART-GPT-MUTPY/test_stack4_MOSA.py::test_case_5 - TypeError: '&lt;' ...
FAILED ALL-SMART-GPT-MUTPY/test_stack4_MOSA.py::test_case_6 - AssertionError:...
FAILED ALL-SMART-GPT-MUTPY/test_stack4_MUTPY.py::test_linked_list_search - as...
FAILED ALL-SMART-GPT-MUTPY/test_stack4_WHOLE_SUITE.py::test_case_1 - TypeErro...
FAILED ALL-SMART-GPT-MUTPY/test_stack4_WHOLE_SUITE.py::test_case_2 - TypeErro...
======================== 11 failed, 60 passed in 0.21s =========================
</pre></div></div></div></div></div><div class="mb-1" id="job_list___sub_accordion_26"><div class="card"><a data-toggle="collapse" data-target="#job_list___sub_collapse_26_1" aria-expanded="false" aria-controls="job_list___sub_collapse_26_1" href="#" class="job_list___sub_multi_heading"><div role="alert" class="card-header alert-success" id="job_list___sub_heading_26_1"><button class="btn btn-outline-success"><span class="job_id">26 : Job ID 232be60b70ff42c19a94474daf853d77</span></button></div></a><div aria-labelledby="job_list___sub_heading_26_1" data-parent="#job_list___sub_accordion_26" class="collapse job_list___sub_multi_collapse" id="job_list___sub_collapse_26_1"><div class="card-body"><div class="work-item"><div class="alert alert-success test-outcome" role="alert"><p>worker outcome: normal</p><p>test outcome: killed</p></div></div><pre class="location"><a href="pycharm://open?file=stack4.py&amp;line=74" class="text-secondary"><button class="btn btn-outline-dark">stack4.py, start pos: (74, 45), end pos: (74, 47)</button></a></pre><pre>operator: core/ReplaceComparisonOperator_Eq_Lt, occurrence: 1</pre><div class="alert alert-secondary"><pre class="diff">--- mutation diff ---
--- astack4.py
+++ bstack4.py
@@ -71,7 +71,7 @@
             self.head = self.head.next
             self._length -= 1
         while curr:
-            if (curr.next and curr.next.data == val):
+            if (curr.next and curr.next.data &lt; val):
                 curr.next = curr.next.next
                 self._length -= 1
             curr = curr.next</pre></div><div class="alert alert-secondary"><pre class="diff">============================= test session starts ==============================
platform linux -- Python 3.10.12, pytest-7.1.3, pluggy-1.0.0
rootdir: /home/lucca/desktop/ic/experimento/testes/python_experiments/stack4
plugins: Faker-15.1.1, hypothesis-6.56.3
collected 71 items

ALL-SMART-GPT-MUTPY/test_stack4_DYNAMOSA.py .............F.F             [ 22%]
ALL-SMART-GPT-MUTPY/test_stack4_MIO.py ..........F...F.....              [ 50%]
ALL-SMART-GPT-MUTPY/test_stack4_MOSA.py ...FFF........FFF                [ 74%]
ALL-SMART-GPT-MUTPY/test_stack4_MUTPY.py ......F.F                       [ 87%]
ALL-SMART-GPT-MUTPY/test_stack4_WHOLE_SUITE.py F........                 [100%]

=========================== short test summary info ============================
FAILED ALL-SMART-GPT-MUTPY/test_stack4_DYNAMOSA.py::test_case_13 - TypeError:...
FAILED ALL-SMART-GPT-MUTPY/test_stack4_DYNAMOSA.py::test_case_15 - TypeError:...
FAILED ALL-SMART-GPT-MUTPY/test_stack4_MIO.py::test_case_10 - TypeError: '&lt;' ...
FAILED ALL-SMART-GPT-MUTPY/test_stack4_MIO.py::test_case_14 - TypeError: '&lt;' ...
FAILED ALL-SMART-GPT-MUTPY/test_stack4_MOSA.py::test_case_3 - TypeError: '&lt;' ...
FAILED ALL-SMART-GPT-MUTPY/test_stack4_MOSA.py::test_case_4 - TypeError: '&lt;' ...
FAILED ALL-SMART-GPT-MUTPY/test_stack4_MOSA.py::test_case_5 - TypeError: '&lt;' ...
FAILED ALL-SMART-GPT-MUTPY/test_stack4_MOSA.py::test_case_14 - TypeError: '&lt;'...
FAILED ALL-SMART-GPT-MUTPY/test_stack4_MOSA.py::test_case_15 - TypeError: '&lt;'...
FAILED ALL-SMART-GPT-MUTPY/test_stack4_MOSA.py::test_case_16 - TypeError: '&lt;'...
FAILED ALL-SMART-GPT-MUTPY/test_stack4_MUTPY.py::test_linked_list_remove_length
FAILED ALL-SMART-GPT-MUTPY/test_stack4_MUTPY.py::test_remove_from_linked_list
FAILED ALL-SMART-GPT-MUTPY/test_stack4_WHOLE_SUITE.py::test_case_0 - TypeErro...
======================== 13 failed, 58 passed in 0.21s =========================
</pre></div></div></div></div></div><div class="mb-1" id="job_list___sub_accordion_27"><div class="card"><a data-toggle="collapse" data-target="#job_list___sub_collapse_27_1" aria-expanded="false" aria-controls="job_list___sub_collapse_27_1" href="#" class="job_list___sub_multi_heading"><div role="alert" class="card-header alert-success" id="job_list___sub_heading_27_1"><button class="btn btn-outline-success"><span class="job_id">27 : Job ID 9d69e7f1d85745a6978ba95b2d877540</span></button></div></a><div aria-labelledby="job_list___sub_heading_27_1" data-parent="#job_list___sub_accordion_27" class="collapse job_list___sub_multi_collapse" id="job_list___sub_collapse_27_1"><div class="card-body"><div class="work-item"><div class="alert alert-success test-outcome" role="alert"><p>worker outcome: normal</p><p>test outcome: killed</p></div></div><pre class="location"><a href="pycharm://open?file=stack4.py&amp;line=63" class="text-secondary"><button class="btn btn-outline-dark">stack4.py, start pos: (63, 25), end pos: (63, 27)</button></a></pre><pre>operator: core/ReplaceComparisonOperator_Eq_LtE, occurrence: 0</pre><div class="alert alert-secondary"><pre class="diff">--- mutation diff ---
--- astack4.py
+++ bstack4.py
@@ -60,7 +60,7 @@
         """Return the node containing val."""
         curr = self.head
         while curr:
-            if curr.data == val:
+            if curr.data &lt;= val:
                 return curr
             curr = curr.next
 </pre></div><div class="alert alert-secondary"><pre class="diff">============================= test session starts ==============================
platform linux -- Python 3.10.12, pytest-7.1.3, pluggy-1.0.0
rootdir: /home/lucca/desktop/ic/experimento/testes/python_experiments/stack4
plugins: Faker-15.1.1, hypothesis-6.56.3
collected 71 items

ALL-SMART-GPT-MUTPY/test_stack4_DYNAMOSA.py ...........F.F..             [ 22%]
ALL-SMART-GPT-MUTPY/test_stack4_MIO.py ......FF............              [ 50%]
ALL-SMART-GPT-MUTPY/test_stack4_MOSA.py .....F...........                [ 74%]
ALL-SMART-GPT-MUTPY/test_stack4_MUTPY.py .........                       [ 87%]
ALL-SMART-GPT-MUTPY/test_stack4_WHOLE_SUITE.py .FF......                 [100%]

=========================== short test summary info ============================
FAILED ALL-SMART-GPT-MUTPY/test_stack4_DYNAMOSA.py::test_case_11 - TypeError:...
FAILED ALL-SMART-GPT-MUTPY/test_stack4_DYNAMOSA.py::test_case_13 - TypeError:...
FAILED ALL-SMART-GPT-MUTPY/test_stack4_MIO.py::test_case_6 - TypeError: '&lt;=' ...
FAILED ALL-SMART-GPT-MUTPY/test_stack4_MIO.py::test_case_7 - TypeError: '&lt;=' ...
FAILED ALL-SMART-GPT-MUTPY/test_stack4_MOSA.py::test_case_5 - TypeError: '&lt;='...
FAILED ALL-SMART-GPT-MUTPY/test_stack4_WHOLE_SUITE.py::test_case_1 - TypeErro...
FAILED ALL-SMART-GPT-MUTPY/test_stack4_WHOLE_SUITE.py::test_case_2 - TypeErro...
========================= 7 failed, 64 passed in 0.20s =========================
</pre></div></div></div></div></div><div class="mb-1" id="job_list___sub_accordion_28"><div class="card"><a data-toggle="collapse" data-target="#job_list___sub_collapse_28_1" aria-expanded="false" aria-controls="job_list___sub_collapse_28_1" href="#" class="job_list___sub_multi_heading"><div role="alert" class="card-header alert-success" id="job_list___sub_heading_28_1"><button class="btn btn-outline-success"><span class="job_id">28 : Job ID 972b2cd578f243e28abd095dc17c0adb</span></button></div></a><div aria-labelledby="job_list___sub_heading_28_1" data-parent="#job_list___sub_accordion_28" class="collapse job_list___sub_multi_collapse" id="job_list___sub_collapse_28_1"><div class="card-body"><div class="work-item"><div class="alert alert-success test-outcome" role="alert"><p>worker outcome: normal</p><p>test outcome: killed</p></div></div><pre class="location"><a href="pycharm://open?file=stack4.py&amp;line=74" class="text-secondary"><button class="btn btn-outline-dark">stack4.py, start pos: (74, 45), end pos: (74, 47)</button></a></pre><pre>operator: core/ReplaceComparisonOperator_Eq_LtE, occurrence: 1</pre><div class="alert alert-secondary"><pre class="diff">--- mutation diff ---
--- astack4.py
+++ bstack4.py
@@ -71,7 +71,7 @@
             self.head = self.head.next
             self._length -= 1
         while curr:
-            if (curr.next and curr.next.data == val):
+            if (curr.next and curr.next.data &lt;= val):
                 curr.next = curr.next.next
                 self._length -= 1
             curr = curr.next</pre></div><div class="alert alert-secondary"><pre class="diff">============================= test session starts ==============================
platform linux -- Python 3.10.12, pytest-7.1.3, pluggy-1.0.0
rootdir: /home/lucca/desktop/ic/experimento/testes/python_experiments/stack4
plugins: Faker-15.1.1, hypothesis-6.56.3
collected 71 items

ALL-SMART-GPT-MUTPY/test_stack4_DYNAMOSA.py .............F.F             [ 22%]
ALL-SMART-GPT-MUTPY/test_stack4_MIO.py ..........F...F.....              [ 50%]
ALL-SMART-GPT-MUTPY/test_stack4_MOSA.py ...FFF........FF.                [ 74%]
ALL-SMART-GPT-MUTPY/test_stack4_MUTPY.py ...F..F.F                       [ 87%]
ALL-SMART-GPT-MUTPY/test_stack4_WHOLE_SUITE.py F........                 [100%]

=========================== short test summary info ============================
FAILED ALL-SMART-GPT-MUTPY/test_stack4_DYNAMOSA.py::test_case_13 - TypeError:...
FAILED ALL-SMART-GPT-MUTPY/test_stack4_DYNAMOSA.py::test_case_15 - TypeError:...
FAILED ALL-SMART-GPT-MUTPY/test_stack4_MIO.py::test_case_10 - TypeError: '&lt;='...
FAILED ALL-SMART-GPT-MUTPY/test_stack4_MIO.py::test_case_14 - TypeError: '&lt;='...
FAILED ALL-SMART-GPT-MUTPY/test_stack4_MOSA.py::test_case_3 - TypeError: '&lt;='...
FAILED ALL-SMART-GPT-MUTPY/test_stack4_MOSA.py::test_case_4 - TypeError: '&lt;='...
FAILED ALL-SMART-GPT-MUTPY/test_stack4_MOSA.py::test_case_5 - TypeError: '&lt;='...
FAILED ALL-SMART-GPT-MUTPY/test_stack4_MOSA.py::test_case_14 - TypeError: '&lt;=...
FAILED ALL-SMART-GPT-MUTPY/test_stack4_MOSA.py::test_case_15 - TypeError: '&lt;=...
FAILED ALL-SMART-GPT-MUTPY/test_stack4_MUTPY.py::test_linked_list_remove - as...
FAILED ALL-SMART-GPT-MUTPY/test_stack4_MUTPY.py::test_linked_list_remove_length
FAILED ALL-SMART-GPT-MUTPY/test_stack4_MUTPY.py::test_remove_from_linked_list
FAILED ALL-SMART-GPT-MUTPY/test_stack4_WHOLE_SUITE.py::test_case_0 - TypeErro...
======================== 13 failed, 58 passed in 0.21s =========================
</pre></div></div></div></div></div><div class="mb-1" id="job_list___sub_accordion_29"><div class="card"><a data-toggle="collapse" data-target="#job_list___sub_collapse_29_1" aria-expanded="false" aria-controls="job_list___sub_collapse_29_1" href="#" class="job_list___sub_multi_heading"><div role="alert" class="card-header alert-success" id="job_list___sub_heading_29_1"><button class="btn btn-outline-success"><span class="job_id">29 : Job ID 8fe8b795fd7a42839289552441c638e1</span></button></div></a><div aria-labelledby="job_list___sub_heading_29_1" data-parent="#job_list___sub_accordion_29" class="collapse job_list___sub_multi_collapse" id="job_list___sub_collapse_29_1"><div class="card-body"><div class="work-item"><div class="alert alert-success test-outcome" role="alert"><p>worker outcome: normal</p><p>test outcome: killed</p></div></div><pre class="location"><a href="pycharm://open?file=stack4.py&amp;line=63" class="text-secondary"><button class="btn btn-outline-dark">stack4.py, start pos: (63, 25), end pos: (63, 27)</button></a></pre><pre>operator: core/ReplaceComparisonOperator_Eq_Gt, occurrence: 0</pre><div class="alert alert-secondary"><pre class="diff">--- mutation diff ---
--- astack4.py
+++ bstack4.py
@@ -60,7 +60,7 @@
         """Return the node containing val."""
         curr = self.head
         while curr:
-            if curr.data == val:
+            if curr.data &gt; val:
                 return curr
             curr = curr.next
 </pre></div><div class="alert alert-secondary"><pre class="diff">============================= test session starts ==============================
platform linux -- Python 3.10.12, pytest-7.1.3, pluggy-1.0.0
rootdir: /home/lucca/desktop/ic/experimento/testes/python_experiments/stack4
plugins: Faker-15.1.1, hypothesis-6.56.3
collected 71 items

ALL-SMART-GPT-MUTPY/test_stack4_DYNAMOSA.py ....F......F.FF.             [ 22%]
ALL-SMART-GPT-MUTPY/test_stack4_MIO.py ......FF............              [ 50%]
ALL-SMART-GPT-MUTPY/test_stack4_MOSA.py .....FF..........                [ 74%]
ALL-SMART-GPT-MUTPY/test_stack4_MUTPY.py ..F......                       [ 87%]
ALL-SMART-GPT-MUTPY/test_stack4_WHOLE_SUITE.py .FF......                 [100%]

=========================== short test summary info ============================
FAILED ALL-SMART-GPT-MUTPY/test_stack4_DYNAMOSA.py::test_case_4 - AssertionEr...
FAILED ALL-SMART-GPT-MUTPY/test_stack4_DYNAMOSA.py::test_case_11 - TypeError:...
FAILED ALL-SMART-GPT-MUTPY/test_stack4_DYNAMOSA.py::test_case_13 - TypeError:...
FAILED ALL-SMART-GPT-MUTPY/test_stack4_DYNAMOSA.py::test_case_14 - AssertionE...
FAILED ALL-SMART-GPT-MUTPY/test_stack4_MIO.py::test_case_6 - TypeError: '&gt;' n...
FAILED ALL-SMART-GPT-MUTPY/test_stack4_MIO.py::test_case_7 - TypeError: '&gt;' n...
FAILED ALL-SMART-GPT-MUTPY/test_stack4_MOSA.py::test_case_5 - TypeError: '&gt;' ...
FAILED ALL-SMART-GPT-MUTPY/test_stack4_MOSA.py::test_case_6 - AssertionError:...
FAILED ALL-SMART-GPT-MUTPY/test_stack4_MUTPY.py::test_linked_list_search - as...
FAILED ALL-SMART-GPT-MUTPY/test_stack4_WHOLE_SUITE.py::test_case_1 - TypeErro...
FAILED ALL-SMART-GPT-MUTPY/test_stack4_WHOLE_SUITE.py::test_case_2 - TypeErro...
======================== 11 failed, 60 passed in 0.22s =========================
</pre></div></div></div></div></div><div class="mb-1" id="job_list___sub_accordion_30"><div class="card"><a data-toggle="collapse" data-target="#job_list___sub_collapse_30_1" aria-expanded="false" aria-controls="job_list___sub_collapse_30_1" href="#" class="job_list___sub_multi_heading"><div role="alert" class="card-header alert-success" id="job_list___sub_heading_30_1"><button class="btn btn-outline-success"><span class="job_id">30 : Job ID 3a7a49ecb57743e28d84476f110894a9</span></button></div></a><div aria-labelledby="job_list___sub_heading_30_1" data-parent="#job_list___sub_accordion_30" class="collapse job_list___sub_multi_collapse" id="job_list___sub_collapse_30_1"><div class="card-body"><div class="work-item"><div class="alert alert-success test-outcome" role="alert"><p>worker outcome: normal</p><p>test outcome: killed</p></div></div><pre class="location"><a href="pycharm://open?file=stack4.py&amp;line=74" class="text-secondary"><button class="btn btn-outline-dark">stack4.py, start pos: (74, 45), end pos: (74, 47)</button></a></pre><pre>operator: core/ReplaceComparisonOperator_Eq_Gt, occurrence: 1</pre><div class="alert alert-secondary"><pre class="diff">--- mutation diff ---
--- astack4.py
+++ bstack4.py
@@ -71,7 +71,7 @@
             self.head = self.head.next
             self._length -= 1
         while curr:
-            if (curr.next and curr.next.data == val):
+            if (curr.next and curr.next.data &gt; val):
                 curr.next = curr.next.next
                 self._length -= 1
             curr = curr.next</pre></div><div class="alert alert-secondary"><pre class="diff">============================= test session starts ==============================
platform linux -- Python 3.10.12, pytest-7.1.3, pluggy-1.0.0
rootdir: /home/lucca/desktop/ic/experimento/testes/python_experiments/stack4
plugins: Faker-15.1.1, hypothesis-6.56.3
collected 71 items

ALL-SMART-GPT-MUTPY/test_stack4_DYNAMOSA.py .............F.F             [ 22%]
ALL-SMART-GPT-MUTPY/test_stack4_MIO.py ..........F...F.....              [ 50%]
ALL-SMART-GPT-MUTPY/test_stack4_MOSA.py ...FFF........FFF                [ 74%]
ALL-SMART-GPT-MUTPY/test_stack4_MUTPY.py ........F                       [ 87%]
ALL-SMART-GPT-MUTPY/test_stack4_WHOLE_SUITE.py F........                 [100%]

=========================== short test summary info ============================
FAILED ALL-SMART-GPT-MUTPY/test_stack4_DYNAMOSA.py::test_case_13 - TypeError:...
FAILED ALL-SMART-GPT-MUTPY/test_stack4_DYNAMOSA.py::test_case_15 - TypeError:...
FAILED ALL-SMART-GPT-MUTPY/test_stack4_MIO.py::test_case_10 - TypeError: '&gt;' ...
FAILED ALL-SMART-GPT-MUTPY/test_stack4_MIO.py::test_case_14 - TypeError: '&gt;' ...
FAILED ALL-SMART-GPT-MUTPY/test_stack4_MOSA.py::test_case_3 - TypeError: '&gt;' ...
FAILED ALL-SMART-GPT-MUTPY/test_stack4_MOSA.py::test_case_4 - TypeError: '&gt;' ...
FAILED ALL-SMART-GPT-MUTPY/test_stack4_MOSA.py::test_case_5 - TypeError: '&gt;' ...
FAILED ALL-SMART-GPT-MUTPY/test_stack4_MOSA.py::test_case_14 - TypeError: '&gt;'...
FAILED ALL-SMART-GPT-MUTPY/test_stack4_MOSA.py::test_case_15 - TypeError: '&gt;'...
FAILED ALL-SMART-GPT-MUTPY/test_stack4_MOSA.py::test_case_16 - TypeError: '&gt;'...
FAILED ALL-SMART-GPT-MUTPY/test_stack4_MUTPY.py::test_remove_from_linked_list
FAILED ALL-SMART-GPT-MUTPY/test_stack4_WHOLE_SUITE.py::test_case_0 - TypeErro...
======================== 12 failed, 59 passed in 0.22s =========================
</pre></div></div></div></div></div><div class="mb-1" id="job_list___sub_accordion_31"><div class="card"><a data-toggle="collapse" data-target="#job_list___sub_collapse_31_1" aria-expanded="false" aria-controls="job_list___sub_collapse_31_1" href="#" class="job_list___sub_multi_heading"><div role="alert" class="card-header alert-success" id="job_list___sub_heading_31_1"><button class="btn btn-outline-success"><span class="job_id">31 : Job ID 64e0779d9ad24f7fb5d236f1d5b847da</span></button></div></a><div aria-labelledby="job_list___sub_heading_31_1" data-parent="#job_list___sub_accordion_31" class="collapse job_list___sub_multi_collapse" id="job_list___sub_collapse_31_1"><div class="card-body"><div class="work-item"><div class="alert alert-success test-outcome" role="alert"><p>worker outcome: normal</p><p>test outcome: killed</p></div></div><pre class="location"><a href="pycharm://open?file=stack4.py&amp;line=63" class="text-secondary"><button class="btn btn-outline-dark">stack4.py, start pos: (63, 25), end pos: (63, 27)</button></a></pre><pre>operator: core/ReplaceComparisonOperator_Eq_GtE, occurrence: 0</pre><div class="alert alert-secondary"><pre class="diff">--- mutation diff ---
--- astack4.py
+++ bstack4.py
@@ -60,7 +60,7 @@
         """Return the node containing val."""
         curr = self.head
         while curr:
-            if curr.data == val:
+            if curr.data &gt;= val:
                 return curr
             curr = curr.next
 </pre></div><div class="alert alert-secondary"><pre class="diff">============================= test session starts ==============================
platform linux -- Python 3.10.12, pytest-7.1.3, pluggy-1.0.0
rootdir: /home/lucca/desktop/ic/experimento/testes/python_experiments/stack4
plugins: Faker-15.1.1, hypothesis-6.56.3
collected 71 items

ALL-SMART-GPT-MUTPY/test_stack4_DYNAMOSA.py ...........F.F..             [ 22%]
ALL-SMART-GPT-MUTPY/test_stack4_MIO.py ......FF............              [ 50%]
ALL-SMART-GPT-MUTPY/test_stack4_MOSA.py .....F...........                [ 74%]
ALL-SMART-GPT-MUTPY/test_stack4_MUTPY.py ..F......                       [ 87%]
ALL-SMART-GPT-MUTPY/test_stack4_WHOLE_SUITE.py .FF......                 [100%]

=========================== short test summary info ============================
FAILED ALL-SMART-GPT-MUTPY/test_stack4_DYNAMOSA.py::test_case_11 - TypeError:...
FAILED ALL-SMART-GPT-MUTPY/test_stack4_DYNAMOSA.py::test_case_13 - TypeError:...
FAILED ALL-SMART-GPT-MUTPY/test_stack4_MIO.py::test_case_6 - TypeError: '&gt;=' ...
FAILED ALL-SMART-GPT-MUTPY/test_stack4_MIO.py::test_case_7 - TypeError: '&gt;=' ...
FAILED ALL-SMART-GPT-MUTPY/test_stack4_MOSA.py::test_case_5 - TypeError: '&gt;='...
FAILED ALL-SMART-GPT-MUTPY/test_stack4_MUTPY.py::test_linked_list_search - as...
FAILED ALL-SMART-GPT-MUTPY/test_stack4_WHOLE_SUITE.py::test_case_1 - TypeErro...
FAILED ALL-SMART-GPT-MUTPY/test_stack4_WHOLE_SUITE.py::test_case_2 - TypeErro...
========================= 8 failed, 63 passed in 0.20s =========================
</pre></div></div></div></div></div><div class="mb-1" id="job_list___sub_accordion_32"><div class="card"><a data-toggle="collapse" data-target="#job_list___sub_collapse_32_1" aria-expanded="false" aria-controls="job_list___sub_collapse_32_1" href="#" class="job_list___sub_multi_heading"><div role="alert" class="card-header alert-success" id="job_list___sub_heading_32_1"><button class="btn btn-outline-success"><span class="job_id">32 : Job ID 2d2bb6a76e444f459d91d93d19547cee</span></button></div></a><div aria-labelledby="job_list___sub_heading_32_1" data-parent="#job_list___sub_accordion_32" class="collapse job_list___sub_multi_collapse" id="job_list___sub_collapse_32_1"><div class="card-body"><div class="work-item"><div class="alert alert-success test-outcome" role="alert"><p>worker outcome: normal</p><p>test outcome: killed</p></div></div><pre class="location"><a href="pycharm://open?file=stack4.py&amp;line=74" class="text-secondary"><button class="btn btn-outline-dark">stack4.py, start pos: (74, 45), end pos: (74, 47)</button></a></pre><pre>operator: core/ReplaceComparisonOperator_Eq_GtE, occurrence: 1</pre><div class="alert alert-secondary"><pre class="diff">--- mutation diff ---
--- astack4.py
+++ bstack4.py
@@ -71,7 +71,7 @@
             self.head = self.head.next
             self._length -= 1
         while curr:
-            if (curr.next and curr.next.data == val):
+            if (curr.next and curr.next.data &gt;= val):
                 curr.next = curr.next.next
                 self._length -= 1
             curr = curr.next</pre></div><div class="alert alert-secondary"><pre class="diff">============================= test session starts ==============================
platform linux -- Python 3.10.12, pytest-7.1.3, pluggy-1.0.0
rootdir: /home/lucca/desktop/ic/experimento/testes/python_experiments/stack4
plugins: Faker-15.1.1, hypothesis-6.56.3
collected 71 items

ALL-SMART-GPT-MUTPY/test_stack4_DYNAMOSA.py .............F.F             [ 22%]
ALL-SMART-GPT-MUTPY/test_stack4_MIO.py ..........F...F.....              [ 50%]
ALL-SMART-GPT-MUTPY/test_stack4_MOSA.py ...FFF........FF.                [ 74%]
ALL-SMART-GPT-MUTPY/test_stack4_MUTPY.py .........                       [ 87%]
ALL-SMART-GPT-MUTPY/test_stack4_WHOLE_SUITE.py F........                 [100%]

=========================== short test summary info ============================
FAILED ALL-SMART-GPT-MUTPY/test_stack4_DYNAMOSA.py::test_case_13 - TypeError:...
FAILED ALL-SMART-GPT-MUTPY/test_stack4_DYNAMOSA.py::test_case_15 - TypeError:...
FAILED ALL-SMART-GPT-MUTPY/test_stack4_MIO.py::test_case_10 - TypeError: '&gt;='...
FAILED ALL-SMART-GPT-MUTPY/test_stack4_MIO.py::test_case_14 - TypeError: '&gt;='...
FAILED ALL-SMART-GPT-MUTPY/test_stack4_MOSA.py::test_case_3 - TypeError: '&gt;='...
FAILED ALL-SMART-GPT-MUTPY/test_stack4_MOSA.py::test_case_4 - TypeError: '&gt;='...
FAILED ALL-SMART-GPT-MUTPY/test_stack4_MOSA.py::test_case_5 - TypeError: '&gt;='...
FAILED ALL-SMART-GPT-MUTPY/test_stack4_MOSA.py::test_case_14 - TypeError: '&gt;=...
FAILED ALL-SMART-GPT-MUTPY/test_stack4_MOSA.py::test_case_15 - TypeError: '&gt;=...
FAILED ALL-SMART-GPT-MUTPY/test_stack4_WHOLE_SUITE.py::test_case_0 - TypeErro...
======================== 10 failed, 61 passed in 0.22s =========================
</pre></div></div></div></div></div><div class="mb-1" id="job_list___sub_accordion_33"><div class="card"><a data-toggle="collapse" data-target="#job_list___sub_collapse_33_1" aria-expanded="false" aria-controls="job_list___sub_collapse_33_1" href="#" class="job_list___sub_multi_heading"><div role="alert" class="card-header alert-danger" id="job_list___sub_heading_33_1"><button class="btn btn-outline-danger"><span class="job_id">33 : Job ID 038f1e5b6e4a4a7fb316e9c59fd5be78</span></button></div></a><div aria-labelledby="job_list___sub_heading_33_1" data-parent="#job_list___sub_accordion_33" class="collapse job_list___sub_multi_collapse" id="job_list___sub_collapse_33_1"><div class="card-body"><div class="work-item"><div class="alert alert-danger test-outcome" role="alert"><p>SURVIVED</p><p>worker outcome: normal</p><p>test outcome: survived</p></div></div><pre class="location"><a href="pycharm://open?file=stack4.py&amp;line=63" class="text-secondary"><button class="btn btn-outline-dark">stack4.py, start pos: (63, 25), end pos: (63, 27)</button></a></pre><pre>operator: core/ReplaceComparisonOperator_Eq_Is, occurrence: 0</pre><div class="alert alert-secondary"><pre class="diff">--- mutation diff ---
--- astack4.py
+++ bstack4.py
@@ -60,7 +60,7 @@
         """Return the node containing val."""
         curr = self.head
         while curr:
-            if curr.data == val:
+            if curr.data is val:
                 return curr
             curr = curr.next
 </pre></div><div class="alert alert-secondary"><pre class="diff">============================= test session starts ==============================
platform linux -- Python 3.10.12, pytest-7.1.3, pluggy-1.0.0
rootdir: /home/lucca/desktop/ic/experimento/testes/python_experiments/stack4
plugins: Faker-15.1.1, hypothesis-6.56.3
collected 71 items

ALL-SMART-GPT-MUTPY/test_stack4_DYNAMOSA.py ................             [ 22%]
ALL-SMART-GPT-MUTPY/test_stack4_MIO.py ....................              [ 50%]
ALL-SMART-GPT-MUTPY/test_stack4_MOSA.py .................                [ 74%]
ALL-SMART-GPT-MUTPY/test_stack4_MUTPY.py .........                       [ 87%]
ALL-SMART-GPT-MUTPY/test_stack4_WHOLE_SUITE.py .........                 [100%]

============================== 71 passed in 0.20s ==============================
</pre></div></div></div></div></div><div class="mb-1" id="job_list___sub_accordion_34"><div class="card"><a data-toggle="collapse" data-target="#job_list___sub_collapse_34_1" aria-expanded="false" aria-controls="job_list___sub_collapse_34_1" href="#" class="job_list___sub_multi_heading"><div role="alert" class="card-header alert-danger" id="job_list___sub_heading_34_1"><button class="btn btn-outline-danger"><span class="job_id">34 : Job ID f9f80348089f42e3bc151c3c89b1cce7</span></button></div></a><div aria-labelledby="job_list___sub_heading_34_1" data-parent="#job_list___sub_accordion_34" class="collapse job_list___sub_multi_collapse" id="job_list___sub_collapse_34_1"><div class="card-body"><div class="work-item"><div class="alert alert-danger test-outcome" role="alert"><p>SURVIVED</p><p>worker outcome: normal</p><p>test outcome: survived</p></div></div><pre class="location"><a href="pycharm://open?file=stack4.py&amp;line=74" class="text-secondary"><button class="btn btn-outline-dark">stack4.py, start pos: (74, 45), end pos: (74, 47)</button></a></pre><pre>operator: core/ReplaceComparisonOperator_Eq_Is, occurrence: 1</pre><div class="alert alert-secondary"><pre class="diff">--- mutation diff ---
--- astack4.py
+++ bstack4.py
@@ -71,7 +71,7 @@
             self.head = self.head.next
             self._length -= 1
         while curr:
-            if (curr.next and curr.next.data == val):
+            if (curr.next and curr.next.data is val):
                 curr.next = curr.next.next
                 self._length -= 1
             curr = curr.next</pre></div><div class="alert alert-secondary"><pre class="diff">============================= test session starts ==============================
platform linux -- Python 3.10.12, pytest-7.1.3, pluggy-1.0.0
rootdir: /home/lucca/desktop/ic/experimento/testes/python_experiments/stack4
plugins: Faker-15.1.1, hypothesis-6.56.3
collected 71 items

ALL-SMART-GPT-MUTPY/test_stack4_DYNAMOSA.py ................             [ 22%]
ALL-SMART-GPT-MUTPY/test_stack4_MIO.py ....................              [ 50%]
ALL-SMART-GPT-MUTPY/test_stack4_MOSA.py .................                [ 74%]
ALL-SMART-GPT-MUTPY/test_stack4_MUTPY.py .........                       [ 87%]
ALL-SMART-GPT-MUTPY/test_stack4_WHOLE_SUITE.py .........                 [100%]

============================== 71 passed in 0.21s ==============================
</pre></div></div></div></div></div><div class="mb-1" id="job_list___sub_accordion_35"><div class="card"><a data-toggle="collapse" data-target="#job_list___sub_collapse_35_1" aria-expanded="false" aria-controls="job_list___sub_collapse_35_1" href="#" class="job_list___sub_multi_heading"><div role="alert" class="card-header alert-success" id="job_list___sub_heading_35_1"><button class="btn btn-outline-success"><span class="job_id">35 : Job ID 6c64006ca1294de383b60e359db13d97</span></button></div></a><div aria-labelledby="job_list___sub_heading_35_1" data-parent="#job_list___sub_accordion_35" class="collapse job_list___sub_multi_collapse" id="job_list___sub_collapse_35_1"><div class="card-body"><div class="work-item"><div class="alert alert-success test-outcome" role="alert"><p>worker outcome: normal</p><p>test outcome: killed</p></div></div><pre class="location"><a href="pycharm://open?file=stack4.py&amp;line=63" class="text-secondary"><button class="btn btn-outline-dark">stack4.py, start pos: (63, 25), end pos: (63, 27)</button></a></pre><pre>operator: core/ReplaceComparisonOperator_Eq_IsNot, occurrence: 0</pre><div class="alert alert-secondary"><pre class="diff">--- mutation diff ---
--- astack4.py
+++ bstack4.py
@@ -60,7 +60,7 @@
         """Return the node containing val."""
         curr = self.head
         while curr:
-            if curr.data == val:
+            if curr.data is not val:
                 return curr
             curr = curr.next
 </pre></div><div class="alert alert-secondary"><pre class="diff">============================= test session starts ==============================
platform linux -- Python 3.10.12, pytest-7.1.3, pluggy-1.0.0
rootdir: /home/lucca/desktop/ic/experimento/testes/python_experiments/stack4
plugins: Faker-15.1.1, hypothesis-6.56.3
collected 71 items

ALL-SMART-GPT-MUTPY/test_stack4_DYNAMOSA.py ....F.........F.             [ 22%]
ALL-SMART-GPT-MUTPY/test_stack4_MIO.py ......F.............              [ 50%]
ALL-SMART-GPT-MUTPY/test_stack4_MOSA.py ......F..........                [ 74%]
ALL-SMART-GPT-MUTPY/test_stack4_MUTPY.py ..F......                       [ 87%]
ALL-SMART-GPT-MUTPY/test_stack4_WHOLE_SUITE.py ..F......                 [100%]

=========================== short test summary info ============================
FAILED ALL-SMART-GPT-MUTPY/test_stack4_DYNAMOSA.py::test_case_4 - AssertionEr...
FAILED ALL-SMART-GPT-MUTPY/test_stack4_DYNAMOSA.py::test_case_14 - AssertionE...
FAILED ALL-SMART-GPT-MUTPY/test_stack4_MIO.py::test_case_6 - AssertionError: ...
FAILED ALL-SMART-GPT-MUTPY/test_stack4_MOSA.py::test_case_6 - AssertionError:...
FAILED ALL-SMART-GPT-MUTPY/test_stack4_MUTPY.py::test_linked_list_search - as...
FAILED ALL-SMART-GPT-MUTPY/test_stack4_WHOLE_SUITE.py::test_case_2 - Assertio...
========================= 6 failed, 65 passed in 0.21s =========================
</pre></div></div></div></div></div><div class="mb-1" id="job_list___sub_accordion_36"><div class="card"><a data-toggle="collapse" data-target="#job_list___sub_collapse_36_1" aria-expanded="false" aria-controls="job_list___sub_collapse_36_1" href="#" class="job_list___sub_multi_heading"><div role="alert" class="card-header alert-success" id="job_list___sub_heading_36_1"><button class="btn btn-outline-success"><span class="job_id">36 : Job ID 72fe11c14ee7490ca2cffeef89104799</span></button></div></a><div aria-labelledby="job_list___sub_heading_36_1" data-parent="#job_list___sub_accordion_36" class="collapse job_list___sub_multi_collapse" id="job_list___sub_collapse_36_1"><div class="card-body"><div class="work-item"><div class="alert alert-success test-outcome" role="alert"><p>worker outcome: normal</p><p>test outcome: killed</p></div></div><pre class="location"><a href="pycharm://open?file=stack4.py&amp;line=74" class="text-secondary"><button class="btn btn-outline-dark">stack4.py, start pos: (74, 45), end pos: (74, 47)</button></a></pre><pre>operator: core/ReplaceComparisonOperator_Eq_IsNot, occurrence: 1</pre><div class="alert alert-secondary"><pre class="diff">--- mutation diff ---
--- astack4.py
+++ bstack4.py
@@ -71,7 +71,7 @@
             self.head = self.head.next
             self._length -= 1
         while curr:
-            if (curr.next and curr.next.data == val):
+            if (curr.next and curr.next.data is not val):
                 curr.next = curr.next.next
                 self._length -= 1
             curr = curr.next</pre></div><div class="alert alert-secondary"><pre class="diff">============================= test session starts ==============================
platform linux -- Python 3.10.12, pytest-7.1.3, pluggy-1.0.0
rootdir: /home/lucca/desktop/ic/experimento/testes/python_experiments/stack4
plugins: Faker-15.1.1, hypothesis-6.56.3
collected 71 items

ALL-SMART-GPT-MUTPY/test_stack4_DYNAMOSA.py ................             [ 22%]
ALL-SMART-GPT-MUTPY/test_stack4_MIO.py ....................              [ 50%]
ALL-SMART-GPT-MUTPY/test_stack4_MOSA.py .................                [ 74%]
ALL-SMART-GPT-MUTPY/test_stack4_MUTPY.py ...F..F.F                       [ 87%]
ALL-SMART-GPT-MUTPY/test_stack4_WHOLE_SUITE.py .........                 [100%]

=========================== short test summary info ============================
FAILED ALL-SMART-GPT-MUTPY/test_stack4_MUTPY.py::test_linked_list_remove - as...
FAILED ALL-SMART-GPT-MUTPY/test_stack4_MUTPY.py::test_linked_list_remove_length
FAILED ALL-SMART-GPT-MUTPY/test_stack4_MUTPY.py::test_remove_from_linked_list
========================= 3 failed, 68 passed in 0.21s =========================
</pre></div></div></div></div></div><div class="mb-1" id="job_list___sub_accordion_37"><div class="card"><a data-toggle="collapse" data-target="#job_list___sub_collapse_37_1" aria-expanded="false" aria-controls="job_list___sub_collapse_37_1" href="#" class="job_list___sub_multi_heading"><div role="alert" class="card-header alert-danger" id="job_list___sub_heading_37_1"><button class="btn btn-outline-danger"><span class="job_id">37 : Job ID 8a5124d7ee3f4b74abf6e720c7b2c545</span></button></div></a><div aria-labelledby="job_list___sub_heading_37_1" data-parent="#job_list___sub_accordion_37" class="collapse job_list___sub_multi_collapse" id="job_list___sub_collapse_37_1"><div class="card-body"><div class="work-item"><div class="alert alert-danger test-outcome" role="alert"><p>SURVIVED</p><p>worker outcome: normal</p><p>test outcome: survived</p></div></div><pre class="location"><a href="pycharm://open?file=stack4.py&amp;line=70" class="text-secondary"><button class="btn btn-outline-dark">stack4.py, start pos: (70, 24), end pos: (70, 26)</button></a></pre><pre>operator: core/ReplaceComparisonOperator_Is_Eq, occurrence: 0</pre><div class="alert alert-secondary"><pre class="diff">--- mutation diff ---
--- astack4.py
+++ bstack4.py
@@ -67,7 +67,7 @@
     def remove(self, val):
         """Remove node from list if exists."""
         curr = self.head
-        if curr and val is self.head.data:
+        if curr and val == self.head.data:
             self.head = self.head.next
             self._length -= 1
         while curr:</pre></div><div class="alert alert-secondary"><pre class="diff">============================= test session starts ==============================
platform linux -- Python 3.10.12, pytest-7.1.3, pluggy-1.0.0
rootdir: /home/lucca/desktop/ic/experimento/testes/python_experiments/stack4
plugins: Faker-15.1.1, hypothesis-6.56.3
collected 71 items

ALL-SMART-GPT-MUTPY/test_stack4_DYNAMOSA.py ................             [ 22%]
ALL-SMART-GPT-MUTPY/test_stack4_MIO.py ....................              [ 50%]
ALL-SMART-GPT-MUTPY/test_stack4_MOSA.py .................                [ 74%]
ALL-SMART-GPT-MUTPY/test_stack4_MUTPY.py .........                       [ 87%]
ALL-SMART-GPT-MUTPY/test_stack4_WHOLE_SUITE.py .........                 [100%]

============================== 71 passed in 0.20s ==============================
</pre></div></div></div></div></div><div class="mb-1" id="job_list___sub_accordion_38"><div class="card"><a data-toggle="collapse" data-target="#job_list___sub_collapse_38_1" aria-expanded="false" aria-controls="job_list___sub_collapse_38_1" href="#" class="job_list___sub_multi_heading"><div role="alert" class="card-header alert-success" id="job_list___sub_heading_38_1"><button class="btn btn-outline-success"><span class="job_id">38 : Job ID b193d083c99141489eb8dce716e0a500</span></button></div></a><div aria-labelledby="job_list___sub_heading_38_1" data-parent="#job_list___sub_accordion_38" class="collapse job_list___sub_multi_collapse" id="job_list___sub_collapse_38_1"><div class="card-body"><div class="work-item"><div class="alert alert-success test-outcome" role="alert"><p>worker outcome: normal</p><p>test outcome: killed</p></div></div><pre class="location"><a href="pycharm://open?file=stack4.py&amp;line=70" class="text-secondary"><button class="btn btn-outline-dark">stack4.py, start pos: (70, 24), end pos: (70, 26)</button></a></pre><pre>operator: core/ReplaceComparisonOperator_Is_NotEq, occurrence: 0</pre><div class="alert alert-secondary"><pre class="diff">--- mutation diff ---
--- astack4.py
+++ bstack4.py
@@ -67,7 +67,7 @@
     def remove(self, val):
         """Remove node from list if exists."""
         curr = self.head
-        if curr and val is self.head.data:
+        if curr and val != self.head.data:
             self.head = self.head.next
             self._length -= 1
         while curr:</pre></div><div class="alert alert-secondary"><pre class="diff">============================= test session starts ==============================
platform linux -- Python 3.10.12, pytest-7.1.3, pluggy-1.0.0
rootdir: /home/lucca/desktop/ic/experimento/testes/python_experiments/stack4
plugins: Faker-15.1.1, hypothesis-6.56.3
collected 71 items

ALL-SMART-GPT-MUTPY/test_stack4_DYNAMOSA.py ..............F.             [ 22%]
ALL-SMART-GPT-MUTPY/test_stack4_MIO.py ............F.......              [ 50%]
ALL-SMART-GPT-MUTPY/test_stack4_MOSA.py ...F.............                [ 74%]
ALL-SMART-GPT-MUTPY/test_stack4_MUTPY.py ...F..F.F                       [ 87%]
ALL-SMART-GPT-MUTPY/test_stack4_WHOLE_SUITE.py .........                 [100%]

=========================== short test summary info ============================
FAILED ALL-SMART-GPT-MUTPY/test_stack4_DYNAMOSA.py::test_case_14 - assert &lt;st...
FAILED ALL-SMART-GPT-MUTPY/test_stack4_MIO.py::test_case_12 - assert &lt;stack4....
FAILED ALL-SMART-GPT-MUTPY/test_stack4_MOSA.py::test_case_3 - AssertionError:...
FAILED ALL-SMART-GPT-MUTPY/test_stack4_MUTPY.py::test_linked_list_remove - as...
FAILED ALL-SMART-GPT-MUTPY/test_stack4_MUTPY.py::test_linked_list_remove_length
FAILED ALL-SMART-GPT-MUTPY/test_stack4_MUTPY.py::test_remove_from_linked_list
========================= 6 failed, 65 passed in 0.20s =========================
</pre></div></div></div></div></div><div class="mb-1" id="job_list___sub_accordion_39"><div class="card"><a data-toggle="collapse" data-target="#job_list___sub_collapse_39_1" aria-expanded="false" aria-controls="job_list___sub_collapse_39_1" href="#" class="job_list___sub_multi_heading"><div role="alert" class="card-header alert-success" id="job_list___sub_heading_39_1"><button class="btn btn-outline-success"><span class="job_id">39 : Job ID f37a9a77142345e98b37da40de70a92f</span></button></div></a><div aria-labelledby="job_list___sub_heading_39_1" data-parent="#job_list___sub_accordion_39" class="collapse job_list___sub_multi_collapse" id="job_list___sub_collapse_39_1"><div class="card-body"><div class="work-item"><div class="alert alert-success test-outcome" role="alert"><p>worker outcome: normal</p><p>test outcome: killed</p></div></div><pre class="location"><a href="pycharm://open?file=stack4.py&amp;line=70" class="text-secondary"><button class="btn btn-outline-dark">stack4.py, start pos: (70, 24), end pos: (70, 26)</button></a></pre><pre>operator: core/ReplaceComparisonOperator_Is_Lt, occurrence: 0</pre><div class="alert alert-secondary"><pre class="diff">--- mutation diff ---
--- astack4.py
+++ bstack4.py
@@ -67,7 +67,7 @@
     def remove(self, val):
         """Remove node from list if exists."""
         curr = self.head
-        if curr and val is self.head.data:
+        if curr and val &lt; self.head.data:
             self.head = self.head.next
             self._length -= 1
         while curr:</pre></div><div class="alert alert-secondary"><pre class="diff">============================= test session starts ==============================
platform linux -- Python 3.10.12, pytest-7.1.3, pluggy-1.0.0
rootdir: /home/lucca/desktop/ic/experimento/testes/python_experiments/stack4
plugins: Faker-15.1.1, hypothesis-6.56.3
collected 71 items

ALL-SMART-GPT-MUTPY/test_stack4_DYNAMOSA.py ..........FF.FFF             [ 22%]
ALL-SMART-GPT-MUTPY/test_stack4_MIO.py ..........FFF.F.....              [ 50%]
ALL-SMART-GPT-MUTPY/test_stack4_MOSA.py ...FFF........FFF                [ 74%]
ALL-SMART-GPT-MUTPY/test_stack4_MUTPY.py ...F..F.F                       [ 87%]
ALL-SMART-GPT-MUTPY/test_stack4_WHOLE_SUITE.py F........                 [100%]

=========================== short test summary info ============================
FAILED ALL-SMART-GPT-MUTPY/test_stack4_DYNAMOSA.py::test_case_10 - TypeError:...
FAILED ALL-SMART-GPT-MUTPY/test_stack4_DYNAMOSA.py::test_case_11 - TypeError:...
FAILED ALL-SMART-GPT-MUTPY/test_stack4_DYNAMOSA.py::test_case_13 - TypeError:...
FAILED ALL-SMART-GPT-MUTPY/test_stack4_DYNAMOSA.py::test_case_14 - assert &lt;st...
FAILED ALL-SMART-GPT-MUTPY/test_stack4_DYNAMOSA.py::test_case_15 - TypeError:...
FAILED ALL-SMART-GPT-MUTPY/test_stack4_MIO.py::test_case_10 - TypeError: '&lt;' ...
FAILED ALL-SMART-GPT-MUTPY/test_stack4_MIO.py::test_case_11 - TypeError: '&lt;' ...
FAILED ALL-SMART-GPT-MUTPY/test_stack4_MIO.py::test_case_12 - TypeError: '&lt;' ...
FAILED ALL-SMART-GPT-MUTPY/test_stack4_MIO.py::test_case_14 - TypeError: '&lt;' ...
FAILED ALL-SMART-GPT-MUTPY/test_stack4_MOSA.py::test_case_3 - TypeError: '&lt;' ...
FAILED ALL-SMART-GPT-MUTPY/test_stack4_MOSA.py::test_case_4 - TypeError: '&lt;' ...
FAILED ALL-SMART-GPT-MUTPY/test_stack4_MOSA.py::test_case_5 - TypeError: '&lt;' ...
FAILED ALL-SMART-GPT-MUTPY/test_stack4_MOSA.py::test_case_14 - TypeError: '&lt;'...
FAILED ALL-SMART-GPT-MUTPY/test_stack4_MOSA.py::test_case_15 - TypeError: '&lt;'...
FAILED ALL-SMART-GPT-MUTPY/test_stack4_MOSA.py::test_case_16 - TypeError: '&lt;'...
FAILED ALL-SMART-GPT-MUTPY/test_stack4_MUTPY.py::test_linked_list_remove - as...
FAILED ALL-SMART-GPT-MUTPY/test_stack4_MUTPY.py::test_linked_list_remove_length
FAILED ALL-SMART-GPT-MUTPY/test_stack4_MUTPY.py::test_remove_from_linked_list
FAILED ALL-SMART-GPT-MUTPY/test_stack4_WHOLE_SUITE.py::test_case_0 - TypeErro...
======================== 19 failed, 52 passed in 0.22s =========================
</pre></div></div></div></div></div><div class="mb-1" id="job_list___sub_accordion_40"><div class="card"><a data-toggle="collapse" data-target="#job_list___sub_collapse_40_1" aria-expanded="false" aria-controls="job_list___sub_collapse_40_1" href="#" class="job_list___sub_multi_heading"><div role="alert" class="card-header alert-success" id="job_list___sub_heading_40_1"><button class="btn btn-outline-success"><span class="job_id">40 : Job ID 82502ad349c84a9898b62695d60fcddc</span></button></div></a><div aria-labelledby="job_list___sub_heading_40_1" data-parent="#job_list___sub_accordion_40" class="collapse job_list___sub_multi_collapse" id="job_list___sub_collapse_40_1"><div class="card-body"><div class="work-item"><div class="alert alert-success test-outcome" role="alert"><p>worker outcome: normal</p><p>test outcome: killed</p></div></div><pre class="location"><a href="pycharm://open?file=stack4.py&amp;line=70" class="text-secondary"><button class="btn btn-outline-dark">stack4.py, start pos: (70, 24), end pos: (70, 26)</button></a></pre><pre>operator: core/ReplaceComparisonOperator_Is_LtE, occurrence: 0</pre><div class="alert alert-secondary"><pre class="diff">--- mutation diff ---
--- astack4.py
+++ bstack4.py
@@ -67,7 +67,7 @@
     def remove(self, val):
         """Remove node from list if exists."""
         curr = self.head
-        if curr and val is self.head.data:
+        if curr and val &lt;= self.head.data:
             self.head = self.head.next
             self._length -= 1
         while curr:</pre></div><div class="alert alert-secondary"><pre class="diff">============================= test session starts ==============================
platform linux -- Python 3.10.12, pytest-7.1.3, pluggy-1.0.0
rootdir: /home/lucca/desktop/ic/experimento/testes/python_experiments/stack4
plugins: Faker-15.1.1, hypothesis-6.56.3
collected 71 items

ALL-SMART-GPT-MUTPY/test_stack4_DYNAMOSA.py ..........FF.F.F             [ 22%]
ALL-SMART-GPT-MUTPY/test_stack4_MIO.py ..........FFF.F.....              [ 50%]
ALL-SMART-GPT-MUTPY/test_stack4_MOSA.py ...FFF........FFF                [ 74%]
ALL-SMART-GPT-MUTPY/test_stack4_MUTPY.py ...F....F                       [ 87%]
ALL-SMART-GPT-MUTPY/test_stack4_WHOLE_SUITE.py F........                 [100%]

=========================== short test summary info ============================
FAILED ALL-SMART-GPT-MUTPY/test_stack4_DYNAMOSA.py::test_case_10 - TypeError:...
FAILED ALL-SMART-GPT-MUTPY/test_stack4_DYNAMOSA.py::test_case_11 - TypeError:...
FAILED ALL-SMART-GPT-MUTPY/test_stack4_DYNAMOSA.py::test_case_13 - TypeError:...
FAILED ALL-SMART-GPT-MUTPY/test_stack4_DYNAMOSA.py::test_case_15 - TypeError:...
FAILED ALL-SMART-GPT-MUTPY/test_stack4_MIO.py::test_case_10 - TypeError: '&lt;='...
FAILED ALL-SMART-GPT-MUTPY/test_stack4_MIO.py::test_case_11 - TypeError: '&lt;='...
FAILED ALL-SMART-GPT-MUTPY/test_stack4_MIO.py::test_case_12 - TypeError: '&lt;='...
FAILED ALL-SMART-GPT-MUTPY/test_stack4_MIO.py::test_case_14 - TypeError: '&lt;='...
FAILED ALL-SMART-GPT-MUTPY/test_stack4_MOSA.py::test_case_3 - TypeError: '&lt;='...
FAILED ALL-SMART-GPT-MUTPY/test_stack4_MOSA.py::test_case_4 - TypeError: '&lt;='...
FAILED ALL-SMART-GPT-MUTPY/test_stack4_MOSA.py::test_case_5 - TypeError: '&lt;='...
FAILED ALL-SMART-GPT-MUTPY/test_stack4_MOSA.py::test_case_14 - TypeError: '&lt;=...
FAILED ALL-SMART-GPT-MUTPY/test_stack4_MOSA.py::test_case_15 - TypeError: '&lt;=...
FAILED ALL-SMART-GPT-MUTPY/test_stack4_MOSA.py::test_case_16 - TypeError: '&lt;=...
FAILED ALL-SMART-GPT-MUTPY/test_stack4_MUTPY.py::test_linked_list_remove - as...
FAILED ALL-SMART-GPT-MUTPY/test_stack4_MUTPY.py::test_remove_from_linked_list
FAILED ALL-SMART-GPT-MUTPY/test_stack4_WHOLE_SUITE.py::test_case_0 - TypeErro...
======================== 17 failed, 54 passed in 0.21s =========================
</pre></div></div></div></div></div><div class="mb-1" id="job_list___sub_accordion_41"><div class="card"><a data-toggle="collapse" data-target="#job_list___sub_collapse_41_1" aria-expanded="false" aria-controls="job_list___sub_collapse_41_1" href="#" class="job_list___sub_multi_heading"><div role="alert" class="card-header alert-success" id="job_list___sub_heading_41_1"><button class="btn btn-outline-success"><span class="job_id">41 : Job ID f917357df9a84c80ba4f8aebdc71b4ee</span></button></div></a><div aria-labelledby="job_list___sub_heading_41_1" data-parent="#job_list___sub_accordion_41" class="collapse job_list___sub_multi_collapse" id="job_list___sub_collapse_41_1"><div class="card-body"><div class="work-item"><div class="alert alert-success test-outcome" role="alert"><p>worker outcome: normal</p><p>test outcome: killed</p></div></div><pre class="location"><a href="pycharm://open?file=stack4.py&amp;line=70" class="text-secondary"><button class="btn btn-outline-dark">stack4.py, start pos: (70, 24), end pos: (70, 26)</button></a></pre><pre>operator: core/ReplaceComparisonOperator_Is_Gt, occurrence: 0</pre><div class="alert alert-secondary"><pre class="diff">--- mutation diff ---
--- astack4.py
+++ bstack4.py
@@ -67,7 +67,7 @@
     def remove(self, val):
         """Remove node from list if exists."""
         curr = self.head
-        if curr and val is self.head.data:
+        if curr and val &gt; self.head.data:
             self.head = self.head.next
             self._length -= 1
         while curr:</pre></div><div class="alert alert-secondary"><pre class="diff">============================= test session starts ==============================
platform linux -- Python 3.10.12, pytest-7.1.3, pluggy-1.0.0
rootdir: /home/lucca/desktop/ic/experimento/testes/python_experiments/stack4
plugins: Faker-15.1.1, hypothesis-6.56.3
collected 71 items

ALL-SMART-GPT-MUTPY/test_stack4_DYNAMOSA.py ..........FF.FFF             [ 22%]
ALL-SMART-GPT-MUTPY/test_stack4_MIO.py ..........FFF.F.....              [ 50%]
ALL-SMART-GPT-MUTPY/test_stack4_MOSA.py ...FFF........FFF                [ 74%]
ALL-SMART-GPT-MUTPY/test_stack4_MUTPY.py ......F..                       [ 87%]
ALL-SMART-GPT-MUTPY/test_stack4_WHOLE_SUITE.py F........                 [100%]

=========================== short test summary info ============================
FAILED ALL-SMART-GPT-MUTPY/test_stack4_DYNAMOSA.py::test_case_10 - TypeError:...
FAILED ALL-SMART-GPT-MUTPY/test_stack4_DYNAMOSA.py::test_case_11 - TypeError:...
FAILED ALL-SMART-GPT-MUTPY/test_stack4_DYNAMOSA.py::test_case_13 - TypeError:...
FAILED ALL-SMART-GPT-MUTPY/test_stack4_DYNAMOSA.py::test_case_14 - assert &lt;st...
FAILED ALL-SMART-GPT-MUTPY/test_stack4_DYNAMOSA.py::test_case_15 - TypeError:...
FAILED ALL-SMART-GPT-MUTPY/test_stack4_MIO.py::test_case_10 - TypeError: '&gt;' ...
FAILED ALL-SMART-GPT-MUTPY/test_stack4_MIO.py::test_case_11 - TypeError: '&gt;' ...
FAILED ALL-SMART-GPT-MUTPY/test_stack4_MIO.py::test_case_12 - TypeError: '&gt;' ...
FAILED ALL-SMART-GPT-MUTPY/test_stack4_MIO.py::test_case_14 - TypeError: '&gt;' ...
FAILED ALL-SMART-GPT-MUTPY/test_stack4_MOSA.py::test_case_3 - TypeError: '&gt;' ...
FAILED ALL-SMART-GPT-MUTPY/test_stack4_MOSA.py::test_case_4 - TypeError: '&gt;' ...
FAILED ALL-SMART-GPT-MUTPY/test_stack4_MOSA.py::test_case_5 - TypeError: '&gt;' ...
FAILED ALL-SMART-GPT-MUTPY/test_stack4_MOSA.py::test_case_14 - TypeError: '&gt;'...
FAILED ALL-SMART-GPT-MUTPY/test_stack4_MOSA.py::test_case_15 - TypeError: '&gt;'...
FAILED ALL-SMART-GPT-MUTPY/test_stack4_MOSA.py::test_case_16 - TypeError: '&gt;'...
FAILED ALL-SMART-GPT-MUTPY/test_stack4_MUTPY.py::test_linked_list_remove_length
FAILED ALL-SMART-GPT-MUTPY/test_stack4_WHOLE_SUITE.py::test_case_0 - TypeErro...
======================== 17 failed, 54 passed in 0.21s =========================
</pre></div></div></div></div></div><div class="mb-1" id="job_list___sub_accordion_42"><div class="card"><a data-toggle="collapse" data-target="#job_list___sub_collapse_42_1" aria-expanded="false" aria-controls="job_list___sub_collapse_42_1" href="#" class="job_list___sub_multi_heading"><div role="alert" class="card-header alert-success" id="job_list___sub_heading_42_1"><button class="btn btn-outline-success"><span class="job_id">42 : Job ID 1c6f148366324244b90dc6d7d962ef87</span></button></div></a><div aria-labelledby="job_list___sub_heading_42_1" data-parent="#job_list___sub_accordion_42" class="collapse job_list___sub_multi_collapse" id="job_list___sub_collapse_42_1"><div class="card-body"><div class="work-item"><div class="alert alert-success test-outcome" role="alert"><p>worker outcome: normal</p><p>test outcome: killed</p></div></div><pre class="location"><a href="pycharm://open?file=stack4.py&amp;line=70" class="text-secondary"><button class="btn btn-outline-dark">stack4.py, start pos: (70, 24), end pos: (70, 26)</button></a></pre><pre>operator: core/ReplaceComparisonOperator_Is_GtE, occurrence: 0</pre><div class="alert alert-secondary"><pre class="diff">--- mutation diff ---
--- astack4.py
+++ bstack4.py
@@ -67,7 +67,7 @@
     def remove(self, val):
         """Remove node from list if exists."""
         curr = self.head
-        if curr and val is self.head.data:
+        if curr and val &gt;= self.head.data:
             self.head = self.head.next
             self._length -= 1
         while curr:</pre></div><div class="alert alert-secondary"><pre class="diff">============================= test session starts ==============================
platform linux -- Python 3.10.12, pytest-7.1.3, pluggy-1.0.0
rootdir: /home/lucca/desktop/ic/experimento/testes/python_experiments/stack4
plugins: Faker-15.1.1, hypothesis-6.56.3
collected 71 items

ALL-SMART-GPT-MUTPY/test_stack4_DYNAMOSA.py ..........FF.F.F             [ 22%]
ALL-SMART-GPT-MUTPY/test_stack4_MIO.py ..........FFF.F.....              [ 50%]
ALL-SMART-GPT-MUTPY/test_stack4_MOSA.py ...FFF........FFF                [ 74%]
ALL-SMART-GPT-MUTPY/test_stack4_MUTPY.py .........                       [ 87%]
ALL-SMART-GPT-MUTPY/test_stack4_WHOLE_SUITE.py F........                 [100%]

=========================== short test summary info ============================
FAILED ALL-SMART-GPT-MUTPY/test_stack4_DYNAMOSA.py::test_case_10 - TypeError:...
FAILED ALL-SMART-GPT-MUTPY/test_stack4_DYNAMOSA.py::test_case_11 - TypeError:...
FAILED ALL-SMART-GPT-MUTPY/test_stack4_DYNAMOSA.py::test_case_13 - TypeError:...
FAILED ALL-SMART-GPT-MUTPY/test_stack4_DYNAMOSA.py::test_case_15 - TypeError:...
FAILED ALL-SMART-GPT-MUTPY/test_stack4_MIO.py::test_case_10 - TypeError: '&gt;='...
FAILED ALL-SMART-GPT-MUTPY/test_stack4_MIO.py::test_case_11 - TypeError: '&gt;='...
FAILED ALL-SMART-GPT-MUTPY/test_stack4_MIO.py::test_case_12 - TypeError: '&gt;='...
FAILED ALL-SMART-GPT-MUTPY/test_stack4_MIO.py::test_case_14 - TypeError: '&gt;='...
FAILED ALL-SMART-GPT-MUTPY/test_stack4_MOSA.py::test_case_3 - TypeError: '&gt;='...
FAILED ALL-SMART-GPT-MUTPY/test_stack4_MOSA.py::test_case_4 - TypeError: '&gt;='...
FAILED ALL-SMART-GPT-MUTPY/test_stack4_MOSA.py::test_case_5 - TypeError: '&gt;='...
FAILED ALL-SMART-GPT-MUTPY/test_stack4_MOSA.py::test_case_14 - TypeError: '&gt;=...
FAILED ALL-SMART-GPT-MUTPY/test_stack4_MOSA.py::test_case_15 - TypeError: '&gt;=...
FAILED ALL-SMART-GPT-MUTPY/test_stack4_MOSA.py::test_case_16 - TypeError: '&gt;=...
FAILED ALL-SMART-GPT-MUTPY/test_stack4_WHOLE_SUITE.py::test_case_0 - TypeErro...
======================== 15 failed, 56 passed in 0.21s =========================
</pre></div></div></div></div></div><div class="mb-1" id="job_list___sub_accordion_43"><div class="card"><a data-toggle="collapse" data-target="#job_list___sub_collapse_43_1" aria-expanded="false" aria-controls="job_list___sub_collapse_43_1" href="#" class="job_list___sub_multi_heading"><div role="alert" class="card-header alert-success" id="job_list___sub_heading_43_1"><button class="btn btn-outline-success"><span class="job_id">43 : Job ID c1d16906c39d4e31aa99714fd97b665f</span></button></div></a><div aria-labelledby="job_list___sub_heading_43_1" data-parent="#job_list___sub_accordion_43" class="collapse job_list___sub_multi_collapse" id="job_list___sub_collapse_43_1"><div class="card-body"><div class="work-item"><div class="alert alert-success test-outcome" role="alert"><p>worker outcome: normal</p><p>test outcome: killed</p></div></div><pre class="location"><a href="pycharm://open?file=stack4.py&amp;line=70" class="text-secondary"><button class="btn btn-outline-dark">stack4.py, start pos: (70, 24), end pos: (70, 26)</button></a></pre><pre>operator: core/ReplaceComparisonOperator_Is_IsNot, occurrence: 0</pre><div class="alert alert-secondary"><pre class="diff">--- mutation diff ---
--- astack4.py
+++ bstack4.py
@@ -67,7 +67,7 @@
     def remove(self, val):
         """Remove node from list if exists."""
         curr = self.head
-        if curr and val is self.head.data:
+        if curr and val is not self.head.data:
             self.head = self.head.next
             self._length -= 1
         while curr:</pre></div><div class="alert alert-secondary"><pre class="diff">============================= test session starts ==============================
platform linux -- Python 3.10.12, pytest-7.1.3, pluggy-1.0.0
rootdir: /home/lucca/desktop/ic/experimento/testes/python_experiments/stack4
plugins: Faker-15.1.1, hypothesis-6.56.3
collected 71 items

ALL-SMART-GPT-MUTPY/test_stack4_DYNAMOSA.py ..............F.             [ 22%]
ALL-SMART-GPT-MUTPY/test_stack4_MIO.py ............F.......              [ 50%]
ALL-SMART-GPT-MUTPY/test_stack4_MOSA.py ...F.............                [ 74%]
ALL-SMART-GPT-MUTPY/test_stack4_MUTPY.py ...F..F.F                       [ 87%]
ALL-SMART-GPT-MUTPY/test_stack4_WHOLE_SUITE.py .........                 [100%]

=========================== short test summary info ============================
FAILED ALL-SMART-GPT-MUTPY/test_stack4_DYNAMOSA.py::test_case_14 - assert &lt;st...
FAILED ALL-SMART-GPT-MUTPY/test_stack4_MIO.py::test_case_12 - assert &lt;stack4....
FAILED ALL-SMART-GPT-MUTPY/test_stack4_MOSA.py::test_case_3 - AssertionError:...
FAILED ALL-SMART-GPT-MUTPY/test_stack4_MUTPY.py::test_linked_list_remove - as...
FAILED ALL-SMART-GPT-MUTPY/test_stack4_MUTPY.py::test_linked_list_remove_length
FAILED ALL-SMART-GPT-MUTPY/test_stack4_MUTPY.py::test_remove_from_linked_list
========================= 6 failed, 65 passed in 0.22s =========================
</pre></div></div></div></div></div><div class="mb-1" id="job_list___sub_accordion_44"><div class="card"><a data-toggle="collapse" data-target="#job_list___sub_collapse_44_1" aria-expanded="false" aria-controls="job_list___sub_collapse_44_1" href="#" class="job_list___sub_multi_heading"><div role="alert" class="card-header alert-success" id="job_list___sub_heading_44_1"><button class="btn btn-outline-success"><span class="job_id">44 : Job ID 856254e961f0454dbb3ff2fb824f8806</span></button></div></a><div aria-labelledby="job_list___sub_heading_44_1" data-parent="#job_list___sub_accordion_44" class="collapse job_list___sub_multi_collapse" id="job_list___sub_collapse_44_1"><div class="card-body"><div class="work-item"><div class="alert alert-success test-outcome" role="alert"><p>worker outcome: normal</p><p>test outcome: killed</p></div></div><pre class="location"><a href="pycharm://open?file=stack4.py&amp;line=86" class="text-secondary"><button class="btn btn-outline-dark">stack4.py, start pos: (86, 24), end pos: (86, 25)</button></a></pre><pre>operator: core/ReplaceUnaryOperator_USub_UAdd, occurrence: 0</pre><div class="alert alert-secondary"><pre class="diff">--- mutation diff ---
--- astack4.py
+++ bstack4.py
@@ -83,7 +83,7 @@
         while curr:
             display += str(curr.data) + ', '
             curr = curr.next
-        return display[:-2] + ')'
+        return display[:+2] + ')'
 
 
 class Stack(object):</pre></div><div class="alert alert-secondary"><pre class="diff">============================= test session starts ==============================
platform linux -- Python 3.10.12, pytest-7.1.3, pluggy-1.0.0
rootdir: /home/lucca/desktop/ic/experimento/testes/python_experiments/stack4
plugins: Faker-15.1.1, hypothesis-6.56.3
collected 71 items

ALL-SMART-GPT-MUTPY/test_stack4_DYNAMOSA.py ......FF....F...             [ 22%]
ALL-SMART-GPT-MUTPY/test_stack4_MIO.py ...............F.F..              [ 50%]
ALL-SMART-GPT-MUTPY/test_stack4_MOSA.py .F.FFF...FF......                [ 74%]
ALL-SMART-GPT-MUTPY/test_stack4_MUTPY.py ........F                       [ 87%]
ALL-SMART-GPT-MUTPY/test_stack4_WHOLE_SUITE.py F.F......                 [100%]

=========================== short test summary info ============================
FAILED ALL-SMART-GPT-MUTPY/test_stack4_DYNAMOSA.py::test_case_6 - AssertionEr...
FAILED ALL-SMART-GPT-MUTPY/test_stack4_DYNAMOSA.py::test_case_7 - AssertionEr...
FAILED ALL-SMART-GPT-MUTPY/test_stack4_DYNAMOSA.py::test_case_12 - AssertionE...
FAILED ALL-SMART-GPT-MUTPY/test_stack4_MIO.py::test_case_15 - AssertionError:...
FAILED ALL-SMART-GPT-MUTPY/test_stack4_MIO.py::test_case_17 - AssertionError:...
FAILED ALL-SMART-GPT-MUTPY/test_stack4_MOSA.py::test_case_1 - AssertionError:...
FAILED ALL-SMART-GPT-MUTPY/test_stack4_MOSA.py::test_case_3 - AssertionError:...
FAILED ALL-SMART-GPT-MUTPY/test_stack4_MOSA.py::test_case_4 - AssertionError:...
FAILED ALL-SMART-GPT-MUTPY/test_stack4_MOSA.py::test_case_5 - AssertionError:...
FAILED ALL-SMART-GPT-MUTPY/test_stack4_MOSA.py::test_case_9 - AssertionError:...
FAILED ALL-SMART-GPT-MUTPY/test_stack4_MOSA.py::test_case_10 - AssertionError...
FAILED ALL-SMART-GPT-MUTPY/test_stack4_MUTPY.py::test_remove_from_linked_list
FAILED ALL-SMART-GPT-MUTPY/test_stack4_WHOLE_SUITE.py::test_case_0 - Assertio...
FAILED ALL-SMART-GPT-MUTPY/test_stack4_WHOLE_SUITE.py::test_case_2 - Assertio...
======================== 14 failed, 57 passed in 0.21s =========================
</pre></div></div></div></div></div><div class="mb-1" id="job_list___sub_accordion_45"><div class="card"><a data-toggle="collapse" data-target="#job_list___sub_collapse_45_1" aria-expanded="false" aria-controls="job_list___sub_collapse_45_1" href="#" class="job_list___sub_multi_heading"><div role="alert" class="card-header alert-success" id="job_list___sub_heading_45_1"><button class="btn btn-outline-success"><span class="job_id">45 : Job ID 8542767fc1774a84bd6b0762cd3c3d81</span></button></div></a><div aria-labelledby="job_list___sub_heading_45_1" data-parent="#job_list___sub_accordion_45" class="collapse job_list___sub_multi_collapse" id="job_list___sub_collapse_45_1"><div class="card-body"><div class="work-item"><div class="alert alert-success test-outcome" role="alert"><p>worker outcome: normal</p><p>test outcome: killed</p></div></div><pre class="location"><a href="pycharm://open?file=stack4.py&amp;line=86" class="text-secondary"><button class="btn btn-outline-dark">stack4.py, start pos: (86, 24), end pos: (86, 25)</button></a></pre><pre>operator: core/ReplaceUnaryOperator_USub_Invert, occurrence: 0</pre><div class="alert alert-secondary"><pre class="diff">--- mutation diff ---
--- astack4.py
+++ bstack4.py
@@ -83,7 +83,7 @@
         while curr:
             display += str(curr.data) + ', '
             curr = curr.next
-        return display[:-2] + ')'
+        return display[:~2] + ')'
 
 
 class Stack(object):</pre></div><div class="alert alert-secondary"><pre class="diff">============================= test session starts ==============================
platform linux -- Python 3.10.12, pytest-7.1.3, pluggy-1.0.0
rootdir: /home/lucca/desktop/ic/experimento/testes/python_experiments/stack4
plugins: Faker-15.1.1, hypothesis-6.56.3
collected 71 items

ALL-SMART-GPT-MUTPY/test_stack4_DYNAMOSA.py ......F.....F...             [ 22%]
ALL-SMART-GPT-MUTPY/test_stack4_MIO.py ...............F....              [ 50%]
ALL-SMART-GPT-MUTPY/test_stack4_MOSA.py .F.FFF...F.......                [ 74%]
ALL-SMART-GPT-MUTPY/test_stack4_MUTPY.py ........F                       [ 87%]
ALL-SMART-GPT-MUTPY/test_stack4_WHOLE_SUITE.py .........                 [100%]

=========================== short test summary info ============================
FAILED ALL-SMART-GPT-MUTPY/test_stack4_DYNAMOSA.py::test_case_6 - AssertionEr...
FAILED ALL-SMART-GPT-MUTPY/test_stack4_DYNAMOSA.py::test_case_12 - AssertionE...
FAILED ALL-SMART-GPT-MUTPY/test_stack4_MIO.py::test_case_15 - AssertionError:...
FAILED ALL-SMART-GPT-MUTPY/test_stack4_MOSA.py::test_case_1 - AssertionError:...
FAILED ALL-SMART-GPT-MUTPY/test_stack4_MOSA.py::test_case_3 - AssertionError:...
FAILED ALL-SMART-GPT-MUTPY/test_stack4_MOSA.py::test_case_4 - AssertionError:...
FAILED ALL-SMART-GPT-MUTPY/test_stack4_MOSA.py::test_case_5 - AssertionError:...
FAILED ALL-SMART-GPT-MUTPY/test_stack4_MOSA.py::test_case_9 - AssertionError:...
FAILED ALL-SMART-GPT-MUTPY/test_stack4_MUTPY.py::test_remove_from_linked_list
========================= 9 failed, 62 passed in 0.21s =========================
</pre></div></div></div></div></div><div class="mb-1" id="job_list___sub_accordion_46"><div class="card"><a data-toggle="collapse" data-target="#job_list___sub_collapse_46_1" aria-expanded="false" aria-controls="job_list___sub_collapse_46_1" href="#" class="job_list___sub_multi_heading"><div role="alert" class="card-header alert-success" id="job_list___sub_heading_46_1"><button class="btn btn-outline-success"><span class="job_id">46 : Job ID b9613a8d2ff14d119db22827314755cf</span></button></div></a><div aria-labelledby="job_list___sub_heading_46_1" data-parent="#job_list___sub_accordion_46" class="collapse job_list___sub_multi_collapse" id="job_list___sub_collapse_46_1"><div class="card-body"><div class="work-item"><div class="alert alert-success test-outcome" role="alert"><p>worker outcome: normal</p><p>test outcome: killed</p></div></div><pre class="location"><a href="pycharm://open?file=stack4.py&amp;line=86" class="text-secondary"><button class="btn btn-outline-dark">stack4.py, start pos: (86, 24), end pos: (86, 25)</button></a></pre><pre>operator: core/ReplaceUnaryOperator_USub_Not, occurrence: 0</pre><div class="alert alert-secondary"><pre class="diff">--- mutation diff ---
--- astack4.py
+++ bstack4.py
@@ -83,7 +83,7 @@
         while curr:
             display += str(curr.data) + ', '
             curr = curr.next
-        return display[:-2] + ')'
+        return display[:not 2] + ')'
 
 
 class Stack(object):</pre></div><div class="alert alert-secondary"><pre class="diff">============================= test session starts ==============================
platform linux -- Python 3.10.12, pytest-7.1.3, pluggy-1.0.0
rootdir: /home/lucca/desktop/ic/experimento/testes/python_experiments/stack4
plugins: Faker-15.1.1, hypothesis-6.56.3
collected 71 items

ALL-SMART-GPT-MUTPY/test_stack4_DYNAMOSA.py ......F.....F...             [ 22%]
ALL-SMART-GPT-MUTPY/test_stack4_MIO.py ...............F....              [ 50%]
ALL-SMART-GPT-MUTPY/test_stack4_MOSA.py .F.FFF...F.......                [ 74%]
ALL-SMART-GPT-MUTPY/test_stack4_MUTPY.py ........F                       [ 87%]
ALL-SMART-GPT-MUTPY/test_stack4_WHOLE_SUITE.py .........                 [100%]

=========================== short test summary info ============================
FAILED ALL-SMART-GPT-MUTPY/test_stack4_DYNAMOSA.py::test_case_6 - AssertionEr...
FAILED ALL-SMART-GPT-MUTPY/test_stack4_DYNAMOSA.py::test_case_12 - AssertionE...
FAILED ALL-SMART-GPT-MUTPY/test_stack4_MIO.py::test_case_15 - AssertionError:...
FAILED ALL-SMART-GPT-MUTPY/test_stack4_MOSA.py::test_case_1 - AssertionError:...
FAILED ALL-SMART-GPT-MUTPY/test_stack4_MOSA.py::test_case_3 - AssertionError:...
FAILED ALL-SMART-GPT-MUTPY/test_stack4_MOSA.py::test_case_4 - AssertionError:...
FAILED ALL-SMART-GPT-MUTPY/test_stack4_MOSA.py::test_case_5 - AssertionError:...
FAILED ALL-SMART-GPT-MUTPY/test_stack4_MOSA.py::test_case_9 - AssertionError:...
FAILED ALL-SMART-GPT-MUTPY/test_stack4_MUTPY.py::test_remove_from_linked_list
========================= 9 failed, 62 passed in 0.21s =========================
</pre></div></div></div></div></div><div class="mb-1" id="job_list___sub_accordion_47"><div class="card"><a data-toggle="collapse" data-target="#job_list___sub_collapse_47_1" aria-expanded="false" aria-controls="job_list___sub_collapse_47_1" href="#" class="job_list___sub_multi_heading"><div role="alert" class="card-header alert-success" id="job_list___sub_heading_47_1"><button class="btn btn-outline-success"><span class="job_id">47 : Job ID 7ff48a2e16644169bfef9fab6e9cf969</span></button></div></a><div aria-labelledby="job_list___sub_heading_47_1" data-parent="#job_list___sub_accordion_47" class="collapse job_list___sub_multi_collapse" id="job_list___sub_collapse_47_1"><div class="card-body"><div class="work-item"><div class="alert alert-success test-outcome" role="alert"><p>worker outcome: normal</p><p>test outcome: killed</p></div></div><pre class="location"><a href="pycharm://open?file=stack4.py&amp;line=86" class="text-secondary"><button class="btn btn-outline-dark">stack4.py, start pos: (86, 24), end pos: (86, 25)</button></a></pre><pre>operator: core/ReplaceUnaryOperator_Delete_USub, occurrence: 0</pre><div class="alert alert-secondary"><pre class="diff">--- mutation diff ---
--- astack4.py
+++ bstack4.py
@@ -83,7 +83,7 @@
         while curr:
             display += str(curr.data) + ', '
             curr = curr.next
-        return display[:-2] + ')'
+        return display[:2] + ')'
 
 
 class Stack(object):</pre></div><div class="alert alert-secondary"><pre class="diff">============================= test session starts ==============================
platform linux -- Python 3.10.12, pytest-7.1.3, pluggy-1.0.0
rootdir: /home/lucca/desktop/ic/experimento/testes/python_experiments/stack4
plugins: Faker-15.1.1, hypothesis-6.56.3
collected 71 items

ALL-SMART-GPT-MUTPY/test_stack4_DYNAMOSA.py ......FF....F...             [ 22%]
ALL-SMART-GPT-MUTPY/test_stack4_MIO.py ...............F.F..              [ 50%]
ALL-SMART-GPT-MUTPY/test_stack4_MOSA.py .F.FFF...FF......                [ 74%]
ALL-SMART-GPT-MUTPY/test_stack4_MUTPY.py ........F                       [ 87%]
ALL-SMART-GPT-MUTPY/test_stack4_WHOLE_SUITE.py F.F......                 [100%]

=========================== short test summary info ============================
FAILED ALL-SMART-GPT-MUTPY/test_stack4_DYNAMOSA.py::test_case_6 - AssertionEr...
FAILED ALL-SMART-GPT-MUTPY/test_stack4_DYNAMOSA.py::test_case_7 - AssertionEr...
FAILED ALL-SMART-GPT-MUTPY/test_stack4_DYNAMOSA.py::test_case_12 - AssertionE...
FAILED ALL-SMART-GPT-MUTPY/test_stack4_MIO.py::test_case_15 - AssertionError:...
FAILED ALL-SMART-GPT-MUTPY/test_stack4_MIO.py::test_case_17 - AssertionError:...
FAILED ALL-SMART-GPT-MUTPY/test_stack4_MOSA.py::test_case_1 - AssertionError:...
FAILED ALL-SMART-GPT-MUTPY/test_stack4_MOSA.py::test_case_3 - AssertionError:...
FAILED ALL-SMART-GPT-MUTPY/test_stack4_MOSA.py::test_case_4 - AssertionError:...
FAILED ALL-SMART-GPT-MUTPY/test_stack4_MOSA.py::test_case_5 - AssertionError:...
FAILED ALL-SMART-GPT-MUTPY/test_stack4_MOSA.py::test_case_9 - AssertionError:...
FAILED ALL-SMART-GPT-MUTPY/test_stack4_MOSA.py::test_case_10 - AssertionError...
FAILED ALL-SMART-GPT-MUTPY/test_stack4_MUTPY.py::test_remove_from_linked_list
FAILED ALL-SMART-GPT-MUTPY/test_stack4_WHOLE_SUITE.py::test_case_0 - Assertio...
FAILED ALL-SMART-GPT-MUTPY/test_stack4_WHOLE_SUITE.py::test_case_2 - Assertio...
======================== 14 failed, 57 passed in 0.21s =========================
</pre></div></div></div></div></div><div class="mb-1" id="job_list___sub_accordion_48"><div class="card"><a data-toggle="collapse" data-target="#job_list___sub_collapse_48_1" aria-expanded="false" aria-controls="job_list___sub_collapse_48_1" href="#" class="job_list___sub_multi_heading"><div role="alert" class="card-header alert-success" id="job_list___sub_heading_48_1"><button class="btn btn-outline-success"><span class="job_id">48 : Job ID 4e1d3c853d1d4f1aa8acf068231eeac2</span></button></div></a><div aria-labelledby="job_list___sub_heading_48_1" data-parent="#job_list___sub_accordion_48" class="collapse job_list___sub_multi_collapse" id="job_list___sub_collapse_48_1"><div class="card-body"><div class="work-item"><div class="alert alert-success test-outcome" role="alert"><p>worker outcome: normal</p><p>test outcome: killed</p></div></div><pre class="location"><a href="pycharm://open?file=stack4.py&amp;line=48" class="text-secondary"><button class="btn btn-outline-dark">stack4.py, start pos: (48, 11), end pos: (48, 14)</button></a></pre><pre>operator: core/ReplaceUnaryOperator_Delete_Not, occurrence: 0</pre><div class="alert alert-secondary"><pre class="diff">--- mutation diff ---
--- astack4.py
+++ bstack4.py
@@ -45,7 +45,7 @@
 
     def pop(self):
         """Remove the first value and return it."""
-        if not self.head:
+        if  self.head:
             raise IndexError('Cannot pop from an empty list')
         to_return = self.head
         self.head = self.head.next</pre></div><div class="alert alert-secondary"><pre class="diff">============================= test session starts ==============================
platform linux -- Python 3.10.12, pytest-7.1.3, pluggy-1.0.0
rootdir: /home/lucca/desktop/ic/experimento/testes/python_experiments/stack4
plugins: Faker-15.1.1, hypothesis-6.56.3
collected 71 items

ALL-SMART-GPT-MUTPY/test_stack4_DYNAMOSA.py ..F.............             [ 22%]
ALL-SMART-GPT-MUTPY/test_stack4_MIO.py ....F...............              [ 50%]
ALL-SMART-GPT-MUTPY/test_stack4_MOSA.py ...F...........F.                [ 74%]
ALL-SMART-GPT-MUTPY/test_stack4_MUTPY.py F...FF...                       [ 87%]
ALL-SMART-GPT-MUTPY/test_stack4_WHOLE_SUITE.py ...FF.F..                 [100%]

=========================== short test summary info ============================
FAILED ALL-SMART-GPT-MUTPY/test_stack4_DYNAMOSA.py::test_case_2 - IndexError:...
FAILED ALL-SMART-GPT-MUTPY/test_stack4_MIO.py::test_case_4 - IndexError: Cann...
FAILED ALL-SMART-GPT-MUTPY/test_stack4_MOSA.py::test_case_3 - IndexError: Can...
FAILED ALL-SMART-GPT-MUTPY/test_stack4_MOSA.py::test_case_15 - IndexError: Ca...
FAILED ALL-SMART-GPT-MUTPY/test_stack4_MUTPY.py::test_linked_list_push_pop - ...
FAILED ALL-SMART-GPT-MUTPY/test_stack4_MUTPY.py::test_stack_exception - Attri...
FAILED ALL-SMART-GPT-MUTPY/test_stack4_MUTPY.py::test_linked_list_pop - Index...
FAILED ALL-SMART-GPT-MUTPY/test_stack4_WHOLE_SUITE.py::test_case_3 - Attribut...
FAILED ALL-SMART-GPT-MUTPY/test_stack4_WHOLE_SUITE.py::test_case_4 - Attribut...
FAILED ALL-SMART-GPT-MUTPY/test_stack4_WHOLE_SUITE.py::test_case_6 - IndexErr...
======================== 10 failed, 61 passed in 0.21s =========================
</pre></div></div></div></div></div><div class="mb-1" id="job_list___sub_accordion_49"><div class="card"><a data-toggle="collapse" data-target="#job_list___sub_collapse_49_1" aria-expanded="false" aria-controls="job_list___sub_collapse_49_1" href="#" class="job_list___sub_multi_heading"><div role="alert" class="card-header alert-success" id="job_list___sub_heading_49_1"><button class="btn btn-outline-success"><span class="job_id">49 : Job ID 249b741542fb4da2826c7c80f66bf788</span></button></div></a><div aria-labelledby="job_list___sub_heading_49_1" data-parent="#job_list___sub_accordion_49" class="collapse job_list___sub_multi_collapse" id="job_list___sub_collapse_49_1"><div class="card-body"><div class="work-item"><div class="alert alert-success test-outcome" role="alert"><p>worker outcome: normal</p><p>test outcome: killed</p></div></div><pre class="location"><a href="pycharm://open?file=stack4.py&amp;line=37" class="text-secondary"><button class="btn btn-outline-dark">stack4.py, start pos: (37, 15), end pos: (37, 19)</button></a></pre><pre>operator: core/AddNot, occurrence: 0</pre><div class="alert alert-secondary"><pre class="diff">--- mutation diff ---
--- astack4.py
+++ bstack4.py
@@ -34,7 +34,7 @@
             for val in data:
                 self.push(val)
         except TypeError:
-            if data:
+            if not data:
                 self.push(data)
 
     def push(self, val):</pre></div><div class="alert alert-secondary"><pre class="diff">============================= test session starts ==============================
platform linux -- Python 3.10.12, pytest-7.1.3, pluggy-1.0.0
rootdir: /home/lucca/desktop/ic/experimento/testes/python_experiments/stack4
plugins: Faker-15.1.1, hypothesis-6.56.3
collected 71 items

ALL-SMART-GPT-MUTPY/test_stack4_DYNAMOSA.py FFF.FFFF..FF.FFF             [ 22%]
ALL-SMART-GPT-MUTPY/test_stack4_MIO.py ..F...FF.FFFFFF.FF.F              [ 50%]
ALL-SMART-GPT-MUTPY/test_stack4_MOSA.py FFF...FFF.F.F....                [ 74%]
ALL-SMART-GPT-MUTPY/test_stack4_MUTPY.py .F..F....                       [ 87%]
ALL-SMART-GPT-MUTPY/test_stack4_WHOLE_SUITE.py FFFFFFF..                 [100%]

=========================== short test summary info ============================
FAILED ALL-SMART-GPT-MUTPY/test_stack4_DYNAMOSA.py::test_case_0 - assert &lt;sta...
FAILED ALL-SMART-GPT-MUTPY/test_stack4_DYNAMOSA.py::test_case_1 - assert &lt;sta...
FAILED ALL-SMART-GPT-MUTPY/test_stack4_DYNAMOSA.py::test_case_2 - assert &lt;sta...
FAILED ALL-SMART-GPT-MUTPY/test_stack4_DYNAMOSA.py::test_case_4 - assert &lt;sta...
FAILED ALL-SMART-GPT-MUTPY/test_stack4_DYNAMOSA.py::test_case_5 - assert &lt;sta...
FAILED ALL-SMART-GPT-MUTPY/test_stack4_DYNAMOSA.py::test_case_6 - AssertionEr...
FAILED ALL-SMART-GPT-MUTPY/test_stack4_DYNAMOSA.py::test_case_7 - assert &lt;sta...
FAILED ALL-SMART-GPT-MUTPY/test_stack4_DYNAMOSA.py::test_case_10 - AssertionE...
FAILED ALL-SMART-GPT-MUTPY/test_stack4_DYNAMOSA.py::test_case_11 - assert &lt;st...
FAILED ALL-SMART-GPT-MUTPY/test_stack4_DYNAMOSA.py::test_case_13 - assert &lt;st...
FAILED ALL-SMART-GPT-MUTPY/test_stack4_DYNAMOSA.py::test_case_14 - AssertionE...
FAILED ALL-SMART-GPT-MUTPY/test_stack4_DYNAMOSA.py::test_case_15 - assert &lt;st...
FAILED ALL-SMART-GPT-MUTPY/test_stack4_MIO.py::test_case_2 - AssertionError: ...
FAILED ALL-SMART-GPT-MUTPY/test_stack4_MIO.py::test_case_6 - assert &lt;stack4.N...
FAILED ALL-SMART-GPT-MUTPY/test_stack4_MIO.py::test_case_7 - assert &lt;stack4.N...
FAILED ALL-SMART-GPT-MUTPY/test_stack4_MIO.py::test_case_9 - assert &lt;stack4.N...
FAILED ALL-SMART-GPT-MUTPY/test_stack4_MIO.py::test_case_10 - assert &lt;stack4....
FAILED ALL-SMART-GPT-MUTPY/test_stack4_MIO.py::test_case_11 - assert &lt;stack4....
FAILED ALL-SMART-GPT-MUTPY/test_stack4_MIO.py::test_case_12 - assert &lt;stack4....
FAILED ALL-SMART-GPT-MUTPY/test_stack4_MIO.py::test_case_13 - assert &lt;stack4....
FAILED ALL-SMART-GPT-MUTPY/test_stack4_MIO.py::test_case_14 - assert &lt;stack4....
FAILED ALL-SMART-GPT-MUTPY/test_stack4_MIO.py::test_case_16 - AssertionError:...
FAILED ALL-SMART-GPT-MUTPY/test_stack4_MIO.py::test_case_17 - assert &lt;stack4....
FAILED ALL-SMART-GPT-MUTPY/test_stack4_MIO.py::test_case_19 - assert &lt;stack4....
FAILED ALL-SMART-GPT-MUTPY/test_stack4_MOSA.py::test_case_0 - assert &lt;stack4....
FAILED ALL-SMART-GPT-MUTPY/test_stack4_MOSA.py::test_case_1 - AssertionError:...
FAILED ALL-SMART-GPT-MUTPY/test_stack4_MOSA.py::test_case_2 - assert &lt;stack4....
FAILED ALL-SMART-GPT-MUTPY/test_stack4_MOSA.py::test_case_6 - assert &lt;stack4....
FAILED ALL-SMART-GPT-MUTPY/test_stack4_MOSA.py::test_case_7 - assert &lt;stack4....
FAILED ALL-SMART-GPT-MUTPY/test_stack4_MOSA.py::test_case_8 - assert &lt;stack4....
FAILED ALL-SMART-GPT-MUTPY/test_stack4_MOSA.py::test_case_10 - assert &lt;stack4...
FAILED ALL-SMART-GPT-MUTPY/test_stack4_MOSA.py::test_case_12 - assert &lt;stack4...
FAILED ALL-SMART-GPT-MUTPY/test_stack4_MUTPY.py::test_linked_list_size - asse...
FAILED ALL-SMART-GPT-MUTPY/test_stack4_MUTPY.py::test_stack_exception - Faile...
FAILED ALL-SMART-GPT-MUTPY/test_stack4_WHOLE_SUITE.py::test_case_0 - assert &lt;...
FAILED ALL-SMART-GPT-MUTPY/test_stack4_WHOLE_SUITE.py::test_case_1 - assert &lt;...
FAILED ALL-SMART-GPT-MUTPY/test_stack4_WHOLE_SUITE.py::test_case_2 - assert &lt;...
FAILED ALL-SMART-GPT-MUTPY/test_stack4_WHOLE_SUITE.py::test_case_3 - assert &lt;...
FAILED ALL-SMART-GPT-MUTPY/test_stack4_WHOLE_SUITE.py::test_case_4 - assert &lt;...
FAILED ALL-SMART-GPT-MUTPY/test_stack4_WHOLE_SUITE.py::test_case_5 - assert &lt;...
FAILED ALL-SMART-GPT-MUTPY/test_stack4_WHOLE_SUITE.py::test_case_6 - IndexErr...
======================== 41 failed, 30 passed in 0.23s =========================
</pre></div></div></div></div></div><div class="mb-1" id="job_list___sub_accordion_50"><div class="card"><a data-toggle="collapse" data-target="#job_list___sub_collapse_50_1" aria-expanded="false" aria-controls="job_list___sub_collapse_50_1" href="#" class="job_list___sub_multi_heading"><div role="alert" class="card-header alert-success" id="job_list___sub_heading_50_1"><button class="btn btn-outline-success"><span class="job_id">50 : Job ID f05fd4600d444e22959cd1172f6ccd15</span></button></div></a><div aria-labelledby="job_list___sub_heading_50_1" data-parent="#job_list___sub_accordion_50" class="collapse job_list___sub_multi_collapse" id="job_list___sub_collapse_50_1"><div class="card-body"><div class="work-item"><div class="alert alert-success test-outcome" role="alert"><p>worker outcome: normal</p><p>test outcome: killed</p></div></div><pre class="location"><a href="pycharm://open?file=stack4.py&amp;line=48" class="text-secondary"><button class="btn btn-outline-dark">stack4.py, start pos: (48, 11), end pos: (48, 24)</button></a></pre><pre>operator: core/AddNot, occurrence: 1</pre><div class="alert alert-secondary"><pre class="diff">--- mutation diff ---
--- astack4.py
+++ bstack4.py
@@ -45,7 +45,7 @@
 
     def pop(self):
         """Remove the first value and return it."""
-        if not self.head:
+        if not not self.head:
             raise IndexError('Cannot pop from an empty list')
         to_return = self.head
         self.head = self.head.next</pre></div><div class="alert alert-secondary"><pre class="diff">============================= test session starts ==============================
platform linux -- Python 3.10.12, pytest-7.1.3, pluggy-1.0.0
rootdir: /home/lucca/desktop/ic/experimento/testes/python_experiments/stack4
plugins: Faker-15.1.1, hypothesis-6.56.3
collected 71 items

ALL-SMART-GPT-MUTPY/test_stack4_DYNAMOSA.py ..F.............             [ 22%]
ALL-SMART-GPT-MUTPY/test_stack4_MIO.py ....F...............              [ 50%]
ALL-SMART-GPT-MUTPY/test_stack4_MOSA.py ...F...........F.                [ 74%]
ALL-SMART-GPT-MUTPY/test_stack4_MUTPY.py F...FF...                       [ 87%]
ALL-SMART-GPT-MUTPY/test_stack4_WHOLE_SUITE.py ...FF.F..                 [100%]

=========================== short test summary info ============================
FAILED ALL-SMART-GPT-MUTPY/test_stack4_DYNAMOSA.py::test_case_2 - IndexError:...
FAILED ALL-SMART-GPT-MUTPY/test_stack4_MIO.py::test_case_4 - IndexError: Cann...
FAILED ALL-SMART-GPT-MUTPY/test_stack4_MOSA.py::test_case_3 - IndexError: Can...
FAILED ALL-SMART-GPT-MUTPY/test_stack4_MOSA.py::test_case_15 - IndexError: Ca...
FAILED ALL-SMART-GPT-MUTPY/test_stack4_MUTPY.py::test_linked_list_push_pop - ...
FAILED ALL-SMART-GPT-MUTPY/test_stack4_MUTPY.py::test_stack_exception - Attri...
FAILED ALL-SMART-GPT-MUTPY/test_stack4_MUTPY.py::test_linked_list_pop - Index...
FAILED ALL-SMART-GPT-MUTPY/test_stack4_WHOLE_SUITE.py::test_case_3 - Attribut...
FAILED ALL-SMART-GPT-MUTPY/test_stack4_WHOLE_SUITE.py::test_case_4 - Attribut...
FAILED ALL-SMART-GPT-MUTPY/test_stack4_WHOLE_SUITE.py::test_case_6 - IndexErr...
======================== 10 failed, 61 passed in 0.21s =========================
</pre></div></div></div></div></div><div class="mb-1" id="job_list___sub_accordion_51"><div class="card"><a data-toggle="collapse" data-target="#job_list___sub_collapse_51_1" aria-expanded="false" aria-controls="job_list___sub_collapse_51_1" href="#" class="job_list___sub_multi_heading"><div role="alert" class="card-header alert-success" id="job_list___sub_heading_51_1"><button class="btn btn-outline-success"><span class="job_id">51 : Job ID c97838eb6a074127ae006218ee1aeb13</span></button></div></a><div aria-labelledby="job_list___sub_heading_51_1" data-parent="#job_list___sub_accordion_51" class="collapse job_list___sub_multi_collapse" id="job_list___sub_collapse_51_1"><div class="card-body"><div class="work-item"><div class="alert alert-success test-outcome" role="alert"><p>worker outcome: normal</p><p>test outcome: killed</p></div></div><pre class="location"><a href="pycharm://open?file=stack4.py&amp;line=62" class="text-secondary"><button class="btn btn-outline-dark">stack4.py, start pos: (62, 14), end pos: (62, 18)</button></a></pre><pre>operator: core/AddNot, occurrence: 2</pre><div class="alert alert-secondary"><pre class="diff">--- mutation diff ---
--- astack4.py
+++ bstack4.py
@@ -59,7 +59,7 @@
     def search(self, val):
         """Return the node containing val."""
         curr = self.head
-        while curr:
+        while not curr:
             if curr.data == val:
                 return curr
             curr = curr.next</pre></div><div class="alert alert-secondary"><pre class="diff">============================= test session starts ==============================
platform linux -- Python 3.10.12, pytest-7.1.3, pluggy-1.0.0
rootdir: /home/lucca/desktop/ic/experimento/testes/python_experiments/stack4
plugins: Faker-15.1.1, hypothesis-6.56.3
collected 71 items

ALL-SMART-GPT-MUTPY/test_stack4_DYNAMOSA.py ....F......F..F.             [ 22%]
ALL-SMART-GPT-MUTPY/test_stack4_MIO.py ......F..F..........              [ 50%]
ALL-SMART-GPT-MUTPY/test_stack4_MOSA.py ......FF.........                [ 74%]
ALL-SMART-GPT-MUTPY/test_stack4_MUTPY.py ..F......                       [ 87%]
ALL-SMART-GPT-MUTPY/test_stack4_WHOLE_SUITE.py F.F......                 [100%]

=========================== short test summary info ============================
FAILED ALL-SMART-GPT-MUTPY/test_stack4_DYNAMOSA.py::test_case_4 - AssertionEr...
FAILED ALL-SMART-GPT-MUTPY/test_stack4_DYNAMOSA.py::test_case_11 - AttributeE...
FAILED ALL-SMART-GPT-MUTPY/test_stack4_DYNAMOSA.py::test_case_14 - AssertionE...
FAILED ALL-SMART-GPT-MUTPY/test_stack4_MIO.py::test_case_6 - AssertionError: ...
FAILED ALL-SMART-GPT-MUTPY/test_stack4_MIO.py::test_case_9 - AttributeError: ...
FAILED ALL-SMART-GPT-MUTPY/test_stack4_MOSA.py::test_case_6 - AssertionError:...
FAILED ALL-SMART-GPT-MUTPY/test_stack4_MOSA.py::test_case_7 - AttributeError:...
FAILED ALL-SMART-GPT-MUTPY/test_stack4_MUTPY.py::test_linked_list_search - At...
FAILED ALL-SMART-GPT-MUTPY/test_stack4_WHOLE_SUITE.py::test_case_0 - Attribut...
FAILED ALL-SMART-GPT-MUTPY/test_stack4_WHOLE_SUITE.py::test_case_2 - Assertio...
======================== 10 failed, 61 passed in 0.21s =========================
</pre></div></div></div></div></div><div class="mb-1" id="job_list___sub_accordion_52"><div class="card"><a data-toggle="collapse" data-target="#job_list___sub_collapse_52_1" aria-expanded="false" aria-controls="job_list___sub_collapse_52_1" href="#" class="job_list___sub_multi_heading"><div role="alert" class="card-header alert-success" id="job_list___sub_heading_52_1"><button class="btn btn-outline-success"><span class="job_id">52 : Job ID c547164cf78c4e7eae0f000a5fe9c976</span></button></div></a><div aria-labelledby="job_list___sub_heading_52_1" data-parent="#job_list___sub_accordion_52" class="collapse job_list___sub_multi_collapse" id="job_list___sub_collapse_52_1"><div class="card-body"><div class="work-item"><div class="alert alert-success test-outcome" role="alert"><p>worker outcome: normal</p><p>test outcome: killed</p></div></div><pre class="location"><a href="pycharm://open?file=stack4.py&amp;line=63" class="text-secondary"><button class="btn btn-outline-dark">stack4.py, start pos: (63, 15), end pos: (63, 31)</button></a></pre><pre>operator: core/AddNot, occurrence: 3</pre><div class="alert alert-secondary"><pre class="diff">--- mutation diff ---
--- astack4.py
+++ bstack4.py
@@ -60,7 +60,7 @@
         """Return the node containing val."""
         curr = self.head
         while curr:
-            if curr.data == val:
+            if not curr.data == val:
                 return curr
             curr = curr.next
 </pre></div><div class="alert alert-secondary"><pre class="diff">============================= test session starts ==============================
platform linux -- Python 3.10.12, pytest-7.1.3, pluggy-1.0.0
rootdir: /home/lucca/desktop/ic/experimento/testes/python_experiments/stack4
plugins: Faker-15.1.1, hypothesis-6.56.3
collected 71 items

ALL-SMART-GPT-MUTPY/test_stack4_DYNAMOSA.py ....F.........F.             [ 22%]
ALL-SMART-GPT-MUTPY/test_stack4_MIO.py ......F.............              [ 50%]
ALL-SMART-GPT-MUTPY/test_stack4_MOSA.py ......F..........                [ 74%]
ALL-SMART-GPT-MUTPY/test_stack4_MUTPY.py ..F......                       [ 87%]
ALL-SMART-GPT-MUTPY/test_stack4_WHOLE_SUITE.py ..F......                 [100%]

=========================== short test summary info ============================
FAILED ALL-SMART-GPT-MUTPY/test_stack4_DYNAMOSA.py::test_case_4 - AssertionEr...
FAILED ALL-SMART-GPT-MUTPY/test_stack4_DYNAMOSA.py::test_case_14 - AssertionE...
FAILED ALL-SMART-GPT-MUTPY/test_stack4_MIO.py::test_case_6 - AssertionError: ...
FAILED ALL-SMART-GPT-MUTPY/test_stack4_MOSA.py::test_case_6 - AssertionError:...
FAILED ALL-SMART-GPT-MUTPY/test_stack4_MUTPY.py::test_linked_list_search - as...
FAILED ALL-SMART-GPT-MUTPY/test_stack4_WHOLE_SUITE.py::test_case_2 - Assertio...
========================= 6 failed, 65 passed in 0.22s =========================
</pre></div></div></div></div></div><div class="mb-1" id="job_list___sub_accordion_53"><div class="card"><a data-toggle="collapse" data-target="#job_list___sub_collapse_53_1" aria-expanded="false" aria-controls="job_list___sub_collapse_53_1" href="#" class="job_list___sub_multi_heading"><div role="alert" class="card-header alert-success" id="job_list___sub_heading_53_1"><button class="btn btn-outline-success"><span class="job_id">53 : Job ID a2b9b2390dc3419aae8eb64e0a10dc8c</span></button></div></a><div aria-labelledby="job_list___sub_heading_53_1" data-parent="#job_list___sub_accordion_53" class="collapse job_list___sub_multi_collapse" id="job_list___sub_collapse_53_1"><div class="card-body"><div class="work-item"><div class="alert alert-success test-outcome" role="alert"><p>worker outcome: normal</p><p>test outcome: killed</p></div></div><pre class="location"><a href="pycharm://open?file=stack4.py&amp;line=70" class="text-secondary"><button class="btn btn-outline-dark">stack4.py, start pos: (70, 11), end pos: (70, 41)</button></a></pre><pre>operator: core/AddNot, occurrence: 4</pre><div class="alert alert-secondary"><pre class="diff">--- mutation diff ---
--- astack4.py
+++ bstack4.py
@@ -67,7 +67,7 @@
     def remove(self, val):
         """Remove node from list if exists."""
         curr = self.head
-        if curr and val is self.head.data:
+        if not curr and val is self.head.data:
             self.head = self.head.next
             self._length -= 1
         while curr:</pre></div><div class="alert alert-secondary"><pre class="diff">============================= test session starts ==============================
platform linux -- Python 3.10.12, pytest-7.1.3, pluggy-1.0.0
rootdir: /home/lucca/desktop/ic/experimento/testes/python_experiments/stack4
plugins: Faker-15.1.1, hypothesis-6.56.3
collected 71 items

ALL-SMART-GPT-MUTPY/test_stack4_DYNAMOSA.py ..F..F.....F..F.             [ 22%]
ALL-SMART-GPT-MUTPY/test_stack4_MIO.py ............FF......              [ 50%]
ALL-SMART-GPT-MUTPY/test_stack4_MOSA.py .......FF...F....                [ 74%]
ALL-SMART-GPT-MUTPY/test_stack4_MUTPY.py ......F..                       [ 87%]
ALL-SMART-GPT-MUTPY/test_stack4_WHOLE_SUITE.py F........                 [100%]

=========================== short test summary info ============================
FAILED ALL-SMART-GPT-MUTPY/test_stack4_DYNAMOSA.py::test_case_2 - AttributeEr...
FAILED ALL-SMART-GPT-MUTPY/test_stack4_DYNAMOSA.py::test_case_5 - AttributeEr...
FAILED ALL-SMART-GPT-MUTPY/test_stack4_DYNAMOSA.py::test_case_11 - AttributeE...
FAILED ALL-SMART-GPT-MUTPY/test_stack4_DYNAMOSA.py::test_case_14 - assert &lt;st...
FAILED ALL-SMART-GPT-MUTPY/test_stack4_MIO.py::test_case_12 - assert &lt;stack4....
FAILED ALL-SMART-GPT-MUTPY/test_stack4_MIO.py::test_case_13 - AttributeError:...
FAILED ALL-SMART-GPT-MUTPY/test_stack4_MOSA.py::test_case_7 - AttributeError:...
FAILED ALL-SMART-GPT-MUTPY/test_stack4_MOSA.py::test_case_8 - AttributeError:...
FAILED ALL-SMART-GPT-MUTPY/test_stack4_MOSA.py::test_case_12 - AttributeError...
FAILED ALL-SMART-GPT-MUTPY/test_stack4_MUTPY.py::test_linked_list_remove_length
FAILED ALL-SMART-GPT-MUTPY/test_stack4_WHOLE_SUITE.py::test_case_0 - Attribut...
======================== 11 failed, 60 passed in 0.20s =========================
</pre></div></div></div></div></div><div class="mb-1" id="job_list___sub_accordion_54"><div class="card"><a data-toggle="collapse" data-target="#job_list___sub_collapse_54_1" aria-expanded="false" aria-controls="job_list___sub_collapse_54_1" href="#" class="job_list___sub_multi_heading"><div role="alert" class="card-header alert-success" id="job_list___sub_heading_54_1"><button class="btn btn-outline-success"><span class="job_id">54 : Job ID ae79756dda184af1b90bb2f4272e91a4</span></button></div></a><div aria-labelledby="job_list___sub_heading_54_1" data-parent="#job_list___sub_accordion_54" class="collapse job_list___sub_multi_collapse" id="job_list___sub_collapse_54_1"><div class="card-body"><div class="work-item"><div class="alert alert-success test-outcome" role="alert"><p>worker outcome: normal</p><p>test outcome: killed</p></div></div><pre class="location"><a href="pycharm://open?file=stack4.py&amp;line=73" class="text-secondary"><button class="btn btn-outline-dark">stack4.py, start pos: (73, 14), end pos: (73, 18)</button></a></pre><pre>operator: core/AddNot, occurrence: 5</pre><div class="alert alert-secondary"><pre class="diff">--- mutation diff ---
--- astack4.py
+++ bstack4.py
@@ -70,7 +70,7 @@
         if curr and val is self.head.data:
             self.head = self.head.next
             self._length -= 1
-        while curr:
+        while not curr:
             if (curr.next and curr.next.data == val):
                 curr.next = curr.next.next
                 self._length -= 1</pre></div><div class="alert alert-secondary"><pre class="diff">============================= test session starts ==============================
platform linux -- Python 3.10.12, pytest-7.1.3, pluggy-1.0.0
rootdir: /home/lucca/desktop/ic/experimento/testes/python_experiments/stack4
plugins: Faker-15.1.1, hypothesis-6.56.3
collected 71 items

ALL-SMART-GPT-MUTPY/test_stack4_DYNAMOSA.py ..F..F.....F....             [ 22%]
ALL-SMART-GPT-MUTPY/test_stack4_MIO.py .............F......              [ 50%]
ALL-SMART-GPT-MUTPY/test_stack4_MOSA.py .......FF...F....                [ 74%]
ALL-SMART-GPT-MUTPY/test_stack4_MUTPY.py ...F....F                       [ 87%]
ALL-SMART-GPT-MUTPY/test_stack4_WHOLE_SUITE.py F........                 [100%]

=========================== short test summary info ============================
FAILED ALL-SMART-GPT-MUTPY/test_stack4_DYNAMOSA.py::test_case_2 - AttributeEr...
FAILED ALL-SMART-GPT-MUTPY/test_stack4_DYNAMOSA.py::test_case_5 - AttributeEr...
FAILED ALL-SMART-GPT-MUTPY/test_stack4_DYNAMOSA.py::test_case_11 - AttributeE...
FAILED ALL-SMART-GPT-MUTPY/test_stack4_MIO.py::test_case_13 - AttributeError:...
FAILED ALL-SMART-GPT-MUTPY/test_stack4_MOSA.py::test_case_7 - AttributeError:...
FAILED ALL-SMART-GPT-MUTPY/test_stack4_MOSA.py::test_case_8 - AttributeError:...
FAILED ALL-SMART-GPT-MUTPY/test_stack4_MOSA.py::test_case_12 - AttributeError...
FAILED ALL-SMART-GPT-MUTPY/test_stack4_MUTPY.py::test_linked_list_remove - as...
FAILED ALL-SMART-GPT-MUTPY/test_stack4_MUTPY.py::test_remove_from_linked_list
FAILED ALL-SMART-GPT-MUTPY/test_stack4_WHOLE_SUITE.py::test_case_0 - Attribut...
======================== 10 failed, 61 passed in 0.21s =========================
</pre></div></div></div></div></div><div class="mb-1" id="job_list___sub_accordion_55"><div class="card"><a data-toggle="collapse" data-target="#job_list___sub_collapse_55_1" aria-expanded="false" aria-controls="job_list___sub_collapse_55_1" href="#" class="job_list___sub_multi_heading"><div role="alert" class="card-header alert-success" id="job_list___sub_heading_55_1"><button class="btn btn-outline-success"><span class="job_id">55 : Job ID 32d0637469d3446095afa5a25159caf6</span></button></div></a><div aria-labelledby="job_list___sub_heading_55_1" data-parent="#job_list___sub_accordion_55" class="collapse job_list___sub_multi_collapse" id="job_list___sub_collapse_55_1"><div class="card-body"><div class="work-item"><div class="alert alert-success test-outcome" role="alert"><p>worker outcome: normal</p><p>test outcome: killed</p></div></div><pre class="location"><a href="pycharm://open?file=stack4.py&amp;line=74" class="text-secondary"><button class="btn btn-outline-dark">stack4.py, start pos: (74, 15), end pos: (74, 52)</button></a></pre><pre>operator: core/AddNot, occurrence: 6</pre><div class="alert alert-secondary"><pre class="diff">--- mutation diff ---
--- astack4.py
+++ bstack4.py
@@ -71,7 +71,7 @@
             self.head = self.head.next
             self._length -= 1
         while curr:
-            if (curr.next and curr.next.data == val):
+            if not (curr.next and curr.next.data == val):
                 curr.next = curr.next.next
                 self._length -= 1
             curr = curr.next</pre></div><div class="alert alert-secondary"><pre class="diff">============================= test session starts ==============================
platform linux -- Python 3.10.12, pytest-7.1.3, pluggy-1.0.0
rootdir: /home/lucca/desktop/ic/experimento/testes/python_experiments/stack4
plugins: Faker-15.1.1, hypothesis-6.56.3
collected 71 items

ALL-SMART-GPT-MUTPY/test_stack4_DYNAMOSA.py ..........FF.FFF             [ 22%]
ALL-SMART-GPT-MUTPY/test_stack4_MIO.py ..........FFF.......              [ 50%]
ALL-SMART-GPT-MUTPY/test_stack4_MOSA.py ...FFF...F....F..                [ 74%]
ALL-SMART-GPT-MUTPY/test_stack4_MUTPY.py ...F..F.F                       [ 87%]
ALL-SMART-GPT-MUTPY/test_stack4_WHOLE_SUITE.py F....F...                 [100%]

=========================== short test summary info ============================
FAILED ALL-SMART-GPT-MUTPY/test_stack4_DYNAMOSA.py::test_case_10 - AttributeE...
FAILED ALL-SMART-GPT-MUTPY/test_stack4_DYNAMOSA.py::test_case_11 - AttributeE...
FAILED ALL-SMART-GPT-MUTPY/test_stack4_DYNAMOSA.py::test_case_13 - AttributeE...
FAILED ALL-SMART-GPT-MUTPY/test_stack4_DYNAMOSA.py::test_case_14 - AttributeE...
FAILED ALL-SMART-GPT-MUTPY/test_stack4_DYNAMOSA.py::test_case_15 - AttributeE...
FAILED ALL-SMART-GPT-MUTPY/test_stack4_MIO.py::test_case_10 - AttributeError:...
FAILED ALL-SMART-GPT-MUTPY/test_stack4_MIO.py::test_case_11 - AttributeError:...
FAILED ALL-SMART-GPT-MUTPY/test_stack4_MIO.py::test_case_12 - AttributeError:...
FAILED ALL-SMART-GPT-MUTPY/test_stack4_MOSA.py::test_case_3 - AttributeError:...
FAILED ALL-SMART-GPT-MUTPY/test_stack4_MOSA.py::test_case_4 - AttributeError:...
FAILED ALL-SMART-GPT-MUTPY/test_stack4_MOSA.py::test_case_5 - AttributeError:...
FAILED ALL-SMART-GPT-MUTPY/test_stack4_MOSA.py::test_case_9 - AttributeError:...
FAILED ALL-SMART-GPT-MUTPY/test_stack4_MOSA.py::test_case_14 - AttributeError...
FAILED ALL-SMART-GPT-MUTPY/test_stack4_MUTPY.py::test_linked_list_remove - At...
FAILED ALL-SMART-GPT-MUTPY/test_stack4_MUTPY.py::test_linked_list_remove_length
FAILED ALL-SMART-GPT-MUTPY/test_stack4_MUTPY.py::test_remove_from_linked_list
FAILED ALL-SMART-GPT-MUTPY/test_stack4_WHOLE_SUITE.py::test_case_0 - Attribut...
FAILED ALL-SMART-GPT-MUTPY/test_stack4_WHOLE_SUITE.py::test_case_5 - Attribut...
======================== 18 failed, 53 passed in 0.21s =========================
</pre></div></div></div></div></div><div class="mb-1" id="job_list___sub_accordion_56"><div class="card"><a data-toggle="collapse" data-target="#job_list___sub_collapse_56_1" aria-expanded="false" aria-controls="job_list___sub_collapse_56_1" href="#" class="job_list___sub_multi_heading"><div role="alert" class="card-header alert-success" id="job_list___sub_heading_56_1"><button class="btn btn-outline-success"><span class="job_id">56 : Job ID 0ebe3c0d14ba45d18d8a1aed9c0453d7</span></button></div></a><div aria-labelledby="job_list___sub_heading_56_1" data-parent="#job_list___sub_accordion_56" class="collapse job_list___sub_multi_collapse" id="job_list___sub_collapse_56_1"><div class="card-body"><div class="work-item"><div class="alert alert-success test-outcome" role="alert"><p>worker outcome: normal</p><p>test outcome: killed</p></div></div><pre class="location"><a href="pycharm://open?file=stack4.py&amp;line=83" class="text-secondary"><button class="btn btn-outline-dark">stack4.py, start pos: (83, 14), end pos: (83, 18)</button></a></pre><pre>operator: core/AddNot, occurrence: 7</pre><div class="alert alert-secondary"><pre class="diff">--- mutation diff ---
--- astack4.py
+++ bstack4.py
@@ -80,7 +80,7 @@
         """Display list as a tuple."""
         curr = self.head
         display = '('
-        while curr:
+        while not curr:
             display += str(curr.data) + ', '
             curr = curr.next
         return display[:-2] + ')'</pre></div><div class="alert alert-secondary"><pre class="diff">============================= test session starts ==============================
platform linux -- Python 3.10.12, pytest-7.1.3, pluggy-1.0.0
rootdir: /home/lucca/desktop/ic/experimento/testes/python_experiments/stack4
plugins: Faker-15.1.1, hypothesis-6.56.3
collected 71 items

ALL-SMART-GPT-MUTPY/test_stack4_DYNAMOSA.py ......FF....F...             [ 22%]
ALL-SMART-GPT-MUTPY/test_stack4_MIO.py ...............F.F..              [ 50%]
ALL-SMART-GPT-MUTPY/test_stack4_MOSA.py .F.FFF...FF......                [ 74%]
ALL-SMART-GPT-MUTPY/test_stack4_MUTPY.py ........F                       [ 87%]
ALL-SMART-GPT-MUTPY/test_stack4_WHOLE_SUITE.py F.F......                 [100%]

=========================== short test summary info ============================
FAILED ALL-SMART-GPT-MUTPY/test_stack4_DYNAMOSA.py::test_case_6 - AssertionEr...
FAILED ALL-SMART-GPT-MUTPY/test_stack4_DYNAMOSA.py::test_case_7 - AttributeEr...
FAILED ALL-SMART-GPT-MUTPY/test_stack4_DYNAMOSA.py::test_case_12 - AssertionE...
FAILED ALL-SMART-GPT-MUTPY/test_stack4_MIO.py::test_case_15 - AssertionError:...
FAILED ALL-SMART-GPT-MUTPY/test_stack4_MIO.py::test_case_17 - AttributeError:...
FAILED ALL-SMART-GPT-MUTPY/test_stack4_MOSA.py::test_case_1 - AssertionError:...
FAILED ALL-SMART-GPT-MUTPY/test_stack4_MOSA.py::test_case_3 - AssertionError:...
FAILED ALL-SMART-GPT-MUTPY/test_stack4_MOSA.py::test_case_4 - AssertionError:...
FAILED ALL-SMART-GPT-MUTPY/test_stack4_MOSA.py::test_case_5 - AssertionError:...
FAILED ALL-SMART-GPT-MUTPY/test_stack4_MOSA.py::test_case_9 - AssertionError:...
FAILED ALL-SMART-GPT-MUTPY/test_stack4_MOSA.py::test_case_10 - AttributeError...
FAILED ALL-SMART-GPT-MUTPY/test_stack4_MUTPY.py::test_remove_from_linked_list
FAILED ALL-SMART-GPT-MUTPY/test_stack4_WHOLE_SUITE.py::test_case_0 - Attribut...
FAILED ALL-SMART-GPT-MUTPY/test_stack4_WHOLE_SUITE.py::test_case_2 - Attribut...
======================== 14 failed, 57 passed in 0.22s =========================
</pre></div></div></div></div></div><div class="mb-1" id="job_list___sub_accordion_57"><div class="card"><a data-toggle="collapse" data-target="#job_list___sub_collapse_57_1" aria-expanded="false" aria-controls="job_list___sub_collapse_57_1" href="#" class="job_list___sub_multi_heading"><div role="alert" class="card-header alert-success" id="job_list___sub_heading_57_1"><button class="btn btn-outline-success"><span class="job_id">57 : Job ID 50187277670e45d19766bb3a47a2693b</span></button></div></a><div aria-labelledby="job_list___sub_heading_57_1" data-parent="#job_list___sub_accordion_57" class="collapse job_list___sub_multi_collapse" id="job_list___sub_collapse_57_1"><div class="card-body"><div class="work-item"><div class="alert alert-success test-outcome" role="alert"><p>worker outcome: normal</p><p>test outcome: killed</p></div></div><pre class="location"><a href="pycharm://open?file=stack4.py&amp;line=70" class="text-secondary"><button class="btn btn-outline-dark">stack4.py, start pos: (70, 16), end pos: (70, 19)</button></a></pre><pre>operator: core/ReplaceAndWithOr, occurrence: 0</pre><div class="alert alert-secondary"><pre class="diff">--- mutation diff ---
--- astack4.py
+++ bstack4.py
@@ -67,7 +67,7 @@
     def remove(self, val):
         """Remove node from list if exists."""
         curr = self.head
-        if curr and val is self.head.data:
+        if curr or val is self.head.data:
             self.head = self.head.next
             self._length -= 1
         while curr:</pre></div><div class="alert alert-secondary"><pre class="diff">============================= test session starts ==============================
platform linux -- Python 3.10.12, pytest-7.1.3, pluggy-1.0.0
rootdir: /home/lucca/desktop/ic/experimento/testes/python_experiments/stack4
plugins: Faker-15.1.1, hypothesis-6.56.3
collected 71 items

ALL-SMART-GPT-MUTPY/test_stack4_DYNAMOSA.py ..F..F.....F...F             [ 22%]
ALL-SMART-GPT-MUTPY/test_stack4_MIO.py .............F......              [ 50%]
ALL-SMART-GPT-MUTPY/test_stack4_MOSA.py ...F...FF...F....                [ 74%]
ALL-SMART-GPT-MUTPY/test_stack4_MUTPY.py ...F....F                       [ 87%]
ALL-SMART-GPT-MUTPY/test_stack4_WHOLE_SUITE.py F........                 [100%]

=========================== short test summary info ============================
FAILED ALL-SMART-GPT-MUTPY/test_stack4_DYNAMOSA.py::test_case_2 - AttributeEr...
FAILED ALL-SMART-GPT-MUTPY/test_stack4_DYNAMOSA.py::test_case_5 - AttributeEr...
FAILED ALL-SMART-GPT-MUTPY/test_stack4_DYNAMOSA.py::test_case_11 - AttributeE...
FAILED ALL-SMART-GPT-MUTPY/test_stack4_DYNAMOSA.py::test_case_15 - AttributeE...
FAILED ALL-SMART-GPT-MUTPY/test_stack4_MIO.py::test_case_13 - AttributeError:...
FAILED ALL-SMART-GPT-MUTPY/test_stack4_MOSA.py::test_case_3 - AssertionError:...
FAILED ALL-SMART-GPT-MUTPY/test_stack4_MOSA.py::test_case_7 - AttributeError:...
FAILED ALL-SMART-GPT-MUTPY/test_stack4_MOSA.py::test_case_8 - AttributeError:...
FAILED ALL-SMART-GPT-MUTPY/test_stack4_MOSA.py::test_case_12 - AttributeError...
FAILED ALL-SMART-GPT-MUTPY/test_stack4_MUTPY.py::test_linked_list_remove - as...
FAILED ALL-SMART-GPT-MUTPY/test_stack4_MUTPY.py::test_remove_from_linked_list
FAILED ALL-SMART-GPT-MUTPY/test_stack4_WHOLE_SUITE.py::test_case_0 - Attribut...
======================== 12 failed, 59 passed in 0.21s =========================
</pre></div></div></div></div></div><div class="mb-1" id="job_list___sub_accordion_58"><div class="card"><a data-toggle="collapse" data-target="#job_list___sub_collapse_58_1" aria-expanded="false" aria-controls="job_list___sub_collapse_58_1" href="#" class="job_list___sub_multi_heading"><div role="alert" class="card-header alert-success" id="job_list___sub_heading_58_1"><button class="btn btn-outline-success"><span class="job_id">58 : Job ID 44d34bb4dddb492587b607285eb37c44</span></button></div></a><div aria-labelledby="job_list___sub_heading_58_1" data-parent="#job_list___sub_accordion_58" class="collapse job_list___sub_multi_collapse" id="job_list___sub_collapse_58_1"><div class="card-body"><div class="work-item"><div class="alert alert-success test-outcome" role="alert"><p>worker outcome: normal</p><p>test outcome: killed</p></div></div><pre class="location"><a href="pycharm://open?file=stack4.py&amp;line=74" class="text-secondary"><button class="btn btn-outline-dark">stack4.py, start pos: (74, 26), end pos: (74, 29)</button></a></pre><pre>operator: core/ReplaceAndWithOr, occurrence: 1</pre><div class="alert alert-secondary"><pre class="diff">--- mutation diff ---
--- astack4.py
+++ bstack4.py
@@ -71,7 +71,7 @@
             self.head = self.head.next
             self._length -= 1
         while curr:
-            if (curr.next and curr.next.data == val):
+            if (curr.next or curr.next.data == val):
                 curr.next = curr.next.next
                 self._length -= 1
             curr = curr.next</pre></div><div class="alert alert-secondary"><pre class="diff">============================= test session starts ==============================
platform linux -- Python 3.10.12, pytest-7.1.3, pluggy-1.0.0
rootdir: /home/lucca/desktop/ic/experimento/testes/python_experiments/stack4
plugins: Faker-15.1.1, hypothesis-6.56.3
collected 71 items

ALL-SMART-GPT-MUTPY/test_stack4_DYNAMOSA.py ..........FF.FFF             [ 22%]
ALL-SMART-GPT-MUTPY/test_stack4_MIO.py ...........FF.......              [ 50%]
ALL-SMART-GPT-MUTPY/test_stack4_MOSA.py ...FFF...F....F.F                [ 74%]
ALL-SMART-GPT-MUTPY/test_stack4_MUTPY.py ...F..F.F                       [ 87%]
ALL-SMART-GPT-MUTPY/test_stack4_WHOLE_SUITE.py .....F...                 [100%]

=========================== short test summary info ============================
FAILED ALL-SMART-GPT-MUTPY/test_stack4_DYNAMOSA.py::test_case_10 - AttributeE...
FAILED ALL-SMART-GPT-MUTPY/test_stack4_DYNAMOSA.py::test_case_11 - AttributeE...
FAILED ALL-SMART-GPT-MUTPY/test_stack4_DYNAMOSA.py::test_case_13 - AttributeE...
FAILED ALL-SMART-GPT-MUTPY/test_stack4_DYNAMOSA.py::test_case_14 - AttributeE...
FAILED ALL-SMART-GPT-MUTPY/test_stack4_DYNAMOSA.py::test_case_15 - AttributeE...
FAILED ALL-SMART-GPT-MUTPY/test_stack4_MIO.py::test_case_11 - AttributeError:...
FAILED ALL-SMART-GPT-MUTPY/test_stack4_MIO.py::test_case_12 - AttributeError:...
FAILED ALL-SMART-GPT-MUTPY/test_stack4_MOSA.py::test_case_3 - AttributeError:...
FAILED ALL-SMART-GPT-MUTPY/test_stack4_MOSA.py::test_case_4 - AttributeError:...
FAILED ALL-SMART-GPT-MUTPY/test_stack4_MOSA.py::test_case_5 - AttributeError:...
FAILED ALL-SMART-GPT-MUTPY/test_stack4_MOSA.py::test_case_9 - AttributeError:...
FAILED ALL-SMART-GPT-MUTPY/test_stack4_MOSA.py::test_case_14 - AttributeError...
FAILED ALL-SMART-GPT-MUTPY/test_stack4_MOSA.py::test_case_16 - AttributeError...
FAILED ALL-SMART-GPT-MUTPY/test_stack4_MUTPY.py::test_linked_list_remove - At...
FAILED ALL-SMART-GPT-MUTPY/test_stack4_MUTPY.py::test_linked_list_remove_length
FAILED ALL-SMART-GPT-MUTPY/test_stack4_MUTPY.py::test_remove_from_linked_list
FAILED ALL-SMART-GPT-MUTPY/test_stack4_WHOLE_SUITE.py::test_case_5 - Attribut...
======================== 17 failed, 54 passed in 0.21s =========================
</pre></div></div></div></div></div><div class="mb-1" id="job_list___sub_accordion_59"><div class="card"><a data-toggle="collapse" data-target="#job_list___sub_collapse_59_1" aria-expanded="false" aria-controls="job_list___sub_collapse_59_1" href="#" class="job_list___sub_multi_heading"><div role="alert" class="card-header alert-success" id="job_list___sub_heading_59_1"><button class="btn btn-outline-success"><span class="job_id">59 : Job ID cd5102ccb9ea4fecaf31ae6b4a9cd76c</span></button></div></a><div aria-labelledby="job_list___sub_heading_59_1" data-parent="#job_list___sub_accordion_59" class="collapse job_list___sub_multi_collapse" id="job_list___sub_collapse_59_1"><div class="card-body"><div class="work-item"><div class="alert alert-success test-outcome" role="alert"><p>worker outcome: normal</p><p>test outcome: killed</p></div></div><pre class="location"><a href="pycharm://open?file=stack4.py&amp;line=36" class="text-secondary"><button class="btn btn-outline-dark">stack4.py, start pos: (36, 15), end pos: (36, 24)</button></a></pre><pre>operator: core/ExceptionReplacer, occurrence: 0</pre><div class="alert alert-secondary"><pre class="diff">--- mutation diff ---
--- astack4.py
+++ bstack4.py
@@ -33,7 +33,7 @@
         try:
             for val in data:
                 self.push(val)
-        except TypeError:
+        except CosmicRayTestingException:
             if data:
                 self.push(data)
 </pre></div><div class="alert alert-secondary"><pre class="diff">============================= test session starts ==============================
platform linux -- Python 3.10.12, pytest-7.1.3, pluggy-1.0.0
rootdir: /home/lucca/desktop/ic/experimento/testes/python_experiments/stack4
plugins: Faker-15.1.1, hypothesis-6.56.3
collected 71 items

ALL-SMART-GPT-MUTPY/test_stack4_DYNAMOSA.py FFFFFFFFFFFF.FFF             [ 22%]
ALL-SMART-GPT-MUTPY/test_stack4_MIO.py ..FFFFFF.FFFFFF.FFFF              [ 50%]
ALL-SMART-GPT-MUTPY/test_stack4_MOSA.py FFFFF.FFFFFFFFF.F                [ 74%]
ALL-SMART-GPT-MUTPY/test_stack4_MUTPY.py FF..F....                       [ 87%]
ALL-SMART-GPT-MUTPY/test_stack4_WHOLE_SUITE.py FFFFFFFFF                 [100%]

=========================== short test summary info ============================
FAILED ALL-SMART-GPT-MUTPY/test_stack4_DYNAMOSA.py::test_case_0 - NameError: ...
FAILED ALL-SMART-GPT-MUTPY/test_stack4_DYNAMOSA.py::test_case_1 - NameError: ...
FAILED ALL-SMART-GPT-MUTPY/test_stack4_DYNAMOSA.py::test_case_2 - NameError: ...
FAILED ALL-SMART-GPT-MUTPY/test_stack4_DYNAMOSA.py::test_case_3 - NameError: ...
FAILED ALL-SMART-GPT-MUTPY/test_stack4_DYNAMOSA.py::test_case_4 - NameError: ...
FAILED ALL-SMART-GPT-MUTPY/test_stack4_DYNAMOSA.py::test_case_5 - NameError: ...
FAILED ALL-SMART-GPT-MUTPY/test_stack4_DYNAMOSA.py::test_case_6 - NameError: ...
FAILED ALL-SMART-GPT-MUTPY/test_stack4_DYNAMOSA.py::test_case_7 - NameError: ...
FAILED ALL-SMART-GPT-MUTPY/test_stack4_DYNAMOSA.py::test_case_8 - NameError: ...
FAILED ALL-SMART-GPT-MUTPY/test_stack4_DYNAMOSA.py::test_case_9 - NameError: ...
FAILED ALL-SMART-GPT-MUTPY/test_stack4_DYNAMOSA.py::test_case_10 - NameError:...
FAILED ALL-SMART-GPT-MUTPY/test_stack4_DYNAMOSA.py::test_case_11 - NameError:...
FAILED ALL-SMART-GPT-MUTPY/test_stack4_DYNAMOSA.py::test_case_13 - NameError:...
FAILED ALL-SMART-GPT-MUTPY/test_stack4_DYNAMOSA.py::test_case_14 - NameError:...
FAILED ALL-SMART-GPT-MUTPY/test_stack4_DYNAMOSA.py::test_case_15 - NameError:...
FAILED ALL-SMART-GPT-MUTPY/test_stack4_MIO.py::test_case_2 - NameError: name ...
FAILED ALL-SMART-GPT-MUTPY/test_stack4_MIO.py::test_case_3 - NameError: name ...
FAILED ALL-SMART-GPT-MUTPY/test_stack4_MIO.py::test_case_4 - NameError: name ...
FAILED ALL-SMART-GPT-MUTPY/test_stack4_MIO.py::test_case_5 - NameError: name ...
FAILED ALL-SMART-GPT-MUTPY/test_stack4_MIO.py::test_case_6 - NameError: name ...
FAILED ALL-SMART-GPT-MUTPY/test_stack4_MIO.py::test_case_7 - NameError: name ...
FAILED ALL-SMART-GPT-MUTPY/test_stack4_MIO.py::test_case_9 - NameError: name ...
FAILED ALL-SMART-GPT-MUTPY/test_stack4_MIO.py::test_case_10 - NameError: name...
FAILED ALL-SMART-GPT-MUTPY/test_stack4_MIO.py::test_case_11 - NameError: name...
FAILED ALL-SMART-GPT-MUTPY/test_stack4_MIO.py::test_case_12 - NameError: name...
FAILED ALL-SMART-GPT-MUTPY/test_stack4_MIO.py::test_case_13 - NameError: name...
FAILED ALL-SMART-GPT-MUTPY/test_stack4_MIO.py::test_case_14 - NameError: name...
FAILED ALL-SMART-GPT-MUTPY/test_stack4_MIO.py::test_case_16 - NameError: name...
FAILED ALL-SMART-GPT-MUTPY/test_stack4_MIO.py::test_case_17 - NameError: name...
FAILED ALL-SMART-GPT-MUTPY/test_stack4_MIO.py::test_case_18 - NameError: name...
FAILED ALL-SMART-GPT-MUTPY/test_stack4_MIO.py::test_case_19 - NameError: name...
FAILED ALL-SMART-GPT-MUTPY/test_stack4_MOSA.py::test_case_0 - NameError: name...
FAILED ALL-SMART-GPT-MUTPY/test_stack4_MOSA.py::test_case_1 - NameError: name...
FAILED ALL-SMART-GPT-MUTPY/test_stack4_MOSA.py::test_case_2 - NameError: name...
FAILED ALL-SMART-GPT-MUTPY/test_stack4_MOSA.py::test_case_3 - NameError: name...
FAILED ALL-SMART-GPT-MUTPY/test_stack4_MOSA.py::test_case_4 - NameError: name...
FAILED ALL-SMART-GPT-MUTPY/test_stack4_MOSA.py::test_case_6 - NameError: name...
FAILED ALL-SMART-GPT-MUTPY/test_stack4_MOSA.py::test_case_7 - NameError: name...
FAILED ALL-SMART-GPT-MUTPY/test_stack4_MOSA.py::test_case_8 - NameError: name...
FAILED ALL-SMART-GPT-MUTPY/test_stack4_MOSA.py::test_case_9 - NameError: name...
FAILED ALL-SMART-GPT-MUTPY/test_stack4_MOSA.py::test_case_10 - NameError: nam...
FAILED ALL-SMART-GPT-MUTPY/test_stack4_MOSA.py::test_case_11 - NameError: nam...
FAILED ALL-SMART-GPT-MUTPY/test_stack4_MOSA.py::test_case_12 - NameError: nam...
FAILED ALL-SMART-GPT-MUTPY/test_stack4_MOSA.py::test_case_13 - NameError: nam...
FAILED ALL-SMART-GPT-MUTPY/test_stack4_MOSA.py::test_case_14 - NameError: nam...
FAILED ALL-SMART-GPT-MUTPY/test_stack4_MOSA.py::test_case_16 - NameError: nam...
FAILED ALL-SMART-GPT-MUTPY/test_stack4_MUTPY.py::test_linked_list_push_pop - ...
FAILED ALL-SMART-GPT-MUTPY/test_stack4_MUTPY.py::test_linked_list_size - Name...
FAILED ALL-SMART-GPT-MUTPY/test_stack4_MUTPY.py::test_stack_exception - NameE...
FAILED ALL-SMART-GPT-MUTPY/test_stack4_WHOLE_SUITE.py::test_case_0 - NameErro...
FAILED ALL-SMART-GPT-MUTPY/test_stack4_WHOLE_SUITE.py::test_case_1 - NameErro...
FAILED ALL-SMART-GPT-MUTPY/test_stack4_WHOLE_SUITE.py::test_case_2 - NameErro...
FAILED ALL-SMART-GPT-MUTPY/test_stack4_WHOLE_SUITE.py::test_case_3 - NameErro...
FAILED ALL-SMART-GPT-MUTPY/test_stack4_WHOLE_SUITE.py::test_case_4 - NameErro...
FAILED ALL-SMART-GPT-MUTPY/test_stack4_WHOLE_SUITE.py::test_case_5 - NameErro...
FAILED ALL-SMART-GPT-MUTPY/test_stack4_WHOLE_SUITE.py::test_case_6 - NameErro...
FAILED ALL-SMART-GPT-MUTPY/test_stack4_WHOLE_SUITE.py::test_case_7 - NameErro...
FAILED ALL-SMART-GPT-MUTPY/test_stack4_WHOLE_SUITE.py::test_case_8 - NameErro...
======================== 58 failed, 13 passed in 0.24s =========================
</pre></div></div></div></div></div><div class="mb-1" id="job_list___sub_accordion_60"><div class="card"><a data-toggle="collapse" data-target="#job_list___sub_collapse_60_1" aria-expanded="false" aria-controls="job_list___sub_collapse_60_1" href="#" class="job_list___sub_multi_heading"><div role="alert" class="card-header alert-success" id="job_list___sub_heading_60_1"><button class="btn btn-outline-success"><span class="job_id">60 : Job ID ec0c41eb64124cb9807f717cab62582d</span></button></div></a><div aria-labelledby="job_list___sub_heading_60_1" data-parent="#job_list___sub_accordion_60" class="collapse job_list___sub_multi_collapse" id="job_list___sub_collapse_60_1"><div class="card-body"><div class="work-item"><div class="alert alert-success test-outcome" role="alert"><p>worker outcome: normal</p><p>test outcome: killed</p></div></div><pre class="location"><a href="pycharm://open?file=stack4.py&amp;line=31" class="text-secondary"><button class="btn btn-outline-dark">stack4.py, start pos: (31, 23), end pos: (31, 24)</button></a></pre><pre>operator: core/NumberReplacer, occurrence: 0</pre><div class="alert alert-secondary"><pre class="diff">--- mutation diff ---
--- astack4.py
+++ bstack4.py
@@ -28,7 +28,7 @@
 
     def __init__(self, data=None):
         """Linked list initialized with head."""
-        self._length = 0
+        self._length = 1
         self.head = None
         try:
             for val in data:</pre></div><div class="alert alert-secondary"><pre class="diff">============================= test session starts ==============================
platform linux -- Python 3.10.12, pytest-7.1.3, pluggy-1.0.0
rootdir: /home/lucca/desktop/ic/experimento/testes/python_experiments/stack4
plugins: Faker-15.1.1, hypothesis-6.56.3
collected 71 items

ALL-SMART-GPT-MUTPY/test_stack4_DYNAMOSA.py .....F......F...             [ 22%]
ALL-SMART-GPT-MUTPY/test_stack4_MIO.py ...................F              [ 50%]
ALL-SMART-GPT-MUTPY/test_stack4_MOSA.py ............F....                [ 74%]
ALL-SMART-GPT-MUTPY/test_stack4_MUTPY.py .F.F.F..F                       [ 87%]
ALL-SMART-GPT-MUTPY/test_stack4_WHOLE_SUITE.py ...F.....                 [100%]

=========================== short test summary info ============================
FAILED ALL-SMART-GPT-MUTPY/test_stack4_DYNAMOSA.py::test_case_5 - assert 1 == 0
FAILED ALL-SMART-GPT-MUTPY/test_stack4_DYNAMOSA.py::test_case_12 - assert 4 == 3
FAILED ALL-SMART-GPT-MUTPY/test_stack4_MIO.py::test_case_19 - assert 1 == 0
FAILED ALL-SMART-GPT-MUTPY/test_stack4_MOSA.py::test_case_12 - assert 1 == 0
FAILED ALL-SMART-GPT-MUTPY/test_stack4_MUTPY.py::test_linked_list_size - asse...
FAILED ALL-SMART-GPT-MUTPY/test_stack4_MUTPY.py::test_linked_list_remove - as...
FAILED ALL-SMART-GPT-MUTPY/test_stack4_MUTPY.py::test_linked_list_pop - asser...
FAILED ALL-SMART-GPT-MUTPY/test_stack4_MUTPY.py::test_remove_from_linked_list
FAILED ALL-SMART-GPT-MUTPY/test_stack4_WHOLE_SUITE.py::test_case_3 - assert 1...
========================= 9 failed, 62 passed in 0.21s =========================
</pre></div></div></div></div></div><div class="mb-1" id="job_list___sub_accordion_61"><div class="card"><a data-toggle="collapse" data-target="#job_list___sub_collapse_61_1" aria-expanded="false" aria-controls="job_list___sub_collapse_61_1" href="#" class="job_list___sub_multi_heading"><div role="alert" class="card-header alert-success" id="job_list___sub_heading_61_1"><button class="btn btn-outline-success"><span class="job_id">61 : Job ID 20742c26db3a4f82b099f8239ada7fce</span></button></div></a><div aria-labelledby="job_list___sub_heading_61_1" data-parent="#job_list___sub_accordion_61" class="collapse job_list___sub_multi_collapse" id="job_list___sub_collapse_61_1"><div class="card-body"><div class="work-item"><div class="alert alert-success test-outcome" role="alert"><p>worker outcome: normal</p><p>test outcome: killed</p></div></div><pre class="location"><a href="pycharm://open?file=stack4.py&amp;line=31" class="text-secondary"><button class="btn btn-outline-dark">stack4.py, start pos: (31, 23), end pos: (31, 24)</button></a></pre><pre>operator: core/NumberReplacer, occurrence: 1</pre><div class="alert alert-secondary"><pre class="diff">--- mutation diff ---
--- astack4.py
+++ bstack4.py
@@ -28,7 +28,7 @@
 
     def __init__(self, data=None):
         """Linked list initialized with head."""
-        self._length = 0
+        self._length = -1
         self.head = None
         try:
             for val in data:</pre></div><div class="alert alert-secondary"><pre class="diff">============================= test session starts ==============================
platform linux -- Python 3.10.12, pytest-7.1.3, pluggy-1.0.0
rootdir: /home/lucca/desktop/ic/experimento/testes/python_experiments/stack4
plugins: Faker-15.1.1, hypothesis-6.56.3
collected 71 items

ALL-SMART-GPT-MUTPY/test_stack4_DYNAMOSA.py .....F......F...             [ 22%]
ALL-SMART-GPT-MUTPY/test_stack4_MIO.py ...................F              [ 50%]
ALL-SMART-GPT-MUTPY/test_stack4_MOSA.py ............F....                [ 74%]
ALL-SMART-GPT-MUTPY/test_stack4_MUTPY.py .F.F.F..F                       [ 87%]
ALL-SMART-GPT-MUTPY/test_stack4_WHOLE_SUITE.py ...F.....                 [100%]

=========================== short test summary info ============================
FAILED ALL-SMART-GPT-MUTPY/test_stack4_DYNAMOSA.py::test_case_5 - assert -1 == 0
FAILED ALL-SMART-GPT-MUTPY/test_stack4_DYNAMOSA.py::test_case_12 - assert 2 == 3
FAILED ALL-SMART-GPT-MUTPY/test_stack4_MIO.py::test_case_19 - assert -1 == 0
FAILED ALL-SMART-GPT-MUTPY/test_stack4_MOSA.py::test_case_12 - assert -1 == 0
FAILED ALL-SMART-GPT-MUTPY/test_stack4_MUTPY.py::test_linked_list_size - asse...
FAILED ALL-SMART-GPT-MUTPY/test_stack4_MUTPY.py::test_linked_list_remove - as...
FAILED ALL-SMART-GPT-MUTPY/test_stack4_MUTPY.py::test_linked_list_pop - asser...
FAILED ALL-SMART-GPT-MUTPY/test_stack4_MUTPY.py::test_remove_from_linked_list
FAILED ALL-SMART-GPT-MUTPY/test_stack4_WHOLE_SUITE.py::test_case_3 - assert -...
========================= 9 failed, 62 passed in 0.21s =========================
</pre></div></div></div></div></div><div class="mb-1" id="job_list___sub_accordion_62"><div class="card"><a data-toggle="collapse" data-target="#job_list___sub_collapse_62_1" aria-expanded="false" aria-controls="job_list___sub_collapse_62_1" href="#" class="job_list___sub_multi_heading"><div role="alert" class="card-header alert-success" id="job_list___sub_heading_62_1"><button class="btn btn-outline-success"><span class="job_id">62 : Job ID df0352f2fb524ea6ab1221fc5e2ceabc</span></button></div></a><div aria-labelledby="job_list___sub_heading_62_1" data-parent="#job_list___sub_accordion_62" class="collapse job_list___sub_multi_collapse" id="job_list___sub_collapse_62_1"><div class="card-body"><div class="work-item"><div class="alert alert-success test-outcome" role="alert"><p>worker outcome: normal</p><p>test outcome: killed</p></div></div><pre class="location"><a href="pycharm://open?file=stack4.py&amp;line=44" class="text-secondary"><button class="btn btn-outline-dark">stack4.py, start pos: (44, 24), end pos: (44, 25)</button></a></pre><pre>operator: core/NumberReplacer, occurrence: 2</pre><div class="alert alert-secondary"><pre class="diff">--- mutation diff ---
--- astack4.py
+++ bstack4.py
@@ -41,7 +41,7 @@
         """Insert a value at the head of the list."""
         old_head = self.head
         self.head = Node(val, old_head)
-        self._length += 1
+        self._length += 2
 
     def pop(self):
         """Remove the first value and return it."""</pre></div><div class="alert alert-secondary"><pre class="diff">============================= test session starts ==============================
platform linux -- Python 3.10.12, pytest-7.1.3, pluggy-1.0.0
rootdir: /home/lucca/desktop/ic/experimento/testes/python_experiments/stack4
plugins: Faker-15.1.1, hypothesis-6.56.3
collected 71 items

ALL-SMART-GPT-MUTPY/test_stack4_DYNAMOSA.py ............F...             [ 22%]
ALL-SMART-GPT-MUTPY/test_stack4_MIO.py ....................              [ 50%]
ALL-SMART-GPT-MUTPY/test_stack4_MOSA.py .................                [ 74%]
ALL-SMART-GPT-MUTPY/test_stack4_MUTPY.py ...F.F..F                       [ 87%]
ALL-SMART-GPT-MUTPY/test_stack4_WHOLE_SUITE.py .........                 [100%]

=========================== short test summary info ============================
FAILED ALL-SMART-GPT-MUTPY/test_stack4_DYNAMOSA.py::test_case_12 - assert 6 == 3
FAILED ALL-SMART-GPT-MUTPY/test_stack4_MUTPY.py::test_linked_list_remove - as...
FAILED ALL-SMART-GPT-MUTPY/test_stack4_MUTPY.py::test_linked_list_pop - asser...
FAILED ALL-SMART-GPT-MUTPY/test_stack4_MUTPY.py::test_remove_from_linked_list
========================= 4 failed, 67 passed in 0.20s =========================
</pre></div></div></div></div></div><div class="mb-1" id="job_list___sub_accordion_63"><div class="card"><a data-toggle="collapse" data-target="#job_list___sub_collapse_63_1" aria-expanded="false" aria-controls="job_list___sub_collapse_63_1" href="#" class="job_list___sub_multi_heading"><div role="alert" class="card-header alert-success" id="job_list___sub_heading_63_1"><button class="btn btn-outline-success"><span class="job_id">63 : Job ID 3ecd0fc1927c42f6915a5e7aa5e77d5b</span></button></div></a><div aria-labelledby="job_list___sub_heading_63_1" data-parent="#job_list___sub_accordion_63" class="collapse job_list___sub_multi_collapse" id="job_list___sub_collapse_63_1"><div class="card-body"><div class="work-item"><div class="alert alert-success test-outcome" role="alert"><p>worker outcome: normal</p><p>test outcome: killed</p></div></div><pre class="location"><a href="pycharm://open?file=stack4.py&amp;line=44" class="text-secondary"><button class="btn btn-outline-dark">stack4.py, start pos: (44, 24), end pos: (44, 25)</button></a></pre><pre>operator: core/NumberReplacer, occurrence: 3</pre><div class="alert alert-secondary"><pre class="diff">--- mutation diff ---
--- astack4.py
+++ bstack4.py
@@ -41,7 +41,7 @@
         """Insert a value at the head of the list."""
         old_head = self.head
         self.head = Node(val, old_head)
-        self._length += 1
+        self._length += 0
 
     def pop(self):
         """Remove the first value and return it."""</pre></div><div class="alert alert-secondary"><pre class="diff">============================= test session starts ==============================
platform linux -- Python 3.10.12, pytest-7.1.3, pluggy-1.0.0
rootdir: /home/lucca/desktop/ic/experimento/testes/python_experiments/stack4
plugins: Faker-15.1.1, hypothesis-6.56.3
collected 71 items

ALL-SMART-GPT-MUTPY/test_stack4_DYNAMOSA.py ............F...             [ 22%]
ALL-SMART-GPT-MUTPY/test_stack4_MIO.py ....................              [ 50%]
ALL-SMART-GPT-MUTPY/test_stack4_MOSA.py .................                [ 74%]
ALL-SMART-GPT-MUTPY/test_stack4_MUTPY.py ...F.F..F                       [ 87%]
ALL-SMART-GPT-MUTPY/test_stack4_WHOLE_SUITE.py .........                 [100%]

=========================== short test summary info ============================
FAILED ALL-SMART-GPT-MUTPY/test_stack4_DYNAMOSA.py::test_case_12 - assert 0 == 3
FAILED ALL-SMART-GPT-MUTPY/test_stack4_MUTPY.py::test_linked_list_remove - as...
FAILED ALL-SMART-GPT-MUTPY/test_stack4_MUTPY.py::test_linked_list_pop - asser...
FAILED ALL-SMART-GPT-MUTPY/test_stack4_MUTPY.py::test_remove_from_linked_list
========================= 4 failed, 67 passed in 0.20s =========================
</pre></div></div></div></div></div><div class="mb-1" id="job_list___sub_accordion_64"><div class="card"><a data-toggle="collapse" data-target="#job_list___sub_collapse_64_1" aria-expanded="false" aria-controls="job_list___sub_collapse_64_1" href="#" class="job_list___sub_multi_heading"><div role="alert" class="card-header alert-success" id="job_list___sub_heading_64_1"><button class="btn btn-outline-success"><span class="job_id">64 : Job ID a60999dc62d8440fbb42a14acae3ccad</span></button></div></a><div aria-labelledby="job_list___sub_heading_64_1" data-parent="#job_list___sub_accordion_64" class="collapse job_list___sub_multi_collapse" id="job_list___sub_collapse_64_1"><div class="card-body"><div class="work-item"><div class="alert alert-success test-outcome" role="alert"><p>worker outcome: normal</p><p>test outcome: killed</p></div></div><pre class="location"><a href="pycharm://open?file=stack4.py&amp;line=52" class="text-secondary"><button class="btn btn-outline-dark">stack4.py, start pos: (52, 24), end pos: (52, 25)</button></a></pre><pre>operator: core/NumberReplacer, occurrence: 4</pre><div class="alert alert-secondary"><pre class="diff">--- mutation diff ---
--- astack4.py
+++ bstack4.py
@@ -49,7 +49,7 @@
             raise IndexError('Cannot pop from an empty list')
         to_return = self.head
         self.head = self.head.next
-        self._length -= 1
+        self._length -= 2
         return to_return.data
 
     def size(self):</pre></div><div class="alert alert-secondary"><pre class="diff">============================= test session starts ==============================
platform linux -- Python 3.10.12, pytest-7.1.3, pluggy-1.0.0
rootdir: /home/lucca/desktop/ic/experimento/testes/python_experiments/stack4
plugins: Faker-15.1.1, hypothesis-6.56.3
collected 71 items

ALL-SMART-GPT-MUTPY/test_stack4_DYNAMOSA.py ................             [ 22%]
ALL-SMART-GPT-MUTPY/test_stack4_MIO.py ....................              [ 50%]
ALL-SMART-GPT-MUTPY/test_stack4_MOSA.py .................                [ 74%]
ALL-SMART-GPT-MUTPY/test_stack4_MUTPY.py .....F...                       [ 87%]
ALL-SMART-GPT-MUTPY/test_stack4_WHOLE_SUITE.py .........                 [100%]

=========================== short test summary info ============================
FAILED ALL-SMART-GPT-MUTPY/test_stack4_MUTPY.py::test_linked_list_pop - asser...
========================= 1 failed, 70 passed in 0.20s =========================
</pre></div></div></div></div></div><div class="mb-1" id="job_list___sub_accordion_65"><div class="card"><a data-toggle="collapse" data-target="#job_list___sub_collapse_65_1" aria-expanded="false" aria-controls="job_list___sub_collapse_65_1" href="#" class="job_list___sub_multi_heading"><div role="alert" class="card-header alert-success" id="job_list___sub_heading_65_1"><button class="btn btn-outline-success"><span class="job_id">65 : Job ID 0cc79dc71bd247119494dbda60906773</span></button></div></a><div aria-labelledby="job_list___sub_heading_65_1" data-parent="#job_list___sub_accordion_65" class="collapse job_list___sub_multi_collapse" id="job_list___sub_collapse_65_1"><div class="card-body"><div class="work-item"><div class="alert alert-success test-outcome" role="alert"><p>worker outcome: normal</p><p>test outcome: killed</p></div></div><pre class="location"><a href="pycharm://open?file=stack4.py&amp;line=52" class="text-secondary"><button class="btn btn-outline-dark">stack4.py, start pos: (52, 24), end pos: (52, 25)</button></a></pre><pre>operator: core/NumberReplacer, occurrence: 5</pre><div class="alert alert-secondary"><pre class="diff">--- mutation diff ---
--- astack4.py
+++ bstack4.py
@@ -49,7 +49,7 @@
             raise IndexError('Cannot pop from an empty list')
         to_return = self.head
         self.head = self.head.next
-        self._length -= 1
+        self._length -= 0
         return to_return.data
 
     def size(self):</pre></div><div class="alert alert-secondary"><pre class="diff">============================= test session starts ==============================
platform linux -- Python 3.10.12, pytest-7.1.3, pluggy-1.0.0
rootdir: /home/lucca/desktop/ic/experimento/testes/python_experiments/stack4
plugins: Faker-15.1.1, hypothesis-6.56.3
collected 71 items

ALL-SMART-GPT-MUTPY/test_stack4_DYNAMOSA.py ................             [ 22%]
ALL-SMART-GPT-MUTPY/test_stack4_MIO.py ....................              [ 50%]
ALL-SMART-GPT-MUTPY/test_stack4_MOSA.py .................                [ 74%]
ALL-SMART-GPT-MUTPY/test_stack4_MUTPY.py .....F...                       [ 87%]
ALL-SMART-GPT-MUTPY/test_stack4_WHOLE_SUITE.py .........                 [100%]

=========================== short test summary info ============================
FAILED ALL-SMART-GPT-MUTPY/test_stack4_MUTPY.py::test_linked_list_pop - asser...
========================= 1 failed, 70 passed in 0.20s =========================
</pre></div></div></div></div></div><div class="mb-1" id="job_list___sub_accordion_66"><div class="card"><a data-toggle="collapse" data-target="#job_list___sub_collapse_66_1" aria-expanded="false" aria-controls="job_list___sub_collapse_66_1" href="#" class="job_list___sub_multi_heading"><div role="alert" class="card-header alert-success" id="job_list___sub_heading_66_1"><button class="btn btn-outline-success"><span class="job_id">66 : Job ID 34908b2faf0d4bbb9542aa553caef318</span></button></div></a><div aria-labelledby="job_list___sub_heading_66_1" data-parent="#job_list___sub_accordion_66" class="collapse job_list___sub_multi_collapse" id="job_list___sub_collapse_66_1"><div class="card-body"><div class="work-item"><div class="alert alert-success test-outcome" role="alert"><p>worker outcome: normal</p><p>test outcome: killed</p></div></div><pre class="location"><a href="pycharm://open?file=stack4.py&amp;line=72" class="text-secondary"><button class="btn btn-outline-dark">stack4.py, start pos: (72, 28), end pos: (72, 29)</button></a></pre><pre>operator: core/NumberReplacer, occurrence: 6</pre><div class="alert alert-secondary"><pre class="diff">--- mutation diff ---
--- astack4.py
+++ bstack4.py
@@ -69,7 +69,7 @@
         curr = self.head
         if curr and val is self.head.data:
             self.head = self.head.next
-            self._length -= 1
+            self._length -= 2
         while curr:
             if (curr.next and curr.next.data == val):
                 curr.next = curr.next.next</pre></div><div class="alert alert-secondary"><pre class="diff">============================= test session starts ==============================
platform linux -- Python 3.10.12, pytest-7.1.3, pluggy-1.0.0
rootdir: /home/lucca/desktop/ic/experimento/testes/python_experiments/stack4
plugins: Faker-15.1.1, hypothesis-6.56.3
collected 71 items

ALL-SMART-GPT-MUTPY/test_stack4_DYNAMOSA.py ................             [ 22%]
ALL-SMART-GPT-MUTPY/test_stack4_MIO.py ....................              [ 50%]
ALL-SMART-GPT-MUTPY/test_stack4_MOSA.py .................                [ 74%]
ALL-SMART-GPT-MUTPY/test_stack4_MUTPY.py ......F..                       [ 87%]
ALL-SMART-GPT-MUTPY/test_stack4_WHOLE_SUITE.py .........                 [100%]

=========================== short test summary info ============================
FAILED ALL-SMART-GPT-MUTPY/test_stack4_MUTPY.py::test_linked_list_remove_length
========================= 1 failed, 70 passed in 0.20s =========================
</pre></div></div></div></div></div><div class="mb-1" id="job_list___sub_accordion_67"><div class="card"><a data-toggle="collapse" data-target="#job_list___sub_collapse_67_1" aria-expanded="false" aria-controls="job_list___sub_collapse_67_1" href="#" class="job_list___sub_multi_heading"><div role="alert" class="card-header alert-success" id="job_list___sub_heading_67_1"><button class="btn btn-outline-success"><span class="job_id">67 : Job ID c72f9392ab00446ca06596941d52581f</span></button></div></a><div aria-labelledby="job_list___sub_heading_67_1" data-parent="#job_list___sub_accordion_67" class="collapse job_list___sub_multi_collapse" id="job_list___sub_collapse_67_1"><div class="card-body"><div class="work-item"><div class="alert alert-success test-outcome" role="alert"><p>worker outcome: normal</p><p>test outcome: killed</p></div></div><pre class="location"><a href="pycharm://open?file=stack4.py&amp;line=72" class="text-secondary"><button class="btn btn-outline-dark">stack4.py, start pos: (72, 28), end pos: (72, 29)</button></a></pre><pre>operator: core/NumberReplacer, occurrence: 7</pre><div class="alert alert-secondary"><pre class="diff">--- mutation diff ---
--- astack4.py
+++ bstack4.py
@@ -69,7 +69,7 @@
         curr = self.head
         if curr and val is self.head.data:
             self.head = self.head.next
-            self._length -= 1
+            self._length -= 0
         while curr:
             if (curr.next and curr.next.data == val):
                 curr.next = curr.next.next</pre></div><div class="alert alert-secondary"><pre class="diff">============================= test session starts ==============================
platform linux -- Python 3.10.12, pytest-7.1.3, pluggy-1.0.0
rootdir: /home/lucca/desktop/ic/experimento/testes/python_experiments/stack4
plugins: Faker-15.1.1, hypothesis-6.56.3
collected 71 items

ALL-SMART-GPT-MUTPY/test_stack4_DYNAMOSA.py ................             [ 22%]
ALL-SMART-GPT-MUTPY/test_stack4_MIO.py ....................              [ 50%]
ALL-SMART-GPT-MUTPY/test_stack4_MOSA.py .................                [ 74%]
ALL-SMART-GPT-MUTPY/test_stack4_MUTPY.py ......F..                       [ 87%]
ALL-SMART-GPT-MUTPY/test_stack4_WHOLE_SUITE.py .........                 [100%]

=========================== short test summary info ============================
FAILED ALL-SMART-GPT-MUTPY/test_stack4_MUTPY.py::test_linked_list_remove_length
========================= 1 failed, 70 passed in 0.20s =========================
</pre></div></div></div></div></div><div class="mb-1" id="job_list___sub_accordion_68"><div class="card"><a data-toggle="collapse" data-target="#job_list___sub_collapse_68_1" aria-expanded="false" aria-controls="job_list___sub_collapse_68_1" href="#" class="job_list___sub_multi_heading"><div role="alert" class="card-header alert-success" id="job_list___sub_heading_68_1"><button class="btn btn-outline-success"><span class="job_id">68 : Job ID aefc76c9432141ad81d8e43b39973db2</span></button></div></a><div aria-labelledby="job_list___sub_heading_68_1" data-parent="#job_list___sub_accordion_68" class="collapse job_list___sub_multi_collapse" id="job_list___sub_collapse_68_1"><div class="card-body"><div class="work-item"><div class="alert alert-success test-outcome" role="alert"><p>worker outcome: normal</p><p>test outcome: killed</p></div></div><pre class="location"><a href="pycharm://open?file=stack4.py&amp;line=76" class="text-secondary"><button class="btn btn-outline-dark">stack4.py, start pos: (76, 32), end pos: (76, 33)</button></a></pre><pre>operator: core/NumberReplacer, occurrence: 8</pre><div class="alert alert-secondary"><pre class="diff">--- mutation diff ---
--- astack4.py
+++ bstack4.py
@@ -73,7 +73,7 @@
         while curr:
             if (curr.next and curr.next.data == val):
                 curr.next = curr.next.next
-                self._length -= 1
+                self._length -= 2
             curr = curr.next
 
     def display(self):</pre></div><div class="alert alert-secondary"><pre class="diff">============================= test session starts ==============================
platform linux -- Python 3.10.12, pytest-7.1.3, pluggy-1.0.0
rootdir: /home/lucca/desktop/ic/experimento/testes/python_experiments/stack4
plugins: Faker-15.1.1, hypothesis-6.56.3
collected 71 items

ALL-SMART-GPT-MUTPY/test_stack4_DYNAMOSA.py ................             [ 22%]
ALL-SMART-GPT-MUTPY/test_stack4_MIO.py ....................              [ 50%]
ALL-SMART-GPT-MUTPY/test_stack4_MOSA.py .................                [ 74%]
ALL-SMART-GPT-MUTPY/test_stack4_MUTPY.py ...F....F                       [ 87%]
ALL-SMART-GPT-MUTPY/test_stack4_WHOLE_SUITE.py .........                 [100%]

=========================== short test summary info ============================
FAILED ALL-SMART-GPT-MUTPY/test_stack4_MUTPY.py::test_linked_list_remove - as...
FAILED ALL-SMART-GPT-MUTPY/test_stack4_MUTPY.py::test_remove_from_linked_list
========================= 2 failed, 69 passed in 0.20s =========================
</pre></div></div></div></div></div><div class="mb-1" id="job_list___sub_accordion_69"><div class="card"><a data-toggle="collapse" data-target="#job_list___sub_collapse_69_1" aria-expanded="false" aria-controls="job_list___sub_collapse_69_1" href="#" class="job_list___sub_multi_heading"><div role="alert" class="card-header alert-success" id="job_list___sub_heading_69_1"><button class="btn btn-outline-success"><span class="job_id">69 : Job ID 5f4853fd6b11498f8d463a2386473c22</span></button></div></a><div aria-labelledby="job_list___sub_heading_69_1" data-parent="#job_list___sub_accordion_69" class="collapse job_list___sub_multi_collapse" id="job_list___sub_collapse_69_1"><div class="card-body"><div class="work-item"><div class="alert alert-success test-outcome" role="alert"><p>worker outcome: normal</p><p>test outcome: killed</p></div></div><pre class="location"><a href="pycharm://open?file=stack4.py&amp;line=76" class="text-secondary"><button class="btn btn-outline-dark">stack4.py, start pos: (76, 32), end pos: (76, 33)</button></a></pre><pre>operator: core/NumberReplacer, occurrence: 9</pre><div class="alert alert-secondary"><pre class="diff">--- mutation diff ---
--- astack4.py
+++ bstack4.py
@@ -73,7 +73,7 @@
         while curr:
             if (curr.next and curr.next.data == val):
                 curr.next = curr.next.next
-                self._length -= 1
+                self._length -= 0
             curr = curr.next
 
     def display(self):</pre></div><div class="alert alert-secondary"><pre class="diff">============================= test session starts ==============================
platform linux -- Python 3.10.12, pytest-7.1.3, pluggy-1.0.0
rootdir: /home/lucca/desktop/ic/experimento/testes/python_experiments/stack4
plugins: Faker-15.1.1, hypothesis-6.56.3
collected 71 items

ALL-SMART-GPT-MUTPY/test_stack4_DYNAMOSA.py ................             [ 22%]
ALL-SMART-GPT-MUTPY/test_stack4_MIO.py ....................              [ 50%]
ALL-SMART-GPT-MUTPY/test_stack4_MOSA.py .................                [ 74%]
ALL-SMART-GPT-MUTPY/test_stack4_MUTPY.py ...F....F                       [ 87%]
ALL-SMART-GPT-MUTPY/test_stack4_WHOLE_SUITE.py .........                 [100%]

=========================== short test summary info ============================
FAILED ALL-SMART-GPT-MUTPY/test_stack4_MUTPY.py::test_linked_list_remove - as...
FAILED ALL-SMART-GPT-MUTPY/test_stack4_MUTPY.py::test_remove_from_linked_list
========================= 2 failed, 69 passed in 0.20s =========================
</pre></div></div></div></div></div><div class="mb-1" id="job_list___sub_accordion_70"><div class="card"><a data-toggle="collapse" data-target="#job_list___sub_collapse_70_1" aria-expanded="false" aria-controls="job_list___sub_collapse_70_1" href="#" class="job_list___sub_multi_heading"><div role="alert" class="card-header alert-success" id="job_list___sub_heading_70_1"><button class="btn btn-outline-success"><span class="job_id">70 : Job ID ac4d2efafe834bab9df89b59f46a4dc8</span></button></div></a><div aria-labelledby="job_list___sub_heading_70_1" data-parent="#job_list___sub_accordion_70" class="collapse job_list___sub_multi_collapse" id="job_list___sub_collapse_70_1"><div class="card-body"><div class="work-item"><div class="alert alert-success test-outcome" role="alert"><p>worker outcome: normal</p><p>test outcome: killed</p></div></div><pre class="location"><a href="pycharm://open?file=stack4.py&amp;line=86" class="text-secondary"><button class="btn btn-outline-dark">stack4.py, start pos: (86, 25), end pos: (86, 26)</button></a></pre><pre>operator: core/NumberReplacer, occurrence: 10</pre><div class="alert alert-secondary"><pre class="diff">--- mutation diff ---
--- astack4.py
+++ bstack4.py
@@ -83,7 +83,7 @@
         while curr:
             display += str(curr.data) + ', '
             curr = curr.next
-        return display[:-2] + ')'
+        return display[:- 3] + ')'
 
 
 class Stack(object):</pre></div><div class="alert alert-secondary"><pre class="diff">============================= test session starts ==============================
platform linux -- Python 3.10.12, pytest-7.1.3, pluggy-1.0.0
rootdir: /home/lucca/desktop/ic/experimento/testes/python_experiments/stack4
plugins: Faker-15.1.1, hypothesis-6.56.3
collected 71 items

ALL-SMART-GPT-MUTPY/test_stack4_DYNAMOSA.py ......F.....F...             [ 22%]
ALL-SMART-GPT-MUTPY/test_stack4_MIO.py ...............F....              [ 50%]
ALL-SMART-GPT-MUTPY/test_stack4_MOSA.py .F.FFF...F.......                [ 74%]
ALL-SMART-GPT-MUTPY/test_stack4_MUTPY.py ........F                       [ 87%]
ALL-SMART-GPT-MUTPY/test_stack4_WHOLE_SUITE.py .........                 [100%]

=========================== short test summary info ============================
FAILED ALL-SMART-GPT-MUTPY/test_stack4_DYNAMOSA.py::test_case_6 - AssertionEr...
FAILED ALL-SMART-GPT-MUTPY/test_stack4_DYNAMOSA.py::test_case_12 - AssertionE...
FAILED ALL-SMART-GPT-MUTPY/test_stack4_MIO.py::test_case_15 - AssertionError:...
FAILED ALL-SMART-GPT-MUTPY/test_stack4_MOSA.py::test_case_1 - AssertionError:...
FAILED ALL-SMART-GPT-MUTPY/test_stack4_MOSA.py::test_case_3 - AssertionError:...
FAILED ALL-SMART-GPT-MUTPY/test_stack4_MOSA.py::test_case_4 - AssertionError:...
FAILED ALL-SMART-GPT-MUTPY/test_stack4_MOSA.py::test_case_5 - AssertionError:...
FAILED ALL-SMART-GPT-MUTPY/test_stack4_MOSA.py::test_case_9 - AssertionError:...
FAILED ALL-SMART-GPT-MUTPY/test_stack4_MUTPY.py::test_remove_from_linked_list
========================= 9 failed, 62 passed in 0.21s =========================
</pre></div></div></div></div></div><div class="mb-1" id="job_list___sub_accordion_71"><div class="card"><a data-toggle="collapse" data-target="#job_list___sub_collapse_71_1" aria-expanded="false" aria-controls="job_list___sub_collapse_71_1" href="#" class="job_list___sub_multi_heading"><div role="alert" class="card-header alert-success" id="job_list___sub_heading_71_1"><button class="btn btn-outline-success"><span class="job_id">71 : Job ID 5fa4d8583235454998364f9dd4725bf3</span></button></div></a><div aria-labelledby="job_list___sub_heading_71_1" data-parent="#job_list___sub_accordion_71" class="collapse job_list___sub_multi_collapse" id="job_list___sub_collapse_71_1"><div class="card-body"><div class="work-item"><div class="alert alert-success test-outcome" role="alert"><p>worker outcome: normal</p><p>test outcome: killed</p></div></div><pre class="location"><a href="pycharm://open?file=stack4.py&amp;line=86" class="text-secondary"><button class="btn btn-outline-dark">stack4.py, start pos: (86, 25), end pos: (86, 26)</button></a></pre><pre>operator: core/NumberReplacer, occurrence: 11</pre><div class="alert alert-secondary"><pre class="diff">--- mutation diff ---
--- astack4.py
+++ bstack4.py
@@ -83,7 +83,7 @@
         while curr:
             display += str(curr.data) + ', '
             curr = curr.next
-        return display[:-2] + ')'
+        return display[:- 1] + ')'
 
 
 class Stack(object):</pre></div><div class="alert alert-secondary"><pre class="diff">============================= test session starts ==============================
platform linux -- Python 3.10.12, pytest-7.1.3, pluggy-1.0.0
rootdir: /home/lucca/desktop/ic/experimento/testes/python_experiments/stack4
plugins: Faker-15.1.1, hypothesis-6.56.3
collected 71 items

ALL-SMART-GPT-MUTPY/test_stack4_DYNAMOSA.py ......F.....F...             [ 22%]
ALL-SMART-GPT-MUTPY/test_stack4_MIO.py ...............F....              [ 50%]
ALL-SMART-GPT-MUTPY/test_stack4_MOSA.py .F.FFF...F.......                [ 74%]
ALL-SMART-GPT-MUTPY/test_stack4_MUTPY.py ........F                       [ 87%]
ALL-SMART-GPT-MUTPY/test_stack4_WHOLE_SUITE.py .........                 [100%]

=========================== short test summary info ============================
FAILED ALL-SMART-GPT-MUTPY/test_stack4_DYNAMOSA.py::test_case_6 - AssertionEr...
FAILED ALL-SMART-GPT-MUTPY/test_stack4_DYNAMOSA.py::test_case_12 - AssertionE...
FAILED ALL-SMART-GPT-MUTPY/test_stack4_MIO.py::test_case_15 - AssertionError:...
FAILED ALL-SMART-GPT-MUTPY/test_stack4_MOSA.py::test_case_1 - AssertionError:...
FAILED ALL-SMART-GPT-MUTPY/test_stack4_MOSA.py::test_case_3 - AssertionError:...
FAILED ALL-SMART-GPT-MUTPY/test_stack4_MOSA.py::test_case_4 - AssertionError:...
FAILED ALL-SMART-GPT-MUTPY/test_stack4_MOSA.py::test_case_5 - AssertionError:...
FAILED ALL-SMART-GPT-MUTPY/test_stack4_MOSA.py::test_case_9 - AssertionError:...
FAILED ALL-SMART-GPT-MUTPY/test_stack4_MUTPY.py::test_remove_from_linked_list
========================= 9 failed, 62 passed in 0.21s =========================
</pre></div></div></div></div></div><div class="mb-1" id="job_list___sub_accordion_72"><div class="card"><a data-toggle="collapse" data-target="#job_list___sub_collapse_72_1" aria-expanded="false" aria-controls="job_list___sub_collapse_72_1" href="#" class="job_list___sub_multi_heading"><div role="alert" class="card-header alert-success" id="job_list___sub_heading_72_1"><button class="btn btn-outline-success"><span class="job_id">72 : Job ID 492737b0b3dd44f581ce0610b84d2fd6</span></button></div></a><div aria-labelledby="job_list___sub_heading_72_1" data-parent="#job_list___sub_accordion_72" class="collapse job_list___sub_multi_collapse" id="job_list___sub_collapse_72_1"><div class="card-body"><div class="work-item"><div class="alert alert-success test-outcome" role="alert"><p>worker outcome: normal</p><p>test outcome: killed</p></div></div><pre class="location"><a href="pycharm://open?file=stack4.py&amp;line=34" class="text-secondary"><button class="btn btn-outline-dark">stack4.py, start pos: (34, 23), end pos: (34, 27)</button></a></pre><pre>operator: core/ZeroIterationForLoop, occurrence: 0</pre><div class="alert alert-secondary"><pre class="diff">--- mutation diff ---
--- astack4.py
+++ bstack4.py
@@ -31,7 +31,7 @@
         self._length = 0
         self.head = None
         try:
-            for val in data:
+            for val in []:
                 self.push(val)
         except TypeError:
             if data:</pre></div><div class="alert alert-secondary"><pre class="diff">============================= test session starts ==============================
platform linux -- Python 3.10.12, pytest-7.1.3, pluggy-1.0.0
rootdir: /home/lucca/desktop/ic/experimento/testes/python_experiments/stack4
plugins: Faker-15.1.1, hypothesis-6.56.3
collected 71 items

ALL-SMART-GPT-MUTPY/test_stack4_DYNAMOSA.py ..F...F...F.F.F.             [ 22%]
ALL-SMART-GPT-MUTPY/test_stack4_MIO.py ..F.....F...F..FF...              [ 50%]
ALL-SMART-GPT-MUTPY/test_stack4_MOSA.py .F.FFF...F....FFF                [ 74%]
ALL-SMART-GPT-MUTPY/test_stack4_MUTPY.py ..FF.FF.F                       [ 87%]
ALL-SMART-GPT-MUTPY/test_stack4_WHOLE_SUITE.py ..F..FF..                 [100%]

=========================== short test summary info ============================
FAILED ALL-SMART-GPT-MUTPY/test_stack4_DYNAMOSA.py::test_case_2 - AssertionEr...
FAILED ALL-SMART-GPT-MUTPY/test_stack4_DYNAMOSA.py::test_case_6 - AssertionEr...
FAILED ALL-SMART-GPT-MUTPY/test_stack4_DYNAMOSA.py::test_case_10 - AssertionE...
FAILED ALL-SMART-GPT-MUTPY/test_stack4_DYNAMOSA.py::test_case_12 - AssertionE...
FAILED ALL-SMART-GPT-MUTPY/test_stack4_DYNAMOSA.py::test_case_14 - AssertionE...
FAILED ALL-SMART-GPT-MUTPY/test_stack4_MIO.py::test_case_2 - AssertionError: ...
FAILED ALL-SMART-GPT-MUTPY/test_stack4_MIO.py::test_case_8 - AssertionError: ...
FAILED ALL-SMART-GPT-MUTPY/test_stack4_MIO.py::test_case_12 - AssertionError:...
FAILED ALL-SMART-GPT-MUTPY/test_stack4_MIO.py::test_case_15 - AssertionError:...
FAILED ALL-SMART-GPT-MUTPY/test_stack4_MIO.py::test_case_16 - AssertionError:...
FAILED ALL-SMART-GPT-MUTPY/test_stack4_MOSA.py::test_case_1 - AssertionError:...
FAILED ALL-SMART-GPT-MUTPY/test_stack4_MOSA.py::test_case_3 - AssertionError:...
FAILED ALL-SMART-GPT-MUTPY/test_stack4_MOSA.py::test_case_4 - AssertionError:...
FAILED ALL-SMART-GPT-MUTPY/test_stack4_MOSA.py::test_case_5 - AssertionError:...
FAILED ALL-SMART-GPT-MUTPY/test_stack4_MOSA.py::test_case_9 - AssertionError:...
FAILED ALL-SMART-GPT-MUTPY/test_stack4_MOSA.py::test_case_14 - AssertionError...
FAILED ALL-SMART-GPT-MUTPY/test_stack4_MOSA.py::test_case_15 - AssertionError...
FAILED ALL-SMART-GPT-MUTPY/test_stack4_MOSA.py::test_case_16 - AssertionError...
FAILED ALL-SMART-GPT-MUTPY/test_stack4_MUTPY.py::test_linked_list_search - At...
FAILED ALL-SMART-GPT-MUTPY/test_stack4_MUTPY.py::test_linked_list_remove - as...
FAILED ALL-SMART-GPT-MUTPY/test_stack4_MUTPY.py::test_linked_list_pop - Index...
FAILED ALL-SMART-GPT-MUTPY/test_stack4_MUTPY.py::test_linked_list_remove_length
FAILED ALL-SMART-GPT-MUTPY/test_stack4_MUTPY.py::test_remove_from_linked_list
FAILED ALL-SMART-GPT-MUTPY/test_stack4_WHOLE_SUITE.py::test_case_2 - Assertio...
FAILED ALL-SMART-GPT-MUTPY/test_stack4_WHOLE_SUITE.py::test_case_5 - Assertio...
FAILED ALL-SMART-GPT-MUTPY/test_stack4_WHOLE_SUITE.py::test_case_6 - IndexErr...
======================== 26 failed, 45 passed in 0.22s =========================
</pre></div></div></div></div></div></div></div></div></div></div><script src="https://code.jquery.com/jquery-3.3.1.slim.min.js" integrity="sha384-q8i/X+965DzO0rT7abK41JStQIAqVgRVzpbzo5smXKp4YfRvH+8abtTE1Pi6jizo" crossorigin="anonymous"></script><script src="https://cdnjs.cloudflare.com/ajax/libs/popper.js/1.14.7/umd/popper.min.js" integrity="sha384-UO2eT0CpHqdSJQ6hJty5KVphtPhzWj9WO1clHTMGa3JDZwrnQq4sF86dIHNDz0W1" crossorigin="anonymous"></script><script src="https://stackpath.bootstrapcdn.com/bootstrap/4.3.1/js/bootstrap.min.js" integrity="sha384-JjSmVgyd0p3pXB1rRibZUAYoIIy6OrQ6VrjIEaFf/nJGzIxFDsf4x0xIM+B07jRM" crossorigin="anonymous"></script><script type="text/javascript">$('div.job_list___sub_multi_collapse').on('shown.bs.collapse',  function () {    correct_behavior_functional_buttons();  });$('div.job_list___sub_multi_collapse').on('hidden.bs.collapse',  function () {    correct_behavior_functional_buttons();  });function correct_behavior_functional_buttons() {    var expand = false;    var collapse = false;    $('a.job_list___sub_multi_heading').each(function(index) {      if ($(this).attr('aria-expanded') == 'false') {        expand = true;        return false;      };    });    $('a.job_list___sub_multi_heading').each(function(index) {      if ($(this).attr('aria-expanded') == 'true') {        collapse = true;        return false;      };    });    if (expand) {      $('div#job_item_expand_all').css('display', 'inline-block');    } else {      $('div#job_item_expand_all').css('display', 'none');    };    if (collapse) {      $('div#job_item_collapse_all').css('display', 'inline-block');    } else {      $('div#job_item_collapse_all').css('display', 'none');    };  };correct_behavior_functional_buttons();</script></body></html>
