[34m[*][0m Start mutation process:
[36m   -[0m targets: identifier1.py
[36m   -[0m tests: ./WHOLE_SUITE
[34m[*][0m 12 tests passed:
[36m   -[0m test_identifier1_WHOLE_SUITE [0.27123 s]
[34m[*][0m Start mutants generation and execution:
[36m   -[0m [#   1] ASR identifier1: 
--------------------------------------------------------------------------------
  29:                 while i < len(s):
  30:                     achar = s[i]
  31:                     if not (self.valid_f(achar)):
  32:                         valid_id = False
[34m- 33:                     i += 1[0m
[32m+ 33:                     i -= 1[0m
  34:             if (valid_id and len(s) >= 1 and len(s) <= 6):
  35:                 return True
  36:             else:
  37:                 return False
--------------------------------------------------------------------------------
[0.16870 s] [32mkilled[0m by WHOLE_SUITE/test_identifier1_WHOLE_SUITE.py::test_case_0

def test_case_0():
        none_type_0 = None
        identifier_0 = module_0.Identifier()
        str_0 = 'N~P{c=2s'
>       var_0 = identifier_0.validateIdentifier(str_0)

WHOLE_SUITE/test_identifier1_WHOLE_SUITE.py:10: 
_ _ _ _ _ _ _ _ _ _ _ _ _ _ _ _ _ _ _ _ _ _ _ _ _ _ _ _ _ _ _ _ _ _ _ _ _ _ _ _ 

self = <identifier1.Identifier object at 0x7fd52d4708e0>, s = 'N~P{c=2s'

>   ???
E   IndexError: string index out of range

identifier1:30: IndexError
[36m   -[0m [#   2] CDI identifier1: 
--------------------------------------------------------------------------------
   1: 
   2: class Identifier(object):
   3:     ''' generated source for class Identifier '''
   4:     
[34m-  5:     def valid_s(self, ch):[0m
[34m-  6:         ''' generated source for method valid_s '''[0m
[34m-  7:         if ((ch >= 'A' and ch <= 'Z') or (ch >= 'a' and ch <= 'z')):[0m
[34m-  8:             return True[0m
[34m-  9:         else:[0m
[34m- 10:             return False[0m
[34m- 11:     [0m
[32m+  5:     @classmethod[0m
[32m+  6:     def valid_s(self, ch):[0m
[32m+  7:         ''' generated source for method valid_s '''[0m
[32m+  8:         if ((ch >= 'A' and ch <= 'Z') or (ch >= 'a' and ch <= 'z')):[0m
[32m+  9:             return True[0m
[32m+ 10:         else:[0m
[32m+ 11:             return False[0m
  12:     def valid_f(self, ch):
  13:         ''' generated source for method valid_f '''
  14:         if ((ch >= 'A' and ch <= 'Z') or (ch >= 'a' and ch <= 'z') or (ch >= '0' and ch <= '9')):
  15:             return True
--------------------------------------------------------------------------------
[0.14801 s] [31msurvived[0m
[36m   -[0m [#   3] CDI identifier1: 
--------------------------------------------------------------------------------
   8:             return True
   9:         else:
  10:             return False
  11:     
[34m- 12:     def valid_f(self, ch):[0m
[34m- 13:         ''' generated source for method valid_f '''[0m
[34m- 14:         if ((ch >= 'A' and ch <= 'Z') or (ch >= 'a' and ch <= 'z') or (ch >= '0' and ch <= '9')):[0m
[34m- 15:             return True[0m
[34m- 16:         else:[0m
[34m- 17:             return False[0m
[34m- 18:     [0m
[32m+ 12:     @classmethod[0m
[32m+ 13:     def valid_f(self, ch):[0m
[32m+ 14:         ''' generated source for method valid_f '''[0m
[32m+ 15:         if ((ch >= 'A' and ch <= 'Z') or (ch >= 'a' and ch <= 'z') or (ch >= '0' and ch <= '9')):[0m
[32m+ 16:             return True[0m
[32m+ 17:         else:[0m
[32m+ 18:             return False[0m
  19:     def validateIdentifier(self, s):
  20:         ''' generated source for method validateIdentifier '''
  21:         achar = str()
  22:         valid_id = False
--------------------------------------------------------------------------------
[0.14354 s] [31msurvived[0m
[36m   -[0m [#   4] CDI identifier1: 
--------------------------------------------------------------------------------
  15:             return True
  16:         else:
  17:             return False
  18:     
[34m- 19:     def validateIdentifier(self, s):[0m
[34m- 20:         ''' generated source for method validateIdentifier '''[0m
[34m- 21:         achar = str()[0m
[34m- 22:         valid_id = False[0m
[34m- 23:         if len(s) > 0:[0m
[34m- 24:             achar = s[0][0m
[34m- 25:             valid_id = self.valid_s(achar)[0m
[34m- 26:             if len(s) > 1:[0m
[34m- 27:                 achar = s[1][0m
[34m- 28:                 i = 1[0m
[34m- 29:                 while i < len(s):[0m
[34m- 30:                     achar = s[i][0m
[34m- 31:                     if not (self.valid_f(achar)):[0m
[34m- 32:                         valid_id = False[0m
[34m- 33:                     i += 1[0m
[34m- 34:             if (valid_id and len(s) >= 1 and len(s) <= 6):[0m
[34m- 35:                 return True[0m
[34m- 36:             else:[0m
[34m- 37:                 return False[0m
[34m- 38:         else:[0m
[34m- 39:             return False[0m
[32m+ 19:     @classmethod[0m
[32m+ 20:     def validateIdentifier(self, s):[0m
[32m+ 21:         ''' generated source for method validateIdentifier '''[0m
[32m+ 22:         achar = str()[0m
[32m+ 23:         valid_id = False[0m
[32m+ 24:         if len(s) > 0:[0m
[32m+ 25:             achar = s[0][0m
[32m+ 26:             valid_id = self.valid_s(achar)[0m
[32m+ 27:             if len(s) > 1:[0m
[32m+ 28:                 achar = s[1][0m
[32m+ 29:                 i = 1[0m
[32m+ 30:                 while i < len(s):[0m
[32m+ 31:                     achar = s[i][0m
[32m+ 32:                     if not (self.valid_f(achar)):[0m
[32m+ 33:                         valid_id = False[0m
[32m+ 34:                     i += 1[0m
[32m+ 35:             if (valid_id and len(s) >= 1 and len(s) <= 6):[0m
[32m+ 36:                 return True[0m
[32m+ 37:             else:[0m
[32m+ 38:                 return False[0m
[32m+ 39:         else:[0m
[32m+ 40:             return False[0m
--------------------------------------------------------------------------------
[0.16766 s] [36mincompetent[0m

TypeError: identifier1:26: TypeError: Identifier.valid_s() missing 1 required positional argument: 'ch'

[36m   -[0m [#   5] COD identifier1: 
--------------------------------------------------------------------------------
  27:                 achar = s[1]
  28:                 i = 1
  29:                 while i < len(s):
  30:                     achar = s[i]
[34m- 31:                     if not (self.valid_f(achar)):[0m
[32m+ 31:                     if self.valid_f(achar):[0m
  32:                         valid_id = False
  33:                     i += 1
  34:             if (valid_id and len(s) >= 1 and len(s) <= 6):
  35:                 return True
--------------------------------------------------------------------------------
[0.14369 s] [31msurvived[0m
[36m   -[0m [#   6] COI identifier1: 
--------------------------------------------------------------------------------
   3:     ''' generated source for class Identifier '''
   4:     
   5:     def valid_s(self, ch):
   6:         ''' generated source for method valid_s '''
[34m-  7:         if ((ch >= 'A' and ch <= 'Z') or (ch >= 'a' and ch <= 'z')):[0m
[32m+  7:         if not (((ch >= 'A' and ch <= 'Z') or (ch >= 'a' and ch <= 'z'))):[0m
   8:             return True
   9:         else:
  10:             return False
  11:     
--------------------------------------------------------------------------------
[0.17721 s] [32mkilled[0m by WHOLE_SUITE/test_identifier1_WHOLE_SUITE.py::test_case_6

def test_case_6():
        str_0 = 'u'
        bytes_0 = b'~P%d\x99S'
        identifier_0 = module_0.Identifier()
        var_0 = identifier_0.validateIdentifier(str_0)
>       assert var_0 is True
E       AssertionError

WHOLE_SUITE/test_identifier1_WHOLE_SUITE.py:56: AssertionError
[36m   -[0m [#   7] COI identifier1: 
--------------------------------------------------------------------------------
  10:             return False
  11:     
  12:     def valid_f(self, ch):
  13:         ''' generated source for method valid_f '''
[34m- 14:         if ((ch >= 'A' and ch <= 'Z') or (ch >= 'a' and ch <= 'z') or (ch >= '0' and ch <= '9')):[0m
[32m+ 14:         if not (((ch >= 'A' and ch <= 'Z') or (ch >= 'a' and ch <= 'z') or (ch >= '0' and ch <= '9'))):[0m
  15:             return True
  16:         else:
  17:             return False
  18:     
--------------------------------------------------------------------------------
[0.16577 s] [32mkilled[0m by WHOLE_SUITE/test_identifier1_WHOLE_SUITE.py::test_case_5

def test_case_5():
        str_0 = 'dYjOEfJ'
        identifier_0 = module_0.Identifier()
        identifier_1 = module_0.Identifier()
        identifier_2 = module_0.Identifier()
        var_0 = identifier_2.valid_f(str_0)
>       assert var_0 is True
E       AssertionError

WHOLE_SUITE/test_identifier1_WHOLE_SUITE.py:47: AssertionError
[36m   -[0m [#   8] COI identifier1: 
--------------------------------------------------------------------------------
  19:     def validateIdentifier(self, s):
  20:         ''' generated source for method validateIdentifier '''
  21:         achar = str()
  22:         valid_id = False
[34m- 23:         if len(s) > 0:[0m
[32m+ 23:         if not (len(s) > 0):[0m
  24:             achar = s[0]
  25:             valid_id = self.valid_s(achar)
  26:             if len(s) > 1:
  27:                 achar = s[1]
--------------------------------------------------------------------------------
[0.15042 s] [32mkilled[0m by WHOLE_SUITE/test_identifier1_WHOLE_SUITE.py::test_case_2

def test_case_2():
        list_0 = []
        str_0 = "y\n(s/i'#!\x0b46WuH\x0cixuN"
        dict_0 = {str_0: str_0, str_0: str_0}
        identifier_0 = module_0.Identifier()
>       var_0 = identifier_0.validateIdentifier(list_0)

WHOLE_SUITE/test_identifier1_WHOLE_SUITE.py:24: 
_ _ _ _ _ _ _ _ _ _ _ _ _ _ _ _ _ _ _ _ _ _ _ _ _ _ _ _ _ _ _ _ _ _ _ _ _ _ _ _ 

self = <identifier1.Identifier object at 0x7fd52d4c4e20>, s = []

>   ???
E   IndexError: list index out of range

identifier1:24: IndexError
[36m   -[0m [#   9] COI identifier1: 
--------------------------------------------------------------------------------
  22:         valid_id = False
  23:         if len(s) > 0:
  24:             achar = s[0]
  25:             valid_id = self.valid_s(achar)
[34m- 26:             if len(s) > 1:[0m
[32m+ 26:             if not (len(s) > 1):[0m
  27:                 achar = s[1]
  28:                 i = 1
  29:                 while i < len(s):
  30:                     achar = s[i]
--------------------------------------------------------------------------------
[0.17768 s] [32mkilled[0m by WHOLE_SUITE/test_identifier1_WHOLE_SUITE.py::test_case_6

def test_case_6():
        str_0 = 'u'
        bytes_0 = b'~P%d\x99S'
        identifier_0 = module_0.Identifier()
>       var_0 = identifier_0.validateIdentifier(str_0)

WHOLE_SUITE/test_identifier1_WHOLE_SUITE.py:55: 
_ _ _ _ _ _ _ _ _ _ _ _ _ _ _ _ _ _ _ _ _ _ _ _ _ _ _ _ _ _ _ _ _ _ _ _ _ _ _ _ 

self = <identifier1.Identifier object at 0x7fd52d4b7d00>, s = 'u'

>   ???
E   IndexError: string index out of range

identifier1:27: IndexError
[36m   -[0m [#  10] COI identifier1: 
--------------------------------------------------------------------------------
  25:             valid_id = self.valid_s(achar)
  26:             if len(s) > 1:
  27:                 achar = s[1]
  28:                 i = 1
[34m- 29:                 while i < len(s):[0m
[32m+ 29:                 while not (i < len(s)):[0m
  30:                     achar = s[i]
  31:                     if not (self.valid_f(achar)):
  32:                         valid_id = False
  33:                     i += 1
--------------------------------------------------------------------------------
[0.14881 s] [31msurvived[0m
[36m   -[0m [#  11] COI identifier1: 
--------------------------------------------------------------------------------
  27:                 achar = s[1]
  28:                 i = 1
  29:                 while i < len(s):
  30:                     achar = s[i]
[34m- 31:                     if not (self.valid_f(achar)):[0m
[32m+ 31:                     if not ((not (self.valid_f(achar)))):[0m
  32:                         valid_id = False
  33:                     i += 1
  34:             if (valid_id and len(s) >= 1 and len(s) <= 6):
  35:                 return True
--------------------------------------------------------------------------------
[0.15009 s] [31msurvived[0m
[36m   -[0m [#  12] COI identifier1: 
--------------------------------------------------------------------------------
  30:                     achar = s[i]
  31:                     if not (self.valid_f(achar)):
  32:                         valid_id = False
  33:                     i += 1
[34m- 34:             if (valid_id and len(s) >= 1 and len(s) <= 6):[0m
[32m+ 34:             if not ((valid_id and len(s) >= 1 and len(s) <= 6)):[0m
  35:                 return True
  36:             else:
  37:                 return False
  38:         else:
--------------------------------------------------------------------------------
[0.14875 s] [32mkilled[0m by WHOLE_SUITE/test_identifier1_WHOLE_SUITE.py::test_case_0

def test_case_0():
        none_type_0 = None
        identifier_0 = module_0.Identifier()
        str_0 = 'N~P{c=2s'
        var_0 = identifier_0.validateIdentifier(str_0)
>       assert var_0 is False
E       AssertionError

WHOLE_SUITE/test_identifier1_WHOLE_SUITE.py:11: AssertionError
[36m   -[0m [#  13] CRP identifier1: 
--------------------------------------------------------------------------------
   3:     ''' generated source for class Identifier '''
   4:     
   5:     def valid_s(self, ch):
   6:         ''' generated source for method valid_s '''
[34m-  7:         if ((ch >= 'A' and ch <= 'Z') or (ch >= 'a' and ch <= 'z')):[0m
[32m+  7:         if ((ch >= 'mutpy' and ch <= 'Z') or (ch >= 'a' and ch <= 'z')):[0m
   8:             return True
   9:         else:
  10:             return False
  11:     
--------------------------------------------------------------------------------
[0.14216 s] [31msurvived[0m
[36m   -[0m [#  14] CRP identifier1: 
--------------------------------------------------------------------------------
   3:     ''' generated source for class Identifier '''
   4:     
   5:     def valid_s(self, ch):
   6:         ''' generated source for method valid_s '''
[34m-  7:         if ((ch >= 'A' and ch <= 'Z') or (ch >= 'a' and ch <= 'z')):[0m
[32m+  7:         if ((ch >= '' and ch <= 'Z') or (ch >= 'a' and ch <= 'z')):[0m
   8:             return True
   9:         else:
  10:             return False
  11:     
--------------------------------------------------------------------------------
[0.14966 s] [31msurvived[0m
[36m   -[0m [#  15] CRP identifier1: 
--------------------------------------------------------------------------------
   3:     ''' generated source for class Identifier '''
   4:     
   5:     def valid_s(self, ch):
   6:         ''' generated source for method valid_s '''
[34m-  7:         if ((ch >= 'A' and ch <= 'Z') or (ch >= 'a' and ch <= 'z')):[0m
[32m+  7:         if ((ch >= 'A' and ch <= 'mutpy') or (ch >= 'a' and ch <= 'z')):[0m
   8:             return True
   9:         else:
  10:             return False
  11:     
--------------------------------------------------------------------------------
[0.14818 s] [31msurvived[0m
[36m   -[0m [#  16] CRP identifier1: 
--------------------------------------------------------------------------------
   3:     ''' generated source for class Identifier '''
   4:     
   5:     def valid_s(self, ch):
   6:         ''' generated source for method valid_s '''
[34m-  7:         if ((ch >= 'A' and ch <= 'Z') or (ch >= 'a' and ch <= 'z')):[0m
[32m+  7:         if ((ch >= 'A' and ch <= '') or (ch >= 'a' and ch <= 'z')):[0m
   8:             return True
   9:         else:
  10:             return False
  11:     
--------------------------------------------------------------------------------
[0.15230 s] [31msurvived[0m
[36m   -[0m [#  17] CRP identifier1: 
--------------------------------------------------------------------------------
   3:     ''' generated source for class Identifier '''
   4:     
   5:     def valid_s(self, ch):
   6:         ''' generated source for method valid_s '''
[34m-  7:         if ((ch >= 'A' and ch <= 'Z') or (ch >= 'a' and ch <= 'z')):[0m
[32m+  7:         if ((ch >= 'A' and ch <= 'Z') or (ch >= 'mutpy' and ch <= 'z')):[0m
   8:             return True
   9:         else:
  10:             return False
  11:     
--------------------------------------------------------------------------------
[0.12994 s] [31msurvived[0m
[36m   -[0m [#  18] CRP identifier1: 
--------------------------------------------------------------------------------
   3:     ''' generated source for class Identifier '''
   4:     
   5:     def valid_s(self, ch):
   6:         ''' generated source for method valid_s '''
[34m-  7:         if ((ch >= 'A' and ch <= 'Z') or (ch >= 'a' and ch <= 'z')):[0m
[32m+  7:         if ((ch >= 'A' and ch <= 'Z') or (ch >= '' and ch <= 'z')):[0m
   8:             return True
   9:         else:
  10:             return False
  11:     
--------------------------------------------------------------------------------
[0.13151 s] [31msurvived[0m
[36m   -[0m [#  19] CRP identifier1: 
--------------------------------------------------------------------------------
   3:     ''' generated source for class Identifier '''
   4:     
   5:     def valid_s(self, ch):
   6:         ''' generated source for method valid_s '''
[34m-  7:         if ((ch >= 'A' and ch <= 'Z') or (ch >= 'a' and ch <= 'z')):[0m
[32m+  7:         if ((ch >= 'A' and ch <= 'Z') or (ch >= 'a' and ch <= 'mutpy')):[0m
   8:             return True
   9:         else:
  10:             return False
  11:     
--------------------------------------------------------------------------------
[0.18058 s] [32mkilled[0m by WHOLE_SUITE/test_identifier1_WHOLE_SUITE.py::test_case_6

def test_case_6():
        str_0 = 'u'
        bytes_0 = b'~P%d\x99S'
        identifier_0 = module_0.Identifier()
        var_0 = identifier_0.validateIdentifier(str_0)
>       assert var_0 is True
E       AssertionError

WHOLE_SUITE/test_identifier1_WHOLE_SUITE.py:56: AssertionError
[36m   -[0m [#  20] CRP identifier1: 
--------------------------------------------------------------------------------
   3:     ''' generated source for class Identifier '''
   4:     
   5:     def valid_s(self, ch):
   6:         ''' generated source for method valid_s '''
[34m-  7:         if ((ch >= 'A' and ch <= 'Z') or (ch >= 'a' and ch <= 'z')):[0m
[32m+  7:         if ((ch >= 'A' and ch <= 'Z') or (ch >= 'a' and ch <= '')):[0m
   8:             return True
   9:         else:
  10:             return False
  11:     
--------------------------------------------------------------------------------
[0.17867 s] [32mkilled[0m by WHOLE_SUITE/test_identifier1_WHOLE_SUITE.py::test_case_6

def test_case_6():
        str_0 = 'u'
        bytes_0 = b'~P%d\x99S'
        identifier_0 = module_0.Identifier()
        var_0 = identifier_0.validateIdentifier(str_0)
>       assert var_0 is True
E       AssertionError

WHOLE_SUITE/test_identifier1_WHOLE_SUITE.py:56: AssertionError
[36m   -[0m [#  21] CRP identifier1: 
--------------------------------------------------------------------------------
  10:             return False
  11:     
  12:     def valid_f(self, ch):
  13:         ''' generated source for method valid_f '''
[34m- 14:         if ((ch >= 'A' and ch <= 'Z') or (ch >= 'a' and ch <= 'z') or (ch >= '0' and ch <= '9')):[0m
[32m+ 14:         if ((ch >= 'mutpy' and ch <= 'Z') or (ch >= 'a' and ch <= 'z') or (ch >= '0' and ch <= '9')):[0m
  15:             return True
  16:         else:
  17:             return False
  18:     
--------------------------------------------------------------------------------
[0.14555 s] [31msurvived[0m
[36m   -[0m [#  22] CRP identifier1: 
--------------------------------------------------------------------------------
  10:             return False
  11:     
  12:     def valid_f(self, ch):
  13:         ''' generated source for method valid_f '''
[34m- 14:         if ((ch >= 'A' and ch <= 'Z') or (ch >= 'a' and ch <= 'z') or (ch >= '0' and ch <= '9')):[0m
[32m+ 14:         if ((ch >= '' and ch <= 'Z') or (ch >= 'a' and ch <= 'z') or (ch >= '0' and ch <= '9')):[0m
  15:             return True
  16:         else:
  17:             return False
  18:     
--------------------------------------------------------------------------------
[0.17518 s] [31msurvived[0m
[36m   -[0m [#  23] CRP identifier1: 
--------------------------------------------------------------------------------
  10:             return False
  11:     
  12:     def valid_f(self, ch):
  13:         ''' generated source for method valid_f '''
[34m- 14:         if ((ch >= 'A' and ch <= 'Z') or (ch >= 'a' and ch <= 'z') or (ch >= '0' and ch <= '9')):[0m
[32m+ 14:         if ((ch >= 'A' and ch <= 'mutpy') or (ch >= 'a' and ch <= 'z') or (ch >= '0' and ch <= '9')):[0m
  15:             return True
  16:         else:
  17:             return False
  18:     
--------------------------------------------------------------------------------
[0.17629 s] [31msurvived[0m
[36m   -[0m [#  24] CRP identifier1: 
--------------------------------------------------------------------------------
  10:             return False
  11:     
  12:     def valid_f(self, ch):
  13:         ''' generated source for method valid_f '''
[34m- 14:         if ((ch >= 'A' and ch <= 'Z') or (ch >= 'a' and ch <= 'z') or (ch >= '0' and ch <= '9')):[0m
[32m+ 14:         if ((ch >= 'A' and ch <= '') or (ch >= 'a' and ch <= 'z') or (ch >= '0' and ch <= '9')):[0m
  15:             return True
  16:         else:
  17:             return False
  18:     
--------------------------------------------------------------------------------
[0.18170 s] [31msurvived[0m
[36m   -[0m [#  25] CRP identifier1: 
--------------------------------------------------------------------------------
  10:             return False
  11:     
  12:     def valid_f(self, ch):
  13:         ''' generated source for method valid_f '''
[34m- 14:         if ((ch >= 'A' and ch <= 'Z') or (ch >= 'a' and ch <= 'z') or (ch >= '0' and ch <= '9')):[0m
[32m+ 14:         if ((ch >= 'A' and ch <= 'Z') or (ch >= 'mutpy' and ch <= 'z') or (ch >= '0' and ch <= '9')):[0m
  15:             return True
  16:         else:
  17:             return False
  18:     
--------------------------------------------------------------------------------
[0.16880 s] [32mkilled[0m by WHOLE_SUITE/test_identifier1_WHOLE_SUITE.py::test_case_5

def test_case_5():
        str_0 = 'dYjOEfJ'
        identifier_0 = module_0.Identifier()
        identifier_1 = module_0.Identifier()
        identifier_2 = module_0.Identifier()
        var_0 = identifier_2.valid_f(str_0)
>       assert var_0 is True
E       AssertionError

WHOLE_SUITE/test_identifier1_WHOLE_SUITE.py:47: AssertionError
[36m   -[0m [#  26] CRP identifier1: 
--------------------------------------------------------------------------------
  10:             return False
  11:     
  12:     def valid_f(self, ch):
  13:         ''' generated source for method valid_f '''
[34m- 14:         if ((ch >= 'A' and ch <= 'Z') or (ch >= 'a' and ch <= 'z') or (ch >= '0' and ch <= '9')):[0m
[32m+ 14:         if ((ch >= 'A' and ch <= 'Z') or (ch >= '' and ch <= 'z') or (ch >= '0' and ch <= '9')):[0m
  15:             return True
  16:         else:
  17:             return False
  18:     
--------------------------------------------------------------------------------
[0.14931 s] [31msurvived[0m
[36m   -[0m [#  27] CRP identifier1: 
--------------------------------------------------------------------------------
  10:             return False
  11:     
  12:     def valid_f(self, ch):
  13:         ''' generated source for method valid_f '''
[34m- 14:         if ((ch >= 'A' and ch <= 'Z') or (ch >= 'a' and ch <= 'z') or (ch >= '0' and ch <= '9')):[0m
[32m+ 14:         if ((ch >= 'A' and ch <= 'Z') or (ch >= 'a' and ch <= 'mutpy') or (ch >= '0' and ch <= '9')):[0m
  15:             return True
  16:         else:
  17:             return False
  18:     
--------------------------------------------------------------------------------
[0.13389 s] [31msurvived[0m
[36m   -[0m [#  28] CRP identifier1: 
--------------------------------------------------------------------------------
  10:             return False
  11:     
  12:     def valid_f(self, ch):
  13:         ''' generated source for method valid_f '''
[34m- 14:         if ((ch >= 'A' and ch <= 'Z') or (ch >= 'a' and ch <= 'z') or (ch >= '0' and ch <= '9')):[0m
[32m+ 14:         if ((ch >= 'A' and ch <= 'Z') or (ch >= 'a' and ch <= '') or (ch >= '0' and ch <= '9')):[0m
  15:             return True
  16:         else:
  17:             return False
  18:     
--------------------------------------------------------------------------------
[0.15648 s] [32mkilled[0m by WHOLE_SUITE/test_identifier1_WHOLE_SUITE.py::test_case_5

def test_case_5():
        str_0 = 'dYjOEfJ'
        identifier_0 = module_0.Identifier()
        identifier_1 = module_0.Identifier()
        identifier_2 = module_0.Identifier()
        var_0 = identifier_2.valid_f(str_0)
>       assert var_0 is True
E       AssertionError

WHOLE_SUITE/test_identifier1_WHOLE_SUITE.py:47: AssertionError
[36m   -[0m [#  29] CRP identifier1: 
--------------------------------------------------------------------------------
  10:             return False
  11:     
  12:     def valid_f(self, ch):
  13:         ''' generated source for method valid_f '''
[34m- 14:         if ((ch >= 'A' and ch <= 'Z') or (ch >= 'a' and ch <= 'z') or (ch >= '0' and ch <= '9')):[0m
[32m+ 14:         if ((ch >= 'A' and ch <= 'Z') or (ch >= 'a' and ch <= 'z') or (ch >= 'mutpy' and ch <= '9')):[0m
  15:             return True
  16:         else:
  17:             return False
  18:     
--------------------------------------------------------------------------------
[0.14057 s] [31msurvived[0m
[36m   -[0m [#  30] CRP identifier1: 
--------------------------------------------------------------------------------
  10:             return False
  11:     
  12:     def valid_f(self, ch):
  13:         ''' generated source for method valid_f '''
[34m- 14:         if ((ch >= 'A' and ch <= 'Z') or (ch >= 'a' and ch <= 'z') or (ch >= '0' and ch <= '9')):[0m
[32m+ 14:         if ((ch >= 'A' and ch <= 'Z') or (ch >= 'a' and ch <= 'z') or (ch >= '' and ch <= '9')):[0m
  15:             return True
  16:         else:
  17:             return False
  18:     
--------------------------------------------------------------------------------
[0.14910 s] [31msurvived[0m
[36m   -[0m [#  31] CRP identifier1: 
--------------------------------------------------------------------------------
  10:             return False
  11:     
  12:     def valid_f(self, ch):
  13:         ''' generated source for method valid_f '''
[34m- 14:         if ((ch >= 'A' and ch <= 'Z') or (ch >= 'a' and ch <= 'z') or (ch >= '0' and ch <= '9')):[0m
[32m+ 14:         if ((ch >= 'A' and ch <= 'Z') or (ch >= 'a' and ch <= 'z') or (ch >= '0' and ch <= 'mutpy')):[0m
  15:             return True
  16:         else:
  17:             return False
  18:     
--------------------------------------------------------------------------------
[0.15128 s] [31msurvived[0m
[36m   -[0m [#  32] CRP identifier1: 
--------------------------------------------------------------------------------
  10:             return False
  11:     
  12:     def valid_f(self, ch):
  13:         ''' generated source for method valid_f '''
[34m- 14:         if ((ch >= 'A' and ch <= 'Z') or (ch >= 'a' and ch <= 'z') or (ch >= '0' and ch <= '9')):[0m
[32m+ 14:         if ((ch >= 'A' and ch <= 'Z') or (ch >= 'a' and ch <= 'z') or (ch >= '0' and ch <= '')):[0m
  15:             return True
  16:         else:
  17:             return False
  18:     
--------------------------------------------------------------------------------
[0.15019 s] [31msurvived[0m
[36m   -[0m [#  33] CRP identifier1: 
--------------------------------------------------------------------------------
  19:     def validateIdentifier(self, s):
  20:         ''' generated source for method validateIdentifier '''
  21:         achar = str()
  22:         valid_id = False
[34m- 23:         if len(s) > 0:[0m
[32m+ 23:         if len(s) > 1:[0m
  24:             achar = s[0]
  25:             valid_id = self.valid_s(achar)
  26:             if len(s) > 1:
  27:                 achar = s[1]
--------------------------------------------------------------------------------
[0.16298 s] [32mkilled[0m by WHOLE_SUITE/test_identifier1_WHOLE_SUITE.py::test_case_6

def test_case_6():
        str_0 = 'u'
        bytes_0 = b'~P%d\x99S'
        identifier_0 = module_0.Identifier()
        var_0 = identifier_0.validateIdentifier(str_0)
>       assert var_0 is True
E       AssertionError

WHOLE_SUITE/test_identifier1_WHOLE_SUITE.py:56: AssertionError
[36m   -[0m [#  34] CRP identifier1: 
--------------------------------------------------------------------------------
  20:         ''' generated source for method validateIdentifier '''
  21:         achar = str()
  22:         valid_id = False
  23:         if len(s) > 0:
[34m- 24:             achar = s[0][0m
[32m+ 24:             achar = s[1][0m
  25:             valid_id = self.valid_s(achar)
  26:             if len(s) > 1:
  27:                 achar = s[1]
  28:                 i = 1
--------------------------------------------------------------------------------
[0.15860 s] [32mkilled[0m by WHOLE_SUITE/test_identifier1_WHOLE_SUITE.py::test_case_6

def test_case_6():
        str_0 = 'u'
        bytes_0 = b'~P%d\x99S'
        identifier_0 = module_0.Identifier()
>       var_0 = identifier_0.validateIdentifier(str_0)

WHOLE_SUITE/test_identifier1_WHOLE_SUITE.py:55: 
_ _ _ _ _ _ _ _ _ _ _ _ _ _ _ _ _ _ _ _ _ _ _ _ _ _ _ _ _ _ _ _ _ _ _ _ _ _ _ _ 

self = <identifier1.Identifier object at 0x7fd52d441150>, s = 'u'

>   ???
E   IndexError: string index out of range

identifier1:24: IndexError
[36m   -[0m [#  35] CRP identifier1: 
--------------------------------------------------------------------------------
  22:         valid_id = False
  23:         if len(s) > 0:
  24:             achar = s[0]
  25:             valid_id = self.valid_s(achar)
[34m- 26:             if len(s) > 1:[0m
[32m+ 26:             if len(s) > 2:[0m
  27:                 achar = s[1]
  28:                 i = 1
  29:                 while i < len(s):
  30:                     achar = s[i]
--------------------------------------------------------------------------------
[0.13287 s] [31msurvived[0m
[36m   -[0m [#  36] CRP identifier1: 
--------------------------------------------------------------------------------
  23:         if len(s) > 0:
  24:             achar = s[0]
  25:             valid_id = self.valid_s(achar)
  26:             if len(s) > 1:
[34m- 27:                 achar = s[1][0m
[32m+ 27:                 achar = s[2][0m
  28:                 i = 1
  29:                 while i < len(s):
  30:                     achar = s[i]
  31:                     if not (self.valid_f(achar)):
--------------------------------------------------------------------------------
[0.18057 s] [32mkilled[0m by WHOLE_SUITE/test_identifier1_WHOLE_SUITE.py::test_case_9

def test_case_9():
        str_0 = '1~'
        identifier_0 = module_0.Identifier()
>       var_0 = identifier_0.validateIdentifier(str_0)

WHOLE_SUITE/test_identifier1_WHOLE_SUITE.py:74: 
_ _ _ _ _ _ _ _ _ _ _ _ _ _ _ _ _ _ _ _ _ _ _ _ _ _ _ _ _ _ _ _ _ _ _ _ _ _ _ _ 

self = <identifier1.Identifier object at 0x7fd52d499c60>, s = '1~'

>   ???
E   IndexError: string index out of range

identifier1:27: IndexError
[36m   -[0m [#  37] CRP identifier1: 
--------------------------------------------------------------------------------
  24:             achar = s[0]
  25:             valid_id = self.valid_s(achar)
  26:             if len(s) > 1:
  27:                 achar = s[1]
[34m- 28:                 i = 1[0m
[32m+ 28:                 i = 2[0m
  29:                 while i < len(s):
  30:                     achar = s[i]
  31:                     if not (self.valid_f(achar)):
  32:                         valid_id = False
--------------------------------------------------------------------------------
[0.14894 s] [31msurvived[0m
[36m   -[0m [#  38] CRP identifier1: 
--------------------------------------------------------------------------------
  29:                 while i < len(s):
  30:                     achar = s[i]
  31:                     if not (self.valid_f(achar)):
  32:                         valid_id = False
[34m- 33:                     i += 1[0m
[32m+ 33:                     i += 2[0m
  34:             if (valid_id and len(s) >= 1 and len(s) <= 6):
  35:                 return True
  36:             else:
  37:                 return False
--------------------------------------------------------------------------------
[0.15165 s] [31msurvived[0m
[36m   -[0m [#  39] CRP identifier1: 
--------------------------------------------------------------------------------
  30:                     achar = s[i]
  31:                     if not (self.valid_f(achar)):
  32:                         valid_id = False
  33:                     i += 1
[34m- 34:             if (valid_id and len(s) >= 1 and len(s) <= 6):[0m
[32m+ 34:             if (valid_id and len(s) >= 2 and len(s) <= 6):[0m
  35:                 return True
  36:             else:
  37:                 return False
  38:         else:
--------------------------------------------------------------------------------
[0.16144 s] [32mkilled[0m by WHOLE_SUITE/test_identifier1_WHOLE_SUITE.py::test_case_6

def test_case_6():
        str_0 = 'u'
        bytes_0 = b'~P%d\x99S'
        identifier_0 = module_0.Identifier()
        var_0 = identifier_0.validateIdentifier(str_0)
>       assert var_0 is True
E       AssertionError

WHOLE_SUITE/test_identifier1_WHOLE_SUITE.py:56: AssertionError
[36m   -[0m [#  40] CRP identifier1: 
--------------------------------------------------------------------------------
  30:                     achar = s[i]
  31:                     if not (self.valid_f(achar)):
  32:                         valid_id = False
  33:                     i += 1
[34m- 34:             if (valid_id and len(s) >= 1 and len(s) <= 6):[0m
[32m+ 34:             if (valid_id and len(s) >= 1 and len(s) <= 7):[0m
  35:                 return True
  36:             else:
  37:                 return False
  38:         else:
--------------------------------------------------------------------------------
[0.18074 s] [32mkilled[0m by WHOLE_SUITE/test_identifier1_WHOLE_SUITE.py::test_case_5

def test_case_5():
        str_0 = 'dYjOEfJ'
        identifier_0 = module_0.Identifier()
        identifier_1 = module_0.Identifier()
        identifier_2 = module_0.Identifier()
        var_0 = identifier_2.valid_f(str_0)
        assert var_0 is True
        var_1 = identifier_1.validateIdentifier(str_0)
>       assert var_1 is False
E       AssertionError

WHOLE_SUITE/test_identifier1_WHOLE_SUITE.py:49: AssertionError
[36m   -[0m [#  41] LCR identifier1: 
--------------------------------------------------------------------------------
   3:     ''' generated source for class Identifier '''
   4:     
   5:     def valid_s(self, ch):
   6:         ''' generated source for method valid_s '''
[34m-  7:         if ((ch >= 'A' and ch <= 'Z') or (ch >= 'a' and ch <= 'z')):[0m
[32m+  7:         if ((ch >= 'A' and ch <= 'Z') and (ch >= 'a' and ch <= 'z')):[0m
   8:             return True
   9:         else:
  10:             return False
  11:     
--------------------------------------------------------------------------------
[0.18031 s] [32mkilled[0m by WHOLE_SUITE/test_identifier1_WHOLE_SUITE.py::test_case_6

def test_case_6():
        str_0 = 'u'
        bytes_0 = b'~P%d\x99S'
        identifier_0 = module_0.Identifier()
        var_0 = identifier_0.validateIdentifier(str_0)
>       assert var_0 is True
E       AssertionError

WHOLE_SUITE/test_identifier1_WHOLE_SUITE.py:56: AssertionError
[36m   -[0m [#  42] LCR identifier1: 
--------------------------------------------------------------------------------
   3:     ''' generated source for class Identifier '''
   4:     
   5:     def valid_s(self, ch):
   6:         ''' generated source for method valid_s '''
[34m-  7:         if ((ch >= 'A' and ch <= 'Z') or (ch >= 'a' and ch <= 'z')):[0m
[32m+  7:         if ((ch >= 'A' or ch <= 'Z') or (ch >= 'a' and ch <= 'z')):[0m
   8:             return True
   9:         else:
  10:             return False
  11:     
--------------------------------------------------------------------------------
[0.17777 s] [32mkilled[0m by WHOLE_SUITE/test_identifier1_WHOLE_SUITE.py::test_case_8

def test_case_8():
        object_0 = module_1.object()
        int_0 = 2545
        str_0 = "}#Ys%@&Kx,u=M)6'V"
        identifier_0 = module_0.Identifier()
        var_0 = identifier_0.valid_s(str_0)
>       assert var_0 is False
E       AssertionError

WHOLE_SUITE/test_identifier1_WHOLE_SUITE.py:69: AssertionError
[36m   -[0m [#  43] LCR identifier1: 
--------------------------------------------------------------------------------
   3:     ''' generated source for class Identifier '''
   4:     
   5:     def valid_s(self, ch):
   6:         ''' generated source for method valid_s '''
[34m-  7:         if ((ch >= 'A' and ch <= 'Z') or (ch >= 'a' and ch <= 'z')):[0m
[32m+  7:         if ((ch >= 'A' and ch <= 'Z') or (ch >= 'a' or ch <= 'z')):[0m
   8:             return True
   9:         else:
  10:             return False
  11:     
--------------------------------------------------------------------------------
[0.18032 s] [32mkilled[0m by WHOLE_SUITE/test_identifier1_WHOLE_SUITE.py::test_case_8

def test_case_8():
        object_0 = module_1.object()
        int_0 = 2545
        str_0 = "}#Ys%@&Kx,u=M)6'V"
        identifier_0 = module_0.Identifier()
        var_0 = identifier_0.valid_s(str_0)
>       assert var_0 is False
E       AssertionError

WHOLE_SUITE/test_identifier1_WHOLE_SUITE.py:69: AssertionError
[36m   -[0m [#  44] LCR identifier1: 
--------------------------------------------------------------------------------
  10:             return False
  11:     
  12:     def valid_f(self, ch):
  13:         ''' generated source for method valid_f '''
[34m- 14:         if ((ch >= 'A' and ch <= 'Z') or (ch >= 'a' and ch <= 'z') or (ch >= '0' and ch <= '9')):[0m
[32m+ 14:         if ((ch >= 'A' and ch <= 'Z') and (ch >= 'a' and ch <= 'z') and (ch >= '0' and ch <= '9')):[0m
  15:             return True
  16:         else:
  17:             return False
  18:     
--------------------------------------------------------------------------------
[0.17659 s] [32mkilled[0m by WHOLE_SUITE/test_identifier1_WHOLE_SUITE.py::test_case_5

def test_case_5():
        str_0 = 'dYjOEfJ'
        identifier_0 = module_0.Identifier()
        identifier_1 = module_0.Identifier()
        identifier_2 = module_0.Identifier()
        var_0 = identifier_2.valid_f(str_0)
>       assert var_0 is True
E       AssertionError

WHOLE_SUITE/test_identifier1_WHOLE_SUITE.py:47: AssertionError
[36m   -[0m [#  45] LCR identifier1: 
--------------------------------------------------------------------------------
  10:             return False
  11:     
  12:     def valid_f(self, ch):
  13:         ''' generated source for method valid_f '''
[34m- 14:         if ((ch >= 'A' and ch <= 'Z') or (ch >= 'a' and ch <= 'z') or (ch >= '0' and ch <= '9')):[0m
[32m+ 14:         if ((ch >= 'A' or ch <= 'Z') or (ch >= 'a' and ch <= 'z') or (ch >= '0' and ch <= '9')):[0m
  15:             return True
  16:         else:
  17:             return False
  18:     
--------------------------------------------------------------------------------
[0.15228 s] [31msurvived[0m
[36m   -[0m [#  46] LCR identifier1: 
--------------------------------------------------------------------------------
  10:             return False
  11:     
  12:     def valid_f(self, ch):
  13:         ''' generated source for method valid_f '''
[34m- 14:         if ((ch >= 'A' and ch <= 'Z') or (ch >= 'a' and ch <= 'z') or (ch >= '0' and ch <= '9')):[0m
[32m+ 14:         if ((ch >= 'A' and ch <= 'Z') or (ch >= 'a' or ch <= 'z') or (ch >= '0' and ch <= '9')):[0m
  15:             return True
  16:         else:
  17:             return False
  18:     
--------------------------------------------------------------------------------
[0.15124 s] [31msurvived[0m
[36m   -[0m [#  47] LCR identifier1: 
--------------------------------------------------------------------------------
  10:             return False
  11:     
  12:     def valid_f(self, ch):
  13:         ''' generated source for method valid_f '''
[34m- 14:         if ((ch >= 'A' and ch <= 'Z') or (ch >= 'a' and ch <= 'z') or (ch >= '0' and ch <= '9')):[0m
[32m+ 14:         if ((ch >= 'A' and ch <= 'Z') or (ch >= 'a' and ch <= 'z') or (ch >= '0' or ch <= '9')):[0m
  15:             return True
  16:         else:
  17:             return False
  18:     
--------------------------------------------------------------------------------
[0.13411 s] [31msurvived[0m
[36m   -[0m [#  48] LCR identifier1: 
--------------------------------------------------------------------------------
  30:                     achar = s[i]
  31:                     if not (self.valid_f(achar)):
  32:                         valid_id = False
  33:                     i += 1
[34m- 34:             if (valid_id and len(s) >= 1 and len(s) <= 6):[0m
[32m+ 34:             if (valid_id or len(s) >= 1 or len(s) <= 6):[0m
  35:                 return True
  36:             else:
  37:                 return False
  38:         else:
--------------------------------------------------------------------------------
[0.20294 s] [32mkilled[0m by WHOLE_SUITE/test_identifier1_WHOLE_SUITE.py::test_case_0

def test_case_0():
        none_type_0 = None
        identifier_0 = module_0.Identifier()
        str_0 = 'N~P{c=2s'
        var_0 = identifier_0.validateIdentifier(str_0)
>       assert var_0 is False
E       AssertionError

WHOLE_SUITE/test_identifier1_WHOLE_SUITE.py:11: AssertionError
[36m   -[0m [#  49] OIL identifier1: 
--------------------------------------------------------------------------------
  30:                     achar = s[i]
  31:                     if not (self.valid_f(achar)):
  32:                         valid_id = False
  33:                     i += 1
[34m- 34:             if (valid_id and len(s) >= 1 and len(s) <= 6):[0m
[34m- 35:                 return True[0m
[34m- 36:             else:[0m
[34m- 37:                 return False[0m
[32m+ 34:                     break[0m
[32m+ 35:             if (valid_id and len(s) >= 1 and len(s) <= 6):[0m
[32m+ 36:                 return True[0m
[32m+ 37:             else:return False[0m
  38:         else:
  39:             return False
--------------------------------------------------------------------------------
[0.18987 s] [31msurvived[0m
[36m   -[0m [#  50] ROR identifier1: 
--------------------------------------------------------------------------------
   3:     ''' generated source for class Identifier '''
   4:     
   5:     def valid_s(self, ch):
   6:         ''' generated source for method valid_s '''
[34m-  7:         if ((ch >= 'A' and ch <= 'Z') or (ch >= 'a' and ch <= 'z')):[0m
[32m+  7:         if ((ch <= 'A' and ch <= 'Z') or (ch >= 'a' and ch <= 'z')):[0m
   8:             return True
   9:         else:
  10:             return False
  11:     
--------------------------------------------------------------------------------
[0.18321 s] [31msurvived[0m
[36m   -[0m [#  51] ROR identifier1: 
--------------------------------------------------------------------------------
   3:     ''' generated source for class Identifier '''
   4:     
   5:     def valid_s(self, ch):
   6:         ''' generated source for method valid_s '''
[34m-  7:         if ((ch >= 'A' and ch <= 'Z') or (ch >= 'a' and ch <= 'z')):[0m
[32m+  7:         if ((ch > 'A' and ch <= 'Z') or (ch >= 'a' and ch <= 'z')):[0m
   8:             return True
   9:         else:
  10:             return False
  11:     
--------------------------------------------------------------------------------
[0.13513 s] [31msurvived[0m
[36m   -[0m [#  52] ROR identifier1: 
--------------------------------------------------------------------------------
   3:     ''' generated source for class Identifier '''
   4:     
   5:     def valid_s(self, ch):
   6:         ''' generated source for method valid_s '''
[34m-  7:         if ((ch >= 'A' and ch <= 'Z') or (ch >= 'a' and ch <= 'z')):[0m
[32m+  7:         if ((ch >= 'A' and ch >= 'Z') or (ch >= 'a' and ch <= 'z')):[0m
   8:             return True
   9:         else:
  10:             return False
  11:     
--------------------------------------------------------------------------------
[0.18181 s] [32mkilled[0m by WHOLE_SUITE/test_identifier1_WHOLE_SUITE.py::test_case_8

def test_case_8():
        object_0 = module_1.object()
        int_0 = 2545
        str_0 = "}#Ys%@&Kx,u=M)6'V"
        identifier_0 = module_0.Identifier()
        var_0 = identifier_0.valid_s(str_0)
>       assert var_0 is False
E       AssertionError

WHOLE_SUITE/test_identifier1_WHOLE_SUITE.py:69: AssertionError
[36m   -[0m [#  53] ROR identifier1: 
--------------------------------------------------------------------------------
   3:     ''' generated source for class Identifier '''
   4:     
   5:     def valid_s(self, ch):
   6:         ''' generated source for method valid_s '''
[34m-  7:         if ((ch >= 'A' and ch <= 'Z') or (ch >= 'a' and ch <= 'z')):[0m
[32m+  7:         if ((ch >= 'A' and ch < 'Z') or (ch >= 'a' and ch <= 'z')):[0m
   8:             return True
   9:         else:
  10:             return False
  11:     
--------------------------------------------------------------------------------
[0.13784 s] [31msurvived[0m
[36m   -[0m [#  54] ROR identifier1: 
--------------------------------------------------------------------------------
   3:     ''' generated source for class Identifier '''
   4:     
   5:     def valid_s(self, ch):
   6:         ''' generated source for method valid_s '''
[34m-  7:         if ((ch >= 'A' and ch <= 'Z') or (ch >= 'a' and ch <= 'z')):[0m
[32m+  7:         if ((ch >= 'A' and ch <= 'Z') or (ch <= 'a' and ch <= 'z')):[0m
   8:             return True
   9:         else:
  10:             return False
  11:     
--------------------------------------------------------------------------------
[0.17918 s] [32mkilled[0m by WHOLE_SUITE/test_identifier1_WHOLE_SUITE.py::test_case_6

def test_case_6():
        str_0 = 'u'
        bytes_0 = b'~P%d\x99S'
        identifier_0 = module_0.Identifier()
        var_0 = identifier_0.validateIdentifier(str_0)
>       assert var_0 is True
E       AssertionError

WHOLE_SUITE/test_identifier1_WHOLE_SUITE.py:56: AssertionError
[36m   -[0m [#  55] ROR identifier1: 
--------------------------------------------------------------------------------
   3:     ''' generated source for class Identifier '''
   4:     
   5:     def valid_s(self, ch):
   6:         ''' generated source for method valid_s '''
[34m-  7:         if ((ch >= 'A' and ch <= 'Z') or (ch >= 'a' and ch <= 'z')):[0m
[32m+  7:         if ((ch >= 'A' and ch <= 'Z') or (ch > 'a' and ch <= 'z')):[0m
   8:             return True
   9:         else:
  10:             return False
  11:     
--------------------------------------------------------------------------------
[0.13276 s] [31msurvived[0m
[36m   -[0m [#  56] ROR identifier1: 
--------------------------------------------------------------------------------
   3:     ''' generated source for class Identifier '''
   4:     
   5:     def valid_s(self, ch):
   6:         ''' generated source for method valid_s '''
[34m-  7:         if ((ch >= 'A' and ch <= 'Z') or (ch >= 'a' and ch <= 'z')):[0m
[32m+  7:         if ((ch >= 'A' and ch <= 'Z') or (ch >= 'a' and ch >= 'z')):[0m
   8:             return True
   9:         else:
  10:             return False
  11:     
--------------------------------------------------------------------------------
[0.16131 s] [32mkilled[0m by WHOLE_SUITE/test_identifier1_WHOLE_SUITE.py::test_case_6

def test_case_6():
        str_0 = 'u'
        bytes_0 = b'~P%d\x99S'
        identifier_0 = module_0.Identifier()
        var_0 = identifier_0.validateIdentifier(str_0)
>       assert var_0 is True
E       AssertionError

WHOLE_SUITE/test_identifier1_WHOLE_SUITE.py:56: AssertionError
[36m   -[0m [#  57] ROR identifier1: 
--------------------------------------------------------------------------------
   3:     ''' generated source for class Identifier '''
   4:     
   5:     def valid_s(self, ch):
   6:         ''' generated source for method valid_s '''
[34m-  7:         if ((ch >= 'A' and ch <= 'Z') or (ch >= 'a' and ch <= 'z')):[0m
[32m+  7:         if ((ch >= 'A' and ch <= 'Z') or (ch >= 'a' and ch < 'z')):[0m
   8:             return True
   9:         else:
  10:             return False
  11:     
--------------------------------------------------------------------------------
[0.13669 s] [31msurvived[0m
[36m   -[0m [#  58] ROR identifier1: 
--------------------------------------------------------------------------------
  10:             return False
  11:     
  12:     def valid_f(self, ch):
  13:         ''' generated source for method valid_f '''
[34m- 14:         if ((ch >= 'A' and ch <= 'Z') or (ch >= 'a' and ch <= 'z') or (ch >= '0' and ch <= '9')):[0m
[32m+ 14:         if ((ch <= 'A' and ch <= 'Z') or (ch >= 'a' and ch <= 'z') or (ch >= '0' and ch <= '9')):[0m
  15:             return True
  16:         else:
  17:             return False
  18:     
--------------------------------------------------------------------------------
[0.14292 s] [31msurvived[0m
[36m   -[0m [#  59] ROR identifier1: 
--------------------------------------------------------------------------------
  10:             return False
  11:     
  12:     def valid_f(self, ch):
  13:         ''' generated source for method valid_f '''
[34m- 14:         if ((ch >= 'A' and ch <= 'Z') or (ch >= 'a' and ch <= 'z') or (ch >= '0' and ch <= '9')):[0m
[32m+ 14:         if ((ch > 'A' and ch <= 'Z') or (ch >= 'a' and ch <= 'z') or (ch >= '0' and ch <= '9')):[0m
  15:             return True
  16:         else:
  17:             return False
  18:     
--------------------------------------------------------------------------------
[0.14970 s] [31msurvived[0m
[36m   -[0m [#  60] ROR identifier1: 
--------------------------------------------------------------------------------
  10:             return False
  11:     
  12:     def valid_f(self, ch):
  13:         ''' generated source for method valid_f '''
[34m- 14:         if ((ch >= 'A' and ch <= 'Z') or (ch >= 'a' and ch <= 'z') or (ch >= '0' and ch <= '9')):[0m
[32m+ 14:         if ((ch >= 'A' and ch >= 'Z') or (ch >= 'a' and ch <= 'z') or (ch >= '0' and ch <= '9')):[0m
  15:             return True
  16:         else:
  17:             return False
  18:     
--------------------------------------------------------------------------------
[0.14159 s] [31msurvived[0m
[36m   -[0m [#  61] ROR identifier1: 
--------------------------------------------------------------------------------
  10:             return False
  11:     
  12:     def valid_f(self, ch):
  13:         ''' generated source for method valid_f '''
[34m- 14:         if ((ch >= 'A' and ch <= 'Z') or (ch >= 'a' and ch <= 'z') or (ch >= '0' and ch <= '9')):[0m
[32m+ 14:         if ((ch >= 'A' and ch < 'Z') or (ch >= 'a' and ch <= 'z') or (ch >= '0' and ch <= '9')):[0m
  15:             return True
  16:         else:
  17:             return False
  18:     
--------------------------------------------------------------------------------
[0.15166 s] [31msurvived[0m
[36m   -[0m [#  62] ROR identifier1: 
--------------------------------------------------------------------------------
  10:             return False
  11:     
  12:     def valid_f(self, ch):
  13:         ''' generated source for method valid_f '''
[34m- 14:         if ((ch >= 'A' and ch <= 'Z') or (ch >= 'a' and ch <= 'z') or (ch >= '0' and ch <= '9')):[0m
[32m+ 14:         if ((ch >= 'A' and ch <= 'Z') or (ch <= 'a' and ch <= 'z') or (ch >= '0' and ch <= '9')):[0m
  15:             return True
  16:         else:
  17:             return False
  18:     
--------------------------------------------------------------------------------
[0.17551 s] [32mkilled[0m by WHOLE_SUITE/test_identifier1_WHOLE_SUITE.py::test_case_5

def test_case_5():
        str_0 = 'dYjOEfJ'
        identifier_0 = module_0.Identifier()
        identifier_1 = module_0.Identifier()
        identifier_2 = module_0.Identifier()
        var_0 = identifier_2.valid_f(str_0)
>       assert var_0 is True
E       AssertionError

WHOLE_SUITE/test_identifier1_WHOLE_SUITE.py:47: AssertionError
[36m   -[0m [#  63] ROR identifier1: 
--------------------------------------------------------------------------------
  10:             return False
  11:     
  12:     def valid_f(self, ch):
  13:         ''' generated source for method valid_f '''
[34m- 14:         if ((ch >= 'A' and ch <= 'Z') or (ch >= 'a' and ch <= 'z') or (ch >= '0' and ch <= '9')):[0m
[32m+ 14:         if ((ch >= 'A' and ch <= 'Z') or (ch > 'a' and ch <= 'z') or (ch >= '0' and ch <= '9')):[0m
  15:             return True
  16:         else:
  17:             return False
  18:     
--------------------------------------------------------------------------------
[0.14515 s] [31msurvived[0m
[36m   -[0m [#  64] ROR identifier1: 
--------------------------------------------------------------------------------
  10:             return False
  11:     
  12:     def valid_f(self, ch):
  13:         ''' generated source for method valid_f '''
[34m- 14:         if ((ch >= 'A' and ch <= 'Z') or (ch >= 'a' and ch <= 'z') or (ch >= '0' and ch <= '9')):[0m
[32m+ 14:         if ((ch >= 'A' and ch <= 'Z') or (ch >= 'a' and ch >= 'z') or (ch >= '0' and ch <= '9')):[0m
  15:             return True
  16:         else:
  17:             return False
  18:     
--------------------------------------------------------------------------------
[0.17524 s] [32mkilled[0m by WHOLE_SUITE/test_identifier1_WHOLE_SUITE.py::test_case_5

def test_case_5():
        str_0 = 'dYjOEfJ'
        identifier_0 = module_0.Identifier()
        identifier_1 = module_0.Identifier()
        identifier_2 = module_0.Identifier()
        var_0 = identifier_2.valid_f(str_0)
>       assert var_0 is True
E       AssertionError

WHOLE_SUITE/test_identifier1_WHOLE_SUITE.py:47: AssertionError
[36m   -[0m [#  65] ROR identifier1: 
--------------------------------------------------------------------------------
  10:             return False
  11:     
  12:     def valid_f(self, ch):
  13:         ''' generated source for method valid_f '''
[34m- 14:         if ((ch >= 'A' and ch <= 'Z') or (ch >= 'a' and ch <= 'z') or (ch >= '0' and ch <= '9')):[0m
[32m+ 14:         if ((ch >= 'A' and ch <= 'Z') or (ch >= 'a' and ch < 'z') or (ch >= '0' and ch <= '9')):[0m
  15:             return True
  16:         else:
  17:             return False
  18:     
--------------------------------------------------------------------------------
[0.15141 s] [31msurvived[0m
[36m   -[0m [#  66] ROR identifier1: 
--------------------------------------------------------------------------------
  10:             return False
  11:     
  12:     def valid_f(self, ch):
  13:         ''' generated source for method valid_f '''
[34m- 14:         if ((ch >= 'A' and ch <= 'Z') or (ch >= 'a' and ch <= 'z') or (ch >= '0' and ch <= '9')):[0m
[32m+ 14:         if ((ch >= 'A' and ch <= 'Z') or (ch >= 'a' and ch <= 'z') or (ch <= '0' and ch <= '9')):[0m
  15:             return True
  16:         else:
  17:             return False
  18:     
--------------------------------------------------------------------------------
[0.15190 s] [31msurvived[0m
[36m   -[0m [#  67] ROR identifier1: 
--------------------------------------------------------------------------------
  10:             return False
  11:     
  12:     def valid_f(self, ch):
  13:         ''' generated source for method valid_f '''
[34m- 14:         if ((ch >= 'A' and ch <= 'Z') or (ch >= 'a' and ch <= 'z') or (ch >= '0' and ch <= '9')):[0m
[32m+ 14:         if ((ch >= 'A' and ch <= 'Z') or (ch >= 'a' and ch <= 'z') or (ch > '0' and ch <= '9')):[0m
  15:             return True
  16:         else:
  17:             return False
  18:     
--------------------------------------------------------------------------------
[0.15097 s] [31msurvived[0m
[36m   -[0m [#  68] ROR identifier1: 
--------------------------------------------------------------------------------
  10:             return False
  11:     
  12:     def valid_f(self, ch):
  13:         ''' generated source for method valid_f '''
[34m- 14:         if ((ch >= 'A' and ch <= 'Z') or (ch >= 'a' and ch <= 'z') or (ch >= '0' and ch <= '9')):[0m
[32m+ 14:         if ((ch >= 'A' and ch <= 'Z') or (ch >= 'a' and ch <= 'z') or (ch >= '0' and ch >= '9')):[0m
  15:             return True
  16:         else:
  17:             return False
  18:     
--------------------------------------------------------------------------------
[0.15042 s] [31msurvived[0m
[36m   -[0m [#  69] ROR identifier1: 
--------------------------------------------------------------------------------
  10:             return False
  11:     
  12:     def valid_f(self, ch):
  13:         ''' generated source for method valid_f '''
[34m- 14:         if ((ch >= 'A' and ch <= 'Z') or (ch >= 'a' and ch <= 'z') or (ch >= '0' and ch <= '9')):[0m
[32m+ 14:         if ((ch >= 'A' and ch <= 'Z') or (ch >= 'a' and ch <= 'z') or (ch >= '0' and ch < '9')):[0m
  15:             return True
  16:         else:
  17:             return False
  18:     
--------------------------------------------------------------------------------
[0.14506 s] [31msurvived[0m
[36m   -[0m [#  70] ROR identifier1: 
--------------------------------------------------------------------------------
  19:     def validateIdentifier(self, s):
  20:         ''' generated source for method validateIdentifier '''
  21:         achar = str()
  22:         valid_id = False
[34m- 23:         if len(s) > 0:[0m
[32m+ 23:         if len(s) < 0:[0m
  24:             achar = s[0]
  25:             valid_id = self.valid_s(achar)
  26:             if len(s) > 1:
  27:                 achar = s[1]
--------------------------------------------------------------------------------
[0.17780 s] [32mkilled[0m by WHOLE_SUITE/test_identifier1_WHOLE_SUITE.py::test_case_6

def test_case_6():
        str_0 = 'u'
        bytes_0 = b'~P%d\x99S'
        identifier_0 = module_0.Identifier()
        var_0 = identifier_0.validateIdentifier(str_0)
>       assert var_0 is True
E       AssertionError

WHOLE_SUITE/test_identifier1_WHOLE_SUITE.py:56: AssertionError
[36m   -[0m [#  71] ROR identifier1: 
--------------------------------------------------------------------------------
  19:     def validateIdentifier(self, s):
  20:         ''' generated source for method validateIdentifier '''
  21:         achar = str()
  22:         valid_id = False
[34m- 23:         if len(s) > 0:[0m
[32m+ 23:         if len(s) >= 0:[0m
  24:             achar = s[0]
  25:             valid_id = self.valid_s(achar)
  26:             if len(s) > 1:
  27:                 achar = s[1]
--------------------------------------------------------------------------------
[0.17026 s] [32mkilled[0m by WHOLE_SUITE/test_identifier1_WHOLE_SUITE.py::test_case_2

def test_case_2():
        list_0 = []
        str_0 = "y\n(s/i'#!\x0b46WuH\x0cixuN"
        dict_0 = {str_0: str_0, str_0: str_0}
        identifier_0 = module_0.Identifier()
>       var_0 = identifier_0.validateIdentifier(list_0)

WHOLE_SUITE/test_identifier1_WHOLE_SUITE.py:24: 
_ _ _ _ _ _ _ _ _ _ _ _ _ _ _ _ _ _ _ _ _ _ _ _ _ _ _ _ _ _ _ _ _ _ _ _ _ _ _ _ 

self = <identifier1.Identifier object at 0x7fd52d3c3dc0>, s = []

>   ???
E   IndexError: list index out of range

identifier1:24: IndexError
[36m   -[0m [#  72] ROR identifier1: 
--------------------------------------------------------------------------------
  22:         valid_id = False
  23:         if len(s) > 0:
  24:             achar = s[0]
  25:             valid_id = self.valid_s(achar)
[34m- 26:             if len(s) > 1:[0m
[32m+ 26:             if len(s) < 1:[0m
  27:                 achar = s[1]
  28:                 i = 1
  29:                 while i < len(s):
  30:                     achar = s[i]
--------------------------------------------------------------------------------
[0.14928 s] [31msurvived[0m
[36m   -[0m [#  73] ROR identifier1: 
--------------------------------------------------------------------------------
  22:         valid_id = False
  23:         if len(s) > 0:
  24:             achar = s[0]
  25:             valid_id = self.valid_s(achar)
[34m- 26:             if len(s) > 1:[0m
[32m+ 26:             if len(s) >= 1:[0m
  27:                 achar = s[1]
  28:                 i = 1
  29:                 while i < len(s):
  30:                     achar = s[i]
--------------------------------------------------------------------------------
[0.17675 s] [32mkilled[0m by WHOLE_SUITE/test_identifier1_WHOLE_SUITE.py::test_case_6

def test_case_6():
        str_0 = 'u'
        bytes_0 = b'~P%d\x99S'
        identifier_0 = module_0.Identifier()
>       var_0 = identifier_0.validateIdentifier(str_0)

WHOLE_SUITE/test_identifier1_WHOLE_SUITE.py:55: 
_ _ _ _ _ _ _ _ _ _ _ _ _ _ _ _ _ _ _ _ _ _ _ _ _ _ _ _ _ _ _ _ _ _ _ _ _ _ _ _ 

self = <identifier1.Identifier object at 0x7fd52d3c14b0>, s = 'u'

>   ???
E   IndexError: string index out of range

identifier1:27: IndexError
[36m   -[0m [#  74] ROR identifier1: 
--------------------------------------------------------------------------------
  25:             valid_id = self.valid_s(achar)
  26:             if len(s) > 1:
  27:                 achar = s[1]
  28:                 i = 1
[34m- 29:                 while i < len(s):[0m
[32m+ 29:                 while i > len(s):[0m
  30:                     achar = s[i]
  31:                     if not (self.valid_f(achar)):
  32:                         valid_id = False
  33:                     i += 1
--------------------------------------------------------------------------------
[0.19667 s] [31msurvived[0m
[36m   -[0m [#  75] ROR identifier1: 
--------------------------------------------------------------------------------
  25:             valid_id = self.valid_s(achar)
  26:             if len(s) > 1:
  27:                 achar = s[1]
  28:                 i = 1
[34m- 29:                 while i < len(s):[0m
[32m+ 29:                 while i <= len(s):[0m
  30:                     achar = s[i]
  31:                     if not (self.valid_f(achar)):
  32:                         valid_id = False
  33:                     i += 1
--------------------------------------------------------------------------------
[0.19754 s] [32mkilled[0m by WHOLE_SUITE/test_identifier1_WHOLE_SUITE.py::test_case_0

def test_case_0():
        none_type_0 = None
        identifier_0 = module_0.Identifier()
        str_0 = 'N~P{c=2s'
>       var_0 = identifier_0.validateIdentifier(str_0)

WHOLE_SUITE/test_identifier1_WHOLE_SUITE.py:10: 
_ _ _ _ _ _ _ _ _ _ _ _ _ _ _ _ _ _ _ _ _ _ _ _ _ _ _ _ _ _ _ _ _ _ _ _ _ _ _ _ 

self = <identifier1.Identifier object at 0x7fd52d3a6aa0>, s = 'N~P{c=2s'

>   ???
E   IndexError: string index out of range

identifier1:30: IndexError
[36m   -[0m [#  76] ROR identifier1: 
--------------------------------------------------------------------------------
  30:                     achar = s[i]
  31:                     if not (self.valid_f(achar)):
  32:                         valid_id = False
  33:                     i += 1
[34m- 34:             if (valid_id and len(s) >= 1 and len(s) <= 6):[0m
[32m+ 34:             if (valid_id and len(s) <= 1 and len(s) <= 6):[0m
  35:                 return True
  36:             else:
  37:                 return False
  38:         else:
--------------------------------------------------------------------------------
[0.19653 s] [31msurvived[0m
[36m   -[0m [#  77] ROR identifier1: 
--------------------------------------------------------------------------------
  30:                     achar = s[i]
  31:                     if not (self.valid_f(achar)):
  32:                         valid_id = False
  33:                     i += 1
[34m- 34:             if (valid_id and len(s) >= 1 and len(s) <= 6):[0m
[32m+ 34:             if (valid_id and len(s) > 1 and len(s) <= 6):[0m
  35:                 return True
  36:             else:
  37:                 return False
  38:         else:
--------------------------------------------------------------------------------
[0.17789 s] [32mkilled[0m by WHOLE_SUITE/test_identifier1_WHOLE_SUITE.py::test_case_6

def test_case_6():
        str_0 = 'u'
        bytes_0 = b'~P%d\x99S'
        identifier_0 = module_0.Identifier()
        var_0 = identifier_0.validateIdentifier(str_0)
>       assert var_0 is True
E       AssertionError

WHOLE_SUITE/test_identifier1_WHOLE_SUITE.py:56: AssertionError
[36m   -[0m [#  78] ROR identifier1: 
--------------------------------------------------------------------------------
  30:                     achar = s[i]
  31:                     if not (self.valid_f(achar)):
  32:                         valid_id = False
  33:                     i += 1
[34m- 34:             if (valid_id and len(s) >= 1 and len(s) <= 6):[0m
[32m+ 34:             if (valid_id and len(s) >= 1 and len(s) >= 6):[0m
  35:                 return True
  36:             else:
  37:                 return False
  38:         else:
--------------------------------------------------------------------------------
[0.17069 s] [32mkilled[0m by WHOLE_SUITE/test_identifier1_WHOLE_SUITE.py::test_case_5

def test_case_5():
        str_0 = 'dYjOEfJ'
        identifier_0 = module_0.Identifier()
        identifier_1 = module_0.Identifier()
        identifier_2 = module_0.Identifier()
        var_0 = identifier_2.valid_f(str_0)
        assert var_0 is True
        var_1 = identifier_1.validateIdentifier(str_0)
>       assert var_1 is False
E       AssertionError

WHOLE_SUITE/test_identifier1_WHOLE_SUITE.py:49: AssertionError
[36m   -[0m [#  79] ROR identifier1: 
--------------------------------------------------------------------------------
  30:                     achar = s[i]
  31:                     if not (self.valid_f(achar)):
  32:                         valid_id = False
  33:                     i += 1
[34m- 34:             if (valid_id and len(s) >= 1 and len(s) <= 6):[0m
[32m+ 34:             if (valid_id and len(s) >= 1 and len(s) < 6):[0m
  35:                 return True
  36:             else:
  37:                 return False
  38:         else:
--------------------------------------------------------------------------------
[0.14618 s] [31msurvived[0m
[36m   -[0m [#  80] SDI identifier1: 
--------------------------------------------------------------------------------
   1: 
   2: class Identifier(object):
   3:     ''' generated source for class Identifier '''
   4:     
[34m-  5:     def valid_s(self, ch):[0m
[34m-  6:         ''' generated source for method valid_s '''[0m
[34m-  7:         if ((ch >= 'A' and ch <= 'Z') or (ch >= 'a' and ch <= 'z')):[0m
[34m-  8:             return True[0m
[34m-  9:         else:[0m
[34m- 10:             return False[0m
[34m- 11:     [0m
[32m+  5:     @staticmethod[0m
[32m+  6:     def valid_s(self, ch):[0m
[32m+  7:         ''' generated source for method valid_s '''[0m
[32m+  8:         if ((ch >= 'A' and ch <= 'Z') or (ch >= 'a' and ch <= 'z')):[0m
[32m+  9:             return True[0m
[32m+ 10:         else:[0m
[32m+ 11:             return False[0m
  12:     def valid_f(self, ch):
  13:         ''' generated source for method valid_f '''
  14:         if ((ch >= 'A' and ch <= 'Z') or (ch >= 'a' and ch <= 'z') or (ch >= '0' and ch <= '9')):
  15:             return True
--------------------------------------------------------------------------------
[0.16885 s] [36mincompetent[0m

TypeError: identifier1:25: TypeError: Identifier.valid_s() missing 1 required positional argument: 'ch'

[36m   -[0m [#  81] SDI identifier1: 
--------------------------------------------------------------------------------
   8:             return True
   9:         else:
  10:             return False
  11:     
[34m- 12:     def valid_f(self, ch):[0m
[34m- 13:         ''' generated source for method valid_f '''[0m
[34m- 14:         if ((ch >= 'A' and ch <= 'Z') or (ch >= 'a' and ch <= 'z') or (ch >= '0' and ch <= '9')):[0m
[34m- 15:             return True[0m
[34m- 16:         else:[0m
[34m- 17:             return False[0m
[34m- 18:     [0m
[32m+ 12:     @staticmethod[0m
[32m+ 13:     def valid_f(self, ch):[0m
[32m+ 14:         ''' generated source for method valid_f '''[0m
[32m+ 15:         if ((ch >= 'A' and ch <= 'Z') or (ch >= 'a' and ch <= 'z') or (ch >= '0' and ch <= '9')):[0m
[32m+ 16:             return True[0m
[32m+ 17:         else:[0m
[32m+ 18:             return False[0m
  19:     def validateIdentifier(self, s):
  20:         ''' generated source for method validateIdentifier '''
  21:         achar = str()
  22:         valid_id = False
--------------------------------------------------------------------------------
[0.14860 s] [36mincompetent[0m

TypeError: identifier1:31: TypeError: Identifier.valid_f() missing 1 required positional argument: 'ch'

[36m   -[0m [#  82] SDI identifier1: 
--------------------------------------------------------------------------------
  15:             return True
  16:         else:
  17:             return False
  18:     
[34m- 19:     def validateIdentifier(self, s):[0m
[34m- 20:         ''' generated source for method validateIdentifier '''[0m
[34m- 21:         achar = str()[0m
[34m- 22:         valid_id = False[0m
[34m- 23:         if len(s) > 0:[0m
[34m- 24:             achar = s[0][0m
[34m- 25:             valid_id = self.valid_s(achar)[0m
[34m- 26:             if len(s) > 1:[0m
[34m- 27:                 achar = s[1][0m
[34m- 28:                 i = 1[0m
[34m- 29:                 while i < len(s):[0m
[34m- 30:                     achar = s[i][0m
[34m- 31:                     if not (self.valid_f(achar)):[0m
[34m- 32:                         valid_id = False[0m
[34m- 33:                     i += 1[0m
[34m- 34:             if (valid_id and len(s) >= 1 and len(s) <= 6):[0m
[34m- 35:                 return True[0m
[34m- 36:             else:[0m
[34m- 37:                 return False[0m
[34m- 38:         else:[0m
[34m- 39:             return False[0m
[32m+ 19:     @staticmethod[0m
[32m+ 20:     def validateIdentifier(self, s):[0m
[32m+ 21:         ''' generated source for method validateIdentifier '''[0m
[32m+ 22:         achar = str()[0m
[32m+ 23:         valid_id = False[0m
[32m+ 24:         if len(s) > 0:[0m
[32m+ 25:             achar = s[0][0m
[32m+ 26:             valid_id = self.valid_s(achar)[0m
[32m+ 27:             if len(s) > 1:[0m
[32m+ 28:                 achar = s[1][0m
[32m+ 29:                 i = 1[0m
[32m+ 30:                 while i < len(s):[0m
[32m+ 31:                     achar = s[i][0m
[32m+ 32:                     if not (self.valid_f(achar)):[0m
[32m+ 33:                         valid_id = False[0m
[32m+ 34:                     i += 1[0m
[32m+ 35:             if (valid_id and len(s) >= 1 and len(s) <= 6):[0m
[32m+ 36:                 return True[0m
[32m+ 37:             else:[0m
[32m+ 38:                 return False[0m
[32m+ 39:         else:[0m
[32m+ 40:             return False[0m
--------------------------------------------------------------------------------
[0.16418 s] [36mincompetent[0m

TypeError: /home/lucca/desktop/ic/experimento/testes/python_experiments/identifier1/WHOLE_SUITE/test_identifier1_WHOLE_SUITE.py:10: TypeError: Identifier.validateIdentifier() missing 1 required positional argument: 's'

[36m   -[0m [#  83] SDL identifier1: 
--------------------------------------------------------------------------------
   4:     
   5:     def valid_s(self, ch):
   6:         ''' generated source for method valid_s '''
   7:         if ((ch >= 'A' and ch <= 'Z') or (ch >= 'a' and ch <= 'z')):
[34m-  8:             return True[0m
[32m+  8:             pass[0m
   9:         else:
  10:             return False
  11:     
  12:     def valid_f(self, ch):
--------------------------------------------------------------------------------
[0.17648 s] [32mkilled[0m by WHOLE_SUITE/test_identifier1_WHOLE_SUITE.py::test_case_6

def test_case_6():
        str_0 = 'u'
        bytes_0 = b'~P%d\x99S'
        identifier_0 = module_0.Identifier()
        var_0 = identifier_0.validateIdentifier(str_0)
>       assert var_0 is True
E       AssertionError

WHOLE_SUITE/test_identifier1_WHOLE_SUITE.py:56: AssertionError
[36m   -[0m [#  84] SDL identifier1: 
--------------------------------------------------------------------------------
   6:         ''' generated source for method valid_s '''
   7:         if ((ch >= 'A' and ch <= 'Z') or (ch >= 'a' and ch <= 'z')):
   8:             return True
   9:         else:
[34m- 10:             return False[0m
[32m+ 10:             pass[0m
  11:     
  12:     def valid_f(self, ch):
  13:         ''' generated source for method valid_f '''
  14:         if ((ch >= 'A' and ch <= 'Z') or (ch >= 'a' and ch <= 'z') or (ch >= '0' and ch <= '9')):
--------------------------------------------------------------------------------
[0.17583 s] [32mkilled[0m by WHOLE_SUITE/test_identifier1_WHOLE_SUITE.py::test_case_8

def test_case_8():
        object_0 = module_1.object()
        int_0 = 2545
        str_0 = "}#Ys%@&Kx,u=M)6'V"
        identifier_0 = module_0.Identifier()
        var_0 = identifier_0.valid_s(str_0)
>       assert var_0 is False
E       AssertionError

WHOLE_SUITE/test_identifier1_WHOLE_SUITE.py:69: AssertionError
[36m   -[0m [#  85] SDL identifier1: 
--------------------------------------------------------------------------------
  11:     
  12:     def valid_f(self, ch):
  13:         ''' generated source for method valid_f '''
  14:         if ((ch >= 'A' and ch <= 'Z') or (ch >= 'a' and ch <= 'z') or (ch >= '0' and ch <= '9')):
[34m- 15:             return True[0m
[32m+ 15:             pass[0m
  16:         else:
  17:             return False
  18:     
  19:     def validateIdentifier(self, s):
--------------------------------------------------------------------------------
[0.15413 s] [32mkilled[0m by WHOLE_SUITE/test_identifier1_WHOLE_SUITE.py::test_case_5

def test_case_5():
        str_0 = 'dYjOEfJ'
        identifier_0 = module_0.Identifier()
        identifier_1 = module_0.Identifier()
        identifier_2 = module_0.Identifier()
        var_0 = identifier_2.valid_f(str_0)
>       assert var_0 is True
E       AssertionError

WHOLE_SUITE/test_identifier1_WHOLE_SUITE.py:47: AssertionError
[36m   -[0m [#  86] SDL identifier1: 
--------------------------------------------------------------------------------
  13:         ''' generated source for method valid_f '''
  14:         if ((ch >= 'A' and ch <= 'Z') or (ch >= 'a' and ch <= 'z') or (ch >= '0' and ch <= '9')):
  15:             return True
  16:         else:
[34m- 17:             return False[0m
[32m+ 17:             pass[0m
  18:     
  19:     def validateIdentifier(self, s):
  20:         ''' generated source for method validateIdentifier '''
  21:         achar = str()
--------------------------------------------------------------------------------
[0.15048 s] [31msurvived[0m
[36m   -[0m [#  87] SDL identifier1: 
--------------------------------------------------------------------------------
  17:             return False
  18:     
  19:     def validateIdentifier(self, s):
  20:         ''' generated source for method validateIdentifier '''
[34m- 21:         achar = str()[0m
[32m+ 21:         pass[0m
  22:         valid_id = False
  23:         if len(s) > 0:
  24:             achar = s[0]
  25:             valid_id = self.valid_s(achar)
--------------------------------------------------------------------------------
[0.15092 s] [31msurvived[0m
[36m   -[0m [#  88] SDL identifier1: 
--------------------------------------------------------------------------------
  18:     
  19:     def validateIdentifier(self, s):
  20:         ''' generated source for method validateIdentifier '''
  21:         achar = str()
[34m- 22:         valid_id = False[0m
[32m+ 22:         pass[0m
  23:         if len(s) > 0:
  24:             achar = s[0]
  25:             valid_id = self.valid_s(achar)
  26:             if len(s) > 1:
--------------------------------------------------------------------------------
[0.13286 s] [31msurvived[0m
[36m   -[0m [#  89] SDL identifier1: 
--------------------------------------------------------------------------------
  20:         ''' generated source for method validateIdentifier '''
  21:         achar = str()
  22:         valid_id = False
  23:         if len(s) > 0:
[34m- 24:             achar = s[0][0m
[32m+ 24:             pass[0m
  25:             valid_id = self.valid_s(achar)
  26:             if len(s) > 1:
  27:                 achar = s[1]
  28:                 i = 1
--------------------------------------------------------------------------------
[0.17533 s] [32mkilled[0m by WHOLE_SUITE/test_identifier1_WHOLE_SUITE.py::test_case_6

def test_case_6():
        str_0 = 'u'
        bytes_0 = b'~P%d\x99S'
        identifier_0 = module_0.Identifier()
        var_0 = identifier_0.validateIdentifier(str_0)
>       assert var_0 is True
E       AssertionError

WHOLE_SUITE/test_identifier1_WHOLE_SUITE.py:56: AssertionError
[36m   -[0m [#  90] SDL identifier1: 
--------------------------------------------------------------------------------
  21:         achar = str()
  22:         valid_id = False
  23:         if len(s) > 0:
  24:             achar = s[0]
[34m- 25:             valid_id = self.valid_s(achar)[0m
[32m+ 25:             pass[0m
  26:             if len(s) > 1:
  27:                 achar = s[1]
  28:                 i = 1
  29:                 while i < len(s):
--------------------------------------------------------------------------------
[0.18090 s] [32mkilled[0m by WHOLE_SUITE/test_identifier1_WHOLE_SUITE.py::test_case_6

def test_case_6():
        str_0 = 'u'
        bytes_0 = b'~P%d\x99S'
        identifier_0 = module_0.Identifier()
        var_0 = identifier_0.validateIdentifier(str_0)
>       assert var_0 is True
E       AssertionError

WHOLE_SUITE/test_identifier1_WHOLE_SUITE.py:56: AssertionError
[36m   -[0m [#  91] SDL identifier1: 
--------------------------------------------------------------------------------
  23:         if len(s) > 0:
  24:             achar = s[0]
  25:             valid_id = self.valid_s(achar)
  26:             if len(s) > 1:
[34m- 27:                 achar = s[1][0m
[32m+ 27:                 pass[0m
  28:                 i = 1
  29:                 while i < len(s):
  30:                     achar = s[i]
  31:                     if not (self.valid_f(achar)):
--------------------------------------------------------------------------------
[0.13527 s] [31msurvived[0m
[36m   -[0m [#  92] SDL identifier1: 
--------------------------------------------------------------------------------
  24:             achar = s[0]
  25:             valid_id = self.valid_s(achar)
  26:             if len(s) > 1:
  27:                 achar = s[1]
[34m- 28:                 i = 1[0m
[32m+ 28:                 pass[0m
  29:                 while i < len(s):
  30:                     achar = s[i]
  31:                     if not (self.valid_f(achar)):
  32:                         valid_id = False
--------------------------------------------------------------------------------
[0.17181 s] [32mkilled[0m by WHOLE_SUITE/test_identifier1_WHOLE_SUITE.py::test_case_0

def test_case_0():
        none_type_0 = None
        identifier_0 = module_0.Identifier()
        str_0 = 'N~P{c=2s'
>       var_0 = identifier_0.validateIdentifier(str_0)

WHOLE_SUITE/test_identifier1_WHOLE_SUITE.py:10: 
_ _ _ _ _ _ _ _ _ _ _ _ _ _ _ _ _ _ _ _ _ _ _ _ _ _ _ _ _ _ _ _ _ _ _ _ _ _ _ _ 

self = <identifier1.Identifier object at 0x7fd52d36ec80>, s = 'N~P{c=2s'

>   ???
E   UnboundLocalError: local variable 'i' referenced before assignment

identifier1:29: UnboundLocalError
[36m   -[0m [#  93] SDL identifier1: 
--------------------------------------------------------------------------------
  26:             if len(s) > 1:
  27:                 achar = s[1]
  28:                 i = 1
  29:                 while i < len(s):
[34m- 30:                     achar = s[i][0m
[32m+ 30:                     pass[0m
  31:                     if not (self.valid_f(achar)):
  32:                         valid_id = False
  33:                     i += 1
  34:             if (valid_id and len(s) >= 1 and len(s) <= 6):
--------------------------------------------------------------------------------
[0.14389 s] [31msurvived[0m
[36m   -[0m [#  94] SDL identifier1: 
--------------------------------------------------------------------------------
  28:                 i = 1
  29:                 while i < len(s):
  30:                     achar = s[i]
  31:                     if not (self.valid_f(achar)):
[34m- 32:                         valid_id = False[0m
[32m+ 32:                         pass[0m
  33:                     i += 1
  34:             if (valid_id and len(s) >= 1 and len(s) <= 6):
  35:                 return True
  36:             else:
--------------------------------------------------------------------------------
[0.14495 s] [31msurvived[0m
[36m   -[0m [#  95] SDL identifier1: 
--------------------------------------------------------------------------------
  31:                     if not (self.valid_f(achar)):
  32:                         valid_id = False
  33:                     i += 1
  34:             if (valid_id and len(s) >= 1 and len(s) <= 6):
[34m- 35:                 return True[0m
[32m+ 35:                 pass[0m
  36:             else:
  37:                 return False
  38:         else:
  39:             return False
--------------------------------------------------------------------------------
[0.17939 s] [32mkilled[0m by WHOLE_SUITE/test_identifier1_WHOLE_SUITE.py::test_case_6

def test_case_6():
        str_0 = 'u'
        bytes_0 = b'~P%d\x99S'
        identifier_0 = module_0.Identifier()
        var_0 = identifier_0.validateIdentifier(str_0)
>       assert var_0 is True
E       AssertionError

WHOLE_SUITE/test_identifier1_WHOLE_SUITE.py:56: AssertionError
[36m   -[0m [#  96] SDL identifier1: 
--------------------------------------------------------------------------------
  33:                     i += 1
  34:             if (valid_id and len(s) >= 1 and len(s) <= 6):
  35:                 return True
  36:             else:
[34m- 37:                 return False[0m
[32m+ 37:                 pass[0m
  38:         else:
  39:             return False
--------------------------------------------------------------------------------
[0.15146 s] [32mkilled[0m by WHOLE_SUITE/test_identifier1_WHOLE_SUITE.py::test_case_0

def test_case_0():
        none_type_0 = None
        identifier_0 = module_0.Identifier()
        str_0 = 'N~P{c=2s'
        var_0 = identifier_0.validateIdentifier(str_0)
>       assert var_0 is False
E       AssertionError

WHOLE_SUITE/test_identifier1_WHOLE_SUITE.py:11: AssertionError
[36m   -[0m [#  97] SDL identifier1: 
--------------------------------------------------------------------------------
  35:                 return True
  36:             else:
  37:                 return False
  38:         else:
[34m- 39:             return False[0m
[32m+ 39:             pass[0m
--------------------------------------------------------------------------------
[0.16897 s] [32mkilled[0m by WHOLE_SUITE/test_identifier1_WHOLE_SUITE.py::test_case_2

def test_case_2():
        list_0 = []
        str_0 = "y\n(s/i'#!\x0b46WuH\x0cixuN"
        dict_0 = {str_0: str_0, str_0: str_0}
        identifier_0 = module_0.Identifier()
        var_0 = identifier_0.validateIdentifier(list_0)
>       assert var_0 is False
E       AssertionError

WHOLE_SUITE/test_identifier1_WHOLE_SUITE.py:25: AssertionError
[36m   -[0m [#  98] SVD identifier1: 
--------------------------------------------------------------------------------
  21:         achar = str()
  22:         valid_id = False
  23:         if len(s) > 0:
  24:             achar = s[0]
[34m- 25:             valid_id = self.valid_s(achar)[0m
[32m+ 25:             valid_id = valid_s(achar)[0m
  26:             if len(s) > 1:
  27:                 achar = s[1]
  28:                 i = 1
  29:                 while i < len(s):
--------------------------------------------------------------------------------
[0.17071 s] [32mkilled[0m by WHOLE_SUITE/test_identifier1_WHOLE_SUITE.py::test_case_0

def test_case_0():
        none_type_0 = None
        identifier_0 = module_0.Identifier()
        str_0 = 'N~P{c=2s'
>       var_0 = identifier_0.validateIdentifier(str_0)

WHOLE_SUITE/test_identifier1_WHOLE_SUITE.py:10: 
_ _ _ _ _ _ _ _ _ _ _ _ _ _ _ _ _ _ _ _ _ _ _ _ _ _ _ _ _ _ _ _ _ _ _ _ _ _ _ _ 

self = <identifier1.Identifier object at 0x7fd52d4c7c40>, s = 'N~P{c=2s'

>   ???
E   NameError: name 'valid_s' is not defined

identifier1:25: NameError
[36m   -[0m [#  99] SVD identifier1: 
--------------------------------------------------------------------------------
  27:                 achar = s[1]
  28:                 i = 1
  29:                 while i < len(s):
  30:                     achar = s[i]
[34m- 31:                     if not (self.valid_f(achar)):[0m
[32m+ 31:                     if not (valid_f(achar)):[0m
  32:                         valid_id = False
  33:                     i += 1
  34:             if (valid_id and len(s) >= 1 and len(s) <= 6):
  35:                 return True
--------------------------------------------------------------------------------
[0.21114 s] [32mkilled[0m by WHOLE_SUITE/test_identifier1_WHOLE_SUITE.py::test_case_0

def test_case_0():
        none_type_0 = None
        identifier_0 = module_0.Identifier()
        str_0 = 'N~P{c=2s'
>       var_0 = identifier_0.validateIdentifier(str_0)

WHOLE_SUITE/test_identifier1_WHOLE_SUITE.py:10: 
_ _ _ _ _ _ _ _ _ _ _ _ _ _ _ _ _ _ _ _ _ _ _ _ _ _ _ _ _ _ _ _ _ _ _ _ _ _ _ _ 

self = <identifier1.Identifier object at 0x7fd52d1ec040>, s = 'N~P{c=2s'

>   ???
E   NameError: name 'valid_f' is not defined

identifier1:31: NameError
[36m   -[0m [# 100] ZIL identifier1: 
--------------------------------------------------------------------------------
  26:             if len(s) > 1:
  27:                 achar = s[1]
  28:                 i = 1
  29:                 while i < len(s):
[34m- 30:                     achar = s[i][0m
[34m- 31:                     if not (self.valid_f(achar)):[0m
[34m- 32:                         valid_id = False[0m
[34m- 33:                     i += 1[0m
[32m+ 30:                     break[0m
[32m+ 31:             [0m
[32m+ 32:             [0m
[32m+ 33:             [0m
  34:             if (valid_id and len(s) >= 1 and len(s) <= 6):
  35:                 return True
  36:             else:
  37:                 return False
--------------------------------------------------------------------------------
[0.19830 s] [31msurvived[0m
[34m[*][0m Mutation score [21.08924 s]: [1m[34m43.8%[0m
[36m   -[0m all: 100
[36m   -[0m killed: 42 (42.0%)
[36m   -[0m survived: 54 (54.0%)
[36m   -[0m incompetent: 4 (4.0%)
[36m   -[0m timeout: 0 (0.0%)
