<!DOCTYPE html><html lang="en"><head><meta charset="utf-8" /><meta name="viewport" content="width=device-width, initial-scale=1, shrink-to-fit=no" /><link rel="stylesheet" href="https://stackpath.bootstrapcdn.com/bootstrap/4.3.1/css/bootstrap.min.css" integrity="sha384-ggOyR0iXCbMQv3Xipma34MD+dH/1fQ784/j6cY/iJTQUOhcWr7x9JvoRxT2MZw1T" crossorigin="anonymous" /><title>Cosmic Ray Report</title></head><body><div class="container"><h1><p class="text-dark">Cosmic Ray Report</p></h1></div><div class="container"><div class="mb-1" id="summary_info___accordion"><div class="card"><a data-toggle="collapse" data-target="#summary_info___collapse_1" aria-expanded="true" aria-controls="summary_info___collapse_1" href="#"><div class="card-header" id="summary_info___heading_1"><button class="btn btn-outline-dark"><h4 class="m-0">Summary info</h4></button></div></a><div aria-labelledby="summary_info___heading_1" data-parent="#summary_info___accordion" class="collapse show" id="summary_info___collapse_1"><div class="card-body"><p>Date time: 20/04/2023 14:59:24</p><p>Total jobs: 72</p><p>Complete: 72 (100.00%)</p><p>Surviving mutants: 11 (15.28%)</p></div></div></div></div><div class="mb-1" id="job_list___accordion"><div class="card"><a data-toggle="collapse" data-target="#job_list___collapse_1" aria-expanded="false" aria-controls="job_list___collapse_1" href="#"><div class="card-header" id="job_list___heading_1"><button class="btn btn-outline-dark"><h4 class="m-0">Job list</h4></button></div></a><div aria-labelledby="job_list___heading_1" data-parent="#job_list___accordion" class="collapse" id="job_list___collapse_1"><div class="card-body"><div class="text-right mb-1"><div class="mx-1" id="job_item_expand_all"><a href="#" onclick="$('div.job_list___sub_multi_collapse').collapse('show');"><button class="btn btn-outline-dark"><span>Expand All</span></button></a></div><div class="mx-1" id="job_item_collapse_all"><a href="#" onclick="$('div.job_list___sub_multi_collapse').collapse('hide');"><button class="btn btn-outline-dark"><span>Collapse All</span></button></a></div></div><div class="mb-1" id="job_list___sub_accordion_1"><div class="card"><a data-toggle="collapse" data-target="#job_list___sub_collapse_1_1" aria-expanded="false" aria-controls="job_list___sub_collapse_1_1" href="#" class="job_list___sub_multi_heading"><div role="alert" class="card-header alert-success" id="job_list___sub_heading_1_1"><button class="btn btn-outline-success"><span class="job_id">1 : Job ID 624a2a9c827640acb1b6a6e1085f4f0a</span></button></div></a><div aria-labelledby="job_list___sub_heading_1_1" data-parent="#job_list___sub_accordion_1" class="collapse job_list___sub_multi_collapse" id="job_list___sub_collapse_1_1"><div class="card-body"><div class="work-item"><div class="alert alert-success test-outcome" role="alert"><p>worker outcome: normal</p><p>test outcome: killed</p></div></div><pre class="location"><a href="pycharm://open?file=stack4.py&amp;line=84" class="text-secondary"><button class="btn btn-outline-dark">stack4.py, start pos: (84, 38), end pos: (84, 39)</button></a></pre><pre>operator: core/ReplaceBinaryOperator_Add_Sub, occurrence: 0</pre><div class="alert alert-secondary"><pre class="diff">--- mutation diff ---
--- astack4.py
+++ bstack4.py
@@ -81,7 +81,7 @@
         curr = self.head
         display = '('
         while curr:
-            display += str(curr.data) + ', '
+            display += str(curr.data) - ', '
             curr = curr.next
         return display[:-2] + ')'
 </pre></div><div class="alert alert-secondary"><pre class="diff">============================= test session starts ==============================
platform linux -- Python 3.10.10, pytest-7.2.1, pluggy-1.0.0
rootdir: /home/auri/temp/lucca/python_experiments/stack4
collected 33 items

DYNAMOSA-MOSA/test_stack4_DYNAMOSA.py ......F.....F...                   [ 48%]
DYNAMOSA-MOSA/test_stack4_MOSA.py .F.FFF...F......F                      [100%]

=========================== short test summary info ============================
FAILED DYNAMOSA-MOSA/test_stack4_DYNAMOSA.py::test_case_6 - TypeError: unsupp...
FAILED DYNAMOSA-MOSA/test_stack4_DYNAMOSA.py::test_case_12 - TypeError: unsup...
FAILED DYNAMOSA-MOSA/test_stack4_MOSA.py::test_case_1 - TypeError: unsupporte...
FAILED DYNAMOSA-MOSA/test_stack4_MOSA.py::test_case_3 - TypeError: unsupporte...
FAILED DYNAMOSA-MOSA/test_stack4_MOSA.py::test_case_4 - TypeError: unsupporte...
FAILED DYNAMOSA-MOSA/test_stack4_MOSA.py::test_case_5 - TypeError: unsupporte...
FAILED DYNAMOSA-MOSA/test_stack4_MOSA.py::test_case_9 - TypeError: unsupporte...
FAILED DYNAMOSA-MOSA/test_stack4_MOSA.py::test_case_16 - TypeError: unsupport...
========================= 8 failed, 25 passed in 0.06s =========================
</pre></div></div></div></div></div><div class="mb-1" id="job_list___sub_accordion_2"><div class="card"><a data-toggle="collapse" data-target="#job_list___sub_collapse_2_1" aria-expanded="false" aria-controls="job_list___sub_collapse_2_1" href="#" class="job_list___sub_multi_heading"><div role="alert" class="card-header alert-success" id="job_list___sub_heading_2_1"><button class="btn btn-outline-success"><span class="job_id">2 : Job ID eb37b4592c3a4c038e242c745e09325b</span></button></div></a><div aria-labelledby="job_list___sub_heading_2_1" data-parent="#job_list___sub_accordion_2" class="collapse job_list___sub_multi_collapse" id="job_list___sub_collapse_2_1"><div class="card-body"><div class="work-item"><div class="alert alert-success test-outcome" role="alert"><p>worker outcome: normal</p><p>test outcome: killed</p></div></div><pre class="location"><a href="pycharm://open?file=stack4.py&amp;line=86" class="text-secondary"><button class="btn btn-outline-dark">stack4.py, start pos: (86, 28), end pos: (86, 29)</button></a></pre><pre>operator: core/ReplaceBinaryOperator_Add_Sub, occurrence: 1</pre><div class="alert alert-secondary"><pre class="diff">--- mutation diff ---
--- astack4.py
+++ bstack4.py
@@ -83,7 +83,7 @@
         while curr:
             display += str(curr.data) + ', '
             curr = curr.next
-        return display[:-2] + ')'
+        return display[:-2] - ')'
 
 
 class Stack(object):</pre></div><div class="alert alert-secondary"><pre class="diff">============================= test session starts ==============================
platform linux -- Python 3.10.10, pytest-7.2.1, pluggy-1.0.0
rootdir: /home/auri/temp/lucca/python_experiments/stack4
collected 33 items

DYNAMOSA-MOSA/test_stack4_DYNAMOSA.py ......FF....F...                   [ 48%]
DYNAMOSA-MOSA/test_stack4_MOSA.py .F.FFF...FF.....F                      [100%]

=========================== short test summary info ============================
FAILED DYNAMOSA-MOSA/test_stack4_DYNAMOSA.py::test_case_6 - TypeError: unsupp...
FAILED DYNAMOSA-MOSA/test_stack4_DYNAMOSA.py::test_case_7 - TypeError: unsupp...
FAILED DYNAMOSA-MOSA/test_stack4_DYNAMOSA.py::test_case_12 - TypeError: unsup...
FAILED DYNAMOSA-MOSA/test_stack4_MOSA.py::test_case_1 - TypeError: unsupporte...
FAILED DYNAMOSA-MOSA/test_stack4_MOSA.py::test_case_3 - TypeError: unsupporte...
FAILED DYNAMOSA-MOSA/test_stack4_MOSA.py::test_case_4 - TypeError: unsupporte...
FAILED DYNAMOSA-MOSA/test_stack4_MOSA.py::test_case_5 - TypeError: unsupporte...
FAILED DYNAMOSA-MOSA/test_stack4_MOSA.py::test_case_9 - TypeError: unsupporte...
FAILED DYNAMOSA-MOSA/test_stack4_MOSA.py::test_case_10 - TypeError: unsupport...
FAILED DYNAMOSA-MOSA/test_stack4_MOSA.py::test_case_16 - TypeError: unsupport...
======================== 10 failed, 23 passed in 0.06s =========================
</pre></div></div></div></div></div><div class="mb-1" id="job_list___sub_accordion_3"><div class="card"><a data-toggle="collapse" data-target="#job_list___sub_collapse_3_1" aria-expanded="false" aria-controls="job_list___sub_collapse_3_1" href="#" class="job_list___sub_multi_heading"><div role="alert" class="card-header alert-success" id="job_list___sub_heading_3_1"><button class="btn btn-outline-success"><span class="job_id">3 : Job ID 4a88f4fa78b24a66b256692536dc0a3e</span></button></div></a><div aria-labelledby="job_list___sub_heading_3_1" data-parent="#job_list___sub_accordion_3" class="collapse job_list___sub_multi_collapse" id="job_list___sub_collapse_3_1"><div class="card-body"><div class="work-item"><div class="alert alert-success test-outcome" role="alert"><p>worker outcome: normal</p><p>test outcome: killed</p></div></div><pre class="location"><a href="pycharm://open?file=stack4.py&amp;line=84" class="text-secondary"><button class="btn btn-outline-dark">stack4.py, start pos: (84, 38), end pos: (84, 39)</button></a></pre><pre>operator: core/ReplaceBinaryOperator_Add_Mul, occurrence: 0</pre><div class="alert alert-secondary"><pre class="diff">--- mutation diff ---
--- astack4.py
+++ bstack4.py
@@ -81,7 +81,7 @@
         curr = self.head
         display = '('
         while curr:
-            display += str(curr.data) + ', '
+            display += str(curr.data) * ', '
             curr = curr.next
         return display[:-2] + ')'
 </pre></div><div class="alert alert-secondary"><pre class="diff">============================= test session starts ==============================
platform linux -- Python 3.10.10, pytest-7.2.1, pluggy-1.0.0
rootdir: /home/auri/temp/lucca/python_experiments/stack4
collected 33 items

DYNAMOSA-MOSA/test_stack4_DYNAMOSA.py ......F.....F...                   [ 48%]
DYNAMOSA-MOSA/test_stack4_MOSA.py .F.FFF...F......F                      [100%]

=========================== short test summary info ============================
FAILED DYNAMOSA-MOSA/test_stack4_DYNAMOSA.py::test_case_6 - TypeError: can't ...
FAILED DYNAMOSA-MOSA/test_stack4_DYNAMOSA.py::test_case_12 - TypeError: can't...
FAILED DYNAMOSA-MOSA/test_stack4_MOSA.py::test_case_1 - TypeError: can't mult...
FAILED DYNAMOSA-MOSA/test_stack4_MOSA.py::test_case_3 - TypeError: can't mult...
FAILED DYNAMOSA-MOSA/test_stack4_MOSA.py::test_case_4 - TypeError: can't mult...
FAILED DYNAMOSA-MOSA/test_stack4_MOSA.py::test_case_5 - TypeError: can't mult...
FAILED DYNAMOSA-MOSA/test_stack4_MOSA.py::test_case_9 - TypeError: can't mult...
FAILED DYNAMOSA-MOSA/test_stack4_MOSA.py::test_case_16 - TypeError: can't mul...
========================= 8 failed, 25 passed in 0.06s =========================
</pre></div></div></div></div></div><div class="mb-1" id="job_list___sub_accordion_4"><div class="card"><a data-toggle="collapse" data-target="#job_list___sub_collapse_4_1" aria-expanded="false" aria-controls="job_list___sub_collapse_4_1" href="#" class="job_list___sub_multi_heading"><div role="alert" class="card-header alert-success" id="job_list___sub_heading_4_1"><button class="btn btn-outline-success"><span class="job_id">4 : Job ID 6e0a4a7cc20e42e0aa2cd6c9f8ef05b0</span></button></div></a><div aria-labelledby="job_list___sub_heading_4_1" data-parent="#job_list___sub_accordion_4" class="collapse job_list___sub_multi_collapse" id="job_list___sub_collapse_4_1"><div class="card-body"><div class="work-item"><div class="alert alert-success test-outcome" role="alert"><p>worker outcome: normal</p><p>test outcome: killed</p></div></div><pre class="location"><a href="pycharm://open?file=stack4.py&amp;line=86" class="text-secondary"><button class="btn btn-outline-dark">stack4.py, start pos: (86, 28), end pos: (86, 29)</button></a></pre><pre>operator: core/ReplaceBinaryOperator_Add_Mul, occurrence: 1</pre><div class="alert alert-secondary"><pre class="diff">--- mutation diff ---
--- astack4.py
+++ bstack4.py
@@ -83,7 +83,7 @@
         while curr:
             display += str(curr.data) + ', '
             curr = curr.next
-        return display[:-2] + ')'
+        return display[:-2] * ')'
 
 
 class Stack(object):</pre></div><div class="alert alert-secondary"><pre class="diff">============================= test session starts ==============================
platform linux -- Python 3.10.10, pytest-7.2.1, pluggy-1.0.0
rootdir: /home/auri/temp/lucca/python_experiments/stack4
collected 33 items

DYNAMOSA-MOSA/test_stack4_DYNAMOSA.py ......FF....F...                   [ 48%]
DYNAMOSA-MOSA/test_stack4_MOSA.py .F.FFF...FF.....F                      [100%]

=========================== short test summary info ============================
FAILED DYNAMOSA-MOSA/test_stack4_DYNAMOSA.py::test_case_6 - TypeError: can't ...
FAILED DYNAMOSA-MOSA/test_stack4_DYNAMOSA.py::test_case_7 - TypeError: can't ...
FAILED DYNAMOSA-MOSA/test_stack4_DYNAMOSA.py::test_case_12 - TypeError: can't...
FAILED DYNAMOSA-MOSA/test_stack4_MOSA.py::test_case_1 - TypeError: can't mult...
FAILED DYNAMOSA-MOSA/test_stack4_MOSA.py::test_case_3 - TypeError: can't mult...
FAILED DYNAMOSA-MOSA/test_stack4_MOSA.py::test_case_4 - TypeError: can't mult...
FAILED DYNAMOSA-MOSA/test_stack4_MOSA.py::test_case_5 - TypeError: can't mult...
FAILED DYNAMOSA-MOSA/test_stack4_MOSA.py::test_case_9 - TypeError: can't mult...
FAILED DYNAMOSA-MOSA/test_stack4_MOSA.py::test_case_10 - TypeError: can't mul...
FAILED DYNAMOSA-MOSA/test_stack4_MOSA.py::test_case_16 - TypeError: can't mul...
======================== 10 failed, 23 passed in 0.06s =========================
</pre></div></div></div></div></div><div class="mb-1" id="job_list___sub_accordion_5"><div class="card"><a data-toggle="collapse" data-target="#job_list___sub_collapse_5_1" aria-expanded="false" aria-controls="job_list___sub_collapse_5_1" href="#" class="job_list___sub_multi_heading"><div role="alert" class="card-header alert-success" id="job_list___sub_heading_5_1"><button class="btn btn-outline-success"><span class="job_id">5 : Job ID c707feb828234bf0ae0282b0515b17c4</span></button></div></a><div aria-labelledby="job_list___sub_heading_5_1" data-parent="#job_list___sub_accordion_5" class="collapse job_list___sub_multi_collapse" id="job_list___sub_collapse_5_1"><div class="card-body"><div class="work-item"><div class="alert alert-success test-outcome" role="alert"><p>worker outcome: normal</p><p>test outcome: killed</p></div></div><pre class="location"><a href="pycharm://open?file=stack4.py&amp;line=84" class="text-secondary"><button class="btn btn-outline-dark">stack4.py, start pos: (84, 38), end pos: (84, 39)</button></a></pre><pre>operator: core/ReplaceBinaryOperator_Add_Div, occurrence: 0</pre><div class="alert alert-secondary"><pre class="diff">--- mutation diff ---
--- astack4.py
+++ bstack4.py
@@ -81,7 +81,7 @@
         curr = self.head
         display = '('
         while curr:
-            display += str(curr.data) + ', '
+            display += str(curr.data) / ', '
             curr = curr.next
         return display[:-2] + ')'
 </pre></div><div class="alert alert-secondary"><pre class="diff">============================= test session starts ==============================
platform linux -- Python 3.10.10, pytest-7.2.1, pluggy-1.0.0
rootdir: /home/auri/temp/lucca/python_experiments/stack4
collected 33 items

DYNAMOSA-MOSA/test_stack4_DYNAMOSA.py ......F.....F...                   [ 48%]
DYNAMOSA-MOSA/test_stack4_MOSA.py .F.FFF...F......F                      [100%]

=========================== short test summary info ============================
FAILED DYNAMOSA-MOSA/test_stack4_DYNAMOSA.py::test_case_6 - TypeError: unsupp...
FAILED DYNAMOSA-MOSA/test_stack4_DYNAMOSA.py::test_case_12 - TypeError: unsup...
FAILED DYNAMOSA-MOSA/test_stack4_MOSA.py::test_case_1 - TypeError: unsupporte...
FAILED DYNAMOSA-MOSA/test_stack4_MOSA.py::test_case_3 - TypeError: unsupporte...
FAILED DYNAMOSA-MOSA/test_stack4_MOSA.py::test_case_4 - TypeError: unsupporte...
FAILED DYNAMOSA-MOSA/test_stack4_MOSA.py::test_case_5 - TypeError: unsupporte...
FAILED DYNAMOSA-MOSA/test_stack4_MOSA.py::test_case_9 - TypeError: unsupporte...
FAILED DYNAMOSA-MOSA/test_stack4_MOSA.py::test_case_16 - TypeError: unsupport...
========================= 8 failed, 25 passed in 0.06s =========================
</pre></div></div></div></div></div><div class="mb-1" id="job_list___sub_accordion_6"><div class="card"><a data-toggle="collapse" data-target="#job_list___sub_collapse_6_1" aria-expanded="false" aria-controls="job_list___sub_collapse_6_1" href="#" class="job_list___sub_multi_heading"><div role="alert" class="card-header alert-success" id="job_list___sub_heading_6_1"><button class="btn btn-outline-success"><span class="job_id">6 : Job ID 2af58ce9c03a4e4c845f759749b15049</span></button></div></a><div aria-labelledby="job_list___sub_heading_6_1" data-parent="#job_list___sub_accordion_6" class="collapse job_list___sub_multi_collapse" id="job_list___sub_collapse_6_1"><div class="card-body"><div class="work-item"><div class="alert alert-success test-outcome" role="alert"><p>worker outcome: normal</p><p>test outcome: killed</p></div></div><pre class="location"><a href="pycharm://open?file=stack4.py&amp;line=86" class="text-secondary"><button class="btn btn-outline-dark">stack4.py, start pos: (86, 28), end pos: (86, 29)</button></a></pre><pre>operator: core/ReplaceBinaryOperator_Add_Div, occurrence: 1</pre><div class="alert alert-secondary"><pre class="diff">--- mutation diff ---
--- astack4.py
+++ bstack4.py
@@ -83,7 +83,7 @@
         while curr:
             display += str(curr.data) + ', '
             curr = curr.next
-        return display[:-2] + ')'
+        return display[:-2] / ')'
 
 
 class Stack(object):</pre></div><div class="alert alert-secondary"><pre class="diff">============================= test session starts ==============================
platform linux -- Python 3.10.10, pytest-7.2.1, pluggy-1.0.0
rootdir: /home/auri/temp/lucca/python_experiments/stack4
collected 33 items

DYNAMOSA-MOSA/test_stack4_DYNAMOSA.py ......FF....F...                   [ 48%]
DYNAMOSA-MOSA/test_stack4_MOSA.py .F.FFF...FF.....F                      [100%]

=========================== short test summary info ============================
FAILED DYNAMOSA-MOSA/test_stack4_DYNAMOSA.py::test_case_6 - TypeError: unsupp...
FAILED DYNAMOSA-MOSA/test_stack4_DYNAMOSA.py::test_case_7 - TypeError: unsupp...
FAILED DYNAMOSA-MOSA/test_stack4_DYNAMOSA.py::test_case_12 - TypeError: unsup...
FAILED DYNAMOSA-MOSA/test_stack4_MOSA.py::test_case_1 - TypeError: unsupporte...
FAILED DYNAMOSA-MOSA/test_stack4_MOSA.py::test_case_3 - TypeError: unsupporte...
FAILED DYNAMOSA-MOSA/test_stack4_MOSA.py::test_case_4 - TypeError: unsupporte...
FAILED DYNAMOSA-MOSA/test_stack4_MOSA.py::test_case_5 - TypeError: unsupporte...
FAILED DYNAMOSA-MOSA/test_stack4_MOSA.py::test_case_9 - TypeError: unsupporte...
FAILED DYNAMOSA-MOSA/test_stack4_MOSA.py::test_case_10 - TypeError: unsupport...
FAILED DYNAMOSA-MOSA/test_stack4_MOSA.py::test_case_16 - TypeError: unsupport...
======================== 10 failed, 23 passed in 0.07s =========================
</pre></div></div></div></div></div><div class="mb-1" id="job_list___sub_accordion_7"><div class="card"><a data-toggle="collapse" data-target="#job_list___sub_collapse_7_1" aria-expanded="false" aria-controls="job_list___sub_collapse_7_1" href="#" class="job_list___sub_multi_heading"><div role="alert" class="card-header alert-success" id="job_list___sub_heading_7_1"><button class="btn btn-outline-success"><span class="job_id">7 : Job ID c0f89c469f074790bd502ccde3bec98c</span></button></div></a><div aria-labelledby="job_list___sub_heading_7_1" data-parent="#job_list___sub_accordion_7" class="collapse job_list___sub_multi_collapse" id="job_list___sub_collapse_7_1"><div class="card-body"><div class="work-item"><div class="alert alert-success test-outcome" role="alert"><p>worker outcome: normal</p><p>test outcome: killed</p></div></div><pre class="location"><a href="pycharm://open?file=stack4.py&amp;line=84" class="text-secondary"><button class="btn btn-outline-dark">stack4.py, start pos: (84, 38), end pos: (84, 39)</button></a></pre><pre>operator: core/ReplaceBinaryOperator_Add_FloorDiv, occurrence: 0</pre><div class="alert alert-secondary"><pre class="diff">--- mutation diff ---
--- astack4.py
+++ bstack4.py
@@ -81,7 +81,7 @@
         curr = self.head
         display = '('
         while curr:
-            display += str(curr.data) + ', '
+            display += str(curr.data) // ', '
             curr = curr.next
         return display[:-2] + ')'
 </pre></div><div class="alert alert-secondary"><pre class="diff">============================= test session starts ==============================
platform linux -- Python 3.10.10, pytest-7.2.1, pluggy-1.0.0
rootdir: /home/auri/temp/lucca/python_experiments/stack4
collected 33 items

DYNAMOSA-MOSA/test_stack4_DYNAMOSA.py ......F.....F...                   [ 48%]
DYNAMOSA-MOSA/test_stack4_MOSA.py .F.FFF...F......F                      [100%]

=========================== short test summary info ============================
FAILED DYNAMOSA-MOSA/test_stack4_DYNAMOSA.py::test_case_6 - TypeError: unsupp...
FAILED DYNAMOSA-MOSA/test_stack4_DYNAMOSA.py::test_case_12 - TypeError: unsup...
FAILED DYNAMOSA-MOSA/test_stack4_MOSA.py::test_case_1 - TypeError: unsupporte...
FAILED DYNAMOSA-MOSA/test_stack4_MOSA.py::test_case_3 - TypeError: unsupporte...
FAILED DYNAMOSA-MOSA/test_stack4_MOSA.py::test_case_4 - TypeError: unsupporte...
FAILED DYNAMOSA-MOSA/test_stack4_MOSA.py::test_case_5 - TypeError: unsupporte...
FAILED DYNAMOSA-MOSA/test_stack4_MOSA.py::test_case_9 - TypeError: unsupporte...
FAILED DYNAMOSA-MOSA/test_stack4_MOSA.py::test_case_16 - TypeError: unsupport...
========================= 8 failed, 25 passed in 0.06s =========================
</pre></div></div></div></div></div><div class="mb-1" id="job_list___sub_accordion_8"><div class="card"><a data-toggle="collapse" data-target="#job_list___sub_collapse_8_1" aria-expanded="false" aria-controls="job_list___sub_collapse_8_1" href="#" class="job_list___sub_multi_heading"><div role="alert" class="card-header alert-success" id="job_list___sub_heading_8_1"><button class="btn btn-outline-success"><span class="job_id">8 : Job ID 364170df65c04ec2a6d5734aad63f66e</span></button></div></a><div aria-labelledby="job_list___sub_heading_8_1" data-parent="#job_list___sub_accordion_8" class="collapse job_list___sub_multi_collapse" id="job_list___sub_collapse_8_1"><div class="card-body"><div class="work-item"><div class="alert alert-success test-outcome" role="alert"><p>worker outcome: normal</p><p>test outcome: killed</p></div></div><pre class="location"><a href="pycharm://open?file=stack4.py&amp;line=86" class="text-secondary"><button class="btn btn-outline-dark">stack4.py, start pos: (86, 28), end pos: (86, 29)</button></a></pre><pre>operator: core/ReplaceBinaryOperator_Add_FloorDiv, occurrence: 1</pre><div class="alert alert-secondary"><pre class="diff">--- mutation diff ---
--- astack4.py
+++ bstack4.py
@@ -83,7 +83,7 @@
         while curr:
             display += str(curr.data) + ', '
             curr = curr.next
-        return display[:-2] + ')'
+        return display[:-2] // ')'
 
 
 class Stack(object):</pre></div><div class="alert alert-secondary"><pre class="diff">============================= test session starts ==============================
platform linux -- Python 3.10.10, pytest-7.2.1, pluggy-1.0.0
rootdir: /home/auri/temp/lucca/python_experiments/stack4
collected 33 items

DYNAMOSA-MOSA/test_stack4_DYNAMOSA.py ......FF....F...                   [ 48%]
DYNAMOSA-MOSA/test_stack4_MOSA.py .F.FFF...FF.....F                      [100%]

=========================== short test summary info ============================
FAILED DYNAMOSA-MOSA/test_stack4_DYNAMOSA.py::test_case_6 - TypeError: unsupp...
FAILED DYNAMOSA-MOSA/test_stack4_DYNAMOSA.py::test_case_7 - TypeError: unsupp...
FAILED DYNAMOSA-MOSA/test_stack4_DYNAMOSA.py::test_case_12 - TypeError: unsup...
FAILED DYNAMOSA-MOSA/test_stack4_MOSA.py::test_case_1 - TypeError: unsupporte...
FAILED DYNAMOSA-MOSA/test_stack4_MOSA.py::test_case_3 - TypeError: unsupporte...
FAILED DYNAMOSA-MOSA/test_stack4_MOSA.py::test_case_4 - TypeError: unsupporte...
FAILED DYNAMOSA-MOSA/test_stack4_MOSA.py::test_case_5 - TypeError: unsupporte...
FAILED DYNAMOSA-MOSA/test_stack4_MOSA.py::test_case_9 - TypeError: unsupporte...
FAILED DYNAMOSA-MOSA/test_stack4_MOSA.py::test_case_10 - TypeError: unsupport...
FAILED DYNAMOSA-MOSA/test_stack4_MOSA.py::test_case_16 - TypeError: unsupport...
======================== 10 failed, 23 passed in 0.06s =========================
</pre></div></div></div></div></div><div class="mb-1" id="job_list___sub_accordion_9"><div class="card"><a data-toggle="collapse" data-target="#job_list___sub_collapse_9_1" aria-expanded="false" aria-controls="job_list___sub_collapse_9_1" href="#" class="job_list___sub_multi_heading"><div role="alert" class="card-header alert-success" id="job_list___sub_heading_9_1"><button class="btn btn-outline-success"><span class="job_id">9 : Job ID 3c521122989c4361a95a7d1340d41547</span></button></div></a><div aria-labelledby="job_list___sub_heading_9_1" data-parent="#job_list___sub_accordion_9" class="collapse job_list___sub_multi_collapse" id="job_list___sub_collapse_9_1"><div class="card-body"><div class="work-item"><div class="alert alert-success test-outcome" role="alert"><p>worker outcome: normal</p><p>test outcome: killed</p></div></div><pre class="location"><a href="pycharm://open?file=stack4.py&amp;line=84" class="text-secondary"><button class="btn btn-outline-dark">stack4.py, start pos: (84, 38), end pos: (84, 39)</button></a></pre><pre>operator: core/ReplaceBinaryOperator_Add_Mod, occurrence: 0</pre><div class="alert alert-secondary"><pre class="diff">--- mutation diff ---
--- astack4.py
+++ bstack4.py
@@ -81,7 +81,7 @@
         curr = self.head
         display = '('
         while curr:
-            display += str(curr.data) + ', '
+            display += str(curr.data) % ', '
             curr = curr.next
         return display[:-2] + ')'
 </pre></div><div class="alert alert-secondary"><pre class="diff">============================= test session starts ==============================
platform linux -- Python 3.10.10, pytest-7.2.1, pluggy-1.0.0
rootdir: /home/auri/temp/lucca/python_experiments/stack4
collected 33 items

DYNAMOSA-MOSA/test_stack4_DYNAMOSA.py ......F.....F...                   [ 48%]
DYNAMOSA-MOSA/test_stack4_MOSA.py .F.FFF...F......F                      [100%]

=========================== short test summary info ============================
FAILED DYNAMOSA-MOSA/test_stack4_DYNAMOSA.py::test_case_6 - TypeError: not al...
FAILED DYNAMOSA-MOSA/test_stack4_DYNAMOSA.py::test_case_12 - TypeError: not a...
FAILED DYNAMOSA-MOSA/test_stack4_MOSA.py::test_case_1 - TypeError: not all ar...
FAILED DYNAMOSA-MOSA/test_stack4_MOSA.py::test_case_3 - TypeError: not all ar...
FAILED DYNAMOSA-MOSA/test_stack4_MOSA.py::test_case_4 - TypeError: not all ar...
FAILED DYNAMOSA-MOSA/test_stack4_MOSA.py::test_case_5 - TypeError: not all ar...
FAILED DYNAMOSA-MOSA/test_stack4_MOSA.py::test_case_9 - TypeError: not all ar...
FAILED DYNAMOSA-MOSA/test_stack4_MOSA.py::test_case_16 - TypeError: not all a...
========================= 8 failed, 25 passed in 0.06s =========================
</pre></div></div></div></div></div><div class="mb-1" id="job_list___sub_accordion_10"><div class="card"><a data-toggle="collapse" data-target="#job_list___sub_collapse_10_1" aria-expanded="false" aria-controls="job_list___sub_collapse_10_1" href="#" class="job_list___sub_multi_heading"><div role="alert" class="card-header alert-success" id="job_list___sub_heading_10_1"><button class="btn btn-outline-success"><span class="job_id">10 : Job ID 2ffdd82202644a3da76b9342d58dd27c</span></button></div></a><div aria-labelledby="job_list___sub_heading_10_1" data-parent="#job_list___sub_accordion_10" class="collapse job_list___sub_multi_collapse" id="job_list___sub_collapse_10_1"><div class="card-body"><div class="work-item"><div class="alert alert-success test-outcome" role="alert"><p>worker outcome: normal</p><p>test outcome: killed</p></div></div><pre class="location"><a href="pycharm://open?file=stack4.py&amp;line=86" class="text-secondary"><button class="btn btn-outline-dark">stack4.py, start pos: (86, 28), end pos: (86, 29)</button></a></pre><pre>operator: core/ReplaceBinaryOperator_Add_Mod, occurrence: 1</pre><div class="alert alert-secondary"><pre class="diff">--- mutation diff ---
--- astack4.py
+++ bstack4.py
@@ -83,7 +83,7 @@
         while curr:
             display += str(curr.data) + ', '
             curr = curr.next
-        return display[:-2] + ')'
+        return display[:-2] % ')'
 
 
 class Stack(object):</pre></div><div class="alert alert-secondary"><pre class="diff">============================= test session starts ==============================
platform linux -- Python 3.10.10, pytest-7.2.1, pluggy-1.0.0
rootdir: /home/auri/temp/lucca/python_experiments/stack4
collected 33 items

DYNAMOSA-MOSA/test_stack4_DYNAMOSA.py ......FF....F...                   [ 48%]
DYNAMOSA-MOSA/test_stack4_MOSA.py .F.FFF...FF.....F                      [100%]

=========================== short test summary info ============================
FAILED DYNAMOSA-MOSA/test_stack4_DYNAMOSA.py::test_case_6 - TypeError: not al...
FAILED DYNAMOSA-MOSA/test_stack4_DYNAMOSA.py::test_case_7 - TypeError: not al...
FAILED DYNAMOSA-MOSA/test_stack4_DYNAMOSA.py::test_case_12 - TypeError: not a...
FAILED DYNAMOSA-MOSA/test_stack4_MOSA.py::test_case_1 - TypeError: not all ar...
FAILED DYNAMOSA-MOSA/test_stack4_MOSA.py::test_case_3 - TypeError: not all ar...
FAILED DYNAMOSA-MOSA/test_stack4_MOSA.py::test_case_4 - TypeError: not all ar...
FAILED DYNAMOSA-MOSA/test_stack4_MOSA.py::test_case_5 - TypeError: not all ar...
FAILED DYNAMOSA-MOSA/test_stack4_MOSA.py::test_case_9 - TypeError: not all ar...
FAILED DYNAMOSA-MOSA/test_stack4_MOSA.py::test_case_10 - TypeError: not all a...
FAILED DYNAMOSA-MOSA/test_stack4_MOSA.py::test_case_16 - TypeError: not all a...
======================== 10 failed, 23 passed in 0.06s =========================
</pre></div></div></div></div></div><div class="mb-1" id="job_list___sub_accordion_11"><div class="card"><a data-toggle="collapse" data-target="#job_list___sub_collapse_11_1" aria-expanded="false" aria-controls="job_list___sub_collapse_11_1" href="#" class="job_list___sub_multi_heading"><div role="alert" class="card-header alert-success" id="job_list___sub_heading_11_1"><button class="btn btn-outline-success"><span class="job_id">11 : Job ID 25274b6d48314ecca2fb0638d72dae69</span></button></div></a><div aria-labelledby="job_list___sub_heading_11_1" data-parent="#job_list___sub_accordion_11" class="collapse job_list___sub_multi_collapse" id="job_list___sub_collapse_11_1"><div class="card-body"><div class="work-item"><div class="alert alert-success test-outcome" role="alert"><p>worker outcome: normal</p><p>test outcome: killed</p></div></div><pre class="location"><a href="pycharm://open?file=stack4.py&amp;line=84" class="text-secondary"><button class="btn btn-outline-dark">stack4.py, start pos: (84, 38), end pos: (84, 39)</button></a></pre><pre>operator: core/ReplaceBinaryOperator_Add_Pow, occurrence: 0</pre><div class="alert alert-secondary"><pre class="diff">--- mutation diff ---
--- astack4.py
+++ bstack4.py
@@ -81,7 +81,7 @@
         curr = self.head
         display = '('
         while curr:
-            display += str(curr.data) + ', '
+            display += str(curr.data) ** ', '
             curr = curr.next
         return display[:-2] + ')'
 </pre></div><div class="alert alert-secondary"><pre class="diff">============================= test session starts ==============================
platform linux -- Python 3.10.10, pytest-7.2.1, pluggy-1.0.0
rootdir: /home/auri/temp/lucca/python_experiments/stack4
collected 33 items

DYNAMOSA-MOSA/test_stack4_DYNAMOSA.py ......F.....F...                   [ 48%]
DYNAMOSA-MOSA/test_stack4_MOSA.py .F.FFF...F......F                      [100%]

=========================== short test summary info ============================
FAILED DYNAMOSA-MOSA/test_stack4_DYNAMOSA.py::test_case_6 - TypeError: unsupp...
FAILED DYNAMOSA-MOSA/test_stack4_DYNAMOSA.py::test_case_12 - TypeError: unsup...
FAILED DYNAMOSA-MOSA/test_stack4_MOSA.py::test_case_1 - TypeError: unsupporte...
FAILED DYNAMOSA-MOSA/test_stack4_MOSA.py::test_case_3 - TypeError: unsupporte...
FAILED DYNAMOSA-MOSA/test_stack4_MOSA.py::test_case_4 - TypeError: unsupporte...
FAILED DYNAMOSA-MOSA/test_stack4_MOSA.py::test_case_5 - TypeError: unsupporte...
FAILED DYNAMOSA-MOSA/test_stack4_MOSA.py::test_case_9 - TypeError: unsupporte...
FAILED DYNAMOSA-MOSA/test_stack4_MOSA.py::test_case_16 - TypeError: unsupport...
========================= 8 failed, 25 passed in 0.06s =========================
</pre></div></div></div></div></div><div class="mb-1" id="job_list___sub_accordion_12"><div class="card"><a data-toggle="collapse" data-target="#job_list___sub_collapse_12_1" aria-expanded="false" aria-controls="job_list___sub_collapse_12_1" href="#" class="job_list___sub_multi_heading"><div role="alert" class="card-header alert-success" id="job_list___sub_heading_12_1"><button class="btn btn-outline-success"><span class="job_id">12 : Job ID c8c4d5ba044a414496db009696bdc2ba</span></button></div></a><div aria-labelledby="job_list___sub_heading_12_1" data-parent="#job_list___sub_accordion_12" class="collapse job_list___sub_multi_collapse" id="job_list___sub_collapse_12_1"><div class="card-body"><div class="work-item"><div class="alert alert-success test-outcome" role="alert"><p>worker outcome: normal</p><p>test outcome: killed</p></div></div><pre class="location"><a href="pycharm://open?file=stack4.py&amp;line=86" class="text-secondary"><button class="btn btn-outline-dark">stack4.py, start pos: (86, 28), end pos: (86, 29)</button></a></pre><pre>operator: core/ReplaceBinaryOperator_Add_Pow, occurrence: 1</pre><div class="alert alert-secondary"><pre class="diff">--- mutation diff ---
--- astack4.py
+++ bstack4.py
@@ -83,7 +83,7 @@
         while curr:
             display += str(curr.data) + ', '
             curr = curr.next
-        return display[:-2] + ')'
+        return display[:-2] ** ')'
 
 
 class Stack(object):</pre></div><div class="alert alert-secondary"><pre class="diff">============================= test session starts ==============================
platform linux -- Python 3.10.10, pytest-7.2.1, pluggy-1.0.0
rootdir: /home/auri/temp/lucca/python_experiments/stack4
collected 33 items

DYNAMOSA-MOSA/test_stack4_DYNAMOSA.py ......FF....F...                   [ 48%]
DYNAMOSA-MOSA/test_stack4_MOSA.py .F.FFF...FF.....F                      [100%]

=========================== short test summary info ============================
FAILED DYNAMOSA-MOSA/test_stack4_DYNAMOSA.py::test_case_6 - TypeError: unsupp...
FAILED DYNAMOSA-MOSA/test_stack4_DYNAMOSA.py::test_case_7 - TypeError: unsupp...
FAILED DYNAMOSA-MOSA/test_stack4_DYNAMOSA.py::test_case_12 - TypeError: unsup...
FAILED DYNAMOSA-MOSA/test_stack4_MOSA.py::test_case_1 - TypeError: unsupporte...
FAILED DYNAMOSA-MOSA/test_stack4_MOSA.py::test_case_3 - TypeError: unsupporte...
FAILED DYNAMOSA-MOSA/test_stack4_MOSA.py::test_case_4 - TypeError: unsupporte...
FAILED DYNAMOSA-MOSA/test_stack4_MOSA.py::test_case_5 - TypeError: unsupporte...
FAILED DYNAMOSA-MOSA/test_stack4_MOSA.py::test_case_9 - TypeError: unsupporte...
FAILED DYNAMOSA-MOSA/test_stack4_MOSA.py::test_case_10 - TypeError: unsupport...
FAILED DYNAMOSA-MOSA/test_stack4_MOSA.py::test_case_16 - TypeError: unsupport...
======================== 10 failed, 23 passed in 0.06s =========================
</pre></div></div></div></div></div><div class="mb-1" id="job_list___sub_accordion_13"><div class="card"><a data-toggle="collapse" data-target="#job_list___sub_collapse_13_1" aria-expanded="false" aria-controls="job_list___sub_collapse_13_1" href="#" class="job_list___sub_multi_heading"><div role="alert" class="card-header alert-success" id="job_list___sub_heading_13_1"><button class="btn btn-outline-success"><span class="job_id">13 : Job ID 62ac7d6f26fb488a8d56e929bf32261c</span></button></div></a><div aria-labelledby="job_list___sub_heading_13_1" data-parent="#job_list___sub_accordion_13" class="collapse job_list___sub_multi_collapse" id="job_list___sub_collapse_13_1"><div class="card-body"><div class="work-item"><div class="alert alert-success test-outcome" role="alert"><p>worker outcome: normal</p><p>test outcome: killed</p></div></div><pre class="location"><a href="pycharm://open?file=stack4.py&amp;line=84" class="text-secondary"><button class="btn btn-outline-dark">stack4.py, start pos: (84, 38), end pos: (84, 39)</button></a></pre><pre>operator: core/ReplaceBinaryOperator_Add_RShift, occurrence: 0</pre><div class="alert alert-secondary"><pre class="diff">--- mutation diff ---
--- astack4.py
+++ bstack4.py
@@ -81,7 +81,7 @@
         curr = self.head
         display = '('
         while curr:
-            display += str(curr.data) + ', '
+            display += str(curr.data) &gt;&gt; ', '
             curr = curr.next
         return display[:-2] + ')'
 </pre></div><div class="alert alert-secondary"><pre class="diff">============================= test session starts ==============================
platform linux -- Python 3.10.10, pytest-7.2.1, pluggy-1.0.0
rootdir: /home/auri/temp/lucca/python_experiments/stack4
collected 33 items

DYNAMOSA-MOSA/test_stack4_DYNAMOSA.py ......F.....F...                   [ 48%]
DYNAMOSA-MOSA/test_stack4_MOSA.py .F.FFF...F......F                      [100%]

=========================== short test summary info ============================
FAILED DYNAMOSA-MOSA/test_stack4_DYNAMOSA.py::test_case_6 - TypeError: unsupp...
FAILED DYNAMOSA-MOSA/test_stack4_DYNAMOSA.py::test_case_12 - TypeError: unsup...
FAILED DYNAMOSA-MOSA/test_stack4_MOSA.py::test_case_1 - TypeError: unsupporte...
FAILED DYNAMOSA-MOSA/test_stack4_MOSA.py::test_case_3 - TypeError: unsupporte...
FAILED DYNAMOSA-MOSA/test_stack4_MOSA.py::test_case_4 - TypeError: unsupporte...
FAILED DYNAMOSA-MOSA/test_stack4_MOSA.py::test_case_5 - TypeError: unsupporte...
FAILED DYNAMOSA-MOSA/test_stack4_MOSA.py::test_case_9 - TypeError: unsupporte...
FAILED DYNAMOSA-MOSA/test_stack4_MOSA.py::test_case_16 - TypeError: unsupport...
========================= 8 failed, 25 passed in 0.06s =========================
</pre></div></div></div></div></div><div class="mb-1" id="job_list___sub_accordion_14"><div class="card"><a data-toggle="collapse" data-target="#job_list___sub_collapse_14_1" aria-expanded="false" aria-controls="job_list___sub_collapse_14_1" href="#" class="job_list___sub_multi_heading"><div role="alert" class="card-header alert-success" id="job_list___sub_heading_14_1"><button class="btn btn-outline-success"><span class="job_id">14 : Job ID 75e8919197f24e4683f02f460abe0c43</span></button></div></a><div aria-labelledby="job_list___sub_heading_14_1" data-parent="#job_list___sub_accordion_14" class="collapse job_list___sub_multi_collapse" id="job_list___sub_collapse_14_1"><div class="card-body"><div class="work-item"><div class="alert alert-success test-outcome" role="alert"><p>worker outcome: normal</p><p>test outcome: killed</p></div></div><pre class="location"><a href="pycharm://open?file=stack4.py&amp;line=86" class="text-secondary"><button class="btn btn-outline-dark">stack4.py, start pos: (86, 28), end pos: (86, 29)</button></a></pre><pre>operator: core/ReplaceBinaryOperator_Add_RShift, occurrence: 1</pre><div class="alert alert-secondary"><pre class="diff">--- mutation diff ---
--- astack4.py
+++ bstack4.py
@@ -83,7 +83,7 @@
         while curr:
             display += str(curr.data) + ', '
             curr = curr.next
-        return display[:-2] + ')'
+        return display[:-2] &gt;&gt; ')'
 
 
 class Stack(object):</pre></div><div class="alert alert-secondary"><pre class="diff">============================= test session starts ==============================
platform linux -- Python 3.10.10, pytest-7.2.1, pluggy-1.0.0
rootdir: /home/auri/temp/lucca/python_experiments/stack4
collected 33 items

DYNAMOSA-MOSA/test_stack4_DYNAMOSA.py ......FF....F...                   [ 48%]
DYNAMOSA-MOSA/test_stack4_MOSA.py .F.FFF...FF.....F                      [100%]

=========================== short test summary info ============================
FAILED DYNAMOSA-MOSA/test_stack4_DYNAMOSA.py::test_case_6 - TypeError: unsupp...
FAILED DYNAMOSA-MOSA/test_stack4_DYNAMOSA.py::test_case_7 - TypeError: unsupp...
FAILED DYNAMOSA-MOSA/test_stack4_DYNAMOSA.py::test_case_12 - TypeError: unsup...
FAILED DYNAMOSA-MOSA/test_stack4_MOSA.py::test_case_1 - TypeError: unsupporte...
FAILED DYNAMOSA-MOSA/test_stack4_MOSA.py::test_case_3 - TypeError: unsupporte...
FAILED DYNAMOSA-MOSA/test_stack4_MOSA.py::test_case_4 - TypeError: unsupporte...
FAILED DYNAMOSA-MOSA/test_stack4_MOSA.py::test_case_5 - TypeError: unsupporte...
FAILED DYNAMOSA-MOSA/test_stack4_MOSA.py::test_case_9 - TypeError: unsupporte...
FAILED DYNAMOSA-MOSA/test_stack4_MOSA.py::test_case_10 - TypeError: unsupport...
FAILED DYNAMOSA-MOSA/test_stack4_MOSA.py::test_case_16 - TypeError: unsupport...
======================== 10 failed, 23 passed in 0.06s =========================
</pre></div></div></div></div></div><div class="mb-1" id="job_list___sub_accordion_15"><div class="card"><a data-toggle="collapse" data-target="#job_list___sub_collapse_15_1" aria-expanded="false" aria-controls="job_list___sub_collapse_15_1" href="#" class="job_list___sub_multi_heading"><div role="alert" class="card-header alert-success" id="job_list___sub_heading_15_1"><button class="btn btn-outline-success"><span class="job_id">15 : Job ID f1efa635294244118a044eb9147b3216</span></button></div></a><div aria-labelledby="job_list___sub_heading_15_1" data-parent="#job_list___sub_accordion_15" class="collapse job_list___sub_multi_collapse" id="job_list___sub_collapse_15_1"><div class="card-body"><div class="work-item"><div class="alert alert-success test-outcome" role="alert"><p>worker outcome: normal</p><p>test outcome: killed</p></div></div><pre class="location"><a href="pycharm://open?file=stack4.py&amp;line=84" class="text-secondary"><button class="btn btn-outline-dark">stack4.py, start pos: (84, 38), end pos: (84, 39)</button></a></pre><pre>operator: core/ReplaceBinaryOperator_Add_LShift, occurrence: 0</pre><div class="alert alert-secondary"><pre class="diff">--- mutation diff ---
--- astack4.py
+++ bstack4.py
@@ -81,7 +81,7 @@
         curr = self.head
         display = '('
         while curr:
-            display += str(curr.data) + ', '
+            display += str(curr.data) &lt;&lt; ', '
             curr = curr.next
         return display[:-2] + ')'
 </pre></div><div class="alert alert-secondary"><pre class="diff">============================= test session starts ==============================
platform linux -- Python 3.10.10, pytest-7.2.1, pluggy-1.0.0
rootdir: /home/auri/temp/lucca/python_experiments/stack4
collected 33 items

DYNAMOSA-MOSA/test_stack4_DYNAMOSA.py ......F.....F...                   [ 48%]
DYNAMOSA-MOSA/test_stack4_MOSA.py .F.FFF...F......F                      [100%]

=========================== short test summary info ============================
FAILED DYNAMOSA-MOSA/test_stack4_DYNAMOSA.py::test_case_6 - TypeError: unsupp...
FAILED DYNAMOSA-MOSA/test_stack4_DYNAMOSA.py::test_case_12 - TypeError: unsup...
FAILED DYNAMOSA-MOSA/test_stack4_MOSA.py::test_case_1 - TypeError: unsupporte...
FAILED DYNAMOSA-MOSA/test_stack4_MOSA.py::test_case_3 - TypeError: unsupporte...
FAILED DYNAMOSA-MOSA/test_stack4_MOSA.py::test_case_4 - TypeError: unsupporte...
FAILED DYNAMOSA-MOSA/test_stack4_MOSA.py::test_case_5 - TypeError: unsupporte...
FAILED DYNAMOSA-MOSA/test_stack4_MOSA.py::test_case_9 - TypeError: unsupporte...
FAILED DYNAMOSA-MOSA/test_stack4_MOSA.py::test_case_16 - TypeError: unsupport...
========================= 8 failed, 25 passed in 0.06s =========================
</pre></div></div></div></div></div><div class="mb-1" id="job_list___sub_accordion_16"><div class="card"><a data-toggle="collapse" data-target="#job_list___sub_collapse_16_1" aria-expanded="false" aria-controls="job_list___sub_collapse_16_1" href="#" class="job_list___sub_multi_heading"><div role="alert" class="card-header alert-success" id="job_list___sub_heading_16_1"><button class="btn btn-outline-success"><span class="job_id">16 : Job ID 0cc71e2b19d34523865853510fda364b</span></button></div></a><div aria-labelledby="job_list___sub_heading_16_1" data-parent="#job_list___sub_accordion_16" class="collapse job_list___sub_multi_collapse" id="job_list___sub_collapse_16_1"><div class="card-body"><div class="work-item"><div class="alert alert-success test-outcome" role="alert"><p>worker outcome: normal</p><p>test outcome: killed</p></div></div><pre class="location"><a href="pycharm://open?file=stack4.py&amp;line=86" class="text-secondary"><button class="btn btn-outline-dark">stack4.py, start pos: (86, 28), end pos: (86, 29)</button></a></pre><pre>operator: core/ReplaceBinaryOperator_Add_LShift, occurrence: 1</pre><div class="alert alert-secondary"><pre class="diff">--- mutation diff ---
--- astack4.py
+++ bstack4.py
@@ -83,7 +83,7 @@
         while curr:
             display += str(curr.data) + ', '
             curr = curr.next
-        return display[:-2] + ')'
+        return display[:-2] &lt;&lt; ')'
 
 
 class Stack(object):</pre></div><div class="alert alert-secondary"><pre class="diff">============================= test session starts ==============================
platform linux -- Python 3.10.10, pytest-7.2.1, pluggy-1.0.0
rootdir: /home/auri/temp/lucca/python_experiments/stack4
collected 33 items

DYNAMOSA-MOSA/test_stack4_DYNAMOSA.py ......FF....F...                   [ 48%]
DYNAMOSA-MOSA/test_stack4_MOSA.py .F.FFF...FF.....F                      [100%]

=========================== short test summary info ============================
FAILED DYNAMOSA-MOSA/test_stack4_DYNAMOSA.py::test_case_6 - TypeError: unsupp...
FAILED DYNAMOSA-MOSA/test_stack4_DYNAMOSA.py::test_case_7 - TypeError: unsupp...
FAILED DYNAMOSA-MOSA/test_stack4_DYNAMOSA.py::test_case_12 - TypeError: unsup...
FAILED DYNAMOSA-MOSA/test_stack4_MOSA.py::test_case_1 - TypeError: unsupporte...
FAILED DYNAMOSA-MOSA/test_stack4_MOSA.py::test_case_3 - TypeError: unsupporte...
FAILED DYNAMOSA-MOSA/test_stack4_MOSA.py::test_case_4 - TypeError: unsupporte...
FAILED DYNAMOSA-MOSA/test_stack4_MOSA.py::test_case_5 - TypeError: unsupporte...
FAILED DYNAMOSA-MOSA/test_stack4_MOSA.py::test_case_9 - TypeError: unsupporte...
FAILED DYNAMOSA-MOSA/test_stack4_MOSA.py::test_case_10 - TypeError: unsupport...
FAILED DYNAMOSA-MOSA/test_stack4_MOSA.py::test_case_16 - TypeError: unsupport...
======================== 10 failed, 23 passed in 0.06s =========================
</pre></div></div></div></div></div><div class="mb-1" id="job_list___sub_accordion_17"><div class="card"><a data-toggle="collapse" data-target="#job_list___sub_collapse_17_1" aria-expanded="false" aria-controls="job_list___sub_collapse_17_1" href="#" class="job_list___sub_multi_heading"><div role="alert" class="card-header alert-success" id="job_list___sub_heading_17_1"><button class="btn btn-outline-success"><span class="job_id">17 : Job ID 16da653d517340d691692c5b4c917c47</span></button></div></a><div aria-labelledby="job_list___sub_heading_17_1" data-parent="#job_list___sub_accordion_17" class="collapse job_list___sub_multi_collapse" id="job_list___sub_collapse_17_1"><div class="card-body"><div class="work-item"><div class="alert alert-success test-outcome" role="alert"><p>worker outcome: normal</p><p>test outcome: killed</p></div></div><pre class="location"><a href="pycharm://open?file=stack4.py&amp;line=84" class="text-secondary"><button class="btn btn-outline-dark">stack4.py, start pos: (84, 38), end pos: (84, 39)</button></a></pre><pre>operator: core/ReplaceBinaryOperator_Add_BitOr, occurrence: 0</pre><div class="alert alert-secondary"><pre class="diff">--- mutation diff ---
--- astack4.py
+++ bstack4.py
@@ -81,7 +81,7 @@
         curr = self.head
         display = '('
         while curr:
-            display += str(curr.data) + ', '
+            display += str(curr.data) | ', '
             curr = curr.next
         return display[:-2] + ')'
 </pre></div><div class="alert alert-secondary"><pre class="diff">============================= test session starts ==============================
platform linux -- Python 3.10.10, pytest-7.2.1, pluggy-1.0.0
rootdir: /home/auri/temp/lucca/python_experiments/stack4
collected 33 items

DYNAMOSA-MOSA/test_stack4_DYNAMOSA.py ......F.....F...                   [ 48%]
DYNAMOSA-MOSA/test_stack4_MOSA.py .F.FFF...F......F                      [100%]

=========================== short test summary info ============================
FAILED DYNAMOSA-MOSA/test_stack4_DYNAMOSA.py::test_case_6 - TypeError: unsupp...
FAILED DYNAMOSA-MOSA/test_stack4_DYNAMOSA.py::test_case_12 - TypeError: unsup...
FAILED DYNAMOSA-MOSA/test_stack4_MOSA.py::test_case_1 - TypeError: unsupporte...
FAILED DYNAMOSA-MOSA/test_stack4_MOSA.py::test_case_3 - TypeError: unsupporte...
FAILED DYNAMOSA-MOSA/test_stack4_MOSA.py::test_case_4 - TypeError: unsupporte...
FAILED DYNAMOSA-MOSA/test_stack4_MOSA.py::test_case_5 - TypeError: unsupporte...
FAILED DYNAMOSA-MOSA/test_stack4_MOSA.py::test_case_9 - TypeError: unsupporte...
FAILED DYNAMOSA-MOSA/test_stack4_MOSA.py::test_case_16 - TypeError: unsupport...
========================= 8 failed, 25 passed in 0.06s =========================
</pre></div></div></div></div></div><div class="mb-1" id="job_list___sub_accordion_18"><div class="card"><a data-toggle="collapse" data-target="#job_list___sub_collapse_18_1" aria-expanded="false" aria-controls="job_list___sub_collapse_18_1" href="#" class="job_list___sub_multi_heading"><div role="alert" class="card-header alert-success" id="job_list___sub_heading_18_1"><button class="btn btn-outline-success"><span class="job_id">18 : Job ID aec6628731434e10bfefbafe68c75901</span></button></div></a><div aria-labelledby="job_list___sub_heading_18_1" data-parent="#job_list___sub_accordion_18" class="collapse job_list___sub_multi_collapse" id="job_list___sub_collapse_18_1"><div class="card-body"><div class="work-item"><div class="alert alert-success test-outcome" role="alert"><p>worker outcome: normal</p><p>test outcome: killed</p></div></div><pre class="location"><a href="pycharm://open?file=stack4.py&amp;line=86" class="text-secondary"><button class="btn btn-outline-dark">stack4.py, start pos: (86, 28), end pos: (86, 29)</button></a></pre><pre>operator: core/ReplaceBinaryOperator_Add_BitOr, occurrence: 1</pre><div class="alert alert-secondary"><pre class="diff">--- mutation diff ---
--- astack4.py
+++ bstack4.py
@@ -83,7 +83,7 @@
         while curr:
             display += str(curr.data) + ', '
             curr = curr.next
-        return display[:-2] + ')'
+        return display[:-2] | ')'
 
 
 class Stack(object):</pre></div><div class="alert alert-secondary"><pre class="diff">============================= test session starts ==============================
platform linux -- Python 3.10.10, pytest-7.2.1, pluggy-1.0.0
rootdir: /home/auri/temp/lucca/python_experiments/stack4
collected 33 items

DYNAMOSA-MOSA/test_stack4_DYNAMOSA.py ......FF....F...                   [ 48%]
DYNAMOSA-MOSA/test_stack4_MOSA.py .F.FFF...FF.....F                      [100%]

=========================== short test summary info ============================
FAILED DYNAMOSA-MOSA/test_stack4_DYNAMOSA.py::test_case_6 - TypeError: unsupp...
FAILED DYNAMOSA-MOSA/test_stack4_DYNAMOSA.py::test_case_7 - TypeError: unsupp...
FAILED DYNAMOSA-MOSA/test_stack4_DYNAMOSA.py::test_case_12 - TypeError: unsup...
FAILED DYNAMOSA-MOSA/test_stack4_MOSA.py::test_case_1 - TypeError: unsupporte...
FAILED DYNAMOSA-MOSA/test_stack4_MOSA.py::test_case_3 - TypeError: unsupporte...
FAILED DYNAMOSA-MOSA/test_stack4_MOSA.py::test_case_4 - TypeError: unsupporte...
FAILED DYNAMOSA-MOSA/test_stack4_MOSA.py::test_case_5 - TypeError: unsupporte...
FAILED DYNAMOSA-MOSA/test_stack4_MOSA.py::test_case_9 - TypeError: unsupporte...
FAILED DYNAMOSA-MOSA/test_stack4_MOSA.py::test_case_10 - TypeError: unsupport...
FAILED DYNAMOSA-MOSA/test_stack4_MOSA.py::test_case_16 - TypeError: unsupport...
======================== 10 failed, 23 passed in 0.06s =========================
</pre></div></div></div></div></div><div class="mb-1" id="job_list___sub_accordion_19"><div class="card"><a data-toggle="collapse" data-target="#job_list___sub_collapse_19_1" aria-expanded="false" aria-controls="job_list___sub_collapse_19_1" href="#" class="job_list___sub_multi_heading"><div role="alert" class="card-header alert-success" id="job_list___sub_heading_19_1"><button class="btn btn-outline-success"><span class="job_id">19 : Job ID 26aeb458085a4fc19f0380f6352c79ec</span></button></div></a><div aria-labelledby="job_list___sub_heading_19_1" data-parent="#job_list___sub_accordion_19" class="collapse job_list___sub_multi_collapse" id="job_list___sub_collapse_19_1"><div class="card-body"><div class="work-item"><div class="alert alert-success test-outcome" role="alert"><p>worker outcome: normal</p><p>test outcome: killed</p></div></div><pre class="location"><a href="pycharm://open?file=stack4.py&amp;line=84" class="text-secondary"><button class="btn btn-outline-dark">stack4.py, start pos: (84, 38), end pos: (84, 39)</button></a></pre><pre>operator: core/ReplaceBinaryOperator_Add_BitAnd, occurrence: 0</pre><div class="alert alert-secondary"><pre class="diff">--- mutation diff ---
--- astack4.py
+++ bstack4.py
@@ -81,7 +81,7 @@
         curr = self.head
         display = '('
         while curr:
-            display += str(curr.data) + ', '
+            display += str(curr.data) &amp; ', '
             curr = curr.next
         return display[:-2] + ')'
 </pre></div><div class="alert alert-secondary"><pre class="diff">============================= test session starts ==============================
platform linux -- Python 3.10.10, pytest-7.2.1, pluggy-1.0.0
rootdir: /home/auri/temp/lucca/python_experiments/stack4
collected 33 items

DYNAMOSA-MOSA/test_stack4_DYNAMOSA.py ......F.....F...                   [ 48%]
DYNAMOSA-MOSA/test_stack4_MOSA.py .F.FFF...F......F                      [100%]

=========================== short test summary info ============================
FAILED DYNAMOSA-MOSA/test_stack4_DYNAMOSA.py::test_case_6 - TypeError: unsupp...
FAILED DYNAMOSA-MOSA/test_stack4_DYNAMOSA.py::test_case_12 - TypeError: unsup...
FAILED DYNAMOSA-MOSA/test_stack4_MOSA.py::test_case_1 - TypeError: unsupporte...
FAILED DYNAMOSA-MOSA/test_stack4_MOSA.py::test_case_3 - TypeError: unsupporte...
FAILED DYNAMOSA-MOSA/test_stack4_MOSA.py::test_case_4 - TypeError: unsupporte...
FAILED DYNAMOSA-MOSA/test_stack4_MOSA.py::test_case_5 - TypeError: unsupporte...
FAILED DYNAMOSA-MOSA/test_stack4_MOSA.py::test_case_9 - TypeError: unsupporte...
FAILED DYNAMOSA-MOSA/test_stack4_MOSA.py::test_case_16 - TypeError: unsupport...
========================= 8 failed, 25 passed in 0.07s =========================
</pre></div></div></div></div></div><div class="mb-1" id="job_list___sub_accordion_20"><div class="card"><a data-toggle="collapse" data-target="#job_list___sub_collapse_20_1" aria-expanded="false" aria-controls="job_list___sub_collapse_20_1" href="#" class="job_list___sub_multi_heading"><div role="alert" class="card-header alert-success" id="job_list___sub_heading_20_1"><button class="btn btn-outline-success"><span class="job_id">20 : Job ID 9f0c114102e6460281ccd668d54fe953</span></button></div></a><div aria-labelledby="job_list___sub_heading_20_1" data-parent="#job_list___sub_accordion_20" class="collapse job_list___sub_multi_collapse" id="job_list___sub_collapse_20_1"><div class="card-body"><div class="work-item"><div class="alert alert-success test-outcome" role="alert"><p>worker outcome: normal</p><p>test outcome: killed</p></div></div><pre class="location"><a href="pycharm://open?file=stack4.py&amp;line=86" class="text-secondary"><button class="btn btn-outline-dark">stack4.py, start pos: (86, 28), end pos: (86, 29)</button></a></pre><pre>operator: core/ReplaceBinaryOperator_Add_BitAnd, occurrence: 1</pre><div class="alert alert-secondary"><pre class="diff">--- mutation diff ---
--- astack4.py
+++ bstack4.py
@@ -83,7 +83,7 @@
         while curr:
             display += str(curr.data) + ', '
             curr = curr.next
-        return display[:-2] + ')'
+        return display[:-2] &amp; ')'
 
 
 class Stack(object):</pre></div><div class="alert alert-secondary"><pre class="diff">============================= test session starts ==============================
platform linux -- Python 3.10.10, pytest-7.2.1, pluggy-1.0.0
rootdir: /home/auri/temp/lucca/python_experiments/stack4
collected 33 items

DYNAMOSA-MOSA/test_stack4_DYNAMOSA.py ......FF....F...                   [ 48%]
DYNAMOSA-MOSA/test_stack4_MOSA.py .F.FFF...FF.....F                      [100%]

=========================== short test summary info ============================
FAILED DYNAMOSA-MOSA/test_stack4_DYNAMOSA.py::test_case_6 - TypeError: unsupp...
FAILED DYNAMOSA-MOSA/test_stack4_DYNAMOSA.py::test_case_7 - TypeError: unsupp...
FAILED DYNAMOSA-MOSA/test_stack4_DYNAMOSA.py::test_case_12 - TypeError: unsup...
FAILED DYNAMOSA-MOSA/test_stack4_MOSA.py::test_case_1 - TypeError: unsupporte...
FAILED DYNAMOSA-MOSA/test_stack4_MOSA.py::test_case_3 - TypeError: unsupporte...
FAILED DYNAMOSA-MOSA/test_stack4_MOSA.py::test_case_4 - TypeError: unsupporte...
FAILED DYNAMOSA-MOSA/test_stack4_MOSA.py::test_case_5 - TypeError: unsupporte...
FAILED DYNAMOSA-MOSA/test_stack4_MOSA.py::test_case_9 - TypeError: unsupporte...
FAILED DYNAMOSA-MOSA/test_stack4_MOSA.py::test_case_10 - TypeError: unsupport...
FAILED DYNAMOSA-MOSA/test_stack4_MOSA.py::test_case_16 - TypeError: unsupport...
======================== 10 failed, 23 passed in 0.06s =========================
</pre></div></div></div></div></div><div class="mb-1" id="job_list___sub_accordion_21"><div class="card"><a data-toggle="collapse" data-target="#job_list___sub_collapse_21_1" aria-expanded="false" aria-controls="job_list___sub_collapse_21_1" href="#" class="job_list___sub_multi_heading"><div role="alert" class="card-header alert-success" id="job_list___sub_heading_21_1"><button class="btn btn-outline-success"><span class="job_id">21 : Job ID eea38fa4b6d446839f4cffdfe1aa659c</span></button></div></a><div aria-labelledby="job_list___sub_heading_21_1" data-parent="#job_list___sub_accordion_21" class="collapse job_list___sub_multi_collapse" id="job_list___sub_collapse_21_1"><div class="card-body"><div class="work-item"><div class="alert alert-success test-outcome" role="alert"><p>worker outcome: normal</p><p>test outcome: killed</p></div></div><pre class="location"><a href="pycharm://open?file=stack4.py&amp;line=84" class="text-secondary"><button class="btn btn-outline-dark">stack4.py, start pos: (84, 38), end pos: (84, 39)</button></a></pre><pre>operator: core/ReplaceBinaryOperator_Add_BitXor, occurrence: 0</pre><div class="alert alert-secondary"><pre class="diff">--- mutation diff ---
--- astack4.py
+++ bstack4.py
@@ -81,7 +81,7 @@
         curr = self.head
         display = '('
         while curr:
-            display += str(curr.data) + ', '
+            display += str(curr.data) ^ ', '
             curr = curr.next
         return display[:-2] + ')'
 </pre></div><div class="alert alert-secondary"><pre class="diff">============================= test session starts ==============================
platform linux -- Python 3.10.10, pytest-7.2.1, pluggy-1.0.0
rootdir: /home/auri/temp/lucca/python_experiments/stack4
collected 33 items

DYNAMOSA-MOSA/test_stack4_DYNAMOSA.py ......F.....F...                   [ 48%]
DYNAMOSA-MOSA/test_stack4_MOSA.py .F.FFF...F......F                      [100%]

=========================== short test summary info ============================
FAILED DYNAMOSA-MOSA/test_stack4_DYNAMOSA.py::test_case_6 - TypeError: unsupp...
FAILED DYNAMOSA-MOSA/test_stack4_DYNAMOSA.py::test_case_12 - TypeError: unsup...
FAILED DYNAMOSA-MOSA/test_stack4_MOSA.py::test_case_1 - TypeError: unsupporte...
FAILED DYNAMOSA-MOSA/test_stack4_MOSA.py::test_case_3 - TypeError: unsupporte...
FAILED DYNAMOSA-MOSA/test_stack4_MOSA.py::test_case_4 - TypeError: unsupporte...
FAILED DYNAMOSA-MOSA/test_stack4_MOSA.py::test_case_5 - TypeError: unsupporte...
FAILED DYNAMOSA-MOSA/test_stack4_MOSA.py::test_case_9 - TypeError: unsupporte...
FAILED DYNAMOSA-MOSA/test_stack4_MOSA.py::test_case_16 - TypeError: unsupport...
========================= 8 failed, 25 passed in 0.06s =========================
</pre></div></div></div></div></div><div class="mb-1" id="job_list___sub_accordion_22"><div class="card"><a data-toggle="collapse" data-target="#job_list___sub_collapse_22_1" aria-expanded="false" aria-controls="job_list___sub_collapse_22_1" href="#" class="job_list___sub_multi_heading"><div role="alert" class="card-header alert-success" id="job_list___sub_heading_22_1"><button class="btn btn-outline-success"><span class="job_id">22 : Job ID 72a35cc5c3e14c07aba613a34ce511c6</span></button></div></a><div aria-labelledby="job_list___sub_heading_22_1" data-parent="#job_list___sub_accordion_22" class="collapse job_list___sub_multi_collapse" id="job_list___sub_collapse_22_1"><div class="card-body"><div class="work-item"><div class="alert alert-success test-outcome" role="alert"><p>worker outcome: normal</p><p>test outcome: killed</p></div></div><pre class="location"><a href="pycharm://open?file=stack4.py&amp;line=86" class="text-secondary"><button class="btn btn-outline-dark">stack4.py, start pos: (86, 28), end pos: (86, 29)</button></a></pre><pre>operator: core/ReplaceBinaryOperator_Add_BitXor, occurrence: 1</pre><div class="alert alert-secondary"><pre class="diff">--- mutation diff ---
--- astack4.py
+++ bstack4.py
@@ -83,7 +83,7 @@
         while curr:
             display += str(curr.data) + ', '
             curr = curr.next
-        return display[:-2] + ')'
+        return display[:-2] ^ ')'
 
 
 class Stack(object):</pre></div><div class="alert alert-secondary"><pre class="diff">============================= test session starts ==============================
platform linux -- Python 3.10.10, pytest-7.2.1, pluggy-1.0.0
rootdir: /home/auri/temp/lucca/python_experiments/stack4
collected 33 items

DYNAMOSA-MOSA/test_stack4_DYNAMOSA.py ......FF....F...                   [ 48%]
DYNAMOSA-MOSA/test_stack4_MOSA.py .F.FFF...FF.....F                      [100%]

=========================== short test summary info ============================
FAILED DYNAMOSA-MOSA/test_stack4_DYNAMOSA.py::test_case_6 - TypeError: unsupp...
FAILED DYNAMOSA-MOSA/test_stack4_DYNAMOSA.py::test_case_7 - TypeError: unsupp...
FAILED DYNAMOSA-MOSA/test_stack4_DYNAMOSA.py::test_case_12 - TypeError: unsup...
FAILED DYNAMOSA-MOSA/test_stack4_MOSA.py::test_case_1 - TypeError: unsupporte...
FAILED DYNAMOSA-MOSA/test_stack4_MOSA.py::test_case_3 - TypeError: unsupporte...
FAILED DYNAMOSA-MOSA/test_stack4_MOSA.py::test_case_4 - TypeError: unsupporte...
FAILED DYNAMOSA-MOSA/test_stack4_MOSA.py::test_case_5 - TypeError: unsupporte...
FAILED DYNAMOSA-MOSA/test_stack4_MOSA.py::test_case_9 - TypeError: unsupporte...
FAILED DYNAMOSA-MOSA/test_stack4_MOSA.py::test_case_10 - TypeError: unsupport...
FAILED DYNAMOSA-MOSA/test_stack4_MOSA.py::test_case_16 - TypeError: unsupport...
======================== 10 failed, 23 passed in 0.06s =========================
</pre></div></div></div></div></div><div class="mb-1" id="job_list___sub_accordion_23"><div class="card"><a data-toggle="collapse" data-target="#job_list___sub_collapse_23_1" aria-expanded="false" aria-controls="job_list___sub_collapse_23_1" href="#" class="job_list___sub_multi_heading"><div role="alert" class="card-header alert-success" id="job_list___sub_heading_23_1"><button class="btn btn-outline-success"><span class="job_id">23 : Job ID 45200fe0713442cbb85c353181bde423</span></button></div></a><div aria-labelledby="job_list___sub_heading_23_1" data-parent="#job_list___sub_accordion_23" class="collapse job_list___sub_multi_collapse" id="job_list___sub_collapse_23_1"><div class="card-body"><div class="work-item"><div class="alert alert-success test-outcome" role="alert"><p>worker outcome: normal</p><p>test outcome: killed</p></div></div><pre class="location"><a href="pycharm://open?file=stack4.py&amp;line=63" class="text-secondary"><button class="btn btn-outline-dark">stack4.py, start pos: (63, 25), end pos: (63, 27)</button></a></pre><pre>operator: core/ReplaceComparisonOperator_Eq_NotEq, occurrence: 0</pre><div class="alert alert-secondary"><pre class="diff">--- mutation diff ---
--- astack4.py
+++ bstack4.py
@@ -60,7 +60,7 @@
         """Return the node containing val."""
         curr = self.head
         while curr:
-            if curr.data == val:
+            if curr.data != val:
                 return curr
             curr = curr.next
 </pre></div><div class="alert alert-secondary"><pre class="diff">============================= test session starts ==============================
platform linux -- Python 3.10.10, pytest-7.2.1, pluggy-1.0.0
rootdir: /home/auri/temp/lucca/python_experiments/stack4
collected 33 items

DYNAMOSA-MOSA/test_stack4_DYNAMOSA.py ....F.........F.                   [ 48%]
DYNAMOSA-MOSA/test_stack4_MOSA.py ......F..........                      [100%]

=========================== short test summary info ============================
FAILED DYNAMOSA-MOSA/test_stack4_DYNAMOSA.py::test_case_4 - AssertionError: a...
FAILED DYNAMOSA-MOSA/test_stack4_DYNAMOSA.py::test_case_14 - AssertionError: ...
FAILED DYNAMOSA-MOSA/test_stack4_MOSA.py::test_case_6 - AssertionError: asser...
========================= 3 failed, 30 passed in 0.06s =========================
</pre></div></div></div></div></div><div class="mb-1" id="job_list___sub_accordion_24"><div class="card"><a data-toggle="collapse" data-target="#job_list___sub_collapse_24_1" aria-expanded="false" aria-controls="job_list___sub_collapse_24_1" href="#" class="job_list___sub_multi_heading"><div role="alert" class="card-header alert-danger" id="job_list___sub_heading_24_1"><button class="btn btn-outline-danger"><span class="job_id">24 : Job ID ce699b66b5ae4bbaaf9de8ac4d7dd1e0</span></button></div></a><div aria-labelledby="job_list___sub_heading_24_1" data-parent="#job_list___sub_accordion_24" class="collapse job_list___sub_multi_collapse" id="job_list___sub_collapse_24_1"><div class="card-body"><div class="work-item"><div class="alert alert-danger test-outcome" role="alert"><p>SURVIVED</p><p>worker outcome: normal</p><p>test outcome: survived</p></div></div><pre class="location"><a href="pycharm://open?file=stack4.py&amp;line=74" class="text-secondary"><button class="btn btn-outline-dark">stack4.py, start pos: (74, 45), end pos: (74, 47)</button></a></pre><pre>operator: core/ReplaceComparisonOperator_Eq_NotEq, occurrence: 1</pre><div class="alert alert-secondary"><pre class="diff">--- mutation diff ---
--- astack4.py
+++ bstack4.py
@@ -71,7 +71,7 @@
             self.head = self.head.next
             self._length -= 1
         while curr:
-            if (curr.next and curr.next.data == val):
+            if (curr.next and curr.next.data != val):
                 curr.next = curr.next.next
                 self._length -= 1
             curr = curr.next</pre></div><div class="alert alert-secondary"><pre class="diff">============================= test session starts ==============================
platform linux -- Python 3.10.10, pytest-7.2.1, pluggy-1.0.0
rootdir: /home/auri/temp/lucca/python_experiments/stack4
collected 33 items

DYNAMOSA-MOSA/test_stack4_DYNAMOSA.py ................                   [ 48%]
DYNAMOSA-MOSA/test_stack4_MOSA.py .................                      [100%]

============================== 33 passed in 0.05s ==============================
</pre></div></div></div></div></div><div class="mb-1" id="job_list___sub_accordion_25"><div class="card"><a data-toggle="collapse" data-target="#job_list___sub_collapse_25_1" aria-expanded="false" aria-controls="job_list___sub_collapse_25_1" href="#" class="job_list___sub_multi_heading"><div role="alert" class="card-header alert-success" id="job_list___sub_heading_25_1"><button class="btn btn-outline-success"><span class="job_id">25 : Job ID 777626d629a246f08b9c8966b962dbb9</span></button></div></a><div aria-labelledby="job_list___sub_heading_25_1" data-parent="#job_list___sub_accordion_25" class="collapse job_list___sub_multi_collapse" id="job_list___sub_collapse_25_1"><div class="card-body"><div class="work-item"><div class="alert alert-success test-outcome" role="alert"><p>worker outcome: normal</p><p>test outcome: killed</p></div></div><pre class="location"><a href="pycharm://open?file=stack4.py&amp;line=63" class="text-secondary"><button class="btn btn-outline-dark">stack4.py, start pos: (63, 25), end pos: (63, 27)</button></a></pre><pre>operator: core/ReplaceComparisonOperator_Eq_Lt, occurrence: 0</pre><div class="alert alert-secondary"><pre class="diff">--- mutation diff ---
--- astack4.py
+++ bstack4.py
@@ -60,7 +60,7 @@
         """Return the node containing val."""
         curr = self.head
         while curr:
-            if curr.data == val:
+            if curr.data &lt; val:
                 return curr
             curr = curr.next
 </pre></div><div class="alert alert-secondary"><pre class="diff">============================= test session starts ==============================
platform linux -- Python 3.10.10, pytest-7.2.1, pluggy-1.0.0
rootdir: /home/auri/temp/lucca/python_experiments/stack4
collected 33 items

DYNAMOSA-MOSA/test_stack4_DYNAMOSA.py ....F......F.FF.                   [ 48%]
DYNAMOSA-MOSA/test_stack4_MOSA.py .....FF..........                      [100%]

=========================== short test summary info ============================
FAILED DYNAMOSA-MOSA/test_stack4_DYNAMOSA.py::test_case_4 - AssertionError: a...
FAILED DYNAMOSA-MOSA/test_stack4_DYNAMOSA.py::test_case_11 - TypeError: '&lt;' n...
FAILED DYNAMOSA-MOSA/test_stack4_DYNAMOSA.py::test_case_13 - TypeError: '&lt;' n...
FAILED DYNAMOSA-MOSA/test_stack4_DYNAMOSA.py::test_case_14 - AssertionError: ...
FAILED DYNAMOSA-MOSA/test_stack4_MOSA.py::test_case_5 - TypeError: '&lt;' not su...
FAILED DYNAMOSA-MOSA/test_stack4_MOSA.py::test_case_6 - AssertionError: asser...
========================= 6 failed, 27 passed in 0.06s =========================
</pre></div></div></div></div></div><div class="mb-1" id="job_list___sub_accordion_26"><div class="card"><a data-toggle="collapse" data-target="#job_list___sub_collapse_26_1" aria-expanded="false" aria-controls="job_list___sub_collapse_26_1" href="#" class="job_list___sub_multi_heading"><div role="alert" class="card-header alert-success" id="job_list___sub_heading_26_1"><button class="btn btn-outline-success"><span class="job_id">26 : Job ID 6968850e270a4a039d77d75cc56f13b5</span></button></div></a><div aria-labelledby="job_list___sub_heading_26_1" data-parent="#job_list___sub_accordion_26" class="collapse job_list___sub_multi_collapse" id="job_list___sub_collapse_26_1"><div class="card-body"><div class="work-item"><div class="alert alert-success test-outcome" role="alert"><p>worker outcome: normal</p><p>test outcome: killed</p></div></div><pre class="location"><a href="pycharm://open?file=stack4.py&amp;line=74" class="text-secondary"><button class="btn btn-outline-dark">stack4.py, start pos: (74, 45), end pos: (74, 47)</button></a></pre><pre>operator: core/ReplaceComparisonOperator_Eq_Lt, occurrence: 1</pre><div class="alert alert-secondary"><pre class="diff">--- mutation diff ---
--- astack4.py
+++ bstack4.py
@@ -71,7 +71,7 @@
             self.head = self.head.next
             self._length -= 1
         while curr:
-            if (curr.next and curr.next.data == val):
+            if (curr.next and curr.next.data &lt; val):
                 curr.next = curr.next.next
                 self._length -= 1
             curr = curr.next</pre></div><div class="alert alert-secondary"><pre class="diff">============================= test session starts ==============================
platform linux -- Python 3.10.10, pytest-7.2.1, pluggy-1.0.0
rootdir: /home/auri/temp/lucca/python_experiments/stack4
collected 33 items

DYNAMOSA-MOSA/test_stack4_DYNAMOSA.py .............F.F                   [ 48%]
DYNAMOSA-MOSA/test_stack4_MOSA.py ...FFF........FFF                      [100%]

=========================== short test summary info ============================
FAILED DYNAMOSA-MOSA/test_stack4_DYNAMOSA.py::test_case_13 - TypeError: '&lt;' n...
FAILED DYNAMOSA-MOSA/test_stack4_DYNAMOSA.py::test_case_15 - TypeError: '&lt;' n...
FAILED DYNAMOSA-MOSA/test_stack4_MOSA.py::test_case_3 - TypeError: '&lt;' not su...
FAILED DYNAMOSA-MOSA/test_stack4_MOSA.py::test_case_4 - TypeError: '&lt;' not su...
FAILED DYNAMOSA-MOSA/test_stack4_MOSA.py::test_case_5 - TypeError: '&lt;' not su...
FAILED DYNAMOSA-MOSA/test_stack4_MOSA.py::test_case_14 - TypeError: '&lt;' not s...
FAILED DYNAMOSA-MOSA/test_stack4_MOSA.py::test_case_15 - TypeError: '&lt;' not s...
FAILED DYNAMOSA-MOSA/test_stack4_MOSA.py::test_case_16 - TypeError: '&lt;' not s...
========================= 8 failed, 25 passed in 0.06s =========================
</pre></div></div></div></div></div><div class="mb-1" id="job_list___sub_accordion_27"><div class="card"><a data-toggle="collapse" data-target="#job_list___sub_collapse_27_1" aria-expanded="false" aria-controls="job_list___sub_collapse_27_1" href="#" class="job_list___sub_multi_heading"><div role="alert" class="card-header alert-success" id="job_list___sub_heading_27_1"><button class="btn btn-outline-success"><span class="job_id">27 : Job ID 61afb2e7f45647efacd2d3cc1abfed75</span></button></div></a><div aria-labelledby="job_list___sub_heading_27_1" data-parent="#job_list___sub_accordion_27" class="collapse job_list___sub_multi_collapse" id="job_list___sub_collapse_27_1"><div class="card-body"><div class="work-item"><div class="alert alert-success test-outcome" role="alert"><p>worker outcome: normal</p><p>test outcome: killed</p></div></div><pre class="location"><a href="pycharm://open?file=stack4.py&amp;line=63" class="text-secondary"><button class="btn btn-outline-dark">stack4.py, start pos: (63, 25), end pos: (63, 27)</button></a></pre><pre>operator: core/ReplaceComparisonOperator_Eq_LtE, occurrence: 0</pre><div class="alert alert-secondary"><pre class="diff">--- mutation diff ---
--- astack4.py
+++ bstack4.py
@@ -60,7 +60,7 @@
         """Return the node containing val."""
         curr = self.head
         while curr:
-            if curr.data == val:
+            if curr.data &lt;= val:
                 return curr
             curr = curr.next
 </pre></div><div class="alert alert-secondary"><pre class="diff">============================= test session starts ==============================
platform linux -- Python 3.10.10, pytest-7.2.1, pluggy-1.0.0
rootdir: /home/auri/temp/lucca/python_experiments/stack4
collected 33 items

DYNAMOSA-MOSA/test_stack4_DYNAMOSA.py ...........F.F..                   [ 48%]
DYNAMOSA-MOSA/test_stack4_MOSA.py .....F...........                      [100%]

=========================== short test summary info ============================
FAILED DYNAMOSA-MOSA/test_stack4_DYNAMOSA.py::test_case_11 - TypeError: '&lt;=' ...
FAILED DYNAMOSA-MOSA/test_stack4_DYNAMOSA.py::test_case_13 - TypeError: '&lt;=' ...
FAILED DYNAMOSA-MOSA/test_stack4_MOSA.py::test_case_5 - TypeError: '&lt;=' not s...
========================= 3 failed, 30 passed in 0.06s =========================
</pre></div></div></div></div></div><div class="mb-1" id="job_list___sub_accordion_28"><div class="card"><a data-toggle="collapse" data-target="#job_list___sub_collapse_28_1" aria-expanded="false" aria-controls="job_list___sub_collapse_28_1" href="#" class="job_list___sub_multi_heading"><div role="alert" class="card-header alert-success" id="job_list___sub_heading_28_1"><button class="btn btn-outline-success"><span class="job_id">28 : Job ID fa7876b0946e4b0e8b865acff16ca409</span></button></div></a><div aria-labelledby="job_list___sub_heading_28_1" data-parent="#job_list___sub_accordion_28" class="collapse job_list___sub_multi_collapse" id="job_list___sub_collapse_28_1"><div class="card-body"><div class="work-item"><div class="alert alert-success test-outcome" role="alert"><p>worker outcome: normal</p><p>test outcome: killed</p></div></div><pre class="location"><a href="pycharm://open?file=stack4.py&amp;line=74" class="text-secondary"><button class="btn btn-outline-dark">stack4.py, start pos: (74, 45), end pos: (74, 47)</button></a></pre><pre>operator: core/ReplaceComparisonOperator_Eq_LtE, occurrence: 1</pre><div class="alert alert-secondary"><pre class="diff">--- mutation diff ---
--- astack4.py
+++ bstack4.py
@@ -71,7 +71,7 @@
             self.head = self.head.next
             self._length -= 1
         while curr:
-            if (curr.next and curr.next.data == val):
+            if (curr.next and curr.next.data &lt;= val):
                 curr.next = curr.next.next
                 self._length -= 1
             curr = curr.next</pre></div><div class="alert alert-secondary"><pre class="diff">============================= test session starts ==============================
platform linux -- Python 3.10.10, pytest-7.2.1, pluggy-1.0.0
rootdir: /home/auri/temp/lucca/python_experiments/stack4
collected 33 items

DYNAMOSA-MOSA/test_stack4_DYNAMOSA.py .............F.F                   [ 48%]
DYNAMOSA-MOSA/test_stack4_MOSA.py ...FFF........FF.                      [100%]

=========================== short test summary info ============================
FAILED DYNAMOSA-MOSA/test_stack4_DYNAMOSA.py::test_case_13 - TypeError: '&lt;=' ...
FAILED DYNAMOSA-MOSA/test_stack4_DYNAMOSA.py::test_case_15 - TypeError: '&lt;=' ...
FAILED DYNAMOSA-MOSA/test_stack4_MOSA.py::test_case_3 - TypeError: '&lt;=' not s...
FAILED DYNAMOSA-MOSA/test_stack4_MOSA.py::test_case_4 - TypeError: '&lt;=' not s...
FAILED DYNAMOSA-MOSA/test_stack4_MOSA.py::test_case_5 - TypeError: '&lt;=' not s...
FAILED DYNAMOSA-MOSA/test_stack4_MOSA.py::test_case_14 - TypeError: '&lt;=' not ...
FAILED DYNAMOSA-MOSA/test_stack4_MOSA.py::test_case_15 - TypeError: '&lt;=' not ...
========================= 7 failed, 26 passed in 0.06s =========================
</pre></div></div></div></div></div><div class="mb-1" id="job_list___sub_accordion_29"><div class="card"><a data-toggle="collapse" data-target="#job_list___sub_collapse_29_1" aria-expanded="false" aria-controls="job_list___sub_collapse_29_1" href="#" class="job_list___sub_multi_heading"><div role="alert" class="card-header alert-success" id="job_list___sub_heading_29_1"><button class="btn btn-outline-success"><span class="job_id">29 : Job ID 888d5d8ca9dc4ddb91ce47f02ef8c1c8</span></button></div></a><div aria-labelledby="job_list___sub_heading_29_1" data-parent="#job_list___sub_accordion_29" class="collapse job_list___sub_multi_collapse" id="job_list___sub_collapse_29_1"><div class="card-body"><div class="work-item"><div class="alert alert-success test-outcome" role="alert"><p>worker outcome: normal</p><p>test outcome: killed</p></div></div><pre class="location"><a href="pycharm://open?file=stack4.py&amp;line=63" class="text-secondary"><button class="btn btn-outline-dark">stack4.py, start pos: (63, 25), end pos: (63, 27)</button></a></pre><pre>operator: core/ReplaceComparisonOperator_Eq_Gt, occurrence: 0</pre><div class="alert alert-secondary"><pre class="diff">--- mutation diff ---
--- astack4.py
+++ bstack4.py
@@ -60,7 +60,7 @@
         """Return the node containing val."""
         curr = self.head
         while curr:
-            if curr.data == val:
+            if curr.data &gt; val:
                 return curr
             curr = curr.next
 </pre></div><div class="alert alert-secondary"><pre class="diff">============================= test session starts ==============================
platform linux -- Python 3.10.10, pytest-7.2.1, pluggy-1.0.0
rootdir: /home/auri/temp/lucca/python_experiments/stack4
collected 33 items

DYNAMOSA-MOSA/test_stack4_DYNAMOSA.py ....F......F.FF.                   [ 48%]
DYNAMOSA-MOSA/test_stack4_MOSA.py .....FF..........                      [100%]

=========================== short test summary info ============================
FAILED DYNAMOSA-MOSA/test_stack4_DYNAMOSA.py::test_case_4 - AssertionError: a...
FAILED DYNAMOSA-MOSA/test_stack4_DYNAMOSA.py::test_case_11 - TypeError: '&gt;' n...
FAILED DYNAMOSA-MOSA/test_stack4_DYNAMOSA.py::test_case_13 - TypeError: '&gt;' n...
FAILED DYNAMOSA-MOSA/test_stack4_DYNAMOSA.py::test_case_14 - AssertionError: ...
FAILED DYNAMOSA-MOSA/test_stack4_MOSA.py::test_case_5 - TypeError: '&gt;' not su...
FAILED DYNAMOSA-MOSA/test_stack4_MOSA.py::test_case_6 - AssertionError: asser...
========================= 6 failed, 27 passed in 0.06s =========================
</pre></div></div></div></div></div><div class="mb-1" id="job_list___sub_accordion_30"><div class="card"><a data-toggle="collapse" data-target="#job_list___sub_collapse_30_1" aria-expanded="false" aria-controls="job_list___sub_collapse_30_1" href="#" class="job_list___sub_multi_heading"><div role="alert" class="card-header alert-success" id="job_list___sub_heading_30_1"><button class="btn btn-outline-success"><span class="job_id">30 : Job ID de879655353c40d3895ce008672e9c4b</span></button></div></a><div aria-labelledby="job_list___sub_heading_30_1" data-parent="#job_list___sub_accordion_30" class="collapse job_list___sub_multi_collapse" id="job_list___sub_collapse_30_1"><div class="card-body"><div class="work-item"><div class="alert alert-success test-outcome" role="alert"><p>worker outcome: normal</p><p>test outcome: killed</p></div></div><pre class="location"><a href="pycharm://open?file=stack4.py&amp;line=74" class="text-secondary"><button class="btn btn-outline-dark">stack4.py, start pos: (74, 45), end pos: (74, 47)</button></a></pre><pre>operator: core/ReplaceComparisonOperator_Eq_Gt, occurrence: 1</pre><div class="alert alert-secondary"><pre class="diff">--- mutation diff ---
--- astack4.py
+++ bstack4.py
@@ -71,7 +71,7 @@
             self.head = self.head.next
             self._length -= 1
         while curr:
-            if (curr.next and curr.next.data == val):
+            if (curr.next and curr.next.data &gt; val):
                 curr.next = curr.next.next
                 self._length -= 1
             curr = curr.next</pre></div><div class="alert alert-secondary"><pre class="diff">============================= test session starts ==============================
platform linux -- Python 3.10.10, pytest-7.2.1, pluggy-1.0.0
rootdir: /home/auri/temp/lucca/python_experiments/stack4
collected 33 items

DYNAMOSA-MOSA/test_stack4_DYNAMOSA.py .............F.F                   [ 48%]
DYNAMOSA-MOSA/test_stack4_MOSA.py ...FFF........FFF                      [100%]

=========================== short test summary info ============================
FAILED DYNAMOSA-MOSA/test_stack4_DYNAMOSA.py::test_case_13 - TypeError: '&gt;' n...
FAILED DYNAMOSA-MOSA/test_stack4_DYNAMOSA.py::test_case_15 - TypeError: '&gt;' n...
FAILED DYNAMOSA-MOSA/test_stack4_MOSA.py::test_case_3 - TypeError: '&gt;' not su...
FAILED DYNAMOSA-MOSA/test_stack4_MOSA.py::test_case_4 - TypeError: '&gt;' not su...
FAILED DYNAMOSA-MOSA/test_stack4_MOSA.py::test_case_5 - TypeError: '&gt;' not su...
FAILED DYNAMOSA-MOSA/test_stack4_MOSA.py::test_case_14 - TypeError: '&gt;' not s...
FAILED DYNAMOSA-MOSA/test_stack4_MOSA.py::test_case_15 - TypeError: '&gt;' not s...
FAILED DYNAMOSA-MOSA/test_stack4_MOSA.py::test_case_16 - TypeError: '&gt;' not s...
========================= 8 failed, 25 passed in 0.06s =========================
</pre></div></div></div></div></div><div class="mb-1" id="job_list___sub_accordion_31"><div class="card"><a data-toggle="collapse" data-target="#job_list___sub_collapse_31_1" aria-expanded="false" aria-controls="job_list___sub_collapse_31_1" href="#" class="job_list___sub_multi_heading"><div role="alert" class="card-header alert-success" id="job_list___sub_heading_31_1"><button class="btn btn-outline-success"><span class="job_id">31 : Job ID 50a8945a1d504124997aa1cadc9fe44d</span></button></div></a><div aria-labelledby="job_list___sub_heading_31_1" data-parent="#job_list___sub_accordion_31" class="collapse job_list___sub_multi_collapse" id="job_list___sub_collapse_31_1"><div class="card-body"><div class="work-item"><div class="alert alert-success test-outcome" role="alert"><p>worker outcome: normal</p><p>test outcome: killed</p></div></div><pre class="location"><a href="pycharm://open?file=stack4.py&amp;line=63" class="text-secondary"><button class="btn btn-outline-dark">stack4.py, start pos: (63, 25), end pos: (63, 27)</button></a></pre><pre>operator: core/ReplaceComparisonOperator_Eq_GtE, occurrence: 0</pre><div class="alert alert-secondary"><pre class="diff">--- mutation diff ---
--- astack4.py
+++ bstack4.py
@@ -60,7 +60,7 @@
         """Return the node containing val."""
         curr = self.head
         while curr:
-            if curr.data == val:
+            if curr.data &gt;= val:
                 return curr
             curr = curr.next
 </pre></div><div class="alert alert-secondary"><pre class="diff">============================= test session starts ==============================
platform linux -- Python 3.10.10, pytest-7.2.1, pluggy-1.0.0
rootdir: /home/auri/temp/lucca/python_experiments/stack4
collected 33 items

DYNAMOSA-MOSA/test_stack4_DYNAMOSA.py ...........F.F..                   [ 48%]
DYNAMOSA-MOSA/test_stack4_MOSA.py .....F...........                      [100%]

=========================== short test summary info ============================
FAILED DYNAMOSA-MOSA/test_stack4_DYNAMOSA.py::test_case_11 - TypeError: '&gt;=' ...
FAILED DYNAMOSA-MOSA/test_stack4_DYNAMOSA.py::test_case_13 - TypeError: '&gt;=' ...
FAILED DYNAMOSA-MOSA/test_stack4_MOSA.py::test_case_5 - TypeError: '&gt;=' not s...
========================= 3 failed, 30 passed in 0.06s =========================
</pre></div></div></div></div></div><div class="mb-1" id="job_list___sub_accordion_32"><div class="card"><a data-toggle="collapse" data-target="#job_list___sub_collapse_32_1" aria-expanded="false" aria-controls="job_list___sub_collapse_32_1" href="#" class="job_list___sub_multi_heading"><div role="alert" class="card-header alert-success" id="job_list___sub_heading_32_1"><button class="btn btn-outline-success"><span class="job_id">32 : Job ID 79724756a86e4dd1b236b97f35a3e12b</span></button></div></a><div aria-labelledby="job_list___sub_heading_32_1" data-parent="#job_list___sub_accordion_32" class="collapse job_list___sub_multi_collapse" id="job_list___sub_collapse_32_1"><div class="card-body"><div class="work-item"><div class="alert alert-success test-outcome" role="alert"><p>worker outcome: normal</p><p>test outcome: killed</p></div></div><pre class="location"><a href="pycharm://open?file=stack4.py&amp;line=74" class="text-secondary"><button class="btn btn-outline-dark">stack4.py, start pos: (74, 45), end pos: (74, 47)</button></a></pre><pre>operator: core/ReplaceComparisonOperator_Eq_GtE, occurrence: 1</pre><div class="alert alert-secondary"><pre class="diff">--- mutation diff ---
--- astack4.py
+++ bstack4.py
@@ -71,7 +71,7 @@
             self.head = self.head.next
             self._length -= 1
         while curr:
-            if (curr.next and curr.next.data == val):
+            if (curr.next and curr.next.data &gt;= val):
                 curr.next = curr.next.next
                 self._length -= 1
             curr = curr.next</pre></div><div class="alert alert-secondary"><pre class="diff">============================= test session starts ==============================
platform linux -- Python 3.10.10, pytest-7.2.1, pluggy-1.0.0
rootdir: /home/auri/temp/lucca/python_experiments/stack4
collected 33 items

DYNAMOSA-MOSA/test_stack4_DYNAMOSA.py .............F.F                   [ 48%]
DYNAMOSA-MOSA/test_stack4_MOSA.py ...FFF........FF.                      [100%]

=========================== short test summary info ============================
FAILED DYNAMOSA-MOSA/test_stack4_DYNAMOSA.py::test_case_13 - TypeError: '&gt;=' ...
FAILED DYNAMOSA-MOSA/test_stack4_DYNAMOSA.py::test_case_15 - TypeError: '&gt;=' ...
FAILED DYNAMOSA-MOSA/test_stack4_MOSA.py::test_case_3 - TypeError: '&gt;=' not s...
FAILED DYNAMOSA-MOSA/test_stack4_MOSA.py::test_case_4 - TypeError: '&gt;=' not s...
FAILED DYNAMOSA-MOSA/test_stack4_MOSA.py::test_case_5 - TypeError: '&gt;=' not s...
FAILED DYNAMOSA-MOSA/test_stack4_MOSA.py::test_case_14 - TypeError: '&gt;=' not ...
FAILED DYNAMOSA-MOSA/test_stack4_MOSA.py::test_case_15 - TypeError: '&gt;=' not ...
========================= 7 failed, 26 passed in 0.06s =========================
</pre></div></div></div></div></div><div class="mb-1" id="job_list___sub_accordion_33"><div class="card"><a data-toggle="collapse" data-target="#job_list___sub_collapse_33_1" aria-expanded="false" aria-controls="job_list___sub_collapse_33_1" href="#" class="job_list___sub_multi_heading"><div role="alert" class="card-header alert-danger" id="job_list___sub_heading_33_1"><button class="btn btn-outline-danger"><span class="job_id">33 : Job ID 224110a972cc43f0a1b9df83bbfb4940</span></button></div></a><div aria-labelledby="job_list___sub_heading_33_1" data-parent="#job_list___sub_accordion_33" class="collapse job_list___sub_multi_collapse" id="job_list___sub_collapse_33_1"><div class="card-body"><div class="work-item"><div class="alert alert-danger test-outcome" role="alert"><p>SURVIVED</p><p>worker outcome: normal</p><p>test outcome: survived</p></div></div><pre class="location"><a href="pycharm://open?file=stack4.py&amp;line=63" class="text-secondary"><button class="btn btn-outline-dark">stack4.py, start pos: (63, 25), end pos: (63, 27)</button></a></pre><pre>operator: core/ReplaceComparisonOperator_Eq_Is, occurrence: 0</pre><div class="alert alert-secondary"><pre class="diff">--- mutation diff ---
--- astack4.py
+++ bstack4.py
@@ -60,7 +60,7 @@
         """Return the node containing val."""
         curr = self.head
         while curr:
-            if curr.data == val:
+            if curr.data is val:
                 return curr
             curr = curr.next
 </pre></div><div class="alert alert-secondary"><pre class="diff">============================= test session starts ==============================
platform linux -- Python 3.10.10, pytest-7.2.1, pluggy-1.0.0
rootdir: /home/auri/temp/lucca/python_experiments/stack4
collected 33 items

DYNAMOSA-MOSA/test_stack4_DYNAMOSA.py ................                   [ 48%]
DYNAMOSA-MOSA/test_stack4_MOSA.py .................                      [100%]

============================== 33 passed in 0.07s ==============================
</pre></div></div></div></div></div><div class="mb-1" id="job_list___sub_accordion_34"><div class="card"><a data-toggle="collapse" data-target="#job_list___sub_collapse_34_1" aria-expanded="false" aria-controls="job_list___sub_collapse_34_1" href="#" class="job_list___sub_multi_heading"><div role="alert" class="card-header alert-danger" id="job_list___sub_heading_34_1"><button class="btn btn-outline-danger"><span class="job_id">34 : Job ID 9dda9a8993714e2ab0c62d39f095044d</span></button></div></a><div aria-labelledby="job_list___sub_heading_34_1" data-parent="#job_list___sub_accordion_34" class="collapse job_list___sub_multi_collapse" id="job_list___sub_collapse_34_1"><div class="card-body"><div class="work-item"><div class="alert alert-danger test-outcome" role="alert"><p>SURVIVED</p><p>worker outcome: normal</p><p>test outcome: survived</p></div></div><pre class="location"><a href="pycharm://open?file=stack4.py&amp;line=74" class="text-secondary"><button class="btn btn-outline-dark">stack4.py, start pos: (74, 45), end pos: (74, 47)</button></a></pre><pre>operator: core/ReplaceComparisonOperator_Eq_Is, occurrence: 1</pre><div class="alert alert-secondary"><pre class="diff">--- mutation diff ---
--- astack4.py
+++ bstack4.py
@@ -71,7 +71,7 @@
             self.head = self.head.next
             self._length -= 1
         while curr:
-            if (curr.next and curr.next.data == val):
+            if (curr.next and curr.next.data is val):
                 curr.next = curr.next.next
                 self._length -= 1
             curr = curr.next</pre></div><div class="alert alert-secondary"><pre class="diff">============================= test session starts ==============================
platform linux -- Python 3.10.10, pytest-7.2.1, pluggy-1.0.0
rootdir: /home/auri/temp/lucca/python_experiments/stack4
collected 33 items

DYNAMOSA-MOSA/test_stack4_DYNAMOSA.py ................                   [ 48%]
DYNAMOSA-MOSA/test_stack4_MOSA.py .................                      [100%]

============================== 33 passed in 0.05s ==============================
</pre></div></div></div></div></div><div class="mb-1" id="job_list___sub_accordion_35"><div class="card"><a data-toggle="collapse" data-target="#job_list___sub_collapse_35_1" aria-expanded="false" aria-controls="job_list___sub_collapse_35_1" href="#" class="job_list___sub_multi_heading"><div role="alert" class="card-header alert-success" id="job_list___sub_heading_35_1"><button class="btn btn-outline-success"><span class="job_id">35 : Job ID 8702c8742068402bae8537fcd50cae62</span></button></div></a><div aria-labelledby="job_list___sub_heading_35_1" data-parent="#job_list___sub_accordion_35" class="collapse job_list___sub_multi_collapse" id="job_list___sub_collapse_35_1"><div class="card-body"><div class="work-item"><div class="alert alert-success test-outcome" role="alert"><p>worker outcome: normal</p><p>test outcome: killed</p></div></div><pre class="location"><a href="pycharm://open?file=stack4.py&amp;line=63" class="text-secondary"><button class="btn btn-outline-dark">stack4.py, start pos: (63, 25), end pos: (63, 27)</button></a></pre><pre>operator: core/ReplaceComparisonOperator_Eq_IsNot, occurrence: 0</pre><div class="alert alert-secondary"><pre class="diff">--- mutation diff ---
--- astack4.py
+++ bstack4.py
@@ -60,7 +60,7 @@
         """Return the node containing val."""
         curr = self.head
         while curr:
-            if curr.data == val:
+            if curr.data is not val:
                 return curr
             curr = curr.next
 </pre></div><div class="alert alert-secondary"><pre class="diff">============================= test session starts ==============================
platform linux -- Python 3.10.10, pytest-7.2.1, pluggy-1.0.0
rootdir: /home/auri/temp/lucca/python_experiments/stack4
collected 33 items

DYNAMOSA-MOSA/test_stack4_DYNAMOSA.py ....F.........F.                   [ 48%]
DYNAMOSA-MOSA/test_stack4_MOSA.py ......F..........                      [100%]

=========================== short test summary info ============================
FAILED DYNAMOSA-MOSA/test_stack4_DYNAMOSA.py::test_case_4 - AssertionError: a...
FAILED DYNAMOSA-MOSA/test_stack4_DYNAMOSA.py::test_case_14 - AssertionError: ...
FAILED DYNAMOSA-MOSA/test_stack4_MOSA.py::test_case_6 - AssertionError: asser...
========================= 3 failed, 30 passed in 0.06s =========================
</pre></div></div></div></div></div><div class="mb-1" id="job_list___sub_accordion_36"><div class="card"><a data-toggle="collapse" data-target="#job_list___sub_collapse_36_1" aria-expanded="false" aria-controls="job_list___sub_collapse_36_1" href="#" class="job_list___sub_multi_heading"><div role="alert" class="card-header alert-danger" id="job_list___sub_heading_36_1"><button class="btn btn-outline-danger"><span class="job_id">36 : Job ID 2db9570ca27946f6ad39a969551c9e5e</span></button></div></a><div aria-labelledby="job_list___sub_heading_36_1" data-parent="#job_list___sub_accordion_36" class="collapse job_list___sub_multi_collapse" id="job_list___sub_collapse_36_1"><div class="card-body"><div class="work-item"><div class="alert alert-danger test-outcome" role="alert"><p>SURVIVED</p><p>worker outcome: normal</p><p>test outcome: survived</p></div></div><pre class="location"><a href="pycharm://open?file=stack4.py&amp;line=74" class="text-secondary"><button class="btn btn-outline-dark">stack4.py, start pos: (74, 45), end pos: (74, 47)</button></a></pre><pre>operator: core/ReplaceComparisonOperator_Eq_IsNot, occurrence: 1</pre><div class="alert alert-secondary"><pre class="diff">--- mutation diff ---
--- astack4.py
+++ bstack4.py
@@ -71,7 +71,7 @@
             self.head = self.head.next
             self._length -= 1
         while curr:
-            if (curr.next and curr.next.data == val):
+            if (curr.next and curr.next.data is not val):
                 curr.next = curr.next.next
                 self._length -= 1
             curr = curr.next</pre></div><div class="alert alert-secondary"><pre class="diff">============================= test session starts ==============================
platform linux -- Python 3.10.10, pytest-7.2.1, pluggy-1.0.0
rootdir: /home/auri/temp/lucca/python_experiments/stack4
collected 33 items

DYNAMOSA-MOSA/test_stack4_DYNAMOSA.py ................                   [ 48%]
DYNAMOSA-MOSA/test_stack4_MOSA.py .................                      [100%]

============================== 33 passed in 0.06s ==============================
</pre></div></div></div></div></div><div class="mb-1" id="job_list___sub_accordion_37"><div class="card"><a data-toggle="collapse" data-target="#job_list___sub_collapse_37_1" aria-expanded="false" aria-controls="job_list___sub_collapse_37_1" href="#" class="job_list___sub_multi_heading"><div role="alert" class="card-header alert-danger" id="job_list___sub_heading_37_1"><button class="btn btn-outline-danger"><span class="job_id">37 : Job ID 4a58963cbb0b459c9a19aceff1c433f1</span></button></div></a><div aria-labelledby="job_list___sub_heading_37_1" data-parent="#job_list___sub_accordion_37" class="collapse job_list___sub_multi_collapse" id="job_list___sub_collapse_37_1"><div class="card-body"><div class="work-item"><div class="alert alert-danger test-outcome" role="alert"><p>SURVIVED</p><p>worker outcome: normal</p><p>test outcome: survived</p></div></div><pre class="location"><a href="pycharm://open?file=stack4.py&amp;line=70" class="text-secondary"><button class="btn btn-outline-dark">stack4.py, start pos: (70, 24), end pos: (70, 26)</button></a></pre><pre>operator: core/ReplaceComparisonOperator_Is_Eq, occurrence: 0</pre><div class="alert alert-secondary"><pre class="diff">--- mutation diff ---
--- astack4.py
+++ bstack4.py
@@ -67,7 +67,7 @@
     def remove(self, val):
         """Remove node from list if exists."""
         curr = self.head
-        if curr and val is self.head.data:
+        if curr and val == self.head.data:
             self.head = self.head.next
             self._length -= 1
         while curr:</pre></div><div class="alert alert-secondary"><pre class="diff">============================= test session starts ==============================
platform linux -- Python 3.10.10, pytest-7.2.1, pluggy-1.0.0
rootdir: /home/auri/temp/lucca/python_experiments/stack4
collected 33 items

DYNAMOSA-MOSA/test_stack4_DYNAMOSA.py ................                   [ 48%]
DYNAMOSA-MOSA/test_stack4_MOSA.py .................                      [100%]

============================== 33 passed in 0.06s ==============================
</pre></div></div></div></div></div><div class="mb-1" id="job_list___sub_accordion_38"><div class="card"><a data-toggle="collapse" data-target="#job_list___sub_collapse_38_1" aria-expanded="false" aria-controls="job_list___sub_collapse_38_1" href="#" class="job_list___sub_multi_heading"><div role="alert" class="card-header alert-success" id="job_list___sub_heading_38_1"><button class="btn btn-outline-success"><span class="job_id">38 : Job ID fbc66fe66c834475a49b6f59ae818e2b</span></button></div></a><div aria-labelledby="job_list___sub_heading_38_1" data-parent="#job_list___sub_accordion_38" class="collapse job_list___sub_multi_collapse" id="job_list___sub_collapse_38_1"><div class="card-body"><div class="work-item"><div class="alert alert-success test-outcome" role="alert"><p>worker outcome: normal</p><p>test outcome: killed</p></div></div><pre class="location"><a href="pycharm://open?file=stack4.py&amp;line=70" class="text-secondary"><button class="btn btn-outline-dark">stack4.py, start pos: (70, 24), end pos: (70, 26)</button></a></pre><pre>operator: core/ReplaceComparisonOperator_Is_NotEq, occurrence: 0</pre><div class="alert alert-secondary"><pre class="diff">--- mutation diff ---
--- astack4.py
+++ bstack4.py
@@ -67,7 +67,7 @@
     def remove(self, val):
         """Remove node from list if exists."""
         curr = self.head
-        if curr and val is self.head.data:
+        if curr and val != self.head.data:
             self.head = self.head.next
             self._length -= 1
         while curr:</pre></div><div class="alert alert-secondary"><pre class="diff">============================= test session starts ==============================
platform linux -- Python 3.10.10, pytest-7.2.1, pluggy-1.0.0
rootdir: /home/auri/temp/lucca/python_experiments/stack4
collected 33 items

DYNAMOSA-MOSA/test_stack4_DYNAMOSA.py ..............F.                   [ 48%]
DYNAMOSA-MOSA/test_stack4_MOSA.py ...F.............                      [100%]

=========================== short test summary info ============================
FAILED DYNAMOSA-MOSA/test_stack4_DYNAMOSA.py::test_case_14 - assert &lt;stack4.N...
FAILED DYNAMOSA-MOSA/test_stack4_MOSA.py::test_case_3 - AssertionError: asser...
========================= 2 failed, 31 passed in 0.06s =========================
</pre></div></div></div></div></div><div class="mb-1" id="job_list___sub_accordion_39"><div class="card"><a data-toggle="collapse" data-target="#job_list___sub_collapse_39_1" aria-expanded="false" aria-controls="job_list___sub_collapse_39_1" href="#" class="job_list___sub_multi_heading"><div role="alert" class="card-header alert-success" id="job_list___sub_heading_39_1"><button class="btn btn-outline-success"><span class="job_id">39 : Job ID ef7572fb98b54285be22a4bb743670f2</span></button></div></a><div aria-labelledby="job_list___sub_heading_39_1" data-parent="#job_list___sub_accordion_39" class="collapse job_list___sub_multi_collapse" id="job_list___sub_collapse_39_1"><div class="card-body"><div class="work-item"><div class="alert alert-success test-outcome" role="alert"><p>worker outcome: normal</p><p>test outcome: killed</p></div></div><pre class="location"><a href="pycharm://open?file=stack4.py&amp;line=70" class="text-secondary"><button class="btn btn-outline-dark">stack4.py, start pos: (70, 24), end pos: (70, 26)</button></a></pre><pre>operator: core/ReplaceComparisonOperator_Is_Lt, occurrence: 0</pre><div class="alert alert-secondary"><pre class="diff">--- mutation diff ---
--- astack4.py
+++ bstack4.py
@@ -67,7 +67,7 @@
     def remove(self, val):
         """Remove node from list if exists."""
         curr = self.head
-        if curr and val is self.head.data:
+        if curr and val &lt; self.head.data:
             self.head = self.head.next
             self._length -= 1
         while curr:</pre></div><div class="alert alert-secondary"><pre class="diff">============================= test session starts ==============================
platform linux -- Python 3.10.10, pytest-7.2.1, pluggy-1.0.0
rootdir: /home/auri/temp/lucca/python_experiments/stack4
collected 33 items

DYNAMOSA-MOSA/test_stack4_DYNAMOSA.py ..........FF.FFF                   [ 48%]
DYNAMOSA-MOSA/test_stack4_MOSA.py ...FFF........FF.                      [100%]

=========================== short test summary info ============================
FAILED DYNAMOSA-MOSA/test_stack4_DYNAMOSA.py::test_case_10 - TypeError: '&lt;' n...
FAILED DYNAMOSA-MOSA/test_stack4_DYNAMOSA.py::test_case_11 - TypeError: '&lt;' n...
FAILED DYNAMOSA-MOSA/test_stack4_DYNAMOSA.py::test_case_13 - TypeError: '&lt;' n...
FAILED DYNAMOSA-MOSA/test_stack4_DYNAMOSA.py::test_case_14 - assert &lt;stack4.N...
FAILED DYNAMOSA-MOSA/test_stack4_DYNAMOSA.py::test_case_15 - TypeError: '&lt;' n...
FAILED DYNAMOSA-MOSA/test_stack4_MOSA.py::test_case_3 - TypeError: '&lt;' not su...
FAILED DYNAMOSA-MOSA/test_stack4_MOSA.py::test_case_4 - TypeError: '&lt;' not su...
FAILED DYNAMOSA-MOSA/test_stack4_MOSA.py::test_case_5 - TypeError: '&lt;' not su...
FAILED DYNAMOSA-MOSA/test_stack4_MOSA.py::test_case_14 - TypeError: '&lt;' not s...
FAILED DYNAMOSA-MOSA/test_stack4_MOSA.py::test_case_15 - TypeError: '&lt;' not s...
======================== 10 failed, 23 passed in 0.06s =========================
</pre></div></div></div></div></div><div class="mb-1" id="job_list___sub_accordion_40"><div class="card"><a data-toggle="collapse" data-target="#job_list___sub_collapse_40_1" aria-expanded="false" aria-controls="job_list___sub_collapse_40_1" href="#" class="job_list___sub_multi_heading"><div role="alert" class="card-header alert-success" id="job_list___sub_heading_40_1"><button class="btn btn-outline-success"><span class="job_id">40 : Job ID 45fdf9e7a6a94dd8b9897392088339c0</span></button></div></a><div aria-labelledby="job_list___sub_heading_40_1" data-parent="#job_list___sub_accordion_40" class="collapse job_list___sub_multi_collapse" id="job_list___sub_collapse_40_1"><div class="card-body"><div class="work-item"><div class="alert alert-success test-outcome" role="alert"><p>worker outcome: normal</p><p>test outcome: killed</p></div></div><pre class="location"><a href="pycharm://open?file=stack4.py&amp;line=70" class="text-secondary"><button class="btn btn-outline-dark">stack4.py, start pos: (70, 24), end pos: (70, 26)</button></a></pre><pre>operator: core/ReplaceComparisonOperator_Is_LtE, occurrence: 0</pre><div class="alert alert-secondary"><pre class="diff">--- mutation diff ---
--- astack4.py
+++ bstack4.py
@@ -67,7 +67,7 @@
     def remove(self, val):
         """Remove node from list if exists."""
         curr = self.head
-        if curr and val is self.head.data:
+        if curr and val &lt;= self.head.data:
             self.head = self.head.next
             self._length -= 1
         while curr:</pre></div><div class="alert alert-secondary"><pre class="diff">============================= test session starts ==============================
platform linux -- Python 3.10.10, pytest-7.2.1, pluggy-1.0.0
rootdir: /home/auri/temp/lucca/python_experiments/stack4
collected 33 items

DYNAMOSA-MOSA/test_stack4_DYNAMOSA.py ..........FF.F.F                   [ 48%]
DYNAMOSA-MOSA/test_stack4_MOSA.py ...FFF........FFF                      [100%]

=========================== short test summary info ============================
FAILED DYNAMOSA-MOSA/test_stack4_DYNAMOSA.py::test_case_10 - TypeError: '&lt;=' ...
FAILED DYNAMOSA-MOSA/test_stack4_DYNAMOSA.py::test_case_11 - TypeError: '&lt;=' ...
FAILED DYNAMOSA-MOSA/test_stack4_DYNAMOSA.py::test_case_13 - TypeError: '&lt;=' ...
FAILED DYNAMOSA-MOSA/test_stack4_DYNAMOSA.py::test_case_15 - TypeError: '&lt;=' ...
FAILED DYNAMOSA-MOSA/test_stack4_MOSA.py::test_case_3 - TypeError: '&lt;=' not s...
FAILED DYNAMOSA-MOSA/test_stack4_MOSA.py::test_case_4 - TypeError: '&lt;=' not s...
FAILED DYNAMOSA-MOSA/test_stack4_MOSA.py::test_case_5 - TypeError: '&lt;=' not s...
FAILED DYNAMOSA-MOSA/test_stack4_MOSA.py::test_case_14 - TypeError: '&lt;=' not ...
FAILED DYNAMOSA-MOSA/test_stack4_MOSA.py::test_case_15 - TypeError: '&lt;=' not ...
FAILED DYNAMOSA-MOSA/test_stack4_MOSA.py::test_case_16 - TypeError: '&lt;=' not ...
======================== 10 failed, 23 passed in 0.06s =========================
</pre></div></div></div></div></div><div class="mb-1" id="job_list___sub_accordion_41"><div class="card"><a data-toggle="collapse" data-target="#job_list___sub_collapse_41_1" aria-expanded="false" aria-controls="job_list___sub_collapse_41_1" href="#" class="job_list___sub_multi_heading"><div role="alert" class="card-header alert-success" id="job_list___sub_heading_41_1"><button class="btn btn-outline-success"><span class="job_id">41 : Job ID c29042fce15a44de84ca423f4f1c3a0e</span></button></div></a><div aria-labelledby="job_list___sub_heading_41_1" data-parent="#job_list___sub_accordion_41" class="collapse job_list___sub_multi_collapse" id="job_list___sub_collapse_41_1"><div class="card-body"><div class="work-item"><div class="alert alert-success test-outcome" role="alert"><p>worker outcome: normal</p><p>test outcome: killed</p></div></div><pre class="location"><a href="pycharm://open?file=stack4.py&amp;line=70" class="text-secondary"><button class="btn btn-outline-dark">stack4.py, start pos: (70, 24), end pos: (70, 26)</button></a></pre><pre>operator: core/ReplaceComparisonOperator_Is_Gt, occurrence: 0</pre><div class="alert alert-secondary"><pre class="diff">--- mutation diff ---
--- astack4.py
+++ bstack4.py
@@ -67,7 +67,7 @@
     def remove(self, val):
         """Remove node from list if exists."""
         curr = self.head
-        if curr and val is self.head.data:
+        if curr and val &gt; self.head.data:
             self.head = self.head.next
             self._length -= 1
         while curr:</pre></div><div class="alert alert-secondary"><pre class="diff">============================= test session starts ==============================
platform linux -- Python 3.10.10, pytest-7.2.1, pluggy-1.0.0
rootdir: /home/auri/temp/lucca/python_experiments/stack4
collected 33 items

DYNAMOSA-MOSA/test_stack4_DYNAMOSA.py ..........FF.FFF                   [ 48%]
DYNAMOSA-MOSA/test_stack4_MOSA.py ...FFF........FFF                      [100%]

=========================== short test summary info ============================
FAILED DYNAMOSA-MOSA/test_stack4_DYNAMOSA.py::test_case_10 - TypeError: '&gt;' n...
FAILED DYNAMOSA-MOSA/test_stack4_DYNAMOSA.py::test_case_11 - TypeError: '&gt;' n...
FAILED DYNAMOSA-MOSA/test_stack4_DYNAMOSA.py::test_case_13 - TypeError: '&gt;' n...
FAILED DYNAMOSA-MOSA/test_stack4_DYNAMOSA.py::test_case_14 - assert &lt;stack4.N...
FAILED DYNAMOSA-MOSA/test_stack4_DYNAMOSA.py::test_case_15 - TypeError: '&gt;' n...
FAILED DYNAMOSA-MOSA/test_stack4_MOSA.py::test_case_3 - TypeError: '&gt;' not su...
FAILED DYNAMOSA-MOSA/test_stack4_MOSA.py::test_case_4 - TypeError: '&gt;' not su...
FAILED DYNAMOSA-MOSA/test_stack4_MOSA.py::test_case_5 - TypeError: '&gt;' not su...
FAILED DYNAMOSA-MOSA/test_stack4_MOSA.py::test_case_14 - TypeError: '&gt;' not s...
FAILED DYNAMOSA-MOSA/test_stack4_MOSA.py::test_case_15 - TypeError: '&gt;' not s...
FAILED DYNAMOSA-MOSA/test_stack4_MOSA.py::test_case_16 - TypeError: '&gt;' not s...
======================== 11 failed, 22 passed in 0.06s =========================
</pre></div></div></div></div></div><div class="mb-1" id="job_list___sub_accordion_42"><div class="card"><a data-toggle="collapse" data-target="#job_list___sub_collapse_42_1" aria-expanded="false" aria-controls="job_list___sub_collapse_42_1" href="#" class="job_list___sub_multi_heading"><div role="alert" class="card-header alert-success" id="job_list___sub_heading_42_1"><button class="btn btn-outline-success"><span class="job_id">42 : Job ID a30ce863478248dd869d4bbd53a3eff6</span></button></div></a><div aria-labelledby="job_list___sub_heading_42_1" data-parent="#job_list___sub_accordion_42" class="collapse job_list___sub_multi_collapse" id="job_list___sub_collapse_42_1"><div class="card-body"><div class="work-item"><div class="alert alert-success test-outcome" role="alert"><p>worker outcome: normal</p><p>test outcome: killed</p></div></div><pre class="location"><a href="pycharm://open?file=stack4.py&amp;line=70" class="text-secondary"><button class="btn btn-outline-dark">stack4.py, start pos: (70, 24), end pos: (70, 26)</button></a></pre><pre>operator: core/ReplaceComparisonOperator_Is_GtE, occurrence: 0</pre><div class="alert alert-secondary"><pre class="diff">--- mutation diff ---
--- astack4.py
+++ bstack4.py
@@ -67,7 +67,7 @@
     def remove(self, val):
         """Remove node from list if exists."""
         curr = self.head
-        if curr and val is self.head.data:
+        if curr and val &gt;= self.head.data:
             self.head = self.head.next
             self._length -= 1
         while curr:</pre></div><div class="alert alert-secondary"><pre class="diff">============================= test session starts ==============================
platform linux -- Python 3.10.10, pytest-7.2.1, pluggy-1.0.0
rootdir: /home/auri/temp/lucca/python_experiments/stack4
collected 33 items

DYNAMOSA-MOSA/test_stack4_DYNAMOSA.py ..........FF.F.F                   [ 48%]
DYNAMOSA-MOSA/test_stack4_MOSA.py ...FFF........FFF                      [100%]

=========================== short test summary info ============================
FAILED DYNAMOSA-MOSA/test_stack4_DYNAMOSA.py::test_case_10 - TypeError: '&gt;=' ...
FAILED DYNAMOSA-MOSA/test_stack4_DYNAMOSA.py::test_case_11 - TypeError: '&gt;=' ...
FAILED DYNAMOSA-MOSA/test_stack4_DYNAMOSA.py::test_case_13 - TypeError: '&gt;=' ...
FAILED DYNAMOSA-MOSA/test_stack4_DYNAMOSA.py::test_case_15 - TypeError: '&gt;=' ...
FAILED DYNAMOSA-MOSA/test_stack4_MOSA.py::test_case_3 - TypeError: '&gt;=' not s...
FAILED DYNAMOSA-MOSA/test_stack4_MOSA.py::test_case_4 - TypeError: '&gt;=' not s...
FAILED DYNAMOSA-MOSA/test_stack4_MOSA.py::test_case_5 - TypeError: '&gt;=' not s...
FAILED DYNAMOSA-MOSA/test_stack4_MOSA.py::test_case_14 - TypeError: '&gt;=' not ...
FAILED DYNAMOSA-MOSA/test_stack4_MOSA.py::test_case_15 - TypeError: '&gt;=' not ...
FAILED DYNAMOSA-MOSA/test_stack4_MOSA.py::test_case_16 - TypeError: '&gt;=' not ...
======================== 10 failed, 23 passed in 0.06s =========================
</pre></div></div></div></div></div><div class="mb-1" id="job_list___sub_accordion_43"><div class="card"><a data-toggle="collapse" data-target="#job_list___sub_collapse_43_1" aria-expanded="false" aria-controls="job_list___sub_collapse_43_1" href="#" class="job_list___sub_multi_heading"><div role="alert" class="card-header alert-success" id="job_list___sub_heading_43_1"><button class="btn btn-outline-success"><span class="job_id">43 : Job ID 725d840c3ad049cea11998a8b30c1973</span></button></div></a><div aria-labelledby="job_list___sub_heading_43_1" data-parent="#job_list___sub_accordion_43" class="collapse job_list___sub_multi_collapse" id="job_list___sub_collapse_43_1"><div class="card-body"><div class="work-item"><div class="alert alert-success test-outcome" role="alert"><p>worker outcome: normal</p><p>test outcome: killed</p></div></div><pre class="location"><a href="pycharm://open?file=stack4.py&amp;line=70" class="text-secondary"><button class="btn btn-outline-dark">stack4.py, start pos: (70, 24), end pos: (70, 26)</button></a></pre><pre>operator: core/ReplaceComparisonOperator_Is_IsNot, occurrence: 0</pre><div class="alert alert-secondary"><pre class="diff">--- mutation diff ---
--- astack4.py
+++ bstack4.py
@@ -67,7 +67,7 @@
     def remove(self, val):
         """Remove node from list if exists."""
         curr = self.head
-        if curr and val is self.head.data:
+        if curr and val is not self.head.data:
             self.head = self.head.next
             self._length -= 1
         while curr:</pre></div><div class="alert alert-secondary"><pre class="diff">============================= test session starts ==============================
platform linux -- Python 3.10.10, pytest-7.2.1, pluggy-1.0.0
rootdir: /home/auri/temp/lucca/python_experiments/stack4
collected 33 items

DYNAMOSA-MOSA/test_stack4_DYNAMOSA.py ..............F.                   [ 48%]
DYNAMOSA-MOSA/test_stack4_MOSA.py ...F.............                      [100%]

=========================== short test summary info ============================
FAILED DYNAMOSA-MOSA/test_stack4_DYNAMOSA.py::test_case_14 - assert &lt;stack4.N...
FAILED DYNAMOSA-MOSA/test_stack4_MOSA.py::test_case_3 - AssertionError: asser...
========================= 2 failed, 31 passed in 0.06s =========================
</pre></div></div></div></div></div><div class="mb-1" id="job_list___sub_accordion_44"><div class="card"><a data-toggle="collapse" data-target="#job_list___sub_collapse_44_1" aria-expanded="false" aria-controls="job_list___sub_collapse_44_1" href="#" class="job_list___sub_multi_heading"><div role="alert" class="card-header alert-success" id="job_list___sub_heading_44_1"><button class="btn btn-outline-success"><span class="job_id">44 : Job ID 505f6658c89143b8bc47950461147979</span></button></div></a><div aria-labelledby="job_list___sub_heading_44_1" data-parent="#job_list___sub_accordion_44" class="collapse job_list___sub_multi_collapse" id="job_list___sub_collapse_44_1"><div class="card-body"><div class="work-item"><div class="alert alert-success test-outcome" role="alert"><p>worker outcome: normal</p><p>test outcome: killed</p></div></div><pre class="location"><a href="pycharm://open?file=stack4.py&amp;line=86" class="text-secondary"><button class="btn btn-outline-dark">stack4.py, start pos: (86, 24), end pos: (86, 25)</button></a></pre><pre>operator: core/ReplaceUnaryOperator_USub_UAdd, occurrence: 0</pre><div class="alert alert-secondary"><pre class="diff">--- mutation diff ---
--- astack4.py
+++ bstack4.py
@@ -83,7 +83,7 @@
         while curr:
             display += str(curr.data) + ', '
             curr = curr.next
-        return display[:-2] + ')'
+        return display[:+2] + ')'
 
 
 class Stack(object):</pre></div><div class="alert alert-secondary"><pre class="diff">============================= test session starts ==============================
platform linux -- Python 3.10.10, pytest-7.2.1, pluggy-1.0.0
rootdir: /home/auri/temp/lucca/python_experiments/stack4
collected 33 items

DYNAMOSA-MOSA/test_stack4_DYNAMOSA.py ......FF....F...                   [ 48%]
DYNAMOSA-MOSA/test_stack4_MOSA.py .F.FFF...FF......                      [100%]

=========================== short test summary info ============================
FAILED DYNAMOSA-MOSA/test_stack4_DYNAMOSA.py::test_case_6 - AssertionError: a...
FAILED DYNAMOSA-MOSA/test_stack4_DYNAMOSA.py::test_case_7 - AssertionError: a...
FAILED DYNAMOSA-MOSA/test_stack4_DYNAMOSA.py::test_case_12 - AssertionError: ...
FAILED DYNAMOSA-MOSA/test_stack4_MOSA.py::test_case_1 - AssertionError: asser...
FAILED DYNAMOSA-MOSA/test_stack4_MOSA.py::test_case_3 - AssertionError: asser...
FAILED DYNAMOSA-MOSA/test_stack4_MOSA.py::test_case_4 - AssertionError: asser...
FAILED DYNAMOSA-MOSA/test_stack4_MOSA.py::test_case_5 - AssertionError: asser...
FAILED DYNAMOSA-MOSA/test_stack4_MOSA.py::test_case_9 - AssertionError: asser...
FAILED DYNAMOSA-MOSA/test_stack4_MOSA.py::test_case_10 - AssertionError: asse...
========================= 9 failed, 24 passed in 0.07s =========================
</pre></div></div></div></div></div><div class="mb-1" id="job_list___sub_accordion_45"><div class="card"><a data-toggle="collapse" data-target="#job_list___sub_collapse_45_1" aria-expanded="false" aria-controls="job_list___sub_collapse_45_1" href="#" class="job_list___sub_multi_heading"><div role="alert" class="card-header alert-success" id="job_list___sub_heading_45_1"><button class="btn btn-outline-success"><span class="job_id">45 : Job ID 4236c0cc6cba470b887b33584da1de5c</span></button></div></a><div aria-labelledby="job_list___sub_heading_45_1" data-parent="#job_list___sub_accordion_45" class="collapse job_list___sub_multi_collapse" id="job_list___sub_collapse_45_1"><div class="card-body"><div class="work-item"><div class="alert alert-success test-outcome" role="alert"><p>worker outcome: normal</p><p>test outcome: killed</p></div></div><pre class="location"><a href="pycharm://open?file=stack4.py&amp;line=86" class="text-secondary"><button class="btn btn-outline-dark">stack4.py, start pos: (86, 24), end pos: (86, 25)</button></a></pre><pre>operator: core/ReplaceUnaryOperator_USub_Invert, occurrence: 0</pre><div class="alert alert-secondary"><pre class="diff">--- mutation diff ---
--- astack4.py
+++ bstack4.py
@@ -83,7 +83,7 @@
         while curr:
             display += str(curr.data) + ', '
             curr = curr.next
-        return display[:-2] + ')'
+        return display[:~2] + ')'
 
 
 class Stack(object):</pre></div><div class="alert alert-secondary"><pre class="diff">============================= test session starts ==============================
platform linux -- Python 3.10.10, pytest-7.2.1, pluggy-1.0.0
rootdir: /home/auri/temp/lucca/python_experiments/stack4
collected 33 items

DYNAMOSA-MOSA/test_stack4_DYNAMOSA.py ......F.....F...                   [ 48%]
DYNAMOSA-MOSA/test_stack4_MOSA.py .F.FFF...F.......                      [100%]

=========================== short test summary info ============================
FAILED DYNAMOSA-MOSA/test_stack4_DYNAMOSA.py::test_case_6 - AssertionError: a...
FAILED DYNAMOSA-MOSA/test_stack4_DYNAMOSA.py::test_case_12 - AssertionError: ...
FAILED DYNAMOSA-MOSA/test_stack4_MOSA.py::test_case_1 - AssertionError: asser...
FAILED DYNAMOSA-MOSA/test_stack4_MOSA.py::test_case_3 - AssertionError: asser...
FAILED DYNAMOSA-MOSA/test_stack4_MOSA.py::test_case_4 - AssertionError: asser...
FAILED DYNAMOSA-MOSA/test_stack4_MOSA.py::test_case_5 - AssertionError: asser...
FAILED DYNAMOSA-MOSA/test_stack4_MOSA.py::test_case_9 - AssertionError: asser...
========================= 7 failed, 26 passed in 0.07s =========================
</pre></div></div></div></div></div><div class="mb-1" id="job_list___sub_accordion_46"><div class="card"><a data-toggle="collapse" data-target="#job_list___sub_collapse_46_1" aria-expanded="false" aria-controls="job_list___sub_collapse_46_1" href="#" class="job_list___sub_multi_heading"><div role="alert" class="card-header alert-success" id="job_list___sub_heading_46_1"><button class="btn btn-outline-success"><span class="job_id">46 : Job ID 4fe217729fbb4484ab499bbfc6d723c6</span></button></div></a><div aria-labelledby="job_list___sub_heading_46_1" data-parent="#job_list___sub_accordion_46" class="collapse job_list___sub_multi_collapse" id="job_list___sub_collapse_46_1"><div class="card-body"><div class="work-item"><div class="alert alert-success test-outcome" role="alert"><p>worker outcome: normal</p><p>test outcome: killed</p></div></div><pre class="location"><a href="pycharm://open?file=stack4.py&amp;line=86" class="text-secondary"><button class="btn btn-outline-dark">stack4.py, start pos: (86, 24), end pos: (86, 25)</button></a></pre><pre>operator: core/ReplaceUnaryOperator_USub_Not, occurrence: 0</pre><div class="alert alert-secondary"><pre class="diff">--- mutation diff ---
--- astack4.py
+++ bstack4.py
@@ -83,7 +83,7 @@
         while curr:
             display += str(curr.data) + ', '
             curr = curr.next
-        return display[:-2] + ')'
+        return display[:not 2] + ')'
 
 
 class Stack(object):</pre></div><div class="alert alert-secondary"><pre class="diff">============================= test session starts ==============================
platform linux -- Python 3.10.10, pytest-7.2.1, pluggy-1.0.0
rootdir: /home/auri/temp/lucca/python_experiments/stack4
collected 33 items

DYNAMOSA-MOSA/test_stack4_DYNAMOSA.py ......F.....F...                   [ 48%]
DYNAMOSA-MOSA/test_stack4_MOSA.py .F.FFF...F.......                      [100%]

=========================== short test summary info ============================
FAILED DYNAMOSA-MOSA/test_stack4_DYNAMOSA.py::test_case_6 - AssertionError: a...
FAILED DYNAMOSA-MOSA/test_stack4_DYNAMOSA.py::test_case_12 - AssertionError: ...
FAILED DYNAMOSA-MOSA/test_stack4_MOSA.py::test_case_1 - AssertionError: asser...
FAILED DYNAMOSA-MOSA/test_stack4_MOSA.py::test_case_3 - AssertionError: asser...
FAILED DYNAMOSA-MOSA/test_stack4_MOSA.py::test_case_4 - AssertionError: asser...
FAILED DYNAMOSA-MOSA/test_stack4_MOSA.py::test_case_5 - AssertionError: asser...
FAILED DYNAMOSA-MOSA/test_stack4_MOSA.py::test_case_9 - AssertionError: asser...
========================= 7 failed, 26 passed in 0.06s =========================
</pre></div></div></div></div></div><div class="mb-1" id="job_list___sub_accordion_47"><div class="card"><a data-toggle="collapse" data-target="#job_list___sub_collapse_47_1" aria-expanded="false" aria-controls="job_list___sub_collapse_47_1" href="#" class="job_list___sub_multi_heading"><div role="alert" class="card-header alert-success" id="job_list___sub_heading_47_1"><button class="btn btn-outline-success"><span class="job_id">47 : Job ID e292e3a437bd4684b93a93d835a1bd8a</span></button></div></a><div aria-labelledby="job_list___sub_heading_47_1" data-parent="#job_list___sub_accordion_47" class="collapse job_list___sub_multi_collapse" id="job_list___sub_collapse_47_1"><div class="card-body"><div class="work-item"><div class="alert alert-success test-outcome" role="alert"><p>worker outcome: normal</p><p>test outcome: killed</p></div></div><pre class="location"><a href="pycharm://open?file=stack4.py&amp;line=86" class="text-secondary"><button class="btn btn-outline-dark">stack4.py, start pos: (86, 24), end pos: (86, 25)</button></a></pre><pre>operator: core/ReplaceUnaryOperator_Delete_USub, occurrence: 0</pre><div class="alert alert-secondary"><pre class="diff">--- mutation diff ---
--- astack4.py
+++ bstack4.py
@@ -83,7 +83,7 @@
         while curr:
             display += str(curr.data) + ', '
             curr = curr.next
-        return display[:-2] + ')'
+        return display[:2] + ')'
 
 
 class Stack(object):</pre></div><div class="alert alert-secondary"><pre class="diff">============================= test session starts ==============================
platform linux -- Python 3.10.10, pytest-7.2.1, pluggy-1.0.0
rootdir: /home/auri/temp/lucca/python_experiments/stack4
collected 33 items

DYNAMOSA-MOSA/test_stack4_DYNAMOSA.py ......FF....F...                   [ 48%]
DYNAMOSA-MOSA/test_stack4_MOSA.py .F.FFF...FF......                      [100%]

=========================== short test summary info ============================
FAILED DYNAMOSA-MOSA/test_stack4_DYNAMOSA.py::test_case_6 - AssertionError: a...
FAILED DYNAMOSA-MOSA/test_stack4_DYNAMOSA.py::test_case_7 - AssertionError: a...
FAILED DYNAMOSA-MOSA/test_stack4_DYNAMOSA.py::test_case_12 - AssertionError: ...
FAILED DYNAMOSA-MOSA/test_stack4_MOSA.py::test_case_1 - AssertionError: asser...
FAILED DYNAMOSA-MOSA/test_stack4_MOSA.py::test_case_3 - AssertionError: asser...
FAILED DYNAMOSA-MOSA/test_stack4_MOSA.py::test_case_4 - AssertionError: asser...
FAILED DYNAMOSA-MOSA/test_stack4_MOSA.py::test_case_5 - AssertionError: asser...
FAILED DYNAMOSA-MOSA/test_stack4_MOSA.py::test_case_9 - AssertionError: asser...
FAILED DYNAMOSA-MOSA/test_stack4_MOSA.py::test_case_10 - AssertionError: asse...
========================= 9 failed, 24 passed in 0.06s =========================
</pre></div></div></div></div></div><div class="mb-1" id="job_list___sub_accordion_48"><div class="card"><a data-toggle="collapse" data-target="#job_list___sub_collapse_48_1" aria-expanded="false" aria-controls="job_list___sub_collapse_48_1" href="#" class="job_list___sub_multi_heading"><div role="alert" class="card-header alert-success" id="job_list___sub_heading_48_1"><button class="btn btn-outline-success"><span class="job_id">48 : Job ID 9c58c19380ff4d52be2fab0e8784b623</span></button></div></a><div aria-labelledby="job_list___sub_heading_48_1" data-parent="#job_list___sub_accordion_48" class="collapse job_list___sub_multi_collapse" id="job_list___sub_collapse_48_1"><div class="card-body"><div class="work-item"><div class="alert alert-success test-outcome" role="alert"><p>worker outcome: normal</p><p>test outcome: killed</p></div></div><pre class="location"><a href="pycharm://open?file=stack4.py&amp;line=48" class="text-secondary"><button class="btn btn-outline-dark">stack4.py, start pos: (48, 11), end pos: (48, 14)</button></a></pre><pre>operator: core/ReplaceUnaryOperator_Delete_Not, occurrence: 0</pre><div class="alert alert-secondary"><pre class="diff">--- mutation diff ---
--- astack4.py
+++ bstack4.py
@@ -45,7 +45,7 @@
 
     def pop(self):
         """Remove the first value and return it."""
-        if not self.head:
+        if  self.head:
             raise IndexError('Cannot pop from an empty list')
         to_return = self.head
         self.head = self.head.next</pre></div><div class="alert alert-secondary"><pre class="diff">============================= test session starts ==============================
platform linux -- Python 3.10.10, pytest-7.2.1, pluggy-1.0.0
rootdir: /home/auri/temp/lucca/python_experiments/stack4
collected 33 items

DYNAMOSA-MOSA/test_stack4_DYNAMOSA.py ..F.............                   [ 48%]
DYNAMOSA-MOSA/test_stack4_MOSA.py ...F...........F.                      [100%]

=========================== short test summary info ============================
FAILED DYNAMOSA-MOSA/test_stack4_DYNAMOSA.py::test_case_2 - IndexError: Canno...
FAILED DYNAMOSA-MOSA/test_stack4_MOSA.py::test_case_3 - IndexError: Cannot po...
FAILED DYNAMOSA-MOSA/test_stack4_MOSA.py::test_case_15 - IndexError: Cannot p...
========================= 3 failed, 30 passed in 0.06s =========================
</pre></div></div></div></div></div><div class="mb-1" id="job_list___sub_accordion_49"><div class="card"><a data-toggle="collapse" data-target="#job_list___sub_collapse_49_1" aria-expanded="false" aria-controls="job_list___sub_collapse_49_1" href="#" class="job_list___sub_multi_heading"><div role="alert" class="card-header alert-success" id="job_list___sub_heading_49_1"><button class="btn btn-outline-success"><span class="job_id">49 : Job ID 11582efa155b4a599c96689a469240b5</span></button></div></a><div aria-labelledby="job_list___sub_heading_49_1" data-parent="#job_list___sub_accordion_49" class="collapse job_list___sub_multi_collapse" id="job_list___sub_collapse_49_1"><div class="card-body"><div class="work-item"><div class="alert alert-success test-outcome" role="alert"><p>worker outcome: normal</p><p>test outcome: killed</p></div></div><pre class="location"><a href="pycharm://open?file=stack4.py&amp;line=37" class="text-secondary"><button class="btn btn-outline-dark">stack4.py, start pos: (37, 15), end pos: (37, 19)</button></a></pre><pre>operator: core/AddNot, occurrence: 0</pre><div class="alert alert-secondary"><pre class="diff">--- mutation diff ---
--- astack4.py
+++ bstack4.py
@@ -34,7 +34,7 @@
             for val in data:
                 self.push(val)
         except TypeError:
-            if data:
+            if not data:
                 self.push(data)
 
     def push(self, val):</pre></div><div class="alert alert-secondary"><pre class="diff">============================= test session starts ==============================
platform linux -- Python 3.10.10, pytest-7.2.1, pluggy-1.0.0
rootdir: /home/auri/temp/lucca/python_experiments/stack4
collected 33 items

DYNAMOSA-MOSA/test_stack4_DYNAMOSA.py FFF.FFFF..FF.FFF                   [ 48%]
DYNAMOSA-MOSA/test_stack4_MOSA.py FFF...FFF.F.F....                      [100%]

=========================== short test summary info ============================
FAILED DYNAMOSA-MOSA/test_stack4_DYNAMOSA.py::test_case_0 - assert &lt;stack4.No...
FAILED DYNAMOSA-MOSA/test_stack4_DYNAMOSA.py::test_case_1 - assert &lt;stack4.No...
FAILED DYNAMOSA-MOSA/test_stack4_DYNAMOSA.py::test_case_2 - assert &lt;stack4.No...
FAILED DYNAMOSA-MOSA/test_stack4_DYNAMOSA.py::test_case_4 - assert &lt;stack4.No...
FAILED DYNAMOSA-MOSA/test_stack4_DYNAMOSA.py::test_case_5 - assert &lt;stack4.No...
FAILED DYNAMOSA-MOSA/test_stack4_DYNAMOSA.py::test_case_6 - AssertionError: a...
FAILED DYNAMOSA-MOSA/test_stack4_DYNAMOSA.py::test_case_7 - assert &lt;stack4.No...
FAILED DYNAMOSA-MOSA/test_stack4_DYNAMOSA.py::test_case_10 - AssertionError: ...
FAILED DYNAMOSA-MOSA/test_stack4_DYNAMOSA.py::test_case_11 - assert &lt;stack4.N...
FAILED DYNAMOSA-MOSA/test_stack4_DYNAMOSA.py::test_case_13 - assert &lt;stack4.N...
FAILED DYNAMOSA-MOSA/test_stack4_DYNAMOSA.py::test_case_14 - AssertionError: ...
FAILED DYNAMOSA-MOSA/test_stack4_DYNAMOSA.py::test_case_15 - assert &lt;stack4.N...
FAILED DYNAMOSA-MOSA/test_stack4_MOSA.py::test_case_0 - assert &lt;stack4.Node o...
FAILED DYNAMOSA-MOSA/test_stack4_MOSA.py::test_case_1 - AssertionError: asser...
FAILED DYNAMOSA-MOSA/test_stack4_MOSA.py::test_case_2 - assert &lt;stack4.Node o...
FAILED DYNAMOSA-MOSA/test_stack4_MOSA.py::test_case_6 - assert &lt;stack4.Node o...
FAILED DYNAMOSA-MOSA/test_stack4_MOSA.py::test_case_7 - assert &lt;stack4.Node o...
FAILED DYNAMOSA-MOSA/test_stack4_MOSA.py::test_case_8 - assert &lt;stack4.Node o...
FAILED DYNAMOSA-MOSA/test_stack4_MOSA.py::test_case_10 - assert &lt;stack4.Node ...
FAILED DYNAMOSA-MOSA/test_stack4_MOSA.py::test_case_12 - assert &lt;stack4.Node ...
======================== 20 failed, 13 passed in 0.07s =========================
</pre></div></div></div></div></div><div class="mb-1" id="job_list___sub_accordion_50"><div class="card"><a data-toggle="collapse" data-target="#job_list___sub_collapse_50_1" aria-expanded="false" aria-controls="job_list___sub_collapse_50_1" href="#" class="job_list___sub_multi_heading"><div role="alert" class="card-header alert-success" id="job_list___sub_heading_50_1"><button class="btn btn-outline-success"><span class="job_id">50 : Job ID af628a876d7b4d909c4251825f20fe3f</span></button></div></a><div aria-labelledby="job_list___sub_heading_50_1" data-parent="#job_list___sub_accordion_50" class="collapse job_list___sub_multi_collapse" id="job_list___sub_collapse_50_1"><div class="card-body"><div class="work-item"><div class="alert alert-success test-outcome" role="alert"><p>worker outcome: normal</p><p>test outcome: killed</p></div></div><pre class="location"><a href="pycharm://open?file=stack4.py&amp;line=48" class="text-secondary"><button class="btn btn-outline-dark">stack4.py, start pos: (48, 11), end pos: (48, 24)</button></a></pre><pre>operator: core/AddNot, occurrence: 1</pre><div class="alert alert-secondary"><pre class="diff">--- mutation diff ---
--- astack4.py
+++ bstack4.py
@@ -45,7 +45,7 @@
 
     def pop(self):
         """Remove the first value and return it."""
-        if not self.head:
+        if not not self.head:
             raise IndexError('Cannot pop from an empty list')
         to_return = self.head
         self.head = self.head.next</pre></div><div class="alert alert-secondary"><pre class="diff">============================= test session starts ==============================
platform linux -- Python 3.10.10, pytest-7.2.1, pluggy-1.0.0
rootdir: /home/auri/temp/lucca/python_experiments/stack4
collected 33 items

DYNAMOSA-MOSA/test_stack4_DYNAMOSA.py ..F.............                   [ 48%]
DYNAMOSA-MOSA/test_stack4_MOSA.py ...F...........F.                      [100%]

=========================== short test summary info ============================
FAILED DYNAMOSA-MOSA/test_stack4_DYNAMOSA.py::test_case_2 - IndexError: Canno...
FAILED DYNAMOSA-MOSA/test_stack4_MOSA.py::test_case_3 - IndexError: Cannot po...
FAILED DYNAMOSA-MOSA/test_stack4_MOSA.py::test_case_15 - IndexError: Cannot p...
========================= 3 failed, 30 passed in 0.05s =========================
</pre></div></div></div></div></div><div class="mb-1" id="job_list___sub_accordion_51"><div class="card"><a data-toggle="collapse" data-target="#job_list___sub_collapse_51_1" aria-expanded="false" aria-controls="job_list___sub_collapse_51_1" href="#" class="job_list___sub_multi_heading"><div role="alert" class="card-header alert-success" id="job_list___sub_heading_51_1"><button class="btn btn-outline-success"><span class="job_id">51 : Job ID cd4e83e0b40d402092b503d500d9badb</span></button></div></a><div aria-labelledby="job_list___sub_heading_51_1" data-parent="#job_list___sub_accordion_51" class="collapse job_list___sub_multi_collapse" id="job_list___sub_collapse_51_1"><div class="card-body"><div class="work-item"><div class="alert alert-success test-outcome" role="alert"><p>worker outcome: normal</p><p>test outcome: killed</p></div></div><pre class="location"><a href="pycharm://open?file=stack4.py&amp;line=62" class="text-secondary"><button class="btn btn-outline-dark">stack4.py, start pos: (62, 14), end pos: (62, 18)</button></a></pre><pre>operator: core/AddNot, occurrence: 2</pre><div class="alert alert-secondary"><pre class="diff">--- mutation diff ---
--- astack4.py
+++ bstack4.py
@@ -59,7 +59,7 @@
     def search(self, val):
         """Return the node containing val."""
         curr = self.head
-        while curr:
+        while not curr:
             if curr.data == val:
                 return curr
             curr = curr.next</pre></div><div class="alert alert-secondary"><pre class="diff">============================= test session starts ==============================
platform linux -- Python 3.10.10, pytest-7.2.1, pluggy-1.0.0
rootdir: /home/auri/temp/lucca/python_experiments/stack4
collected 33 items

DYNAMOSA-MOSA/test_stack4_DYNAMOSA.py ....F......F..F.                   [ 48%]
DYNAMOSA-MOSA/test_stack4_MOSA.py ......FF.........                      [100%]

=========================== short test summary info ============================
FAILED DYNAMOSA-MOSA/test_stack4_DYNAMOSA.py::test_case_4 - AssertionError: a...
FAILED DYNAMOSA-MOSA/test_stack4_DYNAMOSA.py::test_case_11 - AttributeError: ...
FAILED DYNAMOSA-MOSA/test_stack4_DYNAMOSA.py::test_case_14 - AssertionError: ...
FAILED DYNAMOSA-MOSA/test_stack4_MOSA.py::test_case_6 - AssertionError: asser...
FAILED DYNAMOSA-MOSA/test_stack4_MOSA.py::test_case_7 - AttributeError: 'None...
========================= 5 failed, 28 passed in 0.06s =========================
</pre></div></div></div></div></div><div class="mb-1" id="job_list___sub_accordion_52"><div class="card"><a data-toggle="collapse" data-target="#job_list___sub_collapse_52_1" aria-expanded="false" aria-controls="job_list___sub_collapse_52_1" href="#" class="job_list___sub_multi_heading"><div role="alert" class="card-header alert-success" id="job_list___sub_heading_52_1"><button class="btn btn-outline-success"><span class="job_id">52 : Job ID eb709f5091234d12afaee548271fdf3b</span></button></div></a><div aria-labelledby="job_list___sub_heading_52_1" data-parent="#job_list___sub_accordion_52" class="collapse job_list___sub_multi_collapse" id="job_list___sub_collapse_52_1"><div class="card-body"><div class="work-item"><div class="alert alert-success test-outcome" role="alert"><p>worker outcome: normal</p><p>test outcome: killed</p></div></div><pre class="location"><a href="pycharm://open?file=stack4.py&amp;line=63" class="text-secondary"><button class="btn btn-outline-dark">stack4.py, start pos: (63, 15), end pos: (63, 31)</button></a></pre><pre>operator: core/AddNot, occurrence: 3</pre><div class="alert alert-secondary"><pre class="diff">--- mutation diff ---
--- astack4.py
+++ bstack4.py
@@ -60,7 +60,7 @@
         """Return the node containing val."""
         curr = self.head
         while curr:
-            if curr.data == val:
+            if not curr.data == val:
                 return curr
             curr = curr.next
 </pre></div><div class="alert alert-secondary"><pre class="diff">============================= test session starts ==============================
platform linux -- Python 3.10.10, pytest-7.2.1, pluggy-1.0.0
rootdir: /home/auri/temp/lucca/python_experiments/stack4
collected 33 items

DYNAMOSA-MOSA/test_stack4_DYNAMOSA.py ....F.........F.                   [ 48%]
DYNAMOSA-MOSA/test_stack4_MOSA.py ......F..........                      [100%]

=========================== short test summary info ============================
FAILED DYNAMOSA-MOSA/test_stack4_DYNAMOSA.py::test_case_4 - AssertionError: a...
FAILED DYNAMOSA-MOSA/test_stack4_DYNAMOSA.py::test_case_14 - AssertionError: ...
FAILED DYNAMOSA-MOSA/test_stack4_MOSA.py::test_case_6 - AssertionError: asser...
========================= 3 failed, 30 passed in 0.06s =========================
</pre></div></div></div></div></div><div class="mb-1" id="job_list___sub_accordion_53"><div class="card"><a data-toggle="collapse" data-target="#job_list___sub_collapse_53_1" aria-expanded="false" aria-controls="job_list___sub_collapse_53_1" href="#" class="job_list___sub_multi_heading"><div role="alert" class="card-header alert-success" id="job_list___sub_heading_53_1"><button class="btn btn-outline-success"><span class="job_id">53 : Job ID adb623e6019c48dfa4d068f02b1e754e</span></button></div></a><div aria-labelledby="job_list___sub_heading_53_1" data-parent="#job_list___sub_accordion_53" class="collapse job_list___sub_multi_collapse" id="job_list___sub_collapse_53_1"><div class="card-body"><div class="work-item"><div class="alert alert-success test-outcome" role="alert"><p>worker outcome: normal</p><p>test outcome: killed</p></div></div><pre class="location"><a href="pycharm://open?file=stack4.py&amp;line=70" class="text-secondary"><button class="btn btn-outline-dark">stack4.py, start pos: (70, 11), end pos: (70, 41)</button></a></pre><pre>operator: core/AddNot, occurrence: 4</pre><div class="alert alert-secondary"><pre class="diff">--- mutation diff ---
--- astack4.py
+++ bstack4.py
@@ -67,7 +67,7 @@
     def remove(self, val):
         """Remove node from list if exists."""
         curr = self.head
-        if curr and val is self.head.data:
+        if not curr and val is self.head.data:
             self.head = self.head.next
             self._length -= 1
         while curr:</pre></div><div class="alert alert-secondary"><pre class="diff">============================= test session starts ==============================
platform linux -- Python 3.10.10, pytest-7.2.1, pluggy-1.0.0
rootdir: /home/auri/temp/lucca/python_experiments/stack4
collected 33 items

DYNAMOSA-MOSA/test_stack4_DYNAMOSA.py ..F..F.....F..F.                   [ 48%]
DYNAMOSA-MOSA/test_stack4_MOSA.py .......FF...F....                      [100%]

=========================== short test summary info ============================
FAILED DYNAMOSA-MOSA/test_stack4_DYNAMOSA.py::test_case_2 - AttributeError: '...
FAILED DYNAMOSA-MOSA/test_stack4_DYNAMOSA.py::test_case_5 - AttributeError: '...
FAILED DYNAMOSA-MOSA/test_stack4_DYNAMOSA.py::test_case_11 - AttributeError: ...
FAILED DYNAMOSA-MOSA/test_stack4_DYNAMOSA.py::test_case_14 - assert &lt;stack4.N...
FAILED DYNAMOSA-MOSA/test_stack4_MOSA.py::test_case_7 - AttributeError: 'None...
FAILED DYNAMOSA-MOSA/test_stack4_MOSA.py::test_case_8 - AttributeError: 'None...
FAILED DYNAMOSA-MOSA/test_stack4_MOSA.py::test_case_12 - AttributeError: 'Non...
========================= 7 failed, 26 passed in 0.06s =========================
</pre></div></div></div></div></div><div class="mb-1" id="job_list___sub_accordion_54"><div class="card"><a data-toggle="collapse" data-target="#job_list___sub_collapse_54_1" aria-expanded="false" aria-controls="job_list___sub_collapse_54_1" href="#" class="job_list___sub_multi_heading"><div role="alert" class="card-header alert-success" id="job_list___sub_heading_54_1"><button class="btn btn-outline-success"><span class="job_id">54 : Job ID 8f206a027ae64e98b99637e916f41158</span></button></div></a><div aria-labelledby="job_list___sub_heading_54_1" data-parent="#job_list___sub_accordion_54" class="collapse job_list___sub_multi_collapse" id="job_list___sub_collapse_54_1"><div class="card-body"><div class="work-item"><div class="alert alert-success test-outcome" role="alert"><p>worker outcome: normal</p><p>test outcome: killed</p></div></div><pre class="location"><a href="pycharm://open?file=stack4.py&amp;line=73" class="text-secondary"><button class="btn btn-outline-dark">stack4.py, start pos: (73, 14), end pos: (73, 18)</button></a></pre><pre>operator: core/AddNot, occurrence: 5</pre><div class="alert alert-secondary"><pre class="diff">--- mutation diff ---
--- astack4.py
+++ bstack4.py
@@ -70,7 +70,7 @@
         if curr and val is self.head.data:
             self.head = self.head.next
             self._length -= 1
-        while curr:
+        while not curr:
             if (curr.next and curr.next.data == val):
                 curr.next = curr.next.next
                 self._length -= 1</pre></div><div class="alert alert-secondary"><pre class="diff">============================= test session starts ==============================
platform linux -- Python 3.10.10, pytest-7.2.1, pluggy-1.0.0
rootdir: /home/auri/temp/lucca/python_experiments/stack4
collected 33 items

DYNAMOSA-MOSA/test_stack4_DYNAMOSA.py ..F..F.....F....                   [ 48%]
DYNAMOSA-MOSA/test_stack4_MOSA.py .......FF...F....                      [100%]

=========================== short test summary info ============================
FAILED DYNAMOSA-MOSA/test_stack4_DYNAMOSA.py::test_case_2 - AttributeError: '...
FAILED DYNAMOSA-MOSA/test_stack4_DYNAMOSA.py::test_case_5 - AttributeError: '...
FAILED DYNAMOSA-MOSA/test_stack4_DYNAMOSA.py::test_case_11 - AttributeError: ...
FAILED DYNAMOSA-MOSA/test_stack4_MOSA.py::test_case_7 - AttributeError: 'None...
FAILED DYNAMOSA-MOSA/test_stack4_MOSA.py::test_case_8 - AttributeError: 'None...
FAILED DYNAMOSA-MOSA/test_stack4_MOSA.py::test_case_12 - AttributeError: 'Non...
========================= 6 failed, 27 passed in 0.06s =========================
</pre></div></div></div></div></div><div class="mb-1" id="job_list___sub_accordion_55"><div class="card"><a data-toggle="collapse" data-target="#job_list___sub_collapse_55_1" aria-expanded="false" aria-controls="job_list___sub_collapse_55_1" href="#" class="job_list___sub_multi_heading"><div role="alert" class="card-header alert-success" id="job_list___sub_heading_55_1"><button class="btn btn-outline-success"><span class="job_id">55 : Job ID aea359109ec94490a9b68f2f90e56b2e</span></button></div></a><div aria-labelledby="job_list___sub_heading_55_1" data-parent="#job_list___sub_accordion_55" class="collapse job_list___sub_multi_collapse" id="job_list___sub_collapse_55_1"><div class="card-body"><div class="work-item"><div class="alert alert-success test-outcome" role="alert"><p>worker outcome: normal</p><p>test outcome: killed</p></div></div><pre class="location"><a href="pycharm://open?file=stack4.py&amp;line=74" class="text-secondary"><button class="btn btn-outline-dark">stack4.py, start pos: (74, 15), end pos: (74, 52)</button></a></pre><pre>operator: core/AddNot, occurrence: 6</pre><div class="alert alert-secondary"><pre class="diff">--- mutation diff ---
--- astack4.py
+++ bstack4.py
@@ -71,7 +71,7 @@
             self.head = self.head.next
             self._length -= 1
         while curr:
-            if (curr.next and curr.next.data == val):
+            if not (curr.next and curr.next.data == val):
                 curr.next = curr.next.next
                 self._length -= 1
             curr = curr.next</pre></div><div class="alert alert-secondary"><pre class="diff">============================= test session starts ==============================
platform linux -- Python 3.10.10, pytest-7.2.1, pluggy-1.0.0
rootdir: /home/auri/temp/lucca/python_experiments/stack4
collected 33 items

DYNAMOSA-MOSA/test_stack4_DYNAMOSA.py ..........FF.FFF                   [ 48%]
DYNAMOSA-MOSA/test_stack4_MOSA.py ...FFF...F....F..                      [100%]

=========================== short test summary info ============================
FAILED DYNAMOSA-MOSA/test_stack4_DYNAMOSA.py::test_case_10 - AttributeError: ...
FAILED DYNAMOSA-MOSA/test_stack4_DYNAMOSA.py::test_case_11 - AttributeError: ...
FAILED DYNAMOSA-MOSA/test_stack4_DYNAMOSA.py::test_case_13 - AttributeError: ...
FAILED DYNAMOSA-MOSA/test_stack4_DYNAMOSA.py::test_case_14 - AttributeError: ...
FAILED DYNAMOSA-MOSA/test_stack4_DYNAMOSA.py::test_case_15 - AttributeError: ...
FAILED DYNAMOSA-MOSA/test_stack4_MOSA.py::test_case_3 - AttributeError: 'None...
FAILED DYNAMOSA-MOSA/test_stack4_MOSA.py::test_case_4 - AttributeError: 'None...
FAILED DYNAMOSA-MOSA/test_stack4_MOSA.py::test_case_5 - AttributeError: 'None...
FAILED DYNAMOSA-MOSA/test_stack4_MOSA.py::test_case_9 - AttributeError: 'None...
FAILED DYNAMOSA-MOSA/test_stack4_MOSA.py::test_case_14 - AttributeError: 'Non...
======================== 10 failed, 23 passed in 0.06s =========================
</pre></div></div></div></div></div><div class="mb-1" id="job_list___sub_accordion_56"><div class="card"><a data-toggle="collapse" data-target="#job_list___sub_collapse_56_1" aria-expanded="false" aria-controls="job_list___sub_collapse_56_1" href="#" class="job_list___sub_multi_heading"><div role="alert" class="card-header alert-success" id="job_list___sub_heading_56_1"><button class="btn btn-outline-success"><span class="job_id">56 : Job ID 9fa96276f2cc4c17a820ee21b441662a</span></button></div></a><div aria-labelledby="job_list___sub_heading_56_1" data-parent="#job_list___sub_accordion_56" class="collapse job_list___sub_multi_collapse" id="job_list___sub_collapse_56_1"><div class="card-body"><div class="work-item"><div class="alert alert-success test-outcome" role="alert"><p>worker outcome: normal</p><p>test outcome: killed</p></div></div><pre class="location"><a href="pycharm://open?file=stack4.py&amp;line=83" class="text-secondary"><button class="btn btn-outline-dark">stack4.py, start pos: (83, 14), end pos: (83, 18)</button></a></pre><pre>operator: core/AddNot, occurrence: 7</pre><div class="alert alert-secondary"><pre class="diff">--- mutation diff ---
--- astack4.py
+++ bstack4.py
@@ -80,7 +80,7 @@
         """Display list as a tuple."""
         curr = self.head
         display = '('
-        while curr:
+        while not curr:
             display += str(curr.data) + ', '
             curr = curr.next
         return display[:-2] + ')'</pre></div><div class="alert alert-secondary"><pre class="diff">============================= test session starts ==============================
platform linux -- Python 3.10.10, pytest-7.2.1, pluggy-1.0.0
rootdir: /home/auri/temp/lucca/python_experiments/stack4
collected 33 items

DYNAMOSA-MOSA/test_stack4_DYNAMOSA.py ......FF....F...                   [ 48%]
DYNAMOSA-MOSA/test_stack4_MOSA.py .F.FFF...FF......                      [100%]

=========================== short test summary info ============================
FAILED DYNAMOSA-MOSA/test_stack4_DYNAMOSA.py::test_case_6 - AssertionError: a...
FAILED DYNAMOSA-MOSA/test_stack4_DYNAMOSA.py::test_case_7 - AttributeError: '...
FAILED DYNAMOSA-MOSA/test_stack4_DYNAMOSA.py::test_case_12 - AssertionError: ...
FAILED DYNAMOSA-MOSA/test_stack4_MOSA.py::test_case_1 - AssertionError: asser...
FAILED DYNAMOSA-MOSA/test_stack4_MOSA.py::test_case_3 - AssertionError: asser...
FAILED DYNAMOSA-MOSA/test_stack4_MOSA.py::test_case_4 - AssertionError: asser...
FAILED DYNAMOSA-MOSA/test_stack4_MOSA.py::test_case_5 - AssertionError: asser...
FAILED DYNAMOSA-MOSA/test_stack4_MOSA.py::test_case_9 - AssertionError: asser...
FAILED DYNAMOSA-MOSA/test_stack4_MOSA.py::test_case_10 - AttributeError: 'Non...
========================= 9 failed, 24 passed in 0.06s =========================
</pre></div></div></div></div></div><div class="mb-1" id="job_list___sub_accordion_57"><div class="card"><a data-toggle="collapse" data-target="#job_list___sub_collapse_57_1" aria-expanded="false" aria-controls="job_list___sub_collapse_57_1" href="#" class="job_list___sub_multi_heading"><div role="alert" class="card-header alert-success" id="job_list___sub_heading_57_1"><button class="btn btn-outline-success"><span class="job_id">57 : Job ID 79df8348238d4b258df8a7aeb2c129d5</span></button></div></a><div aria-labelledby="job_list___sub_heading_57_1" data-parent="#job_list___sub_accordion_57" class="collapse job_list___sub_multi_collapse" id="job_list___sub_collapse_57_1"><div class="card-body"><div class="work-item"><div class="alert alert-success test-outcome" role="alert"><p>worker outcome: normal</p><p>test outcome: killed</p></div></div><pre class="location"><a href="pycharm://open?file=stack4.py&amp;line=70" class="text-secondary"><button class="btn btn-outline-dark">stack4.py, start pos: (70, 16), end pos: (70, 19)</button></a></pre><pre>operator: core/ReplaceAndWithOr, occurrence: 0</pre><div class="alert alert-secondary"><pre class="diff">--- mutation diff ---
--- astack4.py
+++ bstack4.py
@@ -67,7 +67,7 @@
     def remove(self, val):
         """Remove node from list if exists."""
         curr = self.head
-        if curr and val is self.head.data:
+        if curr or val is self.head.data:
             self.head = self.head.next
             self._length -= 1
         while curr:</pre></div><div class="alert alert-secondary"><pre class="diff">============================= test session starts ==============================
platform linux -- Python 3.10.10, pytest-7.2.1, pluggy-1.0.0
rootdir: /home/auri/temp/lucca/python_experiments/stack4
collected 33 items

DYNAMOSA-MOSA/test_stack4_DYNAMOSA.py ..F..F.....F...F                   [ 48%]
DYNAMOSA-MOSA/test_stack4_MOSA.py ...F...FF...F....                      [100%]

=========================== short test summary info ============================
FAILED DYNAMOSA-MOSA/test_stack4_DYNAMOSA.py::test_case_2 - AttributeError: '...
FAILED DYNAMOSA-MOSA/test_stack4_DYNAMOSA.py::test_case_5 - AttributeError: '...
FAILED DYNAMOSA-MOSA/test_stack4_DYNAMOSA.py::test_case_11 - AttributeError: ...
FAILED DYNAMOSA-MOSA/test_stack4_DYNAMOSA.py::test_case_15 - AttributeError: ...
FAILED DYNAMOSA-MOSA/test_stack4_MOSA.py::test_case_3 - AssertionError: asser...
FAILED DYNAMOSA-MOSA/test_stack4_MOSA.py::test_case_7 - AttributeError: 'None...
FAILED DYNAMOSA-MOSA/test_stack4_MOSA.py::test_case_8 - AttributeError: 'None...
FAILED DYNAMOSA-MOSA/test_stack4_MOSA.py::test_case_12 - AttributeError: 'Non...
========================= 8 failed, 25 passed in 0.06s =========================
</pre></div></div></div></div></div><div class="mb-1" id="job_list___sub_accordion_58"><div class="card"><a data-toggle="collapse" data-target="#job_list___sub_collapse_58_1" aria-expanded="false" aria-controls="job_list___sub_collapse_58_1" href="#" class="job_list___sub_multi_heading"><div role="alert" class="card-header alert-success" id="job_list___sub_heading_58_1"><button class="btn btn-outline-success"><span class="job_id">58 : Job ID 0330ab887ece47d9b7f74f602d010cd4</span></button></div></a><div aria-labelledby="job_list___sub_heading_58_1" data-parent="#job_list___sub_accordion_58" class="collapse job_list___sub_multi_collapse" id="job_list___sub_collapse_58_1"><div class="card-body"><div class="work-item"><div class="alert alert-success test-outcome" role="alert"><p>worker outcome: normal</p><p>test outcome: killed</p></div></div><pre class="location"><a href="pycharm://open?file=stack4.py&amp;line=74" class="text-secondary"><button class="btn btn-outline-dark">stack4.py, start pos: (74, 26), end pos: (74, 29)</button></a></pre><pre>operator: core/ReplaceAndWithOr, occurrence: 1</pre><div class="alert alert-secondary"><pre class="diff">--- mutation diff ---
--- astack4.py
+++ bstack4.py
@@ -71,7 +71,7 @@
             self.head = self.head.next
             self._length -= 1
         while curr:
-            if (curr.next and curr.next.data == val):
+            if (curr.next or curr.next.data == val):
                 curr.next = curr.next.next
                 self._length -= 1
             curr = curr.next</pre></div><div class="alert alert-secondary"><pre class="diff">============================= test session starts ==============================
platform linux -- Python 3.10.10, pytest-7.2.1, pluggy-1.0.0
rootdir: /home/auri/temp/lucca/python_experiments/stack4
collected 33 items

DYNAMOSA-MOSA/test_stack4_DYNAMOSA.py ..........FF.FFF                   [ 48%]
DYNAMOSA-MOSA/test_stack4_MOSA.py ...FFF...F....F.F                      [100%]

=========================== short test summary info ============================
FAILED DYNAMOSA-MOSA/test_stack4_DYNAMOSA.py::test_case_10 - AttributeError: ...
FAILED DYNAMOSA-MOSA/test_stack4_DYNAMOSA.py::test_case_11 - AttributeError: ...
FAILED DYNAMOSA-MOSA/test_stack4_DYNAMOSA.py::test_case_13 - AttributeError: ...
FAILED DYNAMOSA-MOSA/test_stack4_DYNAMOSA.py::test_case_14 - AttributeError: ...
FAILED DYNAMOSA-MOSA/test_stack4_DYNAMOSA.py::test_case_15 - AttributeError: ...
FAILED DYNAMOSA-MOSA/test_stack4_MOSA.py::test_case_3 - AttributeError: 'None...
FAILED DYNAMOSA-MOSA/test_stack4_MOSA.py::test_case_4 - AttributeError: 'None...
FAILED DYNAMOSA-MOSA/test_stack4_MOSA.py::test_case_5 - AttributeError: 'None...
FAILED DYNAMOSA-MOSA/test_stack4_MOSA.py::test_case_9 - AttributeError: 'None...
FAILED DYNAMOSA-MOSA/test_stack4_MOSA.py::test_case_14 - AttributeError: 'Non...
FAILED DYNAMOSA-MOSA/test_stack4_MOSA.py::test_case_16 - AttributeError: 'Non...
======================== 11 failed, 22 passed in 0.07s =========================
</pre></div></div></div></div></div><div class="mb-1" id="job_list___sub_accordion_59"><div class="card"><a data-toggle="collapse" data-target="#job_list___sub_collapse_59_1" aria-expanded="false" aria-controls="job_list___sub_collapse_59_1" href="#" class="job_list___sub_multi_heading"><div role="alert" class="card-header alert-success" id="job_list___sub_heading_59_1"><button class="btn btn-outline-success"><span class="job_id">59 : Job ID d287ab83bcf44808b1bcb9e710ef32e0</span></button></div></a><div aria-labelledby="job_list___sub_heading_59_1" data-parent="#job_list___sub_accordion_59" class="collapse job_list___sub_multi_collapse" id="job_list___sub_collapse_59_1"><div class="card-body"><div class="work-item"><div class="alert alert-success test-outcome" role="alert"><p>worker outcome: normal</p><p>test outcome: killed</p></div></div><pre class="location"><a href="pycharm://open?file=stack4.py&amp;line=36" class="text-secondary"><button class="btn btn-outline-dark">stack4.py, start pos: (36, 15), end pos: (36, 24)</button></a></pre><pre>operator: core/ExceptionReplacer, occurrence: 0</pre><div class="alert alert-secondary"><pre class="diff">--- mutation diff ---
--- astack4.py
+++ bstack4.py
@@ -33,7 +33,7 @@
         try:
             for val in data:
                 self.push(val)
-        except TypeError:
+        except CosmicRayTestingException:
             if data:
                 self.push(data)
 </pre></div><div class="alert alert-secondary"><pre class="diff">============================= test session starts ==============================
platform linux -- Python 3.10.10, pytest-7.2.1, pluggy-1.0.0
rootdir: /home/auri/temp/lucca/python_experiments/stack4
collected 33 items

DYNAMOSA-MOSA/test_stack4_DYNAMOSA.py FFFFFFFFFFFF.FFF                   [ 48%]
DYNAMOSA-MOSA/test_stack4_MOSA.py FFFFF.FFFFFFFFF.F                      [100%]

=========================== short test summary info ============================
FAILED DYNAMOSA-MOSA/test_stack4_DYNAMOSA.py::test_case_0 - NameError: name '...
FAILED DYNAMOSA-MOSA/test_stack4_DYNAMOSA.py::test_case_1 - NameError: name '...
FAILED DYNAMOSA-MOSA/test_stack4_DYNAMOSA.py::test_case_2 - NameError: name '...
FAILED DYNAMOSA-MOSA/test_stack4_DYNAMOSA.py::test_case_3 - NameError: name '...
FAILED DYNAMOSA-MOSA/test_stack4_DYNAMOSA.py::test_case_4 - NameError: name '...
FAILED DYNAMOSA-MOSA/test_stack4_DYNAMOSA.py::test_case_5 - NameError: name '...
FAILED DYNAMOSA-MOSA/test_stack4_DYNAMOSA.py::test_case_6 - NameError: name '...
FAILED DYNAMOSA-MOSA/test_stack4_DYNAMOSA.py::test_case_7 - NameError: name '...
FAILED DYNAMOSA-MOSA/test_stack4_DYNAMOSA.py::test_case_8 - NameError: name '...
FAILED DYNAMOSA-MOSA/test_stack4_DYNAMOSA.py::test_case_9 - NameError: name '...
FAILED DYNAMOSA-MOSA/test_stack4_DYNAMOSA.py::test_case_10 - NameError: name ...
FAILED DYNAMOSA-MOSA/test_stack4_DYNAMOSA.py::test_case_11 - NameError: name ...
FAILED DYNAMOSA-MOSA/test_stack4_DYNAMOSA.py::test_case_13 - NameError: name ...
FAILED DYNAMOSA-MOSA/test_stack4_DYNAMOSA.py::test_case_14 - NameError: name ...
FAILED DYNAMOSA-MOSA/test_stack4_DYNAMOSA.py::test_case_15 - NameError: name ...
FAILED DYNAMOSA-MOSA/test_stack4_MOSA.py::test_case_0 - NameError: name 'Cosm...
FAILED DYNAMOSA-MOSA/test_stack4_MOSA.py::test_case_1 - NameError: name 'Cosm...
FAILED DYNAMOSA-MOSA/test_stack4_MOSA.py::test_case_2 - NameError: name 'Cosm...
FAILED DYNAMOSA-MOSA/test_stack4_MOSA.py::test_case_3 - NameError: name 'Cosm...
FAILED DYNAMOSA-MOSA/test_stack4_MOSA.py::test_case_4 - NameError: name 'Cosm...
FAILED DYNAMOSA-MOSA/test_stack4_MOSA.py::test_case_6 - NameError: name 'Cosm...
FAILED DYNAMOSA-MOSA/test_stack4_MOSA.py::test_case_7 - NameError: name 'Cosm...
FAILED DYNAMOSA-MOSA/test_stack4_MOSA.py::test_case_8 - NameError: name 'Cosm...
FAILED DYNAMOSA-MOSA/test_stack4_MOSA.py::test_case_9 - NameError: name 'Cosm...
FAILED DYNAMOSA-MOSA/test_stack4_MOSA.py::test_case_10 - NameError: name 'Cos...
FAILED DYNAMOSA-MOSA/test_stack4_MOSA.py::test_case_11 - NameError: name 'Cos...
FAILED DYNAMOSA-MOSA/test_stack4_MOSA.py::test_case_12 - NameError: name 'Cos...
FAILED DYNAMOSA-MOSA/test_stack4_MOSA.py::test_case_13 - NameError: name 'Cos...
FAILED DYNAMOSA-MOSA/test_stack4_MOSA.py::test_case_14 - NameError: name 'Cos...
FAILED DYNAMOSA-MOSA/test_stack4_MOSA.py::test_case_16 - NameError: name 'Cos...
========================= 30 failed, 3 passed in 0.08s =========================
</pre></div></div></div></div></div><div class="mb-1" id="job_list___sub_accordion_60"><div class="card"><a data-toggle="collapse" data-target="#job_list___sub_collapse_60_1" aria-expanded="false" aria-controls="job_list___sub_collapse_60_1" href="#" class="job_list___sub_multi_heading"><div role="alert" class="card-header alert-success" id="job_list___sub_heading_60_1"><button class="btn btn-outline-success"><span class="job_id">60 : Job ID 3a0035f654af4f43a28ac82148f19f83</span></button></div></a><div aria-labelledby="job_list___sub_heading_60_1" data-parent="#job_list___sub_accordion_60" class="collapse job_list___sub_multi_collapse" id="job_list___sub_collapse_60_1"><div class="card-body"><div class="work-item"><div class="alert alert-success test-outcome" role="alert"><p>worker outcome: normal</p><p>test outcome: killed</p></div></div><pre class="location"><a href="pycharm://open?file=stack4.py&amp;line=31" class="text-secondary"><button class="btn btn-outline-dark">stack4.py, start pos: (31, 23), end pos: (31, 24)</button></a></pre><pre>operator: core/NumberReplacer, occurrence: 0</pre><div class="alert alert-secondary"><pre class="diff">--- mutation diff ---
--- astack4.py
+++ bstack4.py
@@ -28,7 +28,7 @@
 
     def __init__(self, data=None):
         """Linked list initialized with head."""
-        self._length = 0
+        self._length = 1
         self.head = None
         try:
             for val in data:</pre></div><div class="alert alert-secondary"><pre class="diff">============================= test session starts ==============================
platform linux -- Python 3.10.10, pytest-7.2.1, pluggy-1.0.0
rootdir: /home/auri/temp/lucca/python_experiments/stack4
collected 33 items

DYNAMOSA-MOSA/test_stack4_DYNAMOSA.py .....F......F...                   [ 48%]
DYNAMOSA-MOSA/test_stack4_MOSA.py ............F....                      [100%]

=========================== short test summary info ============================
FAILED DYNAMOSA-MOSA/test_stack4_DYNAMOSA.py::test_case_5 - assert 1 == 0
FAILED DYNAMOSA-MOSA/test_stack4_DYNAMOSA.py::test_case_12 - assert 4 == 3
FAILED DYNAMOSA-MOSA/test_stack4_MOSA.py::test_case_12 - assert 1 == 0
========================= 3 failed, 30 passed in 0.05s =========================
</pre></div></div></div></div></div><div class="mb-1" id="job_list___sub_accordion_61"><div class="card"><a data-toggle="collapse" data-target="#job_list___sub_collapse_61_1" aria-expanded="false" aria-controls="job_list___sub_collapse_61_1" href="#" class="job_list___sub_multi_heading"><div role="alert" class="card-header alert-success" id="job_list___sub_heading_61_1"><button class="btn btn-outline-success"><span class="job_id">61 : Job ID 8c9c4fb77b34474aa25faad37d9b69b3</span></button></div></a><div aria-labelledby="job_list___sub_heading_61_1" data-parent="#job_list___sub_accordion_61" class="collapse job_list___sub_multi_collapse" id="job_list___sub_collapse_61_1"><div class="card-body"><div class="work-item"><div class="alert alert-success test-outcome" role="alert"><p>worker outcome: normal</p><p>test outcome: killed</p></div></div><pre class="location"><a href="pycharm://open?file=stack4.py&amp;line=31" class="text-secondary"><button class="btn btn-outline-dark">stack4.py, start pos: (31, 23), end pos: (31, 24)</button></a></pre><pre>operator: core/NumberReplacer, occurrence: 1</pre><div class="alert alert-secondary"><pre class="diff">--- mutation diff ---
--- astack4.py
+++ bstack4.py
@@ -28,7 +28,7 @@
 
     def __init__(self, data=None):
         """Linked list initialized with head."""
-        self._length = 0
+        self._length = -1
         self.head = None
         try:
             for val in data:</pre></div><div class="alert alert-secondary"><pre class="diff">============================= test session starts ==============================
platform linux -- Python 3.10.10, pytest-7.2.1, pluggy-1.0.0
rootdir: /home/auri/temp/lucca/python_experiments/stack4
collected 33 items

DYNAMOSA-MOSA/test_stack4_DYNAMOSA.py .....F......F...                   [ 48%]
DYNAMOSA-MOSA/test_stack4_MOSA.py ............F....                      [100%]

=========================== short test summary info ============================
FAILED DYNAMOSA-MOSA/test_stack4_DYNAMOSA.py::test_case_5 - assert -1 == 0
FAILED DYNAMOSA-MOSA/test_stack4_DYNAMOSA.py::test_case_12 - assert 2 == 3
FAILED DYNAMOSA-MOSA/test_stack4_MOSA.py::test_case_12 - assert -1 == 0
========================= 3 failed, 30 passed in 0.06s =========================
</pre></div></div></div></div></div><div class="mb-1" id="job_list___sub_accordion_62"><div class="card"><a data-toggle="collapse" data-target="#job_list___sub_collapse_62_1" aria-expanded="false" aria-controls="job_list___sub_collapse_62_1" href="#" class="job_list___sub_multi_heading"><div role="alert" class="card-header alert-success" id="job_list___sub_heading_62_1"><button class="btn btn-outline-success"><span class="job_id">62 : Job ID 2a532e5b634a429eb1483380810bc31d</span></button></div></a><div aria-labelledby="job_list___sub_heading_62_1" data-parent="#job_list___sub_accordion_62" class="collapse job_list___sub_multi_collapse" id="job_list___sub_collapse_62_1"><div class="card-body"><div class="work-item"><div class="alert alert-success test-outcome" role="alert"><p>worker outcome: normal</p><p>test outcome: killed</p></div></div><pre class="location"><a href="pycharm://open?file=stack4.py&amp;line=44" class="text-secondary"><button class="btn btn-outline-dark">stack4.py, start pos: (44, 24), end pos: (44, 25)</button></a></pre><pre>operator: core/NumberReplacer, occurrence: 2</pre><div class="alert alert-secondary"><pre class="diff">--- mutation diff ---
--- astack4.py
+++ bstack4.py
@@ -41,7 +41,7 @@
         """Insert a value at the head of the list."""
         old_head = self.head
         self.head = Node(val, old_head)
-        self._length += 1
+        self._length += 2
 
     def pop(self):
         """Remove the first value and return it."""</pre></div><div class="alert alert-secondary"><pre class="diff">============================= test session starts ==============================
platform linux -- Python 3.10.10, pytest-7.2.1, pluggy-1.0.0
rootdir: /home/auri/temp/lucca/python_experiments/stack4
collected 33 items

DYNAMOSA-MOSA/test_stack4_DYNAMOSA.py ............F...                   [ 48%]
DYNAMOSA-MOSA/test_stack4_MOSA.py .................                      [100%]

=========================== short test summary info ============================
FAILED DYNAMOSA-MOSA/test_stack4_DYNAMOSA.py::test_case_12 - assert 6 == 3
========================= 1 failed, 32 passed in 0.05s =========================
</pre></div></div></div></div></div><div class="mb-1" id="job_list___sub_accordion_63"><div class="card"><a data-toggle="collapse" data-target="#job_list___sub_collapse_63_1" aria-expanded="false" aria-controls="job_list___sub_collapse_63_1" href="#" class="job_list___sub_multi_heading"><div role="alert" class="card-header alert-success" id="job_list___sub_heading_63_1"><button class="btn btn-outline-success"><span class="job_id">63 : Job ID 7cf087a77d994de08284b40928b49264</span></button></div></a><div aria-labelledby="job_list___sub_heading_63_1" data-parent="#job_list___sub_accordion_63" class="collapse job_list___sub_multi_collapse" id="job_list___sub_collapse_63_1"><div class="card-body"><div class="work-item"><div class="alert alert-success test-outcome" role="alert"><p>worker outcome: normal</p><p>test outcome: killed</p></div></div><pre class="location"><a href="pycharm://open?file=stack4.py&amp;line=44" class="text-secondary"><button class="btn btn-outline-dark">stack4.py, start pos: (44, 24), end pos: (44, 25)</button></a></pre><pre>operator: core/NumberReplacer, occurrence: 3</pre><div class="alert alert-secondary"><pre class="diff">--- mutation diff ---
--- astack4.py
+++ bstack4.py
@@ -41,7 +41,7 @@
         """Insert a value at the head of the list."""
         old_head = self.head
         self.head = Node(val, old_head)
-        self._length += 1
+        self._length += 0
 
     def pop(self):
         """Remove the first value and return it."""</pre></div><div class="alert alert-secondary"><pre class="diff">============================= test session starts ==============================
platform linux -- Python 3.10.10, pytest-7.2.1, pluggy-1.0.0
rootdir: /home/auri/temp/lucca/python_experiments/stack4
collected 33 items

DYNAMOSA-MOSA/test_stack4_DYNAMOSA.py ............F...                   [ 48%]
DYNAMOSA-MOSA/test_stack4_MOSA.py .................                      [100%]

=========================== short test summary info ============================
FAILED DYNAMOSA-MOSA/test_stack4_DYNAMOSA.py::test_case_12 - assert 0 == 3
========================= 1 failed, 32 passed in 0.06s =========================
</pre></div></div></div></div></div><div class="mb-1" id="job_list___sub_accordion_64"><div class="card"><a data-toggle="collapse" data-target="#job_list___sub_collapse_64_1" aria-expanded="false" aria-controls="job_list___sub_collapse_64_1" href="#" class="job_list___sub_multi_heading"><div role="alert" class="card-header alert-danger" id="job_list___sub_heading_64_1"><button class="btn btn-outline-danger"><span class="job_id">64 : Job ID ac74e2cd11d5413388732f631ccd8a14</span></button></div></a><div aria-labelledby="job_list___sub_heading_64_1" data-parent="#job_list___sub_accordion_64" class="collapse job_list___sub_multi_collapse" id="job_list___sub_collapse_64_1"><div class="card-body"><div class="work-item"><div class="alert alert-danger test-outcome" role="alert"><p>SURVIVED</p><p>worker outcome: normal</p><p>test outcome: survived</p></div></div><pre class="location"><a href="pycharm://open?file=stack4.py&amp;line=52" class="text-secondary"><button class="btn btn-outline-dark">stack4.py, start pos: (52, 24), end pos: (52, 25)</button></a></pre><pre>operator: core/NumberReplacer, occurrence: 4</pre><div class="alert alert-secondary"><pre class="diff">--- mutation diff ---
--- astack4.py
+++ bstack4.py
@@ -49,7 +49,7 @@
             raise IndexError('Cannot pop from an empty list')
         to_return = self.head
         self.head = self.head.next
-        self._length -= 1
+        self._length -= 2
         return to_return.data
 
     def size(self):</pre></div><div class="alert alert-secondary"><pre class="diff">============================= test session starts ==============================
platform linux -- Python 3.10.10, pytest-7.2.1, pluggy-1.0.0
rootdir: /home/auri/temp/lucca/python_experiments/stack4
collected 33 items

DYNAMOSA-MOSA/test_stack4_DYNAMOSA.py ................                   [ 48%]
DYNAMOSA-MOSA/test_stack4_MOSA.py .................                      [100%]

============================== 33 passed in 0.05s ==============================
</pre></div></div></div></div></div><div class="mb-1" id="job_list___sub_accordion_65"><div class="card"><a data-toggle="collapse" data-target="#job_list___sub_collapse_65_1" aria-expanded="false" aria-controls="job_list___sub_collapse_65_1" href="#" class="job_list___sub_multi_heading"><div role="alert" class="card-header alert-danger" id="job_list___sub_heading_65_1"><button class="btn btn-outline-danger"><span class="job_id">65 : Job ID 43effc6c98fd4df7a7a0eef7010fd7a0</span></button></div></a><div aria-labelledby="job_list___sub_heading_65_1" data-parent="#job_list___sub_accordion_65" class="collapse job_list___sub_multi_collapse" id="job_list___sub_collapse_65_1"><div class="card-body"><div class="work-item"><div class="alert alert-danger test-outcome" role="alert"><p>SURVIVED</p><p>worker outcome: normal</p><p>test outcome: survived</p></div></div><pre class="location"><a href="pycharm://open?file=stack4.py&amp;line=52" class="text-secondary"><button class="btn btn-outline-dark">stack4.py, start pos: (52, 24), end pos: (52, 25)</button></a></pre><pre>operator: core/NumberReplacer, occurrence: 5</pre><div class="alert alert-secondary"><pre class="diff">--- mutation diff ---
--- astack4.py
+++ bstack4.py
@@ -49,7 +49,7 @@
             raise IndexError('Cannot pop from an empty list')
         to_return = self.head
         self.head = self.head.next
-        self._length -= 1
+        self._length -= 0
         return to_return.data
 
     def size(self):</pre></div><div class="alert alert-secondary"><pre class="diff">============================= test session starts ==============================
platform linux -- Python 3.10.10, pytest-7.2.1, pluggy-1.0.0
rootdir: /home/auri/temp/lucca/python_experiments/stack4
collected 33 items

DYNAMOSA-MOSA/test_stack4_DYNAMOSA.py ................                   [ 48%]
DYNAMOSA-MOSA/test_stack4_MOSA.py .................                      [100%]

============================== 33 passed in 0.06s ==============================
</pre></div></div></div></div></div><div class="mb-1" id="job_list___sub_accordion_66"><div class="card"><a data-toggle="collapse" data-target="#job_list___sub_collapse_66_1" aria-expanded="false" aria-controls="job_list___sub_collapse_66_1" href="#" class="job_list___sub_multi_heading"><div role="alert" class="card-header alert-danger" id="job_list___sub_heading_66_1"><button class="btn btn-outline-danger"><span class="job_id">66 : Job ID 336697dd645140e889701fac65dcc207</span></button></div></a><div aria-labelledby="job_list___sub_heading_66_1" data-parent="#job_list___sub_accordion_66" class="collapse job_list___sub_multi_collapse" id="job_list___sub_collapse_66_1"><div class="card-body"><div class="work-item"><div class="alert alert-danger test-outcome" role="alert"><p>SURVIVED</p><p>worker outcome: normal</p><p>test outcome: survived</p></div></div><pre class="location"><a href="pycharm://open?file=stack4.py&amp;line=72" class="text-secondary"><button class="btn btn-outline-dark">stack4.py, start pos: (72, 28), end pos: (72, 29)</button></a></pre><pre>operator: core/NumberReplacer, occurrence: 6</pre><div class="alert alert-secondary"><pre class="diff">--- mutation diff ---
--- astack4.py
+++ bstack4.py
@@ -69,7 +69,7 @@
         curr = self.head
         if curr and val is self.head.data:
             self.head = self.head.next
-            self._length -= 1
+            self._length -= 2
         while curr:
             if (curr.next and curr.next.data == val):
                 curr.next = curr.next.next</pre></div><div class="alert alert-secondary"><pre class="diff">============================= test session starts ==============================
platform linux -- Python 3.10.10, pytest-7.2.1, pluggy-1.0.0
rootdir: /home/auri/temp/lucca/python_experiments/stack4
collected 33 items

DYNAMOSA-MOSA/test_stack4_DYNAMOSA.py ................                   [ 48%]
DYNAMOSA-MOSA/test_stack4_MOSA.py .................                      [100%]

============================== 33 passed in 0.06s ==============================
</pre></div></div></div></div></div><div class="mb-1" id="job_list___sub_accordion_67"><div class="card"><a data-toggle="collapse" data-target="#job_list___sub_collapse_67_1" aria-expanded="false" aria-controls="job_list___sub_collapse_67_1" href="#" class="job_list___sub_multi_heading"><div role="alert" class="card-header alert-danger" id="job_list___sub_heading_67_1"><button class="btn btn-outline-danger"><span class="job_id">67 : Job ID ab98a5b921b24bbd809c0464a6a9c824</span></button></div></a><div aria-labelledby="job_list___sub_heading_67_1" data-parent="#job_list___sub_accordion_67" class="collapse job_list___sub_multi_collapse" id="job_list___sub_collapse_67_1"><div class="card-body"><div class="work-item"><div class="alert alert-danger test-outcome" role="alert"><p>SURVIVED</p><p>worker outcome: normal</p><p>test outcome: survived</p></div></div><pre class="location"><a href="pycharm://open?file=stack4.py&amp;line=72" class="text-secondary"><button class="btn btn-outline-dark">stack4.py, start pos: (72, 28), end pos: (72, 29)</button></a></pre><pre>operator: core/NumberReplacer, occurrence: 7</pre><div class="alert alert-secondary"><pre class="diff">--- mutation diff ---
--- astack4.py
+++ bstack4.py
@@ -69,7 +69,7 @@
         curr = self.head
         if curr and val is self.head.data:
             self.head = self.head.next
-            self._length -= 1
+            self._length -= 0
         while curr:
             if (curr.next and curr.next.data == val):
                 curr.next = curr.next.next</pre></div><div class="alert alert-secondary"><pre class="diff">============================= test session starts ==============================
platform linux -- Python 3.10.10, pytest-7.2.1, pluggy-1.0.0
rootdir: /home/auri/temp/lucca/python_experiments/stack4
collected 33 items

DYNAMOSA-MOSA/test_stack4_DYNAMOSA.py ................                   [ 48%]
DYNAMOSA-MOSA/test_stack4_MOSA.py .................                      [100%]

============================== 33 passed in 0.05s ==============================
</pre></div></div></div></div></div><div class="mb-1" id="job_list___sub_accordion_68"><div class="card"><a data-toggle="collapse" data-target="#job_list___sub_collapse_68_1" aria-expanded="false" aria-controls="job_list___sub_collapse_68_1" href="#" class="job_list___sub_multi_heading"><div role="alert" class="card-header alert-danger" id="job_list___sub_heading_68_1"><button class="btn btn-outline-danger"><span class="job_id">68 : Job ID 8304e526234b49b0866c41b50f497f51</span></button></div></a><div aria-labelledby="job_list___sub_heading_68_1" data-parent="#job_list___sub_accordion_68" class="collapse job_list___sub_multi_collapse" id="job_list___sub_collapse_68_1"><div class="card-body"><div class="work-item"><div class="alert alert-danger test-outcome" role="alert"><p>SURVIVED</p><p>worker outcome: normal</p><p>test outcome: survived</p></div></div><pre class="location"><a href="pycharm://open?file=stack4.py&amp;line=76" class="text-secondary"><button class="btn btn-outline-dark">stack4.py, start pos: (76, 32), end pos: (76, 33)</button></a></pre><pre>operator: core/NumberReplacer, occurrence: 8</pre><div class="alert alert-secondary"><pre class="diff">--- mutation diff ---
--- astack4.py
+++ bstack4.py
@@ -73,7 +73,7 @@
         while curr:
             if (curr.next and curr.next.data == val):
                 curr.next = curr.next.next
-                self._length -= 1
+                self._length -= 2
             curr = curr.next
 
     def display(self):</pre></div><div class="alert alert-secondary"><pre class="diff">============================= test session starts ==============================
platform linux -- Python 3.10.10, pytest-7.2.1, pluggy-1.0.0
rootdir: /home/auri/temp/lucca/python_experiments/stack4
collected 33 items

DYNAMOSA-MOSA/test_stack4_DYNAMOSA.py ................                   [ 48%]
DYNAMOSA-MOSA/test_stack4_MOSA.py .................                      [100%]

============================== 33 passed in 0.06s ==============================
</pre></div></div></div></div></div><div class="mb-1" id="job_list___sub_accordion_69"><div class="card"><a data-toggle="collapse" data-target="#job_list___sub_collapse_69_1" aria-expanded="false" aria-controls="job_list___sub_collapse_69_1" href="#" class="job_list___sub_multi_heading"><div role="alert" class="card-header alert-danger" id="job_list___sub_heading_69_1"><button class="btn btn-outline-danger"><span class="job_id">69 : Job ID c52ca76c12a74782b1e21143eaa3930e</span></button></div></a><div aria-labelledby="job_list___sub_heading_69_1" data-parent="#job_list___sub_accordion_69" class="collapse job_list___sub_multi_collapse" id="job_list___sub_collapse_69_1"><div class="card-body"><div class="work-item"><div class="alert alert-danger test-outcome" role="alert"><p>SURVIVED</p><p>worker outcome: normal</p><p>test outcome: survived</p></div></div><pre class="location"><a href="pycharm://open?file=stack4.py&amp;line=76" class="text-secondary"><button class="btn btn-outline-dark">stack4.py, start pos: (76, 32), end pos: (76, 33)</button></a></pre><pre>operator: core/NumberReplacer, occurrence: 9</pre><div class="alert alert-secondary"><pre class="diff">--- mutation diff ---
--- astack4.py
+++ bstack4.py
@@ -73,7 +73,7 @@
         while curr:
             if (curr.next and curr.next.data == val):
                 curr.next = curr.next.next
-                self._length -= 1
+                self._length -= 0
             curr = curr.next
 
     def display(self):</pre></div><div class="alert alert-secondary"><pre class="diff">============================= test session starts ==============================
platform linux -- Python 3.10.10, pytest-7.2.1, pluggy-1.0.0
rootdir: /home/auri/temp/lucca/python_experiments/stack4
collected 33 items

DYNAMOSA-MOSA/test_stack4_DYNAMOSA.py ................                   [ 48%]
DYNAMOSA-MOSA/test_stack4_MOSA.py .................                      [100%]

============================== 33 passed in 0.06s ==============================
</pre></div></div></div></div></div><div class="mb-1" id="job_list___sub_accordion_70"><div class="card"><a data-toggle="collapse" data-target="#job_list___sub_collapse_70_1" aria-expanded="false" aria-controls="job_list___sub_collapse_70_1" href="#" class="job_list___sub_multi_heading"><div role="alert" class="card-header alert-success" id="job_list___sub_heading_70_1"><button class="btn btn-outline-success"><span class="job_id">70 : Job ID c4e268e24378431087329be7edb11051</span></button></div></a><div aria-labelledby="job_list___sub_heading_70_1" data-parent="#job_list___sub_accordion_70" class="collapse job_list___sub_multi_collapse" id="job_list___sub_collapse_70_1"><div class="card-body"><div class="work-item"><div class="alert alert-success test-outcome" role="alert"><p>worker outcome: normal</p><p>test outcome: killed</p></div></div><pre class="location"><a href="pycharm://open?file=stack4.py&amp;line=86" class="text-secondary"><button class="btn btn-outline-dark">stack4.py, start pos: (86, 25), end pos: (86, 26)</button></a></pre><pre>operator: core/NumberReplacer, occurrence: 10</pre><div class="alert alert-secondary"><pre class="diff">--- mutation diff ---
--- astack4.py
+++ bstack4.py
@@ -83,7 +83,7 @@
         while curr:
             display += str(curr.data) + ', '
             curr = curr.next
-        return display[:-2] + ')'
+        return display[:- 3] + ')'
 
 
 class Stack(object):</pre></div><div class="alert alert-secondary"><pre class="diff">============================= test session starts ==============================
platform linux -- Python 3.10.10, pytest-7.2.1, pluggy-1.0.0
rootdir: /home/auri/temp/lucca/python_experiments/stack4
collected 33 items

DYNAMOSA-MOSA/test_stack4_DYNAMOSA.py ......F.....F...                   [ 48%]
DYNAMOSA-MOSA/test_stack4_MOSA.py .F.FFF...F.......                      [100%]

=========================== short test summary info ============================
FAILED DYNAMOSA-MOSA/test_stack4_DYNAMOSA.py::test_case_6 - AssertionError: a...
FAILED DYNAMOSA-MOSA/test_stack4_DYNAMOSA.py::test_case_12 - AssertionError: ...
FAILED DYNAMOSA-MOSA/test_stack4_MOSA.py::test_case_1 - AssertionError: asser...
FAILED DYNAMOSA-MOSA/test_stack4_MOSA.py::test_case_3 - AssertionError: asser...
FAILED DYNAMOSA-MOSA/test_stack4_MOSA.py::test_case_4 - AssertionError: asser...
FAILED DYNAMOSA-MOSA/test_stack4_MOSA.py::test_case_5 - AssertionError: asser...
FAILED DYNAMOSA-MOSA/test_stack4_MOSA.py::test_case_9 - AssertionError: asser...
========================= 7 failed, 26 passed in 0.06s =========================
</pre></div></div></div></div></div><div class="mb-1" id="job_list___sub_accordion_71"><div class="card"><a data-toggle="collapse" data-target="#job_list___sub_collapse_71_1" aria-expanded="false" aria-controls="job_list___sub_collapse_71_1" href="#" class="job_list___sub_multi_heading"><div role="alert" class="card-header alert-success" id="job_list___sub_heading_71_1"><button class="btn btn-outline-success"><span class="job_id">71 : Job ID edbe313b5c4b40c3b0a1a862df0695b7</span></button></div></a><div aria-labelledby="job_list___sub_heading_71_1" data-parent="#job_list___sub_accordion_71" class="collapse job_list___sub_multi_collapse" id="job_list___sub_collapse_71_1"><div class="card-body"><div class="work-item"><div class="alert alert-success test-outcome" role="alert"><p>worker outcome: normal</p><p>test outcome: killed</p></div></div><pre class="location"><a href="pycharm://open?file=stack4.py&amp;line=86" class="text-secondary"><button class="btn btn-outline-dark">stack4.py, start pos: (86, 25), end pos: (86, 26)</button></a></pre><pre>operator: core/NumberReplacer, occurrence: 11</pre><div class="alert alert-secondary"><pre class="diff">--- mutation diff ---
--- astack4.py
+++ bstack4.py
@@ -83,7 +83,7 @@
         while curr:
             display += str(curr.data) + ', '
             curr = curr.next
-        return display[:-2] + ')'
+        return display[:- 1] + ')'
 
 
 class Stack(object):</pre></div><div class="alert alert-secondary"><pre class="diff">============================= test session starts ==============================
platform linux -- Python 3.10.10, pytest-7.2.1, pluggy-1.0.0
rootdir: /home/auri/temp/lucca/python_experiments/stack4
collected 33 items

DYNAMOSA-MOSA/test_stack4_DYNAMOSA.py ......F.....F...                   [ 48%]
DYNAMOSA-MOSA/test_stack4_MOSA.py .F.FFF...F.......                      [100%]

=========================== short test summary info ============================
FAILED DYNAMOSA-MOSA/test_stack4_DYNAMOSA.py::test_case_6 - AssertionError: a...
FAILED DYNAMOSA-MOSA/test_stack4_DYNAMOSA.py::test_case_12 - AssertionError: ...
FAILED DYNAMOSA-MOSA/test_stack4_MOSA.py::test_case_1 - AssertionError: asser...
FAILED DYNAMOSA-MOSA/test_stack4_MOSA.py::test_case_3 - AssertionError: asser...
FAILED DYNAMOSA-MOSA/test_stack4_MOSA.py::test_case_4 - AssertionError: asser...
FAILED DYNAMOSA-MOSA/test_stack4_MOSA.py::test_case_5 - AssertionError: asser...
FAILED DYNAMOSA-MOSA/test_stack4_MOSA.py::test_case_9 - AssertionError: asser...
========================= 7 failed, 26 passed in 0.06s =========================
</pre></div></div></div></div></div><div class="mb-1" id="job_list___sub_accordion_72"><div class="card"><a data-toggle="collapse" data-target="#job_list___sub_collapse_72_1" aria-expanded="false" aria-controls="job_list___sub_collapse_72_1" href="#" class="job_list___sub_multi_heading"><div role="alert" class="card-header alert-success" id="job_list___sub_heading_72_1"><button class="btn btn-outline-success"><span class="job_id">72 : Job ID aec01810b7bb414889b4d9b4ecac4294</span></button></div></a><div aria-labelledby="job_list___sub_heading_72_1" data-parent="#job_list___sub_accordion_72" class="collapse job_list___sub_multi_collapse" id="job_list___sub_collapse_72_1"><div class="card-body"><div class="work-item"><div class="alert alert-success test-outcome" role="alert"><p>worker outcome: normal</p><p>test outcome: killed</p></div></div><pre class="location"><a href="pycharm://open?file=stack4.py&amp;line=34" class="text-secondary"><button class="btn btn-outline-dark">stack4.py, start pos: (34, 23), end pos: (34, 27)</button></a></pre><pre>operator: core/ZeroIterationForLoop, occurrence: 0</pre><div class="alert alert-secondary"><pre class="diff">--- mutation diff ---
--- astack4.py
+++ bstack4.py
@@ -31,7 +31,7 @@
         self._length = 0
         self.head = None
         try:
-            for val in data:
+            for val in []:
                 self.push(val)
         except TypeError:
             if data:</pre></div><div class="alert alert-secondary"><pre class="diff">============================= test session starts ==============================
platform linux -- Python 3.10.10, pytest-7.2.1, pluggy-1.0.0
rootdir: /home/auri/temp/lucca/python_experiments/stack4
collected 33 items

DYNAMOSA-MOSA/test_stack4_DYNAMOSA.py ..F...F...F.F.F.                   [ 48%]
DYNAMOSA-MOSA/test_stack4_MOSA.py .F.FFF...F....FFF                      [100%]

=========================== short test summary info ============================
FAILED DYNAMOSA-MOSA/test_stack4_DYNAMOSA.py::test_case_2 - AssertionError: a...
FAILED DYNAMOSA-MOSA/test_stack4_DYNAMOSA.py::test_case_6 - AssertionError: a...
FAILED DYNAMOSA-MOSA/test_stack4_DYNAMOSA.py::test_case_10 - AssertionError: ...
FAILED DYNAMOSA-MOSA/test_stack4_DYNAMOSA.py::test_case_12 - AssertionError: ...
FAILED DYNAMOSA-MOSA/test_stack4_DYNAMOSA.py::test_case_14 - AssertionError: ...
FAILED DYNAMOSA-MOSA/test_stack4_MOSA.py::test_case_1 - AssertionError: asser...
FAILED DYNAMOSA-MOSA/test_stack4_MOSA.py::test_case_3 - AssertionError: asser...
FAILED DYNAMOSA-MOSA/test_stack4_MOSA.py::test_case_4 - AssertionError: asser...
FAILED DYNAMOSA-MOSA/test_stack4_MOSA.py::test_case_5 - AssertionError: asser...
FAILED DYNAMOSA-MOSA/test_stack4_MOSA.py::test_case_9 - AssertionError: asser...
FAILED DYNAMOSA-MOSA/test_stack4_MOSA.py::test_case_14 - AssertionError: asse...
FAILED DYNAMOSA-MOSA/test_stack4_MOSA.py::test_case_15 - AssertionError: asse...
FAILED DYNAMOSA-MOSA/test_stack4_MOSA.py::test_case_16 - AssertionError: asse...
======================== 13 failed, 20 passed in 0.07s =========================
</pre></div></div></div></div></div></div></div></div></div></div><script src="https://code.jquery.com/jquery-3.3.1.slim.min.js" integrity="sha384-q8i/X+965DzO0rT7abK41JStQIAqVgRVzpbzo5smXKp4YfRvH+8abtTE1Pi6jizo" crossorigin="anonymous"></script><script src="https://cdnjs.cloudflare.com/ajax/libs/popper.js/1.14.7/umd/popper.min.js" integrity="sha384-UO2eT0CpHqdSJQ6hJty5KVphtPhzWj9WO1clHTMGa3JDZwrnQq4sF86dIHNDz0W1" crossorigin="anonymous"></script><script src="https://stackpath.bootstrapcdn.com/bootstrap/4.3.1/js/bootstrap.min.js" integrity="sha384-JjSmVgyd0p3pXB1rRibZUAYoIIy6OrQ6VrjIEaFf/nJGzIxFDsf4x0xIM+B07jRM" crossorigin="anonymous"></script><script type="text/javascript">$('div.job_list___sub_multi_collapse').on('shown.bs.collapse',  function () {    correct_behavior_functional_buttons();  });$('div.job_list___sub_multi_collapse').on('hidden.bs.collapse',  function () {    correct_behavior_functional_buttons();  });function correct_behavior_functional_buttons() {    var expand = false;    var collapse = false;    $('a.job_list___sub_multi_heading').each(function(index) {      if ($(this).attr('aria-expanded') == 'false') {        expand = true;        return false;      };    });    $('a.job_list___sub_multi_heading').each(function(index) {      if ($(this).attr('aria-expanded') == 'true') {        collapse = true;        return false;      };    });    if (expand) {      $('div#job_item_expand_all').css('display', 'inline-block');    } else {      $('div#job_item_expand_all').css('display', 'none');    };    if (collapse) {      $('div#job_item_collapse_all').css('display', 'inline-block');    } else {      $('div#job_item_collapse_all').css('display', 'none');    };  };correct_behavior_functional_buttons();</script></body></html>
