<!DOCTYPE html><html lang="en"><head><meta charset="utf-8" /><meta name="viewport" content="width=device-width, initial-scale=1, shrink-to-fit=no" /><link rel="stylesheet" href="https://stackpath.bootstrapcdn.com/bootstrap/4.3.1/css/bootstrap.min.css" integrity="sha384-ggOyR0iXCbMQv3Xipma34MD+dH/1fQ784/j6cY/iJTQUOhcWr7x9JvoRxT2MZw1T" crossorigin="anonymous" /><title>Cosmic Ray Report</title></head><body><div class="container"><h1><p class="text-dark">Cosmic Ray Report</p></h1></div><div class="container"><div class="mb-1" id="summary_info___accordion"><div class="card"><a data-toggle="collapse" data-target="#summary_info___collapse_1" aria-expanded="true" aria-controls="summary_info___collapse_1" href="#"><div class="card-header" id="summary_info___heading_1"><button class="btn btn-outline-dark"><h4 class="m-0">Summary info</h4></button></div></a><div aria-labelledby="summary_info___heading_1" data-parent="#summary_info___accordion" class="collapse show" id="summary_info___collapse_1"><div class="card-body"><p>Date time: 12/02/2024 16:01:34</p><p>Total jobs: 62</p><p>Complete: 62 (100.00%)</p><p>Surviving mutants: 5 (8.06%)</p></div></div></div></div><div class="mb-1" id="job_list___accordion"><div class="card"><a data-toggle="collapse" data-target="#job_list___collapse_1" aria-expanded="false" aria-controls="job_list___collapse_1" href="#"><div class="card-header" id="job_list___heading_1"><button class="btn btn-outline-dark"><h4 class="m-0">Job list</h4></button></div></a><div aria-labelledby="job_list___heading_1" data-parent="#job_list___accordion" class="collapse" id="job_list___collapse_1"><div class="card-body"><div class="text-right mb-1"><div class="mx-1" id="job_item_expand_all"><a href="#" onclick="$('div.job_list___sub_multi_collapse').collapse('show');"><button class="btn btn-outline-dark"><span>Expand All</span></button></a></div><div class="mx-1" id="job_item_collapse_all"><a href="#" onclick="$('div.job_list___sub_multi_collapse').collapse('hide');"><button class="btn btn-outline-dark"><span>Collapse All</span></button></a></div></div><div class="mb-1" id="job_list___sub_accordion_1"><div class="card"><a data-toggle="collapse" data-target="#job_list___sub_collapse_1_1" aria-expanded="false" aria-controls="job_list___sub_collapse_1_1" href="#" class="job_list___sub_multi_heading"><div role="alert" class="card-header alert-success" id="job_list___sub_heading_1_1"><button class="btn btn-outline-success"><span class="job_id">1 : Job ID b6f5f6b3af8944b393f8e9ce05998c56</span></button></div></a><div aria-labelledby="job_list___sub_heading_1_1" data-parent="#job_list___sub_accordion_1" class="collapse job_list___sub_multi_collapse" id="job_list___sub_collapse_1_1"><div class="card-body"><div class="work-item"><div class="alert alert-success test-outcome" role="alert"><p>worker outcome: normal</p><p>test outcome: killed</p></div></div><pre class="location"><a href="pycharm://open?file=stack3.py&amp;line=24" class="text-secondary"><button class="btn btn-outline-dark">stack3.py, start pos: (24, 23), end pos: (24, 25)</button></a></pre><pre>operator: core/ReplaceComparisonOperator_Eq_NotEq, occurrence: 0</pre><div class="alert alert-secondary"><pre class="diff">--- mutation diff ---
--- astack3.py
+++ bstack3.py
@@ -21,7 +21,7 @@
         """Add element to linked list."""
 
         newNode = Node(value)
-        if self.__size == 0:
+        if self.__size != 0:
             self.__head.next = newNode
             self.__head = newNode
             self.__size += 1</pre></div><div class="alert alert-secondary"><pre class="diff">============================= test session starts ==============================
platform linux -- Python 3.10.12, pytest-7.1.3, pluggy-1.0.0
rootdir: /home/lucca/desktop/ic/experimento/testes/python_experiments/stack3/ALL-SMART-GPT-COSMICRAY
plugins: Faker-15.1.1, hypothesis-6.56.3
collected 67 items

test_stack3_COSMICRAY.py F.F                                             [  4%]
test_stack3_DYNAMOSA.py .F..F....Killed
</pre></div></div></div></div></div><div class="mb-1" id="job_list___sub_accordion_2"><div class="card"><a data-toggle="collapse" data-target="#job_list___sub_collapse_2_1" aria-expanded="false" aria-controls="job_list___sub_collapse_2_1" href="#" class="job_list___sub_multi_heading"><div role="alert" class="card-header alert-success" id="job_list___sub_heading_2_1"><button class="btn btn-outline-success"><span class="job_id">2 : Job ID 1c681d4c66d7499f86596cf58670f18f</span></button></div></a><div aria-labelledby="job_list___sub_heading_2_1" data-parent="#job_list___sub_accordion_2" class="collapse job_list___sub_multi_collapse" id="job_list___sub_collapse_2_1"><div class="card-body"><div class="work-item"><div class="alert alert-success test-outcome" role="alert"><p>worker outcome: normal</p><p>test outcome: killed</p></div></div><pre class="location"><a href="pycharm://open?file=stack3.py&amp;line=38" class="text-secondary"><button class="btn btn-outline-dark">stack3.py, start pos: (38, 23), end pos: (38, 25)</button></a></pre><pre>operator: core/ReplaceComparisonOperator_Eq_NotEq, occurrence: 1</pre><div class="alert alert-secondary"><pre class="diff">--- mutation diff ---
--- astack3.py
+++ bstack3.py
@@ -35,7 +35,7 @@
 
         """Remove node from linkedlist."""
 
-        if self.__size == 0:
+        if self.__size != 0:
             return None
         if self.__size == 1: # Alterado para corrigir comportamento
             nodeToRemove = self.__head</pre></div><div class="alert alert-secondary"><pre class="diff">============================= test session starts ==============================
platform linux -- Python 3.10.12, pytest-7.1.3, pluggy-1.0.0
rootdir: /home/lucca/desktop/ic/experimento/testes/python_experiments/stack3/ALL-SMART-GPT-COSMICRAY
plugins: Faker-15.1.1, hypothesis-6.56.3
collected 67 items

test_stack3_COSMICRAY.py FF.                                             [  4%]
test_stack3_DYNAMOSA.py .F..F....FF..F.FF                                [ 29%]
test_stack3_MIO.py ...F.................                                 [ 61%]
test_stack3_MOSA.py .F..F....FF..F.FF                                    [ 86%]
test_stack3_WHOLE_SUITE.py .F..FF..F                                     [100%]

=========================== short test summary info ============================
FAILED test_stack3_COSMICRAY.py::test_remove_multiple_elements_small_list - a...
FAILED test_stack3_COSMICRAY.py::test_remove_single_element - AttributeError:...
FAILED test_stack3_DYNAMOSA.py::test_case_1 - AssertionError: assert 'builtin...
FAILED test_stack3_DYNAMOSA.py::test_case_4 - assert &lt;stack3.Node object at 0...
FAILED test_stack3_DYNAMOSA.py::test_case_9 - AssertionError: assert 'builtin...
FAILED test_stack3_DYNAMOSA.py::test_case_10 - AssertionError: assert 'builti...
FAILED test_stack3_DYNAMOSA.py::test_case_13 - AssertionError: assert 'builti...
FAILED test_stack3_DYNAMOSA.py::test_case_15 - AssertionError: assert 'builti...
FAILED test_stack3_DYNAMOSA.py::test_case_16 - AssertionError: assert 'builti...
FAILED test_stack3_MIO.py::test_case_3 - AssertionError: assert 'builtins.Non...
FAILED test_stack3_MOSA.py::test_case_1 - AssertionError: assert 'builtins.No...
FAILED test_stack3_MOSA.py::test_case_4 - assert &lt;stack3.Node object at 0x7f9...
FAILED test_stack3_MOSA.py::test_case_9 - AssertionError: assert 'builtins.No...
FAILED test_stack3_MOSA.py::test_case_10 - AssertionError: assert 'builtins.N...
FAILED test_stack3_MOSA.py::test_case_13 - AssertionError: assert 'builtins.N...
FAILED test_stack3_MOSA.py::test_case_15 - AssertionError: assert 'builtins.N...
FAILED test_stack3_MOSA.py::test_case_16 - AssertionError: assert 'builtins.N...
FAILED test_stack3_WHOLE_SUITE.py::test_case_1 - AssertionError: assert 'buil...
FAILED test_stack3_WHOLE_SUITE.py::test_case_4 - AssertionError: assert 'buil...
FAILED test_stack3_WHOLE_SUITE.py::test_case_5 - assert -1 == 0
FAILED test_stack3_WHOLE_SUITE.py::test_case_8 - assert &lt;stack3.Node object a...
======================== 21 failed, 46 passed in 0.30s =========================
</pre></div></div></div></div></div><div class="mb-1" id="job_list___sub_accordion_3"><div class="card"><a data-toggle="collapse" data-target="#job_list___sub_collapse_3_1" aria-expanded="false" aria-controls="job_list___sub_collapse_3_1" href="#" class="job_list___sub_multi_heading"><div role="alert" class="card-header alert-success" id="job_list___sub_heading_3_1"><button class="btn btn-outline-success"><span class="job_id">3 : Job ID 49dcbdb72d644a18810a51731da9c242</span></button></div></a><div aria-labelledby="job_list___sub_heading_3_1" data-parent="#job_list___sub_accordion_3" class="collapse job_list___sub_multi_collapse" id="job_list___sub_collapse_3_1"><div class="card-body"><div class="work-item"><div class="alert alert-success test-outcome" role="alert"><p>worker outcome: normal</p><p>test outcome: killed</p></div></div><pre class="location"><a href="pycharm://open?file=stack3.py&amp;line=40" class="text-secondary"><button class="btn btn-outline-dark">stack3.py, start pos: (40, 23), end pos: (40, 25)</button></a></pre><pre>operator: core/ReplaceComparisonOperator_Eq_NotEq, occurrence: 2</pre><div class="alert alert-secondary"><pre class="diff">--- mutation diff ---
--- astack3.py
+++ bstack3.py
@@ -37,7 +37,7 @@
 
         if self.__size == 0:
             return None
-        if self.__size == 1: # Alterado para corrigir comportamento
+        if self.__size != 1: # Alterado para corrigir comportamento
             nodeToRemove = self.__head
             self.__sentinel.next = None
             self.__head = self.__sentinel</pre></div><div class="alert alert-secondary"><pre class="diff">============================= test session starts ==============================
platform linux -- Python 3.10.12, pytest-7.1.3, pluggy-1.0.0
rootdir: /home/lucca/desktop/ic/experimento/testes/python_experiments/stack3/ALL-SMART-GPT-COSMICRAY
plugins: Faker-15.1.1, hypothesis-6.56.3
collected 67 items

test_stack3_COSMICRAY.py FF.                                             [  4%]
test_stack3_DYNAMOSA.py .........F...F...                                [ 29%]
test_stack3_MIO.py .....................                                 [ 61%]
test_stack3_MOSA.py .........F...F...                                    [ 86%]
test_stack3_WHOLE_SUITE.py .........                                     [100%]

=========================== short test summary info ============================
FAILED test_stack3_COSMICRAY.py::test_remove_multiple_elements_small_list - a...
FAILED test_stack3_COSMICRAY.py::test_remove_single_element - AttributeError:...
FAILED test_stack3_DYNAMOSA.py::test_case_9 - AssertionError: assert 'builtin...
FAILED test_stack3_DYNAMOSA.py::test_case_13 - AttributeError: 'NoneType' obj...
FAILED test_stack3_MOSA.py::test_case_9 - AssertionError: assert 'builtins.No...
FAILED test_stack3_MOSA.py::test_case_13 - AttributeError: 'NoneType' object ...
========================= 6 failed, 61 passed in 0.27s =========================
</pre></div></div></div></div></div><div class="mb-1" id="job_list___sub_accordion_4"><div class="card"><a data-toggle="collapse" data-target="#job_list___sub_collapse_4_1" aria-expanded="false" aria-controls="job_list___sub_collapse_4_1" href="#" class="job_list___sub_multi_heading"><div role="alert" class="card-header alert-success" id="job_list___sub_heading_4_1"><button class="btn btn-outline-success"><span class="job_id">4 : Job ID 221f6d4e392d428d97541671507a1b36</span></button></div></a><div aria-labelledby="job_list___sub_heading_4_1" data-parent="#job_list___sub_accordion_4" class="collapse job_list___sub_multi_collapse" id="job_list___sub_collapse_4_1"><div class="card-body"><div class="work-item"><div class="alert alert-success test-outcome" role="alert"><p>worker outcome: normal</p><p>test outcome: killed</p></div></div><pre class="location"><a href="pycharm://open?file=stack3.py&amp;line=75" class="text-secondary"><button class="btn btn-outline-dark">stack3.py, start pos: (75, 35), end pos: (75, 37)</button></a></pre><pre>operator: core/ReplaceComparisonOperator_Eq_NotEq, occurrence: 3</pre><div class="alert alert-secondary"><pre class="diff">--- mutation diff ---
--- astack3.py
+++ bstack3.py
@@ -72,7 +72,7 @@
 
         """Checks if linkedlist is empty."""
 
-        return True if self.__size == 0 else False
+        return True if self.__size != 0 else False
 
     def toArray(self) -&gt; list:
 </pre></div><div class="alert alert-secondary"><pre class="diff">============================= test session starts ==============================
platform linux -- Python 3.10.12, pytest-7.1.3, pluggy-1.0.0
rootdir: /home/lucca/desktop/ic/experimento/testes/python_experiments/stack3/ALL-SMART-GPT-COSMICRAY
plugins: Faker-15.1.1, hypothesis-6.56.3
collected 67 items

test_stack3_COSMICRAY.py .F.                                             [  4%]
test_stack3_DYNAMOSA.py ...FF..........FF                                [ 29%]
test_stack3_MIO.py .....FF..............                                 [ 61%]
test_stack3_MOSA.py ...FF..........FF                                    [ 86%]
test_stack3_WHOLE_SUITE.py .F.....F.                                     [100%]

=========================== short test summary info ============================
FAILED test_stack3_COSMICRAY.py::test_remove_single_element - assert False ==...
FAILED test_stack3_DYNAMOSA.py::test_case_3 - assert False is True
FAILED test_stack3_DYNAMOSA.py::test_case_4 - assert True is False
FAILED test_stack3_DYNAMOSA.py::test_case_15 - assert True is False
FAILED test_stack3_DYNAMOSA.py::test_case_16 - assert True is False
FAILED test_stack3_MIO.py::test_case_5 - assert False is True
FAILED test_stack3_MIO.py::test_case_6 - assert True is False
FAILED test_stack3_MOSA.py::test_case_3 - assert False is True
FAILED test_stack3_MOSA.py::test_case_4 - assert True is False
FAILED test_stack3_MOSA.py::test_case_15 - assert True is False
FAILED test_stack3_MOSA.py::test_case_16 - assert True is False
FAILED test_stack3_WHOLE_SUITE.py::test_case_1 - assert True is False
FAILED test_stack3_WHOLE_SUITE.py::test_case_7 - assert False is True
======================== 13 failed, 54 passed in 0.28s =========================
</pre></div></div></div></div></div><div class="mb-1" id="job_list___sub_accordion_5"><div class="card"><a data-toggle="collapse" data-target="#job_list___sub_collapse_5_1" aria-expanded="false" aria-controls="job_list___sub_collapse_5_1" href="#" class="job_list___sub_multi_heading"><div role="alert" class="card-header alert-success" id="job_list___sub_heading_5_1"><button class="btn btn-outline-success"><span class="job_id">5 : Job ID 05d08d9948c7434ebd92f30510a79a97</span></button></div></a><div aria-labelledby="job_list___sub_heading_5_1" data-parent="#job_list___sub_accordion_5" class="collapse job_list___sub_multi_collapse" id="job_list___sub_collapse_5_1"><div class="card-body"><div class="work-item"><div class="alert alert-success test-outcome" role="alert"><p>worker outcome: normal</p><p>test outcome: killed</p></div></div><pre class="location"><a href="pycharm://open?file=stack3.py&amp;line=125" class="text-secondary"><button class="btn btn-outline-dark">stack3.py, start pos: (125, 46), end pos: (125, 48)</button></a></pre><pre>operator: core/ReplaceComparisonOperator_Eq_NotEq, occurrence: 4</pre><div class="alert alert-secondary"><pre class="diff">--- mutation diff ---
--- astack3.py
+++ bstack3.py
@@ -122,7 +122,7 @@
 
         """Check if stack is empty."""
 
-        return True if self.__stack.getSize() == 0 else False
+        return True if self.__stack.getSize() != 0 else False
 
     def getSize(self) -&gt; int:
 </pre></div><div class="alert alert-secondary"><pre class="diff">============================= test session starts ==============================
platform linux -- Python 3.10.12, pytest-7.1.3, pluggy-1.0.0
rootdir: /home/lucca/desktop/ic/experimento/testes/python_experiments/stack3/ALL-SMART-GPT-COSMICRAY
plugins: Faker-15.1.1, hypothesis-6.56.3
collected 67 items

test_stack3_COSMICRAY.py ...                                             [  4%]
test_stack3_DYNAMOSA.py .......F.....F...                                [ 29%]
test_stack3_MIO.py ...........FF........                                 [ 61%]
test_stack3_MOSA.py .......F.....F...                                    [ 86%]
test_stack3_WHOLE_SUITE.py ..FF.....                                     [100%]

=========================== short test summary info ============================
FAILED test_stack3_DYNAMOSA.py::test_case_7 - assert False is True
FAILED test_stack3_DYNAMOSA.py::test_case_13 - assert True is False
FAILED test_stack3_MIO.py::test_case_11 - assert False is True
FAILED test_stack3_MIO.py::test_case_12 - assert True is False
FAILED test_stack3_MOSA.py::test_case_7 - assert False is True
FAILED test_stack3_MOSA.py::test_case_13 - assert True is False
FAILED test_stack3_WHOLE_SUITE.py::test_case_2 - assert False is True
FAILED test_stack3_WHOLE_SUITE.py::test_case_3 - assert True is False
========================= 8 failed, 59 passed in 0.27s =========================
</pre></div></div></div></div></div><div class="mb-1" id="job_list___sub_accordion_6"><div class="card"><a data-toggle="collapse" data-target="#job_list___sub_collapse_6_1" aria-expanded="false" aria-controls="job_list___sub_collapse_6_1" href="#" class="job_list___sub_multi_heading"><div role="alert" class="card-header alert-success" id="job_list___sub_heading_6_1"><button class="btn btn-outline-success"><span class="job_id">6 : Job ID 75558b94f8034a9bb80a3271caed67da</span></button></div></a><div aria-labelledby="job_list___sub_heading_6_1" data-parent="#job_list___sub_accordion_6" class="collapse job_list___sub_multi_collapse" id="job_list___sub_collapse_6_1"><div class="card-body"><div class="work-item"><div class="alert alert-success test-outcome" role="alert"><p>worker outcome: normal</p><p>test outcome: killed</p></div></div><pre class="location"><a href="pycharm://open?file=stack3.py&amp;line=24" class="text-secondary"><button class="btn btn-outline-dark">stack3.py, start pos: (24, 23), end pos: (24, 25)</button></a></pre><pre>operator: core/ReplaceComparisonOperator_Eq_Lt, occurrence: 0</pre><div class="alert alert-secondary"><pre class="diff">--- mutation diff ---
--- astack3.py
+++ bstack3.py
@@ -21,7 +21,7 @@
         """Add element to linked list."""
 
         newNode = Node(value)
-        if self.__size == 0:
+        if self.__size &lt; 0:
             self.__head.next = newNode
             self.__head = newNode
             self.__size += 1</pre></div><div class="alert alert-secondary"><pre class="diff">============================= test session starts ==============================
platform linux -- Python 3.10.12, pytest-7.1.3, pluggy-1.0.0
rootdir: /home/lucca/desktop/ic/experimento/testes/python_experiments/stack3/ALL-SMART-GPT-COSMICRAY
plugins: Faker-15.1.1, hypothesis-6.56.3
collected 67 items

test_stack3_COSMICRAY.py ..Killed
</pre></div></div></div></div></div><div class="mb-1" id="job_list___sub_accordion_7"><div class="card"><a data-toggle="collapse" data-target="#job_list___sub_collapse_7_1" aria-expanded="false" aria-controls="job_list___sub_collapse_7_1" href="#" class="job_list___sub_multi_heading"><div role="alert" class="card-header alert-success" id="job_list___sub_heading_7_1"><button class="btn btn-outline-success"><span class="job_id">7 : Job ID 7765106ba5534b99b1ae3fa917cf2d33</span></button></div></a><div aria-labelledby="job_list___sub_heading_7_1" data-parent="#job_list___sub_accordion_7" class="collapse job_list___sub_multi_collapse" id="job_list___sub_collapse_7_1"><div class="card-body"><div class="work-item"><div class="alert alert-success test-outcome" role="alert"><p>worker outcome: normal</p><p>test outcome: killed</p></div></div><pre class="location"><a href="pycharm://open?file=stack3.py&amp;line=38" class="text-secondary"><button class="btn btn-outline-dark">stack3.py, start pos: (38, 23), end pos: (38, 25)</button></a></pre><pre>operator: core/ReplaceComparisonOperator_Eq_Lt, occurrence: 1</pre><div class="alert alert-secondary"><pre class="diff">--- mutation diff ---
--- astack3.py
+++ bstack3.py
@@ -35,7 +35,7 @@
 
         """Remove node from linkedlist."""
 
-        if self.__size == 0:
+        if self.__size &lt; 0:
             return None
         if self.__size == 1: # Alterado para corrigir comportamento
             nodeToRemove = self.__head</pre></div><div class="alert alert-secondary"><pre class="diff">============================= test session starts ==============================
platform linux -- Python 3.10.12, pytest-7.1.3, pluggy-1.0.0
rootdir: /home/lucca/desktop/ic/experimento/testes/python_experiments/stack3/ALL-SMART-GPT-COSMICRAY
plugins: Faker-15.1.1, hypothesis-6.56.3
collected 67 items

test_stack3_COSMICRAY.py ...                                             [  4%]
test_stack3_DYNAMOSA.py .................                                [ 29%]
test_stack3_MIO.py .....................                                 [ 61%]
test_stack3_MOSA.py .................                                    [ 86%]
test_stack3_WHOLE_SUITE.py .....F..F                                     [100%]

=========================== short test summary info ============================
FAILED test_stack3_WHOLE_SUITE.py::test_case_5 - assert -1 == 0
FAILED test_stack3_WHOLE_SUITE.py::test_case_8 - assert &lt;stack3.Node object a...
========================= 2 failed, 65 passed in 0.29s =========================
</pre></div></div></div></div></div><div class="mb-1" id="job_list___sub_accordion_8"><div class="card"><a data-toggle="collapse" data-target="#job_list___sub_collapse_8_1" aria-expanded="false" aria-controls="job_list___sub_collapse_8_1" href="#" class="job_list___sub_multi_heading"><div role="alert" class="card-header alert-success" id="job_list___sub_heading_8_1"><button class="btn btn-outline-success"><span class="job_id">8 : Job ID adea78d635b349789edc1109ae8ec6dc</span></button></div></a><div aria-labelledby="job_list___sub_heading_8_1" data-parent="#job_list___sub_accordion_8" class="collapse job_list___sub_multi_collapse" id="job_list___sub_collapse_8_1"><div class="card-body"><div class="work-item"><div class="alert alert-success test-outcome" role="alert"><p>worker outcome: normal</p><p>test outcome: killed</p></div></div><pre class="location"><a href="pycharm://open?file=stack3.py&amp;line=40" class="text-secondary"><button class="btn btn-outline-dark">stack3.py, start pos: (40, 23), end pos: (40, 25)</button></a></pre><pre>operator: core/ReplaceComparisonOperator_Eq_Lt, occurrence: 2</pre><div class="alert alert-secondary"><pre class="diff">--- mutation diff ---
--- astack3.py
+++ bstack3.py
@@ -37,7 +37,7 @@
 
         if self.__size == 0:
             return None
-        if self.__size == 1: # Alterado para corrigir comportamento
+        if self.__size &lt; 1: # Alterado para corrigir comportamento
             nodeToRemove = self.__head
             self.__sentinel.next = None
             self.__head = self.__sentinel</pre></div><div class="alert alert-secondary"><pre class="diff">============================= test session starts ==============================
platform linux -- Python 3.10.12, pytest-7.1.3, pluggy-1.0.0
rootdir: /home/lucca/desktop/ic/experimento/testes/python_experiments/stack3/ALL-SMART-GPT-COSMICRAY
plugins: Faker-15.1.1, hypothesis-6.56.3
collected 67 items

test_stack3_COSMICRAY.py .F.                                             [  4%]
test_stack3_DYNAMOSA.py .........F...F...                                [ 29%]
test_stack3_MIO.py .....................                                 [ 61%]
test_stack3_MOSA.py .........F...F...                                    [ 86%]
test_stack3_WHOLE_SUITE.py .........                                     [100%]

=========================== short test summary info ============================
FAILED test_stack3_COSMICRAY.py::test_remove_single_element - AttributeError:...
FAILED test_stack3_DYNAMOSA.py::test_case_9 - AssertionError: assert 'builtin...
FAILED test_stack3_DYNAMOSA.py::test_case_13 - AttributeError: 'NoneType' obj...
FAILED test_stack3_MOSA.py::test_case_9 - AssertionError: assert 'builtins.No...
FAILED test_stack3_MOSA.py::test_case_13 - AttributeError: 'NoneType' object ...
========================= 5 failed, 62 passed in 0.27s =========================
</pre></div></div></div></div></div><div class="mb-1" id="job_list___sub_accordion_9"><div class="card"><a data-toggle="collapse" data-target="#job_list___sub_collapse_9_1" aria-expanded="false" aria-controls="job_list___sub_collapse_9_1" href="#" class="job_list___sub_multi_heading"><div role="alert" class="card-header alert-success" id="job_list___sub_heading_9_1"><button class="btn btn-outline-success"><span class="job_id">9 : Job ID 635be56062e142169fe74dc382efa742</span></button></div></a><div aria-labelledby="job_list___sub_heading_9_1" data-parent="#job_list___sub_accordion_9" class="collapse job_list___sub_multi_collapse" id="job_list___sub_collapse_9_1"><div class="card-body"><div class="work-item"><div class="alert alert-success test-outcome" role="alert"><p>worker outcome: normal</p><p>test outcome: killed</p></div></div><pre class="location"><a href="pycharm://open?file=stack3.py&amp;line=75" class="text-secondary"><button class="btn btn-outline-dark">stack3.py, start pos: (75, 35), end pos: (75, 37)</button></a></pre><pre>operator: core/ReplaceComparisonOperator_Eq_Lt, occurrence: 3</pre><div class="alert alert-secondary"><pre class="diff">--- mutation diff ---
--- astack3.py
+++ bstack3.py
@@ -72,7 +72,7 @@
 
         """Checks if linkedlist is empty."""
 
-        return True if self.__size == 0 else False
+        return True if self.__size &lt; 0 else False
 
     def toArray(self) -&gt; list:
 </pre></div><div class="alert alert-secondary"><pre class="diff">============================= test session starts ==============================
platform linux -- Python 3.10.12, pytest-7.1.3, pluggy-1.0.0
rootdir: /home/lucca/desktop/ic/experimento/testes/python_experiments/stack3/ALL-SMART-GPT-COSMICRAY
plugins: Faker-15.1.1, hypothesis-6.56.3
collected 67 items

test_stack3_COSMICRAY.py .F.                                             [  4%]
test_stack3_DYNAMOSA.py ...F.............                                [ 29%]
test_stack3_MIO.py .....F...............                                 [ 61%]
test_stack3_MOSA.py ...F.............                                    [ 86%]
test_stack3_WHOLE_SUITE.py .......F.                                     [100%]

=========================== short test summary info ============================
FAILED test_stack3_COSMICRAY.py::test_remove_single_element - assert False ==...
FAILED test_stack3_DYNAMOSA.py::test_case_3 - assert False is True
FAILED test_stack3_MIO.py::test_case_5 - assert False is True
FAILED test_stack3_MOSA.py::test_case_3 - assert False is True
FAILED test_stack3_WHOLE_SUITE.py::test_case_7 - assert False is True
========================= 5 failed, 62 passed in 0.27s =========================
</pre></div></div></div></div></div><div class="mb-1" id="job_list___sub_accordion_10"><div class="card"><a data-toggle="collapse" data-target="#job_list___sub_collapse_10_1" aria-expanded="false" aria-controls="job_list___sub_collapse_10_1" href="#" class="job_list___sub_multi_heading"><div role="alert" class="card-header alert-success" id="job_list___sub_heading_10_1"><button class="btn btn-outline-success"><span class="job_id">10 : Job ID 0a8a292a913149b9afdee79c068f9ed6</span></button></div></a><div aria-labelledby="job_list___sub_heading_10_1" data-parent="#job_list___sub_accordion_10" class="collapse job_list___sub_multi_collapse" id="job_list___sub_collapse_10_1"><div class="card-body"><div class="work-item"><div class="alert alert-success test-outcome" role="alert"><p>worker outcome: normal</p><p>test outcome: killed</p></div></div><pre class="location"><a href="pycharm://open?file=stack3.py&amp;line=125" class="text-secondary"><button class="btn btn-outline-dark">stack3.py, start pos: (125, 46), end pos: (125, 48)</button></a></pre><pre>operator: core/ReplaceComparisonOperator_Eq_Lt, occurrence: 4</pre><div class="alert alert-secondary"><pre class="diff">--- mutation diff ---
--- astack3.py
+++ bstack3.py
@@ -122,7 +122,7 @@
 
         """Check if stack is empty."""
 
-        return True if self.__stack.getSize() == 0 else False
+        return True if self.__stack.getSize() &lt; 0 else False
 
     def getSize(self) -&gt; int:
 </pre></div><div class="alert alert-secondary"><pre class="diff">============================= test session starts ==============================
platform linux -- Python 3.10.12, pytest-7.1.3, pluggy-1.0.0
rootdir: /home/lucca/desktop/ic/experimento/testes/python_experiments/stack3/ALL-SMART-GPT-COSMICRAY
plugins: Faker-15.1.1, hypothesis-6.56.3
collected 67 items

test_stack3_COSMICRAY.py ...                                             [  4%]
test_stack3_DYNAMOSA.py .......F.........                                [ 29%]
test_stack3_MIO.py ...........F.........                                 [ 61%]
test_stack3_MOSA.py .......F.........                                    [ 86%]
test_stack3_WHOLE_SUITE.py ..F......                                     [100%]

=========================== short test summary info ============================
FAILED test_stack3_DYNAMOSA.py::test_case_7 - assert False is True
FAILED test_stack3_MIO.py::test_case_11 - assert False is True
FAILED test_stack3_MOSA.py::test_case_7 - assert False is True
FAILED test_stack3_WHOLE_SUITE.py::test_case_2 - assert False is True
========================= 4 failed, 63 passed in 0.27s =========================
</pre></div></div></div></div></div><div class="mb-1" id="job_list___sub_accordion_11"><div class="card"><a data-toggle="collapse" data-target="#job_list___sub_collapse_11_1" aria-expanded="false" aria-controls="job_list___sub_collapse_11_1" href="#" class="job_list___sub_multi_heading"><div role="alert" class="card-header alert-danger" id="job_list___sub_heading_11_1"><button class="btn btn-outline-danger"><span class="job_id">11 : Job ID 92123d0b4d4c4cc5a3c0206b4f9844f0</span></button></div></a><div aria-labelledby="job_list___sub_heading_11_1" data-parent="#job_list___sub_accordion_11" class="collapse job_list___sub_multi_collapse" id="job_list___sub_collapse_11_1"><div class="card-body"><div class="work-item"><div class="alert alert-danger test-outcome" role="alert"><p>SURVIVED</p><p>worker outcome: normal</p><p>test outcome: survived</p></div></div><pre class="location"><a href="pycharm://open?file=stack3.py&amp;line=24" class="text-secondary"><button class="btn btn-outline-dark">stack3.py, start pos: (24, 23), end pos: (24, 25)</button></a></pre><pre>operator: core/ReplaceComparisonOperator_Eq_LtE, occurrence: 0</pre><div class="alert alert-secondary"><pre class="diff">--- mutation diff ---
--- astack3.py
+++ bstack3.py
@@ -21,7 +21,7 @@
         """Add element to linked list."""
 
         newNode = Node(value)
-        if self.__size == 0:
+        if self.__size &lt;= 0:
             self.__head.next = newNode
             self.__head = newNode
             self.__size += 1</pre></div><div class="alert alert-secondary"><pre class="diff">============================= test session starts ==============================
platform linux -- Python 3.10.12, pytest-7.1.3, pluggy-1.0.0
rootdir: /home/lucca/desktop/ic/experimento/testes/python_experiments/stack3/ALL-SMART-GPT-COSMICRAY
plugins: Faker-15.1.1, hypothesis-6.56.3
collected 67 items

test_stack3_COSMICRAY.py ...                                             [  4%]
test_stack3_DYNAMOSA.py .................                                [ 29%]
test_stack3_MIO.py .....................                                 [ 61%]
test_stack3_MOSA.py .................                                    [ 86%]
test_stack3_WHOLE_SUITE.py .........                                     [100%]

============================== 67 passed in 0.29s ==============================
</pre></div></div></div></div></div><div class="mb-1" id="job_list___sub_accordion_12"><div class="card"><a data-toggle="collapse" data-target="#job_list___sub_collapse_12_1" aria-expanded="false" aria-controls="job_list___sub_collapse_12_1" href="#" class="job_list___sub_multi_heading"><div role="alert" class="card-header alert-danger" id="job_list___sub_heading_12_1"><button class="btn btn-outline-danger"><span class="job_id">12 : Job ID 30ac0b5aae2e4845b884c15b49984917</span></button></div></a><div aria-labelledby="job_list___sub_heading_12_1" data-parent="#job_list___sub_accordion_12" class="collapse job_list___sub_multi_collapse" id="job_list___sub_collapse_12_1"><div class="card-body"><div class="work-item"><div class="alert alert-danger test-outcome" role="alert"><p>SURVIVED</p><p>worker outcome: normal</p><p>test outcome: survived</p></div></div><pre class="location"><a href="pycharm://open?file=stack3.py&amp;line=38" class="text-secondary"><button class="btn btn-outline-dark">stack3.py, start pos: (38, 23), end pos: (38, 25)</button></a></pre><pre>operator: core/ReplaceComparisonOperator_Eq_LtE, occurrence: 1</pre><div class="alert alert-secondary"><pre class="diff">--- mutation diff ---
--- astack3.py
+++ bstack3.py
@@ -35,7 +35,7 @@
 
         """Remove node from linkedlist."""
 
-        if self.__size == 0:
+        if self.__size &lt;= 0:
             return None
         if self.__size == 1: # Alterado para corrigir comportamento
             nodeToRemove = self.__head</pre></div><div class="alert alert-secondary"><pre class="diff">============================= test session starts ==============================
platform linux -- Python 3.10.12, pytest-7.1.3, pluggy-1.0.0
rootdir: /home/lucca/desktop/ic/experimento/testes/python_experiments/stack3/ALL-SMART-GPT-COSMICRAY
plugins: Faker-15.1.1, hypothesis-6.56.3
collected 67 items

test_stack3_COSMICRAY.py ...                                             [  4%]
test_stack3_DYNAMOSA.py .................                                [ 29%]
test_stack3_MIO.py .....................                                 [ 61%]
test_stack3_MOSA.py .................                                    [ 86%]
test_stack3_WHOLE_SUITE.py .........                                     [100%]

============================== 67 passed in 0.25s ==============================
</pre></div></div></div></div></div><div class="mb-1" id="job_list___sub_accordion_13"><div class="card"><a data-toggle="collapse" data-target="#job_list___sub_collapse_13_1" aria-expanded="false" aria-controls="job_list___sub_collapse_13_1" href="#" class="job_list___sub_multi_heading"><div role="alert" class="card-header alert-danger" id="job_list___sub_heading_13_1"><button class="btn btn-outline-danger"><span class="job_id">13 : Job ID 784f6803266c45b3a46acc85c7e27dae</span></button></div></a><div aria-labelledby="job_list___sub_heading_13_1" data-parent="#job_list___sub_accordion_13" class="collapse job_list___sub_multi_collapse" id="job_list___sub_collapse_13_1"><div class="card-body"><div class="work-item"><div class="alert alert-danger test-outcome" role="alert"><p>SURVIVED</p><p>worker outcome: normal</p><p>test outcome: survived</p></div></div><pre class="location"><a href="pycharm://open?file=stack3.py&amp;line=40" class="text-secondary"><button class="btn btn-outline-dark">stack3.py, start pos: (40, 23), end pos: (40, 25)</button></a></pre><pre>operator: core/ReplaceComparisonOperator_Eq_LtE, occurrence: 2</pre><div class="alert alert-secondary"><pre class="diff">--- mutation diff ---
--- astack3.py
+++ bstack3.py
@@ -37,7 +37,7 @@
 
         if self.__size == 0:
             return None
-        if self.__size == 1: # Alterado para corrigir comportamento
+        if self.__size &lt;= 1: # Alterado para corrigir comportamento
             nodeToRemove = self.__head
             self.__sentinel.next = None
             self.__head = self.__sentinel</pre></div><div class="alert alert-secondary"><pre class="diff">============================= test session starts ==============================
platform linux -- Python 3.10.12, pytest-7.1.3, pluggy-1.0.0
rootdir: /home/lucca/desktop/ic/experimento/testes/python_experiments/stack3/ALL-SMART-GPT-COSMICRAY
plugins: Faker-15.1.1, hypothesis-6.56.3
collected 67 items

test_stack3_COSMICRAY.py ...                                             [  4%]
test_stack3_DYNAMOSA.py .................                                [ 29%]
test_stack3_MIO.py .....................                                 [ 61%]
test_stack3_MOSA.py .................                                    [ 86%]
test_stack3_WHOLE_SUITE.py .........                                     [100%]

============================== 67 passed in 0.26s ==============================
</pre></div></div></div></div></div><div class="mb-1" id="job_list___sub_accordion_14"><div class="card"><a data-toggle="collapse" data-target="#job_list___sub_collapse_14_1" aria-expanded="false" aria-controls="job_list___sub_collapse_14_1" href="#" class="job_list___sub_multi_heading"><div role="alert" class="card-header alert-danger" id="job_list___sub_heading_14_1"><button class="btn btn-outline-danger"><span class="job_id">14 : Job ID 7cfec2907d8145bea8eb938c39737378</span></button></div></a><div aria-labelledby="job_list___sub_heading_14_1" data-parent="#job_list___sub_accordion_14" class="collapse job_list___sub_multi_collapse" id="job_list___sub_collapse_14_1"><div class="card-body"><div class="work-item"><div class="alert alert-danger test-outcome" role="alert"><p>SURVIVED</p><p>worker outcome: normal</p><p>test outcome: survived</p></div></div><pre class="location"><a href="pycharm://open?file=stack3.py&amp;line=75" class="text-secondary"><button class="btn btn-outline-dark">stack3.py, start pos: (75, 35), end pos: (75, 37)</button></a></pre><pre>operator: core/ReplaceComparisonOperator_Eq_LtE, occurrence: 3</pre><div class="alert alert-secondary"><pre class="diff">--- mutation diff ---
--- astack3.py
+++ bstack3.py
@@ -72,7 +72,7 @@
 
         """Checks if linkedlist is empty."""
 
-        return True if self.__size == 0 else False
+        return True if self.__size &lt;= 0 else False
 
     def toArray(self) -&gt; list:
 </pre></div><div class="alert alert-secondary"><pre class="diff">============================= test session starts ==============================
platform linux -- Python 3.10.12, pytest-7.1.3, pluggy-1.0.0
rootdir: /home/lucca/desktop/ic/experimento/testes/python_experiments/stack3/ALL-SMART-GPT-COSMICRAY
plugins: Faker-15.1.1, hypothesis-6.56.3
collected 67 items

test_stack3_COSMICRAY.py ...                                             [  4%]
test_stack3_DYNAMOSA.py .................                                [ 29%]
test_stack3_MIO.py .....................                                 [ 61%]
test_stack3_MOSA.py .................                                    [ 86%]
test_stack3_WHOLE_SUITE.py .........                                     [100%]

============================== 67 passed in 0.26s ==============================
</pre></div></div></div></div></div><div class="mb-1" id="job_list___sub_accordion_15"><div class="card"><a data-toggle="collapse" data-target="#job_list___sub_collapse_15_1" aria-expanded="false" aria-controls="job_list___sub_collapse_15_1" href="#" class="job_list___sub_multi_heading"><div role="alert" class="card-header alert-danger" id="job_list___sub_heading_15_1"><button class="btn btn-outline-danger"><span class="job_id">15 : Job ID 87118d6ab1a04d889cec9f82ff395dd7</span></button></div></a><div aria-labelledby="job_list___sub_heading_15_1" data-parent="#job_list___sub_accordion_15" class="collapse job_list___sub_multi_collapse" id="job_list___sub_collapse_15_1"><div class="card-body"><div class="work-item"><div class="alert alert-danger test-outcome" role="alert"><p>SURVIVED</p><p>worker outcome: normal</p><p>test outcome: survived</p></div></div><pre class="location"><a href="pycharm://open?file=stack3.py&amp;line=125" class="text-secondary"><button class="btn btn-outline-dark">stack3.py, start pos: (125, 46), end pos: (125, 48)</button></a></pre><pre>operator: core/ReplaceComparisonOperator_Eq_LtE, occurrence: 4</pre><div class="alert alert-secondary"><pre class="diff">--- mutation diff ---
--- astack3.py
+++ bstack3.py
@@ -122,7 +122,7 @@
 
         """Check if stack is empty."""
 
-        return True if self.__stack.getSize() == 0 else False
+        return True if self.__stack.getSize() &lt;= 0 else False
 
     def getSize(self) -&gt; int:
 </pre></div><div class="alert alert-secondary"><pre class="diff">============================= test session starts ==============================
platform linux -- Python 3.10.12, pytest-7.1.3, pluggy-1.0.0
rootdir: /home/lucca/desktop/ic/experimento/testes/python_experiments/stack3/ALL-SMART-GPT-COSMICRAY
plugins: Faker-15.1.1, hypothesis-6.56.3
collected 67 items

test_stack3_COSMICRAY.py ...                                             [  4%]
test_stack3_DYNAMOSA.py .................                                [ 29%]
test_stack3_MIO.py .....................                                 [ 61%]
test_stack3_MOSA.py .................                                    [ 86%]
test_stack3_WHOLE_SUITE.py .........                                     [100%]

============================== 67 passed in 0.26s ==============================
</pre></div></div></div></div></div><div class="mb-1" id="job_list___sub_accordion_16"><div class="card"><a data-toggle="collapse" data-target="#job_list___sub_collapse_16_1" aria-expanded="false" aria-controls="job_list___sub_collapse_16_1" href="#" class="job_list___sub_multi_heading"><div role="alert" class="card-header alert-success" id="job_list___sub_heading_16_1"><button class="btn btn-outline-success"><span class="job_id">16 : Job ID 4fc0ff924192472bb53397c8ea8caa23</span></button></div></a><div aria-labelledby="job_list___sub_heading_16_1" data-parent="#job_list___sub_accordion_16" class="collapse job_list___sub_multi_collapse" id="job_list___sub_collapse_16_1"><div class="card-body"><div class="work-item"><div class="alert alert-success test-outcome" role="alert"><p>worker outcome: normal</p><p>test outcome: killed</p></div></div><pre class="location"><a href="pycharm://open?file=stack3.py&amp;line=24" class="text-secondary"><button class="btn btn-outline-dark">stack3.py, start pos: (24, 23), end pos: (24, 25)</button></a></pre><pre>operator: core/ReplaceComparisonOperator_Eq_Gt, occurrence: 0</pre><div class="alert alert-secondary"><pre class="diff">--- mutation diff ---
--- astack3.py
+++ bstack3.py
@@ -21,7 +21,7 @@
         """Add element to linked list."""
 
         newNode = Node(value)
-        if self.__size == 0:
+        if self.__size &gt; 0:
             self.__head.next = newNode
             self.__head = newNode
             self.__size += 1</pre></div><div class="alert alert-secondary"><pre class="diff">============================= test session starts ==============================
platform linux -- Python 3.10.12, pytest-7.1.3, pluggy-1.0.0
rootdir: /home/lucca/desktop/ic/experimento/testes/python_experiments/stack3/ALL-SMART-GPT-COSMICRAY
plugins: Faker-15.1.1, hypothesis-6.56.3
collected 67 items

test_stack3_COSMICRAY.py F.F                                             [  4%]
test_stack3_DYNAMOSA.py .F..F....Killed
</pre></div></div></div></div></div><div class="mb-1" id="job_list___sub_accordion_17"><div class="card"><a data-toggle="collapse" data-target="#job_list___sub_collapse_17_1" aria-expanded="false" aria-controls="job_list___sub_collapse_17_1" href="#" class="job_list___sub_multi_heading"><div role="alert" class="card-header alert-success" id="job_list___sub_heading_17_1"><button class="btn btn-outline-success"><span class="job_id">17 : Job ID 63593b4503914da08f7528c868b41c90</span></button></div></a><div aria-labelledby="job_list___sub_heading_17_1" data-parent="#job_list___sub_accordion_17" class="collapse job_list___sub_multi_collapse" id="job_list___sub_collapse_17_1"><div class="card-body"><div class="work-item"><div class="alert alert-success test-outcome" role="alert"><p>worker outcome: normal</p><p>test outcome: killed</p></div></div><pre class="location"><a href="pycharm://open?file=stack3.py&amp;line=38" class="text-secondary"><button class="btn btn-outline-dark">stack3.py, start pos: (38, 23), end pos: (38, 25)</button></a></pre><pre>operator: core/ReplaceComparisonOperator_Eq_Gt, occurrence: 1</pre><div class="alert alert-secondary"><pre class="diff">--- mutation diff ---
--- astack3.py
+++ bstack3.py
@@ -35,7 +35,7 @@
 
         """Remove node from linkedlist."""
 
-        if self.__size == 0:
+        if self.__size &gt; 0:
             return None
         if self.__size == 1: # Alterado para corrigir comportamento
             nodeToRemove = self.__head</pre></div><div class="alert alert-secondary"><pre class="diff">============================= test session starts ==============================
platform linux -- Python 3.10.12, pytest-7.1.3, pluggy-1.0.0
rootdir: /home/lucca/desktop/ic/experimento/testes/python_experiments/stack3/ALL-SMART-GPT-COSMICRAY
plugins: Faker-15.1.1, hypothesis-6.56.3
collected 67 items

test_stack3_COSMICRAY.py FF.                                             [  4%]
test_stack3_DYNAMOSA.py .F..F....FF..F.FF                                [ 29%]
test_stack3_MIO.py ...F.................                                 [ 61%]
test_stack3_MOSA.py .F..F....FF..F.FF                                    [ 86%]
test_stack3_WHOLE_SUITE.py .F..FF..F                                     [100%]

=========================== short test summary info ============================
FAILED test_stack3_COSMICRAY.py::test_remove_multiple_elements_small_list - a...
FAILED test_stack3_COSMICRAY.py::test_remove_single_element - AttributeError:...
FAILED test_stack3_DYNAMOSA.py::test_case_1 - AssertionError: assert 'builtin...
FAILED test_stack3_DYNAMOSA.py::test_case_4 - assert &lt;stack3.Node object at 0...
FAILED test_stack3_DYNAMOSA.py::test_case_9 - AssertionError: assert 'builtin...
FAILED test_stack3_DYNAMOSA.py::test_case_10 - AssertionError: assert 'builti...
FAILED test_stack3_DYNAMOSA.py::test_case_13 - AssertionError: assert 'builti...
FAILED test_stack3_DYNAMOSA.py::test_case_15 - AssertionError: assert 'builti...
FAILED test_stack3_DYNAMOSA.py::test_case_16 - AssertionError: assert 'builti...
FAILED test_stack3_MIO.py::test_case_3 - AssertionError: assert 'builtins.Non...
FAILED test_stack3_MOSA.py::test_case_1 - AssertionError: assert 'builtins.No...
FAILED test_stack3_MOSA.py::test_case_4 - assert &lt;stack3.Node object at 0x7f0...
FAILED test_stack3_MOSA.py::test_case_9 - AssertionError: assert 'builtins.No...
FAILED test_stack3_MOSA.py::test_case_10 - AssertionError: assert 'builtins.N...
FAILED test_stack3_MOSA.py::test_case_13 - AssertionError: assert 'builtins.N...
FAILED test_stack3_MOSA.py::test_case_15 - AssertionError: assert 'builtins.N...
FAILED test_stack3_MOSA.py::test_case_16 - AssertionError: assert 'builtins.N...
FAILED test_stack3_WHOLE_SUITE.py::test_case_1 - AssertionError: assert 'buil...
FAILED test_stack3_WHOLE_SUITE.py::test_case_4 - AssertionError: assert 'buil...
FAILED test_stack3_WHOLE_SUITE.py::test_case_5 - assert -1 == 0
FAILED test_stack3_WHOLE_SUITE.py::test_case_8 - assert &lt;stack3.Node object a...
======================== 21 failed, 46 passed in 0.31s =========================
</pre></div></div></div></div></div><div class="mb-1" id="job_list___sub_accordion_18"><div class="card"><a data-toggle="collapse" data-target="#job_list___sub_collapse_18_1" aria-expanded="false" aria-controls="job_list___sub_collapse_18_1" href="#" class="job_list___sub_multi_heading"><div role="alert" class="card-header alert-success" id="job_list___sub_heading_18_1"><button class="btn btn-outline-success"><span class="job_id">18 : Job ID 82d7353e380e46ce86905dfad9dd57b3</span></button></div></a><div aria-labelledby="job_list___sub_heading_18_1" data-parent="#job_list___sub_accordion_18" class="collapse job_list___sub_multi_collapse" id="job_list___sub_collapse_18_1"><div class="card-body"><div class="work-item"><div class="alert alert-success test-outcome" role="alert"><p>worker outcome: normal</p><p>test outcome: killed</p></div></div><pre class="location"><a href="pycharm://open?file=stack3.py&amp;line=40" class="text-secondary"><button class="btn btn-outline-dark">stack3.py, start pos: (40, 23), end pos: (40, 25)</button></a></pre><pre>operator: core/ReplaceComparisonOperator_Eq_Gt, occurrence: 2</pre><div class="alert alert-secondary"><pre class="diff">--- mutation diff ---
--- astack3.py
+++ bstack3.py
@@ -37,7 +37,7 @@
 
         if self.__size == 0:
             return None
-        if self.__size == 1: # Alterado para corrigir comportamento
+        if self.__size &gt; 1: # Alterado para corrigir comportamento
             nodeToRemove = self.__head
             self.__sentinel.next = None
             self.__head = self.__sentinel</pre></div><div class="alert alert-secondary"><pre class="diff">============================= test session starts ==============================
platform linux -- Python 3.10.12, pytest-7.1.3, pluggy-1.0.0
rootdir: /home/lucca/desktop/ic/experimento/testes/python_experiments/stack3/ALL-SMART-GPT-COSMICRAY
plugins: Faker-15.1.1, hypothesis-6.56.3
collected 67 items

test_stack3_COSMICRAY.py FF.                                             [  4%]
test_stack3_DYNAMOSA.py .........F...F...                                [ 29%]
test_stack3_MIO.py .....................                                 [ 61%]
test_stack3_MOSA.py .........F...F...                                    [ 86%]
test_stack3_WHOLE_SUITE.py .........                                     [100%]

=========================== short test summary info ============================
FAILED test_stack3_COSMICRAY.py::test_remove_multiple_elements_small_list - a...
FAILED test_stack3_COSMICRAY.py::test_remove_single_element - AttributeError:...
FAILED test_stack3_DYNAMOSA.py::test_case_9 - AssertionError: assert 'builtin...
FAILED test_stack3_DYNAMOSA.py::test_case_13 - AttributeError: 'NoneType' obj...
FAILED test_stack3_MOSA.py::test_case_9 - AssertionError: assert 'builtins.No...
FAILED test_stack3_MOSA.py::test_case_13 - AttributeError: 'NoneType' object ...
========================= 6 failed, 61 passed in 0.29s =========================
</pre></div></div></div></div></div><div class="mb-1" id="job_list___sub_accordion_19"><div class="card"><a data-toggle="collapse" data-target="#job_list___sub_collapse_19_1" aria-expanded="false" aria-controls="job_list___sub_collapse_19_1" href="#" class="job_list___sub_multi_heading"><div role="alert" class="card-header alert-success" id="job_list___sub_heading_19_1"><button class="btn btn-outline-success"><span class="job_id">19 : Job ID c2799f7d48d045b4b4bc0aac2493e530</span></button></div></a><div aria-labelledby="job_list___sub_heading_19_1" data-parent="#job_list___sub_accordion_19" class="collapse job_list___sub_multi_collapse" id="job_list___sub_collapse_19_1"><div class="card-body"><div class="work-item"><div class="alert alert-success test-outcome" role="alert"><p>worker outcome: normal</p><p>test outcome: killed</p></div></div><pre class="location"><a href="pycharm://open?file=stack3.py&amp;line=75" class="text-secondary"><button class="btn btn-outline-dark">stack3.py, start pos: (75, 35), end pos: (75, 37)</button></a></pre><pre>operator: core/ReplaceComparisonOperator_Eq_Gt, occurrence: 3</pre><div class="alert alert-secondary"><pre class="diff">--- mutation diff ---
--- astack3.py
+++ bstack3.py
@@ -72,7 +72,7 @@
 
         """Checks if linkedlist is empty."""
 
-        return True if self.__size == 0 else False
+        return True if self.__size &gt; 0 else False
 
     def toArray(self) -&gt; list:
 </pre></div><div class="alert alert-secondary"><pre class="diff">============================= test session starts ==============================
platform linux -- Python 3.10.12, pytest-7.1.3, pluggy-1.0.0
rootdir: /home/lucca/desktop/ic/experimento/testes/python_experiments/stack3/ALL-SMART-GPT-COSMICRAY
plugins: Faker-15.1.1, hypothesis-6.56.3
collected 67 items

test_stack3_COSMICRAY.py .F.                                             [  4%]
test_stack3_DYNAMOSA.py ...FF..........FF                                [ 29%]
test_stack3_MIO.py .....FF..............                                 [ 61%]
test_stack3_MOSA.py ...FF..........FF                                    [ 86%]
test_stack3_WHOLE_SUITE.py .F.....F.                                     [100%]

=========================== short test summary info ============================
FAILED test_stack3_COSMICRAY.py::test_remove_single_element - assert False ==...
FAILED test_stack3_DYNAMOSA.py::test_case_3 - assert False is True
FAILED test_stack3_DYNAMOSA.py::test_case_4 - assert True is False
FAILED test_stack3_DYNAMOSA.py::test_case_15 - assert True is False
FAILED test_stack3_DYNAMOSA.py::test_case_16 - assert True is False
FAILED test_stack3_MIO.py::test_case_5 - assert False is True
FAILED test_stack3_MIO.py::test_case_6 - assert True is False
FAILED test_stack3_MOSA.py::test_case_3 - assert False is True
FAILED test_stack3_MOSA.py::test_case_4 - assert True is False
FAILED test_stack3_MOSA.py::test_case_15 - assert True is False
FAILED test_stack3_MOSA.py::test_case_16 - assert True is False
FAILED test_stack3_WHOLE_SUITE.py::test_case_1 - assert True is False
FAILED test_stack3_WHOLE_SUITE.py::test_case_7 - assert False is True
======================== 13 failed, 54 passed in 0.27s =========================
</pre></div></div></div></div></div><div class="mb-1" id="job_list___sub_accordion_20"><div class="card"><a data-toggle="collapse" data-target="#job_list___sub_collapse_20_1" aria-expanded="false" aria-controls="job_list___sub_collapse_20_1" href="#" class="job_list___sub_multi_heading"><div role="alert" class="card-header alert-success" id="job_list___sub_heading_20_1"><button class="btn btn-outline-success"><span class="job_id">20 : Job ID 23d1e9522fba4c3b8b31da3ecf40de3d</span></button></div></a><div aria-labelledby="job_list___sub_heading_20_1" data-parent="#job_list___sub_accordion_20" class="collapse job_list___sub_multi_collapse" id="job_list___sub_collapse_20_1"><div class="card-body"><div class="work-item"><div class="alert alert-success test-outcome" role="alert"><p>worker outcome: normal</p><p>test outcome: killed</p></div></div><pre class="location"><a href="pycharm://open?file=stack3.py&amp;line=125" class="text-secondary"><button class="btn btn-outline-dark">stack3.py, start pos: (125, 46), end pos: (125, 48)</button></a></pre><pre>operator: core/ReplaceComparisonOperator_Eq_Gt, occurrence: 4</pre><div class="alert alert-secondary"><pre class="diff">--- mutation diff ---
--- astack3.py
+++ bstack3.py
@@ -122,7 +122,7 @@
 
         """Check if stack is empty."""
 
-        return True if self.__stack.getSize() == 0 else False
+        return True if self.__stack.getSize() &gt; 0 else False
 
     def getSize(self) -&gt; int:
 </pre></div><div class="alert alert-secondary"><pre class="diff">============================= test session starts ==============================
platform linux -- Python 3.10.12, pytest-7.1.3, pluggy-1.0.0
rootdir: /home/lucca/desktop/ic/experimento/testes/python_experiments/stack3/ALL-SMART-GPT-COSMICRAY
plugins: Faker-15.1.1, hypothesis-6.56.3
collected 67 items

test_stack3_COSMICRAY.py ...                                             [  4%]
test_stack3_DYNAMOSA.py .......F.....F...                                [ 29%]
test_stack3_MIO.py ...........FF........                                 [ 61%]
test_stack3_MOSA.py .......F.....F...                                    [ 86%]
test_stack3_WHOLE_SUITE.py ..FF.....                                     [100%]

=========================== short test summary info ============================
FAILED test_stack3_DYNAMOSA.py::test_case_7 - assert False is True
FAILED test_stack3_DYNAMOSA.py::test_case_13 - assert True is False
FAILED test_stack3_MIO.py::test_case_11 - assert False is True
FAILED test_stack3_MIO.py::test_case_12 - assert True is False
FAILED test_stack3_MOSA.py::test_case_7 - assert False is True
FAILED test_stack3_MOSA.py::test_case_13 - assert True is False
FAILED test_stack3_WHOLE_SUITE.py::test_case_2 - assert False is True
FAILED test_stack3_WHOLE_SUITE.py::test_case_3 - assert True is False
========================= 8 failed, 59 passed in 0.27s =========================
</pre></div></div></div></div></div><div class="mb-1" id="job_list___sub_accordion_21"><div class="card"><a data-toggle="collapse" data-target="#job_list___sub_collapse_21_1" aria-expanded="false" aria-controls="job_list___sub_collapse_21_1" href="#" class="job_list___sub_multi_heading"><div role="alert" class="card-header alert-success" id="job_list___sub_heading_21_1"><button class="btn btn-outline-success"><span class="job_id">21 : Job ID 4757afe258bb425eaee97e8c416b2745</span></button></div></a><div aria-labelledby="job_list___sub_heading_21_1" data-parent="#job_list___sub_accordion_21" class="collapse job_list___sub_multi_collapse" id="job_list___sub_collapse_21_1"><div class="card-body"><div class="work-item"><div class="alert alert-success test-outcome" role="alert"><p>worker outcome: normal</p><p>test outcome: killed</p></div></div><pre class="location"><a href="pycharm://open?file=stack3.py&amp;line=24" class="text-secondary"><button class="btn btn-outline-dark">stack3.py, start pos: (24, 23), end pos: (24, 25)</button></a></pre><pre>operator: core/ReplaceComparisonOperator_Eq_GtE, occurrence: 0</pre><div class="alert alert-secondary"><pre class="diff">--- mutation diff ---
--- astack3.py
+++ bstack3.py
@@ -21,7 +21,7 @@
         """Add element to linked list."""
 
         newNode = Node(value)
-        if self.__size == 0:
+        if self.__size &gt;= 0:
             self.__head.next = newNode
             self.__head = newNode
             self.__size += 1</pre></div><div class="alert alert-secondary"><pre class="diff">============================= test session starts ==============================
platform linux -- Python 3.10.12, pytest-7.1.3, pluggy-1.0.0
rootdir: /home/lucca/desktop/ic/experimento/testes/python_experiments/stack3/ALL-SMART-GPT-COSMICRAY
plugins: Faker-15.1.1, hypothesis-6.56.3
collected 67 items

test_stack3_COSMICRAY.py F.F                                             [  4%]
test_stack3_DYNAMOSA.py ...............FF                                [ 29%]
test_stack3_MIO.py .....................                                 [ 61%]
test_stack3_MOSA.py ...............FF                                    [ 86%]
test_stack3_WHOLE_SUITE.py .F.......                                     [100%]

=========================== short test summary info ============================
FAILED test_stack3_COSMICRAY.py::test_remove_multiple_elements_small_list - A...
FAILED test_stack3_COSMICRAY.py::test_stack_push - AssertionError: assert '[3...
FAILED test_stack3_DYNAMOSA.py::test_case_15 - AssertionError: assert 'builti...
FAILED test_stack3_DYNAMOSA.py::test_case_16 - AssertionError: assert 'builti...
FAILED test_stack3_MOSA.py::test_case_15 - AssertionError: assert 'builtins.N...
FAILED test_stack3_MOSA.py::test_case_16 - AssertionError: assert 'builtins.N...
FAILED test_stack3_WHOLE_SUITE.py::test_case_1 - AssertionError: assert 'buil...
========================= 7 failed, 60 passed in 0.27s =========================
</pre></div></div></div></div></div><div class="mb-1" id="job_list___sub_accordion_22"><div class="card"><a data-toggle="collapse" data-target="#job_list___sub_collapse_22_1" aria-expanded="false" aria-controls="job_list___sub_collapse_22_1" href="#" class="job_list___sub_multi_heading"><div role="alert" class="card-header alert-success" id="job_list___sub_heading_22_1"><button class="btn btn-outline-success"><span class="job_id">22 : Job ID f2f2f100f62d47d0905f65dc11dcf5f3</span></button></div></a><div aria-labelledby="job_list___sub_heading_22_1" data-parent="#job_list___sub_accordion_22" class="collapse job_list___sub_multi_collapse" id="job_list___sub_collapse_22_1"><div class="card-body"><div class="work-item"><div class="alert alert-success test-outcome" role="alert"><p>worker outcome: normal</p><p>test outcome: killed</p></div></div><pre class="location"><a href="pycharm://open?file=stack3.py&amp;line=38" class="text-secondary"><button class="btn btn-outline-dark">stack3.py, start pos: (38, 23), end pos: (38, 25)</button></a></pre><pre>operator: core/ReplaceComparisonOperator_Eq_GtE, occurrence: 1</pre><div class="alert alert-secondary"><pre class="diff">--- mutation diff ---
--- astack3.py
+++ bstack3.py
@@ -35,7 +35,7 @@
 
         """Remove node from linkedlist."""
 
-        if self.__size == 0:
+        if self.__size &gt;= 0:
             return None
         if self.__size == 1: # Alterado para corrigir comportamento
             nodeToRemove = self.__head</pre></div><div class="alert alert-secondary"><pre class="diff">============================= test session starts ==============================
platform linux -- Python 3.10.12, pytest-7.1.3, pluggy-1.0.0
rootdir: /home/lucca/desktop/ic/experimento/testes/python_experiments/stack3/ALL-SMART-GPT-COSMICRAY
plugins: Faker-15.1.1, hypothesis-6.56.3
collected 67 items

test_stack3_COSMICRAY.py FF.                                             [  4%]
test_stack3_DYNAMOSA.py .F..F....FF..F.FF                                [ 29%]
test_stack3_MIO.py ...F.................                                 [ 61%]
test_stack3_MOSA.py .F..F....FF..F.FF                                    [ 86%]
test_stack3_WHOLE_SUITE.py .F..F....                                     [100%]

=========================== short test summary info ============================
FAILED test_stack3_COSMICRAY.py::test_remove_multiple_elements_small_list - a...
FAILED test_stack3_COSMICRAY.py::test_remove_single_element - AttributeError:...
FAILED test_stack3_DYNAMOSA.py::test_case_1 - AssertionError: assert 'builtin...
FAILED test_stack3_DYNAMOSA.py::test_case_4 - assert &lt;stack3.Node object at 0...
FAILED test_stack3_DYNAMOSA.py::test_case_9 - AssertionError: assert 'builtin...
FAILED test_stack3_DYNAMOSA.py::test_case_10 - AssertionError: assert 'builti...
FAILED test_stack3_DYNAMOSA.py::test_case_13 - AssertionError: assert 'builti...
FAILED test_stack3_DYNAMOSA.py::test_case_15 - AssertionError: assert 'builti...
FAILED test_stack3_DYNAMOSA.py::test_case_16 - AssertionError: assert 'builti...
FAILED test_stack3_MIO.py::test_case_3 - AssertionError: assert 'builtins.Non...
FAILED test_stack3_MOSA.py::test_case_1 - AssertionError: assert 'builtins.No...
FAILED test_stack3_MOSA.py::test_case_4 - assert &lt;stack3.Node object at 0x7f8...
FAILED test_stack3_MOSA.py::test_case_9 - AssertionError: assert 'builtins.No...
FAILED test_stack3_MOSA.py::test_case_10 - AssertionError: assert 'builtins.N...
FAILED test_stack3_MOSA.py::test_case_13 - AssertionError: assert 'builtins.N...
FAILED test_stack3_MOSA.py::test_case_15 - AssertionError: assert 'builtins.N...
FAILED test_stack3_MOSA.py::test_case_16 - AssertionError: assert 'builtins.N...
FAILED test_stack3_WHOLE_SUITE.py::test_case_1 - AssertionError: assert 'buil...
FAILED test_stack3_WHOLE_SUITE.py::test_case_4 - AssertionError: assert 'buil...
======================== 19 failed, 48 passed in 0.28s =========================
</pre></div></div></div></div></div><div class="mb-1" id="job_list___sub_accordion_23"><div class="card"><a data-toggle="collapse" data-target="#job_list___sub_collapse_23_1" aria-expanded="false" aria-controls="job_list___sub_collapse_23_1" href="#" class="job_list___sub_multi_heading"><div role="alert" class="card-header alert-success" id="job_list___sub_heading_23_1"><button class="btn btn-outline-success"><span class="job_id">23 : Job ID 1987f995ce2345fd9f33dfa44218665f</span></button></div></a><div aria-labelledby="job_list___sub_heading_23_1" data-parent="#job_list___sub_accordion_23" class="collapse job_list___sub_multi_collapse" id="job_list___sub_collapse_23_1"><div class="card-body"><div class="work-item"><div class="alert alert-success test-outcome" role="alert"><p>worker outcome: normal</p><p>test outcome: killed</p></div></div><pre class="location"><a href="pycharm://open?file=stack3.py&amp;line=40" class="text-secondary"><button class="btn btn-outline-dark">stack3.py, start pos: (40, 23), end pos: (40, 25)</button></a></pre><pre>operator: core/ReplaceComparisonOperator_Eq_GtE, occurrence: 2</pre><div class="alert alert-secondary"><pre class="diff">--- mutation diff ---
--- astack3.py
+++ bstack3.py
@@ -37,7 +37,7 @@
 
         if self.__size == 0:
             return None
-        if self.__size == 1: # Alterado para corrigir comportamento
+        if self.__size &gt;= 1: # Alterado para corrigir comportamento
             nodeToRemove = self.__head
             self.__sentinel.next = None
             self.__head = self.__sentinel</pre></div><div class="alert alert-secondary"><pre class="diff">============================= test session starts ==============================
platform linux -- Python 3.10.12, pytest-7.1.3, pluggy-1.0.0
rootdir: /home/lucca/desktop/ic/experimento/testes/python_experiments/stack3/ALL-SMART-GPT-COSMICRAY
plugins: Faker-15.1.1, hypothesis-6.56.3
collected 67 items

test_stack3_COSMICRAY.py F..                                             [  4%]
test_stack3_DYNAMOSA.py .................                                [ 29%]
test_stack3_MIO.py .....................                                 [ 61%]
test_stack3_MOSA.py .................                                    [ 86%]
test_stack3_WHOLE_SUITE.py .........                                     [100%]

=========================== short test summary info ============================
FAILED test_stack3_COSMICRAY.py::test_remove_multiple_elements_small_list - a...
========================= 1 failed, 66 passed in 0.26s =========================
</pre></div></div></div></div></div><div class="mb-1" id="job_list___sub_accordion_24"><div class="card"><a data-toggle="collapse" data-target="#job_list___sub_collapse_24_1" aria-expanded="false" aria-controls="job_list___sub_collapse_24_1" href="#" class="job_list___sub_multi_heading"><div role="alert" class="card-header alert-success" id="job_list___sub_heading_24_1"><button class="btn btn-outline-success"><span class="job_id">24 : Job ID aa7d1621f02d42c58bd6ab8cf12f1984</span></button></div></a><div aria-labelledby="job_list___sub_heading_24_1" data-parent="#job_list___sub_accordion_24" class="collapse job_list___sub_multi_collapse" id="job_list___sub_collapse_24_1"><div class="card-body"><div class="work-item"><div class="alert alert-success test-outcome" role="alert"><p>worker outcome: normal</p><p>test outcome: killed</p></div></div><pre class="location"><a href="pycharm://open?file=stack3.py&amp;line=75" class="text-secondary"><button class="btn btn-outline-dark">stack3.py, start pos: (75, 35), end pos: (75, 37)</button></a></pre><pre>operator: core/ReplaceComparisonOperator_Eq_GtE, occurrence: 3</pre><div class="alert alert-secondary"><pre class="diff">--- mutation diff ---
--- astack3.py
+++ bstack3.py
@@ -72,7 +72,7 @@
 
         """Checks if linkedlist is empty."""
 
-        return True if self.__size == 0 else False
+        return True if self.__size &gt;= 0 else False
 
     def toArray(self) -&gt; list:
 </pre></div><div class="alert alert-secondary"><pre class="diff">============================= test session starts ==============================
platform linux -- Python 3.10.12, pytest-7.1.3, pluggy-1.0.0
rootdir: /home/lucca/desktop/ic/experimento/testes/python_experiments/stack3/ALL-SMART-GPT-COSMICRAY
plugins: Faker-15.1.1, hypothesis-6.56.3
collected 67 items

test_stack3_COSMICRAY.py ...                                             [  4%]
test_stack3_DYNAMOSA.py ....F..........FF                                [ 29%]
test_stack3_MIO.py ......F..............                                 [ 61%]
test_stack3_MOSA.py ....F..........FF                                    [ 86%]
test_stack3_WHOLE_SUITE.py .F.......                                     [100%]

=========================== short test summary info ============================
FAILED test_stack3_DYNAMOSA.py::test_case_4 - assert True is False
FAILED test_stack3_DYNAMOSA.py::test_case_15 - assert True is False
FAILED test_stack3_DYNAMOSA.py::test_case_16 - assert True is False
FAILED test_stack3_MIO.py::test_case_6 - assert True is False
FAILED test_stack3_MOSA.py::test_case_4 - assert True is False
FAILED test_stack3_MOSA.py::test_case_15 - assert True is False
FAILED test_stack3_MOSA.py::test_case_16 - assert True is False
FAILED test_stack3_WHOLE_SUITE.py::test_case_1 - assert True is False
========================= 8 failed, 59 passed in 0.27s =========================
</pre></div></div></div></div></div><div class="mb-1" id="job_list___sub_accordion_25"><div class="card"><a data-toggle="collapse" data-target="#job_list___sub_collapse_25_1" aria-expanded="false" aria-controls="job_list___sub_collapse_25_1" href="#" class="job_list___sub_multi_heading"><div role="alert" class="card-header alert-success" id="job_list___sub_heading_25_1"><button class="btn btn-outline-success"><span class="job_id">25 : Job ID 9ac6db8ef48a454584549a9082baa06e</span></button></div></a><div aria-labelledby="job_list___sub_heading_25_1" data-parent="#job_list___sub_accordion_25" class="collapse job_list___sub_multi_collapse" id="job_list___sub_collapse_25_1"><div class="card-body"><div class="work-item"><div class="alert alert-success test-outcome" role="alert"><p>worker outcome: normal</p><p>test outcome: killed</p></div></div><pre class="location"><a href="pycharm://open?file=stack3.py&amp;line=125" class="text-secondary"><button class="btn btn-outline-dark">stack3.py, start pos: (125, 46), end pos: (125, 48)</button></a></pre><pre>operator: core/ReplaceComparisonOperator_Eq_GtE, occurrence: 4</pre><div class="alert alert-secondary"><pre class="diff">--- mutation diff ---
--- astack3.py
+++ bstack3.py
@@ -122,7 +122,7 @@
 
         """Check if stack is empty."""
 
-        return True if self.__stack.getSize() == 0 else False
+        return True if self.__stack.getSize() &gt;= 0 else False
 
     def getSize(self) -&gt; int:
 </pre></div><div class="alert alert-secondary"><pre class="diff">============================= test session starts ==============================
platform linux -- Python 3.10.12, pytest-7.1.3, pluggy-1.0.0
rootdir: /home/lucca/desktop/ic/experimento/testes/python_experiments/stack3/ALL-SMART-GPT-COSMICRAY
plugins: Faker-15.1.1, hypothesis-6.56.3
collected 67 items

test_stack3_COSMICRAY.py ...                                             [  4%]
test_stack3_DYNAMOSA.py .............F...                                [ 29%]
test_stack3_MIO.py ............F........                                 [ 61%]
test_stack3_MOSA.py .............F...                                    [ 86%]
test_stack3_WHOLE_SUITE.py ...F.....                                     [100%]

=========================== short test summary info ============================
FAILED test_stack3_DYNAMOSA.py::test_case_13 - assert True is False
FAILED test_stack3_MIO.py::test_case_12 - assert True is False
FAILED test_stack3_MOSA.py::test_case_13 - assert True is False
FAILED test_stack3_WHOLE_SUITE.py::test_case_3 - assert True is False
========================= 4 failed, 63 passed in 0.26s =========================
</pre></div></div></div></div></div><div class="mb-1" id="job_list___sub_accordion_26"><div class="card"><a data-toggle="collapse" data-target="#job_list___sub_collapse_26_1" aria-expanded="false" aria-controls="job_list___sub_collapse_26_1" href="#" class="job_list___sub_multi_heading"><div role="alert" class="card-header alert-success" id="job_list___sub_heading_26_1"><button class="btn btn-outline-success"><span class="job_id">26 : Job ID fead24184a6f4eec9619d8856e128e60</span></button></div></a><div aria-labelledby="job_list___sub_heading_26_1" data-parent="#job_list___sub_accordion_26" class="collapse job_list___sub_multi_collapse" id="job_list___sub_collapse_26_1"><div class="card-body"><div class="work-item"><div class="alert alert-success test-outcome" role="alert"><p>worker outcome: normal</p><p>test outcome: killed</p></div></div><pre class="location"><a href="pycharm://open?file=stack3.py&amp;line=137" class="text-secondary"><button class="btn btn-outline-dark">stack3.py, start pos: (137, 44), end pos: (137, 45)</button></a></pre><pre>operator: core/ReplaceUnaryOperator_USub_UAdd, occurrence: 0</pre><div class="alert alert-secondary"><pre class="diff">--- mutation diff ---
--- astack3.py
+++ bstack3.py
@@ -134,5 +134,5 @@
 
         """Get string representation of the stack."""
 
-        return str(self.__stack.toArray()[::-1])
+        return str(self.__stack.toArray()[::+1])
 </pre></div><div class="alert alert-secondary"><pre class="diff">============================= test session starts ==============================
platform linux -- Python 3.10.12, pytest-7.1.3, pluggy-1.0.0
rootdir: /home/lucca/desktop/ic/experimento/testes/python_experiments/stack3/ALL-SMART-GPT-COSMICRAY
plugins: Faker-15.1.1, hypothesis-6.56.3
collected 67 items

test_stack3_COSMICRAY.py ..F                                             [  4%]
test_stack3_DYNAMOSA.py .................                                [ 29%]
test_stack3_MIO.py .....................                                 [ 61%]
test_stack3_MOSA.py .................                                    [ 86%]
test_stack3_WHOLE_SUITE.py .........                                     [100%]

=========================== short test summary info ============================
FAILED test_stack3_COSMICRAY.py::test_stack_push - AssertionError: assert '[3...
========================= 1 failed, 66 passed in 0.26s =========================
</pre></div></div></div></div></div><div class="mb-1" id="job_list___sub_accordion_27"><div class="card"><a data-toggle="collapse" data-target="#job_list___sub_collapse_27_1" aria-expanded="false" aria-controls="job_list___sub_collapse_27_1" href="#" class="job_list___sub_multi_heading"><div role="alert" class="card-header alert-success" id="job_list___sub_heading_27_1"><button class="btn btn-outline-success"><span class="job_id">27 : Job ID d9cd87db237844f9bd54cb9220658dc3</span></button></div></a><div aria-labelledby="job_list___sub_heading_27_1" data-parent="#job_list___sub_accordion_27" class="collapse job_list___sub_multi_collapse" id="job_list___sub_collapse_27_1"><div class="card-body"><div class="work-item"><div class="alert alert-success test-outcome" role="alert"><p>worker outcome: normal</p><p>test outcome: killed</p></div></div><pre class="location"><a href="pycharm://open?file=stack3.py&amp;line=137" class="text-secondary"><button class="btn btn-outline-dark">stack3.py, start pos: (137, 44), end pos: (137, 45)</button></a></pre><pre>operator: core/ReplaceUnaryOperator_USub_Invert, occurrence: 0</pre><div class="alert alert-secondary"><pre class="diff">--- mutation diff ---
--- astack3.py
+++ bstack3.py
@@ -134,5 +134,5 @@
 
         """Get string representation of the stack."""
 
-        return str(self.__stack.toArray()[::-1])
+        return str(self.__stack.toArray()[::~1])
 </pre></div><div class="alert alert-secondary"><pre class="diff">============================= test session starts ==============================
platform linux -- Python 3.10.12, pytest-7.1.3, pluggy-1.0.0
rootdir: /home/lucca/desktop/ic/experimento/testes/python_experiments/stack3/ALL-SMART-GPT-COSMICRAY
plugins: Faker-15.1.1, hypothesis-6.56.3
collected 67 items

test_stack3_COSMICRAY.py ..F                                             [  4%]
test_stack3_DYNAMOSA.py .................                                [ 29%]
test_stack3_MIO.py .....................                                 [ 61%]
test_stack3_MOSA.py .................                                    [ 86%]
test_stack3_WHOLE_SUITE.py .........                                     [100%]

=========================== short test summary info ============================
FAILED test_stack3_COSMICRAY.py::test_stack_push - AssertionError: assert '[1...
========================= 1 failed, 66 passed in 0.26s =========================
</pre></div></div></div></div></div><div class="mb-1" id="job_list___sub_accordion_28"><div class="card"><a data-toggle="collapse" data-target="#job_list___sub_collapse_28_1" aria-expanded="false" aria-controls="job_list___sub_collapse_28_1" href="#" class="job_list___sub_multi_heading"><div role="alert" class="card-header alert-success" id="job_list___sub_heading_28_1"><button class="btn btn-outline-success"><span class="job_id">28 : Job ID 00db29e9f70f4e52ad68abe4eca90722</span></button></div></a><div aria-labelledby="job_list___sub_heading_28_1" data-parent="#job_list___sub_accordion_28" class="collapse job_list___sub_multi_collapse" id="job_list___sub_collapse_28_1"><div class="card-body"><div class="work-item"><div class="alert alert-success test-outcome" role="alert"><p>worker outcome: normal</p><p>test outcome: killed</p></div></div><pre class="location"><a href="pycharm://open?file=stack3.py&amp;line=137" class="text-secondary"><button class="btn btn-outline-dark">stack3.py, start pos: (137, 44), end pos: (137, 45)</button></a></pre><pre>operator: core/ReplaceUnaryOperator_USub_Not, occurrence: 0</pre><div class="alert alert-secondary"><pre class="diff">--- mutation diff ---
--- astack3.py
+++ bstack3.py
@@ -134,5 +134,5 @@
 
         """Get string representation of the stack."""
 
-        return str(self.__stack.toArray()[::-1])
+        return str(self.__stack.toArray()[::not 1])
 </pre></div><div class="alert alert-secondary"><pre class="diff">============================= test session starts ==============================
platform linux -- Python 3.10.12, pytest-7.1.3, pluggy-1.0.0
rootdir: /home/lucca/desktop/ic/experimento/testes/python_experiments/stack3/ALL-SMART-GPT-COSMICRAY
plugins: Faker-15.1.1, hypothesis-6.56.3
collected 67 items

test_stack3_COSMICRAY.py ..F                                             [  4%]
test_stack3_DYNAMOSA.py .....F......F....                                [ 29%]
test_stack3_MIO.py ....................F                                 [ 61%]
test_stack3_MOSA.py .....F......F....                                    [ 86%]
test_stack3_WHOLE_SUITE.py ...F.....                                     [100%]

=========================== short test summary info ============================
FAILED test_stack3_COSMICRAY.py::test_stack_push - ValueError: slice step can...
FAILED test_stack3_DYNAMOSA.py::test_case_5 - ValueError: slice step cannot b...
FAILED test_stack3_DYNAMOSA.py::test_case_12 - ValueError: slice step cannot ...
FAILED test_stack3_MIO.py::test_case_20 - ValueError: slice step cannot be zero
FAILED test_stack3_MOSA.py::test_case_5 - ValueError: slice step cannot be zero
FAILED test_stack3_MOSA.py::test_case_12 - ValueError: slice step cannot be zero
FAILED test_stack3_WHOLE_SUITE.py::test_case_3 - ValueError: slice step canno...
========================= 7 failed, 60 passed in 0.28s =========================
</pre></div></div></div></div></div><div class="mb-1" id="job_list___sub_accordion_29"><div class="card"><a data-toggle="collapse" data-target="#job_list___sub_collapse_29_1" aria-expanded="false" aria-controls="job_list___sub_collapse_29_1" href="#" class="job_list___sub_multi_heading"><div role="alert" class="card-header alert-success" id="job_list___sub_heading_29_1"><button class="btn btn-outline-success"><span class="job_id">29 : Job ID ccc7488b07da4b12bedffb4f4d3116e1</span></button></div></a><div aria-labelledby="job_list___sub_heading_29_1" data-parent="#job_list___sub_accordion_29" class="collapse job_list___sub_multi_collapse" id="job_list___sub_collapse_29_1"><div class="card-body"><div class="work-item"><div class="alert alert-success test-outcome" role="alert"><p>worker outcome: normal</p><p>test outcome: killed</p></div></div><pre class="location"><a href="pycharm://open?file=stack3.py&amp;line=137" class="text-secondary"><button class="btn btn-outline-dark">stack3.py, start pos: (137, 44), end pos: (137, 45)</button></a></pre><pre>operator: core/ReplaceUnaryOperator_Delete_USub, occurrence: 0</pre><div class="alert alert-secondary"><pre class="diff">--- mutation diff ---
--- astack3.py
+++ bstack3.py
@@ -134,5 +134,5 @@
 
         """Get string representation of the stack."""
 
-        return str(self.__stack.toArray()[::-1])
+        return str(self.__stack.toArray()[::1])
 </pre></div><div class="alert alert-secondary"><pre class="diff">============================= test session starts ==============================
platform linux -- Python 3.10.12, pytest-7.1.3, pluggy-1.0.0
rootdir: /home/lucca/desktop/ic/experimento/testes/python_experiments/stack3/ALL-SMART-GPT-COSMICRAY
plugins: Faker-15.1.1, hypothesis-6.56.3
collected 67 items

test_stack3_COSMICRAY.py ..F                                             [  4%]
test_stack3_DYNAMOSA.py .................                                [ 29%]
test_stack3_MIO.py .....................                                 [ 61%]
test_stack3_MOSA.py .................                                    [ 86%]
test_stack3_WHOLE_SUITE.py .........                                     [100%]

=========================== short test summary info ============================
FAILED test_stack3_COSMICRAY.py::test_stack_push - AssertionError: assert '[3...
========================= 1 failed, 66 passed in 0.27s =========================
</pre></div></div></div></div></div><div class="mb-1" id="job_list___sub_accordion_30"><div class="card"><a data-toggle="collapse" data-target="#job_list___sub_collapse_30_1" aria-expanded="false" aria-controls="job_list___sub_collapse_30_1" href="#" class="job_list___sub_multi_heading"><div role="alert" class="card-header alert-success" id="job_list___sub_heading_30_1"><button class="btn btn-outline-success"><span class="job_id">30 : Job ID d15ae64f9a0d4722ab7b7035d15b17e2</span></button></div></a><div aria-labelledby="job_list___sub_heading_30_1" data-parent="#job_list___sub_accordion_30" class="collapse job_list___sub_multi_collapse" id="job_list___sub_collapse_30_1"><div class="card-body"><div class="work-item"><div class="alert alert-success test-outcome" role="alert"><p>worker outcome: normal</p><p>test outcome: killed</p></div></div><pre class="location"><a href="pycharm://open?file=stack3.py&amp;line=24" class="text-secondary"><button class="btn btn-outline-dark">stack3.py, start pos: (24, 11), end pos: (24, 27)</button></a></pre><pre>operator: core/AddNot, occurrence: 0</pre><div class="alert alert-secondary"><pre class="diff">--- mutation diff ---
--- astack3.py
+++ bstack3.py
@@ -21,7 +21,7 @@
         """Add element to linked list."""
 
         newNode = Node(value)
-        if self.__size == 0:
+        if not self.__size == 0:
             self.__head.next = newNode
             self.__head = newNode
             self.__size += 1</pre></div><div class="alert alert-secondary"><pre class="diff">============================= test session starts ==============================
platform linux -- Python 3.10.12, pytest-7.1.3, pluggy-1.0.0
rootdir: /home/lucca/desktop/ic/experimento/testes/python_experiments/stack3/ALL-SMART-GPT-COSMICRAY
plugins: Faker-15.1.1, hypothesis-6.56.3
collected 67 items

test_stack3_COSMICRAY.py F.F                                             [  4%]
test_stack3_DYNAMOSA.py .F..F....Killed
</pre></div></div></div></div></div><div class="mb-1" id="job_list___sub_accordion_31"><div class="card"><a data-toggle="collapse" data-target="#job_list___sub_collapse_31_1" aria-expanded="false" aria-controls="job_list___sub_collapse_31_1" href="#" class="job_list___sub_multi_heading"><div role="alert" class="card-header alert-success" id="job_list___sub_heading_31_1"><button class="btn btn-outline-success"><span class="job_id">31 : Job ID 3c0bd702e6104f9c927fba110cb2ac1f</span></button></div></a><div aria-labelledby="job_list___sub_heading_31_1" data-parent="#job_list___sub_accordion_31" class="collapse job_list___sub_multi_collapse" id="job_list___sub_collapse_31_1"><div class="card-body"><div class="work-item"><div class="alert alert-success test-outcome" role="alert"><p>worker outcome: normal</p><p>test outcome: killed</p></div></div><pre class="location"><a href="pycharm://open?file=stack3.py&amp;line=38" class="text-secondary"><button class="btn btn-outline-dark">stack3.py, start pos: (38, 11), end pos: (38, 27)</button></a></pre><pre>operator: core/AddNot, occurrence: 1</pre><div class="alert alert-secondary"><pre class="diff">--- mutation diff ---
--- astack3.py
+++ bstack3.py
@@ -35,7 +35,7 @@
 
         """Remove node from linkedlist."""
 
-        if self.__size == 0:
+        if not self.__size == 0:
             return None
         if self.__size == 1: # Alterado para corrigir comportamento
             nodeToRemove = self.__head</pre></div><div class="alert alert-secondary"><pre class="diff">============================= test session starts ==============================
platform linux -- Python 3.10.12, pytest-7.1.3, pluggy-1.0.0
rootdir: /home/lucca/desktop/ic/experimento/testes/python_experiments/stack3/ALL-SMART-GPT-COSMICRAY
plugins: Faker-15.1.1, hypothesis-6.56.3
collected 67 items

test_stack3_COSMICRAY.py FF.                                             [  4%]
test_stack3_DYNAMOSA.py .F..F....FF..F.FF                                [ 29%]
test_stack3_MIO.py ...F.................                                 [ 61%]
test_stack3_MOSA.py .F..F....FF..F.FF                                    [ 86%]
test_stack3_WHOLE_SUITE.py .F..FF..F                                     [100%]

=========================== short test summary info ============================
FAILED test_stack3_COSMICRAY.py::test_remove_multiple_elements_small_list - a...
FAILED test_stack3_COSMICRAY.py::test_remove_single_element - AttributeError:...
FAILED test_stack3_DYNAMOSA.py::test_case_1 - AssertionError: assert 'builtin...
FAILED test_stack3_DYNAMOSA.py::test_case_4 - assert &lt;stack3.Node object at 0...
FAILED test_stack3_DYNAMOSA.py::test_case_9 - AssertionError: assert 'builtin...
FAILED test_stack3_DYNAMOSA.py::test_case_10 - AssertionError: assert 'builti...
FAILED test_stack3_DYNAMOSA.py::test_case_13 - AssertionError: assert 'builti...
FAILED test_stack3_DYNAMOSA.py::test_case_15 - AssertionError: assert 'builti...
FAILED test_stack3_DYNAMOSA.py::test_case_16 - AssertionError: assert 'builti...
FAILED test_stack3_MIO.py::test_case_3 - AssertionError: assert 'builtins.Non...
FAILED test_stack3_MOSA.py::test_case_1 - AssertionError: assert 'builtins.No...
FAILED test_stack3_MOSA.py::test_case_4 - assert &lt;stack3.Node object at 0x7fa...
FAILED test_stack3_MOSA.py::test_case_9 - AssertionError: assert 'builtins.No...
FAILED test_stack3_MOSA.py::test_case_10 - AssertionError: assert 'builtins.N...
FAILED test_stack3_MOSA.py::test_case_13 - AssertionError: assert 'builtins.N...
FAILED test_stack3_MOSA.py::test_case_15 - AssertionError: assert 'builtins.N...
FAILED test_stack3_MOSA.py::test_case_16 - AssertionError: assert 'builtins.N...
FAILED test_stack3_WHOLE_SUITE.py::test_case_1 - AssertionError: assert 'buil...
FAILED test_stack3_WHOLE_SUITE.py::test_case_4 - AssertionError: assert 'buil...
FAILED test_stack3_WHOLE_SUITE.py::test_case_5 - assert -1 == 0
FAILED test_stack3_WHOLE_SUITE.py::test_case_8 - assert &lt;stack3.Node object a...
======================== 21 failed, 46 passed in 0.31s =========================
</pre></div></div></div></div></div><div class="mb-1" id="job_list___sub_accordion_32"><div class="card"><a data-toggle="collapse" data-target="#job_list___sub_collapse_32_1" aria-expanded="false" aria-controls="job_list___sub_collapse_32_1" href="#" class="job_list___sub_multi_heading"><div role="alert" class="card-header alert-success" id="job_list___sub_heading_32_1"><button class="btn btn-outline-success"><span class="job_id">32 : Job ID 7dac0b50a1ba433b85e3efbf9c45108b</span></button></div></a><div aria-labelledby="job_list___sub_heading_32_1" data-parent="#job_list___sub_accordion_32" class="collapse job_list___sub_multi_collapse" id="job_list___sub_collapse_32_1"><div class="card-body"><div class="work-item"><div class="alert alert-success test-outcome" role="alert"><p>worker outcome: normal</p><p>test outcome: killed</p></div></div><pre class="location"><a href="pycharm://open?file=stack3.py&amp;line=40" class="text-secondary"><button class="btn btn-outline-dark">stack3.py, start pos: (40, 11), end pos: (40, 27)</button></a></pre><pre>operator: core/AddNot, occurrence: 2</pre><div class="alert alert-secondary"><pre class="diff">--- mutation diff ---
--- astack3.py
+++ bstack3.py
@@ -37,7 +37,7 @@
 
         if self.__size == 0:
             return None
-        if self.__size == 1: # Alterado para corrigir comportamento
+        if not self.__size == 1: # Alterado para corrigir comportamento
             nodeToRemove = self.__head
             self.__sentinel.next = None
             self.__head = self.__sentinel</pre></div><div class="alert alert-secondary"><pre class="diff">============================= test session starts ==============================
platform linux -- Python 3.10.12, pytest-7.1.3, pluggy-1.0.0
rootdir: /home/lucca/desktop/ic/experimento/testes/python_experiments/stack3/ALL-SMART-GPT-COSMICRAY
plugins: Faker-15.1.1, hypothesis-6.56.3
collected 67 items

test_stack3_COSMICRAY.py FF.                                             [  4%]
test_stack3_DYNAMOSA.py .........F...F...                                [ 29%]
test_stack3_MIO.py .....................                                 [ 61%]
test_stack3_MOSA.py .........F...F...                                    [ 86%]
test_stack3_WHOLE_SUITE.py .........                                     [100%]

=========================== short test summary info ============================
FAILED test_stack3_COSMICRAY.py::test_remove_multiple_elements_small_list - a...
FAILED test_stack3_COSMICRAY.py::test_remove_single_element - AttributeError:...
FAILED test_stack3_DYNAMOSA.py::test_case_9 - AssertionError: assert 'builtin...
FAILED test_stack3_DYNAMOSA.py::test_case_13 - AttributeError: 'NoneType' obj...
FAILED test_stack3_MOSA.py::test_case_9 - AssertionError: assert 'builtins.No...
FAILED test_stack3_MOSA.py::test_case_13 - AttributeError: 'NoneType' object ...
========================= 6 failed, 61 passed in 0.28s =========================
</pre></div></div></div></div></div><div class="mb-1" id="job_list___sub_accordion_33"><div class="card"><a data-toggle="collapse" data-target="#job_list___sub_collapse_33_1" aria-expanded="false" aria-controls="job_list___sub_collapse_33_1" href="#" class="job_list___sub_multi_heading"><div role="alert" class="card-header alert-success" id="job_list___sub_heading_33_1"><button class="btn btn-outline-success"><span class="job_id">33 : Job ID ff242792719a4f5895d2f80d6a05ea15</span></button></div></a><div aria-labelledby="job_list___sub_heading_33_1" data-parent="#job_list___sub_accordion_33" class="collapse job_list___sub_multi_collapse" id="job_list___sub_collapse_33_1"><div class="card-body"><div class="work-item"><div class="alert alert-success test-outcome" role="alert"><p>worker outcome: normal</p><p>test outcome: killed</p></div></div><pre class="location"><a href="pycharm://open?file=stack3.py&amp;line=75" class="text-secondary"><button class="btn btn-outline-dark">stack3.py, start pos: (75, 23), end pos: (75, 39)</button></a></pre><pre>operator: core/AddNot, occurrence: 3</pre><div class="alert alert-secondary"><pre class="diff">--- mutation diff ---
--- astack3.py
+++ bstack3.py
@@ -72,7 +72,7 @@
 
         """Checks if linkedlist is empty."""
 
-        return True if self.__size == 0 else False
+        return True if not self.__size == 0 else False
 
     def toArray(self) -&gt; list:
 </pre></div><div class="alert alert-secondary"><pre class="diff">============================= test session starts ==============================
platform linux -- Python 3.10.12, pytest-7.1.3, pluggy-1.0.0
rootdir: /home/lucca/desktop/ic/experimento/testes/python_experiments/stack3/ALL-SMART-GPT-COSMICRAY
plugins: Faker-15.1.1, hypothesis-6.56.3
collected 67 items

test_stack3_COSMICRAY.py .F.                                             [  4%]
test_stack3_DYNAMOSA.py ...FF..........FF                                [ 29%]
test_stack3_MIO.py .....FF..............                                 [ 61%]
test_stack3_MOSA.py ...FF..........FF                                    [ 86%]
test_stack3_WHOLE_SUITE.py .F.....F.                                     [100%]

=========================== short test summary info ============================
FAILED test_stack3_COSMICRAY.py::test_remove_single_element - assert False ==...
FAILED test_stack3_DYNAMOSA.py::test_case_3 - assert False is True
FAILED test_stack3_DYNAMOSA.py::test_case_4 - assert True is False
FAILED test_stack3_DYNAMOSA.py::test_case_15 - assert True is False
FAILED test_stack3_DYNAMOSA.py::test_case_16 - assert True is False
FAILED test_stack3_MIO.py::test_case_5 - assert False is True
FAILED test_stack3_MIO.py::test_case_6 - assert True is False
FAILED test_stack3_MOSA.py::test_case_3 - assert False is True
FAILED test_stack3_MOSA.py::test_case_4 - assert True is False
FAILED test_stack3_MOSA.py::test_case_15 - assert True is False
FAILED test_stack3_MOSA.py::test_case_16 - assert True is False
FAILED test_stack3_WHOLE_SUITE.py::test_case_1 - assert True is False
FAILED test_stack3_WHOLE_SUITE.py::test_case_7 - assert False is True
======================== 13 failed, 54 passed in 0.28s =========================
</pre></div></div></div></div></div><div class="mb-1" id="job_list___sub_accordion_34"><div class="card"><a data-toggle="collapse" data-target="#job_list___sub_collapse_34_1" aria-expanded="false" aria-controls="job_list___sub_collapse_34_1" href="#" class="job_list___sub_multi_heading"><div role="alert" class="card-header alert-success" id="job_list___sub_heading_34_1"><button class="btn btn-outline-success"><span class="job_id">34 : Job ID 01321eb7d9f14a4f9fdda5cc3686895d</span></button></div></a><div aria-labelledby="job_list___sub_heading_34_1" data-parent="#job_list___sub_accordion_34" class="collapse job_list___sub_multi_collapse" id="job_list___sub_collapse_34_1"><div class="card-body"><div class="work-item"><div class="alert alert-success test-outcome" role="alert"><p>worker outcome: normal</p><p>test outcome: killed</p></div></div><pre class="location"><a href="pycharm://open?file=stack3.py&amp;line=83" class="text-secondary"><button class="btn btn-outline-dark">stack3.py, start pos: (83, 14), end pos: (83, 21)</button></a></pre><pre>operator: core/AddNot, occurrence: 4</pre><div class="alert alert-secondary"><pre class="diff">--- mutation diff ---
--- astack3.py
+++ bstack3.py
@@ -80,7 +80,7 @@
 
         arr = []
         current = self.__head
-        while current:
+        while not current:
             arr.append(current.value)
             current = current.next
         return arr</pre></div><div class="alert alert-secondary"><pre class="diff">============================= test session starts ==============================
platform linux -- Python 3.10.12, pytest-7.1.3, pluggy-1.0.0
rootdir: /home/lucca/desktop/ic/experimento/testes/python_experiments/stack3/ALL-SMART-GPT-COSMICRAY
plugins: Faker-15.1.1, hypothesis-6.56.3
collected 67 items

test_stack3_COSMICRAY.py ..F                                             [  4%]
test_stack3_DYNAMOSA.py ....FF......F..F.                                [ 29%]
test_stack3_MIO.py ....................F                                 [ 61%]
test_stack3_MOSA.py ....FF......F..F.                                    [ 86%]
test_stack3_WHOLE_SUITE.py ...F.....                                     [100%]

=========================== short test summary info ============================
FAILED test_stack3_COSMICRAY.py::test_stack_push - AssertionError: assert '[]...
FAILED test_stack3_DYNAMOSA.py::test_case_4 - assert [] == [None]
FAILED test_stack3_DYNAMOSA.py::test_case_5 - AssertionError: assert '[]' == ...
FAILED test_stack3_DYNAMOSA.py::test_case_12 - AssertionError: assert '[]' ==...
FAILED test_stack3_DYNAMOSA.py::test_case_15 - assert [] == [None]
FAILED test_stack3_MIO.py::test_case_20 - AssertionError: assert '[]' == '[No...
FAILED test_stack3_MOSA.py::test_case_4 - assert [] == [None]
FAILED test_stack3_MOSA.py::test_case_5 - AssertionError: assert '[]' == '[No...
FAILED test_stack3_MOSA.py::test_case_12 - AssertionError: assert '[]' == '[N...
FAILED test_stack3_MOSA.py::test_case_15 - assert [] == [None]
FAILED test_stack3_WHOLE_SUITE.py::test_case_3 - AssertionError: assert '[]' ...
======================== 11 failed, 56 passed in 0.27s =========================
</pre></div></div></div></div></div><div class="mb-1" id="job_list___sub_accordion_35"><div class="card"><a data-toggle="collapse" data-target="#job_list___sub_collapse_35_1" aria-expanded="false" aria-controls="job_list___sub_collapse_35_1" href="#" class="job_list___sub_multi_heading"><div role="alert" class="card-header alert-success" id="job_list___sub_heading_35_1"><button class="btn btn-outline-success"><span class="job_id">35 : Job ID 114d676158e14ebf95a9e475412199f6</span></button></div></a><div aria-labelledby="job_list___sub_heading_35_1" data-parent="#job_list___sub_accordion_35" class="collapse job_list___sub_multi_collapse" id="job_list___sub_collapse_35_1"><div class="card-body"><div class="work-item"><div class="alert alert-success test-outcome" role="alert"><p>worker outcome: normal</p><p>test outcome: killed</p></div></div><pre class="location"><a href="pycharm://open?file=stack3.py&amp;line=94" class="text-secondary"><button class="btn btn-outline-dark">stack3.py, start pos: (94, 14), end pos: (94, 21)</button></a></pre><pre>operator: core/AddNot, occurrence: 5</pre><div class="alert alert-secondary"><pre class="diff">--- mutation diff ---
--- astack3.py
+++ bstack3.py
@@ -91,7 +91,7 @@
 
         arr = []
         current = self.__head
-        while current:
+        while not current:
             arr.append(current.value)
             current = current.next
         return str(arr)</pre></div><div class="alert alert-secondary"><pre class="diff">============================= test session starts ==============================
platform linux -- Python 3.10.12, pytest-7.1.3, pluggy-1.0.0
rootdir: /home/lucca/desktop/ic/experimento/testes/python_experiments/stack3/ALL-SMART-GPT-COSMICRAY
plugins: Faker-15.1.1, hypothesis-6.56.3
collected 67 items

test_stack3_COSMICRAY.py ...                                             [  4%]
test_stack3_DYNAMOSA.py ......F........FF                                [ 29%]
test_stack3_MIO.py ..........F..........                                 [ 61%]
test_stack3_MOSA.py ......F........FF                                    [ 86%]
test_stack3_WHOLE_SUITE.py .....F...                                     [100%]

=========================== short test summary info ============================
FAILED test_stack3_DYNAMOSA.py::test_case_6 - AssertionError: assert '[]' == ...
FAILED test_stack3_DYNAMOSA.py::test_case_15 - AssertionError: assert '[]' ==...
FAILED test_stack3_DYNAMOSA.py::test_case_16 - AssertionError: assert '[]' ==...
FAILED test_stack3_MIO.py::test_case_10 - AssertionError: assert '[]' == '[No...
FAILED test_stack3_MOSA.py::test_case_6 - AssertionError: assert '[]' == '[No...
FAILED test_stack3_MOSA.py::test_case_15 - AssertionError: assert '[]' == '[N...
FAILED test_stack3_MOSA.py::test_case_16 - AssertionError: assert '[]' == '[N...
FAILED test_stack3_WHOLE_SUITE.py::test_case_5 - AssertionError: assert '[]' ...
========================= 8 failed, 59 passed in 0.27s =========================
</pre></div></div></div></div></div><div class="mb-1" id="job_list___sub_accordion_36"><div class="card"><a data-toggle="collapse" data-target="#job_list___sub_collapse_36_1" aria-expanded="false" aria-controls="job_list___sub_collapse_36_1" href="#" class="job_list___sub_multi_heading"><div role="alert" class="card-header alert-success" id="job_list___sub_heading_36_1"><button class="btn btn-outline-success"><span class="job_id">36 : Job ID ad717ccf663c426c93530998f669c9eb</span></button></div></a><div aria-labelledby="job_list___sub_heading_36_1" data-parent="#job_list___sub_accordion_36" class="collapse job_list___sub_multi_collapse" id="job_list___sub_collapse_36_1"><div class="card-body"><div class="work-item"><div class="alert alert-success test-outcome" role="alert"><p>worker outcome: normal</p><p>test outcome: killed</p></div></div><pre class="location"><a href="pycharm://open?file=stack3.py&amp;line=125" class="text-secondary"><button class="btn btn-outline-dark">stack3.py, start pos: (125, 23), end pos: (125, 50)</button></a></pre><pre>operator: core/AddNot, occurrence: 6</pre><div class="alert alert-secondary"><pre class="diff">--- mutation diff ---
--- astack3.py
+++ bstack3.py
@@ -122,7 +122,7 @@
 
         """Check if stack is empty."""
 
-        return True if self.__stack.getSize() == 0 else False
+        return True if not self.__stack.getSize() == 0 else False
 
     def getSize(self) -&gt; int:
 </pre></div><div class="alert alert-secondary"><pre class="diff">============================= test session starts ==============================
platform linux -- Python 3.10.12, pytest-7.1.3, pluggy-1.0.0
rootdir: /home/lucca/desktop/ic/experimento/testes/python_experiments/stack3/ALL-SMART-GPT-COSMICRAY
plugins: Faker-15.1.1, hypothesis-6.56.3
collected 67 items

test_stack3_COSMICRAY.py ...                                             [  4%]
test_stack3_DYNAMOSA.py .......F.....F...                                [ 29%]
test_stack3_MIO.py ...........FF........                                 [ 61%]
test_stack3_MOSA.py .......F.....F...                                    [ 86%]
test_stack3_WHOLE_SUITE.py ..FF.....                                     [100%]

=========================== short test summary info ============================
FAILED test_stack3_DYNAMOSA.py::test_case_7 - assert False is True
FAILED test_stack3_DYNAMOSA.py::test_case_13 - assert True is False
FAILED test_stack3_MIO.py::test_case_11 - assert False is True
FAILED test_stack3_MIO.py::test_case_12 - assert True is False
FAILED test_stack3_MOSA.py::test_case_7 - assert False is True
FAILED test_stack3_MOSA.py::test_case_13 - assert True is False
FAILED test_stack3_WHOLE_SUITE.py::test_case_2 - assert False is True
FAILED test_stack3_WHOLE_SUITE.py::test_case_3 - assert True is False
========================= 8 failed, 59 passed in 0.27s =========================
</pre></div></div></div></div></div><div class="mb-1" id="job_list___sub_accordion_37"><div class="card"><a data-toggle="collapse" data-target="#job_list___sub_collapse_37_1" aria-expanded="false" aria-controls="job_list___sub_collapse_37_1" href="#" class="job_list___sub_multi_heading"><div role="alert" class="card-header alert-success" id="job_list___sub_heading_37_1"><button class="btn btn-outline-success"><span class="job_id">37 : Job ID 0aec3ccbd5ee43bb8008ac2bc63fef1f</span></button></div></a><div aria-labelledby="job_list___sub_heading_37_1" data-parent="#job_list___sub_accordion_37" class="collapse job_list___sub_multi_collapse" id="job_list___sub_collapse_37_1"><div class="card-body"><div class="work-item"><div class="alert alert-success test-outcome" role="alert"><p>worker outcome: normal</p><p>test outcome: killed</p></div></div><pre class="location"><a href="pycharm://open?file=stack3.py&amp;line=75" class="text-secondary"><button class="btn btn-outline-dark">stack3.py, start pos: (75, 15), end pos: (75, 19)</button></a></pre><pre>operator: core/ReplaceTrueWithFalse, occurrence: 0</pre><div class="alert alert-secondary"><pre class="diff">--- mutation diff ---
--- astack3.py
+++ bstack3.py
@@ -72,7 +72,7 @@
 
         """Checks if linkedlist is empty."""
 
-        return True if self.__size == 0 else False
+        return False if self.__size == 0 else False
 
     def toArray(self) -&gt; list:
 </pre></div><div class="alert alert-secondary"><pre class="diff">============================= test session starts ==============================
platform linux -- Python 3.10.12, pytest-7.1.3, pluggy-1.0.0
rootdir: /home/lucca/desktop/ic/experimento/testes/python_experiments/stack3/ALL-SMART-GPT-COSMICRAY
plugins: Faker-15.1.1, hypothesis-6.56.3
collected 67 items

test_stack3_COSMICRAY.py .F.                                             [  4%]
test_stack3_DYNAMOSA.py ...F.............                                [ 29%]
test_stack3_MIO.py .....F...............                                 [ 61%]
test_stack3_MOSA.py ...F.............                                    [ 86%]
test_stack3_WHOLE_SUITE.py .......F.                                     [100%]

=========================== short test summary info ============================
FAILED test_stack3_COSMICRAY.py::test_remove_single_element - assert False ==...
FAILED test_stack3_DYNAMOSA.py::test_case_3 - assert False is True
FAILED test_stack3_MIO.py::test_case_5 - assert False is True
FAILED test_stack3_MOSA.py::test_case_3 - assert False is True
FAILED test_stack3_WHOLE_SUITE.py::test_case_7 - assert False is True
========================= 5 failed, 62 passed in 0.26s =========================
</pre></div></div></div></div></div><div class="mb-1" id="job_list___sub_accordion_38"><div class="card"><a data-toggle="collapse" data-target="#job_list___sub_collapse_38_1" aria-expanded="false" aria-controls="job_list___sub_collapse_38_1" href="#" class="job_list___sub_multi_heading"><div role="alert" class="card-header alert-success" id="job_list___sub_heading_38_1"><button class="btn btn-outline-success"><span class="job_id">38 : Job ID 1cb4378dd1c84e1682e9cd6fe1d1aa2b</span></button></div></a><div aria-labelledby="job_list___sub_heading_38_1" data-parent="#job_list___sub_accordion_38" class="collapse job_list___sub_multi_collapse" id="job_list___sub_collapse_38_1"><div class="card-body"><div class="work-item"><div class="alert alert-success test-outcome" role="alert"><p>worker outcome: normal</p><p>test outcome: killed</p></div></div><pre class="location"><a href="pycharm://open?file=stack3.py&amp;line=125" class="text-secondary"><button class="btn btn-outline-dark">stack3.py, start pos: (125, 15), end pos: (125, 19)</button></a></pre><pre>operator: core/ReplaceTrueWithFalse, occurrence: 1</pre><div class="alert alert-secondary"><pre class="diff">--- mutation diff ---
--- astack3.py
+++ bstack3.py
@@ -122,7 +122,7 @@
 
         """Check if stack is empty."""
 
-        return True if self.__stack.getSize() == 0 else False
+        return False if self.__stack.getSize() == 0 else False
 
     def getSize(self) -&gt; int:
 </pre></div><div class="alert alert-secondary"><pre class="diff">============================= test session starts ==============================
platform linux -- Python 3.10.12, pytest-7.1.3, pluggy-1.0.0
rootdir: /home/lucca/desktop/ic/experimento/testes/python_experiments/stack3/ALL-SMART-GPT-COSMICRAY
plugins: Faker-15.1.1, hypothesis-6.56.3
collected 67 items

test_stack3_COSMICRAY.py ...                                             [  4%]
test_stack3_DYNAMOSA.py .......F.........                                [ 29%]
test_stack3_MIO.py ...........F.........                                 [ 61%]
test_stack3_MOSA.py .......F.........                                    [ 86%]
test_stack3_WHOLE_SUITE.py ..F......                                     [100%]

=========================== short test summary info ============================
FAILED test_stack3_DYNAMOSA.py::test_case_7 - assert False is True
FAILED test_stack3_MIO.py::test_case_11 - assert False is True
FAILED test_stack3_MOSA.py::test_case_7 - assert False is True
FAILED test_stack3_WHOLE_SUITE.py::test_case_2 - assert False is True
========================= 4 failed, 63 passed in 0.26s =========================
</pre></div></div></div></div></div><div class="mb-1" id="job_list___sub_accordion_39"><div class="card"><a data-toggle="collapse" data-target="#job_list___sub_collapse_39_1" aria-expanded="false" aria-controls="job_list___sub_collapse_39_1" href="#" class="job_list___sub_multi_heading"><div role="alert" class="card-header alert-success" id="job_list___sub_heading_39_1"><button class="btn btn-outline-success"><span class="job_id">39 : Job ID 144664b020c6425aaadd74cf0dbcaddb</span></button></div></a><div aria-labelledby="job_list___sub_heading_39_1" data-parent="#job_list___sub_accordion_39" class="collapse job_list___sub_multi_collapse" id="job_list___sub_collapse_39_1"><div class="card-body"><div class="work-item"><div class="alert alert-success test-outcome" role="alert"><p>worker outcome: normal</p><p>test outcome: killed</p></div></div><pre class="location"><a href="pycharm://open?file=stack3.py&amp;line=75" class="text-secondary"><button class="btn btn-outline-dark">stack3.py, start pos: (75, 45), end pos: (75, 50)</button></a></pre><pre>operator: core/ReplaceFalseWithTrue, occurrence: 0</pre><div class="alert alert-secondary"><pre class="diff">--- mutation diff ---
--- astack3.py
+++ bstack3.py
@@ -72,7 +72,7 @@
 
         """Checks if linkedlist is empty."""
 
-        return True if self.__size == 0 else False
+        return True if self.__size == 0 else True
 
     def toArray(self) -&gt; list:
 </pre></div><div class="alert alert-secondary"><pre class="diff">============================= test session starts ==============================
platform linux -- Python 3.10.12, pytest-7.1.3, pluggy-1.0.0
rootdir: /home/lucca/desktop/ic/experimento/testes/python_experiments/stack3/ALL-SMART-GPT-COSMICRAY
plugins: Faker-15.1.1, hypothesis-6.56.3
collected 67 items

test_stack3_COSMICRAY.py ...                                             [  4%]
test_stack3_DYNAMOSA.py ....F..........FF                                [ 29%]
test_stack3_MIO.py ......F..............                                 [ 61%]
test_stack3_MOSA.py ....F..........FF                                    [ 86%]
test_stack3_WHOLE_SUITE.py .F.......                                     [100%]

=========================== short test summary info ============================
FAILED test_stack3_DYNAMOSA.py::test_case_4 - assert True is False
FAILED test_stack3_DYNAMOSA.py::test_case_15 - assert True is False
FAILED test_stack3_DYNAMOSA.py::test_case_16 - assert True is False
FAILED test_stack3_MIO.py::test_case_6 - assert True is False
FAILED test_stack3_MOSA.py::test_case_4 - assert True is False
FAILED test_stack3_MOSA.py::test_case_15 - assert True is False
FAILED test_stack3_MOSA.py::test_case_16 - assert True is False
FAILED test_stack3_WHOLE_SUITE.py::test_case_1 - assert True is False
========================= 8 failed, 59 passed in 0.27s =========================
</pre></div></div></div></div></div><div class="mb-1" id="job_list___sub_accordion_40"><div class="card"><a data-toggle="collapse" data-target="#job_list___sub_collapse_40_1" aria-expanded="false" aria-controls="job_list___sub_collapse_40_1" href="#" class="job_list___sub_multi_heading"><div role="alert" class="card-header alert-success" id="job_list___sub_heading_40_1"><button class="btn btn-outline-success"><span class="job_id">40 : Job ID 986066b0d7614a828abce73561c69c6d</span></button></div></a><div aria-labelledby="job_list___sub_heading_40_1" data-parent="#job_list___sub_accordion_40" class="collapse job_list___sub_multi_collapse" id="job_list___sub_collapse_40_1"><div class="card-body"><div class="work-item"><div class="alert alert-success test-outcome" role="alert"><p>worker outcome: normal</p><p>test outcome: killed</p></div></div><pre class="location"><a href="pycharm://open?file=stack3.py&amp;line=125" class="text-secondary"><button class="btn btn-outline-dark">stack3.py, start pos: (125, 56), end pos: (125, 61)</button></a></pre><pre>operator: core/ReplaceFalseWithTrue, occurrence: 1</pre><div class="alert alert-secondary"><pre class="diff">--- mutation diff ---
--- astack3.py
+++ bstack3.py
@@ -122,7 +122,7 @@
 
         """Check if stack is empty."""
 
-        return True if self.__stack.getSize() == 0 else False
+        return True if self.__stack.getSize() == 0 else True
 
     def getSize(self) -&gt; int:
 </pre></div><div class="alert alert-secondary"><pre class="diff">============================= test session starts ==============================
platform linux -- Python 3.10.12, pytest-7.1.3, pluggy-1.0.0
rootdir: /home/lucca/desktop/ic/experimento/testes/python_experiments/stack3/ALL-SMART-GPT-COSMICRAY
plugins: Faker-15.1.1, hypothesis-6.56.3
collected 67 items

test_stack3_COSMICRAY.py ...                                             [  4%]
test_stack3_DYNAMOSA.py .............F...                                [ 29%]
test_stack3_MIO.py ............F........                                 [ 61%]
test_stack3_MOSA.py .............F...                                    [ 86%]
test_stack3_WHOLE_SUITE.py ...F.....                                     [100%]

=========================== short test summary info ============================
FAILED test_stack3_DYNAMOSA.py::test_case_13 - assert True is False
FAILED test_stack3_MIO.py::test_case_12 - assert True is False
FAILED test_stack3_MOSA.py::test_case_13 - assert True is False
FAILED test_stack3_WHOLE_SUITE.py::test_case_3 - assert True is False
========================= 4 failed, 63 passed in 0.28s =========================
</pre></div></div></div></div></div><div class="mb-1" id="job_list___sub_accordion_41"><div class="card"><a data-toggle="collapse" data-target="#job_list___sub_collapse_41_1" aria-expanded="false" aria-controls="job_list___sub_collapse_41_1" href="#" class="job_list___sub_multi_heading"><div role="alert" class="card-header alert-success" id="job_list___sub_heading_41_1"><button class="btn btn-outline-success"><span class="job_id">41 : Job ID 6460cd25cd1a43e994cba0bbb8b59fd4</span></button></div></a><div aria-labelledby="job_list___sub_heading_41_1" data-parent="#job_list___sub_accordion_41" class="collapse job_list___sub_multi_collapse" id="job_list___sub_collapse_41_1"><div class="card-body"><div class="work-item"><div class="alert alert-success test-outcome" role="alert"><p>worker outcome: normal</p><p>test outcome: killed</p></div></div><pre class="location"><a href="pycharm://open?file=stack3.py&amp;line=17" class="text-secondary"><button class="btn btn-outline-dark">stack3.py, start pos: (17, 22), end pos: (17, 23)</button></a></pre><pre>operator: core/NumberReplacer, occurrence: 0</pre><div class="alert alert-secondary"><pre class="diff">--- mutation diff ---
--- astack3.py
+++ bstack3.py
@@ -14,7 +14,7 @@
     def __init__(self):
         self.__sentinel = Node(None)
         self.__head = self.__sentinel
-        self.__size = 0
+        self.__size = 1
 
     def add(self, value: T) -&gt; None:
 </pre></div><div class="alert alert-secondary"><pre class="diff">============================= test session starts ==============================
platform linux -- Python 3.10.12, pytest-7.1.3, pluggy-1.0.0
rootdir: /home/lucca/desktop/ic/experimento/testes/python_experiments/stack3/ALL-SMART-GPT-COSMICRAY
plugins: Faker-15.1.1, hypothesis-6.56.3
collected 67 items

test_stack3_COSMICRAY.py FFKilled
</pre></div></div></div></div></div><div class="mb-1" id="job_list___sub_accordion_42"><div class="card"><a data-toggle="collapse" data-target="#job_list___sub_collapse_42_1" aria-expanded="false" aria-controls="job_list___sub_collapse_42_1" href="#" class="job_list___sub_multi_heading"><div role="alert" class="card-header alert-success" id="job_list___sub_heading_42_1"><button class="btn btn-outline-success"><span class="job_id">42 : Job ID aedcb91466c4488e9487f7dca84b0e28</span></button></div></a><div aria-labelledby="job_list___sub_heading_42_1" data-parent="#job_list___sub_accordion_42" class="collapse job_list___sub_multi_collapse" id="job_list___sub_collapse_42_1"><div class="card-body"><div class="work-item"><div class="alert alert-success test-outcome" role="alert"><p>worker outcome: normal</p><p>test outcome: killed</p></div></div><pre class="location"><a href="pycharm://open?file=stack3.py&amp;line=17" class="text-secondary"><button class="btn btn-outline-dark">stack3.py, start pos: (17, 22), end pos: (17, 23)</button></a></pre><pre>operator: core/NumberReplacer, occurrence: 1</pre><div class="alert alert-secondary"><pre class="diff">--- mutation diff ---
--- astack3.py
+++ bstack3.py
@@ -14,7 +14,7 @@
     def __init__(self):
         self.__sentinel = Node(None)
         self.__head = self.__sentinel
-        self.__size = 0
+        self.__size = -1
 
     def add(self, value: T) -&gt; None:
 </pre></div><div class="alert alert-secondary"><pre class="diff">============================= test session starts ==============================
platform linux -- Python 3.10.12, pytest-7.1.3, pluggy-1.0.0
rootdir: /home/lucca/desktop/ic/experimento/testes/python_experiments/stack3/ALL-SMART-GPT-COSMICRAY
plugins: Faker-15.1.1, hypothesis-6.56.3
collected 67 items

test_stack3_COSMICRAY.py FFF                                             [  4%]
test_stack3_DYNAMOSA.py .F.FF..F.Killed
</pre></div></div></div></div></div><div class="mb-1" id="job_list___sub_accordion_43"><div class="card"><a data-toggle="collapse" data-target="#job_list___sub_collapse_43_1" aria-expanded="false" aria-controls="job_list___sub_collapse_43_1" href="#" class="job_list___sub_multi_heading"><div role="alert" class="card-header alert-success" id="job_list___sub_heading_43_1"><button class="btn btn-outline-success"><span class="job_id">43 : Job ID 6ddc3a24768047b0806f0f82320da8fa</span></button></div></a><div aria-labelledby="job_list___sub_heading_43_1" data-parent="#job_list___sub_accordion_43" class="collapse job_list___sub_multi_collapse" id="job_list___sub_collapse_43_1"><div class="card-body"><div class="work-item"><div class="alert alert-success test-outcome" role="alert"><p>worker outcome: normal</p><p>test outcome: killed</p></div></div><pre class="location"><a href="pycharm://open?file=stack3.py&amp;line=24" class="text-secondary"><button class="btn btn-outline-dark">stack3.py, start pos: (24, 26), end pos: (24, 27)</button></a></pre><pre>operator: core/NumberReplacer, occurrence: 2</pre><div class="alert alert-secondary"><pre class="diff">--- mutation diff ---
--- astack3.py
+++ bstack3.py
@@ -21,7 +21,7 @@
         """Add element to linked list."""
 
         newNode = Node(value)
-        if self.__size == 0:
+        if self.__size == 1:
             self.__head.next = newNode
             self.__head = newNode
             self.__size += 1</pre></div><div class="alert alert-secondary"><pre class="diff">============================= test session starts ==============================
platform linux -- Python 3.10.12, pytest-7.1.3, pluggy-1.0.0
rootdir: /home/lucca/desktop/ic/experimento/testes/python_experiments/stack3/ALL-SMART-GPT-COSMICRAY
plugins: Faker-15.1.1, hypothesis-6.56.3
collected 67 items

test_stack3_COSMICRAY.py ..F                                             [  4%]
test_stack3_DYNAMOSA.py .F..F....Killed
</pre></div></div></div></div></div><div class="mb-1" id="job_list___sub_accordion_44"><div class="card"><a data-toggle="collapse" data-target="#job_list___sub_collapse_44_1" aria-expanded="false" aria-controls="job_list___sub_collapse_44_1" href="#" class="job_list___sub_multi_heading"><div role="alert" class="card-header alert-success" id="job_list___sub_heading_44_1"><button class="btn btn-outline-success"><span class="job_id">44 : Job ID 2e4ace4665584bc6b72836cebe33e58b</span></button></div></a><div aria-labelledby="job_list___sub_heading_44_1" data-parent="#job_list___sub_accordion_44" class="collapse job_list___sub_multi_collapse" id="job_list___sub_collapse_44_1"><div class="card-body"><div class="work-item"><div class="alert alert-success test-outcome" role="alert"><p>worker outcome: normal</p><p>test outcome: killed</p></div></div><pre class="location"><a href="pycharm://open?file=stack3.py&amp;line=24" class="text-secondary"><button class="btn btn-outline-dark">stack3.py, start pos: (24, 26), end pos: (24, 27)</button></a></pre><pre>operator: core/NumberReplacer, occurrence: 3</pre><div class="alert alert-secondary"><pre class="diff">--- mutation diff ---
--- astack3.py
+++ bstack3.py
@@ -21,7 +21,7 @@
         """Add element to linked list."""
 
         newNode = Node(value)
-        if self.__size == 0:
+        if self.__size == -1:
             self.__head.next = newNode
             self.__head = newNode
             self.__size += 1</pre></div><div class="alert alert-secondary"><pre class="diff">============================= test session starts ==============================
platform linux -- Python 3.10.12, pytest-7.1.3, pluggy-1.0.0
rootdir: /home/lucca/desktop/ic/experimento/testes/python_experiments/stack3/ALL-SMART-GPT-COSMICRAY
plugins: Faker-15.1.1, hypothesis-6.56.3
collected 67 items

test_stack3_COSMICRAY.py ..Killed
</pre></div></div></div></div></div><div class="mb-1" id="job_list___sub_accordion_45"><div class="card"><a data-toggle="collapse" data-target="#job_list___sub_collapse_45_1" aria-expanded="false" aria-controls="job_list___sub_collapse_45_1" href="#" class="job_list___sub_multi_heading"><div role="alert" class="card-header alert-success" id="job_list___sub_heading_45_1"><button class="btn btn-outline-success"><span class="job_id">45 : Job ID 955f5212f5844e078d8b4b881661eb81</span></button></div></a><div aria-labelledby="job_list___sub_heading_45_1" data-parent="#job_list___sub_accordion_45" class="collapse job_list___sub_multi_collapse" id="job_list___sub_collapse_45_1"><div class="card-body"><div class="work-item"><div class="alert alert-success test-outcome" role="alert"><p>worker outcome: normal</p><p>test outcome: killed</p></div></div><pre class="location"><a href="pycharm://open?file=stack3.py&amp;line=27" class="text-secondary"><button class="btn btn-outline-dark">stack3.py, start pos: (27, 27), end pos: (27, 28)</button></a></pre><pre>operator: core/NumberReplacer, occurrence: 4</pre><div class="alert alert-secondary"><pre class="diff">--- mutation diff ---
--- astack3.py
+++ bstack3.py
@@ -24,7 +24,7 @@
         if self.__size == 0:
             self.__head.next = newNode
             self.__head = newNode
-            self.__size += 1
+            self.__size += 2
         else:
             self.__sentinel.next = newNode
             newNode.next = self.__head</pre></div><div class="alert alert-secondary"><pre class="diff">============================= test session starts ==============================
platform linux -- Python 3.10.12, pytest-7.1.3, pluggy-1.0.0
rootdir: /home/lucca/desktop/ic/experimento/testes/python_experiments/stack3/ALL-SMART-GPT-COSMICRAY
plugins: Faker-15.1.1, hypothesis-6.56.3
collected 67 items

test_stack3_COSMICRAY.py FF.                                             [  4%]
test_stack3_DYNAMOSA.py .........F...F..F                                [ 29%]
test_stack3_MIO.py .....................                                 [ 61%]
test_stack3_MOSA.py .........F...F..F                                    [ 86%]
test_stack3_WHOLE_SUITE.py .F.F.....                                     [100%]

=========================== short test summary info ============================
FAILED test_stack3_COSMICRAY.py::test_remove_multiple_elements_small_list - a...
FAILED test_stack3_COSMICRAY.py::test_remove_single_element - assert 1 == 0
FAILED test_stack3_DYNAMOSA.py::test_case_9 - AssertionError: assert 'builtin...
FAILED test_stack3_DYNAMOSA.py::test_case_13 - AttributeError: 'NoneType' obj...
FAILED test_stack3_DYNAMOSA.py::test_case_16 - assert 3 == 2
FAILED test_stack3_MOSA.py::test_case_9 - AssertionError: assert 'builtins.No...
FAILED test_stack3_MOSA.py::test_case_13 - AttributeError: 'NoneType' object ...
FAILED test_stack3_MOSA.py::test_case_16 - assert 3 == 2
FAILED test_stack3_WHOLE_SUITE.py::test_case_1 - assert 2 == 1
FAILED test_stack3_WHOLE_SUITE.py::test_case_3 - assert 3 == 2
======================== 10 failed, 57 passed in 0.17s =========================
</pre></div></div></div></div></div><div class="mb-1" id="job_list___sub_accordion_46"><div class="card"><a data-toggle="collapse" data-target="#job_list___sub_collapse_46_1" aria-expanded="false" aria-controls="job_list___sub_collapse_46_1" href="#" class="job_list___sub_multi_heading"><div role="alert" class="card-header alert-success" id="job_list___sub_heading_46_1"><button class="btn btn-outline-success"><span class="job_id">46 : Job ID b67abc8c52404c6bb02814f958673881</span></button></div></a><div aria-labelledby="job_list___sub_heading_46_1" data-parent="#job_list___sub_accordion_46" class="collapse job_list___sub_multi_collapse" id="job_list___sub_collapse_46_1"><div class="card-body"><div class="work-item"><div class="alert alert-success test-outcome" role="alert"><p>worker outcome: normal</p><p>test outcome: killed</p></div></div><pre class="location"><a href="pycharm://open?file=stack3.py&amp;line=27" class="text-secondary"><button class="btn btn-outline-dark">stack3.py, start pos: (27, 27), end pos: (27, 28)</button></a></pre><pre>operator: core/NumberReplacer, occurrence: 5</pre><div class="alert alert-secondary"><pre class="diff">--- mutation diff ---
--- astack3.py
+++ bstack3.py
@@ -24,7 +24,7 @@
         if self.__size == 0:
             self.__head.next = newNode
             self.__head = newNode
-            self.__size += 1
+            self.__size += 0
         else:
             self.__sentinel.next = newNode
             newNode.next = self.__head</pre></div><div class="alert alert-secondary"><pre class="diff">============================= test session starts ==============================
platform linux -- Python 3.10.12, pytest-7.1.3, pluggy-1.0.0
rootdir: /home/lucca/desktop/ic/experimento/testes/python_experiments/stack3/ALL-SMART-GPT-COSMICRAY
plugins: Faker-15.1.1, hypothesis-6.56.3
collected 67 items

test_stack3_COSMICRAY.py FFF                                             [  4%]
test_stack3_DYNAMOSA.py .F..F....FF..F.FF                                [ 29%]
test_stack3_MIO.py ...F..F.....F........                                 [ 61%]
test_stack3_MOSA.py .F..F....FF..F.FF                                    [ 86%]
test_stack3_WHOLE_SUITE.py .F.FF....                                     [100%]

=========================== short test summary info ============================
FAILED test_stack3_COSMICRAY.py::test_remove_multiple_elements_small_list - a...
FAILED test_stack3_COSMICRAY.py::test_remove_single_element - AttributeError:...
FAILED test_stack3_COSMICRAY.py::test_stack_push - AssertionError: assert '[3...
FAILED test_stack3_DYNAMOSA.py::test_case_1 - AssertionError: assert 'builtin...
FAILED test_stack3_DYNAMOSA.py::test_case_4 - assert True is False
FAILED test_stack3_DYNAMOSA.py::test_case_9 - AssertionError: assert 'builtin...
FAILED test_stack3_DYNAMOSA.py::test_case_10 - AssertionError: assert 'builti...
FAILED test_stack3_DYNAMOSA.py::test_case_13 - assert True is False
FAILED test_stack3_DYNAMOSA.py::test_case_15 - assert True is False
FAILED test_stack3_DYNAMOSA.py::test_case_16 - assert True is False
FAILED test_stack3_MIO.py::test_case_3 - AssertionError: assert 'builtins.Non...
FAILED test_stack3_MIO.py::test_case_6 - assert True is False
FAILED test_stack3_MIO.py::test_case_12 - assert True is False
FAILED test_stack3_MOSA.py::test_case_1 - AssertionError: assert 'builtins.No...
FAILED test_stack3_MOSA.py::test_case_4 - assert True is False
FAILED test_stack3_MOSA.py::test_case_9 - AssertionError: assert 'builtins.No...
FAILED test_stack3_MOSA.py::test_case_10 - AssertionError: assert 'builtins.N...
FAILED test_stack3_MOSA.py::test_case_13 - assert True is False
FAILED test_stack3_MOSA.py::test_case_15 - assert True is False
FAILED test_stack3_MOSA.py::test_case_16 - assert True is False
FAILED test_stack3_WHOLE_SUITE.py::test_case_1 - AssertionError: assert 'buil...
FAILED test_stack3_WHOLE_SUITE.py::test_case_3 - assert 0 == 2
FAILED test_stack3_WHOLE_SUITE.py::test_case_4 - AssertionError: assert 'buil...
======================== 23 failed, 44 passed in 0.17s =========================
</pre></div></div></div></div></div><div class="mb-1" id="job_list___sub_accordion_47"><div class="card"><a data-toggle="collapse" data-target="#job_list___sub_collapse_47_1" aria-expanded="false" aria-controls="job_list___sub_collapse_47_1" href="#" class="job_list___sub_multi_heading"><div role="alert" class="card-header alert-success" id="job_list___sub_heading_47_1"><button class="btn btn-outline-success"><span class="job_id">47 : Job ID 213bf9f09d4c41bba5a93efc3afa19b9</span></button></div></a><div aria-labelledby="job_list___sub_heading_47_1" data-parent="#job_list___sub_accordion_47" class="collapse job_list___sub_multi_collapse" id="job_list___sub_collapse_47_1"><div class="card-body"><div class="work-item"><div class="alert alert-success test-outcome" role="alert"><p>worker outcome: normal</p><p>test outcome: killed</p></div></div><pre class="location"><a href="pycharm://open?file=stack3.py&amp;line=32" class="text-secondary"><button class="btn btn-outline-dark">stack3.py, start pos: (32, 27), end pos: (32, 28)</button></a></pre><pre>operator: core/NumberReplacer, occurrence: 6</pre><div class="alert alert-secondary"><pre class="diff">--- mutation diff ---
--- astack3.py
+++ bstack3.py
@@ -29,7 +29,7 @@
             self.__sentinel.next = newNode
             newNode.next = self.__head
             self.__head = newNode
-            self.__size += 1
+            self.__size += 2
 
     def remove(self):
 </pre></div><div class="alert alert-secondary"><pre class="diff">============================= test session starts ==============================
platform linux -- Python 3.10.12, pytest-7.1.3, pluggy-1.0.0
rootdir: /home/lucca/desktop/ic/experimento/testes/python_experiments/stack3/ALL-SMART-GPT-COSMICRAY
plugins: Faker-15.1.1, hypothesis-6.56.3
collected 67 items

test_stack3_COSMICRAY.py F..                                             [  4%]
test_stack3_DYNAMOSA.py ................F                                [ 29%]
test_stack3_MIO.py .....................                                 [ 61%]
test_stack3_MOSA.py ................F                                    [ 86%]
test_stack3_WHOLE_SUITE.py .F.F.....                                     [100%]

=========================== short test summary info ============================
FAILED test_stack3_COSMICRAY.py::test_remove_multiple_elements_small_list - a...
FAILED test_stack3_DYNAMOSA.py::test_case_16 - assert 3 == 2
FAILED test_stack3_MOSA.py::test_case_16 - assert 3 == 2
FAILED test_stack3_WHOLE_SUITE.py::test_case_1 - assert 2 == 1
FAILED test_stack3_WHOLE_SUITE.py::test_case_3 - assert 3 == 2
========================= 5 failed, 62 passed in 0.16s =========================
</pre></div></div></div></div></div><div class="mb-1" id="job_list___sub_accordion_48"><div class="card"><a data-toggle="collapse" data-target="#job_list___sub_collapse_48_1" aria-expanded="false" aria-controls="job_list___sub_collapse_48_1" href="#" class="job_list___sub_multi_heading"><div role="alert" class="card-header alert-success" id="job_list___sub_heading_48_1"><button class="btn btn-outline-success"><span class="job_id">48 : Job ID 4e890b026c24488ebb9b8a232eb40c5b</span></button></div></a><div aria-labelledby="job_list___sub_heading_48_1" data-parent="#job_list___sub_accordion_48" class="collapse job_list___sub_multi_collapse" id="job_list___sub_collapse_48_1"><div class="card-body"><div class="work-item"><div class="alert alert-success test-outcome" role="alert"><p>worker outcome: normal</p><p>test outcome: killed</p></div></div><pre class="location"><a href="pycharm://open?file=stack3.py&amp;line=32" class="text-secondary"><button class="btn btn-outline-dark">stack3.py, start pos: (32, 27), end pos: (32, 28)</button></a></pre><pre>operator: core/NumberReplacer, occurrence: 7</pre><div class="alert alert-secondary"><pre class="diff">--- mutation diff ---
--- astack3.py
+++ bstack3.py
@@ -29,7 +29,7 @@
             self.__sentinel.next = newNode
             newNode.next = self.__head
             self.__head = newNode
-            self.__size += 1
+            self.__size += 0
 
     def remove(self):
 </pre></div><div class="alert alert-secondary"><pre class="diff">============================= test session starts ==============================
platform linux -- Python 3.10.12, pytest-7.1.3, pluggy-1.0.0
rootdir: /home/lucca/desktop/ic/experimento/testes/python_experiments/stack3/ALL-SMART-GPT-COSMICRAY
plugins: Faker-15.1.1, hypothesis-6.56.3
collected 67 items

test_stack3_COSMICRAY.py F..                                             [  4%]
test_stack3_DYNAMOSA.py ................F                                [ 29%]
test_stack3_MIO.py .....................                                 [ 61%]
test_stack3_MOSA.py ................F                                    [ 86%]
test_stack3_WHOLE_SUITE.py .F.F.....                                     [100%]

=========================== short test summary info ============================
FAILED test_stack3_COSMICRAY.py::test_remove_multiple_elements_small_list - a...
FAILED test_stack3_DYNAMOSA.py::test_case_16 - assert 1 == 2
FAILED test_stack3_MOSA.py::test_case_16 - assert 1 == 2
FAILED test_stack3_WHOLE_SUITE.py::test_case_1 - assert 0 == 1
FAILED test_stack3_WHOLE_SUITE.py::test_case_3 - assert 1 == 2
========================= 5 failed, 62 passed in 0.16s =========================
</pre></div></div></div></div></div><div class="mb-1" id="job_list___sub_accordion_49"><div class="card"><a data-toggle="collapse" data-target="#job_list___sub_collapse_49_1" aria-expanded="false" aria-controls="job_list___sub_collapse_49_1" href="#" class="job_list___sub_multi_heading"><div role="alert" class="card-header alert-success" id="job_list___sub_heading_49_1"><button class="btn btn-outline-success"><span class="job_id">49 : Job ID 31004b95883642ff953a935a0dc8ab2b</span></button></div></a><div aria-labelledby="job_list___sub_heading_49_1" data-parent="#job_list___sub_accordion_49" class="collapse job_list___sub_multi_collapse" id="job_list___sub_collapse_49_1"><div class="card-body"><div class="work-item"><div class="alert alert-success test-outcome" role="alert"><p>worker outcome: normal</p><p>test outcome: killed</p></div></div><pre class="location"><a href="pycharm://open?file=stack3.py&amp;line=38" class="text-secondary"><button class="btn btn-outline-dark">stack3.py, start pos: (38, 26), end pos: (38, 27)</button></a></pre><pre>operator: core/NumberReplacer, occurrence: 8</pre><div class="alert alert-secondary"><pre class="diff">--- mutation diff ---
--- astack3.py
+++ bstack3.py
@@ -35,7 +35,7 @@
 
         """Remove node from linkedlist."""
 
-        if self.__size == 0:
+        if self.__size == 1:
             return None
         if self.__size == 1: # Alterado para corrigir comportamento
             nodeToRemove = self.__head</pre></div><div class="alert alert-secondary"><pre class="diff">============================= test session starts ==============================
platform linux -- Python 3.10.12, pytest-7.1.3, pluggy-1.0.0
rootdir: /home/lucca/desktop/ic/experimento/testes/python_experiments/stack3/ALL-SMART-GPT-COSMICRAY
plugins: Faker-15.1.1, hypothesis-6.56.3
collected 67 items

test_stack3_COSMICRAY.py .F.                                             [  4%]
test_stack3_DYNAMOSA.py .F..F....FF..F...                                [ 29%]
test_stack3_MIO.py ...F.................                                 [ 61%]
test_stack3_MOSA.py .F..F....FF..F...                                    [ 86%]
test_stack3_WHOLE_SUITE.py ....FF..F                                     [100%]

=========================== short test summary info ============================
FAILED test_stack3_COSMICRAY.py::test_remove_single_element - AttributeError:...
FAILED test_stack3_DYNAMOSA.py::test_case_1 - AssertionError: assert 'builtin...
FAILED test_stack3_DYNAMOSA.py::test_case_4 - assert &lt;stack3.Node object at 0...
FAILED test_stack3_DYNAMOSA.py::test_case_9 - AssertionError: assert 'builtin...
FAILED test_stack3_DYNAMOSA.py::test_case_10 - AssertionError: assert 'builti...
FAILED test_stack3_DYNAMOSA.py::test_case_13 - AssertionError: assert 'builti...
FAILED test_stack3_MIO.py::test_case_3 - AssertionError: assert 'builtins.Non...
FAILED test_stack3_MOSA.py::test_case_1 - AssertionError: assert 'builtins.No...
FAILED test_stack3_MOSA.py::test_case_4 - assert &lt;stack3.Node object at 0x7fe...
FAILED test_stack3_MOSA.py::test_case_9 - AssertionError: assert 'builtins.No...
FAILED test_stack3_MOSA.py::test_case_10 - AssertionError: assert 'builtins.N...
FAILED test_stack3_MOSA.py::test_case_13 - AssertionError: assert 'builtins.N...
FAILED test_stack3_WHOLE_SUITE.py::test_case_4 - AssertionError: assert 'buil...
FAILED test_stack3_WHOLE_SUITE.py::test_case_5 - assert -1 == 0
FAILED test_stack3_WHOLE_SUITE.py::test_case_8 - assert &lt;stack3.Node object a...
======================== 15 failed, 52 passed in 0.17s =========================
</pre></div></div></div></div></div><div class="mb-1" id="job_list___sub_accordion_50"><div class="card"><a data-toggle="collapse" data-target="#job_list___sub_collapse_50_1" aria-expanded="false" aria-controls="job_list___sub_collapse_50_1" href="#" class="job_list___sub_multi_heading"><div role="alert" class="card-header alert-success" id="job_list___sub_heading_50_1"><button class="btn btn-outline-success"><span class="job_id">50 : Job ID 842d789939874ebe88755583dcd980ff</span></button></div></a><div aria-labelledby="job_list___sub_heading_50_1" data-parent="#job_list___sub_accordion_50" class="collapse job_list___sub_multi_collapse" id="job_list___sub_collapse_50_1"><div class="card-body"><div class="work-item"><div class="alert alert-success test-outcome" role="alert"><p>worker outcome: normal</p><p>test outcome: killed</p></div></div><pre class="location"><a href="pycharm://open?file=stack3.py&amp;line=38" class="text-secondary"><button class="btn btn-outline-dark">stack3.py, start pos: (38, 26), end pos: (38, 27)</button></a></pre><pre>operator: core/NumberReplacer, occurrence: 9</pre><div class="alert alert-secondary"><pre class="diff">--- mutation diff ---
--- astack3.py
+++ bstack3.py
@@ -35,7 +35,7 @@
 
         """Remove node from linkedlist."""
 
-        if self.__size == 0:
+        if self.__size == -1:
             return None
         if self.__size == 1: # Alterado para corrigir comportamento
             nodeToRemove = self.__head</pre></div><div class="alert alert-secondary"><pre class="diff">============================= test session starts ==============================
platform linux -- Python 3.10.12, pytest-7.1.3, pluggy-1.0.0
rootdir: /home/lucca/desktop/ic/experimento/testes/python_experiments/stack3/ALL-SMART-GPT-COSMICRAY
plugins: Faker-15.1.1, hypothesis-6.56.3
collected 67 items

test_stack3_COSMICRAY.py ...                                             [  4%]
test_stack3_DYNAMOSA.py .................                                [ 29%]
test_stack3_MIO.py .....................                                 [ 61%]
test_stack3_MOSA.py .................                                    [ 86%]
test_stack3_WHOLE_SUITE.py .....F..F                                     [100%]

=========================== short test summary info ============================
FAILED test_stack3_WHOLE_SUITE.py::test_case_5 - assert -1 == 0
FAILED test_stack3_WHOLE_SUITE.py::test_case_8 - assert &lt;stack3.Node object a...
========================= 2 failed, 65 passed in 0.16s =========================
</pre></div></div></div></div></div><div class="mb-1" id="job_list___sub_accordion_51"><div class="card"><a data-toggle="collapse" data-target="#job_list___sub_collapse_51_1" aria-expanded="false" aria-controls="job_list___sub_collapse_51_1" href="#" class="job_list___sub_multi_heading"><div role="alert" class="card-header alert-success" id="job_list___sub_heading_51_1"><button class="btn btn-outline-success"><span class="job_id">51 : Job ID 349dea221be944628a43b10157237d3b</span></button></div></a><div aria-labelledby="job_list___sub_heading_51_1" data-parent="#job_list___sub_accordion_51" class="collapse job_list___sub_multi_collapse" id="job_list___sub_collapse_51_1"><div class="card-body"><div class="work-item"><div class="alert alert-success test-outcome" role="alert"><p>worker outcome: normal</p><p>test outcome: killed</p></div></div><pre class="location"><a href="pycharm://open?file=stack3.py&amp;line=40" class="text-secondary"><button class="btn btn-outline-dark">stack3.py, start pos: (40, 26), end pos: (40, 27)</button></a></pre><pre>operator: core/NumberReplacer, occurrence: 10</pre><div class="alert alert-secondary"><pre class="diff">--- mutation diff ---
--- astack3.py
+++ bstack3.py
@@ -37,7 +37,7 @@
 
         if self.__size == 0:
             return None
-        if self.__size == 1: # Alterado para corrigir comportamento
+        if self.__size == 2: # Alterado para corrigir comportamento
             nodeToRemove = self.__head
             self.__sentinel.next = None
             self.__head = self.__sentinel</pre></div><div class="alert alert-secondary"><pre class="diff">============================= test session starts ==============================
platform linux -- Python 3.10.12, pytest-7.1.3, pluggy-1.0.0
rootdir: /home/lucca/desktop/ic/experimento/testes/python_experiments/stack3/ALL-SMART-GPT-COSMICRAY
plugins: Faker-15.1.1, hypothesis-6.56.3
collected 67 items

test_stack3_COSMICRAY.py .F.                                             [  4%]
test_stack3_DYNAMOSA.py .........F...F...                                [ 29%]
test_stack3_MIO.py .....................                                 [ 61%]
test_stack3_MOSA.py .........F...F...                                    [ 86%]
test_stack3_WHOLE_SUITE.py .........                                     [100%]

=========================== short test summary info ============================
FAILED test_stack3_COSMICRAY.py::test_remove_single_element - AttributeError:...
FAILED test_stack3_DYNAMOSA.py::test_case_9 - AssertionError: assert 'builtin...
FAILED test_stack3_DYNAMOSA.py::test_case_13 - AttributeError: 'NoneType' obj...
FAILED test_stack3_MOSA.py::test_case_9 - AssertionError: assert 'builtins.No...
FAILED test_stack3_MOSA.py::test_case_13 - AttributeError: 'NoneType' object ...
========================= 5 failed, 62 passed in 0.16s =========================
</pre></div></div></div></div></div><div class="mb-1" id="job_list___sub_accordion_52"><div class="card"><a data-toggle="collapse" data-target="#job_list___sub_collapse_52_1" aria-expanded="false" aria-controls="job_list___sub_collapse_52_1" href="#" class="job_list___sub_multi_heading"><div role="alert" class="card-header alert-success" id="job_list___sub_heading_52_1"><button class="btn btn-outline-success"><span class="job_id">52 : Job ID 71f7d35a88a347ae85aa4ae183b00174</span></button></div></a><div aria-labelledby="job_list___sub_heading_52_1" data-parent="#job_list___sub_accordion_52" class="collapse job_list___sub_multi_collapse" id="job_list___sub_collapse_52_1"><div class="card-body"><div class="work-item"><div class="alert alert-success test-outcome" role="alert"><p>worker outcome: normal</p><p>test outcome: killed</p></div></div><pre class="location"><a href="pycharm://open?file=stack3.py&amp;line=40" class="text-secondary"><button class="btn btn-outline-dark">stack3.py, start pos: (40, 26), end pos: (40, 27)</button></a></pre><pre>operator: core/NumberReplacer, occurrence: 11</pre><div class="alert alert-secondary"><pre class="diff">--- mutation diff ---
--- astack3.py
+++ bstack3.py
@@ -37,7 +37,7 @@
 
         if self.__size == 0:
             return None
-        if self.__size == 1: # Alterado para corrigir comportamento
+        if self.__size == 0: # Alterado para corrigir comportamento
             nodeToRemove = self.__head
             self.__sentinel.next = None
             self.__head = self.__sentinel</pre></div><div class="alert alert-secondary"><pre class="diff">============================= test session starts ==============================
platform linux -- Python 3.10.12, pytest-7.1.3, pluggy-1.0.0
rootdir: /home/lucca/desktop/ic/experimento/testes/python_experiments/stack3/ALL-SMART-GPT-COSMICRAY
plugins: Faker-15.1.1, hypothesis-6.56.3
collected 67 items

test_stack3_COSMICRAY.py .F.                                             [  4%]
test_stack3_DYNAMOSA.py .........F...F...                                [ 29%]
test_stack3_MIO.py .....................                                 [ 61%]
test_stack3_MOSA.py .........F...F...                                    [ 86%]
test_stack3_WHOLE_SUITE.py .........                                     [100%]

=========================== short test summary info ============================
FAILED test_stack3_COSMICRAY.py::test_remove_single_element - AttributeError:...
FAILED test_stack3_DYNAMOSA.py::test_case_9 - AssertionError: assert 'builtin...
FAILED test_stack3_DYNAMOSA.py::test_case_13 - AttributeError: 'NoneType' obj...
FAILED test_stack3_MOSA.py::test_case_9 - AssertionError: assert 'builtins.No...
FAILED test_stack3_MOSA.py::test_case_13 - AttributeError: 'NoneType' object ...
========================= 5 failed, 62 passed in 0.16s =========================
</pre></div></div></div></div></div><div class="mb-1" id="job_list___sub_accordion_53"><div class="card"><a data-toggle="collapse" data-target="#job_list___sub_collapse_53_1" aria-expanded="false" aria-controls="job_list___sub_collapse_53_1" href="#" class="job_list___sub_multi_heading"><div role="alert" class="card-header alert-success" id="job_list___sub_heading_53_1"><button class="btn btn-outline-success"><span class="job_id">53 : Job ID bad2b395bd3640a0aa2accbe9d7bcfe1</span></button></div></a><div aria-labelledby="job_list___sub_heading_53_1" data-parent="#job_list___sub_accordion_53" class="collapse job_list___sub_multi_collapse" id="job_list___sub_collapse_53_1"><div class="card-body"><div class="work-item"><div class="alert alert-success test-outcome" role="alert"><p>worker outcome: normal</p><p>test outcome: killed</p></div></div><pre class="location"><a href="pycharm://open?file=stack3.py&amp;line=44" class="text-secondary"><button class="btn btn-outline-dark">stack3.py, start pos: (44, 27), end pos: (44, 28)</button></a></pre><pre>operator: core/NumberReplacer, occurrence: 12</pre><div class="alert alert-secondary"><pre class="diff">--- mutation diff ---
--- astack3.py
+++ bstack3.py
@@ -41,7 +41,7 @@
             nodeToRemove = self.__head
             self.__sentinel.next = None
             self.__head = self.__sentinel
-            self.__size -= 1
+            self.__size -= 2
             return nodeToRemove
         else:
             nodeToRemove = self.__head</pre></div><div class="alert alert-secondary"><pre class="diff">============================= test session starts ==============================
platform linux -- Python 3.10.12, pytest-7.1.3, pluggy-1.0.0
rootdir: /home/lucca/desktop/ic/experimento/testes/python_experiments/stack3/ALL-SMART-GPT-COSMICRAY
plugins: Faker-15.1.1, hypothesis-6.56.3
collected 67 items

test_stack3_COSMICRAY.py .F.                                             [  4%]
test_stack3_DYNAMOSA.py .................                                [ 29%]
test_stack3_MIO.py .....................                                 [ 61%]
test_stack3_MOSA.py .................                                    [ 86%]
test_stack3_WHOLE_SUITE.py .........                                     [100%]

=========================== short test summary info ============================
FAILED test_stack3_COSMICRAY.py::test_remove_single_element - assert -1 == 0
========================= 1 failed, 66 passed in 0.16s =========================
</pre></div></div></div></div></div><div class="mb-1" id="job_list___sub_accordion_54"><div class="card"><a data-toggle="collapse" data-target="#job_list___sub_collapse_54_1" aria-expanded="false" aria-controls="job_list___sub_collapse_54_1" href="#" class="job_list___sub_multi_heading"><div role="alert" class="card-header alert-success" id="job_list___sub_heading_54_1"><button class="btn btn-outline-success"><span class="job_id">54 : Job ID ba234c6392574feb98ec7e3893ad4896</span></button></div></a><div aria-labelledby="job_list___sub_heading_54_1" data-parent="#job_list___sub_accordion_54" class="collapse job_list___sub_multi_collapse" id="job_list___sub_collapse_54_1"><div class="card-body"><div class="work-item"><div class="alert alert-success test-outcome" role="alert"><p>worker outcome: normal</p><p>test outcome: killed</p></div></div><pre class="location"><a href="pycharm://open?file=stack3.py&amp;line=44" class="text-secondary"><button class="btn btn-outline-dark">stack3.py, start pos: (44, 27), end pos: (44, 28)</button></a></pre><pre>operator: core/NumberReplacer, occurrence: 13</pre><div class="alert alert-secondary"><pre class="diff">--- mutation diff ---
--- astack3.py
+++ bstack3.py
@@ -41,7 +41,7 @@
             nodeToRemove = self.__head
             self.__sentinel.next = None
             self.__head = self.__sentinel
-            self.__size -= 1
+            self.__size -= 0
             return nodeToRemove
         else:
             nodeToRemove = self.__head</pre></div><div class="alert alert-secondary"><pre class="diff">============================= test session starts ==============================
platform linux -- Python 3.10.12, pytest-7.1.3, pluggy-1.0.0
rootdir: /home/lucca/desktop/ic/experimento/testes/python_experiments/stack3/ALL-SMART-GPT-COSMICRAY
plugins: Faker-15.1.1, hypothesis-6.56.3
collected 67 items

test_stack3_COSMICRAY.py .F.                                             [  4%]
test_stack3_DYNAMOSA.py .................                                [ 29%]
test_stack3_MIO.py .....................                                 [ 61%]
test_stack3_MOSA.py .................                                    [ 86%]
test_stack3_WHOLE_SUITE.py .........                                     [100%]

=========================== short test summary info ============================
FAILED test_stack3_COSMICRAY.py::test_remove_single_element - assert 1 == 0
========================= 1 failed, 66 passed in 0.16s =========================
</pre></div></div></div></div></div><div class="mb-1" id="job_list___sub_accordion_55"><div class="card"><a data-toggle="collapse" data-target="#job_list___sub_collapse_55_1" aria-expanded="false" aria-controls="job_list___sub_collapse_55_1" href="#" class="job_list___sub_multi_heading"><div role="alert" class="card-header alert-success" id="job_list___sub_heading_55_1"><button class="btn btn-outline-success"><span class="job_id">55 : Job ID dc39f3ec4f8c4e3d8a1a4828a36b1f2a</span></button></div></a><div aria-labelledby="job_list___sub_heading_55_1" data-parent="#job_list___sub_accordion_55" class="collapse job_list___sub_multi_collapse" id="job_list___sub_collapse_55_1"><div class="card-body"><div class="work-item"><div class="alert alert-success test-outcome" role="alert"><p>worker outcome: normal</p><p>test outcome: killed</p></div></div><pre class="location"><a href="pycharm://open?file=stack3.py&amp;line=50" class="text-secondary"><button class="btn btn-outline-dark">stack3.py, start pos: (50, 27), end pos: (50, 28)</button></a></pre><pre>operator: core/NumberReplacer, occurrence: 14</pre><div class="alert alert-secondary"><pre class="diff">--- mutation diff ---
--- astack3.py
+++ bstack3.py
@@ -47,7 +47,7 @@
             nodeToRemove = self.__head
             self.__sentinel.next = self.__head.next
             self.__head = self.__sentinel.next
-            self.__size -= 1
+            self.__size -= 2
             return nodeToRemove
 
     def getHead(self) -&gt; T:</pre></div><div class="alert alert-secondary"><pre class="diff">============================= test session starts ==============================
platform linux -- Python 3.10.12, pytest-7.1.3, pluggy-1.0.0
rootdir: /home/lucca/desktop/ic/experimento/testes/python_experiments/stack3/ALL-SMART-GPT-COSMICRAY
plugins: Faker-15.1.1, hypothesis-6.56.3
collected 67 items

test_stack3_COSMICRAY.py F..                                             [  4%]
test_stack3_DYNAMOSA.py .................                                [ 29%]
test_stack3_MIO.py .....................                                 [ 61%]
test_stack3_MOSA.py .................                                    [ 86%]
test_stack3_WHOLE_SUITE.py .F.......                                     [100%]

=========================== short test summary info ============================
FAILED test_stack3_COSMICRAY.py::test_remove_multiple_elements_small_list - a...
FAILED test_stack3_WHOLE_SUITE.py::test_case_1 - assert 0 == 1
========================= 2 failed, 65 passed in 0.16s =========================
</pre></div></div></div></div></div><div class="mb-1" id="job_list___sub_accordion_56"><div class="card"><a data-toggle="collapse" data-target="#job_list___sub_collapse_56_1" aria-expanded="false" aria-controls="job_list___sub_collapse_56_1" href="#" class="job_list___sub_multi_heading"><div role="alert" class="card-header alert-success" id="job_list___sub_heading_56_1"><button class="btn btn-outline-success"><span class="job_id">56 : Job ID c641e9be20c74ab6b583f0241ec535b0</span></button></div></a><div aria-labelledby="job_list___sub_heading_56_1" data-parent="#job_list___sub_accordion_56" class="collapse job_list___sub_multi_collapse" id="job_list___sub_collapse_56_1"><div class="card-body"><div class="work-item"><div class="alert alert-success test-outcome" role="alert"><p>worker outcome: normal</p><p>test outcome: killed</p></div></div><pre class="location"><a href="pycharm://open?file=stack3.py&amp;line=50" class="text-secondary"><button class="btn btn-outline-dark">stack3.py, start pos: (50, 27), end pos: (50, 28)</button></a></pre><pre>operator: core/NumberReplacer, occurrence: 15</pre><div class="alert alert-secondary"><pre class="diff">--- mutation diff ---
--- astack3.py
+++ bstack3.py
@@ -47,7 +47,7 @@
             nodeToRemove = self.__head
             self.__sentinel.next = self.__head.next
             self.__head = self.__sentinel.next
-            self.__size -= 1
+            self.__size -= 0
             return nodeToRemove
 
     def getHead(self) -&gt; T:</pre></div><div class="alert alert-secondary"><pre class="diff">============================= test session starts ==============================
platform linux -- Python 3.10.12, pytest-7.1.3, pluggy-1.0.0
rootdir: /home/lucca/desktop/ic/experimento/testes/python_experiments/stack3/ALL-SMART-GPT-COSMICRAY
plugins: Faker-15.1.1, hypothesis-6.56.3
collected 67 items

test_stack3_COSMICRAY.py F..                                             [  4%]
test_stack3_DYNAMOSA.py .................                                [ 29%]
test_stack3_MIO.py .....................                                 [ 61%]
test_stack3_MOSA.py .................                                    [ 86%]
test_stack3_WHOLE_SUITE.py .F.......                                     [100%]

=========================== short test summary info ============================
FAILED test_stack3_COSMICRAY.py::test_remove_multiple_elements_small_list - a...
FAILED test_stack3_WHOLE_SUITE.py::test_case_1 - assert 2 == 1
========================= 2 failed, 65 passed in 0.16s =========================
</pre></div></div></div></div></div><div class="mb-1" id="job_list___sub_accordion_57"><div class="card"><a data-toggle="collapse" data-target="#job_list___sub_collapse_57_1" aria-expanded="false" aria-controls="job_list___sub_collapse_57_1" href="#" class="job_list___sub_multi_heading"><div role="alert" class="card-header alert-success" id="job_list___sub_heading_57_1"><button class="btn btn-outline-success"><span class="job_id">57 : Job ID 7675bd39e74a402bbd47b631135df0d7</span></button></div></a><div aria-labelledby="job_list___sub_heading_57_1" data-parent="#job_list___sub_accordion_57" class="collapse job_list___sub_multi_collapse" id="job_list___sub_collapse_57_1"><div class="card-body"><div class="work-item"><div class="alert alert-success test-outcome" role="alert"><p>worker outcome: normal</p><p>test outcome: killed</p></div></div><pre class="location"><a href="pycharm://open?file=stack3.py&amp;line=75" class="text-secondary"><button class="btn btn-outline-dark">stack3.py, start pos: (75, 38), end pos: (75, 39)</button></a></pre><pre>operator: core/NumberReplacer, occurrence: 16</pre><div class="alert alert-secondary"><pre class="diff">--- mutation diff ---
--- astack3.py
+++ bstack3.py
@@ -72,7 +72,7 @@
 
         """Checks if linkedlist is empty."""
 
-        return True if self.__size == 0 else False
+        return True if self.__size == 1 else False
 
     def toArray(self) -&gt; list:
 </pre></div><div class="alert alert-secondary"><pre class="diff">============================= test session starts ==============================
platform linux -- Python 3.10.12, pytest-7.1.3, pluggy-1.0.0
rootdir: /home/lucca/desktop/ic/experimento/testes/python_experiments/stack3/ALL-SMART-GPT-COSMICRAY
plugins: Faker-15.1.1, hypothesis-6.56.3
collected 67 items

test_stack3_COSMICRAY.py .F.                                             [  4%]
test_stack3_DYNAMOSA.py ...FF..........F.                                [ 29%]
test_stack3_MIO.py .....FF..............                                 [ 61%]
test_stack3_MOSA.py ...FF..........F.                                    [ 86%]
test_stack3_WHOLE_SUITE.py .F.....F.                                     [100%]

=========================== short test summary info ============================
FAILED test_stack3_COSMICRAY.py::test_remove_single_element - assert False ==...
FAILED test_stack3_DYNAMOSA.py::test_case_3 - assert False is True
FAILED test_stack3_DYNAMOSA.py::test_case_4 - assert True is False
FAILED test_stack3_DYNAMOSA.py::test_case_15 - assert True is False
FAILED test_stack3_MIO.py::test_case_5 - assert False is True
FAILED test_stack3_MIO.py::test_case_6 - assert True is False
FAILED test_stack3_MOSA.py::test_case_3 - assert False is True
FAILED test_stack3_MOSA.py::test_case_4 - assert True is False
FAILED test_stack3_MOSA.py::test_case_15 - assert True is False
FAILED test_stack3_WHOLE_SUITE.py::test_case_1 - assert True is False
FAILED test_stack3_WHOLE_SUITE.py::test_case_7 - assert False is True
======================== 11 failed, 56 passed in 0.17s =========================
</pre></div></div></div></div></div><div class="mb-1" id="job_list___sub_accordion_58"><div class="card"><a data-toggle="collapse" data-target="#job_list___sub_collapse_58_1" aria-expanded="false" aria-controls="job_list___sub_collapse_58_1" href="#" class="job_list___sub_multi_heading"><div role="alert" class="card-header alert-success" id="job_list___sub_heading_58_1"><button class="btn btn-outline-success"><span class="job_id">58 : Job ID b98cde998c87452d8252fae8c0031d44</span></button></div></a><div aria-labelledby="job_list___sub_heading_58_1" data-parent="#job_list___sub_accordion_58" class="collapse job_list___sub_multi_collapse" id="job_list___sub_collapse_58_1"><div class="card-body"><div class="work-item"><div class="alert alert-success test-outcome" role="alert"><p>worker outcome: normal</p><p>test outcome: killed</p></div></div><pre class="location"><a href="pycharm://open?file=stack3.py&amp;line=75" class="text-secondary"><button class="btn btn-outline-dark">stack3.py, start pos: (75, 38), end pos: (75, 39)</button></a></pre><pre>operator: core/NumberReplacer, occurrence: 17</pre><div class="alert alert-secondary"><pre class="diff">--- mutation diff ---
--- astack3.py
+++ bstack3.py
@@ -72,7 +72,7 @@
 
         """Checks if linkedlist is empty."""
 
-        return True if self.__size == 0 else False
+        return True if self.__size == -1 else False
 
     def toArray(self) -&gt; list:
 </pre></div><div class="alert alert-secondary"><pre class="diff">============================= test session starts ==============================
platform linux -- Python 3.10.12, pytest-7.1.3, pluggy-1.0.0
rootdir: /home/lucca/desktop/ic/experimento/testes/python_experiments/stack3/ALL-SMART-GPT-COSMICRAY
plugins: Faker-15.1.1, hypothesis-6.56.3
collected 67 items

test_stack3_COSMICRAY.py .F.                                             [  4%]
test_stack3_DYNAMOSA.py ...F.............                                [ 29%]
test_stack3_MIO.py .....F...............                                 [ 61%]
test_stack3_MOSA.py ...F.............                                    [ 86%]
test_stack3_WHOLE_SUITE.py .......F.                                     [100%]

=========================== short test summary info ============================
FAILED test_stack3_COSMICRAY.py::test_remove_single_element - assert False ==...
FAILED test_stack3_DYNAMOSA.py::test_case_3 - assert False is True
FAILED test_stack3_MIO.py::test_case_5 - assert False is True
FAILED test_stack3_MOSA.py::test_case_3 - assert False is True
FAILED test_stack3_WHOLE_SUITE.py::test_case_7 - assert False is True
========================= 5 failed, 62 passed in 0.17s =========================
</pre></div></div></div></div></div><div class="mb-1" id="job_list___sub_accordion_59"><div class="card"><a data-toggle="collapse" data-target="#job_list___sub_collapse_59_1" aria-expanded="false" aria-controls="job_list___sub_collapse_59_1" href="#" class="job_list___sub_multi_heading"><div role="alert" class="card-header alert-success" id="job_list___sub_heading_59_1"><button class="btn btn-outline-success"><span class="job_id">59 : Job ID b9b174e99ca84de8a99b5206b24d1446</span></button></div></a><div aria-labelledby="job_list___sub_heading_59_1" data-parent="#job_list___sub_accordion_59" class="collapse job_list___sub_multi_collapse" id="job_list___sub_collapse_59_1"><div class="card-body"><div class="work-item"><div class="alert alert-success test-outcome" role="alert"><p>worker outcome: normal</p><p>test outcome: killed</p></div></div><pre class="location"><a href="pycharm://open?file=stack3.py&amp;line=125" class="text-secondary"><button class="btn btn-outline-dark">stack3.py, start pos: (125, 49), end pos: (125, 50)</button></a></pre><pre>operator: core/NumberReplacer, occurrence: 18</pre><div class="alert alert-secondary"><pre class="diff">--- mutation diff ---
--- astack3.py
+++ bstack3.py
@@ -122,7 +122,7 @@
 
         """Check if stack is empty."""
 
-        return True if self.__stack.getSize() == 0 else False
+        return True if self.__stack.getSize() == 1 else False
 
     def getSize(self) -&gt; int:
 </pre></div><div class="alert alert-secondary"><pre class="diff">============================= test session starts ==============================
platform linux -- Python 3.10.12, pytest-7.1.3, pluggy-1.0.0
rootdir: /home/lucca/desktop/ic/experimento/testes/python_experiments/stack3/ALL-SMART-GPT-COSMICRAY
plugins: Faker-15.1.1, hypothesis-6.56.3
collected 67 items

test_stack3_COSMICRAY.py ...                                             [  4%]
test_stack3_DYNAMOSA.py .......F.....F...                                [ 29%]
test_stack3_MIO.py ...........FF........                                 [ 61%]
test_stack3_MOSA.py .......F.....F...                                    [ 86%]
test_stack3_WHOLE_SUITE.py ..F......                                     [100%]

=========================== short test summary info ============================
FAILED test_stack3_DYNAMOSA.py::test_case_7 - assert False is True
FAILED test_stack3_DYNAMOSA.py::test_case_13 - assert True is False
FAILED test_stack3_MIO.py::test_case_11 - assert False is True
FAILED test_stack3_MIO.py::test_case_12 - assert True is False
FAILED test_stack3_MOSA.py::test_case_7 - assert False is True
FAILED test_stack3_MOSA.py::test_case_13 - assert True is False
FAILED test_stack3_WHOLE_SUITE.py::test_case_2 - assert False is True
========================= 7 failed, 60 passed in 0.19s =========================
</pre></div></div></div></div></div><div class="mb-1" id="job_list___sub_accordion_60"><div class="card"><a data-toggle="collapse" data-target="#job_list___sub_collapse_60_1" aria-expanded="false" aria-controls="job_list___sub_collapse_60_1" href="#" class="job_list___sub_multi_heading"><div role="alert" class="card-header alert-success" id="job_list___sub_heading_60_1"><button class="btn btn-outline-success"><span class="job_id">60 : Job ID 559903c0f1674e668c66c63f95cd7554</span></button></div></a><div aria-labelledby="job_list___sub_heading_60_1" data-parent="#job_list___sub_accordion_60" class="collapse job_list___sub_multi_collapse" id="job_list___sub_collapse_60_1"><div class="card-body"><div class="work-item"><div class="alert alert-success test-outcome" role="alert"><p>worker outcome: normal</p><p>test outcome: killed</p></div></div><pre class="location"><a href="pycharm://open?file=stack3.py&amp;line=125" class="text-secondary"><button class="btn btn-outline-dark">stack3.py, start pos: (125, 49), end pos: (125, 50)</button></a></pre><pre>operator: core/NumberReplacer, occurrence: 19</pre><div class="alert alert-secondary"><pre class="diff">--- mutation diff ---
--- astack3.py
+++ bstack3.py
@@ -122,7 +122,7 @@
 
         """Check if stack is empty."""
 
-        return True if self.__stack.getSize() == 0 else False
+        return True if self.__stack.getSize() == -1 else False
 
     def getSize(self) -&gt; int:
 </pre></div><div class="alert alert-secondary"><pre class="diff">============================= test session starts ==============================
platform linux -- Python 3.10.12, pytest-7.1.3, pluggy-1.0.0
rootdir: /home/lucca/desktop/ic/experimento/testes/python_experiments/stack3/ALL-SMART-GPT-COSMICRAY
plugins: Faker-15.1.1, hypothesis-6.56.3
collected 67 items

test_stack3_COSMICRAY.py ...                                             [  4%]
test_stack3_DYNAMOSA.py .......F.........                                [ 29%]
test_stack3_MIO.py ...........F.........                                 [ 61%]
test_stack3_MOSA.py .......F.........                                    [ 86%]
test_stack3_WHOLE_SUITE.py ..F......                                     [100%]

=========================== short test summary info ============================
FAILED test_stack3_DYNAMOSA.py::test_case_7 - assert False is True
FAILED test_stack3_MIO.py::test_case_11 - assert False is True
FAILED test_stack3_MOSA.py::test_case_7 - assert False is True
FAILED test_stack3_WHOLE_SUITE.py::test_case_2 - assert False is True
========================= 4 failed, 63 passed in 0.16s =========================
</pre></div></div></div></div></div><div class="mb-1" id="job_list___sub_accordion_61"><div class="card"><a data-toggle="collapse" data-target="#job_list___sub_collapse_61_1" aria-expanded="false" aria-controls="job_list___sub_collapse_61_1" href="#" class="job_list___sub_multi_heading"><div role="alert" class="card-header alert-success" id="job_list___sub_heading_61_1"><button class="btn btn-outline-success"><span class="job_id">61 : Job ID a3db798a5b3140b39987d719da4db2b9</span></button></div></a><div aria-labelledby="job_list___sub_heading_61_1" data-parent="#job_list___sub_accordion_61" class="collapse job_list___sub_multi_collapse" id="job_list___sub_collapse_61_1"><div class="card-body"><div class="work-item"><div class="alert alert-success test-outcome" role="alert"><p>worker outcome: normal</p><p>test outcome: killed</p></div></div><pre class="location"><a href="pycharm://open?file=stack3.py&amp;line=137" class="text-secondary"><button class="btn btn-outline-dark">stack3.py, start pos: (137, 45), end pos: (137, 46)</button></a></pre><pre>operator: core/NumberReplacer, occurrence: 20</pre><div class="alert alert-secondary"><pre class="diff">--- mutation diff ---
--- astack3.py
+++ bstack3.py
@@ -134,5 +134,5 @@
 
         """Get string representation of the stack."""
 
-        return str(self.__stack.toArray()[::-1])
+        return str(self.__stack.toArray()[::- 2])
 </pre></div><div class="alert alert-secondary"><pre class="diff">============================= test session starts ==============================
platform linux -- Python 3.10.12, pytest-7.1.3, pluggy-1.0.0
rootdir: /home/lucca/desktop/ic/experimento/testes/python_experiments/stack3/ALL-SMART-GPT-COSMICRAY
plugins: Faker-15.1.1, hypothesis-6.56.3
collected 67 items

test_stack3_COSMICRAY.py ..F                                             [  4%]
test_stack3_DYNAMOSA.py .................                                [ 29%]
test_stack3_MIO.py .....................                                 [ 61%]
test_stack3_MOSA.py .................                                    [ 86%]
test_stack3_WHOLE_SUITE.py .........                                     [100%]

=========================== short test summary info ============================
FAILED test_stack3_COSMICRAY.py::test_stack_push - AssertionError: assert '[1...
========================= 1 failed, 66 passed in 0.16s =========================
</pre></div></div></div></div></div><div class="mb-1" id="job_list___sub_accordion_62"><div class="card"><a data-toggle="collapse" data-target="#job_list___sub_collapse_62_1" aria-expanded="false" aria-controls="job_list___sub_collapse_62_1" href="#" class="job_list___sub_multi_heading"><div role="alert" class="card-header alert-success" id="job_list___sub_heading_62_1"><button class="btn btn-outline-success"><span class="job_id">62 : Job ID 3ecf5cc58fcd41b787100772324e0ace</span></button></div></a><div aria-labelledby="job_list___sub_heading_62_1" data-parent="#job_list___sub_accordion_62" class="collapse job_list___sub_multi_collapse" id="job_list___sub_collapse_62_1"><div class="card-body"><div class="work-item"><div class="alert alert-success test-outcome" role="alert"><p>worker outcome: normal</p><p>test outcome: killed</p></div></div><pre class="location"><a href="pycharm://open?file=stack3.py&amp;line=137" class="text-secondary"><button class="btn btn-outline-dark">stack3.py, start pos: (137, 45), end pos: (137, 46)</button></a></pre><pre>operator: core/NumberReplacer, occurrence: 21</pre><div class="alert alert-secondary"><pre class="diff">--- mutation diff ---
--- astack3.py
+++ bstack3.py
@@ -134,5 +134,5 @@
 
         """Get string representation of the stack."""
 
-        return str(self.__stack.toArray()[::-1])
+        return str(self.__stack.toArray()[::- 0])
 </pre></div><div class="alert alert-secondary"><pre class="diff">============================= test session starts ==============================
platform linux -- Python 3.10.12, pytest-7.1.3, pluggy-1.0.0
rootdir: /home/lucca/desktop/ic/experimento/testes/python_experiments/stack3/ALL-SMART-GPT-COSMICRAY
plugins: Faker-15.1.1, hypothesis-6.56.3
collected 67 items

test_stack3_COSMICRAY.py ..F                                             [  4%]
test_stack3_DYNAMOSA.py .....F......F....                                [ 29%]
test_stack3_MIO.py ....................F                                 [ 61%]
test_stack3_MOSA.py .....F......F....                                    [ 86%]
test_stack3_WHOLE_SUITE.py ...F.....                                     [100%]

=========================== short test summary info ============================
FAILED test_stack3_COSMICRAY.py::test_stack_push - ValueError: slice step can...
FAILED test_stack3_DYNAMOSA.py::test_case_5 - ValueError: slice step cannot b...
FAILED test_stack3_DYNAMOSA.py::test_case_12 - ValueError: slice step cannot ...
FAILED test_stack3_MIO.py::test_case_20 - ValueError: slice step cannot be zero
FAILED test_stack3_MOSA.py::test_case_5 - ValueError: slice step cannot be zero
FAILED test_stack3_MOSA.py::test_case_12 - ValueError: slice step cannot be zero
FAILED test_stack3_WHOLE_SUITE.py::test_case_3 - ValueError: slice step canno...
========================= 7 failed, 60 passed in 0.16s =========================
</pre></div></div></div></div></div></div></div></div></div></div><script src="https://code.jquery.com/jquery-3.3.1.slim.min.js" integrity="sha384-q8i/X+965DzO0rT7abK41JStQIAqVgRVzpbzo5smXKp4YfRvH+8abtTE1Pi6jizo" crossorigin="anonymous"></script><script src="https://cdnjs.cloudflare.com/ajax/libs/popper.js/1.14.7/umd/popper.min.js" integrity="sha384-UO2eT0CpHqdSJQ6hJty5KVphtPhzWj9WO1clHTMGa3JDZwrnQq4sF86dIHNDz0W1" crossorigin="anonymous"></script><script src="https://stackpath.bootstrapcdn.com/bootstrap/4.3.1/js/bootstrap.min.js" integrity="sha384-JjSmVgyd0p3pXB1rRibZUAYoIIy6OrQ6VrjIEaFf/nJGzIxFDsf4x0xIM+B07jRM" crossorigin="anonymous"></script><script type="text/javascript">$('div.job_list___sub_multi_collapse').on('shown.bs.collapse',  function () {    correct_behavior_functional_buttons();  });$('div.job_list___sub_multi_collapse').on('hidden.bs.collapse',  function () {    correct_behavior_functional_buttons();  });function correct_behavior_functional_buttons() {    var expand = false;    var collapse = false;    $('a.job_list___sub_multi_heading').each(function(index) {      if ($(this).attr('aria-expanded') == 'false') {        expand = true;        return false;      };    });    $('a.job_list___sub_multi_heading').each(function(index) {      if ($(this).attr('aria-expanded') == 'true') {        collapse = true;        return false;      };    });    if (expand) {      $('div#job_item_expand_all').css('display', 'inline-block');    } else {      $('div#job_item_expand_all').css('display', 'none');    };    if (collapse) {      $('div#job_item_collapse_all').css('display', 'inline-block');    } else {      $('div#job_item_collapse_all').css('display', 'none');    };  };correct_behavior_functional_buttons();</script></body></html>
