<!DOCTYPE html><html lang="en"><head><meta charset="utf-8" /><meta name="viewport" content="width=device-width, initial-scale=1, shrink-to-fit=no" /><link rel="stylesheet" href="https://stackpath.bootstrapcdn.com/bootstrap/4.3.1/css/bootstrap.min.css" integrity="sha384-ggOyR0iXCbMQv3Xipma34MD+dH/1fQ784/j6cY/iJTQUOhcWr7x9JvoRxT2MZw1T" crossorigin="anonymous" /><title>Cosmic Ray Report</title></head><body><div class="container"><h1><p class="text-dark">Cosmic Ray Report</p></h1></div><div class="container"><div class="mb-1" id="summary_info___accordion"><div class="card"><a data-toggle="collapse" data-target="#summary_info___collapse_1" aria-expanded="true" aria-controls="summary_info___collapse_1" href="#"><div class="card-header" id="summary_info___heading_1"><button class="btn btn-outline-dark"><h4 class="m-0">Summary info</h4></button></div></a><div aria-labelledby="summary_info___heading_1" data-parent="#summary_info___accordion" class="collapse show" id="summary_info___collapse_1"><div class="card-body"><p>Date time: 20/04/2023 19:52:34</p><p>Total jobs: 72</p><p>Complete: 72 (100.00%)</p><p>Surviving mutants: 11 (15.28%)</p></div></div></div></div><div class="mb-1" id="job_list___accordion"><div class="card"><a data-toggle="collapse" data-target="#job_list___collapse_1" aria-expanded="false" aria-controls="job_list___collapse_1" href="#"><div class="card-header" id="job_list___heading_1"><button class="btn btn-outline-dark"><h4 class="m-0">Job list</h4></button></div></a><div aria-labelledby="job_list___heading_1" data-parent="#job_list___accordion" class="collapse" id="job_list___collapse_1"><div class="card-body"><div class="text-right mb-1"><div class="mx-1" id="job_item_expand_all"><a href="#" onclick="$('div.job_list___sub_multi_collapse').collapse('show');"><button class="btn btn-outline-dark"><span>Expand All</span></button></a></div><div class="mx-1" id="job_item_collapse_all"><a href="#" onclick="$('div.job_list___sub_multi_collapse').collapse('hide');"><button class="btn btn-outline-dark"><span>Collapse All</span></button></a></div></div><div class="mb-1" id="job_list___sub_accordion_1"><div class="card"><a data-toggle="collapse" data-target="#job_list___sub_collapse_1_1" aria-expanded="false" aria-controls="job_list___sub_collapse_1_1" href="#" class="job_list___sub_multi_heading"><div role="alert" class="card-header alert-success" id="job_list___sub_heading_1_1"><button class="btn btn-outline-success"><span class="job_id">1 : Job ID 1cae862a5e5c4f4ba1a8637f074e4d61</span></button></div></a><div aria-labelledby="job_list___sub_heading_1_1" data-parent="#job_list___sub_accordion_1" class="collapse job_list___sub_multi_collapse" id="job_list___sub_collapse_1_1"><div class="card-body"><div class="work-item"><div class="alert alert-success test-outcome" role="alert"><p>worker outcome: normal</p><p>test outcome: killed</p></div></div><pre class="location"><a href="pycharm://open?file=stack4.py&amp;line=84" class="text-secondary"><button class="btn btn-outline-dark">stack4.py, start pos: (84, 38), end pos: (84, 39)</button></a></pre><pre>operator: core/ReplaceBinaryOperator_Add_Sub, occurrence: 0</pre><div class="alert alert-secondary"><pre class="diff">--- mutation diff ---
--- astack4.py
+++ bstack4.py
@@ -81,7 +81,7 @@
         curr = self.head
         display = '('
         while curr:
-            display += str(curr.data) + ', '
+            display += str(curr.data) - ', '
             curr = curr.next
         return display[:-2] + ')'
 </pre></div><div class="alert alert-secondary"><pre class="diff">============================= test session starts ==============================
platform linux -- Python 3.10.10, pytest-7.2.1, pluggy-1.0.0
rootdir: /home/auri/temp/lucca/python_experiments/stack4
collected 42 items

DYNAMOSA-MOSA-WHOLE_SUITE/test_stack4_DYNAMOSA.py ......F.....F...       [ 38%]
DYNAMOSA-MOSA-WHOLE_SUITE/test_stack4_MOSA.py .F.FFF...F......F          [ 78%]
DYNAMOSA-MOSA-WHOLE_SUITE/test_stack4_WHOLE_SUITE.py .F.......           [100%]

=========================== short test summary info ============================
FAILED DYNAMOSA-MOSA-WHOLE_SUITE/test_stack4_DYNAMOSA.py::test_case_6 - TypeE...
FAILED DYNAMOSA-MOSA-WHOLE_SUITE/test_stack4_DYNAMOSA.py::test_case_12 - Type...
FAILED DYNAMOSA-MOSA-WHOLE_SUITE/test_stack4_MOSA.py::test_case_1 - TypeError...
FAILED DYNAMOSA-MOSA-WHOLE_SUITE/test_stack4_MOSA.py::test_case_3 - TypeError...
FAILED DYNAMOSA-MOSA-WHOLE_SUITE/test_stack4_MOSA.py::test_case_4 - TypeError...
FAILED DYNAMOSA-MOSA-WHOLE_SUITE/test_stack4_MOSA.py::test_case_5 - TypeError...
FAILED DYNAMOSA-MOSA-WHOLE_SUITE/test_stack4_MOSA.py::test_case_9 - TypeError...
FAILED DYNAMOSA-MOSA-WHOLE_SUITE/test_stack4_MOSA.py::test_case_16 - TypeErro...
FAILED DYNAMOSA-MOSA-WHOLE_SUITE/test_stack4_WHOLE_SUITE.py::test_case_1 - Ty...
========================= 9 failed, 33 passed in 0.09s =========================
</pre></div></div></div></div></div><div class="mb-1" id="job_list___sub_accordion_2"><div class="card"><a data-toggle="collapse" data-target="#job_list___sub_collapse_2_1" aria-expanded="false" aria-controls="job_list___sub_collapse_2_1" href="#" class="job_list___sub_multi_heading"><div role="alert" class="card-header alert-success" id="job_list___sub_heading_2_1"><button class="btn btn-outline-success"><span class="job_id">2 : Job ID ccdaa893414643cd85a378328925aa3b</span></button></div></a><div aria-labelledby="job_list___sub_heading_2_1" data-parent="#job_list___sub_accordion_2" class="collapse job_list___sub_multi_collapse" id="job_list___sub_collapse_2_1"><div class="card-body"><div class="work-item"><div class="alert alert-success test-outcome" role="alert"><p>worker outcome: normal</p><p>test outcome: killed</p></div></div><pre class="location"><a href="pycharm://open?file=stack4.py&amp;line=86" class="text-secondary"><button class="btn btn-outline-dark">stack4.py, start pos: (86, 28), end pos: (86, 29)</button></a></pre><pre>operator: core/ReplaceBinaryOperator_Add_Sub, occurrence: 1</pre><div class="alert alert-secondary"><pre class="diff">--- mutation diff ---
--- astack4.py
+++ bstack4.py
@@ -83,7 +83,7 @@
         while curr:
             display += str(curr.data) + ', '
             curr = curr.next
-        return display[:-2] + ')'
+        return display[:-2] - ')'
 
 
 class Stack(object):</pre></div><div class="alert alert-secondary"><pre class="diff">============================= test session starts ==============================
platform linux -- Python 3.10.10, pytest-7.2.1, pluggy-1.0.0
rootdir: /home/auri/temp/lucca/python_experiments/stack4
collected 42 items

DYNAMOSA-MOSA-WHOLE_SUITE/test_stack4_DYNAMOSA.py ......FF....F...       [ 38%]
DYNAMOSA-MOSA-WHOLE_SUITE/test_stack4_MOSA.py .F.FFF...FF.....F          [ 78%]
DYNAMOSA-MOSA-WHOLE_SUITE/test_stack4_WHOLE_SUITE.py FFF......           [100%]

=========================== short test summary info ============================
FAILED DYNAMOSA-MOSA-WHOLE_SUITE/test_stack4_DYNAMOSA.py::test_case_6 - TypeE...
FAILED DYNAMOSA-MOSA-WHOLE_SUITE/test_stack4_DYNAMOSA.py::test_case_7 - TypeE...
FAILED DYNAMOSA-MOSA-WHOLE_SUITE/test_stack4_DYNAMOSA.py::test_case_12 - Type...
FAILED DYNAMOSA-MOSA-WHOLE_SUITE/test_stack4_MOSA.py::test_case_1 - TypeError...
FAILED DYNAMOSA-MOSA-WHOLE_SUITE/test_stack4_MOSA.py::test_case_3 - TypeError...
FAILED DYNAMOSA-MOSA-WHOLE_SUITE/test_stack4_MOSA.py::test_case_4 - TypeError...
FAILED DYNAMOSA-MOSA-WHOLE_SUITE/test_stack4_MOSA.py::test_case_5 - TypeError...
FAILED DYNAMOSA-MOSA-WHOLE_SUITE/test_stack4_MOSA.py::test_case_9 - TypeError...
FAILED DYNAMOSA-MOSA-WHOLE_SUITE/test_stack4_MOSA.py::test_case_10 - TypeErro...
FAILED DYNAMOSA-MOSA-WHOLE_SUITE/test_stack4_MOSA.py::test_case_16 - TypeErro...
FAILED DYNAMOSA-MOSA-WHOLE_SUITE/test_stack4_WHOLE_SUITE.py::test_case_0 - Ty...
FAILED DYNAMOSA-MOSA-WHOLE_SUITE/test_stack4_WHOLE_SUITE.py::test_case_1 - Ty...
FAILED DYNAMOSA-MOSA-WHOLE_SUITE/test_stack4_WHOLE_SUITE.py::test_case_2 - Ty...
======================== 13 failed, 29 passed in 0.08s =========================
</pre></div></div></div></div></div><div class="mb-1" id="job_list___sub_accordion_3"><div class="card"><a data-toggle="collapse" data-target="#job_list___sub_collapse_3_1" aria-expanded="false" aria-controls="job_list___sub_collapse_3_1" href="#" class="job_list___sub_multi_heading"><div role="alert" class="card-header alert-success" id="job_list___sub_heading_3_1"><button class="btn btn-outline-success"><span class="job_id">3 : Job ID 32b3133825664bf18d877e0631fbd3f9</span></button></div></a><div aria-labelledby="job_list___sub_heading_3_1" data-parent="#job_list___sub_accordion_3" class="collapse job_list___sub_multi_collapse" id="job_list___sub_collapse_3_1"><div class="card-body"><div class="work-item"><div class="alert alert-success test-outcome" role="alert"><p>worker outcome: normal</p><p>test outcome: killed</p></div></div><pre class="location"><a href="pycharm://open?file=stack4.py&amp;line=84" class="text-secondary"><button class="btn btn-outline-dark">stack4.py, start pos: (84, 38), end pos: (84, 39)</button></a></pre><pre>operator: core/ReplaceBinaryOperator_Add_Mul, occurrence: 0</pre><div class="alert alert-secondary"><pre class="diff">--- mutation diff ---
--- astack4.py
+++ bstack4.py
@@ -81,7 +81,7 @@
         curr = self.head
         display = '('
         while curr:
-            display += str(curr.data) + ', '
+            display += str(curr.data) * ', '
             curr = curr.next
         return display[:-2] + ')'
 </pre></div><div class="alert alert-secondary"><pre class="diff">============================= test session starts ==============================
platform linux -- Python 3.10.10, pytest-7.2.1, pluggy-1.0.0
rootdir: /home/auri/temp/lucca/python_experiments/stack4
collected 42 items

DYNAMOSA-MOSA-WHOLE_SUITE/test_stack4_DYNAMOSA.py ......F.....F...       [ 38%]
DYNAMOSA-MOSA-WHOLE_SUITE/test_stack4_MOSA.py .F.FFF...F......F          [ 78%]
DYNAMOSA-MOSA-WHOLE_SUITE/test_stack4_WHOLE_SUITE.py .F.......           [100%]

=========================== short test summary info ============================
FAILED DYNAMOSA-MOSA-WHOLE_SUITE/test_stack4_DYNAMOSA.py::test_case_6 - TypeE...
FAILED DYNAMOSA-MOSA-WHOLE_SUITE/test_stack4_DYNAMOSA.py::test_case_12 - Type...
FAILED DYNAMOSA-MOSA-WHOLE_SUITE/test_stack4_MOSA.py::test_case_1 - TypeError...
FAILED DYNAMOSA-MOSA-WHOLE_SUITE/test_stack4_MOSA.py::test_case_3 - TypeError...
FAILED DYNAMOSA-MOSA-WHOLE_SUITE/test_stack4_MOSA.py::test_case_4 - TypeError...
FAILED DYNAMOSA-MOSA-WHOLE_SUITE/test_stack4_MOSA.py::test_case_5 - TypeError...
FAILED DYNAMOSA-MOSA-WHOLE_SUITE/test_stack4_MOSA.py::test_case_9 - TypeError...
FAILED DYNAMOSA-MOSA-WHOLE_SUITE/test_stack4_MOSA.py::test_case_16 - TypeErro...
FAILED DYNAMOSA-MOSA-WHOLE_SUITE/test_stack4_WHOLE_SUITE.py::test_case_1 - Ty...
========================= 9 failed, 33 passed in 0.09s =========================
</pre></div></div></div></div></div><div class="mb-1" id="job_list___sub_accordion_4"><div class="card"><a data-toggle="collapse" data-target="#job_list___sub_collapse_4_1" aria-expanded="false" aria-controls="job_list___sub_collapse_4_1" href="#" class="job_list___sub_multi_heading"><div role="alert" class="card-header alert-success" id="job_list___sub_heading_4_1"><button class="btn btn-outline-success"><span class="job_id">4 : Job ID e8fbb7b07a4a48d29bbc00d465201bb4</span></button></div></a><div aria-labelledby="job_list___sub_heading_4_1" data-parent="#job_list___sub_accordion_4" class="collapse job_list___sub_multi_collapse" id="job_list___sub_collapse_4_1"><div class="card-body"><div class="work-item"><div class="alert alert-success test-outcome" role="alert"><p>worker outcome: normal</p><p>test outcome: killed</p></div></div><pre class="location"><a href="pycharm://open?file=stack4.py&amp;line=86" class="text-secondary"><button class="btn btn-outline-dark">stack4.py, start pos: (86, 28), end pos: (86, 29)</button></a></pre><pre>operator: core/ReplaceBinaryOperator_Add_Mul, occurrence: 1</pre><div class="alert alert-secondary"><pre class="diff">--- mutation diff ---
--- astack4.py
+++ bstack4.py
@@ -83,7 +83,7 @@
         while curr:
             display += str(curr.data) + ', '
             curr = curr.next
-        return display[:-2] + ')'
+        return display[:-2] * ')'
 
 
 class Stack(object):</pre></div><div class="alert alert-secondary"><pre class="diff">============================= test session starts ==============================
platform linux -- Python 3.10.10, pytest-7.2.1, pluggy-1.0.0
rootdir: /home/auri/temp/lucca/python_experiments/stack4
collected 42 items

DYNAMOSA-MOSA-WHOLE_SUITE/test_stack4_DYNAMOSA.py ......FF....F...       [ 38%]
DYNAMOSA-MOSA-WHOLE_SUITE/test_stack4_MOSA.py .F.FFF...FF.....F          [ 78%]
DYNAMOSA-MOSA-WHOLE_SUITE/test_stack4_WHOLE_SUITE.py FFF......           [100%]

=========================== short test summary info ============================
FAILED DYNAMOSA-MOSA-WHOLE_SUITE/test_stack4_DYNAMOSA.py::test_case_6 - TypeE...
FAILED DYNAMOSA-MOSA-WHOLE_SUITE/test_stack4_DYNAMOSA.py::test_case_7 - TypeE...
FAILED DYNAMOSA-MOSA-WHOLE_SUITE/test_stack4_DYNAMOSA.py::test_case_12 - Type...
FAILED DYNAMOSA-MOSA-WHOLE_SUITE/test_stack4_MOSA.py::test_case_1 - TypeError...
FAILED DYNAMOSA-MOSA-WHOLE_SUITE/test_stack4_MOSA.py::test_case_3 - TypeError...
FAILED DYNAMOSA-MOSA-WHOLE_SUITE/test_stack4_MOSA.py::test_case_4 - TypeError...
FAILED DYNAMOSA-MOSA-WHOLE_SUITE/test_stack4_MOSA.py::test_case_5 - TypeError...
FAILED DYNAMOSA-MOSA-WHOLE_SUITE/test_stack4_MOSA.py::test_case_9 - TypeError...
FAILED DYNAMOSA-MOSA-WHOLE_SUITE/test_stack4_MOSA.py::test_case_10 - TypeErro...
FAILED DYNAMOSA-MOSA-WHOLE_SUITE/test_stack4_MOSA.py::test_case_16 - TypeErro...
FAILED DYNAMOSA-MOSA-WHOLE_SUITE/test_stack4_WHOLE_SUITE.py::test_case_0 - Ty...
FAILED DYNAMOSA-MOSA-WHOLE_SUITE/test_stack4_WHOLE_SUITE.py::test_case_1 - Ty...
FAILED DYNAMOSA-MOSA-WHOLE_SUITE/test_stack4_WHOLE_SUITE.py::test_case_2 - Ty...
======================== 13 failed, 29 passed in 0.09s =========================
</pre></div></div></div></div></div><div class="mb-1" id="job_list___sub_accordion_5"><div class="card"><a data-toggle="collapse" data-target="#job_list___sub_collapse_5_1" aria-expanded="false" aria-controls="job_list___sub_collapse_5_1" href="#" class="job_list___sub_multi_heading"><div role="alert" class="card-header alert-success" id="job_list___sub_heading_5_1"><button class="btn btn-outline-success"><span class="job_id">5 : Job ID 373b05568fb84a598d6fd8bd8786815a</span></button></div></a><div aria-labelledby="job_list___sub_heading_5_1" data-parent="#job_list___sub_accordion_5" class="collapse job_list___sub_multi_collapse" id="job_list___sub_collapse_5_1"><div class="card-body"><div class="work-item"><div class="alert alert-success test-outcome" role="alert"><p>worker outcome: normal</p><p>test outcome: killed</p></div></div><pre class="location"><a href="pycharm://open?file=stack4.py&amp;line=84" class="text-secondary"><button class="btn btn-outline-dark">stack4.py, start pos: (84, 38), end pos: (84, 39)</button></a></pre><pre>operator: core/ReplaceBinaryOperator_Add_Div, occurrence: 0</pre><div class="alert alert-secondary"><pre class="diff">--- mutation diff ---
--- astack4.py
+++ bstack4.py
@@ -81,7 +81,7 @@
         curr = self.head
         display = '('
         while curr:
-            display += str(curr.data) + ', '
+            display += str(curr.data) / ', '
             curr = curr.next
         return display[:-2] + ')'
 </pre></div><div class="alert alert-secondary"><pre class="diff">============================= test session starts ==============================
platform linux -- Python 3.10.10, pytest-7.2.1, pluggy-1.0.0
rootdir: /home/auri/temp/lucca/python_experiments/stack4
collected 42 items

DYNAMOSA-MOSA-WHOLE_SUITE/test_stack4_DYNAMOSA.py ......F.....F...       [ 38%]
DYNAMOSA-MOSA-WHOLE_SUITE/test_stack4_MOSA.py .F.FFF...F......F          [ 78%]
DYNAMOSA-MOSA-WHOLE_SUITE/test_stack4_WHOLE_SUITE.py .F.......           [100%]

=========================== short test summary info ============================
FAILED DYNAMOSA-MOSA-WHOLE_SUITE/test_stack4_DYNAMOSA.py::test_case_6 - TypeE...
FAILED DYNAMOSA-MOSA-WHOLE_SUITE/test_stack4_DYNAMOSA.py::test_case_12 - Type...
FAILED DYNAMOSA-MOSA-WHOLE_SUITE/test_stack4_MOSA.py::test_case_1 - TypeError...
FAILED DYNAMOSA-MOSA-WHOLE_SUITE/test_stack4_MOSA.py::test_case_3 - TypeError...
FAILED DYNAMOSA-MOSA-WHOLE_SUITE/test_stack4_MOSA.py::test_case_4 - TypeError...
FAILED DYNAMOSA-MOSA-WHOLE_SUITE/test_stack4_MOSA.py::test_case_5 - TypeError...
FAILED DYNAMOSA-MOSA-WHOLE_SUITE/test_stack4_MOSA.py::test_case_9 - TypeError...
FAILED DYNAMOSA-MOSA-WHOLE_SUITE/test_stack4_MOSA.py::test_case_16 - TypeErro...
FAILED DYNAMOSA-MOSA-WHOLE_SUITE/test_stack4_WHOLE_SUITE.py::test_case_1 - Ty...
========================= 9 failed, 33 passed in 0.09s =========================
</pre></div></div></div></div></div><div class="mb-1" id="job_list___sub_accordion_6"><div class="card"><a data-toggle="collapse" data-target="#job_list___sub_collapse_6_1" aria-expanded="false" aria-controls="job_list___sub_collapse_6_1" href="#" class="job_list___sub_multi_heading"><div role="alert" class="card-header alert-success" id="job_list___sub_heading_6_1"><button class="btn btn-outline-success"><span class="job_id">6 : Job ID 4a9106ca29784be798a1c96be98f6fb5</span></button></div></a><div aria-labelledby="job_list___sub_heading_6_1" data-parent="#job_list___sub_accordion_6" class="collapse job_list___sub_multi_collapse" id="job_list___sub_collapse_6_1"><div class="card-body"><div class="work-item"><div class="alert alert-success test-outcome" role="alert"><p>worker outcome: normal</p><p>test outcome: killed</p></div></div><pre class="location"><a href="pycharm://open?file=stack4.py&amp;line=86" class="text-secondary"><button class="btn btn-outline-dark">stack4.py, start pos: (86, 28), end pos: (86, 29)</button></a></pre><pre>operator: core/ReplaceBinaryOperator_Add_Div, occurrence: 1</pre><div class="alert alert-secondary"><pre class="diff">--- mutation diff ---
--- astack4.py
+++ bstack4.py
@@ -83,7 +83,7 @@
         while curr:
             display += str(curr.data) + ', '
             curr = curr.next
-        return display[:-2] + ')'
+        return display[:-2] / ')'
 
 
 class Stack(object):</pre></div><div class="alert alert-secondary"><pre class="diff">============================= test session starts ==============================
platform linux -- Python 3.10.10, pytest-7.2.1, pluggy-1.0.0
rootdir: /home/auri/temp/lucca/python_experiments/stack4
collected 42 items

DYNAMOSA-MOSA-WHOLE_SUITE/test_stack4_DYNAMOSA.py ......FF....F...       [ 38%]
DYNAMOSA-MOSA-WHOLE_SUITE/test_stack4_MOSA.py .F.FFF...FF.....F          [ 78%]
DYNAMOSA-MOSA-WHOLE_SUITE/test_stack4_WHOLE_SUITE.py FFF......           [100%]

=========================== short test summary info ============================
FAILED DYNAMOSA-MOSA-WHOLE_SUITE/test_stack4_DYNAMOSA.py::test_case_6 - TypeE...
FAILED DYNAMOSA-MOSA-WHOLE_SUITE/test_stack4_DYNAMOSA.py::test_case_7 - TypeE...
FAILED DYNAMOSA-MOSA-WHOLE_SUITE/test_stack4_DYNAMOSA.py::test_case_12 - Type...
FAILED DYNAMOSA-MOSA-WHOLE_SUITE/test_stack4_MOSA.py::test_case_1 - TypeError...
FAILED DYNAMOSA-MOSA-WHOLE_SUITE/test_stack4_MOSA.py::test_case_3 - TypeError...
FAILED DYNAMOSA-MOSA-WHOLE_SUITE/test_stack4_MOSA.py::test_case_4 - TypeError...
FAILED DYNAMOSA-MOSA-WHOLE_SUITE/test_stack4_MOSA.py::test_case_5 - TypeError...
FAILED DYNAMOSA-MOSA-WHOLE_SUITE/test_stack4_MOSA.py::test_case_9 - TypeError...
FAILED DYNAMOSA-MOSA-WHOLE_SUITE/test_stack4_MOSA.py::test_case_10 - TypeErro...
FAILED DYNAMOSA-MOSA-WHOLE_SUITE/test_stack4_MOSA.py::test_case_16 - TypeErro...
FAILED DYNAMOSA-MOSA-WHOLE_SUITE/test_stack4_WHOLE_SUITE.py::test_case_0 - Ty...
FAILED DYNAMOSA-MOSA-WHOLE_SUITE/test_stack4_WHOLE_SUITE.py::test_case_1 - Ty...
FAILED DYNAMOSA-MOSA-WHOLE_SUITE/test_stack4_WHOLE_SUITE.py::test_case_2 - Ty...
======================== 13 failed, 29 passed in 0.09s =========================
</pre></div></div></div></div></div><div class="mb-1" id="job_list___sub_accordion_7"><div class="card"><a data-toggle="collapse" data-target="#job_list___sub_collapse_7_1" aria-expanded="false" aria-controls="job_list___sub_collapse_7_1" href="#" class="job_list___sub_multi_heading"><div role="alert" class="card-header alert-success" id="job_list___sub_heading_7_1"><button class="btn btn-outline-success"><span class="job_id">7 : Job ID 4fe68a83a26e43e782f7e680dd439607</span></button></div></a><div aria-labelledby="job_list___sub_heading_7_1" data-parent="#job_list___sub_accordion_7" class="collapse job_list___sub_multi_collapse" id="job_list___sub_collapse_7_1"><div class="card-body"><div class="work-item"><div class="alert alert-success test-outcome" role="alert"><p>worker outcome: normal</p><p>test outcome: killed</p></div></div><pre class="location"><a href="pycharm://open?file=stack4.py&amp;line=84" class="text-secondary"><button class="btn btn-outline-dark">stack4.py, start pos: (84, 38), end pos: (84, 39)</button></a></pre><pre>operator: core/ReplaceBinaryOperator_Add_FloorDiv, occurrence: 0</pre><div class="alert alert-secondary"><pre class="diff">--- mutation diff ---
--- astack4.py
+++ bstack4.py
@@ -81,7 +81,7 @@
         curr = self.head
         display = '('
         while curr:
-            display += str(curr.data) + ', '
+            display += str(curr.data) // ', '
             curr = curr.next
         return display[:-2] + ')'
 </pre></div><div class="alert alert-secondary"><pre class="diff">============================= test session starts ==============================
platform linux -- Python 3.10.10, pytest-7.2.1, pluggy-1.0.0
rootdir: /home/auri/temp/lucca/python_experiments/stack4
collected 42 items

DYNAMOSA-MOSA-WHOLE_SUITE/test_stack4_DYNAMOSA.py ......F.....F...       [ 38%]
DYNAMOSA-MOSA-WHOLE_SUITE/test_stack4_MOSA.py .F.FFF...F......F          [ 78%]
DYNAMOSA-MOSA-WHOLE_SUITE/test_stack4_WHOLE_SUITE.py .F.......           [100%]

=========================== short test summary info ============================
FAILED DYNAMOSA-MOSA-WHOLE_SUITE/test_stack4_DYNAMOSA.py::test_case_6 - TypeE...
FAILED DYNAMOSA-MOSA-WHOLE_SUITE/test_stack4_DYNAMOSA.py::test_case_12 - Type...
FAILED DYNAMOSA-MOSA-WHOLE_SUITE/test_stack4_MOSA.py::test_case_1 - TypeError...
FAILED DYNAMOSA-MOSA-WHOLE_SUITE/test_stack4_MOSA.py::test_case_3 - TypeError...
FAILED DYNAMOSA-MOSA-WHOLE_SUITE/test_stack4_MOSA.py::test_case_4 - TypeError...
FAILED DYNAMOSA-MOSA-WHOLE_SUITE/test_stack4_MOSA.py::test_case_5 - TypeError...
FAILED DYNAMOSA-MOSA-WHOLE_SUITE/test_stack4_MOSA.py::test_case_9 - TypeError...
FAILED DYNAMOSA-MOSA-WHOLE_SUITE/test_stack4_MOSA.py::test_case_16 - TypeErro...
FAILED DYNAMOSA-MOSA-WHOLE_SUITE/test_stack4_WHOLE_SUITE.py::test_case_1 - Ty...
========================= 9 failed, 33 passed in 0.09s =========================
</pre></div></div></div></div></div><div class="mb-1" id="job_list___sub_accordion_8"><div class="card"><a data-toggle="collapse" data-target="#job_list___sub_collapse_8_1" aria-expanded="false" aria-controls="job_list___sub_collapse_8_1" href="#" class="job_list___sub_multi_heading"><div role="alert" class="card-header alert-success" id="job_list___sub_heading_8_1"><button class="btn btn-outline-success"><span class="job_id">8 : Job ID 9002467a5d9f4275ae53fc2aea565a15</span></button></div></a><div aria-labelledby="job_list___sub_heading_8_1" data-parent="#job_list___sub_accordion_8" class="collapse job_list___sub_multi_collapse" id="job_list___sub_collapse_8_1"><div class="card-body"><div class="work-item"><div class="alert alert-success test-outcome" role="alert"><p>worker outcome: normal</p><p>test outcome: killed</p></div></div><pre class="location"><a href="pycharm://open?file=stack4.py&amp;line=86" class="text-secondary"><button class="btn btn-outline-dark">stack4.py, start pos: (86, 28), end pos: (86, 29)</button></a></pre><pre>operator: core/ReplaceBinaryOperator_Add_FloorDiv, occurrence: 1</pre><div class="alert alert-secondary"><pre class="diff">--- mutation diff ---
--- astack4.py
+++ bstack4.py
@@ -83,7 +83,7 @@
         while curr:
             display += str(curr.data) + ', '
             curr = curr.next
-        return display[:-2] + ')'
+        return display[:-2] // ')'
 
 
 class Stack(object):</pre></div><div class="alert alert-secondary"><pre class="diff">============================= test session starts ==============================
platform linux -- Python 3.10.10, pytest-7.2.1, pluggy-1.0.0
rootdir: /home/auri/temp/lucca/python_experiments/stack4
collected 42 items

DYNAMOSA-MOSA-WHOLE_SUITE/test_stack4_DYNAMOSA.py ......FF....F...       [ 38%]
DYNAMOSA-MOSA-WHOLE_SUITE/test_stack4_MOSA.py .F.FFF...FF.....F          [ 78%]
DYNAMOSA-MOSA-WHOLE_SUITE/test_stack4_WHOLE_SUITE.py FFF......           [100%]

=========================== short test summary info ============================
FAILED DYNAMOSA-MOSA-WHOLE_SUITE/test_stack4_DYNAMOSA.py::test_case_6 - TypeE...
FAILED DYNAMOSA-MOSA-WHOLE_SUITE/test_stack4_DYNAMOSA.py::test_case_7 - TypeE...
FAILED DYNAMOSA-MOSA-WHOLE_SUITE/test_stack4_DYNAMOSA.py::test_case_12 - Type...
FAILED DYNAMOSA-MOSA-WHOLE_SUITE/test_stack4_MOSA.py::test_case_1 - TypeError...
FAILED DYNAMOSA-MOSA-WHOLE_SUITE/test_stack4_MOSA.py::test_case_3 - TypeError...
FAILED DYNAMOSA-MOSA-WHOLE_SUITE/test_stack4_MOSA.py::test_case_4 - TypeError...
FAILED DYNAMOSA-MOSA-WHOLE_SUITE/test_stack4_MOSA.py::test_case_5 - TypeError...
FAILED DYNAMOSA-MOSA-WHOLE_SUITE/test_stack4_MOSA.py::test_case_9 - TypeError...
FAILED DYNAMOSA-MOSA-WHOLE_SUITE/test_stack4_MOSA.py::test_case_10 - TypeErro...
FAILED DYNAMOSA-MOSA-WHOLE_SUITE/test_stack4_MOSA.py::test_case_16 - TypeErro...
FAILED DYNAMOSA-MOSA-WHOLE_SUITE/test_stack4_WHOLE_SUITE.py::test_case_0 - Ty...
FAILED DYNAMOSA-MOSA-WHOLE_SUITE/test_stack4_WHOLE_SUITE.py::test_case_1 - Ty...
FAILED DYNAMOSA-MOSA-WHOLE_SUITE/test_stack4_WHOLE_SUITE.py::test_case_2 - Ty...
======================== 13 failed, 29 passed in 0.09s =========================
</pre></div></div></div></div></div><div class="mb-1" id="job_list___sub_accordion_9"><div class="card"><a data-toggle="collapse" data-target="#job_list___sub_collapse_9_1" aria-expanded="false" aria-controls="job_list___sub_collapse_9_1" href="#" class="job_list___sub_multi_heading"><div role="alert" class="card-header alert-success" id="job_list___sub_heading_9_1"><button class="btn btn-outline-success"><span class="job_id">9 : Job ID bf8b056b5f0b4fc99f7b69606ac5e062</span></button></div></a><div aria-labelledby="job_list___sub_heading_9_1" data-parent="#job_list___sub_accordion_9" class="collapse job_list___sub_multi_collapse" id="job_list___sub_collapse_9_1"><div class="card-body"><div class="work-item"><div class="alert alert-success test-outcome" role="alert"><p>worker outcome: normal</p><p>test outcome: killed</p></div></div><pre class="location"><a href="pycharm://open?file=stack4.py&amp;line=84" class="text-secondary"><button class="btn btn-outline-dark">stack4.py, start pos: (84, 38), end pos: (84, 39)</button></a></pre><pre>operator: core/ReplaceBinaryOperator_Add_Mod, occurrence: 0</pre><div class="alert alert-secondary"><pre class="diff">--- mutation diff ---
--- astack4.py
+++ bstack4.py
@@ -81,7 +81,7 @@
         curr = self.head
         display = '('
         while curr:
-            display += str(curr.data) + ', '
+            display += str(curr.data) % ', '
             curr = curr.next
         return display[:-2] + ')'
 </pre></div><div class="alert alert-secondary"><pre class="diff">============================= test session starts ==============================
platform linux -- Python 3.10.10, pytest-7.2.1, pluggy-1.0.0
rootdir: /home/auri/temp/lucca/python_experiments/stack4
collected 42 items

DYNAMOSA-MOSA-WHOLE_SUITE/test_stack4_DYNAMOSA.py ......F.....F...       [ 38%]
DYNAMOSA-MOSA-WHOLE_SUITE/test_stack4_MOSA.py .F.FFF...F......F          [ 78%]
DYNAMOSA-MOSA-WHOLE_SUITE/test_stack4_WHOLE_SUITE.py .F.......           [100%]

=========================== short test summary info ============================
FAILED DYNAMOSA-MOSA-WHOLE_SUITE/test_stack4_DYNAMOSA.py::test_case_6 - TypeE...
FAILED DYNAMOSA-MOSA-WHOLE_SUITE/test_stack4_DYNAMOSA.py::test_case_12 - Type...
FAILED DYNAMOSA-MOSA-WHOLE_SUITE/test_stack4_MOSA.py::test_case_1 - TypeError...
FAILED DYNAMOSA-MOSA-WHOLE_SUITE/test_stack4_MOSA.py::test_case_3 - TypeError...
FAILED DYNAMOSA-MOSA-WHOLE_SUITE/test_stack4_MOSA.py::test_case_4 - TypeError...
FAILED DYNAMOSA-MOSA-WHOLE_SUITE/test_stack4_MOSA.py::test_case_5 - TypeError...
FAILED DYNAMOSA-MOSA-WHOLE_SUITE/test_stack4_MOSA.py::test_case_9 - TypeError...
FAILED DYNAMOSA-MOSA-WHOLE_SUITE/test_stack4_MOSA.py::test_case_16 - TypeErro...
FAILED DYNAMOSA-MOSA-WHOLE_SUITE/test_stack4_WHOLE_SUITE.py::test_case_1 - Ty...
========================= 9 failed, 33 passed in 0.09s =========================
</pre></div></div></div></div></div><div class="mb-1" id="job_list___sub_accordion_10"><div class="card"><a data-toggle="collapse" data-target="#job_list___sub_collapse_10_1" aria-expanded="false" aria-controls="job_list___sub_collapse_10_1" href="#" class="job_list___sub_multi_heading"><div role="alert" class="card-header alert-success" id="job_list___sub_heading_10_1"><button class="btn btn-outline-success"><span class="job_id">10 : Job ID 98f228dbb2ad4b928c185ef744dceca3</span></button></div></a><div aria-labelledby="job_list___sub_heading_10_1" data-parent="#job_list___sub_accordion_10" class="collapse job_list___sub_multi_collapse" id="job_list___sub_collapse_10_1"><div class="card-body"><div class="work-item"><div class="alert alert-success test-outcome" role="alert"><p>worker outcome: normal</p><p>test outcome: killed</p></div></div><pre class="location"><a href="pycharm://open?file=stack4.py&amp;line=86" class="text-secondary"><button class="btn btn-outline-dark">stack4.py, start pos: (86, 28), end pos: (86, 29)</button></a></pre><pre>operator: core/ReplaceBinaryOperator_Add_Mod, occurrence: 1</pre><div class="alert alert-secondary"><pre class="diff">--- mutation diff ---
--- astack4.py
+++ bstack4.py
@@ -83,7 +83,7 @@
         while curr:
             display += str(curr.data) + ', '
             curr = curr.next
-        return display[:-2] + ')'
+        return display[:-2] % ')'
 
 
 class Stack(object):</pre></div><div class="alert alert-secondary"><pre class="diff">============================= test session starts ==============================
platform linux -- Python 3.10.10, pytest-7.2.1, pluggy-1.0.0
rootdir: /home/auri/temp/lucca/python_experiments/stack4
collected 42 items

DYNAMOSA-MOSA-WHOLE_SUITE/test_stack4_DYNAMOSA.py ......FF....F...       [ 38%]
DYNAMOSA-MOSA-WHOLE_SUITE/test_stack4_MOSA.py .F.FFF...FF.....F          [ 78%]
DYNAMOSA-MOSA-WHOLE_SUITE/test_stack4_WHOLE_SUITE.py FFF......           [100%]

=========================== short test summary info ============================
FAILED DYNAMOSA-MOSA-WHOLE_SUITE/test_stack4_DYNAMOSA.py::test_case_6 - TypeE...
FAILED DYNAMOSA-MOSA-WHOLE_SUITE/test_stack4_DYNAMOSA.py::test_case_7 - TypeE...
FAILED DYNAMOSA-MOSA-WHOLE_SUITE/test_stack4_DYNAMOSA.py::test_case_12 - Type...
FAILED DYNAMOSA-MOSA-WHOLE_SUITE/test_stack4_MOSA.py::test_case_1 - TypeError...
FAILED DYNAMOSA-MOSA-WHOLE_SUITE/test_stack4_MOSA.py::test_case_3 - TypeError...
FAILED DYNAMOSA-MOSA-WHOLE_SUITE/test_stack4_MOSA.py::test_case_4 - TypeError...
FAILED DYNAMOSA-MOSA-WHOLE_SUITE/test_stack4_MOSA.py::test_case_5 - TypeError...
FAILED DYNAMOSA-MOSA-WHOLE_SUITE/test_stack4_MOSA.py::test_case_9 - TypeError...
FAILED DYNAMOSA-MOSA-WHOLE_SUITE/test_stack4_MOSA.py::test_case_10 - TypeErro...
FAILED DYNAMOSA-MOSA-WHOLE_SUITE/test_stack4_MOSA.py::test_case_16 - TypeErro...
FAILED DYNAMOSA-MOSA-WHOLE_SUITE/test_stack4_WHOLE_SUITE.py::test_case_0 - Ty...
FAILED DYNAMOSA-MOSA-WHOLE_SUITE/test_stack4_WHOLE_SUITE.py::test_case_1 - Ty...
FAILED DYNAMOSA-MOSA-WHOLE_SUITE/test_stack4_WHOLE_SUITE.py::test_case_2 - Ty...
======================== 13 failed, 29 passed in 0.09s =========================
</pre></div></div></div></div></div><div class="mb-1" id="job_list___sub_accordion_11"><div class="card"><a data-toggle="collapse" data-target="#job_list___sub_collapse_11_1" aria-expanded="false" aria-controls="job_list___sub_collapse_11_1" href="#" class="job_list___sub_multi_heading"><div role="alert" class="card-header alert-success" id="job_list___sub_heading_11_1"><button class="btn btn-outline-success"><span class="job_id">11 : Job ID b49c92f16e7e4d1f913adc2c5cd07af8</span></button></div></a><div aria-labelledby="job_list___sub_heading_11_1" data-parent="#job_list___sub_accordion_11" class="collapse job_list___sub_multi_collapse" id="job_list___sub_collapse_11_1"><div class="card-body"><div class="work-item"><div class="alert alert-success test-outcome" role="alert"><p>worker outcome: normal</p><p>test outcome: killed</p></div></div><pre class="location"><a href="pycharm://open?file=stack4.py&amp;line=84" class="text-secondary"><button class="btn btn-outline-dark">stack4.py, start pos: (84, 38), end pos: (84, 39)</button></a></pre><pre>operator: core/ReplaceBinaryOperator_Add_Pow, occurrence: 0</pre><div class="alert alert-secondary"><pre class="diff">--- mutation diff ---
--- astack4.py
+++ bstack4.py
@@ -81,7 +81,7 @@
         curr = self.head
         display = '('
         while curr:
-            display += str(curr.data) + ', '
+            display += str(curr.data) ** ', '
             curr = curr.next
         return display[:-2] + ')'
 </pre></div><div class="alert alert-secondary"><pre class="diff">============================= test session starts ==============================
platform linux -- Python 3.10.10, pytest-7.2.1, pluggy-1.0.0
rootdir: /home/auri/temp/lucca/python_experiments/stack4
collected 42 items

DYNAMOSA-MOSA-WHOLE_SUITE/test_stack4_DYNAMOSA.py ......F.....F...       [ 38%]
DYNAMOSA-MOSA-WHOLE_SUITE/test_stack4_MOSA.py .F.FFF...F......F          [ 78%]
DYNAMOSA-MOSA-WHOLE_SUITE/test_stack4_WHOLE_SUITE.py .F.......           [100%]

=========================== short test summary info ============================
FAILED DYNAMOSA-MOSA-WHOLE_SUITE/test_stack4_DYNAMOSA.py::test_case_6 - TypeE...
FAILED DYNAMOSA-MOSA-WHOLE_SUITE/test_stack4_DYNAMOSA.py::test_case_12 - Type...
FAILED DYNAMOSA-MOSA-WHOLE_SUITE/test_stack4_MOSA.py::test_case_1 - TypeError...
FAILED DYNAMOSA-MOSA-WHOLE_SUITE/test_stack4_MOSA.py::test_case_3 - TypeError...
FAILED DYNAMOSA-MOSA-WHOLE_SUITE/test_stack4_MOSA.py::test_case_4 - TypeError...
FAILED DYNAMOSA-MOSA-WHOLE_SUITE/test_stack4_MOSA.py::test_case_5 - TypeError...
FAILED DYNAMOSA-MOSA-WHOLE_SUITE/test_stack4_MOSA.py::test_case_9 - TypeError...
FAILED DYNAMOSA-MOSA-WHOLE_SUITE/test_stack4_MOSA.py::test_case_16 - TypeErro...
FAILED DYNAMOSA-MOSA-WHOLE_SUITE/test_stack4_WHOLE_SUITE.py::test_case_1 - Ty...
========================= 9 failed, 33 passed in 0.09s =========================
</pre></div></div></div></div></div><div class="mb-1" id="job_list___sub_accordion_12"><div class="card"><a data-toggle="collapse" data-target="#job_list___sub_collapse_12_1" aria-expanded="false" aria-controls="job_list___sub_collapse_12_1" href="#" class="job_list___sub_multi_heading"><div role="alert" class="card-header alert-success" id="job_list___sub_heading_12_1"><button class="btn btn-outline-success"><span class="job_id">12 : Job ID 1cbe811bea7e4d37b8b76f3f0a9c31d6</span></button></div></a><div aria-labelledby="job_list___sub_heading_12_1" data-parent="#job_list___sub_accordion_12" class="collapse job_list___sub_multi_collapse" id="job_list___sub_collapse_12_1"><div class="card-body"><div class="work-item"><div class="alert alert-success test-outcome" role="alert"><p>worker outcome: normal</p><p>test outcome: killed</p></div></div><pre class="location"><a href="pycharm://open?file=stack4.py&amp;line=86" class="text-secondary"><button class="btn btn-outline-dark">stack4.py, start pos: (86, 28), end pos: (86, 29)</button></a></pre><pre>operator: core/ReplaceBinaryOperator_Add_Pow, occurrence: 1</pre><div class="alert alert-secondary"><pre class="diff">--- mutation diff ---
--- astack4.py
+++ bstack4.py
@@ -83,7 +83,7 @@
         while curr:
             display += str(curr.data) + ', '
             curr = curr.next
-        return display[:-2] + ')'
+        return display[:-2] ** ')'
 
 
 class Stack(object):</pre></div><div class="alert alert-secondary"><pre class="diff">============================= test session starts ==============================
platform linux -- Python 3.10.10, pytest-7.2.1, pluggy-1.0.0
rootdir: /home/auri/temp/lucca/python_experiments/stack4
collected 42 items

DYNAMOSA-MOSA-WHOLE_SUITE/test_stack4_DYNAMOSA.py ......FF....F...       [ 38%]
DYNAMOSA-MOSA-WHOLE_SUITE/test_stack4_MOSA.py .F.FFF...FF.....F          [ 78%]
DYNAMOSA-MOSA-WHOLE_SUITE/test_stack4_WHOLE_SUITE.py FFF......           [100%]

=========================== short test summary info ============================
FAILED DYNAMOSA-MOSA-WHOLE_SUITE/test_stack4_DYNAMOSA.py::test_case_6 - TypeE...
FAILED DYNAMOSA-MOSA-WHOLE_SUITE/test_stack4_DYNAMOSA.py::test_case_7 - TypeE...
FAILED DYNAMOSA-MOSA-WHOLE_SUITE/test_stack4_DYNAMOSA.py::test_case_12 - Type...
FAILED DYNAMOSA-MOSA-WHOLE_SUITE/test_stack4_MOSA.py::test_case_1 - TypeError...
FAILED DYNAMOSA-MOSA-WHOLE_SUITE/test_stack4_MOSA.py::test_case_3 - TypeError...
FAILED DYNAMOSA-MOSA-WHOLE_SUITE/test_stack4_MOSA.py::test_case_4 - TypeError...
FAILED DYNAMOSA-MOSA-WHOLE_SUITE/test_stack4_MOSA.py::test_case_5 - TypeError...
FAILED DYNAMOSA-MOSA-WHOLE_SUITE/test_stack4_MOSA.py::test_case_9 - TypeError...
FAILED DYNAMOSA-MOSA-WHOLE_SUITE/test_stack4_MOSA.py::test_case_10 - TypeErro...
FAILED DYNAMOSA-MOSA-WHOLE_SUITE/test_stack4_MOSA.py::test_case_16 - TypeErro...
FAILED DYNAMOSA-MOSA-WHOLE_SUITE/test_stack4_WHOLE_SUITE.py::test_case_0 - Ty...
FAILED DYNAMOSA-MOSA-WHOLE_SUITE/test_stack4_WHOLE_SUITE.py::test_case_1 - Ty...
FAILED DYNAMOSA-MOSA-WHOLE_SUITE/test_stack4_WHOLE_SUITE.py::test_case_2 - Ty...
======================== 13 failed, 29 passed in 0.09s =========================
</pre></div></div></div></div></div><div class="mb-1" id="job_list___sub_accordion_13"><div class="card"><a data-toggle="collapse" data-target="#job_list___sub_collapse_13_1" aria-expanded="false" aria-controls="job_list___sub_collapse_13_1" href="#" class="job_list___sub_multi_heading"><div role="alert" class="card-header alert-success" id="job_list___sub_heading_13_1"><button class="btn btn-outline-success"><span class="job_id">13 : Job ID 7d4723aabe4947609d8a4b4f6cf4faab</span></button></div></a><div aria-labelledby="job_list___sub_heading_13_1" data-parent="#job_list___sub_accordion_13" class="collapse job_list___sub_multi_collapse" id="job_list___sub_collapse_13_1"><div class="card-body"><div class="work-item"><div class="alert alert-success test-outcome" role="alert"><p>worker outcome: normal</p><p>test outcome: killed</p></div></div><pre class="location"><a href="pycharm://open?file=stack4.py&amp;line=84" class="text-secondary"><button class="btn btn-outline-dark">stack4.py, start pos: (84, 38), end pos: (84, 39)</button></a></pre><pre>operator: core/ReplaceBinaryOperator_Add_RShift, occurrence: 0</pre><div class="alert alert-secondary"><pre class="diff">--- mutation diff ---
--- astack4.py
+++ bstack4.py
@@ -81,7 +81,7 @@
         curr = self.head
         display = '('
         while curr:
-            display += str(curr.data) + ', '
+            display += str(curr.data) &gt;&gt; ', '
             curr = curr.next
         return display[:-2] + ')'
 </pre></div><div class="alert alert-secondary"><pre class="diff">============================= test session starts ==============================
platform linux -- Python 3.10.10, pytest-7.2.1, pluggy-1.0.0
rootdir: /home/auri/temp/lucca/python_experiments/stack4
collected 42 items

DYNAMOSA-MOSA-WHOLE_SUITE/test_stack4_DYNAMOSA.py ......F.....F...       [ 38%]
DYNAMOSA-MOSA-WHOLE_SUITE/test_stack4_MOSA.py .F.FFF...F......F          [ 78%]
DYNAMOSA-MOSA-WHOLE_SUITE/test_stack4_WHOLE_SUITE.py .F.......           [100%]

=========================== short test summary info ============================
FAILED DYNAMOSA-MOSA-WHOLE_SUITE/test_stack4_DYNAMOSA.py::test_case_6 - TypeE...
FAILED DYNAMOSA-MOSA-WHOLE_SUITE/test_stack4_DYNAMOSA.py::test_case_12 - Type...
FAILED DYNAMOSA-MOSA-WHOLE_SUITE/test_stack4_MOSA.py::test_case_1 - TypeError...
FAILED DYNAMOSA-MOSA-WHOLE_SUITE/test_stack4_MOSA.py::test_case_3 - TypeError...
FAILED DYNAMOSA-MOSA-WHOLE_SUITE/test_stack4_MOSA.py::test_case_4 - TypeError...
FAILED DYNAMOSA-MOSA-WHOLE_SUITE/test_stack4_MOSA.py::test_case_5 - TypeError...
FAILED DYNAMOSA-MOSA-WHOLE_SUITE/test_stack4_MOSA.py::test_case_9 - TypeError...
FAILED DYNAMOSA-MOSA-WHOLE_SUITE/test_stack4_MOSA.py::test_case_16 - TypeErro...
FAILED DYNAMOSA-MOSA-WHOLE_SUITE/test_stack4_WHOLE_SUITE.py::test_case_1 - Ty...
========================= 9 failed, 33 passed in 0.09s =========================
</pre></div></div></div></div></div><div class="mb-1" id="job_list___sub_accordion_14"><div class="card"><a data-toggle="collapse" data-target="#job_list___sub_collapse_14_1" aria-expanded="false" aria-controls="job_list___sub_collapse_14_1" href="#" class="job_list___sub_multi_heading"><div role="alert" class="card-header alert-success" id="job_list___sub_heading_14_1"><button class="btn btn-outline-success"><span class="job_id">14 : Job ID 73de887ef07b4c3d92772554199966d5</span></button></div></a><div aria-labelledby="job_list___sub_heading_14_1" data-parent="#job_list___sub_accordion_14" class="collapse job_list___sub_multi_collapse" id="job_list___sub_collapse_14_1"><div class="card-body"><div class="work-item"><div class="alert alert-success test-outcome" role="alert"><p>worker outcome: normal</p><p>test outcome: killed</p></div></div><pre class="location"><a href="pycharm://open?file=stack4.py&amp;line=86" class="text-secondary"><button class="btn btn-outline-dark">stack4.py, start pos: (86, 28), end pos: (86, 29)</button></a></pre><pre>operator: core/ReplaceBinaryOperator_Add_RShift, occurrence: 1</pre><div class="alert alert-secondary"><pre class="diff">--- mutation diff ---
--- astack4.py
+++ bstack4.py
@@ -83,7 +83,7 @@
         while curr:
             display += str(curr.data) + ', '
             curr = curr.next
-        return display[:-2] + ')'
+        return display[:-2] &gt;&gt; ')'
 
 
 class Stack(object):</pre></div><div class="alert alert-secondary"><pre class="diff">============================= test session starts ==============================
platform linux -- Python 3.10.10, pytest-7.2.1, pluggy-1.0.0
rootdir: /home/auri/temp/lucca/python_experiments/stack4
collected 42 items

DYNAMOSA-MOSA-WHOLE_SUITE/test_stack4_DYNAMOSA.py ......FF....F...       [ 38%]
DYNAMOSA-MOSA-WHOLE_SUITE/test_stack4_MOSA.py .F.FFF...FF.....F          [ 78%]
DYNAMOSA-MOSA-WHOLE_SUITE/test_stack4_WHOLE_SUITE.py FFF......           [100%]

=========================== short test summary info ============================
FAILED DYNAMOSA-MOSA-WHOLE_SUITE/test_stack4_DYNAMOSA.py::test_case_6 - TypeE...
FAILED DYNAMOSA-MOSA-WHOLE_SUITE/test_stack4_DYNAMOSA.py::test_case_7 - TypeE...
FAILED DYNAMOSA-MOSA-WHOLE_SUITE/test_stack4_DYNAMOSA.py::test_case_12 - Type...
FAILED DYNAMOSA-MOSA-WHOLE_SUITE/test_stack4_MOSA.py::test_case_1 - TypeError...
FAILED DYNAMOSA-MOSA-WHOLE_SUITE/test_stack4_MOSA.py::test_case_3 - TypeError...
FAILED DYNAMOSA-MOSA-WHOLE_SUITE/test_stack4_MOSA.py::test_case_4 - TypeError...
FAILED DYNAMOSA-MOSA-WHOLE_SUITE/test_stack4_MOSA.py::test_case_5 - TypeError...
FAILED DYNAMOSA-MOSA-WHOLE_SUITE/test_stack4_MOSA.py::test_case_9 - TypeError...
FAILED DYNAMOSA-MOSA-WHOLE_SUITE/test_stack4_MOSA.py::test_case_10 - TypeErro...
FAILED DYNAMOSA-MOSA-WHOLE_SUITE/test_stack4_MOSA.py::test_case_16 - TypeErro...
FAILED DYNAMOSA-MOSA-WHOLE_SUITE/test_stack4_WHOLE_SUITE.py::test_case_0 - Ty...
FAILED DYNAMOSA-MOSA-WHOLE_SUITE/test_stack4_WHOLE_SUITE.py::test_case_1 - Ty...
FAILED DYNAMOSA-MOSA-WHOLE_SUITE/test_stack4_WHOLE_SUITE.py::test_case_2 - Ty...
======================== 13 failed, 29 passed in 0.09s =========================
</pre></div></div></div></div></div><div class="mb-1" id="job_list___sub_accordion_15"><div class="card"><a data-toggle="collapse" data-target="#job_list___sub_collapse_15_1" aria-expanded="false" aria-controls="job_list___sub_collapse_15_1" href="#" class="job_list___sub_multi_heading"><div role="alert" class="card-header alert-success" id="job_list___sub_heading_15_1"><button class="btn btn-outline-success"><span class="job_id">15 : Job ID 8f7d6b4ce8a64b26a60f4a8045a71d8a</span></button></div></a><div aria-labelledby="job_list___sub_heading_15_1" data-parent="#job_list___sub_accordion_15" class="collapse job_list___sub_multi_collapse" id="job_list___sub_collapse_15_1"><div class="card-body"><div class="work-item"><div class="alert alert-success test-outcome" role="alert"><p>worker outcome: normal</p><p>test outcome: killed</p></div></div><pre class="location"><a href="pycharm://open?file=stack4.py&amp;line=84" class="text-secondary"><button class="btn btn-outline-dark">stack4.py, start pos: (84, 38), end pos: (84, 39)</button></a></pre><pre>operator: core/ReplaceBinaryOperator_Add_LShift, occurrence: 0</pre><div class="alert alert-secondary"><pre class="diff">--- mutation diff ---
--- astack4.py
+++ bstack4.py
@@ -81,7 +81,7 @@
         curr = self.head
         display = '('
         while curr:
-            display += str(curr.data) + ', '
+            display += str(curr.data) &lt;&lt; ', '
             curr = curr.next
         return display[:-2] + ')'
 </pre></div><div class="alert alert-secondary"><pre class="diff">============================= test session starts ==============================
platform linux -- Python 3.10.10, pytest-7.2.1, pluggy-1.0.0
rootdir: /home/auri/temp/lucca/python_experiments/stack4
collected 42 items

DYNAMOSA-MOSA-WHOLE_SUITE/test_stack4_DYNAMOSA.py ......F.....F...       [ 38%]
DYNAMOSA-MOSA-WHOLE_SUITE/test_stack4_MOSA.py .F.FFF...F......F          [ 78%]
DYNAMOSA-MOSA-WHOLE_SUITE/test_stack4_WHOLE_SUITE.py .F.......           [100%]

=========================== short test summary info ============================
FAILED DYNAMOSA-MOSA-WHOLE_SUITE/test_stack4_DYNAMOSA.py::test_case_6 - TypeE...
FAILED DYNAMOSA-MOSA-WHOLE_SUITE/test_stack4_DYNAMOSA.py::test_case_12 - Type...
FAILED DYNAMOSA-MOSA-WHOLE_SUITE/test_stack4_MOSA.py::test_case_1 - TypeError...
FAILED DYNAMOSA-MOSA-WHOLE_SUITE/test_stack4_MOSA.py::test_case_3 - TypeError...
FAILED DYNAMOSA-MOSA-WHOLE_SUITE/test_stack4_MOSA.py::test_case_4 - TypeError...
FAILED DYNAMOSA-MOSA-WHOLE_SUITE/test_stack4_MOSA.py::test_case_5 - TypeError...
FAILED DYNAMOSA-MOSA-WHOLE_SUITE/test_stack4_MOSA.py::test_case_9 - TypeError...
FAILED DYNAMOSA-MOSA-WHOLE_SUITE/test_stack4_MOSA.py::test_case_16 - TypeErro...
FAILED DYNAMOSA-MOSA-WHOLE_SUITE/test_stack4_WHOLE_SUITE.py::test_case_1 - Ty...
========================= 9 failed, 33 passed in 0.09s =========================
</pre></div></div></div></div></div><div class="mb-1" id="job_list___sub_accordion_16"><div class="card"><a data-toggle="collapse" data-target="#job_list___sub_collapse_16_1" aria-expanded="false" aria-controls="job_list___sub_collapse_16_1" href="#" class="job_list___sub_multi_heading"><div role="alert" class="card-header alert-success" id="job_list___sub_heading_16_1"><button class="btn btn-outline-success"><span class="job_id">16 : Job ID 04542af5f26c4612898d1f1519a75cb5</span></button></div></a><div aria-labelledby="job_list___sub_heading_16_1" data-parent="#job_list___sub_accordion_16" class="collapse job_list___sub_multi_collapse" id="job_list___sub_collapse_16_1"><div class="card-body"><div class="work-item"><div class="alert alert-success test-outcome" role="alert"><p>worker outcome: normal</p><p>test outcome: killed</p></div></div><pre class="location"><a href="pycharm://open?file=stack4.py&amp;line=86" class="text-secondary"><button class="btn btn-outline-dark">stack4.py, start pos: (86, 28), end pos: (86, 29)</button></a></pre><pre>operator: core/ReplaceBinaryOperator_Add_LShift, occurrence: 1</pre><div class="alert alert-secondary"><pre class="diff">--- mutation diff ---
--- astack4.py
+++ bstack4.py
@@ -83,7 +83,7 @@
         while curr:
             display += str(curr.data) + ', '
             curr = curr.next
-        return display[:-2] + ')'
+        return display[:-2] &lt;&lt; ')'
 
 
 class Stack(object):</pre></div><div class="alert alert-secondary"><pre class="diff">============================= test session starts ==============================
platform linux -- Python 3.10.10, pytest-7.2.1, pluggy-1.0.0
rootdir: /home/auri/temp/lucca/python_experiments/stack4
collected 42 items

DYNAMOSA-MOSA-WHOLE_SUITE/test_stack4_DYNAMOSA.py ......FF....F...       [ 38%]
DYNAMOSA-MOSA-WHOLE_SUITE/test_stack4_MOSA.py .F.FFF...FF.....F          [ 78%]
DYNAMOSA-MOSA-WHOLE_SUITE/test_stack4_WHOLE_SUITE.py FFF......           [100%]

=========================== short test summary info ============================
FAILED DYNAMOSA-MOSA-WHOLE_SUITE/test_stack4_DYNAMOSA.py::test_case_6 - TypeE...
FAILED DYNAMOSA-MOSA-WHOLE_SUITE/test_stack4_DYNAMOSA.py::test_case_7 - TypeE...
FAILED DYNAMOSA-MOSA-WHOLE_SUITE/test_stack4_DYNAMOSA.py::test_case_12 - Type...
FAILED DYNAMOSA-MOSA-WHOLE_SUITE/test_stack4_MOSA.py::test_case_1 - TypeError...
FAILED DYNAMOSA-MOSA-WHOLE_SUITE/test_stack4_MOSA.py::test_case_3 - TypeError...
FAILED DYNAMOSA-MOSA-WHOLE_SUITE/test_stack4_MOSA.py::test_case_4 - TypeError...
FAILED DYNAMOSA-MOSA-WHOLE_SUITE/test_stack4_MOSA.py::test_case_5 - TypeError...
FAILED DYNAMOSA-MOSA-WHOLE_SUITE/test_stack4_MOSA.py::test_case_9 - TypeError...
FAILED DYNAMOSA-MOSA-WHOLE_SUITE/test_stack4_MOSA.py::test_case_10 - TypeErro...
FAILED DYNAMOSA-MOSA-WHOLE_SUITE/test_stack4_MOSA.py::test_case_16 - TypeErro...
FAILED DYNAMOSA-MOSA-WHOLE_SUITE/test_stack4_WHOLE_SUITE.py::test_case_0 - Ty...
FAILED DYNAMOSA-MOSA-WHOLE_SUITE/test_stack4_WHOLE_SUITE.py::test_case_1 - Ty...
FAILED DYNAMOSA-MOSA-WHOLE_SUITE/test_stack4_WHOLE_SUITE.py::test_case_2 - Ty...
======================== 13 failed, 29 passed in 0.10s =========================
</pre></div></div></div></div></div><div class="mb-1" id="job_list___sub_accordion_17"><div class="card"><a data-toggle="collapse" data-target="#job_list___sub_collapse_17_1" aria-expanded="false" aria-controls="job_list___sub_collapse_17_1" href="#" class="job_list___sub_multi_heading"><div role="alert" class="card-header alert-success" id="job_list___sub_heading_17_1"><button class="btn btn-outline-success"><span class="job_id">17 : Job ID 763b0e5c082e4cffa7069f8dba20356e</span></button></div></a><div aria-labelledby="job_list___sub_heading_17_1" data-parent="#job_list___sub_accordion_17" class="collapse job_list___sub_multi_collapse" id="job_list___sub_collapse_17_1"><div class="card-body"><div class="work-item"><div class="alert alert-success test-outcome" role="alert"><p>worker outcome: normal</p><p>test outcome: killed</p></div></div><pre class="location"><a href="pycharm://open?file=stack4.py&amp;line=84" class="text-secondary"><button class="btn btn-outline-dark">stack4.py, start pos: (84, 38), end pos: (84, 39)</button></a></pre><pre>operator: core/ReplaceBinaryOperator_Add_BitOr, occurrence: 0</pre><div class="alert alert-secondary"><pre class="diff">--- mutation diff ---
--- astack4.py
+++ bstack4.py
@@ -81,7 +81,7 @@
         curr = self.head
         display = '('
         while curr:
-            display += str(curr.data) + ', '
+            display += str(curr.data) | ', '
             curr = curr.next
         return display[:-2] + ')'
 </pre></div><div class="alert alert-secondary"><pre class="diff">============================= test session starts ==============================
platform linux -- Python 3.10.10, pytest-7.2.1, pluggy-1.0.0
rootdir: /home/auri/temp/lucca/python_experiments/stack4
collected 42 items

DYNAMOSA-MOSA-WHOLE_SUITE/test_stack4_DYNAMOSA.py ......F.....F...       [ 38%]
DYNAMOSA-MOSA-WHOLE_SUITE/test_stack4_MOSA.py .F.FFF...F......F          [ 78%]
DYNAMOSA-MOSA-WHOLE_SUITE/test_stack4_WHOLE_SUITE.py .F.......           [100%]

=========================== short test summary info ============================
FAILED DYNAMOSA-MOSA-WHOLE_SUITE/test_stack4_DYNAMOSA.py::test_case_6 - TypeE...
FAILED DYNAMOSA-MOSA-WHOLE_SUITE/test_stack4_DYNAMOSA.py::test_case_12 - Type...
FAILED DYNAMOSA-MOSA-WHOLE_SUITE/test_stack4_MOSA.py::test_case_1 - TypeError...
FAILED DYNAMOSA-MOSA-WHOLE_SUITE/test_stack4_MOSA.py::test_case_3 - TypeError...
FAILED DYNAMOSA-MOSA-WHOLE_SUITE/test_stack4_MOSA.py::test_case_4 - TypeError...
FAILED DYNAMOSA-MOSA-WHOLE_SUITE/test_stack4_MOSA.py::test_case_5 - TypeError...
FAILED DYNAMOSA-MOSA-WHOLE_SUITE/test_stack4_MOSA.py::test_case_9 - TypeError...
FAILED DYNAMOSA-MOSA-WHOLE_SUITE/test_stack4_MOSA.py::test_case_16 - TypeErro...
FAILED DYNAMOSA-MOSA-WHOLE_SUITE/test_stack4_WHOLE_SUITE.py::test_case_1 - Ty...
========================= 9 failed, 33 passed in 0.09s =========================
</pre></div></div></div></div></div><div class="mb-1" id="job_list___sub_accordion_18"><div class="card"><a data-toggle="collapse" data-target="#job_list___sub_collapse_18_1" aria-expanded="false" aria-controls="job_list___sub_collapse_18_1" href="#" class="job_list___sub_multi_heading"><div role="alert" class="card-header alert-success" id="job_list___sub_heading_18_1"><button class="btn btn-outline-success"><span class="job_id">18 : Job ID 291c848f228543ebbac7ade09bb8f7fd</span></button></div></a><div aria-labelledby="job_list___sub_heading_18_1" data-parent="#job_list___sub_accordion_18" class="collapse job_list___sub_multi_collapse" id="job_list___sub_collapse_18_1"><div class="card-body"><div class="work-item"><div class="alert alert-success test-outcome" role="alert"><p>worker outcome: normal</p><p>test outcome: killed</p></div></div><pre class="location"><a href="pycharm://open?file=stack4.py&amp;line=86" class="text-secondary"><button class="btn btn-outline-dark">stack4.py, start pos: (86, 28), end pos: (86, 29)</button></a></pre><pre>operator: core/ReplaceBinaryOperator_Add_BitOr, occurrence: 1</pre><div class="alert alert-secondary"><pre class="diff">--- mutation diff ---
--- astack4.py
+++ bstack4.py
@@ -83,7 +83,7 @@
         while curr:
             display += str(curr.data) + ', '
             curr = curr.next
-        return display[:-2] + ')'
+        return display[:-2] | ')'
 
 
 class Stack(object):</pre></div><div class="alert alert-secondary"><pre class="diff">============================= test session starts ==============================
platform linux -- Python 3.10.10, pytest-7.2.1, pluggy-1.0.0
rootdir: /home/auri/temp/lucca/python_experiments/stack4
collected 42 items

DYNAMOSA-MOSA-WHOLE_SUITE/test_stack4_DYNAMOSA.py ......FF....F...       [ 38%]
DYNAMOSA-MOSA-WHOLE_SUITE/test_stack4_MOSA.py .F.FFF...FF.....F          [ 78%]
DYNAMOSA-MOSA-WHOLE_SUITE/test_stack4_WHOLE_SUITE.py FFF......           [100%]

=========================== short test summary info ============================
FAILED DYNAMOSA-MOSA-WHOLE_SUITE/test_stack4_DYNAMOSA.py::test_case_6 - TypeE...
FAILED DYNAMOSA-MOSA-WHOLE_SUITE/test_stack4_DYNAMOSA.py::test_case_7 - TypeE...
FAILED DYNAMOSA-MOSA-WHOLE_SUITE/test_stack4_DYNAMOSA.py::test_case_12 - Type...
FAILED DYNAMOSA-MOSA-WHOLE_SUITE/test_stack4_MOSA.py::test_case_1 - TypeError...
FAILED DYNAMOSA-MOSA-WHOLE_SUITE/test_stack4_MOSA.py::test_case_3 - TypeError...
FAILED DYNAMOSA-MOSA-WHOLE_SUITE/test_stack4_MOSA.py::test_case_4 - TypeError...
FAILED DYNAMOSA-MOSA-WHOLE_SUITE/test_stack4_MOSA.py::test_case_5 - TypeError...
FAILED DYNAMOSA-MOSA-WHOLE_SUITE/test_stack4_MOSA.py::test_case_9 - TypeError...
FAILED DYNAMOSA-MOSA-WHOLE_SUITE/test_stack4_MOSA.py::test_case_10 - TypeErro...
FAILED DYNAMOSA-MOSA-WHOLE_SUITE/test_stack4_MOSA.py::test_case_16 - TypeErro...
FAILED DYNAMOSA-MOSA-WHOLE_SUITE/test_stack4_WHOLE_SUITE.py::test_case_0 - Ty...
FAILED DYNAMOSA-MOSA-WHOLE_SUITE/test_stack4_WHOLE_SUITE.py::test_case_1 - Ty...
FAILED DYNAMOSA-MOSA-WHOLE_SUITE/test_stack4_WHOLE_SUITE.py::test_case_2 - Ty...
======================== 13 failed, 29 passed in 0.09s =========================
</pre></div></div></div></div></div><div class="mb-1" id="job_list___sub_accordion_19"><div class="card"><a data-toggle="collapse" data-target="#job_list___sub_collapse_19_1" aria-expanded="false" aria-controls="job_list___sub_collapse_19_1" href="#" class="job_list___sub_multi_heading"><div role="alert" class="card-header alert-success" id="job_list___sub_heading_19_1"><button class="btn btn-outline-success"><span class="job_id">19 : Job ID b9563efddd3a4f6bbd85678f429c06e6</span></button></div></a><div aria-labelledby="job_list___sub_heading_19_1" data-parent="#job_list___sub_accordion_19" class="collapse job_list___sub_multi_collapse" id="job_list___sub_collapse_19_1"><div class="card-body"><div class="work-item"><div class="alert alert-success test-outcome" role="alert"><p>worker outcome: normal</p><p>test outcome: killed</p></div></div><pre class="location"><a href="pycharm://open?file=stack4.py&amp;line=84" class="text-secondary"><button class="btn btn-outline-dark">stack4.py, start pos: (84, 38), end pos: (84, 39)</button></a></pre><pre>operator: core/ReplaceBinaryOperator_Add_BitAnd, occurrence: 0</pre><div class="alert alert-secondary"><pre class="diff">--- mutation diff ---
--- astack4.py
+++ bstack4.py
@@ -81,7 +81,7 @@
         curr = self.head
         display = '('
         while curr:
-            display += str(curr.data) + ', '
+            display += str(curr.data) &amp; ', '
             curr = curr.next
         return display[:-2] + ')'
 </pre></div><div class="alert alert-secondary"><pre class="diff">============================= test session starts ==============================
platform linux -- Python 3.10.10, pytest-7.2.1, pluggy-1.0.0
rootdir: /home/auri/temp/lucca/python_experiments/stack4
collected 42 items

DYNAMOSA-MOSA-WHOLE_SUITE/test_stack4_DYNAMOSA.py ......F.....F...       [ 38%]
DYNAMOSA-MOSA-WHOLE_SUITE/test_stack4_MOSA.py .F.FFF...F......F          [ 78%]
DYNAMOSA-MOSA-WHOLE_SUITE/test_stack4_WHOLE_SUITE.py .F.......           [100%]

=========================== short test summary info ============================
FAILED DYNAMOSA-MOSA-WHOLE_SUITE/test_stack4_DYNAMOSA.py::test_case_6 - TypeE...
FAILED DYNAMOSA-MOSA-WHOLE_SUITE/test_stack4_DYNAMOSA.py::test_case_12 - Type...
FAILED DYNAMOSA-MOSA-WHOLE_SUITE/test_stack4_MOSA.py::test_case_1 - TypeError...
FAILED DYNAMOSA-MOSA-WHOLE_SUITE/test_stack4_MOSA.py::test_case_3 - TypeError...
FAILED DYNAMOSA-MOSA-WHOLE_SUITE/test_stack4_MOSA.py::test_case_4 - TypeError...
FAILED DYNAMOSA-MOSA-WHOLE_SUITE/test_stack4_MOSA.py::test_case_5 - TypeError...
FAILED DYNAMOSA-MOSA-WHOLE_SUITE/test_stack4_MOSA.py::test_case_9 - TypeError...
FAILED DYNAMOSA-MOSA-WHOLE_SUITE/test_stack4_MOSA.py::test_case_16 - TypeErro...
FAILED DYNAMOSA-MOSA-WHOLE_SUITE/test_stack4_WHOLE_SUITE.py::test_case_1 - Ty...
========================= 9 failed, 33 passed in 0.09s =========================
</pre></div></div></div></div></div><div class="mb-1" id="job_list___sub_accordion_20"><div class="card"><a data-toggle="collapse" data-target="#job_list___sub_collapse_20_1" aria-expanded="false" aria-controls="job_list___sub_collapse_20_1" href="#" class="job_list___sub_multi_heading"><div role="alert" class="card-header alert-success" id="job_list___sub_heading_20_1"><button class="btn btn-outline-success"><span class="job_id">20 : Job ID 2b0ee9ba15a448119f7acbe39d59c1b4</span></button></div></a><div aria-labelledby="job_list___sub_heading_20_1" data-parent="#job_list___sub_accordion_20" class="collapse job_list___sub_multi_collapse" id="job_list___sub_collapse_20_1"><div class="card-body"><div class="work-item"><div class="alert alert-success test-outcome" role="alert"><p>worker outcome: normal</p><p>test outcome: killed</p></div></div><pre class="location"><a href="pycharm://open?file=stack4.py&amp;line=86" class="text-secondary"><button class="btn btn-outline-dark">stack4.py, start pos: (86, 28), end pos: (86, 29)</button></a></pre><pre>operator: core/ReplaceBinaryOperator_Add_BitAnd, occurrence: 1</pre><div class="alert alert-secondary"><pre class="diff">--- mutation diff ---
--- astack4.py
+++ bstack4.py
@@ -83,7 +83,7 @@
         while curr:
             display += str(curr.data) + ', '
             curr = curr.next
-        return display[:-2] + ')'
+        return display[:-2] &amp; ')'
 
 
 class Stack(object):</pre></div><div class="alert alert-secondary"><pre class="diff">============================= test session starts ==============================
platform linux -- Python 3.10.10, pytest-7.2.1, pluggy-1.0.0
rootdir: /home/auri/temp/lucca/python_experiments/stack4
collected 42 items

DYNAMOSA-MOSA-WHOLE_SUITE/test_stack4_DYNAMOSA.py ......FF....F...       [ 38%]
DYNAMOSA-MOSA-WHOLE_SUITE/test_stack4_MOSA.py .F.FFF...FF.....F          [ 78%]
DYNAMOSA-MOSA-WHOLE_SUITE/test_stack4_WHOLE_SUITE.py FFF......           [100%]

=========================== short test summary info ============================
FAILED DYNAMOSA-MOSA-WHOLE_SUITE/test_stack4_DYNAMOSA.py::test_case_6 - TypeE...
FAILED DYNAMOSA-MOSA-WHOLE_SUITE/test_stack4_DYNAMOSA.py::test_case_7 - TypeE...
FAILED DYNAMOSA-MOSA-WHOLE_SUITE/test_stack4_DYNAMOSA.py::test_case_12 - Type...
FAILED DYNAMOSA-MOSA-WHOLE_SUITE/test_stack4_MOSA.py::test_case_1 - TypeError...
FAILED DYNAMOSA-MOSA-WHOLE_SUITE/test_stack4_MOSA.py::test_case_3 - TypeError...
FAILED DYNAMOSA-MOSA-WHOLE_SUITE/test_stack4_MOSA.py::test_case_4 - TypeError...
FAILED DYNAMOSA-MOSA-WHOLE_SUITE/test_stack4_MOSA.py::test_case_5 - TypeError...
FAILED DYNAMOSA-MOSA-WHOLE_SUITE/test_stack4_MOSA.py::test_case_9 - TypeError...
FAILED DYNAMOSA-MOSA-WHOLE_SUITE/test_stack4_MOSA.py::test_case_10 - TypeErro...
FAILED DYNAMOSA-MOSA-WHOLE_SUITE/test_stack4_MOSA.py::test_case_16 - TypeErro...
FAILED DYNAMOSA-MOSA-WHOLE_SUITE/test_stack4_WHOLE_SUITE.py::test_case_0 - Ty...
FAILED DYNAMOSA-MOSA-WHOLE_SUITE/test_stack4_WHOLE_SUITE.py::test_case_1 - Ty...
FAILED DYNAMOSA-MOSA-WHOLE_SUITE/test_stack4_WHOLE_SUITE.py::test_case_2 - Ty...
======================== 13 failed, 29 passed in 0.09s =========================
</pre></div></div></div></div></div><div class="mb-1" id="job_list___sub_accordion_21"><div class="card"><a data-toggle="collapse" data-target="#job_list___sub_collapse_21_1" aria-expanded="false" aria-controls="job_list___sub_collapse_21_1" href="#" class="job_list___sub_multi_heading"><div role="alert" class="card-header alert-success" id="job_list___sub_heading_21_1"><button class="btn btn-outline-success"><span class="job_id">21 : Job ID 202f186c27024e4292751518c7ce80c3</span></button></div></a><div aria-labelledby="job_list___sub_heading_21_1" data-parent="#job_list___sub_accordion_21" class="collapse job_list___sub_multi_collapse" id="job_list___sub_collapse_21_1"><div class="card-body"><div class="work-item"><div class="alert alert-success test-outcome" role="alert"><p>worker outcome: normal</p><p>test outcome: killed</p></div></div><pre class="location"><a href="pycharm://open?file=stack4.py&amp;line=84" class="text-secondary"><button class="btn btn-outline-dark">stack4.py, start pos: (84, 38), end pos: (84, 39)</button></a></pre><pre>operator: core/ReplaceBinaryOperator_Add_BitXor, occurrence: 0</pre><div class="alert alert-secondary"><pre class="diff">--- mutation diff ---
--- astack4.py
+++ bstack4.py
@@ -81,7 +81,7 @@
         curr = self.head
         display = '('
         while curr:
-            display += str(curr.data) + ', '
+            display += str(curr.data) ^ ', '
             curr = curr.next
         return display[:-2] + ')'
 </pre></div><div class="alert alert-secondary"><pre class="diff">============================= test session starts ==============================
platform linux -- Python 3.10.10, pytest-7.2.1, pluggy-1.0.0
rootdir: /home/auri/temp/lucca/python_experiments/stack4
collected 42 items

DYNAMOSA-MOSA-WHOLE_SUITE/test_stack4_DYNAMOSA.py ......F.....F...       [ 38%]
DYNAMOSA-MOSA-WHOLE_SUITE/test_stack4_MOSA.py .F.FFF...F......F          [ 78%]
DYNAMOSA-MOSA-WHOLE_SUITE/test_stack4_WHOLE_SUITE.py .F.......           [100%]

=========================== short test summary info ============================
FAILED DYNAMOSA-MOSA-WHOLE_SUITE/test_stack4_DYNAMOSA.py::test_case_6 - TypeE...
FAILED DYNAMOSA-MOSA-WHOLE_SUITE/test_stack4_DYNAMOSA.py::test_case_12 - Type...
FAILED DYNAMOSA-MOSA-WHOLE_SUITE/test_stack4_MOSA.py::test_case_1 - TypeError...
FAILED DYNAMOSA-MOSA-WHOLE_SUITE/test_stack4_MOSA.py::test_case_3 - TypeError...
FAILED DYNAMOSA-MOSA-WHOLE_SUITE/test_stack4_MOSA.py::test_case_4 - TypeError...
FAILED DYNAMOSA-MOSA-WHOLE_SUITE/test_stack4_MOSA.py::test_case_5 - TypeError...
FAILED DYNAMOSA-MOSA-WHOLE_SUITE/test_stack4_MOSA.py::test_case_9 - TypeError...
FAILED DYNAMOSA-MOSA-WHOLE_SUITE/test_stack4_MOSA.py::test_case_16 - TypeErro...
FAILED DYNAMOSA-MOSA-WHOLE_SUITE/test_stack4_WHOLE_SUITE.py::test_case_1 - Ty...
========================= 9 failed, 33 passed in 0.09s =========================
</pre></div></div></div></div></div><div class="mb-1" id="job_list___sub_accordion_22"><div class="card"><a data-toggle="collapse" data-target="#job_list___sub_collapse_22_1" aria-expanded="false" aria-controls="job_list___sub_collapse_22_1" href="#" class="job_list___sub_multi_heading"><div role="alert" class="card-header alert-success" id="job_list___sub_heading_22_1"><button class="btn btn-outline-success"><span class="job_id">22 : Job ID b7e15a9794f8449e925ba1841aa588fc</span></button></div></a><div aria-labelledby="job_list___sub_heading_22_1" data-parent="#job_list___sub_accordion_22" class="collapse job_list___sub_multi_collapse" id="job_list___sub_collapse_22_1"><div class="card-body"><div class="work-item"><div class="alert alert-success test-outcome" role="alert"><p>worker outcome: normal</p><p>test outcome: killed</p></div></div><pre class="location"><a href="pycharm://open?file=stack4.py&amp;line=86" class="text-secondary"><button class="btn btn-outline-dark">stack4.py, start pos: (86, 28), end pos: (86, 29)</button></a></pre><pre>operator: core/ReplaceBinaryOperator_Add_BitXor, occurrence: 1</pre><div class="alert alert-secondary"><pre class="diff">--- mutation diff ---
--- astack4.py
+++ bstack4.py
@@ -83,7 +83,7 @@
         while curr:
             display += str(curr.data) + ', '
             curr = curr.next
-        return display[:-2] + ')'
+        return display[:-2] ^ ')'
 
 
 class Stack(object):</pre></div><div class="alert alert-secondary"><pre class="diff">============================= test session starts ==============================
platform linux -- Python 3.10.10, pytest-7.2.1, pluggy-1.0.0
rootdir: /home/auri/temp/lucca/python_experiments/stack4
collected 42 items

DYNAMOSA-MOSA-WHOLE_SUITE/test_stack4_DYNAMOSA.py ......FF....F...       [ 38%]
DYNAMOSA-MOSA-WHOLE_SUITE/test_stack4_MOSA.py .F.FFF...FF.....F          [ 78%]
DYNAMOSA-MOSA-WHOLE_SUITE/test_stack4_WHOLE_SUITE.py FFF......           [100%]

=========================== short test summary info ============================
FAILED DYNAMOSA-MOSA-WHOLE_SUITE/test_stack4_DYNAMOSA.py::test_case_6 - TypeE...
FAILED DYNAMOSA-MOSA-WHOLE_SUITE/test_stack4_DYNAMOSA.py::test_case_7 - TypeE...
FAILED DYNAMOSA-MOSA-WHOLE_SUITE/test_stack4_DYNAMOSA.py::test_case_12 - Type...
FAILED DYNAMOSA-MOSA-WHOLE_SUITE/test_stack4_MOSA.py::test_case_1 - TypeError...
FAILED DYNAMOSA-MOSA-WHOLE_SUITE/test_stack4_MOSA.py::test_case_3 - TypeError...
FAILED DYNAMOSA-MOSA-WHOLE_SUITE/test_stack4_MOSA.py::test_case_4 - TypeError...
FAILED DYNAMOSA-MOSA-WHOLE_SUITE/test_stack4_MOSA.py::test_case_5 - TypeError...
FAILED DYNAMOSA-MOSA-WHOLE_SUITE/test_stack4_MOSA.py::test_case_9 - TypeError...
FAILED DYNAMOSA-MOSA-WHOLE_SUITE/test_stack4_MOSA.py::test_case_10 - TypeErro...
FAILED DYNAMOSA-MOSA-WHOLE_SUITE/test_stack4_MOSA.py::test_case_16 - TypeErro...
FAILED DYNAMOSA-MOSA-WHOLE_SUITE/test_stack4_WHOLE_SUITE.py::test_case_0 - Ty...
FAILED DYNAMOSA-MOSA-WHOLE_SUITE/test_stack4_WHOLE_SUITE.py::test_case_1 - Ty...
FAILED DYNAMOSA-MOSA-WHOLE_SUITE/test_stack4_WHOLE_SUITE.py::test_case_2 - Ty...
======================== 13 failed, 29 passed in 0.09s =========================
</pre></div></div></div></div></div><div class="mb-1" id="job_list___sub_accordion_23"><div class="card"><a data-toggle="collapse" data-target="#job_list___sub_collapse_23_1" aria-expanded="false" aria-controls="job_list___sub_collapse_23_1" href="#" class="job_list___sub_multi_heading"><div role="alert" class="card-header alert-success" id="job_list___sub_heading_23_1"><button class="btn btn-outline-success"><span class="job_id">23 : Job ID 3f327a1e0631434d98248df47d22c82c</span></button></div></a><div aria-labelledby="job_list___sub_heading_23_1" data-parent="#job_list___sub_accordion_23" class="collapse job_list___sub_multi_collapse" id="job_list___sub_collapse_23_1"><div class="card-body"><div class="work-item"><div class="alert alert-success test-outcome" role="alert"><p>worker outcome: normal</p><p>test outcome: killed</p></div></div><pre class="location"><a href="pycharm://open?file=stack4.py&amp;line=63" class="text-secondary"><button class="btn btn-outline-dark">stack4.py, start pos: (63, 25), end pos: (63, 27)</button></a></pre><pre>operator: core/ReplaceComparisonOperator_Eq_NotEq, occurrence: 0</pre><div class="alert alert-secondary"><pre class="diff">--- mutation diff ---
--- astack4.py
+++ bstack4.py
@@ -60,7 +60,7 @@
         """Return the node containing val."""
         curr = self.head
         while curr:
-            if curr.data == val:
+            if curr.data != val:
                 return curr
             curr = curr.next
 </pre></div><div class="alert alert-secondary"><pre class="diff">============================= test session starts ==============================
platform linux -- Python 3.10.10, pytest-7.2.1, pluggy-1.0.0
rootdir: /home/auri/temp/lucca/python_experiments/stack4
collected 42 items

DYNAMOSA-MOSA-WHOLE_SUITE/test_stack4_DYNAMOSA.py ....F.........F.       [ 38%]
DYNAMOSA-MOSA-WHOLE_SUITE/test_stack4_MOSA.py ......F..........          [ 78%]
DYNAMOSA-MOSA-WHOLE_SUITE/test_stack4_WHOLE_SUITE.py ..F......           [100%]

=========================== short test summary info ============================
FAILED DYNAMOSA-MOSA-WHOLE_SUITE/test_stack4_DYNAMOSA.py::test_case_4 - Asser...
FAILED DYNAMOSA-MOSA-WHOLE_SUITE/test_stack4_DYNAMOSA.py::test_case_14 - Asse...
FAILED DYNAMOSA-MOSA-WHOLE_SUITE/test_stack4_MOSA.py::test_case_6 - Assertion...
FAILED DYNAMOSA-MOSA-WHOLE_SUITE/test_stack4_WHOLE_SUITE.py::test_case_2 - As...
========================= 4 failed, 38 passed in 0.09s =========================
</pre></div></div></div></div></div><div class="mb-1" id="job_list___sub_accordion_24"><div class="card"><a data-toggle="collapse" data-target="#job_list___sub_collapse_24_1" aria-expanded="false" aria-controls="job_list___sub_collapse_24_1" href="#" class="job_list___sub_multi_heading"><div role="alert" class="card-header alert-danger" id="job_list___sub_heading_24_1"><button class="btn btn-outline-danger"><span class="job_id">24 : Job ID 35271531fcdc47d38cad9d79476ec517</span></button></div></a><div aria-labelledby="job_list___sub_heading_24_1" data-parent="#job_list___sub_accordion_24" class="collapse job_list___sub_multi_collapse" id="job_list___sub_collapse_24_1"><div class="card-body"><div class="work-item"><div class="alert alert-danger test-outcome" role="alert"><p>SURVIVED</p><p>worker outcome: normal</p><p>test outcome: survived</p></div></div><pre class="location"><a href="pycharm://open?file=stack4.py&amp;line=74" class="text-secondary"><button class="btn btn-outline-dark">stack4.py, start pos: (74, 45), end pos: (74, 47)</button></a></pre><pre>operator: core/ReplaceComparisonOperator_Eq_NotEq, occurrence: 1</pre><div class="alert alert-secondary"><pre class="diff">--- mutation diff ---
--- astack4.py
+++ bstack4.py
@@ -71,7 +71,7 @@
             self.head = self.head.next
             self._length -= 1
         while curr:
-            if (curr.next and curr.next.data == val):
+            if (curr.next and curr.next.data != val):
                 curr.next = curr.next.next
                 self._length -= 1
             curr = curr.next</pre></div><div class="alert alert-secondary"><pre class="diff">============================= test session starts ==============================
platform linux -- Python 3.10.10, pytest-7.2.1, pluggy-1.0.0
rootdir: /home/auri/temp/lucca/python_experiments/stack4
collected 42 items

DYNAMOSA-MOSA-WHOLE_SUITE/test_stack4_DYNAMOSA.py ................       [ 38%]
DYNAMOSA-MOSA-WHOLE_SUITE/test_stack4_MOSA.py .................          [ 78%]
DYNAMOSA-MOSA-WHOLE_SUITE/test_stack4_WHOLE_SUITE.py .........           [100%]

============================== 42 passed in 0.08s ==============================
</pre></div></div></div></div></div><div class="mb-1" id="job_list___sub_accordion_25"><div class="card"><a data-toggle="collapse" data-target="#job_list___sub_collapse_25_1" aria-expanded="false" aria-controls="job_list___sub_collapse_25_1" href="#" class="job_list___sub_multi_heading"><div role="alert" class="card-header alert-success" id="job_list___sub_heading_25_1"><button class="btn btn-outline-success"><span class="job_id">25 : Job ID cdd5a37fed844be68a526a1069a97904</span></button></div></a><div aria-labelledby="job_list___sub_heading_25_1" data-parent="#job_list___sub_accordion_25" class="collapse job_list___sub_multi_collapse" id="job_list___sub_collapse_25_1"><div class="card-body"><div class="work-item"><div class="alert alert-success test-outcome" role="alert"><p>worker outcome: normal</p><p>test outcome: killed</p></div></div><pre class="location"><a href="pycharm://open?file=stack4.py&amp;line=63" class="text-secondary"><button class="btn btn-outline-dark">stack4.py, start pos: (63, 25), end pos: (63, 27)</button></a></pre><pre>operator: core/ReplaceComparisonOperator_Eq_Lt, occurrence: 0</pre><div class="alert alert-secondary"><pre class="diff">--- mutation diff ---
--- astack4.py
+++ bstack4.py
@@ -60,7 +60,7 @@
         """Return the node containing val."""
         curr = self.head
         while curr:
-            if curr.data == val:
+            if curr.data &lt; val:
                 return curr
             curr = curr.next
 </pre></div><div class="alert alert-secondary"><pre class="diff">============================= test session starts ==============================
platform linux -- Python 3.10.10, pytest-7.2.1, pluggy-1.0.0
rootdir: /home/auri/temp/lucca/python_experiments/stack4
collected 42 items

DYNAMOSA-MOSA-WHOLE_SUITE/test_stack4_DYNAMOSA.py ....F......F.FF.       [ 38%]
DYNAMOSA-MOSA-WHOLE_SUITE/test_stack4_MOSA.py .....FF..........          [ 78%]
DYNAMOSA-MOSA-WHOLE_SUITE/test_stack4_WHOLE_SUITE.py .FF......           [100%]

=========================== short test summary info ============================
FAILED DYNAMOSA-MOSA-WHOLE_SUITE/test_stack4_DYNAMOSA.py::test_case_4 - Asser...
FAILED DYNAMOSA-MOSA-WHOLE_SUITE/test_stack4_DYNAMOSA.py::test_case_11 - Type...
FAILED DYNAMOSA-MOSA-WHOLE_SUITE/test_stack4_DYNAMOSA.py::test_case_13 - Type...
FAILED DYNAMOSA-MOSA-WHOLE_SUITE/test_stack4_DYNAMOSA.py::test_case_14 - Asse...
FAILED DYNAMOSA-MOSA-WHOLE_SUITE/test_stack4_MOSA.py::test_case_5 - TypeError...
FAILED DYNAMOSA-MOSA-WHOLE_SUITE/test_stack4_MOSA.py::test_case_6 - Assertion...
FAILED DYNAMOSA-MOSA-WHOLE_SUITE/test_stack4_WHOLE_SUITE.py::test_case_1 - Ty...
FAILED DYNAMOSA-MOSA-WHOLE_SUITE/test_stack4_WHOLE_SUITE.py::test_case_2 - Ty...
========================= 8 failed, 34 passed in 0.09s =========================
</pre></div></div></div></div></div><div class="mb-1" id="job_list___sub_accordion_26"><div class="card"><a data-toggle="collapse" data-target="#job_list___sub_collapse_26_1" aria-expanded="false" aria-controls="job_list___sub_collapse_26_1" href="#" class="job_list___sub_multi_heading"><div role="alert" class="card-header alert-success" id="job_list___sub_heading_26_1"><button class="btn btn-outline-success"><span class="job_id">26 : Job ID 15f62357c7b54492a2b479fe4d842acd</span></button></div></a><div aria-labelledby="job_list___sub_heading_26_1" data-parent="#job_list___sub_accordion_26" class="collapse job_list___sub_multi_collapse" id="job_list___sub_collapse_26_1"><div class="card-body"><div class="work-item"><div class="alert alert-success test-outcome" role="alert"><p>worker outcome: normal</p><p>test outcome: killed</p></div></div><pre class="location"><a href="pycharm://open?file=stack4.py&amp;line=74" class="text-secondary"><button class="btn btn-outline-dark">stack4.py, start pos: (74, 45), end pos: (74, 47)</button></a></pre><pre>operator: core/ReplaceComparisonOperator_Eq_Lt, occurrence: 1</pre><div class="alert alert-secondary"><pre class="diff">--- mutation diff ---
--- astack4.py
+++ bstack4.py
@@ -71,7 +71,7 @@
             self.head = self.head.next
             self._length -= 1
         while curr:
-            if (curr.next and curr.next.data == val):
+            if (curr.next and curr.next.data &lt; val):
                 curr.next = curr.next.next
                 self._length -= 1
             curr = curr.next</pre></div><div class="alert alert-secondary"><pre class="diff">============================= test session starts ==============================
platform linux -- Python 3.10.10, pytest-7.2.1, pluggy-1.0.0
rootdir: /home/auri/temp/lucca/python_experiments/stack4
collected 42 items

DYNAMOSA-MOSA-WHOLE_SUITE/test_stack4_DYNAMOSA.py .............F.F       [ 38%]
DYNAMOSA-MOSA-WHOLE_SUITE/test_stack4_MOSA.py ...FFF........FFF          [ 78%]
DYNAMOSA-MOSA-WHOLE_SUITE/test_stack4_WHOLE_SUITE.py F........           [100%]

=========================== short test summary info ============================
FAILED DYNAMOSA-MOSA-WHOLE_SUITE/test_stack4_DYNAMOSA.py::test_case_13 - Type...
FAILED DYNAMOSA-MOSA-WHOLE_SUITE/test_stack4_DYNAMOSA.py::test_case_15 - Type...
FAILED DYNAMOSA-MOSA-WHOLE_SUITE/test_stack4_MOSA.py::test_case_3 - TypeError...
FAILED DYNAMOSA-MOSA-WHOLE_SUITE/test_stack4_MOSA.py::test_case_4 - TypeError...
FAILED DYNAMOSA-MOSA-WHOLE_SUITE/test_stack4_MOSA.py::test_case_5 - TypeError...
FAILED DYNAMOSA-MOSA-WHOLE_SUITE/test_stack4_MOSA.py::test_case_14 - TypeErro...
FAILED DYNAMOSA-MOSA-WHOLE_SUITE/test_stack4_MOSA.py::test_case_15 - TypeErro...
FAILED DYNAMOSA-MOSA-WHOLE_SUITE/test_stack4_MOSA.py::test_case_16 - TypeErro...
FAILED DYNAMOSA-MOSA-WHOLE_SUITE/test_stack4_WHOLE_SUITE.py::test_case_0 - Ty...
========================= 9 failed, 33 passed in 0.09s =========================
</pre></div></div></div></div></div><div class="mb-1" id="job_list___sub_accordion_27"><div class="card"><a data-toggle="collapse" data-target="#job_list___sub_collapse_27_1" aria-expanded="false" aria-controls="job_list___sub_collapse_27_1" href="#" class="job_list___sub_multi_heading"><div role="alert" class="card-header alert-success" id="job_list___sub_heading_27_1"><button class="btn btn-outline-success"><span class="job_id">27 : Job ID 2944d4a845ef406c9fed85a515cbd0a7</span></button></div></a><div aria-labelledby="job_list___sub_heading_27_1" data-parent="#job_list___sub_accordion_27" class="collapse job_list___sub_multi_collapse" id="job_list___sub_collapse_27_1"><div class="card-body"><div class="work-item"><div class="alert alert-success test-outcome" role="alert"><p>worker outcome: normal</p><p>test outcome: killed</p></div></div><pre class="location"><a href="pycharm://open?file=stack4.py&amp;line=63" class="text-secondary"><button class="btn btn-outline-dark">stack4.py, start pos: (63, 25), end pos: (63, 27)</button></a></pre><pre>operator: core/ReplaceComparisonOperator_Eq_LtE, occurrence: 0</pre><div class="alert alert-secondary"><pre class="diff">--- mutation diff ---
--- astack4.py
+++ bstack4.py
@@ -60,7 +60,7 @@
         """Return the node containing val."""
         curr = self.head
         while curr:
-            if curr.data == val:
+            if curr.data &lt;= val:
                 return curr
             curr = curr.next
 </pre></div><div class="alert alert-secondary"><pre class="diff">============================= test session starts ==============================
platform linux -- Python 3.10.10, pytest-7.2.1, pluggy-1.0.0
rootdir: /home/auri/temp/lucca/python_experiments/stack4
collected 42 items

DYNAMOSA-MOSA-WHOLE_SUITE/test_stack4_DYNAMOSA.py ...........F.F..       [ 38%]
DYNAMOSA-MOSA-WHOLE_SUITE/test_stack4_MOSA.py .....F...........          [ 78%]
DYNAMOSA-MOSA-WHOLE_SUITE/test_stack4_WHOLE_SUITE.py .FF......           [100%]

=========================== short test summary info ============================
FAILED DYNAMOSA-MOSA-WHOLE_SUITE/test_stack4_DYNAMOSA.py::test_case_11 - Type...
FAILED DYNAMOSA-MOSA-WHOLE_SUITE/test_stack4_DYNAMOSA.py::test_case_13 - Type...
FAILED DYNAMOSA-MOSA-WHOLE_SUITE/test_stack4_MOSA.py::test_case_5 - TypeError...
FAILED DYNAMOSA-MOSA-WHOLE_SUITE/test_stack4_WHOLE_SUITE.py::test_case_1 - Ty...
FAILED DYNAMOSA-MOSA-WHOLE_SUITE/test_stack4_WHOLE_SUITE.py::test_case_2 - Ty...
========================= 5 failed, 37 passed in 0.11s =========================
</pre></div></div></div></div></div><div class="mb-1" id="job_list___sub_accordion_28"><div class="card"><a data-toggle="collapse" data-target="#job_list___sub_collapse_28_1" aria-expanded="false" aria-controls="job_list___sub_collapse_28_1" href="#" class="job_list___sub_multi_heading"><div role="alert" class="card-header alert-success" id="job_list___sub_heading_28_1"><button class="btn btn-outline-success"><span class="job_id">28 : Job ID 9809fb81ff4940c084abd5a13a594c7e</span></button></div></a><div aria-labelledby="job_list___sub_heading_28_1" data-parent="#job_list___sub_accordion_28" class="collapse job_list___sub_multi_collapse" id="job_list___sub_collapse_28_1"><div class="card-body"><div class="work-item"><div class="alert alert-success test-outcome" role="alert"><p>worker outcome: normal</p><p>test outcome: killed</p></div></div><pre class="location"><a href="pycharm://open?file=stack4.py&amp;line=74" class="text-secondary"><button class="btn btn-outline-dark">stack4.py, start pos: (74, 45), end pos: (74, 47)</button></a></pre><pre>operator: core/ReplaceComparisonOperator_Eq_LtE, occurrence: 1</pre><div class="alert alert-secondary"><pre class="diff">--- mutation diff ---
--- astack4.py
+++ bstack4.py
@@ -71,7 +71,7 @@
             self.head = self.head.next
             self._length -= 1
         while curr:
-            if (curr.next and curr.next.data == val):
+            if (curr.next and curr.next.data &lt;= val):
                 curr.next = curr.next.next
                 self._length -= 1
             curr = curr.next</pre></div><div class="alert alert-secondary"><pre class="diff">============================= test session starts ==============================
platform linux -- Python 3.10.10, pytest-7.2.1, pluggy-1.0.0
rootdir: /home/auri/temp/lucca/python_experiments/stack4
collected 42 items

DYNAMOSA-MOSA-WHOLE_SUITE/test_stack4_DYNAMOSA.py .............F.F       [ 38%]
DYNAMOSA-MOSA-WHOLE_SUITE/test_stack4_MOSA.py ...FFF........FF.          [ 78%]
DYNAMOSA-MOSA-WHOLE_SUITE/test_stack4_WHOLE_SUITE.py F........           [100%]

=========================== short test summary info ============================
FAILED DYNAMOSA-MOSA-WHOLE_SUITE/test_stack4_DYNAMOSA.py::test_case_13 - Type...
FAILED DYNAMOSA-MOSA-WHOLE_SUITE/test_stack4_DYNAMOSA.py::test_case_15 - Type...
FAILED DYNAMOSA-MOSA-WHOLE_SUITE/test_stack4_MOSA.py::test_case_3 - TypeError...
FAILED DYNAMOSA-MOSA-WHOLE_SUITE/test_stack4_MOSA.py::test_case_4 - TypeError...
FAILED DYNAMOSA-MOSA-WHOLE_SUITE/test_stack4_MOSA.py::test_case_5 - TypeError...
FAILED DYNAMOSA-MOSA-WHOLE_SUITE/test_stack4_MOSA.py::test_case_14 - TypeErro...
FAILED DYNAMOSA-MOSA-WHOLE_SUITE/test_stack4_MOSA.py::test_case_15 - TypeErro...
FAILED DYNAMOSA-MOSA-WHOLE_SUITE/test_stack4_WHOLE_SUITE.py::test_case_0 - Ty...
========================= 8 failed, 34 passed in 0.10s =========================
</pre></div></div></div></div></div><div class="mb-1" id="job_list___sub_accordion_29"><div class="card"><a data-toggle="collapse" data-target="#job_list___sub_collapse_29_1" aria-expanded="false" aria-controls="job_list___sub_collapse_29_1" href="#" class="job_list___sub_multi_heading"><div role="alert" class="card-header alert-success" id="job_list___sub_heading_29_1"><button class="btn btn-outline-success"><span class="job_id">29 : Job ID 8c85ea283367488bb2474c3a31f797e8</span></button></div></a><div aria-labelledby="job_list___sub_heading_29_1" data-parent="#job_list___sub_accordion_29" class="collapse job_list___sub_multi_collapse" id="job_list___sub_collapse_29_1"><div class="card-body"><div class="work-item"><div class="alert alert-success test-outcome" role="alert"><p>worker outcome: normal</p><p>test outcome: killed</p></div></div><pre class="location"><a href="pycharm://open?file=stack4.py&amp;line=63" class="text-secondary"><button class="btn btn-outline-dark">stack4.py, start pos: (63, 25), end pos: (63, 27)</button></a></pre><pre>operator: core/ReplaceComparisonOperator_Eq_Gt, occurrence: 0</pre><div class="alert alert-secondary"><pre class="diff">--- mutation diff ---
--- astack4.py
+++ bstack4.py
@@ -60,7 +60,7 @@
         """Return the node containing val."""
         curr = self.head
         while curr:
-            if curr.data == val:
+            if curr.data &gt; val:
                 return curr
             curr = curr.next
 </pre></div><div class="alert alert-secondary"><pre class="diff">============================= test session starts ==============================
platform linux -- Python 3.10.10, pytest-7.2.1, pluggy-1.0.0
rootdir: /home/auri/temp/lucca/python_experiments/stack4
collected 42 items

DYNAMOSA-MOSA-WHOLE_SUITE/test_stack4_DYNAMOSA.py ....F......F.FF.       [ 38%]
DYNAMOSA-MOSA-WHOLE_SUITE/test_stack4_MOSA.py .....FF..........          [ 78%]
DYNAMOSA-MOSA-WHOLE_SUITE/test_stack4_WHOLE_SUITE.py .FF......           [100%]

=========================== short test summary info ============================
FAILED DYNAMOSA-MOSA-WHOLE_SUITE/test_stack4_DYNAMOSA.py::test_case_4 - Asser...
FAILED DYNAMOSA-MOSA-WHOLE_SUITE/test_stack4_DYNAMOSA.py::test_case_11 - Type...
FAILED DYNAMOSA-MOSA-WHOLE_SUITE/test_stack4_DYNAMOSA.py::test_case_13 - Type...
FAILED DYNAMOSA-MOSA-WHOLE_SUITE/test_stack4_DYNAMOSA.py::test_case_14 - Asse...
FAILED DYNAMOSA-MOSA-WHOLE_SUITE/test_stack4_MOSA.py::test_case_5 - TypeError...
FAILED DYNAMOSA-MOSA-WHOLE_SUITE/test_stack4_MOSA.py::test_case_6 - Assertion...
FAILED DYNAMOSA-MOSA-WHOLE_SUITE/test_stack4_WHOLE_SUITE.py::test_case_1 - Ty...
FAILED DYNAMOSA-MOSA-WHOLE_SUITE/test_stack4_WHOLE_SUITE.py::test_case_2 - Ty...
========================= 8 failed, 34 passed in 0.09s =========================
</pre></div></div></div></div></div><div class="mb-1" id="job_list___sub_accordion_30"><div class="card"><a data-toggle="collapse" data-target="#job_list___sub_collapse_30_1" aria-expanded="false" aria-controls="job_list___sub_collapse_30_1" href="#" class="job_list___sub_multi_heading"><div role="alert" class="card-header alert-success" id="job_list___sub_heading_30_1"><button class="btn btn-outline-success"><span class="job_id">30 : Job ID 38352140c15141268f365a7ca5d55d9a</span></button></div></a><div aria-labelledby="job_list___sub_heading_30_1" data-parent="#job_list___sub_accordion_30" class="collapse job_list___sub_multi_collapse" id="job_list___sub_collapse_30_1"><div class="card-body"><div class="work-item"><div class="alert alert-success test-outcome" role="alert"><p>worker outcome: normal</p><p>test outcome: killed</p></div></div><pre class="location"><a href="pycharm://open?file=stack4.py&amp;line=74" class="text-secondary"><button class="btn btn-outline-dark">stack4.py, start pos: (74, 45), end pos: (74, 47)</button></a></pre><pre>operator: core/ReplaceComparisonOperator_Eq_Gt, occurrence: 1</pre><div class="alert alert-secondary"><pre class="diff">--- mutation diff ---
--- astack4.py
+++ bstack4.py
@@ -71,7 +71,7 @@
             self.head = self.head.next
             self._length -= 1
         while curr:
-            if (curr.next and curr.next.data == val):
+            if (curr.next and curr.next.data &gt; val):
                 curr.next = curr.next.next
                 self._length -= 1
             curr = curr.next</pre></div><div class="alert alert-secondary"><pre class="diff">============================= test session starts ==============================
platform linux -- Python 3.10.10, pytest-7.2.1, pluggy-1.0.0
rootdir: /home/auri/temp/lucca/python_experiments/stack4
collected 42 items

DYNAMOSA-MOSA-WHOLE_SUITE/test_stack4_DYNAMOSA.py .............F.F       [ 38%]
DYNAMOSA-MOSA-WHOLE_SUITE/test_stack4_MOSA.py ...FFF........FFF          [ 78%]
DYNAMOSA-MOSA-WHOLE_SUITE/test_stack4_WHOLE_SUITE.py F........           [100%]

=========================== short test summary info ============================
FAILED DYNAMOSA-MOSA-WHOLE_SUITE/test_stack4_DYNAMOSA.py::test_case_13 - Type...
FAILED DYNAMOSA-MOSA-WHOLE_SUITE/test_stack4_DYNAMOSA.py::test_case_15 - Type...
FAILED DYNAMOSA-MOSA-WHOLE_SUITE/test_stack4_MOSA.py::test_case_3 - TypeError...
FAILED DYNAMOSA-MOSA-WHOLE_SUITE/test_stack4_MOSA.py::test_case_4 - TypeError...
FAILED DYNAMOSA-MOSA-WHOLE_SUITE/test_stack4_MOSA.py::test_case_5 - TypeError...
FAILED DYNAMOSA-MOSA-WHOLE_SUITE/test_stack4_MOSA.py::test_case_14 - TypeErro...
FAILED DYNAMOSA-MOSA-WHOLE_SUITE/test_stack4_MOSA.py::test_case_15 - TypeErro...
FAILED DYNAMOSA-MOSA-WHOLE_SUITE/test_stack4_MOSA.py::test_case_16 - TypeErro...
FAILED DYNAMOSA-MOSA-WHOLE_SUITE/test_stack4_WHOLE_SUITE.py::test_case_0 - Ty...
========================= 9 failed, 33 passed in 0.09s =========================
</pre></div></div></div></div></div><div class="mb-1" id="job_list___sub_accordion_31"><div class="card"><a data-toggle="collapse" data-target="#job_list___sub_collapse_31_1" aria-expanded="false" aria-controls="job_list___sub_collapse_31_1" href="#" class="job_list___sub_multi_heading"><div role="alert" class="card-header alert-success" id="job_list___sub_heading_31_1"><button class="btn btn-outline-success"><span class="job_id">31 : Job ID 84e5c8c3de364493acb9f41b7a675e86</span></button></div></a><div aria-labelledby="job_list___sub_heading_31_1" data-parent="#job_list___sub_accordion_31" class="collapse job_list___sub_multi_collapse" id="job_list___sub_collapse_31_1"><div class="card-body"><div class="work-item"><div class="alert alert-success test-outcome" role="alert"><p>worker outcome: normal</p><p>test outcome: killed</p></div></div><pre class="location"><a href="pycharm://open?file=stack4.py&amp;line=63" class="text-secondary"><button class="btn btn-outline-dark">stack4.py, start pos: (63, 25), end pos: (63, 27)</button></a></pre><pre>operator: core/ReplaceComparisonOperator_Eq_GtE, occurrence: 0</pre><div class="alert alert-secondary"><pre class="diff">--- mutation diff ---
--- astack4.py
+++ bstack4.py
@@ -60,7 +60,7 @@
         """Return the node containing val."""
         curr = self.head
         while curr:
-            if curr.data == val:
+            if curr.data &gt;= val:
                 return curr
             curr = curr.next
 </pre></div><div class="alert alert-secondary"><pre class="diff">============================= test session starts ==============================
platform linux -- Python 3.10.10, pytest-7.2.1, pluggy-1.0.0
rootdir: /home/auri/temp/lucca/python_experiments/stack4
collected 42 items

DYNAMOSA-MOSA-WHOLE_SUITE/test_stack4_DYNAMOSA.py ...........F.F..       [ 38%]
DYNAMOSA-MOSA-WHOLE_SUITE/test_stack4_MOSA.py .....F...........          [ 78%]
DYNAMOSA-MOSA-WHOLE_SUITE/test_stack4_WHOLE_SUITE.py .FF......           [100%]

=========================== short test summary info ============================
FAILED DYNAMOSA-MOSA-WHOLE_SUITE/test_stack4_DYNAMOSA.py::test_case_11 - Type...
FAILED DYNAMOSA-MOSA-WHOLE_SUITE/test_stack4_DYNAMOSA.py::test_case_13 - Type...
FAILED DYNAMOSA-MOSA-WHOLE_SUITE/test_stack4_MOSA.py::test_case_5 - TypeError...
FAILED DYNAMOSA-MOSA-WHOLE_SUITE/test_stack4_WHOLE_SUITE.py::test_case_1 - Ty...
FAILED DYNAMOSA-MOSA-WHOLE_SUITE/test_stack4_WHOLE_SUITE.py::test_case_2 - Ty...
========================= 5 failed, 37 passed in 0.09s =========================
</pre></div></div></div></div></div><div class="mb-1" id="job_list___sub_accordion_32"><div class="card"><a data-toggle="collapse" data-target="#job_list___sub_collapse_32_1" aria-expanded="false" aria-controls="job_list___sub_collapse_32_1" href="#" class="job_list___sub_multi_heading"><div role="alert" class="card-header alert-success" id="job_list___sub_heading_32_1"><button class="btn btn-outline-success"><span class="job_id">32 : Job ID 06011f59c2d34839900217a17d293291</span></button></div></a><div aria-labelledby="job_list___sub_heading_32_1" data-parent="#job_list___sub_accordion_32" class="collapse job_list___sub_multi_collapse" id="job_list___sub_collapse_32_1"><div class="card-body"><div class="work-item"><div class="alert alert-success test-outcome" role="alert"><p>worker outcome: normal</p><p>test outcome: killed</p></div></div><pre class="location"><a href="pycharm://open?file=stack4.py&amp;line=74" class="text-secondary"><button class="btn btn-outline-dark">stack4.py, start pos: (74, 45), end pos: (74, 47)</button></a></pre><pre>operator: core/ReplaceComparisonOperator_Eq_GtE, occurrence: 1</pre><div class="alert alert-secondary"><pre class="diff">--- mutation diff ---
--- astack4.py
+++ bstack4.py
@@ -71,7 +71,7 @@
             self.head = self.head.next
             self._length -= 1
         while curr:
-            if (curr.next and curr.next.data == val):
+            if (curr.next and curr.next.data &gt;= val):
                 curr.next = curr.next.next
                 self._length -= 1
             curr = curr.next</pre></div><div class="alert alert-secondary"><pre class="diff">============================= test session starts ==============================
platform linux -- Python 3.10.10, pytest-7.2.1, pluggy-1.0.0
rootdir: /home/auri/temp/lucca/python_experiments/stack4
collected 42 items

DYNAMOSA-MOSA-WHOLE_SUITE/test_stack4_DYNAMOSA.py .............F.F       [ 38%]
DYNAMOSA-MOSA-WHOLE_SUITE/test_stack4_MOSA.py ...FFF........FF.          [ 78%]
DYNAMOSA-MOSA-WHOLE_SUITE/test_stack4_WHOLE_SUITE.py F........           [100%]

=========================== short test summary info ============================
FAILED DYNAMOSA-MOSA-WHOLE_SUITE/test_stack4_DYNAMOSA.py::test_case_13 - Type...
FAILED DYNAMOSA-MOSA-WHOLE_SUITE/test_stack4_DYNAMOSA.py::test_case_15 - Type...
FAILED DYNAMOSA-MOSA-WHOLE_SUITE/test_stack4_MOSA.py::test_case_3 - TypeError...
FAILED DYNAMOSA-MOSA-WHOLE_SUITE/test_stack4_MOSA.py::test_case_4 - TypeError...
FAILED DYNAMOSA-MOSA-WHOLE_SUITE/test_stack4_MOSA.py::test_case_5 - TypeError...
FAILED DYNAMOSA-MOSA-WHOLE_SUITE/test_stack4_MOSA.py::test_case_14 - TypeErro...
FAILED DYNAMOSA-MOSA-WHOLE_SUITE/test_stack4_MOSA.py::test_case_15 - TypeErro...
FAILED DYNAMOSA-MOSA-WHOLE_SUITE/test_stack4_WHOLE_SUITE.py::test_case_0 - Ty...
========================= 8 failed, 34 passed in 0.09s =========================
</pre></div></div></div></div></div><div class="mb-1" id="job_list___sub_accordion_33"><div class="card"><a data-toggle="collapse" data-target="#job_list___sub_collapse_33_1" aria-expanded="false" aria-controls="job_list___sub_collapse_33_1" href="#" class="job_list___sub_multi_heading"><div role="alert" class="card-header alert-danger" id="job_list___sub_heading_33_1"><button class="btn btn-outline-danger"><span class="job_id">33 : Job ID e2f476fbee9545449d284c03f7b6709a</span></button></div></a><div aria-labelledby="job_list___sub_heading_33_1" data-parent="#job_list___sub_accordion_33" class="collapse job_list___sub_multi_collapse" id="job_list___sub_collapse_33_1"><div class="card-body"><div class="work-item"><div class="alert alert-danger test-outcome" role="alert"><p>SURVIVED</p><p>worker outcome: normal</p><p>test outcome: survived</p></div></div><pre class="location"><a href="pycharm://open?file=stack4.py&amp;line=63" class="text-secondary"><button class="btn btn-outline-dark">stack4.py, start pos: (63, 25), end pos: (63, 27)</button></a></pre><pre>operator: core/ReplaceComparisonOperator_Eq_Is, occurrence: 0</pre><div class="alert alert-secondary"><pre class="diff">--- mutation diff ---
--- astack4.py
+++ bstack4.py
@@ -60,7 +60,7 @@
         """Return the node containing val."""
         curr = self.head
         while curr:
-            if curr.data == val:
+            if curr.data is val:
                 return curr
             curr = curr.next
 </pre></div><div class="alert alert-secondary"><pre class="diff">============================= test session starts ==============================
platform linux -- Python 3.10.10, pytest-7.2.1, pluggy-1.0.0
rootdir: /home/auri/temp/lucca/python_experiments/stack4
collected 42 items

DYNAMOSA-MOSA-WHOLE_SUITE/test_stack4_DYNAMOSA.py ................       [ 38%]
DYNAMOSA-MOSA-WHOLE_SUITE/test_stack4_MOSA.py .................          [ 78%]
DYNAMOSA-MOSA-WHOLE_SUITE/test_stack4_WHOLE_SUITE.py .........           [100%]

============================== 42 passed in 0.09s ==============================
</pre></div></div></div></div></div><div class="mb-1" id="job_list___sub_accordion_34"><div class="card"><a data-toggle="collapse" data-target="#job_list___sub_collapse_34_1" aria-expanded="false" aria-controls="job_list___sub_collapse_34_1" href="#" class="job_list___sub_multi_heading"><div role="alert" class="card-header alert-danger" id="job_list___sub_heading_34_1"><button class="btn btn-outline-danger"><span class="job_id">34 : Job ID 7259c0424d4649889f6a29883b390523</span></button></div></a><div aria-labelledby="job_list___sub_heading_34_1" data-parent="#job_list___sub_accordion_34" class="collapse job_list___sub_multi_collapse" id="job_list___sub_collapse_34_1"><div class="card-body"><div class="work-item"><div class="alert alert-danger test-outcome" role="alert"><p>SURVIVED</p><p>worker outcome: normal</p><p>test outcome: survived</p></div></div><pre class="location"><a href="pycharm://open?file=stack4.py&amp;line=74" class="text-secondary"><button class="btn btn-outline-dark">stack4.py, start pos: (74, 45), end pos: (74, 47)</button></a></pre><pre>operator: core/ReplaceComparisonOperator_Eq_Is, occurrence: 1</pre><div class="alert alert-secondary"><pre class="diff">--- mutation diff ---
--- astack4.py
+++ bstack4.py
@@ -71,7 +71,7 @@
             self.head = self.head.next
             self._length -= 1
         while curr:
-            if (curr.next and curr.next.data == val):
+            if (curr.next and curr.next.data is val):
                 curr.next = curr.next.next
                 self._length -= 1
             curr = curr.next</pre></div><div class="alert alert-secondary"><pre class="diff">============================= test session starts ==============================
platform linux -- Python 3.10.10, pytest-7.2.1, pluggy-1.0.0
rootdir: /home/auri/temp/lucca/python_experiments/stack4
collected 42 items

DYNAMOSA-MOSA-WHOLE_SUITE/test_stack4_DYNAMOSA.py ................       [ 38%]
DYNAMOSA-MOSA-WHOLE_SUITE/test_stack4_MOSA.py .................          [ 78%]
DYNAMOSA-MOSA-WHOLE_SUITE/test_stack4_WHOLE_SUITE.py .........           [100%]

============================== 42 passed in 0.10s ==============================
</pre></div></div></div></div></div><div class="mb-1" id="job_list___sub_accordion_35"><div class="card"><a data-toggle="collapse" data-target="#job_list___sub_collapse_35_1" aria-expanded="false" aria-controls="job_list___sub_collapse_35_1" href="#" class="job_list___sub_multi_heading"><div role="alert" class="card-header alert-success" id="job_list___sub_heading_35_1"><button class="btn btn-outline-success"><span class="job_id">35 : Job ID 1c1e2312086a4ed09650fcc33cfb7697</span></button></div></a><div aria-labelledby="job_list___sub_heading_35_1" data-parent="#job_list___sub_accordion_35" class="collapse job_list___sub_multi_collapse" id="job_list___sub_collapse_35_1"><div class="card-body"><div class="work-item"><div class="alert alert-success test-outcome" role="alert"><p>worker outcome: normal</p><p>test outcome: killed</p></div></div><pre class="location"><a href="pycharm://open?file=stack4.py&amp;line=63" class="text-secondary"><button class="btn btn-outline-dark">stack4.py, start pos: (63, 25), end pos: (63, 27)</button></a></pre><pre>operator: core/ReplaceComparisonOperator_Eq_IsNot, occurrence: 0</pre><div class="alert alert-secondary"><pre class="diff">--- mutation diff ---
--- astack4.py
+++ bstack4.py
@@ -60,7 +60,7 @@
         """Return the node containing val."""
         curr = self.head
         while curr:
-            if curr.data == val:
+            if curr.data is not val:
                 return curr
             curr = curr.next
 </pre></div><div class="alert alert-secondary"><pre class="diff">============================= test session starts ==============================
platform linux -- Python 3.10.10, pytest-7.2.1, pluggy-1.0.0
rootdir: /home/auri/temp/lucca/python_experiments/stack4
collected 42 items

DYNAMOSA-MOSA-WHOLE_SUITE/test_stack4_DYNAMOSA.py ....F.........F.       [ 38%]
DYNAMOSA-MOSA-WHOLE_SUITE/test_stack4_MOSA.py ......F..........          [ 78%]
DYNAMOSA-MOSA-WHOLE_SUITE/test_stack4_WHOLE_SUITE.py ..F......           [100%]

=========================== short test summary info ============================
FAILED DYNAMOSA-MOSA-WHOLE_SUITE/test_stack4_DYNAMOSA.py::test_case_4 - Asser...
FAILED DYNAMOSA-MOSA-WHOLE_SUITE/test_stack4_DYNAMOSA.py::test_case_14 - Asse...
FAILED DYNAMOSA-MOSA-WHOLE_SUITE/test_stack4_MOSA.py::test_case_6 - Assertion...
FAILED DYNAMOSA-MOSA-WHOLE_SUITE/test_stack4_WHOLE_SUITE.py::test_case_2 - As...
========================= 4 failed, 38 passed in 0.09s =========================
</pre></div></div></div></div></div><div class="mb-1" id="job_list___sub_accordion_36"><div class="card"><a data-toggle="collapse" data-target="#job_list___sub_collapse_36_1" aria-expanded="false" aria-controls="job_list___sub_collapse_36_1" href="#" class="job_list___sub_multi_heading"><div role="alert" class="card-header alert-danger" id="job_list___sub_heading_36_1"><button class="btn btn-outline-danger"><span class="job_id">36 : Job ID 9064c88e9dc147deaf5ae3f0629afa0f</span></button></div></a><div aria-labelledby="job_list___sub_heading_36_1" data-parent="#job_list___sub_accordion_36" class="collapse job_list___sub_multi_collapse" id="job_list___sub_collapse_36_1"><div class="card-body"><div class="work-item"><div class="alert alert-danger test-outcome" role="alert"><p>SURVIVED</p><p>worker outcome: normal</p><p>test outcome: survived</p></div></div><pre class="location"><a href="pycharm://open?file=stack4.py&amp;line=74" class="text-secondary"><button class="btn btn-outline-dark">stack4.py, start pos: (74, 45), end pos: (74, 47)</button></a></pre><pre>operator: core/ReplaceComparisonOperator_Eq_IsNot, occurrence: 1</pre><div class="alert alert-secondary"><pre class="diff">--- mutation diff ---
--- astack4.py
+++ bstack4.py
@@ -71,7 +71,7 @@
             self.head = self.head.next
             self._length -= 1
         while curr:
-            if (curr.next and curr.next.data == val):
+            if (curr.next and curr.next.data is not val):
                 curr.next = curr.next.next
                 self._length -= 1
             curr = curr.next</pre></div><div class="alert alert-secondary"><pre class="diff">============================= test session starts ==============================
platform linux -- Python 3.10.10, pytest-7.2.1, pluggy-1.0.0
rootdir: /home/auri/temp/lucca/python_experiments/stack4
collected 42 items

DYNAMOSA-MOSA-WHOLE_SUITE/test_stack4_DYNAMOSA.py ................       [ 38%]
DYNAMOSA-MOSA-WHOLE_SUITE/test_stack4_MOSA.py .................          [ 78%]
DYNAMOSA-MOSA-WHOLE_SUITE/test_stack4_WHOLE_SUITE.py .........           [100%]

============================== 42 passed in 0.11s ==============================
</pre></div></div></div></div></div><div class="mb-1" id="job_list___sub_accordion_37"><div class="card"><a data-toggle="collapse" data-target="#job_list___sub_collapse_37_1" aria-expanded="false" aria-controls="job_list___sub_collapse_37_1" href="#" class="job_list___sub_multi_heading"><div role="alert" class="card-header alert-danger" id="job_list___sub_heading_37_1"><button class="btn btn-outline-danger"><span class="job_id">37 : Job ID e5c3fc281fed463fb0453ba18790068f</span></button></div></a><div aria-labelledby="job_list___sub_heading_37_1" data-parent="#job_list___sub_accordion_37" class="collapse job_list___sub_multi_collapse" id="job_list___sub_collapse_37_1"><div class="card-body"><div class="work-item"><div class="alert alert-danger test-outcome" role="alert"><p>SURVIVED</p><p>worker outcome: normal</p><p>test outcome: survived</p></div></div><pre class="location"><a href="pycharm://open?file=stack4.py&amp;line=70" class="text-secondary"><button class="btn btn-outline-dark">stack4.py, start pos: (70, 24), end pos: (70, 26)</button></a></pre><pre>operator: core/ReplaceComparisonOperator_Is_Eq, occurrence: 0</pre><div class="alert alert-secondary"><pre class="diff">--- mutation diff ---
--- astack4.py
+++ bstack4.py
@@ -67,7 +67,7 @@
     def remove(self, val):
         """Remove node from list if exists."""
         curr = self.head
-        if curr and val is self.head.data:
+        if curr and val == self.head.data:
             self.head = self.head.next
             self._length -= 1
         while curr:</pre></div><div class="alert alert-secondary"><pre class="diff">============================= test session starts ==============================
platform linux -- Python 3.10.10, pytest-7.2.1, pluggy-1.0.0
rootdir: /home/auri/temp/lucca/python_experiments/stack4
collected 42 items

DYNAMOSA-MOSA-WHOLE_SUITE/test_stack4_DYNAMOSA.py ................       [ 38%]
DYNAMOSA-MOSA-WHOLE_SUITE/test_stack4_MOSA.py .................          [ 78%]
DYNAMOSA-MOSA-WHOLE_SUITE/test_stack4_WHOLE_SUITE.py .........           [100%]

============================== 42 passed in 0.08s ==============================
</pre></div></div></div></div></div><div class="mb-1" id="job_list___sub_accordion_38"><div class="card"><a data-toggle="collapse" data-target="#job_list___sub_collapse_38_1" aria-expanded="false" aria-controls="job_list___sub_collapse_38_1" href="#" class="job_list___sub_multi_heading"><div role="alert" class="card-header alert-success" id="job_list___sub_heading_38_1"><button class="btn btn-outline-success"><span class="job_id">38 : Job ID 23e31c485927423892e8012da50029bb</span></button></div></a><div aria-labelledby="job_list___sub_heading_38_1" data-parent="#job_list___sub_accordion_38" class="collapse job_list___sub_multi_collapse" id="job_list___sub_collapse_38_1"><div class="card-body"><div class="work-item"><div class="alert alert-success test-outcome" role="alert"><p>worker outcome: normal</p><p>test outcome: killed</p></div></div><pre class="location"><a href="pycharm://open?file=stack4.py&amp;line=70" class="text-secondary"><button class="btn btn-outline-dark">stack4.py, start pos: (70, 24), end pos: (70, 26)</button></a></pre><pre>operator: core/ReplaceComparisonOperator_Is_NotEq, occurrence: 0</pre><div class="alert alert-secondary"><pre class="diff">--- mutation diff ---
--- astack4.py
+++ bstack4.py
@@ -67,7 +67,7 @@
     def remove(self, val):
         """Remove node from list if exists."""
         curr = self.head
-        if curr and val is self.head.data:
+        if curr and val != self.head.data:
             self.head = self.head.next
             self._length -= 1
         while curr:</pre></div><div class="alert alert-secondary"><pre class="diff">============================= test session starts ==============================
platform linux -- Python 3.10.10, pytest-7.2.1, pluggy-1.0.0
rootdir: /home/auri/temp/lucca/python_experiments/stack4
collected 42 items

DYNAMOSA-MOSA-WHOLE_SUITE/test_stack4_DYNAMOSA.py ..............F.       [ 38%]
DYNAMOSA-MOSA-WHOLE_SUITE/test_stack4_MOSA.py ...F.............          [ 78%]
DYNAMOSA-MOSA-WHOLE_SUITE/test_stack4_WHOLE_SUITE.py .........           [100%]

=========================== short test summary info ============================
FAILED DYNAMOSA-MOSA-WHOLE_SUITE/test_stack4_DYNAMOSA.py::test_case_14 - asse...
FAILED DYNAMOSA-MOSA-WHOLE_SUITE/test_stack4_MOSA.py::test_case_3 - Assertion...
========================= 2 failed, 40 passed in 0.09s =========================
</pre></div></div></div></div></div><div class="mb-1" id="job_list___sub_accordion_39"><div class="card"><a data-toggle="collapse" data-target="#job_list___sub_collapse_39_1" aria-expanded="false" aria-controls="job_list___sub_collapse_39_1" href="#" class="job_list___sub_multi_heading"><div role="alert" class="card-header alert-success" id="job_list___sub_heading_39_1"><button class="btn btn-outline-success"><span class="job_id">39 : Job ID 6a8df401ee3e41ecbd6470e4fc632265</span></button></div></a><div aria-labelledby="job_list___sub_heading_39_1" data-parent="#job_list___sub_accordion_39" class="collapse job_list___sub_multi_collapse" id="job_list___sub_collapse_39_1"><div class="card-body"><div class="work-item"><div class="alert alert-success test-outcome" role="alert"><p>worker outcome: normal</p><p>test outcome: killed</p></div></div><pre class="location"><a href="pycharm://open?file=stack4.py&amp;line=70" class="text-secondary"><button class="btn btn-outline-dark">stack4.py, start pos: (70, 24), end pos: (70, 26)</button></a></pre><pre>operator: core/ReplaceComparisonOperator_Is_Lt, occurrence: 0</pre><div class="alert alert-secondary"><pre class="diff">--- mutation diff ---
--- astack4.py
+++ bstack4.py
@@ -67,7 +67,7 @@
     def remove(self, val):
         """Remove node from list if exists."""
         curr = self.head
-        if curr and val is self.head.data:
+        if curr and val &lt; self.head.data:
             self.head = self.head.next
             self._length -= 1
         while curr:</pre></div><div class="alert alert-secondary"><pre class="diff">============================= test session starts ==============================
platform linux -- Python 3.10.10, pytest-7.2.1, pluggy-1.0.0
rootdir: /home/auri/temp/lucca/python_experiments/stack4
collected 42 items

DYNAMOSA-MOSA-WHOLE_SUITE/test_stack4_DYNAMOSA.py ..........FF.FFF       [ 38%]
DYNAMOSA-MOSA-WHOLE_SUITE/test_stack4_MOSA.py ...FFF........FFF          [ 78%]
DYNAMOSA-MOSA-WHOLE_SUITE/test_stack4_WHOLE_SUITE.py F........           [100%]

=========================== short test summary info ============================
FAILED DYNAMOSA-MOSA-WHOLE_SUITE/test_stack4_DYNAMOSA.py::test_case_10 - Type...
FAILED DYNAMOSA-MOSA-WHOLE_SUITE/test_stack4_DYNAMOSA.py::test_case_11 - Type...
FAILED DYNAMOSA-MOSA-WHOLE_SUITE/test_stack4_DYNAMOSA.py::test_case_13 - Type...
FAILED DYNAMOSA-MOSA-WHOLE_SUITE/test_stack4_DYNAMOSA.py::test_case_14 - asse...
FAILED DYNAMOSA-MOSA-WHOLE_SUITE/test_stack4_DYNAMOSA.py::test_case_15 - Type...
FAILED DYNAMOSA-MOSA-WHOLE_SUITE/test_stack4_MOSA.py::test_case_3 - TypeError...
FAILED DYNAMOSA-MOSA-WHOLE_SUITE/test_stack4_MOSA.py::test_case_4 - TypeError...
FAILED DYNAMOSA-MOSA-WHOLE_SUITE/test_stack4_MOSA.py::test_case_5 - TypeError...
FAILED DYNAMOSA-MOSA-WHOLE_SUITE/test_stack4_MOSA.py::test_case_14 - TypeErro...
FAILED DYNAMOSA-MOSA-WHOLE_SUITE/test_stack4_MOSA.py::test_case_15 - TypeErro...
FAILED DYNAMOSA-MOSA-WHOLE_SUITE/test_stack4_MOSA.py::test_case_16 - TypeErro...
FAILED DYNAMOSA-MOSA-WHOLE_SUITE/test_stack4_WHOLE_SUITE.py::test_case_0 - Ty...
======================== 12 failed, 30 passed in 0.09s =========================
</pre></div></div></div></div></div><div class="mb-1" id="job_list___sub_accordion_40"><div class="card"><a data-toggle="collapse" data-target="#job_list___sub_collapse_40_1" aria-expanded="false" aria-controls="job_list___sub_collapse_40_1" href="#" class="job_list___sub_multi_heading"><div role="alert" class="card-header alert-success" id="job_list___sub_heading_40_1"><button class="btn btn-outline-success"><span class="job_id">40 : Job ID a0a91f5d8b614e60aa59d601a403c146</span></button></div></a><div aria-labelledby="job_list___sub_heading_40_1" data-parent="#job_list___sub_accordion_40" class="collapse job_list___sub_multi_collapse" id="job_list___sub_collapse_40_1"><div class="card-body"><div class="work-item"><div class="alert alert-success test-outcome" role="alert"><p>worker outcome: normal</p><p>test outcome: killed</p></div></div><pre class="location"><a href="pycharm://open?file=stack4.py&amp;line=70" class="text-secondary"><button class="btn btn-outline-dark">stack4.py, start pos: (70, 24), end pos: (70, 26)</button></a></pre><pre>operator: core/ReplaceComparisonOperator_Is_LtE, occurrence: 0</pre><div class="alert alert-secondary"><pre class="diff">--- mutation diff ---
--- astack4.py
+++ bstack4.py
@@ -67,7 +67,7 @@
     def remove(self, val):
         """Remove node from list if exists."""
         curr = self.head
-        if curr and val is self.head.data:
+        if curr and val &lt;= self.head.data:
             self.head = self.head.next
             self._length -= 1
         while curr:</pre></div><div class="alert alert-secondary"><pre class="diff">============================= test session starts ==============================
platform linux -- Python 3.10.10, pytest-7.2.1, pluggy-1.0.0
rootdir: /home/auri/temp/lucca/python_experiments/stack4
collected 42 items

DYNAMOSA-MOSA-WHOLE_SUITE/test_stack4_DYNAMOSA.py ..........FF.F.F       [ 38%]
DYNAMOSA-MOSA-WHOLE_SUITE/test_stack4_MOSA.py ...FFF........FFF          [ 78%]
DYNAMOSA-MOSA-WHOLE_SUITE/test_stack4_WHOLE_SUITE.py F........           [100%]

=========================== short test summary info ============================
FAILED DYNAMOSA-MOSA-WHOLE_SUITE/test_stack4_DYNAMOSA.py::test_case_10 - Type...
FAILED DYNAMOSA-MOSA-WHOLE_SUITE/test_stack4_DYNAMOSA.py::test_case_11 - Type...
FAILED DYNAMOSA-MOSA-WHOLE_SUITE/test_stack4_DYNAMOSA.py::test_case_13 - Type...
FAILED DYNAMOSA-MOSA-WHOLE_SUITE/test_stack4_DYNAMOSA.py::test_case_15 - Type...
FAILED DYNAMOSA-MOSA-WHOLE_SUITE/test_stack4_MOSA.py::test_case_3 - TypeError...
FAILED DYNAMOSA-MOSA-WHOLE_SUITE/test_stack4_MOSA.py::test_case_4 - TypeError...
FAILED DYNAMOSA-MOSA-WHOLE_SUITE/test_stack4_MOSA.py::test_case_5 - TypeError...
FAILED DYNAMOSA-MOSA-WHOLE_SUITE/test_stack4_MOSA.py::test_case_14 - TypeErro...
FAILED DYNAMOSA-MOSA-WHOLE_SUITE/test_stack4_MOSA.py::test_case_15 - TypeErro...
FAILED DYNAMOSA-MOSA-WHOLE_SUITE/test_stack4_MOSA.py::test_case_16 - TypeErro...
FAILED DYNAMOSA-MOSA-WHOLE_SUITE/test_stack4_WHOLE_SUITE.py::test_case_0 - Ty...
======================== 11 failed, 31 passed in 0.09s =========================
</pre></div></div></div></div></div><div class="mb-1" id="job_list___sub_accordion_41"><div class="card"><a data-toggle="collapse" data-target="#job_list___sub_collapse_41_1" aria-expanded="false" aria-controls="job_list___sub_collapse_41_1" href="#" class="job_list___sub_multi_heading"><div role="alert" class="card-header alert-success" id="job_list___sub_heading_41_1"><button class="btn btn-outline-success"><span class="job_id">41 : Job ID 78c8dac052fc4580ba67ad5f5b0f5f02</span></button></div></a><div aria-labelledby="job_list___sub_heading_41_1" data-parent="#job_list___sub_accordion_41" class="collapse job_list___sub_multi_collapse" id="job_list___sub_collapse_41_1"><div class="card-body"><div class="work-item"><div class="alert alert-success test-outcome" role="alert"><p>worker outcome: normal</p><p>test outcome: killed</p></div></div><pre class="location"><a href="pycharm://open?file=stack4.py&amp;line=70" class="text-secondary"><button class="btn btn-outline-dark">stack4.py, start pos: (70, 24), end pos: (70, 26)</button></a></pre><pre>operator: core/ReplaceComparisonOperator_Is_Gt, occurrence: 0</pre><div class="alert alert-secondary"><pre class="diff">--- mutation diff ---
--- astack4.py
+++ bstack4.py
@@ -67,7 +67,7 @@
     def remove(self, val):
         """Remove node from list if exists."""
         curr = self.head
-        if curr and val is self.head.data:
+        if curr and val &gt; self.head.data:
             self.head = self.head.next
             self._length -= 1
         while curr:</pre></div><div class="alert alert-secondary"><pre class="diff">============================= test session starts ==============================
platform linux -- Python 3.10.10, pytest-7.2.1, pluggy-1.0.0
rootdir: /home/auri/temp/lucca/python_experiments/stack4
collected 42 items

DYNAMOSA-MOSA-WHOLE_SUITE/test_stack4_DYNAMOSA.py ..........FF.FFF       [ 38%]
DYNAMOSA-MOSA-WHOLE_SUITE/test_stack4_MOSA.py ...FFF........FFF          [ 78%]
DYNAMOSA-MOSA-WHOLE_SUITE/test_stack4_WHOLE_SUITE.py F........           [100%]

=========================== short test summary info ============================
FAILED DYNAMOSA-MOSA-WHOLE_SUITE/test_stack4_DYNAMOSA.py::test_case_10 - Type...
FAILED DYNAMOSA-MOSA-WHOLE_SUITE/test_stack4_DYNAMOSA.py::test_case_11 - Type...
FAILED DYNAMOSA-MOSA-WHOLE_SUITE/test_stack4_DYNAMOSA.py::test_case_13 - Type...
FAILED DYNAMOSA-MOSA-WHOLE_SUITE/test_stack4_DYNAMOSA.py::test_case_14 - asse...
FAILED DYNAMOSA-MOSA-WHOLE_SUITE/test_stack4_DYNAMOSA.py::test_case_15 - Type...
FAILED DYNAMOSA-MOSA-WHOLE_SUITE/test_stack4_MOSA.py::test_case_3 - TypeError...
FAILED DYNAMOSA-MOSA-WHOLE_SUITE/test_stack4_MOSA.py::test_case_4 - TypeError...
FAILED DYNAMOSA-MOSA-WHOLE_SUITE/test_stack4_MOSA.py::test_case_5 - TypeError...
FAILED DYNAMOSA-MOSA-WHOLE_SUITE/test_stack4_MOSA.py::test_case_14 - TypeErro...
FAILED DYNAMOSA-MOSA-WHOLE_SUITE/test_stack4_MOSA.py::test_case_15 - TypeErro...
FAILED DYNAMOSA-MOSA-WHOLE_SUITE/test_stack4_MOSA.py::test_case_16 - TypeErro...
FAILED DYNAMOSA-MOSA-WHOLE_SUITE/test_stack4_WHOLE_SUITE.py::test_case_0 - Ty...
======================== 12 failed, 30 passed in 0.09s =========================
</pre></div></div></div></div></div><div class="mb-1" id="job_list___sub_accordion_42"><div class="card"><a data-toggle="collapse" data-target="#job_list___sub_collapse_42_1" aria-expanded="false" aria-controls="job_list___sub_collapse_42_1" href="#" class="job_list___sub_multi_heading"><div role="alert" class="card-header alert-success" id="job_list___sub_heading_42_1"><button class="btn btn-outline-success"><span class="job_id">42 : Job ID 86f99248e1b94e0fb461a30536b98356</span></button></div></a><div aria-labelledby="job_list___sub_heading_42_1" data-parent="#job_list___sub_accordion_42" class="collapse job_list___sub_multi_collapse" id="job_list___sub_collapse_42_1"><div class="card-body"><div class="work-item"><div class="alert alert-success test-outcome" role="alert"><p>worker outcome: normal</p><p>test outcome: killed</p></div></div><pre class="location"><a href="pycharm://open?file=stack4.py&amp;line=70" class="text-secondary"><button class="btn btn-outline-dark">stack4.py, start pos: (70, 24), end pos: (70, 26)</button></a></pre><pre>operator: core/ReplaceComparisonOperator_Is_GtE, occurrence: 0</pre><div class="alert alert-secondary"><pre class="diff">--- mutation diff ---
--- astack4.py
+++ bstack4.py
@@ -67,7 +67,7 @@
     def remove(self, val):
         """Remove node from list if exists."""
         curr = self.head
-        if curr and val is self.head.data:
+        if curr and val &gt;= self.head.data:
             self.head = self.head.next
             self._length -= 1
         while curr:</pre></div><div class="alert alert-secondary"><pre class="diff">============================= test session starts ==============================
platform linux -- Python 3.10.10, pytest-7.2.1, pluggy-1.0.0
rootdir: /home/auri/temp/lucca/python_experiments/stack4
collected 42 items

DYNAMOSA-MOSA-WHOLE_SUITE/test_stack4_DYNAMOSA.py ..........FF.F.F       [ 38%]
DYNAMOSA-MOSA-WHOLE_SUITE/test_stack4_MOSA.py ...FFF........FFF          [ 78%]
DYNAMOSA-MOSA-WHOLE_SUITE/test_stack4_WHOLE_SUITE.py F........           [100%]

=========================== short test summary info ============================
FAILED DYNAMOSA-MOSA-WHOLE_SUITE/test_stack4_DYNAMOSA.py::test_case_10 - Type...
FAILED DYNAMOSA-MOSA-WHOLE_SUITE/test_stack4_DYNAMOSA.py::test_case_11 - Type...
FAILED DYNAMOSA-MOSA-WHOLE_SUITE/test_stack4_DYNAMOSA.py::test_case_13 - Type...
FAILED DYNAMOSA-MOSA-WHOLE_SUITE/test_stack4_DYNAMOSA.py::test_case_15 - Type...
FAILED DYNAMOSA-MOSA-WHOLE_SUITE/test_stack4_MOSA.py::test_case_3 - TypeError...
FAILED DYNAMOSA-MOSA-WHOLE_SUITE/test_stack4_MOSA.py::test_case_4 - TypeError...
FAILED DYNAMOSA-MOSA-WHOLE_SUITE/test_stack4_MOSA.py::test_case_5 - TypeError...
FAILED DYNAMOSA-MOSA-WHOLE_SUITE/test_stack4_MOSA.py::test_case_14 - TypeErro...
FAILED DYNAMOSA-MOSA-WHOLE_SUITE/test_stack4_MOSA.py::test_case_15 - TypeErro...
FAILED DYNAMOSA-MOSA-WHOLE_SUITE/test_stack4_MOSA.py::test_case_16 - TypeErro...
FAILED DYNAMOSA-MOSA-WHOLE_SUITE/test_stack4_WHOLE_SUITE.py::test_case_0 - Ty...
======================== 11 failed, 31 passed in 0.10s =========================
</pre></div></div></div></div></div><div class="mb-1" id="job_list___sub_accordion_43"><div class="card"><a data-toggle="collapse" data-target="#job_list___sub_collapse_43_1" aria-expanded="false" aria-controls="job_list___sub_collapse_43_1" href="#" class="job_list___sub_multi_heading"><div role="alert" class="card-header alert-success" id="job_list___sub_heading_43_1"><button class="btn btn-outline-success"><span class="job_id">43 : Job ID 18b680bdbda34a4dbc533bde7683cee8</span></button></div></a><div aria-labelledby="job_list___sub_heading_43_1" data-parent="#job_list___sub_accordion_43" class="collapse job_list___sub_multi_collapse" id="job_list___sub_collapse_43_1"><div class="card-body"><div class="work-item"><div class="alert alert-success test-outcome" role="alert"><p>worker outcome: normal</p><p>test outcome: killed</p></div></div><pre class="location"><a href="pycharm://open?file=stack4.py&amp;line=70" class="text-secondary"><button class="btn btn-outline-dark">stack4.py, start pos: (70, 24), end pos: (70, 26)</button></a></pre><pre>operator: core/ReplaceComparisonOperator_Is_IsNot, occurrence: 0</pre><div class="alert alert-secondary"><pre class="diff">--- mutation diff ---
--- astack4.py
+++ bstack4.py
@@ -67,7 +67,7 @@
     def remove(self, val):
         """Remove node from list if exists."""
         curr = self.head
-        if curr and val is self.head.data:
+        if curr and val is not self.head.data:
             self.head = self.head.next
             self._length -= 1
         while curr:</pre></div><div class="alert alert-secondary"><pre class="diff">============================= test session starts ==============================
platform linux -- Python 3.10.10, pytest-7.2.1, pluggy-1.0.0
rootdir: /home/auri/temp/lucca/python_experiments/stack4
collected 42 items

DYNAMOSA-MOSA-WHOLE_SUITE/test_stack4_DYNAMOSA.py ..............F.       [ 38%]
DYNAMOSA-MOSA-WHOLE_SUITE/test_stack4_MOSA.py ...F.............          [ 78%]
DYNAMOSA-MOSA-WHOLE_SUITE/test_stack4_WHOLE_SUITE.py .........           [100%]

=========================== short test summary info ============================
FAILED DYNAMOSA-MOSA-WHOLE_SUITE/test_stack4_DYNAMOSA.py::test_case_14 - asse...
FAILED DYNAMOSA-MOSA-WHOLE_SUITE/test_stack4_MOSA.py::test_case_3 - Assertion...
========================= 2 failed, 40 passed in 0.09s =========================
</pre></div></div></div></div></div><div class="mb-1" id="job_list___sub_accordion_44"><div class="card"><a data-toggle="collapse" data-target="#job_list___sub_collapse_44_1" aria-expanded="false" aria-controls="job_list___sub_collapse_44_1" href="#" class="job_list___sub_multi_heading"><div role="alert" class="card-header alert-success" id="job_list___sub_heading_44_1"><button class="btn btn-outline-success"><span class="job_id">44 : Job ID 230bab9409144ac3a6d29ead871d6913</span></button></div></a><div aria-labelledby="job_list___sub_heading_44_1" data-parent="#job_list___sub_accordion_44" class="collapse job_list___sub_multi_collapse" id="job_list___sub_collapse_44_1"><div class="card-body"><div class="work-item"><div class="alert alert-success test-outcome" role="alert"><p>worker outcome: normal</p><p>test outcome: killed</p></div></div><pre class="location"><a href="pycharm://open?file=stack4.py&amp;line=86" class="text-secondary"><button class="btn btn-outline-dark">stack4.py, start pos: (86, 24), end pos: (86, 25)</button></a></pre><pre>operator: core/ReplaceUnaryOperator_USub_UAdd, occurrence: 0</pre><div class="alert alert-secondary"><pre class="diff">--- mutation diff ---
--- astack4.py
+++ bstack4.py
@@ -83,7 +83,7 @@
         while curr:
             display += str(curr.data) + ', '
             curr = curr.next
-        return display[:-2] + ')'
+        return display[:+2] + ')'
 
 
 class Stack(object):</pre></div><div class="alert alert-secondary"><pre class="diff">============================= test session starts ==============================
platform linux -- Python 3.10.10, pytest-7.2.1, pluggy-1.0.0
rootdir: /home/auri/temp/lucca/python_experiments/stack4
collected 42 items

DYNAMOSA-MOSA-WHOLE_SUITE/test_stack4_DYNAMOSA.py ......FF....F...       [ 38%]
DYNAMOSA-MOSA-WHOLE_SUITE/test_stack4_MOSA.py .F.FFF...FF......          [ 78%]
DYNAMOSA-MOSA-WHOLE_SUITE/test_stack4_WHOLE_SUITE.py F.F......           [100%]

=========================== short test summary info ============================
FAILED DYNAMOSA-MOSA-WHOLE_SUITE/test_stack4_DYNAMOSA.py::test_case_6 - Asser...
FAILED DYNAMOSA-MOSA-WHOLE_SUITE/test_stack4_DYNAMOSA.py::test_case_7 - Asser...
FAILED DYNAMOSA-MOSA-WHOLE_SUITE/test_stack4_DYNAMOSA.py::test_case_12 - Asse...
FAILED DYNAMOSA-MOSA-WHOLE_SUITE/test_stack4_MOSA.py::test_case_1 - Assertion...
FAILED DYNAMOSA-MOSA-WHOLE_SUITE/test_stack4_MOSA.py::test_case_3 - Assertion...
FAILED DYNAMOSA-MOSA-WHOLE_SUITE/test_stack4_MOSA.py::test_case_4 - Assertion...
FAILED DYNAMOSA-MOSA-WHOLE_SUITE/test_stack4_MOSA.py::test_case_5 - Assertion...
FAILED DYNAMOSA-MOSA-WHOLE_SUITE/test_stack4_MOSA.py::test_case_9 - Assertion...
FAILED DYNAMOSA-MOSA-WHOLE_SUITE/test_stack4_MOSA.py::test_case_10 - Assertio...
FAILED DYNAMOSA-MOSA-WHOLE_SUITE/test_stack4_WHOLE_SUITE.py::test_case_0 - As...
FAILED DYNAMOSA-MOSA-WHOLE_SUITE/test_stack4_WHOLE_SUITE.py::test_case_2 - As...
======================== 11 failed, 31 passed in 0.10s =========================
</pre></div></div></div></div></div><div class="mb-1" id="job_list___sub_accordion_45"><div class="card"><a data-toggle="collapse" data-target="#job_list___sub_collapse_45_1" aria-expanded="false" aria-controls="job_list___sub_collapse_45_1" href="#" class="job_list___sub_multi_heading"><div role="alert" class="card-header alert-success" id="job_list___sub_heading_45_1"><button class="btn btn-outline-success"><span class="job_id">45 : Job ID 715cc33b1257486985c7912137357baa</span></button></div></a><div aria-labelledby="job_list___sub_heading_45_1" data-parent="#job_list___sub_accordion_45" class="collapse job_list___sub_multi_collapse" id="job_list___sub_collapse_45_1"><div class="card-body"><div class="work-item"><div class="alert alert-success test-outcome" role="alert"><p>worker outcome: normal</p><p>test outcome: killed</p></div></div><pre class="location"><a href="pycharm://open?file=stack4.py&amp;line=86" class="text-secondary"><button class="btn btn-outline-dark">stack4.py, start pos: (86, 24), end pos: (86, 25)</button></a></pre><pre>operator: core/ReplaceUnaryOperator_USub_Invert, occurrence: 0</pre><div class="alert alert-secondary"><pre class="diff">--- mutation diff ---
--- astack4.py
+++ bstack4.py
@@ -83,7 +83,7 @@
         while curr:
             display += str(curr.data) + ', '
             curr = curr.next
-        return display[:-2] + ')'
+        return display[:~2] + ')'
 
 
 class Stack(object):</pre></div><div class="alert alert-secondary"><pre class="diff">============================= test session starts ==============================
platform linux -- Python 3.10.10, pytest-7.2.1, pluggy-1.0.0
rootdir: /home/auri/temp/lucca/python_experiments/stack4
collected 42 items

DYNAMOSA-MOSA-WHOLE_SUITE/test_stack4_DYNAMOSA.py ......F.....F...       [ 38%]
DYNAMOSA-MOSA-WHOLE_SUITE/test_stack4_MOSA.py .F.FFF...F.......          [ 78%]
DYNAMOSA-MOSA-WHOLE_SUITE/test_stack4_WHOLE_SUITE.py .........           [100%]

=========================== short test summary info ============================
FAILED DYNAMOSA-MOSA-WHOLE_SUITE/test_stack4_DYNAMOSA.py::test_case_6 - Asser...
FAILED DYNAMOSA-MOSA-WHOLE_SUITE/test_stack4_DYNAMOSA.py::test_case_12 - Asse...
FAILED DYNAMOSA-MOSA-WHOLE_SUITE/test_stack4_MOSA.py::test_case_1 - Assertion...
FAILED DYNAMOSA-MOSA-WHOLE_SUITE/test_stack4_MOSA.py::test_case_3 - Assertion...
FAILED DYNAMOSA-MOSA-WHOLE_SUITE/test_stack4_MOSA.py::test_case_4 - Assertion...
FAILED DYNAMOSA-MOSA-WHOLE_SUITE/test_stack4_MOSA.py::test_case_5 - Assertion...
FAILED DYNAMOSA-MOSA-WHOLE_SUITE/test_stack4_MOSA.py::test_case_9 - Assertion...
========================= 7 failed, 35 passed in 0.09s =========================
</pre></div></div></div></div></div><div class="mb-1" id="job_list___sub_accordion_46"><div class="card"><a data-toggle="collapse" data-target="#job_list___sub_collapse_46_1" aria-expanded="false" aria-controls="job_list___sub_collapse_46_1" href="#" class="job_list___sub_multi_heading"><div role="alert" class="card-header alert-success" id="job_list___sub_heading_46_1"><button class="btn btn-outline-success"><span class="job_id">46 : Job ID 3000bfa6aed041f38739f9391f9878c7</span></button></div></a><div aria-labelledby="job_list___sub_heading_46_1" data-parent="#job_list___sub_accordion_46" class="collapse job_list___sub_multi_collapse" id="job_list___sub_collapse_46_1"><div class="card-body"><div class="work-item"><div class="alert alert-success test-outcome" role="alert"><p>worker outcome: normal</p><p>test outcome: killed</p></div></div><pre class="location"><a href="pycharm://open?file=stack4.py&amp;line=86" class="text-secondary"><button class="btn btn-outline-dark">stack4.py, start pos: (86, 24), end pos: (86, 25)</button></a></pre><pre>operator: core/ReplaceUnaryOperator_USub_Not, occurrence: 0</pre><div class="alert alert-secondary"><pre class="diff">--- mutation diff ---
--- astack4.py
+++ bstack4.py
@@ -83,7 +83,7 @@
         while curr:
             display += str(curr.data) + ', '
             curr = curr.next
-        return display[:-2] + ')'
+        return display[:not 2] + ')'
 
 
 class Stack(object):</pre></div><div class="alert alert-secondary"><pre class="diff">============================= test session starts ==============================
platform linux -- Python 3.10.10, pytest-7.2.1, pluggy-1.0.0
rootdir: /home/auri/temp/lucca/python_experiments/stack4
collected 42 items

DYNAMOSA-MOSA-WHOLE_SUITE/test_stack4_DYNAMOSA.py ......F.....F...       [ 38%]
DYNAMOSA-MOSA-WHOLE_SUITE/test_stack4_MOSA.py .F.FFF...F.......          [ 78%]
DYNAMOSA-MOSA-WHOLE_SUITE/test_stack4_WHOLE_SUITE.py .........           [100%]

=========================== short test summary info ============================
FAILED DYNAMOSA-MOSA-WHOLE_SUITE/test_stack4_DYNAMOSA.py::test_case_6 - Asser...
FAILED DYNAMOSA-MOSA-WHOLE_SUITE/test_stack4_DYNAMOSA.py::test_case_12 - Asse...
FAILED DYNAMOSA-MOSA-WHOLE_SUITE/test_stack4_MOSA.py::test_case_1 - Assertion...
FAILED DYNAMOSA-MOSA-WHOLE_SUITE/test_stack4_MOSA.py::test_case_3 - Assertion...
FAILED DYNAMOSA-MOSA-WHOLE_SUITE/test_stack4_MOSA.py::test_case_4 - Assertion...
FAILED DYNAMOSA-MOSA-WHOLE_SUITE/test_stack4_MOSA.py::test_case_5 - Assertion...
FAILED DYNAMOSA-MOSA-WHOLE_SUITE/test_stack4_MOSA.py::test_case_9 - Assertion...
========================= 7 failed, 35 passed in 0.09s =========================
</pre></div></div></div></div></div><div class="mb-1" id="job_list___sub_accordion_47"><div class="card"><a data-toggle="collapse" data-target="#job_list___sub_collapse_47_1" aria-expanded="false" aria-controls="job_list___sub_collapse_47_1" href="#" class="job_list___sub_multi_heading"><div role="alert" class="card-header alert-success" id="job_list___sub_heading_47_1"><button class="btn btn-outline-success"><span class="job_id">47 : Job ID 1cda9d9305014777bbfdf4a12ea016fb</span></button></div></a><div aria-labelledby="job_list___sub_heading_47_1" data-parent="#job_list___sub_accordion_47" class="collapse job_list___sub_multi_collapse" id="job_list___sub_collapse_47_1"><div class="card-body"><div class="work-item"><div class="alert alert-success test-outcome" role="alert"><p>worker outcome: normal</p><p>test outcome: killed</p></div></div><pre class="location"><a href="pycharm://open?file=stack4.py&amp;line=86" class="text-secondary"><button class="btn btn-outline-dark">stack4.py, start pos: (86, 24), end pos: (86, 25)</button></a></pre><pre>operator: core/ReplaceUnaryOperator_Delete_USub, occurrence: 0</pre><div class="alert alert-secondary"><pre class="diff">--- mutation diff ---
--- astack4.py
+++ bstack4.py
@@ -83,7 +83,7 @@
         while curr:
             display += str(curr.data) + ', '
             curr = curr.next
-        return display[:-2] + ')'
+        return display[:2] + ')'
 
 
 class Stack(object):</pre></div><div class="alert alert-secondary"><pre class="diff">============================= test session starts ==============================
platform linux -- Python 3.10.10, pytest-7.2.1, pluggy-1.0.0
rootdir: /home/auri/temp/lucca/python_experiments/stack4
collected 42 items

DYNAMOSA-MOSA-WHOLE_SUITE/test_stack4_DYNAMOSA.py ......FF....F...       [ 38%]
DYNAMOSA-MOSA-WHOLE_SUITE/test_stack4_MOSA.py .F.FFF...FF......          [ 78%]
DYNAMOSA-MOSA-WHOLE_SUITE/test_stack4_WHOLE_SUITE.py F.F......           [100%]

=========================== short test summary info ============================
FAILED DYNAMOSA-MOSA-WHOLE_SUITE/test_stack4_DYNAMOSA.py::test_case_6 - Asser...
FAILED DYNAMOSA-MOSA-WHOLE_SUITE/test_stack4_DYNAMOSA.py::test_case_7 - Asser...
FAILED DYNAMOSA-MOSA-WHOLE_SUITE/test_stack4_DYNAMOSA.py::test_case_12 - Asse...
FAILED DYNAMOSA-MOSA-WHOLE_SUITE/test_stack4_MOSA.py::test_case_1 - Assertion...
FAILED DYNAMOSA-MOSA-WHOLE_SUITE/test_stack4_MOSA.py::test_case_3 - Assertion...
FAILED DYNAMOSA-MOSA-WHOLE_SUITE/test_stack4_MOSA.py::test_case_4 - Assertion...
FAILED DYNAMOSA-MOSA-WHOLE_SUITE/test_stack4_MOSA.py::test_case_5 - Assertion...
FAILED DYNAMOSA-MOSA-WHOLE_SUITE/test_stack4_MOSA.py::test_case_9 - Assertion...
FAILED DYNAMOSA-MOSA-WHOLE_SUITE/test_stack4_MOSA.py::test_case_10 - Assertio...
FAILED DYNAMOSA-MOSA-WHOLE_SUITE/test_stack4_WHOLE_SUITE.py::test_case_0 - As...
FAILED DYNAMOSA-MOSA-WHOLE_SUITE/test_stack4_WHOLE_SUITE.py::test_case_2 - As...
======================== 11 failed, 31 passed in 0.10s =========================
</pre></div></div></div></div></div><div class="mb-1" id="job_list___sub_accordion_48"><div class="card"><a data-toggle="collapse" data-target="#job_list___sub_collapse_48_1" aria-expanded="false" aria-controls="job_list___sub_collapse_48_1" href="#" class="job_list___sub_multi_heading"><div role="alert" class="card-header alert-success" id="job_list___sub_heading_48_1"><button class="btn btn-outline-success"><span class="job_id">48 : Job ID 1a984b071ba74e0d85e455063d96dc37</span></button></div></a><div aria-labelledby="job_list___sub_heading_48_1" data-parent="#job_list___sub_accordion_48" class="collapse job_list___sub_multi_collapse" id="job_list___sub_collapse_48_1"><div class="card-body"><div class="work-item"><div class="alert alert-success test-outcome" role="alert"><p>worker outcome: normal</p><p>test outcome: killed</p></div></div><pre class="location"><a href="pycharm://open?file=stack4.py&amp;line=48" class="text-secondary"><button class="btn btn-outline-dark">stack4.py, start pos: (48, 11), end pos: (48, 14)</button></a></pre><pre>operator: core/ReplaceUnaryOperator_Delete_Not, occurrence: 0</pre><div class="alert alert-secondary"><pre class="diff">--- mutation diff ---
--- astack4.py
+++ bstack4.py
@@ -45,7 +45,7 @@
 
     def pop(self):
         """Remove the first value and return it."""
-        if not self.head:
+        if  self.head:
             raise IndexError('Cannot pop from an empty list')
         to_return = self.head
         self.head = self.head.next</pre></div><div class="alert alert-secondary"><pre class="diff">============================= test session starts ==============================
platform linux -- Python 3.10.10, pytest-7.2.1, pluggy-1.0.0
rootdir: /home/auri/temp/lucca/python_experiments/stack4
collected 42 items

DYNAMOSA-MOSA-WHOLE_SUITE/test_stack4_DYNAMOSA.py ..F.............       [ 38%]
DYNAMOSA-MOSA-WHOLE_SUITE/test_stack4_MOSA.py ...F...........F.          [ 78%]
DYNAMOSA-MOSA-WHOLE_SUITE/test_stack4_WHOLE_SUITE.py ...FF.F..           [100%]

=========================== short test summary info ============================
FAILED DYNAMOSA-MOSA-WHOLE_SUITE/test_stack4_DYNAMOSA.py::test_case_2 - Index...
FAILED DYNAMOSA-MOSA-WHOLE_SUITE/test_stack4_MOSA.py::test_case_3 - IndexErro...
FAILED DYNAMOSA-MOSA-WHOLE_SUITE/test_stack4_MOSA.py::test_case_15 - IndexErr...
FAILED DYNAMOSA-MOSA-WHOLE_SUITE/test_stack4_WHOLE_SUITE.py::test_case_3 - At...
FAILED DYNAMOSA-MOSA-WHOLE_SUITE/test_stack4_WHOLE_SUITE.py::test_case_4 - At...
FAILED DYNAMOSA-MOSA-WHOLE_SUITE/test_stack4_WHOLE_SUITE.py::test_case_6 - In...
========================= 6 failed, 36 passed in 0.10s =========================
</pre></div></div></div></div></div><div class="mb-1" id="job_list___sub_accordion_49"><div class="card"><a data-toggle="collapse" data-target="#job_list___sub_collapse_49_1" aria-expanded="false" aria-controls="job_list___sub_collapse_49_1" href="#" class="job_list___sub_multi_heading"><div role="alert" class="card-header alert-success" id="job_list___sub_heading_49_1"><button class="btn btn-outline-success"><span class="job_id">49 : Job ID c48aebec91c9472b9df4a6972e9b2cff</span></button></div></a><div aria-labelledby="job_list___sub_heading_49_1" data-parent="#job_list___sub_accordion_49" class="collapse job_list___sub_multi_collapse" id="job_list___sub_collapse_49_1"><div class="card-body"><div class="work-item"><div class="alert alert-success test-outcome" role="alert"><p>worker outcome: normal</p><p>test outcome: killed</p></div></div><pre class="location"><a href="pycharm://open?file=stack4.py&amp;line=37" class="text-secondary"><button class="btn btn-outline-dark">stack4.py, start pos: (37, 15), end pos: (37, 19)</button></a></pre><pre>operator: core/AddNot, occurrence: 0</pre><div class="alert alert-secondary"><pre class="diff">--- mutation diff ---
--- astack4.py
+++ bstack4.py
@@ -34,7 +34,7 @@
             for val in data:
                 self.push(val)
         except TypeError:
-            if data:
+            if not data:
                 self.push(data)
 
     def push(self, val):</pre></div><div class="alert alert-secondary"><pre class="diff">============================= test session starts ==============================
platform linux -- Python 3.10.10, pytest-7.2.1, pluggy-1.0.0
rootdir: /home/auri/temp/lucca/python_experiments/stack4
collected 42 items

DYNAMOSA-MOSA-WHOLE_SUITE/test_stack4_DYNAMOSA.py FFF.FFFF..FF.FFF       [ 38%]
DYNAMOSA-MOSA-WHOLE_SUITE/test_stack4_MOSA.py FFF...FFF.F.F....          [ 78%]
DYNAMOSA-MOSA-WHOLE_SUITE/test_stack4_WHOLE_SUITE.py FFFFFFF..           [100%]

=========================== short test summary info ============================
FAILED DYNAMOSA-MOSA-WHOLE_SUITE/test_stack4_DYNAMOSA.py::test_case_0 - asser...
FAILED DYNAMOSA-MOSA-WHOLE_SUITE/test_stack4_DYNAMOSA.py::test_case_1 - asser...
FAILED DYNAMOSA-MOSA-WHOLE_SUITE/test_stack4_DYNAMOSA.py::test_case_2 - asser...
FAILED DYNAMOSA-MOSA-WHOLE_SUITE/test_stack4_DYNAMOSA.py::test_case_4 - asser...
FAILED DYNAMOSA-MOSA-WHOLE_SUITE/test_stack4_DYNAMOSA.py::test_case_5 - asser...
FAILED DYNAMOSA-MOSA-WHOLE_SUITE/test_stack4_DYNAMOSA.py::test_case_6 - Asser...
FAILED DYNAMOSA-MOSA-WHOLE_SUITE/test_stack4_DYNAMOSA.py::test_case_7 - asser...
FAILED DYNAMOSA-MOSA-WHOLE_SUITE/test_stack4_DYNAMOSA.py::test_case_10 - Asse...
FAILED DYNAMOSA-MOSA-WHOLE_SUITE/test_stack4_DYNAMOSA.py::test_case_11 - asse...
FAILED DYNAMOSA-MOSA-WHOLE_SUITE/test_stack4_DYNAMOSA.py::test_case_13 - asse...
FAILED DYNAMOSA-MOSA-WHOLE_SUITE/test_stack4_DYNAMOSA.py::test_case_14 - Asse...
FAILED DYNAMOSA-MOSA-WHOLE_SUITE/test_stack4_DYNAMOSA.py::test_case_15 - asse...
FAILED DYNAMOSA-MOSA-WHOLE_SUITE/test_stack4_MOSA.py::test_case_0 - assert &lt;s...
FAILED DYNAMOSA-MOSA-WHOLE_SUITE/test_stack4_MOSA.py::test_case_1 - Assertion...
FAILED DYNAMOSA-MOSA-WHOLE_SUITE/test_stack4_MOSA.py::test_case_2 - assert &lt;s...
FAILED DYNAMOSA-MOSA-WHOLE_SUITE/test_stack4_MOSA.py::test_case_6 - assert &lt;s...
FAILED DYNAMOSA-MOSA-WHOLE_SUITE/test_stack4_MOSA.py::test_case_7 - assert &lt;s...
FAILED DYNAMOSA-MOSA-WHOLE_SUITE/test_stack4_MOSA.py::test_case_8 - assert &lt;s...
FAILED DYNAMOSA-MOSA-WHOLE_SUITE/test_stack4_MOSA.py::test_case_10 - assert &lt;...
FAILED DYNAMOSA-MOSA-WHOLE_SUITE/test_stack4_MOSA.py::test_case_12 - assert &lt;...
FAILED DYNAMOSA-MOSA-WHOLE_SUITE/test_stack4_WHOLE_SUITE.py::test_case_0 - as...
FAILED DYNAMOSA-MOSA-WHOLE_SUITE/test_stack4_WHOLE_SUITE.py::test_case_1 - as...
FAILED DYNAMOSA-MOSA-WHOLE_SUITE/test_stack4_WHOLE_SUITE.py::test_case_2 - as...
FAILED DYNAMOSA-MOSA-WHOLE_SUITE/test_stack4_WHOLE_SUITE.py::test_case_3 - as...
FAILED DYNAMOSA-MOSA-WHOLE_SUITE/test_stack4_WHOLE_SUITE.py::test_case_4 - as...
FAILED DYNAMOSA-MOSA-WHOLE_SUITE/test_stack4_WHOLE_SUITE.py::test_case_5 - as...
FAILED DYNAMOSA-MOSA-WHOLE_SUITE/test_stack4_WHOLE_SUITE.py::test_case_6 - In...
======================== 27 failed, 15 passed in 0.11s =========================
</pre></div></div></div></div></div><div class="mb-1" id="job_list___sub_accordion_50"><div class="card"><a data-toggle="collapse" data-target="#job_list___sub_collapse_50_1" aria-expanded="false" aria-controls="job_list___sub_collapse_50_1" href="#" class="job_list___sub_multi_heading"><div role="alert" class="card-header alert-success" id="job_list___sub_heading_50_1"><button class="btn btn-outline-success"><span class="job_id">50 : Job ID d984dce975234e2a914d8b69ff09b96d</span></button></div></a><div aria-labelledby="job_list___sub_heading_50_1" data-parent="#job_list___sub_accordion_50" class="collapse job_list___sub_multi_collapse" id="job_list___sub_collapse_50_1"><div class="card-body"><div class="work-item"><div class="alert alert-success test-outcome" role="alert"><p>worker outcome: normal</p><p>test outcome: killed</p></div></div><pre class="location"><a href="pycharm://open?file=stack4.py&amp;line=48" class="text-secondary"><button class="btn btn-outline-dark">stack4.py, start pos: (48, 11), end pos: (48, 24)</button></a></pre><pre>operator: core/AddNot, occurrence: 1</pre><div class="alert alert-secondary"><pre class="diff">--- mutation diff ---
--- astack4.py
+++ bstack4.py
@@ -45,7 +45,7 @@
 
     def pop(self):
         """Remove the first value and return it."""
-        if not self.head:
+        if not not self.head:
             raise IndexError('Cannot pop from an empty list')
         to_return = self.head
         self.head = self.head.next</pre></div><div class="alert alert-secondary"><pre class="diff">============================= test session starts ==============================
platform linux -- Python 3.10.10, pytest-7.2.1, pluggy-1.0.0
rootdir: /home/auri/temp/lucca/python_experiments/stack4
collected 42 items

DYNAMOSA-MOSA-WHOLE_SUITE/test_stack4_DYNAMOSA.py ..F.............       [ 38%]
DYNAMOSA-MOSA-WHOLE_SUITE/test_stack4_MOSA.py ...F...........F.          [ 78%]
DYNAMOSA-MOSA-WHOLE_SUITE/test_stack4_WHOLE_SUITE.py ...FF.F..           [100%]

=========================== short test summary info ============================
FAILED DYNAMOSA-MOSA-WHOLE_SUITE/test_stack4_DYNAMOSA.py::test_case_2 - Index...
FAILED DYNAMOSA-MOSA-WHOLE_SUITE/test_stack4_MOSA.py::test_case_3 - IndexErro...
FAILED DYNAMOSA-MOSA-WHOLE_SUITE/test_stack4_MOSA.py::test_case_15 - IndexErr...
FAILED DYNAMOSA-MOSA-WHOLE_SUITE/test_stack4_WHOLE_SUITE.py::test_case_3 - At...
FAILED DYNAMOSA-MOSA-WHOLE_SUITE/test_stack4_WHOLE_SUITE.py::test_case_4 - At...
FAILED DYNAMOSA-MOSA-WHOLE_SUITE/test_stack4_WHOLE_SUITE.py::test_case_6 - In...
========================= 6 failed, 36 passed in 0.09s =========================
</pre></div></div></div></div></div><div class="mb-1" id="job_list___sub_accordion_51"><div class="card"><a data-toggle="collapse" data-target="#job_list___sub_collapse_51_1" aria-expanded="false" aria-controls="job_list___sub_collapse_51_1" href="#" class="job_list___sub_multi_heading"><div role="alert" class="card-header alert-success" id="job_list___sub_heading_51_1"><button class="btn btn-outline-success"><span class="job_id">51 : Job ID d8820f9e0b3a47f28cc2010c655a6ba2</span></button></div></a><div aria-labelledby="job_list___sub_heading_51_1" data-parent="#job_list___sub_accordion_51" class="collapse job_list___sub_multi_collapse" id="job_list___sub_collapse_51_1"><div class="card-body"><div class="work-item"><div class="alert alert-success test-outcome" role="alert"><p>worker outcome: normal</p><p>test outcome: killed</p></div></div><pre class="location"><a href="pycharm://open?file=stack4.py&amp;line=62" class="text-secondary"><button class="btn btn-outline-dark">stack4.py, start pos: (62, 14), end pos: (62, 18)</button></a></pre><pre>operator: core/AddNot, occurrence: 2</pre><div class="alert alert-secondary"><pre class="diff">--- mutation diff ---
--- astack4.py
+++ bstack4.py
@@ -59,7 +59,7 @@
     def search(self, val):
         """Return the node containing val."""
         curr = self.head
-        while curr:
+        while not curr:
             if curr.data == val:
                 return curr
             curr = curr.next</pre></div><div class="alert alert-secondary"><pre class="diff">============================= test session starts ==============================
platform linux -- Python 3.10.10, pytest-7.2.1, pluggy-1.0.0
rootdir: /home/auri/temp/lucca/python_experiments/stack4
collected 42 items

DYNAMOSA-MOSA-WHOLE_SUITE/test_stack4_DYNAMOSA.py ....F......F..F.       [ 38%]
DYNAMOSA-MOSA-WHOLE_SUITE/test_stack4_MOSA.py ......FF.........          [ 78%]
DYNAMOSA-MOSA-WHOLE_SUITE/test_stack4_WHOLE_SUITE.py F.F......           [100%]

=========================== short test summary info ============================
FAILED DYNAMOSA-MOSA-WHOLE_SUITE/test_stack4_DYNAMOSA.py::test_case_4 - Asser...
FAILED DYNAMOSA-MOSA-WHOLE_SUITE/test_stack4_DYNAMOSA.py::test_case_11 - Attr...
FAILED DYNAMOSA-MOSA-WHOLE_SUITE/test_stack4_DYNAMOSA.py::test_case_14 - Asse...
FAILED DYNAMOSA-MOSA-WHOLE_SUITE/test_stack4_MOSA.py::test_case_6 - Assertion...
FAILED DYNAMOSA-MOSA-WHOLE_SUITE/test_stack4_MOSA.py::test_case_7 - Attribute...
FAILED DYNAMOSA-MOSA-WHOLE_SUITE/test_stack4_WHOLE_SUITE.py::test_case_0 - At...
FAILED DYNAMOSA-MOSA-WHOLE_SUITE/test_stack4_WHOLE_SUITE.py::test_case_2 - As...
========================= 7 failed, 35 passed in 0.10s =========================
</pre></div></div></div></div></div><div class="mb-1" id="job_list___sub_accordion_52"><div class="card"><a data-toggle="collapse" data-target="#job_list___sub_collapse_52_1" aria-expanded="false" aria-controls="job_list___sub_collapse_52_1" href="#" class="job_list___sub_multi_heading"><div role="alert" class="card-header alert-success" id="job_list___sub_heading_52_1"><button class="btn btn-outline-success"><span class="job_id">52 : Job ID 33feb37608e646b0b3d01b6398300d85</span></button></div></a><div aria-labelledby="job_list___sub_heading_52_1" data-parent="#job_list___sub_accordion_52" class="collapse job_list___sub_multi_collapse" id="job_list___sub_collapse_52_1"><div class="card-body"><div class="work-item"><div class="alert alert-success test-outcome" role="alert"><p>worker outcome: normal</p><p>test outcome: killed</p></div></div><pre class="location"><a href="pycharm://open?file=stack4.py&amp;line=63" class="text-secondary"><button class="btn btn-outline-dark">stack4.py, start pos: (63, 15), end pos: (63, 31)</button></a></pre><pre>operator: core/AddNot, occurrence: 3</pre><div class="alert alert-secondary"><pre class="diff">--- mutation diff ---
--- astack4.py
+++ bstack4.py
@@ -60,7 +60,7 @@
         """Return the node containing val."""
         curr = self.head
         while curr:
-            if curr.data == val:
+            if not curr.data == val:
                 return curr
             curr = curr.next
 </pre></div><div class="alert alert-secondary"><pre class="diff">============================= test session starts ==============================
platform linux -- Python 3.10.10, pytest-7.2.1, pluggy-1.0.0
rootdir: /home/auri/temp/lucca/python_experiments/stack4
collected 42 items

DYNAMOSA-MOSA-WHOLE_SUITE/test_stack4_DYNAMOSA.py ....F.........F.       [ 38%]
DYNAMOSA-MOSA-WHOLE_SUITE/test_stack4_MOSA.py ......F..........          [ 78%]
DYNAMOSA-MOSA-WHOLE_SUITE/test_stack4_WHOLE_SUITE.py ..F......           [100%]

=========================== short test summary info ============================
FAILED DYNAMOSA-MOSA-WHOLE_SUITE/test_stack4_DYNAMOSA.py::test_case_4 - Asser...
FAILED DYNAMOSA-MOSA-WHOLE_SUITE/test_stack4_DYNAMOSA.py::test_case_14 - Asse...
FAILED DYNAMOSA-MOSA-WHOLE_SUITE/test_stack4_MOSA.py::test_case_6 - Assertion...
FAILED DYNAMOSA-MOSA-WHOLE_SUITE/test_stack4_WHOLE_SUITE.py::test_case_2 - As...
========================= 4 failed, 38 passed in 0.09s =========================
</pre></div></div></div></div></div><div class="mb-1" id="job_list___sub_accordion_53"><div class="card"><a data-toggle="collapse" data-target="#job_list___sub_collapse_53_1" aria-expanded="false" aria-controls="job_list___sub_collapse_53_1" href="#" class="job_list___sub_multi_heading"><div role="alert" class="card-header alert-success" id="job_list___sub_heading_53_1"><button class="btn btn-outline-success"><span class="job_id">53 : Job ID f68f70075d7f41b4828cd882ec8e8e72</span></button></div></a><div aria-labelledby="job_list___sub_heading_53_1" data-parent="#job_list___sub_accordion_53" class="collapse job_list___sub_multi_collapse" id="job_list___sub_collapse_53_1"><div class="card-body"><div class="work-item"><div class="alert alert-success test-outcome" role="alert"><p>worker outcome: normal</p><p>test outcome: killed</p></div></div><pre class="location"><a href="pycharm://open?file=stack4.py&amp;line=70" class="text-secondary"><button class="btn btn-outline-dark">stack4.py, start pos: (70, 11), end pos: (70, 41)</button></a></pre><pre>operator: core/AddNot, occurrence: 4</pre><div class="alert alert-secondary"><pre class="diff">--- mutation diff ---
--- astack4.py
+++ bstack4.py
@@ -67,7 +67,7 @@
     def remove(self, val):
         """Remove node from list if exists."""
         curr = self.head
-        if curr and val is self.head.data:
+        if not curr and val is self.head.data:
             self.head = self.head.next
             self._length -= 1
         while curr:</pre></div><div class="alert alert-secondary"><pre class="diff">============================= test session starts ==============================
platform linux -- Python 3.10.10, pytest-7.2.1, pluggy-1.0.0
rootdir: /home/auri/temp/lucca/python_experiments/stack4
collected 42 items

DYNAMOSA-MOSA-WHOLE_SUITE/test_stack4_DYNAMOSA.py ..F..F.....F..F.       [ 38%]
DYNAMOSA-MOSA-WHOLE_SUITE/test_stack4_MOSA.py .......FF...F....          [ 78%]
DYNAMOSA-MOSA-WHOLE_SUITE/test_stack4_WHOLE_SUITE.py F........           [100%]

=========================== short test summary info ============================
FAILED DYNAMOSA-MOSA-WHOLE_SUITE/test_stack4_DYNAMOSA.py::test_case_2 - Attri...
FAILED DYNAMOSA-MOSA-WHOLE_SUITE/test_stack4_DYNAMOSA.py::test_case_5 - Attri...
FAILED DYNAMOSA-MOSA-WHOLE_SUITE/test_stack4_DYNAMOSA.py::test_case_11 - Attr...
FAILED DYNAMOSA-MOSA-WHOLE_SUITE/test_stack4_DYNAMOSA.py::test_case_14 - asse...
FAILED DYNAMOSA-MOSA-WHOLE_SUITE/test_stack4_MOSA.py::test_case_7 - Attribute...
FAILED DYNAMOSA-MOSA-WHOLE_SUITE/test_stack4_MOSA.py::test_case_8 - Attribute...
FAILED DYNAMOSA-MOSA-WHOLE_SUITE/test_stack4_MOSA.py::test_case_12 - Attribut...
FAILED DYNAMOSA-MOSA-WHOLE_SUITE/test_stack4_WHOLE_SUITE.py::test_case_0 - At...
========================= 8 failed, 34 passed in 0.09s =========================
</pre></div></div></div></div></div><div class="mb-1" id="job_list___sub_accordion_54"><div class="card"><a data-toggle="collapse" data-target="#job_list___sub_collapse_54_1" aria-expanded="false" aria-controls="job_list___sub_collapse_54_1" href="#" class="job_list___sub_multi_heading"><div role="alert" class="card-header alert-success" id="job_list___sub_heading_54_1"><button class="btn btn-outline-success"><span class="job_id">54 : Job ID c0b770cd72bc432e8c697cc8e969eb1b</span></button></div></a><div aria-labelledby="job_list___sub_heading_54_1" data-parent="#job_list___sub_accordion_54" class="collapse job_list___sub_multi_collapse" id="job_list___sub_collapse_54_1"><div class="card-body"><div class="work-item"><div class="alert alert-success test-outcome" role="alert"><p>worker outcome: normal</p><p>test outcome: killed</p></div></div><pre class="location"><a href="pycharm://open?file=stack4.py&amp;line=73" class="text-secondary"><button class="btn btn-outline-dark">stack4.py, start pos: (73, 14), end pos: (73, 18)</button></a></pre><pre>operator: core/AddNot, occurrence: 5</pre><div class="alert alert-secondary"><pre class="diff">--- mutation diff ---
--- astack4.py
+++ bstack4.py
@@ -70,7 +70,7 @@
         if curr and val is self.head.data:
             self.head = self.head.next
             self._length -= 1
-        while curr:
+        while not curr:
             if (curr.next and curr.next.data == val):
                 curr.next = curr.next.next
                 self._length -= 1</pre></div><div class="alert alert-secondary"><pre class="diff">============================= test session starts ==============================
platform linux -- Python 3.10.10, pytest-7.2.1, pluggy-1.0.0
rootdir: /home/auri/temp/lucca/python_experiments/stack4
collected 42 items

DYNAMOSA-MOSA-WHOLE_SUITE/test_stack4_DYNAMOSA.py ..F..F.....F....       [ 38%]
DYNAMOSA-MOSA-WHOLE_SUITE/test_stack4_MOSA.py .......FF...F....          [ 78%]
DYNAMOSA-MOSA-WHOLE_SUITE/test_stack4_WHOLE_SUITE.py F........           [100%]

=========================== short test summary info ============================
FAILED DYNAMOSA-MOSA-WHOLE_SUITE/test_stack4_DYNAMOSA.py::test_case_2 - Attri...
FAILED DYNAMOSA-MOSA-WHOLE_SUITE/test_stack4_DYNAMOSA.py::test_case_5 - Attri...
FAILED DYNAMOSA-MOSA-WHOLE_SUITE/test_stack4_DYNAMOSA.py::test_case_11 - Attr...
FAILED DYNAMOSA-MOSA-WHOLE_SUITE/test_stack4_MOSA.py::test_case_7 - Attribute...
FAILED DYNAMOSA-MOSA-WHOLE_SUITE/test_stack4_MOSA.py::test_case_8 - Attribute...
FAILED DYNAMOSA-MOSA-WHOLE_SUITE/test_stack4_MOSA.py::test_case_12 - Attribut...
FAILED DYNAMOSA-MOSA-WHOLE_SUITE/test_stack4_WHOLE_SUITE.py::test_case_0 - At...
========================= 7 failed, 35 passed in 0.10s =========================
</pre></div></div></div></div></div><div class="mb-1" id="job_list___sub_accordion_55"><div class="card"><a data-toggle="collapse" data-target="#job_list___sub_collapse_55_1" aria-expanded="false" aria-controls="job_list___sub_collapse_55_1" href="#" class="job_list___sub_multi_heading"><div role="alert" class="card-header alert-success" id="job_list___sub_heading_55_1"><button class="btn btn-outline-success"><span class="job_id">55 : Job ID 7346ead46daf4c82a28b6e3b0bc2c36d</span></button></div></a><div aria-labelledby="job_list___sub_heading_55_1" data-parent="#job_list___sub_accordion_55" class="collapse job_list___sub_multi_collapse" id="job_list___sub_collapse_55_1"><div class="card-body"><div class="work-item"><div class="alert alert-success test-outcome" role="alert"><p>worker outcome: normal</p><p>test outcome: killed</p></div></div><pre class="location"><a href="pycharm://open?file=stack4.py&amp;line=74" class="text-secondary"><button class="btn btn-outline-dark">stack4.py, start pos: (74, 15), end pos: (74, 52)</button></a></pre><pre>operator: core/AddNot, occurrence: 6</pre><div class="alert alert-secondary"><pre class="diff">--- mutation diff ---
--- astack4.py
+++ bstack4.py
@@ -71,7 +71,7 @@
             self.head = self.head.next
             self._length -= 1
         while curr:
-            if (curr.next and curr.next.data == val):
+            if not (curr.next and curr.next.data == val):
                 curr.next = curr.next.next
                 self._length -= 1
             curr = curr.next</pre></div><div class="alert alert-secondary"><pre class="diff">============================= test session starts ==============================
platform linux -- Python 3.10.10, pytest-7.2.1, pluggy-1.0.0
rootdir: /home/auri/temp/lucca/python_experiments/stack4
collected 42 items

DYNAMOSA-MOSA-WHOLE_SUITE/test_stack4_DYNAMOSA.py ..........FF.FFF       [ 38%]
DYNAMOSA-MOSA-WHOLE_SUITE/test_stack4_MOSA.py ...FFF...F....F.F          [ 78%]
DYNAMOSA-MOSA-WHOLE_SUITE/test_stack4_WHOLE_SUITE.py F....F...           [100%]

=========================== short test summary info ============================
FAILED DYNAMOSA-MOSA-WHOLE_SUITE/test_stack4_DYNAMOSA.py::test_case_10 - Attr...
FAILED DYNAMOSA-MOSA-WHOLE_SUITE/test_stack4_DYNAMOSA.py::test_case_11 - Attr...
FAILED DYNAMOSA-MOSA-WHOLE_SUITE/test_stack4_DYNAMOSA.py::test_case_13 - Attr...
FAILED DYNAMOSA-MOSA-WHOLE_SUITE/test_stack4_DYNAMOSA.py::test_case_14 - Attr...
FAILED DYNAMOSA-MOSA-WHOLE_SUITE/test_stack4_DYNAMOSA.py::test_case_15 - Attr...
FAILED DYNAMOSA-MOSA-WHOLE_SUITE/test_stack4_MOSA.py::test_case_3 - Attribute...
FAILED DYNAMOSA-MOSA-WHOLE_SUITE/test_stack4_MOSA.py::test_case_4 - Attribute...
FAILED DYNAMOSA-MOSA-WHOLE_SUITE/test_stack4_MOSA.py::test_case_5 - Attribute...
FAILED DYNAMOSA-MOSA-WHOLE_SUITE/test_stack4_MOSA.py::test_case_9 - Attribute...
FAILED DYNAMOSA-MOSA-WHOLE_SUITE/test_stack4_MOSA.py::test_case_14 - Attribut...
FAILED DYNAMOSA-MOSA-WHOLE_SUITE/test_stack4_MOSA.py::test_case_16 - Attribut...
FAILED DYNAMOSA-MOSA-WHOLE_SUITE/test_stack4_WHOLE_SUITE.py::test_case_0 - At...
FAILED DYNAMOSA-MOSA-WHOLE_SUITE/test_stack4_WHOLE_SUITE.py::test_case_5 - At...
======================== 13 failed, 29 passed in 0.10s =========================
</pre></div></div></div></div></div><div class="mb-1" id="job_list___sub_accordion_56"><div class="card"><a data-toggle="collapse" data-target="#job_list___sub_collapse_56_1" aria-expanded="false" aria-controls="job_list___sub_collapse_56_1" href="#" class="job_list___sub_multi_heading"><div role="alert" class="card-header alert-success" id="job_list___sub_heading_56_1"><button class="btn btn-outline-success"><span class="job_id">56 : Job ID 7f9fde2e530548a8a961dd5e214c9d38</span></button></div></a><div aria-labelledby="job_list___sub_heading_56_1" data-parent="#job_list___sub_accordion_56" class="collapse job_list___sub_multi_collapse" id="job_list___sub_collapse_56_1"><div class="card-body"><div class="work-item"><div class="alert alert-success test-outcome" role="alert"><p>worker outcome: normal</p><p>test outcome: killed</p></div></div><pre class="location"><a href="pycharm://open?file=stack4.py&amp;line=83" class="text-secondary"><button class="btn btn-outline-dark">stack4.py, start pos: (83, 14), end pos: (83, 18)</button></a></pre><pre>operator: core/AddNot, occurrence: 7</pre><div class="alert alert-secondary"><pre class="diff">--- mutation diff ---
--- astack4.py
+++ bstack4.py
@@ -80,7 +80,7 @@
         """Display list as a tuple."""
         curr = self.head
         display = '('
-        while curr:
+        while not curr:
             display += str(curr.data) + ', '
             curr = curr.next
         return display[:-2] + ')'</pre></div><div class="alert alert-secondary"><pre class="diff">============================= test session starts ==============================
platform linux -- Python 3.10.10, pytest-7.2.1, pluggy-1.0.0
rootdir: /home/auri/temp/lucca/python_experiments/stack4
collected 42 items

DYNAMOSA-MOSA-WHOLE_SUITE/test_stack4_DYNAMOSA.py ......FF....F...       [ 38%]
DYNAMOSA-MOSA-WHOLE_SUITE/test_stack4_MOSA.py .F.FFF...FF......          [ 78%]
DYNAMOSA-MOSA-WHOLE_SUITE/test_stack4_WHOLE_SUITE.py F.F......           [100%]

=========================== short test summary info ============================
FAILED DYNAMOSA-MOSA-WHOLE_SUITE/test_stack4_DYNAMOSA.py::test_case_6 - Asser...
FAILED DYNAMOSA-MOSA-WHOLE_SUITE/test_stack4_DYNAMOSA.py::test_case_7 - Attri...
FAILED DYNAMOSA-MOSA-WHOLE_SUITE/test_stack4_DYNAMOSA.py::test_case_12 - Asse...
FAILED DYNAMOSA-MOSA-WHOLE_SUITE/test_stack4_MOSA.py::test_case_1 - Assertion...
FAILED DYNAMOSA-MOSA-WHOLE_SUITE/test_stack4_MOSA.py::test_case_3 - Assertion...
FAILED DYNAMOSA-MOSA-WHOLE_SUITE/test_stack4_MOSA.py::test_case_4 - Assertion...
FAILED DYNAMOSA-MOSA-WHOLE_SUITE/test_stack4_MOSA.py::test_case_5 - Assertion...
FAILED DYNAMOSA-MOSA-WHOLE_SUITE/test_stack4_MOSA.py::test_case_9 - Assertion...
FAILED DYNAMOSA-MOSA-WHOLE_SUITE/test_stack4_MOSA.py::test_case_10 - Attribut...
FAILED DYNAMOSA-MOSA-WHOLE_SUITE/test_stack4_WHOLE_SUITE.py::test_case_0 - At...
FAILED DYNAMOSA-MOSA-WHOLE_SUITE/test_stack4_WHOLE_SUITE.py::test_case_2 - At...
======================== 11 failed, 31 passed in 0.09s =========================
</pre></div></div></div></div></div><div class="mb-1" id="job_list___sub_accordion_57"><div class="card"><a data-toggle="collapse" data-target="#job_list___sub_collapse_57_1" aria-expanded="false" aria-controls="job_list___sub_collapse_57_1" href="#" class="job_list___sub_multi_heading"><div role="alert" class="card-header alert-success" id="job_list___sub_heading_57_1"><button class="btn btn-outline-success"><span class="job_id">57 : Job ID e5c7fc9cdd0e47f79569a399145a619a</span></button></div></a><div aria-labelledby="job_list___sub_heading_57_1" data-parent="#job_list___sub_accordion_57" class="collapse job_list___sub_multi_collapse" id="job_list___sub_collapse_57_1"><div class="card-body"><div class="work-item"><div class="alert alert-success test-outcome" role="alert"><p>worker outcome: normal</p><p>test outcome: killed</p></div></div><pre class="location"><a href="pycharm://open?file=stack4.py&amp;line=70" class="text-secondary"><button class="btn btn-outline-dark">stack4.py, start pos: (70, 16), end pos: (70, 19)</button></a></pre><pre>operator: core/ReplaceAndWithOr, occurrence: 0</pre><div class="alert alert-secondary"><pre class="diff">--- mutation diff ---
--- astack4.py
+++ bstack4.py
@@ -67,7 +67,7 @@
     def remove(self, val):
         """Remove node from list if exists."""
         curr = self.head
-        if curr and val is self.head.data:
+        if curr or val is self.head.data:
             self.head = self.head.next
             self._length -= 1
         while curr:</pre></div><div class="alert alert-secondary"><pre class="diff">============================= test session starts ==============================
platform linux -- Python 3.10.10, pytest-7.2.1, pluggy-1.0.0
rootdir: /home/auri/temp/lucca/python_experiments/stack4
collected 42 items

DYNAMOSA-MOSA-WHOLE_SUITE/test_stack4_DYNAMOSA.py ..F..F.....F...F       [ 38%]
DYNAMOSA-MOSA-WHOLE_SUITE/test_stack4_MOSA.py ...F...FF...F....          [ 78%]
DYNAMOSA-MOSA-WHOLE_SUITE/test_stack4_WHOLE_SUITE.py F........           [100%]

=========================== short test summary info ============================
FAILED DYNAMOSA-MOSA-WHOLE_SUITE/test_stack4_DYNAMOSA.py::test_case_2 - Attri...
FAILED DYNAMOSA-MOSA-WHOLE_SUITE/test_stack4_DYNAMOSA.py::test_case_5 - Attri...
FAILED DYNAMOSA-MOSA-WHOLE_SUITE/test_stack4_DYNAMOSA.py::test_case_11 - Attr...
FAILED DYNAMOSA-MOSA-WHOLE_SUITE/test_stack4_DYNAMOSA.py::test_case_15 - Attr...
FAILED DYNAMOSA-MOSA-WHOLE_SUITE/test_stack4_MOSA.py::test_case_3 - Assertion...
FAILED DYNAMOSA-MOSA-WHOLE_SUITE/test_stack4_MOSA.py::test_case_7 - Attribute...
FAILED DYNAMOSA-MOSA-WHOLE_SUITE/test_stack4_MOSA.py::test_case_8 - Attribute...
FAILED DYNAMOSA-MOSA-WHOLE_SUITE/test_stack4_MOSA.py::test_case_12 - Attribut...
FAILED DYNAMOSA-MOSA-WHOLE_SUITE/test_stack4_WHOLE_SUITE.py::test_case_0 - At...
========================= 9 failed, 33 passed in 0.09s =========================
</pre></div></div></div></div></div><div class="mb-1" id="job_list___sub_accordion_58"><div class="card"><a data-toggle="collapse" data-target="#job_list___sub_collapse_58_1" aria-expanded="false" aria-controls="job_list___sub_collapse_58_1" href="#" class="job_list___sub_multi_heading"><div role="alert" class="card-header alert-success" id="job_list___sub_heading_58_1"><button class="btn btn-outline-success"><span class="job_id">58 : Job ID 6f0150ae3d514c2aa7c30cbb46d4debd</span></button></div></a><div aria-labelledby="job_list___sub_heading_58_1" data-parent="#job_list___sub_accordion_58" class="collapse job_list___sub_multi_collapse" id="job_list___sub_collapse_58_1"><div class="card-body"><div class="work-item"><div class="alert alert-success test-outcome" role="alert"><p>worker outcome: normal</p><p>test outcome: killed</p></div></div><pre class="location"><a href="pycharm://open?file=stack4.py&amp;line=74" class="text-secondary"><button class="btn btn-outline-dark">stack4.py, start pos: (74, 26), end pos: (74, 29)</button></a></pre><pre>operator: core/ReplaceAndWithOr, occurrence: 1</pre><div class="alert alert-secondary"><pre class="diff">--- mutation diff ---
--- astack4.py
+++ bstack4.py
@@ -71,7 +71,7 @@
             self.head = self.head.next
             self._length -= 1
         while curr:
-            if (curr.next and curr.next.data == val):
+            if (curr.next or curr.next.data == val):
                 curr.next = curr.next.next
                 self._length -= 1
             curr = curr.next</pre></div><div class="alert alert-secondary"><pre class="diff">============================= test session starts ==============================
platform linux -- Python 3.10.10, pytest-7.2.1, pluggy-1.0.0
rootdir: /home/auri/temp/lucca/python_experiments/stack4
collected 42 items

DYNAMOSA-MOSA-WHOLE_SUITE/test_stack4_DYNAMOSA.py ..........FF.FFF       [ 38%]
DYNAMOSA-MOSA-WHOLE_SUITE/test_stack4_MOSA.py ...FFF...F....F.F          [ 78%]
DYNAMOSA-MOSA-WHOLE_SUITE/test_stack4_WHOLE_SUITE.py .....F...           [100%]

=========================== short test summary info ============================
FAILED DYNAMOSA-MOSA-WHOLE_SUITE/test_stack4_DYNAMOSA.py::test_case_10 - Attr...
FAILED DYNAMOSA-MOSA-WHOLE_SUITE/test_stack4_DYNAMOSA.py::test_case_11 - Attr...
FAILED DYNAMOSA-MOSA-WHOLE_SUITE/test_stack4_DYNAMOSA.py::test_case_13 - Attr...
FAILED DYNAMOSA-MOSA-WHOLE_SUITE/test_stack4_DYNAMOSA.py::test_case_14 - Attr...
FAILED DYNAMOSA-MOSA-WHOLE_SUITE/test_stack4_DYNAMOSA.py::test_case_15 - Attr...
FAILED DYNAMOSA-MOSA-WHOLE_SUITE/test_stack4_MOSA.py::test_case_3 - Attribute...
FAILED DYNAMOSA-MOSA-WHOLE_SUITE/test_stack4_MOSA.py::test_case_4 - Attribute...
FAILED DYNAMOSA-MOSA-WHOLE_SUITE/test_stack4_MOSA.py::test_case_5 - Attribute...
FAILED DYNAMOSA-MOSA-WHOLE_SUITE/test_stack4_MOSA.py::test_case_9 - Attribute...
FAILED DYNAMOSA-MOSA-WHOLE_SUITE/test_stack4_MOSA.py::test_case_14 - Attribut...
FAILED DYNAMOSA-MOSA-WHOLE_SUITE/test_stack4_MOSA.py::test_case_16 - Attribut...
FAILED DYNAMOSA-MOSA-WHOLE_SUITE/test_stack4_WHOLE_SUITE.py::test_case_5 - At...
======================== 12 failed, 30 passed in 0.09s =========================
</pre></div></div></div></div></div><div class="mb-1" id="job_list___sub_accordion_59"><div class="card"><a data-toggle="collapse" data-target="#job_list___sub_collapse_59_1" aria-expanded="false" aria-controls="job_list___sub_collapse_59_1" href="#" class="job_list___sub_multi_heading"><div role="alert" class="card-header alert-success" id="job_list___sub_heading_59_1"><button class="btn btn-outline-success"><span class="job_id">59 : Job ID b79aa5d7d6af4b8481684403b76286ee</span></button></div></a><div aria-labelledby="job_list___sub_heading_59_1" data-parent="#job_list___sub_accordion_59" class="collapse job_list___sub_multi_collapse" id="job_list___sub_collapse_59_1"><div class="card-body"><div class="work-item"><div class="alert alert-success test-outcome" role="alert"><p>worker outcome: normal</p><p>test outcome: killed</p></div></div><pre class="location"><a href="pycharm://open?file=stack4.py&amp;line=36" class="text-secondary"><button class="btn btn-outline-dark">stack4.py, start pos: (36, 15), end pos: (36, 24)</button></a></pre><pre>operator: core/ExceptionReplacer, occurrence: 0</pre><div class="alert alert-secondary"><pre class="diff">--- mutation diff ---
--- astack4.py
+++ bstack4.py
@@ -33,7 +33,7 @@
         try:
             for val in data:
                 self.push(val)
-        except TypeError:
+        except CosmicRayTestingException:
             if data:
                 self.push(data)
 </pre></div><div class="alert alert-secondary"><pre class="diff">============================= test session starts ==============================
platform linux -- Python 3.10.10, pytest-7.2.1, pluggy-1.0.0
rootdir: /home/auri/temp/lucca/python_experiments/stack4
collected 42 items

DYNAMOSA-MOSA-WHOLE_SUITE/test_stack4_DYNAMOSA.py FFFFFFFFFFFF.FFF       [ 38%]
DYNAMOSA-MOSA-WHOLE_SUITE/test_stack4_MOSA.py FFFFF.FFFFFFFFF.F          [ 78%]
DYNAMOSA-MOSA-WHOLE_SUITE/test_stack4_WHOLE_SUITE.py FFFFFFFFF           [100%]

=========================== short test summary info ============================
FAILED DYNAMOSA-MOSA-WHOLE_SUITE/test_stack4_DYNAMOSA.py::test_case_0 - NameE...
FAILED DYNAMOSA-MOSA-WHOLE_SUITE/test_stack4_DYNAMOSA.py::test_case_1 - NameE...
FAILED DYNAMOSA-MOSA-WHOLE_SUITE/test_stack4_DYNAMOSA.py::test_case_2 - NameE...
FAILED DYNAMOSA-MOSA-WHOLE_SUITE/test_stack4_DYNAMOSA.py::test_case_3 - NameE...
FAILED DYNAMOSA-MOSA-WHOLE_SUITE/test_stack4_DYNAMOSA.py::test_case_4 - NameE...
FAILED DYNAMOSA-MOSA-WHOLE_SUITE/test_stack4_DYNAMOSA.py::test_case_5 - NameE...
FAILED DYNAMOSA-MOSA-WHOLE_SUITE/test_stack4_DYNAMOSA.py::test_case_6 - NameE...
FAILED DYNAMOSA-MOSA-WHOLE_SUITE/test_stack4_DYNAMOSA.py::test_case_7 - NameE...
FAILED DYNAMOSA-MOSA-WHOLE_SUITE/test_stack4_DYNAMOSA.py::test_case_8 - NameE...
FAILED DYNAMOSA-MOSA-WHOLE_SUITE/test_stack4_DYNAMOSA.py::test_case_9 - NameE...
FAILED DYNAMOSA-MOSA-WHOLE_SUITE/test_stack4_DYNAMOSA.py::test_case_10 - Name...
FAILED DYNAMOSA-MOSA-WHOLE_SUITE/test_stack4_DYNAMOSA.py::test_case_11 - Name...
FAILED DYNAMOSA-MOSA-WHOLE_SUITE/test_stack4_DYNAMOSA.py::test_case_13 - Name...
FAILED DYNAMOSA-MOSA-WHOLE_SUITE/test_stack4_DYNAMOSA.py::test_case_14 - Name...
FAILED DYNAMOSA-MOSA-WHOLE_SUITE/test_stack4_DYNAMOSA.py::test_case_15 - Name...
FAILED DYNAMOSA-MOSA-WHOLE_SUITE/test_stack4_MOSA.py::test_case_0 - NameError...
FAILED DYNAMOSA-MOSA-WHOLE_SUITE/test_stack4_MOSA.py::test_case_1 - NameError...
FAILED DYNAMOSA-MOSA-WHOLE_SUITE/test_stack4_MOSA.py::test_case_2 - NameError...
FAILED DYNAMOSA-MOSA-WHOLE_SUITE/test_stack4_MOSA.py::test_case_3 - NameError...
FAILED DYNAMOSA-MOSA-WHOLE_SUITE/test_stack4_MOSA.py::test_case_4 - NameError...
FAILED DYNAMOSA-MOSA-WHOLE_SUITE/test_stack4_MOSA.py::test_case_6 - NameError...
FAILED DYNAMOSA-MOSA-WHOLE_SUITE/test_stack4_MOSA.py::test_case_7 - NameError...
FAILED DYNAMOSA-MOSA-WHOLE_SUITE/test_stack4_MOSA.py::test_case_8 - NameError...
FAILED DYNAMOSA-MOSA-WHOLE_SUITE/test_stack4_MOSA.py::test_case_9 - NameError...
FAILED DYNAMOSA-MOSA-WHOLE_SUITE/test_stack4_MOSA.py::test_case_10 - NameErro...
FAILED DYNAMOSA-MOSA-WHOLE_SUITE/test_stack4_MOSA.py::test_case_11 - NameErro...
FAILED DYNAMOSA-MOSA-WHOLE_SUITE/test_stack4_MOSA.py::test_case_12 - NameErro...
FAILED DYNAMOSA-MOSA-WHOLE_SUITE/test_stack4_MOSA.py::test_case_13 - NameErro...
FAILED DYNAMOSA-MOSA-WHOLE_SUITE/test_stack4_MOSA.py::test_case_14 - NameErro...
FAILED DYNAMOSA-MOSA-WHOLE_SUITE/test_stack4_MOSA.py::test_case_16 - NameErro...
FAILED DYNAMOSA-MOSA-WHOLE_SUITE/test_stack4_WHOLE_SUITE.py::test_case_0 - Na...
FAILED DYNAMOSA-MOSA-WHOLE_SUITE/test_stack4_WHOLE_SUITE.py::test_case_1 - Na...
FAILED DYNAMOSA-MOSA-WHOLE_SUITE/test_stack4_WHOLE_SUITE.py::test_case_2 - Na...
FAILED DYNAMOSA-MOSA-WHOLE_SUITE/test_stack4_WHOLE_SUITE.py::test_case_3 - Na...
FAILED DYNAMOSA-MOSA-WHOLE_SUITE/test_stack4_WHOLE_SUITE.py::test_case_4 - Na...
FAILED DYNAMOSA-MOSA-WHOLE_SUITE/test_stack4_WHOLE_SUITE.py::test_case_5 - Na...
FAILED DYNAMOSA-MOSA-WHOLE_SUITE/test_stack4_WHOLE_SUITE.py::test_case_6 - Na...
FAILED DYNAMOSA-MOSA-WHOLE_SUITE/test_stack4_WHOLE_SUITE.py::test_case_7 - Na...
FAILED DYNAMOSA-MOSA-WHOLE_SUITE/test_stack4_WHOLE_SUITE.py::test_case_8 - Na...
========================= 39 failed, 3 passed in 0.11s =========================
</pre></div></div></div></div></div><div class="mb-1" id="job_list___sub_accordion_60"><div class="card"><a data-toggle="collapse" data-target="#job_list___sub_collapse_60_1" aria-expanded="false" aria-controls="job_list___sub_collapse_60_1" href="#" class="job_list___sub_multi_heading"><div role="alert" class="card-header alert-success" id="job_list___sub_heading_60_1"><button class="btn btn-outline-success"><span class="job_id">60 : Job ID 6ae11517bd214ae78cd3e274ddc75776</span></button></div></a><div aria-labelledby="job_list___sub_heading_60_1" data-parent="#job_list___sub_accordion_60" class="collapse job_list___sub_multi_collapse" id="job_list___sub_collapse_60_1"><div class="card-body"><div class="work-item"><div class="alert alert-success test-outcome" role="alert"><p>worker outcome: normal</p><p>test outcome: killed</p></div></div><pre class="location"><a href="pycharm://open?file=stack4.py&amp;line=31" class="text-secondary"><button class="btn btn-outline-dark">stack4.py, start pos: (31, 23), end pos: (31, 24)</button></a></pre><pre>operator: core/NumberReplacer, occurrence: 0</pre><div class="alert alert-secondary"><pre class="diff">--- mutation diff ---
--- astack4.py
+++ bstack4.py
@@ -28,7 +28,7 @@
 
     def __init__(self, data=None):
         """Linked list initialized with head."""
-        self._length = 0
+        self._length = 1
         self.head = None
         try:
             for val in data:</pre></div><div class="alert alert-secondary"><pre class="diff">============================= test session starts ==============================
platform linux -- Python 3.10.10, pytest-7.2.1, pluggy-1.0.0
rootdir: /home/auri/temp/lucca/python_experiments/stack4
collected 42 items

DYNAMOSA-MOSA-WHOLE_SUITE/test_stack4_DYNAMOSA.py .....F......F...       [ 38%]
DYNAMOSA-MOSA-WHOLE_SUITE/test_stack4_MOSA.py ............F....          [ 78%]
DYNAMOSA-MOSA-WHOLE_SUITE/test_stack4_WHOLE_SUITE.py ...F.....           [100%]

=========================== short test summary info ============================
FAILED DYNAMOSA-MOSA-WHOLE_SUITE/test_stack4_DYNAMOSA.py::test_case_5 - asser...
FAILED DYNAMOSA-MOSA-WHOLE_SUITE/test_stack4_DYNAMOSA.py::test_case_12 - asse...
FAILED DYNAMOSA-MOSA-WHOLE_SUITE/test_stack4_MOSA.py::test_case_12 - assert 1...
FAILED DYNAMOSA-MOSA-WHOLE_SUITE/test_stack4_WHOLE_SUITE.py::test_case_3 - as...
========================= 4 failed, 38 passed in 0.09s =========================
</pre></div></div></div></div></div><div class="mb-1" id="job_list___sub_accordion_61"><div class="card"><a data-toggle="collapse" data-target="#job_list___sub_collapse_61_1" aria-expanded="false" aria-controls="job_list___sub_collapse_61_1" href="#" class="job_list___sub_multi_heading"><div role="alert" class="card-header alert-success" id="job_list___sub_heading_61_1"><button class="btn btn-outline-success"><span class="job_id">61 : Job ID dce283358b23498aa57a1d2630235a18</span></button></div></a><div aria-labelledby="job_list___sub_heading_61_1" data-parent="#job_list___sub_accordion_61" class="collapse job_list___sub_multi_collapse" id="job_list___sub_collapse_61_1"><div class="card-body"><div class="work-item"><div class="alert alert-success test-outcome" role="alert"><p>worker outcome: normal</p><p>test outcome: killed</p></div></div><pre class="location"><a href="pycharm://open?file=stack4.py&amp;line=31" class="text-secondary"><button class="btn btn-outline-dark">stack4.py, start pos: (31, 23), end pos: (31, 24)</button></a></pre><pre>operator: core/NumberReplacer, occurrence: 1</pre><div class="alert alert-secondary"><pre class="diff">--- mutation diff ---
--- astack4.py
+++ bstack4.py
@@ -28,7 +28,7 @@
 
     def __init__(self, data=None):
         """Linked list initialized with head."""
-        self._length = 0
+        self._length = -1
         self.head = None
         try:
             for val in data:</pre></div><div class="alert alert-secondary"><pre class="diff">============================= test session starts ==============================
platform linux -- Python 3.10.10, pytest-7.2.1, pluggy-1.0.0
rootdir: /home/auri/temp/lucca/python_experiments/stack4
collected 42 items

DYNAMOSA-MOSA-WHOLE_SUITE/test_stack4_DYNAMOSA.py .....F......F...       [ 38%]
DYNAMOSA-MOSA-WHOLE_SUITE/test_stack4_MOSA.py ............F....          [ 78%]
DYNAMOSA-MOSA-WHOLE_SUITE/test_stack4_WHOLE_SUITE.py ...F.....           [100%]

=========================== short test summary info ============================
FAILED DYNAMOSA-MOSA-WHOLE_SUITE/test_stack4_DYNAMOSA.py::test_case_5 - asser...
FAILED DYNAMOSA-MOSA-WHOLE_SUITE/test_stack4_DYNAMOSA.py::test_case_12 - asse...
FAILED DYNAMOSA-MOSA-WHOLE_SUITE/test_stack4_MOSA.py::test_case_12 - assert -...
FAILED DYNAMOSA-MOSA-WHOLE_SUITE/test_stack4_WHOLE_SUITE.py::test_case_3 - as...
========================= 4 failed, 38 passed in 0.11s =========================
</pre></div></div></div></div></div><div class="mb-1" id="job_list___sub_accordion_62"><div class="card"><a data-toggle="collapse" data-target="#job_list___sub_collapse_62_1" aria-expanded="false" aria-controls="job_list___sub_collapse_62_1" href="#" class="job_list___sub_multi_heading"><div role="alert" class="card-header alert-success" id="job_list___sub_heading_62_1"><button class="btn btn-outline-success"><span class="job_id">62 : Job ID 1c33737bc1d14780a9d2e08d67ce0c5c</span></button></div></a><div aria-labelledby="job_list___sub_heading_62_1" data-parent="#job_list___sub_accordion_62" class="collapse job_list___sub_multi_collapse" id="job_list___sub_collapse_62_1"><div class="card-body"><div class="work-item"><div class="alert alert-success test-outcome" role="alert"><p>worker outcome: normal</p><p>test outcome: killed</p></div></div><pre class="location"><a href="pycharm://open?file=stack4.py&amp;line=44" class="text-secondary"><button class="btn btn-outline-dark">stack4.py, start pos: (44, 24), end pos: (44, 25)</button></a></pre><pre>operator: core/NumberReplacer, occurrence: 2</pre><div class="alert alert-secondary"><pre class="diff">--- mutation diff ---
--- astack4.py
+++ bstack4.py
@@ -41,7 +41,7 @@
         """Insert a value at the head of the list."""
         old_head = self.head
         self.head = Node(val, old_head)
-        self._length += 1
+        self._length += 2
 
     def pop(self):
         """Remove the first value and return it."""</pre></div><div class="alert alert-secondary"><pre class="diff">============================= test session starts ==============================
platform linux -- Python 3.10.10, pytest-7.2.1, pluggy-1.0.0
rootdir: /home/auri/temp/lucca/python_experiments/stack4
collected 42 items

DYNAMOSA-MOSA-WHOLE_SUITE/test_stack4_DYNAMOSA.py ............F...       [ 38%]
DYNAMOSA-MOSA-WHOLE_SUITE/test_stack4_MOSA.py .................          [ 78%]
DYNAMOSA-MOSA-WHOLE_SUITE/test_stack4_WHOLE_SUITE.py .........           [100%]

=========================== short test summary info ============================
FAILED DYNAMOSA-MOSA-WHOLE_SUITE/test_stack4_DYNAMOSA.py::test_case_12 - asse...
========================= 1 failed, 41 passed in 0.15s =========================
</pre></div></div></div></div></div><div class="mb-1" id="job_list___sub_accordion_63"><div class="card"><a data-toggle="collapse" data-target="#job_list___sub_collapse_63_1" aria-expanded="false" aria-controls="job_list___sub_collapse_63_1" href="#" class="job_list___sub_multi_heading"><div role="alert" class="card-header alert-success" id="job_list___sub_heading_63_1"><button class="btn btn-outline-success"><span class="job_id">63 : Job ID bd2cbd08f19d4cce8f8f270ddd4afa45</span></button></div></a><div aria-labelledby="job_list___sub_heading_63_1" data-parent="#job_list___sub_accordion_63" class="collapse job_list___sub_multi_collapse" id="job_list___sub_collapse_63_1"><div class="card-body"><div class="work-item"><div class="alert alert-success test-outcome" role="alert"><p>worker outcome: normal</p><p>test outcome: killed</p></div></div><pre class="location"><a href="pycharm://open?file=stack4.py&amp;line=44" class="text-secondary"><button class="btn btn-outline-dark">stack4.py, start pos: (44, 24), end pos: (44, 25)</button></a></pre><pre>operator: core/NumberReplacer, occurrence: 3</pre><div class="alert alert-secondary"><pre class="diff">--- mutation diff ---
--- astack4.py
+++ bstack4.py
@@ -41,7 +41,7 @@
         """Insert a value at the head of the list."""
         old_head = self.head
         self.head = Node(val, old_head)
-        self._length += 1
+        self._length += 0
 
     def pop(self):
         """Remove the first value and return it."""</pre></div><div class="alert alert-secondary"><pre class="diff">============================= test session starts ==============================
platform linux -- Python 3.10.10, pytest-7.2.1, pluggy-1.0.0
rootdir: /home/auri/temp/lucca/python_experiments/stack4
collected 42 items

DYNAMOSA-MOSA-WHOLE_SUITE/test_stack4_DYNAMOSA.py ............F...       [ 38%]
DYNAMOSA-MOSA-WHOLE_SUITE/test_stack4_MOSA.py .................          [ 78%]
DYNAMOSA-MOSA-WHOLE_SUITE/test_stack4_WHOLE_SUITE.py .........           [100%]

=========================== short test summary info ============================
FAILED DYNAMOSA-MOSA-WHOLE_SUITE/test_stack4_DYNAMOSA.py::test_case_12 - asse...
========================= 1 failed, 41 passed in 0.14s =========================
</pre></div></div></div></div></div><div class="mb-1" id="job_list___sub_accordion_64"><div class="card"><a data-toggle="collapse" data-target="#job_list___sub_collapse_64_1" aria-expanded="false" aria-controls="job_list___sub_collapse_64_1" href="#" class="job_list___sub_multi_heading"><div role="alert" class="card-header alert-danger" id="job_list___sub_heading_64_1"><button class="btn btn-outline-danger"><span class="job_id">64 : Job ID 625214e90b7f4f31bb7cb278cb5ab751</span></button></div></a><div aria-labelledby="job_list___sub_heading_64_1" data-parent="#job_list___sub_accordion_64" class="collapse job_list___sub_multi_collapse" id="job_list___sub_collapse_64_1"><div class="card-body"><div class="work-item"><div class="alert alert-danger test-outcome" role="alert"><p>SURVIVED</p><p>worker outcome: normal</p><p>test outcome: survived</p></div></div><pre class="location"><a href="pycharm://open?file=stack4.py&amp;line=52" class="text-secondary"><button class="btn btn-outline-dark">stack4.py, start pos: (52, 24), end pos: (52, 25)</button></a></pre><pre>operator: core/NumberReplacer, occurrence: 4</pre><div class="alert alert-secondary"><pre class="diff">--- mutation diff ---
--- astack4.py
+++ bstack4.py
@@ -49,7 +49,7 @@
             raise IndexError('Cannot pop from an empty list')
         to_return = self.head
         self.head = self.head.next
-        self._length -= 1
+        self._length -= 2
         return to_return.data
 
     def size(self):</pre></div><div class="alert alert-secondary"><pre class="diff">============================= test session starts ==============================
platform linux -- Python 3.10.10, pytest-7.2.1, pluggy-1.0.0
rootdir: /home/auri/temp/lucca/python_experiments/stack4
collected 42 items

DYNAMOSA-MOSA-WHOLE_SUITE/test_stack4_DYNAMOSA.py ................       [ 38%]
DYNAMOSA-MOSA-WHOLE_SUITE/test_stack4_MOSA.py .................          [ 78%]
DYNAMOSA-MOSA-WHOLE_SUITE/test_stack4_WHOLE_SUITE.py .........           [100%]

============================== 42 passed in 0.10s ==============================
</pre></div></div></div></div></div><div class="mb-1" id="job_list___sub_accordion_65"><div class="card"><a data-toggle="collapse" data-target="#job_list___sub_collapse_65_1" aria-expanded="false" aria-controls="job_list___sub_collapse_65_1" href="#" class="job_list___sub_multi_heading"><div role="alert" class="card-header alert-danger" id="job_list___sub_heading_65_1"><button class="btn btn-outline-danger"><span class="job_id">65 : Job ID ffc53b090abb40f290ad6d5fc09ac6c3</span></button></div></a><div aria-labelledby="job_list___sub_heading_65_1" data-parent="#job_list___sub_accordion_65" class="collapse job_list___sub_multi_collapse" id="job_list___sub_collapse_65_1"><div class="card-body"><div class="work-item"><div class="alert alert-danger test-outcome" role="alert"><p>SURVIVED</p><p>worker outcome: normal</p><p>test outcome: survived</p></div></div><pre class="location"><a href="pycharm://open?file=stack4.py&amp;line=52" class="text-secondary"><button class="btn btn-outline-dark">stack4.py, start pos: (52, 24), end pos: (52, 25)</button></a></pre><pre>operator: core/NumberReplacer, occurrence: 5</pre><div class="alert alert-secondary"><pre class="diff">--- mutation diff ---
--- astack4.py
+++ bstack4.py
@@ -49,7 +49,7 @@
             raise IndexError('Cannot pop from an empty list')
         to_return = self.head
         self.head = self.head.next
-        self._length -= 1
+        self._length -= 0
         return to_return.data
 
     def size(self):</pre></div><div class="alert alert-secondary"><pre class="diff">============================= test session starts ==============================
platform linux -- Python 3.10.10, pytest-7.2.1, pluggy-1.0.0
rootdir: /home/auri/temp/lucca/python_experiments/stack4
collected 42 items

DYNAMOSA-MOSA-WHOLE_SUITE/test_stack4_DYNAMOSA.py ................       [ 38%]
DYNAMOSA-MOSA-WHOLE_SUITE/test_stack4_MOSA.py .................          [ 78%]
DYNAMOSA-MOSA-WHOLE_SUITE/test_stack4_WHOLE_SUITE.py .........           [100%]

============================== 42 passed in 0.10s ==============================
</pre></div></div></div></div></div><div class="mb-1" id="job_list___sub_accordion_66"><div class="card"><a data-toggle="collapse" data-target="#job_list___sub_collapse_66_1" aria-expanded="false" aria-controls="job_list___sub_collapse_66_1" href="#" class="job_list___sub_multi_heading"><div role="alert" class="card-header alert-danger" id="job_list___sub_heading_66_1"><button class="btn btn-outline-danger"><span class="job_id">66 : Job ID 3a6e26e741d946b199849986f7d3bab7</span></button></div></a><div aria-labelledby="job_list___sub_heading_66_1" data-parent="#job_list___sub_accordion_66" class="collapse job_list___sub_multi_collapse" id="job_list___sub_collapse_66_1"><div class="card-body"><div class="work-item"><div class="alert alert-danger test-outcome" role="alert"><p>SURVIVED</p><p>worker outcome: normal</p><p>test outcome: survived</p></div></div><pre class="location"><a href="pycharm://open?file=stack4.py&amp;line=72" class="text-secondary"><button class="btn btn-outline-dark">stack4.py, start pos: (72, 28), end pos: (72, 29)</button></a></pre><pre>operator: core/NumberReplacer, occurrence: 6</pre><div class="alert alert-secondary"><pre class="diff">--- mutation diff ---
--- astack4.py
+++ bstack4.py
@@ -69,7 +69,7 @@
         curr = self.head
         if curr and val is self.head.data:
             self.head = self.head.next
-            self._length -= 1
+            self._length -= 2
         while curr:
             if (curr.next and curr.next.data == val):
                 curr.next = curr.next.next</pre></div><div class="alert alert-secondary"><pre class="diff">============================= test session starts ==============================
platform linux -- Python 3.10.10, pytest-7.2.1, pluggy-1.0.0
rootdir: /home/auri/temp/lucca/python_experiments/stack4
collected 42 items

DYNAMOSA-MOSA-WHOLE_SUITE/test_stack4_DYNAMOSA.py ................       [ 38%]
DYNAMOSA-MOSA-WHOLE_SUITE/test_stack4_MOSA.py .................          [ 78%]
DYNAMOSA-MOSA-WHOLE_SUITE/test_stack4_WHOLE_SUITE.py .........           [100%]

============================== 42 passed in 0.09s ==============================
</pre></div></div></div></div></div><div class="mb-1" id="job_list___sub_accordion_67"><div class="card"><a data-toggle="collapse" data-target="#job_list___sub_collapse_67_1" aria-expanded="false" aria-controls="job_list___sub_collapse_67_1" href="#" class="job_list___sub_multi_heading"><div role="alert" class="card-header alert-danger" id="job_list___sub_heading_67_1"><button class="btn btn-outline-danger"><span class="job_id">67 : Job ID 43fd453d7f4c4f4faca1b8d7c7917591</span></button></div></a><div aria-labelledby="job_list___sub_heading_67_1" data-parent="#job_list___sub_accordion_67" class="collapse job_list___sub_multi_collapse" id="job_list___sub_collapse_67_1"><div class="card-body"><div class="work-item"><div class="alert alert-danger test-outcome" role="alert"><p>SURVIVED</p><p>worker outcome: normal</p><p>test outcome: survived</p></div></div><pre class="location"><a href="pycharm://open?file=stack4.py&amp;line=72" class="text-secondary"><button class="btn btn-outline-dark">stack4.py, start pos: (72, 28), end pos: (72, 29)</button></a></pre><pre>operator: core/NumberReplacer, occurrence: 7</pre><div class="alert alert-secondary"><pre class="diff">--- mutation diff ---
--- astack4.py
+++ bstack4.py
@@ -69,7 +69,7 @@
         curr = self.head
         if curr and val is self.head.data:
             self.head = self.head.next
-            self._length -= 1
+            self._length -= 0
         while curr:
             if (curr.next and curr.next.data == val):
                 curr.next = curr.next.next</pre></div><div class="alert alert-secondary"><pre class="diff">============================= test session starts ==============================
platform linux -- Python 3.10.10, pytest-7.2.1, pluggy-1.0.0
rootdir: /home/auri/temp/lucca/python_experiments/stack4
collected 42 items

DYNAMOSA-MOSA-WHOLE_SUITE/test_stack4_DYNAMOSA.py ................       [ 38%]
DYNAMOSA-MOSA-WHOLE_SUITE/test_stack4_MOSA.py .................          [ 78%]
DYNAMOSA-MOSA-WHOLE_SUITE/test_stack4_WHOLE_SUITE.py .........           [100%]

============================== 42 passed in 0.09s ==============================
</pre></div></div></div></div></div><div class="mb-1" id="job_list___sub_accordion_68"><div class="card"><a data-toggle="collapse" data-target="#job_list___sub_collapse_68_1" aria-expanded="false" aria-controls="job_list___sub_collapse_68_1" href="#" class="job_list___sub_multi_heading"><div role="alert" class="card-header alert-danger" id="job_list___sub_heading_68_1"><button class="btn btn-outline-danger"><span class="job_id">68 : Job ID 923e74a1e3be475c88996013c4876a4c</span></button></div></a><div aria-labelledby="job_list___sub_heading_68_1" data-parent="#job_list___sub_accordion_68" class="collapse job_list___sub_multi_collapse" id="job_list___sub_collapse_68_1"><div class="card-body"><div class="work-item"><div class="alert alert-danger test-outcome" role="alert"><p>SURVIVED</p><p>worker outcome: normal</p><p>test outcome: survived</p></div></div><pre class="location"><a href="pycharm://open?file=stack4.py&amp;line=76" class="text-secondary"><button class="btn btn-outline-dark">stack4.py, start pos: (76, 32), end pos: (76, 33)</button></a></pre><pre>operator: core/NumberReplacer, occurrence: 8</pre><div class="alert alert-secondary"><pre class="diff">--- mutation diff ---
--- astack4.py
+++ bstack4.py
@@ -73,7 +73,7 @@
         while curr:
             if (curr.next and curr.next.data == val):
                 curr.next = curr.next.next
-                self._length -= 1
+                self._length -= 2
             curr = curr.next
 
     def display(self):</pre></div><div class="alert alert-secondary"><pre class="diff">============================= test session starts ==============================
platform linux -- Python 3.10.10, pytest-7.2.1, pluggy-1.0.0
rootdir: /home/auri/temp/lucca/python_experiments/stack4
collected 42 items

DYNAMOSA-MOSA-WHOLE_SUITE/test_stack4_DYNAMOSA.py ................       [ 38%]
DYNAMOSA-MOSA-WHOLE_SUITE/test_stack4_MOSA.py .................          [ 78%]
DYNAMOSA-MOSA-WHOLE_SUITE/test_stack4_WHOLE_SUITE.py .........           [100%]

============================== 42 passed in 0.09s ==============================
</pre></div></div></div></div></div><div class="mb-1" id="job_list___sub_accordion_69"><div class="card"><a data-toggle="collapse" data-target="#job_list___sub_collapse_69_1" aria-expanded="false" aria-controls="job_list___sub_collapse_69_1" href="#" class="job_list___sub_multi_heading"><div role="alert" class="card-header alert-danger" id="job_list___sub_heading_69_1"><button class="btn btn-outline-danger"><span class="job_id">69 : Job ID f295aaabde5e4208886e76ad82b952f9</span></button></div></a><div aria-labelledby="job_list___sub_heading_69_1" data-parent="#job_list___sub_accordion_69" class="collapse job_list___sub_multi_collapse" id="job_list___sub_collapse_69_1"><div class="card-body"><div class="work-item"><div class="alert alert-danger test-outcome" role="alert"><p>SURVIVED</p><p>worker outcome: normal</p><p>test outcome: survived</p></div></div><pre class="location"><a href="pycharm://open?file=stack4.py&amp;line=76" class="text-secondary"><button class="btn btn-outline-dark">stack4.py, start pos: (76, 32), end pos: (76, 33)</button></a></pre><pre>operator: core/NumberReplacer, occurrence: 9</pre><div class="alert alert-secondary"><pre class="diff">--- mutation diff ---
--- astack4.py
+++ bstack4.py
@@ -73,7 +73,7 @@
         while curr:
             if (curr.next and curr.next.data == val):
                 curr.next = curr.next.next
-                self._length -= 1
+                self._length -= 0
             curr = curr.next
 
     def display(self):</pre></div><div class="alert alert-secondary"><pre class="diff">============================= test session starts ==============================
platform linux -- Python 3.10.10, pytest-7.2.1, pluggy-1.0.0
rootdir: /home/auri/temp/lucca/python_experiments/stack4
collected 42 items

DYNAMOSA-MOSA-WHOLE_SUITE/test_stack4_DYNAMOSA.py ................       [ 38%]
DYNAMOSA-MOSA-WHOLE_SUITE/test_stack4_MOSA.py .................          [ 78%]
DYNAMOSA-MOSA-WHOLE_SUITE/test_stack4_WHOLE_SUITE.py .........           [100%]

============================== 42 passed in 0.09s ==============================
</pre></div></div></div></div></div><div class="mb-1" id="job_list___sub_accordion_70"><div class="card"><a data-toggle="collapse" data-target="#job_list___sub_collapse_70_1" aria-expanded="false" aria-controls="job_list___sub_collapse_70_1" href="#" class="job_list___sub_multi_heading"><div role="alert" class="card-header alert-success" id="job_list___sub_heading_70_1"><button class="btn btn-outline-success"><span class="job_id">70 : Job ID cab807a7393940048e1d8e124ece37e3</span></button></div></a><div aria-labelledby="job_list___sub_heading_70_1" data-parent="#job_list___sub_accordion_70" class="collapse job_list___sub_multi_collapse" id="job_list___sub_collapse_70_1"><div class="card-body"><div class="work-item"><div class="alert alert-success test-outcome" role="alert"><p>worker outcome: normal</p><p>test outcome: killed</p></div></div><pre class="location"><a href="pycharm://open?file=stack4.py&amp;line=86" class="text-secondary"><button class="btn btn-outline-dark">stack4.py, start pos: (86, 25), end pos: (86, 26)</button></a></pre><pre>operator: core/NumberReplacer, occurrence: 10</pre><div class="alert alert-secondary"><pre class="diff">--- mutation diff ---
--- astack4.py
+++ bstack4.py
@@ -83,7 +83,7 @@
         while curr:
             display += str(curr.data) + ', '
             curr = curr.next
-        return display[:-2] + ')'
+        return display[:- 3] + ')'
 
 
 class Stack(object):</pre></div><div class="alert alert-secondary"><pre class="diff">============================= test session starts ==============================
platform linux -- Python 3.10.10, pytest-7.2.1, pluggy-1.0.0
rootdir: /home/auri/temp/lucca/python_experiments/stack4
collected 42 items

DYNAMOSA-MOSA-WHOLE_SUITE/test_stack4_DYNAMOSA.py ......F.....F...       [ 38%]
DYNAMOSA-MOSA-WHOLE_SUITE/test_stack4_MOSA.py .F.FFF...F.......          [ 78%]
DYNAMOSA-MOSA-WHOLE_SUITE/test_stack4_WHOLE_SUITE.py .........           [100%]

=========================== short test summary info ============================
FAILED DYNAMOSA-MOSA-WHOLE_SUITE/test_stack4_DYNAMOSA.py::test_case_6 - Asser...
FAILED DYNAMOSA-MOSA-WHOLE_SUITE/test_stack4_DYNAMOSA.py::test_case_12 - Asse...
FAILED DYNAMOSA-MOSA-WHOLE_SUITE/test_stack4_MOSA.py::test_case_1 - Assertion...
FAILED DYNAMOSA-MOSA-WHOLE_SUITE/test_stack4_MOSA.py::test_case_3 - Assertion...
FAILED DYNAMOSA-MOSA-WHOLE_SUITE/test_stack4_MOSA.py::test_case_4 - Assertion...
FAILED DYNAMOSA-MOSA-WHOLE_SUITE/test_stack4_MOSA.py::test_case_5 - Assertion...
FAILED DYNAMOSA-MOSA-WHOLE_SUITE/test_stack4_MOSA.py::test_case_9 - Assertion...
========================= 7 failed, 35 passed in 0.10s =========================
</pre></div></div></div></div></div><div class="mb-1" id="job_list___sub_accordion_71"><div class="card"><a data-toggle="collapse" data-target="#job_list___sub_collapse_71_1" aria-expanded="false" aria-controls="job_list___sub_collapse_71_1" href="#" class="job_list___sub_multi_heading"><div role="alert" class="card-header alert-success" id="job_list___sub_heading_71_1"><button class="btn btn-outline-success"><span class="job_id">71 : Job ID e30c86ad00554e95912f5aa09b518344</span></button></div></a><div aria-labelledby="job_list___sub_heading_71_1" data-parent="#job_list___sub_accordion_71" class="collapse job_list___sub_multi_collapse" id="job_list___sub_collapse_71_1"><div class="card-body"><div class="work-item"><div class="alert alert-success test-outcome" role="alert"><p>worker outcome: normal</p><p>test outcome: killed</p></div></div><pre class="location"><a href="pycharm://open?file=stack4.py&amp;line=86" class="text-secondary"><button class="btn btn-outline-dark">stack4.py, start pos: (86, 25), end pos: (86, 26)</button></a></pre><pre>operator: core/NumberReplacer, occurrence: 11</pre><div class="alert alert-secondary"><pre class="diff">--- mutation diff ---
--- astack4.py
+++ bstack4.py
@@ -83,7 +83,7 @@
         while curr:
             display += str(curr.data) + ', '
             curr = curr.next
-        return display[:-2] + ')'
+        return display[:- 1] + ')'
 
 
 class Stack(object):</pre></div><div class="alert alert-secondary"><pre class="diff">============================= test session starts ==============================
platform linux -- Python 3.10.10, pytest-7.2.1, pluggy-1.0.0
rootdir: /home/auri/temp/lucca/python_experiments/stack4
collected 42 items

DYNAMOSA-MOSA-WHOLE_SUITE/test_stack4_DYNAMOSA.py ......F.....F...       [ 38%]
DYNAMOSA-MOSA-WHOLE_SUITE/test_stack4_MOSA.py .F.FFF...F.......          [ 78%]
DYNAMOSA-MOSA-WHOLE_SUITE/test_stack4_WHOLE_SUITE.py .........           [100%]

=========================== short test summary info ============================
FAILED DYNAMOSA-MOSA-WHOLE_SUITE/test_stack4_DYNAMOSA.py::test_case_6 - Asser...
FAILED DYNAMOSA-MOSA-WHOLE_SUITE/test_stack4_DYNAMOSA.py::test_case_12 - Asse...
FAILED DYNAMOSA-MOSA-WHOLE_SUITE/test_stack4_MOSA.py::test_case_1 - Assertion...
FAILED DYNAMOSA-MOSA-WHOLE_SUITE/test_stack4_MOSA.py::test_case_3 - Assertion...
FAILED DYNAMOSA-MOSA-WHOLE_SUITE/test_stack4_MOSA.py::test_case_4 - Assertion...
FAILED DYNAMOSA-MOSA-WHOLE_SUITE/test_stack4_MOSA.py::test_case_5 - Assertion...
FAILED DYNAMOSA-MOSA-WHOLE_SUITE/test_stack4_MOSA.py::test_case_9 - Assertion...
========================= 7 failed, 35 passed in 0.13s =========================
</pre></div></div></div></div></div><div class="mb-1" id="job_list___sub_accordion_72"><div class="card"><a data-toggle="collapse" data-target="#job_list___sub_collapse_72_1" aria-expanded="false" aria-controls="job_list___sub_collapse_72_1" href="#" class="job_list___sub_multi_heading"><div role="alert" class="card-header alert-success" id="job_list___sub_heading_72_1"><button class="btn btn-outline-success"><span class="job_id">72 : Job ID 64e44ef520e349eaa737f694ca7574ab</span></button></div></a><div aria-labelledby="job_list___sub_heading_72_1" data-parent="#job_list___sub_accordion_72" class="collapse job_list___sub_multi_collapse" id="job_list___sub_collapse_72_1"><div class="card-body"><div class="work-item"><div class="alert alert-success test-outcome" role="alert"><p>worker outcome: normal</p><p>test outcome: killed</p></div></div><pre class="location"><a href="pycharm://open?file=stack4.py&amp;line=34" class="text-secondary"><button class="btn btn-outline-dark">stack4.py, start pos: (34, 23), end pos: (34, 27)</button></a></pre><pre>operator: core/ZeroIterationForLoop, occurrence: 0</pre><div class="alert alert-secondary"><pre class="diff">--- mutation diff ---
--- astack4.py
+++ bstack4.py
@@ -31,7 +31,7 @@
         self._length = 0
         self.head = None
         try:
-            for val in data:
+            for val in []:
                 self.push(val)
         except TypeError:
             if data:</pre></div><div class="alert alert-secondary"><pre class="diff">============================= test session starts ==============================
platform linux -- Python 3.10.10, pytest-7.2.1, pluggy-1.0.0
rootdir: /home/auri/temp/lucca/python_experiments/stack4
collected 42 items

DYNAMOSA-MOSA-WHOLE_SUITE/test_stack4_DYNAMOSA.py ..F...F...F.F.F.       [ 38%]
DYNAMOSA-MOSA-WHOLE_SUITE/test_stack4_MOSA.py .F.FFF...F....FFF          [ 78%]
DYNAMOSA-MOSA-WHOLE_SUITE/test_stack4_WHOLE_SUITE.py ..F..FF..           [100%]

=========================== short test summary info ============================
FAILED DYNAMOSA-MOSA-WHOLE_SUITE/test_stack4_DYNAMOSA.py::test_case_2 - Asser...
FAILED DYNAMOSA-MOSA-WHOLE_SUITE/test_stack4_DYNAMOSA.py::test_case_6 - Asser...
FAILED DYNAMOSA-MOSA-WHOLE_SUITE/test_stack4_DYNAMOSA.py::test_case_10 - Asse...
FAILED DYNAMOSA-MOSA-WHOLE_SUITE/test_stack4_DYNAMOSA.py::test_case_12 - Asse...
FAILED DYNAMOSA-MOSA-WHOLE_SUITE/test_stack4_DYNAMOSA.py::test_case_14 - Asse...
FAILED DYNAMOSA-MOSA-WHOLE_SUITE/test_stack4_MOSA.py::test_case_1 - Assertion...
FAILED DYNAMOSA-MOSA-WHOLE_SUITE/test_stack4_MOSA.py::test_case_3 - Assertion...
FAILED DYNAMOSA-MOSA-WHOLE_SUITE/test_stack4_MOSA.py::test_case_4 - Assertion...
FAILED DYNAMOSA-MOSA-WHOLE_SUITE/test_stack4_MOSA.py::test_case_5 - Assertion...
FAILED DYNAMOSA-MOSA-WHOLE_SUITE/test_stack4_MOSA.py::test_case_9 - Assertion...
FAILED DYNAMOSA-MOSA-WHOLE_SUITE/test_stack4_MOSA.py::test_case_14 - Assertio...
FAILED DYNAMOSA-MOSA-WHOLE_SUITE/test_stack4_MOSA.py::test_case_15 - Assertio...
FAILED DYNAMOSA-MOSA-WHOLE_SUITE/test_stack4_MOSA.py::test_case_16 - Assertio...
FAILED DYNAMOSA-MOSA-WHOLE_SUITE/test_stack4_WHOLE_SUITE.py::test_case_2 - As...
FAILED DYNAMOSA-MOSA-WHOLE_SUITE/test_stack4_WHOLE_SUITE.py::test_case_5 - As...
FAILED DYNAMOSA-MOSA-WHOLE_SUITE/test_stack4_WHOLE_SUITE.py::test_case_6 - In...
======================== 16 failed, 26 passed in 0.12s =========================
</pre></div></div></div></div></div></div></div></div></div></div><script src="https://code.jquery.com/jquery-3.3.1.slim.min.js" integrity="sha384-q8i/X+965DzO0rT7abK41JStQIAqVgRVzpbzo5smXKp4YfRvH+8abtTE1Pi6jizo" crossorigin="anonymous"></script><script src="https://cdnjs.cloudflare.com/ajax/libs/popper.js/1.14.7/umd/popper.min.js" integrity="sha384-UO2eT0CpHqdSJQ6hJty5KVphtPhzWj9WO1clHTMGa3JDZwrnQq4sF86dIHNDz0W1" crossorigin="anonymous"></script><script src="https://stackpath.bootstrapcdn.com/bootstrap/4.3.1/js/bootstrap.min.js" integrity="sha384-JjSmVgyd0p3pXB1rRibZUAYoIIy6OrQ6VrjIEaFf/nJGzIxFDsf4x0xIM+B07jRM" crossorigin="anonymous"></script><script type="text/javascript">$('div.job_list___sub_multi_collapse').on('shown.bs.collapse',  function () {    correct_behavior_functional_buttons();  });$('div.job_list___sub_multi_collapse').on('hidden.bs.collapse',  function () {    correct_behavior_functional_buttons();  });function correct_behavior_functional_buttons() {    var expand = false;    var collapse = false;    $('a.job_list___sub_multi_heading').each(function(index) {      if ($(this).attr('aria-expanded') == 'false') {        expand = true;        return false;      };    });    $('a.job_list___sub_multi_heading').each(function(index) {      if ($(this).attr('aria-expanded') == 'true') {        collapse = true;        return false;      };    });    if (expand) {      $('div#job_item_expand_all').css('display', 'inline-block');    } else {      $('div#job_item_expand_all').css('display', 'none');    };    if (collapse) {      $('div#job_item_collapse_all').css('display', 'inline-block');    } else {      $('div#job_item_collapse_all').css('display', 'none');    };  };correct_behavior_functional_buttons();</script></body></html>
