[34m[*][0m Start mutation process:
[36m   -[0m targets: stack2.py
[36m   -[0m tests: ./ALL-SMART-GPT-MUTATEST
[34m[*][0m 22 tests passed:
[36m   -[0m test_stack2_WHOLE_SUITE [0.34476 s]
[36m   -[0m test_stack2_DYNAMOSA [0.17323 s]
[36m   -[0m test_stack2_MOSA [0.13384 s]
[36m   -[0m test_stack2_MIO [0.14557 s]
[36m   -[0m test_stack2_MUTATEST [0.13085 s]
[34m[*][0m Start mutants generation and execution:
[36m   -[0m [#   1] AOR stack2: 
--------------------------------------------------------------------------------
  23:         return self.stack.pop()
  24:     
  25:     def __repr__(self):
  26:         '''show representation.'''
[34m- 27:         return 'stack:' + str(self.stack)[0m
[32m+ 27:         return 'stack:' - str(self.stack)[0m
--------------------------------------------------------------------------------
[0.21418 s] [36mincompetent[0m

TypeError: stack2:27: TypeError: unsupported operand type(s) for -: 'str' and 'str'

[36m   -[0m [#   2] CDI stack2: 
--------------------------------------------------------------------------------
   3: 
   4:     Author: George Heineman
   5: '''
   6: class Stack:
[34m-  7:     def __init__(self):[0m
[34m-  8:         '''Demonstrate using list as storage for a Stack.'''[0m
[34m-  9:         self.stack = [][0m
[34m- 10:     [0m
[32m+  7:     @classmethod[0m
[32m+  8:     def __init__(self):[0m
[32m+  9:         '''Demonstrate using list as storage for a Stack.'''[0m
[32m+ 10:         self.stack = [][0m
  11:     def isEmpty(self):
  12:         '''Determines whether stack is empty. O(1) performance'''
  13:         return len(self.stack) == 0
  14:     
--------------------------------------------------------------------------------
[0.19522 s] [31msurvived[0m
[36m   -[0m [#   3] CDI stack2: 
--------------------------------------------------------------------------------
   7:     def __init__(self):
   8:         '''Demonstrate using list as storage for a Stack.'''
   9:         self.stack = []
  10:     
[34m- 11:     def isEmpty(self):[0m
[34m- 12:         '''Determines whether stack is empty. O(1) performance'''[0m
[34m- 13:         return len(self.stack) == 0[0m
[34m- 14:     [0m
[32m+ 11:     @classmethod[0m
[32m+ 12:     def isEmpty(self):[0m
[32m+ 13:         '''Determines whether stack is empty. O(1) performance'''[0m
[32m+ 14:         return len(self.stack) == 0[0m
  15:     def push(self, v):
  16:         '''Push v onto the stack. O(1) performance.'''
  17:         self.stack.append(v)
  18:     
--------------------------------------------------------------------------------
[0.19623 s] [32mkilled[0m by ALL-SMART-GPT-MUTATEST/test_stack2_MOSA.py::test_case_1

def test_case_1():
        stack_0 = module_0.Stack()
        var_0 = stack_0.push(stack_0)
        stack_1 = module_0.Stack()
        var_1 = stack_1.push(stack_1)
>       var_2 = stack_1.pop()

ALL-SMART-GPT-MUTATEST/test_stack2_MOSA.py:15: 
_ _ _ _ _ _ _ _ _ _ _ _ _ _ _ _ _ _ _ _ _ _ _ _ _ _ _ _ _ _ _ _ _ _ _ _ _ _ _ _ 
stack2:21: in pop
    ???
_ _ _ _ _ _ _ _ _ _ _ _ _ _ _ _ _ _ _ _ _ _ _ _ _ _ _ _ _ _ _ _ _ _ _ _ _ _ _ _ 

self = <class 'stack2.Stack'>

>   ???
E   AttributeError: type object 'Stack' has no attribute 'stack'

stack2:14: AttributeError
[36m   -[0m [#   4] CDI stack2: 
--------------------------------------------------------------------------------
  11:     def isEmpty(self):
  12:         '''Determines whether stack is empty. O(1) performance'''
  13:         return len(self.stack) == 0
  14:     
[34m- 15:     def push(self, v):[0m
[34m- 16:         '''Push v onto the stack. O(1) performance.'''[0m
[34m- 17:         self.stack.append(v)[0m
[34m- 18:     [0m
[32m+ 15:     @classmethod[0m
[32m+ 16:     def push(self, v):[0m
[32m+ 17:         '''Push v onto the stack. O(1) performance.'''[0m
[32m+ 18:         self.stack.append(v)[0m
  19:     def pop(self):
  20:         '''Remove topmost element and return it. O(1) performance.'''
  21:         if self.isEmpty():
  22:             raise Exception('Stack is empty.')
--------------------------------------------------------------------------------
[0.20438 s] [32mkilled[0m by ALL-SMART-GPT-MUTATEST/test_stack2_MOSA.py::test_case_1

def test_case_1():
        stack_0 = module_0.Stack()
>       var_0 = stack_0.push(stack_0)

ALL-SMART-GPT-MUTATEST/test_stack2_MOSA.py:12: 
_ _ _ _ _ _ _ _ _ _ _ _ _ _ _ _ _ _ _ _ _ _ _ _ _ _ _ _ _ _ _ _ _ _ _ _ _ _ _ _ 

self = <class 'stack2.Stack'>, v = stack:[]

>   ???
E   AttributeError: type object 'Stack' has no attribute 'stack'

stack2:18: AttributeError
[36m   -[0m [#   5] CDI stack2: 
--------------------------------------------------------------------------------
  15:     def push(self, v):
  16:         '''Push v onto the stack. O(1) performance.'''
  17:         self.stack.append(v)
  18:     
[34m- 19:     def pop(self):[0m
[34m- 20:         '''Remove topmost element and return it. O(1) performance.'''[0m
[34m- 21:         if self.isEmpty():[0m
[34m- 22:             raise Exception('Stack is empty.')[0m
[34m- 23:         return self.stack.pop()[0m
[34m- 24:     [0m
[32m+ 19:     @classmethod[0m
[32m+ 20:     def pop(self):[0m
[32m+ 21:         '''Remove topmost element and return it. O(1) performance.'''[0m
[32m+ 22:         if self.isEmpty():[0m
[32m+ 23:             raise Exception('Stack is empty.')[0m
[32m+ 24:         return self.stack.pop()[0m
  25:     def __repr__(self):
  26:         '''show representation.'''
  27:         return 'stack:' + str(self.stack)
--------------------------------------------------------------------------------
[0.22337 s] [36mincompetent[0m

TypeError: stack2:22: TypeError: Stack.isEmpty() missing 1 required positional argument: 'self'

[36m   -[0m [#   6] CDI stack2: 
--------------------------------------------------------------------------------
  21:         if self.isEmpty():
  22:             raise Exception('Stack is empty.')
  23:         return self.stack.pop()
  24:     
[34m- 25:     def __repr__(self):[0m
[34m- 26:         '''show representation.'''[0m
[34m- 27:         return 'stack:' + str(self.stack)[0m
[32m+ 25:     @classmethod[0m
[32m+ 26:     def __repr__(self):[0m
[32m+ 27:         '''show representation.'''[0m
[32m+ 28:         return 'stack:' + str(self.stack)[0m
--------------------------------------------------------------------------------
[0.21067 s] [32mkilled[0m by ALL-SMART-GPT-MUTATEST/test_stack2_MOSA.py::test_case_4

def test_case_4():
        stack_0 = module_0.Stack()
>       var_0 = stack_0.__repr__()

ALL-SMART-GPT-MUTATEST/test_stack2_MOSA.py:39: 
_ _ _ _ _ _ _ _ _ _ _ _ _ _ _ _ _ _ _ _ _ _ _ _ _ _ _ _ _ _ _ _ _ _ _ _ _ _ _ _ 

self = <class 'stack2.Stack'>

>   ???
E   AttributeError: type object 'Stack' has no attribute 'stack'

stack2:28: AttributeError
[36m   -[0m [#   7] COI stack2: 
--------------------------------------------------------------------------------
  17:         self.stack.append(v)
  18:     
  19:     def pop(self):
  20:         '''Remove topmost element and return it. O(1) performance.'''
[34m- 21:         if self.isEmpty():[0m
[32m+ 21:         if not (self.isEmpty()):[0m
  22:             raise Exception('Stack is empty.')
  23:         return self.stack.pop()
  24:     
  25:     def __repr__(self):
--------------------------------------------------------------------------------
[0.21839 s] [32mkilled[0m by ALL-SMART-GPT-MUTATEST/test_stack2_MOSA.py::test_case_1

def test_case_1():
        stack_0 = module_0.Stack()
        var_0 = stack_0.push(stack_0)
        stack_1 = module_0.Stack()
        var_1 = stack_1.push(stack_1)
>       var_2 = stack_1.pop()

ALL-SMART-GPT-MUTATEST/test_stack2_MOSA.py:15: 
_ _ _ _ _ _ _ _ _ _ _ _ _ _ _ _ _ _ _ _ _ _ _ _ _ _ _ _ _ _ _ _ _ _ _ _ _ _ _ _ 

self = stack:[stack:[...]]

>   ???
E   Exception: Stack is empty.

stack2:22: Exception
[36m   -[0m [#   8] CRP stack2: 
--------------------------------------------------------------------------------
   9:         self.stack = []
  10:     
  11:     def isEmpty(self):
  12:         '''Determines whether stack is empty. O(1) performance'''
[34m- 13:         return len(self.stack) == 0[0m
[32m+ 13:         return len(self.stack) == 1[0m
  14:     
  15:     def push(self, v):
  16:         '''Push v onto the stack. O(1) performance.'''
  17:         self.stack.append(v)
--------------------------------------------------------------------------------
[0.21673 s] [32mkilled[0m by ALL-SMART-GPT-MUTATEST/test_stack2_MOSA.py::test_case_1

def test_case_1():
        stack_0 = module_0.Stack()
        var_0 = stack_0.push(stack_0)
        stack_1 = module_0.Stack()
        var_1 = stack_1.push(stack_1)
>       var_2 = stack_1.pop()

ALL-SMART-GPT-MUTATEST/test_stack2_MOSA.py:15: 
_ _ _ _ _ _ _ _ _ _ _ _ _ _ _ _ _ _ _ _ _ _ _ _ _ _ _ _ _ _ _ _ _ _ _ _ _ _ _ _ 

self = stack:[stack:[...]]

>   ???
E   Exception: Stack is empty.

stack2:22: Exception
[36m   -[0m [#   9] CRP stack2: 
--------------------------------------------------------------------------------
  18:     
  19:     def pop(self):
  20:         '''Remove topmost element and return it. O(1) performance.'''
  21:         if self.isEmpty():
[34m- 22:             raise Exception('Stack is empty.')[0m
[32m+ 22:             raise Exception('mutpy')[0m
  23:         return self.stack.pop()
  24:     
  25:     def __repr__(self):
  26:         '''show representation.'''
--------------------------------------------------------------------------------
[0.21891 s] [32mkilled[0m by ALL-SMART-GPT-MUTATEST/test_stack2_MUTATEST.py::test_pop_method_mutant

def test_pop_method_mutant():
        # Create an empty stack
        stack = module_0()
    
        # Test the mutant code: pop should raise an exception for an empty stack
        with pytest.raises(Exception, match="Stack is empty."):
>           stack.pop()

ALL-SMART-GPT-MUTATEST/test_stack2_MUTATEST.py:10: 
_ _ _ _ _ _ _ _ _ _ _ _ _ _ _ _ _ _ _ _ _ _ _ _ _ _ _ _ _ _ _ _ _ _ _ _ _ _ _ _ 

self = stack:[]

>   ???
E   Exception: mutpy

stack2:22: Exception

During handling of the above exception, another exception occurred:

    def test_pop_method_mutant():
        # Create an empty stack
        stack = module_0()
    
        # Test the mutant code: pop should raise an exception for an empty stack
>       with pytest.raises(Exception, match="Stack is empty."):
E       AssertionError: Regex pattern 'Stack is empty.' does not match 'mutpy'.

ALL-SMART-GPT-MUTATEST/test_stack2_MUTATEST.py:9: AssertionError
[36m   -[0m [#  10] CRP stack2: 
--------------------------------------------------------------------------------
  18:     
  19:     def pop(self):
  20:         '''Remove topmost element and return it. O(1) performance.'''
  21:         if self.isEmpty():
[34m- 22:             raise Exception('Stack is empty.')[0m
[32m+ 22:             raise Exception('')[0m
  23:         return self.stack.pop()
  24:     
  25:     def __repr__(self):
  26:         '''show representation.'''
--------------------------------------------------------------------------------
[0.21300 s] [32mkilled[0m by ALL-SMART-GPT-MUTATEST/test_stack2_MUTATEST.py::test_pop_method_mutant

def test_pop_method_mutant():
        # Create an empty stack
        stack = module_0()
    
        # Test the mutant code: pop should raise an exception for an empty stack
        with pytest.raises(Exception, match="Stack is empty."):
>           stack.pop()

ALL-SMART-GPT-MUTATEST/test_stack2_MUTATEST.py:10: 
_ _ _ _ _ _ _ _ _ _ _ _ _ _ _ _ _ _ _ _ _ _ _ _ _ _ _ _ _ _ _ _ _ _ _ _ _ _ _ _ 

self = stack:[]

>   ???
E   Exception

stack2:22: Exception

During handling of the above exception, another exception occurred:

    def test_pop_method_mutant():
        # Create an empty stack
        stack = module_0()
    
        # Test the mutant code: pop should raise an exception for an empty stack
>       with pytest.raises(Exception, match="Stack is empty."):
E       AssertionError: Regex pattern 'Stack is empty.' does not match ''.

ALL-SMART-GPT-MUTATEST/test_stack2_MUTATEST.py:9: AssertionError
[36m   -[0m [#  11] CRP stack2: 
--------------------------------------------------------------------------------
  23:         return self.stack.pop()
  24:     
  25:     def __repr__(self):
  26:         '''show representation.'''
[34m- 27:         return 'stack:' + str(self.stack)[0m
[32m+ 27:         return 'mutpy' + str(self.stack)[0m
--------------------------------------------------------------------------------
[0.20720 s] [32mkilled[0m by ALL-SMART-GPT-MUTATEST/test_stack2_MOSA.py::test_case_4

def test_case_4():
        stack_0 = module_0.Stack()
        var_0 = stack_0.__repr__()
>       assert var_0 == 'stack:[]'
E       AssertionError

ALL-SMART-GPT-MUTATEST/test_stack2_MOSA.py:40: AssertionError
[36m   -[0m [#  12] CRP stack2: 
--------------------------------------------------------------------------------
  23:         return self.stack.pop()
  24:     
  25:     def __repr__(self):
  26:         '''show representation.'''
[34m- 27:         return 'stack:' + str(self.stack)[0m
[32m+ 27:         return '' + str(self.stack)[0m
--------------------------------------------------------------------------------
[0.21842 s] [32mkilled[0m by ALL-SMART-GPT-MUTATEST/test_stack2_MOSA.py::test_case_4

def test_case_4():
        stack_0 = module_0.Stack()
        var_0 = stack_0.__repr__()
>       assert var_0 == 'stack:[]'
E       AssertionError

ALL-SMART-GPT-MUTATEST/test_stack2_MOSA.py:40: AssertionError
[36m   -[0m [#  13] ROR stack2: 
--------------------------------------------------------------------------------
   9:         self.stack = []
  10:     
  11:     def isEmpty(self):
  12:         '''Determines whether stack is empty. O(1) performance'''
[34m- 13:         return len(self.stack) == 0[0m
[32m+ 13:         return len(self.stack) != 0[0m
  14:     
  15:     def push(self, v):
  16:         '''Push v onto the stack. O(1) performance.'''
  17:         self.stack.append(v)
--------------------------------------------------------------------------------
[0.21379 s] [32mkilled[0m by ALL-SMART-GPT-MUTATEST/test_stack2_MOSA.py::test_case_1

def test_case_1():
        stack_0 = module_0.Stack()
        var_0 = stack_0.push(stack_0)
        stack_1 = module_0.Stack()
        var_1 = stack_1.push(stack_1)
>       var_2 = stack_1.pop()

ALL-SMART-GPT-MUTATEST/test_stack2_MOSA.py:15: 
_ _ _ _ _ _ _ _ _ _ _ _ _ _ _ _ _ _ _ _ _ _ _ _ _ _ _ _ _ _ _ _ _ _ _ _ _ _ _ _ 

self = stack:[stack:[...]]

>   ???
E   Exception: Stack is empty.

stack2:22: Exception
[36m   -[0m [#  14] SDI stack2: 
--------------------------------------------------------------------------------
   3: 
   4:     Author: George Heineman
   5: '''
   6: class Stack:
[34m-  7:     def __init__(self):[0m
[34m-  8:         '''Demonstrate using list as storage for a Stack.'''[0m
[34m-  9:         self.stack = [][0m
[34m- 10:     [0m
[32m+  7:     @staticmethod[0m
[32m+  8:     def __init__(self):[0m
[32m+  9:         '''Demonstrate using list as storage for a Stack.'''[0m
[32m+ 10:         self.stack = [][0m
  11:     def isEmpty(self):
  12:         '''Determines whether stack is empty. O(1) performance'''
  13:         return len(self.stack) == 0
  14:     
--------------------------------------------------------------------------------
[0.21047 s] [36mincompetent[0m

TypeError: /home/lucca/desktop/ic/experimento/testes/python_experiments/stack2/ALL-SMART-GPT-MUTATEST/test_stack2_MOSA.py:6: TypeError: Stack.__init__() missing 1 required positional argument: 'self'

[36m   -[0m [#  15] SDI stack2: 
--------------------------------------------------------------------------------
   7:     def __init__(self):
   8:         '''Demonstrate using list as storage for a Stack.'''
   9:         self.stack = []
  10:     
[34m- 11:     def isEmpty(self):[0m
[34m- 12:         '''Determines whether stack is empty. O(1) performance'''[0m
[34m- 13:         return len(self.stack) == 0[0m
[34m- 14:     [0m
[32m+ 11:     @staticmethod[0m
[32m+ 12:     def isEmpty(self):[0m
[32m+ 13:         '''Determines whether stack is empty. O(1) performance'''[0m
[32m+ 14:         return len(self.stack) == 0[0m
  15:     def push(self, v):
  16:         '''Push v onto the stack. O(1) performance.'''
  17:         self.stack.append(v)
  18:     
--------------------------------------------------------------------------------
[0.20640 s] [36mincompetent[0m

TypeError: stack2:21: TypeError: Stack.isEmpty() missing 1 required positional argument: 'self'

[36m   -[0m [#  16] SDI stack2: 
--------------------------------------------------------------------------------
  11:     def isEmpty(self):
  12:         '''Determines whether stack is empty. O(1) performance'''
  13:         return len(self.stack) == 0
  14:     
[34m- 15:     def push(self, v):[0m
[34m- 16:         '''Push v onto the stack. O(1) performance.'''[0m
[34m- 17:         self.stack.append(v)[0m
[34m- 18:     [0m
[32m+ 15:     @staticmethod[0m
[32m+ 16:     def push(self, v):[0m
[32m+ 17:         '''Push v onto the stack. O(1) performance.'''[0m
[32m+ 18:         self.stack.append(v)[0m
  19:     def pop(self):
  20:         '''Remove topmost element and return it. O(1) performance.'''
  21:         if self.isEmpty():
  22:             raise Exception('Stack is empty.')
--------------------------------------------------------------------------------
[0.22046 s] [36mincompetent[0m

TypeError: /home/lucca/desktop/ic/experimento/testes/python_experiments/stack2/ALL-SMART-GPT-MUTATEST/test_stack2_MOSA.py:12: TypeError: Stack.push() missing 1 required positional argument: 'v'

[36m   -[0m [#  17] SDI stack2: 
--------------------------------------------------------------------------------
  15:     def push(self, v):
  16:         '''Push v onto the stack. O(1) performance.'''
  17:         self.stack.append(v)
  18:     
[34m- 19:     def pop(self):[0m
[34m- 20:         '''Remove topmost element and return it. O(1) performance.'''[0m
[34m- 21:         if self.isEmpty():[0m
[34m- 22:             raise Exception('Stack is empty.')[0m
[34m- 23:         return self.stack.pop()[0m
[34m- 24:     [0m
[32m+ 19:     @staticmethod[0m
[32m+ 20:     def pop(self):[0m
[32m+ 21:         '''Remove topmost element and return it. O(1) performance.'''[0m
[32m+ 22:         if self.isEmpty():[0m
[32m+ 23:             raise Exception('Stack is empty.')[0m
[32m+ 24:         return self.stack.pop()[0m
  25:     def __repr__(self):
  26:         '''show representation.'''
  27:         return 'stack:' + str(self.stack)
--------------------------------------------------------------------------------
[0.20616 s] [36mincompetent[0m

TypeError: /home/lucca/desktop/ic/experimento/testes/python_experiments/stack2/ALL-SMART-GPT-MUTATEST/test_stack2_MOSA.py:15: TypeError: Stack.pop() missing 1 required positional argument: 'self'

[36m   -[0m [#  18] SDI stack2: 
--------------------------------------------------------------------------------
  21:         if self.isEmpty():
  22:             raise Exception('Stack is empty.')
  23:         return self.stack.pop()
  24:     
[34m- 25:     def __repr__(self):[0m
[34m- 26:         '''show representation.'''[0m
[34m- 27:         return 'stack:' + str(self.stack)[0m
[32m+ 25:     @staticmethod[0m
[32m+ 26:     def __repr__(self):[0m
[32m+ 27:         '''show representation.'''[0m
[32m+ 28:         return 'stack:' + str(self.stack)[0m
--------------------------------------------------------------------------------
[0.22032 s] [36mincompetent[0m

TypeError: /home/lucca/desktop/ic/experimento/testes/python_experiments/stack2/ALL-SMART-GPT-MUTATEST/test_stack2_MOSA.py:39: TypeError: Stack.__repr__() missing 1 required positional argument: 'self'

[36m   -[0m [#  19] SDL stack2: 
--------------------------------------------------------------------------------
   5: '''
   6: class Stack:
   7:     def __init__(self):
   8:         '''Demonstrate using list as storage for a Stack.'''
[34m-  9:         self.stack = [][0m
[32m+  9:         pass[0m
  10:     
  11:     def isEmpty(self):
  12:         '''Determines whether stack is empty. O(1) performance'''
  13:         return len(self.stack) == 0
--------------------------------------------------------------------------------
[0.19373 s] [32mkilled[0m by ALL-SMART-GPT-MUTATEST/test_stack2_MOSA.py::test_case_1

def test_case_1():
        stack_0 = module_0.Stack()
>       var_0 = stack_0.push(stack_0)

ALL-SMART-GPT-MUTATEST/test_stack2_MOSA.py:12: 
_ _ _ _ _ _ _ _ _ _ _ _ _ _ _ _ _ _ _ _ _ _ _ _ _ _ _ _ _ _ _ _ _ _ _ _ _ _ _ _ 

self = <[AttributeError("'Stack' object has no attribute 'stack'") raised in repr()] Stack object at 0x7f025d8c9930>
v = <[AttributeError("'Stack' object has no attribute 'stack'") raised in repr()] Stack object at 0x7f025d8c9930>

>   ???
E   AttributeError: 'Stack' object has no attribute 'stack'

stack2:17: AttributeError
[36m   -[0m [#  20] SDL stack2: 
--------------------------------------------------------------------------------
   9:         self.stack = []
  10:     
  11:     def isEmpty(self):
  12:         '''Determines whether stack is empty. O(1) performance'''
[34m- 13:         return len(self.stack) == 0[0m
[32m+ 13:         pass[0m
  14:     
  15:     def push(self, v):
  16:         '''Push v onto the stack. O(1) performance.'''
  17:         self.stack.append(v)
--------------------------------------------------------------------------------
[0.23482 s] [32mkilled[0m by ALL-SMART-GPT-MUTATEST/test_stack2_MOSA.py::test_case_3

def test_case_3():
        bool_0 = True
        stack_0 = module_0.Stack()
        var_0 = stack_0.isEmpty()
>       assert var_0 is True
E       AssertionError

ALL-SMART-GPT-MUTATEST/test_stack2_MOSA.py:35: AssertionError
[36m   -[0m [#  21] SDL stack2: 
--------------------------------------------------------------------------------
  13:         return len(self.stack) == 0
  14:     
  15:     def push(self, v):
  16:         '''Push v onto the stack. O(1) performance.'''
[34m- 17:         self.stack.append(v)[0m
[32m+ 17:         pass[0m
  18:     
  19:     def pop(self):
  20:         '''Remove topmost element and return it. O(1) performance.'''
  21:         if self.isEmpty():
--------------------------------------------------------------------------------
[0.20803 s] [32mkilled[0m by ALL-SMART-GPT-MUTATEST/test_stack2_MOSA.py::test_case_1

def test_case_1():
        stack_0 = module_0.Stack()
        var_0 = stack_0.push(stack_0)
        stack_1 = module_0.Stack()
        var_1 = stack_1.push(stack_1)
>       var_2 = stack_1.pop()

ALL-SMART-GPT-MUTATEST/test_stack2_MOSA.py:15: 
_ _ _ _ _ _ _ _ _ _ _ _ _ _ _ _ _ _ _ _ _ _ _ _ _ _ _ _ _ _ _ _ _ _ _ _ _ _ _ _ 

self = stack:[]

>   ???
E   Exception: Stack is empty.

stack2:22: Exception
[36m   -[0m [#  22] SDL stack2: 
--------------------------------------------------------------------------------
  19:     def pop(self):
  20:         '''Remove topmost element and return it. O(1) performance.'''
  21:         if self.isEmpty():
  22:             raise Exception('Stack is empty.')
[34m- 23:         return self.stack.pop()[0m
[32m+ 23:         pass[0m
  24:     
  25:     def __repr__(self):
  26:         '''show representation.'''
  27:         return 'stack:' + str(self.stack)
--------------------------------------------------------------------------------
[0.20740 s] [32mkilled[0m by ALL-SMART-GPT-MUTATEST/test_stack2_MOSA.py::test_case_1

def test_case_1():
        stack_0 = module_0.Stack()
        var_0 = stack_0.push(stack_0)
        stack_1 = module_0.Stack()
        var_1 = stack_1.push(stack_1)
        var_2 = stack_1.pop()
>       assert stack_1.stack == []
E       AssertionError

ALL-SMART-GPT-MUTATEST/test_stack2_MOSA.py:16: AssertionError
[36m   -[0m [#  23] SDL stack2: 
--------------------------------------------------------------------------------
  23:         return self.stack.pop()
  24:     
  25:     def __repr__(self):
  26:         '''show representation.'''
[34m- 27:         return 'stack:' + str(self.stack)[0m
[32m+ 27:         pass[0m
--------------------------------------------------------------------------------
[0.21026 s] [32mkilled[0m by ALL-SMART-GPT-MUTATEST/test_stack2_MOSA.py::test_case_4

def test_case_4():
        stack_0 = module_0.Stack()
        var_0 = stack_0.__repr__()
>       assert var_0 == 'stack:[]'
E       AssertionError

ALL-SMART-GPT-MUTATEST/test_stack2_MOSA.py:40: AssertionError
[36m   -[0m [#  24] SVD stack2: 
--------------------------------------------------------------------------------
   5: '''
   6: class Stack:
   7:     def __init__(self):
   8:         '''Demonstrate using list as storage for a Stack.'''
[34m-  9:         self.stack = [][0m
[32m+  9:         stack = [][0m
  10:     
  11:     def isEmpty(self):
  12:         '''Determines whether stack is empty. O(1) performance'''
  13:         return len(self.stack) == 0
--------------------------------------------------------------------------------
[0.00000 s] [36mincompetent[0m

ValueError: expression must have Store context but has Load instead

[36m   -[0m [#  25] SVD stack2: 
--------------------------------------------------------------------------------
   9:         self.stack = []
  10:     
  11:     def isEmpty(self):
  12:         '''Determines whether stack is empty. O(1) performance'''
[34m- 13:         return len(self.stack) == 0[0m
[32m+ 13:         return len(stack) == 0[0m
  14:     
  15:     def push(self, v):
  16:         '''Push v onto the stack. O(1) performance.'''
  17:         self.stack.append(v)
--------------------------------------------------------------------------------
[0.22789 s] [32mkilled[0m by ALL-SMART-GPT-MUTATEST/test_stack2_MOSA.py::test_case_1

def test_case_1():
        stack_0 = module_0.Stack()
        var_0 = stack_0.push(stack_0)
        stack_1 = module_0.Stack()
        var_1 = stack_1.push(stack_1)
>       var_2 = stack_1.pop()

ALL-SMART-GPT-MUTATEST/test_stack2_MOSA.py:15: 
_ _ _ _ _ _ _ _ _ _ _ _ _ _ _ _ _ _ _ _ _ _ _ _ _ _ _ _ _ _ _ _ _ _ _ _ _ _ _ _ 
stack2:21: in pop
    ???
_ _ _ _ _ _ _ _ _ _ _ _ _ _ _ _ _ _ _ _ _ _ _ _ _ _ _ _ _ _ _ _ _ _ _ _ _ _ _ _ 

self = stack:[stack:[...]]

>   ???
E   NameError: name 'stack' is not defined

stack2:13: NameError
[36m   -[0m [#  26] SVD stack2: 
--------------------------------------------------------------------------------
  13:         return len(self.stack) == 0
  14:     
  15:     def push(self, v):
  16:         '''Push v onto the stack. O(1) performance.'''
[34m- 17:         self.stack.append(v)[0m
[32m+ 17:         stack.append(v)[0m
  18:     
  19:     def pop(self):
  20:         '''Remove topmost element and return it. O(1) performance.'''
  21:         if self.isEmpty():
--------------------------------------------------------------------------------
[0.20346 s] [32mkilled[0m by ALL-SMART-GPT-MUTATEST/test_stack2_MOSA.py::test_case_1

def test_case_1():
        stack_0 = module_0.Stack()
>       var_0 = stack_0.push(stack_0)

ALL-SMART-GPT-MUTATEST/test_stack2_MOSA.py:12: 
_ _ _ _ _ _ _ _ _ _ _ _ _ _ _ _ _ _ _ _ _ _ _ _ _ _ _ _ _ _ _ _ _ _ _ _ _ _ _ _ 

self = stack:[], v = stack:[]

>   ???
E   NameError: name 'stack' is not defined

stack2:17: NameError
[36m   -[0m [#  27] SVD stack2: 
--------------------------------------------------------------------------------
  17:         self.stack.append(v)
  18:     
  19:     def pop(self):
  20:         '''Remove topmost element and return it. O(1) performance.'''
[34m- 21:         if self.isEmpty():[0m
[32m+ 21:         if isEmpty():[0m
  22:             raise Exception('Stack is empty.')
  23:         return self.stack.pop()
  24:     
  25:     def __repr__(self):
--------------------------------------------------------------------------------
[0.20959 s] [32mkilled[0m by ALL-SMART-GPT-MUTATEST/test_stack2_MOSA.py::test_case_1

def test_case_1():
        stack_0 = module_0.Stack()
        var_0 = stack_0.push(stack_0)
        stack_1 = module_0.Stack()
        var_1 = stack_1.push(stack_1)
>       var_2 = stack_1.pop()

ALL-SMART-GPT-MUTATEST/test_stack2_MOSA.py:15: 
_ _ _ _ _ _ _ _ _ _ _ _ _ _ _ _ _ _ _ _ _ _ _ _ _ _ _ _ _ _ _ _ _ _ _ _ _ _ _ _ 

self = stack:[stack:[...]]

>   ???
E   NameError: name 'isEmpty' is not defined

stack2:21: NameError
[36m   -[0m [#  28] SVD stack2: 
--------------------------------------------------------------------------------
  19:     def pop(self):
  20:         '''Remove topmost element and return it. O(1) performance.'''
  21:         if self.isEmpty():
  22:             raise Exception('Stack is empty.')
[34m- 23:         return self.stack.pop()[0m
[32m+ 23:         return stack.pop()[0m
  24:     
  25:     def __repr__(self):
  26:         '''show representation.'''
  27:         return 'stack:' + str(self.stack)
--------------------------------------------------------------------------------
[0.21435 s] [32mkilled[0m by ALL-SMART-GPT-MUTATEST/test_stack2_MOSA.py::test_case_1

def test_case_1():
        stack_0 = module_0.Stack()
        var_0 = stack_0.push(stack_0)
        stack_1 = module_0.Stack()
        var_1 = stack_1.push(stack_1)
>       var_2 = stack_1.pop()

ALL-SMART-GPT-MUTATEST/test_stack2_MOSA.py:15: 
_ _ _ _ _ _ _ _ _ _ _ _ _ _ _ _ _ _ _ _ _ _ _ _ _ _ _ _ _ _ _ _ _ _ _ _ _ _ _ _ 

self = stack:[stack:[...]]

>   ???
E   NameError: name 'stack' is not defined

stack2:23: NameError
[36m   -[0m [#  29] SVD stack2: 
--------------------------------------------------------------------------------
  23:         return self.stack.pop()
  24:     
  25:     def __repr__(self):
  26:         '''show representation.'''
[34m- 27:         return 'stack:' + str(self.stack)[0m
[32m+ 27:         return 'stack:' + str(stack)[0m
--------------------------------------------------------------------------------
[0.21803 s] [32mkilled[0m by ALL-SMART-GPT-MUTATEST/test_stack2_MOSA.py::test_case_4

def test_case_4():
        stack_0 = module_0.Stack()
>       var_0 = stack_0.__repr__()

ALL-SMART-GPT-MUTATEST/test_stack2_MOSA.py:39: 
_ _ _ _ _ _ _ _ _ _ _ _ _ _ _ _ _ _ _ _ _ _ _ _ _ _ _ _ _ _ _ _ _ _ _ _ _ _ _ _ 

self = <[NameError("name 'stack' is not defined") raised in repr()] Stack object at 0x7f025d8a45b0>

>   ???
E   NameError: name 'stack' is not defined

stack2:27: NameError
[34m[*][0m Mutation score [7.77117 s]: [1m[34m95.2%[0m
[36m   -[0m all: 29
[36m   -[0m killed: 20 (69.0%)
[36m   -[0m survived: 1 (3.4%)
[36m   -[0m incompetent: 8 (27.6%)
[36m   -[0m timeout: 0 (0.0%)
