<!DOCTYPE html><html lang="en"><head><meta charset="utf-8" /><meta name="viewport" content="width=device-width, initial-scale=1, shrink-to-fit=no" /><link rel="stylesheet" href="https://stackpath.bootstrapcdn.com/bootstrap/4.3.1/css/bootstrap.min.css" integrity="sha384-ggOyR0iXCbMQv3Xipma34MD+dH/1fQ784/j6cY/iJTQUOhcWr7x9JvoRxT2MZw1T" crossorigin="anonymous" /><title>Cosmic Ray Report</title></head><body><div class="container"><h1><p class="text-dark">Cosmic Ray Report</p></h1></div><div class="container"><div class="mb-1" id="summary_info___accordion"><div class="card"><a data-toggle="collapse" data-target="#summary_info___collapse_1" aria-expanded="true" aria-controls="summary_info___collapse_1" href="#"><div class="card-header" id="summary_info___heading_1"><button class="btn btn-outline-dark"><h4 class="m-0">Summary info</h4></button></div></a><div aria-labelledby="summary_info___heading_1" data-parent="#summary_info___accordion" class="collapse show" id="summary_info___collapse_1"><div class="card-body"><p>Date time: 27/02/2024 11:16:34</p><p>Total jobs: 72</p><p>Complete: 72 (100.00%)</p><p>Surviving mutants: 0 (0.00%)</p></div></div></div></div><div class="mb-1" id="job_list___accordion"><div class="card"><a data-toggle="collapse" data-target="#job_list___collapse_1" aria-expanded="false" aria-controls="job_list___collapse_1" href="#"><div class="card-header" id="job_list___heading_1"><button class="btn btn-outline-dark"><h4 class="m-0">Job list</h4></button></div></a><div aria-labelledby="job_list___heading_1" data-parent="#job_list___accordion" class="collapse" id="job_list___collapse_1"><div class="card-body"><div class="text-right mb-1"><div class="mx-1" id="job_item_expand_all"><a href="#" onclick="$('div.job_list___sub_multi_collapse').collapse('show');"><button class="btn btn-outline-dark"><span>Expand All</span></button></a></div><div class="mx-1" id="job_item_collapse_all"><a href="#" onclick="$('div.job_list___sub_multi_collapse').collapse('hide');"><button class="btn btn-outline-dark"><span>Collapse All</span></button></a></div></div><div class="mb-1" id="job_list___sub_accordion_1"><div class="card"><a data-toggle="collapse" data-target="#job_list___sub_collapse_1_1" aria-expanded="false" aria-controls="job_list___sub_collapse_1_1" href="#" class="job_list___sub_multi_heading"><div role="alert" class="card-header alert-success" id="job_list___sub_heading_1_1"><button class="btn btn-outline-success"><span class="job_id">1 : Job ID a00d93ce8b744600ad0791348f3152ac</span></button></div></a><div aria-labelledby="job_list___sub_heading_1_1" data-parent="#job_list___sub_accordion_1" class="collapse job_list___sub_multi_collapse" id="job_list___sub_collapse_1_1"><div class="card-body"><div class="work-item"><div class="alert alert-success test-outcome" role="alert"><p>worker outcome: normal</p><p>test outcome: killed</p></div></div><pre class="location"><a href="pycharm://open?file=linkedList4.py&amp;line=85" class="text-secondary"><button class="btn btn-outline-dark">linkedList4.py, start pos: (85, 38), end pos: (85, 39)</button></a></pre><pre>operator: core/ReplaceBinaryOperator_Add_Sub, occurrence: 0</pre><div class="alert alert-secondary"><pre class="diff">--- mutation diff ---
--- alinkedList4.py
+++ blinkedList4.py
@@ -82,7 +82,7 @@
         curr = self.head
         display = '('
         while curr:
-            display += str(curr.data) + ', '
+            display += str(curr.data) - ', '
             curr = curr.next
         return display[:-2] + ')'
 </pre></div><div class="alert alert-secondary"><pre class="diff">============================= test session starts ==============================
platform linux -- Python 3.10.12, pytest-7.1.3, pluggy-1.0.0
rootdir: /home/lucca/desktop/ic/experimento/testes/python_experiments/linkedList4/ALL-SMART-GPT-COSMICRAY
plugins: Faker-15.1.1, hypothesis-6.56.3
collected 61 items

test_linkedList4_COSMICRAY.py .....                                      [  8%]
test_linkedList4_DYNAMOSA.py ......F.......                              [ 31%]
test_linkedList4_MIO.py ..............FF..                               [ 60%]
test_linkedList4_MOSA.py F............F..                                [ 86%]
test_linkedList4_WHOLE_SUITE.py F....F..                                 [100%]

=========================== short test summary info ============================
FAILED test_linkedList4_DYNAMOSA.py::test_case_6 - TypeError: unsupported ope...
FAILED test_linkedList4_MIO.py::test_case_14 - TypeError: unsupported operand...
FAILED test_linkedList4_MIO.py::test_case_15 - TypeError: unsupported operand...
FAILED test_linkedList4_MOSA.py::test_case_0 - TypeError: unsupported operand...
FAILED test_linkedList4_MOSA.py::test_case_13 - TypeError: unsupported operan...
FAILED test_linkedList4_WHOLE_SUITE.py::test_case_0 - TypeError: unsupported ...
FAILED test_linkedList4_WHOLE_SUITE.py::test_case_5 - TypeError: unsupported ...
========================= 7 failed, 54 passed in 0.20s =========================
</pre></div></div></div></div></div><div class="mb-1" id="job_list___sub_accordion_2"><div class="card"><a data-toggle="collapse" data-target="#job_list___sub_collapse_2_1" aria-expanded="false" aria-controls="job_list___sub_collapse_2_1" href="#" class="job_list___sub_multi_heading"><div role="alert" class="card-header alert-success" id="job_list___sub_heading_2_1"><button class="btn btn-outline-success"><span class="job_id">2 : Job ID 46ba9e94f3984fe5826ceb5f4011a19b</span></button></div></a><div aria-labelledby="job_list___sub_heading_2_1" data-parent="#job_list___sub_accordion_2" class="collapse job_list___sub_multi_collapse" id="job_list___sub_collapse_2_1"><div class="card-body"><div class="work-item"><div class="alert alert-success test-outcome" role="alert"><p>worker outcome: normal</p><p>test outcome: killed</p></div></div><pre class="location"><a href="pycharm://open?file=linkedList4.py&amp;line=87" class="text-secondary"><button class="btn btn-outline-dark">linkedList4.py, start pos: (87, 28), end pos: (87, 29)</button></a></pre><pre>operator: core/ReplaceBinaryOperator_Add_Sub, occurrence: 1</pre><div class="alert alert-secondary"><pre class="diff">--- mutation diff ---
--- alinkedList4.py
+++ blinkedList4.py
@@ -84,5 +84,5 @@
         while curr:
             display += str(curr.data) + ', '
             curr = curr.next
-        return display[:-2] + ')'
+        return display[:-2] - ')'
 </pre></div><div class="alert alert-secondary"><pre class="diff">============================= test session starts ==============================
platform linux -- Python 3.10.12, pytest-7.1.3, pluggy-1.0.0
rootdir: /home/lucca/desktop/ic/experimento/testes/python_experiments/linkedList4/ALL-SMART-GPT-COSMICRAY
plugins: Faker-15.1.1, hypothesis-6.56.3
collected 61 items

test_linkedList4_COSMICRAY.py .....                                      [  8%]
test_linkedList4_DYNAMOSA.py ......FF..F...                              [ 31%]
test_linkedList4_MIO.py ..............FFF.                               [ 60%]
test_linkedList4_MOSA.py F.......F...FF..                                [ 86%]
test_linkedList4_WHOLE_SUITE.py F...FF..                                 [100%]

=========================== short test summary info ============================
FAILED test_linkedList4_DYNAMOSA.py::test_case_6 - TypeError: unsupported ope...
FAILED test_linkedList4_DYNAMOSA.py::test_case_7 - TypeError: unsupported ope...
FAILED test_linkedList4_DYNAMOSA.py::test_case_10 - TypeError: unsupported op...
FAILED test_linkedList4_MIO.py::test_case_14 - TypeError: unsupported operand...
FAILED test_linkedList4_MIO.py::test_case_15 - TypeError: unsupported operand...
FAILED test_linkedList4_MIO.py::test_case_16 - TypeError: unsupported operand...
FAILED test_linkedList4_MOSA.py::test_case_0 - TypeError: unsupported operand...
FAILED test_linkedList4_MOSA.py::test_case_8 - TypeError: unsupported operand...
FAILED test_linkedList4_MOSA.py::test_case_12 - TypeError: unsupported operan...
FAILED test_linkedList4_MOSA.py::test_case_13 - TypeError: unsupported operan...
FAILED test_linkedList4_WHOLE_SUITE.py::test_case_0 - TypeError: unsupported ...
FAILED test_linkedList4_WHOLE_SUITE.py::test_case_4 - TypeError: unsupported ...
FAILED test_linkedList4_WHOLE_SUITE.py::test_case_5 - TypeError: unsupported ...
======================== 13 failed, 48 passed in 0.20s =========================
</pre></div></div></div></div></div><div class="mb-1" id="job_list___sub_accordion_3"><div class="card"><a data-toggle="collapse" data-target="#job_list___sub_collapse_3_1" aria-expanded="false" aria-controls="job_list___sub_collapse_3_1" href="#" class="job_list___sub_multi_heading"><div role="alert" class="card-header alert-success" id="job_list___sub_heading_3_1"><button class="btn btn-outline-success"><span class="job_id">3 : Job ID 676b0702bef945d79021844b6fbd37ed</span></button></div></a><div aria-labelledby="job_list___sub_heading_3_1" data-parent="#job_list___sub_accordion_3" class="collapse job_list___sub_multi_collapse" id="job_list___sub_collapse_3_1"><div class="card-body"><div class="work-item"><div class="alert alert-success test-outcome" role="alert"><p>worker outcome: normal</p><p>test outcome: killed</p></div></div><pre class="location"><a href="pycharm://open?file=linkedList4.py&amp;line=85" class="text-secondary"><button class="btn btn-outline-dark">linkedList4.py, start pos: (85, 38), end pos: (85, 39)</button></a></pre><pre>operator: core/ReplaceBinaryOperator_Add_Mul, occurrence: 0</pre><div class="alert alert-secondary"><pre class="diff">--- mutation diff ---
--- alinkedList4.py
+++ blinkedList4.py
@@ -82,7 +82,7 @@
         curr = self.head
         display = '('
         while curr:
-            display += str(curr.data) + ', '
+            display += str(curr.data) * ', '
             curr = curr.next
         return display[:-2] + ')'
 </pre></div><div class="alert alert-secondary"><pre class="diff">============================= test session starts ==============================
platform linux -- Python 3.10.12, pytest-7.1.3, pluggy-1.0.0
rootdir: /home/lucca/desktop/ic/experimento/testes/python_experiments/linkedList4/ALL-SMART-GPT-COSMICRAY
plugins: Faker-15.1.1, hypothesis-6.56.3
collected 61 items

test_linkedList4_COSMICRAY.py .....                                      [  8%]
test_linkedList4_DYNAMOSA.py ......F.......                              [ 31%]
test_linkedList4_MIO.py ..............FF..                               [ 60%]
test_linkedList4_MOSA.py F............F..                                [ 86%]
test_linkedList4_WHOLE_SUITE.py F....F..                                 [100%]

=========================== short test summary info ============================
FAILED test_linkedList4_DYNAMOSA.py::test_case_6 - TypeError: can't multiply ...
FAILED test_linkedList4_MIO.py::test_case_14 - TypeError: can't multiply sequ...
FAILED test_linkedList4_MIO.py::test_case_15 - TypeError: can't multiply sequ...
FAILED test_linkedList4_MOSA.py::test_case_0 - TypeError: can't multiply sequ...
FAILED test_linkedList4_MOSA.py::test_case_13 - TypeError: can't multiply seq...
FAILED test_linkedList4_WHOLE_SUITE.py::test_case_0 - TypeError: can't multip...
FAILED test_linkedList4_WHOLE_SUITE.py::test_case_5 - TypeError: can't multip...
========================= 7 failed, 54 passed in 0.19s =========================
</pre></div></div></div></div></div><div class="mb-1" id="job_list___sub_accordion_4"><div class="card"><a data-toggle="collapse" data-target="#job_list___sub_collapse_4_1" aria-expanded="false" aria-controls="job_list___sub_collapse_4_1" href="#" class="job_list___sub_multi_heading"><div role="alert" class="card-header alert-success" id="job_list___sub_heading_4_1"><button class="btn btn-outline-success"><span class="job_id">4 : Job ID d30837fb04b745c5a21357faa1e975a1</span></button></div></a><div aria-labelledby="job_list___sub_heading_4_1" data-parent="#job_list___sub_accordion_4" class="collapse job_list___sub_multi_collapse" id="job_list___sub_collapse_4_1"><div class="card-body"><div class="work-item"><div class="alert alert-success test-outcome" role="alert"><p>worker outcome: normal</p><p>test outcome: killed</p></div></div><pre class="location"><a href="pycharm://open?file=linkedList4.py&amp;line=87" class="text-secondary"><button class="btn btn-outline-dark">linkedList4.py, start pos: (87, 28), end pos: (87, 29)</button></a></pre><pre>operator: core/ReplaceBinaryOperator_Add_Mul, occurrence: 1</pre><div class="alert alert-secondary"><pre class="diff">--- mutation diff ---
--- alinkedList4.py
+++ blinkedList4.py
@@ -84,5 +84,5 @@
         while curr:
             display += str(curr.data) + ', '
             curr = curr.next
-        return display[:-2] + ')'
+        return display[:-2] * ')'
 </pre></div><div class="alert alert-secondary"><pre class="diff">============================= test session starts ==============================
platform linux -- Python 3.10.12, pytest-7.1.3, pluggy-1.0.0
rootdir: /home/lucca/desktop/ic/experimento/testes/python_experiments/linkedList4/ALL-SMART-GPT-COSMICRAY
plugins: Faker-15.1.1, hypothesis-6.56.3
collected 61 items

test_linkedList4_COSMICRAY.py .....                                      [  8%]
test_linkedList4_DYNAMOSA.py ......FF..F...                              [ 31%]
test_linkedList4_MIO.py ..............FFF.                               [ 60%]
test_linkedList4_MOSA.py F.......F...FF..                                [ 86%]
test_linkedList4_WHOLE_SUITE.py F...FF..                                 [100%]

=========================== short test summary info ============================
FAILED test_linkedList4_DYNAMOSA.py::test_case_6 - TypeError: can't multiply ...
FAILED test_linkedList4_DYNAMOSA.py::test_case_7 - TypeError: can't multiply ...
FAILED test_linkedList4_DYNAMOSA.py::test_case_10 - TypeError: can't multiply...
FAILED test_linkedList4_MIO.py::test_case_14 - TypeError: can't multiply sequ...
FAILED test_linkedList4_MIO.py::test_case_15 - TypeError: can't multiply sequ...
FAILED test_linkedList4_MIO.py::test_case_16 - TypeError: can't multiply sequ...
FAILED test_linkedList4_MOSA.py::test_case_0 - TypeError: can't multiply sequ...
FAILED test_linkedList4_MOSA.py::test_case_8 - TypeError: can't multiply sequ...
FAILED test_linkedList4_MOSA.py::test_case_12 - TypeError: can't multiply seq...
FAILED test_linkedList4_MOSA.py::test_case_13 - TypeError: can't multiply seq...
FAILED test_linkedList4_WHOLE_SUITE.py::test_case_0 - TypeError: can't multip...
FAILED test_linkedList4_WHOLE_SUITE.py::test_case_4 - TypeError: can't multip...
FAILED test_linkedList4_WHOLE_SUITE.py::test_case_5 - TypeError: can't multip...
======================== 13 failed, 48 passed in 0.20s =========================
</pre></div></div></div></div></div><div class="mb-1" id="job_list___sub_accordion_5"><div class="card"><a data-toggle="collapse" data-target="#job_list___sub_collapse_5_1" aria-expanded="false" aria-controls="job_list___sub_collapse_5_1" href="#" class="job_list___sub_multi_heading"><div role="alert" class="card-header alert-success" id="job_list___sub_heading_5_1"><button class="btn btn-outline-success"><span class="job_id">5 : Job ID 6ccfb51d31a741939d97228baa0b0232</span></button></div></a><div aria-labelledby="job_list___sub_heading_5_1" data-parent="#job_list___sub_accordion_5" class="collapse job_list___sub_multi_collapse" id="job_list___sub_collapse_5_1"><div class="card-body"><div class="work-item"><div class="alert alert-success test-outcome" role="alert"><p>worker outcome: normal</p><p>test outcome: killed</p></div></div><pre class="location"><a href="pycharm://open?file=linkedList4.py&amp;line=85" class="text-secondary"><button class="btn btn-outline-dark">linkedList4.py, start pos: (85, 38), end pos: (85, 39)</button></a></pre><pre>operator: core/ReplaceBinaryOperator_Add_Div, occurrence: 0</pre><div class="alert alert-secondary"><pre class="diff">--- mutation diff ---
--- alinkedList4.py
+++ blinkedList4.py
@@ -82,7 +82,7 @@
         curr = self.head
         display = '('
         while curr:
-            display += str(curr.data) + ', '
+            display += str(curr.data) / ', '
             curr = curr.next
         return display[:-2] + ')'
 </pre></div><div class="alert alert-secondary"><pre class="diff">============================= test session starts ==============================
platform linux -- Python 3.10.12, pytest-7.1.3, pluggy-1.0.0
rootdir: /home/lucca/desktop/ic/experimento/testes/python_experiments/linkedList4/ALL-SMART-GPT-COSMICRAY
plugins: Faker-15.1.1, hypothesis-6.56.3
collected 61 items

test_linkedList4_COSMICRAY.py .....                                      [  8%]
test_linkedList4_DYNAMOSA.py ......F.......                              [ 31%]
test_linkedList4_MIO.py ..............FF..                               [ 60%]
test_linkedList4_MOSA.py F............F..                                [ 86%]
test_linkedList4_WHOLE_SUITE.py F....F..                                 [100%]

=========================== short test summary info ============================
FAILED test_linkedList4_DYNAMOSA.py::test_case_6 - TypeError: unsupported ope...
FAILED test_linkedList4_MIO.py::test_case_14 - TypeError: unsupported operand...
FAILED test_linkedList4_MIO.py::test_case_15 - TypeError: unsupported operand...
FAILED test_linkedList4_MOSA.py::test_case_0 - TypeError: unsupported operand...
FAILED test_linkedList4_MOSA.py::test_case_13 - TypeError: unsupported operan...
FAILED test_linkedList4_WHOLE_SUITE.py::test_case_0 - TypeError: unsupported ...
FAILED test_linkedList4_WHOLE_SUITE.py::test_case_5 - TypeError: unsupported ...
========================= 7 failed, 54 passed in 0.19s =========================
</pre></div></div></div></div></div><div class="mb-1" id="job_list___sub_accordion_6"><div class="card"><a data-toggle="collapse" data-target="#job_list___sub_collapse_6_1" aria-expanded="false" aria-controls="job_list___sub_collapse_6_1" href="#" class="job_list___sub_multi_heading"><div role="alert" class="card-header alert-success" id="job_list___sub_heading_6_1"><button class="btn btn-outline-success"><span class="job_id">6 : Job ID c6d8bc4881a74e118c2f5d3f02e57bf5</span></button></div></a><div aria-labelledby="job_list___sub_heading_6_1" data-parent="#job_list___sub_accordion_6" class="collapse job_list___sub_multi_collapse" id="job_list___sub_collapse_6_1"><div class="card-body"><div class="work-item"><div class="alert alert-success test-outcome" role="alert"><p>worker outcome: normal</p><p>test outcome: killed</p></div></div><pre class="location"><a href="pycharm://open?file=linkedList4.py&amp;line=87" class="text-secondary"><button class="btn btn-outline-dark">linkedList4.py, start pos: (87, 28), end pos: (87, 29)</button></a></pre><pre>operator: core/ReplaceBinaryOperator_Add_Div, occurrence: 1</pre><div class="alert alert-secondary"><pre class="diff">--- mutation diff ---
--- alinkedList4.py
+++ blinkedList4.py
@@ -84,5 +84,5 @@
         while curr:
             display += str(curr.data) + ', '
             curr = curr.next
-        return display[:-2] + ')'
+        return display[:-2] / ')'
 </pre></div><div class="alert alert-secondary"><pre class="diff">============================= test session starts ==============================
platform linux -- Python 3.10.12, pytest-7.1.3, pluggy-1.0.0
rootdir: /home/lucca/desktop/ic/experimento/testes/python_experiments/linkedList4/ALL-SMART-GPT-COSMICRAY
plugins: Faker-15.1.1, hypothesis-6.56.3
collected 61 items

test_linkedList4_COSMICRAY.py .....                                      [  8%]
test_linkedList4_DYNAMOSA.py ......FF..F...                              [ 31%]
test_linkedList4_MIO.py ..............FFF.                               [ 60%]
test_linkedList4_MOSA.py F.......F...FF..                                [ 86%]
test_linkedList4_WHOLE_SUITE.py F...FF..                                 [100%]

=========================== short test summary info ============================
FAILED test_linkedList4_DYNAMOSA.py::test_case_6 - TypeError: unsupported ope...
FAILED test_linkedList4_DYNAMOSA.py::test_case_7 - TypeError: unsupported ope...
FAILED test_linkedList4_DYNAMOSA.py::test_case_10 - TypeError: unsupported op...
FAILED test_linkedList4_MIO.py::test_case_14 - TypeError: unsupported operand...
FAILED test_linkedList4_MIO.py::test_case_15 - TypeError: unsupported operand...
FAILED test_linkedList4_MIO.py::test_case_16 - TypeError: unsupported operand...
FAILED test_linkedList4_MOSA.py::test_case_0 - TypeError: unsupported operand...
FAILED test_linkedList4_MOSA.py::test_case_8 - TypeError: unsupported operand...
FAILED test_linkedList4_MOSA.py::test_case_12 - TypeError: unsupported operan...
FAILED test_linkedList4_MOSA.py::test_case_13 - TypeError: unsupported operan...
FAILED test_linkedList4_WHOLE_SUITE.py::test_case_0 - TypeError: unsupported ...
FAILED test_linkedList4_WHOLE_SUITE.py::test_case_4 - TypeError: unsupported ...
FAILED test_linkedList4_WHOLE_SUITE.py::test_case_5 - TypeError: unsupported ...
======================== 13 failed, 48 passed in 0.20s =========================
</pre></div></div></div></div></div><div class="mb-1" id="job_list___sub_accordion_7"><div class="card"><a data-toggle="collapse" data-target="#job_list___sub_collapse_7_1" aria-expanded="false" aria-controls="job_list___sub_collapse_7_1" href="#" class="job_list___sub_multi_heading"><div role="alert" class="card-header alert-success" id="job_list___sub_heading_7_1"><button class="btn btn-outline-success"><span class="job_id">7 : Job ID 095e17715fe844d2acdca29464a063a0</span></button></div></a><div aria-labelledby="job_list___sub_heading_7_1" data-parent="#job_list___sub_accordion_7" class="collapse job_list___sub_multi_collapse" id="job_list___sub_collapse_7_1"><div class="card-body"><div class="work-item"><div class="alert alert-success test-outcome" role="alert"><p>worker outcome: normal</p><p>test outcome: killed</p></div></div><pre class="location"><a href="pycharm://open?file=linkedList4.py&amp;line=85" class="text-secondary"><button class="btn btn-outline-dark">linkedList4.py, start pos: (85, 38), end pos: (85, 39)</button></a></pre><pre>operator: core/ReplaceBinaryOperator_Add_FloorDiv, occurrence: 0</pre><div class="alert alert-secondary"><pre class="diff">--- mutation diff ---
--- alinkedList4.py
+++ blinkedList4.py
@@ -82,7 +82,7 @@
         curr = self.head
         display = '('
         while curr:
-            display += str(curr.data) + ', '
+            display += str(curr.data) // ', '
             curr = curr.next
         return display[:-2] + ')'
 </pre></div><div class="alert alert-secondary"><pre class="diff">============================= test session starts ==============================
platform linux -- Python 3.10.12, pytest-7.1.3, pluggy-1.0.0
rootdir: /home/lucca/desktop/ic/experimento/testes/python_experiments/linkedList4/ALL-SMART-GPT-COSMICRAY
plugins: Faker-15.1.1, hypothesis-6.56.3
collected 61 items

test_linkedList4_COSMICRAY.py .....                                      [  8%]
test_linkedList4_DYNAMOSA.py ......F.......                              [ 31%]
test_linkedList4_MIO.py ..............FF..                               [ 60%]
test_linkedList4_MOSA.py F............F..                                [ 86%]
test_linkedList4_WHOLE_SUITE.py F....F..                                 [100%]

=========================== short test summary info ============================
FAILED test_linkedList4_DYNAMOSA.py::test_case_6 - TypeError: unsupported ope...
FAILED test_linkedList4_MIO.py::test_case_14 - TypeError: unsupported operand...
FAILED test_linkedList4_MIO.py::test_case_15 - TypeError: unsupported operand...
FAILED test_linkedList4_MOSA.py::test_case_0 - TypeError: unsupported operand...
FAILED test_linkedList4_MOSA.py::test_case_13 - TypeError: unsupported operan...
FAILED test_linkedList4_WHOLE_SUITE.py::test_case_0 - TypeError: unsupported ...
FAILED test_linkedList4_WHOLE_SUITE.py::test_case_5 - TypeError: unsupported ...
========================= 7 failed, 54 passed in 0.19s =========================
</pre></div></div></div></div></div><div class="mb-1" id="job_list___sub_accordion_8"><div class="card"><a data-toggle="collapse" data-target="#job_list___sub_collapse_8_1" aria-expanded="false" aria-controls="job_list___sub_collapse_8_1" href="#" class="job_list___sub_multi_heading"><div role="alert" class="card-header alert-success" id="job_list___sub_heading_8_1"><button class="btn btn-outline-success"><span class="job_id">8 : Job ID 609604a6f57647b5a7429af5229bfc99</span></button></div></a><div aria-labelledby="job_list___sub_heading_8_1" data-parent="#job_list___sub_accordion_8" class="collapse job_list___sub_multi_collapse" id="job_list___sub_collapse_8_1"><div class="card-body"><div class="work-item"><div class="alert alert-success test-outcome" role="alert"><p>worker outcome: normal</p><p>test outcome: killed</p></div></div><pre class="location"><a href="pycharm://open?file=linkedList4.py&amp;line=87" class="text-secondary"><button class="btn btn-outline-dark">linkedList4.py, start pos: (87, 28), end pos: (87, 29)</button></a></pre><pre>operator: core/ReplaceBinaryOperator_Add_FloorDiv, occurrence: 1</pre><div class="alert alert-secondary"><pre class="diff">--- mutation diff ---
--- alinkedList4.py
+++ blinkedList4.py
@@ -84,5 +84,5 @@
         while curr:
             display += str(curr.data) + ', '
             curr = curr.next
-        return display[:-2] + ')'
+        return display[:-2] // ')'
 </pre></div><div class="alert alert-secondary"><pre class="diff">============================= test session starts ==============================
platform linux -- Python 3.10.12, pytest-7.1.3, pluggy-1.0.0
rootdir: /home/lucca/desktop/ic/experimento/testes/python_experiments/linkedList4/ALL-SMART-GPT-COSMICRAY
plugins: Faker-15.1.1, hypothesis-6.56.3
collected 61 items

test_linkedList4_COSMICRAY.py .....                                      [  8%]
test_linkedList4_DYNAMOSA.py ......FF..F...                              [ 31%]
test_linkedList4_MIO.py ..............FFF.                               [ 60%]
test_linkedList4_MOSA.py F.......F...FF..                                [ 86%]
test_linkedList4_WHOLE_SUITE.py F...FF..                                 [100%]

=========================== short test summary info ============================
FAILED test_linkedList4_DYNAMOSA.py::test_case_6 - TypeError: unsupported ope...
FAILED test_linkedList4_DYNAMOSA.py::test_case_7 - TypeError: unsupported ope...
FAILED test_linkedList4_DYNAMOSA.py::test_case_10 - TypeError: unsupported op...
FAILED test_linkedList4_MIO.py::test_case_14 - TypeError: unsupported operand...
FAILED test_linkedList4_MIO.py::test_case_15 - TypeError: unsupported operand...
FAILED test_linkedList4_MIO.py::test_case_16 - TypeError: unsupported operand...
FAILED test_linkedList4_MOSA.py::test_case_0 - TypeError: unsupported operand...
FAILED test_linkedList4_MOSA.py::test_case_8 - TypeError: unsupported operand...
FAILED test_linkedList4_MOSA.py::test_case_12 - TypeError: unsupported operan...
FAILED test_linkedList4_MOSA.py::test_case_13 - TypeError: unsupported operan...
FAILED test_linkedList4_WHOLE_SUITE.py::test_case_0 - TypeError: unsupported ...
FAILED test_linkedList4_WHOLE_SUITE.py::test_case_4 - TypeError: unsupported ...
FAILED test_linkedList4_WHOLE_SUITE.py::test_case_5 - TypeError: unsupported ...
======================== 13 failed, 48 passed in 0.20s =========================
</pre></div></div></div></div></div><div class="mb-1" id="job_list___sub_accordion_9"><div class="card"><a data-toggle="collapse" data-target="#job_list___sub_collapse_9_1" aria-expanded="false" aria-controls="job_list___sub_collapse_9_1" href="#" class="job_list___sub_multi_heading"><div role="alert" class="card-header alert-success" id="job_list___sub_heading_9_1"><button class="btn btn-outline-success"><span class="job_id">9 : Job ID a51da8205a2b4384ab90fd5b440be7ef</span></button></div></a><div aria-labelledby="job_list___sub_heading_9_1" data-parent="#job_list___sub_accordion_9" class="collapse job_list___sub_multi_collapse" id="job_list___sub_collapse_9_1"><div class="card-body"><div class="work-item"><div class="alert alert-success test-outcome" role="alert"><p>worker outcome: normal</p><p>test outcome: killed</p></div></div><pre class="location"><a href="pycharm://open?file=linkedList4.py&amp;line=85" class="text-secondary"><button class="btn btn-outline-dark">linkedList4.py, start pos: (85, 38), end pos: (85, 39)</button></a></pre><pre>operator: core/ReplaceBinaryOperator_Add_Mod, occurrence: 0</pre><div class="alert alert-secondary"><pre class="diff">--- mutation diff ---
--- alinkedList4.py
+++ blinkedList4.py
@@ -82,7 +82,7 @@
         curr = self.head
         display = '('
         while curr:
-            display += str(curr.data) + ', '
+            display += str(curr.data) % ', '
             curr = curr.next
         return display[:-2] + ')'
 </pre></div><div class="alert alert-secondary"><pre class="diff">============================= test session starts ==============================
platform linux -- Python 3.10.12, pytest-7.1.3, pluggy-1.0.0
rootdir: /home/lucca/desktop/ic/experimento/testes/python_experiments/linkedList4/ALL-SMART-GPT-COSMICRAY
plugins: Faker-15.1.1, hypothesis-6.56.3
collected 61 items

test_linkedList4_COSMICRAY.py .....                                      [  8%]
test_linkedList4_DYNAMOSA.py ......F.......                              [ 31%]
test_linkedList4_MIO.py ..............FF..                               [ 60%]
test_linkedList4_MOSA.py F............F..                                [ 86%]
test_linkedList4_WHOLE_SUITE.py F....F..                                 [100%]

=========================== short test summary info ============================
FAILED test_linkedList4_DYNAMOSA.py::test_case_6 - TypeError: not all argumen...
FAILED test_linkedList4_MIO.py::test_case_14 - TypeError: not all arguments c...
FAILED test_linkedList4_MIO.py::test_case_15 - TypeError: not all arguments c...
FAILED test_linkedList4_MOSA.py::test_case_0 - TypeError: not all arguments c...
FAILED test_linkedList4_MOSA.py::test_case_13 - TypeError: not all arguments ...
FAILED test_linkedList4_WHOLE_SUITE.py::test_case_0 - TypeError: not all argu...
FAILED test_linkedList4_WHOLE_SUITE.py::test_case_5 - TypeError: not all argu...
========================= 7 failed, 54 passed in 0.19s =========================
</pre></div></div></div></div></div><div class="mb-1" id="job_list___sub_accordion_10"><div class="card"><a data-toggle="collapse" data-target="#job_list___sub_collapse_10_1" aria-expanded="false" aria-controls="job_list___sub_collapse_10_1" href="#" class="job_list___sub_multi_heading"><div role="alert" class="card-header alert-success" id="job_list___sub_heading_10_1"><button class="btn btn-outline-success"><span class="job_id">10 : Job ID 05166972cd7d4d3ea0944dacc539384a</span></button></div></a><div aria-labelledby="job_list___sub_heading_10_1" data-parent="#job_list___sub_accordion_10" class="collapse job_list___sub_multi_collapse" id="job_list___sub_collapse_10_1"><div class="card-body"><div class="work-item"><div class="alert alert-success test-outcome" role="alert"><p>worker outcome: normal</p><p>test outcome: killed</p></div></div><pre class="location"><a href="pycharm://open?file=linkedList4.py&amp;line=87" class="text-secondary"><button class="btn btn-outline-dark">linkedList4.py, start pos: (87, 28), end pos: (87, 29)</button></a></pre><pre>operator: core/ReplaceBinaryOperator_Add_Mod, occurrence: 1</pre><div class="alert alert-secondary"><pre class="diff">--- mutation diff ---
--- alinkedList4.py
+++ blinkedList4.py
@@ -84,5 +84,5 @@
         while curr:
             display += str(curr.data) + ', '
             curr = curr.next
-        return display[:-2] + ')'
+        return display[:-2] % ')'
 </pre></div><div class="alert alert-secondary"><pre class="diff">============================= test session starts ==============================
platform linux -- Python 3.10.12, pytest-7.1.3, pluggy-1.0.0
rootdir: /home/lucca/desktop/ic/experimento/testes/python_experiments/linkedList4/ALL-SMART-GPT-COSMICRAY
plugins: Faker-15.1.1, hypothesis-6.56.3
collected 61 items

test_linkedList4_COSMICRAY.py .....                                      [  8%]
test_linkedList4_DYNAMOSA.py ......FF..F...                              [ 31%]
test_linkedList4_MIO.py ..............FFF.                               [ 60%]
test_linkedList4_MOSA.py F.......F...FF..                                [ 86%]
test_linkedList4_WHOLE_SUITE.py F...FF..                                 [100%]

=========================== short test summary info ============================
FAILED test_linkedList4_DYNAMOSA.py::test_case_6 - TypeError: not all argumen...
FAILED test_linkedList4_DYNAMOSA.py::test_case_7 - TypeError: not all argumen...
FAILED test_linkedList4_DYNAMOSA.py::test_case_10 - TypeError: not all argume...
FAILED test_linkedList4_MIO.py::test_case_14 - TypeError: not all arguments c...
FAILED test_linkedList4_MIO.py::test_case_15 - TypeError: not all arguments c...
FAILED test_linkedList4_MIO.py::test_case_16 - TypeError: not all arguments c...
FAILED test_linkedList4_MOSA.py::test_case_0 - TypeError: not all arguments c...
FAILED test_linkedList4_MOSA.py::test_case_8 - TypeError: not all arguments c...
FAILED test_linkedList4_MOSA.py::test_case_12 - TypeError: not all arguments ...
FAILED test_linkedList4_MOSA.py::test_case_13 - TypeError: not all arguments ...
FAILED test_linkedList4_WHOLE_SUITE.py::test_case_0 - TypeError: not all argu...
FAILED test_linkedList4_WHOLE_SUITE.py::test_case_4 - TypeError: not all argu...
FAILED test_linkedList4_WHOLE_SUITE.py::test_case_5 - TypeError: not all argu...
======================== 13 failed, 48 passed in 0.20s =========================
</pre></div></div></div></div></div><div class="mb-1" id="job_list___sub_accordion_11"><div class="card"><a data-toggle="collapse" data-target="#job_list___sub_collapse_11_1" aria-expanded="false" aria-controls="job_list___sub_collapse_11_1" href="#" class="job_list___sub_multi_heading"><div role="alert" class="card-header alert-success" id="job_list___sub_heading_11_1"><button class="btn btn-outline-success"><span class="job_id">11 : Job ID 603ede91714041fd9275f16ce1a65e16</span></button></div></a><div aria-labelledby="job_list___sub_heading_11_1" data-parent="#job_list___sub_accordion_11" class="collapse job_list___sub_multi_collapse" id="job_list___sub_collapse_11_1"><div class="card-body"><div class="work-item"><div class="alert alert-success test-outcome" role="alert"><p>worker outcome: normal</p><p>test outcome: killed</p></div></div><pre class="location"><a href="pycharm://open?file=linkedList4.py&amp;line=85" class="text-secondary"><button class="btn btn-outline-dark">linkedList4.py, start pos: (85, 38), end pos: (85, 39)</button></a></pre><pre>operator: core/ReplaceBinaryOperator_Add_Pow, occurrence: 0</pre><div class="alert alert-secondary"><pre class="diff">--- mutation diff ---
--- alinkedList4.py
+++ blinkedList4.py
@@ -82,7 +82,7 @@
         curr = self.head
         display = '('
         while curr:
-            display += str(curr.data) + ', '
+            display += str(curr.data) ** ', '
             curr = curr.next
         return display[:-2] + ')'
 </pre></div><div class="alert alert-secondary"><pre class="diff">============================= test session starts ==============================
platform linux -- Python 3.10.12, pytest-7.1.3, pluggy-1.0.0
rootdir: /home/lucca/desktop/ic/experimento/testes/python_experiments/linkedList4/ALL-SMART-GPT-COSMICRAY
plugins: Faker-15.1.1, hypothesis-6.56.3
collected 61 items

test_linkedList4_COSMICRAY.py .....                                      [  8%]
test_linkedList4_DYNAMOSA.py ......F.......                              [ 31%]
test_linkedList4_MIO.py ..............FF..                               [ 60%]
test_linkedList4_MOSA.py F............F..                                [ 86%]
test_linkedList4_WHOLE_SUITE.py F....F..                                 [100%]

=========================== short test summary info ============================
FAILED test_linkedList4_DYNAMOSA.py::test_case_6 - TypeError: unsupported ope...
FAILED test_linkedList4_MIO.py::test_case_14 - TypeError: unsupported operand...
FAILED test_linkedList4_MIO.py::test_case_15 - TypeError: unsupported operand...
FAILED test_linkedList4_MOSA.py::test_case_0 - TypeError: unsupported operand...
FAILED test_linkedList4_MOSA.py::test_case_13 - TypeError: unsupported operan...
FAILED test_linkedList4_WHOLE_SUITE.py::test_case_0 - TypeError: unsupported ...
FAILED test_linkedList4_WHOLE_SUITE.py::test_case_5 - TypeError: unsupported ...
========================= 7 failed, 54 passed in 0.20s =========================
</pre></div></div></div></div></div><div class="mb-1" id="job_list___sub_accordion_12"><div class="card"><a data-toggle="collapse" data-target="#job_list___sub_collapse_12_1" aria-expanded="false" aria-controls="job_list___sub_collapse_12_1" href="#" class="job_list___sub_multi_heading"><div role="alert" class="card-header alert-success" id="job_list___sub_heading_12_1"><button class="btn btn-outline-success"><span class="job_id">12 : Job ID c7e56ea16aa0419887cdaf12e932d6e5</span></button></div></a><div aria-labelledby="job_list___sub_heading_12_1" data-parent="#job_list___sub_accordion_12" class="collapse job_list___sub_multi_collapse" id="job_list___sub_collapse_12_1"><div class="card-body"><div class="work-item"><div class="alert alert-success test-outcome" role="alert"><p>worker outcome: normal</p><p>test outcome: killed</p></div></div><pre class="location"><a href="pycharm://open?file=linkedList4.py&amp;line=87" class="text-secondary"><button class="btn btn-outline-dark">linkedList4.py, start pos: (87, 28), end pos: (87, 29)</button></a></pre><pre>operator: core/ReplaceBinaryOperator_Add_Pow, occurrence: 1</pre><div class="alert alert-secondary"><pre class="diff">--- mutation diff ---
--- alinkedList4.py
+++ blinkedList4.py
@@ -84,5 +84,5 @@
         while curr:
             display += str(curr.data) + ', '
             curr = curr.next
-        return display[:-2] + ')'
+        return display[:-2] ** ')'
 </pre></div><div class="alert alert-secondary"><pre class="diff">============================= test session starts ==============================
platform linux -- Python 3.10.12, pytest-7.1.3, pluggy-1.0.0
rootdir: /home/lucca/desktop/ic/experimento/testes/python_experiments/linkedList4/ALL-SMART-GPT-COSMICRAY
plugins: Faker-15.1.1, hypothesis-6.56.3
collected 61 items

test_linkedList4_COSMICRAY.py .....                                      [  8%]
test_linkedList4_DYNAMOSA.py ......FF..F...                              [ 31%]
test_linkedList4_MIO.py ..............FFF.                               [ 60%]
test_linkedList4_MOSA.py F.......F...FF..                                [ 86%]
test_linkedList4_WHOLE_SUITE.py F...FF..                                 [100%]

=========================== short test summary info ============================
FAILED test_linkedList4_DYNAMOSA.py::test_case_6 - TypeError: unsupported ope...
FAILED test_linkedList4_DYNAMOSA.py::test_case_7 - TypeError: unsupported ope...
FAILED test_linkedList4_DYNAMOSA.py::test_case_10 - TypeError: unsupported op...
FAILED test_linkedList4_MIO.py::test_case_14 - TypeError: unsupported operand...
FAILED test_linkedList4_MIO.py::test_case_15 - TypeError: unsupported operand...
FAILED test_linkedList4_MIO.py::test_case_16 - TypeError: unsupported operand...
FAILED test_linkedList4_MOSA.py::test_case_0 - TypeError: unsupported operand...
FAILED test_linkedList4_MOSA.py::test_case_8 - TypeError: unsupported operand...
FAILED test_linkedList4_MOSA.py::test_case_12 - TypeError: unsupported operan...
FAILED test_linkedList4_MOSA.py::test_case_13 - TypeError: unsupported operan...
FAILED test_linkedList4_WHOLE_SUITE.py::test_case_0 - TypeError: unsupported ...
FAILED test_linkedList4_WHOLE_SUITE.py::test_case_4 - TypeError: unsupported ...
FAILED test_linkedList4_WHOLE_SUITE.py::test_case_5 - TypeError: unsupported ...
======================== 13 failed, 48 passed in 0.20s =========================
</pre></div></div></div></div></div><div class="mb-1" id="job_list___sub_accordion_13"><div class="card"><a data-toggle="collapse" data-target="#job_list___sub_collapse_13_1" aria-expanded="false" aria-controls="job_list___sub_collapse_13_1" href="#" class="job_list___sub_multi_heading"><div role="alert" class="card-header alert-success" id="job_list___sub_heading_13_1"><button class="btn btn-outline-success"><span class="job_id">13 : Job ID 75f2249b95e34ed8bdac5d45c4ba383a</span></button></div></a><div aria-labelledby="job_list___sub_heading_13_1" data-parent="#job_list___sub_accordion_13" class="collapse job_list___sub_multi_collapse" id="job_list___sub_collapse_13_1"><div class="card-body"><div class="work-item"><div class="alert alert-success test-outcome" role="alert"><p>worker outcome: normal</p><p>test outcome: killed</p></div></div><pre class="location"><a href="pycharm://open?file=linkedList4.py&amp;line=85" class="text-secondary"><button class="btn btn-outline-dark">linkedList4.py, start pos: (85, 38), end pos: (85, 39)</button></a></pre><pre>operator: core/ReplaceBinaryOperator_Add_RShift, occurrence: 0</pre><div class="alert alert-secondary"><pre class="diff">--- mutation diff ---
--- alinkedList4.py
+++ blinkedList4.py
@@ -82,7 +82,7 @@
         curr = self.head
         display = '('
         while curr:
-            display += str(curr.data) + ', '
+            display += str(curr.data) &gt;&gt; ', '
             curr = curr.next
         return display[:-2] + ')'
 </pre></div><div class="alert alert-secondary"><pre class="diff">============================= test session starts ==============================
platform linux -- Python 3.10.12, pytest-7.1.3, pluggy-1.0.0
rootdir: /home/lucca/desktop/ic/experimento/testes/python_experiments/linkedList4/ALL-SMART-GPT-COSMICRAY
plugins: Faker-15.1.1, hypothesis-6.56.3
collected 61 items

test_linkedList4_COSMICRAY.py .....                                      [  8%]
test_linkedList4_DYNAMOSA.py ......F.......                              [ 31%]
test_linkedList4_MIO.py ..............FF..                               [ 60%]
test_linkedList4_MOSA.py F............F..                                [ 86%]
test_linkedList4_WHOLE_SUITE.py F....F..                                 [100%]

=========================== short test summary info ============================
FAILED test_linkedList4_DYNAMOSA.py::test_case_6 - TypeError: unsupported ope...
FAILED test_linkedList4_MIO.py::test_case_14 - TypeError: unsupported operand...
FAILED test_linkedList4_MIO.py::test_case_15 - TypeError: unsupported operand...
FAILED test_linkedList4_MOSA.py::test_case_0 - TypeError: unsupported operand...
FAILED test_linkedList4_MOSA.py::test_case_13 - TypeError: unsupported operan...
FAILED test_linkedList4_WHOLE_SUITE.py::test_case_0 - TypeError: unsupported ...
FAILED test_linkedList4_WHOLE_SUITE.py::test_case_5 - TypeError: unsupported ...
========================= 7 failed, 54 passed in 0.20s =========================
</pre></div></div></div></div></div><div class="mb-1" id="job_list___sub_accordion_14"><div class="card"><a data-toggle="collapse" data-target="#job_list___sub_collapse_14_1" aria-expanded="false" aria-controls="job_list___sub_collapse_14_1" href="#" class="job_list___sub_multi_heading"><div role="alert" class="card-header alert-success" id="job_list___sub_heading_14_1"><button class="btn btn-outline-success"><span class="job_id">14 : Job ID df83de8405ce495a81410cfb3b1a8e55</span></button></div></a><div aria-labelledby="job_list___sub_heading_14_1" data-parent="#job_list___sub_accordion_14" class="collapse job_list___sub_multi_collapse" id="job_list___sub_collapse_14_1"><div class="card-body"><div class="work-item"><div class="alert alert-success test-outcome" role="alert"><p>worker outcome: normal</p><p>test outcome: killed</p></div></div><pre class="location"><a href="pycharm://open?file=linkedList4.py&amp;line=87" class="text-secondary"><button class="btn btn-outline-dark">linkedList4.py, start pos: (87, 28), end pos: (87, 29)</button></a></pre><pre>operator: core/ReplaceBinaryOperator_Add_RShift, occurrence: 1</pre><div class="alert alert-secondary"><pre class="diff">--- mutation diff ---
--- alinkedList4.py
+++ blinkedList4.py
@@ -84,5 +84,5 @@
         while curr:
             display += str(curr.data) + ', '
             curr = curr.next
-        return display[:-2] + ')'
+        return display[:-2] &gt;&gt; ')'
 </pre></div><div class="alert alert-secondary"><pre class="diff">============================= test session starts ==============================
platform linux -- Python 3.10.12, pytest-7.1.3, pluggy-1.0.0
rootdir: /home/lucca/desktop/ic/experimento/testes/python_experiments/linkedList4/ALL-SMART-GPT-COSMICRAY
plugins: Faker-15.1.1, hypothesis-6.56.3
collected 61 items

test_linkedList4_COSMICRAY.py .....                                      [  8%]
test_linkedList4_DYNAMOSA.py ......FF..F...                              [ 31%]
test_linkedList4_MIO.py ..............FFF.                               [ 60%]
test_linkedList4_MOSA.py F.......F...FF..                                [ 86%]
test_linkedList4_WHOLE_SUITE.py F...FF..                                 [100%]

=========================== short test summary info ============================
FAILED test_linkedList4_DYNAMOSA.py::test_case_6 - TypeError: unsupported ope...
FAILED test_linkedList4_DYNAMOSA.py::test_case_7 - TypeError: unsupported ope...
FAILED test_linkedList4_DYNAMOSA.py::test_case_10 - TypeError: unsupported op...
FAILED test_linkedList4_MIO.py::test_case_14 - TypeError: unsupported operand...
FAILED test_linkedList4_MIO.py::test_case_15 - TypeError: unsupported operand...
FAILED test_linkedList4_MIO.py::test_case_16 - TypeError: unsupported operand...
FAILED test_linkedList4_MOSA.py::test_case_0 - TypeError: unsupported operand...
FAILED test_linkedList4_MOSA.py::test_case_8 - TypeError: unsupported operand...
FAILED test_linkedList4_MOSA.py::test_case_12 - TypeError: unsupported operan...
FAILED test_linkedList4_MOSA.py::test_case_13 - TypeError: unsupported operan...
FAILED test_linkedList4_WHOLE_SUITE.py::test_case_0 - TypeError: unsupported ...
FAILED test_linkedList4_WHOLE_SUITE.py::test_case_4 - TypeError: unsupported ...
FAILED test_linkedList4_WHOLE_SUITE.py::test_case_5 - TypeError: unsupported ...
======================== 13 failed, 48 passed in 0.20s =========================
</pre></div></div></div></div></div><div class="mb-1" id="job_list___sub_accordion_15"><div class="card"><a data-toggle="collapse" data-target="#job_list___sub_collapse_15_1" aria-expanded="false" aria-controls="job_list___sub_collapse_15_1" href="#" class="job_list___sub_multi_heading"><div role="alert" class="card-header alert-success" id="job_list___sub_heading_15_1"><button class="btn btn-outline-success"><span class="job_id">15 : Job ID 9c08bca4ff824989ab82e89ff016368b</span></button></div></a><div aria-labelledby="job_list___sub_heading_15_1" data-parent="#job_list___sub_accordion_15" class="collapse job_list___sub_multi_collapse" id="job_list___sub_collapse_15_1"><div class="card-body"><div class="work-item"><div class="alert alert-success test-outcome" role="alert"><p>worker outcome: normal</p><p>test outcome: killed</p></div></div><pre class="location"><a href="pycharm://open?file=linkedList4.py&amp;line=85" class="text-secondary"><button class="btn btn-outline-dark">linkedList4.py, start pos: (85, 38), end pos: (85, 39)</button></a></pre><pre>operator: core/ReplaceBinaryOperator_Add_LShift, occurrence: 0</pre><div class="alert alert-secondary"><pre class="diff">--- mutation diff ---
--- alinkedList4.py
+++ blinkedList4.py
@@ -82,7 +82,7 @@
         curr = self.head
         display = '('
         while curr:
-            display += str(curr.data) + ', '
+            display += str(curr.data) &lt;&lt; ', '
             curr = curr.next
         return display[:-2] + ')'
 </pre></div><div class="alert alert-secondary"><pre class="diff">============================= test session starts ==============================
platform linux -- Python 3.10.12, pytest-7.1.3, pluggy-1.0.0
rootdir: /home/lucca/desktop/ic/experimento/testes/python_experiments/linkedList4/ALL-SMART-GPT-COSMICRAY
plugins: Faker-15.1.1, hypothesis-6.56.3
collected 61 items

test_linkedList4_COSMICRAY.py .....                                      [  8%]
test_linkedList4_DYNAMOSA.py ......F.......                              [ 31%]
test_linkedList4_MIO.py ..............FF..                               [ 60%]
test_linkedList4_MOSA.py F............F..                                [ 86%]
test_linkedList4_WHOLE_SUITE.py F....F..                                 [100%]

=========================== short test summary info ============================
FAILED test_linkedList4_DYNAMOSA.py::test_case_6 - TypeError: unsupported ope...
FAILED test_linkedList4_MIO.py::test_case_14 - TypeError: unsupported operand...
FAILED test_linkedList4_MIO.py::test_case_15 - TypeError: unsupported operand...
FAILED test_linkedList4_MOSA.py::test_case_0 - TypeError: unsupported operand...
FAILED test_linkedList4_MOSA.py::test_case_13 - TypeError: unsupported operan...
FAILED test_linkedList4_WHOLE_SUITE.py::test_case_0 - TypeError: unsupported ...
FAILED test_linkedList4_WHOLE_SUITE.py::test_case_5 - TypeError: unsupported ...
========================= 7 failed, 54 passed in 0.20s =========================
</pre></div></div></div></div></div><div class="mb-1" id="job_list___sub_accordion_16"><div class="card"><a data-toggle="collapse" data-target="#job_list___sub_collapse_16_1" aria-expanded="false" aria-controls="job_list___sub_collapse_16_1" href="#" class="job_list___sub_multi_heading"><div role="alert" class="card-header alert-success" id="job_list___sub_heading_16_1"><button class="btn btn-outline-success"><span class="job_id">16 : Job ID 30c7aef07d3f4d3a9b4ecdcba5fd36ca</span></button></div></a><div aria-labelledby="job_list___sub_heading_16_1" data-parent="#job_list___sub_accordion_16" class="collapse job_list___sub_multi_collapse" id="job_list___sub_collapse_16_1"><div class="card-body"><div class="work-item"><div class="alert alert-success test-outcome" role="alert"><p>worker outcome: normal</p><p>test outcome: killed</p></div></div><pre class="location"><a href="pycharm://open?file=linkedList4.py&amp;line=87" class="text-secondary"><button class="btn btn-outline-dark">linkedList4.py, start pos: (87, 28), end pos: (87, 29)</button></a></pre><pre>operator: core/ReplaceBinaryOperator_Add_LShift, occurrence: 1</pre><div class="alert alert-secondary"><pre class="diff">--- mutation diff ---
--- alinkedList4.py
+++ blinkedList4.py
@@ -84,5 +84,5 @@
         while curr:
             display += str(curr.data) + ', '
             curr = curr.next
-        return display[:-2] + ')'
+        return display[:-2] &lt;&lt; ')'
 </pre></div><div class="alert alert-secondary"><pre class="diff">============================= test session starts ==============================
platform linux -- Python 3.10.12, pytest-7.1.3, pluggy-1.0.0
rootdir: /home/lucca/desktop/ic/experimento/testes/python_experiments/linkedList4/ALL-SMART-GPT-COSMICRAY
plugins: Faker-15.1.1, hypothesis-6.56.3
collected 61 items

test_linkedList4_COSMICRAY.py .....                                      [  8%]
test_linkedList4_DYNAMOSA.py ......FF..F...                              [ 31%]
test_linkedList4_MIO.py ..............FFF.                               [ 60%]
test_linkedList4_MOSA.py F.......F...FF..                                [ 86%]
test_linkedList4_WHOLE_SUITE.py F...FF..                                 [100%]

=========================== short test summary info ============================
FAILED test_linkedList4_DYNAMOSA.py::test_case_6 - TypeError: unsupported ope...
FAILED test_linkedList4_DYNAMOSA.py::test_case_7 - TypeError: unsupported ope...
FAILED test_linkedList4_DYNAMOSA.py::test_case_10 - TypeError: unsupported op...
FAILED test_linkedList4_MIO.py::test_case_14 - TypeError: unsupported operand...
FAILED test_linkedList4_MIO.py::test_case_15 - TypeError: unsupported operand...
FAILED test_linkedList4_MIO.py::test_case_16 - TypeError: unsupported operand...
FAILED test_linkedList4_MOSA.py::test_case_0 - TypeError: unsupported operand...
FAILED test_linkedList4_MOSA.py::test_case_8 - TypeError: unsupported operand...
FAILED test_linkedList4_MOSA.py::test_case_12 - TypeError: unsupported operan...
FAILED test_linkedList4_MOSA.py::test_case_13 - TypeError: unsupported operan...
FAILED test_linkedList4_WHOLE_SUITE.py::test_case_0 - TypeError: unsupported ...
FAILED test_linkedList4_WHOLE_SUITE.py::test_case_4 - TypeError: unsupported ...
FAILED test_linkedList4_WHOLE_SUITE.py::test_case_5 - TypeError: unsupported ...
======================== 13 failed, 48 passed in 0.20s =========================
</pre></div></div></div></div></div><div class="mb-1" id="job_list___sub_accordion_17"><div class="card"><a data-toggle="collapse" data-target="#job_list___sub_collapse_17_1" aria-expanded="false" aria-controls="job_list___sub_collapse_17_1" href="#" class="job_list___sub_multi_heading"><div role="alert" class="card-header alert-success" id="job_list___sub_heading_17_1"><button class="btn btn-outline-success"><span class="job_id">17 : Job ID 42034ade0a014fa19e72a40b72fdab22</span></button></div></a><div aria-labelledby="job_list___sub_heading_17_1" data-parent="#job_list___sub_accordion_17" class="collapse job_list___sub_multi_collapse" id="job_list___sub_collapse_17_1"><div class="card-body"><div class="work-item"><div class="alert alert-success test-outcome" role="alert"><p>worker outcome: normal</p><p>test outcome: killed</p></div></div><pre class="location"><a href="pycharm://open?file=linkedList4.py&amp;line=85" class="text-secondary"><button class="btn btn-outline-dark">linkedList4.py, start pos: (85, 38), end pos: (85, 39)</button></a></pre><pre>operator: core/ReplaceBinaryOperator_Add_BitOr, occurrence: 0</pre><div class="alert alert-secondary"><pre class="diff">--- mutation diff ---
--- alinkedList4.py
+++ blinkedList4.py
@@ -82,7 +82,7 @@
         curr = self.head
         display = '('
         while curr:
-            display += str(curr.data) + ', '
+            display += str(curr.data) | ', '
             curr = curr.next
         return display[:-2] + ')'
 </pre></div><div class="alert alert-secondary"><pre class="diff">============================= test session starts ==============================
platform linux -- Python 3.10.12, pytest-7.1.3, pluggy-1.0.0
rootdir: /home/lucca/desktop/ic/experimento/testes/python_experiments/linkedList4/ALL-SMART-GPT-COSMICRAY
plugins: Faker-15.1.1, hypothesis-6.56.3
collected 61 items

test_linkedList4_COSMICRAY.py .....                                      [  8%]
test_linkedList4_DYNAMOSA.py ......F.......                              [ 31%]
test_linkedList4_MIO.py ..............FF..                               [ 60%]
test_linkedList4_MOSA.py F............F..                                [ 86%]
test_linkedList4_WHOLE_SUITE.py F....F..                                 [100%]

=========================== short test summary info ============================
FAILED test_linkedList4_DYNAMOSA.py::test_case_6 - TypeError: unsupported ope...
FAILED test_linkedList4_MIO.py::test_case_14 - TypeError: unsupported operand...
FAILED test_linkedList4_MIO.py::test_case_15 - TypeError: unsupported operand...
FAILED test_linkedList4_MOSA.py::test_case_0 - TypeError: unsupported operand...
FAILED test_linkedList4_MOSA.py::test_case_13 - TypeError: unsupported operan...
FAILED test_linkedList4_WHOLE_SUITE.py::test_case_0 - TypeError: unsupported ...
FAILED test_linkedList4_WHOLE_SUITE.py::test_case_5 - TypeError: unsupported ...
========================= 7 failed, 54 passed in 0.20s =========================
</pre></div></div></div></div></div><div class="mb-1" id="job_list___sub_accordion_18"><div class="card"><a data-toggle="collapse" data-target="#job_list___sub_collapse_18_1" aria-expanded="false" aria-controls="job_list___sub_collapse_18_1" href="#" class="job_list___sub_multi_heading"><div role="alert" class="card-header alert-success" id="job_list___sub_heading_18_1"><button class="btn btn-outline-success"><span class="job_id">18 : Job ID 61b8b2b5897f4668a12f0a5d47528de3</span></button></div></a><div aria-labelledby="job_list___sub_heading_18_1" data-parent="#job_list___sub_accordion_18" class="collapse job_list___sub_multi_collapse" id="job_list___sub_collapse_18_1"><div class="card-body"><div class="work-item"><div class="alert alert-success test-outcome" role="alert"><p>worker outcome: normal</p><p>test outcome: killed</p></div></div><pre class="location"><a href="pycharm://open?file=linkedList4.py&amp;line=87" class="text-secondary"><button class="btn btn-outline-dark">linkedList4.py, start pos: (87, 28), end pos: (87, 29)</button></a></pre><pre>operator: core/ReplaceBinaryOperator_Add_BitOr, occurrence: 1</pre><div class="alert alert-secondary"><pre class="diff">--- mutation diff ---
--- alinkedList4.py
+++ blinkedList4.py
@@ -84,5 +84,5 @@
         while curr:
             display += str(curr.data) + ', '
             curr = curr.next
-        return display[:-2] + ')'
+        return display[:-2] | ')'
 </pre></div><div class="alert alert-secondary"><pre class="diff">============================= test session starts ==============================
platform linux -- Python 3.10.12, pytest-7.1.3, pluggy-1.0.0
rootdir: /home/lucca/desktop/ic/experimento/testes/python_experiments/linkedList4/ALL-SMART-GPT-COSMICRAY
plugins: Faker-15.1.1, hypothesis-6.56.3
collected 61 items

test_linkedList4_COSMICRAY.py .....                                      [  8%]
test_linkedList4_DYNAMOSA.py ......FF..F...                              [ 31%]
test_linkedList4_MIO.py ..............FFF.                               [ 60%]
test_linkedList4_MOSA.py F.......F...FF..                                [ 86%]
test_linkedList4_WHOLE_SUITE.py F...FF..                                 [100%]

=========================== short test summary info ============================
FAILED test_linkedList4_DYNAMOSA.py::test_case_6 - TypeError: unsupported ope...
FAILED test_linkedList4_DYNAMOSA.py::test_case_7 - TypeError: unsupported ope...
FAILED test_linkedList4_DYNAMOSA.py::test_case_10 - TypeError: unsupported op...
FAILED test_linkedList4_MIO.py::test_case_14 - TypeError: unsupported operand...
FAILED test_linkedList4_MIO.py::test_case_15 - TypeError: unsupported operand...
FAILED test_linkedList4_MIO.py::test_case_16 - TypeError: unsupported operand...
FAILED test_linkedList4_MOSA.py::test_case_0 - TypeError: unsupported operand...
FAILED test_linkedList4_MOSA.py::test_case_8 - TypeError: unsupported operand...
FAILED test_linkedList4_MOSA.py::test_case_12 - TypeError: unsupported operan...
FAILED test_linkedList4_MOSA.py::test_case_13 - TypeError: unsupported operan...
FAILED test_linkedList4_WHOLE_SUITE.py::test_case_0 - TypeError: unsupported ...
FAILED test_linkedList4_WHOLE_SUITE.py::test_case_4 - TypeError: unsupported ...
FAILED test_linkedList4_WHOLE_SUITE.py::test_case_5 - TypeError: unsupported ...
======================== 13 failed, 48 passed in 0.20s =========================
</pre></div></div></div></div></div><div class="mb-1" id="job_list___sub_accordion_19"><div class="card"><a data-toggle="collapse" data-target="#job_list___sub_collapse_19_1" aria-expanded="false" aria-controls="job_list___sub_collapse_19_1" href="#" class="job_list___sub_multi_heading"><div role="alert" class="card-header alert-success" id="job_list___sub_heading_19_1"><button class="btn btn-outline-success"><span class="job_id">19 : Job ID b34dc384d0ec446cafa6c7a065648a3c</span></button></div></a><div aria-labelledby="job_list___sub_heading_19_1" data-parent="#job_list___sub_accordion_19" class="collapse job_list___sub_multi_collapse" id="job_list___sub_collapse_19_1"><div class="card-body"><div class="work-item"><div class="alert alert-success test-outcome" role="alert"><p>worker outcome: normal</p><p>test outcome: killed</p></div></div><pre class="location"><a href="pycharm://open?file=linkedList4.py&amp;line=85" class="text-secondary"><button class="btn btn-outline-dark">linkedList4.py, start pos: (85, 38), end pos: (85, 39)</button></a></pre><pre>operator: core/ReplaceBinaryOperator_Add_BitAnd, occurrence: 0</pre><div class="alert alert-secondary"><pre class="diff">--- mutation diff ---
--- alinkedList4.py
+++ blinkedList4.py
@@ -82,7 +82,7 @@
         curr = self.head
         display = '('
         while curr:
-            display += str(curr.data) + ', '
+            display += str(curr.data) &amp; ', '
             curr = curr.next
         return display[:-2] + ')'
 </pre></div><div class="alert alert-secondary"><pre class="diff">============================= test session starts ==============================
platform linux -- Python 3.10.12, pytest-7.1.3, pluggy-1.0.0
rootdir: /home/lucca/desktop/ic/experimento/testes/python_experiments/linkedList4/ALL-SMART-GPT-COSMICRAY
plugins: Faker-15.1.1, hypothesis-6.56.3
collected 61 items

test_linkedList4_COSMICRAY.py .....                                      [  8%]
test_linkedList4_DYNAMOSA.py ......F.......                              [ 31%]
test_linkedList4_MIO.py ..............FF..                               [ 60%]
test_linkedList4_MOSA.py F............F..                                [ 86%]
test_linkedList4_WHOLE_SUITE.py F....F..                                 [100%]

=========================== short test summary info ============================
FAILED test_linkedList4_DYNAMOSA.py::test_case_6 - TypeError: unsupported ope...
FAILED test_linkedList4_MIO.py::test_case_14 - TypeError: unsupported operand...
FAILED test_linkedList4_MIO.py::test_case_15 - TypeError: unsupported operand...
FAILED test_linkedList4_MOSA.py::test_case_0 - TypeError: unsupported operand...
FAILED test_linkedList4_MOSA.py::test_case_13 - TypeError: unsupported operan...
FAILED test_linkedList4_WHOLE_SUITE.py::test_case_0 - TypeError: unsupported ...
FAILED test_linkedList4_WHOLE_SUITE.py::test_case_5 - TypeError: unsupported ...
========================= 7 failed, 54 passed in 0.20s =========================
</pre></div></div></div></div></div><div class="mb-1" id="job_list___sub_accordion_20"><div class="card"><a data-toggle="collapse" data-target="#job_list___sub_collapse_20_1" aria-expanded="false" aria-controls="job_list___sub_collapse_20_1" href="#" class="job_list___sub_multi_heading"><div role="alert" class="card-header alert-success" id="job_list___sub_heading_20_1"><button class="btn btn-outline-success"><span class="job_id">20 : Job ID ecb5b2a2e80c48a8b374aec13d5aedb6</span></button></div></a><div aria-labelledby="job_list___sub_heading_20_1" data-parent="#job_list___sub_accordion_20" class="collapse job_list___sub_multi_collapse" id="job_list___sub_collapse_20_1"><div class="card-body"><div class="work-item"><div class="alert alert-success test-outcome" role="alert"><p>worker outcome: normal</p><p>test outcome: killed</p></div></div><pre class="location"><a href="pycharm://open?file=linkedList4.py&amp;line=87" class="text-secondary"><button class="btn btn-outline-dark">linkedList4.py, start pos: (87, 28), end pos: (87, 29)</button></a></pre><pre>operator: core/ReplaceBinaryOperator_Add_BitAnd, occurrence: 1</pre><div class="alert alert-secondary"><pre class="diff">--- mutation diff ---
--- alinkedList4.py
+++ blinkedList4.py
@@ -84,5 +84,5 @@
         while curr:
             display += str(curr.data) + ', '
             curr = curr.next
-        return display[:-2] + ')'
+        return display[:-2] &amp; ')'
 </pre></div><div class="alert alert-secondary"><pre class="diff">============================= test session starts ==============================
platform linux -- Python 3.10.12, pytest-7.1.3, pluggy-1.0.0
rootdir: /home/lucca/desktop/ic/experimento/testes/python_experiments/linkedList4/ALL-SMART-GPT-COSMICRAY
plugins: Faker-15.1.1, hypothesis-6.56.3
collected 61 items

test_linkedList4_COSMICRAY.py .....                                      [  8%]
test_linkedList4_DYNAMOSA.py ......FF..F...                              [ 31%]
test_linkedList4_MIO.py ..............FFF.                               [ 60%]
test_linkedList4_MOSA.py F.......F...FF..                                [ 86%]
test_linkedList4_WHOLE_SUITE.py F...FF..                                 [100%]

=========================== short test summary info ============================
FAILED test_linkedList4_DYNAMOSA.py::test_case_6 - TypeError: unsupported ope...
FAILED test_linkedList4_DYNAMOSA.py::test_case_7 - TypeError: unsupported ope...
FAILED test_linkedList4_DYNAMOSA.py::test_case_10 - TypeError: unsupported op...
FAILED test_linkedList4_MIO.py::test_case_14 - TypeError: unsupported operand...
FAILED test_linkedList4_MIO.py::test_case_15 - TypeError: unsupported operand...
FAILED test_linkedList4_MIO.py::test_case_16 - TypeError: unsupported operand...
FAILED test_linkedList4_MOSA.py::test_case_0 - TypeError: unsupported operand...
FAILED test_linkedList4_MOSA.py::test_case_8 - TypeError: unsupported operand...
FAILED test_linkedList4_MOSA.py::test_case_12 - TypeError: unsupported operan...
FAILED test_linkedList4_MOSA.py::test_case_13 - TypeError: unsupported operan...
FAILED test_linkedList4_WHOLE_SUITE.py::test_case_0 - TypeError: unsupported ...
FAILED test_linkedList4_WHOLE_SUITE.py::test_case_4 - TypeError: unsupported ...
FAILED test_linkedList4_WHOLE_SUITE.py::test_case_5 - TypeError: unsupported ...
======================== 13 failed, 48 passed in 0.20s =========================
</pre></div></div></div></div></div><div class="mb-1" id="job_list___sub_accordion_21"><div class="card"><a data-toggle="collapse" data-target="#job_list___sub_collapse_21_1" aria-expanded="false" aria-controls="job_list___sub_collapse_21_1" href="#" class="job_list___sub_multi_heading"><div role="alert" class="card-header alert-success" id="job_list___sub_heading_21_1"><button class="btn btn-outline-success"><span class="job_id">21 : Job ID b8eca2f2a50f466bb416c02019a22d7c</span></button></div></a><div aria-labelledby="job_list___sub_heading_21_1" data-parent="#job_list___sub_accordion_21" class="collapse job_list___sub_multi_collapse" id="job_list___sub_collapse_21_1"><div class="card-body"><div class="work-item"><div class="alert alert-success test-outcome" role="alert"><p>worker outcome: normal</p><p>test outcome: killed</p></div></div><pre class="location"><a href="pycharm://open?file=linkedList4.py&amp;line=85" class="text-secondary"><button class="btn btn-outline-dark">linkedList4.py, start pos: (85, 38), end pos: (85, 39)</button></a></pre><pre>operator: core/ReplaceBinaryOperator_Add_BitXor, occurrence: 0</pre><div class="alert alert-secondary"><pre class="diff">--- mutation diff ---
--- alinkedList4.py
+++ blinkedList4.py
@@ -82,7 +82,7 @@
         curr = self.head
         display = '('
         while curr:
-            display += str(curr.data) + ', '
+            display += str(curr.data) ^ ', '
             curr = curr.next
         return display[:-2] + ')'
 </pre></div><div class="alert alert-secondary"><pre class="diff">============================= test session starts ==============================
platform linux -- Python 3.10.12, pytest-7.1.3, pluggy-1.0.0
rootdir: /home/lucca/desktop/ic/experimento/testes/python_experiments/linkedList4/ALL-SMART-GPT-COSMICRAY
plugins: Faker-15.1.1, hypothesis-6.56.3
collected 61 items

test_linkedList4_COSMICRAY.py .....                                      [  8%]
test_linkedList4_DYNAMOSA.py ......F.......                              [ 31%]
test_linkedList4_MIO.py ..............FF..                               [ 60%]
test_linkedList4_MOSA.py F............F..                                [ 86%]
test_linkedList4_WHOLE_SUITE.py F....F..                                 [100%]

=========================== short test summary info ============================
FAILED test_linkedList4_DYNAMOSA.py::test_case_6 - TypeError: unsupported ope...
FAILED test_linkedList4_MIO.py::test_case_14 - TypeError: unsupported operand...
FAILED test_linkedList4_MIO.py::test_case_15 - TypeError: unsupported operand...
FAILED test_linkedList4_MOSA.py::test_case_0 - TypeError: unsupported operand...
FAILED test_linkedList4_MOSA.py::test_case_13 - TypeError: unsupported operan...
FAILED test_linkedList4_WHOLE_SUITE.py::test_case_0 - TypeError: unsupported ...
FAILED test_linkedList4_WHOLE_SUITE.py::test_case_5 - TypeError: unsupported ...
========================= 7 failed, 54 passed in 0.20s =========================
</pre></div></div></div></div></div><div class="mb-1" id="job_list___sub_accordion_22"><div class="card"><a data-toggle="collapse" data-target="#job_list___sub_collapse_22_1" aria-expanded="false" aria-controls="job_list___sub_collapse_22_1" href="#" class="job_list___sub_multi_heading"><div role="alert" class="card-header alert-success" id="job_list___sub_heading_22_1"><button class="btn btn-outline-success"><span class="job_id">22 : Job ID 17e9920804c6468a8f77d5ff786c9017</span></button></div></a><div aria-labelledby="job_list___sub_heading_22_1" data-parent="#job_list___sub_accordion_22" class="collapse job_list___sub_multi_collapse" id="job_list___sub_collapse_22_1"><div class="card-body"><div class="work-item"><div class="alert alert-success test-outcome" role="alert"><p>worker outcome: normal</p><p>test outcome: killed</p></div></div><pre class="location"><a href="pycharm://open?file=linkedList4.py&amp;line=87" class="text-secondary"><button class="btn btn-outline-dark">linkedList4.py, start pos: (87, 28), end pos: (87, 29)</button></a></pre><pre>operator: core/ReplaceBinaryOperator_Add_BitXor, occurrence: 1</pre><div class="alert alert-secondary"><pre class="diff">--- mutation diff ---
--- alinkedList4.py
+++ blinkedList4.py
@@ -84,5 +84,5 @@
         while curr:
             display += str(curr.data) + ', '
             curr = curr.next
-        return display[:-2] + ')'
+        return display[:-2] ^ ')'
 </pre></div><div class="alert alert-secondary"><pre class="diff">============================= test session starts ==============================
platform linux -- Python 3.10.12, pytest-7.1.3, pluggy-1.0.0
rootdir: /home/lucca/desktop/ic/experimento/testes/python_experiments/linkedList4/ALL-SMART-GPT-COSMICRAY
plugins: Faker-15.1.1, hypothesis-6.56.3
collected 61 items

test_linkedList4_COSMICRAY.py .....                                      [  8%]
test_linkedList4_DYNAMOSA.py ......FF..F...                              [ 31%]
test_linkedList4_MIO.py ..............FFF.                               [ 60%]
test_linkedList4_MOSA.py F.......F...FF..                                [ 86%]
test_linkedList4_WHOLE_SUITE.py F...FF..                                 [100%]

=========================== short test summary info ============================
FAILED test_linkedList4_DYNAMOSA.py::test_case_6 - TypeError: unsupported ope...
FAILED test_linkedList4_DYNAMOSA.py::test_case_7 - TypeError: unsupported ope...
FAILED test_linkedList4_DYNAMOSA.py::test_case_10 - TypeError: unsupported op...
FAILED test_linkedList4_MIO.py::test_case_14 - TypeError: unsupported operand...
FAILED test_linkedList4_MIO.py::test_case_15 - TypeError: unsupported operand...
FAILED test_linkedList4_MIO.py::test_case_16 - TypeError: unsupported operand...
FAILED test_linkedList4_MOSA.py::test_case_0 - TypeError: unsupported operand...
FAILED test_linkedList4_MOSA.py::test_case_8 - TypeError: unsupported operand...
FAILED test_linkedList4_MOSA.py::test_case_12 - TypeError: unsupported operan...
FAILED test_linkedList4_MOSA.py::test_case_13 - TypeError: unsupported operan...
FAILED test_linkedList4_WHOLE_SUITE.py::test_case_0 - TypeError: unsupported ...
FAILED test_linkedList4_WHOLE_SUITE.py::test_case_4 - TypeError: unsupported ...
FAILED test_linkedList4_WHOLE_SUITE.py::test_case_5 - TypeError: unsupported ...
======================== 13 failed, 48 passed in 0.20s =========================
</pre></div></div></div></div></div><div class="mb-1" id="job_list___sub_accordion_23"><div class="card"><a data-toggle="collapse" data-target="#job_list___sub_collapse_23_1" aria-expanded="false" aria-controls="job_list___sub_collapse_23_1" href="#" class="job_list___sub_multi_heading"><div role="alert" class="card-header alert-success" id="job_list___sub_heading_23_1"><button class="btn btn-outline-success"><span class="job_id">23 : Job ID f46f2da4de2b476f946ef3bc5c84ef03</span></button></div></a><div aria-labelledby="job_list___sub_heading_23_1" data-parent="#job_list___sub_accordion_23" class="collapse job_list___sub_multi_collapse" id="job_list___sub_collapse_23_1"><div class="card-body"><div class="work-item"><div class="alert alert-success test-outcome" role="alert"><p>worker outcome: normal</p><p>test outcome: killed</p></div></div><pre class="location"><a href="pycharm://open?file=linkedList4.py&amp;line=64" class="text-secondary"><button class="btn btn-outline-dark">linkedList4.py, start pos: (64, 25), end pos: (64, 27)</button></a></pre><pre>operator: core/ReplaceComparisonOperator_Eq_NotEq, occurrence: 0</pre><div class="alert alert-secondary"><pre class="diff">--- mutation diff ---
--- alinkedList4.py
+++ blinkedList4.py
@@ -61,7 +61,7 @@
         """Return the node containing val."""
         curr = self.head
         while curr:
-            if curr.data == val:
+            if curr.data != val:
                 return curr
             curr = curr.next
 </pre></div><div class="alert alert-secondary"><pre class="diff">============================= test session starts ==============================
platform linux -- Python 3.10.12, pytest-7.1.3, pluggy-1.0.0
rootdir: /home/lucca/desktop/ic/experimento/testes/python_experiments/linkedList4/ALL-SMART-GPT-COSMICRAY
plugins: Faker-15.1.1, hypothesis-6.56.3
collected 61 items

test_linkedList4_COSMICRAY.py FF...                                      [  8%]
test_linkedList4_DYNAMOSA.py .........F....                              [ 31%]
test_linkedList4_MIO.py .....F............                               [ 60%]
test_linkedList4_MOSA.py .....F..........                                [ 86%]
test_linkedList4_WHOLE_SUITE.py ....F...                                 [100%]

=========================== short test summary info ============================
FAILED test_linkedList4_COSMICRAY.py::test_remove - assert &lt;linkedList4.Node ...
FAILED test_linkedList4_COSMICRAY.py::test_remove_head - assert &lt;linkedList4....
FAILED test_linkedList4_DYNAMOSA.py::test_case_9 - AssertionError: assert 'bu...
FAILED test_linkedList4_MIO.py::test_case_5 - AssertionError: assert 'builtin...
FAILED test_linkedList4_MOSA.py::test_case_5 - AssertionError: assert 'builti...
FAILED test_linkedList4_WHOLE_SUITE.py::test_case_4 - assert None is True
========================= 6 failed, 55 passed in 0.20s =========================
</pre></div></div></div></div></div><div class="mb-1" id="job_list___sub_accordion_24"><div class="card"><a data-toggle="collapse" data-target="#job_list___sub_collapse_24_1" aria-expanded="false" aria-controls="job_list___sub_collapse_24_1" href="#" class="job_list___sub_multi_heading"><div role="alert" class="card-header alert-success" id="job_list___sub_heading_24_1"><button class="btn btn-outline-success"><span class="job_id">24 : Job ID 117ddf9c1c51459c9590379e08ce5df0</span></button></div></a><div aria-labelledby="job_list___sub_heading_24_1" data-parent="#job_list___sub_accordion_24" class="collapse job_list___sub_multi_collapse" id="job_list___sub_collapse_24_1"><div class="card-body"><div class="work-item"><div class="alert alert-success test-outcome" role="alert"><p>worker outcome: normal</p><p>test outcome: killed</p></div></div><pre class="location"><a href="pycharm://open?file=linkedList4.py&amp;line=71" class="text-secondary"><button class="btn btn-outline-dark">linkedList4.py, start pos: (71, 24), end pos: (71, 26)</button></a></pre><pre>operator: core/ReplaceComparisonOperator_Eq_NotEq, occurrence: 1</pre><div class="alert alert-secondary"><pre class="diff">--- mutation diff ---
--- alinkedList4.py
+++ blinkedList4.py
@@ -68,7 +68,7 @@
     def remove(self, val):
         """Remove node from list if exists."""
         curr = self.head
-        if curr and val == self.head.data: # Manually adjusted line (from is to ==)
+        if curr and val != self.head.data: # Manually adjusted line (from is to ==)
             self.head = self.head.next
             self._length -= 1
         while curr:</pre></div><div class="alert alert-secondary"><pre class="diff">============================= test session starts ==============================
platform linux -- Python 3.10.12, pytest-7.1.3, pluggy-1.0.0
rootdir: /home/lucca/desktop/ic/experimento/testes/python_experiments/linkedList4/ALL-SMART-GPT-COSMICRAY
plugins: Faker-15.1.1, hypothesis-6.56.3
collected 61 items

test_linkedList4_COSMICRAY.py FFFF.                                      [  8%]
test_linkedList4_DYNAMOSA.py ............F.                              [ 31%]
test_linkedList4_MIO.py ..........F.......                               [ 60%]
test_linkedList4_MOSA.py .............FF.                                [ 86%]
test_linkedList4_WHOLE_SUITE.py ..F.....                                 [100%]

=========================== short test summary info ============================
FAILED test_linkedList4_COSMICRAY.py::test_remove - assert 1 == 2
FAILED test_linkedList4_COSMICRAY.py::test_remove_head - assert 3 == 2
FAILED test_linkedList4_COSMICRAY.py::test_x - assert 3 == 2
FAILED test_linkedList4_COSMICRAY.py::test_y - assert 1 == 2
FAILED test_linkedList4_DYNAMOSA.py::test_case_12 - assert &lt;linkedList4.Node ...
FAILED test_linkedList4_MIO.py::test_case_10 - assert &lt;linkedList4.Node objec...
FAILED test_linkedList4_MOSA.py::test_case_13 - assert 5 == 6
FAILED test_linkedList4_MOSA.py::test_case_14 - assert &lt;linkedList4.Node obje...
FAILED test_linkedList4_WHOLE_SUITE.py::test_case_2 - assert &lt;linkedList4.Nod...
========================= 9 failed, 52 passed in 0.20s =========================
</pre></div></div></div></div></div><div class="mb-1" id="job_list___sub_accordion_25"><div class="card"><a data-toggle="collapse" data-target="#job_list___sub_collapse_25_1" aria-expanded="false" aria-controls="job_list___sub_collapse_25_1" href="#" class="job_list___sub_multi_heading"><div role="alert" class="card-header alert-success" id="job_list___sub_heading_25_1"><button class="btn btn-outline-success"><span class="job_id">25 : Job ID 022ef0416e8a4c50b206d0a963a1b8f4</span></button></div></a><div aria-labelledby="job_list___sub_heading_25_1" data-parent="#job_list___sub_accordion_25" class="collapse job_list___sub_multi_collapse" id="job_list___sub_collapse_25_1"><div class="card-body"><div class="work-item"><div class="alert alert-success test-outcome" role="alert"><p>worker outcome: normal</p><p>test outcome: killed</p></div></div><pre class="location"><a href="pycharm://open?file=linkedList4.py&amp;line=75" class="text-secondary"><button class="btn btn-outline-dark">linkedList4.py, start pos: (75, 45), end pos: (75, 47)</button></a></pre><pre>operator: core/ReplaceComparisonOperator_Eq_NotEq, occurrence: 2</pre><div class="alert alert-secondary"><pre class="diff">--- mutation diff ---
--- alinkedList4.py
+++ blinkedList4.py
@@ -72,7 +72,7 @@
             self.head = self.head.next
             self._length -= 1
         while curr:
-            if (curr.next and curr.next.data == val):
+            if (curr.next and curr.next.data != val):
                 curr.next = curr.next.next
                 self._length -= 1
             curr = curr.next</pre></div><div class="alert alert-secondary"><pre class="diff">============================= test session starts ==============================
platform linux -- Python 3.10.12, pytest-7.1.3, pluggy-1.0.0
rootdir: /home/lucca/desktop/ic/experimento/testes/python_experiments/linkedList4/ALL-SMART-GPT-COSMICRAY
plugins: Faker-15.1.1, hypothesis-6.56.3
collected 61 items

test_linkedList4_COSMICRAY.py FFF..                                      [  8%]
test_linkedList4_DYNAMOSA.py ..............                              [ 31%]
test_linkedList4_MIO.py ..................                               [ 60%]
test_linkedList4_MOSA.py .............F..                                [ 86%]
test_linkedList4_WHOLE_SUITE.py ........                                 [100%]

=========================== short test summary info ============================
FAILED test_linkedList4_COSMICRAY.py::test_remove - assert &lt;linkedList4.Node ...
FAILED test_linkedList4_COSMICRAY.py::test_remove_head - assert 1 == 2
FAILED test_linkedList4_COSMICRAY.py::test_x - assert 1 == 2
FAILED test_linkedList4_MOSA.py::test_case_13 - assert 3 == 6
========================= 4 failed, 57 passed in 0.21s =========================
</pre></div></div></div></div></div><div class="mb-1" id="job_list___sub_accordion_26"><div class="card"><a data-toggle="collapse" data-target="#job_list___sub_collapse_26_1" aria-expanded="false" aria-controls="job_list___sub_collapse_26_1" href="#" class="job_list___sub_multi_heading"><div role="alert" class="card-header alert-success" id="job_list___sub_heading_26_1"><button class="btn btn-outline-success"><span class="job_id">26 : Job ID 14362060e02742768c7dc0ccfc9f18bf</span></button></div></a><div aria-labelledby="job_list___sub_heading_26_1" data-parent="#job_list___sub_accordion_26" class="collapse job_list___sub_multi_collapse" id="job_list___sub_collapse_26_1"><div class="card-body"><div class="work-item"><div class="alert alert-success test-outcome" role="alert"><p>worker outcome: normal</p><p>test outcome: killed</p></div></div><pre class="location"><a href="pycharm://open?file=linkedList4.py&amp;line=64" class="text-secondary"><button class="btn btn-outline-dark">linkedList4.py, start pos: (64, 25), end pos: (64, 27)</button></a></pre><pre>operator: core/ReplaceComparisonOperator_Eq_Lt, occurrence: 0</pre><div class="alert alert-secondary"><pre class="diff">--- mutation diff ---
--- alinkedList4.py
+++ blinkedList4.py
@@ -61,7 +61,7 @@
         """Return the node containing val."""
         curr = self.head
         while curr:
-            if curr.data == val:
+            if curr.data &lt; val:
                 return curr
             curr = curr.next
 </pre></div><div class="alert alert-secondary"><pre class="diff">============================= test session starts ==============================
platform linux -- Python 3.10.12, pytest-7.1.3, pluggy-1.0.0
rootdir: /home/lucca/desktop/ic/experimento/testes/python_experiments/linkedList4/ALL-SMART-GPT-COSMICRAY
plugins: Faker-15.1.1, hypothesis-6.56.3
collected 61 items

test_linkedList4_COSMICRAY.py .F...                                      [  8%]
test_linkedList4_DYNAMOSA.py F........F....                              [ 31%]
test_linkedList4_MIO.py .....FF...........                               [ 60%]
test_linkedList4_MOSA.py .....F....F..F..                                [ 86%]
test_linkedList4_WHOLE_SUITE.py ....FF..                                 [100%]

=========================== short test summary info ============================
FAILED test_linkedList4_COSMICRAY.py::test_remove_head - assert &lt;linkedList4....
FAILED test_linkedList4_DYNAMOSA.py::test_case_0 - TypeError: '&lt;' not support...
FAILED test_linkedList4_DYNAMOSA.py::test_case_9 - AssertionError: assert 'bu...
FAILED test_linkedList4_MIO.py::test_case_5 - TypeError: '&lt;' not supported be...
FAILED test_linkedList4_MIO.py::test_case_6 - TypeError: '&lt;' not supported be...
FAILED test_linkedList4_MOSA.py::test_case_5 - AssertionError: assert 'builti...
FAILED test_linkedList4_MOSA.py::test_case_10 - TypeError: '&lt;' not supported ...
FAILED test_linkedList4_MOSA.py::test_case_13 - TypeError: '&lt;' not supported ...
FAILED test_linkedList4_WHOLE_SUITE.py::test_case_4 - TypeError: '&lt;' not supp...
FAILED test_linkedList4_WHOLE_SUITE.py::test_case_5 - TypeError: '&lt;' not supp...
======================== 10 failed, 51 passed in 0.20s =========================
</pre></div></div></div></div></div><div class="mb-1" id="job_list___sub_accordion_27"><div class="card"><a data-toggle="collapse" data-target="#job_list___sub_collapse_27_1" aria-expanded="false" aria-controls="job_list___sub_collapse_27_1" href="#" class="job_list___sub_multi_heading"><div role="alert" class="card-header alert-success" id="job_list___sub_heading_27_1"><button class="btn btn-outline-success"><span class="job_id">27 : Job ID 45c91a7318c14447b955b2ef384dbfda</span></button></div></a><div aria-labelledby="job_list___sub_heading_27_1" data-parent="#job_list___sub_accordion_27" class="collapse job_list___sub_multi_collapse" id="job_list___sub_collapse_27_1"><div class="card-body"><div class="work-item"><div class="alert alert-success test-outcome" role="alert"><p>worker outcome: normal</p><p>test outcome: killed</p></div></div><pre class="location"><a href="pycharm://open?file=linkedList4.py&amp;line=71" class="text-secondary"><button class="btn btn-outline-dark">linkedList4.py, start pos: (71, 24), end pos: (71, 26)</button></a></pre><pre>operator: core/ReplaceComparisonOperator_Eq_Lt, occurrence: 1</pre><div class="alert alert-secondary"><pre class="diff">--- mutation diff ---
--- alinkedList4.py
+++ blinkedList4.py
@@ -68,7 +68,7 @@
     def remove(self, val):
         """Remove node from list if exists."""
         curr = self.head
-        if curr and val == self.head.data: # Manually adjusted line (from is to ==)
+        if curr and val &lt; self.head.data: # Manually adjusted line (from is to ==)
             self.head = self.head.next
             self._length -= 1
         while curr:</pre></div><div class="alert alert-secondary"><pre class="diff">============================= test session starts ==============================
platform linux -- Python 3.10.12, pytest-7.1.3, pluggy-1.0.0
rootdir: /home/lucca/desktop/ic/experimento/testes/python_experiments/linkedList4/ALL-SMART-GPT-COSMICRAY
plugins: Faker-15.1.1, hypothesis-6.56.3
collected 61 items

test_linkedList4_COSMICRAY.py FFF..                                      [  8%]
test_linkedList4_DYNAMOSA.py ..........FFFF                              [ 31%]
test_linkedList4_MIO.py ..........FF.F....                               [ 60%]
test_linkedList4_MOSA.py ...........FF.FF                                [ 86%]
test_linkedList4_WHOLE_SUITE.py ..F.FF..                                 [100%]

=========================== short test summary info ============================
FAILED test_linkedList4_COSMICRAY.py::test_remove - assert 1 == 2
FAILED test_linkedList4_COSMICRAY.py::test_remove_head - assert 3 == 2
FAILED test_linkedList4_COSMICRAY.py::test_x - assert 3 == 2
FAILED test_linkedList4_DYNAMOSA.py::test_case_10 - TypeError: '&lt;' not suppor...
FAILED test_linkedList4_DYNAMOSA.py::test_case_11 - TypeError: '&lt;' not suppor...
FAILED test_linkedList4_DYNAMOSA.py::test_case_12 - TypeError: '&lt;' not suppor...
FAILED test_linkedList4_DYNAMOSA.py::test_case_13 - TypeError: '&lt;' not suppor...
FAILED test_linkedList4_MIO.py::test_case_10 - TypeError: '&lt;' not supported b...
FAILED test_linkedList4_MIO.py::test_case_11 - TypeError: '&lt;' not supported b...
FAILED test_linkedList4_MIO.py::test_case_13 - TypeError: '&lt;' not supported b...
FAILED test_linkedList4_MOSA.py::test_case_11 - TypeError: '&lt;' not supported ...
FAILED test_linkedList4_MOSA.py::test_case_12 - TypeError: '&lt;' not supported ...
FAILED test_linkedList4_MOSA.py::test_case_14 - TypeError: '&lt;' not supported ...
FAILED test_linkedList4_MOSA.py::test_case_15 - TypeError: '&lt;' not supported ...
FAILED test_linkedList4_WHOLE_SUITE.py::test_case_2 - TypeError: '&lt;' not supp...
FAILED test_linkedList4_WHOLE_SUITE.py::test_case_4 - TypeError: '&lt;' not supp...
FAILED test_linkedList4_WHOLE_SUITE.py::test_case_5 - TypeError: '&lt;' not supp...
======================== 17 failed, 44 passed in 0.20s =========================
</pre></div></div></div></div></div><div class="mb-1" id="job_list___sub_accordion_28"><div class="card"><a data-toggle="collapse" data-target="#job_list___sub_collapse_28_1" aria-expanded="false" aria-controls="job_list___sub_collapse_28_1" href="#" class="job_list___sub_multi_heading"><div role="alert" class="card-header alert-success" id="job_list___sub_heading_28_1"><button class="btn btn-outline-success"><span class="job_id">28 : Job ID 8412bc5f636f48ea9ab5948f823a9446</span></button></div></a><div aria-labelledby="job_list___sub_heading_28_1" data-parent="#job_list___sub_accordion_28" class="collapse job_list___sub_multi_collapse" id="job_list___sub_collapse_28_1"><div class="card-body"><div class="work-item"><div class="alert alert-success test-outcome" role="alert"><p>worker outcome: normal</p><p>test outcome: killed</p></div></div><pre class="location"><a href="pycharm://open?file=linkedList4.py&amp;line=75" class="text-secondary"><button class="btn btn-outline-dark">linkedList4.py, start pos: (75, 45), end pos: (75, 47)</button></a></pre><pre>operator: core/ReplaceComparisonOperator_Eq_Lt, occurrence: 2</pre><div class="alert alert-secondary"><pre class="diff">--- mutation diff ---
--- alinkedList4.py
+++ blinkedList4.py
@@ -72,7 +72,7 @@
             self.head = self.head.next
             self._length -= 1
         while curr:
-            if (curr.next and curr.next.data == val):
+            if (curr.next and curr.next.data &lt; val):
                 curr.next = curr.next.next
                 self._length -= 1
             curr = curr.next</pre></div><div class="alert alert-secondary"><pre class="diff">============================= test session starts ==============================
platform linux -- Python 3.10.12, pytest-7.1.3, pluggy-1.0.0
rootdir: /home/lucca/desktop/ic/experimento/testes/python_experiments/linkedList4/ALL-SMART-GPT-COSMICRAY
plugins: Faker-15.1.1, hypothesis-6.56.3
collected 61 items

test_linkedList4_COSMICRAY.py FFF..                                      [  8%]
test_linkedList4_DYNAMOSA.py ...........F.F                              [ 31%]
test_linkedList4_MIO.py .............F....                               [ 60%]
test_linkedList4_MOSA.py ...........F.F.F                                [ 86%]
test_linkedList4_WHOLE_SUITE.py .....F..                                 [100%]

=========================== short test summary info ============================
FAILED test_linkedList4_COSMICRAY.py::test_remove - assert 3 == 2
FAILED test_linkedList4_COSMICRAY.py::test_remove_head - assert 1 == 2
FAILED test_linkedList4_COSMICRAY.py::test_x - assert 1 == 2
FAILED test_linkedList4_DYNAMOSA.py::test_case_11 - TypeError: '&lt;' not suppor...
FAILED test_linkedList4_DYNAMOSA.py::test_case_13 - TypeError: '&lt;' not suppor...
FAILED test_linkedList4_MIO.py::test_case_13 - TypeError: '&lt;' not supported b...
FAILED test_linkedList4_MOSA.py::test_case_11 - TypeError: '&lt;' not supported ...
FAILED test_linkedList4_MOSA.py::test_case_13 - assert 3 == 6
FAILED test_linkedList4_MOSA.py::test_case_15 - TypeError: '&lt;' not supported ...
FAILED test_linkedList4_WHOLE_SUITE.py::test_case_5 - TypeError: '&lt;' not supp...
======================== 10 failed, 51 passed in 0.21s =========================
</pre></div></div></div></div></div><div class="mb-1" id="job_list___sub_accordion_29"><div class="card"><a data-toggle="collapse" data-target="#job_list___sub_collapse_29_1" aria-expanded="false" aria-controls="job_list___sub_collapse_29_1" href="#" class="job_list___sub_multi_heading"><div role="alert" class="card-header alert-success" id="job_list___sub_heading_29_1"><button class="btn btn-outline-success"><span class="job_id">29 : Job ID 87e5dd5e74844d70bded5fdcccd299ff</span></button></div></a><div aria-labelledby="job_list___sub_heading_29_1" data-parent="#job_list___sub_accordion_29" class="collapse job_list___sub_multi_collapse" id="job_list___sub_collapse_29_1"><div class="card-body"><div class="work-item"><div class="alert alert-success test-outcome" role="alert"><p>worker outcome: normal</p><p>test outcome: killed</p></div></div><pre class="location"><a href="pycharm://open?file=linkedList4.py&amp;line=64" class="text-secondary"><button class="btn btn-outline-dark">linkedList4.py, start pos: (64, 25), end pos: (64, 27)</button></a></pre><pre>operator: core/ReplaceComparisonOperator_Eq_LtE, occurrence: 0</pre><div class="alert alert-secondary"><pre class="diff">--- mutation diff ---
--- alinkedList4.py
+++ blinkedList4.py
@@ -61,7 +61,7 @@
         """Return the node containing val."""
         curr = self.head
         while curr:
-            if curr.data == val:
+            if curr.data &lt;= val:
                 return curr
             curr = curr.next
 </pre></div><div class="alert alert-secondary"><pre class="diff">============================= test session starts ==============================
platform linux -- Python 3.10.12, pytest-7.1.3, pluggy-1.0.0
rootdir: /home/lucca/desktop/ic/experimento/testes/python_experiments/linkedList4/ALL-SMART-GPT-COSMICRAY
plugins: Faker-15.1.1, hypothesis-6.56.3
collected 61 items

test_linkedList4_COSMICRAY.py .F...                                      [  8%]
test_linkedList4_DYNAMOSA.py F.............                              [ 31%]
test_linkedList4_MIO.py .....FF...........                               [ 60%]
test_linkedList4_MOSA.py ..........F..F..                                [ 86%]
test_linkedList4_WHOLE_SUITE.py ....FF..                                 [100%]

=========================== short test summary info ============================
FAILED test_linkedList4_COSMICRAY.py::test_remove_head - assert &lt;linkedList4....
FAILED test_linkedList4_DYNAMOSA.py::test_case_0 - TypeError: '&lt;=' not suppor...
FAILED test_linkedList4_MIO.py::test_case_5 - TypeError: '&lt;=' not supported b...
FAILED test_linkedList4_MIO.py::test_case_6 - TypeError: '&lt;=' not supported b...
FAILED test_linkedList4_MOSA.py::test_case_10 - TypeError: '&lt;=' not supported...
FAILED test_linkedList4_MOSA.py::test_case_13 - TypeError: '&lt;=' not supported...
FAILED test_linkedList4_WHOLE_SUITE.py::test_case_4 - TypeError: '&lt;=' not sup...
FAILED test_linkedList4_WHOLE_SUITE.py::test_case_5 - TypeError: '&lt;=' not sup...
========================= 8 failed, 53 passed in 0.20s =========================
</pre></div></div></div></div></div><div class="mb-1" id="job_list___sub_accordion_30"><div class="card"><a data-toggle="collapse" data-target="#job_list___sub_collapse_30_1" aria-expanded="false" aria-controls="job_list___sub_collapse_30_1" href="#" class="job_list___sub_multi_heading"><div role="alert" class="card-header alert-success" id="job_list___sub_heading_30_1"><button class="btn btn-outline-success"><span class="job_id">30 : Job ID 2a0b153aaea04671908191ae50f1e01f</span></button></div></a><div aria-labelledby="job_list___sub_heading_30_1" data-parent="#job_list___sub_accordion_30" class="collapse job_list___sub_multi_collapse" id="job_list___sub_collapse_30_1"><div class="card-body"><div class="work-item"><div class="alert alert-success test-outcome" role="alert"><p>worker outcome: normal</p><p>test outcome: killed</p></div></div><pre class="location"><a href="pycharm://open?file=linkedList4.py&amp;line=71" class="text-secondary"><button class="btn btn-outline-dark">linkedList4.py, start pos: (71, 24), end pos: (71, 26)</button></a></pre><pre>operator: core/ReplaceComparisonOperator_Eq_LtE, occurrence: 1</pre><div class="alert alert-secondary"><pre class="diff">--- mutation diff ---
--- alinkedList4.py
+++ blinkedList4.py
@@ -68,7 +68,7 @@
     def remove(self, val):
         """Remove node from list if exists."""
         curr = self.head
-        if curr and val == self.head.data: # Manually adjusted line (from is to ==)
+        if curr and val &lt;= self.head.data: # Manually adjusted line (from is to ==)
             self.head = self.head.next
             self._length -= 1
         while curr:</pre></div><div class="alert alert-secondary"><pre class="diff">============================= test session starts ==============================
platform linux -- Python 3.10.12, pytest-7.1.3, pluggy-1.0.0
rootdir: /home/lucca/desktop/ic/experimento/testes/python_experiments/linkedList4/ALL-SMART-GPT-COSMICRAY
plugins: Faker-15.1.1, hypothesis-6.56.3
collected 61 items

test_linkedList4_COSMICRAY.py F....                                      [  8%]
test_linkedList4_DYNAMOSA.py ..........FFFF                              [ 31%]
test_linkedList4_MIO.py ..........FF.F....                               [ 60%]
test_linkedList4_MOSA.py ...........FF.FF                                [ 86%]
test_linkedList4_WHOLE_SUITE.py ..F.FF..                                 [100%]

=========================== short test summary info ============================
FAILED test_linkedList4_COSMICRAY.py::test_remove - assert 1 == 2
FAILED test_linkedList4_DYNAMOSA.py::test_case_10 - TypeError: '&lt;=' not suppo...
FAILED test_linkedList4_DYNAMOSA.py::test_case_11 - TypeError: '&lt;=' not suppo...
FAILED test_linkedList4_DYNAMOSA.py::test_case_12 - TypeError: '&lt;=' not suppo...
FAILED test_linkedList4_DYNAMOSA.py::test_case_13 - TypeError: '&lt;=' not suppo...
FAILED test_linkedList4_MIO.py::test_case_10 - TypeError: '&lt;=' not supported ...
FAILED test_linkedList4_MIO.py::test_case_11 - TypeError: '&lt;=' not supported ...
FAILED test_linkedList4_MIO.py::test_case_13 - TypeError: '&lt;=' not supported ...
FAILED test_linkedList4_MOSA.py::test_case_11 - TypeError: '&lt;=' not supported...
FAILED test_linkedList4_MOSA.py::test_case_12 - TypeError: '&lt;=' not supported...
FAILED test_linkedList4_MOSA.py::test_case_14 - TypeError: '&lt;=' not supported...
FAILED test_linkedList4_MOSA.py::test_case_15 - TypeError: '&lt;=' not supported...
FAILED test_linkedList4_WHOLE_SUITE.py::test_case_2 - TypeError: '&lt;=' not sup...
FAILED test_linkedList4_WHOLE_SUITE.py::test_case_4 - TypeError: '&lt;=' not sup...
FAILED test_linkedList4_WHOLE_SUITE.py::test_case_5 - TypeError: '&lt;=' not sup...
======================== 15 failed, 46 passed in 0.20s =========================
</pre></div></div></div></div></div><div class="mb-1" id="job_list___sub_accordion_31"><div class="card"><a data-toggle="collapse" data-target="#job_list___sub_collapse_31_1" aria-expanded="false" aria-controls="job_list___sub_collapse_31_1" href="#" class="job_list___sub_multi_heading"><div role="alert" class="card-header alert-success" id="job_list___sub_heading_31_1"><button class="btn btn-outline-success"><span class="job_id">31 : Job ID 5be05b0c48c048a1835c1474bb50c9a2</span></button></div></a><div aria-labelledby="job_list___sub_heading_31_1" data-parent="#job_list___sub_accordion_31" class="collapse job_list___sub_multi_collapse" id="job_list___sub_collapse_31_1"><div class="card-body"><div class="work-item"><div class="alert alert-success test-outcome" role="alert"><p>worker outcome: normal</p><p>test outcome: killed</p></div></div><pre class="location"><a href="pycharm://open?file=linkedList4.py&amp;line=75" class="text-secondary"><button class="btn btn-outline-dark">linkedList4.py, start pos: (75, 45), end pos: (75, 47)</button></a></pre><pre>operator: core/ReplaceComparisonOperator_Eq_LtE, occurrence: 2</pre><div class="alert alert-secondary"><pre class="diff">--- mutation diff ---
--- alinkedList4.py
+++ blinkedList4.py
@@ -72,7 +72,7 @@
             self.head = self.head.next
             self._length -= 1
         while curr:
-            if (curr.next and curr.next.data == val):
+            if (curr.next and curr.next.data &lt;= val):
                 curr.next = curr.next.next
                 self._length -= 1
             curr = curr.next</pre></div><div class="alert alert-secondary"><pre class="diff">============================= test session starts ==============================
platform linux -- Python 3.10.12, pytest-7.1.3, pluggy-1.0.0
rootdir: /home/lucca/desktop/ic/experimento/testes/python_experiments/linkedList4/ALL-SMART-GPT-COSMICRAY
plugins: Faker-15.1.1, hypothesis-6.56.3
collected 61 items

test_linkedList4_COSMICRAY.py .FF..                                      [  8%]
test_linkedList4_DYNAMOSA.py ...........F.F                              [ 31%]
test_linkedList4_MIO.py .............F....                               [ 60%]
test_linkedList4_MOSA.py ...........F.F.F                                [ 86%]
test_linkedList4_WHOLE_SUITE.py .....F..                                 [100%]

=========================== short test summary info ============================
FAILED test_linkedList4_COSMICRAY.py::test_remove_head - assert 1 == 2
FAILED test_linkedList4_COSMICRAY.py::test_x - assert 1 == 2
FAILED test_linkedList4_DYNAMOSA.py::test_case_11 - TypeError: '&lt;=' not suppo...
FAILED test_linkedList4_DYNAMOSA.py::test_case_13 - TypeError: '&lt;=' not suppo...
FAILED test_linkedList4_MIO.py::test_case_13 - TypeError: '&lt;=' not supported ...
FAILED test_linkedList4_MOSA.py::test_case_11 - TypeError: '&lt;=' not supported...
FAILED test_linkedList4_MOSA.py::test_case_13 - assert 3 == 6
FAILED test_linkedList4_MOSA.py::test_case_15 - TypeError: '&lt;=' not supported...
FAILED test_linkedList4_WHOLE_SUITE.py::test_case_5 - TypeError: '&lt;=' not sup...
========================= 9 failed, 52 passed in 0.20s =========================
</pre></div></div></div></div></div><div class="mb-1" id="job_list___sub_accordion_32"><div class="card"><a data-toggle="collapse" data-target="#job_list___sub_collapse_32_1" aria-expanded="false" aria-controls="job_list___sub_collapse_32_1" href="#" class="job_list___sub_multi_heading"><div role="alert" class="card-header alert-success" id="job_list___sub_heading_32_1"><button class="btn btn-outline-success"><span class="job_id">32 : Job ID d7eb59e0dbcc4b89b19b148ad806fac5</span></button></div></a><div aria-labelledby="job_list___sub_heading_32_1" data-parent="#job_list___sub_accordion_32" class="collapse job_list___sub_multi_collapse" id="job_list___sub_collapse_32_1"><div class="card-body"><div class="work-item"><div class="alert alert-success test-outcome" role="alert"><p>worker outcome: normal</p><p>test outcome: killed</p></div></div><pre class="location"><a href="pycharm://open?file=linkedList4.py&amp;line=64" class="text-secondary"><button class="btn btn-outline-dark">linkedList4.py, start pos: (64, 25), end pos: (64, 27)</button></a></pre><pre>operator: core/ReplaceComparisonOperator_Eq_Gt, occurrence: 0</pre><div class="alert alert-secondary"><pre class="diff">--- mutation diff ---
--- alinkedList4.py
+++ blinkedList4.py
@@ -61,7 +61,7 @@
         """Return the node containing val."""
         curr = self.head
         while curr:
-            if curr.data == val:
+            if curr.data &gt; val:
                 return curr
             curr = curr.next
 </pre></div><div class="alert alert-secondary"><pre class="diff">============================= test session starts ==============================
platform linux -- Python 3.10.12, pytest-7.1.3, pluggy-1.0.0
rootdir: /home/lucca/desktop/ic/experimento/testes/python_experiments/linkedList4/ALL-SMART-GPT-COSMICRAY
plugins: Faker-15.1.1, hypothesis-6.56.3
collected 61 items

test_linkedList4_COSMICRAY.py F...F                                      [  8%]
test_linkedList4_DYNAMOSA.py F........F....                              [ 31%]
test_linkedList4_MIO.py .....FF...........                               [ 60%]
test_linkedList4_MOSA.py .....F....F..F..                                [ 86%]
test_linkedList4_WHOLE_SUITE.py ....FF..                                 [100%]

=========================== short test summary info ============================
FAILED test_linkedList4_COSMICRAY.py::test_remove - assert &lt;linkedList4.Node ...
FAILED test_linkedList4_COSMICRAY.py::test_remove_search_is - AssertionError:...
FAILED test_linkedList4_DYNAMOSA.py::test_case_0 - TypeError: '&gt;' not support...
FAILED test_linkedList4_DYNAMOSA.py::test_case_9 - AssertionError: assert 'bu...
FAILED test_linkedList4_MIO.py::test_case_5 - TypeError: '&gt;' not supported be...
FAILED test_linkedList4_MIO.py::test_case_6 - TypeError: '&gt;' not supported be...
FAILED test_linkedList4_MOSA.py::test_case_5 - AssertionError: assert 'builti...
FAILED test_linkedList4_MOSA.py::test_case_10 - TypeError: '&gt;' not supported ...
FAILED test_linkedList4_MOSA.py::test_case_13 - TypeError: '&gt;' not supported ...
FAILED test_linkedList4_WHOLE_SUITE.py::test_case_4 - TypeError: '&gt;' not supp...
FAILED test_linkedList4_WHOLE_SUITE.py::test_case_5 - TypeError: '&gt;' not supp...
======================== 11 failed, 50 passed in 0.20s =========================
</pre></div></div></div></div></div><div class="mb-1" id="job_list___sub_accordion_33"><div class="card"><a data-toggle="collapse" data-target="#job_list___sub_collapse_33_1" aria-expanded="false" aria-controls="job_list___sub_collapse_33_1" href="#" class="job_list___sub_multi_heading"><div role="alert" class="card-header alert-success" id="job_list___sub_heading_33_1"><button class="btn btn-outline-success"><span class="job_id">33 : Job ID 4fa1224fa81a472ca04c7c8de8cd2c3b</span></button></div></a><div aria-labelledby="job_list___sub_heading_33_1" data-parent="#job_list___sub_accordion_33" class="collapse job_list___sub_multi_collapse" id="job_list___sub_collapse_33_1"><div class="card-body"><div class="work-item"><div class="alert alert-success test-outcome" role="alert"><p>worker outcome: normal</p><p>test outcome: killed</p></div></div><pre class="location"><a href="pycharm://open?file=linkedList4.py&amp;line=71" class="text-secondary"><button class="btn btn-outline-dark">linkedList4.py, start pos: (71, 24), end pos: (71, 26)</button></a></pre><pre>operator: core/ReplaceComparisonOperator_Eq_Gt, occurrence: 1</pre><div class="alert alert-secondary"><pre class="diff">--- mutation diff ---
--- alinkedList4.py
+++ blinkedList4.py
@@ -68,7 +68,7 @@
     def remove(self, val):
         """Remove node from list if exists."""
         curr = self.head
-        if curr and val == self.head.data: # Manually adjusted line (from is to ==)
+        if curr and val &gt; self.head.data: # Manually adjusted line (from is to ==)
             self.head = self.head.next
             self._length -= 1
         while curr:</pre></div><div class="alert alert-secondary"><pre class="diff">============================= test session starts ==============================
platform linux -- Python 3.10.12, pytest-7.1.3, pluggy-1.0.0
rootdir: /home/lucca/desktop/ic/experimento/testes/python_experiments/linkedList4/ALL-SMART-GPT-COSMICRAY
plugins: Faker-15.1.1, hypothesis-6.56.3
collected 61 items

test_linkedList4_COSMICRAY.py .FFF.                                      [  8%]
test_linkedList4_DYNAMOSA.py ..........FFFF                              [ 31%]
test_linkedList4_MIO.py ..........FF.F....                               [ 60%]
test_linkedList4_MOSA.py ...........FFFFF                                [ 86%]
test_linkedList4_WHOLE_SUITE.py ..F.FF..                                 [100%]

=========================== short test summary info ============================
FAILED test_linkedList4_COSMICRAY.py::test_remove_head - assert 3 == 2
FAILED test_linkedList4_COSMICRAY.py::test_x - assert 3 == 2
FAILED test_linkedList4_COSMICRAY.py::test_y - assert 1 == 2
FAILED test_linkedList4_DYNAMOSA.py::test_case_10 - TypeError: '&gt;' not suppor...
FAILED test_linkedList4_DYNAMOSA.py::test_case_11 - TypeError: '&gt;' not suppor...
FAILED test_linkedList4_DYNAMOSA.py::test_case_12 - TypeError: '&gt;' not suppor...
FAILED test_linkedList4_DYNAMOSA.py::test_case_13 - TypeError: '&gt;' not suppor...
FAILED test_linkedList4_MIO.py::test_case_10 - TypeError: '&gt;' not supported b...
FAILED test_linkedList4_MIO.py::test_case_11 - TypeError: '&gt;' not supported b...
FAILED test_linkedList4_MIO.py::test_case_13 - TypeError: '&gt;' not supported b...
FAILED test_linkedList4_MOSA.py::test_case_11 - TypeError: '&gt;' not supported ...
FAILED test_linkedList4_MOSA.py::test_case_12 - TypeError: '&gt;' not supported ...
FAILED test_linkedList4_MOSA.py::test_case_13 - assert 5 == 6
FAILED test_linkedList4_MOSA.py::test_case_14 - TypeError: '&gt;' not supported ...
FAILED test_linkedList4_MOSA.py::test_case_15 - TypeError: '&gt;' not supported ...
FAILED test_linkedList4_WHOLE_SUITE.py::test_case_2 - TypeError: '&gt;' not supp...
FAILED test_linkedList4_WHOLE_SUITE.py::test_case_4 - TypeError: '&gt;' not supp...
FAILED test_linkedList4_WHOLE_SUITE.py::test_case_5 - TypeError: '&gt;' not supp...
======================== 18 failed, 43 passed in 0.20s =========================
</pre></div></div></div></div></div><div class="mb-1" id="job_list___sub_accordion_34"><div class="card"><a data-toggle="collapse" data-target="#job_list___sub_collapse_34_1" aria-expanded="false" aria-controls="job_list___sub_collapse_34_1" href="#" class="job_list___sub_multi_heading"><div role="alert" class="card-header alert-success" id="job_list___sub_heading_34_1"><button class="btn btn-outline-success"><span class="job_id">34 : Job ID a75012529aa541b1ac116ad3b250deff</span></button></div></a><div aria-labelledby="job_list___sub_heading_34_1" data-parent="#job_list___sub_accordion_34" class="collapse job_list___sub_multi_collapse" id="job_list___sub_collapse_34_1"><div class="card-body"><div class="work-item"><div class="alert alert-success test-outcome" role="alert"><p>worker outcome: normal</p><p>test outcome: killed</p></div></div><pre class="location"><a href="pycharm://open?file=linkedList4.py&amp;line=75" class="text-secondary"><button class="btn btn-outline-dark">linkedList4.py, start pos: (75, 45), end pos: (75, 47)</button></a></pre><pre>operator: core/ReplaceComparisonOperator_Eq_Gt, occurrence: 2</pre><div class="alert alert-secondary"><pre class="diff">--- mutation diff ---
--- alinkedList4.py
+++ blinkedList4.py
@@ -72,7 +72,7 @@
             self.head = self.head.next
             self._length -= 1
         while curr:
-            if (curr.next and curr.next.data == val):
+            if (curr.next and curr.next.data &gt; val):
                 curr.next = curr.next.next
                 self._length -= 1
             curr = curr.next</pre></div><div class="alert alert-secondary"><pre class="diff">============================= test session starts ==============================
platform linux -- Python 3.10.12, pytest-7.1.3, pluggy-1.0.0
rootdir: /home/lucca/desktop/ic/experimento/testes/python_experiments/linkedList4/ALL-SMART-GPT-COSMICRAY
plugins: Faker-15.1.1, hypothesis-6.56.3
collected 61 items

test_linkedList4_COSMICRAY.py F.FF.                                      [  8%]
test_linkedList4_DYNAMOSA.py ...........F.F                              [ 31%]
test_linkedList4_MIO.py .............F....                               [ 60%]
test_linkedList4_MOSA.py ...........F...F                                [ 86%]
test_linkedList4_WHOLE_SUITE.py .....F..                                 [100%]

=========================== short test summary info ============================
FAILED test_linkedList4_COSMICRAY.py::test_remove - assert &lt;linkedList4.Node ...
FAILED test_linkedList4_COSMICRAY.py::test_x - assert 1 == 2
FAILED test_linkedList4_COSMICRAY.py::test_y - assert 3 == 2
FAILED test_linkedList4_DYNAMOSA.py::test_case_11 - TypeError: '&gt;' not suppor...
FAILED test_linkedList4_DYNAMOSA.py::test_case_13 - TypeError: '&gt;' not suppor...
FAILED test_linkedList4_MIO.py::test_case_13 - TypeError: '&gt;' not supported b...
FAILED test_linkedList4_MOSA.py::test_case_11 - TypeError: '&gt;' not supported ...
FAILED test_linkedList4_MOSA.py::test_case_15 - TypeError: '&gt;' not supported ...
FAILED test_linkedList4_WHOLE_SUITE.py::test_case_5 - TypeError: '&gt;' not supp...
========================= 9 failed, 52 passed in 0.20s =========================
</pre></div></div></div></div></div><div class="mb-1" id="job_list___sub_accordion_35"><div class="card"><a data-toggle="collapse" data-target="#job_list___sub_collapse_35_1" aria-expanded="false" aria-controls="job_list___sub_collapse_35_1" href="#" class="job_list___sub_multi_heading"><div role="alert" class="card-header alert-success" id="job_list___sub_heading_35_1"><button class="btn btn-outline-success"><span class="job_id">35 : Job ID 76fad3fe4db541d09a2c3dd7fc75dfc0</span></button></div></a><div aria-labelledby="job_list___sub_heading_35_1" data-parent="#job_list___sub_accordion_35" class="collapse job_list___sub_multi_collapse" id="job_list___sub_collapse_35_1"><div class="card-body"><div class="work-item"><div class="alert alert-success test-outcome" role="alert"><p>worker outcome: normal</p><p>test outcome: killed</p></div></div><pre class="location"><a href="pycharm://open?file=linkedList4.py&amp;line=64" class="text-secondary"><button class="btn btn-outline-dark">linkedList4.py, start pos: (64, 25), end pos: (64, 27)</button></a></pre><pre>operator: core/ReplaceComparisonOperator_Eq_GtE, occurrence: 0</pre><div class="alert alert-secondary"><pre class="diff">--- mutation diff ---
--- alinkedList4.py
+++ blinkedList4.py
@@ -61,7 +61,7 @@
         """Return the node containing val."""
         curr = self.head
         while curr:
-            if curr.data == val:
+            if curr.data &gt;= val:
                 return curr
             curr = curr.next
 </pre></div><div class="alert alert-secondary"><pre class="diff">============================= test session starts ==============================
platform linux -- Python 3.10.12, pytest-7.1.3, pluggy-1.0.0
rootdir: /home/lucca/desktop/ic/experimento/testes/python_experiments/linkedList4/ALL-SMART-GPT-COSMICRAY
plugins: Faker-15.1.1, hypothesis-6.56.3
collected 61 items

test_linkedList4_COSMICRAY.py F....                                      [  8%]
test_linkedList4_DYNAMOSA.py F.............                              [ 31%]
test_linkedList4_MIO.py .....FF...........                               [ 60%]
test_linkedList4_MOSA.py ..........F..F..                                [ 86%]
test_linkedList4_WHOLE_SUITE.py ....FF..                                 [100%]

=========================== short test summary info ============================
FAILED test_linkedList4_COSMICRAY.py::test_remove - assert &lt;linkedList4.Node ...
FAILED test_linkedList4_DYNAMOSA.py::test_case_0 - TypeError: '&gt;=' not suppor...
FAILED test_linkedList4_MIO.py::test_case_5 - TypeError: '&gt;=' not supported b...
FAILED test_linkedList4_MIO.py::test_case_6 - TypeError: '&gt;=' not supported b...
FAILED test_linkedList4_MOSA.py::test_case_10 - TypeError: '&gt;=' not supported...
FAILED test_linkedList4_MOSA.py::test_case_13 - TypeError: '&gt;=' not supported...
FAILED test_linkedList4_WHOLE_SUITE.py::test_case_4 - TypeError: '&gt;=' not sup...
FAILED test_linkedList4_WHOLE_SUITE.py::test_case_5 - TypeError: '&gt;=' not sup...
========================= 8 failed, 53 passed in 0.20s =========================
</pre></div></div></div></div></div><div class="mb-1" id="job_list___sub_accordion_36"><div class="card"><a data-toggle="collapse" data-target="#job_list___sub_collapse_36_1" aria-expanded="false" aria-controls="job_list___sub_collapse_36_1" href="#" class="job_list___sub_multi_heading"><div role="alert" class="card-header alert-success" id="job_list___sub_heading_36_1"><button class="btn btn-outline-success"><span class="job_id">36 : Job ID b645aae1d8fb43e985a975eb3a2a2320</span></button></div></a><div aria-labelledby="job_list___sub_heading_36_1" data-parent="#job_list___sub_accordion_36" class="collapse job_list___sub_multi_collapse" id="job_list___sub_collapse_36_1"><div class="card-body"><div class="work-item"><div class="alert alert-success test-outcome" role="alert"><p>worker outcome: normal</p><p>test outcome: killed</p></div></div><pre class="location"><a href="pycharm://open?file=linkedList4.py&amp;line=71" class="text-secondary"><button class="btn btn-outline-dark">linkedList4.py, start pos: (71, 24), end pos: (71, 26)</button></a></pre><pre>operator: core/ReplaceComparisonOperator_Eq_GtE, occurrence: 1</pre><div class="alert alert-secondary"><pre class="diff">--- mutation diff ---
--- alinkedList4.py
+++ blinkedList4.py
@@ -68,7 +68,7 @@
     def remove(self, val):
         """Remove node from list if exists."""
         curr = self.head
-        if curr and val == self.head.data: # Manually adjusted line (from is to ==)
+        if curr and val &gt;= self.head.data: # Manually adjusted line (from is to ==)
             self.head = self.head.next
             self._length -= 1
         while curr:</pre></div><div class="alert alert-secondary"><pre class="diff">============================= test session starts ==============================
platform linux -- Python 3.10.12, pytest-7.1.3, pluggy-1.0.0
rootdir: /home/lucca/desktop/ic/experimento/testes/python_experiments/linkedList4/ALL-SMART-GPT-COSMICRAY
plugins: Faker-15.1.1, hypothesis-6.56.3
collected 61 items

test_linkedList4_COSMICRAY.py ...F.                                      [  8%]
test_linkedList4_DYNAMOSA.py ..........FFFF                              [ 31%]
test_linkedList4_MIO.py ..........FF.F....                               [ 60%]
test_linkedList4_MOSA.py ...........FFFFF                                [ 86%]
test_linkedList4_WHOLE_SUITE.py ..F.FF..                                 [100%]

=========================== short test summary info ============================
FAILED test_linkedList4_COSMICRAY.py::test_y - assert 1 == 2
FAILED test_linkedList4_DYNAMOSA.py::test_case_10 - TypeError: '&gt;=' not suppo...
FAILED test_linkedList4_DYNAMOSA.py::test_case_11 - TypeError: '&gt;=' not suppo...
FAILED test_linkedList4_DYNAMOSA.py::test_case_12 - TypeError: '&gt;=' not suppo...
FAILED test_linkedList4_DYNAMOSA.py::test_case_13 - TypeError: '&gt;=' not suppo...
FAILED test_linkedList4_MIO.py::test_case_10 - TypeError: '&gt;=' not supported ...
FAILED test_linkedList4_MIO.py::test_case_11 - TypeError: '&gt;=' not supported ...
FAILED test_linkedList4_MIO.py::test_case_13 - TypeError: '&gt;=' not supported ...
FAILED test_linkedList4_MOSA.py::test_case_11 - TypeError: '&gt;=' not supported...
FAILED test_linkedList4_MOSA.py::test_case_12 - TypeError: '&gt;=' not supported...
FAILED test_linkedList4_MOSA.py::test_case_13 - assert 5 == 6
FAILED test_linkedList4_MOSA.py::test_case_14 - TypeError: '&gt;=' not supported...
FAILED test_linkedList4_MOSA.py::test_case_15 - TypeError: '&gt;=' not supported...
FAILED test_linkedList4_WHOLE_SUITE.py::test_case_2 - TypeError: '&gt;=' not sup...
FAILED test_linkedList4_WHOLE_SUITE.py::test_case_4 - TypeError: '&gt;=' not sup...
FAILED test_linkedList4_WHOLE_SUITE.py::test_case_5 - TypeError: '&gt;=' not sup...
======================== 16 failed, 45 passed in 0.22s =========================
</pre></div></div></div></div></div><div class="mb-1" id="job_list___sub_accordion_37"><div class="card"><a data-toggle="collapse" data-target="#job_list___sub_collapse_37_1" aria-expanded="false" aria-controls="job_list___sub_collapse_37_1" href="#" class="job_list___sub_multi_heading"><div role="alert" class="card-header alert-success" id="job_list___sub_heading_37_1"><button class="btn btn-outline-success"><span class="job_id">37 : Job ID 76e339d977454ec88a3b7fa7d7ff5031</span></button></div></a><div aria-labelledby="job_list___sub_heading_37_1" data-parent="#job_list___sub_accordion_37" class="collapse job_list___sub_multi_collapse" id="job_list___sub_collapse_37_1"><div class="card-body"><div class="work-item"><div class="alert alert-success test-outcome" role="alert"><p>worker outcome: normal</p><p>test outcome: killed</p></div></div><pre class="location"><a href="pycharm://open?file=linkedList4.py&amp;line=75" class="text-secondary"><button class="btn btn-outline-dark">linkedList4.py, start pos: (75, 45), end pos: (75, 47)</button></a></pre><pre>operator: core/ReplaceComparisonOperator_Eq_GtE, occurrence: 2</pre><div class="alert alert-secondary"><pre class="diff">--- mutation diff ---
--- alinkedList4.py
+++ blinkedList4.py
@@ -72,7 +72,7 @@
             self.head = self.head.next
             self._length -= 1
         while curr:
-            if (curr.next and curr.next.data == val):
+            if (curr.next and curr.next.data &gt;= val):
                 curr.next = curr.next.next
                 self._length -= 1
             curr = curr.next</pre></div><div class="alert alert-secondary"><pre class="diff">============================= test session starts ==============================
platform linux -- Python 3.10.12, pytest-7.1.3, pluggy-1.0.0
rootdir: /home/lucca/desktop/ic/experimento/testes/python_experiments/linkedList4/ALL-SMART-GPT-COSMICRAY
plugins: Faker-15.1.1, hypothesis-6.56.3
collected 61 items

test_linkedList4_COSMICRAY.py F.F..                                      [  8%]
test_linkedList4_DYNAMOSA.py ...........F.F                              [ 31%]
test_linkedList4_MIO.py .............F....                               [ 60%]
test_linkedList4_MOSA.py ...........F...F                                [ 86%]
test_linkedList4_WHOLE_SUITE.py .....F..                                 [100%]

=========================== short test summary info ============================
FAILED test_linkedList4_COSMICRAY.py::test_remove - assert &lt;linkedList4.Node ...
FAILED test_linkedList4_COSMICRAY.py::test_x - assert 1 == 2
FAILED test_linkedList4_DYNAMOSA.py::test_case_11 - TypeError: '&gt;=' not suppo...
FAILED test_linkedList4_DYNAMOSA.py::test_case_13 - TypeError: '&gt;=' not suppo...
FAILED test_linkedList4_MIO.py::test_case_13 - TypeError: '&gt;=' not supported ...
FAILED test_linkedList4_MOSA.py::test_case_11 - TypeError: '&gt;=' not supported...
FAILED test_linkedList4_MOSA.py::test_case_15 - TypeError: '&gt;=' not supported...
FAILED test_linkedList4_WHOLE_SUITE.py::test_case_5 - TypeError: '&gt;=' not sup...
========================= 8 failed, 53 passed in 0.20s =========================
</pre></div></div></div></div></div><div class="mb-1" id="job_list___sub_accordion_38"><div class="card"><a data-toggle="collapse" data-target="#job_list___sub_collapse_38_1" aria-expanded="false" aria-controls="job_list___sub_collapse_38_1" href="#" class="job_list___sub_multi_heading"><div role="alert" class="card-header alert-success" id="job_list___sub_heading_38_1"><button class="btn btn-outline-success"><span class="job_id">38 : Job ID f6d0f6d17dfa4e28b4c5c8a5549d1649</span></button></div></a><div aria-labelledby="job_list___sub_heading_38_1" data-parent="#job_list___sub_accordion_38" class="collapse job_list___sub_multi_collapse" id="job_list___sub_collapse_38_1"><div class="card-body"><div class="work-item"><div class="alert alert-success test-outcome" role="alert"><p>worker outcome: normal</p><p>test outcome: killed</p></div></div><pre class="location"><a href="pycharm://open?file=linkedList4.py&amp;line=64" class="text-secondary"><button class="btn btn-outline-dark">linkedList4.py, start pos: (64, 25), end pos: (64, 27)</button></a></pre><pre>operator: core/ReplaceComparisonOperator_Eq_Is, occurrence: 0</pre><div class="alert alert-secondary"><pre class="diff">--- mutation diff ---
--- alinkedList4.py
+++ blinkedList4.py
@@ -61,7 +61,7 @@
         """Return the node containing val."""
         curr = self.head
         while curr:
-            if curr.data == val:
+            if curr.data is val:
                 return curr
             curr = curr.next
 </pre></div><div class="alert alert-secondary"><pre class="diff">============================= test session starts ==============================
platform linux -- Python 3.10.12, pytest-7.1.3, pluggy-1.0.0
rootdir: /home/lucca/desktop/ic/experimento/testes/python_experiments/linkedList4/ALL-SMART-GPT-COSMICRAY
plugins: Faker-15.1.1, hypothesis-6.56.3
collected 61 items

test_linkedList4_COSMICRAY.py ....F                                      [  8%]
test_linkedList4_DYNAMOSA.py ..............                              [ 31%]
test_linkedList4_MIO.py ..................                               [ 60%]
test_linkedList4_MOSA.py ................                                [ 86%]
test_linkedList4_WHOLE_SUITE.py ........                                 [100%]

=========================== short test summary info ============================
FAILED test_linkedList4_COSMICRAY.py::test_remove_search_is - AssertionError:...
========================= 1 failed, 60 passed in 0.21s =========================
</pre></div></div></div></div></div><div class="mb-1" id="job_list___sub_accordion_39"><div class="card"><a data-toggle="collapse" data-target="#job_list___sub_collapse_39_1" aria-expanded="false" aria-controls="job_list___sub_collapse_39_1" href="#" class="job_list___sub_multi_heading"><div role="alert" class="card-header alert-success" id="job_list___sub_heading_39_1"><button class="btn btn-outline-success"><span class="job_id">39 : Job ID 33a9cc2e81d340718fc787ae2cc0a131</span></button></div></a><div aria-labelledby="job_list___sub_heading_39_1" data-parent="#job_list___sub_accordion_39" class="collapse job_list___sub_multi_collapse" id="job_list___sub_collapse_39_1"><div class="card-body"><div class="work-item"><div class="alert alert-success test-outcome" role="alert"><p>worker outcome: normal</p><p>test outcome: killed</p></div></div><pre class="location"><a href="pycharm://open?file=linkedList4.py&amp;line=71" class="text-secondary"><button class="btn btn-outline-dark">linkedList4.py, start pos: (71, 24), end pos: (71, 26)</button></a></pre><pre>operator: core/ReplaceComparisonOperator_Eq_Is, occurrence: 1</pre><div class="alert alert-secondary"><pre class="diff">--- mutation diff ---
--- alinkedList4.py
+++ blinkedList4.py
@@ -68,7 +68,7 @@
     def remove(self, val):
         """Remove node from list if exists."""
         curr = self.head
-        if curr and val == self.head.data: # Manually adjusted line (from is to ==)
+        if curr and val is self.head.data: # Manually adjusted line (from is to ==)
             self.head = self.head.next
             self._length -= 1
         while curr:</pre></div><div class="alert alert-secondary"><pre class="diff">============================= test session starts ==============================
platform linux -- Python 3.10.12, pytest-7.1.3, pluggy-1.0.0
rootdir: /home/lucca/desktop/ic/experimento/testes/python_experiments/linkedList4/ALL-SMART-GPT-COSMICRAY
plugins: Faker-15.1.1, hypothesis-6.56.3
collected 61 items

test_linkedList4_COSMICRAY.py ..F..                                      [  8%]
test_linkedList4_DYNAMOSA.py ..............                              [ 31%]
test_linkedList4_MIO.py ..................                               [ 60%]
test_linkedList4_MOSA.py ................                                [ 86%]
test_linkedList4_WHOLE_SUITE.py ........                                 [100%]

=========================== short test summary info ============================
FAILED test_linkedList4_COSMICRAY.py::test_x - assert 3 == 2
========================= 1 failed, 60 passed in 0.22s =========================
</pre></div></div></div></div></div><div class="mb-1" id="job_list___sub_accordion_40"><div class="card"><a data-toggle="collapse" data-target="#job_list___sub_collapse_40_1" aria-expanded="false" aria-controls="job_list___sub_collapse_40_1" href="#" class="job_list___sub_multi_heading"><div role="alert" class="card-header alert-success" id="job_list___sub_heading_40_1"><button class="btn btn-outline-success"><span class="job_id">40 : Job ID 21b7efdfeb1e4ac994e675b1a2e09014</span></button></div></a><div aria-labelledby="job_list___sub_heading_40_1" data-parent="#job_list___sub_accordion_40" class="collapse job_list___sub_multi_collapse" id="job_list___sub_collapse_40_1"><div class="card-body"><div class="work-item"><div class="alert alert-success test-outcome" role="alert"><p>worker outcome: normal</p><p>test outcome: killed</p></div></div><pre class="location"><a href="pycharm://open?file=linkedList4.py&amp;line=75" class="text-secondary"><button class="btn btn-outline-dark">linkedList4.py, start pos: (75, 45), end pos: (75, 47)</button></a></pre><pre>operator: core/ReplaceComparisonOperator_Eq_Is, occurrence: 2</pre><div class="alert alert-secondary"><pre class="diff">--- mutation diff ---
--- alinkedList4.py
+++ blinkedList4.py
@@ -72,7 +72,7 @@
             self.head = self.head.next
             self._length -= 1
         while curr:
-            if (curr.next and curr.next.data == val):
+            if (curr.next and curr.next.data is val):
                 curr.next = curr.next.next
                 self._length -= 1
             curr = curr.next</pre></div><div class="alert alert-secondary"><pre class="diff">============================= test session starts ==============================
platform linux -- Python 3.10.12, pytest-7.1.3, pluggy-1.0.0
rootdir: /home/lucca/desktop/ic/experimento/testes/python_experiments/linkedList4/ALL-SMART-GPT-COSMICRAY
plugins: Faker-15.1.1, hypothesis-6.56.3
collected 61 items

test_linkedList4_COSMICRAY.py ...F.                                      [  8%]
test_linkedList4_DYNAMOSA.py ..............                              [ 31%]
test_linkedList4_MIO.py ..................                               [ 60%]
test_linkedList4_MOSA.py ................                                [ 86%]
test_linkedList4_WHOLE_SUITE.py ........                                 [100%]

=========================== short test summary info ============================
FAILED test_linkedList4_COSMICRAY.py::test_y - assert 3 == 2
========================= 1 failed, 60 passed in 0.21s =========================
</pre></div></div></div></div></div><div class="mb-1" id="job_list___sub_accordion_41"><div class="card"><a data-toggle="collapse" data-target="#job_list___sub_collapse_41_1" aria-expanded="false" aria-controls="job_list___sub_collapse_41_1" href="#" class="job_list___sub_multi_heading"><div role="alert" class="card-header alert-success" id="job_list___sub_heading_41_1"><button class="btn btn-outline-success"><span class="job_id">41 : Job ID 956b995ca8174209a613c30f12ae5c13</span></button></div></a><div aria-labelledby="job_list___sub_heading_41_1" data-parent="#job_list___sub_accordion_41" class="collapse job_list___sub_multi_collapse" id="job_list___sub_collapse_41_1"><div class="card-body"><div class="work-item"><div class="alert alert-success test-outcome" role="alert"><p>worker outcome: normal</p><p>test outcome: killed</p></div></div><pre class="location"><a href="pycharm://open?file=linkedList4.py&amp;line=64" class="text-secondary"><button class="btn btn-outline-dark">linkedList4.py, start pos: (64, 25), end pos: (64, 27)</button></a></pre><pre>operator: core/ReplaceComparisonOperator_Eq_IsNot, occurrence: 0</pre><div class="alert alert-secondary"><pre class="diff">--- mutation diff ---
--- alinkedList4.py
+++ blinkedList4.py
@@ -61,7 +61,7 @@
         """Return the node containing val."""
         curr = self.head
         while curr:
-            if curr.data == val:
+            if curr.data is not val:
                 return curr
             curr = curr.next
 </pre></div><div class="alert alert-secondary"><pre class="diff">============================= test session starts ==============================
platform linux -- Python 3.10.12, pytest-7.1.3, pluggy-1.0.0
rootdir: /home/lucca/desktop/ic/experimento/testes/python_experiments/linkedList4/ALL-SMART-GPT-COSMICRAY
plugins: Faker-15.1.1, hypothesis-6.56.3
collected 61 items

test_linkedList4_COSMICRAY.py FF...                                      [  8%]
test_linkedList4_DYNAMOSA.py .........F....                              [ 31%]
test_linkedList4_MIO.py .....F............                               [ 60%]
test_linkedList4_MOSA.py .....F..........                                [ 86%]
test_linkedList4_WHOLE_SUITE.py ....F...                                 [100%]

=========================== short test summary info ============================
FAILED test_linkedList4_COSMICRAY.py::test_remove - assert &lt;linkedList4.Node ...
FAILED test_linkedList4_COSMICRAY.py::test_remove_head - assert &lt;linkedList4....
FAILED test_linkedList4_DYNAMOSA.py::test_case_9 - AssertionError: assert 'bu...
FAILED test_linkedList4_MIO.py::test_case_5 - AssertionError: assert 'builtin...
FAILED test_linkedList4_MOSA.py::test_case_5 - AssertionError: assert 'builti...
FAILED test_linkedList4_WHOLE_SUITE.py::test_case_4 - assert None is True
========================= 6 failed, 55 passed in 0.19s =========================
</pre></div></div></div></div></div><div class="mb-1" id="job_list___sub_accordion_42"><div class="card"><a data-toggle="collapse" data-target="#job_list___sub_collapse_42_1" aria-expanded="false" aria-controls="job_list___sub_collapse_42_1" href="#" class="job_list___sub_multi_heading"><div role="alert" class="card-header alert-success" id="job_list___sub_heading_42_1"><button class="btn btn-outline-success"><span class="job_id">42 : Job ID 198765beb6274b33b79852c4fa190535</span></button></div></a><div aria-labelledby="job_list___sub_heading_42_1" data-parent="#job_list___sub_accordion_42" class="collapse job_list___sub_multi_collapse" id="job_list___sub_collapse_42_1"><div class="card-body"><div class="work-item"><div class="alert alert-success test-outcome" role="alert"><p>worker outcome: normal</p><p>test outcome: killed</p></div></div><pre class="location"><a href="pycharm://open?file=linkedList4.py&amp;line=71" class="text-secondary"><button class="btn btn-outline-dark">linkedList4.py, start pos: (71, 24), end pos: (71, 26)</button></a></pre><pre>operator: core/ReplaceComparisonOperator_Eq_IsNot, occurrence: 1</pre><div class="alert alert-secondary"><pre class="diff">--- mutation diff ---
--- alinkedList4.py
+++ blinkedList4.py
@@ -68,7 +68,7 @@
     def remove(self, val):
         """Remove node from list if exists."""
         curr = self.head
-        if curr and val == self.head.data: # Manually adjusted line (from is to ==)
+        if curr and val is not self.head.data: # Manually adjusted line (from is to ==)
             self.head = self.head.next
             self._length -= 1
         while curr:</pre></div><div class="alert alert-secondary"><pre class="diff">============================= test session starts ==============================
platform linux -- Python 3.10.12, pytest-7.1.3, pluggy-1.0.0
rootdir: /home/lucca/desktop/ic/experimento/testes/python_experiments/linkedList4/ALL-SMART-GPT-COSMICRAY
plugins: Faker-15.1.1, hypothesis-6.56.3
collected 61 items

test_linkedList4_COSMICRAY.py FF.F.                                      [  8%]
test_linkedList4_DYNAMOSA.py ............F.                              [ 31%]
test_linkedList4_MIO.py ..........F.......                               [ 60%]
test_linkedList4_MOSA.py .............FF.                                [ 86%]
test_linkedList4_WHOLE_SUITE.py ..F.....                                 [100%]

=========================== short test summary info ============================
FAILED test_linkedList4_COSMICRAY.py::test_remove - assert 1 == 2
FAILED test_linkedList4_COSMICRAY.py::test_remove_head - assert 3 == 2
FAILED test_linkedList4_COSMICRAY.py::test_y - assert 1 == 2
FAILED test_linkedList4_DYNAMOSA.py::test_case_12 - assert &lt;linkedList4.Node ...
FAILED test_linkedList4_MIO.py::test_case_10 - assert &lt;linkedList4.Node objec...
FAILED test_linkedList4_MOSA.py::test_case_13 - assert 5 == 6
FAILED test_linkedList4_MOSA.py::test_case_14 - assert &lt;linkedList4.Node obje...
FAILED test_linkedList4_WHOLE_SUITE.py::test_case_2 - assert &lt;linkedList4.Nod...
========================= 8 failed, 53 passed in 0.20s =========================
</pre></div></div></div></div></div><div class="mb-1" id="job_list___sub_accordion_43"><div class="card"><a data-toggle="collapse" data-target="#job_list___sub_collapse_43_1" aria-expanded="false" aria-controls="job_list___sub_collapse_43_1" href="#" class="job_list___sub_multi_heading"><div role="alert" class="card-header alert-success" id="job_list___sub_heading_43_1"><button class="btn btn-outline-success"><span class="job_id">43 : Job ID 0d14040324d045d690a4d0d5020a76ee</span></button></div></a><div aria-labelledby="job_list___sub_heading_43_1" data-parent="#job_list___sub_accordion_43" class="collapse job_list___sub_multi_collapse" id="job_list___sub_collapse_43_1"><div class="card-body"><div class="work-item"><div class="alert alert-success test-outcome" role="alert"><p>worker outcome: normal</p><p>test outcome: killed</p></div></div><pre class="location"><a href="pycharm://open?file=linkedList4.py&amp;line=75" class="text-secondary"><button class="btn btn-outline-dark">linkedList4.py, start pos: (75, 45), end pos: (75, 47)</button></a></pre><pre>operator: core/ReplaceComparisonOperator_Eq_IsNot, occurrence: 2</pre><div class="alert alert-secondary"><pre class="diff">--- mutation diff ---
--- alinkedList4.py
+++ blinkedList4.py
@@ -72,7 +72,7 @@
             self.head = self.head.next
             self._length -= 1
         while curr:
-            if (curr.next and curr.next.data == val):
+            if (curr.next and curr.next.data is not val):
                 curr.next = curr.next.next
                 self._length -= 1
             curr = curr.next</pre></div><div class="alert alert-secondary"><pre class="diff">============================= test session starts ==============================
platform linux -- Python 3.10.12, pytest-7.1.3, pluggy-1.0.0
rootdir: /home/lucca/desktop/ic/experimento/testes/python_experiments/linkedList4/ALL-SMART-GPT-COSMICRAY
plugins: Faker-15.1.1, hypothesis-6.56.3
collected 61 items

test_linkedList4_COSMICRAY.py FFF..                                      [  8%]
test_linkedList4_DYNAMOSA.py ..............                              [ 31%]
test_linkedList4_MIO.py ..................                               [ 60%]
test_linkedList4_MOSA.py .............F..                                [ 86%]
test_linkedList4_WHOLE_SUITE.py ........                                 [100%]

=========================== short test summary info ============================
FAILED test_linkedList4_COSMICRAY.py::test_remove - assert &lt;linkedList4.Node ...
FAILED test_linkedList4_COSMICRAY.py::test_remove_head - assert 1 == 2
FAILED test_linkedList4_COSMICRAY.py::test_x - assert 1 == 2
FAILED test_linkedList4_MOSA.py::test_case_13 - assert 3 == 6
========================= 4 failed, 57 passed in 0.20s =========================
</pre></div></div></div></div></div><div class="mb-1" id="job_list___sub_accordion_44"><div class="card"><a data-toggle="collapse" data-target="#job_list___sub_collapse_44_1" aria-expanded="false" aria-controls="job_list___sub_collapse_44_1" href="#" class="job_list___sub_multi_heading"><div role="alert" class="card-header alert-success" id="job_list___sub_heading_44_1"><button class="btn btn-outline-success"><span class="job_id">44 : Job ID 33fc8b5eeb2d41dd968e01ca637a1df3</span></button></div></a><div aria-labelledby="job_list___sub_heading_44_1" data-parent="#job_list___sub_accordion_44" class="collapse job_list___sub_multi_collapse" id="job_list___sub_collapse_44_1"><div class="card-body"><div class="work-item"><div class="alert alert-success test-outcome" role="alert"><p>worker outcome: normal</p><p>test outcome: killed</p></div></div><pre class="location"><a href="pycharm://open?file=linkedList4.py&amp;line=87" class="text-secondary"><button class="btn btn-outline-dark">linkedList4.py, start pos: (87, 24), end pos: (87, 25)</button></a></pre><pre>operator: core/ReplaceUnaryOperator_USub_UAdd, occurrence: 0</pre><div class="alert alert-secondary"><pre class="diff">--- mutation diff ---
--- alinkedList4.py
+++ blinkedList4.py
@@ -84,5 +84,5 @@
         while curr:
             display += str(curr.data) + ', '
             curr = curr.next
-        return display[:-2] + ')'
+        return display[:+2] + ')'
 </pre></div><div class="alert alert-secondary"><pre class="diff">============================= test session starts ==============================
platform linux -- Python 3.10.12, pytest-7.1.3, pluggy-1.0.0
rootdir: /home/lucca/desktop/ic/experimento/testes/python_experiments/linkedList4/ALL-SMART-GPT-COSMICRAY
plugins: Faker-15.1.1, hypothesis-6.56.3
collected 61 items

test_linkedList4_COSMICRAY.py .....                                      [  8%]
test_linkedList4_DYNAMOSA.py ......FF..F...                              [ 31%]
test_linkedList4_MIO.py ..............F.F.                               [ 60%]
test_linkedList4_MOSA.py F.......F...F...                                [ 86%]
test_linkedList4_WHOLE_SUITE.py ....FF..                                 [100%]

=========================== short test summary info ============================
FAILED test_linkedList4_DYNAMOSA.py::test_case_6 - AssertionError: assert '(1...
FAILED test_linkedList4_DYNAMOSA.py::test_case_7 - AssertionError: assert '()...
FAILED test_linkedList4_DYNAMOSA.py::test_case_10 - AssertionError: assert '(...
FAILED test_linkedList4_MIO.py::test_case_14 - AssertionError: assert '(2)' =...
FAILED test_linkedList4_MIO.py::test_case_16 - AssertionError: assert '()' ==...
FAILED test_linkedList4_MOSA.py::test_case_0 - AssertionError: assert '(1)' =...
FAILED test_linkedList4_MOSA.py::test_case_8 - AssertionError: assert '()' ==...
FAILED test_linkedList4_MOSA.py::test_case_12 - AssertionError: assert '()' =...
FAILED test_linkedList4_WHOLE_SUITE.py::test_case_4 - AssertionError: assert ...
FAILED test_linkedList4_WHOLE_SUITE.py::test_case_5 - AssertionError: assert ...
======================== 10 failed, 51 passed in 0.20s =========================
</pre></div></div></div></div></div><div class="mb-1" id="job_list___sub_accordion_45"><div class="card"><a data-toggle="collapse" data-target="#job_list___sub_collapse_45_1" aria-expanded="false" aria-controls="job_list___sub_collapse_45_1" href="#" class="job_list___sub_multi_heading"><div role="alert" class="card-header alert-success" id="job_list___sub_heading_45_1"><button class="btn btn-outline-success"><span class="job_id">45 : Job ID e7a7d0533e2b4accbe13d1446b26e54f</span></button></div></a><div aria-labelledby="job_list___sub_heading_45_1" data-parent="#job_list___sub_accordion_45" class="collapse job_list___sub_multi_collapse" id="job_list___sub_collapse_45_1"><div class="card-body"><div class="work-item"><div class="alert alert-success test-outcome" role="alert"><p>worker outcome: normal</p><p>test outcome: killed</p></div></div><pre class="location"><a href="pycharm://open?file=linkedList4.py&amp;line=87" class="text-secondary"><button class="btn btn-outline-dark">linkedList4.py, start pos: (87, 24), end pos: (87, 25)</button></a></pre><pre>operator: core/ReplaceUnaryOperator_USub_Invert, occurrence: 0</pre><div class="alert alert-secondary"><pre class="diff">--- mutation diff ---
--- alinkedList4.py
+++ blinkedList4.py
@@ -84,5 +84,5 @@
         while curr:
             display += str(curr.data) + ', '
             curr = curr.next
-        return display[:-2] + ')'
+        return display[:~2] + ')'
 </pre></div><div class="alert alert-secondary"><pre class="diff">============================= test session starts ==============================
platform linux -- Python 3.10.12, pytest-7.1.3, pluggy-1.0.0
rootdir: /home/lucca/desktop/ic/experimento/testes/python_experiments/linkedList4/ALL-SMART-GPT-COSMICRAY
plugins: Faker-15.1.1, hypothesis-6.56.3
collected 61 items

test_linkedList4_COSMICRAY.py .....                                      [  8%]
test_linkedList4_DYNAMOSA.py ......F.......                              [ 31%]
test_linkedList4_MIO.py ..............F...                               [ 60%]
test_linkedList4_MOSA.py F...............                                [ 86%]
test_linkedList4_WHOLE_SUITE.py .....F..                                 [100%]

=========================== short test summary info ============================
FAILED test_linkedList4_DYNAMOSA.py::test_case_6 - AssertionError: assert '(1...
FAILED test_linkedList4_MIO.py::test_case_14 - AssertionError: assert '(255, ...
FAILED test_linkedList4_MOSA.py::test_case_0 - AssertionError: assert '(198, ...
FAILED test_linkedList4_WHOLE_SUITE.py::test_case_5 - AssertionError: assert ...
========================= 4 failed, 57 passed in 0.19s =========================
</pre></div></div></div></div></div><div class="mb-1" id="job_list___sub_accordion_46"><div class="card"><a data-toggle="collapse" data-target="#job_list___sub_collapse_46_1" aria-expanded="false" aria-controls="job_list___sub_collapse_46_1" href="#" class="job_list___sub_multi_heading"><div role="alert" class="card-header alert-success" id="job_list___sub_heading_46_1"><button class="btn btn-outline-success"><span class="job_id">46 : Job ID 09bb7c7d287547df9ae779a9dbba5fc4</span></button></div></a><div aria-labelledby="job_list___sub_heading_46_1" data-parent="#job_list___sub_accordion_46" class="collapse job_list___sub_multi_collapse" id="job_list___sub_collapse_46_1"><div class="card-body"><div class="work-item"><div class="alert alert-success test-outcome" role="alert"><p>worker outcome: normal</p><p>test outcome: killed</p></div></div><pre class="location"><a href="pycharm://open?file=linkedList4.py&amp;line=87" class="text-secondary"><button class="btn btn-outline-dark">linkedList4.py, start pos: (87, 24), end pos: (87, 25)</button></a></pre><pre>operator: core/ReplaceUnaryOperator_USub_Not, occurrence: 0</pre><div class="alert alert-secondary"><pre class="diff">--- mutation diff ---
--- alinkedList4.py
+++ blinkedList4.py
@@ -84,5 +84,5 @@
         while curr:
             display += str(curr.data) + ', '
             curr = curr.next
-        return display[:-2] + ')'
+        return display[:not 2] + ')'
 </pre></div><div class="alert alert-secondary"><pre class="diff">============================= test session starts ==============================
platform linux -- Python 3.10.12, pytest-7.1.3, pluggy-1.0.0
rootdir: /home/lucca/desktop/ic/experimento/testes/python_experiments/linkedList4/ALL-SMART-GPT-COSMICRAY
plugins: Faker-15.1.1, hypothesis-6.56.3
collected 61 items

test_linkedList4_COSMICRAY.py .....                                      [  8%]
test_linkedList4_DYNAMOSA.py ......F.......                              [ 31%]
test_linkedList4_MIO.py ..............F...                               [ 60%]
test_linkedList4_MOSA.py F...............                                [ 86%]
test_linkedList4_WHOLE_SUITE.py .....F..                                 [100%]

=========================== short test summary info ============================
FAILED test_linkedList4_DYNAMOSA.py::test_case_6 - AssertionError: assert ')'...
FAILED test_linkedList4_MIO.py::test_case_14 - AssertionError: assert ')' == ...
FAILED test_linkedList4_MOSA.py::test_case_0 - AssertionError: assert ')' == ...
FAILED test_linkedList4_WHOLE_SUITE.py::test_case_5 - AssertionError: assert ...
========================= 4 failed, 57 passed in 0.20s =========================
</pre></div></div></div></div></div><div class="mb-1" id="job_list___sub_accordion_47"><div class="card"><a data-toggle="collapse" data-target="#job_list___sub_collapse_47_1" aria-expanded="false" aria-controls="job_list___sub_collapse_47_1" href="#" class="job_list___sub_multi_heading"><div role="alert" class="card-header alert-success" id="job_list___sub_heading_47_1"><button class="btn btn-outline-success"><span class="job_id">47 : Job ID de346455d3cb4ff699d0b048a978cee7</span></button></div></a><div aria-labelledby="job_list___sub_heading_47_1" data-parent="#job_list___sub_accordion_47" class="collapse job_list___sub_multi_collapse" id="job_list___sub_collapse_47_1"><div class="card-body"><div class="work-item"><div class="alert alert-success test-outcome" role="alert"><p>worker outcome: normal</p><p>test outcome: killed</p></div></div><pre class="location"><a href="pycharm://open?file=linkedList4.py&amp;line=87" class="text-secondary"><button class="btn btn-outline-dark">linkedList4.py, start pos: (87, 24), end pos: (87, 25)</button></a></pre><pre>operator: core/ReplaceUnaryOperator_Delete_USub, occurrence: 0</pre><div class="alert alert-secondary"><pre class="diff">--- mutation diff ---
--- alinkedList4.py
+++ blinkedList4.py
@@ -84,5 +84,5 @@
         while curr:
             display += str(curr.data) + ', '
             curr = curr.next
-        return display[:-2] + ')'
+        return display[:2] + ')'
 </pre></div><div class="alert alert-secondary"><pre class="diff">============================= test session starts ==============================
platform linux -- Python 3.10.12, pytest-7.1.3, pluggy-1.0.0
rootdir: /home/lucca/desktop/ic/experimento/testes/python_experiments/linkedList4/ALL-SMART-GPT-COSMICRAY
plugins: Faker-15.1.1, hypothesis-6.56.3
collected 61 items

test_linkedList4_COSMICRAY.py .....                                      [  8%]
test_linkedList4_DYNAMOSA.py ......FF..F...                              [ 31%]
test_linkedList4_MIO.py ..............F.F.                               [ 60%]
test_linkedList4_MOSA.py F.......F...F...                                [ 86%]
test_linkedList4_WHOLE_SUITE.py ....FF..                                 [100%]

=========================== short test summary info ============================
FAILED test_linkedList4_DYNAMOSA.py::test_case_6 - AssertionError: assert '(1...
FAILED test_linkedList4_DYNAMOSA.py::test_case_7 - AssertionError: assert '()...
FAILED test_linkedList4_DYNAMOSA.py::test_case_10 - AssertionError: assert '(...
FAILED test_linkedList4_MIO.py::test_case_14 - AssertionError: assert '(2)' =...
FAILED test_linkedList4_MIO.py::test_case_16 - AssertionError: assert '()' ==...
FAILED test_linkedList4_MOSA.py::test_case_0 - AssertionError: assert '(1)' =...
FAILED test_linkedList4_MOSA.py::test_case_8 - AssertionError: assert '()' ==...
FAILED test_linkedList4_MOSA.py::test_case_12 - AssertionError: assert '()' =...
FAILED test_linkedList4_WHOLE_SUITE.py::test_case_4 - AssertionError: assert ...
FAILED test_linkedList4_WHOLE_SUITE.py::test_case_5 - AssertionError: assert ...
======================== 10 failed, 51 passed in 0.20s =========================
</pre></div></div></div></div></div><div class="mb-1" id="job_list___sub_accordion_48"><div class="card"><a data-toggle="collapse" data-target="#job_list___sub_collapse_48_1" aria-expanded="false" aria-controls="job_list___sub_collapse_48_1" href="#" class="job_list___sub_multi_heading"><div role="alert" class="card-header alert-success" id="job_list___sub_heading_48_1"><button class="btn btn-outline-success"><span class="job_id">48 : Job ID a953178dfccc447ea054b992bb39c34e</span></button></div></a><div aria-labelledby="job_list___sub_heading_48_1" data-parent="#job_list___sub_accordion_48" class="collapse job_list___sub_multi_collapse" id="job_list___sub_collapse_48_1"><div class="card-body"><div class="work-item"><div class="alert alert-success test-outcome" role="alert"><p>worker outcome: normal</p><p>test outcome: killed</p></div></div><pre class="location"><a href="pycharm://open?file=linkedList4.py&amp;line=49" class="text-secondary"><button class="btn btn-outline-dark">linkedList4.py, start pos: (49, 11), end pos: (49, 14)</button></a></pre><pre>operator: core/ReplaceUnaryOperator_Delete_Not, occurrence: 0</pre><div class="alert alert-secondary"><pre class="diff">--- mutation diff ---
--- alinkedList4.py
+++ blinkedList4.py
@@ -46,7 +46,7 @@
 
     def pop(self):
         """Remove the first value and return it."""
-        if not self.head:
+        if  self.head:
             raise IndexError('Cannot pop from an empty list')
         to_return = self.head
         self.head = self.head.next</pre></div><div class="alert alert-secondary"><pre class="diff">============================= test session starts ==============================
platform linux -- Python 3.10.12, pytest-7.1.3, pluggy-1.0.0
rootdir: /home/lucca/desktop/ic/experimento/testes/python_experiments/linkedList4/ALL-SMART-GPT-COSMICRAY
plugins: Faker-15.1.1, hypothesis-6.56.3
collected 61 items

test_linkedList4_COSMICRAY.py .....                                      [  8%]
test_linkedList4_DYNAMOSA.py ..FF.......F.F                              [ 31%]
test_linkedList4_MIO.py ...FF.............                               [ 60%]
test_linkedList4_MOSA.py ...FF.....FF....                                [ 86%]
test_linkedList4_WHOLE_SUITE.py ..F.F...                                 [100%]

=========================== short test summary info ============================
FAILED test_linkedList4_DYNAMOSA.py::test_case_2 - IndexError: Cannot pop fro...
FAILED test_linkedList4_DYNAMOSA.py::test_case_3 - AttributeError: 'NoneType'...
FAILED test_linkedList4_DYNAMOSA.py::test_case_11 - AttributeError: 'NoneType...
FAILED test_linkedList4_DYNAMOSA.py::test_case_13 - AttributeError: 'NoneType...
FAILED test_linkedList4_MIO.py::test_case_3 - IndexError: Cannot pop from an ...
FAILED test_linkedList4_MIO.py::test_case_4 - AttributeError: 'NoneType' obje...
FAILED test_linkedList4_MOSA.py::test_case_3 - IndexError: Cannot pop from an...
FAILED test_linkedList4_MOSA.py::test_case_4 - AttributeError: 'NoneType' obj...
FAILED test_linkedList4_MOSA.py::test_case_10 - IndexError: Cannot pop from a...
FAILED test_linkedList4_MOSA.py::test_case_11 - AttributeError: 'NoneType' ob...
FAILED test_linkedList4_WHOLE_SUITE.py::test_case_2 - AttributeError: 'NoneTy...
FAILED test_linkedList4_WHOLE_SUITE.py::test_case_4 - IndexError: Cannot pop ...
======================== 12 failed, 49 passed in 0.20s =========================
</pre></div></div></div></div></div><div class="mb-1" id="job_list___sub_accordion_49"><div class="card"><a data-toggle="collapse" data-target="#job_list___sub_collapse_49_1" aria-expanded="false" aria-controls="job_list___sub_collapse_49_1" href="#" class="job_list___sub_multi_heading"><div role="alert" class="card-header alert-success" id="job_list___sub_heading_49_1"><button class="btn btn-outline-success"><span class="job_id">49 : Job ID 6959daafbf104cca88c59d59e4039780</span></button></div></a><div aria-labelledby="job_list___sub_heading_49_1" data-parent="#job_list___sub_accordion_49" class="collapse job_list___sub_multi_collapse" id="job_list___sub_collapse_49_1"><div class="card-body"><div class="work-item"><div class="alert alert-success test-outcome" role="alert"><p>worker outcome: normal</p><p>test outcome: killed</p></div></div><pre class="location"><a href="pycharm://open?file=linkedList4.py&amp;line=38" class="text-secondary"><button class="btn btn-outline-dark">linkedList4.py, start pos: (38, 15), end pos: (38, 19)</button></a></pre><pre>operator: core/AddNot, occurrence: 0</pre><div class="alert alert-secondary"><pre class="diff">--- mutation diff ---
--- alinkedList4.py
+++ blinkedList4.py
@@ -35,7 +35,7 @@
             for val in data:
                 self.push(val)
         except TypeError:
-            if data:
+            if not data:
                 self.push(data)
 
     def push(self, val):</pre></div><div class="alert alert-secondary"><pre class="diff">============================= test session starts ==============================
platform linux -- Python 3.10.12, pytest-7.1.3, pluggy-1.0.0
rootdir: /home/lucca/desktop/ic/experimento/testes/python_experiments/linkedList4/ALL-SMART-GPT-COSMICRAY
plugins: Faker-15.1.1, hypothesis-6.56.3
collected 61 items

test_linkedList4_COSMICRAY.py ..FF.                                      [  8%]
test_linkedList4_DYNAMOSA.py .FFFFF.FFFFFFF                              [ 31%]
test_linkedList4_MIO.py .FFFFFF.F.FFFF.FFF                               [ 60%]
test_linkedList4_MOSA.py .FFFFFFFFFFFFFFF                                [ 86%]
test_linkedList4_WHOLE_SUITE.py F.FFF.FF                                 [100%]

=========================== short test summary info ============================
FAILED test_linkedList4_COSMICRAY.py::test_x - assert 3 == 2
FAILED test_linkedList4_COSMICRAY.py::test_y - assert 3 == 2
FAILED test_linkedList4_DYNAMOSA.py::test_case_1 - assert &lt;linkedList4.Node o...
FAILED test_linkedList4_DYNAMOSA.py::test_case_2 - AssertionError: assert 'bu...
FAILED test_linkedList4_DYNAMOSA.py::test_case_3 - assert &lt;linkedList4.Node o...
FAILED test_linkedList4_DYNAMOSA.py::test_case_4 - assert &lt;linkedList4.Node o...
FAILED test_linkedList4_DYNAMOSA.py::test_case_5 - assert &lt;linkedList4.Node o...
FAILED test_linkedList4_DYNAMOSA.py::test_case_7 - assert &lt;linkedList4.Node o...
FAILED test_linkedList4_DYNAMOSA.py::test_case_8 - assert &lt;linkedList4.Node o...
FAILED test_linkedList4_DYNAMOSA.py::test_case_9 - AssertionError: assert 'bu...
FAILED test_linkedList4_DYNAMOSA.py::test_case_10 - assert &lt;linkedList4.Node ...
FAILED test_linkedList4_DYNAMOSA.py::test_case_11 - assert &lt;linkedList4.Node ...
FAILED test_linkedList4_DYNAMOSA.py::test_case_12 - AssertionError: assert 'b...
FAILED test_linkedList4_DYNAMOSA.py::test_case_13 - assert &lt;linkedList4.Node ...
FAILED test_linkedList4_MIO.py::test_case_1 - assert &lt;linkedList4.Node object...
FAILED test_linkedList4_MIO.py::test_case_2 - assert &lt;linkedList4.Node object...
FAILED test_linkedList4_MIO.py::test_case_3 - assert &lt;linkedList4.Node object...
FAILED test_linkedList4_MIO.py::test_case_4 - assert &lt;linkedList4.Node object...
FAILED test_linkedList4_MIO.py::test_case_5 - assert &lt;linkedList4.Node object...
FAILED test_linkedList4_MIO.py::test_case_6 - assert &lt;linkedList4.Node object...
FAILED test_linkedList4_MIO.py::test_case_8 - assert &lt;linkedList4.Node object...
FAILED test_linkedList4_MIO.py::test_case_10 - assert &lt;linkedList4.Node objec...
FAILED test_linkedList4_MIO.py::test_case_11 - assert &lt;linkedList4.Node objec...
FAILED test_linkedList4_MIO.py::test_case_12 - assert &lt;linkedList4.Node objec...
FAILED test_linkedList4_MIO.py::test_case_13 - assert &lt;linkedList4.Node objec...
FAILED test_linkedList4_MIO.py::test_case_15 - assert &lt;linkedList4.Node objec...
FAILED test_linkedList4_MIO.py::test_case_16 - assert &lt;linkedList4.Node objec...
FAILED test_linkedList4_MIO.py::test_case_17 - assert &lt;linkedList4.Node objec...
FAILED test_linkedList4_MOSA.py::test_case_1 - AssertionError: assert 'builti...
FAILED test_linkedList4_MOSA.py::test_case_2 - assert &lt;linkedList4.Node objec...
FAILED test_linkedList4_MOSA.py::test_case_3 - AssertionError: assert 'builti...
FAILED test_linkedList4_MOSA.py::test_case_4 - assert &lt;linkedList4.Node objec...
FAILED test_linkedList4_MOSA.py::test_case_5 - AssertionError: assert 'builti...
FAILED test_linkedList4_MOSA.py::test_case_6 - assert &lt;linkedList4.Node objec...
FAILED test_linkedList4_MOSA.py::test_case_7 - assert &lt;linkedList4.Node objec...
FAILED test_linkedList4_MOSA.py::test_case_8 - assert &lt;linkedList4.Node objec...
FAILED test_linkedList4_MOSA.py::test_case_9 - assert &lt;linkedList4.Node objec...
FAILED test_linkedList4_MOSA.py::test_case_10 - assert &lt;linkedList4.Node obje...
FAILED test_linkedList4_MOSA.py::test_case_11 - assert &lt;linkedList4.Node obje...
FAILED test_linkedList4_MOSA.py::test_case_12 - assert &lt;linkedList4.Node obje...
FAILED test_linkedList4_MOSA.py::test_case_13 - assert &lt;linkedList4.Node obje...
FAILED test_linkedList4_MOSA.py::test_case_14 - assert &lt;linkedList4.Node obje...
FAILED test_linkedList4_MOSA.py::test_case_15 - assert &lt;linkedList4.Node obje...
FAILED test_linkedList4_WHOLE_SUITE.py::test_case_0 - AssertionError: assert ...
FAILED test_linkedList4_WHOLE_SUITE.py::test_case_2 - assert &lt;linkedList4.Nod...
FAILED test_linkedList4_WHOLE_SUITE.py::test_case_3 - assert &lt;linkedList4.Nod...
FAILED test_linkedList4_WHOLE_SUITE.py::test_case_4 - AssertionError: assert ...
FAILED test_linkedList4_WHOLE_SUITE.py::test_case_6 - assert &lt;linkedList4.Nod...
FAILED test_linkedList4_WHOLE_SUITE.py::test_case_7 - assert &lt;linkedList4.Nod...
======================== 49 failed, 12 passed in 0.23s =========================
</pre></div></div></div></div></div><div class="mb-1" id="job_list___sub_accordion_50"><div class="card"><a data-toggle="collapse" data-target="#job_list___sub_collapse_50_1" aria-expanded="false" aria-controls="job_list___sub_collapse_50_1" href="#" class="job_list___sub_multi_heading"><div role="alert" class="card-header alert-success" id="job_list___sub_heading_50_1"><button class="btn btn-outline-success"><span class="job_id">50 : Job ID 54c8479513694c8b89fc685940bafc77</span></button></div></a><div aria-labelledby="job_list___sub_heading_50_1" data-parent="#job_list___sub_accordion_50" class="collapse job_list___sub_multi_collapse" id="job_list___sub_collapse_50_1"><div class="card-body"><div class="work-item"><div class="alert alert-success test-outcome" role="alert"><p>worker outcome: normal</p><p>test outcome: killed</p></div></div><pre class="location"><a href="pycharm://open?file=linkedList4.py&amp;line=49" class="text-secondary"><button class="btn btn-outline-dark">linkedList4.py, start pos: (49, 11), end pos: (49, 24)</button></a></pre><pre>operator: core/AddNot, occurrence: 1</pre><div class="alert alert-secondary"><pre class="diff">--- mutation diff ---
--- alinkedList4.py
+++ blinkedList4.py
@@ -46,7 +46,7 @@
 
     def pop(self):
         """Remove the first value and return it."""
-        if not self.head:
+        if not not self.head:
             raise IndexError('Cannot pop from an empty list')
         to_return = self.head
         self.head = self.head.next</pre></div><div class="alert alert-secondary"><pre class="diff">============================= test session starts ==============================
platform linux -- Python 3.10.12, pytest-7.1.3, pluggy-1.0.0
rootdir: /home/lucca/desktop/ic/experimento/testes/python_experiments/linkedList4/ALL-SMART-GPT-COSMICRAY
plugins: Faker-15.1.1, hypothesis-6.56.3
collected 61 items

test_linkedList4_COSMICRAY.py .....                                      [  8%]
test_linkedList4_DYNAMOSA.py ..FF.......F.F                              [ 31%]
test_linkedList4_MIO.py ...FF.............                               [ 60%]
test_linkedList4_MOSA.py ...FF.....FF....                                [ 86%]
test_linkedList4_WHOLE_SUITE.py ..F.F...                                 [100%]

=========================== short test summary info ============================
FAILED test_linkedList4_DYNAMOSA.py::test_case_2 - IndexError: Cannot pop fro...
FAILED test_linkedList4_DYNAMOSA.py::test_case_3 - AttributeError: 'NoneType'...
FAILED test_linkedList4_DYNAMOSA.py::test_case_11 - AttributeError: 'NoneType...
FAILED test_linkedList4_DYNAMOSA.py::test_case_13 - AttributeError: 'NoneType...
FAILED test_linkedList4_MIO.py::test_case_3 - IndexError: Cannot pop from an ...
FAILED test_linkedList4_MIO.py::test_case_4 - AttributeError: 'NoneType' obje...
FAILED test_linkedList4_MOSA.py::test_case_3 - IndexError: Cannot pop from an...
FAILED test_linkedList4_MOSA.py::test_case_4 - AttributeError: 'NoneType' obj...
FAILED test_linkedList4_MOSA.py::test_case_10 - IndexError: Cannot pop from a...
FAILED test_linkedList4_MOSA.py::test_case_11 - AttributeError: 'NoneType' ob...
FAILED test_linkedList4_WHOLE_SUITE.py::test_case_2 - AttributeError: 'NoneTy...
FAILED test_linkedList4_WHOLE_SUITE.py::test_case_4 - IndexError: Cannot pop ...
======================== 12 failed, 49 passed in 0.20s =========================
</pre></div></div></div></div></div><div class="mb-1" id="job_list___sub_accordion_51"><div class="card"><a data-toggle="collapse" data-target="#job_list___sub_collapse_51_1" aria-expanded="false" aria-controls="job_list___sub_collapse_51_1" href="#" class="job_list___sub_multi_heading"><div role="alert" class="card-header alert-success" id="job_list___sub_heading_51_1"><button class="btn btn-outline-success"><span class="job_id">51 : Job ID 09ed2d9b4d3849899d48a1e39eea5390</span></button></div></a><div aria-labelledby="job_list___sub_heading_51_1" data-parent="#job_list___sub_accordion_51" class="collapse job_list___sub_multi_collapse" id="job_list___sub_collapse_51_1"><div class="card-body"><div class="work-item"><div class="alert alert-success test-outcome" role="alert"><p>worker outcome: normal</p><p>test outcome: killed</p></div></div><pre class="location"><a href="pycharm://open?file=linkedList4.py&amp;line=63" class="text-secondary"><button class="btn btn-outline-dark">linkedList4.py, start pos: (63, 14), end pos: (63, 18)</button></a></pre><pre>operator: core/AddNot, occurrence: 2</pre><div class="alert alert-secondary"><pre class="diff">--- mutation diff ---
--- alinkedList4.py
+++ blinkedList4.py
@@ -60,7 +60,7 @@
     def search(self, val):
         """Return the node containing val."""
         curr = self.head
-        while curr:
+        while not curr:
             if curr.data == val:
                 return curr
             curr = curr.next</pre></div><div class="alert alert-secondary"><pre class="diff">============================= test session starts ==============================
platform linux -- Python 3.10.12, pytest-7.1.3, pluggy-1.0.0
rootdir: /home/lucca/desktop/ic/experimento/testes/python_experiments/linkedList4/ALL-SMART-GPT-COSMICRAY
plugins: Faker-15.1.1, hypothesis-6.56.3
collected 61 items

test_linkedList4_COSMICRAY.py ....F                                      [  8%]
test_linkedList4_DYNAMOSA.py ....F....F....                              [ 31%]
test_linkedList4_MIO.py .....F..F.........                               [ 60%]
test_linkedList4_MOSA.py .....FF.........                                [ 86%]
test_linkedList4_WHOLE_SUITE.py ....F.FF                                 [100%]

=========================== short test summary info ============================
FAILED test_linkedList4_COSMICRAY.py::test_remove_search_is - AssertionError:...
FAILED test_linkedList4_DYNAMOSA.py::test_case_4 - AttributeError: 'NoneType'...
FAILED test_linkedList4_DYNAMOSA.py::test_case_9 - AssertionError: assert 'bu...
FAILED test_linkedList4_MIO.py::test_case_5 - AssertionError: assert 'builtin...
FAILED test_linkedList4_MIO.py::test_case_8 - AttributeError: 'NoneType' obje...
FAILED test_linkedList4_MOSA.py::test_case_5 - AssertionError: assert 'builti...
FAILED test_linkedList4_MOSA.py::test_case_6 - AttributeError: 'NoneType' obj...
FAILED test_linkedList4_WHOLE_SUITE.py::test_case_4 - AssertionError: assert ...
FAILED test_linkedList4_WHOLE_SUITE.py::test_case_6 - AttributeError: 'NoneTy...
FAILED test_linkedList4_WHOLE_SUITE.py::test_case_7 - AttributeError: 'NoneTy...
======================== 10 failed, 51 passed in 0.20s =========================
</pre></div></div></div></div></div><div class="mb-1" id="job_list___sub_accordion_52"><div class="card"><a data-toggle="collapse" data-target="#job_list___sub_collapse_52_1" aria-expanded="false" aria-controls="job_list___sub_collapse_52_1" href="#" class="job_list___sub_multi_heading"><div role="alert" class="card-header alert-success" id="job_list___sub_heading_52_1"><button class="btn btn-outline-success"><span class="job_id">52 : Job ID fc3e8bdd1bb84294936722b31dc1eee6</span></button></div></a><div aria-labelledby="job_list___sub_heading_52_1" data-parent="#job_list___sub_accordion_52" class="collapse job_list___sub_multi_collapse" id="job_list___sub_collapse_52_1"><div class="card-body"><div class="work-item"><div class="alert alert-success test-outcome" role="alert"><p>worker outcome: normal</p><p>test outcome: killed</p></div></div><pre class="location"><a href="pycharm://open?file=linkedList4.py&amp;line=64" class="text-secondary"><button class="btn btn-outline-dark">linkedList4.py, start pos: (64, 15), end pos: (64, 31)</button></a></pre><pre>operator: core/AddNot, occurrence: 3</pre><div class="alert alert-secondary"><pre class="diff">--- mutation diff ---
--- alinkedList4.py
+++ blinkedList4.py
@@ -61,7 +61,7 @@
         """Return the node containing val."""
         curr = self.head
         while curr:
-            if curr.data == val:
+            if not curr.data == val:
                 return curr
             curr = curr.next
 </pre></div><div class="alert alert-secondary"><pre class="diff">============================= test session starts ==============================
platform linux -- Python 3.10.12, pytest-7.1.3, pluggy-1.0.0
rootdir: /home/lucca/desktop/ic/experimento/testes/python_experiments/linkedList4/ALL-SMART-GPT-COSMICRAY
plugins: Faker-15.1.1, hypothesis-6.56.3
collected 61 items

test_linkedList4_COSMICRAY.py FF...                                      [  8%]
test_linkedList4_DYNAMOSA.py .........F....                              [ 31%]
test_linkedList4_MIO.py .....F............                               [ 60%]
test_linkedList4_MOSA.py .....F..........                                [ 86%]
test_linkedList4_WHOLE_SUITE.py ....F...                                 [100%]

=========================== short test summary info ============================
FAILED test_linkedList4_COSMICRAY.py::test_remove - assert &lt;linkedList4.Node ...
FAILED test_linkedList4_COSMICRAY.py::test_remove_head - assert &lt;linkedList4....
FAILED test_linkedList4_DYNAMOSA.py::test_case_9 - AssertionError: assert 'bu...
FAILED test_linkedList4_MIO.py::test_case_5 - AssertionError: assert 'builtin...
FAILED test_linkedList4_MOSA.py::test_case_5 - AssertionError: assert 'builti...
FAILED test_linkedList4_WHOLE_SUITE.py::test_case_4 - assert None is True
========================= 6 failed, 55 passed in 0.20s =========================
</pre></div></div></div></div></div><div class="mb-1" id="job_list___sub_accordion_53"><div class="card"><a data-toggle="collapse" data-target="#job_list___sub_collapse_53_1" aria-expanded="false" aria-controls="job_list___sub_collapse_53_1" href="#" class="job_list___sub_multi_heading"><div role="alert" class="card-header alert-success" id="job_list___sub_heading_53_1"><button class="btn btn-outline-success"><span class="job_id">53 : Job ID 302673404c6841a3a6ee4f0e01f3cd73</span></button></div></a><div aria-labelledby="job_list___sub_heading_53_1" data-parent="#job_list___sub_accordion_53" class="collapse job_list___sub_multi_collapse" id="job_list___sub_collapse_53_1"><div class="card-body"><div class="work-item"><div class="alert alert-success test-outcome" role="alert"><p>worker outcome: normal</p><p>test outcome: killed</p></div></div><pre class="location"><a href="pycharm://open?file=linkedList4.py&amp;line=71" class="text-secondary"><button class="btn btn-outline-dark">linkedList4.py, start pos: (71, 11), end pos: (71, 41)</button></a></pre><pre>operator: core/AddNot, occurrence: 4</pre><div class="alert alert-secondary"><pre class="diff">--- mutation diff ---
--- alinkedList4.py
+++ blinkedList4.py
@@ -68,7 +68,7 @@
     def remove(self, val):
         """Remove node from list if exists."""
         curr = self.head
-        if curr and val == self.head.data: # Manually adjusted line (from is to ==)
+        if not curr and val == self.head.data: # Manually adjusted line (from is to ==)
             self.head = self.head.next
             self._length -= 1
         while curr:</pre></div><div class="alert alert-secondary"><pre class="diff">============================= test session starts ==============================
platform linux -- Python 3.10.12, pytest-7.1.3, pluggy-1.0.0
rootdir: /home/lucca/desktop/ic/experimento/testes/python_experiments/linkedList4/ALL-SMART-GPT-COSMICRAY
plugins: Faker-15.1.1, hypothesis-6.56.3
collected 61 items

test_linkedList4_COSMICRAY.py .FF..                                      [  8%]
test_linkedList4_DYNAMOSA.py .....F.F....F.                              [ 31%]
test_linkedList4_MIO.py ..........F.F.....                               [ 60%]
test_linkedList4_MOSA.py .......F..F..FF.                                [ 86%]
test_linkedList4_WHOLE_SUITE.py ..FF....                                 [100%]

=========================== short test summary info ============================
FAILED test_linkedList4_COSMICRAY.py::test_remove_head - assert 3 == 2
FAILED test_linkedList4_COSMICRAY.py::test_x - assert 3 == 2
FAILED test_linkedList4_DYNAMOSA.py::test_case_5 - AttributeError: 'NoneType'...
FAILED test_linkedList4_DYNAMOSA.py::test_case_7 - AttributeError: 'NoneType'...
FAILED test_linkedList4_DYNAMOSA.py::test_case_12 - assert &lt;linkedList4.Node ...
FAILED test_linkedList4_MIO.py::test_case_10 - assert &lt;linkedList4.Node objec...
FAILED test_linkedList4_MIO.py::test_case_12 - AttributeError: 'NoneType' obj...
FAILED test_linkedList4_MOSA.py::test_case_7 - AttributeError: 'NoneType' obj...
FAILED test_linkedList4_MOSA.py::test_case_10 - AttributeError: 'NoneType' ob...
FAILED test_linkedList4_MOSA.py::test_case_13 - AttributeError: 'NoneType' ob...
FAILED test_linkedList4_MOSA.py::test_case_14 - assert &lt;linkedList4.Node obje...
FAILED test_linkedList4_WHOLE_SUITE.py::test_case_2 - assert &lt;linkedList4.Nod...
FAILED test_linkedList4_WHOLE_SUITE.py::test_case_3 - AttributeError: 'NoneTy...
======================== 13 failed, 48 passed in 0.20s =========================
</pre></div></div></div></div></div><div class="mb-1" id="job_list___sub_accordion_54"><div class="card"><a data-toggle="collapse" data-target="#job_list___sub_collapse_54_1" aria-expanded="false" aria-controls="job_list___sub_collapse_54_1" href="#" class="job_list___sub_multi_heading"><div role="alert" class="card-header alert-success" id="job_list___sub_heading_54_1"><button class="btn btn-outline-success"><span class="job_id">54 : Job ID 65a117cdda1c46dbad4c116e75c9e4b2</span></button></div></a><div aria-labelledby="job_list___sub_heading_54_1" data-parent="#job_list___sub_accordion_54" class="collapse job_list___sub_multi_collapse" id="job_list___sub_collapse_54_1"><div class="card-body"><div class="work-item"><div class="alert alert-success test-outcome" role="alert"><p>worker outcome: normal</p><p>test outcome: killed</p></div></div><pre class="location"><a href="pycharm://open?file=linkedList4.py&amp;line=74" class="text-secondary"><button class="btn btn-outline-dark">linkedList4.py, start pos: (74, 14), end pos: (74, 18)</button></a></pre><pre>operator: core/AddNot, occurrence: 5</pre><div class="alert alert-secondary"><pre class="diff">--- mutation diff ---
--- alinkedList4.py
+++ blinkedList4.py
@@ -71,7 +71,7 @@
         if curr and val == self.head.data: # Manually adjusted line (from is to ==)
             self.head = self.head.next
             self._length -= 1
-        while curr:
+        while not curr:
             if (curr.next and curr.next.data == val):
                 curr.next = curr.next.next
                 self._length -= 1</pre></div><div class="alert alert-secondary"><pre class="diff">============================= test session starts ==============================
platform linux -- Python 3.10.12, pytest-7.1.3, pluggy-1.0.0
rootdir: /home/lucca/desktop/ic/experimento/testes/python_experiments/linkedList4/ALL-SMART-GPT-COSMICRAY
plugins: Faker-15.1.1, hypothesis-6.56.3
collected 61 items

test_linkedList4_COSMICRAY.py F..F.                                      [  8%]
test_linkedList4_DYNAMOSA.py .....F.F......                              [ 31%]
test_linkedList4_MIO.py ............F.....                               [ 60%]
test_linkedList4_MOSA.py .......F..F..F..                                [ 86%]
test_linkedList4_WHOLE_SUITE.py ...F....                                 [100%]

=========================== short test summary info ============================
FAILED test_linkedList4_COSMICRAY.py::test_remove - assert 3 == 2
FAILED test_linkedList4_COSMICRAY.py::test_y - assert 3 == 2
FAILED test_linkedList4_DYNAMOSA.py::test_case_5 - AttributeError: 'NoneType'...
FAILED test_linkedList4_DYNAMOSA.py::test_case_7 - AttributeError: 'NoneType'...
FAILED test_linkedList4_MIO.py::test_case_12 - AttributeError: 'NoneType' obj...
FAILED test_linkedList4_MOSA.py::test_case_7 - AttributeError: 'NoneType' obj...
FAILED test_linkedList4_MOSA.py::test_case_10 - AttributeError: 'NoneType' ob...
FAILED test_linkedList4_MOSA.py::test_case_13 - AttributeError: 'NoneType' ob...
FAILED test_linkedList4_WHOLE_SUITE.py::test_case_3 - AttributeError: 'NoneTy...
========================= 9 failed, 52 passed in 0.20s =========================
</pre></div></div></div></div></div><div class="mb-1" id="job_list___sub_accordion_55"><div class="card"><a data-toggle="collapse" data-target="#job_list___sub_collapse_55_1" aria-expanded="false" aria-controls="job_list___sub_collapse_55_1" href="#" class="job_list___sub_multi_heading"><div role="alert" class="card-header alert-success" id="job_list___sub_heading_55_1"><button class="btn btn-outline-success"><span class="job_id">55 : Job ID d375f467869641eaad0d0ebf925f7999</span></button></div></a><div aria-labelledby="job_list___sub_heading_55_1" data-parent="#job_list___sub_accordion_55" class="collapse job_list___sub_multi_collapse" id="job_list___sub_collapse_55_1"><div class="card-body"><div class="work-item"><div class="alert alert-success test-outcome" role="alert"><p>worker outcome: normal</p><p>test outcome: killed</p></div></div><pre class="location"><a href="pycharm://open?file=linkedList4.py&amp;line=75" class="text-secondary"><button class="btn btn-outline-dark">linkedList4.py, start pos: (75, 15), end pos: (75, 52)</button></a></pre><pre>operator: core/AddNot, occurrence: 6</pre><div class="alert alert-secondary"><pre class="diff">--- mutation diff ---
--- alinkedList4.py
+++ blinkedList4.py
@@ -72,7 +72,7 @@
             self.head = self.head.next
             self._length -= 1
         while curr:
-            if (curr.next and curr.next.data == val):
+            if not (curr.next and curr.next.data == val):
                 curr.next = curr.next.next
                 self._length -= 1
             curr = curr.next</pre></div><div class="alert alert-secondary"><pre class="diff">============================= test session starts ==============================
platform linux -- Python 3.10.12, pytest-7.1.3, pluggy-1.0.0
rootdir: /home/lucca/desktop/ic/experimento/testes/python_experiments/linkedList4/ALL-SMART-GPT-COSMICRAY
plugins: Faker-15.1.1, hypothesis-6.56.3
collected 61 items

test_linkedList4_COSMICRAY.py FFFF.                                      [  8%]
test_linkedList4_DYNAMOSA.py ..........FFFF                              [ 31%]
test_linkedList4_MIO.py .........FFF.F....                               [ 60%]
test_linkedList4_MOSA.py ...........FFFFF                                [ 86%]
test_linkedList4_WHOLE_SUITE.py ..F.FF..                                 [100%]

=========================== short test summary info ============================
FAILED test_linkedList4_COSMICRAY.py::test_remove - AttributeError: 'NoneType...
FAILED test_linkedList4_COSMICRAY.py::test_remove_head - AttributeError: 'Non...
FAILED test_linkedList4_COSMICRAY.py::test_x - AttributeError: 'NoneType' obj...
FAILED test_linkedList4_COSMICRAY.py::test_y - AttributeError: 'NoneType' obj...
FAILED test_linkedList4_DYNAMOSA.py::test_case_10 - AttributeError: 'NoneType...
FAILED test_linkedList4_DYNAMOSA.py::test_case_11 - AttributeError: 'NoneType...
FAILED test_linkedList4_DYNAMOSA.py::test_case_12 - AttributeError: 'NoneType...
FAILED test_linkedList4_DYNAMOSA.py::test_case_13 - AttributeError: 'NoneType...
FAILED test_linkedList4_MIO.py::test_case_9 - AttributeError: 'NoneType' obje...
FAILED test_linkedList4_MIO.py::test_case_10 - AttributeError: 'NoneType' obj...
FAILED test_linkedList4_MIO.py::test_case_11 - AttributeError: 'NoneType' obj...
FAILED test_linkedList4_MIO.py::test_case_13 - AttributeError: 'NoneType' obj...
FAILED test_linkedList4_MOSA.py::test_case_11 - AttributeError: 'NoneType' ob...
FAILED test_linkedList4_MOSA.py::test_case_12 - AttributeError: 'NoneType' ob...
FAILED test_linkedList4_MOSA.py::test_case_13 - assert 3 == 6
FAILED test_linkedList4_MOSA.py::test_case_14 - AttributeError: 'NoneType' ob...
FAILED test_linkedList4_MOSA.py::test_case_15 - AttributeError: 'NoneType' ob...
FAILED test_linkedList4_WHOLE_SUITE.py::test_case_2 - AttributeError: 'NoneTy...
FAILED test_linkedList4_WHOLE_SUITE.py::test_case_4 - AttributeError: 'NoneTy...
FAILED test_linkedList4_WHOLE_SUITE.py::test_case_5 - AttributeError: 'NoneTy...
======================== 20 failed, 41 passed in 0.20s =========================
</pre></div></div></div></div></div><div class="mb-1" id="job_list___sub_accordion_56"><div class="card"><a data-toggle="collapse" data-target="#job_list___sub_collapse_56_1" aria-expanded="false" aria-controls="job_list___sub_collapse_56_1" href="#" class="job_list___sub_multi_heading"><div role="alert" class="card-header alert-success" id="job_list___sub_heading_56_1"><button class="btn btn-outline-success"><span class="job_id">56 : Job ID 5f3402482a384f74a79f4c9a113957c3</span></button></div></a><div aria-labelledby="job_list___sub_heading_56_1" data-parent="#job_list___sub_accordion_56" class="collapse job_list___sub_multi_collapse" id="job_list___sub_collapse_56_1"><div class="card-body"><div class="work-item"><div class="alert alert-success test-outcome" role="alert"><p>worker outcome: normal</p><p>test outcome: killed</p></div></div><pre class="location"><a href="pycharm://open?file=linkedList4.py&amp;line=84" class="text-secondary"><button class="btn btn-outline-dark">linkedList4.py, start pos: (84, 14), end pos: (84, 18)</button></a></pre><pre>operator: core/AddNot, occurrence: 7</pre><div class="alert alert-secondary"><pre class="diff">--- mutation diff ---
--- alinkedList4.py
+++ blinkedList4.py
@@ -81,7 +81,7 @@
         """Display list as a tuple."""
         curr = self.head
         display = '('
-        while curr:
+        while not curr:
             display += str(curr.data) + ', '
             curr = curr.next
         return display[:-2] + ')'</pre></div><div class="alert alert-secondary"><pre class="diff">============================= test session starts ==============================
platform linux -- Python 3.10.12, pytest-7.1.3, pluggy-1.0.0
rootdir: /home/lucca/desktop/ic/experimento/testes/python_experiments/linkedList4/ALL-SMART-GPT-COSMICRAY
plugins: Faker-15.1.1, hypothesis-6.56.3
collected 61 items

test_linkedList4_COSMICRAY.py .....                                      [  8%]
test_linkedList4_DYNAMOSA.py ......FF..F...                              [ 31%]
test_linkedList4_MIO.py ..............F.F.                               [ 60%]
test_linkedList4_MOSA.py F.......F...F...                                [ 86%]
test_linkedList4_WHOLE_SUITE.py ....FF..                                 [100%]

=========================== short test summary info ============================
FAILED test_linkedList4_DYNAMOSA.py::test_case_6 - AssertionError: assert ')'...
FAILED test_linkedList4_DYNAMOSA.py::test_case_7 - AttributeError: 'NoneType'...
FAILED test_linkedList4_DYNAMOSA.py::test_case_10 - AttributeError: 'NoneType...
FAILED test_linkedList4_MIO.py::test_case_14 - AssertionError: assert ')' == ...
FAILED test_linkedList4_MIO.py::test_case_16 - AttributeError: 'NoneType' obj...
FAILED test_linkedList4_MOSA.py::test_case_0 - AssertionError: assert ')' == ...
FAILED test_linkedList4_MOSA.py::test_case_8 - AttributeError: 'NoneType' obj...
FAILED test_linkedList4_MOSA.py::test_case_12 - AttributeError: 'NoneType' ob...
FAILED test_linkedList4_WHOLE_SUITE.py::test_case_4 - AttributeError: 'NoneTy...
FAILED test_linkedList4_WHOLE_SUITE.py::test_case_5 - AssertionError: assert ...
======================== 10 failed, 51 passed in 0.20s =========================
</pre></div></div></div></div></div><div class="mb-1" id="job_list___sub_accordion_57"><div class="card"><a data-toggle="collapse" data-target="#job_list___sub_collapse_57_1" aria-expanded="false" aria-controls="job_list___sub_collapse_57_1" href="#" class="job_list___sub_multi_heading"><div role="alert" class="card-header alert-success" id="job_list___sub_heading_57_1"><button class="btn btn-outline-success"><span class="job_id">57 : Job ID bfd85a4c8d224f91980894575d4f7ed0</span></button></div></a><div aria-labelledby="job_list___sub_heading_57_1" data-parent="#job_list___sub_accordion_57" class="collapse job_list___sub_multi_collapse" id="job_list___sub_collapse_57_1"><div class="card-body"><div class="work-item"><div class="alert alert-success test-outcome" role="alert"><p>worker outcome: normal</p><p>test outcome: killed</p></div></div><pre class="location"><a href="pycharm://open?file=linkedList4.py&amp;line=71" class="text-secondary"><button class="btn btn-outline-dark">linkedList4.py, start pos: (71, 16), end pos: (71, 19)</button></a></pre><pre>operator: core/ReplaceAndWithOr, occurrence: 0</pre><div class="alert alert-secondary"><pre class="diff">--- mutation diff ---
--- alinkedList4.py
+++ blinkedList4.py
@@ -68,7 +68,7 @@
     def remove(self, val):
         """Remove node from list if exists."""
         curr = self.head
-        if curr and val == self.head.data: # Manually adjusted line (from is to ==)
+        if curr or val == self.head.data: # Manually adjusted line (from is to ==)
             self.head = self.head.next
             self._length -= 1
         while curr:</pre></div><div class="alert alert-secondary"><pre class="diff">============================= test session starts ==============================
platform linux -- Python 3.10.12, pytest-7.1.3, pluggy-1.0.0
rootdir: /home/lucca/desktop/ic/experimento/testes/python_experiments/linkedList4/ALL-SMART-GPT-COSMICRAY
plugins: Faker-15.1.1, hypothesis-6.56.3
collected 61 items

test_linkedList4_COSMICRAY.py F..F.                                      [  8%]
test_linkedList4_DYNAMOSA.py .....F.F......                              [ 31%]
test_linkedList4_MIO.py ............F.....                               [ 60%]
test_linkedList4_MOSA.py .......F..F..F..                                [ 86%]
test_linkedList4_WHOLE_SUITE.py ...F....                                 [100%]

=========================== short test summary info ============================
FAILED test_linkedList4_COSMICRAY.py::test_remove - assert 1 == 2
FAILED test_linkedList4_COSMICRAY.py::test_y - assert 1 == 2
FAILED test_linkedList4_DYNAMOSA.py::test_case_5 - AttributeError: 'NoneType'...
FAILED test_linkedList4_DYNAMOSA.py::test_case_7 - AttributeError: 'NoneType'...
FAILED test_linkedList4_MIO.py::test_case_12 - AttributeError: 'NoneType' obj...
FAILED test_linkedList4_MOSA.py::test_case_7 - AttributeError: 'NoneType' obj...
FAILED test_linkedList4_MOSA.py::test_case_10 - AttributeError: 'NoneType' ob...
FAILED test_linkedList4_MOSA.py::test_case_13 - AttributeError: 'NoneType' ob...
FAILED test_linkedList4_WHOLE_SUITE.py::test_case_3 - AttributeError: 'NoneTy...
========================= 9 failed, 52 passed in 0.20s =========================
</pre></div></div></div></div></div><div class="mb-1" id="job_list___sub_accordion_58"><div class="card"><a data-toggle="collapse" data-target="#job_list___sub_collapse_58_1" aria-expanded="false" aria-controls="job_list___sub_collapse_58_1" href="#" class="job_list___sub_multi_heading"><div role="alert" class="card-header alert-success" id="job_list___sub_heading_58_1"><button class="btn btn-outline-success"><span class="job_id">58 : Job ID 287226b4827946a9b4c648c1319338ca</span></button></div></a><div aria-labelledby="job_list___sub_heading_58_1" data-parent="#job_list___sub_accordion_58" class="collapse job_list___sub_multi_collapse" id="job_list___sub_collapse_58_1"><div class="card-body"><div class="work-item"><div class="alert alert-success test-outcome" role="alert"><p>worker outcome: normal</p><p>test outcome: killed</p></div></div><pre class="location"><a href="pycharm://open?file=linkedList4.py&amp;line=75" class="text-secondary"><button class="btn btn-outline-dark">linkedList4.py, start pos: (75, 26), end pos: (75, 29)</button></a></pre><pre>operator: core/ReplaceAndWithOr, occurrence: 1</pre><div class="alert alert-secondary"><pre class="diff">--- mutation diff ---
--- alinkedList4.py
+++ blinkedList4.py
@@ -72,7 +72,7 @@
             self.head = self.head.next
             self._length -= 1
         while curr:
-            if (curr.next and curr.next.data == val):
+            if (curr.next or curr.next.data == val):
                 curr.next = curr.next.next
                 self._length -= 1
             curr = curr.next</pre></div><div class="alert alert-secondary"><pre class="diff">============================= test session starts ==============================
platform linux -- Python 3.10.12, pytest-7.1.3, pluggy-1.0.0
rootdir: /home/lucca/desktop/ic/experimento/testes/python_experiments/linkedList4/ALL-SMART-GPT-COSMICRAY
plugins: Faker-15.1.1, hypothesis-6.56.3
collected 61 items

test_linkedList4_COSMICRAY.py FFFF.                                      [  8%]
test_linkedList4_DYNAMOSA.py ..........FFF.                              [ 31%]
test_linkedList4_MIO.py .........FFF......                               [ 60%]
test_linkedList4_MOSA.py ...........FFFF.                                [ 86%]
test_linkedList4_WHOLE_SUITE.py ..F..F..                                 [100%]

=========================== short test summary info ============================
FAILED test_linkedList4_COSMICRAY.py::test_remove - AttributeError: 'NoneType...
FAILED test_linkedList4_COSMICRAY.py::test_remove_head - AttributeError: 'Non...
FAILED test_linkedList4_COSMICRAY.py::test_x - AttributeError: 'NoneType' obj...
FAILED test_linkedList4_COSMICRAY.py::test_y - AttributeError: 'NoneType' obj...
FAILED test_linkedList4_DYNAMOSA.py::test_case_10 - AttributeError: 'NoneType...
FAILED test_linkedList4_DYNAMOSA.py::test_case_11 - AttributeError: 'NoneType...
FAILED test_linkedList4_DYNAMOSA.py::test_case_12 - AttributeError: 'NoneType...
FAILED test_linkedList4_MIO.py::test_case_9 - AttributeError: 'NoneType' obje...
FAILED test_linkedList4_MIO.py::test_case_10 - AttributeError: 'NoneType' obj...
FAILED test_linkedList4_MIO.py::test_case_11 - AttributeError: 'NoneType' obj...
FAILED test_linkedList4_MOSA.py::test_case_11 - AttributeError: 'NoneType' ob...
FAILED test_linkedList4_MOSA.py::test_case_12 - AttributeError: 'NoneType' ob...
FAILED test_linkedList4_MOSA.py::test_case_13 - assert 3 == 6
FAILED test_linkedList4_MOSA.py::test_case_14 - AttributeError: 'NoneType' ob...
FAILED test_linkedList4_WHOLE_SUITE.py::test_case_2 - AttributeError: 'NoneTy...
FAILED test_linkedList4_WHOLE_SUITE.py::test_case_5 - AttributeError: 'NoneTy...
======================== 16 failed, 45 passed in 0.20s =========================
</pre></div></div></div></div></div><div class="mb-1" id="job_list___sub_accordion_59"><div class="card"><a data-toggle="collapse" data-target="#job_list___sub_collapse_59_1" aria-expanded="false" aria-controls="job_list___sub_collapse_59_1" href="#" class="job_list___sub_multi_heading"><div role="alert" class="card-header alert-success" id="job_list___sub_heading_59_1"><button class="btn btn-outline-success"><span class="job_id">59 : Job ID a4188cc8f11c460f85b782b6755fa95e</span></button></div></a><div aria-labelledby="job_list___sub_heading_59_1" data-parent="#job_list___sub_accordion_59" class="collapse job_list___sub_multi_collapse" id="job_list___sub_collapse_59_1"><div class="card-body"><div class="work-item"><div class="alert alert-success test-outcome" role="alert"><p>worker outcome: normal</p><p>test outcome: killed</p></div></div><pre class="location"><a href="pycharm://open?file=linkedList4.py&amp;line=37" class="text-secondary"><button class="btn btn-outline-dark">linkedList4.py, start pos: (37, 15), end pos: (37, 24)</button></a></pre><pre>operator: core/ExceptionReplacer, occurrence: 0</pre><div class="alert alert-secondary"><pre class="diff">--- mutation diff ---
--- alinkedList4.py
+++ blinkedList4.py
@@ -34,7 +34,7 @@
         try:
             for val in data:
                 self.push(val)
-        except TypeError:
+        except CosmicRayTestingException:
             if data:
                 self.push(data)
 </pre></div><div class="alert alert-secondary"><pre class="diff">============================= test session starts ==============================
platform linux -- Python 3.10.12, pytest-7.1.3, pluggy-1.0.0
rootdir: /home/lucca/desktop/ic/experimento/testes/python_experiments/linkedList4/ALL-SMART-GPT-COSMICRAY
plugins: Faker-15.1.1, hypothesis-6.56.3
collected 61 items

test_linkedList4_COSMICRAY.py ..FFF                                      [  8%]
test_linkedList4_DYNAMOSA.py .FFFFF.FFFFFFF                              [ 31%]
test_linkedList4_MIO.py .FFFFFF.F.FFFF.FFF                               [ 60%]
test_linkedList4_MOSA.py .FFFFFFFFFFFFFFF                                [ 86%]
test_linkedList4_WHOLE_SUITE.py F.FFF.FF                                 [100%]

=========================== short test summary info ============================
FAILED test_linkedList4_COSMICRAY.py::test_x - NameError: name 'CosmicRayTest...
FAILED test_linkedList4_COSMICRAY.py::test_y - NameError: name 'CosmicRayTest...
FAILED test_linkedList4_COSMICRAY.py::test_remove_search_is - NameError: name...
FAILED test_linkedList4_DYNAMOSA.py::test_case_1 - NameError: name 'CosmicRay...
FAILED test_linkedList4_DYNAMOSA.py::test_case_2 - NameError: name 'CosmicRay...
FAILED test_linkedList4_DYNAMOSA.py::test_case_3 - NameError: name 'CosmicRay...
FAILED test_linkedList4_DYNAMOSA.py::test_case_4 - NameError: name 'CosmicRay...
FAILED test_linkedList4_DYNAMOSA.py::test_case_5 - NameError: name 'CosmicRay...
FAILED test_linkedList4_DYNAMOSA.py::test_case_7 - NameError: name 'CosmicRay...
FAILED test_linkedList4_DYNAMOSA.py::test_case_8 - NameError: name 'CosmicRay...
FAILED test_linkedList4_DYNAMOSA.py::test_case_9 - NameError: name 'CosmicRay...
FAILED test_linkedList4_DYNAMOSA.py::test_case_10 - NameError: name 'CosmicRa...
FAILED test_linkedList4_DYNAMOSA.py::test_case_11 - NameError: name 'CosmicRa...
FAILED test_linkedList4_DYNAMOSA.py::test_case_12 - NameError: name 'CosmicRa...
FAILED test_linkedList4_DYNAMOSA.py::test_case_13 - NameError: name 'CosmicRa...
FAILED test_linkedList4_MIO.py::test_case_1 - NameError: name 'CosmicRayTesti...
FAILED test_linkedList4_MIO.py::test_case_2 - NameError: name 'CosmicRayTesti...
FAILED test_linkedList4_MIO.py::test_case_3 - NameError: name 'CosmicRayTesti...
FAILED test_linkedList4_MIO.py::test_case_4 - NameError: name 'CosmicRayTesti...
FAILED test_linkedList4_MIO.py::test_case_5 - NameError: name 'CosmicRayTesti...
FAILED test_linkedList4_MIO.py::test_case_6 - NameError: name 'CosmicRayTesti...
FAILED test_linkedList4_MIO.py::test_case_8 - NameError: name 'CosmicRayTesti...
FAILED test_linkedList4_MIO.py::test_case_10 - NameError: name 'CosmicRayTest...
FAILED test_linkedList4_MIO.py::test_case_11 - NameError: name 'CosmicRayTest...
FAILED test_linkedList4_MIO.py::test_case_12 - NameError: name 'CosmicRayTest...
FAILED test_linkedList4_MIO.py::test_case_13 - NameError: name 'CosmicRayTest...
FAILED test_linkedList4_MIO.py::test_case_15 - NameError: name 'CosmicRayTest...
FAILED test_linkedList4_MIO.py::test_case_16 - NameError: name 'CosmicRayTest...
FAILED test_linkedList4_MIO.py::test_case_17 - NameError: name 'CosmicRayTest...
FAILED test_linkedList4_MOSA.py::test_case_1 - NameError: name 'CosmicRayTest...
FAILED test_linkedList4_MOSA.py::test_case_2 - NameError: name 'CosmicRayTest...
FAILED test_linkedList4_MOSA.py::test_case_3 - NameError: name 'CosmicRayTest...
FAILED test_linkedList4_MOSA.py::test_case_4 - NameError: name 'CosmicRayTest...
FAILED test_linkedList4_MOSA.py::test_case_5 - NameError: name 'CosmicRayTest...
FAILED test_linkedList4_MOSA.py::test_case_6 - NameError: name 'CosmicRayTest...
FAILED test_linkedList4_MOSA.py::test_case_7 - NameError: name 'CosmicRayTest...
FAILED test_linkedList4_MOSA.py::test_case_8 - NameError: name 'CosmicRayTest...
FAILED test_linkedList4_MOSA.py::test_case_9 - NameError: name 'CosmicRayTest...
FAILED test_linkedList4_MOSA.py::test_case_10 - NameError: name 'CosmicRayTes...
FAILED test_linkedList4_MOSA.py::test_case_11 - NameError: name 'CosmicRayTes...
FAILED test_linkedList4_MOSA.py::test_case_12 - NameError: name 'CosmicRayTes...
FAILED test_linkedList4_MOSA.py::test_case_13 - NameError: name 'CosmicRayTes...
FAILED test_linkedList4_MOSA.py::test_case_14 - NameError: name 'CosmicRayTes...
FAILED test_linkedList4_MOSA.py::test_case_15 - NameError: name 'CosmicRayTes...
FAILED test_linkedList4_WHOLE_SUITE.py::test_case_0 - NameError: name 'Cosmic...
FAILED test_linkedList4_WHOLE_SUITE.py::test_case_2 - NameError: name 'Cosmic...
FAILED test_linkedList4_WHOLE_SUITE.py::test_case_3 - NameError: name 'Cosmic...
FAILED test_linkedList4_WHOLE_SUITE.py::test_case_4 - NameError: name 'Cosmic...
FAILED test_linkedList4_WHOLE_SUITE.py::test_case_6 - NameError: name 'Cosmic...
FAILED test_linkedList4_WHOLE_SUITE.py::test_case_7 - NameError: name 'Cosmic...
======================== 50 failed, 11 passed in 0.23s =========================
</pre></div></div></div></div></div><div class="mb-1" id="job_list___sub_accordion_60"><div class="card"><a data-toggle="collapse" data-target="#job_list___sub_collapse_60_1" aria-expanded="false" aria-controls="job_list___sub_collapse_60_1" href="#" class="job_list___sub_multi_heading"><div role="alert" class="card-header alert-success" id="job_list___sub_heading_60_1"><button class="btn btn-outline-success"><span class="job_id">60 : Job ID fc6a8e36a7fd431d89bf81f8a224fb0f</span></button></div></a><div aria-labelledby="job_list___sub_heading_60_1" data-parent="#job_list___sub_accordion_60" class="collapse job_list___sub_multi_collapse" id="job_list___sub_collapse_60_1"><div class="card-body"><div class="work-item"><div class="alert alert-success test-outcome" role="alert"><p>worker outcome: normal</p><p>test outcome: killed</p></div></div><pre class="location"><a href="pycharm://open?file=linkedList4.py&amp;line=32" class="text-secondary"><button class="btn btn-outline-dark">linkedList4.py, start pos: (32, 23), end pos: (32, 24)</button></a></pre><pre>operator: core/NumberReplacer, occurrence: 0</pre><div class="alert alert-secondary"><pre class="diff">--- mutation diff ---
--- alinkedList4.py
+++ blinkedList4.py
@@ -29,7 +29,7 @@
 
     def __init__(self, data=None):
         """Linked list initialized with head."""
-        self._length = 0
+        self._length = 1
         self.head = None
         try:
             for val in data:</pre></div><div class="alert alert-secondary"><pre class="diff">============================= test session starts ==============================
platform linux -- Python 3.10.12, pytest-7.1.3, pluggy-1.0.0
rootdir: /home/lucca/desktop/ic/experimento/testes/python_experiments/linkedList4/ALL-SMART-GPT-COSMICRAY
plugins: Faker-15.1.1, hypothesis-6.56.3
collected 61 items

test_linkedList4_COSMICRAY.py FFFF.                                      [  8%]
test_linkedList4_DYNAMOSA.py ........F.....                              [ 31%]
test_linkedList4_MIO.py .................F                               [ 60%]
test_linkedList4_MOSA.py .........F...F..                                [ 86%]
test_linkedList4_WHOLE_SUITE.py ....F...                                 [100%]

=========================== short test summary info ============================
FAILED test_linkedList4_COSMICRAY.py::test_remove - assert 3 == 2
FAILED test_linkedList4_COSMICRAY.py::test_remove_head - assert 3 == 2
FAILED test_linkedList4_COSMICRAY.py::test_x - assert 3 == 2
FAILED test_linkedList4_COSMICRAY.py::test_y - assert 3 == 2
FAILED test_linkedList4_DYNAMOSA.py::test_case_8 - assert 1 == 0
FAILED test_linkedList4_MIO.py::test_case_17 - assert 1 == 0
FAILED test_linkedList4_MOSA.py::test_case_9 - assert 1 == 0
FAILED test_linkedList4_MOSA.py::test_case_13 - assert 7 == 6
FAILED test_linkedList4_WHOLE_SUITE.py::test_case_4 - assert 2 == 1
========================= 9 failed, 52 passed in 0.20s =========================
</pre></div></div></div></div></div><div class="mb-1" id="job_list___sub_accordion_61"><div class="card"><a data-toggle="collapse" data-target="#job_list___sub_collapse_61_1" aria-expanded="false" aria-controls="job_list___sub_collapse_61_1" href="#" class="job_list___sub_multi_heading"><div role="alert" class="card-header alert-success" id="job_list___sub_heading_61_1"><button class="btn btn-outline-success"><span class="job_id">61 : Job ID d9305e28bd8e41c1a7243bf4fe0c5c80</span></button></div></a><div aria-labelledby="job_list___sub_heading_61_1" data-parent="#job_list___sub_accordion_61" class="collapse job_list___sub_multi_collapse" id="job_list___sub_collapse_61_1"><div class="card-body"><div class="work-item"><div class="alert alert-success test-outcome" role="alert"><p>worker outcome: normal</p><p>test outcome: killed</p></div></div><pre class="location"><a href="pycharm://open?file=linkedList4.py&amp;line=32" class="text-secondary"><button class="btn btn-outline-dark">linkedList4.py, start pos: (32, 23), end pos: (32, 24)</button></a></pre><pre>operator: core/NumberReplacer, occurrence: 1</pre><div class="alert alert-secondary"><pre class="diff">--- mutation diff ---
--- alinkedList4.py
+++ blinkedList4.py
@@ -29,7 +29,7 @@
 
     def __init__(self, data=None):
         """Linked list initialized with head."""
-        self._length = 0
+        self._length = -1
         self.head = None
         try:
             for val in data:</pre></div><div class="alert alert-secondary"><pre class="diff">============================= test session starts ==============================
platform linux -- Python 3.10.12, pytest-7.1.3, pluggy-1.0.0
rootdir: /home/lucca/desktop/ic/experimento/testes/python_experiments/linkedList4/ALL-SMART-GPT-COSMICRAY
plugins: Faker-15.1.1, hypothesis-6.56.3
collected 61 items

test_linkedList4_COSMICRAY.py FFFF.                                      [  8%]
test_linkedList4_DYNAMOSA.py ........F.....                              [ 31%]
test_linkedList4_MIO.py .................F                               [ 60%]
test_linkedList4_MOSA.py .........F...F..                                [ 86%]
test_linkedList4_WHOLE_SUITE.py ....F...                                 [100%]

=========================== short test summary info ============================
FAILED test_linkedList4_COSMICRAY.py::test_remove - assert 1 == 2
FAILED test_linkedList4_COSMICRAY.py::test_remove_head - assert 1 == 2
FAILED test_linkedList4_COSMICRAY.py::test_x - assert 1 == 2
FAILED test_linkedList4_COSMICRAY.py::test_y - assert 1 == 2
FAILED test_linkedList4_DYNAMOSA.py::test_case_8 - assert -1 == 0
FAILED test_linkedList4_MIO.py::test_case_17 - assert -1 == 0
FAILED test_linkedList4_MOSA.py::test_case_9 - assert -1 == 0
FAILED test_linkedList4_MOSA.py::test_case_13 - assert 5 == 6
FAILED test_linkedList4_WHOLE_SUITE.py::test_case_4 - assert 0 == 1
========================= 9 failed, 52 passed in 0.19s =========================
</pre></div></div></div></div></div><div class="mb-1" id="job_list___sub_accordion_62"><div class="card"><a data-toggle="collapse" data-target="#job_list___sub_collapse_62_1" aria-expanded="false" aria-controls="job_list___sub_collapse_62_1" href="#" class="job_list___sub_multi_heading"><div role="alert" class="card-header alert-success" id="job_list___sub_heading_62_1"><button class="btn btn-outline-success"><span class="job_id">62 : Job ID 2afaacc51e444c11ac9025ee1ba21008</span></button></div></a><div aria-labelledby="job_list___sub_heading_62_1" data-parent="#job_list___sub_accordion_62" class="collapse job_list___sub_multi_collapse" id="job_list___sub_collapse_62_1"><div class="card-body"><div class="work-item"><div class="alert alert-success test-outcome" role="alert"><p>worker outcome: normal</p><p>test outcome: killed</p></div></div><pre class="location"><a href="pycharm://open?file=linkedList4.py&amp;line=45" class="text-secondary"><button class="btn btn-outline-dark">linkedList4.py, start pos: (45, 24), end pos: (45, 25)</button></a></pre><pre>operator: core/NumberReplacer, occurrence: 2</pre><div class="alert alert-secondary"><pre class="diff">--- mutation diff ---
--- alinkedList4.py
+++ blinkedList4.py
@@ -42,7 +42,7 @@
         """Insert a value at the head of the list."""
         old_head = self.head
         self.head = Node(val, old_head)
-        self._length += 1
+        self._length += 2
 
     def pop(self):
         """Remove the first value and return it."""</pre></div><div class="alert alert-secondary"><pre class="diff">============================= test session starts ==============================
platform linux -- Python 3.10.12, pytest-7.1.3, pluggy-1.0.0
rootdir: /home/lucca/desktop/ic/experimento/testes/python_experiments/linkedList4/ALL-SMART-GPT-COSMICRAY
plugins: Faker-15.1.1, hypothesis-6.56.3
collected 61 items

test_linkedList4_COSMICRAY.py FFFF.                                      [  8%]
test_linkedList4_DYNAMOSA.py ..............                              [ 31%]
test_linkedList4_MIO.py ..................                               [ 60%]
test_linkedList4_MOSA.py .............F..                                [ 86%]
test_linkedList4_WHOLE_SUITE.py ....F...                                 [100%]

=========================== short test summary info ============================
FAILED test_linkedList4_COSMICRAY.py::test_remove - assert 5 == 2
FAILED test_linkedList4_COSMICRAY.py::test_remove_head - assert 5 == 2
FAILED test_linkedList4_COSMICRAY.py::test_x - assert 5 == 2
FAILED test_linkedList4_COSMICRAY.py::test_y - assert 5 == 2
FAILED test_linkedList4_MOSA.py::test_case_13 - assert 12 == 6
FAILED test_linkedList4_WHOLE_SUITE.py::test_case_4 - assert 3 == 1
========================= 6 failed, 55 passed in 0.19s =========================
</pre></div></div></div></div></div><div class="mb-1" id="job_list___sub_accordion_63"><div class="card"><a data-toggle="collapse" data-target="#job_list___sub_collapse_63_1" aria-expanded="false" aria-controls="job_list___sub_collapse_63_1" href="#" class="job_list___sub_multi_heading"><div role="alert" class="card-header alert-success" id="job_list___sub_heading_63_1"><button class="btn btn-outline-success"><span class="job_id">63 : Job ID 1af75a1dece847a780be66d244808dcc</span></button></div></a><div aria-labelledby="job_list___sub_heading_63_1" data-parent="#job_list___sub_accordion_63" class="collapse job_list___sub_multi_collapse" id="job_list___sub_collapse_63_1"><div class="card-body"><div class="work-item"><div class="alert alert-success test-outcome" role="alert"><p>worker outcome: normal</p><p>test outcome: killed</p></div></div><pre class="location"><a href="pycharm://open?file=linkedList4.py&amp;line=45" class="text-secondary"><button class="btn btn-outline-dark">linkedList4.py, start pos: (45, 24), end pos: (45, 25)</button></a></pre><pre>operator: core/NumberReplacer, occurrence: 3</pre><div class="alert alert-secondary"><pre class="diff">--- mutation diff ---
--- alinkedList4.py
+++ blinkedList4.py
@@ -42,7 +42,7 @@
         """Insert a value at the head of the list."""
         old_head = self.head
         self.head = Node(val, old_head)
-        self._length += 1
+        self._length += 0
 
     def pop(self):
         """Remove the first value and return it."""</pre></div><div class="alert alert-secondary"><pre class="diff">============================= test session starts ==============================
platform linux -- Python 3.10.12, pytest-7.1.3, pluggy-1.0.0
rootdir: /home/lucca/desktop/ic/experimento/testes/python_experiments/linkedList4/ALL-SMART-GPT-COSMICRAY
plugins: Faker-15.1.1, hypothesis-6.56.3
collected 61 items

test_linkedList4_COSMICRAY.py FFFF.                                      [  8%]
test_linkedList4_DYNAMOSA.py ..............                              [ 31%]
test_linkedList4_MIO.py ..................                               [ 60%]
test_linkedList4_MOSA.py .............F..                                [ 86%]
test_linkedList4_WHOLE_SUITE.py ....F...                                 [100%]

=========================== short test summary info ============================
FAILED test_linkedList4_COSMICRAY.py::test_remove - assert -1 == 2
FAILED test_linkedList4_COSMICRAY.py::test_remove_head - assert -1 == 2
FAILED test_linkedList4_COSMICRAY.py::test_x - assert -1 == 2
FAILED test_linkedList4_COSMICRAY.py::test_y - assert -1 == 2
FAILED test_linkedList4_MOSA.py::test_case_13 - assert 0 == 6
FAILED test_linkedList4_WHOLE_SUITE.py::test_case_4 - assert -1 == 1
========================= 6 failed, 55 passed in 0.20s =========================
</pre></div></div></div></div></div><div class="mb-1" id="job_list___sub_accordion_64"><div class="card"><a data-toggle="collapse" data-target="#job_list___sub_collapse_64_1" aria-expanded="false" aria-controls="job_list___sub_collapse_64_1" href="#" class="job_list___sub_multi_heading"><div role="alert" class="card-header alert-success" id="job_list___sub_heading_64_1"><button class="btn btn-outline-success"><span class="job_id">64 : Job ID b4c1be66de0c4779a296fd3bfc5bda18</span></button></div></a><div aria-labelledby="job_list___sub_heading_64_1" data-parent="#job_list___sub_accordion_64" class="collapse job_list___sub_multi_collapse" id="job_list___sub_collapse_64_1"><div class="card-body"><div class="work-item"><div class="alert alert-success test-outcome" role="alert"><p>worker outcome: normal</p><p>test outcome: killed</p></div></div><pre class="location"><a href="pycharm://open?file=linkedList4.py&amp;line=53" class="text-secondary"><button class="btn btn-outline-dark">linkedList4.py, start pos: (53, 24), end pos: (53, 25)</button></a></pre><pre>operator: core/NumberReplacer, occurrence: 4</pre><div class="alert alert-secondary"><pre class="diff">--- mutation diff ---
--- alinkedList4.py
+++ blinkedList4.py
@@ -50,7 +50,7 @@
             raise IndexError('Cannot pop from an empty list')
         to_return = self.head
         self.head = self.head.next
-        self._length -= 1
+        self._length -= 2
         return to_return.data
 
     def size(self):</pre></div><div class="alert alert-secondary"><pre class="diff">============================= test session starts ==============================
platform linux -- Python 3.10.12, pytest-7.1.3, pluggy-1.0.0
rootdir: /home/lucca/desktop/ic/experimento/testes/python_experiments/linkedList4/ALL-SMART-GPT-COSMICRAY
plugins: Faker-15.1.1, hypothesis-6.56.3
collected 61 items

test_linkedList4_COSMICRAY.py .....                                      [  8%]
test_linkedList4_DYNAMOSA.py ..............                              [ 31%]
test_linkedList4_MIO.py ..................                               [ 60%]
test_linkedList4_MOSA.py ................                                [ 86%]
test_linkedList4_WHOLE_SUITE.py ....F...                                 [100%]

=========================== short test summary info ============================
FAILED test_linkedList4_WHOLE_SUITE.py::test_case_4 - assert 0 == 1
========================= 1 failed, 60 passed in 0.19s =========================
</pre></div></div></div></div></div><div class="mb-1" id="job_list___sub_accordion_65"><div class="card"><a data-toggle="collapse" data-target="#job_list___sub_collapse_65_1" aria-expanded="false" aria-controls="job_list___sub_collapse_65_1" href="#" class="job_list___sub_multi_heading"><div role="alert" class="card-header alert-success" id="job_list___sub_heading_65_1"><button class="btn btn-outline-success"><span class="job_id">65 : Job ID 2e451c5284294921ab2c90bc6cee05aa</span></button></div></a><div aria-labelledby="job_list___sub_heading_65_1" data-parent="#job_list___sub_accordion_65" class="collapse job_list___sub_multi_collapse" id="job_list___sub_collapse_65_1"><div class="card-body"><div class="work-item"><div class="alert alert-success test-outcome" role="alert"><p>worker outcome: normal</p><p>test outcome: killed</p></div></div><pre class="location"><a href="pycharm://open?file=linkedList4.py&amp;line=53" class="text-secondary"><button class="btn btn-outline-dark">linkedList4.py, start pos: (53, 24), end pos: (53, 25)</button></a></pre><pre>operator: core/NumberReplacer, occurrence: 5</pre><div class="alert alert-secondary"><pre class="diff">--- mutation diff ---
--- alinkedList4.py
+++ blinkedList4.py
@@ -50,7 +50,7 @@
             raise IndexError('Cannot pop from an empty list')
         to_return = self.head
         self.head = self.head.next
-        self._length -= 1
+        self._length -= 0
         return to_return.data
 
     def size(self):</pre></div><div class="alert alert-secondary"><pre class="diff">============================= test session starts ==============================
platform linux -- Python 3.10.12, pytest-7.1.3, pluggy-1.0.0
rootdir: /home/lucca/desktop/ic/experimento/testes/python_experiments/linkedList4/ALL-SMART-GPT-COSMICRAY
plugins: Faker-15.1.1, hypothesis-6.56.3
collected 61 items

test_linkedList4_COSMICRAY.py .....                                      [  8%]
test_linkedList4_DYNAMOSA.py ..............                              [ 31%]
test_linkedList4_MIO.py ..................                               [ 60%]
test_linkedList4_MOSA.py ................                                [ 86%]
test_linkedList4_WHOLE_SUITE.py ....F...                                 [100%]

=========================== short test summary info ============================
FAILED test_linkedList4_WHOLE_SUITE.py::test_case_4 - assert 2 == 1
========================= 1 failed, 60 passed in 0.19s =========================
</pre></div></div></div></div></div><div class="mb-1" id="job_list___sub_accordion_66"><div class="card"><a data-toggle="collapse" data-target="#job_list___sub_collapse_66_1" aria-expanded="false" aria-controls="job_list___sub_collapse_66_1" href="#" class="job_list___sub_multi_heading"><div role="alert" class="card-header alert-success" id="job_list___sub_heading_66_1"><button class="btn btn-outline-success"><span class="job_id">66 : Job ID a4609fce99984c0db82ff4fe5f06a48d</span></button></div></a><div aria-labelledby="job_list___sub_heading_66_1" data-parent="#job_list___sub_accordion_66" class="collapse job_list___sub_multi_collapse" id="job_list___sub_collapse_66_1"><div class="card-body"><div class="work-item"><div class="alert alert-success test-outcome" role="alert"><p>worker outcome: normal</p><p>test outcome: killed</p></div></div><pre class="location"><a href="pycharm://open?file=linkedList4.py&amp;line=73" class="text-secondary"><button class="btn btn-outline-dark">linkedList4.py, start pos: (73, 28), end pos: (73, 29)</button></a></pre><pre>operator: core/NumberReplacer, occurrence: 6</pre><div class="alert alert-secondary"><pre class="diff">--- mutation diff ---
--- alinkedList4.py
+++ blinkedList4.py
@@ -70,7 +70,7 @@
         curr = self.head
         if curr and val == self.head.data: # Manually adjusted line (from is to ==)
             self.head = self.head.next
-            self._length -= 1
+            self._length -= 2
         while curr:
             if (curr.next and curr.next.data == val):
                 curr.next = curr.next.next</pre></div><div class="alert alert-secondary"><pre class="diff">============================= test session starts ==============================
platform linux -- Python 3.10.12, pytest-7.1.3, pluggy-1.0.0
rootdir: /home/lucca/desktop/ic/experimento/testes/python_experiments/linkedList4/ALL-SMART-GPT-COSMICRAY
plugins: Faker-15.1.1, hypothesis-6.56.3
collected 61 items

test_linkedList4_COSMICRAY.py .FF..                                      [  8%]
test_linkedList4_DYNAMOSA.py ..............                              [ 31%]
test_linkedList4_MIO.py ..................                               [ 60%]
test_linkedList4_MOSA.py ................                                [ 86%]
test_linkedList4_WHOLE_SUITE.py ........                                 [100%]

=========================== short test summary info ============================
FAILED test_linkedList4_COSMICRAY.py::test_remove_head - assert 1 == 2
FAILED test_linkedList4_COSMICRAY.py::test_x - assert 1 == 2
========================= 2 failed, 59 passed in 0.20s =========================
</pre></div></div></div></div></div><div class="mb-1" id="job_list___sub_accordion_67"><div class="card"><a data-toggle="collapse" data-target="#job_list___sub_collapse_67_1" aria-expanded="false" aria-controls="job_list___sub_collapse_67_1" href="#" class="job_list___sub_multi_heading"><div role="alert" class="card-header alert-success" id="job_list___sub_heading_67_1"><button class="btn btn-outline-success"><span class="job_id">67 : Job ID 12241885b64747ce8f94656cc69b42c5</span></button></div></a><div aria-labelledby="job_list___sub_heading_67_1" data-parent="#job_list___sub_accordion_67" class="collapse job_list___sub_multi_collapse" id="job_list___sub_collapse_67_1"><div class="card-body"><div class="work-item"><div class="alert alert-success test-outcome" role="alert"><p>worker outcome: normal</p><p>test outcome: killed</p></div></div><pre class="location"><a href="pycharm://open?file=linkedList4.py&amp;line=73" class="text-secondary"><button class="btn btn-outline-dark">linkedList4.py, start pos: (73, 28), end pos: (73, 29)</button></a></pre><pre>operator: core/NumberReplacer, occurrence: 7</pre><div class="alert alert-secondary"><pre class="diff">--- mutation diff ---
--- alinkedList4.py
+++ blinkedList4.py
@@ -70,7 +70,7 @@
         curr = self.head
         if curr and val == self.head.data: # Manually adjusted line (from is to ==)
             self.head = self.head.next
-            self._length -= 1
+            self._length -= 0
         while curr:
             if (curr.next and curr.next.data == val):
                 curr.next = curr.next.next</pre></div><div class="alert alert-secondary"><pre class="diff">============================= test session starts ==============================
platform linux -- Python 3.10.12, pytest-7.1.3, pluggy-1.0.0
rootdir: /home/lucca/desktop/ic/experimento/testes/python_experiments/linkedList4/ALL-SMART-GPT-COSMICRAY
plugins: Faker-15.1.1, hypothesis-6.56.3
collected 61 items

test_linkedList4_COSMICRAY.py .FF..                                      [  8%]
test_linkedList4_DYNAMOSA.py ..............                              [ 31%]
test_linkedList4_MIO.py ..................                               [ 60%]
test_linkedList4_MOSA.py ................                                [ 86%]
test_linkedList4_WHOLE_SUITE.py ........                                 [100%]

=========================== short test summary info ============================
FAILED test_linkedList4_COSMICRAY.py::test_remove_head - assert 3 == 2
FAILED test_linkedList4_COSMICRAY.py::test_x - assert 3 == 2
========================= 2 failed, 59 passed in 0.19s =========================
</pre></div></div></div></div></div><div class="mb-1" id="job_list___sub_accordion_68"><div class="card"><a data-toggle="collapse" data-target="#job_list___sub_collapse_68_1" aria-expanded="false" aria-controls="job_list___sub_collapse_68_1" href="#" class="job_list___sub_multi_heading"><div role="alert" class="card-header alert-success" id="job_list___sub_heading_68_1"><button class="btn btn-outline-success"><span class="job_id">68 : Job ID e757dc9039574d1cac6c304d8564fcfd</span></button></div></a><div aria-labelledby="job_list___sub_heading_68_1" data-parent="#job_list___sub_accordion_68" class="collapse job_list___sub_multi_collapse" id="job_list___sub_collapse_68_1"><div class="card-body"><div class="work-item"><div class="alert alert-success test-outcome" role="alert"><p>worker outcome: normal</p><p>test outcome: killed</p></div></div><pre class="location"><a href="pycharm://open?file=linkedList4.py&amp;line=77" class="text-secondary"><button class="btn btn-outline-dark">linkedList4.py, start pos: (77, 32), end pos: (77, 33)</button></a></pre><pre>operator: core/NumberReplacer, occurrence: 8</pre><div class="alert alert-secondary"><pre class="diff">--- mutation diff ---
--- alinkedList4.py
+++ blinkedList4.py
@@ -74,7 +74,7 @@
         while curr:
             if (curr.next and curr.next.data == val):
                 curr.next = curr.next.next
-                self._length -= 1
+                self._length -= 2
             curr = curr.next
 
     def display(self):</pre></div><div class="alert alert-secondary"><pre class="diff">============================= test session starts ==============================
platform linux -- Python 3.10.12, pytest-7.1.3, pluggy-1.0.0
rootdir: /home/lucca/desktop/ic/experimento/testes/python_experiments/linkedList4/ALL-SMART-GPT-COSMICRAY
plugins: Faker-15.1.1, hypothesis-6.56.3
collected 61 items

test_linkedList4_COSMICRAY.py F..F.                                      [  8%]
test_linkedList4_DYNAMOSA.py ..............                              [ 31%]
test_linkedList4_MIO.py ..................                               [ 60%]
test_linkedList4_MOSA.py ................                                [ 86%]
test_linkedList4_WHOLE_SUITE.py ........                                 [100%]

=========================== short test summary info ============================
FAILED test_linkedList4_COSMICRAY.py::test_remove - assert 1 == 2
FAILED test_linkedList4_COSMICRAY.py::test_y - assert 1 == 2
========================= 2 failed, 59 passed in 0.19s =========================
</pre></div></div></div></div></div><div class="mb-1" id="job_list___sub_accordion_69"><div class="card"><a data-toggle="collapse" data-target="#job_list___sub_collapse_69_1" aria-expanded="false" aria-controls="job_list___sub_collapse_69_1" href="#" class="job_list___sub_multi_heading"><div role="alert" class="card-header alert-success" id="job_list___sub_heading_69_1"><button class="btn btn-outline-success"><span class="job_id">69 : Job ID 355ef7ba28c842338fe8000c50774a08</span></button></div></a><div aria-labelledby="job_list___sub_heading_69_1" data-parent="#job_list___sub_accordion_69" class="collapse job_list___sub_multi_collapse" id="job_list___sub_collapse_69_1"><div class="card-body"><div class="work-item"><div class="alert alert-success test-outcome" role="alert"><p>worker outcome: normal</p><p>test outcome: killed</p></div></div><pre class="location"><a href="pycharm://open?file=linkedList4.py&amp;line=77" class="text-secondary"><button class="btn btn-outline-dark">linkedList4.py, start pos: (77, 32), end pos: (77, 33)</button></a></pre><pre>operator: core/NumberReplacer, occurrence: 9</pre><div class="alert alert-secondary"><pre class="diff">--- mutation diff ---
--- alinkedList4.py
+++ blinkedList4.py
@@ -74,7 +74,7 @@
         while curr:
             if (curr.next and curr.next.data == val):
                 curr.next = curr.next.next
-                self._length -= 1
+                self._length -= 0
             curr = curr.next
 
     def display(self):</pre></div><div class="alert alert-secondary"><pre class="diff">============================= test session starts ==============================
platform linux -- Python 3.10.12, pytest-7.1.3, pluggy-1.0.0
rootdir: /home/lucca/desktop/ic/experimento/testes/python_experiments/linkedList4/ALL-SMART-GPT-COSMICRAY
plugins: Faker-15.1.1, hypothesis-6.56.3
collected 61 items

test_linkedList4_COSMICRAY.py F..F.                                      [  8%]
test_linkedList4_DYNAMOSA.py ..............                              [ 31%]
test_linkedList4_MIO.py ..................                               [ 60%]
test_linkedList4_MOSA.py ................                                [ 86%]
test_linkedList4_WHOLE_SUITE.py ........                                 [100%]

=========================== short test summary info ============================
FAILED test_linkedList4_COSMICRAY.py::test_remove - assert 3 == 2
FAILED test_linkedList4_COSMICRAY.py::test_y - assert 3 == 2
========================= 2 failed, 59 passed in 0.19s =========================
</pre></div></div></div></div></div><div class="mb-1" id="job_list___sub_accordion_70"><div class="card"><a data-toggle="collapse" data-target="#job_list___sub_collapse_70_1" aria-expanded="false" aria-controls="job_list___sub_collapse_70_1" href="#" class="job_list___sub_multi_heading"><div role="alert" class="card-header alert-success" id="job_list___sub_heading_70_1"><button class="btn btn-outline-success"><span class="job_id">70 : Job ID 57a918a5586849afbdce6dd1a930f587</span></button></div></a><div aria-labelledby="job_list___sub_heading_70_1" data-parent="#job_list___sub_accordion_70" class="collapse job_list___sub_multi_collapse" id="job_list___sub_collapse_70_1"><div class="card-body"><div class="work-item"><div class="alert alert-success test-outcome" role="alert"><p>worker outcome: normal</p><p>test outcome: killed</p></div></div><pre class="location"><a href="pycharm://open?file=linkedList4.py&amp;line=87" class="text-secondary"><button class="btn btn-outline-dark">linkedList4.py, start pos: (87, 25), end pos: (87, 26)</button></a></pre><pre>operator: core/NumberReplacer, occurrence: 10</pre><div class="alert alert-secondary"><pre class="diff">--- mutation diff ---
--- alinkedList4.py
+++ blinkedList4.py
@@ -84,5 +84,5 @@
         while curr:
             display += str(curr.data) + ', '
             curr = curr.next
-        return display[:-2] + ')'
+        return display[:- 3] + ')'
 </pre></div><div class="alert alert-secondary"><pre class="diff">============================= test session starts ==============================
platform linux -- Python 3.10.12, pytest-7.1.3, pluggy-1.0.0
rootdir: /home/lucca/desktop/ic/experimento/testes/python_experiments/linkedList4/ALL-SMART-GPT-COSMICRAY
plugins: Faker-15.1.1, hypothesis-6.56.3
collected 61 items

test_linkedList4_COSMICRAY.py .....                                      [  8%]
test_linkedList4_DYNAMOSA.py ......F.......                              [ 31%]
test_linkedList4_MIO.py ..............F...                               [ 60%]
test_linkedList4_MOSA.py F...............                                [ 86%]
test_linkedList4_WHOLE_SUITE.py .....F..                                 [100%]

=========================== short test summary info ============================
FAILED test_linkedList4_DYNAMOSA.py::test_case_6 - AssertionError: assert '(1...
FAILED test_linkedList4_MIO.py::test_case_14 - AssertionError: assert '(255, ...
FAILED test_linkedList4_MOSA.py::test_case_0 - AssertionError: assert '(198, ...
FAILED test_linkedList4_WHOLE_SUITE.py::test_case_5 - AssertionError: assert ...
========================= 4 failed, 57 passed in 0.19s =========================
</pre></div></div></div></div></div><div class="mb-1" id="job_list___sub_accordion_71"><div class="card"><a data-toggle="collapse" data-target="#job_list___sub_collapse_71_1" aria-expanded="false" aria-controls="job_list___sub_collapse_71_1" href="#" class="job_list___sub_multi_heading"><div role="alert" class="card-header alert-success" id="job_list___sub_heading_71_1"><button class="btn btn-outline-success"><span class="job_id">71 : Job ID 274ec724d7c749faa2da958ec082e9f6</span></button></div></a><div aria-labelledby="job_list___sub_heading_71_1" data-parent="#job_list___sub_accordion_71" class="collapse job_list___sub_multi_collapse" id="job_list___sub_collapse_71_1"><div class="card-body"><div class="work-item"><div class="alert alert-success test-outcome" role="alert"><p>worker outcome: normal</p><p>test outcome: killed</p></div></div><pre class="location"><a href="pycharm://open?file=linkedList4.py&amp;line=87" class="text-secondary"><button class="btn btn-outline-dark">linkedList4.py, start pos: (87, 25), end pos: (87, 26)</button></a></pre><pre>operator: core/NumberReplacer, occurrence: 11</pre><div class="alert alert-secondary"><pre class="diff">--- mutation diff ---
--- alinkedList4.py
+++ blinkedList4.py
@@ -84,5 +84,5 @@
         while curr:
             display += str(curr.data) + ', '
             curr = curr.next
-        return display[:-2] + ')'
+        return display[:- 1] + ')'
 </pre></div><div class="alert alert-secondary"><pre class="diff">============================= test session starts ==============================
platform linux -- Python 3.10.12, pytest-7.1.3, pluggy-1.0.0
rootdir: /home/lucca/desktop/ic/experimento/testes/python_experiments/linkedList4/ALL-SMART-GPT-COSMICRAY
plugins: Faker-15.1.1, hypothesis-6.56.3
collected 61 items

test_linkedList4_COSMICRAY.py .....                                      [  8%]
test_linkedList4_DYNAMOSA.py ......F.......                              [ 31%]
test_linkedList4_MIO.py ..............F...                               [ 60%]
test_linkedList4_MOSA.py F...............                                [ 86%]
test_linkedList4_WHOLE_SUITE.py .....F..                                 [100%]

=========================== short test summary info ============================
FAILED test_linkedList4_DYNAMOSA.py::test_case_6 - AssertionError: assert '(1...
FAILED test_linkedList4_MIO.py::test_case_14 - AssertionError: assert '(255, ...
FAILED test_linkedList4_MOSA.py::test_case_0 - AssertionError: assert '(198, ...
FAILED test_linkedList4_WHOLE_SUITE.py::test_case_5 - AssertionError: assert ...
========================= 4 failed, 57 passed in 0.20s =========================
</pre></div></div></div></div></div><div class="mb-1" id="job_list___sub_accordion_72"><div class="card"><a data-toggle="collapse" data-target="#job_list___sub_collapse_72_1" aria-expanded="false" aria-controls="job_list___sub_collapse_72_1" href="#" class="job_list___sub_multi_heading"><div role="alert" class="card-header alert-success" id="job_list___sub_heading_72_1"><button class="btn btn-outline-success"><span class="job_id">72 : Job ID a98972adf8984a2bb4028a66bf4c1ea6</span></button></div></a><div aria-labelledby="job_list___sub_heading_72_1" data-parent="#job_list___sub_accordion_72" class="collapse job_list___sub_multi_collapse" id="job_list___sub_collapse_72_1"><div class="card-body"><div class="work-item"><div class="alert alert-success test-outcome" role="alert"><p>worker outcome: normal</p><p>test outcome: killed</p></div></div><pre class="location"><a href="pycharm://open?file=linkedList4.py&amp;line=35" class="text-secondary"><button class="btn btn-outline-dark">linkedList4.py, start pos: (35, 23), end pos: (35, 27)</button></a></pre><pre>operator: core/ZeroIterationForLoop, occurrence: 0</pre><div class="alert alert-secondary"><pre class="diff">--- mutation diff ---
--- alinkedList4.py
+++ blinkedList4.py
@@ -32,7 +32,7 @@
         self._length = 0
         self.head = None
         try:
-            for val in data:
+            for val in []:
                 self.push(val)
         except TypeError:
             if data:</pre></div><div class="alert alert-secondary"><pre class="diff">============================= test session starts ==============================
platform linux -- Python 3.10.12, pytest-7.1.3, pluggy-1.0.0
rootdir: /home/lucca/desktop/ic/experimento/testes/python_experiments/linkedList4/ALL-SMART-GPT-COSMICRAY
plugins: Faker-15.1.1, hypothesis-6.56.3
collected 61 items

test_linkedList4_COSMICRAY.py FF...                                      [  8%]
test_linkedList4_DYNAMOSA.py F.F...F..F.FF.                              [ 31%]
test_linkedList4_MIO.py FF.F...F.F....F...                               [ 60%]
test_linkedList4_MOSA.py FF.F.F....FF.F.F                                [ 86%]
test_linkedList4_WHOLE_SUITE.py F.F.FF..                                 [100%]

=========================== short test summary info ============================
FAILED test_linkedList4_COSMICRAY.py::test_remove - assert 0 == 2
FAILED test_linkedList4_COSMICRAY.py::test_remove_head - assert 0 == 2
FAILED test_linkedList4_DYNAMOSA.py::test_case_0 - AssertionError: assert 'bu...
FAILED test_linkedList4_DYNAMOSA.py::test_case_2 - AssertionError: assert 'bu...
FAILED test_linkedList4_DYNAMOSA.py::test_case_6 - AssertionError: assert 'bu...
FAILED test_linkedList4_DYNAMOSA.py::test_case_9 - AssertionError: assert 'bu...
FAILED test_linkedList4_DYNAMOSA.py::test_case_11 - AssertionError: assert 'b...
FAILED test_linkedList4_DYNAMOSA.py::test_case_12 - AssertionError: assert 'b...
FAILED test_linkedList4_MIO.py::test_case_0 - AssertionError: assert 'builtin...
FAILED test_linkedList4_MIO.py::test_case_1 - AssertionError: assert 'builtin...
FAILED test_linkedList4_MIO.py::test_case_3 - AssertionError: assert 'builtin...
FAILED test_linkedList4_MIO.py::test_case_7 - AssertionError: assert 'builtin...
FAILED test_linkedList4_MIO.py::test_case_9 - AssertionError: assert 'builtin...
FAILED test_linkedList4_MIO.py::test_case_14 - AssertionError: assert 'builti...
FAILED test_linkedList4_MOSA.py::test_case_0 - AssertionError: assert 'builti...
FAILED test_linkedList4_MOSA.py::test_case_1 - AssertionError: assert 'builti...
FAILED test_linkedList4_MOSA.py::test_case_3 - AssertionError: assert 'builti...
FAILED test_linkedList4_MOSA.py::test_case_5 - AssertionError: assert 'builti...
FAILED test_linkedList4_MOSA.py::test_case_10 - AssertionError: assert 'built...
FAILED test_linkedList4_MOSA.py::test_case_11 - AssertionError: assert 'built...
FAILED test_linkedList4_MOSA.py::test_case_13 - AssertionError: assert 'built...
FAILED test_linkedList4_MOSA.py::test_case_15 - AssertionError: assert 'built...
FAILED test_linkedList4_WHOLE_SUITE.py::test_case_0 - AssertionError: assert ...
FAILED test_linkedList4_WHOLE_SUITE.py::test_case_2 - AssertionError: assert ...
FAILED test_linkedList4_WHOLE_SUITE.py::test_case_4 - AssertionError: assert ...
FAILED test_linkedList4_WHOLE_SUITE.py::test_case_5 - AssertionError: assert ...
======================== 26 failed, 35 passed in 0.21s =========================
</pre></div></div></div></div></div></div></div></div></div></div><script src="https://code.jquery.com/jquery-3.3.1.slim.min.js" integrity="sha384-q8i/X+965DzO0rT7abK41JStQIAqVgRVzpbzo5smXKp4YfRvH+8abtTE1Pi6jizo" crossorigin="anonymous"></script><script src="https://cdnjs.cloudflare.com/ajax/libs/popper.js/1.14.7/umd/popper.min.js" integrity="sha384-UO2eT0CpHqdSJQ6hJty5KVphtPhzWj9WO1clHTMGa3JDZwrnQq4sF86dIHNDz0W1" crossorigin="anonymous"></script><script src="https://stackpath.bootstrapcdn.com/bootstrap/4.3.1/js/bootstrap.min.js" integrity="sha384-JjSmVgyd0p3pXB1rRibZUAYoIIy6OrQ6VrjIEaFf/nJGzIxFDsf4x0xIM+B07jRM" crossorigin="anonymous"></script><script type="text/javascript">$('div.job_list___sub_multi_collapse').on('shown.bs.collapse',  function () {    correct_behavior_functional_buttons();  });$('div.job_list___sub_multi_collapse').on('hidden.bs.collapse',  function () {    correct_behavior_functional_buttons();  });function correct_behavior_functional_buttons() {    var expand = false;    var collapse = false;    $('a.job_list___sub_multi_heading').each(function(index) {      if ($(this).attr('aria-expanded') == 'false') {        expand = true;        return false;      };    });    $('a.job_list___sub_multi_heading').each(function(index) {      if ($(this).attr('aria-expanded') == 'true') {        collapse = true;        return false;      };    });    if (expand) {      $('div#job_item_expand_all').css('display', 'inline-block');    } else {      $('div#job_item_expand_all').css('display', 'none');    };    if (collapse) {      $('div#job_item_collapse_all').css('display', 'inline-block');    } else {      $('div#job_item_collapse_all').css('display', 'none');    };  };correct_behavior_functional_buttons();</script></body></html>
