<!DOCTYPE html><html lang="en"><head><meta charset="utf-8" /><meta name="viewport" content="width=device-width, initial-scale=1, shrink-to-fit=no" /><link rel="stylesheet" href="https://stackpath.bootstrapcdn.com/bootstrap/4.3.1/css/bootstrap.min.css" integrity="sha384-ggOyR0iXCbMQv3Xipma34MD+dH/1fQ784/j6cY/iJTQUOhcWr7x9JvoRxT2MZw1T" crossorigin="anonymous" /><title>Cosmic Ray Report</title></head><body><div class="container"><h1><p class="text-dark">Cosmic Ray Report</p></h1></div><div class="container"><div class="mb-1" id="summary_info___accordion"><div class="card"><a data-toggle="collapse" data-target="#summary_info___collapse_1" aria-expanded="true" aria-controls="summary_info___collapse_1" href="#"><div class="card-header" id="summary_info___heading_1"><button class="btn btn-outline-dark"><h4 class="m-0">Summary info</h4></button></div></a><div aria-labelledby="summary_info___heading_1" data-parent="#summary_info___accordion" class="collapse show" id="summary_info___collapse_1"><div class="card-body"><p>Date time: 20/04/2023 02:57:22</p><p>Total jobs: 14</p><p>Complete: 14 (100.00%)</p><p>Surviving mutants: 0 (0.00%)</p></div></div></div></div><div class="mb-1" id="job_list___accordion"><div class="card"><a data-toggle="collapse" data-target="#job_list___collapse_1" aria-expanded="false" aria-controls="job_list___collapse_1" href="#"><div class="card-header" id="job_list___heading_1"><button class="btn btn-outline-dark"><h4 class="m-0">Job list</h4></button></div></a><div aria-labelledby="job_list___heading_1" data-parent="#job_list___accordion" class="collapse" id="job_list___collapse_1"><div class="card-body"><div class="text-right mb-1"><div class="mx-1" id="job_item_expand_all"><a href="#" onclick="$('div.job_list___sub_multi_collapse').collapse('show');"><button class="btn btn-outline-dark"><span>Expand All</span></button></a></div><div class="mx-1" id="job_item_collapse_all"><a href="#" onclick="$('div.job_list___sub_multi_collapse').collapse('hide');"><button class="btn btn-outline-dark"><span>Collapse All</span></button></a></div></div><div class="mb-1" id="job_list___sub_accordion_1"><div class="card"><a data-toggle="collapse" data-target="#job_list___sub_collapse_1_1" aria-expanded="false" aria-controls="job_list___sub_collapse_1_1" href="#" class="job_list___sub_multi_heading"><div role="alert" class="card-header alert-success" id="job_list___sub_heading_1_1"><button class="btn btn-outline-success"><span class="job_id">1 : Job ID 37a78464b8eb4328a13c14aca8c925f2</span></button></div></a><div aria-labelledby="job_list___sub_heading_1_1" data-parent="#job_list___sub_accordion_1" class="collapse job_list___sub_multi_collapse" id="job_list___sub_collapse_1_1"><div class="card-body"><div class="work-item"><div class="alert alert-success test-outcome" role="alert"><p>worker outcome: normal</p><p>test outcome: killed</p></div></div><pre class="location"><a href="pycharm://open?file=queue1.py&amp;line=23" class="text-secondary"><button class="btn btn-outline-dark">queue1.py, start pos: (23, 16), end pos: (23, 18)</button></a></pre><pre>operator: core/ReplaceComparisonOperator_Is_IsNot, occurrence: 0</pre><div class="alert alert-secondary"><pre class="diff">--- mutation diff ---
--- aqueue1.py
+++ bqueue1.py
@@ -20,7 +20,7 @@
 
 	def enqueue(self, item):
 
-		if self.front is None:
+		if self.front is not None:
 			new_node = QueueNode(item)
 			self.front = new_node
 			self.back = new_node</pre></div><div class="alert alert-secondary"><pre class="diff">============================= test session starts ==============================
platform linux -- Python 3.10.10, pytest-7.2.1, pluggy-1.0.0
rootdir: /home/auri/temp/lucca/python_experiments/queue1
collected 300 items

RANDOM/test_queue1_RANDOM.py ...FFF.F.FFF.FF.F.FFF.FF.F.FFF.FF.F..F.FFF. [ 14%]
FF.F.FFFFFF.F.FFFF.F.FF.FF.F..F.F.F.FF..F.F.F.FFF...F.FFFFFFF.F.FF.F.FF. [ 38%]
..FFFFFFFFFFFF.FF.FFFFFFF.FF.FFFF.FFFFFFF.F..FFFF.FFF.FFF.FFFFF.F.FFFF.. [ 62%]
.FF.FFF..F.F.FFF.F..F.F.FFF...FFFFFF...FFF.FFF.F.F.....F.FF..FF..FF.F.FF [ 86%]
FF.FFF.F.FFF.F...FFF.F..FFF..F.F.FFF...FF                                [100%]

=========================== short test summary info ============================
FAILED RANDOM/test_queue1_RANDOM.py::test_case_3 - AttributeError: 'NoneType'...
FAILED RANDOM/test_queue1_RANDOM.py::test_case_4 - AttributeError: 'NoneType'...
FAILED RANDOM/test_queue1_RANDOM.py::test_case_5 - AttributeError: 'NoneType'...
FAILED RANDOM/test_queue1_RANDOM.py::test_case_7 - AttributeError: 'NoneType'...
FAILED RANDOM/test_queue1_RANDOM.py::test_case_9 - AttributeError: 'NoneType'...
FAILED RANDOM/test_queue1_RANDOM.py::test_case_10 - AttributeError: 'NoneType...
FAILED RANDOM/test_queue1_RANDOM.py::test_case_11 - AttributeError: 'NoneType...
FAILED RANDOM/test_queue1_RANDOM.py::test_case_13 - AttributeError: 'NoneType...
FAILED RANDOM/test_queue1_RANDOM.py::test_case_14 - AttributeError: 'NoneType...
FAILED RANDOM/test_queue1_RANDOM.py::test_case_16 - AttributeError: 'NoneType...
FAILED RANDOM/test_queue1_RANDOM.py::test_case_18 - AttributeError: 'NoneType...
FAILED RANDOM/test_queue1_RANDOM.py::test_case_19 - AttributeError: 'NoneType...
FAILED RANDOM/test_queue1_RANDOM.py::test_case_20 - AttributeError: 'NoneType...
FAILED RANDOM/test_queue1_RANDOM.py::test_case_22 - AttributeError: 'NoneType...
FAILED RANDOM/test_queue1_RANDOM.py::test_case_23 - AttributeError: 'NoneType...
FAILED RANDOM/test_queue1_RANDOM.py::test_case_25 - AttributeError: 'NoneType...
FAILED RANDOM/test_queue1_RANDOM.py::test_case_27 - AttributeError: 'NoneType...
FAILED RANDOM/test_queue1_RANDOM.py::test_case_28 - AttributeError: 'NoneType...
FAILED RANDOM/test_queue1_RANDOM.py::test_case_29 - AttributeError: 'NoneType...
FAILED RANDOM/test_queue1_RANDOM.py::test_case_31 - AttributeError: 'NoneType...
FAILED RANDOM/test_queue1_RANDOM.py::test_case_32 - AttributeError: 'NoneType...
FAILED RANDOM/test_queue1_RANDOM.py::test_case_34 - AttributeError: 'NoneType...
FAILED RANDOM/test_queue1_RANDOM.py::test_case_37 - AttributeError: 'NoneType...
FAILED RANDOM/test_queue1_RANDOM.py::test_case_39 - AttributeError: 'NoneType...
FAILED RANDOM/test_queue1_RANDOM.py::test_case_40 - AttributeError: 'NoneType...
FAILED RANDOM/test_queue1_RANDOM.py::test_case_41 - AttributeError: 'NoneType...
FAILED RANDOM/test_queue1_RANDOM.py::test_case_43 - AttributeError: 'NoneType...
FAILED RANDOM/test_queue1_RANDOM.py::test_case_44 - AttributeError: 'NoneType...
FAILED RANDOM/test_queue1_RANDOM.py::test_case_46 - AttributeError: 'NoneType...
FAILED RANDOM/test_queue1_RANDOM.py::test_case_48 - AttributeError: 'NoneType...
FAILED RANDOM/test_queue1_RANDOM.py::test_case_49 - AttributeError: 'NoneType...
FAILED RANDOM/test_queue1_RANDOM.py::test_case_50 - AttributeError: 'NoneType...
FAILED RANDOM/test_queue1_RANDOM.py::test_case_51 - AttributeError: 'NoneType...
FAILED RANDOM/test_queue1_RANDOM.py::test_case_52 - AttributeError: 'NoneType...
FAILED RANDOM/test_queue1_RANDOM.py::test_case_53 - AttributeError: 'NoneType...
FAILED RANDOM/test_queue1_RANDOM.py::test_case_55 - AttributeError: 'NoneType...
FAILED RANDOM/test_queue1_RANDOM.py::test_case_57 - AttributeError: 'NoneType...
FAILED RANDOM/test_queue1_RANDOM.py::test_case_58 - AttributeError: 'NoneType...
FAILED RANDOM/test_queue1_RANDOM.py::test_case_59 - AttributeError: 'NoneType...
FAILED RANDOM/test_queue1_RANDOM.py::test_case_60 - AttributeError: 'NoneType...
FAILED RANDOM/test_queue1_RANDOM.py::test_case_62 - AttributeError: 'NoneType...
FAILED RANDOM/test_queue1_RANDOM.py::test_case_64 - AttributeError: 'NoneType...
FAILED RANDOM/test_queue1_RANDOM.py::test_case_65 - AttributeError: 'NoneType...
FAILED RANDOM/test_queue1_RANDOM.py::test_case_67 - AttributeError: 'NoneType...
FAILED RANDOM/test_queue1_RANDOM.py::test_case_68 - AttributeError: 'NoneType...
FAILED RANDOM/test_queue1_RANDOM.py::test_case_70 - AttributeError: 'NoneType...
FAILED RANDOM/test_queue1_RANDOM.py::test_case_73 - AttributeError: 'NoneType...
FAILED RANDOM/test_queue1_RANDOM.py::test_case_75 - AttributeError: 'NoneType...
FAILED RANDOM/test_queue1_RANDOM.py::test_case_77 - AttributeError: 'NoneType...
FAILED RANDOM/test_queue1_RANDOM.py::test_case_79 - AttributeError: 'NoneType...
FAILED RANDOM/test_queue1_RANDOM.py::test_case_80 - AttributeError: 'NoneType...
FAILED RANDOM/test_queue1_RANDOM.py::test_case_83 - AttributeError: 'NoneType...
FAILED RANDOM/test_queue1_RANDOM.py::test_case_85 - AttributeError: 'NoneType...
FAILED RANDOM/test_queue1_RANDOM.py::test_case_87 - AttributeError: 'NoneType...
FAILED RANDOM/test_queue1_RANDOM.py::test_case_89 - AttributeError: 'NoneType...
FAILED RANDOM/test_queue1_RANDOM.py::test_case_90 - AttributeError: 'NoneType...
FAILED RANDOM/test_queue1_RANDOM.py::test_case_91 - AttributeError: 'NoneType...
FAILED RANDOM/test_queue1_RANDOM.py::test_case_95 - AttributeError: 'NoneType...
FAILED RANDOM/test_queue1_RANDOM.py::test_case_97 - AttributeError: 'NoneType...
FAILED RANDOM/test_queue1_RANDOM.py::test_case_98 - AttributeError: 'NoneType...
FAILED RANDOM/test_queue1_RANDOM.py::test_case_99 - AttributeError: 'NoneType...
FAILED RANDOM/test_queue1_RANDOM.py::test_case_100 - AttributeError: 'NoneTyp...
FAILED RANDOM/test_queue1_RANDOM.py::test_case_101 - AttributeError: 'NoneTyp...
FAILED RANDOM/test_queue1_RANDOM.py::test_case_102 - AttributeError: 'NoneTyp...
FAILED RANDOM/test_queue1_RANDOM.py::test_case_103 - AttributeError: 'NoneTyp...
FAILED RANDOM/test_queue1_RANDOM.py::test_case_105 - AttributeError: 'NoneTyp...
FAILED RANDOM/test_queue1_RANDOM.py::test_case_107 - AttributeError: 'NoneTyp...
FAILED RANDOM/test_queue1_RANDOM.py::test_case_108 - AttributeError: 'NoneTyp...
FAILED RANDOM/test_queue1_RANDOM.py::test_case_110 - AttributeError: 'NoneTyp...
FAILED RANDOM/test_queue1_RANDOM.py::test_case_112 - AttributeError: 'NoneTyp...
FAILED RANDOM/test_queue1_RANDOM.py::test_case_113 - AttributeError: 'NoneTyp...
FAILED RANDOM/test_queue1_RANDOM.py::test_case_117 - AttributeError: 'NoneTyp...
FAILED RANDOM/test_queue1_RANDOM.py::test_case_118 - AttributeError: 'NoneTyp...
FAILED RANDOM/test_queue1_RANDOM.py::test_case_119 - AttributeError: 'NoneTyp...
FAILED RANDOM/test_queue1_RANDOM.py::test_case_120 - AttributeError: 'NoneTyp...
FAILED RANDOM/test_queue1_RANDOM.py::test_case_121 - AttributeError: 'NoneTyp...
FAILED RANDOM/test_queue1_RANDOM.py::test_case_122 - AttributeError: 'NoneTyp...
FAILED RANDOM/test_queue1_RANDOM.py::test_case_123 - AttributeError: 'NoneTyp...
FAILED RANDOM/test_queue1_RANDOM.py::test_case_124 - AttributeError: 'NoneTyp...
FAILED RANDOM/test_queue1_RANDOM.py::test_case_125 - AttributeError: 'NoneTyp...
FAILED RANDOM/test_queue1_RANDOM.py::test_case_126 - AttributeError: 'NoneTyp...
FAILED RANDOM/test_queue1_RANDOM.py::test_case_127 - AttributeError: 'NoneTyp...
FAILED RANDOM/test_queue1_RANDOM.py::test_case_128 - AttributeError: 'NoneTyp...
FAILED RANDOM/test_queue1_RANDOM.py::test_case_130 - AttributeError: 'NoneTyp...
FAILED RANDOM/test_queue1_RANDOM.py::test_case_131 - AttributeError: 'NoneTyp...
FAILED RANDOM/test_queue1_RANDOM.py::test_case_133 - AttributeError: 'NoneTyp...
FAILED RANDOM/test_queue1_RANDOM.py::test_case_134 - AttributeError: 'NoneTyp...
FAILED RANDOM/test_queue1_RANDOM.py::test_case_135 - AttributeError: 'NoneTyp...
FAILED RANDOM/test_queue1_RANDOM.py::test_case_136 - AttributeError: 'NoneTyp...
FAILED RANDOM/test_queue1_RANDOM.py::test_case_137 - AttributeError: 'NoneTyp...
FAILED RANDOM/test_queue1_RANDOM.py::test_case_138 - AttributeError: 'NoneTyp...
FAILED RANDOM/test_queue1_RANDOM.py::test_case_139 - AttributeError: 'NoneTyp...
FAILED RANDOM/test_queue1_RANDOM.py::test_case_141 - AttributeError: 'NoneTyp...
FAILED RANDOM/test_queue1_RANDOM.py::test_case_142 - AttributeError: 'NoneTyp...
FAILED RANDOM/test_queue1_RANDOM.py::test_case_144 - AttributeError: 'NoneTyp...
FAILED RANDOM/test_queue1_RANDOM.py::test_case_145 - AttributeError: 'NoneTyp...
FAILED RANDOM/test_queue1_RANDOM.py::test_case_146 - AttributeError: 'NoneTyp...
FAILED RANDOM/test_queue1_RANDOM.py::test_case_147 - AttributeError: 'NoneTyp...
FAILED RANDOM/test_queue1_RANDOM.py::test_case_149 - AttributeError: 'NoneTyp...
FAILED RANDOM/test_queue1_RANDOM.py::test_case_150 - AttributeError: 'NoneTyp...
FAILED RANDOM/test_queue1_RANDOM.py::test_case_151 - AttributeError: 'NoneTyp...
FAILED RANDOM/test_queue1_RANDOM.py::test_case_152 - AttributeError: 'NoneTyp...
FAILED RANDOM/test_queue1_RANDOM.py::test_case_153 - AttributeError: 'NoneTyp...
FAILED RANDOM/test_queue1_RANDOM.py::test_case_154 - AttributeError: 'NoneTyp...
FAILED RANDOM/test_queue1_RANDOM.py::test_case_155 - AttributeError: 'NoneTyp...
FAILED RANDOM/test_queue1_RANDOM.py::test_case_157 - AttributeError: 'NoneTyp...
FAILED RANDOM/test_queue1_RANDOM.py::test_case_160 - AttributeError: 'NoneTyp...
FAILED RANDOM/test_queue1_RANDOM.py::test_case_161 - AttributeError: 'NoneTyp...
FAILED RANDOM/test_queue1_RANDOM.py::test_case_162 - AttributeError: 'NoneTyp...
FAILED RANDOM/test_queue1_RANDOM.py::test_case_163 - AttributeError: 'NoneTyp...
FAILED RANDOM/test_queue1_RANDOM.py::test_case_165 - AttributeError: 'NoneTyp...
FAILED RANDOM/test_queue1_RANDOM.py::test_case_166 - AttributeError: 'NoneTyp...
FAILED RANDOM/test_queue1_RANDOM.py::test_case_167 - AttributeError: 'NoneTyp...
FAILED RANDOM/test_queue1_RANDOM.py::test_case_169 - AttributeError: 'NoneTyp...
FAILED RANDOM/test_queue1_RANDOM.py::test_case_170 - AttributeError: 'NoneTyp...
FAILED RANDOM/test_queue1_RANDOM.py::test_case_171 - AttributeError: 'NoneTyp...
FAILED RANDOM/test_queue1_RANDOM.py::test_case_173 - AttributeError: 'NoneTyp...
FAILED RANDOM/test_queue1_RANDOM.py::test_case_174 - AttributeError: 'NoneTyp...
FAILED RANDOM/test_queue1_RANDOM.py::test_case_175 - AttributeError: 'NoneTyp...
FAILED RANDOM/test_queue1_RANDOM.py::test_case_176 - AttributeError: 'NoneTyp...
FAILED RANDOM/test_queue1_RANDOM.py::test_case_177 - AttributeError: 'NoneTyp...
FAILED RANDOM/test_queue1_RANDOM.py::test_case_179 - AttributeError: 'NoneTyp...
FAILED RANDOM/test_queue1_RANDOM.py::test_case_181 - AttributeError: 'NoneTyp...
FAILED RANDOM/test_queue1_RANDOM.py::test_case_182 - AttributeError: 'NoneTyp...
FAILED RANDOM/test_queue1_RANDOM.py::test_case_183 - AttributeError: 'NoneTyp...
FAILED RANDOM/test_queue1_RANDOM.py::test_case_184 - AttributeError: 'NoneTyp...
FAILED RANDOM/test_queue1_RANDOM.py::test_case_188 - AttributeError: 'NoneTyp...
FAILED RANDOM/test_queue1_RANDOM.py::test_case_189 - AttributeError: 'NoneTyp...
FAILED RANDOM/test_queue1_RANDOM.py::test_case_191 - AttributeError: 'NoneTyp...
FAILED RANDOM/test_queue1_RANDOM.py::test_case_192 - AttributeError: 'NoneTyp...
FAILED RANDOM/test_queue1_RANDOM.py::test_case_193 - AttributeError: 'NoneTyp...
FAILED RANDOM/test_queue1_RANDOM.py::test_case_196 - AttributeError: 'NoneTyp...
FAILED RANDOM/test_queue1_RANDOM.py::test_case_198 - AttributeError: 'NoneTyp...
FAILED RANDOM/test_queue1_RANDOM.py::test_case_200 - AttributeError: 'NoneTyp...
FAILED RANDOM/test_queue1_RANDOM.py::test_case_201 - AttributeError: 'NoneTyp...
FAILED RANDOM/test_queue1_RANDOM.py::test_case_202 - AttributeError: 'NoneTyp...
FAILED RANDOM/test_queue1_RANDOM.py::test_case_204 - AttributeError: 'NoneTyp...
FAILED RANDOM/test_queue1_RANDOM.py::test_case_207 - AttributeError: 'NoneTyp...
FAILED RANDOM/test_queue1_RANDOM.py::test_case_209 - AttributeError: 'NoneTyp...
FAILED RANDOM/test_queue1_RANDOM.py::test_case_211 - AttributeError: 'NoneTyp...
FAILED RANDOM/test_queue1_RANDOM.py::test_case_212 - AttributeError: 'NoneTyp...
FAILED RANDOM/test_queue1_RANDOM.py::test_case_213 - AttributeError: 'NoneTyp...
FAILED RANDOM/test_queue1_RANDOM.py::test_case_217 - AttributeError: 'NoneTyp...
FAILED RANDOM/test_queue1_RANDOM.py::test_case_218 - AttributeError: 'NoneTyp...
FAILED RANDOM/test_queue1_RANDOM.py::test_case_219 - AttributeError: 'NoneTyp...
FAILED RANDOM/test_queue1_RANDOM.py::test_case_220 - AttributeError: 'NoneTyp...
FAILED RANDOM/test_queue1_RANDOM.py::test_case_221 - AttributeError: 'NoneTyp...
FAILED RANDOM/test_queue1_RANDOM.py::test_case_222 - AttributeError: 'NoneTyp...
FAILED RANDOM/test_queue1_RANDOM.py::test_case_226 - AttributeError: 'NoneTyp...
FAILED RANDOM/test_queue1_RANDOM.py::test_case_227 - AttributeError: 'NoneTyp...
FAILED RANDOM/test_queue1_RANDOM.py::test_case_228 - AttributeError: 'NoneTyp...
FAILED RANDOM/test_queue1_RANDOM.py::test_case_230 - AttributeError: 'NoneTyp...
FAILED RANDOM/test_queue1_RANDOM.py::test_case_231 - AttributeError: 'NoneTyp...
FAILED RANDOM/test_queue1_RANDOM.py::test_case_232 - AttributeError: 'NoneTyp...
FAILED RANDOM/test_queue1_RANDOM.py::test_case_234 - AttributeError: 'NoneTyp...
FAILED RANDOM/test_queue1_RANDOM.py::test_case_236 - AttributeError: 'NoneTyp...
FAILED RANDOM/test_queue1_RANDOM.py::test_case_242 - AttributeError: 'NoneTyp...
FAILED RANDOM/test_queue1_RANDOM.py::test_case_244 - AttributeError: 'NoneTyp...
FAILED RANDOM/test_queue1_RANDOM.py::test_case_245 - AttributeError: 'NoneTyp...
FAILED RANDOM/test_queue1_RANDOM.py::test_case_248 - AttributeError: 'NoneTyp...
FAILED RANDOM/test_queue1_RANDOM.py::test_case_249 - AttributeError: 'NoneTyp...
FAILED RANDOM/test_queue1_RANDOM.py::test_case_252 - AttributeError: 'NoneTyp...
FAILED RANDOM/test_queue1_RANDOM.py::test_case_253 - AttributeError: 'NoneTyp...
FAILED RANDOM/test_queue1_RANDOM.py::test_case_255 - AttributeError: 'NoneTyp...
FAILED RANDOM/test_queue1_RANDOM.py::test_case_257 - AttributeError: 'NoneTyp...
FAILED RANDOM/test_queue1_RANDOM.py::test_case_258 - AttributeError: 'NoneTyp...
FAILED RANDOM/test_queue1_RANDOM.py::test_case_259 - AttributeError: 'NoneTyp...
FAILED RANDOM/test_queue1_RANDOM.py::test_case_260 - AttributeError: 'NoneTyp...
FAILED RANDOM/test_queue1_RANDOM.py::test_case_262 - AttributeError: 'NoneTyp...
FAILED RANDOM/test_queue1_RANDOM.py::test_case_263 - AttributeError: 'NoneTyp...
FAILED RANDOM/test_queue1_RANDOM.py::test_case_264 - AttributeError: 'NoneTyp...
FAILED RANDOM/test_queue1_RANDOM.py::test_case_266 - AttributeError: 'NoneTyp...
FAILED RANDOM/test_queue1_RANDOM.py::test_case_268 - AttributeError: 'NoneTyp...
FAILED RANDOM/test_queue1_RANDOM.py::test_case_269 - AttributeError: 'NoneTyp...
FAILED RANDOM/test_queue1_RANDOM.py::test_case_270 - AttributeError: 'NoneTyp...
FAILED RANDOM/test_queue1_RANDOM.py::test_case_272 - AttributeError: 'NoneTyp...
FAILED RANDOM/test_queue1_RANDOM.py::test_case_276 - AttributeError: 'NoneTyp...
FAILED RANDOM/test_queue1_RANDOM.py::test_case_277 - AttributeError: 'NoneTyp...
FAILED RANDOM/test_queue1_RANDOM.py::test_case_278 - AttributeError: 'NoneTyp...
FAILED RANDOM/test_queue1_RANDOM.py::test_case_280 - AttributeError: 'NoneTyp...
FAILED RANDOM/test_queue1_RANDOM.py::test_case_283 - AttributeError: 'NoneTyp...
FAILED RANDOM/test_queue1_RANDOM.py::test_case_284 - AttributeError: 'NoneTyp...
FAILED RANDOM/test_queue1_RANDOM.py::test_case_285 - AttributeError: 'NoneTyp...
FAILED RANDOM/test_queue1_RANDOM.py::test_case_288 - AttributeError: 'NoneTyp...
FAILED RANDOM/test_queue1_RANDOM.py::test_case_290 - AttributeError: 'NoneTyp...
FAILED RANDOM/test_queue1_RANDOM.py::test_case_292 - AttributeError: 'NoneTyp...
FAILED RANDOM/test_queue1_RANDOM.py::test_case_293 - AttributeError: 'NoneTyp...
FAILED RANDOM/test_queue1_RANDOM.py::test_case_294 - AttributeError: 'NoneTyp...
FAILED RANDOM/test_queue1_RANDOM.py::test_case_298 - AttributeError: 'NoneTyp...
FAILED RANDOM/test_queue1_RANDOM.py::test_case_299 - AttributeError: 'NoneTyp...
======================= 190 failed, 110 passed in 2.55s ========================
</pre></div></div></div></div></div><div class="mb-1" id="job_list___sub_accordion_2"><div class="card"><a data-toggle="collapse" data-target="#job_list___sub_collapse_2_1" aria-expanded="false" aria-controls="job_list___sub_collapse_2_1" href="#" class="job_list___sub_multi_heading"><div role="alert" class="card-header alert-success" id="job_list___sub_heading_2_1"><button class="btn btn-outline-success"><span class="job_id">2 : Job ID c880ee7bf20642aeb85083f987d0287f</span></button></div></a><div aria-labelledby="job_list___sub_heading_2_1" data-parent="#job_list___sub_accordion_2" class="collapse job_list___sub_multi_collapse" id="job_list___sub_collapse_2_1"><div class="card-body"><div class="work-item"><div class="alert alert-success test-outcome" role="alert"><p>worker outcome: normal</p><p>test outcome: killed</p></div></div><pre class="location"><a href="pycharm://open?file=queue1.py&amp;line=35" class="text-secondary"><button class="btn btn-outline-dark">queue1.py, start pos: (35, 16), end pos: (35, 18)</button></a></pre><pre>operator: core/ReplaceComparisonOperator_Is_IsNot, occurrence: 1</pre><div class="alert alert-secondary"><pre class="diff">--- mutation diff ---
--- aqueue1.py
+++ bqueue1.py
@@ -32,7 +32,7 @@
 		self.size += 1
 
 	def dequeue(self):
-		if self.front is None:
+		if self.front is not None:
 			raise ValueError()
 		else:
 			front_node = self.front</pre></div><div class="alert alert-secondary"><pre class="diff">============================= test session starts ==============================
platform linux -- Python 3.10.10, pytest-7.2.1, pluggy-1.0.0
rootdir: /home/auri/temp/lucca/python_experiments/queue1
collected 300 items

RANDOM/test_queue1_RANDOM.py ........................................... [ 14%]
........................................................................ [ 38%]
....................................................................F... [ 62%]
...FF......F.......F.F.F...FF.........FF.........F.......F........F..... [ 86%]
........................F............F...                                [100%]

=========================== short test summary info ============================
FAILED RANDOM/test_queue1_RANDOM.py::test_case_183 - ValueError
FAILED RANDOM/test_queue1_RANDOM.py::test_case_190 - AttributeError: 'NoneTyp...
FAILED RANDOM/test_queue1_RANDOM.py::test_case_191 - AttributeError: 'NoneTyp...
FAILED RANDOM/test_queue1_RANDOM.py::test_case_198 - AttributeError: 'NoneTyp...
FAILED RANDOM/test_queue1_RANDOM.py::test_case_206 - AttributeError: 'NoneTyp...
FAILED RANDOM/test_queue1_RANDOM.py::test_case_208 - AttributeError: 'NoneTyp...
FAILED RANDOM/test_queue1_RANDOM.py::test_case_210 - AttributeError: 'NoneTyp...
FAILED RANDOM/test_queue1_RANDOM.py::test_case_214 - AttributeError: 'NoneTyp...
FAILED RANDOM/test_queue1_RANDOM.py::test_case_215 - AttributeError: 'NoneTyp...
FAILED RANDOM/test_queue1_RANDOM.py::test_case_225 - AttributeError: 'NoneTyp...
FAILED RANDOM/test_queue1_RANDOM.py::test_case_226 - AttributeError: 'NoneTyp...
FAILED RANDOM/test_queue1_RANDOM.py::test_case_236 - AttributeError: 'NoneTyp...
FAILED RANDOM/test_queue1_RANDOM.py::test_case_244 - AttributeError: 'NoneTyp...
FAILED RANDOM/test_queue1_RANDOM.py::test_case_253 - AttributeError: 'NoneTyp...
FAILED RANDOM/test_queue1_RANDOM.py::test_case_283 - AttributeError: 'NoneTyp...
FAILED RANDOM/test_queue1_RANDOM.py::test_case_296 - AttributeError: 'NoneTyp...
======================== 16 failed, 284 passed in 2.50s ========================
</pre></div></div></div></div></div><div class="mb-1" id="job_list___sub_accordion_3"><div class="card"><a data-toggle="collapse" data-target="#job_list___sub_collapse_3_1" aria-expanded="false" aria-controls="job_list___sub_collapse_3_1" href="#" class="job_list___sub_multi_heading"><div role="alert" class="card-header alert-success" id="job_list___sub_heading_3_1"><button class="btn btn-outline-success"><span class="job_id">3 : Job ID acdd753273924b5d9f449b17a4d7d3de</span></button></div></a><div aria-labelledby="job_list___sub_heading_3_1" data-parent="#job_list___sub_accordion_3" class="collapse job_list___sub_multi_collapse" id="job_list___sub_collapse_3_1"><div class="card-body"><div class="work-item"><div class="alert alert-success test-outcome" role="alert"><p>worker outcome: normal</p><p>test outcome: killed</p></div></div><pre class="location"><a href="pycharm://open?file=queue1.py&amp;line=44" class="text-secondary"><button class="btn btn-outline-dark">queue1.py, start pos: (44, 16), end pos: (44, 18)</button></a></pre><pre>operator: core/ReplaceComparisonOperator_Is_IsNot, occurrence: 2</pre><div class="alert alert-secondary"><pre class="diff">--- mutation diff ---
--- aqueue1.py
+++ bqueue1.py
@@ -41,7 +41,7 @@
 			return front_node.data
 
 	def peek(self):
-		if self.front is None:
+		if self.front is not None:
 			return None
 		return self.front.data
 </pre></div><div class="alert alert-secondary"><pre class="diff">============================= test session starts ==============================
platform linux -- Python 3.10.10, pytest-7.2.1, pluggy-1.0.0
rootdir: /home/auri/temp/lucca/python_experiments/queue1
collected 300 items

RANDOM/test_queue1_RANDOM.py .................F......FF.FF.FFF.F.F.F..F. [ 14%]
FF.FF.FFF.F.FF..F.FF...FFF.FF.......F.FF....FF....FF.F.FF..F.FF..F..F... [ 38%]
FF.FF.F.FFFFFF.FF..F.FFFFF.FFF.FFF.FF.FFF..F.F..F.FFF..FFFF.FFFFFF.F..FF [ 62%]
.............F.F.FF.F...FFF.F..FF.FF.F.FFFF.FF.F..F..F.F..F.F.FFFFFF..F. [ 86%]
.FFFFF.FFFFF.F.F.F...F.FF..F.FF.....F...F                                [100%]

=========================== short test summary info ============================
FAILED RANDOM/test_queue1_RANDOM.py::test_case_17 - AttributeError: 'NoneType...
FAILED RANDOM/test_queue1_RANDOM.py::test_case_24 - AttributeError: 'NoneType...
FAILED RANDOM/test_queue1_RANDOM.py::test_case_25 - AttributeError: 'NoneType...
FAILED RANDOM/test_queue1_RANDOM.py::test_case_27 - AttributeError: 'NoneType...
FAILED RANDOM/test_queue1_RANDOM.py::test_case_28 - AttributeError: 'NoneType...
FAILED RANDOM/test_queue1_RANDOM.py::test_case_30 - AttributeError: 'NoneType...
FAILED RANDOM/test_queue1_RANDOM.py::test_case_31 - AttributeError: 'NoneType...
FAILED RANDOM/test_queue1_RANDOM.py::test_case_32 - AttributeError: 'NoneType...
FAILED RANDOM/test_queue1_RANDOM.py::test_case_34 - AttributeError: 'NoneType...
FAILED RANDOM/test_queue1_RANDOM.py::test_case_36 - AttributeError: 'NoneType...
FAILED RANDOM/test_queue1_RANDOM.py::test_case_38 - AttributeError: 'NoneType...
FAILED RANDOM/test_queue1_RANDOM.py::test_case_41 - AttributeError: 'NoneType...
FAILED RANDOM/test_queue1_RANDOM.py::test_case_43 - AttributeError: 'NoneType...
FAILED RANDOM/test_queue1_RANDOM.py::test_case_44 - AttributeError: 'NoneType...
FAILED RANDOM/test_queue1_RANDOM.py::test_case_46 - AttributeError: 'NoneType...
FAILED RANDOM/test_queue1_RANDOM.py::test_case_47 - AttributeError: 'NoneType...
FAILED RANDOM/test_queue1_RANDOM.py::test_case_49 - AttributeError: 'NoneType...
FAILED RANDOM/test_queue1_RANDOM.py::test_case_50 - AttributeError: 'NoneType...
FAILED RANDOM/test_queue1_RANDOM.py::test_case_51 - AttributeError: 'NoneType...
FAILED RANDOM/test_queue1_RANDOM.py::test_case_53 - AttributeError: 'NoneType...
FAILED RANDOM/test_queue1_RANDOM.py::test_case_55 - AttributeError: 'NoneType...
FAILED RANDOM/test_queue1_RANDOM.py::test_case_56 - AttributeError: 'NoneType...
FAILED RANDOM/test_queue1_RANDOM.py::test_case_59 - AttributeError: 'NoneType...
FAILED RANDOM/test_queue1_RANDOM.py::test_case_61 - AttributeError: 'NoneType...
FAILED RANDOM/test_queue1_RANDOM.py::test_case_62 - AttributeError: 'NoneType...
FAILED RANDOM/test_queue1_RANDOM.py::test_case_66 - AttributeError: 'NoneType...
FAILED RANDOM/test_queue1_RANDOM.py::test_case_67 - AttributeError: 'NoneType...
FAILED RANDOM/test_queue1_RANDOM.py::test_case_68 - AttributeError: 'NoneType...
FAILED RANDOM/test_queue1_RANDOM.py::test_case_70 - AttributeError: 'NoneType...
FAILED RANDOM/test_queue1_RANDOM.py::test_case_71 - AttributeError: 'NoneType...
FAILED RANDOM/test_queue1_RANDOM.py::test_case_79 - AttributeError: 'NoneType...
FAILED RANDOM/test_queue1_RANDOM.py::test_case_81 - AttributeError: 'NoneType...
FAILED RANDOM/test_queue1_RANDOM.py::test_case_82 - AttributeError: 'NoneType...
FAILED RANDOM/test_queue1_RANDOM.py::test_case_87 - AttributeError: 'NoneType...
FAILED RANDOM/test_queue1_RANDOM.py::test_case_88 - AttributeError: 'NoneType...
FAILED RANDOM/test_queue1_RANDOM.py::test_case_93 - AttributeError: 'NoneType...
FAILED RANDOM/test_queue1_RANDOM.py::test_case_94 - AttributeError: 'NoneType...
FAILED RANDOM/test_queue1_RANDOM.py::test_case_96 - AttributeError: 'NoneType...
FAILED RANDOM/test_queue1_RANDOM.py::test_case_98 - AttributeError: 'NoneType...
FAILED RANDOM/test_queue1_RANDOM.py::test_case_99 - AttributeError: 'NoneType...
FAILED RANDOM/test_queue1_RANDOM.py::test_case_102 - AttributeError: 'NoneTyp...
FAILED RANDOM/test_queue1_RANDOM.py::test_case_104 - AttributeError: 'NoneTyp...
FAILED RANDOM/test_queue1_RANDOM.py::test_case_105 - AttributeError: 'NoneTyp...
FAILED RANDOM/test_queue1_RANDOM.py::test_case_108 - AttributeError: 'NoneTyp...
FAILED RANDOM/test_queue1_RANDOM.py::test_case_111 - AttributeError: 'NoneTyp...
FAILED RANDOM/test_queue1_RANDOM.py::test_case_115 - AttributeError: 'NoneTyp...
FAILED RANDOM/test_queue1_RANDOM.py::test_case_116 - AttributeError: 'NoneTyp...
FAILED RANDOM/test_queue1_RANDOM.py::test_case_118 - AttributeError: 'NoneTyp...
FAILED RANDOM/test_queue1_RANDOM.py::test_case_119 - AttributeError: 'NoneTyp...
FAILED RANDOM/test_queue1_RANDOM.py::test_case_121 - AttributeError: 'NoneTyp...
FAILED RANDOM/test_queue1_RANDOM.py::test_case_123 - AttributeError: 'NoneTyp...
FAILED RANDOM/test_queue1_RANDOM.py::test_case_124 - AttributeError: 'NoneTyp...
FAILED RANDOM/test_queue1_RANDOM.py::test_case_125 - AttributeError: 'NoneTyp...
FAILED RANDOM/test_queue1_RANDOM.py::test_case_126 - AttributeError: 'NoneTyp...
FAILED RANDOM/test_queue1_RANDOM.py::test_case_127 - AttributeError: 'NoneTyp...
FAILED RANDOM/test_queue1_RANDOM.py::test_case_128 - AttributeError: 'NoneTyp...
FAILED RANDOM/test_queue1_RANDOM.py::test_case_130 - AttributeError: 'NoneTyp...
FAILED RANDOM/test_queue1_RANDOM.py::test_case_131 - AttributeError: 'NoneTyp...
FAILED RANDOM/test_queue1_RANDOM.py::test_case_134 - AttributeError: 'NoneTyp...
FAILED RANDOM/test_queue1_RANDOM.py::test_case_136 - AttributeError: 'NoneTyp...
FAILED RANDOM/test_queue1_RANDOM.py::test_case_137 - AttributeError: 'NoneTyp...
FAILED RANDOM/test_queue1_RANDOM.py::test_case_138 - AttributeError: 'NoneTyp...
FAILED RANDOM/test_queue1_RANDOM.py::test_case_139 - AttributeError: 'NoneTyp...
FAILED RANDOM/test_queue1_RANDOM.py::test_case_140 - AttributeError: 'NoneTyp...
FAILED RANDOM/test_queue1_RANDOM.py::test_case_142 - AttributeError: 'NoneTyp...
FAILED RANDOM/test_queue1_RANDOM.py::test_case_143 - AttributeError: 'NoneTyp...
FAILED RANDOM/test_queue1_RANDOM.py::test_case_144 - AttributeError: 'NoneTyp...
FAILED RANDOM/test_queue1_RANDOM.py::test_case_146 - AttributeError: 'NoneTyp...
FAILED RANDOM/test_queue1_RANDOM.py::test_case_147 - AttributeError: 'NoneTyp...
FAILED RANDOM/test_queue1_RANDOM.py::test_case_148 - AttributeError: 'NoneTyp...
FAILED RANDOM/test_queue1_RANDOM.py::test_case_150 - AttributeError: 'NoneTyp...
FAILED RANDOM/test_queue1_RANDOM.py::test_case_151 - AttributeError: 'NoneTyp...
FAILED RANDOM/test_queue1_RANDOM.py::test_case_153 - AttributeError: 'NoneTyp...
FAILED RANDOM/test_queue1_RANDOM.py::test_case_154 - AttributeError: 'NoneTyp...
FAILED RANDOM/test_queue1_RANDOM.py::test_case_155 - AttributeError: 'NoneTyp...
FAILED RANDOM/test_queue1_RANDOM.py::test_case_158 - AttributeError: 'NoneTyp...
FAILED RANDOM/test_queue1_RANDOM.py::test_case_160 - AttributeError: 'NoneTyp...
FAILED RANDOM/test_queue1_RANDOM.py::test_case_163 - AttributeError: 'NoneTyp...
FAILED RANDOM/test_queue1_RANDOM.py::test_case_165 - AttributeError: 'NoneTyp...
FAILED RANDOM/test_queue1_RANDOM.py::test_case_166 - AttributeError: 'NoneTyp...
FAILED RANDOM/test_queue1_RANDOM.py::test_case_167 - AttributeError: 'NoneTyp...
FAILED RANDOM/test_queue1_RANDOM.py::test_case_170 - AttributeError: 'NoneTyp...
FAILED RANDOM/test_queue1_RANDOM.py::test_case_171 - AttributeError: 'NoneTyp...
FAILED RANDOM/test_queue1_RANDOM.py::test_case_172 - AttributeError: 'NoneTyp...
FAILED RANDOM/test_queue1_RANDOM.py::test_case_173 - AttributeError: 'NoneTyp...
FAILED RANDOM/test_queue1_RANDOM.py::test_case_175 - AttributeError: 'NoneTyp...
FAILED RANDOM/test_queue1_RANDOM.py::test_case_176 - AttributeError: 'NoneTyp...
FAILED RANDOM/test_queue1_RANDOM.py::test_case_177 - AttributeError: 'NoneTyp...
FAILED RANDOM/test_queue1_RANDOM.py::test_case_178 - AttributeError: 'NoneTyp...
FAILED RANDOM/test_queue1_RANDOM.py::test_case_179 - AttributeError: 'NoneTyp...
FAILED RANDOM/test_queue1_RANDOM.py::test_case_180 - AttributeError: 'NoneTyp...
FAILED RANDOM/test_queue1_RANDOM.py::test_case_182 - AttributeError: 'NoneTyp...
FAILED RANDOM/test_queue1_RANDOM.py::test_case_185 - AttributeError: 'NoneTyp...
FAILED RANDOM/test_queue1_RANDOM.py::test_case_186 - AttributeError: 'NoneTyp...
FAILED RANDOM/test_queue1_RANDOM.py::test_case_200 - AttributeError: 'NoneTyp...
FAILED RANDOM/test_queue1_RANDOM.py::test_case_202 - AttributeError: 'NoneTyp...
FAILED RANDOM/test_queue1_RANDOM.py::test_case_204 - AttributeError: 'NoneTyp...
FAILED RANDOM/test_queue1_RANDOM.py::test_case_205 - AttributeError: 'NoneTyp...
FAILED RANDOM/test_queue1_RANDOM.py::test_case_207 - AttributeError: 'NoneTyp...
FAILED RANDOM/test_queue1_RANDOM.py::test_case_211 - AttributeError: 'NoneTyp...
FAILED RANDOM/test_queue1_RANDOM.py::test_case_212 - AttributeError: 'NoneTyp...
FAILED RANDOM/test_queue1_RANDOM.py::test_case_213 - AttributeError: 'NoneTyp...
FAILED RANDOM/test_queue1_RANDOM.py::test_case_215 - AttributeError: 'NoneTyp...
FAILED RANDOM/test_queue1_RANDOM.py::test_case_218 - AttributeError: 'NoneTyp...
FAILED RANDOM/test_queue1_RANDOM.py::test_case_219 - AttributeError: 'NoneTyp...
FAILED RANDOM/test_queue1_RANDOM.py::test_case_221 - AttributeError: 'NoneTyp...
FAILED RANDOM/test_queue1_RANDOM.py::test_case_222 - AttributeError: 'NoneTyp...
FAILED RANDOM/test_queue1_RANDOM.py::test_case_224 - AttributeError: 'NoneTyp...
FAILED RANDOM/test_queue1_RANDOM.py::test_case_226 - AttributeError: 'NoneTyp...
FAILED RANDOM/test_queue1_RANDOM.py::test_case_227 - AttributeError: 'NoneTyp...
FAILED RANDOM/test_queue1_RANDOM.py::test_case_228 - AttributeError: 'NoneTyp...
FAILED RANDOM/test_queue1_RANDOM.py::test_case_229 - AttributeError: 'NoneTyp...
FAILED RANDOM/test_queue1_RANDOM.py::test_case_231 - AttributeError: 'NoneTyp...
FAILED RANDOM/test_queue1_RANDOM.py::test_case_232 - AttributeError: 'NoneTyp...
FAILED RANDOM/test_queue1_RANDOM.py::test_case_234 - AttributeError: 'NoneTyp...
FAILED RANDOM/test_queue1_RANDOM.py::test_case_237 - AttributeError: 'NoneTyp...
FAILED RANDOM/test_queue1_RANDOM.py::test_case_240 - AttributeError: 'NoneTyp...
FAILED RANDOM/test_queue1_RANDOM.py::test_case_242 - AttributeError: 'NoneTyp...
FAILED RANDOM/test_queue1_RANDOM.py::test_case_245 - AttributeError: 'NoneTyp...
FAILED RANDOM/test_queue1_RANDOM.py::test_case_247 - AttributeError: 'NoneTyp...
FAILED RANDOM/test_queue1_RANDOM.py::test_case_249 - AttributeError: 'NoneTyp...
FAILED RANDOM/test_queue1_RANDOM.py::test_case_250 - AttributeError: 'NoneTyp...
FAILED RANDOM/test_queue1_RANDOM.py::test_case_251 - AttributeError: 'NoneTyp...
FAILED RANDOM/test_queue1_RANDOM.py::test_case_252 - AttributeError: 'NoneTyp...
FAILED RANDOM/test_queue1_RANDOM.py::test_case_253 - AttributeError: 'NoneTyp...
FAILED RANDOM/test_queue1_RANDOM.py::test_case_254 - AttributeError: 'NoneTyp...
FAILED RANDOM/test_queue1_RANDOM.py::test_case_257 - AttributeError: 'NoneTyp...
FAILED RANDOM/test_queue1_RANDOM.py::test_case_260 - AttributeError: 'NoneTyp...
FAILED RANDOM/test_queue1_RANDOM.py::test_case_261 - AttributeError: 'NoneTyp...
FAILED RANDOM/test_queue1_RANDOM.py::test_case_262 - AttributeError: 'NoneTyp...
FAILED RANDOM/test_queue1_RANDOM.py::test_case_263 - AttributeError: 'NoneTyp...
FAILED RANDOM/test_queue1_RANDOM.py::test_case_264 - AttributeError: 'NoneTyp...
FAILED RANDOM/test_queue1_RANDOM.py::test_case_266 - AttributeError: 'NoneTyp...
FAILED RANDOM/test_queue1_RANDOM.py::test_case_267 - AttributeError: 'NoneTyp...
FAILED RANDOM/test_queue1_RANDOM.py::test_case_268 - AttributeError: 'NoneTyp...
FAILED RANDOM/test_queue1_RANDOM.py::test_case_269 - AttributeError: 'NoneTyp...
FAILED RANDOM/test_queue1_RANDOM.py::test_case_270 - AttributeError: 'NoneTyp...
FAILED RANDOM/test_queue1_RANDOM.py::test_case_272 - AttributeError: 'NoneTyp...
FAILED RANDOM/test_queue1_RANDOM.py::test_case_274 - AttributeError: 'NoneTyp...
FAILED RANDOM/test_queue1_RANDOM.py::test_case_276 - AttributeError: 'NoneTyp...
FAILED RANDOM/test_queue1_RANDOM.py::test_case_280 - AttributeError: 'NoneTyp...
FAILED RANDOM/test_queue1_RANDOM.py::test_case_282 - AttributeError: 'NoneTyp...
FAILED RANDOM/test_queue1_RANDOM.py::test_case_283 - AttributeError: 'NoneTyp...
FAILED RANDOM/test_queue1_RANDOM.py::test_case_286 - AttributeError: 'NoneTyp...
FAILED RANDOM/test_queue1_RANDOM.py::test_case_288 - AttributeError: 'NoneTyp...
FAILED RANDOM/test_queue1_RANDOM.py::test_case_289 - AttributeError: 'NoneTyp...
FAILED RANDOM/test_queue1_RANDOM.py::test_case_295 - AttributeError: 'NoneTyp...
FAILED RANDOM/test_queue1_RANDOM.py::test_case_299 - AttributeError: 'NoneTyp...
======================= 148 failed, 152 passed in 2.54s ========================
</pre></div></div></div></div></div><div class="mb-1" id="job_list___sub_accordion_4"><div class="card"><a data-toggle="collapse" data-target="#job_list___sub_collapse_4_1" aria-expanded="false" aria-controls="job_list___sub_collapse_4_1" href="#" class="job_list___sub_multi_heading"><div role="alert" class="card-header alert-success" id="job_list___sub_heading_4_1"><button class="btn btn-outline-success"><span class="job_id">4 : Job ID d72e2cc56ac8425a9c9b1b05328073ad</span></button></div></a><div aria-labelledby="job_list___sub_heading_4_1" data-parent="#job_list___sub_accordion_4" class="collapse job_list___sub_multi_collapse" id="job_list___sub_collapse_4_1"><div class="card-body"><div class="work-item"><div class="alert alert-success test-outcome" role="alert"><p>worker outcome: normal</p><p>test outcome: killed</p></div></div><pre class="location"><a href="pycharm://open?file=queue1.py&amp;line=23" class="text-secondary"><button class="btn btn-outline-dark">queue1.py, start pos: (23, 5), end pos: (23, 23)</button></a></pre><pre>operator: core/AddNot, occurrence: 0</pre><div class="alert alert-secondary"><pre class="diff">--- mutation diff ---
--- aqueue1.py
+++ bqueue1.py
@@ -20,7 +20,7 @@
 
 	def enqueue(self, item):
 
-		if self.front is None:
+		if not self.front is None:
 			new_node = QueueNode(item)
 			self.front = new_node
 			self.back = new_node</pre></div><div class="alert alert-secondary"><pre class="diff">============================= test session starts ==============================
platform linux -- Python 3.10.10, pytest-7.2.1, pluggy-1.0.0
rootdir: /home/auri/temp/lucca/python_experiments/queue1
collected 300 items

RANDOM/test_queue1_RANDOM.py ...FFF.F.FFF.FF.F.FFF.FF.F.FFF.FF.F..F.FFF. [ 14%]
FF.F.FFFFFF.F.FFFF.F.FF.FF.F..F.F.F.FF..F.F.F.FFF...F.FFFFFFF.F.FF.F.FF. [ 38%]
..FFFFFFFFFFFF.FF.FFFFFFF.FF.FFFF.FFFFFFF.F..FFFF.FFF.FFF.FFFFF.F.FFFF.. [ 62%]
.FF.FFF..F.F.FFF.F..F.F.FFF...FFFFFF...FFF.FFF.F.F.....F.FF..FF..FF.F.FF [ 86%]
FF.FFF.F.FFF.F...FFF.F..FFF..F.F.FFF...FF                                [100%]

=========================== short test summary info ============================
FAILED RANDOM/test_queue1_RANDOM.py::test_case_3 - AttributeError: 'NoneType'...
FAILED RANDOM/test_queue1_RANDOM.py::test_case_4 - AttributeError: 'NoneType'...
FAILED RANDOM/test_queue1_RANDOM.py::test_case_5 - AttributeError: 'NoneType'...
FAILED RANDOM/test_queue1_RANDOM.py::test_case_7 - AttributeError: 'NoneType'...
FAILED RANDOM/test_queue1_RANDOM.py::test_case_9 - AttributeError: 'NoneType'...
FAILED RANDOM/test_queue1_RANDOM.py::test_case_10 - AttributeError: 'NoneType...
FAILED RANDOM/test_queue1_RANDOM.py::test_case_11 - AttributeError: 'NoneType...
FAILED RANDOM/test_queue1_RANDOM.py::test_case_13 - AttributeError: 'NoneType...
FAILED RANDOM/test_queue1_RANDOM.py::test_case_14 - AttributeError: 'NoneType...
FAILED RANDOM/test_queue1_RANDOM.py::test_case_16 - AttributeError: 'NoneType...
FAILED RANDOM/test_queue1_RANDOM.py::test_case_18 - AttributeError: 'NoneType...
FAILED RANDOM/test_queue1_RANDOM.py::test_case_19 - AttributeError: 'NoneType...
FAILED RANDOM/test_queue1_RANDOM.py::test_case_20 - AttributeError: 'NoneType...
FAILED RANDOM/test_queue1_RANDOM.py::test_case_22 - AttributeError: 'NoneType...
FAILED RANDOM/test_queue1_RANDOM.py::test_case_23 - AttributeError: 'NoneType...
FAILED RANDOM/test_queue1_RANDOM.py::test_case_25 - AttributeError: 'NoneType...
FAILED RANDOM/test_queue1_RANDOM.py::test_case_27 - AttributeError: 'NoneType...
FAILED RANDOM/test_queue1_RANDOM.py::test_case_28 - AttributeError: 'NoneType...
FAILED RANDOM/test_queue1_RANDOM.py::test_case_29 - AttributeError: 'NoneType...
FAILED RANDOM/test_queue1_RANDOM.py::test_case_31 - AttributeError: 'NoneType...
FAILED RANDOM/test_queue1_RANDOM.py::test_case_32 - AttributeError: 'NoneType...
FAILED RANDOM/test_queue1_RANDOM.py::test_case_34 - AttributeError: 'NoneType...
FAILED RANDOM/test_queue1_RANDOM.py::test_case_37 - AttributeError: 'NoneType...
FAILED RANDOM/test_queue1_RANDOM.py::test_case_39 - AttributeError: 'NoneType...
FAILED RANDOM/test_queue1_RANDOM.py::test_case_40 - AttributeError: 'NoneType...
FAILED RANDOM/test_queue1_RANDOM.py::test_case_41 - AttributeError: 'NoneType...
FAILED RANDOM/test_queue1_RANDOM.py::test_case_43 - AttributeError: 'NoneType...
FAILED RANDOM/test_queue1_RANDOM.py::test_case_44 - AttributeError: 'NoneType...
FAILED RANDOM/test_queue1_RANDOM.py::test_case_46 - AttributeError: 'NoneType...
FAILED RANDOM/test_queue1_RANDOM.py::test_case_48 - AttributeError: 'NoneType...
FAILED RANDOM/test_queue1_RANDOM.py::test_case_49 - AttributeError: 'NoneType...
FAILED RANDOM/test_queue1_RANDOM.py::test_case_50 - AttributeError: 'NoneType...
FAILED RANDOM/test_queue1_RANDOM.py::test_case_51 - AttributeError: 'NoneType...
FAILED RANDOM/test_queue1_RANDOM.py::test_case_52 - AttributeError: 'NoneType...
FAILED RANDOM/test_queue1_RANDOM.py::test_case_53 - AttributeError: 'NoneType...
FAILED RANDOM/test_queue1_RANDOM.py::test_case_55 - AttributeError: 'NoneType...
FAILED RANDOM/test_queue1_RANDOM.py::test_case_57 - AttributeError: 'NoneType...
FAILED RANDOM/test_queue1_RANDOM.py::test_case_58 - AttributeError: 'NoneType...
FAILED RANDOM/test_queue1_RANDOM.py::test_case_59 - AttributeError: 'NoneType...
FAILED RANDOM/test_queue1_RANDOM.py::test_case_60 - AttributeError: 'NoneType...
FAILED RANDOM/test_queue1_RANDOM.py::test_case_62 - AttributeError: 'NoneType...
FAILED RANDOM/test_queue1_RANDOM.py::test_case_64 - AttributeError: 'NoneType...
FAILED RANDOM/test_queue1_RANDOM.py::test_case_65 - AttributeError: 'NoneType...
FAILED RANDOM/test_queue1_RANDOM.py::test_case_67 - AttributeError: 'NoneType...
FAILED RANDOM/test_queue1_RANDOM.py::test_case_68 - AttributeError: 'NoneType...
FAILED RANDOM/test_queue1_RANDOM.py::test_case_70 - AttributeError: 'NoneType...
FAILED RANDOM/test_queue1_RANDOM.py::test_case_73 - AttributeError: 'NoneType...
FAILED RANDOM/test_queue1_RANDOM.py::test_case_75 - AttributeError: 'NoneType...
FAILED RANDOM/test_queue1_RANDOM.py::test_case_77 - AttributeError: 'NoneType...
FAILED RANDOM/test_queue1_RANDOM.py::test_case_79 - AttributeError: 'NoneType...
FAILED RANDOM/test_queue1_RANDOM.py::test_case_80 - AttributeError: 'NoneType...
FAILED RANDOM/test_queue1_RANDOM.py::test_case_83 - AttributeError: 'NoneType...
FAILED RANDOM/test_queue1_RANDOM.py::test_case_85 - AttributeError: 'NoneType...
FAILED RANDOM/test_queue1_RANDOM.py::test_case_87 - AttributeError: 'NoneType...
FAILED RANDOM/test_queue1_RANDOM.py::test_case_89 - AttributeError: 'NoneType...
FAILED RANDOM/test_queue1_RANDOM.py::test_case_90 - AttributeError: 'NoneType...
FAILED RANDOM/test_queue1_RANDOM.py::test_case_91 - AttributeError: 'NoneType...
FAILED RANDOM/test_queue1_RANDOM.py::test_case_95 - AttributeError: 'NoneType...
FAILED RANDOM/test_queue1_RANDOM.py::test_case_97 - AttributeError: 'NoneType...
FAILED RANDOM/test_queue1_RANDOM.py::test_case_98 - AttributeError: 'NoneType...
FAILED RANDOM/test_queue1_RANDOM.py::test_case_99 - AttributeError: 'NoneType...
FAILED RANDOM/test_queue1_RANDOM.py::test_case_100 - AttributeError: 'NoneTyp...
FAILED RANDOM/test_queue1_RANDOM.py::test_case_101 - AttributeError: 'NoneTyp...
FAILED RANDOM/test_queue1_RANDOM.py::test_case_102 - AttributeError: 'NoneTyp...
FAILED RANDOM/test_queue1_RANDOM.py::test_case_103 - AttributeError: 'NoneTyp...
FAILED RANDOM/test_queue1_RANDOM.py::test_case_105 - AttributeError: 'NoneTyp...
FAILED RANDOM/test_queue1_RANDOM.py::test_case_107 - AttributeError: 'NoneTyp...
FAILED RANDOM/test_queue1_RANDOM.py::test_case_108 - AttributeError: 'NoneTyp...
FAILED RANDOM/test_queue1_RANDOM.py::test_case_110 - AttributeError: 'NoneTyp...
FAILED RANDOM/test_queue1_RANDOM.py::test_case_112 - AttributeError: 'NoneTyp...
FAILED RANDOM/test_queue1_RANDOM.py::test_case_113 - AttributeError: 'NoneTyp...
FAILED RANDOM/test_queue1_RANDOM.py::test_case_117 - AttributeError: 'NoneTyp...
FAILED RANDOM/test_queue1_RANDOM.py::test_case_118 - AttributeError: 'NoneTyp...
FAILED RANDOM/test_queue1_RANDOM.py::test_case_119 - AttributeError: 'NoneTyp...
FAILED RANDOM/test_queue1_RANDOM.py::test_case_120 - AttributeError: 'NoneTyp...
FAILED RANDOM/test_queue1_RANDOM.py::test_case_121 - AttributeError: 'NoneTyp...
FAILED RANDOM/test_queue1_RANDOM.py::test_case_122 - AttributeError: 'NoneTyp...
FAILED RANDOM/test_queue1_RANDOM.py::test_case_123 - AttributeError: 'NoneTyp...
FAILED RANDOM/test_queue1_RANDOM.py::test_case_124 - AttributeError: 'NoneTyp...
FAILED RANDOM/test_queue1_RANDOM.py::test_case_125 - AttributeError: 'NoneTyp...
FAILED RANDOM/test_queue1_RANDOM.py::test_case_126 - AttributeError: 'NoneTyp...
FAILED RANDOM/test_queue1_RANDOM.py::test_case_127 - AttributeError: 'NoneTyp...
FAILED RANDOM/test_queue1_RANDOM.py::test_case_128 - AttributeError: 'NoneTyp...
FAILED RANDOM/test_queue1_RANDOM.py::test_case_130 - AttributeError: 'NoneTyp...
FAILED RANDOM/test_queue1_RANDOM.py::test_case_131 - AttributeError: 'NoneTyp...
FAILED RANDOM/test_queue1_RANDOM.py::test_case_133 - AttributeError: 'NoneTyp...
FAILED RANDOM/test_queue1_RANDOM.py::test_case_134 - AttributeError: 'NoneTyp...
FAILED RANDOM/test_queue1_RANDOM.py::test_case_135 - AttributeError: 'NoneTyp...
FAILED RANDOM/test_queue1_RANDOM.py::test_case_136 - AttributeError: 'NoneTyp...
FAILED RANDOM/test_queue1_RANDOM.py::test_case_137 - AttributeError: 'NoneTyp...
FAILED RANDOM/test_queue1_RANDOM.py::test_case_138 - AttributeError: 'NoneTyp...
FAILED RANDOM/test_queue1_RANDOM.py::test_case_139 - AttributeError: 'NoneTyp...
FAILED RANDOM/test_queue1_RANDOM.py::test_case_141 - AttributeError: 'NoneTyp...
FAILED RANDOM/test_queue1_RANDOM.py::test_case_142 - AttributeError: 'NoneTyp...
FAILED RANDOM/test_queue1_RANDOM.py::test_case_144 - AttributeError: 'NoneTyp...
FAILED RANDOM/test_queue1_RANDOM.py::test_case_145 - AttributeError: 'NoneTyp...
FAILED RANDOM/test_queue1_RANDOM.py::test_case_146 - AttributeError: 'NoneTyp...
FAILED RANDOM/test_queue1_RANDOM.py::test_case_147 - AttributeError: 'NoneTyp...
FAILED RANDOM/test_queue1_RANDOM.py::test_case_149 - AttributeError: 'NoneTyp...
FAILED RANDOM/test_queue1_RANDOM.py::test_case_150 - AttributeError: 'NoneTyp...
FAILED RANDOM/test_queue1_RANDOM.py::test_case_151 - AttributeError: 'NoneTyp...
FAILED RANDOM/test_queue1_RANDOM.py::test_case_152 - AttributeError: 'NoneTyp...
FAILED RANDOM/test_queue1_RANDOM.py::test_case_153 - AttributeError: 'NoneTyp...
FAILED RANDOM/test_queue1_RANDOM.py::test_case_154 - AttributeError: 'NoneTyp...
FAILED RANDOM/test_queue1_RANDOM.py::test_case_155 - AttributeError: 'NoneTyp...
FAILED RANDOM/test_queue1_RANDOM.py::test_case_157 - AttributeError: 'NoneTyp...
FAILED RANDOM/test_queue1_RANDOM.py::test_case_160 - AttributeError: 'NoneTyp...
FAILED RANDOM/test_queue1_RANDOM.py::test_case_161 - AttributeError: 'NoneTyp...
FAILED RANDOM/test_queue1_RANDOM.py::test_case_162 - AttributeError: 'NoneTyp...
FAILED RANDOM/test_queue1_RANDOM.py::test_case_163 - AttributeError: 'NoneTyp...
FAILED RANDOM/test_queue1_RANDOM.py::test_case_165 - AttributeError: 'NoneTyp...
FAILED RANDOM/test_queue1_RANDOM.py::test_case_166 - AttributeError: 'NoneTyp...
FAILED RANDOM/test_queue1_RANDOM.py::test_case_167 - AttributeError: 'NoneTyp...
FAILED RANDOM/test_queue1_RANDOM.py::test_case_169 - AttributeError: 'NoneTyp...
FAILED RANDOM/test_queue1_RANDOM.py::test_case_170 - AttributeError: 'NoneTyp...
FAILED RANDOM/test_queue1_RANDOM.py::test_case_171 - AttributeError: 'NoneTyp...
FAILED RANDOM/test_queue1_RANDOM.py::test_case_173 - AttributeError: 'NoneTyp...
FAILED RANDOM/test_queue1_RANDOM.py::test_case_174 - AttributeError: 'NoneTyp...
FAILED RANDOM/test_queue1_RANDOM.py::test_case_175 - AttributeError: 'NoneTyp...
FAILED RANDOM/test_queue1_RANDOM.py::test_case_176 - AttributeError: 'NoneTyp...
FAILED RANDOM/test_queue1_RANDOM.py::test_case_177 - AttributeError: 'NoneTyp...
FAILED RANDOM/test_queue1_RANDOM.py::test_case_179 - AttributeError: 'NoneTyp...
FAILED RANDOM/test_queue1_RANDOM.py::test_case_181 - AttributeError: 'NoneTyp...
FAILED RANDOM/test_queue1_RANDOM.py::test_case_182 - AttributeError: 'NoneTyp...
FAILED RANDOM/test_queue1_RANDOM.py::test_case_183 - AttributeError: 'NoneTyp...
FAILED RANDOM/test_queue1_RANDOM.py::test_case_184 - AttributeError: 'NoneTyp...
FAILED RANDOM/test_queue1_RANDOM.py::test_case_188 - AttributeError: 'NoneTyp...
FAILED RANDOM/test_queue1_RANDOM.py::test_case_189 - AttributeError: 'NoneTyp...
FAILED RANDOM/test_queue1_RANDOM.py::test_case_191 - AttributeError: 'NoneTyp...
FAILED RANDOM/test_queue1_RANDOM.py::test_case_192 - AttributeError: 'NoneTyp...
FAILED RANDOM/test_queue1_RANDOM.py::test_case_193 - AttributeError: 'NoneTyp...
FAILED RANDOM/test_queue1_RANDOM.py::test_case_196 - AttributeError: 'NoneTyp...
FAILED RANDOM/test_queue1_RANDOM.py::test_case_198 - AttributeError: 'NoneTyp...
FAILED RANDOM/test_queue1_RANDOM.py::test_case_200 - AttributeError: 'NoneTyp...
FAILED RANDOM/test_queue1_RANDOM.py::test_case_201 - AttributeError: 'NoneTyp...
FAILED RANDOM/test_queue1_RANDOM.py::test_case_202 - AttributeError: 'NoneTyp...
FAILED RANDOM/test_queue1_RANDOM.py::test_case_204 - AttributeError: 'NoneTyp...
FAILED RANDOM/test_queue1_RANDOM.py::test_case_207 - AttributeError: 'NoneTyp...
FAILED RANDOM/test_queue1_RANDOM.py::test_case_209 - AttributeError: 'NoneTyp...
FAILED RANDOM/test_queue1_RANDOM.py::test_case_211 - AttributeError: 'NoneTyp...
FAILED RANDOM/test_queue1_RANDOM.py::test_case_212 - AttributeError: 'NoneTyp...
FAILED RANDOM/test_queue1_RANDOM.py::test_case_213 - AttributeError: 'NoneTyp...
FAILED RANDOM/test_queue1_RANDOM.py::test_case_217 - AttributeError: 'NoneTyp...
FAILED RANDOM/test_queue1_RANDOM.py::test_case_218 - AttributeError: 'NoneTyp...
FAILED RANDOM/test_queue1_RANDOM.py::test_case_219 - AttributeError: 'NoneTyp...
FAILED RANDOM/test_queue1_RANDOM.py::test_case_220 - AttributeError: 'NoneTyp...
FAILED RANDOM/test_queue1_RANDOM.py::test_case_221 - AttributeError: 'NoneTyp...
FAILED RANDOM/test_queue1_RANDOM.py::test_case_222 - AttributeError: 'NoneTyp...
FAILED RANDOM/test_queue1_RANDOM.py::test_case_226 - AttributeError: 'NoneTyp...
FAILED RANDOM/test_queue1_RANDOM.py::test_case_227 - AttributeError: 'NoneTyp...
FAILED RANDOM/test_queue1_RANDOM.py::test_case_228 - AttributeError: 'NoneTyp...
FAILED RANDOM/test_queue1_RANDOM.py::test_case_230 - AttributeError: 'NoneTyp...
FAILED RANDOM/test_queue1_RANDOM.py::test_case_231 - AttributeError: 'NoneTyp...
FAILED RANDOM/test_queue1_RANDOM.py::test_case_232 - AttributeError: 'NoneTyp...
FAILED RANDOM/test_queue1_RANDOM.py::test_case_234 - AttributeError: 'NoneTyp...
FAILED RANDOM/test_queue1_RANDOM.py::test_case_236 - AttributeError: 'NoneTyp...
FAILED RANDOM/test_queue1_RANDOM.py::test_case_242 - AttributeError: 'NoneTyp...
FAILED RANDOM/test_queue1_RANDOM.py::test_case_244 - AttributeError: 'NoneTyp...
FAILED RANDOM/test_queue1_RANDOM.py::test_case_245 - AttributeError: 'NoneTyp...
FAILED RANDOM/test_queue1_RANDOM.py::test_case_248 - AttributeError: 'NoneTyp...
FAILED RANDOM/test_queue1_RANDOM.py::test_case_249 - AttributeError: 'NoneTyp...
FAILED RANDOM/test_queue1_RANDOM.py::test_case_252 - AttributeError: 'NoneTyp...
FAILED RANDOM/test_queue1_RANDOM.py::test_case_253 - AttributeError: 'NoneTyp...
FAILED RANDOM/test_queue1_RANDOM.py::test_case_255 - AttributeError: 'NoneTyp...
FAILED RANDOM/test_queue1_RANDOM.py::test_case_257 - AttributeError: 'NoneTyp...
FAILED RANDOM/test_queue1_RANDOM.py::test_case_258 - AttributeError: 'NoneTyp...
FAILED RANDOM/test_queue1_RANDOM.py::test_case_259 - AttributeError: 'NoneTyp...
FAILED RANDOM/test_queue1_RANDOM.py::test_case_260 - AttributeError: 'NoneTyp...
FAILED RANDOM/test_queue1_RANDOM.py::test_case_262 - AttributeError: 'NoneTyp...
FAILED RANDOM/test_queue1_RANDOM.py::test_case_263 - AttributeError: 'NoneTyp...
FAILED RANDOM/test_queue1_RANDOM.py::test_case_264 - AttributeError: 'NoneTyp...
FAILED RANDOM/test_queue1_RANDOM.py::test_case_266 - AttributeError: 'NoneTyp...
FAILED RANDOM/test_queue1_RANDOM.py::test_case_268 - AttributeError: 'NoneTyp...
FAILED RANDOM/test_queue1_RANDOM.py::test_case_269 - AttributeError: 'NoneTyp...
FAILED RANDOM/test_queue1_RANDOM.py::test_case_270 - AttributeError: 'NoneTyp...
FAILED RANDOM/test_queue1_RANDOM.py::test_case_272 - AttributeError: 'NoneTyp...
FAILED RANDOM/test_queue1_RANDOM.py::test_case_276 - AttributeError: 'NoneTyp...
FAILED RANDOM/test_queue1_RANDOM.py::test_case_277 - AttributeError: 'NoneTyp...
FAILED RANDOM/test_queue1_RANDOM.py::test_case_278 - AttributeError: 'NoneTyp...
FAILED RANDOM/test_queue1_RANDOM.py::test_case_280 - AttributeError: 'NoneTyp...
FAILED RANDOM/test_queue1_RANDOM.py::test_case_283 - AttributeError: 'NoneTyp...
FAILED RANDOM/test_queue1_RANDOM.py::test_case_284 - AttributeError: 'NoneTyp...
FAILED RANDOM/test_queue1_RANDOM.py::test_case_285 - AttributeError: 'NoneTyp...
FAILED RANDOM/test_queue1_RANDOM.py::test_case_288 - AttributeError: 'NoneTyp...
FAILED RANDOM/test_queue1_RANDOM.py::test_case_290 - AttributeError: 'NoneTyp...
FAILED RANDOM/test_queue1_RANDOM.py::test_case_292 - AttributeError: 'NoneTyp...
FAILED RANDOM/test_queue1_RANDOM.py::test_case_293 - AttributeError: 'NoneTyp...
FAILED RANDOM/test_queue1_RANDOM.py::test_case_294 - AttributeError: 'NoneTyp...
FAILED RANDOM/test_queue1_RANDOM.py::test_case_298 - AttributeError: 'NoneTyp...
FAILED RANDOM/test_queue1_RANDOM.py::test_case_299 - AttributeError: 'NoneTyp...
======================= 190 failed, 110 passed in 2.60s ========================
</pre></div></div></div></div></div><div class="mb-1" id="job_list___sub_accordion_5"><div class="card"><a data-toggle="collapse" data-target="#job_list___sub_collapse_5_1" aria-expanded="false" aria-controls="job_list___sub_collapse_5_1" href="#" class="job_list___sub_multi_heading"><div role="alert" class="card-header alert-success" id="job_list___sub_heading_5_1"><button class="btn btn-outline-success"><span class="job_id">5 : Job ID 41fe78939bc14250936dafc10180c6d5</span></button></div></a><div aria-labelledby="job_list___sub_heading_5_1" data-parent="#job_list___sub_accordion_5" class="collapse job_list___sub_multi_collapse" id="job_list___sub_collapse_5_1"><div class="card-body"><div class="work-item"><div class="alert alert-success test-outcome" role="alert"><p>worker outcome: normal</p><p>test outcome: killed</p></div></div><pre class="location"><a href="pycharm://open?file=queue1.py&amp;line=35" class="text-secondary"><button class="btn btn-outline-dark">queue1.py, start pos: (35, 5), end pos: (35, 23)</button></a></pre><pre>operator: core/AddNot, occurrence: 1</pre><div class="alert alert-secondary"><pre class="diff">--- mutation diff ---
--- aqueue1.py
+++ bqueue1.py
@@ -32,7 +32,7 @@
 		self.size += 1
 
 	def dequeue(self):
-		if self.front is None:
+		if not self.front is None:
 			raise ValueError()
 		else:
 			front_node = self.front</pre></div><div class="alert alert-secondary"><pre class="diff">============================= test session starts ==============================
platform linux -- Python 3.10.10, pytest-7.2.1, pluggy-1.0.0
rootdir: /home/auri/temp/lucca/python_experiments/queue1
collected 300 items

RANDOM/test_queue1_RANDOM.py ........................................... [ 14%]
........................................................................ [ 38%]
....................................................................F... [ 62%]
...FF......F.......F.F.F...FF.........FF.........F.......F........F..... [ 86%]
........................F............F...                                [100%]

=========================== short test summary info ============================
FAILED RANDOM/test_queue1_RANDOM.py::test_case_183 - ValueError
FAILED RANDOM/test_queue1_RANDOM.py::test_case_190 - AttributeError: 'NoneTyp...
FAILED RANDOM/test_queue1_RANDOM.py::test_case_191 - AttributeError: 'NoneTyp...
FAILED RANDOM/test_queue1_RANDOM.py::test_case_198 - AttributeError: 'NoneTyp...
FAILED RANDOM/test_queue1_RANDOM.py::test_case_206 - AttributeError: 'NoneTyp...
FAILED RANDOM/test_queue1_RANDOM.py::test_case_208 - AttributeError: 'NoneTyp...
FAILED RANDOM/test_queue1_RANDOM.py::test_case_210 - AttributeError: 'NoneTyp...
FAILED RANDOM/test_queue1_RANDOM.py::test_case_214 - AttributeError: 'NoneTyp...
FAILED RANDOM/test_queue1_RANDOM.py::test_case_215 - AttributeError: 'NoneTyp...
FAILED RANDOM/test_queue1_RANDOM.py::test_case_225 - AttributeError: 'NoneTyp...
FAILED RANDOM/test_queue1_RANDOM.py::test_case_226 - AttributeError: 'NoneTyp...
FAILED RANDOM/test_queue1_RANDOM.py::test_case_236 - AttributeError: 'NoneTyp...
FAILED RANDOM/test_queue1_RANDOM.py::test_case_244 - AttributeError: 'NoneTyp...
FAILED RANDOM/test_queue1_RANDOM.py::test_case_253 - AttributeError: 'NoneTyp...
FAILED RANDOM/test_queue1_RANDOM.py::test_case_283 - AttributeError: 'NoneTyp...
FAILED RANDOM/test_queue1_RANDOM.py::test_case_296 - AttributeError: 'NoneTyp...
======================== 16 failed, 284 passed in 2.47s ========================
</pre></div></div></div></div></div><div class="mb-1" id="job_list___sub_accordion_6"><div class="card"><a data-toggle="collapse" data-target="#job_list___sub_collapse_6_1" aria-expanded="false" aria-controls="job_list___sub_collapse_6_1" href="#" class="job_list___sub_multi_heading"><div role="alert" class="card-header alert-success" id="job_list___sub_heading_6_1"><button class="btn btn-outline-success"><span class="job_id">6 : Job ID 67513b00807a44b6b888b401cba0bc79</span></button></div></a><div aria-labelledby="job_list___sub_heading_6_1" data-parent="#job_list___sub_accordion_6" class="collapse job_list___sub_multi_collapse" id="job_list___sub_collapse_6_1"><div class="card-body"><div class="work-item"><div class="alert alert-success test-outcome" role="alert"><p>worker outcome: normal</p><p>test outcome: killed</p></div></div><pre class="location"><a href="pycharm://open?file=queue1.py&amp;line=44" class="text-secondary"><button class="btn btn-outline-dark">queue1.py, start pos: (44, 5), end pos: (44, 23)</button></a></pre><pre>operator: core/AddNot, occurrence: 2</pre><div class="alert alert-secondary"><pre class="diff">--- mutation diff ---
--- aqueue1.py
+++ bqueue1.py
@@ -41,7 +41,7 @@
 			return front_node.data
 
 	def peek(self):
-		if self.front is None:
+		if not self.front is None:
 			return None
 		return self.front.data
 </pre></div><div class="alert alert-secondary"><pre class="diff">============================= test session starts ==============================
platform linux -- Python 3.10.10, pytest-7.2.1, pluggy-1.0.0
rootdir: /home/auri/temp/lucca/python_experiments/queue1
collected 300 items

RANDOM/test_queue1_RANDOM.py .................F......FF.FF.FFF.F.F.F..F. [ 14%]
FF.FF.FFF.F.FF..F.FF...FFF.FF.......F.FF....FF....FF.F.FF..F.FF..F..F... [ 38%]
FF.FF.F.FFFFFF.FF..F.FFFFF.FFF.FFF.FF.FFF..F.F..F.FFF..FFFF.FFFFFF.F..FF [ 62%]
.............F.F.FF.F...FFF.F..FF.FF.F.FFFF.FF.F..F..F.F..F.F.FFFFFF..F. [ 86%]
.FFFFF.FFFFF.F.F.F...F.FF..F.FF.....F...F                                [100%]

=========================== short test summary info ============================
FAILED RANDOM/test_queue1_RANDOM.py::test_case_17 - AttributeError: 'NoneType...
FAILED RANDOM/test_queue1_RANDOM.py::test_case_24 - AttributeError: 'NoneType...
FAILED RANDOM/test_queue1_RANDOM.py::test_case_25 - AttributeError: 'NoneType...
FAILED RANDOM/test_queue1_RANDOM.py::test_case_27 - AttributeError: 'NoneType...
FAILED RANDOM/test_queue1_RANDOM.py::test_case_28 - AttributeError: 'NoneType...
FAILED RANDOM/test_queue1_RANDOM.py::test_case_30 - AttributeError: 'NoneType...
FAILED RANDOM/test_queue1_RANDOM.py::test_case_31 - AttributeError: 'NoneType...
FAILED RANDOM/test_queue1_RANDOM.py::test_case_32 - AttributeError: 'NoneType...
FAILED RANDOM/test_queue1_RANDOM.py::test_case_34 - AttributeError: 'NoneType...
FAILED RANDOM/test_queue1_RANDOM.py::test_case_36 - AttributeError: 'NoneType...
FAILED RANDOM/test_queue1_RANDOM.py::test_case_38 - AttributeError: 'NoneType...
FAILED RANDOM/test_queue1_RANDOM.py::test_case_41 - AttributeError: 'NoneType...
FAILED RANDOM/test_queue1_RANDOM.py::test_case_43 - AttributeError: 'NoneType...
FAILED RANDOM/test_queue1_RANDOM.py::test_case_44 - AttributeError: 'NoneType...
FAILED RANDOM/test_queue1_RANDOM.py::test_case_46 - AttributeError: 'NoneType...
FAILED RANDOM/test_queue1_RANDOM.py::test_case_47 - AttributeError: 'NoneType...
FAILED RANDOM/test_queue1_RANDOM.py::test_case_49 - AttributeError: 'NoneType...
FAILED RANDOM/test_queue1_RANDOM.py::test_case_50 - AttributeError: 'NoneType...
FAILED RANDOM/test_queue1_RANDOM.py::test_case_51 - AttributeError: 'NoneType...
FAILED RANDOM/test_queue1_RANDOM.py::test_case_53 - AttributeError: 'NoneType...
FAILED RANDOM/test_queue1_RANDOM.py::test_case_55 - AttributeError: 'NoneType...
FAILED RANDOM/test_queue1_RANDOM.py::test_case_56 - AttributeError: 'NoneType...
FAILED RANDOM/test_queue1_RANDOM.py::test_case_59 - AttributeError: 'NoneType...
FAILED RANDOM/test_queue1_RANDOM.py::test_case_61 - AttributeError: 'NoneType...
FAILED RANDOM/test_queue1_RANDOM.py::test_case_62 - AttributeError: 'NoneType...
FAILED RANDOM/test_queue1_RANDOM.py::test_case_66 - AttributeError: 'NoneType...
FAILED RANDOM/test_queue1_RANDOM.py::test_case_67 - AttributeError: 'NoneType...
FAILED RANDOM/test_queue1_RANDOM.py::test_case_68 - AttributeError: 'NoneType...
FAILED RANDOM/test_queue1_RANDOM.py::test_case_70 - AttributeError: 'NoneType...
FAILED RANDOM/test_queue1_RANDOM.py::test_case_71 - AttributeError: 'NoneType...
FAILED RANDOM/test_queue1_RANDOM.py::test_case_79 - AttributeError: 'NoneType...
FAILED RANDOM/test_queue1_RANDOM.py::test_case_81 - AttributeError: 'NoneType...
FAILED RANDOM/test_queue1_RANDOM.py::test_case_82 - AttributeError: 'NoneType...
FAILED RANDOM/test_queue1_RANDOM.py::test_case_87 - AttributeError: 'NoneType...
FAILED RANDOM/test_queue1_RANDOM.py::test_case_88 - AttributeError: 'NoneType...
FAILED RANDOM/test_queue1_RANDOM.py::test_case_93 - AttributeError: 'NoneType...
FAILED RANDOM/test_queue1_RANDOM.py::test_case_94 - AttributeError: 'NoneType...
FAILED RANDOM/test_queue1_RANDOM.py::test_case_96 - AttributeError: 'NoneType...
FAILED RANDOM/test_queue1_RANDOM.py::test_case_98 - AttributeError: 'NoneType...
FAILED RANDOM/test_queue1_RANDOM.py::test_case_99 - AttributeError: 'NoneType...
FAILED RANDOM/test_queue1_RANDOM.py::test_case_102 - AttributeError: 'NoneTyp...
FAILED RANDOM/test_queue1_RANDOM.py::test_case_104 - AttributeError: 'NoneTyp...
FAILED RANDOM/test_queue1_RANDOM.py::test_case_105 - AttributeError: 'NoneTyp...
FAILED RANDOM/test_queue1_RANDOM.py::test_case_108 - AttributeError: 'NoneTyp...
FAILED RANDOM/test_queue1_RANDOM.py::test_case_111 - AttributeError: 'NoneTyp...
FAILED RANDOM/test_queue1_RANDOM.py::test_case_115 - AttributeError: 'NoneTyp...
FAILED RANDOM/test_queue1_RANDOM.py::test_case_116 - AttributeError: 'NoneTyp...
FAILED RANDOM/test_queue1_RANDOM.py::test_case_118 - AttributeError: 'NoneTyp...
FAILED RANDOM/test_queue1_RANDOM.py::test_case_119 - AttributeError: 'NoneTyp...
FAILED RANDOM/test_queue1_RANDOM.py::test_case_121 - AttributeError: 'NoneTyp...
FAILED RANDOM/test_queue1_RANDOM.py::test_case_123 - AttributeError: 'NoneTyp...
FAILED RANDOM/test_queue1_RANDOM.py::test_case_124 - AttributeError: 'NoneTyp...
FAILED RANDOM/test_queue1_RANDOM.py::test_case_125 - AttributeError: 'NoneTyp...
FAILED RANDOM/test_queue1_RANDOM.py::test_case_126 - AttributeError: 'NoneTyp...
FAILED RANDOM/test_queue1_RANDOM.py::test_case_127 - AttributeError: 'NoneTyp...
FAILED RANDOM/test_queue1_RANDOM.py::test_case_128 - AttributeError: 'NoneTyp...
FAILED RANDOM/test_queue1_RANDOM.py::test_case_130 - AttributeError: 'NoneTyp...
FAILED RANDOM/test_queue1_RANDOM.py::test_case_131 - AttributeError: 'NoneTyp...
FAILED RANDOM/test_queue1_RANDOM.py::test_case_134 - AttributeError: 'NoneTyp...
FAILED RANDOM/test_queue1_RANDOM.py::test_case_136 - AttributeError: 'NoneTyp...
FAILED RANDOM/test_queue1_RANDOM.py::test_case_137 - AttributeError: 'NoneTyp...
FAILED RANDOM/test_queue1_RANDOM.py::test_case_138 - AttributeError: 'NoneTyp...
FAILED RANDOM/test_queue1_RANDOM.py::test_case_139 - AttributeError: 'NoneTyp...
FAILED RANDOM/test_queue1_RANDOM.py::test_case_140 - AttributeError: 'NoneTyp...
FAILED RANDOM/test_queue1_RANDOM.py::test_case_142 - AttributeError: 'NoneTyp...
FAILED RANDOM/test_queue1_RANDOM.py::test_case_143 - AttributeError: 'NoneTyp...
FAILED RANDOM/test_queue1_RANDOM.py::test_case_144 - AttributeError: 'NoneTyp...
FAILED RANDOM/test_queue1_RANDOM.py::test_case_146 - AttributeError: 'NoneTyp...
FAILED RANDOM/test_queue1_RANDOM.py::test_case_147 - AttributeError: 'NoneTyp...
FAILED RANDOM/test_queue1_RANDOM.py::test_case_148 - AttributeError: 'NoneTyp...
FAILED RANDOM/test_queue1_RANDOM.py::test_case_150 - AttributeError: 'NoneTyp...
FAILED RANDOM/test_queue1_RANDOM.py::test_case_151 - AttributeError: 'NoneTyp...
FAILED RANDOM/test_queue1_RANDOM.py::test_case_153 - AttributeError: 'NoneTyp...
FAILED RANDOM/test_queue1_RANDOM.py::test_case_154 - AttributeError: 'NoneTyp...
FAILED RANDOM/test_queue1_RANDOM.py::test_case_155 - AttributeError: 'NoneTyp...
FAILED RANDOM/test_queue1_RANDOM.py::test_case_158 - AttributeError: 'NoneTyp...
FAILED RANDOM/test_queue1_RANDOM.py::test_case_160 - AttributeError: 'NoneTyp...
FAILED RANDOM/test_queue1_RANDOM.py::test_case_163 - AttributeError: 'NoneTyp...
FAILED RANDOM/test_queue1_RANDOM.py::test_case_165 - AttributeError: 'NoneTyp...
FAILED RANDOM/test_queue1_RANDOM.py::test_case_166 - AttributeError: 'NoneTyp...
FAILED RANDOM/test_queue1_RANDOM.py::test_case_167 - AttributeError: 'NoneTyp...
FAILED RANDOM/test_queue1_RANDOM.py::test_case_170 - AttributeError: 'NoneTyp...
FAILED RANDOM/test_queue1_RANDOM.py::test_case_171 - AttributeError: 'NoneTyp...
FAILED RANDOM/test_queue1_RANDOM.py::test_case_172 - AttributeError: 'NoneTyp...
FAILED RANDOM/test_queue1_RANDOM.py::test_case_173 - AttributeError: 'NoneTyp...
FAILED RANDOM/test_queue1_RANDOM.py::test_case_175 - AttributeError: 'NoneTyp...
FAILED RANDOM/test_queue1_RANDOM.py::test_case_176 - AttributeError: 'NoneTyp...
FAILED RANDOM/test_queue1_RANDOM.py::test_case_177 - AttributeError: 'NoneTyp...
FAILED RANDOM/test_queue1_RANDOM.py::test_case_178 - AttributeError: 'NoneTyp...
FAILED RANDOM/test_queue1_RANDOM.py::test_case_179 - AttributeError: 'NoneTyp...
FAILED RANDOM/test_queue1_RANDOM.py::test_case_180 - AttributeError: 'NoneTyp...
FAILED RANDOM/test_queue1_RANDOM.py::test_case_182 - AttributeError: 'NoneTyp...
FAILED RANDOM/test_queue1_RANDOM.py::test_case_185 - AttributeError: 'NoneTyp...
FAILED RANDOM/test_queue1_RANDOM.py::test_case_186 - AttributeError: 'NoneTyp...
FAILED RANDOM/test_queue1_RANDOM.py::test_case_200 - AttributeError: 'NoneTyp...
FAILED RANDOM/test_queue1_RANDOM.py::test_case_202 - AttributeError: 'NoneTyp...
FAILED RANDOM/test_queue1_RANDOM.py::test_case_204 - AttributeError: 'NoneTyp...
FAILED RANDOM/test_queue1_RANDOM.py::test_case_205 - AttributeError: 'NoneTyp...
FAILED RANDOM/test_queue1_RANDOM.py::test_case_207 - AttributeError: 'NoneTyp...
FAILED RANDOM/test_queue1_RANDOM.py::test_case_211 - AttributeError: 'NoneTyp...
FAILED RANDOM/test_queue1_RANDOM.py::test_case_212 - AttributeError: 'NoneTyp...
FAILED RANDOM/test_queue1_RANDOM.py::test_case_213 - AttributeError: 'NoneTyp...
FAILED RANDOM/test_queue1_RANDOM.py::test_case_215 - AttributeError: 'NoneTyp...
FAILED RANDOM/test_queue1_RANDOM.py::test_case_218 - AttributeError: 'NoneTyp...
FAILED RANDOM/test_queue1_RANDOM.py::test_case_219 - AttributeError: 'NoneTyp...
FAILED RANDOM/test_queue1_RANDOM.py::test_case_221 - AttributeError: 'NoneTyp...
FAILED RANDOM/test_queue1_RANDOM.py::test_case_222 - AttributeError: 'NoneTyp...
FAILED RANDOM/test_queue1_RANDOM.py::test_case_224 - AttributeError: 'NoneTyp...
FAILED RANDOM/test_queue1_RANDOM.py::test_case_226 - AttributeError: 'NoneTyp...
FAILED RANDOM/test_queue1_RANDOM.py::test_case_227 - AttributeError: 'NoneTyp...
FAILED RANDOM/test_queue1_RANDOM.py::test_case_228 - AttributeError: 'NoneTyp...
FAILED RANDOM/test_queue1_RANDOM.py::test_case_229 - AttributeError: 'NoneTyp...
FAILED RANDOM/test_queue1_RANDOM.py::test_case_231 - AttributeError: 'NoneTyp...
FAILED RANDOM/test_queue1_RANDOM.py::test_case_232 - AttributeError: 'NoneTyp...
FAILED RANDOM/test_queue1_RANDOM.py::test_case_234 - AttributeError: 'NoneTyp...
FAILED RANDOM/test_queue1_RANDOM.py::test_case_237 - AttributeError: 'NoneTyp...
FAILED RANDOM/test_queue1_RANDOM.py::test_case_240 - AttributeError: 'NoneTyp...
FAILED RANDOM/test_queue1_RANDOM.py::test_case_242 - AttributeError: 'NoneTyp...
FAILED RANDOM/test_queue1_RANDOM.py::test_case_245 - AttributeError: 'NoneTyp...
FAILED RANDOM/test_queue1_RANDOM.py::test_case_247 - AttributeError: 'NoneTyp...
FAILED RANDOM/test_queue1_RANDOM.py::test_case_249 - AttributeError: 'NoneTyp...
FAILED RANDOM/test_queue1_RANDOM.py::test_case_250 - AttributeError: 'NoneTyp...
FAILED RANDOM/test_queue1_RANDOM.py::test_case_251 - AttributeError: 'NoneTyp...
FAILED RANDOM/test_queue1_RANDOM.py::test_case_252 - AttributeError: 'NoneTyp...
FAILED RANDOM/test_queue1_RANDOM.py::test_case_253 - AttributeError: 'NoneTyp...
FAILED RANDOM/test_queue1_RANDOM.py::test_case_254 - AttributeError: 'NoneTyp...
FAILED RANDOM/test_queue1_RANDOM.py::test_case_257 - AttributeError: 'NoneTyp...
FAILED RANDOM/test_queue1_RANDOM.py::test_case_260 - AttributeError: 'NoneTyp...
FAILED RANDOM/test_queue1_RANDOM.py::test_case_261 - AttributeError: 'NoneTyp...
FAILED RANDOM/test_queue1_RANDOM.py::test_case_262 - AttributeError: 'NoneTyp...
FAILED RANDOM/test_queue1_RANDOM.py::test_case_263 - AttributeError: 'NoneTyp...
FAILED RANDOM/test_queue1_RANDOM.py::test_case_264 - AttributeError: 'NoneTyp...
FAILED RANDOM/test_queue1_RANDOM.py::test_case_266 - AttributeError: 'NoneTyp...
FAILED RANDOM/test_queue1_RANDOM.py::test_case_267 - AttributeError: 'NoneTyp...
FAILED RANDOM/test_queue1_RANDOM.py::test_case_268 - AttributeError: 'NoneTyp...
FAILED RANDOM/test_queue1_RANDOM.py::test_case_269 - AttributeError: 'NoneTyp...
FAILED RANDOM/test_queue1_RANDOM.py::test_case_270 - AttributeError: 'NoneTyp...
FAILED RANDOM/test_queue1_RANDOM.py::test_case_272 - AttributeError: 'NoneTyp...
FAILED RANDOM/test_queue1_RANDOM.py::test_case_274 - AttributeError: 'NoneTyp...
FAILED RANDOM/test_queue1_RANDOM.py::test_case_276 - AttributeError: 'NoneTyp...
FAILED RANDOM/test_queue1_RANDOM.py::test_case_280 - AttributeError: 'NoneTyp...
FAILED RANDOM/test_queue1_RANDOM.py::test_case_282 - AttributeError: 'NoneTyp...
FAILED RANDOM/test_queue1_RANDOM.py::test_case_283 - AttributeError: 'NoneTyp...
FAILED RANDOM/test_queue1_RANDOM.py::test_case_286 - AttributeError: 'NoneTyp...
FAILED RANDOM/test_queue1_RANDOM.py::test_case_288 - AttributeError: 'NoneTyp...
FAILED RANDOM/test_queue1_RANDOM.py::test_case_289 - AttributeError: 'NoneTyp...
FAILED RANDOM/test_queue1_RANDOM.py::test_case_295 - AttributeError: 'NoneTyp...
FAILED RANDOM/test_queue1_RANDOM.py::test_case_299 - AttributeError: 'NoneTyp...
======================= 148 failed, 152 passed in 2.72s ========================
</pre></div></div></div></div></div><div class="mb-1" id="job_list___sub_accordion_7"><div class="card"><a data-toggle="collapse" data-target="#job_list___sub_collapse_7_1" aria-expanded="false" aria-controls="job_list___sub_collapse_7_1" href="#" class="job_list___sub_multi_heading"><div role="alert" class="card-header alert-success" id="job_list___sub_heading_7_1"><button class="btn btn-outline-success"><span class="job_id">7 : Job ID be82ca595a8d4d668b448d05cf2075cd</span></button></div></a><div aria-labelledby="job_list___sub_heading_7_1" data-parent="#job_list___sub_accordion_7" class="collapse job_list___sub_multi_collapse" id="job_list___sub_collapse_7_1"><div class="card-body"><div class="work-item"><div class="alert alert-success test-outcome" role="alert"><p>worker outcome: normal</p><p>test outcome: killed</p></div></div><pre class="location"><a href="pycharm://open?file=queue1.py&amp;line=12" class="text-secondary"><button class="btn btn-outline-dark">queue1.py, start pos: (12, 14), end pos: (12, 15)</button></a></pre><pre>operator: core/NumberReplacer, occurrence: 0</pre><div class="alert alert-secondary"><pre class="diff">--- mutation diff ---
--- aqueue1.py
+++ bqueue1.py
@@ -9,7 +9,7 @@
 	def __init__(self):
 		self.front = None
 		self.back = None
-		self.size = 0
+		self.size = 1
 
 	def __str__(self):
 		# TODO implement this later</pre></div><div class="alert alert-secondary"><pre class="diff">============================= test session starts ==============================
platform linux -- Python 3.10.10, pytest-7.2.1, pluggy-1.0.0
rootdir: /home/auri/temp/lucca/python_experiments/queue1
collected 300 items

RANDOM/test_queue1_RANDOM.py .FFFFF.FFFFFFFFFFFFFFFFFFFFFFFFFFFFFFFFFFF. [ 14%]
FFFFFFFFFFFFFFFFFFFFFFFFFFFFFFFFFFFFFFFFF.FFFFFFFFFFFFFFFFFFFFFFFFFFFFFF [ 38%]
FFFFFFFFFFFFFF.FF.FFFFFFFFFFFFFFFFFFFFFFFFFFFFFFFFFFFFFFFFFFFFFFFFFFFFFF [ 62%]
FFFFFFFFFFFFFFFFFFFFFFFFFFFFFFFFFFFFFFFFFFFFFFFFFFFFFFFFFFFFFFFFFFFFFFFF [ 86%]
FFFFFFFFFFFFFFFFFFFFFFFFFFFFFFFFFFFFFFFFF                                [100%]

=========================== short test summary info ============================
FAILED RANDOM/test_queue1_RANDOM.py::test_case_1 - assert 1 == 0
FAILED RANDOM/test_queue1_RANDOM.py::test_case_2 - assert 1 == 0
FAILED RANDOM/test_queue1_RANDOM.py::test_case_3 - assert 1 == 0
FAILED RANDOM/test_queue1_RANDOM.py::test_case_4 - assert 1 == 0
FAILED RANDOM/test_queue1_RANDOM.py::test_case_5 - assert 1 == 0
FAILED RANDOM/test_queue1_RANDOM.py::test_case_7 - assert 1 == 0
FAILED RANDOM/test_queue1_RANDOM.py::test_case_8 - assert 1 == 0
FAILED RANDOM/test_queue1_RANDOM.py::test_case_9 - assert 1 == 0
FAILED RANDOM/test_queue1_RANDOM.py::test_case_10 - assert 1 == 0
FAILED RANDOM/test_queue1_RANDOM.py::test_case_11 - assert 1 == 0
FAILED RANDOM/test_queue1_RANDOM.py::test_case_12 - assert 1 == 0
FAILED RANDOM/test_queue1_RANDOM.py::test_case_13 - assert 1 == 0
FAILED RANDOM/test_queue1_RANDOM.py::test_case_14 - assert 1 == 0
FAILED RANDOM/test_queue1_RANDOM.py::test_case_15 - assert 1 == 0
FAILED RANDOM/test_queue1_RANDOM.py::test_case_16 - assert 1 == 0
FAILED RANDOM/test_queue1_RANDOM.py::test_case_17 - assert 1 == 0
FAILED RANDOM/test_queue1_RANDOM.py::test_case_18 - assert 1 == 0
FAILED RANDOM/test_queue1_RANDOM.py::test_case_19 - assert 1 == 0
FAILED RANDOM/test_queue1_RANDOM.py::test_case_20 - assert 1 == 0
FAILED RANDOM/test_queue1_RANDOM.py::test_case_21 - assert 1 == 0
FAILED RANDOM/test_queue1_RANDOM.py::test_case_22 - assert 1 == 0
FAILED RANDOM/test_queue1_RANDOM.py::test_case_23 - assert 1 == 0
FAILED RANDOM/test_queue1_RANDOM.py::test_case_24 - assert 1 == 0
FAILED RANDOM/test_queue1_RANDOM.py::test_case_25 - assert 1 == 0
FAILED RANDOM/test_queue1_RANDOM.py::test_case_26 - assert 1 == 0
FAILED RANDOM/test_queue1_RANDOM.py::test_case_27 - assert 1 == 0
FAILED RANDOM/test_queue1_RANDOM.py::test_case_28 - assert 1 == 0
FAILED RANDOM/test_queue1_RANDOM.py::test_case_29 - assert 1 == 0
FAILED RANDOM/test_queue1_RANDOM.py::test_case_30 - assert 1 == 0
FAILED RANDOM/test_queue1_RANDOM.py::test_case_31 - assert 1 == 0
FAILED RANDOM/test_queue1_RANDOM.py::test_case_32 - assert 1 == 0
FAILED RANDOM/test_queue1_RANDOM.py::test_case_33 - assert 1 == 0
FAILED RANDOM/test_queue1_RANDOM.py::test_case_34 - assert 1 == 0
FAILED RANDOM/test_queue1_RANDOM.py::test_case_35 - assert 1 == 0
FAILED RANDOM/test_queue1_RANDOM.py::test_case_36 - assert 1 == 0
FAILED RANDOM/test_queue1_RANDOM.py::test_case_37 - assert 1 == 0
FAILED RANDOM/test_queue1_RANDOM.py::test_case_38 - assert 1 == 0
FAILED RANDOM/test_queue1_RANDOM.py::test_case_39 - assert 1 == 0
FAILED RANDOM/test_queue1_RANDOM.py::test_case_40 - assert 1 == 0
FAILED RANDOM/test_queue1_RANDOM.py::test_case_41 - assert 1 == 0
FAILED RANDOM/test_queue1_RANDOM.py::test_case_43 - assert 1 == 0
FAILED RANDOM/test_queue1_RANDOM.py::test_case_44 - assert 1 == 0
FAILED RANDOM/test_queue1_RANDOM.py::test_case_45 - assert 1 == 0
FAILED RANDOM/test_queue1_RANDOM.py::test_case_46 - assert 1 == 0
FAILED RANDOM/test_queue1_RANDOM.py::test_case_47 - assert 1 == 0
FAILED RANDOM/test_queue1_RANDOM.py::test_case_48 - assert 1 == 0
FAILED RANDOM/test_queue1_RANDOM.py::test_case_49 - assert 1 == 0
FAILED RANDOM/test_queue1_RANDOM.py::test_case_50 - assert 1 == 0
FAILED RANDOM/test_queue1_RANDOM.py::test_case_51 - assert 1 == 0
FAILED RANDOM/test_queue1_RANDOM.py::test_case_52 - assert 1 == 0
FAILED RANDOM/test_queue1_RANDOM.py::test_case_53 - assert 1 == 0
FAILED RANDOM/test_queue1_RANDOM.py::test_case_54 - assert 1 == 0
FAILED RANDOM/test_queue1_RANDOM.py::test_case_55 - assert 1 == 0
FAILED RANDOM/test_queue1_RANDOM.py::test_case_56 - assert 1 == 0
FAILED RANDOM/test_queue1_RANDOM.py::test_case_57 - assert 1 == 0
FAILED RANDOM/test_queue1_RANDOM.py::test_case_58 - assert 1 == 0
FAILED RANDOM/test_queue1_RANDOM.py::test_case_59 - assert 1 == 0
FAILED RANDOM/test_queue1_RANDOM.py::test_case_60 - assert 1 == 0
FAILED RANDOM/test_queue1_RANDOM.py::test_case_61 - assert 1 == 0
FAILED RANDOM/test_queue1_RANDOM.py::test_case_62 - assert 1 == 0
FAILED RANDOM/test_queue1_RANDOM.py::test_case_63 - assert 1 == 0
FAILED RANDOM/test_queue1_RANDOM.py::test_case_64 - assert 1 == 0
FAILED RANDOM/test_queue1_RANDOM.py::test_case_65 - assert 1 == 0
FAILED RANDOM/test_queue1_RANDOM.py::test_case_66 - assert 1 == 0
FAILED RANDOM/test_queue1_RANDOM.py::test_case_67 - assert 1 == 0
FAILED RANDOM/test_queue1_RANDOM.py::test_case_68 - assert 1 == 0
FAILED RANDOM/test_queue1_RANDOM.py::test_case_69 - assert 1 == 0
FAILED RANDOM/test_queue1_RANDOM.py::test_case_70 - assert 1 == 0
FAILED RANDOM/test_queue1_RANDOM.py::test_case_71 - assert 1 == 0
FAILED RANDOM/test_queue1_RANDOM.py::test_case_72 - assert 1 == 0
FAILED RANDOM/test_queue1_RANDOM.py::test_case_73 - assert 1 == 0
FAILED RANDOM/test_queue1_RANDOM.py::test_case_74 - assert 1 == 0
FAILED RANDOM/test_queue1_RANDOM.py::test_case_75 - assert 1 == 0
FAILED RANDOM/test_queue1_RANDOM.py::test_case_76 - assert 1 == 0
FAILED RANDOM/test_queue1_RANDOM.py::test_case_77 - assert 1 == 0
FAILED RANDOM/test_queue1_RANDOM.py::test_case_78 - assert 1 == 0
FAILED RANDOM/test_queue1_RANDOM.py::test_case_79 - assert 1 == 0
FAILED RANDOM/test_queue1_RANDOM.py::test_case_80 - assert 1 == 0
FAILED RANDOM/test_queue1_RANDOM.py::test_case_81 - assert 1 == 0
FAILED RANDOM/test_queue1_RANDOM.py::test_case_82 - assert 1 == 0
FAILED RANDOM/test_queue1_RANDOM.py::test_case_83 - assert 1 == 0
FAILED RANDOM/test_queue1_RANDOM.py::test_case_85 - assert 1 == 0
FAILED RANDOM/test_queue1_RANDOM.py::test_case_86 - assert 1 == 0
FAILED RANDOM/test_queue1_RANDOM.py::test_case_87 - assert 1 == 0
FAILED RANDOM/test_queue1_RANDOM.py::test_case_88 - assert 1 == 0
FAILED RANDOM/test_queue1_RANDOM.py::test_case_89 - assert 1 == 0
FAILED RANDOM/test_queue1_RANDOM.py::test_case_90 - assert 1 == 0
FAILED RANDOM/test_queue1_RANDOM.py::test_case_91 - assert 1 == 0
FAILED RANDOM/test_queue1_RANDOM.py::test_case_92 - assert 1 == 0
FAILED RANDOM/test_queue1_RANDOM.py::test_case_93 - assert 1 == 0
FAILED RANDOM/test_queue1_RANDOM.py::test_case_94 - assert 1 == 0
FAILED RANDOM/test_queue1_RANDOM.py::test_case_95 - assert 1 == 0
FAILED RANDOM/test_queue1_RANDOM.py::test_case_96 - assert 1 == 0
FAILED RANDOM/test_queue1_RANDOM.py::test_case_97 - assert 1 == 0
FAILED RANDOM/test_queue1_RANDOM.py::test_case_98 - assert 1 == 0
FAILED RANDOM/test_queue1_RANDOM.py::test_case_99 - assert 1 == 0
FAILED RANDOM/test_queue1_RANDOM.py::test_case_100 - assert 1 == 0
FAILED RANDOM/test_queue1_RANDOM.py::test_case_101 - assert 1 == 0
FAILED RANDOM/test_queue1_RANDOM.py::test_case_102 - assert 1 == 0
FAILED RANDOM/test_queue1_RANDOM.py::test_case_103 - assert 1 == 0
FAILED RANDOM/test_queue1_RANDOM.py::test_case_104 - assert 1 == 0
FAILED RANDOM/test_queue1_RANDOM.py::test_case_105 - assert 1 == 0
FAILED RANDOM/test_queue1_RANDOM.py::test_case_106 - assert 1 == 0
FAILED RANDOM/test_queue1_RANDOM.py::test_case_107 - assert 1 == 0
FAILED RANDOM/test_queue1_RANDOM.py::test_case_108 - assert 1 == 0
FAILED RANDOM/test_queue1_RANDOM.py::test_case_109 - assert 1 == 0
FAILED RANDOM/test_queue1_RANDOM.py::test_case_110 - assert 1 == 0
FAILED RANDOM/test_queue1_RANDOM.py::test_case_111 - assert 1 == 0
FAILED RANDOM/test_queue1_RANDOM.py::test_case_112 - assert 1 == 0
FAILED RANDOM/test_queue1_RANDOM.py::test_case_113 - assert 1 == 0
FAILED RANDOM/test_queue1_RANDOM.py::test_case_114 - assert 1 == 0
FAILED RANDOM/test_queue1_RANDOM.py::test_case_115 - assert 1 == 0
FAILED RANDOM/test_queue1_RANDOM.py::test_case_116 - assert 1 == 0
FAILED RANDOM/test_queue1_RANDOM.py::test_case_117 - assert 1 == 0
FAILED RANDOM/test_queue1_RANDOM.py::test_case_118 - assert 1 == 0
FAILED RANDOM/test_queue1_RANDOM.py::test_case_119 - assert 1 == 0
FAILED RANDOM/test_queue1_RANDOM.py::test_case_120 - assert 1 == 0
FAILED RANDOM/test_queue1_RANDOM.py::test_case_121 - assert 1 == 0
FAILED RANDOM/test_queue1_RANDOM.py::test_case_122 - assert 1 == 0
FAILED RANDOM/test_queue1_RANDOM.py::test_case_123 - assert 1 == 0
FAILED RANDOM/test_queue1_RANDOM.py::test_case_124 - assert 1 == 0
FAILED RANDOM/test_queue1_RANDOM.py::test_case_125 - assert 1 == 0
FAILED RANDOM/test_queue1_RANDOM.py::test_case_126 - assert 1 == 0
FAILED RANDOM/test_queue1_RANDOM.py::test_case_127 - assert 1 == 0
FAILED RANDOM/test_queue1_RANDOM.py::test_case_128 - assert 1 == 0
FAILED RANDOM/test_queue1_RANDOM.py::test_case_130 - assert 1 == 0
FAILED RANDOM/test_queue1_RANDOM.py::test_case_131 - assert 1 == 0
FAILED RANDOM/test_queue1_RANDOM.py::test_case_133 - assert 1 == 0
FAILED RANDOM/test_queue1_RANDOM.py::test_case_134 - assert 1 == 0
FAILED RANDOM/test_queue1_RANDOM.py::test_case_135 - assert 1 == 0
FAILED RANDOM/test_queue1_RANDOM.py::test_case_136 - assert 1 == 0
FAILED RANDOM/test_queue1_RANDOM.py::test_case_137 - assert 1 == 0
FAILED RANDOM/test_queue1_RANDOM.py::test_case_138 - assert 1 == 0
FAILED RANDOM/test_queue1_RANDOM.py::test_case_139 - assert 1 == 0
FAILED RANDOM/test_queue1_RANDOM.py::test_case_140 - assert 1 == 0
FAILED RANDOM/test_queue1_RANDOM.py::test_case_141 - assert 1 == 0
FAILED RANDOM/test_queue1_RANDOM.py::test_case_142 - assert 1 == 0
FAILED RANDOM/test_queue1_RANDOM.py::test_case_143 - assert 1 == 0
FAILED RANDOM/test_queue1_RANDOM.py::test_case_144 - assert 1 == 0
FAILED RANDOM/test_queue1_RANDOM.py::test_case_145 - assert 1 == 0
FAILED RANDOM/test_queue1_RANDOM.py::test_case_146 - assert 1 == 0
FAILED RANDOM/test_queue1_RANDOM.py::test_case_147 - assert 1 == 0
FAILED RANDOM/test_queue1_RANDOM.py::test_case_148 - assert 1 == 0
FAILED RANDOM/test_queue1_RANDOM.py::test_case_149 - assert 1 == 0
FAILED RANDOM/test_queue1_RANDOM.py::test_case_150 - assert 1 == 0
FAILED RANDOM/test_queue1_RANDOM.py::test_case_151 - assert 1 == 0
FAILED RANDOM/test_queue1_RANDOM.py::test_case_152 - assert 1 == 0
FAILED RANDOM/test_queue1_RANDOM.py::test_case_153 - assert 1 == 0
FAILED RANDOM/test_queue1_RANDOM.py::test_case_154 - assert 1 == 0
FAILED RANDOM/test_queue1_RANDOM.py::test_case_155 - assert 1 == 0
FAILED RANDOM/test_queue1_RANDOM.py::test_case_156 - assert 1 == 0
FAILED RANDOM/test_queue1_RANDOM.py::test_case_157 - assert 1 == 0
FAILED RANDOM/test_queue1_RANDOM.py::test_case_158 - assert 1 == 0
FAILED RANDOM/test_queue1_RANDOM.py::test_case_159 - assert 1 == 0
FAILED RANDOM/test_queue1_RANDOM.py::test_case_160 - assert 1 == 0
FAILED RANDOM/test_queue1_RANDOM.py::test_case_161 - assert 1 == 0
FAILED RANDOM/test_queue1_RANDOM.py::test_case_162 - assert 1 == 0
FAILED RANDOM/test_queue1_RANDOM.py::test_case_163 - assert 1 == 0
FAILED RANDOM/test_queue1_RANDOM.py::test_case_164 - assert 1 == 0
FAILED RANDOM/test_queue1_RANDOM.py::test_case_165 - assert 1 == 0
FAILED RANDOM/test_queue1_RANDOM.py::test_case_166 - assert 1 == 0
FAILED RANDOM/test_queue1_RANDOM.py::test_case_167 - assert 1 == 0
FAILED RANDOM/test_queue1_RANDOM.py::test_case_168 - assert 1 == 0
FAILED RANDOM/test_queue1_RANDOM.py::test_case_169 - assert 1 == 0
FAILED RANDOM/test_queue1_RANDOM.py::test_case_170 - assert 1 == 0
FAILED RANDOM/test_queue1_RANDOM.py::test_case_171 - assert 1 == 0
FAILED RANDOM/test_queue1_RANDOM.py::test_case_172 - assert 1 == 0
FAILED RANDOM/test_queue1_RANDOM.py::test_case_173 - assert 1 == 0
FAILED RANDOM/test_queue1_RANDOM.py::test_case_174 - assert 1 == 0
FAILED RANDOM/test_queue1_RANDOM.py::test_case_175 - assert 1 == 0
FAILED RANDOM/test_queue1_RANDOM.py::test_case_176 - assert 1 == 0
FAILED RANDOM/test_queue1_RANDOM.py::test_case_177 - assert 1 == 0
FAILED RANDOM/test_queue1_RANDOM.py::test_case_178 - assert 1 == 0
FAILED RANDOM/test_queue1_RANDOM.py::test_case_179 - assert 1 == 0
FAILED RANDOM/test_queue1_RANDOM.py::test_case_180 - assert 1 == 0
FAILED RANDOM/test_queue1_RANDOM.py::test_case_181 - assert 1 == 0
FAILED RANDOM/test_queue1_RANDOM.py::test_case_182 - assert 1 == 0
FAILED RANDOM/test_queue1_RANDOM.py::test_case_183 - assert 1 == 0
FAILED RANDOM/test_queue1_RANDOM.py::test_case_184 - assert 1 == 0
FAILED RANDOM/test_queue1_RANDOM.py::test_case_185 - assert 1 == 0
FAILED RANDOM/test_queue1_RANDOM.py::test_case_186 - assert 1 == 0
FAILED RANDOM/test_queue1_RANDOM.py::test_case_187 - assert 1 == 0
FAILED RANDOM/test_queue1_RANDOM.py::test_case_188 - assert 1 == 0
FAILED RANDOM/test_queue1_RANDOM.py::test_case_189 - assert 1 == 0
FAILED RANDOM/test_queue1_RANDOM.py::test_case_190 - assert 1 == 0
FAILED RANDOM/test_queue1_RANDOM.py::test_case_191 - assert 1 == 0
FAILED RANDOM/test_queue1_RANDOM.py::test_case_192 - assert 1 == 0
FAILED RANDOM/test_queue1_RANDOM.py::test_case_193 - assert 1 == 0
FAILED RANDOM/test_queue1_RANDOM.py::test_case_194 - assert 1 == 0
FAILED RANDOM/test_queue1_RANDOM.py::test_case_195 - assert 1 == 0
FAILED RANDOM/test_queue1_RANDOM.py::test_case_196 - assert 1 == 0
FAILED RANDOM/test_queue1_RANDOM.py::test_case_197 - assert 1 == 0
FAILED RANDOM/test_queue1_RANDOM.py::test_case_198 - assert 1 == 0
FAILED RANDOM/test_queue1_RANDOM.py::test_case_199 - assert 1 == 0
FAILED RANDOM/test_queue1_RANDOM.py::test_case_200 - assert 1 == 0
FAILED RANDOM/test_queue1_RANDOM.py::test_case_201 - assert 1 == 0
FAILED RANDOM/test_queue1_RANDOM.py::test_case_202 - assert 1 == 0
FAILED RANDOM/test_queue1_RANDOM.py::test_case_203 - assert 1 == 0
FAILED RANDOM/test_queue1_RANDOM.py::test_case_204 - assert 1 == 0
FAILED RANDOM/test_queue1_RANDOM.py::test_case_205 - assert 1 == 0
FAILED RANDOM/test_queue1_RANDOM.py::test_case_206 - assert 1 == 0
FAILED RANDOM/test_queue1_RANDOM.py::test_case_207 - assert 1 == 0
FAILED RANDOM/test_queue1_RANDOM.py::test_case_208 - assert 1 == 0
FAILED RANDOM/test_queue1_RANDOM.py::test_case_209 - assert 1 == 0
FAILED RANDOM/test_queue1_RANDOM.py::test_case_210 - assert 1 == 0
FAILED RANDOM/test_queue1_RANDOM.py::test_case_211 - assert 1 == 0
FAILED RANDOM/test_queue1_RANDOM.py::test_case_212 - assert 1 == 0
FAILED RANDOM/test_queue1_RANDOM.py::test_case_213 - assert 1 == 0
FAILED RANDOM/test_queue1_RANDOM.py::test_case_214 - assert 1 == 0
FAILED RANDOM/test_queue1_RANDOM.py::test_case_215 - assert 1 == 0
FAILED RANDOM/test_queue1_RANDOM.py::test_case_216 - assert 1 == 0
FAILED RANDOM/test_queue1_RANDOM.py::test_case_217 - assert 1 == 0
FAILED RANDOM/test_queue1_RANDOM.py::test_case_218 - assert 1 == 0
FAILED RANDOM/test_queue1_RANDOM.py::test_case_219 - assert 1 == 0
FAILED RANDOM/test_queue1_RANDOM.py::test_case_220 - assert 1 == 0
FAILED RANDOM/test_queue1_RANDOM.py::test_case_221 - assert 1 == 0
FAILED RANDOM/test_queue1_RANDOM.py::test_case_222 - assert 1 == 0
FAILED RANDOM/test_queue1_RANDOM.py::test_case_223 - assert 1 == 0
FAILED RANDOM/test_queue1_RANDOM.py::test_case_224 - assert 1 == 0
FAILED RANDOM/test_queue1_RANDOM.py::test_case_225 - assert 1 == 0
FAILED RANDOM/test_queue1_RANDOM.py::test_case_226 - assert 1 == 0
FAILED RANDOM/test_queue1_RANDOM.py::test_case_227 - assert 1 == 0
FAILED RANDOM/test_queue1_RANDOM.py::test_case_228 - assert 1 == 0
FAILED RANDOM/test_queue1_RANDOM.py::test_case_229 - assert 1 == 0
FAILED RANDOM/test_queue1_RANDOM.py::test_case_230 - assert 1 == 0
FAILED RANDOM/test_queue1_RANDOM.py::test_case_231 - assert 1 == 0
FAILED RANDOM/test_queue1_RANDOM.py::test_case_232 - assert 1 == 0
FAILED RANDOM/test_queue1_RANDOM.py::test_case_233 - assert 1 == 0
FAILED RANDOM/test_queue1_RANDOM.py::test_case_234 - assert 1 == 0
FAILED RANDOM/test_queue1_RANDOM.py::test_case_235 - assert 1 == 0
FAILED RANDOM/test_queue1_RANDOM.py::test_case_236 - assert 1 == 0
FAILED RANDOM/test_queue1_RANDOM.py::test_case_237 - assert 1 == 0
FAILED RANDOM/test_queue1_RANDOM.py::test_case_238 - assert 1 == 0
FAILED RANDOM/test_queue1_RANDOM.py::test_case_239 - assert 1 == 0
FAILED RANDOM/test_queue1_RANDOM.py::test_case_240 - assert 1 == 0
FAILED RANDOM/test_queue1_RANDOM.py::test_case_241 - assert 1 == 0
FAILED RANDOM/test_queue1_RANDOM.py::test_case_242 - assert 1 == 0
FAILED RANDOM/test_queue1_RANDOM.py::test_case_243 - assert 1 == 0
FAILED RANDOM/test_queue1_RANDOM.py::test_case_244 - assert 1 == 0
FAILED RANDOM/test_queue1_RANDOM.py::test_case_245 - assert 1 == 0
FAILED RANDOM/test_queue1_RANDOM.py::test_case_246 - assert 1 == 0
FAILED RANDOM/test_queue1_RANDOM.py::test_case_247 - assert 1 == 0
FAILED RANDOM/test_queue1_RANDOM.py::test_case_248 - assert 1 == 0
FAILED RANDOM/test_queue1_RANDOM.py::test_case_249 - assert 1 == 0
FAILED RANDOM/test_queue1_RANDOM.py::test_case_250 - assert 1 == 0
FAILED RANDOM/test_queue1_RANDOM.py::test_case_251 - assert 1 == 0
FAILED RANDOM/test_queue1_RANDOM.py::test_case_252 - assert 1 == 0
FAILED RANDOM/test_queue1_RANDOM.py::test_case_253 - assert 1 == 0
FAILED RANDOM/test_queue1_RANDOM.py::test_case_254 - assert 1 == 0
FAILED RANDOM/test_queue1_RANDOM.py::test_case_255 - assert 1 == 0
FAILED RANDOM/test_queue1_RANDOM.py::test_case_256 - assert 1 == 0
FAILED RANDOM/test_queue1_RANDOM.py::test_case_257 - assert 1 == 0
FAILED RANDOM/test_queue1_RANDOM.py::test_case_258 - assert 1 == 0
FAILED RANDOM/test_queue1_RANDOM.py::test_case_259 - assert 1 == 0
FAILED RANDOM/test_queue1_RANDOM.py::test_case_260 - assert 1 == 0
FAILED RANDOM/test_queue1_RANDOM.py::test_case_261 - assert 1 == 0
FAILED RANDOM/test_queue1_RANDOM.py::test_case_262 - assert 1 == 0
FAILED RANDOM/test_queue1_RANDOM.py::test_case_263 - assert 1 == 0
FAILED RANDOM/test_queue1_RANDOM.py::test_case_264 - assert 1 == 0
FAILED RANDOM/test_queue1_RANDOM.py::test_case_265 - assert 1 == 0
FAILED RANDOM/test_queue1_RANDOM.py::test_case_266 - assert 1 == 0
FAILED RANDOM/test_queue1_RANDOM.py::test_case_267 - assert 1 == 0
FAILED RANDOM/test_queue1_RANDOM.py::test_case_268 - assert 1 == 0
FAILED RANDOM/test_queue1_RANDOM.py::test_case_269 - assert 1 == 0
FAILED RANDOM/test_queue1_RANDOM.py::test_case_270 - assert 1 == 0
FAILED RANDOM/test_queue1_RANDOM.py::test_case_271 - assert 1 == 0
FAILED RANDOM/test_queue1_RANDOM.py::test_case_272 - assert 1 == 0
FAILED RANDOM/test_queue1_RANDOM.py::test_case_273 - assert 1 == 0
FAILED RANDOM/test_queue1_RANDOM.py::test_case_274 - assert 1 == 0
FAILED RANDOM/test_queue1_RANDOM.py::test_case_275 - assert 1 == 0
FAILED RANDOM/test_queue1_RANDOM.py::test_case_276 - assert 1 == 0
FAILED RANDOM/test_queue1_RANDOM.py::test_case_277 - assert 1 == 0
FAILED RANDOM/test_queue1_RANDOM.py::test_case_278 - assert 1 == 0
FAILED RANDOM/test_queue1_RANDOM.py::test_case_279 - assert 1 == 0
FAILED RANDOM/test_queue1_RANDOM.py::test_case_280 - assert 1 == 0
FAILED RANDOM/test_queue1_RANDOM.py::test_case_281 - assert 1 == 0
FAILED RANDOM/test_queue1_RANDOM.py::test_case_282 - assert 1 == 0
FAILED RANDOM/test_queue1_RANDOM.py::test_case_283 - assert 1 == 0
FAILED RANDOM/test_queue1_RANDOM.py::test_case_284 - assert 1 == 0
FAILED RANDOM/test_queue1_RANDOM.py::test_case_285 - assert 1 == 0
FAILED RANDOM/test_queue1_RANDOM.py::test_case_286 - assert 1 == 0
FAILED RANDOM/test_queue1_RANDOM.py::test_case_287 - assert 1 == 0
FAILED RANDOM/test_queue1_RANDOM.py::test_case_288 - assert 1 == 0
FAILED RANDOM/test_queue1_RANDOM.py::test_case_289 - assert 1 == 0
FAILED RANDOM/test_queue1_RANDOM.py::test_case_290 - assert 1 == 0
FAILED RANDOM/test_queue1_RANDOM.py::test_case_291 - assert 1 == 0
FAILED RANDOM/test_queue1_RANDOM.py::test_case_292 - assert 1 == 0
FAILED RANDOM/test_queue1_RANDOM.py::test_case_293 - assert 1 == 0
FAILED RANDOM/test_queue1_RANDOM.py::test_case_294 - assert 1 == 0
FAILED RANDOM/test_queue1_RANDOM.py::test_case_295 - assert 1 == 0
FAILED RANDOM/test_queue1_RANDOM.py::test_case_296 - assert 1 == 0
FAILED RANDOM/test_queue1_RANDOM.py::test_case_297 - assert 1 == 0
FAILED RANDOM/test_queue1_RANDOM.py::test_case_298 - assert 1 == 0
FAILED RANDOM/test_queue1_RANDOM.py::test_case_299 - assert 1 == 0
======================== 294 failed, 6 passed in 2.61s =========================
</pre></div></div></div></div></div><div class="mb-1" id="job_list___sub_accordion_8"><div class="card"><a data-toggle="collapse" data-target="#job_list___sub_collapse_8_1" aria-expanded="false" aria-controls="job_list___sub_collapse_8_1" href="#" class="job_list___sub_multi_heading"><div role="alert" class="card-header alert-success" id="job_list___sub_heading_8_1"><button class="btn btn-outline-success"><span class="job_id">8 : Job ID 5bd5b488bdcd4fa7a29186a08fa1d064</span></button></div></a><div aria-labelledby="job_list___sub_heading_8_1" data-parent="#job_list___sub_accordion_8" class="collapse job_list___sub_multi_collapse" id="job_list___sub_collapse_8_1"><div class="card-body"><div class="work-item"><div class="alert alert-success test-outcome" role="alert"><p>worker outcome: normal</p><p>test outcome: killed</p></div></div><pre class="location"><a href="pycharm://open?file=queue1.py&amp;line=12" class="text-secondary"><button class="btn btn-outline-dark">queue1.py, start pos: (12, 14), end pos: (12, 15)</button></a></pre><pre>operator: core/NumberReplacer, occurrence: 1</pre><div class="alert alert-secondary"><pre class="diff">--- mutation diff ---
--- aqueue1.py
+++ bqueue1.py
@@ -9,7 +9,7 @@
 	def __init__(self):
 		self.front = None
 		self.back = None
-		self.size = 0
+		self.size = -1
 
 	def __str__(self):
 		# TODO implement this later</pre></div><div class="alert alert-secondary"><pre class="diff">============================= test session starts ==============================
platform linux -- Python 3.10.10, pytest-7.2.1, pluggy-1.0.0
rootdir: /home/auri/temp/lucca/python_experiments/queue1
collected 300 items

RANDOM/test_queue1_RANDOM.py .FFFFF.FFFFFFFFFFFFFFFFFFFFFFFFFFFFFFFFFFF. [ 14%]
FFFFFFFFFFFFFFFFFFFFFFFFFFFFFFFFFFFFFFFFF.FFFFFFFFFFFFFFFFFFFFFFFFFFFFFF [ 38%]
FFFFFFFFFFFFFF.FF.FFFFFFFFFFFFFFFFFFFFFFFFFFFFFFFFFFFFFFFFFFFFFFFFFFFFFF [ 62%]
FFFFFFFFFFFFFFFFFFFFFFFFFFFFFFFFFFFFFFFFFFFFFFFFFFFFFFFFFFFFFFFFFFFFFFFF [ 86%]
FFFFFFFFFFFFFFFFFFFFFFFFFFFFFFFFFFFFFFFFF                                [100%]

=========================== short test summary info ============================
FAILED RANDOM/test_queue1_RANDOM.py::test_case_1 - ValueError: __len__() shou...
FAILED RANDOM/test_queue1_RANDOM.py::test_case_2 - ValueError: __len__() shou...
FAILED RANDOM/test_queue1_RANDOM.py::test_case_3 - ValueError: __len__() shou...
FAILED RANDOM/test_queue1_RANDOM.py::test_case_4 - ValueError: __len__() shou...
FAILED RANDOM/test_queue1_RANDOM.py::test_case_5 - ValueError: __len__() shou...
FAILED RANDOM/test_queue1_RANDOM.py::test_case_7 - ValueError: __len__() shou...
FAILED RANDOM/test_queue1_RANDOM.py::test_case_8 - ValueError: __len__() shou...
FAILED RANDOM/test_queue1_RANDOM.py::test_case_9 - ValueError: __len__() shou...
FAILED RANDOM/test_queue1_RANDOM.py::test_case_10 - ValueError: __len__() sho...
FAILED RANDOM/test_queue1_RANDOM.py::test_case_11 - ValueError: __len__() sho...
FAILED RANDOM/test_queue1_RANDOM.py::test_case_12 - ValueError: __len__() sho...
FAILED RANDOM/test_queue1_RANDOM.py::test_case_13 - ValueError: __len__() sho...
FAILED RANDOM/test_queue1_RANDOM.py::test_case_14 - ValueError: __len__() sho...
FAILED RANDOM/test_queue1_RANDOM.py::test_case_15 - ValueError: __len__() sho...
FAILED RANDOM/test_queue1_RANDOM.py::test_case_16 - ValueError: __len__() sho...
FAILED RANDOM/test_queue1_RANDOM.py::test_case_17 - ValueError: __len__() sho...
FAILED RANDOM/test_queue1_RANDOM.py::test_case_18 - ValueError: __len__() sho...
FAILED RANDOM/test_queue1_RANDOM.py::test_case_19 - ValueError: __len__() sho...
FAILED RANDOM/test_queue1_RANDOM.py::test_case_20 - ValueError: __len__() sho...
FAILED RANDOM/test_queue1_RANDOM.py::test_case_21 - ValueError: __len__() sho...
FAILED RANDOM/test_queue1_RANDOM.py::test_case_22 - ValueError: __len__() sho...
FAILED RANDOM/test_queue1_RANDOM.py::test_case_23 - ValueError: __len__() sho...
FAILED RANDOM/test_queue1_RANDOM.py::test_case_24 - ValueError: __len__() sho...
FAILED RANDOM/test_queue1_RANDOM.py::test_case_25 - ValueError: __len__() sho...
FAILED RANDOM/test_queue1_RANDOM.py::test_case_26 - ValueError: __len__() sho...
FAILED RANDOM/test_queue1_RANDOM.py::test_case_27 - ValueError: __len__() sho...
FAILED RANDOM/test_queue1_RANDOM.py::test_case_28 - ValueError: __len__() sho...
FAILED RANDOM/test_queue1_RANDOM.py::test_case_29 - ValueError: __len__() sho...
FAILED RANDOM/test_queue1_RANDOM.py::test_case_30 - ValueError: __len__() sho...
FAILED RANDOM/test_queue1_RANDOM.py::test_case_31 - ValueError: __len__() sho...
FAILED RANDOM/test_queue1_RANDOM.py::test_case_32 - ValueError: __len__() sho...
FAILED RANDOM/test_queue1_RANDOM.py::test_case_33 - ValueError: __len__() sho...
FAILED RANDOM/test_queue1_RANDOM.py::test_case_34 - ValueError: __len__() sho...
FAILED RANDOM/test_queue1_RANDOM.py::test_case_35 - ValueError: __len__() sho...
FAILED RANDOM/test_queue1_RANDOM.py::test_case_36 - ValueError: __len__() sho...
FAILED RANDOM/test_queue1_RANDOM.py::test_case_37 - ValueError: __len__() sho...
FAILED RANDOM/test_queue1_RANDOM.py::test_case_38 - ValueError: __len__() sho...
FAILED RANDOM/test_queue1_RANDOM.py::test_case_39 - ValueError: __len__() sho...
FAILED RANDOM/test_queue1_RANDOM.py::test_case_40 - ValueError: __len__() sho...
FAILED RANDOM/test_queue1_RANDOM.py::test_case_41 - ValueError: __len__() sho...
FAILED RANDOM/test_queue1_RANDOM.py::test_case_43 - ValueError: __len__() sho...
FAILED RANDOM/test_queue1_RANDOM.py::test_case_44 - ValueError: __len__() sho...
FAILED RANDOM/test_queue1_RANDOM.py::test_case_45 - ValueError: __len__() sho...
FAILED RANDOM/test_queue1_RANDOM.py::test_case_46 - ValueError: __len__() sho...
FAILED RANDOM/test_queue1_RANDOM.py::test_case_47 - ValueError: __len__() sho...
FAILED RANDOM/test_queue1_RANDOM.py::test_case_48 - ValueError: __len__() sho...
FAILED RANDOM/test_queue1_RANDOM.py::test_case_49 - ValueError: __len__() sho...
FAILED RANDOM/test_queue1_RANDOM.py::test_case_50 - ValueError: __len__() sho...
FAILED RANDOM/test_queue1_RANDOM.py::test_case_51 - ValueError: __len__() sho...
FAILED RANDOM/test_queue1_RANDOM.py::test_case_52 - ValueError: __len__() sho...
FAILED RANDOM/test_queue1_RANDOM.py::test_case_53 - ValueError: __len__() sho...
FAILED RANDOM/test_queue1_RANDOM.py::test_case_54 - ValueError: __len__() sho...
FAILED RANDOM/test_queue1_RANDOM.py::test_case_55 - ValueError: __len__() sho...
FAILED RANDOM/test_queue1_RANDOM.py::test_case_56 - ValueError: __len__() sho...
FAILED RANDOM/test_queue1_RANDOM.py::test_case_57 - ValueError: __len__() sho...
FAILED RANDOM/test_queue1_RANDOM.py::test_case_58 - ValueError: __len__() sho...
FAILED RANDOM/test_queue1_RANDOM.py::test_case_59 - ValueError: __len__() sho...
FAILED RANDOM/test_queue1_RANDOM.py::test_case_60 - ValueError: __len__() sho...
FAILED RANDOM/test_queue1_RANDOM.py::test_case_61 - ValueError: __len__() sho...
FAILED RANDOM/test_queue1_RANDOM.py::test_case_62 - ValueError: __len__() sho...
FAILED RANDOM/test_queue1_RANDOM.py::test_case_63 - ValueError: __len__() sho...
FAILED RANDOM/test_queue1_RANDOM.py::test_case_64 - ValueError: __len__() sho...
FAILED RANDOM/test_queue1_RANDOM.py::test_case_65 - ValueError: __len__() sho...
FAILED RANDOM/test_queue1_RANDOM.py::test_case_66 - ValueError: __len__() sho...
FAILED RANDOM/test_queue1_RANDOM.py::test_case_67 - ValueError: __len__() sho...
FAILED RANDOM/test_queue1_RANDOM.py::test_case_68 - ValueError: __len__() sho...
FAILED RANDOM/test_queue1_RANDOM.py::test_case_69 - ValueError: __len__() sho...
FAILED RANDOM/test_queue1_RANDOM.py::test_case_70 - ValueError: __len__() sho...
FAILED RANDOM/test_queue1_RANDOM.py::test_case_71 - ValueError: __len__() sho...
FAILED RANDOM/test_queue1_RANDOM.py::test_case_72 - ValueError: __len__() sho...
FAILED RANDOM/test_queue1_RANDOM.py::test_case_73 - ValueError: __len__() sho...
FAILED RANDOM/test_queue1_RANDOM.py::test_case_74 - ValueError: __len__() sho...
FAILED RANDOM/test_queue1_RANDOM.py::test_case_75 - ValueError: __len__() sho...
FAILED RANDOM/test_queue1_RANDOM.py::test_case_76 - ValueError: __len__() sho...
FAILED RANDOM/test_queue1_RANDOM.py::test_case_77 - ValueError: __len__() sho...
FAILED RANDOM/test_queue1_RANDOM.py::test_case_78 - ValueError: __len__() sho...
FAILED RANDOM/test_queue1_RANDOM.py::test_case_79 - ValueError: __len__() sho...
FAILED RANDOM/test_queue1_RANDOM.py::test_case_80 - ValueError: __len__() sho...
FAILED RANDOM/test_queue1_RANDOM.py::test_case_81 - ValueError: __len__() sho...
FAILED RANDOM/test_queue1_RANDOM.py::test_case_82 - ValueError: __len__() sho...
FAILED RANDOM/test_queue1_RANDOM.py::test_case_83 - ValueError: __len__() sho...
FAILED RANDOM/test_queue1_RANDOM.py::test_case_85 - ValueError: __len__() sho...
FAILED RANDOM/test_queue1_RANDOM.py::test_case_86 - ValueError: __len__() sho...
FAILED RANDOM/test_queue1_RANDOM.py::test_case_87 - ValueError: __len__() sho...
FAILED RANDOM/test_queue1_RANDOM.py::test_case_88 - ValueError: __len__() sho...
FAILED RANDOM/test_queue1_RANDOM.py::test_case_89 - ValueError: __len__() sho...
FAILED RANDOM/test_queue1_RANDOM.py::test_case_90 - ValueError: __len__() sho...
FAILED RANDOM/test_queue1_RANDOM.py::test_case_91 - ValueError: __len__() sho...
FAILED RANDOM/test_queue1_RANDOM.py::test_case_92 - ValueError: __len__() sho...
FAILED RANDOM/test_queue1_RANDOM.py::test_case_93 - ValueError: __len__() sho...
FAILED RANDOM/test_queue1_RANDOM.py::test_case_94 - ValueError: __len__() sho...
FAILED RANDOM/test_queue1_RANDOM.py::test_case_95 - ValueError: __len__() sho...
FAILED RANDOM/test_queue1_RANDOM.py::test_case_96 - ValueError: __len__() sho...
FAILED RANDOM/test_queue1_RANDOM.py::test_case_97 - ValueError: __len__() sho...
FAILED RANDOM/test_queue1_RANDOM.py::test_case_98 - ValueError: __len__() sho...
FAILED RANDOM/test_queue1_RANDOM.py::test_case_99 - ValueError: __len__() sho...
FAILED RANDOM/test_queue1_RANDOM.py::test_case_100 - ValueError: __len__() sh...
FAILED RANDOM/test_queue1_RANDOM.py::test_case_101 - ValueError: __len__() sh...
FAILED RANDOM/test_queue1_RANDOM.py::test_case_102 - ValueError: __len__() sh...
FAILED RANDOM/test_queue1_RANDOM.py::test_case_103 - ValueError: __len__() sh...
FAILED RANDOM/test_queue1_RANDOM.py::test_case_104 - ValueError: __len__() sh...
FAILED RANDOM/test_queue1_RANDOM.py::test_case_105 - ValueError: __len__() sh...
FAILED RANDOM/test_queue1_RANDOM.py::test_case_106 - ValueError: __len__() sh...
FAILED RANDOM/test_queue1_RANDOM.py::test_case_107 - ValueError: __len__() sh...
FAILED RANDOM/test_queue1_RANDOM.py::test_case_108 - ValueError: __len__() sh...
FAILED RANDOM/test_queue1_RANDOM.py::test_case_109 - ValueError: __len__() sh...
FAILED RANDOM/test_queue1_RANDOM.py::test_case_110 - ValueError: __len__() sh...
FAILED RANDOM/test_queue1_RANDOM.py::test_case_111 - ValueError: __len__() sh...
FAILED RANDOM/test_queue1_RANDOM.py::test_case_112 - ValueError: __len__() sh...
FAILED RANDOM/test_queue1_RANDOM.py::test_case_113 - ValueError: __len__() sh...
FAILED RANDOM/test_queue1_RANDOM.py::test_case_114 - ValueError: __len__() sh...
FAILED RANDOM/test_queue1_RANDOM.py::test_case_115 - ValueError: __len__() sh...
FAILED RANDOM/test_queue1_RANDOM.py::test_case_116 - ValueError: __len__() sh...
FAILED RANDOM/test_queue1_RANDOM.py::test_case_117 - ValueError: __len__() sh...
FAILED RANDOM/test_queue1_RANDOM.py::test_case_118 - ValueError: __len__() sh...
FAILED RANDOM/test_queue1_RANDOM.py::test_case_119 - ValueError: __len__() sh...
FAILED RANDOM/test_queue1_RANDOM.py::test_case_120 - ValueError: __len__() sh...
FAILED RANDOM/test_queue1_RANDOM.py::test_case_121 - ValueError: __len__() sh...
FAILED RANDOM/test_queue1_RANDOM.py::test_case_122 - ValueError: __len__() sh...
FAILED RANDOM/test_queue1_RANDOM.py::test_case_123 - ValueError: __len__() sh...
FAILED RANDOM/test_queue1_RANDOM.py::test_case_124 - ValueError: __len__() sh...
FAILED RANDOM/test_queue1_RANDOM.py::test_case_125 - ValueError: __len__() sh...
FAILED RANDOM/test_queue1_RANDOM.py::test_case_126 - ValueError: __len__() sh...
FAILED RANDOM/test_queue1_RANDOM.py::test_case_127 - ValueError: __len__() sh...
FAILED RANDOM/test_queue1_RANDOM.py::test_case_128 - ValueError: __len__() sh...
FAILED RANDOM/test_queue1_RANDOM.py::test_case_130 - ValueError: __len__() sh...
FAILED RANDOM/test_queue1_RANDOM.py::test_case_131 - ValueError: __len__() sh...
FAILED RANDOM/test_queue1_RANDOM.py::test_case_133 - ValueError: __len__() sh...
FAILED RANDOM/test_queue1_RANDOM.py::test_case_134 - ValueError: __len__() sh...
FAILED RANDOM/test_queue1_RANDOM.py::test_case_135 - ValueError: __len__() sh...
FAILED RANDOM/test_queue1_RANDOM.py::test_case_136 - ValueError: __len__() sh...
FAILED RANDOM/test_queue1_RANDOM.py::test_case_137 - ValueError: __len__() sh...
FAILED RANDOM/test_queue1_RANDOM.py::test_case_138 - ValueError: __len__() sh...
FAILED RANDOM/test_queue1_RANDOM.py::test_case_139 - ValueError: __len__() sh...
FAILED RANDOM/test_queue1_RANDOM.py::test_case_140 - ValueError: __len__() sh...
FAILED RANDOM/test_queue1_RANDOM.py::test_case_141 - ValueError: __len__() sh...
FAILED RANDOM/test_queue1_RANDOM.py::test_case_142 - ValueError: __len__() sh...
FAILED RANDOM/test_queue1_RANDOM.py::test_case_143 - ValueError: __len__() sh...
FAILED RANDOM/test_queue1_RANDOM.py::test_case_144 - ValueError: __len__() sh...
FAILED RANDOM/test_queue1_RANDOM.py::test_case_145 - ValueError: __len__() sh...
FAILED RANDOM/test_queue1_RANDOM.py::test_case_146 - ValueError: __len__() sh...
FAILED RANDOM/test_queue1_RANDOM.py::test_case_147 - ValueError: __len__() sh...
FAILED RANDOM/test_queue1_RANDOM.py::test_case_148 - ValueError: __len__() sh...
FAILED RANDOM/test_queue1_RANDOM.py::test_case_149 - ValueError: __len__() sh...
FAILED RANDOM/test_queue1_RANDOM.py::test_case_150 - ValueError: __len__() sh...
FAILED RANDOM/test_queue1_RANDOM.py::test_case_151 - ValueError: __len__() sh...
FAILED RANDOM/test_queue1_RANDOM.py::test_case_152 - ValueError: __len__() sh...
FAILED RANDOM/test_queue1_RANDOM.py::test_case_153 - ValueError: __len__() sh...
FAILED RANDOM/test_queue1_RANDOM.py::test_case_154 - ValueError: __len__() sh...
FAILED RANDOM/test_queue1_RANDOM.py::test_case_155 - ValueError: __len__() sh...
FAILED RANDOM/test_queue1_RANDOM.py::test_case_156 - ValueError: __len__() sh...
FAILED RANDOM/test_queue1_RANDOM.py::test_case_157 - ValueError: __len__() sh...
FAILED RANDOM/test_queue1_RANDOM.py::test_case_158 - ValueError: __len__() sh...
FAILED RANDOM/test_queue1_RANDOM.py::test_case_159 - ValueError: __len__() sh...
FAILED RANDOM/test_queue1_RANDOM.py::test_case_160 - ValueError: __len__() sh...
FAILED RANDOM/test_queue1_RANDOM.py::test_case_161 - ValueError: __len__() sh...
FAILED RANDOM/test_queue1_RANDOM.py::test_case_162 - ValueError: __len__() sh...
FAILED RANDOM/test_queue1_RANDOM.py::test_case_163 - ValueError: __len__() sh...
FAILED RANDOM/test_queue1_RANDOM.py::test_case_164 - ValueError: __len__() sh...
FAILED RANDOM/test_queue1_RANDOM.py::test_case_165 - ValueError: __len__() sh...
FAILED RANDOM/test_queue1_RANDOM.py::test_case_166 - ValueError: __len__() sh...
FAILED RANDOM/test_queue1_RANDOM.py::test_case_167 - ValueError: __len__() sh...
FAILED RANDOM/test_queue1_RANDOM.py::test_case_168 - ValueError: __len__() sh...
FAILED RANDOM/test_queue1_RANDOM.py::test_case_169 - ValueError: __len__() sh...
FAILED RANDOM/test_queue1_RANDOM.py::test_case_170 - ValueError: __len__() sh...
FAILED RANDOM/test_queue1_RANDOM.py::test_case_171 - ValueError: __len__() sh...
FAILED RANDOM/test_queue1_RANDOM.py::test_case_172 - ValueError: __len__() sh...
FAILED RANDOM/test_queue1_RANDOM.py::test_case_173 - ValueError: __len__() sh...
FAILED RANDOM/test_queue1_RANDOM.py::test_case_174 - ValueError: __len__() sh...
FAILED RANDOM/test_queue1_RANDOM.py::test_case_175 - ValueError: __len__() sh...
FAILED RANDOM/test_queue1_RANDOM.py::test_case_176 - ValueError: __len__() sh...
FAILED RANDOM/test_queue1_RANDOM.py::test_case_177 - ValueError: __len__() sh...
FAILED RANDOM/test_queue1_RANDOM.py::test_case_178 - ValueError: __len__() sh...
FAILED RANDOM/test_queue1_RANDOM.py::test_case_179 - ValueError: __len__() sh...
FAILED RANDOM/test_queue1_RANDOM.py::test_case_180 - ValueError: __len__() sh...
FAILED RANDOM/test_queue1_RANDOM.py::test_case_181 - ValueError: __len__() sh...
FAILED RANDOM/test_queue1_RANDOM.py::test_case_182 - ValueError: __len__() sh...
FAILED RANDOM/test_queue1_RANDOM.py::test_case_183 - ValueError: __len__() sh...
FAILED RANDOM/test_queue1_RANDOM.py::test_case_184 - ValueError: __len__() sh...
FAILED RANDOM/test_queue1_RANDOM.py::test_case_185 - ValueError: __len__() sh...
FAILED RANDOM/test_queue1_RANDOM.py::test_case_186 - ValueError: __len__() sh...
FAILED RANDOM/test_queue1_RANDOM.py::test_case_187 - ValueError: __len__() sh...
FAILED RANDOM/test_queue1_RANDOM.py::test_case_188 - ValueError: __len__() sh...
FAILED RANDOM/test_queue1_RANDOM.py::test_case_189 - ValueError: __len__() sh...
FAILED RANDOM/test_queue1_RANDOM.py::test_case_190 - ValueError: __len__() sh...
FAILED RANDOM/test_queue1_RANDOM.py::test_case_191 - ValueError: __len__() sh...
FAILED RANDOM/test_queue1_RANDOM.py::test_case_192 - ValueError: __len__() sh...
FAILED RANDOM/test_queue1_RANDOM.py::test_case_193 - ValueError: __len__() sh...
FAILED RANDOM/test_queue1_RANDOM.py::test_case_194 - ValueError: __len__() sh...
FAILED RANDOM/test_queue1_RANDOM.py::test_case_195 - ValueError: __len__() sh...
FAILED RANDOM/test_queue1_RANDOM.py::test_case_196 - ValueError: __len__() sh...
FAILED RANDOM/test_queue1_RANDOM.py::test_case_197 - ValueError: __len__() sh...
FAILED RANDOM/test_queue1_RANDOM.py::test_case_198 - ValueError: __len__() sh...
FAILED RANDOM/test_queue1_RANDOM.py::test_case_199 - ValueError: __len__() sh...
FAILED RANDOM/test_queue1_RANDOM.py::test_case_200 - ValueError: __len__() sh...
FAILED RANDOM/test_queue1_RANDOM.py::test_case_201 - ValueError: __len__() sh...
FAILED RANDOM/test_queue1_RANDOM.py::test_case_202 - ValueError: __len__() sh...
FAILED RANDOM/test_queue1_RANDOM.py::test_case_203 - ValueError: __len__() sh...
FAILED RANDOM/test_queue1_RANDOM.py::test_case_204 - ValueError: __len__() sh...
FAILED RANDOM/test_queue1_RANDOM.py::test_case_205 - ValueError: __len__() sh...
FAILED RANDOM/test_queue1_RANDOM.py::test_case_206 - ValueError: __len__() sh...
FAILED RANDOM/test_queue1_RANDOM.py::test_case_207 - ValueError: __len__() sh...
FAILED RANDOM/test_queue1_RANDOM.py::test_case_208 - ValueError: __len__() sh...
FAILED RANDOM/test_queue1_RANDOM.py::test_case_209 - ValueError: __len__() sh...
FAILED RANDOM/test_queue1_RANDOM.py::test_case_210 - ValueError: __len__() sh...
FAILED RANDOM/test_queue1_RANDOM.py::test_case_211 - ValueError: __len__() sh...
FAILED RANDOM/test_queue1_RANDOM.py::test_case_212 - ValueError: __len__() sh...
FAILED RANDOM/test_queue1_RANDOM.py::test_case_213 - ValueError: __len__() sh...
FAILED RANDOM/test_queue1_RANDOM.py::test_case_214 - ValueError: __len__() sh...
FAILED RANDOM/test_queue1_RANDOM.py::test_case_215 - ValueError: __len__() sh...
FAILED RANDOM/test_queue1_RANDOM.py::test_case_216 - ValueError: __len__() sh...
FAILED RANDOM/test_queue1_RANDOM.py::test_case_217 - ValueError: __len__() sh...
FAILED RANDOM/test_queue1_RANDOM.py::test_case_218 - ValueError: __len__() sh...
FAILED RANDOM/test_queue1_RANDOM.py::test_case_219 - ValueError: __len__() sh...
FAILED RANDOM/test_queue1_RANDOM.py::test_case_220 - ValueError: __len__() sh...
FAILED RANDOM/test_queue1_RANDOM.py::test_case_221 - ValueError: __len__() sh...
FAILED RANDOM/test_queue1_RANDOM.py::test_case_222 - ValueError: __len__() sh...
FAILED RANDOM/test_queue1_RANDOM.py::test_case_223 - ValueError: __len__() sh...
FAILED RANDOM/test_queue1_RANDOM.py::test_case_224 - ValueError: __len__() sh...
FAILED RANDOM/test_queue1_RANDOM.py::test_case_225 - ValueError: __len__() sh...
FAILED RANDOM/test_queue1_RANDOM.py::test_case_226 - ValueError: __len__() sh...
FAILED RANDOM/test_queue1_RANDOM.py::test_case_227 - ValueError: __len__() sh...
FAILED RANDOM/test_queue1_RANDOM.py::test_case_228 - ValueError: __len__() sh...
FAILED RANDOM/test_queue1_RANDOM.py::test_case_229 - ValueError: __len__() sh...
FAILED RANDOM/test_queue1_RANDOM.py::test_case_230 - ValueError: __len__() sh...
FAILED RANDOM/test_queue1_RANDOM.py::test_case_231 - ValueError: __len__() sh...
FAILED RANDOM/test_queue1_RANDOM.py::test_case_232 - ValueError: __len__() sh...
FAILED RANDOM/test_queue1_RANDOM.py::test_case_233 - ValueError: __len__() sh...
FAILED RANDOM/test_queue1_RANDOM.py::test_case_234 - ValueError: __len__() sh...
FAILED RANDOM/test_queue1_RANDOM.py::test_case_235 - ValueError: __len__() sh...
FAILED RANDOM/test_queue1_RANDOM.py::test_case_236 - ValueError: __len__() sh...
FAILED RANDOM/test_queue1_RANDOM.py::test_case_237 - ValueError: __len__() sh...
FAILED RANDOM/test_queue1_RANDOM.py::test_case_238 - ValueError: __len__() sh...
FAILED RANDOM/test_queue1_RANDOM.py::test_case_239 - ValueError: __len__() sh...
FAILED RANDOM/test_queue1_RANDOM.py::test_case_240 - ValueError: __len__() sh...
FAILED RANDOM/test_queue1_RANDOM.py::test_case_241 - ValueError: __len__() sh...
FAILED RANDOM/test_queue1_RANDOM.py::test_case_242 - ValueError: __len__() sh...
FAILED RANDOM/test_queue1_RANDOM.py::test_case_243 - ValueError: __len__() sh...
FAILED RANDOM/test_queue1_RANDOM.py::test_case_244 - ValueError: __len__() sh...
FAILED RANDOM/test_queue1_RANDOM.py::test_case_245 - ValueError: __len__() sh...
FAILED RANDOM/test_queue1_RANDOM.py::test_case_246 - ValueError: __len__() sh...
FAILED RANDOM/test_queue1_RANDOM.py::test_case_247 - ValueError: __len__() sh...
FAILED RANDOM/test_queue1_RANDOM.py::test_case_248 - ValueError: __len__() sh...
FAILED RANDOM/test_queue1_RANDOM.py::test_case_249 - ValueError: __len__() sh...
FAILED RANDOM/test_queue1_RANDOM.py::test_case_250 - ValueError: __len__() sh...
FAILED RANDOM/test_queue1_RANDOM.py::test_case_251 - ValueError: __len__() sh...
FAILED RANDOM/test_queue1_RANDOM.py::test_case_252 - ValueError: __len__() sh...
FAILED RANDOM/test_queue1_RANDOM.py::test_case_253 - ValueError: __len__() sh...
FAILED RANDOM/test_queue1_RANDOM.py::test_case_254 - ValueError: __len__() sh...
FAILED RANDOM/test_queue1_RANDOM.py::test_case_255 - ValueError: __len__() sh...
FAILED RANDOM/test_queue1_RANDOM.py::test_case_256 - ValueError: __len__() sh...
FAILED RANDOM/test_queue1_RANDOM.py::test_case_257 - ValueError: __len__() sh...
FAILED RANDOM/test_queue1_RANDOM.py::test_case_258 - ValueError: __len__() sh...
FAILED RANDOM/test_queue1_RANDOM.py::test_case_259 - ValueError: __len__() sh...
FAILED RANDOM/test_queue1_RANDOM.py::test_case_260 - ValueError: __len__() sh...
FAILED RANDOM/test_queue1_RANDOM.py::test_case_261 - ValueError: __len__() sh...
FAILED RANDOM/test_queue1_RANDOM.py::test_case_262 - ValueError: __len__() sh...
FAILED RANDOM/test_queue1_RANDOM.py::test_case_263 - ValueError: __len__() sh...
FAILED RANDOM/test_queue1_RANDOM.py::test_case_264 - ValueError: __len__() sh...
FAILED RANDOM/test_queue1_RANDOM.py::test_case_265 - ValueError: __len__() sh...
FAILED RANDOM/test_queue1_RANDOM.py::test_case_266 - ValueError: __len__() sh...
FAILED RANDOM/test_queue1_RANDOM.py::test_case_267 - ValueError: __len__() sh...
FAILED RANDOM/test_queue1_RANDOM.py::test_case_268 - ValueError: __len__() sh...
FAILED RANDOM/test_queue1_RANDOM.py::test_case_269 - ValueError: __len__() sh...
FAILED RANDOM/test_queue1_RANDOM.py::test_case_270 - ValueError: __len__() sh...
FAILED RANDOM/test_queue1_RANDOM.py::test_case_271 - ValueError: __len__() sh...
FAILED RANDOM/test_queue1_RANDOM.py::test_case_272 - ValueError: __len__() sh...
FAILED RANDOM/test_queue1_RANDOM.py::test_case_273 - ValueError: __len__() sh...
FAILED RANDOM/test_queue1_RANDOM.py::test_case_274 - ValueError: __len__() sh...
FAILED RANDOM/test_queue1_RANDOM.py::test_case_275 - ValueError: __len__() sh...
FAILED RANDOM/test_queue1_RANDOM.py::test_case_276 - ValueError: __len__() sh...
FAILED RANDOM/test_queue1_RANDOM.py::test_case_277 - ValueError: __len__() sh...
FAILED RANDOM/test_queue1_RANDOM.py::test_case_278 - ValueError: __len__() sh...
FAILED RANDOM/test_queue1_RANDOM.py::test_case_279 - ValueError: __len__() sh...
FAILED RANDOM/test_queue1_RANDOM.py::test_case_280 - ValueError: __len__() sh...
FAILED RANDOM/test_queue1_RANDOM.py::test_case_281 - ValueError: __len__() sh...
FAILED RANDOM/test_queue1_RANDOM.py::test_case_282 - ValueError: __len__() sh...
FAILED RANDOM/test_queue1_RANDOM.py::test_case_283 - ValueError: __len__() sh...
FAILED RANDOM/test_queue1_RANDOM.py::test_case_284 - ValueError: __len__() sh...
FAILED RANDOM/test_queue1_RANDOM.py::test_case_285 - ValueError: __len__() sh...
FAILED RANDOM/test_queue1_RANDOM.py::test_case_286 - ValueError: __len__() sh...
FAILED RANDOM/test_queue1_RANDOM.py::test_case_287 - ValueError: __len__() sh...
FAILED RANDOM/test_queue1_RANDOM.py::test_case_288 - ValueError: __len__() sh...
FAILED RANDOM/test_queue1_RANDOM.py::test_case_289 - ValueError: __len__() sh...
FAILED RANDOM/test_queue1_RANDOM.py::test_case_290 - ValueError: __len__() sh...
FAILED RANDOM/test_queue1_RANDOM.py::test_case_291 - ValueError: __len__() sh...
FAILED RANDOM/test_queue1_RANDOM.py::test_case_292 - ValueError: __len__() sh...
FAILED RANDOM/test_queue1_RANDOM.py::test_case_293 - ValueError: __len__() sh...
FAILED RANDOM/test_queue1_RANDOM.py::test_case_294 - ValueError: __len__() sh...
FAILED RANDOM/test_queue1_RANDOM.py::test_case_295 - ValueError: __len__() sh...
FAILED RANDOM/test_queue1_RANDOM.py::test_case_296 - ValueError: __len__() sh...
FAILED RANDOM/test_queue1_RANDOM.py::test_case_297 - ValueError: __len__() sh...
FAILED RANDOM/test_queue1_RANDOM.py::test_case_298 - ValueError: __len__() sh...
FAILED RANDOM/test_queue1_RANDOM.py::test_case_299 - ValueError: __len__() sh...
======================== 294 failed, 6 passed in 2.66s =========================
</pre></div></div></div></div></div><div class="mb-1" id="job_list___sub_accordion_9"><div class="card"><a data-toggle="collapse" data-target="#job_list___sub_collapse_9_1" aria-expanded="false" aria-controls="job_list___sub_collapse_9_1" href="#" class="job_list___sub_multi_heading"><div role="alert" class="card-header alert-success" id="job_list___sub_heading_9_1"><button class="btn btn-outline-success"><span class="job_id">9 : Job ID 9c9a7ebd6429408d9dff30a2bd7c62a1</span></button></div></a><div aria-labelledby="job_list___sub_heading_9_1" data-parent="#job_list___sub_accordion_9" class="collapse job_list___sub_multi_collapse" id="job_list___sub_collapse_9_1"><div class="card-body"><div class="work-item"><div class="alert alert-success test-outcome" role="alert"><p>worker outcome: normal</p><p>test outcome: killed</p></div></div><pre class="location"><a href="pycharm://open?file=queue1.py&amp;line=32" class="text-secondary"><button class="btn btn-outline-dark">queue1.py, start pos: (32, 15), end pos: (32, 16)</button></a></pre><pre>operator: core/NumberReplacer, occurrence: 2</pre><div class="alert alert-secondary"><pre class="diff">--- mutation diff ---
--- aqueue1.py
+++ bqueue1.py
@@ -29,7 +29,7 @@
 			self.back.next = new_back
 			self.back = new_back
 
-		self.size += 1
+		self.size += 2
 
 	def dequeue(self):
 		if self.front is None:</pre></div><div class="alert alert-secondary"><pre class="diff">============================= test session starts ==============================
platform linux -- Python 3.10.10, pytest-7.2.1, pluggy-1.0.0
rootdir: /home/auri/temp/lucca/python_experiments/queue1
collected 300 items

RANDOM/test_queue1_RANDOM.py ...FFF.F.FFF.FF.F.FFF.FF.F.FFF.FF.F..F.FFF. [ 14%]
FF.F.FFFFFF.F.FFFF.F.FF.FF.F..F.F.F.FF..F.F.F.FFF...F.FFFFFFF.F.FF.F.FF. [ 38%]
..FFFFFFFFFFFF.FF.FFFFFFF.FF.FFFF.FFFFFFF.F..FFFF.FFF.FFF.FFFFF.F.FFFF.. [ 62%]
.FF.FFF..F.F.FFF.F..F.F.FFF...FFFFFF...FFF.FFF.F.F.....F.FF..FF..FF.F.FF [ 86%]
FF.FFF.F.FFF.F...FFF.F..FFF..F.F.FFF...FF                                [100%]

=========================== short test summary info ============================
FAILED RANDOM/test_queue1_RANDOM.py::test_case_3 - assert 2 == 1
FAILED RANDOM/test_queue1_RANDOM.py::test_case_4 - assert 2 == 1
FAILED RANDOM/test_queue1_RANDOM.py::test_case_5 - assert 2 == 1
FAILED RANDOM/test_queue1_RANDOM.py::test_case_7 - assert 2 == 1
FAILED RANDOM/test_queue1_RANDOM.py::test_case_9 - assert 2 == 1
FAILED RANDOM/test_queue1_RANDOM.py::test_case_10 - assert 2 == 1
FAILED RANDOM/test_queue1_RANDOM.py::test_case_11 - assert 2 == 1
FAILED RANDOM/test_queue1_RANDOM.py::test_case_13 - assert 2 == 1
FAILED RANDOM/test_queue1_RANDOM.py::test_case_14 - assert 2 == 1
FAILED RANDOM/test_queue1_RANDOM.py::test_case_16 - assert 2 == 1
FAILED RANDOM/test_queue1_RANDOM.py::test_case_18 - assert 2 == 1
FAILED RANDOM/test_queue1_RANDOM.py::test_case_19 - assert 2 == 1
FAILED RANDOM/test_queue1_RANDOM.py::test_case_20 - assert 2 == 1
FAILED RANDOM/test_queue1_RANDOM.py::test_case_22 - assert 2 == 1
FAILED RANDOM/test_queue1_RANDOM.py::test_case_23 - assert 2 == 1
FAILED RANDOM/test_queue1_RANDOM.py::test_case_25 - assert 2 == 1
FAILED RANDOM/test_queue1_RANDOM.py::test_case_27 - assert 2 == 1
FAILED RANDOM/test_queue1_RANDOM.py::test_case_28 - assert 2 == 1
FAILED RANDOM/test_queue1_RANDOM.py::test_case_29 - assert 2 == 1
FAILED RANDOM/test_queue1_RANDOM.py::test_case_31 - assert 2 == 1
FAILED RANDOM/test_queue1_RANDOM.py::test_case_32 - assert 2 == 1
FAILED RANDOM/test_queue1_RANDOM.py::test_case_34 - assert 2 == 1
FAILED RANDOM/test_queue1_RANDOM.py::test_case_37 - assert 2 == 1
FAILED RANDOM/test_queue1_RANDOM.py::test_case_39 - assert 2 == 1
FAILED RANDOM/test_queue1_RANDOM.py::test_case_40 - assert 2 == 1
FAILED RANDOM/test_queue1_RANDOM.py::test_case_41 - assert 2 == 1
FAILED RANDOM/test_queue1_RANDOM.py::test_case_43 - assert 2 == 1
FAILED RANDOM/test_queue1_RANDOM.py::test_case_44 - assert 2 == 1
FAILED RANDOM/test_queue1_RANDOM.py::test_case_46 - assert 2 == 1
FAILED RANDOM/test_queue1_RANDOM.py::test_case_48 - assert 2 == 1
FAILED RANDOM/test_queue1_RANDOM.py::test_case_49 - assert 2 == 1
FAILED RANDOM/test_queue1_RANDOM.py::test_case_50 - assert 2 == 1
FAILED RANDOM/test_queue1_RANDOM.py::test_case_51 - assert 2 == 1
FAILED RANDOM/test_queue1_RANDOM.py::test_case_52 - assert 2 == 1
FAILED RANDOM/test_queue1_RANDOM.py::test_case_53 - assert 2 == 1
FAILED RANDOM/test_queue1_RANDOM.py::test_case_55 - assert 2 == 1
FAILED RANDOM/test_queue1_RANDOM.py::test_case_57 - assert 2 == 1
FAILED RANDOM/test_queue1_RANDOM.py::test_case_58 - assert 2 == 1
FAILED RANDOM/test_queue1_RANDOM.py::test_case_59 - assert 2 == 1
FAILED RANDOM/test_queue1_RANDOM.py::test_case_60 - assert 2 == 1
FAILED RANDOM/test_queue1_RANDOM.py::test_case_62 - assert 2 == 1
FAILED RANDOM/test_queue1_RANDOM.py::test_case_64 - assert 2 == 1
FAILED RANDOM/test_queue1_RANDOM.py::test_case_65 - assert 2 == 1
FAILED RANDOM/test_queue1_RANDOM.py::test_case_67 - assert 2 == 1
FAILED RANDOM/test_queue1_RANDOM.py::test_case_68 - assert 2 == 1
FAILED RANDOM/test_queue1_RANDOM.py::test_case_70 - assert 2 == 1
FAILED RANDOM/test_queue1_RANDOM.py::test_case_73 - assert 2 == 1
FAILED RANDOM/test_queue1_RANDOM.py::test_case_75 - assert 2 == 1
FAILED RANDOM/test_queue1_RANDOM.py::test_case_77 - assert 2 == 1
FAILED RANDOM/test_queue1_RANDOM.py::test_case_79 - assert 2 == 1
FAILED RANDOM/test_queue1_RANDOM.py::test_case_80 - assert 2 == 1
FAILED RANDOM/test_queue1_RANDOM.py::test_case_83 - assert 2 == 1
FAILED RANDOM/test_queue1_RANDOM.py::test_case_85 - assert 2 == 1
FAILED RANDOM/test_queue1_RANDOM.py::test_case_87 - assert 2 == 1
FAILED RANDOM/test_queue1_RANDOM.py::test_case_89 - assert 2 == 1
FAILED RANDOM/test_queue1_RANDOM.py::test_case_90 - assert 2 == 1
FAILED RANDOM/test_queue1_RANDOM.py::test_case_91 - assert 2 == 1
FAILED RANDOM/test_queue1_RANDOM.py::test_case_95 - assert 2 == 1
FAILED RANDOM/test_queue1_RANDOM.py::test_case_97 - assert 2 == 1
FAILED RANDOM/test_queue1_RANDOM.py::test_case_98 - assert 2 == 1
FAILED RANDOM/test_queue1_RANDOM.py::test_case_99 - assert 2 == 1
FAILED RANDOM/test_queue1_RANDOM.py::test_case_100 - assert 2 == 1
FAILED RANDOM/test_queue1_RANDOM.py::test_case_101 - assert 2 == 1
FAILED RANDOM/test_queue1_RANDOM.py::test_case_102 - assert 2 == 1
FAILED RANDOM/test_queue1_RANDOM.py::test_case_103 - assert 2 == 1
FAILED RANDOM/test_queue1_RANDOM.py::test_case_105 - assert 2 == 1
FAILED RANDOM/test_queue1_RANDOM.py::test_case_107 - assert 2 == 1
FAILED RANDOM/test_queue1_RANDOM.py::test_case_108 - assert 2 == 1
FAILED RANDOM/test_queue1_RANDOM.py::test_case_110 - assert 2 == 1
FAILED RANDOM/test_queue1_RANDOM.py::test_case_112 - assert 2 == 1
FAILED RANDOM/test_queue1_RANDOM.py::test_case_113 - assert 2 == 1
FAILED RANDOM/test_queue1_RANDOM.py::test_case_117 - assert 2 == 1
FAILED RANDOM/test_queue1_RANDOM.py::test_case_118 - assert 2 == 1
FAILED RANDOM/test_queue1_RANDOM.py::test_case_119 - assert 2 == 1
FAILED RANDOM/test_queue1_RANDOM.py::test_case_120 - assert 2 == 1
FAILED RANDOM/test_queue1_RANDOM.py::test_case_121 - assert 2 == 1
FAILED RANDOM/test_queue1_RANDOM.py::test_case_122 - assert 2 == 1
FAILED RANDOM/test_queue1_RANDOM.py::test_case_123 - assert 2 == 1
FAILED RANDOM/test_queue1_RANDOM.py::test_case_124 - assert 2 == 1
FAILED RANDOM/test_queue1_RANDOM.py::test_case_125 - assert 2 == 1
FAILED RANDOM/test_queue1_RANDOM.py::test_case_126 - assert 2 == 1
FAILED RANDOM/test_queue1_RANDOM.py::test_case_127 - assert 2 == 1
FAILED RANDOM/test_queue1_RANDOM.py::test_case_128 - assert 2 == 1
FAILED RANDOM/test_queue1_RANDOM.py::test_case_130 - assert 2 == 1
FAILED RANDOM/test_queue1_RANDOM.py::test_case_131 - assert 2 == 1
FAILED RANDOM/test_queue1_RANDOM.py::test_case_133 - assert 2 == 1
FAILED RANDOM/test_queue1_RANDOM.py::test_case_134 - assert 2 == 1
FAILED RANDOM/test_queue1_RANDOM.py::test_case_135 - assert 2 == 1
FAILED RANDOM/test_queue1_RANDOM.py::test_case_136 - assert 2 == 1
FAILED RANDOM/test_queue1_RANDOM.py::test_case_137 - assert 2 == 1
FAILED RANDOM/test_queue1_RANDOM.py::test_case_138 - assert 2 == 1
FAILED RANDOM/test_queue1_RANDOM.py::test_case_139 - assert 2 == 1
FAILED RANDOM/test_queue1_RANDOM.py::test_case_141 - assert 2 == 1
FAILED RANDOM/test_queue1_RANDOM.py::test_case_142 - assert 2 == 1
FAILED RANDOM/test_queue1_RANDOM.py::test_case_144 - assert 2 == 1
FAILED RANDOM/test_queue1_RANDOM.py::test_case_145 - assert 2 == 1
FAILED RANDOM/test_queue1_RANDOM.py::test_case_146 - assert 2 == 1
FAILED RANDOM/test_queue1_RANDOM.py::test_case_147 - assert 2 == 1
FAILED RANDOM/test_queue1_RANDOM.py::test_case_149 - assert 2 == 1
FAILED RANDOM/test_queue1_RANDOM.py::test_case_150 - assert 2 == 1
FAILED RANDOM/test_queue1_RANDOM.py::test_case_151 - assert 2 == 1
FAILED RANDOM/test_queue1_RANDOM.py::test_case_152 - assert 2 == 1
FAILED RANDOM/test_queue1_RANDOM.py::test_case_153 - assert 2 == 1
FAILED RANDOM/test_queue1_RANDOM.py::test_case_154 - assert 2 == 1
FAILED RANDOM/test_queue1_RANDOM.py::test_case_155 - assert 2 == 1
FAILED RANDOM/test_queue1_RANDOM.py::test_case_157 - assert 2 == 1
FAILED RANDOM/test_queue1_RANDOM.py::test_case_160 - assert 2 == 1
FAILED RANDOM/test_queue1_RANDOM.py::test_case_161 - assert 2 == 1
FAILED RANDOM/test_queue1_RANDOM.py::test_case_162 - assert 2 == 1
FAILED RANDOM/test_queue1_RANDOM.py::test_case_163 - assert 2 == 1
FAILED RANDOM/test_queue1_RANDOM.py::test_case_165 - assert 2 == 1
FAILED RANDOM/test_queue1_RANDOM.py::test_case_166 - assert 2 == 1
FAILED RANDOM/test_queue1_RANDOM.py::test_case_167 - assert 2 == 1
FAILED RANDOM/test_queue1_RANDOM.py::test_case_169 - assert 2 == 1
FAILED RANDOM/test_queue1_RANDOM.py::test_case_170 - assert 2 == 1
FAILED RANDOM/test_queue1_RANDOM.py::test_case_171 - assert 2 == 1
FAILED RANDOM/test_queue1_RANDOM.py::test_case_173 - assert 2 == 1
FAILED RANDOM/test_queue1_RANDOM.py::test_case_174 - assert 2 == 1
FAILED RANDOM/test_queue1_RANDOM.py::test_case_175 - assert 2 == 1
FAILED RANDOM/test_queue1_RANDOM.py::test_case_176 - assert 2 == 1
FAILED RANDOM/test_queue1_RANDOM.py::test_case_177 - assert 2 == 1
FAILED RANDOM/test_queue1_RANDOM.py::test_case_179 - assert 2 == 1
FAILED RANDOM/test_queue1_RANDOM.py::test_case_181 - assert 2 == 1
FAILED RANDOM/test_queue1_RANDOM.py::test_case_182 - assert 2 == 1
FAILED RANDOM/test_queue1_RANDOM.py::test_case_183 - assert 2 == 1
FAILED RANDOM/test_queue1_RANDOM.py::test_case_184 - assert 2 == 1
FAILED RANDOM/test_queue1_RANDOM.py::test_case_188 - assert 2 == 1
FAILED RANDOM/test_queue1_RANDOM.py::test_case_189 - assert 2 == 1
FAILED RANDOM/test_queue1_RANDOM.py::test_case_191 - assert 2 == 1
FAILED RANDOM/test_queue1_RANDOM.py::test_case_192 - assert 2 == 1
FAILED RANDOM/test_queue1_RANDOM.py::test_case_193 - assert 2 == 1
FAILED RANDOM/test_queue1_RANDOM.py::test_case_196 - assert 2 == 1
FAILED RANDOM/test_queue1_RANDOM.py::test_case_198 - assert 2 == 1
FAILED RANDOM/test_queue1_RANDOM.py::test_case_200 - assert 2 == 1
FAILED RANDOM/test_queue1_RANDOM.py::test_case_201 - assert 2 == 1
FAILED RANDOM/test_queue1_RANDOM.py::test_case_202 - assert 2 == 1
FAILED RANDOM/test_queue1_RANDOM.py::test_case_204 - assert 2 == 1
FAILED RANDOM/test_queue1_RANDOM.py::test_case_207 - assert 2 == 1
FAILED RANDOM/test_queue1_RANDOM.py::test_case_209 - assert 2 == 1
FAILED RANDOM/test_queue1_RANDOM.py::test_case_211 - assert 2 == 1
FAILED RANDOM/test_queue1_RANDOM.py::test_case_212 - assert 2 == 1
FAILED RANDOM/test_queue1_RANDOM.py::test_case_213 - assert 2 == 1
FAILED RANDOM/test_queue1_RANDOM.py::test_case_217 - assert 2 == 1
FAILED RANDOM/test_queue1_RANDOM.py::test_case_218 - assert 2 == 1
FAILED RANDOM/test_queue1_RANDOM.py::test_case_219 - assert 2 == 1
FAILED RANDOM/test_queue1_RANDOM.py::test_case_220 - assert 2 == 1
FAILED RANDOM/test_queue1_RANDOM.py::test_case_221 - assert 2 == 1
FAILED RANDOM/test_queue1_RANDOM.py::test_case_222 - assert 2 == 1
FAILED RANDOM/test_queue1_RANDOM.py::test_case_226 - assert 2 == 1
FAILED RANDOM/test_queue1_RANDOM.py::test_case_227 - assert 2 == 1
FAILED RANDOM/test_queue1_RANDOM.py::test_case_228 - assert 2 == 1
FAILED RANDOM/test_queue1_RANDOM.py::test_case_230 - assert 2 == 1
FAILED RANDOM/test_queue1_RANDOM.py::test_case_231 - assert 2 == 1
FAILED RANDOM/test_queue1_RANDOM.py::test_case_232 - assert 2 == 1
FAILED RANDOM/test_queue1_RANDOM.py::test_case_234 - assert 2 == 1
FAILED RANDOM/test_queue1_RANDOM.py::test_case_236 - assert 2 == 1
FAILED RANDOM/test_queue1_RANDOM.py::test_case_242 - assert 2 == 1
FAILED RANDOM/test_queue1_RANDOM.py::test_case_244 - assert 2 == 1
FAILED RANDOM/test_queue1_RANDOM.py::test_case_245 - assert 2 == 1
FAILED RANDOM/test_queue1_RANDOM.py::test_case_248 - assert 2 == 1
FAILED RANDOM/test_queue1_RANDOM.py::test_case_249 - assert 2 == 1
FAILED RANDOM/test_queue1_RANDOM.py::test_case_252 - assert 2 == 1
FAILED RANDOM/test_queue1_RANDOM.py::test_case_253 - assert 2 == 1
FAILED RANDOM/test_queue1_RANDOM.py::test_case_255 - assert 2 == 1
FAILED RANDOM/test_queue1_RANDOM.py::test_case_257 - assert 2 == 1
FAILED RANDOM/test_queue1_RANDOM.py::test_case_258 - assert 2 == 1
FAILED RANDOM/test_queue1_RANDOM.py::test_case_259 - assert 2 == 1
FAILED RANDOM/test_queue1_RANDOM.py::test_case_260 - assert 2 == 1
FAILED RANDOM/test_queue1_RANDOM.py::test_case_262 - assert 2 == 1
FAILED RANDOM/test_queue1_RANDOM.py::test_case_263 - assert 2 == 1
FAILED RANDOM/test_queue1_RANDOM.py::test_case_264 - assert 2 == 1
FAILED RANDOM/test_queue1_RANDOM.py::test_case_266 - assert 2 == 1
FAILED RANDOM/test_queue1_RANDOM.py::test_case_268 - assert 2 == 1
FAILED RANDOM/test_queue1_RANDOM.py::test_case_269 - assert 2 == 1
FAILED RANDOM/test_queue1_RANDOM.py::test_case_270 - assert 2 == 1
FAILED RANDOM/test_queue1_RANDOM.py::test_case_272 - assert 2 == 1
FAILED RANDOM/test_queue1_RANDOM.py::test_case_276 - assert 2 == 1
FAILED RANDOM/test_queue1_RANDOM.py::test_case_277 - assert 2 == 1
FAILED RANDOM/test_queue1_RANDOM.py::test_case_278 - assert 2 == 1
FAILED RANDOM/test_queue1_RANDOM.py::test_case_280 - assert 2 == 1
FAILED RANDOM/test_queue1_RANDOM.py::test_case_283 - assert 2 == 1
FAILED RANDOM/test_queue1_RANDOM.py::test_case_284 - assert 2 == 1
FAILED RANDOM/test_queue1_RANDOM.py::test_case_285 - assert 2 == 1
FAILED RANDOM/test_queue1_RANDOM.py::test_case_288 - assert 2 == 1
FAILED RANDOM/test_queue1_RANDOM.py::test_case_290 - assert 2 == 1
FAILED RANDOM/test_queue1_RANDOM.py::test_case_292 - assert 2 == 1
FAILED RANDOM/test_queue1_RANDOM.py::test_case_293 - assert 2 == 1
FAILED RANDOM/test_queue1_RANDOM.py::test_case_294 - assert 2 == 1
FAILED RANDOM/test_queue1_RANDOM.py::test_case_298 - assert 2 == 1
FAILED RANDOM/test_queue1_RANDOM.py::test_case_299 - assert 2 == 1
======================= 190 failed, 110 passed in 2.59s ========================
</pre></div></div></div></div></div><div class="mb-1" id="job_list___sub_accordion_10"><div class="card"><a data-toggle="collapse" data-target="#job_list___sub_collapse_10_1" aria-expanded="false" aria-controls="job_list___sub_collapse_10_1" href="#" class="job_list___sub_multi_heading"><div role="alert" class="card-header alert-success" id="job_list___sub_heading_10_1"><button class="btn btn-outline-success"><span class="job_id">10 : Job ID defd475dd90f4115a88c97598078fd3f</span></button></div></a><div aria-labelledby="job_list___sub_heading_10_1" data-parent="#job_list___sub_accordion_10" class="collapse job_list___sub_multi_collapse" id="job_list___sub_collapse_10_1"><div class="card-body"><div class="work-item"><div class="alert alert-success test-outcome" role="alert"><p>worker outcome: normal</p><p>test outcome: killed</p></div></div><pre class="location"><a href="pycharm://open?file=queue1.py&amp;line=32" class="text-secondary"><button class="btn btn-outline-dark">queue1.py, start pos: (32, 15), end pos: (32, 16)</button></a></pre><pre>operator: core/NumberReplacer, occurrence: 3</pre><div class="alert alert-secondary"><pre class="diff">--- mutation diff ---
--- aqueue1.py
+++ bqueue1.py
@@ -29,7 +29,7 @@
 			self.back.next = new_back
 			self.back = new_back
 
-		self.size += 1
+		self.size += 0
 
 	def dequeue(self):
 		if self.front is None:</pre></div><div class="alert alert-secondary"><pre class="diff">============================= test session starts ==============================
platform linux -- Python 3.10.10, pytest-7.2.1, pluggy-1.0.0
rootdir: /home/auri/temp/lucca/python_experiments/queue1
collected 300 items

RANDOM/test_queue1_RANDOM.py ...FFF.F.FFF.FF.F.FFF.FF.F.FFF.FF.F..F.FFF. [ 14%]
FF.F.FFFFFF.F.FFFF.F.FF.FF.F..F.F.F.FF..F.F.F.FFF...F.FFFFFFF.F.FF.F.FF. [ 38%]
..FFFFFFFFFFFF.FF.FFFFFFF.FF.FFFF.FFFFFFF.F..FFFF.FFF.FFF.FFFFF.F.FFFF.. [ 62%]
.FF.FFF..F.F.FFF.F..F.F.FFF...FFFFFF...FFF.FFF.F.F.....F.FF..FF..FF.F.FF [ 86%]
FF.FFF.F.FFF.F...FFF.F..FFF..F.F.FFF...FF                                [100%]

=========================== short test summary info ============================
FAILED RANDOM/test_queue1_RANDOM.py::test_case_3 - assert 0 == 1
FAILED RANDOM/test_queue1_RANDOM.py::test_case_4 - assert 0 == 1
FAILED RANDOM/test_queue1_RANDOM.py::test_case_5 - assert 0 == 1
FAILED RANDOM/test_queue1_RANDOM.py::test_case_7 - assert 0 == 1
FAILED RANDOM/test_queue1_RANDOM.py::test_case_9 - assert 0 == 1
FAILED RANDOM/test_queue1_RANDOM.py::test_case_10 - assert 0 == 1
FAILED RANDOM/test_queue1_RANDOM.py::test_case_11 - assert 0 == 1
FAILED RANDOM/test_queue1_RANDOM.py::test_case_13 - assert 0 == 1
FAILED RANDOM/test_queue1_RANDOM.py::test_case_14 - assert 0 == 1
FAILED RANDOM/test_queue1_RANDOM.py::test_case_16 - assert 0 == 1
FAILED RANDOM/test_queue1_RANDOM.py::test_case_18 - assert 0 == 1
FAILED RANDOM/test_queue1_RANDOM.py::test_case_19 - assert 0 == 1
FAILED RANDOM/test_queue1_RANDOM.py::test_case_20 - assert 0 == 1
FAILED RANDOM/test_queue1_RANDOM.py::test_case_22 - assert 0 == 1
FAILED RANDOM/test_queue1_RANDOM.py::test_case_23 - assert 0 == 1
FAILED RANDOM/test_queue1_RANDOM.py::test_case_25 - assert 0 == 1
FAILED RANDOM/test_queue1_RANDOM.py::test_case_27 - assert 0 == 1
FAILED RANDOM/test_queue1_RANDOM.py::test_case_28 - assert 0 == 1
FAILED RANDOM/test_queue1_RANDOM.py::test_case_29 - assert 0 == 1
FAILED RANDOM/test_queue1_RANDOM.py::test_case_31 - assert 0 == 1
FAILED RANDOM/test_queue1_RANDOM.py::test_case_32 - assert 0 == 1
FAILED RANDOM/test_queue1_RANDOM.py::test_case_34 - assert 0 == 1
FAILED RANDOM/test_queue1_RANDOM.py::test_case_37 - assert 0 == 1
FAILED RANDOM/test_queue1_RANDOM.py::test_case_39 - assert 0 == 1
FAILED RANDOM/test_queue1_RANDOM.py::test_case_40 - assert 0 == 1
FAILED RANDOM/test_queue1_RANDOM.py::test_case_41 - assert 0 == 1
FAILED RANDOM/test_queue1_RANDOM.py::test_case_43 - assert 0 == 1
FAILED RANDOM/test_queue1_RANDOM.py::test_case_44 - assert 0 == 1
FAILED RANDOM/test_queue1_RANDOM.py::test_case_46 - assert 0 == 1
FAILED RANDOM/test_queue1_RANDOM.py::test_case_48 - assert 0 == 1
FAILED RANDOM/test_queue1_RANDOM.py::test_case_49 - assert 0 == 1
FAILED RANDOM/test_queue1_RANDOM.py::test_case_50 - assert 0 == 1
FAILED RANDOM/test_queue1_RANDOM.py::test_case_51 - assert 0 == 1
FAILED RANDOM/test_queue1_RANDOM.py::test_case_52 - assert 0 == 1
FAILED RANDOM/test_queue1_RANDOM.py::test_case_53 - assert 0 == 1
FAILED RANDOM/test_queue1_RANDOM.py::test_case_55 - assert 0 == 1
FAILED RANDOM/test_queue1_RANDOM.py::test_case_57 - assert 0 == 1
FAILED RANDOM/test_queue1_RANDOM.py::test_case_58 - assert 0 == 1
FAILED RANDOM/test_queue1_RANDOM.py::test_case_59 - assert 0 == 1
FAILED RANDOM/test_queue1_RANDOM.py::test_case_60 - assert 0 == 1
FAILED RANDOM/test_queue1_RANDOM.py::test_case_62 - assert 0 == 1
FAILED RANDOM/test_queue1_RANDOM.py::test_case_64 - assert 0 == 1
FAILED RANDOM/test_queue1_RANDOM.py::test_case_65 - assert 0 == 1
FAILED RANDOM/test_queue1_RANDOM.py::test_case_67 - assert 0 == 1
FAILED RANDOM/test_queue1_RANDOM.py::test_case_68 - assert 0 == 1
FAILED RANDOM/test_queue1_RANDOM.py::test_case_70 - assert 0 == 1
FAILED RANDOM/test_queue1_RANDOM.py::test_case_73 - assert 0 == 1
FAILED RANDOM/test_queue1_RANDOM.py::test_case_75 - assert 0 == 1
FAILED RANDOM/test_queue1_RANDOM.py::test_case_77 - assert 0 == 1
FAILED RANDOM/test_queue1_RANDOM.py::test_case_79 - assert 0 == 1
FAILED RANDOM/test_queue1_RANDOM.py::test_case_80 - assert 0 == 1
FAILED RANDOM/test_queue1_RANDOM.py::test_case_83 - assert 0 == 1
FAILED RANDOM/test_queue1_RANDOM.py::test_case_85 - assert 0 == 1
FAILED RANDOM/test_queue1_RANDOM.py::test_case_87 - assert 0 == 1
FAILED RANDOM/test_queue1_RANDOM.py::test_case_89 - assert 0 == 1
FAILED RANDOM/test_queue1_RANDOM.py::test_case_90 - assert 0 == 1
FAILED RANDOM/test_queue1_RANDOM.py::test_case_91 - assert 0 == 1
FAILED RANDOM/test_queue1_RANDOM.py::test_case_95 - assert 0 == 1
FAILED RANDOM/test_queue1_RANDOM.py::test_case_97 - assert 0 == 1
FAILED RANDOM/test_queue1_RANDOM.py::test_case_98 - assert 0 == 1
FAILED RANDOM/test_queue1_RANDOM.py::test_case_99 - assert 0 == 1
FAILED RANDOM/test_queue1_RANDOM.py::test_case_100 - assert 0 == 1
FAILED RANDOM/test_queue1_RANDOM.py::test_case_101 - assert 0 == 1
FAILED RANDOM/test_queue1_RANDOM.py::test_case_102 - assert 0 == 1
FAILED RANDOM/test_queue1_RANDOM.py::test_case_103 - assert 0 == 1
FAILED RANDOM/test_queue1_RANDOM.py::test_case_105 - assert 0 == 1
FAILED RANDOM/test_queue1_RANDOM.py::test_case_107 - assert 0 == 1
FAILED RANDOM/test_queue1_RANDOM.py::test_case_108 - assert 0 == 1
FAILED RANDOM/test_queue1_RANDOM.py::test_case_110 - assert 0 == 1
FAILED RANDOM/test_queue1_RANDOM.py::test_case_112 - assert 0 == 1
FAILED RANDOM/test_queue1_RANDOM.py::test_case_113 - assert 0 == 1
FAILED RANDOM/test_queue1_RANDOM.py::test_case_117 - assert 0 == 1
FAILED RANDOM/test_queue1_RANDOM.py::test_case_118 - assert 0 == 1
FAILED RANDOM/test_queue1_RANDOM.py::test_case_119 - assert 0 == 1
FAILED RANDOM/test_queue1_RANDOM.py::test_case_120 - assert 0 == 1
FAILED RANDOM/test_queue1_RANDOM.py::test_case_121 - assert 0 == 1
FAILED RANDOM/test_queue1_RANDOM.py::test_case_122 - assert 0 == 1
FAILED RANDOM/test_queue1_RANDOM.py::test_case_123 - assert 0 == 1
FAILED RANDOM/test_queue1_RANDOM.py::test_case_124 - assert 0 == 1
FAILED RANDOM/test_queue1_RANDOM.py::test_case_125 - assert 0 == 1
FAILED RANDOM/test_queue1_RANDOM.py::test_case_126 - assert 0 == 1
FAILED RANDOM/test_queue1_RANDOM.py::test_case_127 - assert 0 == 1
FAILED RANDOM/test_queue1_RANDOM.py::test_case_128 - assert 0 == 1
FAILED RANDOM/test_queue1_RANDOM.py::test_case_130 - assert 0 == 1
FAILED RANDOM/test_queue1_RANDOM.py::test_case_131 - assert 0 == 1
FAILED RANDOM/test_queue1_RANDOM.py::test_case_133 - assert 0 == 1
FAILED RANDOM/test_queue1_RANDOM.py::test_case_134 - assert 0 == 1
FAILED RANDOM/test_queue1_RANDOM.py::test_case_135 - assert 0 == 1
FAILED RANDOM/test_queue1_RANDOM.py::test_case_136 - assert 0 == 1
FAILED RANDOM/test_queue1_RANDOM.py::test_case_137 - assert 0 == 1
FAILED RANDOM/test_queue1_RANDOM.py::test_case_138 - assert 0 == 1
FAILED RANDOM/test_queue1_RANDOM.py::test_case_139 - assert 0 == 1
FAILED RANDOM/test_queue1_RANDOM.py::test_case_141 - assert 0 == 1
FAILED RANDOM/test_queue1_RANDOM.py::test_case_142 - assert 0 == 1
FAILED RANDOM/test_queue1_RANDOM.py::test_case_144 - assert 0 == 1
FAILED RANDOM/test_queue1_RANDOM.py::test_case_145 - assert 0 == 1
FAILED RANDOM/test_queue1_RANDOM.py::test_case_146 - assert 0 == 1
FAILED RANDOM/test_queue1_RANDOM.py::test_case_147 - assert 0 == 1
FAILED RANDOM/test_queue1_RANDOM.py::test_case_149 - assert 0 == 1
FAILED RANDOM/test_queue1_RANDOM.py::test_case_150 - assert 0 == 1
FAILED RANDOM/test_queue1_RANDOM.py::test_case_151 - assert 0 == 1
FAILED RANDOM/test_queue1_RANDOM.py::test_case_152 - assert 0 == 1
FAILED RANDOM/test_queue1_RANDOM.py::test_case_153 - assert 0 == 1
FAILED RANDOM/test_queue1_RANDOM.py::test_case_154 - assert 0 == 1
FAILED RANDOM/test_queue1_RANDOM.py::test_case_155 - assert 0 == 1
FAILED RANDOM/test_queue1_RANDOM.py::test_case_157 - assert 0 == 1
FAILED RANDOM/test_queue1_RANDOM.py::test_case_160 - assert 0 == 1
FAILED RANDOM/test_queue1_RANDOM.py::test_case_161 - assert 0 == 1
FAILED RANDOM/test_queue1_RANDOM.py::test_case_162 - assert 0 == 1
FAILED RANDOM/test_queue1_RANDOM.py::test_case_163 - assert 0 == 1
FAILED RANDOM/test_queue1_RANDOM.py::test_case_165 - assert 0 == 1
FAILED RANDOM/test_queue1_RANDOM.py::test_case_166 - assert 0 == 1
FAILED RANDOM/test_queue1_RANDOM.py::test_case_167 - assert 0 == 1
FAILED RANDOM/test_queue1_RANDOM.py::test_case_169 - assert 0 == 1
FAILED RANDOM/test_queue1_RANDOM.py::test_case_170 - assert 0 == 1
FAILED RANDOM/test_queue1_RANDOM.py::test_case_171 - assert 0 == 1
FAILED RANDOM/test_queue1_RANDOM.py::test_case_173 - assert 0 == 1
FAILED RANDOM/test_queue1_RANDOM.py::test_case_174 - assert 0 == 1
FAILED RANDOM/test_queue1_RANDOM.py::test_case_175 - assert 0 == 1
FAILED RANDOM/test_queue1_RANDOM.py::test_case_176 - assert 0 == 1
FAILED RANDOM/test_queue1_RANDOM.py::test_case_177 - assert 0 == 1
FAILED RANDOM/test_queue1_RANDOM.py::test_case_179 - assert 0 == 1
FAILED RANDOM/test_queue1_RANDOM.py::test_case_181 - assert 0 == 1
FAILED RANDOM/test_queue1_RANDOM.py::test_case_182 - assert 0 == 1
FAILED RANDOM/test_queue1_RANDOM.py::test_case_183 - assert 0 == 1
FAILED RANDOM/test_queue1_RANDOM.py::test_case_184 - assert 0 == 1
FAILED RANDOM/test_queue1_RANDOM.py::test_case_188 - assert 0 == 1
FAILED RANDOM/test_queue1_RANDOM.py::test_case_189 - assert 0 == 1
FAILED RANDOM/test_queue1_RANDOM.py::test_case_191 - assert 0 == 1
FAILED RANDOM/test_queue1_RANDOM.py::test_case_192 - assert 0 == 1
FAILED RANDOM/test_queue1_RANDOM.py::test_case_193 - assert 0 == 1
FAILED RANDOM/test_queue1_RANDOM.py::test_case_196 - assert 0 == 1
FAILED RANDOM/test_queue1_RANDOM.py::test_case_198 - assert 0 == 1
FAILED RANDOM/test_queue1_RANDOM.py::test_case_200 - assert 0 == 1
FAILED RANDOM/test_queue1_RANDOM.py::test_case_201 - assert 0 == 1
FAILED RANDOM/test_queue1_RANDOM.py::test_case_202 - assert 0 == 1
FAILED RANDOM/test_queue1_RANDOM.py::test_case_204 - assert 0 == 1
FAILED RANDOM/test_queue1_RANDOM.py::test_case_207 - assert 0 == 1
FAILED RANDOM/test_queue1_RANDOM.py::test_case_209 - assert 0 == 1
FAILED RANDOM/test_queue1_RANDOM.py::test_case_211 - assert 0 == 1
FAILED RANDOM/test_queue1_RANDOM.py::test_case_212 - assert 0 == 1
FAILED RANDOM/test_queue1_RANDOM.py::test_case_213 - assert 0 == 1
FAILED RANDOM/test_queue1_RANDOM.py::test_case_217 - assert 0 == 1
FAILED RANDOM/test_queue1_RANDOM.py::test_case_218 - assert 0 == 1
FAILED RANDOM/test_queue1_RANDOM.py::test_case_219 - assert 0 == 1
FAILED RANDOM/test_queue1_RANDOM.py::test_case_220 - assert 0 == 1
FAILED RANDOM/test_queue1_RANDOM.py::test_case_221 - assert 0 == 1
FAILED RANDOM/test_queue1_RANDOM.py::test_case_222 - assert 0 == 1
FAILED RANDOM/test_queue1_RANDOM.py::test_case_226 - assert 0 == 1
FAILED RANDOM/test_queue1_RANDOM.py::test_case_227 - assert 0 == 1
FAILED RANDOM/test_queue1_RANDOM.py::test_case_228 - assert 0 == 1
FAILED RANDOM/test_queue1_RANDOM.py::test_case_230 - assert 0 == 1
FAILED RANDOM/test_queue1_RANDOM.py::test_case_231 - assert 0 == 1
FAILED RANDOM/test_queue1_RANDOM.py::test_case_232 - assert 0 == 1
FAILED RANDOM/test_queue1_RANDOM.py::test_case_234 - assert 0 == 1
FAILED RANDOM/test_queue1_RANDOM.py::test_case_236 - assert 0 == 1
FAILED RANDOM/test_queue1_RANDOM.py::test_case_242 - assert 0 == 1
FAILED RANDOM/test_queue1_RANDOM.py::test_case_244 - assert 0 == 1
FAILED RANDOM/test_queue1_RANDOM.py::test_case_245 - assert 0 == 1
FAILED RANDOM/test_queue1_RANDOM.py::test_case_248 - assert 0 == 1
FAILED RANDOM/test_queue1_RANDOM.py::test_case_249 - assert 0 == 1
FAILED RANDOM/test_queue1_RANDOM.py::test_case_252 - assert 0 == 1
FAILED RANDOM/test_queue1_RANDOM.py::test_case_253 - assert 0 == 1
FAILED RANDOM/test_queue1_RANDOM.py::test_case_255 - assert 0 == 1
FAILED RANDOM/test_queue1_RANDOM.py::test_case_257 - assert 0 == 1
FAILED RANDOM/test_queue1_RANDOM.py::test_case_258 - assert 0 == 1
FAILED RANDOM/test_queue1_RANDOM.py::test_case_259 - assert 0 == 1
FAILED RANDOM/test_queue1_RANDOM.py::test_case_260 - assert 0 == 1
FAILED RANDOM/test_queue1_RANDOM.py::test_case_262 - assert 0 == 1
FAILED RANDOM/test_queue1_RANDOM.py::test_case_263 - assert 0 == 1
FAILED RANDOM/test_queue1_RANDOM.py::test_case_264 - assert 0 == 1
FAILED RANDOM/test_queue1_RANDOM.py::test_case_266 - assert 0 == 1
FAILED RANDOM/test_queue1_RANDOM.py::test_case_268 - assert 0 == 1
FAILED RANDOM/test_queue1_RANDOM.py::test_case_269 - assert 0 == 1
FAILED RANDOM/test_queue1_RANDOM.py::test_case_270 - assert 0 == 1
FAILED RANDOM/test_queue1_RANDOM.py::test_case_272 - assert 0 == 1
FAILED RANDOM/test_queue1_RANDOM.py::test_case_276 - assert 0 == 1
FAILED RANDOM/test_queue1_RANDOM.py::test_case_277 - assert 0 == 1
FAILED RANDOM/test_queue1_RANDOM.py::test_case_278 - assert 0 == 1
FAILED RANDOM/test_queue1_RANDOM.py::test_case_280 - assert 0 == 1
FAILED RANDOM/test_queue1_RANDOM.py::test_case_283 - assert 0 == 1
FAILED RANDOM/test_queue1_RANDOM.py::test_case_284 - assert 0 == 1
FAILED RANDOM/test_queue1_RANDOM.py::test_case_285 - assert 0 == 1
FAILED RANDOM/test_queue1_RANDOM.py::test_case_288 - assert 0 == 1
FAILED RANDOM/test_queue1_RANDOM.py::test_case_290 - assert 0 == 1
FAILED RANDOM/test_queue1_RANDOM.py::test_case_292 - assert 0 == 1
FAILED RANDOM/test_queue1_RANDOM.py::test_case_293 - assert 0 == 1
FAILED RANDOM/test_queue1_RANDOM.py::test_case_294 - assert 0 == 1
FAILED RANDOM/test_queue1_RANDOM.py::test_case_298 - assert 0 == 1
FAILED RANDOM/test_queue1_RANDOM.py::test_case_299 - assert 0 == 1
======================= 190 failed, 110 passed in 2.60s ========================
</pre></div></div></div></div></div><div class="mb-1" id="job_list___sub_accordion_11"><div class="card"><a data-toggle="collapse" data-target="#job_list___sub_collapse_11_1" aria-expanded="false" aria-controls="job_list___sub_collapse_11_1" href="#" class="job_list___sub_multi_heading"><div role="alert" class="card-header alert-success" id="job_list___sub_heading_11_1"><button class="btn btn-outline-success"><span class="job_id">11 : Job ID aeb20e2e956a4ed0aaeba45e98880bcf</span></button></div></a><div aria-labelledby="job_list___sub_heading_11_1" data-parent="#job_list___sub_accordion_11" class="collapse job_list___sub_multi_collapse" id="job_list___sub_collapse_11_1"><div class="card-body"><div class="work-item"><div class="alert alert-success test-outcome" role="alert"><p>worker outcome: normal</p><p>test outcome: killed</p></div></div><pre class="location"><a href="pycharm://open?file=queue1.py&amp;line=40" class="text-secondary"><button class="btn btn-outline-dark">queue1.py, start pos: (40, 16), end pos: (40, 17)</button></a></pre><pre>operator: core/NumberReplacer, occurrence: 4</pre><div class="alert alert-secondary"><pre class="diff">--- mutation diff ---
--- aqueue1.py
+++ bqueue1.py
@@ -37,7 +37,7 @@
 		else:
 			front_node = self.front
 			self.front = self.front.next
-			self.size -= 1
+			self.size -= 2
 			return front_node.data
 
 	def peek(self):</pre></div><div class="alert alert-secondary"><pre class="diff">============================= test session starts ==============================
platform linux -- Python 3.10.10, pytest-7.2.1, pluggy-1.0.0
rootdir: /home/auri/temp/lucca/python_experiments/queue1
collected 300 items

RANDOM/test_queue1_RANDOM.py ........................................... [ 14%]
........................................................................ [ 38%]
....................................................................F... [ 62%]
........................................................................ [ 86%]
.........................................                                [100%]

=========================== short test summary info ============================
FAILED RANDOM/test_queue1_RANDOM.py::test_case_183 - ValueError: __len__() sh...
======================== 1 failed, 299 passed in 2.47s =========================
</pre></div></div></div></div></div><div class="mb-1" id="job_list___sub_accordion_12"><div class="card"><a data-toggle="collapse" data-target="#job_list___sub_collapse_12_1" aria-expanded="false" aria-controls="job_list___sub_collapse_12_1" href="#" class="job_list___sub_multi_heading"><div role="alert" class="card-header alert-success" id="job_list___sub_heading_12_1"><button class="btn btn-outline-success"><span class="job_id">12 : Job ID 1da0f216f7a148978e7275f876f049e8</span></button></div></a><div aria-labelledby="job_list___sub_heading_12_1" data-parent="#job_list___sub_accordion_12" class="collapse job_list___sub_multi_collapse" id="job_list___sub_collapse_12_1"><div class="card-body"><div class="work-item"><div class="alert alert-success test-outcome" role="alert"><p>worker outcome: normal</p><p>test outcome: killed</p></div></div><pre class="location"><a href="pycharm://open?file=queue1.py&amp;line=40" class="text-secondary"><button class="btn btn-outline-dark">queue1.py, start pos: (40, 16), end pos: (40, 17)</button></a></pre><pre>operator: core/NumberReplacer, occurrence: 5</pre><div class="alert alert-secondary"><pre class="diff">--- mutation diff ---
--- aqueue1.py
+++ bqueue1.py
@@ -37,7 +37,7 @@
 		else:
 			front_node = self.front
 			self.front = self.front.next
-			self.size -= 1
+			self.size -= 0
 			return front_node.data
 
 	def peek(self):</pre></div><div class="alert alert-secondary"><pre class="diff">============================= test session starts ==============================
platform linux -- Python 3.10.10, pytest-7.2.1, pluggy-1.0.0
rootdir: /home/auri/temp/lucca/python_experiments/queue1
collected 300 items

RANDOM/test_queue1_RANDOM.py ........................................... [ 14%]
........................................................................ [ 38%]
....................................................................F... [ 62%]
........................................................................ [ 86%]
.........................................                                [100%]

=========================== short test summary info ============================
FAILED RANDOM/test_queue1_RANDOM.py::test_case_183 - assert 1 == 0
======================== 1 failed, 299 passed in 2.54s =========================
</pre></div></div></div></div></div><div class="mb-1" id="job_list___sub_accordion_13"><div class="card"><a data-toggle="collapse" data-target="#job_list___sub_collapse_13_1" aria-expanded="false" aria-controls="job_list___sub_collapse_13_1" href="#" class="job_list___sub_multi_heading"><div role="alert" class="card-header alert-success" id="job_list___sub_heading_13_1"><button class="btn btn-outline-success"><span class="job_id">13 : Job ID ed419dd02fc84f6da7a7efb5367602bb</span></button></div></a><div aria-labelledby="job_list___sub_heading_13_1" data-parent="#job_list___sub_accordion_13" class="collapse job_list___sub_multi_collapse" id="job_list___sub_collapse_13_1"><div class="card-body"><div class="work-item"><div class="alert alert-success test-outcome" role="alert"><p>worker outcome: normal</p><p>test outcome: killed</p></div></div><pre class="location"><a href="pycharm://open?file=queue1.py&amp;line=49" class="text-secondary"><button class="btn btn-outline-dark">queue1.py, start pos: (49, 14), end pos: (49, 15)</button></a></pre><pre>operator: core/NumberReplacer, occurrence: 6</pre><div class="alert alert-secondary"><pre class="diff">--- mutation diff ---
--- aqueue1.py
+++ bqueue1.py
@@ -46,7 +46,7 @@
 		return self.front.data
 
 	def clear(self):
-		self.size = 0 
+		self.size = 1 
 		self.front = None
 		self.back = None
 </pre></div><div class="alert alert-secondary"><pre class="diff">============================= test session starts ==============================
platform linux -- Python 3.10.10, pytest-7.2.1, pluggy-1.0.0
rootdir: /home/auri/temp/lucca/python_experiments/queue1
collected 300 items

RANDOM/test_queue1_RANDOM.py .............F............................. [ 14%]
........................................................................ [ 38%]
...............F............................................F........... [ 62%]
........................................................................ [ 86%]
.........................................                                [100%]

=========================== short test summary info ============================
FAILED RANDOM/test_queue1_RANDOM.py::test_case_13 - assert 1 == 0
FAILED RANDOM/test_queue1_RANDOM.py::test_case_130 - assert 1 == 0
FAILED RANDOM/test_queue1_RANDOM.py::test_case_175 - assert 1 == 0
======================== 3 failed, 297 passed in 2.48s =========================
</pre></div></div></div></div></div><div class="mb-1" id="job_list___sub_accordion_14"><div class="card"><a data-toggle="collapse" data-target="#job_list___sub_collapse_14_1" aria-expanded="false" aria-controls="job_list___sub_collapse_14_1" href="#" class="job_list___sub_multi_heading"><div role="alert" class="card-header alert-success" id="job_list___sub_heading_14_1"><button class="btn btn-outline-success"><span class="job_id">14 : Job ID 1bdf7c4ae3bf423da75307e18c78c74a</span></button></div></a><div aria-labelledby="job_list___sub_heading_14_1" data-parent="#job_list___sub_accordion_14" class="collapse job_list___sub_multi_collapse" id="job_list___sub_collapse_14_1"><div class="card-body"><div class="work-item"><div class="alert alert-success test-outcome" role="alert"><p>worker outcome: normal</p><p>test outcome: killed</p></div></div><pre class="location"><a href="pycharm://open?file=queue1.py&amp;line=49" class="text-secondary"><button class="btn btn-outline-dark">queue1.py, start pos: (49, 14), end pos: (49, 15)</button></a></pre><pre>operator: core/NumberReplacer, occurrence: 7</pre><div class="alert alert-secondary"><pre class="diff">--- mutation diff ---
--- aqueue1.py
+++ bqueue1.py
@@ -46,7 +46,7 @@
 		return self.front.data
 
 	def clear(self):
-		self.size = 0 
+		self.size = -1 
 		self.front = None
 		self.back = None
 </pre></div><div class="alert alert-secondary"><pre class="diff">============================= test session starts ==============================
platform linux -- Python 3.10.10, pytest-7.2.1, pluggy-1.0.0
rootdir: /home/auri/temp/lucca/python_experiments/queue1
collected 300 items

RANDOM/test_queue1_RANDOM.py .............F............................. [ 14%]
........................................................................ [ 38%]
...............F............................................F........... [ 62%]
........................................................................ [ 86%]
.........................................                                [100%]

=========================== short test summary info ============================
FAILED RANDOM/test_queue1_RANDOM.py::test_case_13 - ValueError: __len__() sho...
FAILED RANDOM/test_queue1_RANDOM.py::test_case_130 - ValueError: __len__() sh...
FAILED RANDOM/test_queue1_RANDOM.py::test_case_175 - ValueError: __len__() sh...
======================== 3 failed, 297 passed in 2.43s =========================
</pre></div></div></div></div></div></div></div></div></div></div><script src="https://code.jquery.com/jquery-3.3.1.slim.min.js" integrity="sha384-q8i/X+965DzO0rT7abK41JStQIAqVgRVzpbzo5smXKp4YfRvH+8abtTE1Pi6jizo" crossorigin="anonymous"></script><script src="https://cdnjs.cloudflare.com/ajax/libs/popper.js/1.14.7/umd/popper.min.js" integrity="sha384-UO2eT0CpHqdSJQ6hJty5KVphtPhzWj9WO1clHTMGa3JDZwrnQq4sF86dIHNDz0W1" crossorigin="anonymous"></script><script src="https://stackpath.bootstrapcdn.com/bootstrap/4.3.1/js/bootstrap.min.js" integrity="sha384-JjSmVgyd0p3pXB1rRibZUAYoIIy6OrQ6VrjIEaFf/nJGzIxFDsf4x0xIM+B07jRM" crossorigin="anonymous"></script><script type="text/javascript">$('div.job_list___sub_multi_collapse').on('shown.bs.collapse',  function () {    correct_behavior_functional_buttons();  });$('div.job_list___sub_multi_collapse').on('hidden.bs.collapse',  function () {    correct_behavior_functional_buttons();  });function correct_behavior_functional_buttons() {    var expand = false;    var collapse = false;    $('a.job_list___sub_multi_heading').each(function(index) {      if ($(this).attr('aria-expanded') == 'false') {        expand = true;        return false;      };    });    $('a.job_list___sub_multi_heading').each(function(index) {      if ($(this).attr('aria-expanded') == 'true') {        collapse = true;        return false;      };    });    if (expand) {      $('div#job_item_expand_all').css('display', 'inline-block');    } else {      $('div#job_item_expand_all').css('display', 'none');    };    if (collapse) {      $('div#job_item_collapse_all').css('display', 'inline-block');    } else {      $('div#job_item_collapse_all').css('display', 'none');    };  };correct_behavior_functional_buttons();</script></body></html>
