<!DOCTYPE html><html lang="en"><head><meta charset="utf-8" /><meta name="viewport" content="width=device-width, initial-scale=1, shrink-to-fit=no" /><link rel="stylesheet" href="https://stackpath.bootstrapcdn.com/bootstrap/4.3.1/css/bootstrap.min.css" integrity="sha384-ggOyR0iXCbMQv3Xipma34MD+dH/1fQ784/j6cY/iJTQUOhcWr7x9JvoRxT2MZw1T" crossorigin="anonymous" /><title>Cosmic Ray Report</title></head><body><div class="container"><h1><p class="text-dark">Cosmic Ray Report</p></h1></div><div class="container"><div class="mb-1" id="summary_info___accordion"><div class="card"><a data-toggle="collapse" data-target="#summary_info___collapse_1" aria-expanded="true" aria-controls="summary_info___collapse_1" href="#"><div class="card-header" id="summary_info___heading_1"><button class="btn btn-outline-dark"><h4 class="m-0">Summary info</h4></button></div></a><div aria-labelledby="summary_info___heading_1" data-parent="#summary_info___accordion" class="collapse show" id="summary_info___collapse_1"><div class="card-body"><p>Date time: 20/04/2023 13:13:31</p><p>Total jobs: 72</p><p>Complete: 72 (100.00%)</p><p>Surviving mutants: 13 (18.06%)</p></div></div></div></div><div class="mb-1" id="job_list___accordion"><div class="card"><a data-toggle="collapse" data-target="#job_list___collapse_1" aria-expanded="false" aria-controls="job_list___collapse_1" href="#"><div class="card-header" id="job_list___heading_1"><button class="btn btn-outline-dark"><h4 class="m-0">Job list</h4></button></div></a><div aria-labelledby="job_list___heading_1" data-parent="#job_list___accordion" class="collapse" id="job_list___collapse_1"><div class="card-body"><div class="text-right mb-1"><div class="mx-1" id="job_item_expand_all"><a href="#" onclick="$('div.job_list___sub_multi_collapse').collapse('show');"><button class="btn btn-outline-dark"><span>Expand All</span></button></a></div><div class="mx-1" id="job_item_collapse_all"><a href="#" onclick="$('div.job_list___sub_multi_collapse').collapse('hide');"><button class="btn btn-outline-dark"><span>Collapse All</span></button></a></div></div><div class="mb-1" id="job_list___sub_accordion_1"><div class="card"><a data-toggle="collapse" data-target="#job_list___sub_collapse_1_1" aria-expanded="false" aria-controls="job_list___sub_collapse_1_1" href="#" class="job_list___sub_multi_heading"><div role="alert" class="card-header alert-success" id="job_list___sub_heading_1_1"><button class="btn btn-outline-success"><span class="job_id">1 : Job ID b8e9677ae8cf4494857282d5f2e19255</span></button></div></a><div aria-labelledby="job_list___sub_heading_1_1" data-parent="#job_list___sub_accordion_1" class="collapse job_list___sub_multi_collapse" id="job_list___sub_collapse_1_1"><div class="card-body"><div class="work-item"><div class="alert alert-success test-outcome" role="alert"><p>worker outcome: normal</p><p>test outcome: killed</p></div></div><pre class="location"><a href="pycharm://open?file=stack4.py&amp;line=84" class="text-secondary"><button class="btn btn-outline-dark">stack4.py, start pos: (84, 38), end pos: (84, 39)</button></a></pre><pre>operator: core/ReplaceBinaryOperator_Add_Sub, occurrence: 0</pre><div class="alert alert-secondary"><pre class="diff">--- mutation diff ---
--- astack4.py
+++ bstack4.py
@@ -81,7 +81,7 @@
         curr = self.head
         display = '('
         while curr:
-            display += str(curr.data) + ', '
+            display += str(curr.data) - ', '
             curr = curr.next
         return display[:-2] + ')'
 </pre></div><div class="alert alert-secondary"><pre class="diff">============================= test session starts ==============================
platform linux -- Python 3.10.10, pytest-7.2.1, pluggy-1.0.0
rootdir: /home/auri/temp/lucca/python_experiments/stack4
collected 17 items

MOSA/test_stack4_MOSA.py .F.FFF...F......F                               [100%]

=========================== short test summary info ============================
FAILED MOSA/test_stack4_MOSA.py::test_case_1 - TypeError: unsupported operand...
FAILED MOSA/test_stack4_MOSA.py::test_case_3 - TypeError: unsupported operand...
FAILED MOSA/test_stack4_MOSA.py::test_case_4 - TypeError: unsupported operand...
FAILED MOSA/test_stack4_MOSA.py::test_case_5 - TypeError: unsupported operand...
FAILED MOSA/test_stack4_MOSA.py::test_case_9 - TypeError: unsupported operand...
FAILED MOSA/test_stack4_MOSA.py::test_case_16 - TypeError: unsupported operan...
========================= 6 failed, 11 passed in 0.04s =========================
</pre></div></div></div></div></div><div class="mb-1" id="job_list___sub_accordion_2"><div class="card"><a data-toggle="collapse" data-target="#job_list___sub_collapse_2_1" aria-expanded="false" aria-controls="job_list___sub_collapse_2_1" href="#" class="job_list___sub_multi_heading"><div role="alert" class="card-header alert-success" id="job_list___sub_heading_2_1"><button class="btn btn-outline-success"><span class="job_id">2 : Job ID 1a641bc261af41678c7d79f02edfdb00</span></button></div></a><div aria-labelledby="job_list___sub_heading_2_1" data-parent="#job_list___sub_accordion_2" class="collapse job_list___sub_multi_collapse" id="job_list___sub_collapse_2_1"><div class="card-body"><div class="work-item"><div class="alert alert-success test-outcome" role="alert"><p>worker outcome: normal</p><p>test outcome: killed</p></div></div><pre class="location"><a href="pycharm://open?file=stack4.py&amp;line=86" class="text-secondary"><button class="btn btn-outline-dark">stack4.py, start pos: (86, 28), end pos: (86, 29)</button></a></pre><pre>operator: core/ReplaceBinaryOperator_Add_Sub, occurrence: 1</pre><div class="alert alert-secondary"><pre class="diff">--- mutation diff ---
--- astack4.py
+++ bstack4.py
@@ -83,7 +83,7 @@
         while curr:
             display += str(curr.data) + ', '
             curr = curr.next
-        return display[:-2] + ')'
+        return display[:-2] - ')'
 
 
 class Stack(object):</pre></div><div class="alert alert-secondary"><pre class="diff">============================= test session starts ==============================
platform linux -- Python 3.10.10, pytest-7.2.1, pluggy-1.0.0
rootdir: /home/auri/temp/lucca/python_experiments/stack4
collected 17 items

MOSA/test_stack4_MOSA.py .F.FFF...FF.....F                               [100%]

=========================== short test summary info ============================
FAILED MOSA/test_stack4_MOSA.py::test_case_1 - TypeError: unsupported operand...
FAILED MOSA/test_stack4_MOSA.py::test_case_3 - TypeError: unsupported operand...
FAILED MOSA/test_stack4_MOSA.py::test_case_4 - TypeError: unsupported operand...
FAILED MOSA/test_stack4_MOSA.py::test_case_5 - TypeError: unsupported operand...
FAILED MOSA/test_stack4_MOSA.py::test_case_9 - TypeError: unsupported operand...
FAILED MOSA/test_stack4_MOSA.py::test_case_10 - TypeError: unsupported operan...
FAILED MOSA/test_stack4_MOSA.py::test_case_16 - TypeError: unsupported operan...
========================= 7 failed, 10 passed in 0.04s =========================
</pre></div></div></div></div></div><div class="mb-1" id="job_list___sub_accordion_3"><div class="card"><a data-toggle="collapse" data-target="#job_list___sub_collapse_3_1" aria-expanded="false" aria-controls="job_list___sub_collapse_3_1" href="#" class="job_list___sub_multi_heading"><div role="alert" class="card-header alert-success" id="job_list___sub_heading_3_1"><button class="btn btn-outline-success"><span class="job_id">3 : Job ID 197875916ccd47a990ab0bdf477faecc</span></button></div></a><div aria-labelledby="job_list___sub_heading_3_1" data-parent="#job_list___sub_accordion_3" class="collapse job_list___sub_multi_collapse" id="job_list___sub_collapse_3_1"><div class="card-body"><div class="work-item"><div class="alert alert-success test-outcome" role="alert"><p>worker outcome: normal</p><p>test outcome: killed</p></div></div><pre class="location"><a href="pycharm://open?file=stack4.py&amp;line=84" class="text-secondary"><button class="btn btn-outline-dark">stack4.py, start pos: (84, 38), end pos: (84, 39)</button></a></pre><pre>operator: core/ReplaceBinaryOperator_Add_Mul, occurrence: 0</pre><div class="alert alert-secondary"><pre class="diff">--- mutation diff ---
--- astack4.py
+++ bstack4.py
@@ -81,7 +81,7 @@
         curr = self.head
         display = '('
         while curr:
-            display += str(curr.data) + ', '
+            display += str(curr.data) * ', '
             curr = curr.next
         return display[:-2] + ')'
 </pre></div><div class="alert alert-secondary"><pre class="diff">============================= test session starts ==============================
platform linux -- Python 3.10.10, pytest-7.2.1, pluggy-1.0.0
rootdir: /home/auri/temp/lucca/python_experiments/stack4
collected 17 items

MOSA/test_stack4_MOSA.py .F.FFF...F......F                               [100%]

=========================== short test summary info ============================
FAILED MOSA/test_stack4_MOSA.py::test_case_1 - TypeError: can't multiply sequ...
FAILED MOSA/test_stack4_MOSA.py::test_case_3 - TypeError: can't multiply sequ...
FAILED MOSA/test_stack4_MOSA.py::test_case_4 - TypeError: can't multiply sequ...
FAILED MOSA/test_stack4_MOSA.py::test_case_5 - TypeError: can't multiply sequ...
FAILED MOSA/test_stack4_MOSA.py::test_case_9 - TypeError: can't multiply sequ...
FAILED MOSA/test_stack4_MOSA.py::test_case_16 - TypeError: can't multiply seq...
========================= 6 failed, 11 passed in 0.04s =========================
</pre></div></div></div></div></div><div class="mb-1" id="job_list___sub_accordion_4"><div class="card"><a data-toggle="collapse" data-target="#job_list___sub_collapse_4_1" aria-expanded="false" aria-controls="job_list___sub_collapse_4_1" href="#" class="job_list___sub_multi_heading"><div role="alert" class="card-header alert-success" id="job_list___sub_heading_4_1"><button class="btn btn-outline-success"><span class="job_id">4 : Job ID c127cb9d97fd47e0b4df923931f58941</span></button></div></a><div aria-labelledby="job_list___sub_heading_4_1" data-parent="#job_list___sub_accordion_4" class="collapse job_list___sub_multi_collapse" id="job_list___sub_collapse_4_1"><div class="card-body"><div class="work-item"><div class="alert alert-success test-outcome" role="alert"><p>worker outcome: normal</p><p>test outcome: killed</p></div></div><pre class="location"><a href="pycharm://open?file=stack4.py&amp;line=86" class="text-secondary"><button class="btn btn-outline-dark">stack4.py, start pos: (86, 28), end pos: (86, 29)</button></a></pre><pre>operator: core/ReplaceBinaryOperator_Add_Mul, occurrence: 1</pre><div class="alert alert-secondary"><pre class="diff">--- mutation diff ---
--- astack4.py
+++ bstack4.py
@@ -83,7 +83,7 @@
         while curr:
             display += str(curr.data) + ', '
             curr = curr.next
-        return display[:-2] + ')'
+        return display[:-2] * ')'
 
 
 class Stack(object):</pre></div><div class="alert alert-secondary"><pre class="diff">============================= test session starts ==============================
platform linux -- Python 3.10.10, pytest-7.2.1, pluggy-1.0.0
rootdir: /home/auri/temp/lucca/python_experiments/stack4
collected 17 items

MOSA/test_stack4_MOSA.py .F.FFF...FF.....F                               [100%]

=========================== short test summary info ============================
FAILED MOSA/test_stack4_MOSA.py::test_case_1 - TypeError: can't multiply sequ...
FAILED MOSA/test_stack4_MOSA.py::test_case_3 - TypeError: can't multiply sequ...
FAILED MOSA/test_stack4_MOSA.py::test_case_4 - TypeError: can't multiply sequ...
FAILED MOSA/test_stack4_MOSA.py::test_case_5 - TypeError: can't multiply sequ...
FAILED MOSA/test_stack4_MOSA.py::test_case_9 - TypeError: can't multiply sequ...
FAILED MOSA/test_stack4_MOSA.py::test_case_10 - TypeError: can't multiply seq...
FAILED MOSA/test_stack4_MOSA.py::test_case_16 - TypeError: can't multiply seq...
========================= 7 failed, 10 passed in 0.04s =========================
</pre></div></div></div></div></div><div class="mb-1" id="job_list___sub_accordion_5"><div class="card"><a data-toggle="collapse" data-target="#job_list___sub_collapse_5_1" aria-expanded="false" aria-controls="job_list___sub_collapse_5_1" href="#" class="job_list___sub_multi_heading"><div role="alert" class="card-header alert-success" id="job_list___sub_heading_5_1"><button class="btn btn-outline-success"><span class="job_id">5 : Job ID be9c6edbfc334daca892b5b5ff24b9ad</span></button></div></a><div aria-labelledby="job_list___sub_heading_5_1" data-parent="#job_list___sub_accordion_5" class="collapse job_list___sub_multi_collapse" id="job_list___sub_collapse_5_1"><div class="card-body"><div class="work-item"><div class="alert alert-success test-outcome" role="alert"><p>worker outcome: normal</p><p>test outcome: killed</p></div></div><pre class="location"><a href="pycharm://open?file=stack4.py&amp;line=84" class="text-secondary"><button class="btn btn-outline-dark">stack4.py, start pos: (84, 38), end pos: (84, 39)</button></a></pre><pre>operator: core/ReplaceBinaryOperator_Add_Div, occurrence: 0</pre><div class="alert alert-secondary"><pre class="diff">--- mutation diff ---
--- astack4.py
+++ bstack4.py
@@ -81,7 +81,7 @@
         curr = self.head
         display = '('
         while curr:
-            display += str(curr.data) + ', '
+            display += str(curr.data) / ', '
             curr = curr.next
         return display[:-2] + ')'
 </pre></div><div class="alert alert-secondary"><pre class="diff">============================= test session starts ==============================
platform linux -- Python 3.10.10, pytest-7.2.1, pluggy-1.0.0
rootdir: /home/auri/temp/lucca/python_experiments/stack4
collected 17 items

MOSA/test_stack4_MOSA.py .F.FFF...F......F                               [100%]

=========================== short test summary info ============================
FAILED MOSA/test_stack4_MOSA.py::test_case_1 - TypeError: unsupported operand...
FAILED MOSA/test_stack4_MOSA.py::test_case_3 - TypeError: unsupported operand...
FAILED MOSA/test_stack4_MOSA.py::test_case_4 - TypeError: unsupported operand...
FAILED MOSA/test_stack4_MOSA.py::test_case_5 - TypeError: unsupported operand...
FAILED MOSA/test_stack4_MOSA.py::test_case_9 - TypeError: unsupported operand...
FAILED MOSA/test_stack4_MOSA.py::test_case_16 - TypeError: unsupported operan...
========================= 6 failed, 11 passed in 0.04s =========================
</pre></div></div></div></div></div><div class="mb-1" id="job_list___sub_accordion_6"><div class="card"><a data-toggle="collapse" data-target="#job_list___sub_collapse_6_1" aria-expanded="false" aria-controls="job_list___sub_collapse_6_1" href="#" class="job_list___sub_multi_heading"><div role="alert" class="card-header alert-success" id="job_list___sub_heading_6_1"><button class="btn btn-outline-success"><span class="job_id">6 : Job ID b4477dc7073e4a6db1dc598690d976f3</span></button></div></a><div aria-labelledby="job_list___sub_heading_6_1" data-parent="#job_list___sub_accordion_6" class="collapse job_list___sub_multi_collapse" id="job_list___sub_collapse_6_1"><div class="card-body"><div class="work-item"><div class="alert alert-success test-outcome" role="alert"><p>worker outcome: normal</p><p>test outcome: killed</p></div></div><pre class="location"><a href="pycharm://open?file=stack4.py&amp;line=86" class="text-secondary"><button class="btn btn-outline-dark">stack4.py, start pos: (86, 28), end pos: (86, 29)</button></a></pre><pre>operator: core/ReplaceBinaryOperator_Add_Div, occurrence: 1</pre><div class="alert alert-secondary"><pre class="diff">--- mutation diff ---
--- astack4.py
+++ bstack4.py
@@ -83,7 +83,7 @@
         while curr:
             display += str(curr.data) + ', '
             curr = curr.next
-        return display[:-2] + ')'
+        return display[:-2] / ')'
 
 
 class Stack(object):</pre></div><div class="alert alert-secondary"><pre class="diff">============================= test session starts ==============================
platform linux -- Python 3.10.10, pytest-7.2.1, pluggy-1.0.0
rootdir: /home/auri/temp/lucca/python_experiments/stack4
collected 17 items

MOSA/test_stack4_MOSA.py .F.FFF...FF.....F                               [100%]

=========================== short test summary info ============================
FAILED MOSA/test_stack4_MOSA.py::test_case_1 - TypeError: unsupported operand...
FAILED MOSA/test_stack4_MOSA.py::test_case_3 - TypeError: unsupported operand...
FAILED MOSA/test_stack4_MOSA.py::test_case_4 - TypeError: unsupported operand...
FAILED MOSA/test_stack4_MOSA.py::test_case_5 - TypeError: unsupported operand...
FAILED MOSA/test_stack4_MOSA.py::test_case_9 - TypeError: unsupported operand...
FAILED MOSA/test_stack4_MOSA.py::test_case_10 - TypeError: unsupported operan...
FAILED MOSA/test_stack4_MOSA.py::test_case_16 - TypeError: unsupported operan...
========================= 7 failed, 10 passed in 0.04s =========================
</pre></div></div></div></div></div><div class="mb-1" id="job_list___sub_accordion_7"><div class="card"><a data-toggle="collapse" data-target="#job_list___sub_collapse_7_1" aria-expanded="false" aria-controls="job_list___sub_collapse_7_1" href="#" class="job_list___sub_multi_heading"><div role="alert" class="card-header alert-success" id="job_list___sub_heading_7_1"><button class="btn btn-outline-success"><span class="job_id">7 : Job ID 9c7f257af329419a967ae8baadec7594</span></button></div></a><div aria-labelledby="job_list___sub_heading_7_1" data-parent="#job_list___sub_accordion_7" class="collapse job_list___sub_multi_collapse" id="job_list___sub_collapse_7_1"><div class="card-body"><div class="work-item"><div class="alert alert-success test-outcome" role="alert"><p>worker outcome: normal</p><p>test outcome: killed</p></div></div><pre class="location"><a href="pycharm://open?file=stack4.py&amp;line=84" class="text-secondary"><button class="btn btn-outline-dark">stack4.py, start pos: (84, 38), end pos: (84, 39)</button></a></pre><pre>operator: core/ReplaceBinaryOperator_Add_FloorDiv, occurrence: 0</pre><div class="alert alert-secondary"><pre class="diff">--- mutation diff ---
--- astack4.py
+++ bstack4.py
@@ -81,7 +81,7 @@
         curr = self.head
         display = '('
         while curr:
-            display += str(curr.data) + ', '
+            display += str(curr.data) // ', '
             curr = curr.next
         return display[:-2] + ')'
 </pre></div><div class="alert alert-secondary"><pre class="diff">============================= test session starts ==============================
platform linux -- Python 3.10.10, pytest-7.2.1, pluggy-1.0.0
rootdir: /home/auri/temp/lucca/python_experiments/stack4
collected 17 items

MOSA/test_stack4_MOSA.py .F.FFF...F......F                               [100%]

=========================== short test summary info ============================
FAILED MOSA/test_stack4_MOSA.py::test_case_1 - TypeError: unsupported operand...
FAILED MOSA/test_stack4_MOSA.py::test_case_3 - TypeError: unsupported operand...
FAILED MOSA/test_stack4_MOSA.py::test_case_4 - TypeError: unsupported operand...
FAILED MOSA/test_stack4_MOSA.py::test_case_5 - TypeError: unsupported operand...
FAILED MOSA/test_stack4_MOSA.py::test_case_9 - TypeError: unsupported operand...
FAILED MOSA/test_stack4_MOSA.py::test_case_16 - TypeError: unsupported operan...
========================= 6 failed, 11 passed in 0.05s =========================
</pre></div></div></div></div></div><div class="mb-1" id="job_list___sub_accordion_8"><div class="card"><a data-toggle="collapse" data-target="#job_list___sub_collapse_8_1" aria-expanded="false" aria-controls="job_list___sub_collapse_8_1" href="#" class="job_list___sub_multi_heading"><div role="alert" class="card-header alert-success" id="job_list___sub_heading_8_1"><button class="btn btn-outline-success"><span class="job_id">8 : Job ID d749ec0b585c4fc79874416fbf8cfbec</span></button></div></a><div aria-labelledby="job_list___sub_heading_8_1" data-parent="#job_list___sub_accordion_8" class="collapse job_list___sub_multi_collapse" id="job_list___sub_collapse_8_1"><div class="card-body"><div class="work-item"><div class="alert alert-success test-outcome" role="alert"><p>worker outcome: normal</p><p>test outcome: killed</p></div></div><pre class="location"><a href="pycharm://open?file=stack4.py&amp;line=86" class="text-secondary"><button class="btn btn-outline-dark">stack4.py, start pos: (86, 28), end pos: (86, 29)</button></a></pre><pre>operator: core/ReplaceBinaryOperator_Add_FloorDiv, occurrence: 1</pre><div class="alert alert-secondary"><pre class="diff">--- mutation diff ---
--- astack4.py
+++ bstack4.py
@@ -83,7 +83,7 @@
         while curr:
             display += str(curr.data) + ', '
             curr = curr.next
-        return display[:-2] + ')'
+        return display[:-2] // ')'
 
 
 class Stack(object):</pre></div><div class="alert alert-secondary"><pre class="diff">============================= test session starts ==============================
platform linux -- Python 3.10.10, pytest-7.2.1, pluggy-1.0.0
rootdir: /home/auri/temp/lucca/python_experiments/stack4
collected 17 items

MOSA/test_stack4_MOSA.py .F.FFF...FF.....F                               [100%]

=========================== short test summary info ============================
FAILED MOSA/test_stack4_MOSA.py::test_case_1 - TypeError: unsupported operand...
FAILED MOSA/test_stack4_MOSA.py::test_case_3 - TypeError: unsupported operand...
FAILED MOSA/test_stack4_MOSA.py::test_case_4 - TypeError: unsupported operand...
FAILED MOSA/test_stack4_MOSA.py::test_case_5 - TypeError: unsupported operand...
FAILED MOSA/test_stack4_MOSA.py::test_case_9 - TypeError: unsupported operand...
FAILED MOSA/test_stack4_MOSA.py::test_case_10 - TypeError: unsupported operan...
FAILED MOSA/test_stack4_MOSA.py::test_case_16 - TypeError: unsupported operan...
========================= 7 failed, 10 passed in 0.05s =========================
</pre></div></div></div></div></div><div class="mb-1" id="job_list___sub_accordion_9"><div class="card"><a data-toggle="collapse" data-target="#job_list___sub_collapse_9_1" aria-expanded="false" aria-controls="job_list___sub_collapse_9_1" href="#" class="job_list___sub_multi_heading"><div role="alert" class="card-header alert-success" id="job_list___sub_heading_9_1"><button class="btn btn-outline-success"><span class="job_id">9 : Job ID 547d23ba1c9e4916be830ab38176fc32</span></button></div></a><div aria-labelledby="job_list___sub_heading_9_1" data-parent="#job_list___sub_accordion_9" class="collapse job_list___sub_multi_collapse" id="job_list___sub_collapse_9_1"><div class="card-body"><div class="work-item"><div class="alert alert-success test-outcome" role="alert"><p>worker outcome: normal</p><p>test outcome: killed</p></div></div><pre class="location"><a href="pycharm://open?file=stack4.py&amp;line=84" class="text-secondary"><button class="btn btn-outline-dark">stack4.py, start pos: (84, 38), end pos: (84, 39)</button></a></pre><pre>operator: core/ReplaceBinaryOperator_Add_Mod, occurrence: 0</pre><div class="alert alert-secondary"><pre class="diff">--- mutation diff ---
--- astack4.py
+++ bstack4.py
@@ -81,7 +81,7 @@
         curr = self.head
         display = '('
         while curr:
-            display += str(curr.data) + ', '
+            display += str(curr.data) % ', '
             curr = curr.next
         return display[:-2] + ')'
 </pre></div><div class="alert alert-secondary"><pre class="diff">============================= test session starts ==============================
platform linux -- Python 3.10.10, pytest-7.2.1, pluggy-1.0.0
rootdir: /home/auri/temp/lucca/python_experiments/stack4
collected 17 items

MOSA/test_stack4_MOSA.py .F.FFF...F......F                               [100%]

=========================== short test summary info ============================
FAILED MOSA/test_stack4_MOSA.py::test_case_1 - TypeError: not all arguments c...
FAILED MOSA/test_stack4_MOSA.py::test_case_3 - TypeError: not all arguments c...
FAILED MOSA/test_stack4_MOSA.py::test_case_4 - TypeError: not all arguments c...
FAILED MOSA/test_stack4_MOSA.py::test_case_5 - TypeError: not all arguments c...
FAILED MOSA/test_stack4_MOSA.py::test_case_9 - TypeError: not all arguments c...
FAILED MOSA/test_stack4_MOSA.py::test_case_16 - TypeError: not all arguments ...
========================= 6 failed, 11 passed in 0.04s =========================
</pre></div></div></div></div></div><div class="mb-1" id="job_list___sub_accordion_10"><div class="card"><a data-toggle="collapse" data-target="#job_list___sub_collapse_10_1" aria-expanded="false" aria-controls="job_list___sub_collapse_10_1" href="#" class="job_list___sub_multi_heading"><div role="alert" class="card-header alert-success" id="job_list___sub_heading_10_1"><button class="btn btn-outline-success"><span class="job_id">10 : Job ID 7557a6fd28e44e61a3d50a47cc44c16f</span></button></div></a><div aria-labelledby="job_list___sub_heading_10_1" data-parent="#job_list___sub_accordion_10" class="collapse job_list___sub_multi_collapse" id="job_list___sub_collapse_10_1"><div class="card-body"><div class="work-item"><div class="alert alert-success test-outcome" role="alert"><p>worker outcome: normal</p><p>test outcome: killed</p></div></div><pre class="location"><a href="pycharm://open?file=stack4.py&amp;line=86" class="text-secondary"><button class="btn btn-outline-dark">stack4.py, start pos: (86, 28), end pos: (86, 29)</button></a></pre><pre>operator: core/ReplaceBinaryOperator_Add_Mod, occurrence: 1</pre><div class="alert alert-secondary"><pre class="diff">--- mutation diff ---
--- astack4.py
+++ bstack4.py
@@ -83,7 +83,7 @@
         while curr:
             display += str(curr.data) + ', '
             curr = curr.next
-        return display[:-2] + ')'
+        return display[:-2] % ')'
 
 
 class Stack(object):</pre></div><div class="alert alert-secondary"><pre class="diff">============================= test session starts ==============================
platform linux -- Python 3.10.10, pytest-7.2.1, pluggy-1.0.0
rootdir: /home/auri/temp/lucca/python_experiments/stack4
collected 17 items

MOSA/test_stack4_MOSA.py .F.FFF...FF.....F                               [100%]

=========================== short test summary info ============================
FAILED MOSA/test_stack4_MOSA.py::test_case_1 - TypeError: not all arguments c...
FAILED MOSA/test_stack4_MOSA.py::test_case_3 - TypeError: not all arguments c...
FAILED MOSA/test_stack4_MOSA.py::test_case_4 - TypeError: not all arguments c...
FAILED MOSA/test_stack4_MOSA.py::test_case_5 - TypeError: not all arguments c...
FAILED MOSA/test_stack4_MOSA.py::test_case_9 - TypeError: not all arguments c...
FAILED MOSA/test_stack4_MOSA.py::test_case_10 - TypeError: not all arguments ...
FAILED MOSA/test_stack4_MOSA.py::test_case_16 - TypeError: not all arguments ...
========================= 7 failed, 10 passed in 0.04s =========================
</pre></div></div></div></div></div><div class="mb-1" id="job_list___sub_accordion_11"><div class="card"><a data-toggle="collapse" data-target="#job_list___sub_collapse_11_1" aria-expanded="false" aria-controls="job_list___sub_collapse_11_1" href="#" class="job_list___sub_multi_heading"><div role="alert" class="card-header alert-success" id="job_list___sub_heading_11_1"><button class="btn btn-outline-success"><span class="job_id">11 : Job ID 74a77ea896f3479089e07bc764dbb5f0</span></button></div></a><div aria-labelledby="job_list___sub_heading_11_1" data-parent="#job_list___sub_accordion_11" class="collapse job_list___sub_multi_collapse" id="job_list___sub_collapse_11_1"><div class="card-body"><div class="work-item"><div class="alert alert-success test-outcome" role="alert"><p>worker outcome: normal</p><p>test outcome: killed</p></div></div><pre class="location"><a href="pycharm://open?file=stack4.py&amp;line=84" class="text-secondary"><button class="btn btn-outline-dark">stack4.py, start pos: (84, 38), end pos: (84, 39)</button></a></pre><pre>operator: core/ReplaceBinaryOperator_Add_Pow, occurrence: 0</pre><div class="alert alert-secondary"><pre class="diff">--- mutation diff ---
--- astack4.py
+++ bstack4.py
@@ -81,7 +81,7 @@
         curr = self.head
         display = '('
         while curr:
-            display += str(curr.data) + ', '
+            display += str(curr.data) ** ', '
             curr = curr.next
         return display[:-2] + ')'
 </pre></div><div class="alert alert-secondary"><pre class="diff">============================= test session starts ==============================
platform linux -- Python 3.10.10, pytest-7.2.1, pluggy-1.0.0
rootdir: /home/auri/temp/lucca/python_experiments/stack4
collected 17 items

MOSA/test_stack4_MOSA.py .F.FFF...F......F                               [100%]

=========================== short test summary info ============================
FAILED MOSA/test_stack4_MOSA.py::test_case_1 - TypeError: unsupported operand...
FAILED MOSA/test_stack4_MOSA.py::test_case_3 - TypeError: unsupported operand...
FAILED MOSA/test_stack4_MOSA.py::test_case_4 - TypeError: unsupported operand...
FAILED MOSA/test_stack4_MOSA.py::test_case_5 - TypeError: unsupported operand...
FAILED MOSA/test_stack4_MOSA.py::test_case_9 - TypeError: unsupported operand...
FAILED MOSA/test_stack4_MOSA.py::test_case_16 - TypeError: unsupported operan...
========================= 6 failed, 11 passed in 0.04s =========================
</pre></div></div></div></div></div><div class="mb-1" id="job_list___sub_accordion_12"><div class="card"><a data-toggle="collapse" data-target="#job_list___sub_collapse_12_1" aria-expanded="false" aria-controls="job_list___sub_collapse_12_1" href="#" class="job_list___sub_multi_heading"><div role="alert" class="card-header alert-success" id="job_list___sub_heading_12_1"><button class="btn btn-outline-success"><span class="job_id">12 : Job ID 40931d89b945466596a3e55a7d42830a</span></button></div></a><div aria-labelledby="job_list___sub_heading_12_1" data-parent="#job_list___sub_accordion_12" class="collapse job_list___sub_multi_collapse" id="job_list___sub_collapse_12_1"><div class="card-body"><div class="work-item"><div class="alert alert-success test-outcome" role="alert"><p>worker outcome: normal</p><p>test outcome: killed</p></div></div><pre class="location"><a href="pycharm://open?file=stack4.py&amp;line=86" class="text-secondary"><button class="btn btn-outline-dark">stack4.py, start pos: (86, 28), end pos: (86, 29)</button></a></pre><pre>operator: core/ReplaceBinaryOperator_Add_Pow, occurrence: 1</pre><div class="alert alert-secondary"><pre class="diff">--- mutation diff ---
--- astack4.py
+++ bstack4.py
@@ -83,7 +83,7 @@
         while curr:
             display += str(curr.data) + ', '
             curr = curr.next
-        return display[:-2] + ')'
+        return display[:-2] ** ')'
 
 
 class Stack(object):</pre></div><div class="alert alert-secondary"><pre class="diff">============================= test session starts ==============================
platform linux -- Python 3.10.10, pytest-7.2.1, pluggy-1.0.0
rootdir: /home/auri/temp/lucca/python_experiments/stack4
collected 17 items

MOSA/test_stack4_MOSA.py .F.FFF...FF.....F                               [100%]

=========================== short test summary info ============================
FAILED MOSA/test_stack4_MOSA.py::test_case_1 - TypeError: unsupported operand...
FAILED MOSA/test_stack4_MOSA.py::test_case_3 - TypeError: unsupported operand...
FAILED MOSA/test_stack4_MOSA.py::test_case_4 - TypeError: unsupported operand...
FAILED MOSA/test_stack4_MOSA.py::test_case_5 - TypeError: unsupported operand...
FAILED MOSA/test_stack4_MOSA.py::test_case_9 - TypeError: unsupported operand...
FAILED MOSA/test_stack4_MOSA.py::test_case_10 - TypeError: unsupported operan...
FAILED MOSA/test_stack4_MOSA.py::test_case_16 - TypeError: unsupported operan...
========================= 7 failed, 10 passed in 0.04s =========================
</pre></div></div></div></div></div><div class="mb-1" id="job_list___sub_accordion_13"><div class="card"><a data-toggle="collapse" data-target="#job_list___sub_collapse_13_1" aria-expanded="false" aria-controls="job_list___sub_collapse_13_1" href="#" class="job_list___sub_multi_heading"><div role="alert" class="card-header alert-success" id="job_list___sub_heading_13_1"><button class="btn btn-outline-success"><span class="job_id">13 : Job ID 644d9340e3264d8f9be01a274756a9f8</span></button></div></a><div aria-labelledby="job_list___sub_heading_13_1" data-parent="#job_list___sub_accordion_13" class="collapse job_list___sub_multi_collapse" id="job_list___sub_collapse_13_1"><div class="card-body"><div class="work-item"><div class="alert alert-success test-outcome" role="alert"><p>worker outcome: normal</p><p>test outcome: killed</p></div></div><pre class="location"><a href="pycharm://open?file=stack4.py&amp;line=84" class="text-secondary"><button class="btn btn-outline-dark">stack4.py, start pos: (84, 38), end pos: (84, 39)</button></a></pre><pre>operator: core/ReplaceBinaryOperator_Add_RShift, occurrence: 0</pre><div class="alert alert-secondary"><pre class="diff">--- mutation diff ---
--- astack4.py
+++ bstack4.py
@@ -81,7 +81,7 @@
         curr = self.head
         display = '('
         while curr:
-            display += str(curr.data) + ', '
+            display += str(curr.data) &gt;&gt; ', '
             curr = curr.next
         return display[:-2] + ')'
 </pre></div><div class="alert alert-secondary"><pre class="diff">============================= test session starts ==============================
platform linux -- Python 3.10.10, pytest-7.2.1, pluggy-1.0.0
rootdir: /home/auri/temp/lucca/python_experiments/stack4
collected 17 items

MOSA/test_stack4_MOSA.py .F.FFF...F......F                               [100%]

=========================== short test summary info ============================
FAILED MOSA/test_stack4_MOSA.py::test_case_1 - TypeError: unsupported operand...
FAILED MOSA/test_stack4_MOSA.py::test_case_3 - TypeError: unsupported operand...
FAILED MOSA/test_stack4_MOSA.py::test_case_4 - TypeError: unsupported operand...
FAILED MOSA/test_stack4_MOSA.py::test_case_5 - TypeError: unsupported operand...
FAILED MOSA/test_stack4_MOSA.py::test_case_9 - TypeError: unsupported operand...
FAILED MOSA/test_stack4_MOSA.py::test_case_16 - TypeError: unsupported operan...
========================= 6 failed, 11 passed in 0.04s =========================
</pre></div></div></div></div></div><div class="mb-1" id="job_list___sub_accordion_14"><div class="card"><a data-toggle="collapse" data-target="#job_list___sub_collapse_14_1" aria-expanded="false" aria-controls="job_list___sub_collapse_14_1" href="#" class="job_list___sub_multi_heading"><div role="alert" class="card-header alert-success" id="job_list___sub_heading_14_1"><button class="btn btn-outline-success"><span class="job_id">14 : Job ID bfbf3633ab77490c9c3a2639e6d322f6</span></button></div></a><div aria-labelledby="job_list___sub_heading_14_1" data-parent="#job_list___sub_accordion_14" class="collapse job_list___sub_multi_collapse" id="job_list___sub_collapse_14_1"><div class="card-body"><div class="work-item"><div class="alert alert-success test-outcome" role="alert"><p>worker outcome: normal</p><p>test outcome: killed</p></div></div><pre class="location"><a href="pycharm://open?file=stack4.py&amp;line=86" class="text-secondary"><button class="btn btn-outline-dark">stack4.py, start pos: (86, 28), end pos: (86, 29)</button></a></pre><pre>operator: core/ReplaceBinaryOperator_Add_RShift, occurrence: 1</pre><div class="alert alert-secondary"><pre class="diff">--- mutation diff ---
--- astack4.py
+++ bstack4.py
@@ -83,7 +83,7 @@
         while curr:
             display += str(curr.data) + ', '
             curr = curr.next
-        return display[:-2] + ')'
+        return display[:-2] &gt;&gt; ')'
 
 
 class Stack(object):</pre></div><div class="alert alert-secondary"><pre class="diff">============================= test session starts ==============================
platform linux -- Python 3.10.10, pytest-7.2.1, pluggy-1.0.0
rootdir: /home/auri/temp/lucca/python_experiments/stack4
collected 17 items

MOSA/test_stack4_MOSA.py .F.FFF...FF.....F                               [100%]

=========================== short test summary info ============================
FAILED MOSA/test_stack4_MOSA.py::test_case_1 - TypeError: unsupported operand...
FAILED MOSA/test_stack4_MOSA.py::test_case_3 - TypeError: unsupported operand...
FAILED MOSA/test_stack4_MOSA.py::test_case_4 - TypeError: unsupported operand...
FAILED MOSA/test_stack4_MOSA.py::test_case_5 - TypeError: unsupported operand...
FAILED MOSA/test_stack4_MOSA.py::test_case_9 - TypeError: unsupported operand...
FAILED MOSA/test_stack4_MOSA.py::test_case_10 - TypeError: unsupported operan...
FAILED MOSA/test_stack4_MOSA.py::test_case_16 - TypeError: unsupported operan...
========================= 7 failed, 10 passed in 0.04s =========================
</pre></div></div></div></div></div><div class="mb-1" id="job_list___sub_accordion_15"><div class="card"><a data-toggle="collapse" data-target="#job_list___sub_collapse_15_1" aria-expanded="false" aria-controls="job_list___sub_collapse_15_1" href="#" class="job_list___sub_multi_heading"><div role="alert" class="card-header alert-success" id="job_list___sub_heading_15_1"><button class="btn btn-outline-success"><span class="job_id">15 : Job ID c1084ce28c254094a7a5227f04c9094e</span></button></div></a><div aria-labelledby="job_list___sub_heading_15_1" data-parent="#job_list___sub_accordion_15" class="collapse job_list___sub_multi_collapse" id="job_list___sub_collapse_15_1"><div class="card-body"><div class="work-item"><div class="alert alert-success test-outcome" role="alert"><p>worker outcome: normal</p><p>test outcome: killed</p></div></div><pre class="location"><a href="pycharm://open?file=stack4.py&amp;line=84" class="text-secondary"><button class="btn btn-outline-dark">stack4.py, start pos: (84, 38), end pos: (84, 39)</button></a></pre><pre>operator: core/ReplaceBinaryOperator_Add_LShift, occurrence: 0</pre><div class="alert alert-secondary"><pre class="diff">--- mutation diff ---
--- astack4.py
+++ bstack4.py
@@ -81,7 +81,7 @@
         curr = self.head
         display = '('
         while curr:
-            display += str(curr.data) + ', '
+            display += str(curr.data) &lt;&lt; ', '
             curr = curr.next
         return display[:-2] + ')'
 </pre></div><div class="alert alert-secondary"><pre class="diff">============================= test session starts ==============================
platform linux -- Python 3.10.10, pytest-7.2.1, pluggy-1.0.0
rootdir: /home/auri/temp/lucca/python_experiments/stack4
collected 17 items

MOSA/test_stack4_MOSA.py .F.FFF...F......F                               [100%]

=========================== short test summary info ============================
FAILED MOSA/test_stack4_MOSA.py::test_case_1 - TypeError: unsupported operand...
FAILED MOSA/test_stack4_MOSA.py::test_case_3 - TypeError: unsupported operand...
FAILED MOSA/test_stack4_MOSA.py::test_case_4 - TypeError: unsupported operand...
FAILED MOSA/test_stack4_MOSA.py::test_case_5 - TypeError: unsupported operand...
FAILED MOSA/test_stack4_MOSA.py::test_case_9 - TypeError: unsupported operand...
FAILED MOSA/test_stack4_MOSA.py::test_case_16 - TypeError: unsupported operan...
========================= 6 failed, 11 passed in 0.04s =========================
</pre></div></div></div></div></div><div class="mb-1" id="job_list___sub_accordion_16"><div class="card"><a data-toggle="collapse" data-target="#job_list___sub_collapse_16_1" aria-expanded="false" aria-controls="job_list___sub_collapse_16_1" href="#" class="job_list___sub_multi_heading"><div role="alert" class="card-header alert-success" id="job_list___sub_heading_16_1"><button class="btn btn-outline-success"><span class="job_id">16 : Job ID de6778071bb74deca99fc7a30e589b42</span></button></div></a><div aria-labelledby="job_list___sub_heading_16_1" data-parent="#job_list___sub_accordion_16" class="collapse job_list___sub_multi_collapse" id="job_list___sub_collapse_16_1"><div class="card-body"><div class="work-item"><div class="alert alert-success test-outcome" role="alert"><p>worker outcome: normal</p><p>test outcome: killed</p></div></div><pre class="location"><a href="pycharm://open?file=stack4.py&amp;line=86" class="text-secondary"><button class="btn btn-outline-dark">stack4.py, start pos: (86, 28), end pos: (86, 29)</button></a></pre><pre>operator: core/ReplaceBinaryOperator_Add_LShift, occurrence: 1</pre><div class="alert alert-secondary"><pre class="diff">--- mutation diff ---
--- astack4.py
+++ bstack4.py
@@ -83,7 +83,7 @@
         while curr:
             display += str(curr.data) + ', '
             curr = curr.next
-        return display[:-2] + ')'
+        return display[:-2] &lt;&lt; ')'
 
 
 class Stack(object):</pre></div><div class="alert alert-secondary"><pre class="diff">============================= test session starts ==============================
platform linux -- Python 3.10.10, pytest-7.2.1, pluggy-1.0.0
rootdir: /home/auri/temp/lucca/python_experiments/stack4
collected 17 items

MOSA/test_stack4_MOSA.py .F.FFF...FF.....F                               [100%]

=========================== short test summary info ============================
FAILED MOSA/test_stack4_MOSA.py::test_case_1 - TypeError: unsupported operand...
FAILED MOSA/test_stack4_MOSA.py::test_case_3 - TypeError: unsupported operand...
FAILED MOSA/test_stack4_MOSA.py::test_case_4 - TypeError: unsupported operand...
FAILED MOSA/test_stack4_MOSA.py::test_case_5 - TypeError: unsupported operand...
FAILED MOSA/test_stack4_MOSA.py::test_case_9 - TypeError: unsupported operand...
FAILED MOSA/test_stack4_MOSA.py::test_case_10 - TypeError: unsupported operan...
FAILED MOSA/test_stack4_MOSA.py::test_case_16 - TypeError: unsupported operan...
========================= 7 failed, 10 passed in 0.05s =========================
</pre></div></div></div></div></div><div class="mb-1" id="job_list___sub_accordion_17"><div class="card"><a data-toggle="collapse" data-target="#job_list___sub_collapse_17_1" aria-expanded="false" aria-controls="job_list___sub_collapse_17_1" href="#" class="job_list___sub_multi_heading"><div role="alert" class="card-header alert-success" id="job_list___sub_heading_17_1"><button class="btn btn-outline-success"><span class="job_id">17 : Job ID 97761c9c419f4aea8fed63ba9677a23e</span></button></div></a><div aria-labelledby="job_list___sub_heading_17_1" data-parent="#job_list___sub_accordion_17" class="collapse job_list___sub_multi_collapse" id="job_list___sub_collapse_17_1"><div class="card-body"><div class="work-item"><div class="alert alert-success test-outcome" role="alert"><p>worker outcome: normal</p><p>test outcome: killed</p></div></div><pre class="location"><a href="pycharm://open?file=stack4.py&amp;line=84" class="text-secondary"><button class="btn btn-outline-dark">stack4.py, start pos: (84, 38), end pos: (84, 39)</button></a></pre><pre>operator: core/ReplaceBinaryOperator_Add_BitOr, occurrence: 0</pre><div class="alert alert-secondary"><pre class="diff">--- mutation diff ---
--- astack4.py
+++ bstack4.py
@@ -81,7 +81,7 @@
         curr = self.head
         display = '('
         while curr:
-            display += str(curr.data) + ', '
+            display += str(curr.data) | ', '
             curr = curr.next
         return display[:-2] + ')'
 </pre></div><div class="alert alert-secondary"><pre class="diff">============================= test session starts ==============================
platform linux -- Python 3.10.10, pytest-7.2.1, pluggy-1.0.0
rootdir: /home/auri/temp/lucca/python_experiments/stack4
collected 17 items

MOSA/test_stack4_MOSA.py .F.FFF...F......F                               [100%]

=========================== short test summary info ============================
FAILED MOSA/test_stack4_MOSA.py::test_case_1 - TypeError: unsupported operand...
FAILED MOSA/test_stack4_MOSA.py::test_case_3 - TypeError: unsupported operand...
FAILED MOSA/test_stack4_MOSA.py::test_case_4 - TypeError: unsupported operand...
FAILED MOSA/test_stack4_MOSA.py::test_case_5 - TypeError: unsupported operand...
FAILED MOSA/test_stack4_MOSA.py::test_case_9 - TypeError: unsupported operand...
FAILED MOSA/test_stack4_MOSA.py::test_case_16 - TypeError: unsupported operan...
========================= 6 failed, 11 passed in 0.04s =========================
</pre></div></div></div></div></div><div class="mb-1" id="job_list___sub_accordion_18"><div class="card"><a data-toggle="collapse" data-target="#job_list___sub_collapse_18_1" aria-expanded="false" aria-controls="job_list___sub_collapse_18_1" href="#" class="job_list___sub_multi_heading"><div role="alert" class="card-header alert-success" id="job_list___sub_heading_18_1"><button class="btn btn-outline-success"><span class="job_id">18 : Job ID 204ee84797e7456ca1751ed0fbe8ed9a</span></button></div></a><div aria-labelledby="job_list___sub_heading_18_1" data-parent="#job_list___sub_accordion_18" class="collapse job_list___sub_multi_collapse" id="job_list___sub_collapse_18_1"><div class="card-body"><div class="work-item"><div class="alert alert-success test-outcome" role="alert"><p>worker outcome: normal</p><p>test outcome: killed</p></div></div><pre class="location"><a href="pycharm://open?file=stack4.py&amp;line=86" class="text-secondary"><button class="btn btn-outline-dark">stack4.py, start pos: (86, 28), end pos: (86, 29)</button></a></pre><pre>operator: core/ReplaceBinaryOperator_Add_BitOr, occurrence: 1</pre><div class="alert alert-secondary"><pre class="diff">--- mutation diff ---
--- astack4.py
+++ bstack4.py
@@ -83,7 +83,7 @@
         while curr:
             display += str(curr.data) + ', '
             curr = curr.next
-        return display[:-2] + ')'
+        return display[:-2] | ')'
 
 
 class Stack(object):</pre></div><div class="alert alert-secondary"><pre class="diff">============================= test session starts ==============================
platform linux -- Python 3.10.10, pytest-7.2.1, pluggy-1.0.0
rootdir: /home/auri/temp/lucca/python_experiments/stack4
collected 17 items

MOSA/test_stack4_MOSA.py .F.FFF...FF.....F                               [100%]

=========================== short test summary info ============================
FAILED MOSA/test_stack4_MOSA.py::test_case_1 - TypeError: unsupported operand...
FAILED MOSA/test_stack4_MOSA.py::test_case_3 - TypeError: unsupported operand...
FAILED MOSA/test_stack4_MOSA.py::test_case_4 - TypeError: unsupported operand...
FAILED MOSA/test_stack4_MOSA.py::test_case_5 - TypeError: unsupported operand...
FAILED MOSA/test_stack4_MOSA.py::test_case_9 - TypeError: unsupported operand...
FAILED MOSA/test_stack4_MOSA.py::test_case_10 - TypeError: unsupported operan...
FAILED MOSA/test_stack4_MOSA.py::test_case_16 - TypeError: unsupported operan...
========================= 7 failed, 10 passed in 0.05s =========================
</pre></div></div></div></div></div><div class="mb-1" id="job_list___sub_accordion_19"><div class="card"><a data-toggle="collapse" data-target="#job_list___sub_collapse_19_1" aria-expanded="false" aria-controls="job_list___sub_collapse_19_1" href="#" class="job_list___sub_multi_heading"><div role="alert" class="card-header alert-success" id="job_list___sub_heading_19_1"><button class="btn btn-outline-success"><span class="job_id">19 : Job ID 7213a06d11674fc28c264fc6de5aedc2</span></button></div></a><div aria-labelledby="job_list___sub_heading_19_1" data-parent="#job_list___sub_accordion_19" class="collapse job_list___sub_multi_collapse" id="job_list___sub_collapse_19_1"><div class="card-body"><div class="work-item"><div class="alert alert-success test-outcome" role="alert"><p>worker outcome: normal</p><p>test outcome: killed</p></div></div><pre class="location"><a href="pycharm://open?file=stack4.py&amp;line=84" class="text-secondary"><button class="btn btn-outline-dark">stack4.py, start pos: (84, 38), end pos: (84, 39)</button></a></pre><pre>operator: core/ReplaceBinaryOperator_Add_BitAnd, occurrence: 0</pre><div class="alert alert-secondary"><pre class="diff">--- mutation diff ---
--- astack4.py
+++ bstack4.py
@@ -81,7 +81,7 @@
         curr = self.head
         display = '('
         while curr:
-            display += str(curr.data) + ', '
+            display += str(curr.data) &amp; ', '
             curr = curr.next
         return display[:-2] + ')'
 </pre></div><div class="alert alert-secondary"><pre class="diff">============================= test session starts ==============================
platform linux -- Python 3.10.10, pytest-7.2.1, pluggy-1.0.0
rootdir: /home/auri/temp/lucca/python_experiments/stack4
collected 17 items

MOSA/test_stack4_MOSA.py .F.FFF...F......F                               [100%]

=========================== short test summary info ============================
FAILED MOSA/test_stack4_MOSA.py::test_case_1 - TypeError: unsupported operand...
FAILED MOSA/test_stack4_MOSA.py::test_case_3 - TypeError: unsupported operand...
FAILED MOSA/test_stack4_MOSA.py::test_case_4 - TypeError: unsupported operand...
FAILED MOSA/test_stack4_MOSA.py::test_case_5 - TypeError: unsupported operand...
FAILED MOSA/test_stack4_MOSA.py::test_case_9 - TypeError: unsupported operand...
FAILED MOSA/test_stack4_MOSA.py::test_case_16 - TypeError: unsupported operan...
========================= 6 failed, 11 passed in 0.05s =========================
</pre></div></div></div></div></div><div class="mb-1" id="job_list___sub_accordion_20"><div class="card"><a data-toggle="collapse" data-target="#job_list___sub_collapse_20_1" aria-expanded="false" aria-controls="job_list___sub_collapse_20_1" href="#" class="job_list___sub_multi_heading"><div role="alert" class="card-header alert-success" id="job_list___sub_heading_20_1"><button class="btn btn-outline-success"><span class="job_id">20 : Job ID 4f4414e790d243b8bd4cd9201941c146</span></button></div></a><div aria-labelledby="job_list___sub_heading_20_1" data-parent="#job_list___sub_accordion_20" class="collapse job_list___sub_multi_collapse" id="job_list___sub_collapse_20_1"><div class="card-body"><div class="work-item"><div class="alert alert-success test-outcome" role="alert"><p>worker outcome: normal</p><p>test outcome: killed</p></div></div><pre class="location"><a href="pycharm://open?file=stack4.py&amp;line=86" class="text-secondary"><button class="btn btn-outline-dark">stack4.py, start pos: (86, 28), end pos: (86, 29)</button></a></pre><pre>operator: core/ReplaceBinaryOperator_Add_BitAnd, occurrence: 1</pre><div class="alert alert-secondary"><pre class="diff">--- mutation diff ---
--- astack4.py
+++ bstack4.py
@@ -83,7 +83,7 @@
         while curr:
             display += str(curr.data) + ', '
             curr = curr.next
-        return display[:-2] + ')'
+        return display[:-2] &amp; ')'
 
 
 class Stack(object):</pre></div><div class="alert alert-secondary"><pre class="diff">============================= test session starts ==============================
platform linux -- Python 3.10.10, pytest-7.2.1, pluggy-1.0.0
rootdir: /home/auri/temp/lucca/python_experiments/stack4
collected 17 items

MOSA/test_stack4_MOSA.py .F.FFF...FF.....F                               [100%]

=========================== short test summary info ============================
FAILED MOSA/test_stack4_MOSA.py::test_case_1 - TypeError: unsupported operand...
FAILED MOSA/test_stack4_MOSA.py::test_case_3 - TypeError: unsupported operand...
FAILED MOSA/test_stack4_MOSA.py::test_case_4 - TypeError: unsupported operand...
FAILED MOSA/test_stack4_MOSA.py::test_case_5 - TypeError: unsupported operand...
FAILED MOSA/test_stack4_MOSA.py::test_case_9 - TypeError: unsupported operand...
FAILED MOSA/test_stack4_MOSA.py::test_case_10 - TypeError: unsupported operan...
FAILED MOSA/test_stack4_MOSA.py::test_case_16 - TypeError: unsupported operan...
========================= 7 failed, 10 passed in 0.04s =========================
</pre></div></div></div></div></div><div class="mb-1" id="job_list___sub_accordion_21"><div class="card"><a data-toggle="collapse" data-target="#job_list___sub_collapse_21_1" aria-expanded="false" aria-controls="job_list___sub_collapse_21_1" href="#" class="job_list___sub_multi_heading"><div role="alert" class="card-header alert-success" id="job_list___sub_heading_21_1"><button class="btn btn-outline-success"><span class="job_id">21 : Job ID c198c2e6363144fe95a5f2ed3f1c512a</span></button></div></a><div aria-labelledby="job_list___sub_heading_21_1" data-parent="#job_list___sub_accordion_21" class="collapse job_list___sub_multi_collapse" id="job_list___sub_collapse_21_1"><div class="card-body"><div class="work-item"><div class="alert alert-success test-outcome" role="alert"><p>worker outcome: normal</p><p>test outcome: killed</p></div></div><pre class="location"><a href="pycharm://open?file=stack4.py&amp;line=84" class="text-secondary"><button class="btn btn-outline-dark">stack4.py, start pos: (84, 38), end pos: (84, 39)</button></a></pre><pre>operator: core/ReplaceBinaryOperator_Add_BitXor, occurrence: 0</pre><div class="alert alert-secondary"><pre class="diff">--- mutation diff ---
--- astack4.py
+++ bstack4.py
@@ -81,7 +81,7 @@
         curr = self.head
         display = '('
         while curr:
-            display += str(curr.data) + ', '
+            display += str(curr.data) ^ ', '
             curr = curr.next
         return display[:-2] + ')'
 </pre></div><div class="alert alert-secondary"><pre class="diff">============================= test session starts ==============================
platform linux -- Python 3.10.10, pytest-7.2.1, pluggy-1.0.0
rootdir: /home/auri/temp/lucca/python_experiments/stack4
collected 17 items

MOSA/test_stack4_MOSA.py .F.FFF...F......F                               [100%]

=========================== short test summary info ============================
FAILED MOSA/test_stack4_MOSA.py::test_case_1 - TypeError: unsupported operand...
FAILED MOSA/test_stack4_MOSA.py::test_case_3 - TypeError: unsupported operand...
FAILED MOSA/test_stack4_MOSA.py::test_case_4 - TypeError: unsupported operand...
FAILED MOSA/test_stack4_MOSA.py::test_case_5 - TypeError: unsupported operand...
FAILED MOSA/test_stack4_MOSA.py::test_case_9 - TypeError: unsupported operand...
FAILED MOSA/test_stack4_MOSA.py::test_case_16 - TypeError: unsupported operan...
========================= 6 failed, 11 passed in 0.04s =========================
</pre></div></div></div></div></div><div class="mb-1" id="job_list___sub_accordion_22"><div class="card"><a data-toggle="collapse" data-target="#job_list___sub_collapse_22_1" aria-expanded="false" aria-controls="job_list___sub_collapse_22_1" href="#" class="job_list___sub_multi_heading"><div role="alert" class="card-header alert-success" id="job_list___sub_heading_22_1"><button class="btn btn-outline-success"><span class="job_id">22 : Job ID 8976c7df39194ad084cd97f7dfd00001</span></button></div></a><div aria-labelledby="job_list___sub_heading_22_1" data-parent="#job_list___sub_accordion_22" class="collapse job_list___sub_multi_collapse" id="job_list___sub_collapse_22_1"><div class="card-body"><div class="work-item"><div class="alert alert-success test-outcome" role="alert"><p>worker outcome: normal</p><p>test outcome: killed</p></div></div><pre class="location"><a href="pycharm://open?file=stack4.py&amp;line=86" class="text-secondary"><button class="btn btn-outline-dark">stack4.py, start pos: (86, 28), end pos: (86, 29)</button></a></pre><pre>operator: core/ReplaceBinaryOperator_Add_BitXor, occurrence: 1</pre><div class="alert alert-secondary"><pre class="diff">--- mutation diff ---
--- astack4.py
+++ bstack4.py
@@ -83,7 +83,7 @@
         while curr:
             display += str(curr.data) + ', '
             curr = curr.next
-        return display[:-2] + ')'
+        return display[:-2] ^ ')'
 
 
 class Stack(object):</pre></div><div class="alert alert-secondary"><pre class="diff">============================= test session starts ==============================
platform linux -- Python 3.10.10, pytest-7.2.1, pluggy-1.0.0
rootdir: /home/auri/temp/lucca/python_experiments/stack4
collected 17 items

MOSA/test_stack4_MOSA.py .F.FFF...FF.....F                               [100%]

=========================== short test summary info ============================
FAILED MOSA/test_stack4_MOSA.py::test_case_1 - TypeError: unsupported operand...
FAILED MOSA/test_stack4_MOSA.py::test_case_3 - TypeError: unsupported operand...
FAILED MOSA/test_stack4_MOSA.py::test_case_4 - TypeError: unsupported operand...
FAILED MOSA/test_stack4_MOSA.py::test_case_5 - TypeError: unsupported operand...
FAILED MOSA/test_stack4_MOSA.py::test_case_9 - TypeError: unsupported operand...
FAILED MOSA/test_stack4_MOSA.py::test_case_10 - TypeError: unsupported operan...
FAILED MOSA/test_stack4_MOSA.py::test_case_16 - TypeError: unsupported operan...
========================= 7 failed, 10 passed in 0.04s =========================
</pre></div></div></div></div></div><div class="mb-1" id="job_list___sub_accordion_23"><div class="card"><a data-toggle="collapse" data-target="#job_list___sub_collapse_23_1" aria-expanded="false" aria-controls="job_list___sub_collapse_23_1" href="#" class="job_list___sub_multi_heading"><div role="alert" class="card-header alert-success" id="job_list___sub_heading_23_1"><button class="btn btn-outline-success"><span class="job_id">23 : Job ID f2b8c336d019464eacffad0b90cb104f</span></button></div></a><div aria-labelledby="job_list___sub_heading_23_1" data-parent="#job_list___sub_accordion_23" class="collapse job_list___sub_multi_collapse" id="job_list___sub_collapse_23_1"><div class="card-body"><div class="work-item"><div class="alert alert-success test-outcome" role="alert"><p>worker outcome: normal</p><p>test outcome: killed</p></div></div><pre class="location"><a href="pycharm://open?file=stack4.py&amp;line=63" class="text-secondary"><button class="btn btn-outline-dark">stack4.py, start pos: (63, 25), end pos: (63, 27)</button></a></pre><pre>operator: core/ReplaceComparisonOperator_Eq_NotEq, occurrence: 0</pre><div class="alert alert-secondary"><pre class="diff">--- mutation diff ---
--- astack4.py
+++ bstack4.py
@@ -60,7 +60,7 @@
         """Return the node containing val."""
         curr = self.head
         while curr:
-            if curr.data == val:
+            if curr.data != val:
                 return curr
             curr = curr.next
 </pre></div><div class="alert alert-secondary"><pre class="diff">============================= test session starts ==============================
platform linux -- Python 3.10.10, pytest-7.2.1, pluggy-1.0.0
rootdir: /home/auri/temp/lucca/python_experiments/stack4
collected 17 items

MOSA/test_stack4_MOSA.py ......F..........                               [100%]

=========================== short test summary info ============================
FAILED MOSA/test_stack4_MOSA.py::test_case_6 - AssertionError: assert 'builti...
========================= 1 failed, 16 passed in 0.04s =========================
</pre></div></div></div></div></div><div class="mb-1" id="job_list___sub_accordion_24"><div class="card"><a data-toggle="collapse" data-target="#job_list___sub_collapse_24_1" aria-expanded="false" aria-controls="job_list___sub_collapse_24_1" href="#" class="job_list___sub_multi_heading"><div role="alert" class="card-header alert-danger" id="job_list___sub_heading_24_1"><button class="btn btn-outline-danger"><span class="job_id">24 : Job ID 34d64ec9d17c458f9eddf8746e43a0f1</span></button></div></a><div aria-labelledby="job_list___sub_heading_24_1" data-parent="#job_list___sub_accordion_24" class="collapse job_list___sub_multi_collapse" id="job_list___sub_collapse_24_1"><div class="card-body"><div class="work-item"><div class="alert alert-danger test-outcome" role="alert"><p>SURVIVED</p><p>worker outcome: normal</p><p>test outcome: survived</p></div></div><pre class="location"><a href="pycharm://open?file=stack4.py&amp;line=74" class="text-secondary"><button class="btn btn-outline-dark">stack4.py, start pos: (74, 45), end pos: (74, 47)</button></a></pre><pre>operator: core/ReplaceComparisonOperator_Eq_NotEq, occurrence: 1</pre><div class="alert alert-secondary"><pre class="diff">--- mutation diff ---
--- astack4.py
+++ bstack4.py
@@ -71,7 +71,7 @@
             self.head = self.head.next
             self._length -= 1
         while curr:
-            if (curr.next and curr.next.data == val):
+            if (curr.next and curr.next.data != val):
                 curr.next = curr.next.next
                 self._length -= 1
             curr = curr.next</pre></div><div class="alert alert-secondary"><pre class="diff">============================= test session starts ==============================
platform linux -- Python 3.10.10, pytest-7.2.1, pluggy-1.0.0
rootdir: /home/auri/temp/lucca/python_experiments/stack4
collected 17 items

MOSA/test_stack4_MOSA.py .................                               [100%]

============================== 17 passed in 0.04s ==============================
</pre></div></div></div></div></div><div class="mb-1" id="job_list___sub_accordion_25"><div class="card"><a data-toggle="collapse" data-target="#job_list___sub_collapse_25_1" aria-expanded="false" aria-controls="job_list___sub_collapse_25_1" href="#" class="job_list___sub_multi_heading"><div role="alert" class="card-header alert-success" id="job_list___sub_heading_25_1"><button class="btn btn-outline-success"><span class="job_id">25 : Job ID 3dd8cc72aaf944c191feb01ba7af313f</span></button></div></a><div aria-labelledby="job_list___sub_heading_25_1" data-parent="#job_list___sub_accordion_25" class="collapse job_list___sub_multi_collapse" id="job_list___sub_collapse_25_1"><div class="card-body"><div class="work-item"><div class="alert alert-success test-outcome" role="alert"><p>worker outcome: normal</p><p>test outcome: killed</p></div></div><pre class="location"><a href="pycharm://open?file=stack4.py&amp;line=63" class="text-secondary"><button class="btn btn-outline-dark">stack4.py, start pos: (63, 25), end pos: (63, 27)</button></a></pre><pre>operator: core/ReplaceComparisonOperator_Eq_Lt, occurrence: 0</pre><div class="alert alert-secondary"><pre class="diff">--- mutation diff ---
--- astack4.py
+++ bstack4.py
@@ -60,7 +60,7 @@
         """Return the node containing val."""
         curr = self.head
         while curr:
-            if curr.data == val:
+            if curr.data &lt; val:
                 return curr
             curr = curr.next
 </pre></div><div class="alert alert-secondary"><pre class="diff">============================= test session starts ==============================
platform linux -- Python 3.10.10, pytest-7.2.1, pluggy-1.0.0
rootdir: /home/auri/temp/lucca/python_experiments/stack4
collected 17 items

MOSA/test_stack4_MOSA.py .....FF..........                               [100%]

=========================== short test summary info ============================
FAILED MOSA/test_stack4_MOSA.py::test_case_5 - TypeError: '&lt;' not supported b...
FAILED MOSA/test_stack4_MOSA.py::test_case_6 - AssertionError: assert 'builti...
========================= 2 failed, 15 passed in 0.04s =========================
</pre></div></div></div></div></div><div class="mb-1" id="job_list___sub_accordion_26"><div class="card"><a data-toggle="collapse" data-target="#job_list___sub_collapse_26_1" aria-expanded="false" aria-controls="job_list___sub_collapse_26_1" href="#" class="job_list___sub_multi_heading"><div role="alert" class="card-header alert-success" id="job_list___sub_heading_26_1"><button class="btn btn-outline-success"><span class="job_id">26 : Job ID b2fedefb86014c3fa752977dec32db5b</span></button></div></a><div aria-labelledby="job_list___sub_heading_26_1" data-parent="#job_list___sub_accordion_26" class="collapse job_list___sub_multi_collapse" id="job_list___sub_collapse_26_1"><div class="card-body"><div class="work-item"><div class="alert alert-success test-outcome" role="alert"><p>worker outcome: normal</p><p>test outcome: killed</p></div></div><pre class="location"><a href="pycharm://open?file=stack4.py&amp;line=74" class="text-secondary"><button class="btn btn-outline-dark">stack4.py, start pos: (74, 45), end pos: (74, 47)</button></a></pre><pre>operator: core/ReplaceComparisonOperator_Eq_Lt, occurrence: 1</pre><div class="alert alert-secondary"><pre class="diff">--- mutation diff ---
--- astack4.py
+++ bstack4.py
@@ -71,7 +71,7 @@
             self.head = self.head.next
             self._length -= 1
         while curr:
-            if (curr.next and curr.next.data == val):
+            if (curr.next and curr.next.data &lt; val):
                 curr.next = curr.next.next
                 self._length -= 1
             curr = curr.next</pre></div><div class="alert alert-secondary"><pre class="diff">============================= test session starts ==============================
platform linux -- Python 3.10.10, pytest-7.2.1, pluggy-1.0.0
rootdir: /home/auri/temp/lucca/python_experiments/stack4
collected 17 items

MOSA/test_stack4_MOSA.py ...FFF........FFF                               [100%]

=========================== short test summary info ============================
FAILED MOSA/test_stack4_MOSA.py::test_case_3 - TypeError: '&lt;' not supported b...
FAILED MOSA/test_stack4_MOSA.py::test_case_4 - TypeError: '&lt;' not supported b...
FAILED MOSA/test_stack4_MOSA.py::test_case_5 - TypeError: '&lt;' not supported b...
FAILED MOSA/test_stack4_MOSA.py::test_case_14 - TypeError: '&lt;' not supported ...
FAILED MOSA/test_stack4_MOSA.py::test_case_15 - TypeError: '&lt;' not supported ...
FAILED MOSA/test_stack4_MOSA.py::test_case_16 - TypeError: '&lt;' not supported ...
========================= 6 failed, 11 passed in 0.05s =========================
</pre></div></div></div></div></div><div class="mb-1" id="job_list___sub_accordion_27"><div class="card"><a data-toggle="collapse" data-target="#job_list___sub_collapse_27_1" aria-expanded="false" aria-controls="job_list___sub_collapse_27_1" href="#" class="job_list___sub_multi_heading"><div role="alert" class="card-header alert-success" id="job_list___sub_heading_27_1"><button class="btn btn-outline-success"><span class="job_id">27 : Job ID fe6e5e3b44864074840f3fc3dbf4f5c9</span></button></div></a><div aria-labelledby="job_list___sub_heading_27_1" data-parent="#job_list___sub_accordion_27" class="collapse job_list___sub_multi_collapse" id="job_list___sub_collapse_27_1"><div class="card-body"><div class="work-item"><div class="alert alert-success test-outcome" role="alert"><p>worker outcome: normal</p><p>test outcome: killed</p></div></div><pre class="location"><a href="pycharm://open?file=stack4.py&amp;line=63" class="text-secondary"><button class="btn btn-outline-dark">stack4.py, start pos: (63, 25), end pos: (63, 27)</button></a></pre><pre>operator: core/ReplaceComparisonOperator_Eq_LtE, occurrence: 0</pre><div class="alert alert-secondary"><pre class="diff">--- mutation diff ---
--- astack4.py
+++ bstack4.py
@@ -60,7 +60,7 @@
         """Return the node containing val."""
         curr = self.head
         while curr:
-            if curr.data == val:
+            if curr.data &lt;= val:
                 return curr
             curr = curr.next
 </pre></div><div class="alert alert-secondary"><pre class="diff">============================= test session starts ==============================
platform linux -- Python 3.10.10, pytest-7.2.1, pluggy-1.0.0
rootdir: /home/auri/temp/lucca/python_experiments/stack4
collected 17 items

MOSA/test_stack4_MOSA.py .....F...........                               [100%]

=========================== short test summary info ============================
FAILED MOSA/test_stack4_MOSA.py::test_case_5 - TypeError: '&lt;=' not supported ...
========================= 1 failed, 16 passed in 0.04s =========================
</pre></div></div></div></div></div><div class="mb-1" id="job_list___sub_accordion_28"><div class="card"><a data-toggle="collapse" data-target="#job_list___sub_collapse_28_1" aria-expanded="false" aria-controls="job_list___sub_collapse_28_1" href="#" class="job_list___sub_multi_heading"><div role="alert" class="card-header alert-success" id="job_list___sub_heading_28_1"><button class="btn btn-outline-success"><span class="job_id">28 : Job ID 02facbdad26a4d86a8c0c21552d2af07</span></button></div></a><div aria-labelledby="job_list___sub_heading_28_1" data-parent="#job_list___sub_accordion_28" class="collapse job_list___sub_multi_collapse" id="job_list___sub_collapse_28_1"><div class="card-body"><div class="work-item"><div class="alert alert-success test-outcome" role="alert"><p>worker outcome: normal</p><p>test outcome: killed</p></div></div><pre class="location"><a href="pycharm://open?file=stack4.py&amp;line=74" class="text-secondary"><button class="btn btn-outline-dark">stack4.py, start pos: (74, 45), end pos: (74, 47)</button></a></pre><pre>operator: core/ReplaceComparisonOperator_Eq_LtE, occurrence: 1</pre><div class="alert alert-secondary"><pre class="diff">--- mutation diff ---
--- astack4.py
+++ bstack4.py
@@ -71,7 +71,7 @@
             self.head = self.head.next
             self._length -= 1
         while curr:
-            if (curr.next and curr.next.data == val):
+            if (curr.next and curr.next.data &lt;= val):
                 curr.next = curr.next.next
                 self._length -= 1
             curr = curr.next</pre></div><div class="alert alert-secondary"><pre class="diff">============================= test session starts ==============================
platform linux -- Python 3.10.10, pytest-7.2.1, pluggy-1.0.0
rootdir: /home/auri/temp/lucca/python_experiments/stack4
collected 17 items

MOSA/test_stack4_MOSA.py ...FFF........FF.                               [100%]

=========================== short test summary info ============================
FAILED MOSA/test_stack4_MOSA.py::test_case_3 - TypeError: '&lt;=' not supported ...
FAILED MOSA/test_stack4_MOSA.py::test_case_4 - TypeError: '&lt;=' not supported ...
FAILED MOSA/test_stack4_MOSA.py::test_case_5 - TypeError: '&lt;=' not supported ...
FAILED MOSA/test_stack4_MOSA.py::test_case_14 - TypeError: '&lt;=' not supported...
FAILED MOSA/test_stack4_MOSA.py::test_case_15 - TypeError: '&lt;=' not supported...
========================= 5 failed, 12 passed in 0.04s =========================
</pre></div></div></div></div></div><div class="mb-1" id="job_list___sub_accordion_29"><div class="card"><a data-toggle="collapse" data-target="#job_list___sub_collapse_29_1" aria-expanded="false" aria-controls="job_list___sub_collapse_29_1" href="#" class="job_list___sub_multi_heading"><div role="alert" class="card-header alert-success" id="job_list___sub_heading_29_1"><button class="btn btn-outline-success"><span class="job_id">29 : Job ID 12cbcb9b89db46d1af1d2103c2f4b745</span></button></div></a><div aria-labelledby="job_list___sub_heading_29_1" data-parent="#job_list___sub_accordion_29" class="collapse job_list___sub_multi_collapse" id="job_list___sub_collapse_29_1"><div class="card-body"><div class="work-item"><div class="alert alert-success test-outcome" role="alert"><p>worker outcome: normal</p><p>test outcome: killed</p></div></div><pre class="location"><a href="pycharm://open?file=stack4.py&amp;line=63" class="text-secondary"><button class="btn btn-outline-dark">stack4.py, start pos: (63, 25), end pos: (63, 27)</button></a></pre><pre>operator: core/ReplaceComparisonOperator_Eq_Gt, occurrence: 0</pre><div class="alert alert-secondary"><pre class="diff">--- mutation diff ---
--- astack4.py
+++ bstack4.py
@@ -60,7 +60,7 @@
         """Return the node containing val."""
         curr = self.head
         while curr:
-            if curr.data == val:
+            if curr.data &gt; val:
                 return curr
             curr = curr.next
 </pre></div><div class="alert alert-secondary"><pre class="diff">============================= test session starts ==============================
platform linux -- Python 3.10.10, pytest-7.2.1, pluggy-1.0.0
rootdir: /home/auri/temp/lucca/python_experiments/stack4
collected 17 items

MOSA/test_stack4_MOSA.py .....FF..........                               [100%]

=========================== short test summary info ============================
FAILED MOSA/test_stack4_MOSA.py::test_case_5 - TypeError: '&gt;' not supported b...
FAILED MOSA/test_stack4_MOSA.py::test_case_6 - AssertionError: assert 'builti...
========================= 2 failed, 15 passed in 0.04s =========================
</pre></div></div></div></div></div><div class="mb-1" id="job_list___sub_accordion_30"><div class="card"><a data-toggle="collapse" data-target="#job_list___sub_collapse_30_1" aria-expanded="false" aria-controls="job_list___sub_collapse_30_1" href="#" class="job_list___sub_multi_heading"><div role="alert" class="card-header alert-success" id="job_list___sub_heading_30_1"><button class="btn btn-outline-success"><span class="job_id">30 : Job ID ec7ab421b9704758a0aaae4ef3542da7</span></button></div></a><div aria-labelledby="job_list___sub_heading_30_1" data-parent="#job_list___sub_accordion_30" class="collapse job_list___sub_multi_collapse" id="job_list___sub_collapse_30_1"><div class="card-body"><div class="work-item"><div class="alert alert-success test-outcome" role="alert"><p>worker outcome: normal</p><p>test outcome: killed</p></div></div><pre class="location"><a href="pycharm://open?file=stack4.py&amp;line=74" class="text-secondary"><button class="btn btn-outline-dark">stack4.py, start pos: (74, 45), end pos: (74, 47)</button></a></pre><pre>operator: core/ReplaceComparisonOperator_Eq_Gt, occurrence: 1</pre><div class="alert alert-secondary"><pre class="diff">--- mutation diff ---
--- astack4.py
+++ bstack4.py
@@ -71,7 +71,7 @@
             self.head = self.head.next
             self._length -= 1
         while curr:
-            if (curr.next and curr.next.data == val):
+            if (curr.next and curr.next.data &gt; val):
                 curr.next = curr.next.next
                 self._length -= 1
             curr = curr.next</pre></div><div class="alert alert-secondary"><pre class="diff">============================= test session starts ==============================
platform linux -- Python 3.10.10, pytest-7.2.1, pluggy-1.0.0
rootdir: /home/auri/temp/lucca/python_experiments/stack4
collected 17 items

MOSA/test_stack4_MOSA.py ...FFF........FFF                               [100%]

=========================== short test summary info ============================
FAILED MOSA/test_stack4_MOSA.py::test_case_3 - TypeError: '&gt;' not supported b...
FAILED MOSA/test_stack4_MOSA.py::test_case_4 - TypeError: '&gt;' not supported b...
FAILED MOSA/test_stack4_MOSA.py::test_case_5 - TypeError: '&gt;' not supported b...
FAILED MOSA/test_stack4_MOSA.py::test_case_14 - TypeError: '&gt;' not supported ...
FAILED MOSA/test_stack4_MOSA.py::test_case_15 - TypeError: '&gt;' not supported ...
FAILED MOSA/test_stack4_MOSA.py::test_case_16 - TypeError: '&gt;' not supported ...
========================= 6 failed, 11 passed in 0.04s =========================
</pre></div></div></div></div></div><div class="mb-1" id="job_list___sub_accordion_31"><div class="card"><a data-toggle="collapse" data-target="#job_list___sub_collapse_31_1" aria-expanded="false" aria-controls="job_list___sub_collapse_31_1" href="#" class="job_list___sub_multi_heading"><div role="alert" class="card-header alert-success" id="job_list___sub_heading_31_1"><button class="btn btn-outline-success"><span class="job_id">31 : Job ID 10038f77aaf04ce884562f30c4788d56</span></button></div></a><div aria-labelledby="job_list___sub_heading_31_1" data-parent="#job_list___sub_accordion_31" class="collapse job_list___sub_multi_collapse" id="job_list___sub_collapse_31_1"><div class="card-body"><div class="work-item"><div class="alert alert-success test-outcome" role="alert"><p>worker outcome: normal</p><p>test outcome: killed</p></div></div><pre class="location"><a href="pycharm://open?file=stack4.py&amp;line=63" class="text-secondary"><button class="btn btn-outline-dark">stack4.py, start pos: (63, 25), end pos: (63, 27)</button></a></pre><pre>operator: core/ReplaceComparisonOperator_Eq_GtE, occurrence: 0</pre><div class="alert alert-secondary"><pre class="diff">--- mutation diff ---
--- astack4.py
+++ bstack4.py
@@ -60,7 +60,7 @@
         """Return the node containing val."""
         curr = self.head
         while curr:
-            if curr.data == val:
+            if curr.data &gt;= val:
                 return curr
             curr = curr.next
 </pre></div><div class="alert alert-secondary"><pre class="diff">============================= test session starts ==============================
platform linux -- Python 3.10.10, pytest-7.2.1, pluggy-1.0.0
rootdir: /home/auri/temp/lucca/python_experiments/stack4
collected 17 items

MOSA/test_stack4_MOSA.py .....F...........                               [100%]

=========================== short test summary info ============================
FAILED MOSA/test_stack4_MOSA.py::test_case_5 - TypeError: '&gt;=' not supported ...
========================= 1 failed, 16 passed in 0.04s =========================
</pre></div></div></div></div></div><div class="mb-1" id="job_list___sub_accordion_32"><div class="card"><a data-toggle="collapse" data-target="#job_list___sub_collapse_32_1" aria-expanded="false" aria-controls="job_list___sub_collapse_32_1" href="#" class="job_list___sub_multi_heading"><div role="alert" class="card-header alert-success" id="job_list___sub_heading_32_1"><button class="btn btn-outline-success"><span class="job_id">32 : Job ID 57ef65fc40fb49ada6956c6a7ee1d8ab</span></button></div></a><div aria-labelledby="job_list___sub_heading_32_1" data-parent="#job_list___sub_accordion_32" class="collapse job_list___sub_multi_collapse" id="job_list___sub_collapse_32_1"><div class="card-body"><div class="work-item"><div class="alert alert-success test-outcome" role="alert"><p>worker outcome: normal</p><p>test outcome: killed</p></div></div><pre class="location"><a href="pycharm://open?file=stack4.py&amp;line=74" class="text-secondary"><button class="btn btn-outline-dark">stack4.py, start pos: (74, 45), end pos: (74, 47)</button></a></pre><pre>operator: core/ReplaceComparisonOperator_Eq_GtE, occurrence: 1</pre><div class="alert alert-secondary"><pre class="diff">--- mutation diff ---
--- astack4.py
+++ bstack4.py
@@ -71,7 +71,7 @@
             self.head = self.head.next
             self._length -= 1
         while curr:
-            if (curr.next and curr.next.data == val):
+            if (curr.next and curr.next.data &gt;= val):
                 curr.next = curr.next.next
                 self._length -= 1
             curr = curr.next</pre></div><div class="alert alert-secondary"><pre class="diff">============================= test session starts ==============================
platform linux -- Python 3.10.10, pytest-7.2.1, pluggy-1.0.0
rootdir: /home/auri/temp/lucca/python_experiments/stack4
collected 17 items

MOSA/test_stack4_MOSA.py ...FFF........FF.                               [100%]

=========================== short test summary info ============================
FAILED MOSA/test_stack4_MOSA.py::test_case_3 - TypeError: '&gt;=' not supported ...
FAILED MOSA/test_stack4_MOSA.py::test_case_4 - TypeError: '&gt;=' not supported ...
FAILED MOSA/test_stack4_MOSA.py::test_case_5 - TypeError: '&gt;=' not supported ...
FAILED MOSA/test_stack4_MOSA.py::test_case_14 - TypeError: '&gt;=' not supported...
FAILED MOSA/test_stack4_MOSA.py::test_case_15 - TypeError: '&gt;=' not supported...
========================= 5 failed, 12 passed in 0.05s =========================
</pre></div></div></div></div></div><div class="mb-1" id="job_list___sub_accordion_33"><div class="card"><a data-toggle="collapse" data-target="#job_list___sub_collapse_33_1" aria-expanded="false" aria-controls="job_list___sub_collapse_33_1" href="#" class="job_list___sub_multi_heading"><div role="alert" class="card-header alert-danger" id="job_list___sub_heading_33_1"><button class="btn btn-outline-danger"><span class="job_id">33 : Job ID 25a336e87281481ea6379d80206f4854</span></button></div></a><div aria-labelledby="job_list___sub_heading_33_1" data-parent="#job_list___sub_accordion_33" class="collapse job_list___sub_multi_collapse" id="job_list___sub_collapse_33_1"><div class="card-body"><div class="work-item"><div class="alert alert-danger test-outcome" role="alert"><p>SURVIVED</p><p>worker outcome: normal</p><p>test outcome: survived</p></div></div><pre class="location"><a href="pycharm://open?file=stack4.py&amp;line=63" class="text-secondary"><button class="btn btn-outline-dark">stack4.py, start pos: (63, 25), end pos: (63, 27)</button></a></pre><pre>operator: core/ReplaceComparisonOperator_Eq_Is, occurrence: 0</pre><div class="alert alert-secondary"><pre class="diff">--- mutation diff ---
--- astack4.py
+++ bstack4.py
@@ -60,7 +60,7 @@
         """Return the node containing val."""
         curr = self.head
         while curr:
-            if curr.data == val:
+            if curr.data is val:
                 return curr
             curr = curr.next
 </pre></div><div class="alert alert-secondary"><pre class="diff">============================= test session starts ==============================
platform linux -- Python 3.10.10, pytest-7.2.1, pluggy-1.0.0
rootdir: /home/auri/temp/lucca/python_experiments/stack4
collected 17 items

MOSA/test_stack4_MOSA.py .................                               [100%]

============================== 17 passed in 0.04s ==============================
</pre></div></div></div></div></div><div class="mb-1" id="job_list___sub_accordion_34"><div class="card"><a data-toggle="collapse" data-target="#job_list___sub_collapse_34_1" aria-expanded="false" aria-controls="job_list___sub_collapse_34_1" href="#" class="job_list___sub_multi_heading"><div role="alert" class="card-header alert-danger" id="job_list___sub_heading_34_1"><button class="btn btn-outline-danger"><span class="job_id">34 : Job ID f19c4a366a0a4fa0ae077f8657c07a12</span></button></div></a><div aria-labelledby="job_list___sub_heading_34_1" data-parent="#job_list___sub_accordion_34" class="collapse job_list___sub_multi_collapse" id="job_list___sub_collapse_34_1"><div class="card-body"><div class="work-item"><div class="alert alert-danger test-outcome" role="alert"><p>SURVIVED</p><p>worker outcome: normal</p><p>test outcome: survived</p></div></div><pre class="location"><a href="pycharm://open?file=stack4.py&amp;line=74" class="text-secondary"><button class="btn btn-outline-dark">stack4.py, start pos: (74, 45), end pos: (74, 47)</button></a></pre><pre>operator: core/ReplaceComparisonOperator_Eq_Is, occurrence: 1</pre><div class="alert alert-secondary"><pre class="diff">--- mutation diff ---
--- astack4.py
+++ bstack4.py
@@ -71,7 +71,7 @@
             self.head = self.head.next
             self._length -= 1
         while curr:
-            if (curr.next and curr.next.data == val):
+            if (curr.next and curr.next.data is val):
                 curr.next = curr.next.next
                 self._length -= 1
             curr = curr.next</pre></div><div class="alert alert-secondary"><pre class="diff">============================= test session starts ==============================
platform linux -- Python 3.10.10, pytest-7.2.1, pluggy-1.0.0
rootdir: /home/auri/temp/lucca/python_experiments/stack4
collected 17 items

MOSA/test_stack4_MOSA.py .................                               [100%]

============================== 17 passed in 0.04s ==============================
</pre></div></div></div></div></div><div class="mb-1" id="job_list___sub_accordion_35"><div class="card"><a data-toggle="collapse" data-target="#job_list___sub_collapse_35_1" aria-expanded="false" aria-controls="job_list___sub_collapse_35_1" href="#" class="job_list___sub_multi_heading"><div role="alert" class="card-header alert-success" id="job_list___sub_heading_35_1"><button class="btn btn-outline-success"><span class="job_id">35 : Job ID caa2daeb9d7340f6973e2623b2fe7c0c</span></button></div></a><div aria-labelledby="job_list___sub_heading_35_1" data-parent="#job_list___sub_accordion_35" class="collapse job_list___sub_multi_collapse" id="job_list___sub_collapse_35_1"><div class="card-body"><div class="work-item"><div class="alert alert-success test-outcome" role="alert"><p>worker outcome: normal</p><p>test outcome: killed</p></div></div><pre class="location"><a href="pycharm://open?file=stack4.py&amp;line=63" class="text-secondary"><button class="btn btn-outline-dark">stack4.py, start pos: (63, 25), end pos: (63, 27)</button></a></pre><pre>operator: core/ReplaceComparisonOperator_Eq_IsNot, occurrence: 0</pre><div class="alert alert-secondary"><pre class="diff">--- mutation diff ---
--- astack4.py
+++ bstack4.py
@@ -60,7 +60,7 @@
         """Return the node containing val."""
         curr = self.head
         while curr:
-            if curr.data == val:
+            if curr.data is not val:
                 return curr
             curr = curr.next
 </pre></div><div class="alert alert-secondary"><pre class="diff">============================= test session starts ==============================
platform linux -- Python 3.10.10, pytest-7.2.1, pluggy-1.0.0
rootdir: /home/auri/temp/lucca/python_experiments/stack4
collected 17 items

MOSA/test_stack4_MOSA.py ......F..........                               [100%]

=========================== short test summary info ============================
FAILED MOSA/test_stack4_MOSA.py::test_case_6 - AssertionError: assert 'builti...
========================= 1 failed, 16 passed in 0.04s =========================
</pre></div></div></div></div></div><div class="mb-1" id="job_list___sub_accordion_36"><div class="card"><a data-toggle="collapse" data-target="#job_list___sub_collapse_36_1" aria-expanded="false" aria-controls="job_list___sub_collapse_36_1" href="#" class="job_list___sub_multi_heading"><div role="alert" class="card-header alert-danger" id="job_list___sub_heading_36_1"><button class="btn btn-outline-danger"><span class="job_id">36 : Job ID 7d90bb5111f84a25a50352e51b5c2e2f</span></button></div></a><div aria-labelledby="job_list___sub_heading_36_1" data-parent="#job_list___sub_accordion_36" class="collapse job_list___sub_multi_collapse" id="job_list___sub_collapse_36_1"><div class="card-body"><div class="work-item"><div class="alert alert-danger test-outcome" role="alert"><p>SURVIVED</p><p>worker outcome: normal</p><p>test outcome: survived</p></div></div><pre class="location"><a href="pycharm://open?file=stack4.py&amp;line=74" class="text-secondary"><button class="btn btn-outline-dark">stack4.py, start pos: (74, 45), end pos: (74, 47)</button></a></pre><pre>operator: core/ReplaceComparisonOperator_Eq_IsNot, occurrence: 1</pre><div class="alert alert-secondary"><pre class="diff">--- mutation diff ---
--- astack4.py
+++ bstack4.py
@@ -71,7 +71,7 @@
             self.head = self.head.next
             self._length -= 1
         while curr:
-            if (curr.next and curr.next.data == val):
+            if (curr.next and curr.next.data is not val):
                 curr.next = curr.next.next
                 self._length -= 1
             curr = curr.next</pre></div><div class="alert alert-secondary"><pre class="diff">============================= test session starts ==============================
platform linux -- Python 3.10.10, pytest-7.2.1, pluggy-1.0.0
rootdir: /home/auri/temp/lucca/python_experiments/stack4
collected 17 items

MOSA/test_stack4_MOSA.py .................                               [100%]

============================== 17 passed in 0.04s ==============================
</pre></div></div></div></div></div><div class="mb-1" id="job_list___sub_accordion_37"><div class="card"><a data-toggle="collapse" data-target="#job_list___sub_collapse_37_1" aria-expanded="false" aria-controls="job_list___sub_collapse_37_1" href="#" class="job_list___sub_multi_heading"><div role="alert" class="card-header alert-danger" id="job_list___sub_heading_37_1"><button class="btn btn-outline-danger"><span class="job_id">37 : Job ID fdc354c115a248e1bf3d6c714ee09b8e</span></button></div></a><div aria-labelledby="job_list___sub_heading_37_1" data-parent="#job_list___sub_accordion_37" class="collapse job_list___sub_multi_collapse" id="job_list___sub_collapse_37_1"><div class="card-body"><div class="work-item"><div class="alert alert-danger test-outcome" role="alert"><p>SURVIVED</p><p>worker outcome: normal</p><p>test outcome: survived</p></div></div><pre class="location"><a href="pycharm://open?file=stack4.py&amp;line=70" class="text-secondary"><button class="btn btn-outline-dark">stack4.py, start pos: (70, 24), end pos: (70, 26)</button></a></pre><pre>operator: core/ReplaceComparisonOperator_Is_Eq, occurrence: 0</pre><div class="alert alert-secondary"><pre class="diff">--- mutation diff ---
--- astack4.py
+++ bstack4.py
@@ -67,7 +67,7 @@
     def remove(self, val):
         """Remove node from list if exists."""
         curr = self.head
-        if curr and val is self.head.data:
+        if curr and val == self.head.data:
             self.head = self.head.next
             self._length -= 1
         while curr:</pre></div><div class="alert alert-secondary"><pre class="diff">============================= test session starts ==============================
platform linux -- Python 3.10.10, pytest-7.2.1, pluggy-1.0.0
rootdir: /home/auri/temp/lucca/python_experiments/stack4
collected 17 items

MOSA/test_stack4_MOSA.py .................                               [100%]

============================== 17 passed in 0.04s ==============================
</pre></div></div></div></div></div><div class="mb-1" id="job_list___sub_accordion_38"><div class="card"><a data-toggle="collapse" data-target="#job_list___sub_collapse_38_1" aria-expanded="false" aria-controls="job_list___sub_collapse_38_1" href="#" class="job_list___sub_multi_heading"><div role="alert" class="card-header alert-success" id="job_list___sub_heading_38_1"><button class="btn btn-outline-success"><span class="job_id">38 : Job ID 80d4b5c0ffb845cf9ee98be1f4ef07d6</span></button></div></a><div aria-labelledby="job_list___sub_heading_38_1" data-parent="#job_list___sub_accordion_38" class="collapse job_list___sub_multi_collapse" id="job_list___sub_collapse_38_1"><div class="card-body"><div class="work-item"><div class="alert alert-success test-outcome" role="alert"><p>worker outcome: normal</p><p>test outcome: killed</p></div></div><pre class="location"><a href="pycharm://open?file=stack4.py&amp;line=70" class="text-secondary"><button class="btn btn-outline-dark">stack4.py, start pos: (70, 24), end pos: (70, 26)</button></a></pre><pre>operator: core/ReplaceComparisonOperator_Is_NotEq, occurrence: 0</pre><div class="alert alert-secondary"><pre class="diff">--- mutation diff ---
--- astack4.py
+++ bstack4.py
@@ -67,7 +67,7 @@
     def remove(self, val):
         """Remove node from list if exists."""
         curr = self.head
-        if curr and val is self.head.data:
+        if curr and val != self.head.data:
             self.head = self.head.next
             self._length -= 1
         while curr:</pre></div><div class="alert alert-secondary"><pre class="diff">============================= test session starts ==============================
platform linux -- Python 3.10.10, pytest-7.2.1, pluggy-1.0.0
rootdir: /home/auri/temp/lucca/python_experiments/stack4
collected 17 items

MOSA/test_stack4_MOSA.py ...F.............                               [100%]

=========================== short test summary info ============================
FAILED MOSA/test_stack4_MOSA.py::test_case_3 - AssertionError: assert 'O' == '+'
========================= 1 failed, 16 passed in 0.04s =========================
</pre></div></div></div></div></div><div class="mb-1" id="job_list___sub_accordion_39"><div class="card"><a data-toggle="collapse" data-target="#job_list___sub_collapse_39_1" aria-expanded="false" aria-controls="job_list___sub_collapse_39_1" href="#" class="job_list___sub_multi_heading"><div role="alert" class="card-header alert-success" id="job_list___sub_heading_39_1"><button class="btn btn-outline-success"><span class="job_id">39 : Job ID a1e181443ffd4088b56533be328ddec7</span></button></div></a><div aria-labelledby="job_list___sub_heading_39_1" data-parent="#job_list___sub_accordion_39" class="collapse job_list___sub_multi_collapse" id="job_list___sub_collapse_39_1"><div class="card-body"><div class="work-item"><div class="alert alert-success test-outcome" role="alert"><p>worker outcome: normal</p><p>test outcome: killed</p></div></div><pre class="location"><a href="pycharm://open?file=stack4.py&amp;line=70" class="text-secondary"><button class="btn btn-outline-dark">stack4.py, start pos: (70, 24), end pos: (70, 26)</button></a></pre><pre>operator: core/ReplaceComparisonOperator_Is_Lt, occurrence: 0</pre><div class="alert alert-secondary"><pre class="diff">--- mutation diff ---
--- astack4.py
+++ bstack4.py
@@ -67,7 +67,7 @@
     def remove(self, val):
         """Remove node from list if exists."""
         curr = self.head
-        if curr and val is self.head.data:
+        if curr and val &lt; self.head.data:
             self.head = self.head.next
             self._length -= 1
         while curr:</pre></div><div class="alert alert-secondary"><pre class="diff">============================= test session starts ==============================
platform linux -- Python 3.10.10, pytest-7.2.1, pluggy-1.0.0
rootdir: /home/auri/temp/lucca/python_experiments/stack4
collected 17 items

MOSA/test_stack4_MOSA.py ...FFF........FFF                               [100%]

=========================== short test summary info ============================
FAILED MOSA/test_stack4_MOSA.py::test_case_3 - TypeError: '&lt;' not supported b...
FAILED MOSA/test_stack4_MOSA.py::test_case_4 - TypeError: '&lt;' not supported b...
FAILED MOSA/test_stack4_MOSA.py::test_case_5 - TypeError: '&lt;' not supported b...
FAILED MOSA/test_stack4_MOSA.py::test_case_14 - TypeError: '&lt;' not supported ...
FAILED MOSA/test_stack4_MOSA.py::test_case_15 - TypeError: '&lt;' not supported ...
FAILED MOSA/test_stack4_MOSA.py::test_case_16 - TypeError: '&lt;' not supported ...
========================= 6 failed, 11 passed in 0.05s =========================
</pre></div></div></div></div></div><div class="mb-1" id="job_list___sub_accordion_40"><div class="card"><a data-toggle="collapse" data-target="#job_list___sub_collapse_40_1" aria-expanded="false" aria-controls="job_list___sub_collapse_40_1" href="#" class="job_list___sub_multi_heading"><div role="alert" class="card-header alert-success" id="job_list___sub_heading_40_1"><button class="btn btn-outline-success"><span class="job_id">40 : Job ID 57956501980c4a419190a61eba030af0</span></button></div></a><div aria-labelledby="job_list___sub_heading_40_1" data-parent="#job_list___sub_accordion_40" class="collapse job_list___sub_multi_collapse" id="job_list___sub_collapse_40_1"><div class="card-body"><div class="work-item"><div class="alert alert-success test-outcome" role="alert"><p>worker outcome: normal</p><p>test outcome: killed</p></div></div><pre class="location"><a href="pycharm://open?file=stack4.py&amp;line=70" class="text-secondary"><button class="btn btn-outline-dark">stack4.py, start pos: (70, 24), end pos: (70, 26)</button></a></pre><pre>operator: core/ReplaceComparisonOperator_Is_LtE, occurrence: 0</pre><div class="alert alert-secondary"><pre class="diff">--- mutation diff ---
--- astack4.py
+++ bstack4.py
@@ -67,7 +67,7 @@
     def remove(self, val):
         """Remove node from list if exists."""
         curr = self.head
-        if curr and val is self.head.data:
+        if curr and val &lt;= self.head.data:
             self.head = self.head.next
             self._length -= 1
         while curr:</pre></div><div class="alert alert-secondary"><pre class="diff">============================= test session starts ==============================
platform linux -- Python 3.10.10, pytest-7.2.1, pluggy-1.0.0
rootdir: /home/auri/temp/lucca/python_experiments/stack4
collected 17 items

MOSA/test_stack4_MOSA.py ...FFF........FFF                               [100%]

=========================== short test summary info ============================
FAILED MOSA/test_stack4_MOSA.py::test_case_3 - TypeError: '&lt;=' not supported ...
FAILED MOSA/test_stack4_MOSA.py::test_case_4 - TypeError: '&lt;=' not supported ...
FAILED MOSA/test_stack4_MOSA.py::test_case_5 - TypeError: '&lt;=' not supported ...
FAILED MOSA/test_stack4_MOSA.py::test_case_14 - TypeError: '&lt;=' not supported...
FAILED MOSA/test_stack4_MOSA.py::test_case_15 - TypeError: '&lt;=' not supported...
FAILED MOSA/test_stack4_MOSA.py::test_case_16 - TypeError: '&lt;=' not supported...
========================= 6 failed, 11 passed in 0.05s =========================
</pre></div></div></div></div></div><div class="mb-1" id="job_list___sub_accordion_41"><div class="card"><a data-toggle="collapse" data-target="#job_list___sub_collapse_41_1" aria-expanded="false" aria-controls="job_list___sub_collapse_41_1" href="#" class="job_list___sub_multi_heading"><div role="alert" class="card-header alert-success" id="job_list___sub_heading_41_1"><button class="btn btn-outline-success"><span class="job_id">41 : Job ID b33e1ce76be543728a7d2b3436375a48</span></button></div></a><div aria-labelledby="job_list___sub_heading_41_1" data-parent="#job_list___sub_accordion_41" class="collapse job_list___sub_multi_collapse" id="job_list___sub_collapse_41_1"><div class="card-body"><div class="work-item"><div class="alert alert-success test-outcome" role="alert"><p>worker outcome: normal</p><p>test outcome: killed</p></div></div><pre class="location"><a href="pycharm://open?file=stack4.py&amp;line=70" class="text-secondary"><button class="btn btn-outline-dark">stack4.py, start pos: (70, 24), end pos: (70, 26)</button></a></pre><pre>operator: core/ReplaceComparisonOperator_Is_Gt, occurrence: 0</pre><div class="alert alert-secondary"><pre class="diff">--- mutation diff ---
--- astack4.py
+++ bstack4.py
@@ -67,7 +67,7 @@
     def remove(self, val):
         """Remove node from list if exists."""
         curr = self.head
-        if curr and val is self.head.data:
+        if curr and val &gt; self.head.data:
             self.head = self.head.next
             self._length -= 1
         while curr:</pre></div><div class="alert alert-secondary"><pre class="diff">============================= test session starts ==============================
platform linux -- Python 3.10.10, pytest-7.2.1, pluggy-1.0.0
rootdir: /home/auri/temp/lucca/python_experiments/stack4
collected 17 items

MOSA/test_stack4_MOSA.py ...FFF........FFF                               [100%]

=========================== short test summary info ============================
FAILED MOSA/test_stack4_MOSA.py::test_case_3 - TypeError: '&gt;' not supported b...
FAILED MOSA/test_stack4_MOSA.py::test_case_4 - TypeError: '&gt;' not supported b...
FAILED MOSA/test_stack4_MOSA.py::test_case_5 - TypeError: '&gt;' not supported b...
FAILED MOSA/test_stack4_MOSA.py::test_case_14 - TypeError: '&gt;' not supported ...
FAILED MOSA/test_stack4_MOSA.py::test_case_15 - TypeError: '&gt;' not supported ...
FAILED MOSA/test_stack4_MOSA.py::test_case_16 - TypeError: '&gt;' not supported ...
========================= 6 failed, 11 passed in 0.04s =========================
</pre></div></div></div></div></div><div class="mb-1" id="job_list___sub_accordion_42"><div class="card"><a data-toggle="collapse" data-target="#job_list___sub_collapse_42_1" aria-expanded="false" aria-controls="job_list___sub_collapse_42_1" href="#" class="job_list___sub_multi_heading"><div role="alert" class="card-header alert-success" id="job_list___sub_heading_42_1"><button class="btn btn-outline-success"><span class="job_id">42 : Job ID e1e222512e8941df80510e0ba1eb7b70</span></button></div></a><div aria-labelledby="job_list___sub_heading_42_1" data-parent="#job_list___sub_accordion_42" class="collapse job_list___sub_multi_collapse" id="job_list___sub_collapse_42_1"><div class="card-body"><div class="work-item"><div class="alert alert-success test-outcome" role="alert"><p>worker outcome: normal</p><p>test outcome: killed</p></div></div><pre class="location"><a href="pycharm://open?file=stack4.py&amp;line=70" class="text-secondary"><button class="btn btn-outline-dark">stack4.py, start pos: (70, 24), end pos: (70, 26)</button></a></pre><pre>operator: core/ReplaceComparisonOperator_Is_GtE, occurrence: 0</pre><div class="alert alert-secondary"><pre class="diff">--- mutation diff ---
--- astack4.py
+++ bstack4.py
@@ -67,7 +67,7 @@
     def remove(self, val):
         """Remove node from list if exists."""
         curr = self.head
-        if curr and val is self.head.data:
+        if curr and val &gt;= self.head.data:
             self.head = self.head.next
             self._length -= 1
         while curr:</pre></div><div class="alert alert-secondary"><pre class="diff">============================= test session starts ==============================
platform linux -- Python 3.10.10, pytest-7.2.1, pluggy-1.0.0
rootdir: /home/auri/temp/lucca/python_experiments/stack4
collected 17 items

MOSA/test_stack4_MOSA.py ...FFF........FFF                               [100%]

=========================== short test summary info ============================
FAILED MOSA/test_stack4_MOSA.py::test_case_3 - TypeError: '&gt;=' not supported ...
FAILED MOSA/test_stack4_MOSA.py::test_case_4 - TypeError: '&gt;=' not supported ...
FAILED MOSA/test_stack4_MOSA.py::test_case_5 - TypeError: '&gt;=' not supported ...
FAILED MOSA/test_stack4_MOSA.py::test_case_14 - TypeError: '&gt;=' not supported...
FAILED MOSA/test_stack4_MOSA.py::test_case_15 - TypeError: '&gt;=' not supported...
FAILED MOSA/test_stack4_MOSA.py::test_case_16 - TypeError: '&gt;=' not supported...
========================= 6 failed, 11 passed in 0.04s =========================
</pre></div></div></div></div></div><div class="mb-1" id="job_list___sub_accordion_43"><div class="card"><a data-toggle="collapse" data-target="#job_list___sub_collapse_43_1" aria-expanded="false" aria-controls="job_list___sub_collapse_43_1" href="#" class="job_list___sub_multi_heading"><div role="alert" class="card-header alert-success" id="job_list___sub_heading_43_1"><button class="btn btn-outline-success"><span class="job_id">43 : Job ID c9635048803944d7a33e0cc421b3e837</span></button></div></a><div aria-labelledby="job_list___sub_heading_43_1" data-parent="#job_list___sub_accordion_43" class="collapse job_list___sub_multi_collapse" id="job_list___sub_collapse_43_1"><div class="card-body"><div class="work-item"><div class="alert alert-success test-outcome" role="alert"><p>worker outcome: normal</p><p>test outcome: killed</p></div></div><pre class="location"><a href="pycharm://open?file=stack4.py&amp;line=70" class="text-secondary"><button class="btn btn-outline-dark">stack4.py, start pos: (70, 24), end pos: (70, 26)</button></a></pre><pre>operator: core/ReplaceComparisonOperator_Is_IsNot, occurrence: 0</pre><div class="alert alert-secondary"><pre class="diff">--- mutation diff ---
--- astack4.py
+++ bstack4.py
@@ -67,7 +67,7 @@
     def remove(self, val):
         """Remove node from list if exists."""
         curr = self.head
-        if curr and val is self.head.data:
+        if curr and val is not self.head.data:
             self.head = self.head.next
             self._length -= 1
         while curr:</pre></div><div class="alert alert-secondary"><pre class="diff">============================= test session starts ==============================
platform linux -- Python 3.10.10, pytest-7.2.1, pluggy-1.0.0
rootdir: /home/auri/temp/lucca/python_experiments/stack4
collected 17 items

MOSA/test_stack4_MOSA.py ...F.............                               [100%]

=========================== short test summary info ============================
FAILED MOSA/test_stack4_MOSA.py::test_case_3 - AssertionError: assert 'O' == '+'
========================= 1 failed, 16 passed in 0.04s =========================
</pre></div></div></div></div></div><div class="mb-1" id="job_list___sub_accordion_44"><div class="card"><a data-toggle="collapse" data-target="#job_list___sub_collapse_44_1" aria-expanded="false" aria-controls="job_list___sub_collapse_44_1" href="#" class="job_list___sub_multi_heading"><div role="alert" class="card-header alert-success" id="job_list___sub_heading_44_1"><button class="btn btn-outline-success"><span class="job_id">44 : Job ID a36a92282aa549d2a5429cf1f83ed752</span></button></div></a><div aria-labelledby="job_list___sub_heading_44_1" data-parent="#job_list___sub_accordion_44" class="collapse job_list___sub_multi_collapse" id="job_list___sub_collapse_44_1"><div class="card-body"><div class="work-item"><div class="alert alert-success test-outcome" role="alert"><p>worker outcome: normal</p><p>test outcome: killed</p></div></div><pre class="location"><a href="pycharm://open?file=stack4.py&amp;line=86" class="text-secondary"><button class="btn btn-outline-dark">stack4.py, start pos: (86, 24), end pos: (86, 25)</button></a></pre><pre>operator: core/ReplaceUnaryOperator_USub_UAdd, occurrence: 0</pre><div class="alert alert-secondary"><pre class="diff">--- mutation diff ---
--- astack4.py
+++ bstack4.py
@@ -83,7 +83,7 @@
         while curr:
             display += str(curr.data) + ', '
             curr = curr.next
-        return display[:-2] + ')'
+        return display[:+2] + ')'
 
 
 class Stack(object):</pre></div><div class="alert alert-secondary"><pre class="diff">============================= test session starts ==============================
platform linux -- Python 3.10.10, pytest-7.2.1, pluggy-1.0.0
rootdir: /home/auri/temp/lucca/python_experiments/stack4
collected 17 items

MOSA/test_stack4_MOSA.py .F.FFF...FF......                               [100%]

=========================== short test summary info ============================
FAILED MOSA/test_stack4_MOSA.py::test_case_1 - AssertionError: assert '(T)' =...
FAILED MOSA/test_stack4_MOSA.py::test_case_3 - AssertionError: assert '(+)' =...
FAILED MOSA/test_stack4_MOSA.py::test_case_4 - AssertionError: assert '(+)' =...
FAILED MOSA/test_stack4_MOSA.py::test_case_5 - AssertionError: assert '(+)' =...
FAILED MOSA/test_stack4_MOSA.py::test_case_9 - AssertionError: assert '(+)' =...
FAILED MOSA/test_stack4_MOSA.py::test_case_10 - AssertionError: assert '()' =...
========================= 6 failed, 11 passed in 0.06s =========================
</pre></div></div></div></div></div><div class="mb-1" id="job_list___sub_accordion_45"><div class="card"><a data-toggle="collapse" data-target="#job_list___sub_collapse_45_1" aria-expanded="false" aria-controls="job_list___sub_collapse_45_1" href="#" class="job_list___sub_multi_heading"><div role="alert" class="card-header alert-success" id="job_list___sub_heading_45_1"><button class="btn btn-outline-success"><span class="job_id">45 : Job ID 6d44844ead30412b97fc4f0103e9b538</span></button></div></a><div aria-labelledby="job_list___sub_heading_45_1" data-parent="#job_list___sub_accordion_45" class="collapse job_list___sub_multi_collapse" id="job_list___sub_collapse_45_1"><div class="card-body"><div class="work-item"><div class="alert alert-success test-outcome" role="alert"><p>worker outcome: normal</p><p>test outcome: killed</p></div></div><pre class="location"><a href="pycharm://open?file=stack4.py&amp;line=86" class="text-secondary"><button class="btn btn-outline-dark">stack4.py, start pos: (86, 24), end pos: (86, 25)</button></a></pre><pre>operator: core/ReplaceUnaryOperator_USub_Invert, occurrence: 0</pre><div class="alert alert-secondary"><pre class="diff">--- mutation diff ---
--- astack4.py
+++ bstack4.py
@@ -83,7 +83,7 @@
         while curr:
             display += str(curr.data) + ', '
             curr = curr.next
-        return display[:-2] + ')'
+        return display[:~2] + ')'
 
 
 class Stack(object):</pre></div><div class="alert alert-secondary"><pre class="diff">============================= test session starts ==============================
platform linux -- Python 3.10.10, pytest-7.2.1, pluggy-1.0.0
rootdir: /home/auri/temp/lucca/python_experiments/stack4
collected 17 items

MOSA/test_stack4_MOSA.py .F.FFF...F.......                               [100%]

=========================== short test summary info ============================
FAILED MOSA/test_stack4_MOSA.py::test_case_1 - AssertionError: assert '(Tru)'...
FAILED MOSA/test_stack4_MOSA.py::test_case_3 - AssertionError: assert '(+, O,...
FAILED MOSA/test_stack4_MOSA.py::test_case_4 - AssertionError: assert '(+, O,...
FAILED MOSA/test_stack4_MOSA.py::test_case_5 - AssertionError: assert '(+, O,...
FAILED MOSA/test_stack4_MOSA.py::test_case_9 - AssertionError: assert '(+, O,...
========================= 5 failed, 12 passed in 0.05s =========================
</pre></div></div></div></div></div><div class="mb-1" id="job_list___sub_accordion_46"><div class="card"><a data-toggle="collapse" data-target="#job_list___sub_collapse_46_1" aria-expanded="false" aria-controls="job_list___sub_collapse_46_1" href="#" class="job_list___sub_multi_heading"><div role="alert" class="card-header alert-success" id="job_list___sub_heading_46_1"><button class="btn btn-outline-success"><span class="job_id">46 : Job ID d128d712dde54bd18ae6211a0e524744</span></button></div></a><div aria-labelledby="job_list___sub_heading_46_1" data-parent="#job_list___sub_accordion_46" class="collapse job_list___sub_multi_collapse" id="job_list___sub_collapse_46_1"><div class="card-body"><div class="work-item"><div class="alert alert-success test-outcome" role="alert"><p>worker outcome: normal</p><p>test outcome: killed</p></div></div><pre class="location"><a href="pycharm://open?file=stack4.py&amp;line=86" class="text-secondary"><button class="btn btn-outline-dark">stack4.py, start pos: (86, 24), end pos: (86, 25)</button></a></pre><pre>operator: core/ReplaceUnaryOperator_USub_Not, occurrence: 0</pre><div class="alert alert-secondary"><pre class="diff">--- mutation diff ---
--- astack4.py
+++ bstack4.py
@@ -83,7 +83,7 @@
         while curr:
             display += str(curr.data) + ', '
             curr = curr.next
-        return display[:-2] + ')'
+        return display[:not 2] + ')'
 
 
 class Stack(object):</pre></div><div class="alert alert-secondary"><pre class="diff">============================= test session starts ==============================
platform linux -- Python 3.10.10, pytest-7.2.1, pluggy-1.0.0
rootdir: /home/auri/temp/lucca/python_experiments/stack4
collected 17 items

MOSA/test_stack4_MOSA.py .F.FFF...F.......                               [100%]

=========================== short test summary info ============================
FAILED MOSA/test_stack4_MOSA.py::test_case_1 - AssertionError: assert ')' == ...
FAILED MOSA/test_stack4_MOSA.py::test_case_3 - AssertionError: assert ')' == ...
FAILED MOSA/test_stack4_MOSA.py::test_case_4 - AssertionError: assert ')' == ...
FAILED MOSA/test_stack4_MOSA.py::test_case_5 - AssertionError: assert ')' == ...
FAILED MOSA/test_stack4_MOSA.py::test_case_9 - AssertionError: assert ')' == ...
========================= 5 failed, 12 passed in 0.05s =========================
</pre></div></div></div></div></div><div class="mb-1" id="job_list___sub_accordion_47"><div class="card"><a data-toggle="collapse" data-target="#job_list___sub_collapse_47_1" aria-expanded="false" aria-controls="job_list___sub_collapse_47_1" href="#" class="job_list___sub_multi_heading"><div role="alert" class="card-header alert-success" id="job_list___sub_heading_47_1"><button class="btn btn-outline-success"><span class="job_id">47 : Job ID 8ec193e44d59480290e07e21278e9092</span></button></div></a><div aria-labelledby="job_list___sub_heading_47_1" data-parent="#job_list___sub_accordion_47" class="collapse job_list___sub_multi_collapse" id="job_list___sub_collapse_47_1"><div class="card-body"><div class="work-item"><div class="alert alert-success test-outcome" role="alert"><p>worker outcome: normal</p><p>test outcome: killed</p></div></div><pre class="location"><a href="pycharm://open?file=stack4.py&amp;line=86" class="text-secondary"><button class="btn btn-outline-dark">stack4.py, start pos: (86, 24), end pos: (86, 25)</button></a></pre><pre>operator: core/ReplaceUnaryOperator_Delete_USub, occurrence: 0</pre><div class="alert alert-secondary"><pre class="diff">--- mutation diff ---
--- astack4.py
+++ bstack4.py
@@ -83,7 +83,7 @@
         while curr:
             display += str(curr.data) + ', '
             curr = curr.next
-        return display[:-2] + ')'
+        return display[:2] + ')'
 
 
 class Stack(object):</pre></div><div class="alert alert-secondary"><pre class="diff">============================= test session starts ==============================
platform linux -- Python 3.10.10, pytest-7.2.1, pluggy-1.0.0
rootdir: /home/auri/temp/lucca/python_experiments/stack4
collected 17 items

MOSA/test_stack4_MOSA.py .F.FFF...FF......                               [100%]

=========================== short test summary info ============================
FAILED MOSA/test_stack4_MOSA.py::test_case_1 - AssertionError: assert '(T)' =...
FAILED MOSA/test_stack4_MOSA.py::test_case_3 - AssertionError: assert '(+)' =...
FAILED MOSA/test_stack4_MOSA.py::test_case_4 - AssertionError: assert '(+)' =...
FAILED MOSA/test_stack4_MOSA.py::test_case_5 - AssertionError: assert '(+)' =...
FAILED MOSA/test_stack4_MOSA.py::test_case_9 - AssertionError: assert '(+)' =...
FAILED MOSA/test_stack4_MOSA.py::test_case_10 - AssertionError: assert '()' =...
========================= 6 failed, 11 passed in 0.05s =========================
</pre></div></div></div></div></div><div class="mb-1" id="job_list___sub_accordion_48"><div class="card"><a data-toggle="collapse" data-target="#job_list___sub_collapse_48_1" aria-expanded="false" aria-controls="job_list___sub_collapse_48_1" href="#" class="job_list___sub_multi_heading"><div role="alert" class="card-header alert-success" id="job_list___sub_heading_48_1"><button class="btn btn-outline-success"><span class="job_id">48 : Job ID b4ca314adc9b49e988740c3403a3fbe5</span></button></div></a><div aria-labelledby="job_list___sub_heading_48_1" data-parent="#job_list___sub_accordion_48" class="collapse job_list___sub_multi_collapse" id="job_list___sub_collapse_48_1"><div class="card-body"><div class="work-item"><div class="alert alert-success test-outcome" role="alert"><p>worker outcome: normal</p><p>test outcome: killed</p></div></div><pre class="location"><a href="pycharm://open?file=stack4.py&amp;line=48" class="text-secondary"><button class="btn btn-outline-dark">stack4.py, start pos: (48, 11), end pos: (48, 14)</button></a></pre><pre>operator: core/ReplaceUnaryOperator_Delete_Not, occurrence: 0</pre><div class="alert alert-secondary"><pre class="diff">--- mutation diff ---
--- astack4.py
+++ bstack4.py
@@ -45,7 +45,7 @@
 
     def pop(self):
         """Remove the first value and return it."""
-        if not self.head:
+        if  self.head:
             raise IndexError('Cannot pop from an empty list')
         to_return = self.head
         self.head = self.head.next</pre></div><div class="alert alert-secondary"><pre class="diff">============================= test session starts ==============================
platform linux -- Python 3.10.10, pytest-7.2.1, pluggy-1.0.0
rootdir: /home/auri/temp/lucca/python_experiments/stack4
collected 17 items

MOSA/test_stack4_MOSA.py ...F...........F.                               [100%]

=========================== short test summary info ============================
FAILED MOSA/test_stack4_MOSA.py::test_case_3 - IndexError: Cannot pop from an...
FAILED MOSA/test_stack4_MOSA.py::test_case_15 - IndexError: Cannot pop from a...
========================= 2 failed, 15 passed in 0.04s =========================
</pre></div></div></div></div></div><div class="mb-1" id="job_list___sub_accordion_49"><div class="card"><a data-toggle="collapse" data-target="#job_list___sub_collapse_49_1" aria-expanded="false" aria-controls="job_list___sub_collapse_49_1" href="#" class="job_list___sub_multi_heading"><div role="alert" class="card-header alert-success" id="job_list___sub_heading_49_1"><button class="btn btn-outline-success"><span class="job_id">49 : Job ID d77a27aa11c44862982571cf3c8967cf</span></button></div></a><div aria-labelledby="job_list___sub_heading_49_1" data-parent="#job_list___sub_accordion_49" class="collapse job_list___sub_multi_collapse" id="job_list___sub_collapse_49_1"><div class="card-body"><div class="work-item"><div class="alert alert-success test-outcome" role="alert"><p>worker outcome: normal</p><p>test outcome: killed</p></div></div><pre class="location"><a href="pycharm://open?file=stack4.py&amp;line=37" class="text-secondary"><button class="btn btn-outline-dark">stack4.py, start pos: (37, 15), end pos: (37, 19)</button></a></pre><pre>operator: core/AddNot, occurrence: 0</pre><div class="alert alert-secondary"><pre class="diff">--- mutation diff ---
--- astack4.py
+++ bstack4.py
@@ -34,7 +34,7 @@
             for val in data:
                 self.push(val)
         except TypeError:
-            if data:
+            if not data:
                 self.push(data)
 
     def push(self, val):</pre></div><div class="alert alert-secondary"><pre class="diff">============================= test session starts ==============================
platform linux -- Python 3.10.10, pytest-7.2.1, pluggy-1.0.0
rootdir: /home/auri/temp/lucca/python_experiments/stack4
collected 17 items

MOSA/test_stack4_MOSA.py FFF...FFF.F.F....                               [100%]

=========================== short test summary info ============================
FAILED MOSA/test_stack4_MOSA.py::test_case_0 - assert &lt;stack4.Node object at ...
FAILED MOSA/test_stack4_MOSA.py::test_case_1 - AssertionError: assert 'builti...
FAILED MOSA/test_stack4_MOSA.py::test_case_2 - assert &lt;stack4.Node object at ...
FAILED MOSA/test_stack4_MOSA.py::test_case_6 - assert &lt;stack4.Node object at ...
FAILED MOSA/test_stack4_MOSA.py::test_case_7 - assert &lt;stack4.Node object at ...
FAILED MOSA/test_stack4_MOSA.py::test_case_8 - assert &lt;stack4.Node object at ...
FAILED MOSA/test_stack4_MOSA.py::test_case_10 - assert &lt;stack4.Node object at...
FAILED MOSA/test_stack4_MOSA.py::test_case_12 - assert &lt;stack4.Node object at...
========================= 8 failed, 9 passed in 0.05s ==========================
</pre></div></div></div></div></div><div class="mb-1" id="job_list___sub_accordion_50"><div class="card"><a data-toggle="collapse" data-target="#job_list___sub_collapse_50_1" aria-expanded="false" aria-controls="job_list___sub_collapse_50_1" href="#" class="job_list___sub_multi_heading"><div role="alert" class="card-header alert-success" id="job_list___sub_heading_50_1"><button class="btn btn-outline-success"><span class="job_id">50 : Job ID fc1f7322041043778fcd9c7d0b074cad</span></button></div></a><div aria-labelledby="job_list___sub_heading_50_1" data-parent="#job_list___sub_accordion_50" class="collapse job_list___sub_multi_collapse" id="job_list___sub_collapse_50_1"><div class="card-body"><div class="work-item"><div class="alert alert-success test-outcome" role="alert"><p>worker outcome: normal</p><p>test outcome: killed</p></div></div><pre class="location"><a href="pycharm://open?file=stack4.py&amp;line=48" class="text-secondary"><button class="btn btn-outline-dark">stack4.py, start pos: (48, 11), end pos: (48, 24)</button></a></pre><pre>operator: core/AddNot, occurrence: 1</pre><div class="alert alert-secondary"><pre class="diff">--- mutation diff ---
--- astack4.py
+++ bstack4.py
@@ -45,7 +45,7 @@
 
     def pop(self):
         """Remove the first value and return it."""
-        if not self.head:
+        if not not self.head:
             raise IndexError('Cannot pop from an empty list')
         to_return = self.head
         self.head = self.head.next</pre></div><div class="alert alert-secondary"><pre class="diff">============================= test session starts ==============================
platform linux -- Python 3.10.10, pytest-7.2.1, pluggy-1.0.0
rootdir: /home/auri/temp/lucca/python_experiments/stack4
collected 17 items

MOSA/test_stack4_MOSA.py ...F...........F.                               [100%]

=========================== short test summary info ============================
FAILED MOSA/test_stack4_MOSA.py::test_case_3 - IndexError: Cannot pop from an...
FAILED MOSA/test_stack4_MOSA.py::test_case_15 - IndexError: Cannot pop from a...
========================= 2 failed, 15 passed in 0.04s =========================
</pre></div></div></div></div></div><div class="mb-1" id="job_list___sub_accordion_51"><div class="card"><a data-toggle="collapse" data-target="#job_list___sub_collapse_51_1" aria-expanded="false" aria-controls="job_list___sub_collapse_51_1" href="#" class="job_list___sub_multi_heading"><div role="alert" class="card-header alert-success" id="job_list___sub_heading_51_1"><button class="btn btn-outline-success"><span class="job_id">51 : Job ID fd454a7a14d945118b7bbf1908b9f1ff</span></button></div></a><div aria-labelledby="job_list___sub_heading_51_1" data-parent="#job_list___sub_accordion_51" class="collapse job_list___sub_multi_collapse" id="job_list___sub_collapse_51_1"><div class="card-body"><div class="work-item"><div class="alert alert-success test-outcome" role="alert"><p>worker outcome: normal</p><p>test outcome: killed</p></div></div><pre class="location"><a href="pycharm://open?file=stack4.py&amp;line=62" class="text-secondary"><button class="btn btn-outline-dark">stack4.py, start pos: (62, 14), end pos: (62, 18)</button></a></pre><pre>operator: core/AddNot, occurrence: 2</pre><div class="alert alert-secondary"><pre class="diff">--- mutation diff ---
--- astack4.py
+++ bstack4.py
@@ -59,7 +59,7 @@
     def search(self, val):
         """Return the node containing val."""
         curr = self.head
-        while curr:
+        while not curr:
             if curr.data == val:
                 return curr
             curr = curr.next</pre></div><div class="alert alert-secondary"><pre class="diff">============================= test session starts ==============================
platform linux -- Python 3.10.10, pytest-7.2.1, pluggy-1.0.0
rootdir: /home/auri/temp/lucca/python_experiments/stack4
collected 17 items

MOSA/test_stack4_MOSA.py ......FF.........                               [100%]

=========================== short test summary info ============================
FAILED MOSA/test_stack4_MOSA.py::test_case_6 - AssertionError: assert 'builti...
FAILED MOSA/test_stack4_MOSA.py::test_case_7 - AttributeError: 'NoneType' obj...
========================= 2 failed, 15 passed in 0.05s =========================
</pre></div></div></div></div></div><div class="mb-1" id="job_list___sub_accordion_52"><div class="card"><a data-toggle="collapse" data-target="#job_list___sub_collapse_52_1" aria-expanded="false" aria-controls="job_list___sub_collapse_52_1" href="#" class="job_list___sub_multi_heading"><div role="alert" class="card-header alert-success" id="job_list___sub_heading_52_1"><button class="btn btn-outline-success"><span class="job_id">52 : Job ID 24a58924c3174eb693161ecc8bf0a5c4</span></button></div></a><div aria-labelledby="job_list___sub_heading_52_1" data-parent="#job_list___sub_accordion_52" class="collapse job_list___sub_multi_collapse" id="job_list___sub_collapse_52_1"><div class="card-body"><div class="work-item"><div class="alert alert-success test-outcome" role="alert"><p>worker outcome: normal</p><p>test outcome: killed</p></div></div><pre class="location"><a href="pycharm://open?file=stack4.py&amp;line=63" class="text-secondary"><button class="btn btn-outline-dark">stack4.py, start pos: (63, 15), end pos: (63, 31)</button></a></pre><pre>operator: core/AddNot, occurrence: 3</pre><div class="alert alert-secondary"><pre class="diff">--- mutation diff ---
--- astack4.py
+++ bstack4.py
@@ -60,7 +60,7 @@
         """Return the node containing val."""
         curr = self.head
         while curr:
-            if curr.data == val:
+            if not curr.data == val:
                 return curr
             curr = curr.next
 </pre></div><div class="alert alert-secondary"><pre class="diff">============================= test session starts ==============================
platform linux -- Python 3.10.10, pytest-7.2.1, pluggy-1.0.0
rootdir: /home/auri/temp/lucca/python_experiments/stack4
collected 17 items

MOSA/test_stack4_MOSA.py ......F..........                               [100%]

=========================== short test summary info ============================
FAILED MOSA/test_stack4_MOSA.py::test_case_6 - AssertionError: assert 'builti...
========================= 1 failed, 16 passed in 0.04s =========================
</pre></div></div></div></div></div><div class="mb-1" id="job_list___sub_accordion_53"><div class="card"><a data-toggle="collapse" data-target="#job_list___sub_collapse_53_1" aria-expanded="false" aria-controls="job_list___sub_collapse_53_1" href="#" class="job_list___sub_multi_heading"><div role="alert" class="card-header alert-success" id="job_list___sub_heading_53_1"><button class="btn btn-outline-success"><span class="job_id">53 : Job ID f2463a1714b44c0bb158f8013f2d3e06</span></button></div></a><div aria-labelledby="job_list___sub_heading_53_1" data-parent="#job_list___sub_accordion_53" class="collapse job_list___sub_multi_collapse" id="job_list___sub_collapse_53_1"><div class="card-body"><div class="work-item"><div class="alert alert-success test-outcome" role="alert"><p>worker outcome: normal</p><p>test outcome: killed</p></div></div><pre class="location"><a href="pycharm://open?file=stack4.py&amp;line=70" class="text-secondary"><button class="btn btn-outline-dark">stack4.py, start pos: (70, 11), end pos: (70, 41)</button></a></pre><pre>operator: core/AddNot, occurrence: 4</pre><div class="alert alert-secondary"><pre class="diff">--- mutation diff ---
--- astack4.py
+++ bstack4.py
@@ -67,7 +67,7 @@
     def remove(self, val):
         """Remove node from list if exists."""
         curr = self.head
-        if curr and val is self.head.data:
+        if not curr and val is self.head.data:
             self.head = self.head.next
             self._length -= 1
         while curr:</pre></div><div class="alert alert-secondary"><pre class="diff">============================= test session starts ==============================
platform linux -- Python 3.10.10, pytest-7.2.1, pluggy-1.0.0
rootdir: /home/auri/temp/lucca/python_experiments/stack4
collected 17 items

MOSA/test_stack4_MOSA.py .......FF...F....                               [100%]

=========================== short test summary info ============================
FAILED MOSA/test_stack4_MOSA.py::test_case_7 - AttributeError: 'NoneType' obj...
FAILED MOSA/test_stack4_MOSA.py::test_case_8 - AttributeError: 'NoneType' obj...
FAILED MOSA/test_stack4_MOSA.py::test_case_12 - AttributeError: 'NoneType' ob...
========================= 3 failed, 14 passed in 0.04s =========================
</pre></div></div></div></div></div><div class="mb-1" id="job_list___sub_accordion_54"><div class="card"><a data-toggle="collapse" data-target="#job_list___sub_collapse_54_1" aria-expanded="false" aria-controls="job_list___sub_collapse_54_1" href="#" class="job_list___sub_multi_heading"><div role="alert" class="card-header alert-success" id="job_list___sub_heading_54_1"><button class="btn btn-outline-success"><span class="job_id">54 : Job ID 6d536f5272e84742b8b6ebd33ee2a729</span></button></div></a><div aria-labelledby="job_list___sub_heading_54_1" data-parent="#job_list___sub_accordion_54" class="collapse job_list___sub_multi_collapse" id="job_list___sub_collapse_54_1"><div class="card-body"><div class="work-item"><div class="alert alert-success test-outcome" role="alert"><p>worker outcome: normal</p><p>test outcome: killed</p></div></div><pre class="location"><a href="pycharm://open?file=stack4.py&amp;line=73" class="text-secondary"><button class="btn btn-outline-dark">stack4.py, start pos: (73, 14), end pos: (73, 18)</button></a></pre><pre>operator: core/AddNot, occurrence: 5</pre><div class="alert alert-secondary"><pre class="diff">--- mutation diff ---
--- astack4.py
+++ bstack4.py
@@ -70,7 +70,7 @@
         if curr and val is self.head.data:
             self.head = self.head.next
             self._length -= 1
-        while curr:
+        while not curr:
             if (curr.next and curr.next.data == val):
                 curr.next = curr.next.next
                 self._length -= 1</pre></div><div class="alert alert-secondary"><pre class="diff">============================= test session starts ==============================
platform linux -- Python 3.10.10, pytest-7.2.1, pluggy-1.0.0
rootdir: /home/auri/temp/lucca/python_experiments/stack4
collected 17 items

MOSA/test_stack4_MOSA.py .......FF...F....                               [100%]

=========================== short test summary info ============================
FAILED MOSA/test_stack4_MOSA.py::test_case_7 - AttributeError: 'NoneType' obj...
FAILED MOSA/test_stack4_MOSA.py::test_case_8 - AttributeError: 'NoneType' obj...
FAILED MOSA/test_stack4_MOSA.py::test_case_12 - AttributeError: 'NoneType' ob...
========================= 3 failed, 14 passed in 0.04s =========================
</pre></div></div></div></div></div><div class="mb-1" id="job_list___sub_accordion_55"><div class="card"><a data-toggle="collapse" data-target="#job_list___sub_collapse_55_1" aria-expanded="false" aria-controls="job_list___sub_collapse_55_1" href="#" class="job_list___sub_multi_heading"><div role="alert" class="card-header alert-success" id="job_list___sub_heading_55_1"><button class="btn btn-outline-success"><span class="job_id">55 : Job ID de70584ce3524ac9ab7d8957188eba71</span></button></div></a><div aria-labelledby="job_list___sub_heading_55_1" data-parent="#job_list___sub_accordion_55" class="collapse job_list___sub_multi_collapse" id="job_list___sub_collapse_55_1"><div class="card-body"><div class="work-item"><div class="alert alert-success test-outcome" role="alert"><p>worker outcome: normal</p><p>test outcome: killed</p></div></div><pre class="location"><a href="pycharm://open?file=stack4.py&amp;line=74" class="text-secondary"><button class="btn btn-outline-dark">stack4.py, start pos: (74, 15), end pos: (74, 52)</button></a></pre><pre>operator: core/AddNot, occurrence: 6</pre><div class="alert alert-secondary"><pre class="diff">--- mutation diff ---
--- astack4.py
+++ bstack4.py
@@ -71,7 +71,7 @@
             self.head = self.head.next
             self._length -= 1
         while curr:
-            if (curr.next and curr.next.data == val):
+            if not (curr.next and curr.next.data == val):
                 curr.next = curr.next.next
                 self._length -= 1
             curr = curr.next</pre></div><div class="alert alert-secondary"><pre class="diff">============================= test session starts ==============================
platform linux -- Python 3.10.10, pytest-7.2.1, pluggy-1.0.0
rootdir: /home/auri/temp/lucca/python_experiments/stack4
collected 17 items

MOSA/test_stack4_MOSA.py ...FFF...F....F..                               [100%]

=========================== short test summary info ============================
FAILED MOSA/test_stack4_MOSA.py::test_case_3 - AttributeError: 'NoneType' obj...
FAILED MOSA/test_stack4_MOSA.py::test_case_4 - AttributeError: 'NoneType' obj...
FAILED MOSA/test_stack4_MOSA.py::test_case_5 - AttributeError: 'NoneType' obj...
FAILED MOSA/test_stack4_MOSA.py::test_case_9 - AttributeError: 'NoneType' obj...
FAILED MOSA/test_stack4_MOSA.py::test_case_14 - AttributeError: 'NoneType' ob...
========================= 5 failed, 12 passed in 0.05s =========================
</pre></div></div></div></div></div><div class="mb-1" id="job_list___sub_accordion_56"><div class="card"><a data-toggle="collapse" data-target="#job_list___sub_collapse_56_1" aria-expanded="false" aria-controls="job_list___sub_collapse_56_1" href="#" class="job_list___sub_multi_heading"><div role="alert" class="card-header alert-success" id="job_list___sub_heading_56_1"><button class="btn btn-outline-success"><span class="job_id">56 : Job ID f9a62a82c666436d8f4f5bf7fb1a9e0f</span></button></div></a><div aria-labelledby="job_list___sub_heading_56_1" data-parent="#job_list___sub_accordion_56" class="collapse job_list___sub_multi_collapse" id="job_list___sub_collapse_56_1"><div class="card-body"><div class="work-item"><div class="alert alert-success test-outcome" role="alert"><p>worker outcome: normal</p><p>test outcome: killed</p></div></div><pre class="location"><a href="pycharm://open?file=stack4.py&amp;line=83" class="text-secondary"><button class="btn btn-outline-dark">stack4.py, start pos: (83, 14), end pos: (83, 18)</button></a></pre><pre>operator: core/AddNot, occurrence: 7</pre><div class="alert alert-secondary"><pre class="diff">--- mutation diff ---
--- astack4.py
+++ bstack4.py
@@ -80,7 +80,7 @@
         """Display list as a tuple."""
         curr = self.head
         display = '('
-        while curr:
+        while not curr:
             display += str(curr.data) + ', '
             curr = curr.next
         return display[:-2] + ')'</pre></div><div class="alert alert-secondary"><pre class="diff">============================= test session starts ==============================
platform linux -- Python 3.10.10, pytest-7.2.1, pluggy-1.0.0
rootdir: /home/auri/temp/lucca/python_experiments/stack4
collected 17 items

MOSA/test_stack4_MOSA.py .F.FFF...FF......                               [100%]

=========================== short test summary info ============================
FAILED MOSA/test_stack4_MOSA.py::test_case_1 - AssertionError: assert ')' == ...
FAILED MOSA/test_stack4_MOSA.py::test_case_3 - AssertionError: assert ')' == ...
FAILED MOSA/test_stack4_MOSA.py::test_case_4 - AssertionError: assert ')' == ...
FAILED MOSA/test_stack4_MOSA.py::test_case_5 - AssertionError: assert ')' == ...
FAILED MOSA/test_stack4_MOSA.py::test_case_9 - AssertionError: assert ')' == ...
FAILED MOSA/test_stack4_MOSA.py::test_case_10 - AttributeError: 'NoneType' ob...
========================= 6 failed, 11 passed in 0.04s =========================
</pre></div></div></div></div></div><div class="mb-1" id="job_list___sub_accordion_57"><div class="card"><a data-toggle="collapse" data-target="#job_list___sub_collapse_57_1" aria-expanded="false" aria-controls="job_list___sub_collapse_57_1" href="#" class="job_list___sub_multi_heading"><div role="alert" class="card-header alert-success" id="job_list___sub_heading_57_1"><button class="btn btn-outline-success"><span class="job_id">57 : Job ID c285263152f84400bf7c12db37a7521c</span></button></div></a><div aria-labelledby="job_list___sub_heading_57_1" data-parent="#job_list___sub_accordion_57" class="collapse job_list___sub_multi_collapse" id="job_list___sub_collapse_57_1"><div class="card-body"><div class="work-item"><div class="alert alert-success test-outcome" role="alert"><p>worker outcome: normal</p><p>test outcome: killed</p></div></div><pre class="location"><a href="pycharm://open?file=stack4.py&amp;line=70" class="text-secondary"><button class="btn btn-outline-dark">stack4.py, start pos: (70, 16), end pos: (70, 19)</button></a></pre><pre>operator: core/ReplaceAndWithOr, occurrence: 0</pre><div class="alert alert-secondary"><pre class="diff">--- mutation diff ---
--- astack4.py
+++ bstack4.py
@@ -67,7 +67,7 @@
     def remove(self, val):
         """Remove node from list if exists."""
         curr = self.head
-        if curr and val is self.head.data:
+        if curr or val is self.head.data:
             self.head = self.head.next
             self._length -= 1
         while curr:</pre></div><div class="alert alert-secondary"><pre class="diff">============================= test session starts ==============================
platform linux -- Python 3.10.10, pytest-7.2.1, pluggy-1.0.0
rootdir: /home/auri/temp/lucca/python_experiments/stack4
collected 17 items

MOSA/test_stack4_MOSA.py ...F...FF...F....                               [100%]

=========================== short test summary info ============================
FAILED MOSA/test_stack4_MOSA.py::test_case_3 - AssertionError: assert 'O' == '+'
FAILED MOSA/test_stack4_MOSA.py::test_case_7 - AttributeError: 'NoneType' obj...
FAILED MOSA/test_stack4_MOSA.py::test_case_8 - AttributeError: 'NoneType' obj...
FAILED MOSA/test_stack4_MOSA.py::test_case_12 - AttributeError: 'NoneType' ob...
========================= 4 failed, 13 passed in 0.04s =========================
</pre></div></div></div></div></div><div class="mb-1" id="job_list___sub_accordion_58"><div class="card"><a data-toggle="collapse" data-target="#job_list___sub_collapse_58_1" aria-expanded="false" aria-controls="job_list___sub_collapse_58_1" href="#" class="job_list___sub_multi_heading"><div role="alert" class="card-header alert-success" id="job_list___sub_heading_58_1"><button class="btn btn-outline-success"><span class="job_id">58 : Job ID 7c8462d59d8446eda7ca166d648a898f</span></button></div></a><div aria-labelledby="job_list___sub_heading_58_1" data-parent="#job_list___sub_accordion_58" class="collapse job_list___sub_multi_collapse" id="job_list___sub_collapse_58_1"><div class="card-body"><div class="work-item"><div class="alert alert-success test-outcome" role="alert"><p>worker outcome: normal</p><p>test outcome: killed</p></div></div><pre class="location"><a href="pycharm://open?file=stack4.py&amp;line=74" class="text-secondary"><button class="btn btn-outline-dark">stack4.py, start pos: (74, 26), end pos: (74, 29)</button></a></pre><pre>operator: core/ReplaceAndWithOr, occurrence: 1</pre><div class="alert alert-secondary"><pre class="diff">--- mutation diff ---
--- astack4.py
+++ bstack4.py
@@ -71,7 +71,7 @@
             self.head = self.head.next
             self._length -= 1
         while curr:
-            if (curr.next and curr.next.data == val):
+            if (curr.next or curr.next.data == val):
                 curr.next = curr.next.next
                 self._length -= 1
             curr = curr.next</pre></div><div class="alert alert-secondary"><pre class="diff">============================= test session starts ==============================
platform linux -- Python 3.10.10, pytest-7.2.1, pluggy-1.0.0
rootdir: /home/auri/temp/lucca/python_experiments/stack4
collected 17 items

MOSA/test_stack4_MOSA.py ...FFF...F....F.F                               [100%]

=========================== short test summary info ============================
FAILED MOSA/test_stack4_MOSA.py::test_case_3 - AttributeError: 'NoneType' obj...
FAILED MOSA/test_stack4_MOSA.py::test_case_4 - AttributeError: 'NoneType' obj...
FAILED MOSA/test_stack4_MOSA.py::test_case_5 - AttributeError: 'NoneType' obj...
FAILED MOSA/test_stack4_MOSA.py::test_case_9 - AttributeError: 'NoneType' obj...
FAILED MOSA/test_stack4_MOSA.py::test_case_14 - AttributeError: 'NoneType' ob...
FAILED MOSA/test_stack4_MOSA.py::test_case_16 - AttributeError: 'NoneType' ob...
========================= 6 failed, 11 passed in 0.04s =========================
</pre></div></div></div></div></div><div class="mb-1" id="job_list___sub_accordion_59"><div class="card"><a data-toggle="collapse" data-target="#job_list___sub_collapse_59_1" aria-expanded="false" aria-controls="job_list___sub_collapse_59_1" href="#" class="job_list___sub_multi_heading"><div role="alert" class="card-header alert-success" id="job_list___sub_heading_59_1"><button class="btn btn-outline-success"><span class="job_id">59 : Job ID eb304b5a503b4bcb80c4b7986038180c</span></button></div></a><div aria-labelledby="job_list___sub_heading_59_1" data-parent="#job_list___sub_accordion_59" class="collapse job_list___sub_multi_collapse" id="job_list___sub_collapse_59_1"><div class="card-body"><div class="work-item"><div class="alert alert-success test-outcome" role="alert"><p>worker outcome: normal</p><p>test outcome: killed</p></div></div><pre class="location"><a href="pycharm://open?file=stack4.py&amp;line=36" class="text-secondary"><button class="btn btn-outline-dark">stack4.py, start pos: (36, 15), end pos: (36, 24)</button></a></pre><pre>operator: core/ExceptionReplacer, occurrence: 0</pre><div class="alert alert-secondary"><pre class="diff">--- mutation diff ---
--- astack4.py
+++ bstack4.py
@@ -33,7 +33,7 @@
         try:
             for val in data:
                 self.push(val)
-        except TypeError:
+        except CosmicRayTestingException:
             if data:
                 self.push(data)
 </pre></div><div class="alert alert-secondary"><pre class="diff">============================= test session starts ==============================
platform linux -- Python 3.10.10, pytest-7.2.1, pluggy-1.0.0
rootdir: /home/auri/temp/lucca/python_experiments/stack4
collected 17 items

MOSA/test_stack4_MOSA.py FFFFF.FFFFFFFFF.F                               [100%]

=========================== short test summary info ============================
FAILED MOSA/test_stack4_MOSA.py::test_case_0 - NameError: name 'CosmicRayTest...
FAILED MOSA/test_stack4_MOSA.py::test_case_1 - NameError: name 'CosmicRayTest...
FAILED MOSA/test_stack4_MOSA.py::test_case_2 - NameError: name 'CosmicRayTest...
FAILED MOSA/test_stack4_MOSA.py::test_case_3 - NameError: name 'CosmicRayTest...
FAILED MOSA/test_stack4_MOSA.py::test_case_4 - NameError: name 'CosmicRayTest...
FAILED MOSA/test_stack4_MOSA.py::test_case_6 - NameError: name 'CosmicRayTest...
FAILED MOSA/test_stack4_MOSA.py::test_case_7 - NameError: name 'CosmicRayTest...
FAILED MOSA/test_stack4_MOSA.py::test_case_8 - NameError: name 'CosmicRayTest...
FAILED MOSA/test_stack4_MOSA.py::test_case_9 - NameError: name 'CosmicRayTest...
FAILED MOSA/test_stack4_MOSA.py::test_case_10 - NameError: name 'CosmicRayTes...
FAILED MOSA/test_stack4_MOSA.py::test_case_11 - NameError: name 'CosmicRayTes...
FAILED MOSA/test_stack4_MOSA.py::test_case_12 - NameError: name 'CosmicRayTes...
FAILED MOSA/test_stack4_MOSA.py::test_case_13 - NameError: name 'CosmicRayTes...
FAILED MOSA/test_stack4_MOSA.py::test_case_14 - NameError: name 'CosmicRayTes...
FAILED MOSA/test_stack4_MOSA.py::test_case_16 - NameError: name 'CosmicRayTes...
========================= 15 failed, 2 passed in 0.05s =========================
</pre></div></div></div></div></div><div class="mb-1" id="job_list___sub_accordion_60"><div class="card"><a data-toggle="collapse" data-target="#job_list___sub_collapse_60_1" aria-expanded="false" aria-controls="job_list___sub_collapse_60_1" href="#" class="job_list___sub_multi_heading"><div role="alert" class="card-header alert-success" id="job_list___sub_heading_60_1"><button class="btn btn-outline-success"><span class="job_id">60 : Job ID 5138573e805248e7b6ce1e58fd8473a2</span></button></div></a><div aria-labelledby="job_list___sub_heading_60_1" data-parent="#job_list___sub_accordion_60" class="collapse job_list___sub_multi_collapse" id="job_list___sub_collapse_60_1"><div class="card-body"><div class="work-item"><div class="alert alert-success test-outcome" role="alert"><p>worker outcome: normal</p><p>test outcome: killed</p></div></div><pre class="location"><a href="pycharm://open?file=stack4.py&amp;line=31" class="text-secondary"><button class="btn btn-outline-dark">stack4.py, start pos: (31, 23), end pos: (31, 24)</button></a></pre><pre>operator: core/NumberReplacer, occurrence: 0</pre><div class="alert alert-secondary"><pre class="diff">--- mutation diff ---
--- astack4.py
+++ bstack4.py
@@ -28,7 +28,7 @@
 
     def __init__(self, data=None):
         """Linked list initialized with head."""
-        self._length = 0
+        self._length = 1
         self.head = None
         try:
             for val in data:</pre></div><div class="alert alert-secondary"><pre class="diff">============================= test session starts ==============================
platform linux -- Python 3.10.10, pytest-7.2.1, pluggy-1.0.0
rootdir: /home/auri/temp/lucca/python_experiments/stack4
collected 17 items

MOSA/test_stack4_MOSA.py ............F....                               [100%]

=========================== short test summary info ============================
FAILED MOSA/test_stack4_MOSA.py::test_case_12 - assert 1 == 0
========================= 1 failed, 16 passed in 0.04s =========================
</pre></div></div></div></div></div><div class="mb-1" id="job_list___sub_accordion_61"><div class="card"><a data-toggle="collapse" data-target="#job_list___sub_collapse_61_1" aria-expanded="false" aria-controls="job_list___sub_collapse_61_1" href="#" class="job_list___sub_multi_heading"><div role="alert" class="card-header alert-success" id="job_list___sub_heading_61_1"><button class="btn btn-outline-success"><span class="job_id">61 : Job ID 82def21d701f47ddb37e2e0c3832e3a8</span></button></div></a><div aria-labelledby="job_list___sub_heading_61_1" data-parent="#job_list___sub_accordion_61" class="collapse job_list___sub_multi_collapse" id="job_list___sub_collapse_61_1"><div class="card-body"><div class="work-item"><div class="alert alert-success test-outcome" role="alert"><p>worker outcome: normal</p><p>test outcome: killed</p></div></div><pre class="location"><a href="pycharm://open?file=stack4.py&amp;line=31" class="text-secondary"><button class="btn btn-outline-dark">stack4.py, start pos: (31, 23), end pos: (31, 24)</button></a></pre><pre>operator: core/NumberReplacer, occurrence: 1</pre><div class="alert alert-secondary"><pre class="diff">--- mutation diff ---
--- astack4.py
+++ bstack4.py
@@ -28,7 +28,7 @@
 
     def __init__(self, data=None):
         """Linked list initialized with head."""
-        self._length = 0
+        self._length = -1
         self.head = None
         try:
             for val in data:</pre></div><div class="alert alert-secondary"><pre class="diff">============================= test session starts ==============================
platform linux -- Python 3.10.10, pytest-7.2.1, pluggy-1.0.0
rootdir: /home/auri/temp/lucca/python_experiments/stack4
collected 17 items

MOSA/test_stack4_MOSA.py ............F....                               [100%]

=========================== short test summary info ============================
FAILED MOSA/test_stack4_MOSA.py::test_case_12 - assert -1 == 0
========================= 1 failed, 16 passed in 0.04s =========================
</pre></div></div></div></div></div><div class="mb-1" id="job_list___sub_accordion_62"><div class="card"><a data-toggle="collapse" data-target="#job_list___sub_collapse_62_1" aria-expanded="false" aria-controls="job_list___sub_collapse_62_1" href="#" class="job_list___sub_multi_heading"><div role="alert" class="card-header alert-danger" id="job_list___sub_heading_62_1"><button class="btn btn-outline-danger"><span class="job_id">62 : Job ID 15c99db136fd4310a8869bc1ff3e13e9</span></button></div></a><div aria-labelledby="job_list___sub_heading_62_1" data-parent="#job_list___sub_accordion_62" class="collapse job_list___sub_multi_collapse" id="job_list___sub_collapse_62_1"><div class="card-body"><div class="work-item"><div class="alert alert-danger test-outcome" role="alert"><p>SURVIVED</p><p>worker outcome: normal</p><p>test outcome: survived</p></div></div><pre class="location"><a href="pycharm://open?file=stack4.py&amp;line=44" class="text-secondary"><button class="btn btn-outline-dark">stack4.py, start pos: (44, 24), end pos: (44, 25)</button></a></pre><pre>operator: core/NumberReplacer, occurrence: 2</pre><div class="alert alert-secondary"><pre class="diff">--- mutation diff ---
--- astack4.py
+++ bstack4.py
@@ -41,7 +41,7 @@
         """Insert a value at the head of the list."""
         old_head = self.head
         self.head = Node(val, old_head)
-        self._length += 1
+        self._length += 2
 
     def pop(self):
         """Remove the first value and return it."""</pre></div><div class="alert alert-secondary"><pre class="diff">============================= test session starts ==============================
platform linux -- Python 3.10.10, pytest-7.2.1, pluggy-1.0.0
rootdir: /home/auri/temp/lucca/python_experiments/stack4
collected 17 items

MOSA/test_stack4_MOSA.py .................                               [100%]

============================== 17 passed in 0.04s ==============================
</pre></div></div></div></div></div><div class="mb-1" id="job_list___sub_accordion_63"><div class="card"><a data-toggle="collapse" data-target="#job_list___sub_collapse_63_1" aria-expanded="false" aria-controls="job_list___sub_collapse_63_1" href="#" class="job_list___sub_multi_heading"><div role="alert" class="card-header alert-danger" id="job_list___sub_heading_63_1"><button class="btn btn-outline-danger"><span class="job_id">63 : Job ID df6739e613994115a2d48ab7e500e725</span></button></div></a><div aria-labelledby="job_list___sub_heading_63_1" data-parent="#job_list___sub_accordion_63" class="collapse job_list___sub_multi_collapse" id="job_list___sub_collapse_63_1"><div class="card-body"><div class="work-item"><div class="alert alert-danger test-outcome" role="alert"><p>SURVIVED</p><p>worker outcome: normal</p><p>test outcome: survived</p></div></div><pre class="location"><a href="pycharm://open?file=stack4.py&amp;line=44" class="text-secondary"><button class="btn btn-outline-dark">stack4.py, start pos: (44, 24), end pos: (44, 25)</button></a></pre><pre>operator: core/NumberReplacer, occurrence: 3</pre><div class="alert alert-secondary"><pre class="diff">--- mutation diff ---
--- astack4.py
+++ bstack4.py
@@ -41,7 +41,7 @@
         """Insert a value at the head of the list."""
         old_head = self.head
         self.head = Node(val, old_head)
-        self._length += 1
+        self._length += 0
 
     def pop(self):
         """Remove the first value and return it."""</pre></div><div class="alert alert-secondary"><pre class="diff">============================= test session starts ==============================
platform linux -- Python 3.10.10, pytest-7.2.1, pluggy-1.0.0
rootdir: /home/auri/temp/lucca/python_experiments/stack4
collected 17 items

MOSA/test_stack4_MOSA.py .................                               [100%]

============================== 17 passed in 0.04s ==============================
</pre></div></div></div></div></div><div class="mb-1" id="job_list___sub_accordion_64"><div class="card"><a data-toggle="collapse" data-target="#job_list___sub_collapse_64_1" aria-expanded="false" aria-controls="job_list___sub_collapse_64_1" href="#" class="job_list___sub_multi_heading"><div role="alert" class="card-header alert-danger" id="job_list___sub_heading_64_1"><button class="btn btn-outline-danger"><span class="job_id">64 : Job ID fbab2e21ef014a81b027d9ead9ccfc28</span></button></div></a><div aria-labelledby="job_list___sub_heading_64_1" data-parent="#job_list___sub_accordion_64" class="collapse job_list___sub_multi_collapse" id="job_list___sub_collapse_64_1"><div class="card-body"><div class="work-item"><div class="alert alert-danger test-outcome" role="alert"><p>SURVIVED</p><p>worker outcome: normal</p><p>test outcome: survived</p></div></div><pre class="location"><a href="pycharm://open?file=stack4.py&amp;line=52" class="text-secondary"><button class="btn btn-outline-dark">stack4.py, start pos: (52, 24), end pos: (52, 25)</button></a></pre><pre>operator: core/NumberReplacer, occurrence: 4</pre><div class="alert alert-secondary"><pre class="diff">--- mutation diff ---
--- astack4.py
+++ bstack4.py
@@ -49,7 +49,7 @@
             raise IndexError('Cannot pop from an empty list')
         to_return = self.head
         self.head = self.head.next
-        self._length -= 1
+        self._length -= 2
         return to_return.data
 
     def size(self):</pre></div><div class="alert alert-secondary"><pre class="diff">============================= test session starts ==============================
platform linux -- Python 3.10.10, pytest-7.2.1, pluggy-1.0.0
rootdir: /home/auri/temp/lucca/python_experiments/stack4
collected 17 items

MOSA/test_stack4_MOSA.py .................                               [100%]

============================== 17 passed in 0.04s ==============================
</pre></div></div></div></div></div><div class="mb-1" id="job_list___sub_accordion_65"><div class="card"><a data-toggle="collapse" data-target="#job_list___sub_collapse_65_1" aria-expanded="false" aria-controls="job_list___sub_collapse_65_1" href="#" class="job_list___sub_multi_heading"><div role="alert" class="card-header alert-danger" id="job_list___sub_heading_65_1"><button class="btn btn-outline-danger"><span class="job_id">65 : Job ID c963f37332124b1b82fa1de06498ef64</span></button></div></a><div aria-labelledby="job_list___sub_heading_65_1" data-parent="#job_list___sub_accordion_65" class="collapse job_list___sub_multi_collapse" id="job_list___sub_collapse_65_1"><div class="card-body"><div class="work-item"><div class="alert alert-danger test-outcome" role="alert"><p>SURVIVED</p><p>worker outcome: normal</p><p>test outcome: survived</p></div></div><pre class="location"><a href="pycharm://open?file=stack4.py&amp;line=52" class="text-secondary"><button class="btn btn-outline-dark">stack4.py, start pos: (52, 24), end pos: (52, 25)</button></a></pre><pre>operator: core/NumberReplacer, occurrence: 5</pre><div class="alert alert-secondary"><pre class="diff">--- mutation diff ---
--- astack4.py
+++ bstack4.py
@@ -49,7 +49,7 @@
             raise IndexError('Cannot pop from an empty list')
         to_return = self.head
         self.head = self.head.next
-        self._length -= 1
+        self._length -= 0
         return to_return.data
 
     def size(self):</pre></div><div class="alert alert-secondary"><pre class="diff">============================= test session starts ==============================
platform linux -- Python 3.10.10, pytest-7.2.1, pluggy-1.0.0
rootdir: /home/auri/temp/lucca/python_experiments/stack4
collected 17 items

MOSA/test_stack4_MOSA.py .................                               [100%]

============================== 17 passed in 0.05s ==============================
</pre></div></div></div></div></div><div class="mb-1" id="job_list___sub_accordion_66"><div class="card"><a data-toggle="collapse" data-target="#job_list___sub_collapse_66_1" aria-expanded="false" aria-controls="job_list___sub_collapse_66_1" href="#" class="job_list___sub_multi_heading"><div role="alert" class="card-header alert-danger" id="job_list___sub_heading_66_1"><button class="btn btn-outline-danger"><span class="job_id">66 : Job ID df762dce6e2849178900c6156f48e6ab</span></button></div></a><div aria-labelledby="job_list___sub_heading_66_1" data-parent="#job_list___sub_accordion_66" class="collapse job_list___sub_multi_collapse" id="job_list___sub_collapse_66_1"><div class="card-body"><div class="work-item"><div class="alert alert-danger test-outcome" role="alert"><p>SURVIVED</p><p>worker outcome: normal</p><p>test outcome: survived</p></div></div><pre class="location"><a href="pycharm://open?file=stack4.py&amp;line=72" class="text-secondary"><button class="btn btn-outline-dark">stack4.py, start pos: (72, 28), end pos: (72, 29)</button></a></pre><pre>operator: core/NumberReplacer, occurrence: 6</pre><div class="alert alert-secondary"><pre class="diff">--- mutation diff ---
--- astack4.py
+++ bstack4.py
@@ -69,7 +69,7 @@
         curr = self.head
         if curr and val is self.head.data:
             self.head = self.head.next
-            self._length -= 1
+            self._length -= 2
         while curr:
             if (curr.next and curr.next.data == val):
                 curr.next = curr.next.next</pre></div><div class="alert alert-secondary"><pre class="diff">============================= test session starts ==============================
platform linux -- Python 3.10.10, pytest-7.2.1, pluggy-1.0.0
rootdir: /home/auri/temp/lucca/python_experiments/stack4
collected 17 items

MOSA/test_stack4_MOSA.py .................                               [100%]

============================== 17 passed in 0.04s ==============================
</pre></div></div></div></div></div><div class="mb-1" id="job_list___sub_accordion_67"><div class="card"><a data-toggle="collapse" data-target="#job_list___sub_collapse_67_1" aria-expanded="false" aria-controls="job_list___sub_collapse_67_1" href="#" class="job_list___sub_multi_heading"><div role="alert" class="card-header alert-danger" id="job_list___sub_heading_67_1"><button class="btn btn-outline-danger"><span class="job_id">67 : Job ID c8616d3e49904e079425c6cd53a6770a</span></button></div></a><div aria-labelledby="job_list___sub_heading_67_1" data-parent="#job_list___sub_accordion_67" class="collapse job_list___sub_multi_collapse" id="job_list___sub_collapse_67_1"><div class="card-body"><div class="work-item"><div class="alert alert-danger test-outcome" role="alert"><p>SURVIVED</p><p>worker outcome: normal</p><p>test outcome: survived</p></div></div><pre class="location"><a href="pycharm://open?file=stack4.py&amp;line=72" class="text-secondary"><button class="btn btn-outline-dark">stack4.py, start pos: (72, 28), end pos: (72, 29)</button></a></pre><pre>operator: core/NumberReplacer, occurrence: 7</pre><div class="alert alert-secondary"><pre class="diff">--- mutation diff ---
--- astack4.py
+++ bstack4.py
@@ -69,7 +69,7 @@
         curr = self.head
         if curr and val is self.head.data:
             self.head = self.head.next
-            self._length -= 1
+            self._length -= 0
         while curr:
             if (curr.next and curr.next.data == val):
                 curr.next = curr.next.next</pre></div><div class="alert alert-secondary"><pre class="diff">============================= test session starts ==============================
platform linux -- Python 3.10.10, pytest-7.2.1, pluggy-1.0.0
rootdir: /home/auri/temp/lucca/python_experiments/stack4
collected 17 items

MOSA/test_stack4_MOSA.py .................                               [100%]

============================== 17 passed in 0.04s ==============================
</pre></div></div></div></div></div><div class="mb-1" id="job_list___sub_accordion_68"><div class="card"><a data-toggle="collapse" data-target="#job_list___sub_collapse_68_1" aria-expanded="false" aria-controls="job_list___sub_collapse_68_1" href="#" class="job_list___sub_multi_heading"><div role="alert" class="card-header alert-danger" id="job_list___sub_heading_68_1"><button class="btn btn-outline-danger"><span class="job_id">68 : Job ID 360f3fa54a934821a1e79739a87c0a58</span></button></div></a><div aria-labelledby="job_list___sub_heading_68_1" data-parent="#job_list___sub_accordion_68" class="collapse job_list___sub_multi_collapse" id="job_list___sub_collapse_68_1"><div class="card-body"><div class="work-item"><div class="alert alert-danger test-outcome" role="alert"><p>SURVIVED</p><p>worker outcome: normal</p><p>test outcome: survived</p></div></div><pre class="location"><a href="pycharm://open?file=stack4.py&amp;line=76" class="text-secondary"><button class="btn btn-outline-dark">stack4.py, start pos: (76, 32), end pos: (76, 33)</button></a></pre><pre>operator: core/NumberReplacer, occurrence: 8</pre><div class="alert alert-secondary"><pre class="diff">--- mutation diff ---
--- astack4.py
+++ bstack4.py
@@ -73,7 +73,7 @@
         while curr:
             if (curr.next and curr.next.data == val):
                 curr.next = curr.next.next
-                self._length -= 1
+                self._length -= 2
             curr = curr.next
 
     def display(self):</pre></div><div class="alert alert-secondary"><pre class="diff">============================= test session starts ==============================
platform linux -- Python 3.10.10, pytest-7.2.1, pluggy-1.0.0
rootdir: /home/auri/temp/lucca/python_experiments/stack4
collected 17 items

MOSA/test_stack4_MOSA.py .................                               [100%]

============================== 17 passed in 0.04s ==============================
</pre></div></div></div></div></div><div class="mb-1" id="job_list___sub_accordion_69"><div class="card"><a data-toggle="collapse" data-target="#job_list___sub_collapse_69_1" aria-expanded="false" aria-controls="job_list___sub_collapse_69_1" href="#" class="job_list___sub_multi_heading"><div role="alert" class="card-header alert-danger" id="job_list___sub_heading_69_1"><button class="btn btn-outline-danger"><span class="job_id">69 : Job ID 299914d3b1174a9cb6fc2dbef00d2334</span></button></div></a><div aria-labelledby="job_list___sub_heading_69_1" data-parent="#job_list___sub_accordion_69" class="collapse job_list___sub_multi_collapse" id="job_list___sub_collapse_69_1"><div class="card-body"><div class="work-item"><div class="alert alert-danger test-outcome" role="alert"><p>SURVIVED</p><p>worker outcome: normal</p><p>test outcome: survived</p></div></div><pre class="location"><a href="pycharm://open?file=stack4.py&amp;line=76" class="text-secondary"><button class="btn btn-outline-dark">stack4.py, start pos: (76, 32), end pos: (76, 33)</button></a></pre><pre>operator: core/NumberReplacer, occurrence: 9</pre><div class="alert alert-secondary"><pre class="diff">--- mutation diff ---
--- astack4.py
+++ bstack4.py
@@ -73,7 +73,7 @@
         while curr:
             if (curr.next and curr.next.data == val):
                 curr.next = curr.next.next
-                self._length -= 1
+                self._length -= 0
             curr = curr.next
 
     def display(self):</pre></div><div class="alert alert-secondary"><pre class="diff">============================= test session starts ==============================
platform linux -- Python 3.10.10, pytest-7.2.1, pluggy-1.0.0
rootdir: /home/auri/temp/lucca/python_experiments/stack4
collected 17 items

MOSA/test_stack4_MOSA.py .................                               [100%]

============================== 17 passed in 0.05s ==============================
</pre></div></div></div></div></div><div class="mb-1" id="job_list___sub_accordion_70"><div class="card"><a data-toggle="collapse" data-target="#job_list___sub_collapse_70_1" aria-expanded="false" aria-controls="job_list___sub_collapse_70_1" href="#" class="job_list___sub_multi_heading"><div role="alert" class="card-header alert-success" id="job_list___sub_heading_70_1"><button class="btn btn-outline-success"><span class="job_id">70 : Job ID 9e5c690b3dde4c7c863bb564bed6c136</span></button></div></a><div aria-labelledby="job_list___sub_heading_70_1" data-parent="#job_list___sub_accordion_70" class="collapse job_list___sub_multi_collapse" id="job_list___sub_collapse_70_1"><div class="card-body"><div class="work-item"><div class="alert alert-success test-outcome" role="alert"><p>worker outcome: normal</p><p>test outcome: killed</p></div></div><pre class="location"><a href="pycharm://open?file=stack4.py&amp;line=86" class="text-secondary"><button class="btn btn-outline-dark">stack4.py, start pos: (86, 25), end pos: (86, 26)</button></a></pre><pre>operator: core/NumberReplacer, occurrence: 10</pre><div class="alert alert-secondary"><pre class="diff">--- mutation diff ---
--- astack4.py
+++ bstack4.py
@@ -83,7 +83,7 @@
         while curr:
             display += str(curr.data) + ', '
             curr = curr.next
-        return display[:-2] + ')'
+        return display[:- 3] + ')'
 
 
 class Stack(object):</pre></div><div class="alert alert-secondary"><pre class="diff">============================= test session starts ==============================
platform linux -- Python 3.10.10, pytest-7.2.1, pluggy-1.0.0
rootdir: /home/auri/temp/lucca/python_experiments/stack4
collected 17 items

MOSA/test_stack4_MOSA.py .F.FFF...F.......                               [100%]

=========================== short test summary info ============================
FAILED MOSA/test_stack4_MOSA.py::test_case_1 - AssertionError: assert '(Tru)'...
FAILED MOSA/test_stack4_MOSA.py::test_case_3 - AssertionError: assert '(+, O,...
FAILED MOSA/test_stack4_MOSA.py::test_case_4 - AssertionError: assert '(+, O,...
FAILED MOSA/test_stack4_MOSA.py::test_case_5 - AssertionError: assert '(+, O,...
FAILED MOSA/test_stack4_MOSA.py::test_case_9 - AssertionError: assert '(+, O,...
========================= 5 failed, 12 passed in 0.05s =========================
</pre></div></div></div></div></div><div class="mb-1" id="job_list___sub_accordion_71"><div class="card"><a data-toggle="collapse" data-target="#job_list___sub_collapse_71_1" aria-expanded="false" aria-controls="job_list___sub_collapse_71_1" href="#" class="job_list___sub_multi_heading"><div role="alert" class="card-header alert-success" id="job_list___sub_heading_71_1"><button class="btn btn-outline-success"><span class="job_id">71 : Job ID c7904affba3f48cf9a9a86477828a05f</span></button></div></a><div aria-labelledby="job_list___sub_heading_71_1" data-parent="#job_list___sub_accordion_71" class="collapse job_list___sub_multi_collapse" id="job_list___sub_collapse_71_1"><div class="card-body"><div class="work-item"><div class="alert alert-success test-outcome" role="alert"><p>worker outcome: normal</p><p>test outcome: killed</p></div></div><pre class="location"><a href="pycharm://open?file=stack4.py&amp;line=86" class="text-secondary"><button class="btn btn-outline-dark">stack4.py, start pos: (86, 25), end pos: (86, 26)</button></a></pre><pre>operator: core/NumberReplacer, occurrence: 11</pre><div class="alert alert-secondary"><pre class="diff">--- mutation diff ---
--- astack4.py
+++ bstack4.py
@@ -83,7 +83,7 @@
         while curr:
             display += str(curr.data) + ', '
             curr = curr.next
-        return display[:-2] + ')'
+        return display[:- 1] + ')'
 
 
 class Stack(object):</pre></div><div class="alert alert-secondary"><pre class="diff">============================= test session starts ==============================
platform linux -- Python 3.10.10, pytest-7.2.1, pluggy-1.0.0
rootdir: /home/auri/temp/lucca/python_experiments/stack4
collected 17 items

MOSA/test_stack4_MOSA.py .F.FFF...F.......                               [100%]

=========================== short test summary info ============================
FAILED MOSA/test_stack4_MOSA.py::test_case_1 - AssertionError: assert '(True,...
FAILED MOSA/test_stack4_MOSA.py::test_case_3 - AssertionError: assert '(+, O,...
FAILED MOSA/test_stack4_MOSA.py::test_case_4 - AssertionError: assert '(+, O,...
FAILED MOSA/test_stack4_MOSA.py::test_case_5 - AssertionError: assert '(+, O,...
FAILED MOSA/test_stack4_MOSA.py::test_case_9 - AssertionError: assert '(+, O,...
========================= 5 failed, 12 passed in 0.05s =========================
</pre></div></div></div></div></div><div class="mb-1" id="job_list___sub_accordion_72"><div class="card"><a data-toggle="collapse" data-target="#job_list___sub_collapse_72_1" aria-expanded="false" aria-controls="job_list___sub_collapse_72_1" href="#" class="job_list___sub_multi_heading"><div role="alert" class="card-header alert-success" id="job_list___sub_heading_72_1"><button class="btn btn-outline-success"><span class="job_id">72 : Job ID db44a7ac1d2c4a1bae719c1ff8127664</span></button></div></a><div aria-labelledby="job_list___sub_heading_72_1" data-parent="#job_list___sub_accordion_72" class="collapse job_list___sub_multi_collapse" id="job_list___sub_collapse_72_1"><div class="card-body"><div class="work-item"><div class="alert alert-success test-outcome" role="alert"><p>worker outcome: normal</p><p>test outcome: killed</p></div></div><pre class="location"><a href="pycharm://open?file=stack4.py&amp;line=34" class="text-secondary"><button class="btn btn-outline-dark">stack4.py, start pos: (34, 23), end pos: (34, 27)</button></a></pre><pre>operator: core/ZeroIterationForLoop, occurrence: 0</pre><div class="alert alert-secondary"><pre class="diff">--- mutation diff ---
--- astack4.py
+++ bstack4.py
@@ -31,7 +31,7 @@
         self._length = 0
         self.head = None
         try:
-            for val in data:
+            for val in []:
                 self.push(val)
         except TypeError:
             if data:</pre></div><div class="alert alert-secondary"><pre class="diff">============================= test session starts ==============================
platform linux -- Python 3.10.10, pytest-7.2.1, pluggy-1.0.0
rootdir: /home/auri/temp/lucca/python_experiments/stack4
collected 17 items

MOSA/test_stack4_MOSA.py .F.FFF...F....FFF                               [100%]

=========================== short test summary info ============================
FAILED MOSA/test_stack4_MOSA.py::test_case_1 - AssertionError: assert 'builti...
FAILED MOSA/test_stack4_MOSA.py::test_case_3 - AssertionError: assert 'builti...
FAILED MOSA/test_stack4_MOSA.py::test_case_4 - AssertionError: assert 'builti...
FAILED MOSA/test_stack4_MOSA.py::test_case_5 - AssertionError: assert 'builti...
FAILED MOSA/test_stack4_MOSA.py::test_case_9 - AssertionError: assert 'builti...
FAILED MOSA/test_stack4_MOSA.py::test_case_14 - AssertionError: assert 'built...
FAILED MOSA/test_stack4_MOSA.py::test_case_15 - AssertionError: assert 'built...
FAILED MOSA/test_stack4_MOSA.py::test_case_16 - AssertionError: assert 'built...
========================= 8 failed, 9 passed in 0.06s ==========================
</pre></div></div></div></div></div></div></div></div></div></div><script src="https://code.jquery.com/jquery-3.3.1.slim.min.js" integrity="sha384-q8i/X+965DzO0rT7abK41JStQIAqVgRVzpbzo5smXKp4YfRvH+8abtTE1Pi6jizo" crossorigin="anonymous"></script><script src="https://cdnjs.cloudflare.com/ajax/libs/popper.js/1.14.7/umd/popper.min.js" integrity="sha384-UO2eT0CpHqdSJQ6hJty5KVphtPhzWj9WO1clHTMGa3JDZwrnQq4sF86dIHNDz0W1" crossorigin="anonymous"></script><script src="https://stackpath.bootstrapcdn.com/bootstrap/4.3.1/js/bootstrap.min.js" integrity="sha384-JjSmVgyd0p3pXB1rRibZUAYoIIy6OrQ6VrjIEaFf/nJGzIxFDsf4x0xIM+B07jRM" crossorigin="anonymous"></script><script type="text/javascript">$('div.job_list___sub_multi_collapse').on('shown.bs.collapse',  function () {    correct_behavior_functional_buttons();  });$('div.job_list___sub_multi_collapse').on('hidden.bs.collapse',  function () {    correct_behavior_functional_buttons();  });function correct_behavior_functional_buttons() {    var expand = false;    var collapse = false;    $('a.job_list___sub_multi_heading').each(function(index) {      if ($(this).attr('aria-expanded') == 'false') {        expand = true;        return false;      };    });    $('a.job_list___sub_multi_heading').each(function(index) {      if ($(this).attr('aria-expanded') == 'true') {        collapse = true;        return false;      };    });    if (expand) {      $('div#job_item_expand_all').css('display', 'inline-block');    } else {      $('div#job_item_expand_all').css('display', 'none');    };    if (collapse) {      $('div#job_item_collapse_all').css('display', 'inline-block');    } else {      $('div#job_item_collapse_all').css('display', 'none');    };  };correct_behavior_functional_buttons();</script></body></html>
